00:00:56 72.16   51.35   75.54   85.78
00:01:59 72.16   51.24   75.54   85.55
00:03:02 72.28   51.13   75.43   85.44
00:04:06 72.05   51.13   75.43   85.21
00:05:09 72.16   51.13   75.54   84.99
00:06:16 72.16   51.24   75.76   84.76
00:07:19 72.05   51.13   75.88   84.54
00:08:26 72.05   51.24   75.76   84.43
00:09:29 72.05   51.13   75.76   84.31
00:10:33 72.05   51.13   75.76   84.20
00:11:36 72.05   51.13   75.65   83.97
00:12:39 72.05   51.13   75.31   83.86
00:13:43 71.94   51.24   75.65   83.75
00:14:46 72.05   51.01   75.65   83.53
00:15:49 71.94   51.01   75.54   83.30
00:16:53 72.05   51.01   75.65   83.30
00:17:56 71.94   51.13   75.65   83.19
00:19:00 71.94   51.01   75.76   83.08
00:20:03 71.94   50.90   75.88   82.85
00:21:06 71.94   50.90   75.76   82.74
00:22:10 71.94   50.90   75.76   82.51
00:23:13 71.83   50.90   75.54   82.51
00:24:16 71.94   50.90   75.54   82.51
00:25:20 71.94   50.79   75.65   82.29
00:26:23 71.94   50.90   75.76   82.18
00:27:26 71.94   50.90   75.76   82.06
00:28:30 71.83   50.79   75.54   82.06
00:29:33 71.83   50.79   75.43   81.95
00:30:36 71.83   50.90   75.76   81.95
00:31:40 71.83   50.90   75.65   81.72
00:32:43 71.83   50.79   75.31   81.72
00:33:46 71.83   50.79   75.54   81.61
00:34:50 71.83   50.67   75.65   81.50
00:35:53 71.83   50.67   75.65   81.39
00:36:56 71.83   50.79   75.43   81.28
00:38:00 71.71   50.67   75.31   81.16
00:39:03 71.71   61.92   75.20   81.05
00:40:06 71.94   62.60   75.43   81.05
00:41:10 72.05   63.16   75.65   81.05
00:42:13 72.28   63.61   75.31   81.05
00:43:16 72.28   64.40   75.43   81.05
00:44:20 72.28   65.41   75.31   80.94
00:45:23 72.39   66.43   75.09   80.94
00:46:26 72.39   59.00   75.54   80.94
00:47:30 72.39   54.39   75.65   80.71
00:48:33 72.28   53.38   75.54   80.71
00:49:37 72.16   52.81   75.54   80.60
00:50:40 72.16   52.59   75.54   80.60
00:51:43 72.05   52.25   75.31   80.49
00:52:47 72.05   52.14   75.43   80.38
00:53:50 71.94   51.91   75.43   80.38
00:54:53 71.94   51.80   75.54   80.26
00:55:57 71.94   51.58   75.65   80.26
00:57:00 71.94   51.58   75.54   80.26
00:58:03 71.83   51.35   75.65   80.26
00:59:07 71.83   51.13   75.76   80.15
01:00:10 71.83   62.49   75.65   80.04
01:01:13 72.05   62.94   75.43   80.26
01:02:17 72.16   63.84   75.65   80.15
01:03:20 72.28   64.74   75.54   79.93
01:04:23 72.28   65.86   75.65   79.93
01:05:27 72.39   67.10   75.76   80.04
01:06:30 72.39   68.68   75.43   80.04
01:07:33 72.61   69.80   75.54   80.04
01:08:40 72.50   71.04   75.54   80.04
01:09:44 72.61   59.34   75.43   80.04
01:10:54 72.50   54.50   75.65   79.93
01:11:57 72.50   53.49   75.54   79.93
01:13:01 72.28   53.04   75.43   80.04
01:14:04 72.16   52.70   75.43   79.93
01:15:11 72.05   52.59   75.65   79.93
01:16:14 71.94   52.25   75.76   79.81
01:17:21 71.94   52.14   75.88   79.81
01:18:24 71.94   62.83   75.88   79.70
01:19:28 72.16   63.84   75.76   79.70
01:20:31 72.28   65.19   75.99   79.59
01:21:34 72.39   66.65   75.76   79.70
01:22:38 72.39   69.01   75.76   79.70
01:23:41 72.39   71.38   75.65   79.70
01:24:44 72.50   72.72   75.76   79.70
01:25:48 72.61   73.51   75.99   79.70
01:26:51 72.61   74.08   75.76   79.93
01:27:55 72.84   74.41   75.88   79.93
01:28:58 72.84   74.64   76.10   79.93
01:30:01 72.95   74.86   75.99   79.93
01:31:05 73.06   75.09   75.99   80.04
01:32:08 73.18   75.09   75.99   80.15
01:33:11 73.18   75.20   75.99   80.15
01:34:15 73.18   75.31   75.88   80.15
01:35:18 73.29   75.54   75.88   80.15
01:36:21 73.29   75.54   76.10   80.15
01:37:32 73.40   75.54   75.76   80.15
01:38:35 73.40   74.97   76.10   80.15
01:39:38 73.40   58.89   76.10   80.26
01:40:42 73.29   55.40   75.88   80.15
01:41:45 73.06   54.50   76.10   80.15
01:42:48 72.95   53.94   76.21   80.15
01:43:52 72.61   53.15   76.33   80.15
01:44:55 72.61   53.26   76.44   80.04
01:45:58 72.50   63.61   76.44   80.04
01:47:02 72.61   65.75   76.55   79.93
01:48:05 72.61   67.55   76.55   79.93
01:49:08 72.72   71.38   76.55   79.93
01:50:15 72.84   73.74   76.55   79.93
01:51:19 72.84   74.75   76.44   80.04
01:52:22 72.95   75.09   76.33   80.04
01:53:25 73.06   75.31   76.21   80.04
01:54:29 73.06   75.43   76.21   80.15
01:55:32 73.29   75.54   76.21   80.26
01:56:35 73.18   75.65   76.21   80.49
01:57:46 73.40   75.76   76.33   80.49
01:58:49 73.40   75.76   76.66   80.49
01:59:52 73.40   75.76   76.78   80.38
02:00:56 73.40   75.88   76.44   80.38
02:01:59 73.51   75.88   76.55   80.38
02:03:02 73.51   75.88   76.55   80.26
02:04:06 73.63   75.99   76.66   80.38
02:05:09 73.51   75.99   76.44   80.49
02:06:12 73.63   76.10   76.55   80.49
02:07:16 73.63   76.10   76.44   80.49
02:08:19 73.63   76.10   76.55   80.60
02:09:23 73.74   76.10   76.55   80.60
02:10:26 73.74   76.21   76.33   80.60
02:11:29 73.74   76.21   76.78   80.60
02:12:33 73.74   76.21   76.66   80.60
02:13:36 73.85   76.21   76.89   80.60
02:14:39 73.85   76.21   76.44   80.71
02:15:43 73.85   76.21   76.55   80.71
02:16:46 73.85   76.33   77.00   80.83
02:17:49 73.85   76.33   76.78   80.94
02:18:53 73.96   76.33   76.66   80.94
02:19:56 73.96   76.33   77.00   80.94
02:21:03 73.96   76.44   76.89   80.94
02:22:06 73.96   76.44   76.89   81.05
02:23:10 73.96   76.44   76.66   81.05
02:24:13 73.96   76.44   77.00   80.94
02:25:16 73.96   76.44   77.11   80.83
02:26:20 74.08   76.44   76.89   80.94
02:27:23 73.96   76.44   77.00   81.05
02:28:26 74.08   76.44   77.00   80.94
02:29:30 73.96   76.55   77.11   81.05
02:30:33 74.08   76.55   77.11   81.05
02:31:36 74.08   76.55   77.45   81.16
02:32:40 74.08   76.55   77.22   81.28
02:33:43 74.08   76.55   77.22   81.05
02:34:46 74.08   76.55   77.11   81.05
02:35:50 74.08   76.55   77.34   80.94
02:36:56 74.08   76.55   77.22   81.05
02:38:00 74.19   76.55   77.11   81.05
02:39:03 74.08   76.66   77.00   81.05
02:40:07 74.19   76.66   77.22   81.39
02:41:10 74.19   76.66   77.34   81.39
02:42:13 74.08   76.78   77.34   81.50
02:43:17 74.19   76.66   77.34   81.39
02:44:20 74.19   76.66   77.34   81.50
02:45:23 74.19   76.78   77.34   81.50
02:46:27 74.19   76.78   77.45   81.61
02:47:30 74.19   76.78   77.34   81.61
02:48:33 74.30   76.78   77.56   81.61
02:49:37 74.30   76.78   77.34   81.50
02:50:40 74.19   76.89   77.34   81.50
02:51:43 74.30   76.78   77.56   81.50
02:52:47 74.30   76.89   77.56   81.50
02:53:50 74.30   76.78   77.34   81.50
02:54:53 74.30   76.89   77.45   81.61
02:56:04 74.30   76.89   77.45   81.61
02:57:07 74.41   76.89   77.45   81.72
02:58:10 74.30   76.89   77.45   81.61
02:59:14 74.30   76.89   77.68   81.72
03:00:21 74.41   76.89   77.68   81.84
03:01:24 74.41   76.89   77.79   81.84
03:02:27 74.41   77.00   77.68   81.72
03:03:31 74.41   77.00   77.56   81.61
03:04:34 74.53   77.00   77.68   81.61
03:05:37 74.41   77.00   78.01   81.61
03:06:41 74.53   77.11   77.56   81.72
03:07:44 74.53   77.11   77.68   81.72
03:08:47 74.53   77.11   78.01   81.84
03:09:51 74.53   77.11   77.79   81.84
03:10:54 74.41   77.11   77.56   81.84
03:11:57 74.53   77.11   77.79   81.72
03:13:01 74.53   77.11   77.79   81.84
03:14:04 74.53   77.11   77.90   81.84
03:15:07 74.53   77.11   77.79   81.84
03:16:11 74.53   77.11   78.13   81.84
03:17:14 74.53   77.11   77.90   81.84
03:18:18 74.53   77.22   77.68   81.84
03:19:21 74.53   77.22   77.90   81.95
03:20:24 74.64   77.22   77.90   81.95
03:21:31 74.53   77.22   78.01   81.84
03:22:34 74.53   77.22   78.35   81.95
03:23:38 74.53   77.22   78.01   81.95
03:24:41 74.64   77.22   78.13   82.06
03:25:44 74.64   77.22   78.01   82.06
03:26:48 74.53   77.34   77.90   82.06
03:27:51 74.64   77.34   78.01   82.29
03:28:54 74.64   77.34   77.90   82.29
03:29:58 74.64   77.34   77.68   82.29
03:31:01 74.64   77.34   78.01   82.29
03:32:04 74.64   77.34   78.01   82.40
03:33:08 74.64   77.34   78.01   82.29
03:34:11 74.75   77.34   77.90   82.40
03:35:15 74.64   77.34   78.13   82.40
03:36:18 74.75   77.34   78.46   82.40
03:37:21 74.75   77.34   78.13   82.40
03:38:25 74.75   77.34   78.24   82.40
03:39:28 74.75   77.34   78.13   82.29
03:40:31 74.75   77.34   78.24   82.40
03:41:35 74.75   77.34   78.24   82.40
03:42:38 74.75   77.34   78.35   82.51
03:43:41 74.75   77.45   78.24   82.51
03:44:45 74.75   77.45   78.35   82.63
03:45:48 74.86   77.34   78.35   82.51
03:46:51 74.86   77.34   77.90   82.51
03:47:55 74.75   77.34   78.24   82.51
03:48:58 74.86   77.45   78.01   82.51
03:50:01 74.86   77.45   78.35   82.40
03:51:05 74.86   77.45   78.24   82.40
03:52:08 74.97   77.56   78.01   82.40
03:53:11 74.86   77.56   78.58   82.29
03:54:15 74.86   77.56   78.58   82.40
03:55:18 74.86   77.56   78.58   82.40
03:56:21 74.86   77.56   78.35   82.51
03:57:25 74.86   77.68   78.24   82.51
03:58:28 74.86   77.68   78.35   82.51
03:59:31 74.86   77.79   78.35   82.63
04:00:35 74.86   77.79   78.46   82.63
04:01:38 74.86   77.79   78.80   82.74
04:02:41 74.86   77.90   78.46   82.85
04:03:45 74.97   77.90   78.35   82.85
04:04:48 74.97   77.90   78.58   82.74
04:05:51 74.97   77.79   78.80   82.85
04:06:55 74.97   77.79   78.69   82.74
04:07:58 74.97   77.79   78.69   82.74
04:09:02 74.97   77.79   78.80   82.74
04:10:05 74.97   77.90   78.46   82.63
04:11:08 74.97   77.90   78.69   82.74
04:12:12 74.97   77.90   78.91   82.74
04:13:15 74.97   77.90   78.80   82.74
04:14:18 74.97   77.90   79.03   82.96
04:15:22 74.97   77.90   78.80   82.85
04:16:25 74.97   73.40   78.69   82.85
04:17:28 74.97   60.46   78.69   82.85
04:18:32 74.86   57.42   78.80   82.74
04:19:35 74.75   56.75   78.91   82.74
04:20:38 74.53   56.30   79.14   82.74
04:21:42 74.30   56.08   78.80   82.63
04:22:45 74.19   59.67   78.91   82.51
04:23:48 74.08   66.76   78.80   82.40
04:24:52 74.19   68.11   78.58   82.51
04:25:55 74.19   70.81   78.35   82.51
04:26:58 74.30   72.61   78.46   82.40
04:28:02 74.30   74.97   78.46   82.40
04:29:05 74.41   76.44   78.69   82.40
04:30:08 74.53   77.11   78.58   82.51
04:31:12 74.41   77.34   78.58   82.51
04:32:15 74.64   77.45   78.58   82.51
04:33:18 74.64   77.56   78.58   82.63
04:34:22 74.64   77.56   78.35   82.74
04:35:25 74.75   77.68   78.46   82.74
04:36:28 74.75   77.68   78.58   82.74
04:37:32 74.75   77.68   78.46   82.74
04:38:35 74.75   77.79   78.69   82.74
04:39:38 74.86   77.79   78.46   82.63
04:40:42 74.86   77.90   78.58   82.63
04:41:45 74.86   77.90   78.80   82.63
04:42:49 74.86   77.90   78.46   82.51
04:43:52 74.86   77.90   78.80   82.63
04:44:55 74.86   78.01   78.69   82.85
04:45:59 74.97   77.90   78.80   82.85
04:47:02 74.97   77.90   78.80   82.85
04:48:05 74.97   61.14   78.80   82.85
04:49:09 74.86   57.65   78.69   82.74
04:50:12 74.75   56.86   78.91   82.63
04:51:15 74.41   56.53   78.91   82.51
04:52:19 74.30   56.30   78.80   82.51
04:53:22 74.19   55.74   78.69   82.40
04:54:25 74.08   59.67   78.80   82.40
04:55:29 74.08   66.43   78.80   82.40
04:56:32 74.08   67.78   78.58   82.29
04:57:35 74.19   69.80   78.58   82.40
04:58:39 74.30   71.94   78.58   82.40
04:59:42 74.30   73.85   78.46   82.51
05:00:45 74.41   75.88   78.46   82.51
05:01:49 74.41   76.89   78.46   82.63
05:02:52 74.53   77.22   78.58   82.63
05:03:55 74.64   77.45   78.46   94.33
05:04:59 74.75   77.56   78.58   106.03
05:06:02 74.75   77.68   78.69   108.73
05:07:05 74.86   77.68   78.80   109.51
05:08:09 74.86   77.79   78.69   109.63
05:09:12 74.86   77.79   78.35   109.96
05:10:15 74.86   77.90   78.58   109.85
05:11:19 74.97   74.30   78.91   110.64
05:12:22 75.09   60.35   78.80   111.65
05:13:26 74.97   57.65   78.80   112.10
05:14:29 74.86   56.98   78.69   112.55
05:15:32 74.75   56.64   78.80   112.89
05:16:36 74.53   56.08   78.91   112.33
05:17:39 74.41   55.63   78.80   111.54
05:18:42 74.30   55.51   78.80   110.64
05:19:46 74.30   57.20   78.58   109.85
05:20:49 74.30   66.20   78.91   108.95
05:21:56 74.41   67.66   78.91   113.45
05:22:59 74.41   68.90   78.80   114.13
05:24:02 74.41   70.93   78.58   113.56
05:25:06 74.53   72.28   78.58   112.55
05:26:09 74.53   73.85   78.69   111.54
05:27:13 74.64   75.99   78.80   110.53
05:28:16 74.64   77.11   78.46   109.63
05:29:19 74.75   77.45   78.80   108.84
05:30:23 74.75   77.68   78.58   108.05
05:31:26 74.86   73.74   78.80   107.26
05:32:29 74.86   60.24   78.69   106.48
05:33:36 74.75   57.65   78.80   105.69
05:34:39 74.64   57.09   78.91   104.90
05:35:43 74.41   56.64   78.69   104.23
05:36:46 74.41   56.41   78.58   104.11
05:37:49 74.30   56.19   78.69   103.55
05:38:53 74.19   55.96   78.80   102.99
05:39:56 74.08   55.63   78.69   102.31
05:41:00 74.08   55.29   78.69   101.64
05:42:03 74.08   65.30   78.58   101.08
05:43:06 74.08   67.10   78.46   100.63
05:44:10 74.19   67.89   78.46   100.18
05:45:13 74.30   68.79   78.46   99.61
05:46:16 74.30   70.14   78.58   99.73
05:47:20 74.30   71.71   78.69   99.84
05:48:23 74.41   73.06   78.58   99.39
05:49:26 74.53   74.19   78.80   98.94
05:50:30 74.64   73.85   78.69   98.60
05:51:33 74.53   60.91   78.69   98.26
05:52:36 74.53   57.54   78.69   97.81
05:53:40 74.41   57.09   78.58   97.14
05:54:43 74.30   56.64   78.80   96.69
05:55:46 74.19   56.41   78.46   96.24
05:56:50 73.96   56.19   78.80   95.68
05:57:53 73.96   55.74   78.69   95.34
05:58:56 73.96   55.40   78.46   94.89
06:00:00 73.85   55.29   78.69   94.55
06:01:03 73.85   54.84   78.24   94.10
06:02:06 73.85   54.50   78.35   93.65
06:03:10 73.85   54.16   78.58   93.43
06:04:13 73.74   63.39   78.46   93.09
06:05:16 73.85   65.19   78.35   92.64
06:06:20 73.96   66.76   78.69   92.41
06:07:23 74.08   67.66   78.46   92.19
06:08:26 74.19   68.22   78.58   91.85
06:09:30 74.19   69.35   78.35   91.51
06:10:33 74.30   70.93   78.35   91.29
06:11:36 74.19   66.09   78.46   91.06
06:12:40 74.30   59.45   78.24   90.84
06:13:43 74.19   57.09   78.13   90.61
06:14:47 74.08   56.64   78.24   90.16
06:15:50 73.96   56.30   78.58   89.94
06:16:57 73.85   55.51   78.46   89.60
06:18:00 73.85   55.40   78.35   89.38
06:19:03 73.74   54.95   78.35   89.15
06:20:07 73.63   55.06   78.35   88.93
06:21:10 73.63   54.61   78.35   88.59
06:22:13 73.74   54.28   78.35   88.47
06:23:17 73.63   54.05   77.90   88.25
06:24:20 73.74   53.94   78.13   88.03
06:25:23 73.63   53.94   78.13   87.91
06:26:27 73.51   53.49   78.01   87.80
06:27:30 73.40   53.38   78.01   87.58
06:28:34 73.40   53.60   77.90   87.46
06:29:37 73.40   53.49   77.68   87.24
06:30:40 73.40   53.49   78.01   87.01
06:31:44 73.40   59.56   78.01   86.90
06:32:50 73.40   63.95   77.90   86.68
06:33:54 73.51   65.19   77.68   86.56
06:35:01 73.74   65.97   78.01   86.34
06:36:04 73.74   66.88   78.01   86.34
06:37:07 73.85   67.66   78.01   86.22
06:38:11 73.85   62.94   78.01   86.11
06:39:14 73.85   57.76   78.13   86.00
06:40:17 73.74   56.41   77.90   85.89
06:41:21 73.63   55.85   78.01   85.66
06:42:24 73.51   55.74   78.01   85.44
06:43:27 73.51   55.17   78.13   85.33
06:44:31 73.51   54.61   78.01   85.21
06:45:34 73.29   54.16   78.24   85.21
06:46:37 73.29   54.16   78.01   85.10
06:47:41 73.29   53.60   78.13   84.88
06:48:44 73.29   53.38   78.13   84.76
06:49:47 73.18   53.38   78.13   84.65
06:50:51 73.18   53.26   78.01   84.54
06:51:54 73.18   53.38   77.90   84.43
06:52:57 73.18   53.04   78.01   84.43
06:54:01 73.18   53.04   77.68   84.20
06:55:04 73.06   53.04   77.56   84.09
06:56:08 73.06   52.59   77.56   83.86
06:57:11 72.95   52.70   77.68   83.75
06:58:14 73.06   52.59   77.79   83.75
06:59:18 72.95   52.59   77.68   83.64
07:00:21 72.95   52.36   77.68   83.75
07:01:24 72.95   52.48   77.56   83.64
07:02:28 72.95   52.25   77.56   83.64
07:03:31 72.95   52.36   77.45   83.53
07:04:34 72.84   52.25   77.68   83.41
07:05:38 72.84   52.14   77.68   83.30
07:06:41 72.84   52.25   77.22   83.19
07:07:44 72.84   52.14   77.22   83.08
07:08:48 72.84   52.25   77.11   82.96
07:09:51 72.84   52.14   77.56   82.85
07:10:54 72.72   51.91   77.34   82.85
07:11:58 72.84   52.14   77.45   82.85
07:13:01 72.84   52.03   77.34   82.74
07:14:04 72.72   52.14   77.00   82.63
07:15:08 72.72   52.03   77.34   82.51
07:16:11 72.72   52.03   77.22   82.51
07:17:14 72.72   51.80   77.34   82.40
07:18:18 72.72   51.80   77.22   82.40
07:19:21 72.72   51.91   77.00   82.40
07:20:24 72.61   52.03   77.11   82.18
07:21:28 72.61   51.91   77.22   82.06
07:22:31 72.61   51.80   77.34   82.18
07:23:34 72.61   51.91   76.78   82.06
07:24:38 72.50   51.80   77.34   82.06
07:25:41 72.61   51.69   77.00   81.95
07:26:45 72.50   51.58   77.00   81.84
07:27:48 72.50   51.69   77.11   81.84
07:28:51 72.39   51.58   77.11   81.72
07:29:55 72.50   51.46   76.66   81.72
07:30:58 72.39   51.58   77.00   81.61
07:32:01 72.39   51.46   76.89   81.61
07:33:05 72.39   51.69   76.78   81.61
07:34:08 72.28   51.58   76.78   81.50
07:35:11 72.39   51.46   77.00   81.50
07:36:15 72.50   51.58   76.89   81.50
07:37:18 72.39   51.46   76.78   81.39
07:38:21 72.39   51.58   77.00   81.16
07:39:25 72.50   51.35   77.11   81.16
07:40:28 72.39   51.46   76.66   81.16
07:41:31 72.50   51.46   77.00   81.05
07:42:38 72.50   51.46   76.89   81.05
07:43:42 72.39   51.35   76.66   81.05
07:44:45 72.39   51.46   76.89   81.05
07:45:48 72.28   51.24   77.00   80.94
07:46:52 72.28   51.35   76.66   80.94
07:47:55 72.39   51.35   76.89   80.94
07:48:58 72.39   51.24   76.89   80.83
07:50:02 72.28   51.24   76.66   80.71
07:51:05 72.39   62.71   76.66   80.71
07:52:08 72.61   62.94   76.66   80.71
07:53:12 72.72   63.61   76.55   80.71
07:54:15 72.84   63.95   76.78   80.83
07:55:18 72.84   64.51   76.78   80.60
07:56:22 72.95   63.73   76.66   80.60
07:57:25 72.95   57.76   76.89   80.60
07:58:28 72.84   54.50   77.00   80.60
07:59:32 72.72   53.83   76.66   80.60
08:00:35 72.72   53.15   76.78   80.60
08:01:38 72.50   53.04   76.66   80.60
08:02:49 72.50   52.48   76.78   80.60
08:03:52 72.39   52.36   76.78   80.60
08:04:55 72.39   52.14   76.44   80.49
08:05:59 72.39   52.25   76.44   80.38
08:07:02 72.39   52.03   76.66   80.38
08:08:05 72.39   51.69   76.55   80.38
08:09:09 72.28   51.46   76.44   80.26
08:10:12 72.28   51.24   76.78   80.26
08:11:16 72.28   51.35   76.21   80.15
08:12:19 72.28   51.24   76.44   80.26
08:13:22 72.16   51.24   76.10   80.38
08:14:26 72.28   51.13   76.44   80.38
08:15:29 72.28   51.13   76.55   80.26
08:16:32 72.28   51.13   76.21   80.26
08:17:36 72.05   51.13   76.55   80.26
08:18:39 72.16   51.13   76.78   80.15
08:19:42 72.05   51.01   76.78   80.26
08:20:46 72.05   51.13   76.66   80.26
08:21:49 72.05   51.01   76.21   80.15
08:22:52 72.05   50.90   76.21   80.15
08:23:56 72.05   51.13   76.55   80.15
08:24:59 72.05   51.01   76.21   80.04
08:26:02 71.94   62.60   76.44   80.04
08:27:06 72.16   62.71   76.33   80.04
08:28:09 72.39   63.39   76.33   80.04
08:29:12 72.39   63.84   76.10   80.04
08:30:16 72.50   64.40   76.21   80.04
08:31:19 72.72   64.96   76.21   79.93
08:32:22 72.72   65.30   76.33   79.93
08:33:26 72.72   58.89   76.33   80.04
08:34:29 72.72   54.84   76.44   79.81
08:35:32 72.50   54.05   76.44   79.93
08:36:36 72.39   53.60   76.55   80.04
08:37:39 72.39   52.70   76.21   80.04
08:38:42 72.28   52.36   76.33   79.93
08:39:46 72.16   52.36   76.33   79.81
08:40:49 72.16   52.25   76.44   79.81
08:41:52 72.16   51.80   76.44   79.81
08:42:59 72.05   51.80   76.21   79.70
08:44:03 72.16   51.91   76.55   79.70
08:45:06 72.16   51.69   76.21   79.70
08:46:09 72.05   51.58   76.10   79.70
08:47:13 72.05   51.35   76.10   79.70
08:48:16 71.94   55.51   75.99   79.70
08:49:19 72.05   62.49   76.10   79.81
08:50:23 72.28   63.50   76.10   79.81
08:51:33 72.39   64.18   76.10   79.93
08:52:36 72.39   64.96   76.33   79.93
08:53:40 72.50   65.64   76.10   79.93
08:54:43 72.61   66.31   76.33   79.81
08:55:47 72.61   67.10   76.21   79.81
08:56:50 72.72   60.69   75.88   79.81
08:57:53 72.61   55.40   76.33   79.81
08:58:57 72.50   54.39   76.10   79.93
09:00:00 72.39   53.71   76.21   79.70
09:01:03 72.39   53.04   76.66   79.70
09:02:07 72.39   63.16   76.78   79.70
09:03:10 72.39   65.41   76.66   79.59
09:04:13 72.61   66.99   76.21   79.70
09:05:17 72.61   68.56   76.55   79.81
09:06:23 72.72   70.03   76.55   79.93
09:07:27 72.84   71.38   76.55   79.81
09:08:30 72.95   72.50   76.21   79.93
09:09:34 72.95   73.29   76.78   80.04
09:10:37 73.06   73.96   76.66   80.15
09:11:44 73.18   74.41   76.78   80.26
09:12:47 73.18   74.64   76.66   80.38
09:13:50 73.29   74.86   76.55   80.38
09:14:54 73.40   75.09   76.66   80.38
09:15:57 73.40   75.20   76.55   80.38
09:17:00 73.51   75.43   77.11   80.49
09:18:04 73.51   75.54   76.78   80.49
09:19:07 73.63   75.65   77.11   80.49
09:20:10 73.63   75.65   76.78   80.49
09:21:14 73.63   75.65   77.00   80.49
09:22:17 73.63   75.76   77.34   80.49
09:23:21 73.63   75.88   77.45   80.49
09:24:24 73.74   75.99   77.11   80.60
09:25:27 73.74   75.99   77.22   80.60
09:26:31 73.74   76.10   77.22   80.60
09:27:34 73.85   76.10   77.22   80.60
09:28:37 73.85   76.21   77.11   80.71
09:29:41 73.85   76.21   77.34   80.83
09:30:44 73.85   76.21   77.56   80.83
09:31:47 73.96   76.21   77.11   80.83
09:32:51 73.96   76.33   77.22   80.94
09:33:54 73.96   76.33   77.45   80.94
09:34:57 73.96   76.44   77.34   80.94
09:36:01 74.08   76.33   77.45   80.83
09:37:04 74.08   76.33   78.01   80.94
09:38:07 74.08   76.44   77.79   80.94
09:39:11 74.08   76.44   77.68   81.05
09:40:14 74.08   76.44   77.45   81.05
09:41:17 74.08   76.55   77.68   81.16
09:42:21 74.19   76.44   77.56   81.16
09:43:24 74.08   76.44   77.56   81.16
09:44:27 74.19   76.55   77.22   81.28
09:45:31 74.30   76.55   77.68   81.28
09:46:34 74.30   76.55   77.45   81.28
09:47:37 74.30   76.55   77.68   81.28
09:48:41 74.30   76.66   77.90   81.28
09:49:44 74.30   76.66   78.01   81.28
09:50:47 74.30   76.66   77.90   81.28
09:51:51 74.30   76.78   78.24   81.28
09:52:54 74.30   76.78   78.13   81.39
09:53:57 74.41   76.78   77.90   81.39
09:55:01 74.41   76.78   78.13   81.39
09:56:04 74.41   76.89   78.24   81.39
09:57:08 74.41   76.89   78.35   81.39
09:58:11 74.41   76.89   78.24   81.39
09:59:14 74.53   76.89   78.24   81.50
10:00:18 74.53   76.89   78.35   81.61
10:01:21 74.53   76.89   78.58   81.61
10:02:24 74.41   76.89   78.58   81.61
10:03:28 74.53   76.89   78.58   81.61
10:04:31 74.53   76.89   78.46   81.72
10:05:34 74.53   76.89   78.58   81.84
10:06:38 74.53   77.00   78.35   81.84
10:07:41 74.64   77.00   78.58   81.72
10:08:44 74.64   77.00   78.58   81.72
10:09:48 74.53   77.00   78.46   81.84
10:10:51 74.64   77.00   78.58   81.84
10:11:54 74.64   77.00   78.58   81.84
10:12:58 74.64   77.00   78.46   81.95
10:14:01 74.64   77.00   78.13   82.06
10:15:04 74.64   77.00   78.24   82.06
10:16:08 74.64   77.00   78.35   82.06
10:17:11 74.64   77.00   78.01   81.95
10:18:14 74.64   77.11   78.46   81.95
10:19:18 74.75   77.11   78.35   82.06
10:20:21 74.64   77.11   78.46   82.06
10:21:24 74.75   77.11   78.46   82.18
10:22:28 74.75   77.11   78.80   82.18
10:23:31 74.75   77.11   78.35   82.18
10:24:34 74.75   77.11   78.35   82.06
10:25:38 74.75   77.11   78.69   82.29
10:26:41 74.86   77.11   78.46   82.29
10:27:44 74.86   77.22   78.80   82.29
10:28:48 74.86   77.22   78.58   82.29
10:29:51 74.86   77.22   78.80   82.29
10:30:55 74.86   77.22   78.91   82.51
10:31:58 74.97   77.22   78.58   82.40
10:33:01 74.97   77.22   78.46   82.40
10:34:08 75.09   77.34   78.46   82.40
10:35:11 75.09   77.34   78.69   82.40
10:36:15 74.97   77.34   78.69   82.40
10:37:18 75.09   77.45   78.69   82.51
10:38:21 75.09   77.34   78.58   82.63
10:39:25 75.09   77.45   78.91   82.51
10:40:28 75.20   77.45   78.91   82.51
10:41:31 75.09   77.45   78.80   82.63
10:42:35 75.09   77.45   78.69   82.51
10:43:38 75.20   77.45   78.58   82.51
10:44:41 75.09   77.56   78.69   82.40
10:45:45 75.09   77.56   78.80   82.51
10:46:48 75.09   77.56   79.14   82.51
10:47:52 75.20   77.56   78.91   82.51
10:48:55 75.20   77.56   78.91   82.63
10:49:58 75.31   77.68   78.91   82.74
10:51:02 75.20   77.68   78.69   82.85
10:52:05 75.31   77.68   78.80   82.74
10:53:08 75.31   77.68   78.80   82.85
10:54:12 75.31   77.68   79.36   82.85
10:55:15 75.31   77.68   78.91   82.85
10:56:18 75.31   77.79   79.14   82.96
10:57:22 75.43   77.79   79.25   82.96
10:58:25 75.31   77.79   79.47   82.96
10:59:28 75.43   77.79   79.36   82.96
11:00:32 75.43   77.90   79.14   82.96
11:01:35 75.43   77.90   79.03   82.85
11:02:38 75.43   77.90   79.14   82.96
11:03:42 75.54   77.90   79.14   82.96
11:04:45 75.54   77.90   79.03   82.85
11:05:48 75.54   77.90   79.03   82.85
11:06:52 75.54   77.90   79.14   82.96
11:07:55 75.54   78.01   79.25   82.96
11:08:58 75.54   78.01   78.80   82.85
11:10:02 75.54   78.01   79.14   82.96
11:11:05 75.54   78.01   79.36   82.96
11:12:08 75.54   78.01   79.14   82.85
11:13:12 75.65   78.01   79.25   82.96
11:14:15 75.65   78.01   79.25   82.96
11:15:19 75.54   78.01   79.25   83.19
11:16:22 75.65   78.01   79.47   83.30
11:17:25 75.65   78.13   79.25   83.30
11:18:29 75.76   78.13   79.47   83.19
11:19:32 75.65   78.13   79.47   83.19
11:20:35 75.65   78.13   79.36   83.19
11:21:39 75.76   78.13   79.70   83.08
11:22:42 75.76   78.24   79.25   83.19
11:23:45 75.65   78.24   79.36   83.19
11:24:49 75.76   78.24   79.47   83.19
11:25:52 75.76   78.24   79.47   83.30
11:26:55 75.76   78.24   79.47   83.41
11:27:59 75.76   78.24   79.81   83.41
11:29:02 75.76   78.24   79.70   83.41
11:30:05 75.76   78.35   79.47   83.41
11:31:09 75.76   78.35   79.59   83.30
11:32:12 75.88   78.24   79.70   83.30
11:33:15 75.88   78.35   79.70   83.30
11:34:19 75.88   78.35   79.70   83.30
11:35:22 75.88   78.35   79.59   83.30
11:36:25 75.88   78.35   79.59   83.30
11:37:29 75.99   78.35   79.59   83.30
11:38:32 75.99   78.46   79.59   83.30
11:39:35 75.99   78.46   79.93   83.19
11:40:42 75.99   78.58   79.93   83.30
11:41:46 75.99   78.46   79.81   83.41
11:42:52 75.99   78.46   79.70   83.53
11:43:56 75.99   78.58   79.59   83.53
11:45:03 75.99   78.58   79.70   83.53
11:46:06 75.99   78.58   79.70   83.53
11:47:09 76.10   78.58   79.93   83.53
11:48:13 76.10   78.58   79.70   83.64
11:49:16 76.10   78.58   80.04   83.75
11:50:19 76.10   78.58   79.93   83.75
11:51:23 76.10   78.58   79.81   83.64
11:52:26 76.10   78.69   79.81   83.75
11:53:29 76.10   78.69   79.70   83.86
11:54:33 76.10   78.69   79.70   83.75
11:55:36 76.10   78.69   80.04   83.75
11:56:39 76.10   78.69   79.93   83.75
11:57:43 76.21   78.80   79.93   83.75
11:58:46 76.21   78.80   80.26   83.75
11:59:50 76.10   78.80   79.93   83.86
12:00:53 76.10   78.69   80.04   83.64
12:01:56 76.21   78.80   80.38   83.75
12:03:10 76.21   78.80   79.93   83.86
12:04:13 76.21   78.80   79.93   83.86
12:05:17 76.21   78.80   79.93   83.86
12:06:27 76.21   78.80   80.15   83.86
12:07:30 76.21   78.91   80.15   83.75
12:08:34 76.33   78.80   80.15   83.86
12:09:37 76.33   78.80   80.26   83.86
12:10:41 76.33   78.80   79.93   83.97
12:11:47 76.33   78.80   80.15   83.97
12:12:51 76.33   78.80   80.15   83.97
12:13:54 76.33   78.80   80.04   83.97
12:14:57 76.33   78.91   80.38   83.97
12:16:01 76.33   78.91   80.15   83.97
12:17:04 76.33   78.80   80.38   83.97
12:18:07 76.33   78.91   80.26   84.09
12:19:11 76.33   78.91   80.04   84.09
12:20:14 76.33   78.91   80.26   84.09
12:21:21 76.44   78.91   80.26   84.09
12:22:24 76.44   78.91   80.15   84.09
12:23:28 76.44   78.91   80.15   84.09
12:24:31 76.44   78.91   79.93   84.09
12:25:34 76.55   79.03   80.38   84.09
12:26:38 76.55   79.03   80.38   84.09
12:27:41 76.44   79.03   80.15   84.20
12:28:44 76.44   79.14   80.04   84.09
12:29:48 76.55   79.03   80.04   84.20
12:30:51 76.44   79.14   80.15   84.09
12:31:54 76.44   79.14   80.04   84.20
12:32:58 76.44   79.14   80.15   84.20
12:34:01 76.55   79.14   80.04   84.20
12:35:04 76.55   79.25   80.49   84.31
12:36:08 76.55   79.25   80.38   84.31
12:37:11 76.55   79.25   80.26   84.31
12:38:14 76.55   79.36   80.15   84.31
12:39:18 76.55   79.36   80.04   84.31
12:40:21 76.66   79.47   80.04   84.43
12:41:25 76.66   79.47   79.93   84.43
12:42:31 76.66   79.47   80.49   84.43
12:43:35 76.66   79.36   80.26   84.43
12:44:38 76.66   79.47   80.60   84.43
12:45:45 76.66   79.47   80.71   84.43
12:46:48 76.55   79.59   80.38   84.31
12:47:52 76.66   79.47   80.38   84.31
12:48:55 76.66   79.59   80.38   84.31
12:49:58 76.66   79.47   80.49   84.31
12:51:02 76.66   79.59   80.49   84.31
12:52:05 76.78   79.59   80.38   84.31
12:53:08 76.66   79.59   80.49   84.43
12:54:12 76.66   79.59   80.60   84.31
12:55:15 76.66   79.59   80.60   84.31
12:56:18 76.78   79.59   80.60   84.31
12:57:22 76.78   79.59   80.60   84.31
12:58:25 76.78   79.59   80.60   84.31
12:59:28 76.78   79.59   80.60   84.31
13:00:32 76.78   79.59   80.49   84.31
13:01:35 76.78   79.70   80.49   84.31
13:02:38 76.78   79.70   80.60   84.31
13:03:49 76.89   79.70   80.71   84.43
13:04:52 76.89   79.70   80.38   84.31
13:05:56 76.89   79.70   80.71   84.43
13:06:59 76.89   79.70   80.49   84.43
13:08:02 76.89   79.59   80.60   84.31
13:09:06 76.89   79.59   80.60   84.31
13:10:09 76.89   79.70   80.49   84.43
13:11:12 76.89   79.70   80.71   84.43
13:12:16 76.89   79.70   80.83   84.43
13:13:19 76.89   78.80   80.60   84.54
13:14:22 76.89   66.09   80.60   84.65
13:15:26 76.66   61.92   80.83   84.54
13:16:29 76.55   59.34   80.83   84.54
13:17:32 76.44   58.66   80.94   84.54
13:18:36 76.33   58.33   80.83   84.43
13:19:39 76.10   58.10   80.60   84.31
13:20:42 76.10   67.33   80.94   84.20
13:21:46 76.10   69.46   80.38   84.20
13:22:49 76.10   71.71   80.71   84.09
13:23:52 76.21   73.51   80.71   84.09
13:24:56 76.10   74.86   80.49   84.20
13:25:59 76.21   75.99   80.60   84.20
13:27:02 76.33   77.56   80.49   84.20
13:28:06 76.33   78.58   80.49   84.31
13:29:09 76.44   79.03   80.49   84.31
13:30:12 76.44   79.25   80.49   84.31
13:31:16 76.66   79.36   80.60   84.31
13:32:19 76.66   79.36   80.38   84.43
13:33:22 76.66   79.47   80.38   84.43
13:34:26 76.66   79.47   80.38   84.43
13:35:29 76.78   79.47   80.94   84.43
13:36:32 76.78   79.70   80.49   84.31
13:37:36 76.89   79.59   80.71   84.31
13:38:39 76.89   79.70   80.71   84.31
13:39:43 77.00   79.70   81.05   84.43
13:40:46 77.00   66.54   80.94   84.43
13:41:49 76.89   60.91   80.71   84.31
13:42:53 76.78   59.34   81.16   84.43
13:43:56 76.66   58.89   80.94   84.20
13:44:59 76.55   58.66   81.16   84.31
13:46:03 76.33   58.44   81.05   84.20
13:47:06 76.21   58.21   81.05   84.20
13:48:09 76.10   63.95   80.94   84.09
13:49:13 76.21   68.68   80.60   84.09
13:50:16 76.21   69.80   80.49   84.09
13:51:19 76.44   71.71   80.71   84.09
13:52:23 76.44   73.40   80.49   84.09
13:53:26 76.44   74.97   80.49   83.97
13:54:29 76.55   76.44   80.71   83.97
13:55:33 76.55   78.01   80.38   84.09
13:56:36 76.66   78.91   80.49   84.20
13:57:39 76.66   79.36   80.15   84.09
13:58:43 76.78   79.47   80.38   84.09
13:59:46 76.78   79.59   80.60   84.09
14:00:49 76.89   67.89   80.49   84.09
14:01:53 76.89   60.80   80.71   84.09
14:02:56 76.78   59.45   80.83   84.09
14:03:59 76.66   58.89   80.83   84.09
14:05:03 76.44   58.66   80.94   83.97
14:06:10 76.33   58.21   80.83   103.33
14:07:13 76.21   58.21   80.71   106.70
14:08:16 76.10   57.99   80.94   105.80
14:09:20 76.10   57.31   80.60   104.23
14:10:23 75.99   63.50   80.60   102.76
14:11:26 75.99   68.34   80.60   101.41
14:12:30 76.21   69.35   80.83   100.18
14:13:33 76.21   70.25   80.49   99.16
14:14:36 76.21   71.60   80.38   98.26
14:15:40 76.33   73.06   80.49   97.48
14:16:43 76.33   74.41   80.60   96.80
14:17:46 76.44   75.54   80.49   96.35
14:18:50 76.55   77.00   80.26   95.56
14:19:53 76.55   78.24   80.38   95.11
14:20:56 76.66   65.64   80.60   94.66
14:22:00 76.55   60.35   80.60   94.89
14:23:03 76.55   59.23   80.83   104.11
14:24:07 76.44   58.89   80.60   104.11
14:25:10 76.44   58.55   80.71   102.88
14:26:13 76.21   58.33   80.60   101.53
14:27:17 76.10   58.33   80.71   100.18
14:28:20 76.10   58.10   80.71   99.16
14:29:23 75.88   57.76   80.26   98.15
14:30:27 75.88   57.31   80.71   97.25
14:31:30 75.76   57.31   80.38   96.58
14:32:33 75.76   56.98   80.26   96.01
14:33:40 75.88   56.75   80.15   95.22
14:34:43 75.88   56.53   80.26   94.66
14:35:47 75.76   56.64   80.15   94.21
14:36:50 75.76   56.53   80.15   93.88
14:37:54 75.76   56.64   80.38   93.43
14:38:57 75.76   56.41   80.15   92.86
14:40:00 75.65   56.30   80.04   92.41
14:41:04 75.65   56.41   79.93   92.08
14:42:07 75.65   56.19   80.04   91.63
14:43:10 75.65   56.19   80.15   91.29
14:44:14 75.65   55.85   79.81   90.95
14:45:17 75.54   55.96   80.15   90.72
14:46:20 75.54   55.85   79.93   90.50
14:47:24 75.54   55.85   80.04   90.16
14:48:27 75.43   55.85   79.81   89.83
14:49:30 75.43   56.08   79.81   89.60
14:50:34 75.31   55.74   79.70   89.38
14:51:37 75.43   55.63   79.93   89.04
14:52:40 75.31   55.29   79.59   88.70
14:53:44 75.31   55.40   79.59   88.47
14:54:47 75.31   55.51   79.70   88.25
14:55:50 75.31   55.40   79.70   88.03
14:56:54 75.20   55.06   79.47   87.80
14:57:57 75.20   54.95   79.47   87.58
14:59:00 75.31   54.95   79.36   87.35
15:00:04 75.31   54.84   79.47   87.13
15:01:07 75.31   55.06   79.36   87.01
15:02:10 75.31   54.73   79.47   86.90
15:03:14 75.20   54.73   79.81   86.68
15:04:17 75.31   54.61   79.70   86.56
15:05:20 75.43   54.84   79.70   86.34
15:06:24 75.31   54.61   79.59   86.11
15:07:27 75.31   54.50   79.59   85.89
15:08:30 75.31   54.50   79.59   85.78
15:09:34 75.31   54.61   79.59   85.55
15:10:37 75.31   54.50   79.47   85.44
15:11:41 75.20   54.39   79.70   85.21
15:12:44 75.20   54.39   79.59   85.10
15:13:47 75.20   54.28   79.59   84.88
15:14:51 75.09   54.28   79.36   84.76
15:15:54 75.31   54.28   79.47   84.76
