00:00:41 72.84   51.91   75.99   81.39
00:01:44 72.84   51.91   75.76   81.39
00:02:51 72.84   51.80   75.99   81.28
00:03:54 72.95   51.91   75.76   81.28
00:04:58 72.84   51.91   76.10   81.16
00:06:01 72.84   51.80   76.21   81.05
00:07:04 72.84   51.80   75.76   80.94
00:08:08 72.84   51.80   75.76   80.83
00:09:11 72.84   51.80   75.99   80.71
00:10:14 72.84   51.80   75.76   80.60
00:11:18 72.72   51.91   75.76   80.60
00:12:21 72.72   51.80   75.65   80.38
00:13:24 72.72   51.69   75.65   80.38
00:14:28 72.72   51.80   76.10   80.26
00:15:31 72.72   51.80   76.10   80.15
00:16:34 72.72   51.69   75.99   80.15
00:17:45 72.61   51.58   75.88   80.15
00:18:48 72.72   51.58   75.88   80.15
00:19:51 72.61   51.58   75.65   80.15
00:20:55 72.61   51.58   75.54   80.04
00:21:58 72.61   51.46   75.54   80.15
00:23:01 72.61   51.46   75.65   80.04
00:24:08 72.61   51.58   75.54   79.93
00:25:12 72.72   51.58   75.54   79.93
00:26:22 72.61   51.58   75.31   79.81
00:27:25 72.61   51.46   75.43   79.81
00:28:29 72.61   51.58   75.54   79.70
00:29:32 72.61   51.46   75.43   79.59
00:30:35 72.61   51.46   75.31   79.59
00:31:39 72.61   51.46   75.31   79.47
00:32:42 72.61   51.46   75.43   79.36
00:33:45 72.50   51.35   75.54   79.36
00:34:49 72.61   51.46   75.54   79.25
00:35:52 72.72   51.91   75.54   79.14
00:36:55 72.72   62.49   75.43   79.14
00:37:59 72.84   63.39   75.65   79.14
00:39:02 72.95   63.95   75.65   92.08
00:40:05 73.06   64.51   75.54   101.41
00:41:09 73.06   65.30   75.88   103.10
00:42:16 73.18   66.31   75.54   102.65
00:43:19 73.40   67.55   75.54   101.86
00:44:26 73.40   62.60   76.21   100.85
00:45:29 73.40   56.30   76.21   99.84
00:46:40 73.29   54.28   75.76   98.83
00:47:43 73.06   53.94   75.76   98.04
00:48:46 72.95   53.71   75.54   97.25
00:49:50 72.84   53.26   75.88   96.58
00:50:53 72.84   53.15   75.99   95.79
00:51:56 72.72   52.92   75.65   95.22
00:53:00 72.61   52.81   75.54   94.55
00:54:03 72.61   52.70   75.54   93.99
00:55:06 72.72   52.48   75.88   93.43
00:56:10 72.61   63.05   75.76   92.97
00:57:13 72.84   64.29   75.54   92.53
00:58:16 72.84   65.41   75.43   91.96
00:59:20 73.06   66.31   75.76   91.51
01:00:23 73.06   67.21   75.76   91.06
01:01:26 73.18   68.90   75.54   90.72
01:02:30 73.29   70.25   75.54   90.28
01:03:33 73.40   71.60   75.65   89.71
01:04:44 73.51   72.84   75.88   89.38
01:05:47 73.63   73.63   75.88   89.15
01:06:50 73.63   74.19   75.76   88.93
01:07:54 73.63   63.39   75.76   88.59
01:08:57 73.51   56.53   75.76   88.36
01:10:00 73.40   55.17   76.21   88.25
01:11:04 73.29   54.84   75.88   87.91
01:12:07 73.18   54.39   76.21   87.58
01:13:10 73.06   54.05   76.10   87.35
01:14:14 72.95   53.83   76.21   87.01
01:15:17 72.95   64.29   75.99   86.79
01:16:20 73.06   65.86   75.99   86.56
01:17:24 73.29   67.10   75.88   86.22
01:18:27 73.18   70.14   75.88   86.22
01:19:30 73.40   72.61   75.65   86.00
01:20:34 73.40   74.30   75.88   85.78
01:21:37 73.63   75.09   75.76   85.55
01:22:40 73.63   75.31   76.21   85.44
01:23:44 73.63   75.65   75.99   85.21
01:24:47 73.74   75.76   75.99   85.21
01:25:50 73.85   75.88   75.99   84.99
01:26:54 73.85   75.99   76.10   84.76
01:27:57 73.96   75.99   76.33   84.65
01:29:00 73.96   76.10   76.33   84.43
01:30:04 74.08   76.21   76.33   84.31
01:31:07 74.08   76.21   76.33   84.31
01:32:10 74.08   76.21   76.44   84.20
01:33:14 74.08   76.33   76.10   84.20
01:34:17 74.08   76.33   76.55   83.97
01:35:21 74.19   76.44   76.44   83.97
01:36:24 74.19   76.55   76.44   83.75
01:37:27 74.30   76.55   76.55   83.86
01:38:31 74.30   76.55   76.55   83.64
01:39:34 74.19   76.55   76.55   83.53
01:40:37 74.19   76.66   76.55   83.53
01:41:41 74.30   76.66   76.89   83.41
01:42:44 74.30   76.66   76.78   83.19
01:43:47 74.41   76.78   76.66   83.08
01:44:51 74.41   76.78   76.78   83.08
01:45:54 74.41   76.78   76.89   82.96
01:46:57 74.41   76.78   77.11   82.96
01:48:01 74.41   76.89   77.00   82.85
01:49:04 74.53   76.78   76.89   82.85
01:50:07 74.41   76.89   77.00   82.74
01:51:11 74.53   76.89   77.11   82.85
01:52:14 74.53   76.89   77.11   82.74
01:53:17 74.64   76.89   77.11   82.63
01:54:21 74.64   77.00   77.11   82.63
01:55:24 74.64   77.00   77.11   82.51
01:56:27 74.53   77.00   77.34   82.40
01:57:31 74.64   77.11   77.11   82.40
01:58:34 74.64   77.11   77.11   82.40
01:59:37 74.64   77.11   77.34   82.40
02:00:41 74.75   77.11   77.22   82.40
02:01:44 74.64   77.11   77.22   82.40
02:02:47 74.64   77.11   77.22   82.40
02:03:51 74.75   77.22   77.22   82.29
02:04:54 74.75   77.22   77.22   82.18
02:05:57 74.75   77.22   77.22   82.18
02:07:01 74.86   77.22   77.11   82.18
02:08:08 74.75   77.22   77.34   82.06
02:09:11 74.86   77.22   77.22   82.06
02:10:14 74.86   77.22   77.45   82.06
02:11:18 74.75   77.34   77.56   82.06
02:12:21 74.75   77.34   77.34   82.06
02:13:24 74.75   77.34   77.22   82.06
02:14:28 74.86   77.34   77.68   82.18
02:15:31 74.86   77.34   77.68   82.18
02:16:34 74.86   77.34   77.68   82.06
02:17:38 74.86   77.34   77.90   82.06
02:18:41 74.75   77.34   77.56   81.95
02:19:44 74.86   77.34   77.34   81.95
02:20:48 74.86   77.34   77.45   81.84
02:21:51 74.86   77.34   77.45   81.95
02:22:54 74.86   77.34   77.45   81.95
02:23:58 74.86   77.45   77.45   81.84
02:25:01 74.97   77.45   77.68   81.95
02:26:08 74.97   77.45   77.79   81.95
02:27:11 74.86   77.45   77.68   82.06
02:28:15 74.97   77.45   77.79   82.06
02:29:22 74.97   77.45   77.79   81.95
02:30:28 74.86   77.56   77.68   81.84
02:31:32 74.97   77.56   77.79   81.95
02:32:35 74.97   77.56   77.68   81.95
02:33:38 74.97   77.56   77.56   82.06
02:34:42 74.97   77.56   77.90   81.95
02:35:45 75.09   77.56   77.79   81.84
02:36:48 74.97   77.56   77.90   81.95
02:37:52 74.97   77.56   77.56   81.95
02:38:55 75.09   77.68   77.68   82.06
02:39:58 75.09   77.68   78.13   81.84
02:41:02 74.97   77.68   77.90   81.95
02:42:05 74.97   77.68   77.90   81.95
02:43:09 75.09   77.68   77.56   81.84
02:44:12 75.09   77.68   77.79   81.84
02:45:15 75.09   77.68   77.79   81.84
02:46:19 75.20   77.68   77.79   81.84
02:47:22 75.20   77.68   77.90   81.84
02:48:25 75.20   77.79   77.79   81.84
02:49:36 75.20   77.79   77.90   81.84
02:50:39 75.20   77.79   78.13   81.84
02:51:49 75.20   77.79   77.90   81.84
02:52:53 75.20   77.79   78.01   81.84
02:53:56 75.20   77.79   78.01   81.95
02:54:59 75.20   77.79   77.79   82.06
02:56:03 75.31   77.90   78.01   82.06
02:57:06 75.31   77.90   78.01   81.95
02:58:09 75.20   77.90   78.13   82.06
02:59:13 75.20   77.90   78.13   82.06
03:00:16 75.31   77.90   78.13   82.06
03:01:19 75.20   77.90   78.24   81.95
03:02:23 75.31   78.01   78.01   81.95
03:03:26 75.31   78.01   78.01   82.06
03:04:29 75.43   78.01   78.24   82.06
03:05:33 75.31   78.01   78.01   81.95
03:06:36 75.31   78.01   78.24   82.06
03:07:39 75.43   78.01   78.35   81.95
03:08:46 75.43   78.01   78.35   81.95
03:09:50 75.43   78.01   78.46   82.06
03:10:53 75.43   78.01   78.35   82.06
03:11:56 75.43   78.01   78.35   82.18
03:13:03 75.43   78.01   78.01   82.06
03:14:06 75.43   78.01   78.35   82.06
03:15:10 75.43   78.01   78.46   81.95
03:16:13 75.43   78.01   78.13   82.06
03:17:17 75.43   78.01   78.24   82.06
03:18:20 75.43   78.01   78.13   82.06
03:19:23 75.43   78.01   78.24   82.18
03:20:27 75.43   78.01   78.35   82.18
03:21:30 75.54   78.01   78.24   82.18
03:22:33 75.54   78.13   78.58   82.18
03:23:37 75.54   78.13   78.69   82.18
03:24:40 75.54   78.13   78.69   82.18
03:25:43 75.43   78.13   78.35   82.18
03:26:47 75.54   78.13   78.24   82.29
03:27:50 75.54   78.13   78.46   82.29
03:28:53 75.54   78.24   78.69   82.18
03:29:57 75.65   78.13   78.46   82.18
03:31:00 75.54   78.24   78.46   82.18
03:32:03 75.65   78.24   78.35   82.18
03:33:07 75.54   78.24   78.24   82.06
03:34:10 75.65   78.24   78.58   82.18
03:35:13 75.65   78.24   78.69   82.06
03:36:17 75.65   78.35   78.46   82.06
03:37:20 75.65   78.24   78.91   82.06
03:38:23 75.65   78.35   78.69   82.18
03:39:27 75.65   78.35   78.69   82.29
03:40:30 75.65   78.46   78.58   82.18
03:41:33 75.65   78.46   78.35   82.18
03:42:37 75.65   78.46   78.46   82.18
03:43:40 75.65   78.46   78.58   82.18
03:44:43 75.54   78.46   78.91   82.18
03:45:47 75.65   78.46   78.80   82.29
03:46:50 75.65   78.46   78.80   82.18
03:47:53 75.65   78.46   78.91   82.29
03:48:57 75.65   78.58   78.80   82.40
03:50:00 75.65   78.58   78.80   82.40
03:51:03 75.65   78.58   78.80   82.40
03:52:07 75.65   78.58   79.14   82.29
03:53:10 75.76   78.58   78.80   82.29
03:54:14 75.65   78.58   78.80   82.40
03:55:17 75.65   78.58   78.80   82.29
03:56:20 75.65   78.58   78.91   82.40
03:57:24 75.76   78.58   79.03   82.40
03:58:27 75.76   78.58   78.69   82.40
03:59:30 75.65   78.58   78.91   82.40
04:00:34 75.76   78.69   78.91   82.40
04:01:37 75.76   78.69   79.03   82.40
04:02:40 75.76   78.58   78.69   82.40
04:03:44 75.76   78.69   78.91   82.29
04:04:47 75.76   78.69   79.03   82.40
04:05:50 75.76   78.69   78.80   82.40
04:06:54 75.76   78.69   78.69   82.40
04:07:57 75.76   78.69   78.80   82.40
04:09:00 75.76   78.80   78.69   82.51
04:10:04 75.76   78.69   78.58   82.63
04:11:07 75.76   78.69   78.91   82.63
04:12:10 75.76   78.69   78.69   82.51
04:13:14 75.88   78.69   78.91   82.40
04:14:17 75.88   78.80   78.91   82.51
04:15:20 75.88   78.80   78.91   82.51
04:16:24 75.88   78.80   78.91   82.63
04:17:27 75.88   78.69   79.03   82.63
04:18:30 75.99   78.80   78.91   82.74
04:19:34 75.88   78.80   79.14   82.63
04:20:37 75.99   78.80   79.14   82.63
04:21:40 75.76   78.80   79.03   82.63
04:22:44 75.88   78.80   79.14   82.74
04:23:47 75.88   78.80   78.80   82.63
04:24:51 75.99   78.80   79.14   82.63
04:25:54 75.99   78.80   78.80   82.51
04:26:57 75.88   78.91   79.14   82.51
04:28:01 75.99   78.80   79.14   82.51
04:29:04 75.88   78.80   78.91   82.63
04:30:07 75.99   65.64   78.91   82.74
04:31:11 75.88   60.69   79.14   82.74
04:32:14 75.65   58.89   79.14   82.63
04:33:17 75.43   57.76   79.14   82.51
04:34:21 75.31   57.42   79.25   82.40
04:35:24 75.09   57.20   79.03   82.29
04:36:27 74.97   67.10   78.91   82.29
04:37:31 75.09   68.90   79.03   82.29
04:38:34 75.09   71.38   79.14   82.40
04:39:37 75.09   72.84   78.91   82.40
04:40:41 75.20   74.08   79.03   82.40
04:41:44 75.20   75.88   79.36   82.40
04:42:47 75.31   77.34   79.14   82.40
04:43:51 75.43   77.90   78.91   82.51
04:44:54 75.43   78.24   79.03   82.40
04:45:57 75.54   78.35   78.80   82.29
04:47:01 75.54   78.46   78.69   82.29
04:48:04 75.65   78.58   78.69   82.40
04:49:07 75.65   78.58   78.69   95.79
04:50:11 75.76   78.58   79.03   102.99
04:51:14 75.76   78.69   78.91   104.79
04:52:17 75.76   78.69   78.91   105.35
04:53:21 75.88   78.69   79.25   105.58
04:54:24 75.88   78.69   79.14   106.14
04:55:28 75.88   78.80   79.03   106.70
04:56:31 75.88   78.80   79.36   106.70
04:57:34 75.99   78.91   79.14   106.25
04:58:38 76.10   78.91   79.03   107.83
04:59:41 75.99   78.91   79.14   109.06
05:00:44 76.10   78.91   79.03   109.40
05:01:48 76.21   79.03   79.36   109.85
05:02:51 76.21   79.03   79.36   110.08
05:03:54 76.21   66.76   79.14   109.51
05:04:58 76.10   60.46   79.25   108.84
05:06:01 75.99   58.66   79.25   108.05
05:07:04 75.76   58.10   79.03   107.26
05:08:08 75.54   57.88   79.03   109.74
05:09:11 75.43   57.54   79.14   111.54
05:10:14 75.43   58.33   78.91   111.20
05:11:18 75.31   67.66   79.03   110.41
05:12:21 75.43   69.01   79.03   109.40
05:13:24 75.43   71.26   79.25   108.73
05:14:28 75.54   72.95   79.03   107.94
05:15:31 75.54   74.08   79.03   107.04
05:16:34 75.65   75.65   79.14   106.36
05:17:38 75.54   77.34   79.14   105.58
05:18:41 75.65   78.13   79.03   104.90
05:19:44 75.76   78.35   78.80   104.34
05:20:48 75.76   78.58   79.14   103.89
05:21:51 75.76   78.69   79.03   106.14
05:22:58 75.88   78.69   78.91   109.96
05:24:01 75.88   78.80   78.91   110.08
05:25:05 75.99   78.80   79.03   109.06
05:26:08 75.99   68.68   78.91   108.05
05:27:11 75.99   60.35   79.03   106.93
05:28:15 75.88   58.55   79.25   105.80
05:29:18 75.65   58.10   79.03   104.90
05:30:21 75.43   57.65   79.03   104.00
05:31:25 75.20   57.42   78.91   103.21
05:32:28 75.20   57.31   78.69   102.43
05:33:31 75.09   57.20   78.80   101.75
05:34:35 74.97   60.35   78.58   100.96
05:35:38 75.09   67.55   78.35   100.40
05:36:41 75.09   68.56   78.80   99.84
05:37:45 75.09   69.91   78.91   99.28
05:38:48 75.31   71.26   79.14   98.71
05:39:52 75.20   72.61   78.58   98.15
05:40:55 75.31   73.74   79.03   97.70
05:41:58 75.43   74.75   79.14   97.25
05:43:02 75.43   76.33   79.03   96.91
05:44:05 75.43   77.56   79.14   96.58
05:45:08 75.65   78.13   79.14   96.13
05:46:12 75.65   78.46   78.91   95.68
05:47:15 75.65   63.95   79.03   95.34
05:48:18 75.65   59.45   78.91   95.00
05:49:22 75.54   58.44   78.91   94.66
05:50:25 75.31   57.88   78.80   94.21
05:51:28 75.20   57.54   78.91   93.99
05:52:32 75.09   57.42   78.91   93.65
05:53:35 74.97   57.20   78.80   93.20
05:54:38 74.86   56.98   78.69   92.86
05:55:45 74.75   56.75   78.69   92.41
05:56:49 74.75   56.53   78.80   92.08
05:57:52 74.75   56.41   78.58   91.85
05:58:55 74.64   56.30   78.91   91.63
05:59:59 74.64   56.08   78.69   91.29
06:01:02 74.53   55.85   78.58   91.06
06:02:05 74.53   55.74   78.69   90.72
06:03:09 74.41   55.74   78.58   90.50
06:04:12 74.53   55.74   78.69   90.16
06:05:15 74.41   55.85   78.69   89.94
06:06:19 74.53   55.74   78.46   89.71
06:07:29 74.30   55.17   78.24   89.38
06:08:32 74.41   55.29   78.13   89.15
06:09:36 74.30   55.51   78.46   88.93
06:10:43 74.19   55.40   78.13   88.70
06:11:46 74.19   55.29   78.24   91.29
06:12:53 74.19   55.29   77.90   105.80
06:13:56 74.30   55.40   78.13   108.05
06:14:59 74.19   55.40   77.90   108.50
06:16:03 74.19   55.17   78.13   108.61
06:17:06 74.19   55.06   78.01   108.95
06:18:09 74.30   55.29   78.13   109.40
06:19:13 74.19   55.17   78.01   109.85
06:20:16 74.19   55.06   77.90   110.08
06:21:20 74.19   55.17   78.13   110.30
06:22:23 74.30   55.06   77.79   110.30
06:23:26 74.19   54.95   77.90   109.85
06:24:30 74.30   54.95   78.24   109.06
06:25:33 74.30   54.73   78.01   108.28
06:26:36 74.30   55.06   78.01   111.31
06:27:40 74.30   54.84   77.90   111.54
06:28:46 74.08   54.95   77.90   110.98
06:29:50 74.30   55.17   77.90   110.19
06:30:53 74.19   55.06   77.90   112.10
06:31:56 74.19   55.06   77.79   114.13
06:33:00 74.19   55.17   77.79   114.13
06:34:03 74.30   55.29   78.01   113.34
06:35:07 74.30   55.29   77.79   112.21
06:36:10 74.30   55.17   77.45   111.09
06:37:13 74.30   55.06   77.56   109.96
06:38:17 74.19   55.06   77.79   108.95
06:39:20 74.08   55.06   77.68   107.94
06:40:23 74.08   55.17   77.79   107.04
06:41:27 74.08   55.17   77.79   106.14
06:42:30 74.08   54.84   77.68   105.35
06:43:33 74.08   54.95   77.68   104.45
06:44:37 73.96   54.95   77.79   103.78
06:45:40 73.96   54.61   77.45   103.10
06:46:43 74.08   54.39   77.79   102.31
06:47:47 73.85   54.73   77.56   101.64
06:48:50 73.96   54.39   77.45   101.19
06:49:53 73.85   54.73   77.56   100.40
06:50:57 73.96   54.61   77.56   99.84
06:52:00 73.74   54.39   77.34   99.16
06:53:03 73.74   54.50   77.68   98.60
06:54:07 73.74   54.16   77.22   98.15
06:55:10 73.74   54.39   77.22   97.59
06:56:13 73.74   54.16   77.45   97.03
06:57:17 73.63   54.16   77.11   96.58
06:58:20 73.74   54.28   77.22   96.01
06:59:23 73.63   54.16   77.34   95.68
07:00:27 73.63   54.28   77.11   95.11
07:01:30 73.63   53.71   77.34   94.78
07:02:33 73.63   53.71   77.45   94.33
07:03:37 73.51   54.16   77.22   93.88
07:04:40 73.63   54.05   77.22   93.54
07:05:44 73.63   53.83   77.34   93.20
07:06:47 73.51   53.83   77.34   92.75
07:07:50 73.51   53.49   77.45   92.30
07:08:54 73.40   53.60   77.22   92.08
07:09:57 73.63   53.38   77.11   91.63
07:11:00 73.51   53.49   77.00   91.29
07:12:04 73.51   53.60   77.34   96.01
07:13:07 73.51   53.38   77.00   97.14
07:14:10 73.51   53.38   77.22   96.80
07:15:14 73.51   53.49   77.34   96.13
07:16:20 73.40   53.49   77.34   95.22
07:17:24 73.40   53.04   77.22   94.55
07:18:27 73.40   53.04   77.22   93.99
07:19:34 73.51   53.15   77.00   93.54
07:20:37 73.40   53.15   77.11   93.09
07:21:41 73.40   53.04   76.89   92.64
07:22:44 73.40   53.15   77.00   92.08
07:23:47 73.40   52.92   77.00   91.63
07:24:51 73.40   53.04   77.00   91.29
07:25:54 73.40   53.04   76.89   90.95
07:26:57 73.40   53.15   76.89   90.61
07:28:01 73.29   52.81   76.89   90.16
07:29:04 73.40   52.81   76.78   89.83
07:30:07 73.40   52.59   76.89   89.71
07:31:11 73.29   52.59   77.00   89.26
07:32:14 73.29   52.70   76.78   88.93
07:33:17 73.40   52.59   76.89   88.70
07:34:21 73.29   52.59   76.78   88.36
07:35:24 73.29   52.48   76.89   88.25
07:36:28 73.29   52.48   77.00   87.91
07:37:31 73.29   52.59   76.66   87.69
07:38:34 73.29   52.36   76.78   87.46
07:39:45 73.29   52.36   77.00   87.13
07:40:48 73.29   52.59   76.78   87.01
07:41:55 73.29   52.48   77.00   86.79
07:42:58 73.18   52.25   76.78   86.56
07:44:02 73.18   52.25   76.78   86.34
07:45:05 73.18   52.14   76.89   86.00
07:46:08 73.18   52.14   77.00   85.89
07:47:12 73.18   52.14   76.78   85.66
07:48:15 73.18   52.14   76.89   85.44
07:49:18 73.06   52.03   76.55   85.44
07:50:22 73.18   52.03   76.89   85.21
07:51:25 73.06   52.14   76.55   85.10
07:52:32 73.06   52.14   76.78   84.76
07:53:35 73.06   52.03   76.78   84.65
07:54:38 73.06   52.03   76.66   84.43
07:55:42 72.95   51.91   76.55   84.31
07:56:45 72.95   51.91   76.44   84.20
07:57:52 72.95   51.91   76.44   84.09
07:58:55 72.95   51.91   76.66   83.86
08:00:02 72.95   51.80   76.55   83.75
08:01:06 72.84   51.80   76.78   83.53
08:02:12 72.95   51.80   76.66   83.41
08:03:16 72.95   51.69   76.55   83.30
08:04:19 72.95   51.69   76.66   83.30
08:05:22 72.95   51.80   76.66   83.30
08:06:26 72.95   51.80   76.33   83.19
08:07:29 72.84   51.69   76.44   83.08
08:08:32 72.84   51.91   76.66   82.85
08:09:36 72.84   51.58   76.44   82.74
08:10:39 72.95   51.80   76.55   82.74
08:11:42 72.95   51.80   76.44   82.63
08:12:46 72.84   51.80   76.33   82.51
08:13:56 72.95   51.69   76.44   82.29
08:15:00 72.84   51.80   76.10   82.29
08:16:03 72.84   51.69   76.44   82.29
08:17:06 72.95   51.69   76.33   82.18
08:18:10 72.84   51.80   76.21   81.95
08:19:13 72.84   51.58   76.21   81.84
08:20:16 72.84   51.69   76.33   81.84
08:21:20 72.84   51.69   76.33   81.72
08:22:26 72.84   51.58   76.21   81.72
08:23:30 72.84   51.69   76.21   81.61
08:24:33 72.72   51.69   75.88   81.50
08:25:37 72.72   51.58   75.99   81.50
08:26:40 72.72   51.80   75.99   81.61
08:27:43 72.72   51.58   76.10   81.39
08:28:47 72.72   51.46   75.88   81.28
08:29:50 72.72   51.46   76.10   81.28
08:30:53 72.72   51.58   75.99   81.16
08:31:57 72.84   51.46   76.10   81.05
08:33:00 72.72   51.58   75.99   81.05
08:34:03 72.61   51.58   75.99   81.05
08:35:07 72.72   51.35   75.65   80.94
08:36:10 72.72   51.46   75.88   80.83
08:37:13 72.61   51.35   76.21   80.83
08:38:17 72.61   51.46   76.10   80.83
08:39:20 72.72   51.35   75.99   80.71
08:40:23 72.61   51.46   76.21   80.71
08:41:27 72.50   51.35   76.10   80.71
08:42:34 72.61   51.35   75.88   80.71
08:43:37 72.61   51.46   76.21   80.71
08:44:40 72.61   51.13   76.10   80.71
08:45:44 72.50   51.13   76.10   80.60
08:46:47 72.50   51.13   75.88   80.49
08:47:50 72.61   51.13   75.88   80.49
08:48:54 72.50   51.35   75.99   80.49
08:49:57 72.50   51.13   75.99   80.49
08:51:00 72.50   51.24   75.99   80.38
08:52:04 72.50   51.24   75.88   80.38
08:53:07 72.50   51.01   75.88   80.38
08:54:10 72.50   51.24   75.65   80.26
08:55:14 72.39   51.24   75.31   80.26
08:56:17 72.50   51.35   75.65   80.26
08:57:20 72.39   51.13   75.88   80.15
08:58:24 72.61   51.24   75.99   80.04
08:59:27 72.50   51.24   75.88   79.93
09:00:30 72.50   51.24   75.88   79.81
09:01:34 72.50   55.29   75.76   79.81
09:02:37 72.50   62.38   75.54   79.81
09:03:40 72.61   63.39   75.65   79.81
09:04:44 72.95   63.95   75.65   79.81
09:05:47 72.95   64.63   75.43   79.93
09:06:50 73.06   65.53   75.54   80.04
09:07:54 73.29   66.76   75.43   79.81
09:08:57 73.40   68.45   75.31   79.93
09:10:00 73.40   70.03   75.31   85.21
09:11:04 73.51   71.49   75.54   104.68
09:12:07 73.63   72.61   75.43   107.94
09:13:11 73.74   73.40   75.31   108.50
09:14:14 73.85   74.08   75.65   108.95
09:15:17 73.96   74.64   75.99   109.18
09:16:21 74.08   75.09   75.65   109.51
09:17:24 74.08   75.43   75.76   109.85
09:18:27 74.19   75.76   76.10   109.85
09:19:31 74.30   75.99   76.33   109.74
09:20:34 74.30   76.21   75.99   109.63
09:21:37 74.41   76.44   76.21   109.29
09:22:41 74.41   76.66   75.99   109.06
09:23:47 74.53   76.66   76.21   108.73
09:24:51 74.64   76.78   76.21   108.16
09:25:54 74.64   77.00   76.44   107.38
09:26:58 74.75   77.00   76.44   106.48
09:28:01 74.75   77.11   76.44   105.58
09:29:04 74.86   77.11   76.33   104.68
09:30:08 74.97   77.22   76.55   104.23
09:31:11 74.97   77.34   76.89   104.11
09:32:14 74.97   77.45   76.89   103.66
09:33:18 75.09   77.56   77.11   103.21
09:34:21 75.31   77.79   76.66   102.76
09:35:24 75.43   77.90   76.78   102.20
09:36:28 75.43   78.01   76.78   101.64
09:37:31 75.43   78.01   77.00   101.08
09:38:34 75.43   78.01   76.89   100.51
09:39:38 75.43   78.01   76.89   99.95
09:40:41 75.43   78.01   77.22   99.61
09:41:44 75.54   78.13   77.11   99.05
09:42:48 75.43   78.13   77.22   98.71
09:43:51 75.54   78.01   77.34   98.26
09:44:54 75.54   78.13   77.22   97.92
09:45:58 75.54   78.13   77.22   97.48
09:47:01 75.65   78.13   77.45   97.14
09:48:04 75.54   78.13   77.56   96.69
09:49:08 75.54   78.13   77.68   96.35
09:50:11 75.65   78.13   77.56   95.79
09:51:14 75.54   78.24   77.56   95.45
09:52:18 75.65   78.24   77.56   95.11
09:53:21 75.54   78.24   77.56   94.78
09:54:24 75.65   78.24   77.68   94.44
09:55:28 75.65   78.24   77.45   94.10
09:56:31 75.65   78.24   77.45   93.76
09:57:35 75.65   78.24   77.68   93.43
09:58:41 75.65   78.24   77.79   93.20
09:59:45 75.65   78.24   77.79   92.86
10:00:48 75.65   78.24   77.56   92.53
10:01:51 75.65   78.35   78.01   92.30
10:02:55 75.76   78.35   77.56   92.08
10:03:58 75.76   78.35   77.56   91.85
10:05:01 75.76   78.35   77.90   91.63
10:06:05 75.76   78.35   77.90   91.40
10:07:08 75.88   78.35   77.79   91.29
10:08:11 75.88   78.46   77.90   90.95
10:09:15 75.76   78.35   77.79   90.72
10:10:18 75.88   78.35   78.01   90.61
10:11:21 75.88   78.46   77.90   90.28
10:12:25 75.88   78.46   77.79   90.16
10:13:28 75.88   78.46   77.90   89.94
10:14:32 75.88   78.58   78.13   89.71
10:15:35 75.99   78.46   78.13   89.60
10:16:38 75.99   78.46   78.01   89.38
10:17:42 75.99   78.58   78.01   89.26
10:18:45 75.99   78.58   78.24   89.15
10:19:48 75.99   78.58   77.90   88.93
10:20:52 75.99   78.58   77.79   88.81
10:21:55 75.99   78.58   78.13   88.70
10:22:58 75.99   78.58   78.24   88.47
10:24:02 75.99   78.69   78.46   88.36
10:25:05 76.10   78.69   78.24   88.25
10:26:08 76.10   78.80   78.01   88.14
10:27:12 75.99   78.69   78.13   88.03
10:28:15 76.10   78.80   78.58   87.91
10:29:18 76.10   78.80   78.13   87.69
10:30:22 76.21   78.80   78.35   87.58
10:31:25 76.21   78.80   78.13   87.58
10:32:32 76.21   78.80   78.69   87.46
10:33:35 76.21   78.91   78.35   87.35
10:34:39 76.21   78.91   78.46   87.24
10:35:42 76.21   78.91   78.46   87.24
10:36:45 76.21   78.91   78.46   87.24
10:37:49 76.33   79.03   78.46   87.13
10:38:52 76.33   79.03   78.35   87.01
10:39:55 76.33   79.03   78.46   86.90
10:40:59 76.33   79.03   78.46   86.90
10:42:02 76.33   79.14   78.58   86.79
10:43:05 76.33   79.14   78.58   86.79
10:44:09 76.33   79.14   78.46   86.68
10:45:12 76.44   79.14   78.46   86.45
10:46:15 76.44   79.25   78.46   86.34
10:47:19 76.55   79.25   78.58   86.34
10:48:22 76.44   79.25   78.69   86.22
10:49:32 76.44   79.14   78.58   86.22
10:50:36 76.55   79.25   78.46   86.22
10:51:43 76.55   79.25   78.35   86.22
10:52:46 76.55   79.25   78.69   86.11
10:53:49 76.55   79.25   78.58   86.11
10:54:53 76.66   79.36   78.69   86.00
10:55:56 76.66   79.36   78.35   85.89
10:56:59 76.66   79.36   78.69   85.78
10:58:03 76.78   79.47   78.69   85.78
10:59:06 76.66   79.47   78.69   85.78
11:00:09 76.78   79.47   78.69   85.78
11:01:13 76.78   79.59   78.46   85.78
11:02:16 76.78   79.59   78.80   85.55
11:03:19 76.78   79.59   78.80   85.55
11:04:23 76.78   79.70   78.91   85.44
11:05:26 76.89   79.70   78.91   85.55
11:06:29 76.89   79.70   79.14   85.55
11:07:33 76.89   79.70   78.91   85.55
11:08:40 77.00   79.70   78.80   85.44
11:09:43 77.00   79.81   79.03   85.33
11:10:50 77.00   79.81   79.25   85.33
11:11:53 77.00   79.81   79.25   85.33
11:13:00 77.11   79.81   79.03   85.33
11:14:03 77.11   79.81   78.80   85.21
11:15:10 77.11   79.81   78.80   85.21
11:16:14 77.11   79.93   79.03   85.21
11:17:20 77.11   79.93   79.14   85.21
11:18:24 77.11   79.93   79.14   85.10
11:19:27 77.11   79.93   78.91   85.10
11:20:31 77.11   79.93   79.25   85.10
11:21:34 77.22   79.93   79.14   84.99
11:22:44 77.22   80.04   79.25   84.99
11:23:48 77.34   79.93   79.36   84.99
11:24:51 77.34   79.93   79.36   84.99
11:25:54 77.34   79.93   79.25   84.99
11:26:58 77.34   80.04   79.25   84.88
11:28:01 77.45   80.04   79.93   84.88
11:29:04 77.34   80.04   79.47   84.99
11:30:08 77.45   80.04   79.81   84.99
11:31:11 77.45   80.04   80.26   84.99
11:32:14 77.56   80.15   79.59   84.99
11:33:18 77.56   80.15   79.47   88.59
11:34:21 77.45   80.15   79.59   98.60
11:35:24 77.56   80.15   79.47   98.60
11:36:28 77.56   80.15   79.59   97.48
11:37:31 77.45   80.26   79.59   96.35
11:38:34 77.56   80.26   79.47   95.34
11:39:38 77.56   80.26   79.81   94.44
11:40:41 77.56   80.15   79.70   93.76
11:41:44 77.45   80.15   79.93   93.20
11:42:48 77.45   80.15   79.81   92.64
11:43:51 77.45   80.15   79.93   92.19
11:44:54 77.45   80.15   79.93   91.74
11:45:58 77.45   80.15   79.81   91.40
11:47:01 77.45   80.15   79.59   91.18
11:48:04 77.45   80.26   79.81   90.84
11:49:08 77.45   80.26   79.93   90.61
11:50:11 77.45   80.26   79.81   90.28
11:51:14 77.45   80.26   79.93   89.94
11:52:18 77.45   80.26   80.04   89.71
11:53:21 77.56   80.38   79.70   89.60
11:54:25 77.56   80.38   80.04   89.38
11:55:28 77.45   80.38   80.26   89.26
11:56:31 77.56   76.78   79.93   89.15
11:57:35 77.56   64.40   79.93   88.93
11:58:38 77.34   61.81   80.04   88.81
11:59:41 77.22   60.58   79.93   88.70
12:00:45 77.11   60.01   80.15   88.47
12:01:48 77.00   59.56   80.26   88.36
12:02:51 76.78   59.34   80.15   88.14
12:03:55 76.66   69.13   80.04   87.91
12:04:58 76.66   70.59   80.15   87.58
12:06:01 76.78   73.18   79.70   87.46
12:07:05 76.78   74.41   79.93   87.35
12:08:08 76.89   75.65   79.93   87.24
12:09:11 76.89   76.89   79.59   87.24
12:10:15 77.00   78.46   80.04   87.13
12:11:18 77.00   79.47   80.26   87.01
12:12:25 77.11   79.81   80.26   87.01
12:13:28 77.11   80.04   80.83   86.90
12:14:31 77.34   80.15   80.38   86.79
12:15:35 77.45   80.15   80.94   86.68
12:16:38 77.34   80.26   80.49   86.68
12:17:41 77.45   80.26   80.60   86.56
12:18:45 77.45   80.38   80.71   86.56
12:19:48 77.68   80.49   81.16   86.56
12:20:51 77.56   79.59   80.71   86.56
12:21:55 77.68   64.06   80.83   86.34
12:22:58 77.34   60.91   80.49   86.22
12:24:02 77.22   60.35   80.71   86.11
12:25:05 77.11   60.01   80.94   85.89
12:26:08 77.11   59.79   80.83   85.89
12:27:12 77.00   59.56   80.71   85.78
12:28:15 76.89   59.23   81.05   85.66
12:29:18 76.78   59.00   80.60   85.55
12:30:22 76.66   67.44   80.49   85.55
12:31:25 76.66   69.80   80.38   85.44
12:32:28 76.89   70.59   80.83   85.44
12:33:32 76.78   71.94   80.49   85.44
12:34:35 76.78   73.51   80.71   85.33
12:35:38 76.89   74.75   80.83   85.33
12:36:42 77.00   75.99   81.05   85.21
12:37:45 77.11   77.56   80.71   85.21
12:38:48 77.22   78.91   80.49   85.21
12:39:52 77.34   79.70   80.38   85.33
12:40:55 77.34   73.18   80.49   85.33
12:41:58 77.34   62.49   80.71   85.21
12:43:02 77.34   60.58   80.38   85.10
12:44:05 77.11   60.24   80.49   84.99
12:45:08 77.11   60.01   80.26   84.99
12:46:12 77.00   59.67   80.38   84.88
12:47:15 76.89   59.56   80.38   84.76
12:48:18 76.89   59.34   80.04   84.76
12:49:22 76.66   58.66   80.49   84.65
12:50:25 76.66   58.89   80.49   84.65
12:51:28 76.55   58.44   80.26   84.43
12:52:32 76.55   58.10   80.04   84.43
12:53:35 76.55   67.21   80.15   84.43
12:54:38 76.55   69.13   79.81   84.31
12:55:42 76.66   70.14   80.04   84.31
12:56:45 76.66   70.70   79.93   84.31
12:57:48 76.78   71.71   79.81   84.31
12:58:52 76.78   72.95   79.81   84.20
12:59:55 77.00   74.30   79.93   84.09
13:00:58 77.22   75.43   80.04   84.09
13:02:02 77.22   66.20   80.15   84.20
13:03:05 77.34   61.59   79.93   84.09
13:04:08 77.22   60.58   79.93   84.20
13:05:12 77.11   60.35   79.93   84.09
13:06:15 77.00   60.01   80.26   84.09
13:07:18 77.00   59.90   79.93   83.97
13:08:22 77.00   59.23   79.93   83.97
13:09:25 76.89   59.11   79.93   83.97
13:10:28 76.89   58.78   79.81   83.86
13:11:32 76.78   58.55   79.70   83.75
13:12:35 76.78   58.21   79.81   83.86
13:13:39 76.66   58.21   79.59   83.86
13:14:42 76.66   58.10   79.93   83.64
13:15:45 76.66   57.99   79.81   83.75
13:16:49 76.66   57.88   79.59   83.64
13:17:52 76.66   57.54   79.47   83.53
13:18:55 76.66   57.42   79.59   83.53
13:20:02 76.55   57.54   79.47   83.53
13:21:05 76.55   57.31   79.70   83.41
13:22:09 76.55   57.31   79.36   83.30
13:23:12 76.44   57.20   79.36   83.41
13:24:15 76.44   56.75   79.36   83.41
13:25:19 76.44   56.98   79.59   83.41
13:26:22 76.44   56.86   79.36   83.30
13:27:25 76.44   56.98   79.25   83.19
13:28:29 76.33   56.86   79.36   83.08
13:29:32 76.44   56.64   79.25   83.19
13:30:36 76.44   56.86   79.36   83.08
13:31:39 76.33   56.75   79.47   83.08
13:32:42 76.33   66.76   79.36   82.96
13:33:46 76.44   67.33   79.14   83.08
13:34:49 76.55   68.11   79.59   83.08
13:35:52 76.66   68.68   79.47   83.08
13:36:56 76.66   69.46   79.36   83.08
13:37:59 76.78   65.41   79.25   83.19
13:39:02 76.66   60.80   79.36   83.08
13:40:06 76.66   59.79   79.25   83.08
13:41:09 76.66   59.34   79.36   82.85
13:42:12 76.55   59.11   79.70   82.85
13:43:16 76.44   58.89   79.47   82.74
13:44:19 76.55   58.33   79.14   82.74
13:45:26 76.44   57.88   79.03   82.74
13:46:29 76.44   57.54   79.03   82.85
13:47:33 76.44   57.09   79.25   82.74
13:48:36 76.33   57.09   79.25   82.85
13:49:39 76.44   56.98   79.25   82.85
13:50:43 76.33   56.64   79.47   82.74
13:51:46 76.33   56.98   79.25   82.63
13:52:49 76.33   56.86   79.25   82.63
13:53:53 76.21   56.86   79.03   82.74
13:54:56 76.33   56.75   78.91   82.74
13:55:59 76.21   56.64   79.03   82.63
13:57:03 76.21   56.41   79.03   82.63
13:58:06 76.21   56.64   79.25   82.63
13:59:09 76.21   56.64   78.91   82.51
14:00:13 76.10   56.75   79.14   82.40
14:01:16 76.10   56.53   79.25   82.29
14:02:19 76.21   56.30   78.91   82.40
14:03:23 76.10   56.30   78.91   82.40
14:04:26 76.10   56.30   79.14   82.40
14:05:29 75.99   56.41   79.14   82.40
14:06:33 76.10   56.30   79.25   82.40
14:07:36 76.10   56.30   79.25   82.29
14:08:39 75.99   56.30   78.69   82.29
14:09:43 75.99   56.08   78.80   82.29
14:10:46 76.10   56.19   78.69   82.29
14:11:49 76.10   56.30   78.80   82.29
14:12:53 76.10   56.19   78.80   82.18
14:13:56 76.10   56.41   78.80   82.18
14:14:59 75.99   56.19   78.91   82.18
14:16:03 75.99   56.19   79.14   82.06
14:17:06 76.10   56.30   79.03   82.06
14:18:10 75.99   56.30   79.03   82.06
14:19:13 76.10   56.19   79.14   82.06
14:20:16 75.99   56.08   79.03   82.18
14:21:20 76.10   56.19   79.14   82.06
14:22:23 76.10   56.08   79.03   82.06
14:23:26 76.10   56.08   78.91   82.06
14:24:30 75.99   56.30   78.69   81.95
14:25:33 76.10   56.19   78.80   81.95
14:26:36 75.99   55.96   78.69   81.84
14:27:40 75.99   56.19   78.69   81.84
14:28:43 75.99   56.08   78.80   81.84
14:29:46 75.88   55.96   78.91   81.95
14:30:50 75.99   55.96   78.80   81.84
14:31:53 75.99   55.85   78.91   81.72
14:32:56 75.99   55.85   78.91   81.72
14:34:00 75.88   55.96   78.80   81.72
14:35:03 75.88   55.96   78.58   81.72
14:36:06 75.99   55.85   78.91   81.61
14:37:10 75.88   56.08   78.69   81.61
14:38:13 75.88   55.96   78.69   81.61
14:39:16 75.88   55.74   78.46   81.61
14:40:20 75.88   55.74   78.69   81.61
14:41:23 75.88   55.74   78.58   81.50
14:42:26 75.76   55.51   78.58   81.39
14:43:30 75.76   55.63   78.69   81.61
14:44:33 75.76   55.51   78.35   81.61
14:45:36 75.76   55.63   78.46   81.50
14:46:40 75.76   55.51   78.58   81.50
14:47:50 75.76   55.51   78.24   81.50
14:48:54 75.65   55.51   78.69   81.50
14:49:57 75.76   55.51   78.35   81.61
14:51:00 75.76   55.51   78.58   81.61
14:52:04 75.76   55.51   78.35   81.61
14:53:14 75.65   55.40   78.58   81.61
14:54:17 75.76   55.51   78.69   81.50
14:55:21 75.65   55.40   78.69   81.39
14:56:24 75.65   55.51   78.58   81.28
14:57:27 75.65   55.51   78.58   81.28
14:58:31 75.65   55.51   78.46   81.28
14:59:34 75.65   55.40   78.35   81.16
15:00:37 75.65   55.51   78.58   81.16
15:01:41 75.65   55.40   78.35   81.05
15:02:44 75.76   55.40   78.24   81.05
15:03:47 75.65   55.40   78.35   81.16
15:04:51 75.65   55.40   78.35   81.16
15:05:54 75.65   55.40   78.46   81.28
15:07:01 75.65   55.29   78.69   81.16
15:08:04 75.65   55.29   78.46   81.05
15:09:08 75.65   55.29   78.69   81.16
15:10:11 75.65   55.17   78.46   81.16
15:11:14 75.65   55.17   78.46   81.05
15:12:18 75.65   55.06   78.46   81.16
15:13:21 75.65   55.06   78.46   81.05
15:14:24 75.65   55.06   78.35   81.16
15:15:28 75.65   55.06   78.24   81.05
15:16:31 75.65   55.06   78.35   80.94
15:17:34 75.54   55.06   78.01   81.05
15:18:38 75.54   54.95   78.13   81.05
15:19:41 75.54   54.95   78.01   80.94
15:20:44 75.43   54.95   78.13   80.83
15:21:48 75.54   55.17   78.01   80.94
15:22:51 75.43   55.17   78.24   80.94
15:23:54 75.43   55.06   78.46   81.05
15:24:58 75.43   55.06   78.35   81.05
15:26:01 75.54   55.17   78.24   81.05
15:27:04 75.43   55.06   78.35   80.94
15:28:08 75.43   55.06   78.13   80.94
15:29:11 75.54   55.06   78.24   80.83
15:30:15 75.43   55.06   78.01   80.83
15:31:18 75.43   55.06   77.68   80.83
15:32:21 75.54   55.06   78.35   80.94
15:33:25 75.43   55.17   78.01   80.83
15:34:35 75.31   55.06   77.90   80.83
15:35:38 75.43   55.06   78.01   80.83
15:36:42 75.31   55.17   77.79   80.71
15:37:45 75.43   55.17   78.13   80.83
15:38:48 75.43   55.29   78.13   80.83
15:39:52 75.31   55.17   78.01   80.83
15:40:55 75.43   55.06   78.01   80.71
15:41:58 75.43   55.17   77.90   80.71
15:43:02 75.43   55.17   78.01   80.71
15:44:05 75.54   55.17   78.13   80.71
15:45:08 75.43   55.06   78.01   80.71
15:46:12 75.43   55.06   78.24   80.71
15:47:15 75.43   55.17   78.35   80.83
15:48:18 75.43   55.06   77.79   80.71
15:49:22 75.43   55.06   77.90   80.60
15:50:25 75.31   55.17   77.90   80.60
15:51:28 75.43   55.17   78.01   80.60
15:52:32 75.43   55.06   77.79   80.60
15:53:35 75.31   55.06   77.90   80.60
15:54:42 75.43   55.17   77.90   80.60
15:55:45 75.31   55.17   78.24   80.49
15:56:49 75.31   55.06   78.13   80.38
15:57:52 75.43   55.06   78.01   80.26
15:58:55 75.31   55.17   78.01   80.38
15:59:59 75.31   55.06   78.01   80.49
16:01:02 75.31   55.17   78.24   80.49
16:02:05 75.43   55.17   77.90   80.38
16:03:09 75.43   55.29   77.79   80.49
16:04:12 75.43   55.06   77.90   80.60
16:05:15 75.31   55.06   77.79   80.60
16:06:19 75.31   55.06   77.79   80.49
16:07:22 75.31   55.06   77.68   80.49
16:08:25 75.31   54.95   77.79   80.49
16:09:29 75.31   54.84   78.13   80.49
16:10:32 75.20   55.06   78.13   80.49
16:11:35 75.20   54.84   78.01   80.49
16:12:39 75.31   54.95   78.01   80.38
16:13:42 75.31   54.95   77.90   80.38
16:14:46 75.31   54.95   77.90   80.38
16:15:49 75.54   54.95   77.79   80.38
16:16:52 75.43   54.95   77.79   80.26
16:17:56 75.31   54.84   77.79   80.38
16:18:59 75.31   54.84   78.13   80.38
16:20:02 75.31   54.84   78.13   80.38
16:21:06 75.31   54.84   77.90   80.26
16:22:09 75.31   54.84   77.68   80.26
16:23:12 75.20   54.84   77.68   80.26
16:24:16 75.31   54.84   78.01   80.26
16:25:19 75.31   54.84   77.79   80.38
16:26:22 75.20   54.61   78.01   80.26
16:27:26 75.20   54.61   77.45   80.26
16:28:29 75.20   54.61   77.68   80.26
16:29:32 75.20   54.61   77.79   80.15
16:30:36 75.31   54.61   77.45   80.15
16:31:46 75.43   54.61   77.68   80.04
16:32:49 75.31   54.61   77.68   80.15
16:33:53 75.31   54.61   78.13   98.60
16:34:56 75.43   54.61   78.01   99.84
16:35:59 75.43   54.61   78.01   98.49
16:37:03 75.31   54.73   77.79   96.80
16:38:06 75.31   54.50   77.90   95.34
16:39:09 75.20   54.61   77.90   94.21
16:40:13 75.20   54.61   77.90   93.31
16:41:16 75.20   54.61   78.13   92.30
16:42:19 75.09   54.61   77.56   91.63
16:43:23 75.20   54.50   77.79   91.06
16:44:26 75.20   54.61   77.68   90.39
16:45:30 75.20   54.61   77.56   89.94
16:46:33 75.09   54.61   77.79   89.49
16:47:36 75.09   54.50   77.45   89.04
16:48:40 75.09   54.50   77.68   88.59
16:49:43 75.09   54.50   77.56   88.25
16:50:46 75.09   54.50   77.56   88.03
16:51:50 75.09   54.39   77.68   87.69
16:52:53 75.09   54.50   77.79   87.35
16:53:56 74.97   54.28   77.56   87.01
16:55:03 75.09   54.28   77.68   86.79
16:56:06 75.09   54.50   77.56   86.45
16:57:10 75.20   54.50   77.56   86.22
16:58:13 75.20   54.39   77.45   86.11
16:59:17 75.09   54.28   77.56   85.89
17:00:20 74.97   54.28   77.56   85.78
17:01:23 74.97   54.28   77.79   85.55
17:02:27 74.97   54.28   77.45   85.21
17:03:30 74.86   54.16   77.22   84.99
17:04:33 74.97   53.94   77.68   84.76
17:05:37 75.09   54.05   77.56   84.54
17:06:40 74.97   54.28   77.45   84.43
17:07:43 75.20   54.28   77.45   84.20
17:08:47 75.09   54.16   77.45   84.09
17:09:50 75.09   54.16   77.34   83.97
17:10:53 75.09   53.94   77.45   83.86
17:11:57 75.20   54.28   77.56   83.75
17:13:00 75.20   54.28   77.68   83.53
17:14:03 75.20   54.16   77.56   83.41
17:15:14 75.09   54.05   77.45   83.19
17:16:17 74.97   54.05   77.45   83.08
17:17:20 75.09   54.16   77.45   83.08
17:18:24 74.97   54.05   77.45   82.96
17:19:27 74.97   53.94   77.56   82.85
17:20:30 74.86   53.83   77.22   82.74
17:21:34 74.86   53.83   77.22   82.63
17:22:37 74.86   53.94   77.56   82.51
17:23:40 74.86   53.83   77.68   82.29
17:24:44 74.75   53.83   77.56   82.29
17:25:47 74.75   53.71   77.34   82.18
17:26:51 74.86   53.83   77.34   82.06
17:27:54 74.75   53.71   77.45   81.84
17:28:57 74.75   53.71   77.45   81.84
17:30:01 74.97   53.94   77.45   81.72
17:31:04 74.97   54.16   77.45   81.61
17:32:07 75.09   54.05   77.45   81.61
17:33:11 75.20   54.05   77.68   81.50
17:34:14 75.09   54.16   77.56   81.61
17:35:17 75.09   54.28   77.45   81.39
17:36:21 74.97   54.16   77.34   81.39
17:37:24 75.09   54.16   77.22   81.28
17:38:31 75.09   54.05   77.11   81.28
17:39:34 75.09   54.05   77.34   81.16
17:40:37 75.09   54.05   77.34   81.16
17:41:41 75.20   54.16   77.34   81.16
17:42:44 75.20   54.16   77.22   81.05
17:43:48 75.09   54.16   77.11   80.94
17:44:51 75.09   54.05   77.34   80.83
17:45:54 74.97   54.05   77.34   80.94
17:46:58 75.09   54.16   77.11   80.83
17:48:01 75.09   54.28   77.34   80.83
17:49:04 75.09   54.16   77.22   86.45
17:50:08 75.09   54.16   77.11   99.95
17:51:11 75.20   54.16   77.22   100.74
17:52:14 75.09   54.28   77.11   99.28
17:53:18 75.20   54.16   77.11   97.70
17:54:21 75.09   54.28   77.22   96.24
17:55:24 75.09   54.16   77.34   95.00
17:56:28 75.09   54.16   77.22   93.88
17:57:31 75.09   54.16   77.22   92.86
17:58:34 75.09   54.16   77.34   102.54
17:59:38 74.97   54.05   77.34   103.78
18:00:41 75.20   54.28   77.22   102.54
18:01:51 75.09   54.28   77.34   100.85
18:02:55 75.20   54.16   77.00   99.61
18:03:58 75.09   54.28   77.11   98.38
18:05:01 75.09   54.16   77.11   97.25
18:06:05 75.20   54.16   77.22   96.24
18:07:08 75.09   54.16   77.22   95.11
18:08:11 74.97   54.05   77.34   94.33
18:09:15 75.09   54.16   77.22   93.65
18:10:18 75.09   54.16   77.34   92.97
18:11:22 75.09   54.05   77.34   92.30
18:12:25 75.09   54.05   77.11   91.74
18:13:28 75.09   54.05   77.00   91.29
18:14:32 74.97   54.16   77.11   90.95
18:15:35 74.97   54.05   77.11   90.61
18:16:38 75.20   54.05   77.00   90.05
18:17:42 75.20   54.05   76.89   89.71
18:18:45 75.09   54.05   77.00   89.26
18:19:48 75.09   54.05   77.00   88.93
18:20:52 74.97   54.16   77.11   88.59
18:21:58 74.97   54.16   77.11   88.25
18:23:02 74.97   53.94   77.22   87.80
18:24:05 74.97   54.05   76.89   87.58
18:25:09 74.97   54.05   76.89   87.24
18:26:12 74.97   53.94   76.78   87.01
18:27:15 74.97   53.94   77.00   86.68
18:28:19 74.97   53.83   77.22   86.45
18:29:22 74.97   53.94   77.11   86.22
18:30:25 74.86   53.71   77.34   85.89
18:31:29 74.97   53.83   77.00   85.66
18:32:32 74.97   53.94   77.11   85.55
18:33:35 74.97   53.71   77.00   85.44
18:34:39 74.86   53.83   77.22   85.21
18:35:42 74.97   53.71   77.00   84.99
18:36:45 74.86   53.71   76.89   84.76
18:37:49 74.86   53.71   76.89   84.43
18:38:52 74.97   53.71   76.89   84.31
18:39:55 74.86   53.71   76.89   84.20
18:40:59 74.86   53.71   77.00   84.20
18:42:02 74.86   53.60   76.89   84.09
18:43:05 74.75   53.60   76.66   83.75
18:44:09 74.86   53.83   76.78   83.53
18:45:12 74.97   53.71   76.78   83.41
18:46:15 74.86   53.71   76.89   83.30
18:47:19 74.86   53.71   76.89   83.19
18:48:26 74.86   53.71   76.78   83.08
18:49:29 74.86   53.71   76.89   82.96
18:50:32 74.86   53.83   76.89   98.71
18:51:36 74.97   53.71   76.78   101.08
18:52:39 74.86   53.71   76.78   99.84
18:53:42 74.86   53.71   76.55   98.15
18:54:46 74.75   53.60   77.11   96.58
18:55:49 74.75   53.60   77.00   97.81
18:56:52 74.75   53.60   76.55   103.55
18:57:56 74.86   53.60   76.78   104.11
18:58:59 74.86   53.60   76.78   103.66
19:00:02 74.86   53.60   76.55   102.99
19:01:06 74.86   53.71   76.33   102.20
19:02:09 74.86   53.60   76.55   103.89
19:03:12 74.86   53.60   76.44   104.79
19:04:16 74.97   53.49   76.66   104.23
19:05:19 74.97   53.60   76.55   103.44
19:06:22 74.75   53.49   76.44   102.76
19:07:26 74.75   53.60   76.66   101.86
19:08:29 74.75   53.49   76.55   101.19
19:09:32 74.64   53.49   76.55   100.51
19:10:36 74.86   53.49   76.55   99.73
19:11:39 74.86   53.60   76.55   98.94
19:12:42 74.86   53.60   76.66   98.26
19:13:46 74.75   53.49   76.89   97.59
19:14:49 74.75   53.49   76.55   97.03
19:15:53 74.75   53.49   76.55   96.46
19:16:56 74.86   53.49   76.89   95.79
19:17:59 74.86   53.49   76.55   95.22
19:19:03 74.75   53.38   76.44   94.66
19:20:06 74.64   53.26   76.89   94.10
19:21:09 74.64   53.26   76.55   93.65
19:22:13 74.75   53.26   76.44   101.98
19:23:16 74.86   53.38   76.55   104.00
19:24:23 74.75   53.38   76.44   103.21
19:25:33 74.64   53.38   76.66   101.98
19:26:36 74.53   53.26   76.33   100.74
19:27:40 74.64   53.15   76.33   99.73
19:28:47 74.64   53.15   76.55   98.83
19:29:57 74.64   53.26   76.55   97.81
19:31:00 74.64   53.15   76.33   96.91
19:32:04 74.53   53.15   76.66   96.13
19:33:07 74.64   53.04   76.55   95.45
19:34:10 74.64   53.04   76.78   94.89
19:35:14 74.53   53.04   76.55   94.33
19:36:17 74.53   53.04   76.66   93.76
19:37:20 74.64   53.15   76.21   93.20
19:38:24 74.53   53.04   76.44   92.75
19:39:27 74.53   53.04   76.55   92.30
19:40:31 74.53   52.92   76.66   93.09
19:41:34 74.64   53.04   76.78   92.86
19:42:37 74.53   53.04   76.66   92.41
19:43:41 74.64   53.04   76.33   91.85
19:44:44 74.64   53.04   76.10   91.40
19:45:47 74.53   53.04   76.33   90.95
19:46:51 74.53   52.81   76.66   90.50
19:47:54 74.53   52.92   76.21   90.16
19:48:57 74.53   52.92   76.33   89.71
19:50:01 74.53   52.92   76.44   89.38
19:51:04 74.41   52.92   76.33   89.04
19:52:14 74.41   52.81   76.21   88.81
19:53:18 74.41   52.92   76.44   88.36
19:54:21 74.41   52.92   76.33   87.91
19:55:24 74.41   52.92   76.21   87.69
19:56:28 74.30   52.92   76.66   87.35
19:57:31 74.30   52.81   76.55   87.13
19:58:34 74.30   52.81   76.44   86.79
19:59:38 74.30   52.81   76.44   86.68
20:00:41 74.30   52.81   76.21   86.45
20:01:44 74.30   52.59   76.55   86.22
20:02:48 74.30   52.70   76.21   85.89
20:03:51 74.30   52.70   76.10   85.55
20:04:54 74.19   52.70   76.21   85.33
20:05:58 74.19   52.70   75.99   85.21
20:07:01 74.19   52.70   75.76   84.99
20:08:04 74.19   52.70   75.88   84.76
20:09:08 74.30   52.70   75.99   84.54
20:10:11 74.30   52.70   76.33   84.43
20:11:15 74.19   52.70   76.21   84.20
20:12:18 74.19   52.70   75.88   84.09
20:13:25 74.41   52.70   76.44   83.86
20:14:28 74.41   52.70   76.10   83.86
20:15:31 74.30   52.59   75.99   83.75
20:16:35 74.19   52.81   75.99   83.64
20:17:38 74.19   52.81   75.65   83.41
20:18:41 74.19   52.70   75.76   83.19
20:19:45 74.19   52.70   75.76   83.08
20:20:48 74.08   52.70   76.10   82.96
20:21:51 74.19   52.70   75.88   82.74
20:22:55 74.30   52.70   76.21   82.40
20:23:58 74.41   52.70   76.21   82.29
20:25:02 74.41   52.70   75.88   82.29
20:26:05 74.19   52.81   75.88   82.18
20:27:08 74.08   52.70   75.76   82.06
20:28:12 74.30   52.70   75.99   81.95
20:29:15 74.19   52.70   75.88   81.84
20:30:18 74.19   52.70   75.65   81.84
20:31:22 74.30   52.81   75.54   81.61
20:32:25 74.19   52.81   75.54   81.61
20:33:28 74.30   52.70   75.76   81.61
20:34:35 74.19   52.70   75.65   81.50
20:35:38 74.19   52.70   75.76   81.28
20:36:45 74.19   52.70   75.76   81.28
20:37:49 74.19   52.59   75.76   81.05
20:38:56 74.08   52.59   75.88   81.05
20:39:59 74.19   52.59   76.21   80.94
20:41:02 74.08   52.59   76.21   81.05
20:42:06 74.08   52.59   76.44   80.94
20:43:09 74.08   52.59   76.10   80.94
20:44:12 74.19   52.48   76.21   80.83
20:45:19 74.08   52.48   76.21   80.71
20:46:22 74.08   52.48   76.33   80.60
20:47:29 74.08   52.48   76.44   80.49
20:48:33 74.08   52.48   76.10   80.49
20:49:36 73.96   52.59   75.99   96.01
20:50:39 74.19   52.59   75.88   102.43
20:51:43 74.08   52.48   75.88   104.11
20:52:50 74.08   52.59   75.76   104.90
20:53:53 74.08   52.48   75.76   105.58
20:54:56 74.19   52.59   75.76   106.14
20:56:00 74.19   52.59   75.65   106.36
20:57:03 74.30   52.59   75.76   106.59
20:58:06 74.30   52.59   75.65   106.59
20:59:10 74.41   54.16   75.88   106.03
21:00:17 74.41   54.95   75.54   105.24
21:01:20 74.53   54.84   75.65   104.45
21:02:23 74.41   54.39   75.76   103.66
21:03:27 74.53   54.16   75.65   102.76
21:04:30 74.53   54.16   76.10   101.98
21:05:33 74.41   53.94   75.88   101.30
21:06:37 74.53   53.71   75.88   100.51
21:07:40 74.41   53.38   75.88   99.73
21:08:43 74.41   53.15   75.99   99.16
21:09:47 74.41   53.04   76.10   98.49
21:10:50 74.19   53.15   75.88   97.92
21:11:53 74.19   52.92   75.99   97.36
21:12:57 74.08   52.92   75.88   96.69
21:14:00 74.08   52.81   75.65   96.13
21:15:03 74.08   52.70   75.54   95.56
21:16:07 74.08   52.81   76.10   95.00
21:17:10 73.96   52.59   75.88   94.44
21:18:13 73.96   52.59   75.88   94.10
21:19:17 73.85   52.59   75.99   93.65
21:20:20 73.85   52.59   75.88   93.20
21:21:23 73.85   52.59   75.76   92.86
21:22:27 73.85   52.59   75.76   92.53
21:23:30 73.85   52.48   75.88   92.19
21:24:33 73.85   52.36   75.88   91.74
21:25:37 73.85   52.36   76.10   91.29
21:26:40 73.74   52.36   75.99   90.95
21:27:43 73.85   52.48   76.10   90.50
21:28:47 73.85   52.48   75.99   90.28
21:29:50 73.74   52.36   75.88   89.94
21:30:54 73.74   52.36   75.76   89.60
21:31:57 73.74   52.25   76.10   89.26
21:33:00 73.63   52.25   76.10   88.93
21:34:04 73.63   52.25   75.76   91.63
21:35:07 73.63   52.25   75.99   97.70
21:36:10 73.63   52.14   75.76   97.48
21:37:14 73.63   52.14   75.65   96.46
21:38:20 73.51   52.14   75.76   95.45
21:39:24 73.51   52.14   75.88   94.66
21:40:31 73.51   52.14   75.99   93.76
21:41:34 73.51   52.03   75.88   93.09
21:42:37 73.51   52.14   75.76   92.41
21:43:41 73.51   52.14   75.54   92.08
21:44:44 73.51   52.03   75.54   91.63
21:45:47 73.40   52.03   75.76   91.06
21:46:51 73.40   52.03   75.99   90.61
21:47:54 73.40   51.91   75.76   90.16
21:48:57 73.40   51.91   75.88   89.71
21:50:01 73.40   51.80   75.88   89.38
21:51:04 73.40   51.91   75.99   89.04
21:52:07 73.40   51.80   75.88   88.59
21:53:11 73.40   51.91   75.65   88.36
21:54:14 73.29   51.91   75.76   87.91
21:55:17 73.40   51.80   75.76   87.58
21:56:21 73.40   51.80   75.88   87.46
21:57:24 73.40   51.91   75.76   87.13
21:58:28 73.40   51.80   75.65   86.90
21:59:31 73.63   51.91   75.99   86.79
22:00:34 73.51   51.91   75.99   86.34
22:01:38 73.40   51.80   76.21   86.11
22:02:41 73.40   51.80   76.10   85.89
22:03:44 73.29   51.80   75.76   85.55
22:04:48 73.29   51.91   75.99   85.21
22:05:51 73.29   52.25   75.65   85.10
22:06:54 73.29   52.25   75.76   84.99
22:07:58 73.29   52.14   75.99   84.76
22:09:01 73.18   52.03   76.10   84.65
22:10:04 73.29   52.03   75.54   84.43
22:11:08 73.18   51.91   75.65   101.19
22:12:11 73.29   51.80   75.54   105.01
22:13:14 73.18   51.80   75.76   104.68
22:14:18 73.06   51.80   75.43   103.78
22:15:21 73.18   51.58   75.65   102.76
22:16:24 73.29   51.80   75.31   108.28
22:17:28 73.18   51.69   75.54   109.18
22:18:31 73.18   51.69   75.43   108.73
22:19:34 73.06   51.69   75.43   107.94
22:20:38 73.06   51.46   75.31   106.81
22:21:45 72.95   51.58   75.31   105.58
22:22:48 73.06   51.46   75.43   104.45
22:23:51 73.06   51.46   75.43   103.44
22:24:55 72.95   51.46   75.31   102.31
22:25:58 72.95   51.58   75.09   101.41
22:27:01 72.95   51.46   75.20   104.56
22:28:12 73.06   51.46   75.09   107.94
22:29:15 72.95   51.35   75.20   107.94
22:30:18 72.84   51.46   75.20   107.60
22:31:22 72.84   51.35   75.20   107.60
22:32:25 72.84   51.46   74.97   107.04
22:33:28 72.95   51.46   75.20   106.36
22:34:32 72.95   51.46   75.20   105.69
22:35:35 72.84   51.46   75.09   104.90
22:36:38 72.84   51.35   74.86   104.23
22:37:42 72.84   51.46   75.20   103.55
22:38:45 72.72   51.46   75.43   102.99
22:39:49 72.84   51.58   75.09   106.81
22:40:52 72.84   51.46   75.09   106.93
22:41:55 72.72   51.46   74.75   106.48
22:42:59 72.72   51.35   75.09   105.80
22:44:02 72.61   51.35   75.09   105.01
22:45:09 72.61   51.35   74.97   104.23
22:46:16 72.61   51.35   74.86   103.33
22:47:19 72.61   51.24   74.75   102.65
22:48:22 72.72   51.35   74.75   101.86
22:49:26 72.61   51.24   74.86   101.19
22:50:29 72.61   51.24   74.86   100.51
22:51:32 72.50   51.24   74.75   99.84
22:52:36 72.50   51.13   75.31   99.16
22:53:39 72.50   51.24   75.09   98.49
22:54:42 72.50   51.13   75.20   97.70
22:55:46 72.50   51.24   74.75   97.14
22:56:49 72.50   51.13   74.86   96.46
22:57:52 72.50   51.24   74.97   96.01
22:58:56 72.50   51.24   74.86   95.56
22:59:59 72.39   51.13   75.09   95.00
23:01:02 72.39   51.01   74.86   94.44
23:02:06 72.39   51.01   74.86   93.88
23:03:09 72.39   51.01   74.64   93.31
23:04:12 72.39   51.13   75.09   92.86
23:05:16 72.39   51.13   74.86   92.41
23:06:19 72.28   51.01   74.86   92.08
23:07:22 72.28   50.90   74.75   91.63
23:08:26 72.28   50.90   74.97   91.29
23:09:29 72.28   51.01   74.86   90.84
23:10:33 72.28   51.01   74.97   90.50
23:11:36 72.28   50.90   74.75   90.16
23:12:39 72.28   50.90   74.86   89.71
23:13:43 72.28   50.90   74.75   89.38
23:14:46 72.16   50.79   74.64   88.93
23:15:49 72.16   50.90   74.53   88.70
23:16:53 72.05   51.01   74.86   88.36
23:17:56 72.28   50.79   74.64   91.85
23:18:59 72.28   50.79   74.86   103.44
23:20:03 72.16   50.79   74.97   105.80
23:21:06 72.16   50.79   74.75   107.04
23:22:09 72.16   50.79   74.75   107.26
23:23:13 72.16   50.79   74.75   106.48
23:24:16 72.28   50.79   74.53   105.35
23:25:19 72.16   50.79   74.64   104.11
23:26:23 72.28   50.90   74.53   102.88
23:27:26 72.28   50.79   74.64   101.75
23:28:33 72.28   50.90   74.41   100.63
23:29:36 72.28   50.90   74.64   99.61
23:30:43 72.28   51.01   74.53   98.71
23:31:46 72.28   51.01   74.64   97.92
23:32:50 72.16   50.90   74.64   97.03
23:33:53 72.16   50.90   74.53   96.35
23:34:56 72.16   50.79   74.53   95.79
23:36:00 72.16   50.90   74.64   95.22
23:37:03 72.05   50.79   74.75   94.66
23:38:07 72.16   50.56   74.30   94.10
23:39:10 72.05   50.67   74.53   93.54
23:40:13 72.05   50.67   74.75   92.97
23:41:17 72.05   50.67   74.64   92.53
23:42:20 71.94   50.67   74.64   92.08
23:43:23 71.94   50.56   74.53   91.63
23:44:27 71.94   50.67   74.30   91.29
23:45:30 71.94   50.67   74.53   90.84
23:46:33 71.94   50.67   74.30   90.39
23:47:37 71.83   50.56   74.41   90.05
23:48:40 71.83   50.56   74.64   89.60
23:49:47 71.71   50.56   74.53   89.38
23:50:50 71.83   50.56   74.41   88.81
23:51:54 71.83   50.56   74.53   88.59
23:52:57 71.94   50.45   74.53   88.36
23:54:00 71.71   50.45   74.41   87.91
23:55:04 71.83   50.45   74.64   87.69
23:56:07 71.71   50.67   74.64   87.24
23:57:10 71.83   50.67   74.75   86.90
23:58:14 71.83   50.67   74.64   86.79
23:59:17 71.71   50.45   74.19   86.45
