00:00:13 71.71   50.34   73.29   86.90
00:01:16 71.71   50.34   73.29   86.68
00:02:20 71.71   50.23   73.29   86.45
00:03:23 71.71   50.23   73.29   86.22
00:04:26 71.83   50.23   73.29   85.89
00:05:30 71.71   50.34   73.40   85.55
00:06:33 71.71   50.23   73.18   85.21
00:07:37 71.60   50.34   73.29   85.10
00:08:40 71.60   50.23   73.18   84.88
00:09:43 71.60   50.23   73.18   84.76
00:10:47 71.60   50.23   73.29   84.54
00:11:50 71.49   50.11   73.18   84.31
00:12:53 71.60   50.11   73.06   84.09
00:13:57 71.49   50.11   73.18   83.86
00:15:00 71.49   50.11   73.06   83.75
00:16:03 71.49   50.23   73.06   83.64
00:17:07 71.49   50.00   73.06   83.53
00:18:10 71.38   50.00   72.84   83.30
00:19:13 71.38   50.00   72.84   83.08
00:20:17 71.38   50.00   72.95   82.85
00:21:20 71.38   49.89   73.06   82.74
00:22:23 71.38   49.89   72.95   82.63
00:23:27 71.38   50.00   72.95   82.40
00:24:30 71.38   50.00   72.95   82.40
00:25:33 71.38   50.00   72.95   82.18
00:26:37 71.26   50.00   72.95   81.95
00:27:40 71.26   49.89   72.95   81.84
00:28:43 71.26   49.89   72.84   81.72
00:29:47 71.15   49.89   72.84   81.61
00:30:50 71.26   56.53   72.84   81.61
00:31:53 71.38   61.36   72.95   81.39
00:32:57 71.49   62.38   72.72   81.39
00:34:00 71.60   62.83   72.84   81.16
00:35:03 71.71   63.61   72.84   81.05
00:36:07 71.83   64.63   72.84   80.83
00:37:10 71.94   65.86   72.95   80.71
00:38:13 72.05   61.03   72.84   80.71
00:39:17 72.05   54.95   72.95   80.71
00:40:20 71.94   52.92   72.84   80.71
00:41:24 71.83   52.48   72.95   80.49
00:42:27 71.60   52.25   72.61   80.38
00:43:30 71.60   51.80   72.95   80.26
00:44:34 71.49   51.69   72.84   80.26
00:45:37 71.49   51.24   72.95   80.15
00:46:40 71.49   51.35   72.95   80.04
00:47:44 71.38   51.01   72.84   79.93
00:48:47 71.38   50.67   72.72   79.93
00:49:50 71.38   50.79   72.72   79.81
00:50:54 71.38   57.99   72.84   79.70
00:51:57 71.38   62.49   72.72   79.81
00:53:00 71.60   63.84   72.72   79.81
00:54:04 71.71   64.74   72.84   79.81
00:55:07 71.83   65.75   72.84   79.81
00:56:10 71.83   67.33   72.95   79.81
00:57:14 72.05   68.45   72.95   79.81
00:58:17 72.05   69.91   72.84   79.70
00:59:20 72.05   71.04   72.84   79.70
01:00:24 72.16   71.83   72.84   79.47
01:01:27 72.39   68.00   72.61   79.59
01:02:30 72.28   56.30   72.84   79.70
01:03:34 72.16   53.38   72.95   79.59
01:04:37 72.05   52.70   72.95   79.59
01:05:40 71.94   52.36   73.06   79.47
01:06:44 71.83   52.25   73.06   79.36
01:07:47 71.71   52.14   73.06   79.59
01:08:50 71.60   51.91   72.95   79.59
01:09:54 71.49   60.91   72.95   79.36
01:10:57 71.60   64.06   72.84   79.36
01:12:00 71.71   65.19   73.06   79.36
01:13:04 71.83   67.55   72.95   79.47
01:14:07 71.94   70.14   73.06   79.47
01:15:11 72.05   72.05   72.95   79.59
01:16:14 72.16   73.06   72.95   79.47
01:17:17 72.16   73.51   73.06   79.36
01:18:21 72.28   73.85   72.95   79.36
01:19:24 72.28   73.96   72.95   79.36
01:20:27 72.39   74.19   72.95   79.36
01:21:31 72.39   74.41   73.18   79.25
01:22:34 72.50   74.41   73.18   79.36
01:23:37 72.50   74.53   73.29   79.36
01:24:41 72.61   74.53   73.29   79.36
01:25:44 72.61   74.64   73.29   79.47
01:26:47 72.72   74.75   73.29   79.47
01:27:51 72.72   74.75   73.29   79.36
01:28:54 72.72   74.86   73.29   79.47
01:29:57 72.72   74.86   73.40   79.36
01:31:01 72.84   74.97   73.51   79.59
01:32:04 72.84   74.97   73.51   79.59
01:33:07 72.95   75.09   73.63   79.70
01:34:11 72.95   75.09   73.51   79.59
01:35:14 72.95   75.20   73.51   79.59
01:36:17 72.95   75.20   73.74   79.59
01:37:21 73.06   75.20   73.74   79.70
01:38:24 72.95   75.20   73.74   79.70
01:39:27 72.95   75.31   73.74   79.59
01:40:31 73.06   75.31   73.74   79.47
01:41:34 73.06   75.31   73.74   79.59
01:42:37 73.06   75.31   73.74   79.59
01:43:41 73.06   75.31   73.74   79.59
01:44:44 73.06   75.43   73.85   79.70
01:45:47 73.06   75.43   73.85   79.70
01:46:51 73.18   75.43   73.85   79.70
01:47:54 73.06   75.43   73.85   79.81
01:48:57 73.18   75.43   73.85   79.93
01:50:01 73.18   75.43   73.96   79.81
01:51:04 73.06   75.54   73.96   79.81
01:52:08 73.18   75.54   73.96   80.04
01:53:11 73.18   75.54   73.96   79.93
01:54:14 73.18   75.54   74.08   79.81
01:55:18 73.18   75.54   73.96   80.04
01:56:21 73.18   75.54   74.08   80.04
01:57:24 73.29   75.65   74.08   80.04
01:58:28 73.29   75.65   74.19   80.04
01:59:31 73.29   75.65   74.08   80.04
02:00:34 73.29   75.65   74.19   80.04
02:01:38 73.40   75.65   74.19   80.04
02:02:41 73.40   75.65   74.30   80.15
02:03:44 73.40   75.65   74.30   80.15
02:04:48 73.40   75.65   74.30   80.04
02:05:51 73.40   75.65   74.30   80.15
02:06:54 73.29   75.76   74.30   80.15
02:07:58 73.40   75.76   74.30   80.15
02:09:01 73.51   75.76   74.30   80.15
02:10:04 73.40   75.76   74.30   80.26
02:11:08 73.51   75.76   74.30   80.26
02:12:11 73.51   75.76   74.30   80.26
02:13:14 73.51   75.76   74.41   80.26
02:14:18 73.51   75.76   74.41   80.38
02:15:21 73.51   75.88   74.41   80.49
02:16:24 73.51   75.88   74.41   80.49
02:17:28 73.51   75.88   74.41   80.38
02:18:31 73.51   75.88   74.41   80.49
02:19:34 73.51   75.88   74.53   80.49
02:20:38 73.63   75.88   74.53   80.71
02:21:41 73.51   75.88   74.53   80.60
02:22:45 73.51   75.88   74.53   80.49
02:23:48 73.63   75.99   74.64   80.49
02:24:51 73.51   75.99   74.64   80.38
02:25:55 73.63   75.99   74.53   80.38
02:26:58 73.63   75.99   74.53   80.49
02:28:01 73.63   75.99   74.64   80.71
02:29:05 73.63   75.99   74.64   80.60
02:30:08 73.63   75.99   74.64   80.71
02:31:11 73.63   75.99   74.64   80.60
02:32:15 73.74   76.10   74.75   80.60
02:33:18 73.74   76.10   74.64   80.60
02:34:21 73.74   76.10   74.75   80.71
02:35:25 73.63   76.10   74.64   80.83
02:36:28 73.63   76.10   74.64   80.83
02:37:31 73.74   76.10   74.75   80.71
02:38:35 73.74   76.10   74.75   80.71
02:39:38 73.63   76.10   74.75   80.83
02:40:41 73.74   76.21   74.75   80.94
02:41:45 73.63   76.21   74.75   81.05
02:42:48 73.63   76.21   74.86   80.94
02:43:51 73.74   76.21   74.75   80.94
02:44:55 73.85   76.21   74.75   80.94
02:45:58 73.74   76.21   74.86   81.05
02:47:01 73.74   76.33   74.75   81.16
02:48:05 73.74   76.33   74.86   81.16
02:49:08 73.85   76.33   74.75   81.16
02:50:11 73.85   76.33   74.86   80.94
02:51:15 73.85   76.33   74.86   81.05
02:52:18 73.85   76.33   74.86   81.05
02:53:21 73.85   76.33   74.97   80.94
02:54:25 73.85   76.33   74.86   81.05
02:55:28 73.85   76.33   74.97   81.05
02:56:32 73.85   76.33   74.97   81.05
02:57:35 73.85   76.33   74.97   81.05
02:58:38 73.85   76.33   74.97   81.16
02:59:42 73.85   76.44   74.97   81.16
03:00:45 73.85   76.44   74.97   81.16
03:01:48 73.85   76.44   74.97   81.16
03:02:52 73.85   76.44   75.09   81.16
03:03:55 73.96   76.44   74.97   81.16
03:04:58 73.85   76.44   75.09   81.28
03:06:02 73.85   76.44   74.97   81.16
03:07:05 73.96   76.55   75.09   81.16
03:08:08 73.85   76.55   75.09   81.16
03:09:12 73.85   76.44   74.97   81.16
03:10:15 73.96   76.44   74.97   81.16
03:11:18 73.96   76.44   74.97   81.28
03:12:22 73.96   76.33   75.09   81.16
03:13:25 73.96   76.33   74.97   81.05
03:14:28 73.96   76.44   75.09   81.16
03:15:32 73.96   76.33   75.09   81.16
03:16:35 73.96   76.44   75.09   81.16
03:17:38 73.96   76.44   75.09   81.16
03:18:42 73.96   76.44   75.09   81.39
03:19:45 73.96   76.44   75.09   81.39
03:20:48 73.96   76.44   75.09   81.39
03:21:52 74.08   76.44   75.20   81.39
03:22:55 73.96   76.44   75.31   81.28
03:23:58 74.08   76.44   75.20   81.28
03:25:02 74.08   76.44   75.20   81.28
03:26:05 74.08   76.55   75.20   81.28
03:27:08 74.08   76.55   75.20   81.39
03:28:12 74.08   76.55   75.31   81.28
03:29:15 74.08   76.55   75.31   81.39
03:30:19 74.08   76.55   75.31   81.50
03:31:22 74.08   76.55   75.20   81.50
03:32:25 74.08   76.55   75.20   81.50
03:33:29 74.08   76.55   75.31   81.39
03:34:32 74.08   76.55   75.31   81.39
03:35:35 74.08   76.66   75.31   81.50
03:36:39 74.08   76.66   75.31   81.50
03:37:42 74.08   76.66   75.31   81.50
03:38:45 74.08   76.78   75.31   81.50
03:39:49 74.19   76.78   75.43   81.61
03:40:52 74.19   76.78   75.43   81.61
03:41:55 74.08   76.78   75.43   81.50
03:42:59 74.08   76.78   75.31   81.50
03:44:02 74.19   76.78   75.31   81.50
03:45:05 74.08   76.78   75.43   81.50
03:46:09 74.08   76.78   75.43   81.50
03:47:12 74.08   76.89   75.43   81.50
03:48:15 74.19   76.89   75.43   81.50
03:49:19 74.08   76.89   75.54   81.50
03:50:22 74.19   76.89   75.43   81.50
03:51:25 74.19   76.89   75.43   81.61
03:52:29 74.19   76.89   75.43   81.61
03:53:32 74.30   76.89   75.43   81.61
03:54:35 74.19   76.89   75.54   81.61
03:55:39 74.19   76.89   75.54   81.72
03:56:42 74.19   76.89   75.54   81.72
03:57:45 74.19   76.89   75.54   81.72
03:58:49 74.30   76.89   75.43   81.61
03:59:52 74.19   77.00   75.54   81.61
04:00:55 74.19   77.00   75.65   81.72
04:01:59 74.19   77.00   75.65   81.72
04:03:02 74.19   77.00   75.65   81.72
04:04:06 74.30   77.00   75.65   81.61
04:05:09 74.30   77.11   75.54   81.72
04:06:12 74.30   77.11   75.65   81.84
04:07:16 74.30   77.00   75.65   81.72
04:08:19 74.30   77.11   75.65   81.72
04:09:22 74.19   77.11   75.65   81.84
04:10:26 74.30   77.11   75.65   81.84
04:11:29 74.30   77.11   75.65   81.84
04:12:32 74.19   77.11   75.65   81.95
04:13:36 74.30   77.11   75.54   81.84
04:14:39 74.30   77.11   75.65   81.95
04:15:42 74.30   77.11   75.76   81.84
04:16:46 74.30   77.11   75.76   81.84
04:17:49 74.41   77.11   75.76   81.84
04:18:52 74.30   77.11   75.76   81.84
04:19:56 74.30   77.11   75.76   81.95
04:20:59 74.41   77.11   75.76   81.84
04:22:02 74.30   77.11   75.76   81.84
04:23:06 74.30   77.22   75.76   81.84
04:24:09 74.30   77.11   75.76   81.84
04:25:12 74.41   77.11   75.88   81.95
04:26:16 74.30   77.22   75.76   81.95
04:27:19 74.30   77.22   75.88   81.84
04:28:22 74.41   77.22   75.88   81.95
04:29:26 74.41   77.22   75.88   81.95
04:30:29 74.41   77.22   75.76   81.95
04:31:32 74.41   77.22   75.88   81.95
04:32:36 74.41   77.22   75.88   82.06
04:33:39 74.41   77.22   75.88   82.06
04:34:42 74.41   77.22   75.88   82.06
04:35:46 74.41   77.22   75.88   82.06
04:36:49 74.41   77.22   75.99   81.95
04:37:53 74.41   77.22   75.88   81.95
04:38:56 74.41   77.22   75.99   82.06
04:39:59 74.41   77.22   75.88   82.06
04:41:03 74.53   77.34   75.99   82.06
04:42:06 74.53   77.22   75.99   82.18
04:43:09 74.53   77.34   75.88   82.06
04:44:13 74.41   77.22   75.99   82.18
04:45:16 74.41   77.34   75.99   82.06
04:46:19 74.53   77.34   75.88   82.18
04:47:23 74.53   77.22   76.10   82.18
04:48:26 74.53   77.34   75.99   82.06
04:49:29 74.53   77.22   75.88   82.18
04:50:33 74.53   77.34   75.99   82.29
04:51:36 74.53   77.34   75.99   82.18
04:52:39 74.53   77.34   76.10   82.18
04:53:43 74.53   77.34   76.10   82.06
04:54:46 74.41   77.34   76.10   82.06
04:55:49 74.41   77.34   76.10   82.18
04:56:53 74.53   77.34   75.99   82.06
04:57:56 74.53   77.34   76.10   82.06
04:58:59 74.53   77.34   76.10   82.06
05:00:03 74.53   77.34   76.10   82.18
05:01:06 74.53   77.34   76.10   82.18
05:02:09 74.53   77.34   76.10   82.18
05:03:13 74.53   77.34   76.21   82.18
05:04:16 74.53   77.34   76.21   82.40
05:05:19 74.53   77.34   76.10   82.40
05:06:23 74.53   77.34   76.21   82.40
05:07:26 74.53   77.34   76.21   82.29
05:08:30 74.64   77.34   76.21   82.18
05:09:33 74.64   77.34   76.21   82.18
05:10:36 74.53   77.34   76.21   82.06
05:11:40 74.53   77.34   76.21   82.18
05:12:43 74.53   77.45   76.33   82.18
05:13:46 74.64   77.34   76.21   82.29
05:14:50 74.64   77.45   76.21   82.29
05:15:53 74.64   77.45   76.21   82.29
05:16:56 74.64   77.45   76.21   82.29
05:18:00 74.64   77.45   76.21   82.18
05:19:03 74.64   77.45   76.21   82.40
05:20:06 74.64   77.45   76.21   82.40
05:21:10 74.53   77.45   76.33   82.40
05:22:13 74.64   77.45   76.21   82.40
05:23:16 74.64   77.45   76.33   82.40
05:24:20 74.64   77.45   76.21   82.51
05:25:23 74.64   77.45   76.33   82.40
05:26:26 74.64   77.45   76.21   82.40
05:27:30 74.64   77.45   76.21   82.18
05:28:33 74.64   77.45   76.33   82.29
05:29:36 74.64   77.45   76.33   82.29
05:30:40 74.64   77.45   76.33   82.40
05:31:43 74.64   77.56   76.33   82.40
05:32:46 74.64   77.45   76.44   82.40
05:33:50 74.64   77.45   76.33   82.29
05:34:53 74.64   77.56   76.33   82.40
05:35:56 74.64   77.45   76.44   82.29
05:37:00 74.75   77.45   76.44   82.18
05:38:03 74.64   77.56   76.44   82.29
05:39:07 74.64   77.56   76.33   82.40
05:40:10 74.64   77.56   76.44   82.40
05:41:13 74.75   63.61   76.44   82.40
05:42:17 74.64   59.79   76.44   82.40
05:43:20 74.41   57.20   76.33   82.40
05:44:23 74.30   55.74   76.33   82.29
05:45:27 74.08   55.29   76.33   82.18
05:46:30 73.85   54.95   76.10   82.06
05:47:33 73.74   64.18   75.88   81.95
05:48:37 73.74   66.99   75.65   81.95
05:49:40 73.74   70.03   75.54   81.95
05:50:43 73.85   71.94   75.54   81.95
05:51:47 73.96   73.85   75.76   82.18
05:52:50 73.96   75.43   75.88   82.06
05:53:53 74.08   76.33   75.88   82.06
05:54:57 74.08   76.78   75.99   82.06
05:56:00 74.19   77.00   75.99   82.06
05:57:03 74.19   77.00   75.99   82.06
05:58:07 74.30   77.11   75.99   82.06
05:59:10 74.30   77.22   75.99   82.18
06:00:13 74.41   77.22   76.10   82.06
06:01:17 74.30   77.22   76.10   82.06
06:02:20 74.41   77.22   76.10   82.06
06:03:23 74.41   77.34   76.10   82.29
06:04:27 74.53   77.34   76.10   82.18
06:05:30 74.41   77.34   76.10   82.29
06:06:33 74.41   77.34   76.21   82.18
06:07:37 74.53   77.34   76.21   82.29
06:08:40 74.53   77.45   76.21   82.29
06:09:44 74.53   77.34   76.21   82.29
06:10:47 74.53   77.45   76.33   82.40
06:11:50 74.64   77.34   76.33   82.40
06:12:54 74.64   77.34   76.33   82.40
06:13:57 74.64   77.34   76.44   82.40
06:15:00 74.53   77.45   76.44   82.40
06:16:04 74.64   77.45   76.33   82.51
06:17:07 74.64   77.45   76.44   82.51
06:18:10 74.64   77.45   76.44   82.51
06:19:14 74.64   77.45   76.44   82.51
06:20:17 74.64   77.45   76.44   82.40
06:21:20 74.64   77.45   76.44   82.40
06:22:24 74.64   77.45   76.55   82.40
06:23:27 74.64   77.45   76.44   82.40
06:24:30 74.64   77.45   76.44   82.29
06:25:34 74.64   77.45   76.44   82.40
06:26:37 74.64   77.45   76.44   82.40
06:27:40 74.64   77.45   76.44   82.51
06:28:44 74.64   77.45   76.55   82.40
06:29:47 74.64   77.45   76.55   82.40
06:30:50 74.75   77.45   76.44   82.40
06:31:54 74.75   77.45   76.44   82.40
06:32:57 74.75   77.56   76.44   82.40
06:34:00 74.75   77.45   76.44   82.51
06:35:04 74.75   77.45   76.44   82.51
06:36:07 74.75   77.45   76.44   82.51
06:37:10 74.75   77.45   76.55   82.51
06:38:14 74.64   77.56   76.44   82.51
06:39:17 74.75   77.45   76.55   82.40
06:40:20 74.75   77.45   76.55   82.40
06:41:24 74.75   77.45   76.44   82.51
06:42:27 74.75   77.56   76.44   82.51
06:43:30 74.75   77.56   76.55   82.51
06:44:34 74.75   77.56   76.44   82.51
06:45:37 74.75   77.56   76.44   82.63
06:46:40 74.75   77.56   76.55   82.63
06:47:44 74.75   77.56   76.55   82.63
06:48:47 74.75   77.56   76.55   82.63
06:49:51 74.75   77.56   76.55   82.63
06:50:54 74.75   77.56   76.55   82.63
06:51:57 74.75   77.56   76.55   82.63
06:53:01 74.75   77.56   76.55   82.63
06:54:04 74.86   77.56   76.55   82.63
06:55:07 74.75   77.56   76.66   82.63
06:56:11 74.75   77.56   76.66   82.63
06:57:14 74.86   77.56   76.66   82.51
06:58:17 74.86   77.56   76.55   82.51
06:59:21 74.86   77.56   76.66   82.63
07:00:24 74.86   77.68   76.55   82.63
07:01:27 74.86   77.56   76.66   82.51
07:02:31 74.86   77.56   76.66   82.63
07:03:34 74.86   77.68   76.66   82.63
07:04:37 74.86   77.68   76.66   82.63
07:05:41 74.86   77.68   76.66   82.51
07:06:44 74.86   77.68   76.66   82.63
07:07:47 74.86   77.68   76.66   82.74
07:08:51 74.86   77.56   76.66   82.74
07:09:54 74.86   77.68   76.66   82.74
07:10:57 74.86   77.56   76.66   82.74
07:12:01 74.86   77.68   76.66   82.74
07:13:04 74.97   77.68   76.78   82.74
07:14:07 74.86   77.68   76.78   82.63
07:15:11 74.86   77.68   76.78   82.74
07:16:14 74.86   77.68   76.66   82.85
07:17:17 74.86   77.68   76.66   82.74
07:18:21 74.86   77.68   76.66   82.74
07:19:24 74.97   77.68   76.66   99.05
07:20:27 74.86   77.68   76.66   105.35
07:21:31 74.75   77.68   76.66   106.93
07:22:34 74.86   77.68   76.66   107.38
07:23:37 74.86   77.68   76.66   107.60
07:24:41 74.97   77.68   76.66   107.26
07:25:44 74.97   77.68   76.66   108.50
07:26:48 74.97   77.68   76.66   109.18
07:27:51 74.97   77.79   76.66   109.96
07:28:54 74.97   77.79   76.78   110.53
07:29:58 75.09   77.79   76.78   110.86
07:31:01 75.09   77.79   76.66   110.86
07:32:04 75.09   77.79   76.78   110.30
07:33:08 75.20   77.90   76.78   109.51
07:34:11 75.20   77.90   76.78   108.61
07:35:14 75.20   77.90   76.78   107.94
07:36:18 75.20   78.01   76.66   107.26
07:37:21 75.20   78.01   76.78   106.48
07:38:24 75.20   78.01   76.78   109.29
07:39:28 75.20   78.01   76.89   109.51
07:40:31 75.20   78.01   76.66   108.73
07:41:34 75.20   78.01   76.78   108.16
07:42:38 75.20   78.01   76.78   107.49
07:43:41 75.20   78.01   76.78   106.70
07:44:44 75.20   78.01   76.66   106.03
07:45:48 75.31   78.01   76.66   105.35
07:46:51 75.20   78.01   76.78   104.45
07:47:54 75.20   78.01   76.66   103.89
07:48:58 75.31   78.01   76.78   103.44
07:50:01 75.31   78.13   76.78   102.76
07:51:04 75.31   78.13   76.78   102.20
07:52:08 75.31   78.13   76.78   101.75
07:53:11 75.31   78.13   76.89   101.19
07:54:14 75.31   78.13   76.89   100.74
07:55:18 75.31   78.13   77.00   100.29
07:56:21 75.31   78.13   77.00   99.73
07:57:25 75.43   78.13   76.89   99.73
07:58:28 75.43   78.13   76.89   107.38
07:59:31 75.43   78.24   77.00   108.28
08:00:35 75.43   78.24   77.00   107.71
08:01:38 75.43   78.24   77.00   106.81
08:02:41 75.43   78.24   76.89   105.80
08:03:45 75.43   78.24   77.00   104.90
08:04:48 75.54   78.24   77.00   104.00
08:05:51 75.54   78.24   77.11   103.21
08:06:55 75.54   78.35   77.00   102.43
08:07:58 75.54   78.24   77.00   102.20
08:09:01 75.54   78.35   77.11   101.75
08:10:05 75.54   78.35   77.11   101.08
08:11:08 75.65   78.35   77.11   100.51
08:12:11 75.54   78.35   77.11   99.84
08:13:15 75.54   78.35   77.11   99.39
08:14:18 75.65   78.35   77.11   98.83
08:15:21 75.65   78.35   77.11   98.26
08:16:25 75.65   78.35   77.11   97.92
08:17:28 75.65   78.35   77.11   97.48
08:18:31 75.65   78.35   77.11   97.14
08:19:35 75.76   78.46   77.11   96.69
08:20:38 75.65   78.46   77.11   96.35
08:21:41 75.76   78.46   77.11   96.01
08:22:45 75.76   78.46   77.00   96.13
08:23:48 75.76   78.46   77.00   95.79
08:24:51 75.76   78.46   77.11   95.45
08:25:55 75.76   78.46   77.11   95.11
08:26:58 75.76   78.46   77.22   94.78
08:28:01 75.76   78.46   77.22   94.44
08:29:05 75.76   78.46   77.22   94.10
08:30:08 75.88   78.46   77.22   93.76
08:31:12 75.88   78.46   77.22   93.54
08:32:15 75.88   78.58   77.22   93.31
08:33:18 75.88   78.58   77.34   93.09
08:34:22 75.88   78.58   77.22   92.86
08:35:25 75.88   78.58   77.22   92.53
08:36:28 75.88   78.58   77.34   92.30
08:37:32 75.88   78.58   77.34   92.08
08:38:35 75.88   78.58   77.34   91.85
08:39:38 75.88   78.69   77.45   91.63
08:40:42 75.99   78.58   77.34   91.40
08:41:45 75.88   78.69   77.34   91.18
08:42:48 75.99   78.69   77.34   90.84
08:43:52 75.99   78.58   77.45   90.72
08:44:55 75.99   78.69   77.34   90.61
08:45:58 75.99   78.69   77.34   90.39
08:47:02 75.99   78.69   77.45   90.16
08:48:05 75.99   78.69   77.45   89.94
08:49:08 75.99   78.69   77.45   89.83
08:50:12 75.99   78.69   77.45   89.60
08:51:15 75.99   78.69   77.45   89.49
08:52:18 75.99   78.80   77.45   89.38
08:53:22 75.99   78.69   77.45   89.38
08:54:25 76.10   78.80   77.45   89.26
08:55:28 75.99   78.80   77.45   89.15
08:56:32 76.10   78.80   77.45   88.93
08:57:35 76.10   78.80   77.45   88.81
08:58:38 76.10   78.80   77.45   88.81
08:59:42 76.10   78.80   77.56   88.70
09:00:45 76.10   78.80   77.45   88.59
09:01:48 76.10   78.80   77.56   88.47
09:02:52 76.10   78.80   77.56   88.59
09:03:55 76.10   78.80   77.45   89.15
09:04:59 76.10   78.80   77.56   89.04
09:06:02 76.21   78.80   77.56   88.93
09:07:05 76.21   78.91   77.34   88.70
09:08:09 76.21   78.91   77.45   88.70
09:09:12 76.10   78.91   77.56   88.59
09:10:15 76.21   78.91   77.68   88.59
09:11:19 76.21   78.91   77.56   88.47
09:12:22 76.21   78.91   77.79   88.36
09:13:25 76.21   78.91   77.79   88.14
09:14:29 76.33   78.91   77.56   88.03
09:15:32 76.33   78.91   77.68   88.03
09:16:35 76.33   78.91   77.68   87.91
09:17:39 76.33   79.03   77.68   87.80
09:18:42 76.33   79.03   77.56   87.58
09:19:45 76.44   79.03   77.56   87.58
09:20:49 76.33   79.03   77.68   87.46
09:21:52 76.44   79.03   77.68   87.46
09:22:55 76.44   79.14   77.56   87.46
09:23:59 76.44   79.14   77.45   87.35
09:25:02 76.44   79.14   77.68   87.13
09:26:05 76.44   79.14   77.45   87.01
09:27:09 76.55   79.14   77.45   86.90
09:28:12 76.44   65.08   77.68   86.79
09:29:15 76.44   61.25   77.56   86.79
09:30:19 76.10   59.56   77.56   86.56
09:31:22 75.99   58.21   77.56   86.34
09:32:25 75.76   57.65   77.68   86.22
09:33:29 75.65   57.42   77.56   86.11
09:34:32 75.65   59.79   77.68   86.00
09:35:36 75.76   67.89   77.79   86.00
09:36:39 75.65   69.69   77.79   86.00
09:37:42 75.76   72.16   77.68   86.00
09:38:46 75.76   73.74   77.79   85.89
09:39:49 75.88   75.09   77.79   85.66
09:40:52 75.88   76.78   77.90   85.55
09:41:56 75.88   77.79   78.01   85.66
09:42:59 75.99   78.35   77.90   85.66
09:44:02 76.10   78.58   77.79   85.66
09:45:06 76.21   78.69   77.90   85.66
09:46:09 76.21   78.80   77.90   85.66
09:47:12 76.33   78.80   77.90   85.66
09:48:16 76.33   78.80   78.01   85.66
09:49:19 76.33   78.91   78.01   85.55
09:50:22 76.44   78.91   78.01   85.66
09:51:26 76.44   62.94   78.13   85.55
09:52:29 76.33   58.78   78.01   85.33
09:53:32 76.10   57.88   78.01   85.21
09:54:36 75.99   57.54   78.13   85.21
09:55:39 75.76   57.20   78.13   84.99
09:56:42 75.65   56.98   77.90   84.88
09:57:46 75.54   56.75   77.79   84.88
09:58:49 75.43   56.75   77.90   84.76
09:59:52 75.31   66.65   77.56   84.76
10:00:56 75.54   68.22   77.45   84.76
10:01:59 75.65   69.58   77.56   84.76
10:03:02 75.65   71.60   77.79   84.76
10:04:06 75.65   73.29   77.79   84.76
10:05:09 75.76   74.41   77.68   84.65
10:06:12 75.88   76.44   77.56   84.65
10:07:16 75.88   77.68   77.56   85.44
10:08:19 75.99   78.24   77.56   100.51
10:09:23 76.10   78.46   77.68   102.65
10:10:26 76.10   78.24   77.79   101.75
10:11:29 76.10   62.60   77.90   100.18
10:12:33 76.10   58.78   78.01   98.83
10:13:36 75.88   57.88   78.01   97.59
10:14:39 75.76   57.54   78.01   96.69
10:15:43 75.65   57.31   78.01   95.79
10:16:46 75.54   57.09   77.79   94.78
10:17:49 75.54   56.86   77.68   94.10
10:18:53 75.43   56.75   77.79   93.65
10:19:56 75.43   56.53   77.79   93.09
10:20:59 75.43   59.45   77.79   92.75
10:22:03 75.31   67.10   77.79   92.30
10:23:06 75.43   68.22   77.68   91.85
10:24:09 75.54   69.35   77.79   91.51
10:25:13 75.54   71.15   77.79   91.29
10:26:16 75.54   72.50   77.68   90.84
10:27:19 75.65   73.51   77.79   90.61
10:28:23 75.76   75.09   77.68   90.39
10:29:26 75.88   76.66   77.68   90.16
10:30:29 75.88   76.33   77.45   89.83
10:31:33 75.88   62.26   77.56   89.60
10:32:36 75.76   58.44   77.79   89.49
10:33:39 75.65   57.65   77.79   89.26
10:34:43 75.54   57.42   77.79   88.93
10:35:46 75.43   57.09   77.68   88.70
10:36:49 75.31   56.86   77.68   88.47
10:37:53 75.31   56.75   77.79   88.25
10:38:56 75.20   56.53   77.79   88.03
10:40:00 75.09   56.30   77.68   87.80
10:41:03 75.09   56.08   77.56   87.58
10:42:06 75.09   56.19   77.68   87.35
10:43:10 74.97   55.74   77.68   87.01
10:44:13 74.97   55.29   77.68   86.79
10:45:16 74.97   56.64   77.68   86.79
10:46:20 75.09   66.31   77.56   86.56
10:47:23 75.20   67.44   77.56   86.56
10:48:26 75.31   68.11   77.56   86.45
10:49:30 75.31   69.13   77.56   86.22
10:50:33 75.31   70.25   77.56   86.22
10:51:36 75.31   71.38   77.56   86.00
10:52:40 75.43   65.08   77.56   86.00
10:53:43 75.31   59.34   77.56   85.89
10:54:46 75.31   57.54   77.56   85.66
10:55:50 75.20   57.20   77.56   85.44
10:56:53 75.09   56.86   77.68   85.33
10:57:56 74.97   56.64   77.56   85.21
10:59:00 74.86   56.53   77.56   85.10
11:00:03 74.86   56.30   77.45   84.99
11:01:06 74.86   55.96   77.56   84.88
11:02:10 74.75   55.63   77.45   84.76
11:03:13 74.75   55.40   77.45   84.65
11:04:16 74.75   55.29   77.45   84.54
11:05:20 74.64   55.17   77.45   84.43
11:06:23 74.64   55.06   77.45   84.31
11:07:26 74.64   54.84   77.34   84.31
11:08:30 74.53   54.95   77.34   84.31
11:09:33 74.53   54.95   77.22   84.20
11:10:36 74.53   54.84   77.22   84.09
11:11:40 74.53   54.50   77.22   83.97
11:12:43 74.41   54.73   77.22   83.75
11:13:46 74.41   54.50   77.34   83.75
11:14:50 74.41   54.39   77.22   83.53
11:15:53 74.53   54.16   77.22   96.80
11:16:57 74.53   54.28   77.22   106.36
11:18:00 74.41   55.51   77.11   108.39
11:19:03 74.41   64.85   77.22   108.95
11:20:07 74.53   66.20   77.22   109.06
11:21:10 74.75   66.99   77.22   109.51
11:22:13 74.86   67.66   77.11   110.19
11:23:17 74.86   68.34   77.11   110.64
11:24:20 74.97   64.29   77.11   110.98
11:25:23 74.97   59.56   77.11   111.09
11:26:27 74.97   57.31   77.11   111.20
11:27:30 74.97   56.98   77.22   111.31
11:28:33 74.75   56.75   77.11   111.20
11:29:37 74.75   56.41   77.22   110.64
11:30:40 74.75   56.30   77.22   110.19
11:31:43 74.75   56.08   77.22   111.31
11:32:47 74.64   55.74   77.11   111.43
11:33:50 74.75   55.29   77.11   112.10
11:34:53 74.64   55.40   77.00   112.89
11:35:57 74.75   54.95   77.00   112.44
11:37:00 74.86   54.95   77.00   111.65
11:38:03 74.75   55.29   77.00   113.79
11:39:07 74.75   55.51   77.00   112.55
11:40:10 74.86   55.17   77.00   111.31
11:41:13 74.75   55.06   77.00   110.30
11:42:17 74.75   55.06   77.00   109.29
11:43:20 74.75   55.17   77.00   108.61
11:44:23 74.86   54.95   77.00   107.83
11:45:27 74.75   54.73   77.00   107.15
11:46:30 74.75   54.95   76.89   106.48
11:47:33 74.75   54.73   77.00   105.69
11:48:37 74.75   54.84   77.00   105.01
11:49:40 74.86   54.84   77.00   104.34
11:50:44 74.97   54.95   76.89   103.55
11:51:47 74.97   54.84   77.00   103.33
11:52:50 74.86   54.95   76.89   102.76
11:53:54 74.86   54.61   76.89   102.31
11:54:57 74.75   54.95   77.00   101.53
11:56:00 74.86   54.73   76.89   100.85
11:57:04 74.75   55.06   77.00   100.29
11:58:07 74.75   54.95   77.00   99.61
11:59:10 74.75   54.84   76.89   99.05
12:00:14 74.75   54.84   77.00   98.60
12:01:17 74.75   54.84   76.89   98.60
12:02:20 74.75   54.61   76.89   98.38
12:03:24 74.64   54.61   76.89   98.04
12:04:27 74.86   54.50   76.89   97.70
12:05:30 74.75   54.39   76.89   97.25
12:06:34 74.64   54.50   76.78   96.91
12:07:37 74.64   54.73   76.78   96.46
12:08:40 74.97   54.73   76.78   96.01
12:09:44 75.43   54.84   76.89   95.56
12:10:47 75.43   54.84   76.78   95.34
12:11:50 75.31   54.84   76.78   94.89
12:12:54 75.31   55.17   76.78   94.55
12:13:57 75.43   55.29   76.78   94.21
12:15:00 75.31   54.95   76.78   93.76
12:16:04 75.20   54.84   76.66   105.35
12:17:07 75.09   54.73   76.66   109.29
12:18:10 75.09   55.06   76.66   109.18
12:19:14 74.97   54.95   76.78   108.73
12:20:17 74.97   54.73   76.55   108.73
12:21:20 74.97   54.61   76.44   108.39
12:22:24 74.97   54.61   76.78   107.94
12:23:27 75.09   54.39   76.78   107.38
12:24:30 75.09   54.61   76.89   106.59
12:25:34 75.09   54.50   76.78   105.80
12:26:37 75.20   54.50   76.78   105.01
12:27:41 75.20   54.50   76.66   104.34
12:28:44 75.20   54.50   76.89   103.55
12:29:47 75.20   54.50   76.66   102.76
12:30:51 75.20   54.61   76.78   102.09
12:31:54 75.20   54.61   77.00   101.64
12:32:57 75.09   54.50   76.89   100.96
12:34:01 74.97   54.61   76.78   100.51
12:35:04 74.86   54.39   76.66   99.84
12:36:07 74.75   54.28   76.44   99.39
12:37:11 74.75   54.50   76.66   98.94
12:38:14 74.75   54.50   76.66   98.38
12:39:17 74.64   54.16   76.66   97.81
12:40:21 74.64   54.39   76.66   97.36
12:41:24 74.64   54.28   76.66   96.80
12:42:27 74.64   54.50   76.78   96.35
12:43:31 74.53   54.05   76.66   96.01
12:44:34 74.53   54.28   76.55   95.56
12:45:37 74.53   54.16   76.66   95.22
12:46:41 74.53   53.94   76.55   94.89
12:47:44 74.41   54.05   76.66   94.55
12:48:47 74.41   54.16   76.55   94.33
12:49:51 74.30   53.94   76.44   94.10
12:50:54 74.30   54.16   76.55   93.88
12:51:57 74.41   53.94   76.55   93.54
12:53:01 74.30   53.94   76.66   93.09
12:54:04 74.30   53.94   76.55   92.64
12:55:07 74.30   53.83   76.44   92.41
12:56:11 74.19   53.94   76.44   92.19
12:57:14 74.19   53.83   76.44   91.85
12:58:17 74.19   53.94   76.33   91.63
12:59:21 74.19   54.05   76.44   91.40
13:00:24 74.19   53.71   76.44   91.06
13:01:28 74.19   53.83   76.44   90.84
13:02:31 74.19   53.83   76.21   90.50
13:03:34 74.19   53.83   76.33   90.28
13:04:38 74.08   53.83   76.33   89.94
13:05:41 74.19   53.71   76.33   89.71
13:06:44 74.08   53.38   76.33   89.49
13:07:48 74.08   53.71   76.33   89.26
13:08:51 74.08   53.60   76.44   89.26
13:09:54 74.08   53.60   76.44   88.93
13:10:58 73.96   53.60   76.33   88.59
13:12:01 73.96   53.71   76.33   88.36
13:13:04 74.08   53.71   76.21   88.25
13:14:08 73.96   53.71   76.33   87.91
13:15:11 73.96   53.71   76.21   87.69
13:16:14 74.08   53.60   76.33   87.58
13:17:18 73.96   53.60   76.21   87.46
13:18:21 73.96   53.60   76.21   87.35
13:19:24 73.96   53.60   76.21   87.24
13:20:28 73.96   53.60   76.21   87.01
13:21:31 73.96   53.60   76.21   86.79
13:22:34 73.96   53.60   76.33   86.68
13:23:38 73.96   53.60   76.21   86.45
13:24:41 73.85   53.49   76.21   86.22
13:25:44 73.96   53.49   76.21   86.22
13:26:48 73.85   53.60   76.10   86.00
13:27:51 73.96   53.71   76.10   85.89
13:28:54 73.85   53.49   76.10   85.66
13:29:58 73.85   53.60   76.10   85.55
13:31:01 73.85   53.71   76.10   85.55
13:32:04 73.85   53.49   75.99   85.33
13:33:08 73.85   53.49   76.10   85.33
13:34:11 73.85   53.60   75.99   85.10
13:35:15 73.74   53.60   75.99   84.88
13:36:18 73.74   53.49   76.10   84.88
13:37:21 73.74   53.38   75.99   84.76
13:38:25 73.63   53.49   75.88   84.65
13:39:28 73.74   53.38   75.88   84.54
13:40:31 73.63   53.26   75.88   84.31
13:41:35 73.74   53.49   75.88   84.20
13:42:38 73.74   53.49   75.99   84.20
13:43:41 73.74   53.60   75.88   83.97
13:44:45 73.74   53.15   75.88   83.86
13:45:48 73.74   53.15   75.88   83.75
13:46:51 73.74   53.04   75.88   83.75
13:47:55 73.63   53.04   75.88   83.64
13:48:58 73.63   52.81   75.88   83.64
13:50:01 73.63   52.70   75.88   83.41
13:51:05 73.51   52.70   75.99   83.53
13:52:08 73.51   52.70   75.76   83.53
13:53:11 73.51   52.59   75.88   83.30
13:54:15 73.51   52.48   75.88   83.19
13:55:18 73.40   52.48   75.88   83.08
13:56:21 73.40   52.36   75.88   83.08
13:57:25 73.40   52.36   75.76   83.08
13:58:28 73.29   52.25   75.76   82.96
13:59:31 73.29   52.25   75.65   82.85
14:00:35 73.29   52.25   75.65   82.74
14:01:38 73.29   52.14   75.65   82.63
14:02:41 73.29   52.14   75.65   82.51
14:03:45 73.29   52.25   75.54   82.40
14:04:48 73.18   52.03   75.54   82.29
14:05:52 73.18   52.03   75.54   82.18
14:06:55 73.29   52.03   75.54   82.18
14:07:58 73.18   52.03   75.54   82.18
14:09:02 73.18   52.03   75.31   82.06
14:10:05 73.18   52.03   75.43   81.84
14:11:08 73.06   51.80   75.54   81.84
14:12:12 73.18   51.91   75.43   81.84
14:13:15 73.06   51.91   75.31   81.84
14:14:18 72.95   51.91   75.31   81.72
14:15:22 73.06   51.91   75.31   81.84
14:16:25 73.06   51.91   75.31   81.72
14:17:28 73.06   51.80   75.31   81.72
14:18:32 73.06   51.80   75.20   81.72
14:19:35 73.06   51.69   75.31   81.61
14:20:38 72.95   51.80   75.31   81.61
14:21:42 72.95   51.80   75.20   81.50
14:22:45 73.06   51.91   75.31   81.50
14:23:48 72.84   51.80   75.20   81.39
14:24:52 73.06   51.69   75.20   81.39
14:25:55 72.95   51.80   75.20   81.28
14:26:58 72.84   51.80   75.09   81.28
14:28:02 72.95   51.69   75.20   81.16
14:29:05 72.84   51.69   75.20   81.16
14:30:08 72.84   51.80   75.09   81.05
14:31:12 72.95   51.69   75.09   81.05
14:32:15 72.84   51.69   75.09   80.94
14:33:18 72.84   51.80   75.09   81.05
14:34:22 72.84   51.69   75.09   80.94
14:35:25 72.84   51.46   74.86   80.94
14:36:28 72.95   51.46   74.86   80.83
14:37:32 72.84   51.80   74.86   80.83
14:38:35 72.72   51.58   74.86   80.71
14:39:39 72.72   51.69   74.97   80.60
14:40:42 72.72   51.46   74.97   80.60
14:41:45 72.84   51.58   74.97   80.60
14:42:49 72.61   58.55   75.09   80.60
14:43:52 72.84   62.94   74.86   80.71
14:44:55 73.06   63.61   74.97   80.60
14:45:59 73.18   64.06   74.97   80.71
14:47:02 73.18   64.63   75.09   80.60
14:48:05 73.40   65.53   74.97   80.49
14:49:09 73.40   66.54   75.20   80.49
14:50:12 73.40   58.78   75.09   80.38
14:51:15 73.40   54.95   75.20   80.49
14:52:19 73.29   54.28   75.09   80.49
14:53:22 73.18   54.16   75.09   80.38
14:54:25 73.18   53.71   75.09   80.38
14:55:29 73.06   53.49   74.97   80.49
14:56:32 73.06   53.26   74.97   80.49
14:57:35 72.95   53.04   74.97   80.38
14:58:39 72.95   52.92   74.86   80.26
14:59:42 72.95   52.81   75.09   80.26
15:00:45 72.84   52.70   74.86   80.15
15:01:49 72.95   52.36   74.97   80.15
15:02:52 72.95   60.24   75.20   80.26
15:03:55 73.06   63.50   74.97   80.26
15:04:59 73.18   64.63   75.09   80.38
15:06:02 73.29   65.53   75.09   80.38
15:07:05 73.40   66.09   74.97   80.49
15:08:09 73.51   66.76   75.09   80.38
15:09:12 73.63   67.89   75.09   80.49
15:10:15 73.63   69.35   75.20   80.60
15:11:19 73.63   69.69   75.09   80.49
15:12:22 73.74   59.11   75.31   80.49
15:13:26 73.74   55.74   74.97   80.38
15:14:29 73.63   55.17   75.20   80.38
15:15:32 73.51   54.84   75.09   80.26
15:16:36 73.51   54.50   74.97   80.15
15:17:39 73.29   54.39   75.09   80.26
15:18:42 73.29   53.94   74.97   80.15
15:19:46 73.18   53.71   74.97   80.15
15:20:49 73.06   60.69   75.09   80.15
15:21:52 73.18   64.51   75.09   80.26
15:22:56 73.40   65.97   75.20   80.26
15:23:59 73.51   66.99   75.20   80.15
15:25:02 73.51   68.11   75.20   80.26
15:26:06 73.63   70.03   75.09   80.38
15:27:09 73.63   71.71   75.20   80.38
15:28:12 73.85   72.95   75.20   80.38
15:29:16 73.96   73.85   75.31   80.38
15:30:19 74.08   74.53   75.31   80.49
15:31:22 74.08   74.97   75.31   80.49
15:32:26 74.19   75.31   75.43   80.38
15:33:29 74.19   71.49   75.43   80.49
15:34:32 74.30   58.89   75.43   80.49
15:35:36 74.08   56.30   75.31   80.38
15:36:39 73.96   55.74   75.54   80.26
15:37:42 73.85   55.40   75.54   80.26
15:38:46 73.74   55.29   75.54   80.26
15:39:49 73.74   54.95   75.43   80.38
15:40:52 73.51   61.70   75.43   80.26
15:41:56 73.51   66.09   75.43   80.26
15:42:59 73.63   66.99   75.31   80.15
15:44:02 73.74   68.34   75.31   80.26
15:45:06 73.85   70.59   75.43   80.49
15:46:09 73.85   72.95   75.43   80.49
15:47:12 73.96   74.64   75.54   80.49
15:48:16 74.08   75.31   75.54   80.49
15:49:19 74.19   75.76   75.54   80.49
15:50:23 74.19   75.99   75.65   80.60
15:51:26 74.30   76.10   75.65   80.49
15:52:29 74.41   76.21   75.65   80.49
15:53:33 74.41   76.33   75.65   80.49
15:54:36 74.53   76.44   75.65   80.49
15:55:39 74.53   76.55   75.65   80.60
15:56:43 74.64   76.66   75.65   80.60
15:57:46 74.64   76.66   75.76   80.60
15:58:49 74.64   76.78   75.76   80.83
15:59:53 74.75   76.78   75.76   80.83
16:00:56 74.75   76.89   75.76   80.83
16:01:59 74.86   76.89   75.65   80.83
16:03:03 74.86   76.89   75.88   80.83
16:04:06 74.97   76.89   75.99   81.05
16:05:09 74.97   77.00   75.99   81.05
16:06:13 74.97   77.00   75.88   81.05
16:07:16 74.97   77.00   75.99   81.05
16:08:19 75.09   77.11   75.99   81.05
16:09:23 75.09   77.11   76.10   81.05
16:10:26 75.09   77.11   76.21   81.05
16:11:29 75.20   77.11   76.10   81.05
16:12:33 75.09   77.22   76.21   81.16
16:13:36 75.09   77.22   76.33   81.16
16:14:39 75.20   77.34   76.33   81.16
16:15:43 75.31   77.22   76.33   81.16
16:16:46 75.20   77.34   76.33   81.16
16:17:49 75.31   77.34   76.21   81.16
16:18:53 75.43   64.06   76.44   81.05
16:19:56 75.20   58.33   76.55   81.05
16:20:59 75.09   57.09   76.44   81.05
16:22:03 74.97   56.86   76.44   81.16
16:23:06 74.75   56.53   76.44   81.28
16:24:10 74.64   64.18   76.33   81.16
16:25:13 74.64   67.55   76.33   81.16
16:26:16 74.75   68.90   76.21   81.16
16:27:20 74.75   71.15   76.21   81.16
16:28:23 74.75   73.96   75.99   81.28
16:29:26 74.86   75.88   75.99   81.28
16:30:30 74.97   76.78   76.33   81.28
16:31:33 74.97   77.11   76.33   81.28
16:32:36 75.20   77.22   76.21   81.39
16:33:40 75.20   77.34   76.33   81.39
16:34:43 75.31   77.45   76.33   81.39
16:35:46 75.43   77.56   76.44   81.50
16:36:50 75.43   77.56   76.55   81.39
16:37:53 75.54   77.68   76.55   81.39
16:38:56 75.54   77.68   76.66   81.50
16:40:00 75.54   77.68   76.66   81.50
16:41:03 75.65   77.79   76.66   81.50
16:42:06 75.65   77.79   76.78   81.50
16:43:10 75.76   77.79   76.78   81.61
16:44:13 75.65   77.90   76.78   81.61
16:45:16 75.76   77.90   76.89   81.61
16:46:20 75.76   77.90   76.89   81.72
16:47:23 75.76   78.01   76.89   81.72
16:48:26 75.76   78.01   76.89   81.84
16:49:30 75.88   78.01   76.89   81.84
16:50:33 75.88   78.01   77.00   81.84
16:51:36 75.99   78.01   77.00   81.95
16:52:40 75.88   78.13   77.00   81.95
16:53:43 75.99   78.13   77.00   81.95
16:54:46 75.99   78.13   77.00   81.95
16:55:50 75.99   78.13   77.00   81.95
16:56:53 75.99   78.24   77.11   81.95
16:57:57 75.99   78.24   76.66   82.06
16:59:00 76.10   78.24   76.89   82.18
17:00:03 75.99   78.24   77.00   82.18
17:01:07 75.99   78.24   77.00   82.18
17:02:10 76.10   78.24   77.11   82.06
17:03:13 75.99   78.24   77.11   82.18
17:04:17 76.10   78.35   77.22   82.18
17:05:20 76.10   78.35   77.22   82.06
17:06:23 76.21   78.35   77.11   82.06
17:07:27 76.10   78.46   77.22   82.06
17:08:30 76.21   78.46   77.34   82.18
17:09:33 76.21   78.46   77.34   82.29
17:10:37 76.21   78.46   77.34   82.29
17:11:40 76.21   78.46   77.34   82.29
17:12:43 76.21   78.46   77.34   82.29
17:13:47 76.33   78.58   77.34   82.29
17:14:50 76.33   78.58   77.34   82.29
17:15:53 76.33   78.58   77.45   82.29
17:16:57 76.44   78.58   77.45   98.26
17:18:00 76.44   78.58   77.45   100.40
17:19:03 76.44   78.69   77.45   99.28
17:20:07 76.55   78.69   77.45   97.70
17:21:10 76.66   78.69   77.45   96.46
17:22:13 76.78   78.80   77.45   95.22
17:23:17 76.78   63.50   77.56   94.44
17:24:20 76.66   59.45   77.56   93.65
17:25:23 76.44   58.44   77.56   92.86
17:26:27 76.33   58.21   77.56   92.19
17:27:30 76.10   58.10   77.45   91.74
17:28:33 75.99   58.10   77.45   91.06
17:29:37 75.99   58.10   77.45   90.61
17:30:40 75.99   58.10   77.34   94.44
17:31:44 75.76   57.99   77.22   102.54
17:32:47 75.76   57.88   77.22   102.31
17:33:50 75.65   57.76   77.22   101.19
17:34:54 75.54   57.54   77.22   107.04
17:35:57 75.54   57.54   77.11   106.81
17:37:00 75.43   57.20   77.11   105.35
17:38:04 75.43   57.42   77.11   104.11
17:39:07 75.43   56.98   77.00   102.65
17:40:10 75.31   57.20   77.00   101.30
17:41:14 75.31   57.09   77.11   100.18
17:42:17 75.54   57.09   77.00   104.79
17:43:20 75.43   57.20   77.00   105.91
17:44:24 75.54   57.20   76.89   104.79
17:45:27 75.54   57.09   76.78   103.66
17:46:30 75.54   57.31   76.78   102.43
17:47:34 75.65   57.54   76.78   101.19
17:48:37 75.76   57.54   76.78   99.95
17:49:40 75.65   57.65   76.89   98.94
17:50:44 75.54   57.31   76.89   98.04
17:51:47 75.43   57.31   76.89   97.25
17:52:50 75.43   57.20   76.89   96.58
17:53:54 75.31   57.31   76.78   95.90
17:54:57 75.31   57.09   76.78   95.22
17:56:00 75.20   56.98   76.78   94.66
17:57:04 75.20   56.98   76.78   94.10
17:58:07 75.31   56.86   76.66   93.54
17:59:10 75.20   56.64   76.66   92.97
18:00:14 75.20   56.64   76.66   92.53
18:01:17 75.20   56.53   76.78   95.90
18:02:20 75.20   56.64   76.66   105.80
18:03:24 75.20   56.53   76.66   107.60
18:04:27 75.09   56.30   76.66   107.15
18:05:31 75.09   56.19   76.55   105.91
18:06:34 75.09   56.41   76.55   104.45
18:07:37 75.09   55.96   76.66   103.21
18:08:41 75.09   55.85   76.66   107.60
18:09:44 74.97   55.74   76.55   108.50
18:10:47 74.97   55.74   76.55   108.61
18:11:51 75.09   55.96   76.55   107.94
18:12:54 74.97   55.85   76.66   106.81
18:13:57 75.09   55.63   76.55   105.58
18:15:01 75.09   55.63   76.44   104.11
18:16:04 74.97   56.08   76.44   102.99
18:17:07 74.86   55.63   76.44   107.38
18:18:11 74.86   55.85   76.44   108.05
18:19:14 74.75   55.85   76.44   108.16
18:20:17 74.75   55.51   76.21   108.28
18:21:21 74.86   55.51   76.21   108.05
18:22:24 74.75   55.40   75.99   107.60
18:23:27 74.86   55.40   75.76   107.04
18:24:31 74.86   55.40   75.65   106.48
18:25:34 74.86   55.17   75.65   105.80
18:26:37 74.97   55.51   75.65   105.13
18:27:41 74.97   55.40   75.65   104.45
18:28:44 74.86   55.63   75.54   103.78
18:29:47 74.86   55.29   76.78   103.10
18:30:51 74.86   54.95   76.89   102.54
18:31:58 74.75   54.95   76.55   101.86
18:33:01 74.86   55.06   77.45   101.19
18:34:05 74.86   55.06   77.11   100.74
18:35:08 74.86   55.29   77.34   100.18
18:36:12 74.86   54.95   77.11   99.73
18:37:15 74.86   54.95   77.00   99.16
18:38:18 74.86   54.84   77.11   98.71
18:39:22 74.75   54.84   77.22   98.15
18:40:25 74.64   54.95   77.11   97.70
18:41:28 74.64   54.61   77.22   97.14
18:42:32 74.53   54.61   77.00   96.80
18:43:35 74.53   54.28   76.78   96.46
18:44:38 74.53   54.50   77.11   95.90
18:45:42 74.53   54.28   77.11   95.68
18:46:45 74.53   54.28   76.66   95.34
18:47:48 74.53   54.05   76.66   94.89
18:48:52 74.41   54.16   76.89   94.55
18:49:55 74.41   54.16   76.89   94.10
18:50:58 74.30   53.94   76.66   93.65
18:52:02 74.30   54.05   76.89   93.43
18:53:05 74.19   53.94   76.89   93.09
18:54:08 74.19   53.94   76.78   92.86
18:55:12 74.30   53.71   76.66   92.53
18:56:15 74.19   53.83   76.89   92.30
18:57:18 74.19   53.83   77.11   91.74
18:58:22 74.08   53.94   76.78   91.51
18:59:25 74.08   53.60   76.78   91.29
19:00:28 73.96   53.83   77.00   90.95
19:01:32 74.08   53.49   76.66   90.61
19:02:35 73.96   53.60   76.66   90.39
19:03:38 73.96   53.60   76.55   90.05
19:04:42 73.96   53.38   76.44   89.83
19:05:45 73.96   53.49   76.55   89.60
19:06:48 73.96   53.49   76.55   89.38
19:07:52 73.85   53.26   76.55   89.15
19:08:55 73.85   53.26   76.44   88.93
19:09:59 74.08   53.49   76.78   88.70
19:11:02 74.08   53.49   76.89   88.47
19:12:05 73.96   53.26   76.55   88.14
19:13:09 73.85   53.26   76.33   87.91
19:14:12 73.96   53.15   76.21   87.80
19:15:15 73.85   53.38   76.55   87.58
19:16:19 73.85   53.04   76.33   87.35
19:17:22 73.74   53.15   76.44   87.13
19:18:25 73.85   53.15   76.55   87.01
19:19:29 73.85   53.15   76.33   86.79
19:20:32 73.85   53.38   76.44   86.68
19:21:35 73.85   53.15   76.33   86.45
19:22:39 73.74   53.04   76.44   86.22
19:23:42 73.74   53.04   76.44   86.11
19:24:45 73.74   53.26   76.21   86.00
19:25:49 73.74   52.92   76.33   85.78
19:26:52 73.74   53.04   76.21   85.66
19:27:55 73.74   53.04   76.10   85.44
19:28:59 73.74   52.92   76.10   85.44
19:30:02 73.74   52.81   76.10   85.21
19:31:05 73.85   53.04   76.33   84.99
19:32:09 73.85   52.92   76.33   84.88
19:33:12 73.74   52.81   76.10   84.65
19:34:15 73.74   52.92   76.21   100.29
19:35:19 73.85   52.81   76.10   108.16
19:36:22 73.74   52.81   76.10   108.61
19:37:25 73.63   52.81   75.99   107.71
19:38:29 73.63   52.81   76.10   106.48
19:39:32 73.74   52.81   75.99   105.24
19:40:35 73.74   52.81   75.76   104.23
19:41:39 73.63   52.81   75.99   103.10
19:42:42 73.63   52.81   76.10   102.09
19:43:46 73.74   52.81   76.78   101.08
19:44:49 73.74   52.92   76.55   100.06
19:45:52 73.85   52.81   76.33   99.16
19:46:56 73.74   52.81   76.44   98.38
19:47:59 73.74   52.70   76.10   97.70
19:49:02 73.63   52.70   75.76   96.91
19:50:06 73.74   52.70   75.88   96.35
19:51:09 73.74   52.70   75.88   95.79
19:52:12 73.74   52.70   75.88   95.22
19:53:16 73.74   52.59   76.21   94.66
19:54:19 73.63   52.59   76.33   94.21
19:55:22 73.63   52.59   76.10   93.65
19:56:26 73.63   52.70   75.99   93.20
19:57:29 73.63   52.59   75.99   92.75
19:58:32 73.63   52.59   76.33   92.19
19:59:36 73.74   52.70   75.99   91.85
20:00:39 73.63   52.70   75.99   91.29
20:01:42 73.74   52.70   75.88   91.06
20:02:46 73.63   52.70   75.88   90.72
20:03:49 73.63   52.59   76.21   90.39
20:04:52 73.63   52.59   76.10   90.05
20:05:56 73.51   52.59   76.10   89.71
20:06:59 73.51   52.59   75.99   89.38
20:08:02 73.40   52.48   76.10   89.04
20:09:06 73.51   52.59   76.10   88.81
20:10:09 73.51   52.48   76.33   88.59
20:11:12 73.74   52.48   75.99   88.25
20:12:16 73.63   52.59   76.21   87.91
20:13:19 73.63   52.36   75.65   87.69
20:14:23 73.51   52.48   76.21   87.35
20:15:26 73.63   52.48   75.76   88.36
20:16:29 73.51   52.48   75.76   105.91
20:17:33 73.74   52.48   75.88   107.71
20:18:36 73.63   52.48   76.10   106.25
20:19:39 73.63   52.48   76.10   104.68
20:20:43 73.51   52.36   76.10   103.10
20:21:46 73.51   52.36   75.99   101.53
20:22:49 73.51   52.36   76.10   100.18
20:23:53 73.51   52.25   76.10   99.05
20:24:56 73.51   52.25   75.99   98.04
20:25:59 73.40   52.25   76.10   97.14
20:27:03 73.51   52.25   75.88   96.35
20:28:06 73.51   52.25   75.99   95.68
20:29:09 73.40   52.25   75.76   95.00
20:30:13 73.40   52.25   75.76   94.44
20:31:16 73.51   52.25   76.10   93.88
20:32:19 73.51   52.25   75.88   93.43
20:33:23 73.51   52.25   75.99   92.97
20:34:26 73.51   52.25   75.65   92.30
20:35:29 73.51   52.25   76.21   91.96
20:36:33 73.40   52.14   76.21   91.51
20:37:36 73.51   52.14   76.89   91.06
20:38:39 73.51   52.14   76.66   90.72
20:39:43 73.51   52.14   76.55   90.39
20:40:46 73.40   52.14   76.44   89.94
20:41:49 73.51   52.14   76.21   89.49
20:42:53 73.51   52.03   76.55   89.04
20:43:56 73.40   52.03   76.33   88.70
20:45:00 73.51   52.14   75.99   88.36
20:46:03 73.51   52.03   76.33   88.14
20:47:06 73.40   52.03   75.76   87.91
20:48:10 73.40   52.14   75.99   87.58
20:49:13 73.40   52.03   76.21   87.35
20:50:16 73.29   51.91   76.10   87.13
20:51:20 73.29   51.91   76.10   86.90
20:52:23 73.40   52.14   75.88   86.68
20:53:26 73.29   52.03   76.10   86.45
20:54:30 73.40   51.91   75.99   86.11
20:55:33 73.29   51.80   76.10   85.89
20:56:36 73.29   52.03   76.44   85.66
20:57:40 73.29   51.91   75.88   85.55
20:58:43 73.29   51.91   75.99   85.33
20:59:46 73.29   51.91   76.21   85.10
21:00:50 73.29   51.91   76.21   84.99
21:01:53 73.29   51.91   76.10   84.88
21:02:56 73.29   51.91   75.99   84.43
21:04:00 73.29   51.80   76.33   84.20
21:05:03 73.29   51.91   75.99   84.09
21:06:06 73.29   52.03   75.99   83.97
21:07:10 73.29   52.03   76.44   83.86
21:08:13 73.40   51.91   76.44   83.75
21:09:16 73.40   51.91   76.21   83.64
21:10:20 73.29   52.03   76.10   83.41
21:11:23 73.18   51.80   75.88   83.41
21:12:26 73.18   51.80   76.21   83.30
21:13:30 73.29   51.91   75.88   83.08
21:14:33 73.29   51.91   76.21   82.96
21:15:36 73.29   51.91   76.33   82.85
21:16:40 73.29   51.91   76.21   82.74
21:17:43 73.18   51.91   76.10   82.51
21:18:47 73.40   52.03   76.10   82.29
21:19:50 73.40   51.91   76.10   82.18
21:20:53 73.29   51.91   76.10   82.06
21:21:57 73.29   51.91   76.21   81.95
21:23:00 73.29   51.80   75.99   81.84
21:24:03 73.29   51.80   75.76   81.72
21:25:07 73.18   51.80   75.88   81.61
21:26:10 73.18   51.80   75.99   81.50
21:27:13 73.18   51.80   76.10   81.50
21:28:17 73.06   51.80   75.99   81.50
21:29:20 73.18   51.91   75.76   81.39
21:30:23 73.06   51.80   75.88   81.39
21:31:27 73.18   51.80   76.10   81.39
21:32:30 73.18   51.80   75.99   81.28
21:33:33 73.06   51.69   75.99   81.28
21:34:37 73.06   51.80   76.33   81.05
21:35:40 73.06   51.69   75.65   80.94
21:36:43 73.06   51.69   75.65   80.83
21:37:47 73.06   51.69   75.88   80.83
21:38:50 73.18   51.69   75.88   80.83
21:39:53 73.18   51.69   75.88   80.71
21:40:57 73.06   51.69   75.88   80.71
21:42:00 73.06   51.69   75.65   80.71
21:43:03 73.06   51.69   75.76   80.60
21:44:07 73.06   51.58   75.76   80.60
21:45:10 73.06   51.69   75.88   80.49
21:46:13 73.06   51.58   75.65   80.49
21:47:17 72.95   51.58   75.54   80.38
21:48:20 73.06   51.69   75.65   80.38
21:49:24 72.95   51.58   75.54   80.26
21:50:27 73.06   51.58   75.76   80.15
21:51:30 73.06   51.58   75.76   80.15
21:52:34 72.95   51.58   75.88   80.04
21:53:37 72.95   51.58   75.88   80.04
21:54:40 73.06   51.58   75.88   79.93
21:55:44 72.95   51.69   75.88   87.13
21:56:47 73.18   51.80   75.76   95.45
21:57:50 73.06   51.69   75.99   95.34
21:58:54 73.18   51.69   75.54   94.21
21:59:57 73.06   51.69   75.76   92.64
22:01:00 73.06   51.80   75.88   91.51
22:02:04 72.95   51.69   76.10   90.39
22:03:07 72.95   51.58   75.76   89.71
22:04:10 72.95   51.58   75.54   89.04
22:05:14 72.84   51.58   75.76   88.47
22:06:17 72.84   51.58   75.88   88.03
22:07:20 72.84   51.58   76.10   87.58
22:08:24 72.84   51.58   75.99   87.13
22:09:27 72.95   51.46   75.99   86.79
22:10:30 72.84   51.46   76.10   86.45
22:11:34 72.95   51.46   76.21   86.22
22:12:37 72.84   51.46   75.88   85.89
22:13:40 72.84   51.24   75.65   85.55
22:14:44 72.84   51.35   75.99   85.21
22:15:47 72.84   51.35   75.76   85.10
22:16:50 72.84   51.35   75.54   84.88
22:17:54 72.84   51.46   75.88   84.43
22:18:57 72.72   51.35   75.99   84.20
22:20:00 72.72   51.46   75.88   83.97
22:21:04 72.72   51.35   75.88   83.75
22:22:07 72.72   51.24   75.88   83.64
22:23:10 72.84   51.24   75.88   83.41
22:24:14 72.72   51.24   75.76   83.19
22:25:17 72.72   51.35   75.99   83.08
22:26:21 72.72   51.24   75.99   82.85
22:27:24 72.72   51.35   75.88   82.74
22:28:27 72.84   51.24   75.99   82.63
22:29:31 72.72   51.24   75.76   82.40
22:30:34 72.95   51.24   75.88   82.18
22:31:37 72.95   51.58   75.65   82.18
22:32:41 72.84   51.58   75.76   86.34
22:33:44 72.84   51.46   75.43   103.55
22:34:47 72.72   51.35   75.31   106.81
22:35:51 72.72   51.35   75.54   108.05
22:36:54 72.72   51.24   75.54   108.39
22:37:57 72.61   51.35   75.31   108.28
22:39:01 72.61   51.35   75.43   107.71
22:40:04 72.50   51.24   75.31   106.81
22:41:07 72.50   51.24   75.65   105.80
22:42:11 72.50   51.24   75.65   104.79
22:43:14 72.39   51.13   75.54   103.89
22:44:17 72.39   51.13   74.97   102.88
22:45:21 72.39   51.24   75.20   102.09
22:46:24 72.39   51.13   75.54   101.19
22:47:27 72.39   51.13   75.20   100.51
22:48:31 72.39   51.01   75.20   99.61
22:49:34 72.39   51.01   75.20   98.94
22:50:37 72.39   51.13   75.31   98.26
22:51:41 72.28   51.01   75.20   97.59
22:52:44 72.28   51.01   74.86   96.91
22:53:47 72.28   51.01   74.97   96.35
22:54:51 72.28   50.90   74.97   95.79
22:55:54 72.16   51.13   74.97   95.11
22:56:57 72.28   51.01   74.64   94.55
22:58:01 72.16   50.90   74.64   93.99
22:59:04 72.16   51.01   74.97   93.54
23:00:08 72.05   50.90   74.64   92.97
23:01:11 72.16   50.90   74.97   92.53
23:02:14 72.05   50.90   74.86   92.08
23:03:18 72.05   50.90   75.20   91.51
23:04:21 72.05   50.90   74.64   91.06
23:05:24 72.05   51.01   74.64   90.72
23:06:28 71.94   51.01   74.53   90.39
23:07:31 72.05   51.01   74.41   90.05
23:08:34 72.05   51.01   74.30   89.60
23:09:38 72.05   50.90   74.30   89.38
23:10:41 71.94   50.90   74.41   89.04
23:11:44 71.94   50.90   74.75   88.70
23:12:48 71.94   50.79   74.53   88.36
23:13:51 71.94   50.79   74.64   88.14
23:14:54 71.94   50.67   74.41   87.80
23:15:58 71.94   50.90   74.53   87.46
23:17:01 71.83   50.90   74.64   87.24
23:18:04 71.83   50.90   74.41   86.90
23:19:08 71.83   50.67   74.64   100.85
23:20:11 71.83   50.79   74.64   105.80
23:21:14 71.94   50.67   74.53   106.36
23:22:18 71.94   50.90   74.64   105.58
23:23:21 71.83   50.67   74.53   104.56
23:24:24 71.83   50.79   74.64   103.66
23:25:28 71.83   50.79   74.30   102.65
23:26:31 71.71   50.79   74.41   101.75
23:27:34 71.83   50.67   74.41   100.96
23:28:38 71.83   50.79   74.64   100.06
23:29:41 71.71   50.67   74.53   99.28
23:30:45 71.71   50.79   74.53   98.49
23:31:48 71.71   50.56   74.41   97.70
23:32:51 71.71   50.79   74.41   97.03
23:33:55 71.71   50.67   74.41   96.35
23:34:58 71.60   50.67   74.75   95.79
23:36:01 71.71   50.45   74.53   95.11
23:37:05 71.71   50.67   74.30   94.66
23:38:08 71.60   50.56   74.30   94.10
23:39:11 71.60   50.56   74.53   93.65
23:40:15 71.60   50.67   74.53   93.20
23:41:18 71.71   50.56   74.19   92.53
23:42:21 71.60   50.56   74.64   92.08
23:43:25 71.49   50.67   74.53   91.74
23:44:28 71.60   50.67   74.53   91.29
23:45:31 71.60   50.56   74.41   90.84
23:46:35 71.49   50.56   74.30   90.39
23:47:38 71.60   50.56   74.41   90.05
23:48:41 71.49   50.45   74.19   89.60
23:49:45 71.49   50.45   74.41   89.26
23:50:48 71.49   50.56   74.30   89.04
23:51:51 71.49   50.56   74.19   88.59
23:52:55 71.38   50.45   74.30   88.36
23:53:58 71.49   50.56   74.41   87.80
23:55:01 71.38   50.45   74.41   87.58
23:56:05 71.38   50.45   74.64   87.35
23:57:08 71.38   50.56   74.30   87.13
23:58:11 71.38   50.45   74.19   86.90
23:59:15 71.49   50.45   74.64   86.56
