00:00:48 73.18   52.48   73.96   92.97
00:01:51 73.06   52.25   73.96   92.41
00:02:54 73.06   52.25   73.96   92.08
00:03:58 73.18   52.36   74.08   91.63
00:05:01 73.06   52.03   74.08   91.29
00:06:04 73.18   52.14   74.19   90.72
00:07:08 73.06   52.03   74.19   90.39
00:08:11 73.06   52.03   74.08   90.05
00:09:14 72.95   51.91   74.08   89.83
00:10:18 73.06   52.03   73.96   89.38
00:11:21 72.95   51.91   73.74   89.04
00:12:24 72.95   51.80   73.85   88.81
00:13:28 72.84   51.80   73.85   88.59
00:14:31 72.84   51.80   73.96   88.14
00:15:34 72.84   51.58   74.08   88.03
00:16:38 72.84   51.58   73.96   87.80
00:17:41 72.84   51.69   73.96   87.58
00:18:44 72.72   51.58   73.96   87.35
00:19:48 72.84   51.46   73.96   87.01
00:20:51 72.72   51.46   73.96   86.79
00:21:55 72.84   51.35   73.96   86.56
00:22:58 72.72   51.46   73.96   86.34
00:24:01 72.84   51.58   73.85   86.00
00:25:05 72.72   51.58   73.96   85.66
00:26:08 72.72   51.35   73.96   85.55
00:27:11 72.72   51.35   73.85   85.44
00:28:15 72.72   51.35   73.85   85.33
00:29:18 72.72   51.46   73.74   85.10
00:30:21 72.61   51.35   73.85   84.88
00:31:25 72.61   51.24   73.85   84.54
00:32:28 72.61   51.35   73.74   84.43
00:33:31 72.61   51.24   73.74   84.31
00:34:35 72.61   51.24   73.74   84.20
00:35:38 72.61   51.13   73.74   83.97
00:36:41 72.61   51.35   73.74   83.75
00:37:45 72.61   51.13   73.74   83.64
00:38:48 72.50   51.35   73.74   83.53
00:39:51 72.50   51.13   73.74   83.41
00:40:55 72.50   51.13   73.63   83.19
00:41:58 72.50   50.90   73.63   82.96
00:43:01 72.50   51.01   73.51   82.85
00:44:05 72.39   50.90   73.40   82.74
00:45:08 72.39   50.90   73.51   82.51
00:46:11 72.39   51.01   73.40   82.51
00:47:15 72.28   51.01   73.51   82.40
00:48:18 72.39   50.90   73.63   82.40
00:49:21 72.39   50.90   73.63   82.29
00:50:25 72.28   50.90   73.51   82.18
00:51:28 72.28   50.79   73.51   82.06
00:52:32 72.28   50.90   73.40   81.95
00:53:35 72.28   50.67   73.51   81.84
00:54:38 72.28   50.67   73.40   81.72
00:55:42 72.28   50.67   73.51   81.61
00:56:45 72.16   50.79   73.51   81.39
00:57:48 72.16   50.67   73.40   81.28
00:58:52 72.28   50.67   73.40   81.28
00:59:55 72.16   50.56   73.51   81.16
01:00:58 72.05   50.67   73.40   80.94
01:02:02 72.05   50.67   73.40   80.94
01:03:05 72.16   50.56   73.40   80.94
01:04:08 72.05   50.56   73.29   80.94
01:05:12 72.05   50.67   73.29   80.71
01:06:15 72.05   50.45   73.40   80.71
01:07:18 71.94   50.56   73.40   80.60
01:08:22 72.05   50.56   73.40   80.49
01:09:25 72.05   50.45   73.29   80.26
01:10:28 72.05   50.34   73.18   80.26
01:11:32 72.05   50.45   73.29   80.15
01:12:35 72.05   50.45   73.18   80.04
01:13:38 71.94   50.34   73.29   80.04
01:14:42 72.05   50.45   73.29   80.15
01:15:45 71.94   50.34   73.18   80.04
01:16:48 71.94   50.34   73.18   80.04
01:17:52 71.94   50.34   73.29   80.04
01:18:55 71.83   50.34   73.18   80.04
01:19:58 71.94   50.34   72.95   80.04
01:21:02 71.94   50.34   73.18   80.04
01:22:05 71.83   50.34   73.06   79.93
01:23:08 71.83   50.34   72.95   79.81
01:24:12 71.83   50.23   72.95   79.81
01:25:15 71.71   50.23   73.06   79.81
01:26:19 71.71   50.23   73.06   79.59
01:27:22 71.71   50.23   73.06   79.59
01:28:25 71.71   50.23   72.95   79.36
01:29:29 71.71   50.23   73.06   79.36
01:30:32 71.71   50.23   73.06   79.36
01:31:35 71.71   50.11   72.95   79.36
01:32:39 71.60   50.11   72.84   79.25
01:33:42 71.71   50.11   72.84   79.14
01:34:45 71.60   50.11   72.95   79.03
01:35:49 71.60   50.11   72.95   79.03
01:36:52 71.49   50.00   72.84   79.03
01:37:55 71.49   50.00   72.84   79.03
01:38:59 71.60   50.11   72.95   79.03
01:40:02 71.49   50.11   72.95   78.91
01:41:05 71.60   49.89   72.84   78.91
01:42:09 71.49   59.56   72.95   78.80
01:43:12 71.71   61.81   72.95   78.91
01:44:15 71.94   62.83   72.84   78.80
01:45:19 71.94   63.28   72.95   78.80
01:46:22 72.16   63.84   72.84   78.80
01:47:25 72.28   64.74   72.84   78.80
01:48:29 72.16   65.86   72.84   78.91
01:49:32 72.28   63.84   72.72   78.91
01:50:35 72.28   56.30   72.84   78.91
01:51:39 72.28   53.26   72.84   78.91
01:52:42 72.16   52.81   72.95   79.03
01:53:45 72.05   52.48   73.06   79.03
01:54:49 71.94   52.36   72.95   78.91
01:55:52 71.94   52.14   72.95   78.80
01:56:55 71.83   52.03   72.84   78.80
01:57:59 71.83   51.69   73.06   78.69
01:59:02 71.71   51.46   72.95   78.69
02:00:05 71.71   51.35   72.84   78.58
02:01:09 71.60   51.01   72.95   78.69
02:02:12 71.71   50.90   72.95   78.58
02:03:16 71.60   61.81   72.95   78.58
02:04:19 71.83   63.05   72.95   78.69
02:05:22 71.94   64.18   72.95   78.80
02:06:26 72.05   64.74   73.06   78.80
02:07:29 72.16   65.53   72.72   78.69
02:08:32 72.28   66.65   72.95   78.69
02:09:36 72.28   67.89   72.95   78.80
02:10:39 72.39   69.46   72.84   78.69
02:11:42 72.39   70.59   72.72   78.58
02:12:46 72.50   67.33   72.61   78.58
02:13:49 72.50   58.21   72.84   78.69
02:14:52 72.39   54.50   72.95   78.80
02:15:56 72.28   53.49   73.06   78.80
02:16:59 72.16   53.26   73.18   78.80
02:18:02 72.05   53.04   73.18   78.69
02:19:06 72.05   53.04   73.18   78.69
02:20:09 71.83   52.81   73.06   78.58
02:21:12 71.83   59.45   73.18   78.69
02:22:16 71.94   64.18   73.18   78.69
02:23:19 72.05   65.19   73.29   78.69
02:24:22 72.16   66.65   73.06   78.80
02:25:26 72.28   68.11   73.06   78.80
02:26:29 72.39   70.36   73.06   78.80
02:27:32 72.39   72.16   73.18   78.80
02:28:36 72.50   73.06   73.06   78.91
02:29:39 72.50   73.74   73.06   78.91
02:30:42 72.61   74.08   73.06   78.91
02:31:46 72.72   74.41   73.18   78.91
02:32:49 72.72   74.53   73.18   79.03
02:33:52 72.84   74.75   73.29   79.14
02:34:56 72.95   74.86   73.29   79.03
02:35:59 72.95   74.97   73.51   79.03
02:37:02 72.95   75.09   73.40   79.14
02:38:06 73.06   75.20   73.40   79.25
02:39:09 73.06   75.31   73.51   79.25
02:40:13 73.18   75.43   73.63   79.36
02:41:16 73.18   75.43   73.63   79.36
02:42:19 73.18   75.43   73.63   79.36
02:43:23 73.29   75.54   73.74   79.47
02:44:26 73.29   75.43   73.74   79.47
02:45:29 73.29   75.54   73.74   79.47
02:46:33 73.29   75.54   73.74   79.47
02:47:36 73.40   75.54   73.74   79.47
02:48:39 73.29   75.65   73.74   79.59
02:49:43 73.40   75.65   73.74   79.70
02:50:46 73.40   75.65   73.74   79.59
02:51:49 73.40   75.76   73.74   79.70
02:52:53 73.51   75.76   73.85   79.70
02:53:56 73.51   75.76   73.85   79.70
02:54:59 73.40   75.76   73.96   79.81
02:56:03 73.51   75.76   74.08   79.70
02:57:06 73.40   75.76   73.96   79.70
02:58:09 73.51   75.88   74.08   79.70
02:59:13 73.51   75.88   74.08   79.70
03:00:16 73.63   75.88   74.19   79.81
03:01:19 73.63   75.99   74.08   79.93
03:02:23 73.63   75.88   74.08   79.93
03:03:26 73.74   75.99   74.19   79.93
03:04:29 73.74   75.99   74.08   79.93
03:05:33 73.74   75.99   74.19   79.93
03:06:36 73.74   75.99   74.19   79.93
03:07:39 73.74   76.10   74.19   79.93
03:08:43 73.74   76.10   74.19   80.04
03:09:46 73.74   76.10   74.19   80.04
03:10:49 73.74   76.10   74.30   80.04
03:11:53 73.74   76.10   74.30   80.04
03:12:56 73.74   76.10   74.30   80.15
03:13:59 73.85   76.10   74.30   80.26
03:15:03 73.85   76.21   74.30   80.26
03:16:06 73.85   76.21   74.19   80.15
03:17:09 73.85   76.21   74.41   80.15
03:18:13 73.85   76.21   74.41   80.26
03:19:16 73.85   76.21   74.53   80.26
03:20:20 73.85   76.21   74.53   80.38
03:21:23 73.96   76.21   74.53   80.49
03:22:26 73.85   76.33   74.41   80.49
03:23:30 73.96   76.33   74.41   80.38
03:24:33 73.96   76.33   74.53   80.38
03:25:36 73.85   76.33   74.53   80.49
03:26:40 73.96   76.33   74.53   80.49
03:27:43 73.96   76.33   74.53   80.38
03:28:46 74.08   76.33   74.64   80.49
03:29:50 73.96   76.33   74.64   80.49
03:30:53 74.08   76.44   74.53   80.60
03:31:56 73.96   76.33   74.64   80.60
03:33:00 74.08   76.44   74.64   80.60
03:34:03 74.08   76.44   74.75   80.60
03:35:06 74.08   76.44   74.75   80.71
03:36:10 74.08   76.44   74.86   80.71
03:37:13 74.08   76.44   74.86   80.60
03:38:16 74.08   76.44   74.97   80.60
03:39:20 74.19   76.44   74.86   80.60
03:40:23 74.19   76.44   74.86   80.60
03:41:26 74.19   76.44   74.86   80.71
03:42:30 74.19   76.55   74.86   80.71
03:43:33 74.19   76.55   74.86   80.71
03:44:36 74.19   76.55   74.86   80.71
03:45:40 74.19   76.55   74.97   80.83
03:46:43 74.19   76.55   74.86   80.83
03:47:46 74.30   76.55   74.86   80.71
03:48:50 74.19   76.55   74.86   80.71
03:49:53 74.19   76.55   74.97   80.83
03:50:56 74.19   76.55   75.09   80.83
03:52:00 74.19   76.55   75.09   81.05
03:53:03 74.08   76.55   75.09   81.16
03:54:06 74.19   76.55   74.97   81.16
03:55:10 74.30   76.66   74.97   81.28
03:56:13 74.19   76.66   75.09   81.28
03:57:17 74.30   76.66   75.09   81.39
03:58:20 74.30   76.66   75.09   81.28
03:59:23 74.19   76.66   75.09   81.16
04:00:27 74.30   76.66   75.09   81.28
04:01:30 74.30   76.78   75.09   81.28
04:02:33 74.19   76.78   75.09   81.28
04:03:37 74.41   76.78   75.20   81.28
04:04:40 74.30   76.78   75.20   81.28
04:05:43 74.30   76.78   75.31   81.39
04:06:47 74.30   76.89   75.20   81.39
04:07:50 74.41   76.89   75.20   81.28
04:08:53 74.30   76.89   75.31   81.28
04:09:57 74.41   76.89   75.31   81.39
04:11:00 74.41   76.89   75.20   81.39
04:12:03 74.41   76.89   75.31   81.50
04:13:07 74.41   76.89   75.31   81.50
04:14:10 74.53   76.89   75.31   81.50
04:15:13 74.41   76.89   75.31   81.50
04:16:17 74.41   76.78   75.31   81.39
04:17:20 74.30   76.89   75.31   81.39
04:18:23 74.53   76.89   75.31   81.50
04:19:27 74.41   76.89   75.43   81.50
04:20:30 74.41   76.89   75.31   81.50
04:21:33 74.41   76.89   75.43   81.50
04:22:37 74.41   76.89   75.43   81.50
04:23:40 74.41   76.89   75.31   81.50
04:24:43 74.41   76.89   75.54   81.61
04:25:47 74.41   76.89   75.43   81.61
04:26:50 74.53   77.00   75.54   81.61
04:27:53 74.41   76.89   75.65   81.72
04:28:57 74.41   77.00   75.54   81.61
04:30:00 74.53   77.00   75.43   81.61
04:31:04 74.53   77.00   75.54   81.61
04:32:07 74.53   77.00   75.65   81.61
04:33:10 74.53   77.00   75.65   81.61
04:34:14 74.53   77.00   75.54   81.61
04:35:17 74.41   77.00   75.54   81.61
04:36:20 74.53   77.00   75.54   81.72
04:37:24 74.53   77.00   75.54   81.72
04:38:27 74.41   77.11   75.65   81.72
04:39:30 74.53   77.11   75.65   81.84
04:40:34 74.53   77.00   75.54   81.84
04:41:37 74.53   77.00   75.65   81.84
04:42:40 74.53   77.00   75.54   81.84
04:43:44 74.53   77.00   75.65   81.95
04:44:47 74.64   77.00   75.65   81.95
04:45:50 74.64   77.00   75.65   81.95
04:46:54 74.64   77.11   75.76   81.84
04:47:57 74.64   77.11   75.76   81.95
04:49:00 74.64   77.11   75.76   82.06
04:50:04 74.64   77.11   75.65   81.95
04:51:07 74.64   77.11   75.76   82.06
04:52:10 74.75   77.22   75.76   82.06
04:53:14 74.64   77.34   75.88   82.18
04:54:17 74.75   77.22   75.88   82.18
04:55:20 74.64   77.34   75.88   82.18
04:56:24 74.64   77.34   75.88   82.18
04:57:27 74.64   77.34   75.76   82.18
04:58:30 74.64   77.45   75.88   82.18
04:59:34 74.64   77.45   75.76   82.29
05:00:37 74.64   77.45   75.88   82.18
05:01:40 74.64   77.34   75.76   82.18
05:02:44 74.75   77.34   75.76   82.18
05:03:47 74.75   77.34   75.88   82.06
05:04:50 74.75   77.34   75.99   81.95
05:05:54 74.75   77.34   75.99   82.06
05:06:57 74.75   77.45   75.99   82.06
05:08:00 74.75   77.45   75.99   82.18
05:09:04 74.75   77.45   75.99   82.18
05:10:07 74.86   77.45   75.88   82.29
05:11:10 74.75   77.45   75.88   82.18
05:12:14 74.75   77.45   75.99   82.29
05:13:17 74.75   77.45   76.10   82.29
05:14:21 74.86   77.56   76.10   82.29
05:15:24 74.75   77.56   76.10   82.18
05:16:27 74.75   77.56   75.99   82.06
05:17:31 74.86   77.56   75.99   82.06
05:18:34 74.75   77.45   75.99   82.06
05:19:37 74.75   77.56   76.10   82.18
05:20:41 74.86   77.56   76.10   82.29
05:21:44 74.86   77.68   76.21   82.29
05:22:47 74.86   77.56   76.10   82.29
05:23:51 74.86   77.56   76.10   82.29
05:24:54 74.86   77.68   76.10   82.29
05:25:57 74.97   77.68   75.99   82.29
05:27:01 74.86   77.56   76.10   82.29
05:28:04 74.97   77.68   76.10   82.40
05:29:07 74.97   77.68   76.21   82.40
05:30:11 74.97   77.68   76.21   82.40
05:31:14 74.86   77.68   76.21   82.40
05:32:17 74.86   77.79   76.21   82.40
05:33:21 74.97   77.79   76.21   82.40
05:34:24 74.97   77.79   76.21   82.29
05:35:27 74.97   77.79   76.21   82.29
05:36:31 74.97   77.79   76.33   82.29
05:37:34 74.86   77.79   76.33   82.40
05:38:37 74.86   77.79   76.33   82.51
05:39:41 74.97   77.79   76.33   82.40
05:40:44 74.97   77.79   76.33   82.51
05:41:47 74.97   75.65   76.33   82.51
05:42:51 74.97   61.36   76.33   82.40
05:43:54 74.64   59.56   76.21   82.29
05:44:57 74.53   57.42   76.33   82.29
05:46:01 74.41   56.41   76.44   82.18
05:47:04 74.19   56.08   76.33   82.06
05:48:07 74.08   62.83   76.21   82.18
05:49:11 74.19   67.21   76.21   82.06
05:50:14 74.19   69.58   76.10   82.06
05:51:18 74.30   71.38   76.10   82.06
05:52:21 74.30   72.61   76.10   81.95
05:53:24 74.19   73.96   76.10   82.06
05:54:28 74.30   75.43   75.99   82.18
05:55:31 74.41   76.55   76.10   82.06
05:56:34 74.53   77.00   76.10   82.06
05:57:38 74.64   77.22   76.10   82.06
05:58:41 74.64   77.34   76.10   82.06
05:59:44 74.53   77.45   76.10   82.18
06:00:48 74.64   77.45   75.99   82.18
06:01:51 74.64   77.45   76.10   82.29
06:02:54 74.75   77.56   76.10   82.29
06:03:58 74.75   77.56   76.21   82.40
06:05:01 74.75   77.56   76.10   82.40
06:06:04 74.75   77.56   76.21   82.40
06:07:08 74.75   77.56   76.21   82.40
06:08:11 74.75   77.68   76.21   82.29
06:09:14 74.86   77.68   76.21   82.40
06:10:18 74.75   77.68   76.33   82.29
06:11:21 74.86   77.68   76.33   82.29
06:12:24 74.86   77.79   76.21   82.29
06:13:28 74.97   77.68   76.21   82.29
06:14:31 74.86   77.79   76.33   82.40
06:15:34 74.97   77.79   76.33   82.40
06:16:38 74.86   77.79   76.33   82.40
06:17:41 74.97   77.79   76.44   82.51
06:18:44 74.86   77.79   76.44   82.40
06:19:48 74.86   77.79   76.44   96.69
06:20:51 74.97   77.79   76.44   106.25
06:21:54 74.97   77.79   76.44   108.50
06:22:58 74.97   77.79   76.44   109.18
06:24:01 74.97   77.79   76.44   109.40
06:25:04 74.97   77.79   76.44   109.40
06:26:08 74.97   77.79   76.44   109.18
06:27:11 74.97   77.79   76.55   108.95
06:28:15 75.09   77.79   76.44   110.53
06:29:18 75.09   77.79   76.44   111.31
06:30:21 75.09   77.90   76.44   111.88
06:31:25 75.09   77.90   76.44   112.33
06:32:28 75.09   77.90   76.44   112.55
06:33:31 75.20   77.90   76.55   111.99
06:34:35 75.20   78.01   76.55   111.31
06:35:38 75.20   78.01   76.55   110.53
06:36:41 75.20   78.01   76.66   109.63
06:37:45 75.31   78.01   76.66   108.84
06:38:48 75.31   78.13   76.55   111.54
06:39:51 75.20   78.13   76.44   111.09
06:40:55 75.31   78.13   76.33   110.19
06:41:58 75.31   78.24   76.33   109.29
06:43:01 75.31   78.13   76.55   110.19
06:44:05 75.31   78.13   76.55   114.01
06:45:08 75.31   78.24   76.66   113.90
06:46:11 75.31   78.24   76.66   113.11
06:47:15 75.31   78.24   76.66   111.88
06:48:18 75.43   78.24   76.66   110.98
06:49:21 75.31   78.24   76.66   111.20
06:50:25 75.31   78.24   76.66   110.75
06:51:28 75.31   78.24   76.78   113.00
06:52:31 75.31   78.24   76.78   114.13
06:53:35 75.31   78.24   76.66   114.01
06:54:38 75.43   78.24   76.78   113.56
06:55:41 75.43   78.24   76.66   113.11
06:56:45 75.43   78.24   76.66   112.78
06:57:48 75.43   78.35   76.66   112.44
06:58:51 75.54   78.35   76.89   112.78
06:59:55 75.54   78.35   76.78   113.00
07:00:58 75.54   78.35   76.78   112.66
07:02:02 75.54   78.35   76.66   112.21
07:03:05 75.65   78.46   76.55   114.01
07:04:08 75.65   78.46   76.66   113.90
07:05:12 75.76   78.46   76.66   114.24
07:06:15 75.76   78.58   76.78   115.14
07:07:18 75.76   78.58   76.78   115.48
07:08:22 75.88   78.69   76.78   115.03
07:09:25 75.88   78.69   76.66   114.58
07:10:28 75.88   78.69   76.66   114.13
07:11:32 75.99   78.69   76.78   113.45
07:12:35 75.99   78.69   76.66   112.78
07:13:38 75.99   78.69   76.78   111.99
07:14:42 75.99   78.80   76.78   111.65
07:15:45 76.10   78.80   76.89   110.98
07:16:48 75.99   78.80   76.78   110.41
07:17:52 76.10   78.80   76.89   109.74
07:18:55 75.99   78.91   77.00   109.06
07:19:58 76.10   78.91   76.89   108.50
07:21:02 76.21   78.91   77.00   107.83
07:22:05 76.10   78.91   77.00   107.15
07:23:08 76.21   78.91   77.11   106.48
07:24:12 76.21   79.03   77.11   105.91
07:25:15 76.10   79.03   77.11   105.46
07:26:18 76.21   79.03   77.11   104.79
07:27:22 76.21   79.14   77.00   104.23
07:28:25 76.21   79.14   77.11   103.66
07:29:28 76.21   79.14   77.11   103.21
07:30:32 76.21   79.14   77.11   102.88
07:31:35 76.21   79.14   77.22   112.10
07:32:39 76.21   79.14   77.11   113.00
07:33:42 76.21   79.14   77.11   112.44
07:34:45 76.44   79.14   77.11   111.65
07:35:49 76.21   66.76   77.11   110.64
07:36:52 76.10   62.15   77.22   109.40
07:37:55 75.99   61.70   77.11   108.28
07:38:59 75.76   60.35   77.22   110.30
07:40:02 75.65   58.78   77.22   110.98
07:41:05 75.54   62.04   77.34   109.96
07:42:09 75.54   69.01   77.34   110.75
07:43:12 75.54   70.93   77.22   114.46
07:44:15 75.65   72.95   77.34   115.59
07:45:19 75.65   73.96   77.22   115.36
07:46:22 75.65   75.09   77.34   114.91
07:47:25 75.76   76.21   77.34   115.03
07:48:29 75.76   77.45   77.22   115.14
07:49:32 75.88   78.35   77.22   114.58
07:50:35 75.88   78.58   77.34   114.46
07:51:39 75.99   78.69   77.22   114.58
07:52:42 75.88   78.80   77.34   113.79
07:53:45 75.99   78.80   77.34   113.00
07:54:49 75.99   78.80   77.22   114.69
07:55:52 75.99   78.91   77.34   114.58
07:56:55 76.10   78.91   77.22   114.01
07:57:59 75.99   78.91   77.34   113.11
07:59:02 75.99   78.91   77.34   112.21
08:00:05 75.99   79.03   77.34   111.09
08:01:09 76.10   67.33   77.45   110.19
08:02:12 75.99   62.15   77.34   109.18
08:03:16 75.76   60.58   77.34   108.16
08:04:19 75.54   58.78   77.45   107.26
08:05:22 75.54   58.21   77.56   106.36
08:06:26 75.20   57.99   77.45   105.46
08:07:29 75.20   57.76   77.34   104.68
08:08:32 74.97   59.45   77.34   103.89
08:09:36 74.97   67.78   77.34   103.21
08:10:39 75.20   69.01   77.34   102.65
08:11:42 75.20   70.81   77.22   102.09
08:12:46 75.20   72.16   77.22   101.53
08:13:49 75.20   73.18   77.22   100.96
08:14:52 75.31   74.19   77.22   100.40
08:15:56 75.31   75.09   77.22   99.84
08:16:59 75.43   76.33   77.22   99.28
08:18:02 75.43   77.22   77.22   98.83
08:19:06 75.54   77.90   77.34   98.49
08:20:09 75.65   78.24   77.22   98.15
08:21:12 75.65   78.35   77.34   97.70
08:22:16 75.76   72.61   77.34   97.25
08:23:19 75.65   62.26   77.22   96.91
08:24:22 75.54   59.79   77.34   96.46
08:25:26 75.43   58.66   77.45   96.01
08:26:29 75.20   58.44   77.45   95.56
08:27:32 74.97   57.88   77.45   95.11
08:28:36 74.86   57.76   77.34   94.78
08:29:39 74.86   57.42   77.22   94.44
08:30:42 74.75   57.31   77.11   94.10
08:31:46 74.75   59.67   77.00   93.65
08:32:49 74.75   67.33   77.11   98.83
08:33:52 74.86   68.45   77.11   109.74
08:34:56 74.97   69.58   77.11   111.76
08:35:59 74.97   70.93   77.11   111.31
08:37:03 74.97   72.05   77.11   110.08
08:38:06 74.97   72.72   76.89   108.84
08:39:09 75.09   73.85   77.00   107.49
08:40:13 75.31   74.86   77.00   106.36
08:41:16 75.20   75.65   77.11   105.35
08:42:19 75.31   76.66   77.11   105.91
08:43:23 75.43   77.45   77.11   111.54
08:44:26 75.43   65.64   77.11   112.33
08:45:29 75.43   59.67   77.11   111.76
08:46:33 75.31   58.55   77.22   110.64
08:47:36 75.20   57.99   77.22   109.51
08:48:39 75.09   57.76   77.22   108.28
08:49:43 75.09   57.65   77.11   113.56
08:50:46 74.97   57.31   77.11   115.14
08:51:49 74.86   57.31   77.00   115.25
08:52:53 74.86   57.09   77.00   114.35
08:53:56 74.75   56.98   77.11   113.11
08:54:59 74.75   66.09   77.00   111.76
08:56:03 74.86   68.00   77.00   110.41
08:57:06 74.97   68.79   77.00   109.06
08:58:09 74.97   69.69   76.89   107.94
08:59:13 74.97   70.70   77.00   106.81
09:00:16 75.09   71.71   76.89   105.91
09:01:19 74.97   72.72   77.00   104.79
09:02:23 75.20   73.85   77.00   104.00
09:03:26 75.20   75.20   77.00   103.33
09:04:29 75.20   76.21   77.00   102.76
09:05:33 75.31   77.00   77.00   102.09
09:06:36 75.31   77.56   77.00   101.41
09:07:40 75.43   77.79   77.11   100.85
09:08:43 75.54   78.01   77.11   100.18
09:09:46 75.54   78.13   77.11   99.73
09:10:50 75.54   78.24   77.11   99.28
09:11:53 75.65   78.24   77.00   98.71
09:12:56 75.76   78.24   77.11   98.38
09:14:00 75.76   78.24   77.22   97.92
09:15:03 75.76   78.35   77.22   97.70
09:16:06 75.76   78.46   77.22   97.25
09:17:10 75.88   78.46   77.11   96.91
09:18:13 75.88   78.46   77.22   96.46
09:19:16 75.88   78.58   77.34   96.24
09:20:20 75.88   78.58   77.34   95.79
09:21:23 75.99   78.58   77.34   95.45
09:22:26 75.99   78.58   77.34   95.11
09:23:30 75.99   78.58   77.34   94.89
09:24:33 75.99   78.69   77.34   94.55
09:25:36 75.99   78.69   77.34   94.33
09:26:40 75.88   78.69   77.45   94.10
09:27:43 75.99   78.69   77.34   93.88
09:28:46 75.99   78.69   77.45   93.65
09:29:50 75.99   78.80   77.45   93.43
09:30:53 76.10   78.80   77.34   93.20
09:31:56 75.99   78.80   77.45   93.09
09:33:00 75.99   78.80   77.45   92.75
09:34:03 76.10   78.80   77.45   92.53
09:35:06 76.10   78.80   77.45   92.30
09:36:10 76.10   78.80   77.45   91.96
09:37:13 76.10   78.80   77.34   91.85
09:38:16 76.10   78.91   77.34   91.74
09:39:20 76.10   78.80   77.45   91.63
09:40:23 76.10   78.91   77.45   91.51
09:41:27 76.10   78.91   77.56   91.29
09:42:30 76.10   78.91   77.56   91.06
09:43:33 76.10   78.91   77.68   91.06
09:44:37 76.21   78.91   77.56   90.95
09:45:40 76.10   78.80   77.56   90.84
09:46:43 76.21   78.91   77.56   90.61
09:47:47 76.10   78.91   77.68   90.39
09:48:50 76.21   78.91   77.68   90.16
09:49:53 76.21   78.91   77.68   90.16
09:50:57 76.21   78.91   77.68   90.05
09:52:00 76.21   78.91   77.68   89.94
09:53:03 76.21   78.91   77.68   89.83
09:54:07 76.21   79.03   77.56   89.71
09:55:10 76.21   79.03   77.56   89.49
09:56:13 76.33   79.03   77.68   89.38
09:57:17 76.33   78.91   77.68   89.26
09:58:20 76.33   79.03   77.56   89.26
09:59:23 76.33   79.03   77.68   89.15
10:00:27 76.33   79.03   77.79   89.15
10:01:30 76.33   79.03   77.79   89.04
10:02:33 76.33   79.03   77.79   89.04
10:03:37 76.33   79.03   77.79   88.93
10:04:40 76.33   79.03   77.79   88.81
10:05:43 76.33   79.03   77.79   88.81
10:06:47 76.44   79.03   77.90   88.59
10:07:50 76.44   79.03   77.79   88.47
10:08:53 76.33   79.14   77.90   88.47
10:09:57 76.44   79.03   78.01   88.36
10:11:00 76.44   79.14   77.90   88.47
10:12:04 76.44   79.03   77.90   88.47
10:13:07 76.44   79.14   78.01   88.36
10:14:10 76.44   79.03   77.90   88.36
10:15:14 76.44   79.14   77.90   88.25
10:16:17 76.44   79.14   77.90   88.14
10:17:20 76.44   79.14   78.01   88.25
10:18:24 76.44   79.14   78.01   88.14
10:19:27 76.44   79.14   78.01   88.03
10:20:30 76.44   79.14   78.01   87.91
10:21:34 76.44   79.14   78.01   87.91
10:22:37 76.55   79.14   77.90   87.80
10:23:40 76.55   79.25   78.01   87.80
10:24:44 76.55   79.25   78.01   87.69
10:25:47 76.55   79.25   78.01   87.69
10:26:50 76.55   79.25   78.01   87.69
10:27:54 76.55   79.25   78.13   87.58
10:28:57 76.55   79.25   78.13   87.58
10:30:00 76.55   79.25   78.01   87.58
10:31:04 76.55   79.25   78.13   87.46
10:32:07 76.55   79.25   78.13   87.46
10:33:10 76.55   79.25   78.13   87.46
10:34:14 76.66   79.36   78.13   87.46
10:35:17 76.66   79.36   78.13   87.35
10:36:20 76.66   64.63   78.24   87.24
10:37:24 76.55   61.70   78.24   87.13
10:38:27 76.33   60.80   78.24   87.01
10:39:30 76.10   59.23   78.35   87.01
10:40:34 75.88   59.00   78.24   86.90
10:41:37 75.76   58.66   78.24   86.79
10:42:40 75.65   65.30   77.90   86.68
10:43:44 75.65   69.01   78.01   86.68
10:44:47 75.65   70.93   78.01   86.68
10:45:51 75.76   72.61   78.01   86.56
10:46:54 75.76   73.63   78.01   86.45
10:47:57 75.88   75.09   78.01   86.45
10:49:01 75.88   76.21   78.01   86.45
10:50:04 75.99   77.56   78.01   86.22
10:51:07 75.99   78.35   78.01   86.22
10:52:11 76.10   78.58   78.01   86.34
10:53:14 76.21   78.80   78.01   86.34
10:54:17 76.21   78.91   78.01   86.22
10:55:21 76.33   78.91   78.01   86.22
10:56:24 76.33   79.03   78.13   86.22
10:57:27 76.33   79.03   78.01   86.34
10:58:31 76.44   79.03   78.01   86.34
10:59:34 76.44   79.03   78.13   86.34
11:00:37 76.44   79.14   78.13   86.34
11:01:41 76.44   79.14   78.13   86.22
11:02:44 76.44   79.14   78.13   86.22
11:03:47 76.55   79.14   78.13   86.11
11:04:51 76.55   79.25   78.13   86.11
11:05:54 76.55   79.25   78.13   86.22
11:06:57 76.55   79.25   78.13   86.22
11:08:01 76.55   69.13   78.13   86.11
11:09:04 76.55   61.59   78.13   86.00
11:10:07 76.44   59.79   78.24   86.00
11:11:11 76.21   59.11   78.24   85.89
11:12:14 75.99   58.78   78.35   85.89
11:13:17 75.88   58.33   78.35   85.89
11:14:21 75.76   59.90   78.01   85.78
11:15:24 75.65   68.45   78.01   85.66
11:16:27 75.76   69.35   78.13   85.55
11:17:31 75.76   71.15   78.13   85.55
11:18:34 75.76   72.84   78.13   85.55
11:19:37 75.88   74.41   78.01   85.55
11:20:41 75.88   75.88   78.01   85.55
11:21:44 75.99   77.45   77.90   85.55
11:22:48 76.10   78.24   78.13   85.66
11:23:51 76.10   78.58   78.01   85.66
11:24:54 76.21   78.80   78.01   85.66
11:25:58 76.21   78.80   78.01   85.55
11:27:01 76.21   78.91   78.01   85.33
11:28:04 76.33   79.03   78.13   85.33
11:29:08 76.33   79.03   78.13   85.33
11:30:11 76.44   79.03   78.13   85.44
11:31:14 76.44   79.14   78.13   85.44
11:32:18 76.44   77.56   78.13   85.44
11:33:21 76.44   63.61   78.13   85.55
11:34:24 76.33   60.01   78.24   85.55
11:35:28 76.21   59.23   78.24   85.44
11:36:31 75.99   59.00   78.24   85.44
11:37:34 75.88   58.66   78.24   85.44
11:38:38 75.76   58.44   78.13   85.21
11:39:41 75.54   58.10   78.13   85.21
11:40:44 75.54   66.88   78.01   85.10
11:41:48 75.54   68.90   78.01   85.10
11:42:51 75.65   69.91   78.01   85.10
11:43:54 75.65   71.49   78.01   85.21
11:44:58 75.76   72.84   78.01   85.21
11:46:01 75.76   74.30   77.90   85.21
11:47:04 75.88   75.31   77.90   85.21
11:48:08 75.99   76.89   78.01   85.10
11:49:11 76.10   78.01   77.90   84.99
11:50:14 76.10   78.46   77.90   85.10
11:51:18 76.21   78.69   77.90   85.10
11:52:21 76.33   78.80   77.90   85.21
11:53:25 76.33   78.91   77.90   85.10
11:54:28 76.33   75.88   77.90   85.21
11:55:31 76.33   63.05   78.01   85.21
11:56:35 76.21   60.01   78.13   84.99
11:57:38 75.99   59.34   78.13   84.99
11:58:41 75.88   58.78   78.13   84.88
11:59:45 75.65   58.55   78.01   84.88
12:00:48 75.54   58.21   78.01   84.76
12:01:51 75.54   57.99   78.01   84.76
12:02:55 75.31   57.88   77.79   84.65
12:03:58 75.43   67.66   77.90   84.65
12:05:01 75.54   68.79   77.90   84.65
12:06:05 75.54   69.80   77.90   84.54
12:07:08 75.54   71.15   77.79   84.54
12:08:11 75.65   72.39   77.79   84.65
12:09:15 75.65   73.74   77.68   84.54
12:10:18 75.76   74.86   77.56   84.54
12:11:21 75.76   76.10   77.79   84.65
12:12:25 75.88   77.34   77.79   84.54
12:13:28 75.99   78.01   77.79   84.65
12:14:31 75.99   78.46   77.90   84.65
12:15:35 76.10   78.58   77.90   84.54
12:16:38 76.21   78.69   77.90   84.65
12:17:41 76.21   63.39   77.90   84.76
12:18:45 76.10   59.67   78.01   84.76
12:19:48 75.99   58.89   77.90   84.54
12:20:51 75.76   58.66   78.01   84.43
12:21:55 75.65   58.33   78.01   84.31
12:22:58 75.54   58.10   77.90   84.43
12:24:02 75.43   57.99   77.68   84.43
12:25:05 75.31   57.65   77.56   84.43
12:26:08 75.31   58.44   77.68   84.43
12:27:12 75.31   67.21   77.79   84.31
12:28:15 75.43   68.68   77.79   84.43
12:29:18 75.54   69.24   77.68   84.43
12:30:22 75.54   70.25   77.68   84.43
12:31:25 75.54   71.71   77.68   84.54
12:32:28 75.65   73.06   77.68   84.43
12:33:32 75.76   74.30   77.68   84.31
12:34:35 75.76   75.54   77.68   84.31
12:35:38 75.88   77.00   77.79   84.31
12:36:42 75.99   77.90   77.79   84.43
12:37:45 75.99   65.53   77.79   84.43
12:38:48 75.99   60.69   77.79   84.31
12:39:52 75.76   59.45   77.68   84.20
12:40:55 75.65   59.00   77.90   84.20
12:41:58 75.54   58.44   77.68   84.31
12:43:02 75.43   58.33   77.68   84.31
12:44:05 75.31   57.99   77.68   84.20
12:45:08 75.20   57.65   77.68   84.20
12:46:12 75.09   57.20   77.68   84.20
12:47:15 75.20   59.00   77.56   84.20
12:48:18 75.20   67.33   77.56   84.20
12:49:22 75.20   68.56   77.68   84.20
12:50:25 75.31   69.24   77.56   84.09
12:51:28 75.43   70.25   77.68   83.97
12:52:32 75.43   71.60   77.68   84.09
12:53:35 75.54   72.72   77.68   83.97
12:54:38 75.54   73.85   77.56   83.97
12:55:42 75.65   75.09   77.56   83.97
12:56:45 75.76   76.21   77.45   83.97
12:57:49 75.76   63.73   77.56   83.97
12:58:52 75.76   59.79   77.68   83.86
12:59:55 75.65   59.23   77.68   83.86
13:00:59 75.43   58.78   77.68   83.86
13:02:02 75.31   58.33   77.56   83.86
13:03:05 75.31   58.10   77.56   83.75
13:04:09 75.20   57.88   77.56   83.64
13:05:12 75.20   57.76   77.56   83.64
13:06:15 75.09   57.42   77.56   83.64
13:07:19 74.97   57.42   77.45   83.64
13:08:22 74.97   62.94   77.34   83.64
13:09:25 75.09   67.66   77.34   83.53
13:10:29 75.20   68.56   77.45   83.64
13:11:32 75.20   69.01   77.45   83.53
13:12:35 75.31   69.91   77.45   83.64
13:13:39 75.43   71.26   77.45   83.64
13:14:42 75.43   72.28   77.45   83.53
13:15:45 75.43   73.29   77.45   83.64
13:16:49 75.54   74.30   77.45   83.64
13:17:52 75.54   66.20   77.45   83.75
13:18:55 75.54   60.46   77.45   83.64
13:19:59 75.43   58.89   77.45   83.75
13:21:02 75.31   58.55   77.22   83.75
13:22:05 75.20   58.10   77.22   83.75
13:23:09 75.09   57.88   77.34   83.64
13:24:12 75.09   57.76   77.34   83.53
13:25:15 74.97   57.31   77.22   83.64
13:26:19 74.86   57.31   77.34   83.53
13:27:22 74.86   57.20   77.34   83.53
13:28:25 74.86   56.64   77.22   83.41
13:29:29 74.86   65.53   77.34   83.30
13:30:32 74.86   67.78   77.34   83.41
13:31:36 75.09   68.34   77.34   83.41
13:32:39 75.09   68.68   77.22   83.41
13:33:42 75.20   69.58   77.22   83.30
13:34:46 75.20   70.59   77.34   83.30
13:35:49 75.31   71.38   77.22   83.30
13:36:52 75.31   72.28   77.22   83.19
13:37:56 75.54   73.29   77.34   83.30
13:38:59 75.43   64.96   77.34   83.41
13:40:02 75.43   59.56   77.34   83.41
13:41:06 75.31   58.33   77.22   83.30
13:42:09 75.20   58.21   77.34   83.41
13:43:12 75.09   58.10   77.34   83.30
13:44:16 75.09   57.88   77.22   83.19
13:45:19 74.97   57.65   77.11   83.19
13:46:22 74.86   57.65   77.22   83.08
13:47:26 74.86   57.42   77.22   83.08
13:48:29 74.86   57.09   77.11   82.96
13:49:32 74.75   56.98   77.11   82.96
13:50:36 74.75   65.86   77.11   82.96
13:51:39 74.86   67.66   77.11   82.96
13:52:42 74.97   68.45   77.11   83.08
13:53:46 75.09   69.01   77.11   83.19
13:54:49 74.97   70.03   77.22   83.30
13:55:52 75.09   70.93   77.22   83.30
13:56:56 75.20   71.83   77.22   83.30
13:57:59 75.31   72.28   77.11   83.30
13:59:02 75.31   66.43   77.00   83.30
14:00:06 75.31   60.24   76.78   83.19
14:01:09 75.20   58.89   77.11   82.96
14:02:13 75.09   58.55   77.11   82.96
14:03:16 75.09   58.21   77.22   82.85
14:04:19 74.86   57.99   77.22   82.85
14:05:23 74.86   57.76   77.11   82.96
14:06:26 74.86   56.98   77.11   82.96
14:07:29 74.86   56.64   77.11   82.96
14:08:33 74.75   57.09   77.11   82.85
14:09:36 74.64   56.53   77.11   82.74
14:10:39 74.64   65.97   77.00   82.85
14:11:43 74.86   67.78   76.89   82.74
14:12:46 74.97   68.68   77.00   82.85
14:13:49 74.97   69.24   77.00   82.85
14:14:53 75.09   70.03   77.00   82.74
14:15:56 75.20   71.26   76.89   82.85
14:16:59 75.20   72.39   76.89   82.96
14:18:03 75.31   73.29   77.00   82.85
14:19:06 75.43   73.29   77.00   82.96
14:20:09 75.43   62.94   76.89   82.96
14:21:13 75.31   59.56   76.89   82.96
14:22:16 75.20   58.89   77.11   82.96
14:23:19 75.09   58.33   77.00   82.74
14:24:23 74.97   58.21   77.11   82.74
14:25:26 74.86   57.99   77.00   82.74
14:26:29 74.75   57.65   76.89   82.85
14:27:33 74.75   57.54   77.00   82.85
14:28:36 74.86   56.98   76.89   82.74
14:29:39 74.64   56.86   76.89   82.74
14:30:43 74.64   63.39   77.00   82.63
14:31:46 74.64   67.10   76.89   82.74
14:32:49 74.86   68.34   76.89   82.74
14:33:53 74.97   68.90   76.89   82.85
14:34:56 75.09   69.69   76.89   82.63
14:36:00 74.97   70.70   76.89   82.74
14:37:03 75.09   71.83   76.89   82.74
14:38:06 75.20   72.61   76.89   82.63
14:39:10 75.20   73.63   76.89   82.63
14:40:13 75.31   74.64   76.78   82.74
14:41:16 75.31   63.84   76.89   82.85
14:42:20 75.31   59.67   76.89   82.74
14:43:23 75.20   59.00   76.89   82.74
14:44:26 75.09   58.55   76.89   82.74
14:45:30 74.97   58.21   76.89   82.63
14:46:33 74.86   58.21   76.89   82.63
14:47:36 74.75   57.76   76.89   82.63
14:48:40 74.75   57.31   76.89   82.51
14:49:43 74.64   57.54   76.89   82.51
14:50:46 74.64   56.98   76.89   82.51
14:51:50 74.64   56.75   76.89   82.51
14:52:53 74.53   56.41   76.78   82.51
14:53:56 74.53   56.64   76.89   82.51
14:55:00 74.64   56.53   76.78   82.51
14:56:03 74.41   56.08   76.78   82.40
14:57:06 74.41   56.08   76.66   82.51
14:58:10 74.41   55.63   76.78   82.40
14:59:13 74.41   56.19   76.78   82.29
15:00:16 74.30   55.63   76.55   82.40
15:01:20 74.30   55.74   76.55   82.29
15:02:23 74.30   55.51   76.66   82.29
15:03:26 74.19   55.63   76.44   82.29
15:04:30 74.30   55.51   76.55   82.29
15:05:33 74.30   55.40   76.44   82.18
15:06:36 74.30   55.29   76.44   82.18
15:07:40 74.30   55.29   76.66   82.40
15:08:43 74.30   55.29   76.44   82.29
15:09:47 74.30   54.84   76.44   82.18
15:10:50 74.19   54.95   76.21   82.06
15:11:53 74.19   55.06   76.44   82.06
15:12:57 74.19   54.84   76.55   82.06
15:14:00 74.19   54.84   76.44   82.06
15:15:03 74.08   55.06   76.33   82.06
15:16:07 74.08   54.84   76.33   81.95
15:17:10 74.19   54.73   76.21   81.84
15:18:13 74.08   54.61   76.33   81.84
15:19:17 74.08   54.73   76.33   81.84
15:20:20 74.08   54.61   76.21   81.84
15:21:23 73.96   54.73   76.21   81.72
15:22:27 73.96   54.50   75.99   81.84
15:23:30 74.08   54.61   76.21   81.84
15:24:33 74.08   54.39   76.10   81.95
15:25:37 73.96   54.50   76.10   81.84
15:26:40 73.96   54.39   76.10   81.95
15:27:43 73.96   54.39   75.99   81.72
15:28:47 73.96   54.39   75.99   81.72
15:29:50 73.96   54.50   75.99   81.72
15:30:53 73.85   54.39   75.99   81.84
15:31:57 73.96   54.39   76.10   81.84
15:33:00 73.85   54.50   75.99   81.72
15:34:03 73.96   54.50   75.88   81.72
15:35:07 73.85   54.39   75.88   81.72
15:36:10 73.85   54.28   75.88   81.61
15:37:13 73.96   54.39   75.88   81.61
15:38:17 73.85   54.16   75.99   81.72
15:39:20 73.85   54.28   76.10   81.72
15:40:23 73.85   54.39   75.99   81.61
15:41:27 73.74   54.16   75.88   81.50
15:42:30 73.85   54.16   75.76   81.50
15:43:34 73.74   54.05   75.88   81.39
15:44:37 73.85   54.16   75.65   81.39
15:45:40 73.74   54.16   75.88   81.28
15:46:44 73.74   53.94   75.65   81.28
15:47:47 73.74   54.16   75.76   81.28
15:48:50 73.63   54.05   75.65   81.39
15:49:54 73.74   54.05   75.76   81.28
15:50:57 73.63   53.94   75.65   81.16
15:52:00 73.63   53.94   75.76   81.28
15:53:04 73.63   53.83   75.54   81.28
15:54:07 73.63   53.83   75.65   81.28
15:55:10 73.63   53.83   75.65   81.28
15:56:14 73.51   53.83   75.65   81.16
15:57:17 73.63   53.83   75.65   81.16
15:58:20 73.51   53.71   75.54   81.28
15:59:24 73.63   53.83   75.54   81.28
16:00:27 73.51   53.71   75.54   81.28
16:01:30 73.51   53.83   75.54   81.16
16:02:34 73.40   53.71   75.54   81.05
16:03:37 73.51   53.71   75.43   81.05
16:04:40 73.51   53.71   75.54   80.94
16:05:44 73.40   53.60   75.43   80.83
16:06:47 73.51   53.71   75.31   80.83
16:07:50 73.40   53.49   75.43   80.94
16:08:54 73.40   53.60   75.20   80.83
16:09:57 73.40   53.60   75.31   80.71
16:11:00 73.29   53.49   75.43   80.94
16:12:04 73.29   53.38   75.43   80.94
16:13:07 73.40   53.60   75.31   81.05
16:14:11 73.40   53.49   75.43   80.94
16:15:14 73.40   53.60   75.31   80.94
16:16:17 73.29   53.60   75.31   80.83
16:17:21 73.40   53.49   75.43   80.83
16:18:24 73.29   53.49   75.31   80.83
16:19:27 73.40   53.38   75.31   80.94
16:20:31 73.29   53.38   75.20   80.83
16:21:34 73.29   53.49   75.31   80.83
16:22:37 73.29   53.38   75.09   80.94
16:23:41 73.29   53.26   75.20   80.83
16:24:44 73.29   53.38   75.09   80.83
16:25:47 73.29   53.38   75.20   80.83
16:26:51 73.18   53.49   75.09   80.94
16:27:54 73.18   53.49   75.20   80.94
16:28:57 73.18   53.49   75.09   80.94
16:30:01 73.18   53.26   74.97   80.83
16:31:04 73.18   53.38   74.97   80.83
16:32:07 73.18   53.38   74.97   80.71
16:33:11 73.29   53.38   74.97   80.71
16:34:14 73.18   53.26   74.97   80.71
16:35:17 73.18   53.15   74.97   80.60
16:36:21 73.06   53.26   75.20   80.71
16:37:24 73.06   53.26   74.97   80.60
16:38:27 73.06   53.38   74.97   80.71
16:39:31 73.18   53.15   74.97   80.60
16:40:34 73.18   53.38   75.09   80.60
16:41:37 73.18   53.26   74.97   80.60
16:42:41 73.06   53.26   75.09   80.60
16:43:44 73.06   53.15   75.09   80.60
16:44:47 73.06   53.04   74.97   80.60
16:45:51 73.06   53.15   74.86   80.38
16:46:54 73.06   53.15   74.86   80.26
16:47:58 73.06   53.04   74.75   80.38
16:49:01 73.06   53.15   74.86   80.38
16:50:04 72.95   53.04   74.86   80.49
16:51:08 72.95   53.04   74.86   80.38
16:52:11 73.06   52.81   74.86   80.26
16:53:14 72.95   52.92   74.86   80.15
16:54:18 72.95   52.92   74.86   80.15
16:55:21 72.95   53.15   74.75   80.15
16:56:24 72.95   52.92   74.75   80.15
16:57:28 72.95   53.04   74.86   80.26
16:58:31 72.95   52.92   74.86   80.26
16:59:34 72.95   52.81   74.75   80.15
17:00:38 72.84   52.81   74.75   80.15
17:01:41 72.84   52.81   74.75   80.15
17:02:44 72.84   52.81   74.64   80.04
17:03:48 72.84   52.70   74.64   80.04
17:04:51 72.84   52.81   74.75   79.93
17:05:54 72.84   52.81   74.53   79.93
17:06:58 72.84   52.70   74.64   79.93
17:08:01 72.84   52.70   74.53   80.04
17:09:04 72.84   52.59   74.53   80.04
17:10:08 72.72   52.48   74.64   80.04
17:11:11 72.72   52.59   74.64   80.04
17:12:14 72.72   52.70   74.53   80.04
17:13:18 72.84   52.59   74.64   80.04
17:14:21 72.61   52.70   74.64   80.04
17:15:24 72.72   52.70   74.64   80.04
17:16:28 72.61   52.59   74.53   80.15
17:17:31 72.72   52.59   74.53   80.04
17:18:34 72.61   52.59   74.41   79.81
17:19:38 72.61   52.59   74.53   79.81
17:20:41 72.61   52.36   74.41   79.70
17:21:44 72.61   52.70   74.41   79.70
17:22:48 72.61   52.36   74.53   79.81
17:23:51 72.61   52.59   74.41   79.70
17:24:54 72.61   52.48   74.53   79.70
17:25:58 72.50   60.01   74.53   79.93
17:27:01 72.61   63.39   74.53   79.81
17:28:05 72.84   64.06   74.30   79.81
17:29:08 72.95   64.51   74.53   79.81
17:30:11 73.06   65.08   74.30   79.70
17:31:15 73.06   65.86   74.53   79.81
17:32:18 73.29   66.76   74.30   79.93
17:33:21 73.29   59.00   74.30   79.81
17:34:25 73.29   55.63   74.41   80.15
17:35:28 73.18   54.95   74.30   80.15
17:36:31 73.06   54.73   74.30   79.93
17:37:35 73.06   54.39   74.41   79.93
17:38:38 72.95   54.05   74.41   79.93
17:39:41 72.84   53.71   74.41   79.93
17:40:45 72.84   53.83   74.53   79.93
17:41:48 72.84   53.71   74.53   79.93
17:42:51 72.84   53.49   74.53   79.93
17:43:55 72.72   53.38   74.41   79.70
17:44:58 72.61   53.04   74.41   79.70
17:46:01 72.72   59.45   74.41   79.70
17:47:05 72.72   63.39   74.41   79.59
17:48:08 72.84   64.40   74.41   79.59
17:49:11 73.06   65.08   74.53   79.70
17:50:15 73.06   65.86   74.53   79.93
17:51:18 73.18   66.76   74.41   79.93
17:52:21 73.18   67.66   74.41   79.93
17:53:25 73.29   68.90   74.53   79.81
17:54:28 73.40   70.36   74.53   79.81
17:55:31 73.40   69.46   74.41   79.93
17:56:35 73.51   60.13   74.53   79.93
17:57:38 73.40   56.86   74.53   80.04
17:58:42 73.29   56.19   74.64   80.04
17:59:45 73.18   55.85   74.41   80.15
18:00:48 73.06   55.74   74.53   80.15
18:01:52 73.06   54.84   74.64   80.15
18:02:55 72.95   54.28   74.64   80.15
18:03:58 72.95   57.42   74.64   79.93
18:05:02 73.06   64.51   74.64   79.93
18:06:05 73.18   66.20   74.53   79.93
18:07:08 73.29   67.10   74.64   79.93
18:08:12 73.29   68.56   74.75   80.04
18:09:15 73.40   70.81   74.53   80.04
18:10:18 73.40   72.72   74.64   80.04
18:11:22 73.51   73.74   74.53   80.04
18:12:25 73.74   74.53   74.53   80.04
18:13:28 73.74   74.86   74.64   80.15
18:14:32 73.85   75.31   74.64   80.38
18:15:35 73.96   75.65   74.64   80.38
18:16:38 74.08   75.88   74.75   80.49
18:17:42 74.19   75.99   74.97   80.49
18:18:45 74.30   76.10   74.86   80.49
18:19:48 74.30   67.66   74.97   80.49
18:20:52 74.30   59.11   74.97   80.60
18:21:55 74.08   57.09   74.97   80.60
18:22:58 73.85   56.53   74.97   80.60
18:24:02 73.63   56.19   74.97   80.49
18:25:05 73.51   55.63   74.64   80.38
18:26:08 73.40   63.61   74.86   80.49
18:27:12 73.40   66.65   74.86   80.38
18:28:15 73.51   67.78   74.75   80.38
18:29:18 73.63   70.36   74.86   80.38
18:30:22 73.74   73.18   74.97   80.38
18:31:25 73.74   74.86   74.97   80.38
18:32:29 73.96   75.65   74.97   80.49
18:33:32 74.08   75.99   74.86   80.49
18:34:35 74.08   76.21   74.97   80.49
18:35:39 74.19   76.33   75.09   80.60
18:36:42 74.30   76.44   75.09   80.71
18:37:45 74.41   76.44   75.20   80.71
18:38:49 74.41   76.66   75.20   80.83
18:39:52 74.41   76.66   75.20   80.83
18:40:55 74.53   76.66   75.20   80.71
18:41:59 74.53   76.66   75.31   80.71
18:43:02 74.53   76.66   75.20   80.71
18:44:05 74.64   76.89   75.31   80.94
18:45:09 74.64   76.78   75.31   80.94
18:46:12 74.64   76.78   75.43   80.94
18:47:15 74.64   76.89   75.43   81.05
18:48:19 74.64   76.89   75.54   81.05
18:49:22 74.75   77.00   75.54   81.05
18:50:25 74.75   77.00   75.43   81.05
18:51:29 74.75   77.00   75.54   81.16
18:52:32 74.75   77.11   75.54   81.28
18:53:35 74.86   77.11   75.54   81.28
18:54:39 74.86   77.11   75.65   81.16
18:55:42 74.86   77.11   75.65   81.28
18:56:45 74.97   77.22   75.65   81.28
18:57:49 74.97   77.22   75.65   81.28
18:58:52 74.97   77.22   75.65   81.28
18:59:55 74.97   77.22   75.76   81.39
19:00:59 75.09   77.34   75.65   81.39
19:02:02 74.97   77.34   75.76   81.39
19:03:05 75.09   77.34   75.65   81.39
19:04:09 75.09   77.34   75.76   81.50
19:05:12 75.09   77.34   75.76   81.61
19:06:16 75.09   77.34   75.65   81.61
19:07:19 75.09   77.34   75.76   81.61
19:08:22 75.09   77.34   75.88   81.50
19:09:26 75.09   77.34   75.76   81.50
19:10:29 75.09   77.45   75.88   81.50
19:11:32 75.09   77.45   75.76   81.61
19:12:36 75.09   77.45   75.88   81.72
19:13:39 75.09   77.45   75.88   81.72
19:14:42 75.20   77.45   75.88   81.72
19:15:46 75.20   77.45   75.88   81.84
19:16:49 75.20   77.45   75.99   81.84
19:17:52 75.20   77.56   75.99   81.84
19:18:56 75.20   77.56   76.10   81.84
19:19:59 75.20   77.56   75.99   81.95
19:21:02 75.31   77.56   75.99   81.84
19:22:06 75.31   77.56   76.21   81.95
19:23:09 75.31   77.56   76.21   81.95
19:24:12 75.31   77.68   76.10   81.95
19:25:16 75.31   77.68   75.99   82.06
19:26:19 75.31   77.68   76.21   82.18
19:27:22 75.31   77.68   76.10   82.18
19:28:26 75.31   77.68   76.21   82.29
19:29:29 75.43   77.68   76.33   82.40
19:30:32 75.43   77.68   76.10   82.40
19:31:36 75.43   77.68   76.21   82.40
19:32:39 75.43   77.79   76.21   82.40
19:33:42 75.54   77.79   76.33   82.40
19:34:46 75.54   77.79   76.21   82.40
19:35:49 75.54   77.79   76.21   82.40
19:36:52 75.54   77.79   76.21   82.51
19:37:56 75.54   77.79   76.44   82.51
19:38:59 75.54   77.90   76.33   82.51
19:40:03 75.54   77.90   76.44   82.63
19:41:06 75.54   77.90   76.55   82.63
19:42:09 75.54   77.90   76.44   82.51
19:43:13 75.54   77.90   76.44   82.51
19:44:16 75.54   77.90   76.55   82.51
19:45:19 75.54   77.90   76.55   82.51
19:46:23 75.54   77.90   76.55   82.51
19:47:26 75.54   78.01   76.55   82.63
19:48:29 75.65   78.01   76.44   82.51
19:49:33 75.65   78.01   76.44   82.51
19:50:36 75.65   78.01   76.55   82.51
19:51:39 75.65   78.01   76.55   82.63
19:52:43 75.65   78.01   76.66   82.51
19:53:46 75.65   78.01   76.55   82.51
19:54:49 75.65   78.13   76.66   82.63
19:55:53 75.65   78.01   76.66   82.63
19:56:56 75.65   78.13   76.66   82.74
19:57:59 75.76   78.13   76.78   82.74
19:59:03 75.76   78.13   76.78   82.74
20:00:06 75.65   78.13   76.78   82.85
20:01:09 75.65   78.13   76.78   82.85
20:02:13 75.76   78.13   76.66   82.74
20:03:16 75.76   78.13   76.66   82.74
20:04:19 75.76   78.24   76.66   82.74
20:05:23 75.76   78.13   76.66   82.85
20:06:26 75.76   78.24   76.78   82.74
20:07:29 75.76   78.24   76.78   82.74
20:08:33 75.88   78.24   76.78   82.85
20:09:36 75.76   78.24   76.89   82.74
20:10:39 75.76   78.24   76.78   82.85
20:11:43 75.88   78.24   76.78   82.96
20:12:46 75.88   78.24   76.78   82.96
20:13:50 75.88   78.24   76.78   83.08
20:14:53 75.88   78.24   76.78   83.08
20:15:56 75.99   78.24   76.89   83.08
20:17:00 75.88   78.24   76.89   82.96
20:18:03 75.99   78.24   76.89   82.96
20:19:06 75.88   78.35   76.89   82.96
20:20:10 75.99   78.35   76.89   83.08
20:21:13 75.99   78.35   76.89   83.08
20:22:16 75.99   78.35   76.89   83.19
20:23:20 75.88   78.35   76.89   83.19
20:24:23 75.99   78.35   76.89   83.30
20:25:26 75.99   78.35   77.00   83.41
20:26:30 75.99   78.35   77.00   83.41
20:27:33 75.99   78.35   77.00   83.41
20:28:36 75.99   78.46   77.00   83.41
20:29:40 75.99   78.46   76.89   83.41
20:30:43 75.99   78.46   77.00   83.41
20:31:46 75.99   78.46   76.89   83.41
20:32:50 75.99   78.46   77.00   83.41
20:33:53 75.99   78.46   77.11   83.41
20:34:56 75.99   78.46   77.11   83.53
20:36:00 75.99   78.46   77.00   83.41
20:37:03 76.10   78.46   77.11   83.41
20:38:06 75.99   78.58   77.11   83.41
20:39:10 75.99   78.58   77.11   83.41
20:40:13 76.10   78.58   77.11   83.41
20:41:16 76.10   78.58   77.22   83.30
20:42:20 76.10   78.58   77.11   83.30
20:43:23 76.10   78.58   77.22   83.30
20:44:26 76.10   78.58   77.34   83.41
20:45:30 76.10   78.58   77.22   83.41
20:46:33 76.21   78.58   77.00   83.41
20:47:37 76.21   78.58   77.22   83.53
20:48:40 76.21   78.58   77.11   83.53
20:49:43 76.21   78.58   77.22   83.53
20:50:47 76.21   78.58   77.34   83.64
20:51:50 76.21   78.58   77.22   83.75
20:52:53 76.21   78.58   77.22   83.64
20:53:57 76.21   78.69   77.22   83.64
20:55:00 76.21   78.69   77.34   83.53
20:56:03 76.21   78.69   77.34   83.53
20:57:07 76.21   78.69   77.11   83.64
20:58:10 76.21   78.69   77.11   83.64
20:59:13 76.21   78.80   77.22   83.64
21:00:17 76.21   78.80   77.34   83.64
21:01:20 76.21   64.74   77.22   83.64
21:02:23 75.99   61.03   77.22   83.64
21:03:27 75.88   59.90   77.11   83.64
21:04:30 75.76   58.78   77.22   83.64
21:05:33 75.54   58.44   77.11   83.41
21:06:37 75.31   57.99   77.11   83.41
21:07:40 75.20   64.63   77.22   83.41
21:08:43 75.20   68.68   77.22   83.41
21:09:47 75.31   70.59   77.34   83.30
21:10:50 75.31   71.94   77.34   83.30
21:11:53 75.31   73.40   77.34   83.30
21:12:57 75.31   74.86   77.34   83.08
21:14:00 75.43   76.21   77.34   83.08
21:15:03 75.43   77.45   77.34   83.30
21:16:07 75.54   78.01   77.34   83.30
21:17:10 75.65   78.24   77.34   83.30
21:18:14 75.65   78.35   77.22   83.19
21:19:17 75.65   78.35   77.34   83.30
21:20:20 75.76   78.46   77.34   83.30
21:21:24 75.88   78.58   77.34   83.41
21:22:27 75.99   78.58   77.34   83.53
21:23:30 75.88   78.69   77.22   83.41
21:24:34 75.99   78.69   77.34   83.41
21:25:37 75.99   78.69   77.34   83.41
21:26:40 75.99   78.69   77.34   83.30
21:27:44 75.99   75.09   77.34   83.41
21:28:47 75.99   62.04   77.34   83.41
21:29:50 75.88   59.34   77.45   83.41
21:30:54 75.65   58.44   77.34   83.30
21:31:57 75.54   58.21   77.34   83.30
21:33:00 75.31   57.76   77.34   83.19
21:34:04 75.20   57.54   77.34   83.19
21:35:07 75.09   57.31   77.34   82.96
21:36:10 74.97   57.20   77.22   82.96
21:37:14 74.97   56.98   77.22   82.85
21:38:17 74.86   56.64   77.22   82.96
21:39:20 74.75   56.53   77.11   82.85
21:40:24 74.75   56.41   77.11   82.96
21:41:27 74.64   56.19   77.11   82.85
21:42:30 74.53   55.85   77.00   82.74
21:43:34 74.53   55.96   77.00   82.74
21:44:37 74.41   55.96   76.89   82.85
21:45:40 74.41   55.63   76.89   82.74
21:46:44 74.41   55.63   76.89   82.85
21:47:47 74.30   55.63   76.78   82.74
21:48:51 74.30   55.74   76.78   82.63
21:49:54 74.30   55.29   76.78   82.63
21:50:57 74.30   55.40   76.78   82.63
21:52:01 74.19   55.29   76.66   82.63
21:53:04 74.19   55.06   76.78   82.51
21:54:07 74.19   55.06   76.55   82.40
21:55:11 74.08   55.06   76.55   82.29
21:56:14 74.08   54.95   76.55   82.18
21:57:17 73.96   54.95   76.44   82.18
21:58:21 74.08   54.84   76.44   82.18
21:59:24 74.08   54.61   76.44   82.18
22:00:27 73.96   54.73   76.33   82.06
22:01:31 74.08   54.39   76.33   82.18
22:02:34 73.85   54.28   76.33   82.18
22:03:37 73.85   54.16   76.33   82.18
22:04:41 73.85   54.39   76.33   82.18
22:05:44 73.85   54.16   76.33   81.95
22:06:47 73.85   54.16   76.21   81.95
22:07:51 73.74   54.28   76.21   81.95
22:08:54 73.85   54.16   76.21   81.84
22:09:57 73.85   53.94   76.10   81.84
22:11:01 73.74   54.28   75.99   81.72
22:12:04 73.63   54.05   75.99   81.72
22:13:07 73.63   53.94   75.99   81.72
22:14:11 73.51   53.83   75.99   81.72
22:15:14 73.51   53.71   75.99   81.61
22:16:17 73.51   53.60   75.88   81.61
22:17:21 73.51   53.71   75.88   81.61
22:18:24 73.51   53.60   75.88   81.50
22:19:27 73.51   53.60   75.88   81.50
22:20:31 73.40   53.38   75.88   81.50
22:21:34 73.40   53.38   75.76   81.50
22:22:38 73.29   53.15   75.88   81.50
22:23:41 73.40   53.15   75.76   81.50
22:24:44 73.29   53.15   75.88   81.50
22:25:48 73.29   52.92   75.88   81.39
22:26:51 73.29   52.92   75.88   81.28
22:27:54 73.29   53.04   75.65   81.28
22:28:58 73.29   52.92   75.65   81.16
22:30:01 73.18   52.81   75.54   81.16
22:31:04 73.18   52.92   75.65   81.05
22:32:08 73.18   52.81   75.65   81.05
22:33:11 73.18   52.81   75.65   81.05
22:34:14 73.06   52.81   75.54   81.16
22:35:18 72.95   52.70   75.54   81.05
22:36:21 73.06   52.81   75.31   80.94
22:37:24 72.95   52.81   75.43   80.94
22:38:28 72.95   52.59   75.31   80.94
22:39:31 72.95   52.70   75.31   80.83
22:40:34 72.95   52.70   75.43   80.71
22:41:38 73.06   52.70   75.31   80.71
22:42:41 72.95   52.59   75.43   80.60
22:43:44 72.95   52.59   75.20   80.60
22:44:48 72.95   52.48   75.20   80.71
22:45:51 72.84   52.48   75.09   80.49
22:46:54 72.95   52.59   75.20   80.49
22:47:58 72.84   52.36   75.31   80.38
22:49:01 72.84   52.25   75.31   80.49
22:50:04 72.84   52.25   75.20   80.49
22:51:08 72.84   52.36   75.09   80.49
22:52:11 72.72   52.25   75.20   80.60
22:53:14 72.72   52.25   75.09   80.49
22:54:18 72.72   52.25   75.09   80.49
22:55:21 72.61   52.03   75.09   80.49
22:56:25 72.72   52.14   75.20   80.49
22:57:28 72.61   52.14   75.09   80.38
22:58:31 72.61   52.14   75.09   80.38
22:59:35 72.61   52.03   75.09   80.38
23:00:38 72.72   52.03   75.09   80.26
23:01:41 72.61   51.91   74.97   80.26
23:02:45 72.50   51.80   74.97   80.26
23:03:48 72.61   51.91   74.86   80.26
23:04:51 72.50   51.91   74.86   80.26
23:05:55 72.50   51.80   74.97   80.15
23:06:58 72.39   51.80   74.97   80.04
23:08:01 72.50   51.91   74.86   80.15
23:09:05 72.39   51.69   74.86   80.04
23:10:08 72.39   51.80   74.86   79.93
23:11:11 72.28   51.69   74.75   79.93
23:12:15 72.39   51.69   74.64   79.93
23:13:18 72.39   51.69   74.75   80.04
23:14:21 72.50   51.80   74.64   80.04
23:15:25 72.39   51.58   74.64   79.93
23:16:28 72.39   51.58   74.75   80.04
23:17:31 72.39   51.58   74.64   79.93
23:18:35 72.39   51.69   74.53   80.04
23:19:38 72.39   51.58   74.53   79.93
23:20:41 72.28   51.46   74.53   79.93
23:21:45 72.28   51.58   74.53   79.81
23:22:48 72.28   51.46   74.53   79.81
23:23:51 72.28   51.46   74.64   79.70
23:24:55 72.16   51.46   74.53   79.70
23:25:58 72.28   51.46   74.41   79.70
23:27:01 72.28   51.46   74.53   79.59
23:28:05 72.28   51.35   74.53   79.70
23:29:08 72.16   51.35   74.53   79.70
23:30:11 72.16   51.46   74.41   79.70
23:31:15 72.05   51.35   74.53   79.59
23:32:18 72.16   51.35   74.41   79.47
23:33:22 72.05   51.24   74.41   79.47
23:34:25 72.05   51.35   74.41   79.47
23:35:28 72.05   51.24   74.30   79.59
23:36:32 72.05   51.24   74.30   79.47
23:37:35 72.05   51.13   74.41   79.36
23:38:38 71.94   51.13   74.30   79.36
23:39:42 71.94   51.13   74.30   79.25
23:40:45 71.94   51.01   74.19   79.36
23:41:48 71.94   51.13   74.19   79.36
23:42:52 71.94   51.13   74.19   79.36
23:43:55 71.94   50.90   74.30   79.36
23:44:58 71.94   51.01   74.19   79.47
23:46:02 71.94   51.01   74.19   79.47
23:47:05 71.83   51.01   74.08   79.36
23:48:08 71.94   50.90   74.19   79.36
23:49:12 71.83   51.01   74.08   79.36
23:50:15 71.83   51.01   74.08   79.36
23:51:18 71.71   51.01   74.08   79.47
23:52:22 71.71   51.01   74.08   79.36
23:53:25 71.71   50.90   74.08   79.36
23:54:28 71.71   51.01   74.08   79.14
23:55:32 71.71   50.90   74.19   79.14
23:56:35 71.60   50.79   74.08   79.14
23:57:38 71.71   52.36   73.96   79.03
23:58:42 71.71   61.92   73.96   79.14
23:59:45 71.94   62.71   73.96   79.14
