00:00:29 72.72   53.94   74.75   81.72
00:01:32 72.50   54.05   74.86   81.61
00:02:35 72.39   53.83   74.64   81.72
00:03:39 72.50   60.91   74.97   81.72
00:04:42 72.50   64.96   74.64   81.50
00:05:45 72.61   65.97   74.64   81.50
00:06:49 72.72   66.99   74.53   81.39
00:07:52 72.84   68.45   74.86   81.28
00:08:55 72.84   70.14   75.31   81.16
00:09:59 72.95   72.05   74.97   81.05
00:11:02 72.95   73.18   75.31   81.05
00:12:06 73.06   73.85   74.75   81.16
00:13:09 73.18   74.30   75.09   81.16
00:14:12 73.18   74.64   75.09   81.28
00:15:16 73.29   74.86   75.09   81.28
00:16:19 73.29   74.97   75.09   81.28
00:17:22 73.40   75.09   75.20   81.39
00:18:26 73.40   75.31   75.20   81.39
00:19:29 73.40   75.43   75.09   81.39
00:20:32 73.51   75.54   75.09   81.50
00:21:36 73.51   75.65   75.09   81.50
00:22:39 73.51   75.65   74.97   81.50
00:23:42 73.51   75.76   74.97   81.50
00:24:46 73.63   75.88   75.31   81.50
00:25:49 73.63   75.88   75.20   81.61
00:26:52 73.63   75.99   75.43   81.50
00:27:56 73.74   75.99   75.43   81.50
00:28:59 73.74   75.99   75.20   81.61
00:30:02 73.74   76.10   75.31   81.72
00:31:06 73.85   76.10   75.65   81.61
00:32:09 73.85   76.21   75.31   81.72
00:33:12 73.85   76.10   75.65   81.61
00:34:16 73.85   76.21   75.43   81.61
00:35:19 73.96   76.21   75.65   81.61
00:36:22 73.96   76.33   75.65   81.61
00:37:26 73.96   76.33   75.54   81.61
00:38:29 74.08   76.33   75.76   81.61
00:39:32 73.96   76.33   75.65   81.61
00:40:36 73.96   76.33   75.88   81.61
00:41:39 73.96   76.33   75.43   81.50
00:42:43 74.08   76.33   75.65   81.61
00:43:46 74.08   76.44   75.54   81.72
00:44:49 74.19   76.44   75.76   81.72
00:45:53 74.08   76.44   75.65   81.72
00:46:56 74.08   76.44   75.54   81.61
00:47:59 74.08   76.44   75.76   81.61
00:49:03 74.08   76.55   75.65   81.50
00:50:06 74.19   76.44   75.76   81.61
00:51:09 74.08   76.44   75.76   81.61
00:52:13 74.08   76.55   75.76   81.72
00:53:16 74.08   76.44   75.99   81.72
00:54:19 74.08   76.55   75.76   81.84
00:55:23 74.19   76.44   75.99   81.72
00:56:26 74.19   76.55   75.88   81.61
00:57:29 74.19   76.55   75.88   81.61
00:58:33 74.19   76.55   75.76   81.72
00:59:36 74.08   76.55   75.76   81.84
01:00:39 74.19   76.55   75.99   81.84
01:01:43 74.19   76.55   76.21   81.84
01:02:46 74.19   76.55   76.10   81.84
01:03:49 74.19   76.66   76.10   81.84
01:04:53 74.19   76.66   76.10   81.84
01:05:56 74.19   76.66   75.99   81.72
01:06:59 74.30   76.66   75.99   81.84
01:08:03 74.30   76.66   76.21   81.72
01:09:06 74.19   76.66   76.33   81.72
01:10:09 74.19   76.66   76.21   81.72
01:11:13 74.30   76.66   76.44   81.72
01:12:16 74.30   76.66   76.44   81.72
01:13:19 74.30   76.66   76.21   81.72
01:14:23 74.30   76.66   76.33   81.72
01:15:26 74.41   76.66   76.10   81.61
01:16:30 74.41   76.78   76.33   81.61
01:17:33 74.30   76.66   76.21   81.72
01:18:36 74.41   76.66   76.21   81.84
01:19:40 74.30   76.66   76.44   81.84
01:20:43 74.41   76.78   76.44   81.84
01:21:46 74.41   76.78   76.21   81.72
01:22:50 74.41   76.78   76.33   81.95
01:23:53 74.41   76.89   76.44   81.95
01:24:56 74.41   76.89   76.44   81.95
01:26:00 74.41   76.89   76.33   81.95
01:27:03 74.41   76.89   76.21   82.06
01:28:06 74.41   76.89   76.33   82.06
01:29:10 74.41   76.89   76.33   81.95
01:30:13 74.41   76.89   76.44   81.95
01:31:16 74.41   76.89   76.44   81.95
01:32:20 74.41   76.89   76.21   82.06
01:33:23 74.41   76.89   76.21   82.18
01:34:26 74.53   76.89   76.44   81.95
01:35:30 74.41   76.78   76.44   81.95
01:36:33 74.53   76.78   76.44   81.95
01:37:36 74.53   76.78   76.33   81.95
01:38:40 74.53   76.78   76.44   82.06
01:39:43 74.53   76.89   76.33   82.06
01:40:46 74.53   76.89   76.55   82.06
01:41:50 74.53   76.89   76.33   82.06
01:42:53 74.53   76.89   76.33   82.06
01:43:56 74.53   77.00   76.33   81.95
01:45:00 74.53   77.00   76.55   82.06
01:46:03 74.53   77.00   76.44   82.18
01:47:06 74.53   77.00   76.33   82.18
01:48:10 74.64   77.00   76.44   82.18
01:49:13 74.64   77.11   76.55   82.06
01:50:17 74.64   77.11   76.44   82.18
01:51:20 74.64   77.11   76.66   82.18
01:52:23 74.53   77.11   76.78   82.18
01:53:27 74.64   77.11   76.55   82.18
01:54:30 74.64   77.11   76.78   82.29
01:55:33 74.64   77.11   76.55   82.29
01:56:37 74.64   77.00   76.44   82.29
01:57:40 74.64   77.00   76.66   82.40
01:58:43 74.64   77.00   76.66   82.51
01:59:47 74.64   77.11   76.55   82.40
02:00:50 74.64   77.11   76.55   82.29
02:01:53 74.75   77.11   76.66   82.29
02:02:57 74.75   77.11   76.78   82.29
02:04:00 74.75   77.11   76.55   82.29
02:05:03 74.64   77.11   76.78   82.29
02:06:07 74.64   77.11   76.89   82.51
02:07:10 74.75   77.11   76.66   82.51
02:08:13 74.64   77.11   76.89   82.40
02:09:17 74.75   77.22   76.89   82.40
02:10:20 74.75   77.22   76.78   82.40
02:11:23 74.75   77.22   76.78   82.40
02:12:27 74.75   77.22   76.78   82.40
02:13:30 74.64   77.22   76.78   82.51
02:14:33 74.75   77.22   76.89   82.51
02:15:37 74.75   77.22   76.66   82.51
02:16:40 74.75   77.22   76.66   82.51
02:17:43 74.75   77.22   76.78   82.51
02:18:47 74.86   77.22   76.66   82.63
02:19:50 74.86   77.22   76.78   82.74
02:20:53 74.75   77.34   76.66   82.74
02:21:57 74.86   77.22   76.78   82.74
02:23:00 74.75   77.22   77.11   82.63
02:24:03 74.86   77.22   76.66   82.51
02:25:07 74.75   77.22   77.11   82.51
02:26:10 74.86   77.34   77.11   82.51
02:27:13 74.86   77.34   76.66   82.51
02:28:17 74.75   77.34   76.89   82.63
02:29:20 74.86   77.34   76.89   82.63
02:30:24 74.86   77.45   76.89   82.74
02:31:27 74.86   77.34   77.00   82.74
02:32:30 74.86   77.45   76.89   82.74
02:33:34 74.86   77.45   76.66   82.74
02:34:37 74.97   77.45   76.78   82.74
02:35:40 74.97   77.45   77.11   82.74
02:36:44 74.97   77.34   76.78   82.74
02:37:47 74.97   77.34   76.78   82.74
02:38:50 74.97   77.34   76.89   82.63
02:39:54 74.86   77.34   76.78   82.51
02:40:57 74.97   77.34   76.78   82.63
02:42:00 74.97   77.45   76.78   82.74
02:43:04 74.97   77.45   76.89   82.74
02:44:07 74.86   77.45   77.11   82.74
02:45:10 74.97   77.45   76.78   82.63
02:46:14 74.97   77.34   76.78   82.85
02:47:17 74.97   77.45   77.11   82.96
02:48:20 74.97   77.45   77.00   83.08
02:49:24 74.97   77.45   76.78   82.96
02:50:27 74.97   77.45   76.89   82.85
02:51:30 74.86   77.45   76.78   82.85
02:52:34 74.97   77.45   77.00   82.85
02:53:37 74.97   77.45   77.22   82.85
02:54:40 74.97   77.45   77.22   82.96
02:55:44 74.97   77.56   77.11   82.96
02:56:47 74.97   77.56   77.34   82.96
02:57:50 74.97   77.56   77.34   82.85
02:58:54 74.97   77.56   77.22   82.85
03:00:01 74.97   77.68   77.11   82.85
03:01:04 74.97   77.68   77.22   82.85
03:02:07 75.09   77.68   77.11   82.85
03:03:11 75.09   77.79   77.00   82.96
03:04:14 75.09   77.79   76.89   82.96
03:05:17 75.09   77.79   77.22   82.96
03:06:21 75.09   77.79   76.89   82.96
03:07:24 75.09   77.90   77.22   83.08
03:08:28 75.09   77.90   77.22   83.08
03:09:31 75.20   77.90   77.34   83.08
03:10:34 75.09   77.90   77.22   82.96
03:11:37 75.20   78.01   77.00   82.96
03:12:41 75.09   78.01   77.00   82.96
03:13:44 75.09   78.01   77.00   82.96
03:14:51 75.20   78.01   77.00   82.96
03:15:54 75.09   78.01   77.00   82.96
03:16:58 75.20   78.01   76.89   82.96
03:18:01 75.20   78.01   76.89   83.08
03:19:04 75.09   78.01   77.22   83.08
03:20:08 75.09   78.01   77.11   83.08
03:21:11 75.09   78.01   77.00   83.08
03:22:14 75.09   78.01   76.89   83.08
03:23:18 75.20   78.01   77.11   83.08
03:24:21 75.09   78.01   77.00   82.96
03:25:24 75.20   78.01   77.11   82.96
03:26:28 75.09   78.01   77.00   82.96
03:27:31 75.09   78.01   77.00   83.08
03:28:35 75.09   78.01   77.11   83.08
03:29:38 75.09   78.01   77.11   83.08
03:30:41 75.20   78.01   77.34   83.08
03:31:45 75.09   78.01   77.22   83.19
03:32:48 75.09   78.01   77.45   83.08
03:33:51 75.09   78.01   77.22   83.08
03:34:55 75.20   78.01   77.34   83.19
03:35:58 75.09   78.01   77.34   83.19
03:37:01 75.20   78.01   77.34   83.19
03:38:05 75.20   78.01   77.00   83.19
03:39:11 75.20   78.01   76.89   83.19
03:40:15 75.20   78.01   77.11   83.30
03:41:18 75.20   78.01   77.45   83.19
03:42:21 75.20   78.01   77.45   83.19
03:43:25 75.20   78.13   77.22   83.30
03:44:28 75.20   78.13   77.34   83.19
03:45:32 75.20   78.01   77.22   83.19
03:46:35 75.20   78.01   77.22   83.08
03:47:38 75.20   78.01   77.22   83.19
03:48:42 75.20   78.13   77.11   83.19
03:49:45 75.20   78.01   77.11   83.19
03:50:48 75.20   78.13   77.22   83.19
03:51:52 75.20   78.13   77.11   83.19
03:52:55 75.20   78.13   77.11   83.19
03:53:58 75.20   78.13   77.00   83.19
03:55:02 75.20   78.13   77.11   83.30
03:56:05 75.20   78.13   77.56   83.30
03:57:08 75.20   78.13   77.45   83.41
03:58:12 75.20   78.13   77.34   83.41
03:59:15 75.31   78.13   77.34   83.41
04:00:18 75.31   78.13   77.11   83.41
04:01:22 75.31   78.13   77.34   83.41
04:02:25 75.31   78.13   77.11   83.41
04:03:28 75.31   78.13   77.34   83.53
04:04:32 75.31   78.13   77.34   83.41
04:05:35 75.31   78.13   77.00   83.41
04:06:38 75.31   78.13   77.11   83.41
04:07:42 75.31   78.13   77.56   83.30
04:08:45 75.31   78.13   77.56   83.30
04:09:48 75.31   78.24   77.11   83.19
04:10:52 75.31   78.13   77.22   83.30
04:11:55 75.31   78.24   77.45   83.30
04:12:58 75.31   78.24   77.45   83.30
04:14:02 75.31   78.24   77.22   83.30
04:15:05 75.31   78.24   77.34   83.30
04:16:09 75.31   78.13   77.45   83.30
04:17:12 75.31   78.24   77.45   83.30
04:18:15 75.31   78.24   77.11   83.41
04:19:19 75.31   78.24   77.34   83.41
04:20:22 75.43   78.24   77.34   83.41
04:21:25 75.43   78.24   77.45   83.30
04:22:29 75.43   78.24   77.45   83.30
04:23:32 75.43   78.24   77.79   83.30
04:24:35 75.31   78.24   77.56   83.19
04:25:39 75.43   78.24   77.34   83.30
04:26:42 75.43   78.24   77.34   83.41
04:27:45 75.43   78.24   77.22   83.53
04:28:49 75.43   78.24   77.56   83.53
04:29:52 75.43   78.35   77.56   99.84
04:30:55 75.43   78.35   77.68   105.58
04:31:59 75.43   78.24   77.68   107.15
04:33:02 75.43   78.35   77.68   107.60
04:34:05 75.43   78.35   77.45   107.71
04:35:09 75.43   78.35   77.68   107.71
04:36:12 75.54   78.35   77.79   107.38
04:37:15 75.54   78.35   77.90   108.73
04:38:19 75.43   78.35   77.90   109.40
04:39:22 75.54   78.46   77.90   110.08
04:40:25 75.54   78.35   77.68   110.64
04:41:29 75.54   78.46   77.79   110.64
04:42:32 75.65   78.46   77.68   110.08
04:43:35 75.65   78.46   77.68   109.51
04:44:39 75.65   78.46   77.56   108.73
04:45:42 75.65   78.58   77.56   107.94
04:46:46 75.65   78.58   77.79   107.38
04:47:49 75.65   78.58   77.79   106.81
04:48:52 75.65   78.58   77.56   106.03
04:49:59 75.65   78.58   77.34   105.24
04:51:02 75.65   78.58   77.68   104.56
04:52:13 75.76   78.58   77.56   103.78
04:53:16 75.76   78.58   77.68   103.21
04:54:19 75.65   65.64   77.79   102.65
04:55:23 75.54   62.49   77.68   101.98
04:56:26 75.31   61.36   77.22   101.30
04:57:30 75.20   59.45   77.34   100.74
04:58:33 74.97   57.99   77.56   100.74
04:59:36 74.97   57.42   77.34   101.08
05:00:40 74.75   66.65   77.68   100.63
05:01:43 74.86   68.90   77.68   100.18
05:02:46 74.86   71.38   77.56   99.95
05:03:50 74.97   72.61   77.34   99.50
05:04:53 74.97   73.40   77.56   99.05
05:05:56 74.86   73.96   77.45   98.49
05:07:00 74.97   74.64   77.45   98.15
05:08:03 74.97   75.54   77.45   97.70
05:09:06 75.09   76.66   77.34   97.36
05:10:10 75.09   77.45   77.56   96.91
05:11:13 75.09   77.79   77.34   96.58
05:12:16 75.20   77.90   77.45   96.24
05:13:20 75.20   78.01   77.56   95.90
05:14:27 75.31   78.13   77.56   95.56
05:15:30 75.31   78.13   77.56   95.22
05:16:37 75.31   78.24   77.79   94.89
05:17:40 75.43   78.13   77.68   94.66
05:18:43 75.43   78.24   77.45   94.33
05:19:47 75.43   78.24   77.79   93.99
05:20:50 75.43   78.24   77.68   93.76
05:21:53 75.54   78.24   77.56   93.54
05:22:57 75.54   78.24   77.45   93.31
05:24:00 75.54   78.24   77.56   93.09
05:25:04 75.54   64.29   77.34   92.86
05:26:07 75.43   60.69   77.56   92.53
05:27:10 75.20   58.66   77.45   92.19
05:28:14 75.09   57.88   77.45   91.85
05:29:17 74.86   57.42   77.45   91.74
05:30:20 74.64   57.09   77.68   91.40
05:31:24 74.64   57.09   77.45   91.18
05:32:27 74.53   66.99   77.34   90.84
05:33:30 74.64   68.34   77.68   90.50
05:34:34 74.64   69.80   77.45   90.28
05:35:37 74.75   71.38   77.45   90.16
05:36:40 74.64   72.16   77.22   89.94
05:37:44 74.86   73.40   77.34   89.71
05:38:47 74.86   74.41   77.22   89.60
05:39:50 74.86   75.43   77.22   89.38
05:40:54 74.86   76.55   77.56   89.15
05:41:57 74.97   77.34   77.34   89.15
05:43:00 74.97   77.68   77.34   89.15
05:44:04 74.97   77.79   77.45   89.04
05:45:07 75.09   77.90   77.34   88.93
05:46:10 75.20   77.90   77.56   104.11
05:47:14 75.20   78.01   77.56   109.40
05:48:17 75.20   78.01   77.56   110.19
05:49:20 75.20   78.01   77.45   110.30
05:50:24 75.20   77.56   77.68   110.53
05:51:27 75.31   62.60   77.56   111.09
05:52:30 75.20   59.34   77.79   111.43
05:53:34 75.09   57.99   77.45   111.65
05:54:37 74.86   57.31   77.11   111.76
05:55:41 74.75   57.31   77.11   111.88
05:56:44 74.64   57.09   77.34   111.31
05:57:47 74.64   56.75   77.45   110.64
05:58:51 74.53   65.75   77.22   109.85
05:59:54 74.53   68.00   77.22   110.98
06:00:57 74.64   69.01   77.22   113.45
06:02:01 74.86   70.36   77.56   113.68
06:03:04 74.86   71.60   77.00   114.01
06:04:07 74.86   72.61   77.22   114.01
06:05:11 74.86   73.63   77.00   113.11
06:06:14 74.97   74.75   77.11   112.33
06:07:17 75.09   75.76   77.22   111.43
06:08:21 75.20   77.00   77.34   110.53
06:09:24 75.20   77.68   77.34   109.74
06:10:27 75.20   78.01   77.45   108.95
06:11:31 75.31   78.13   77.56   108.05
06:12:34 75.43   70.70   77.56   107.38
06:13:37 75.31   62.83   77.79   106.59
06:14:41 75.31   60.91   77.34   105.80
06:15:44 75.20   59.56   77.22   105.01
06:16:47 74.97   58.55   77.56   104.34
06:17:51 74.86   58.10   77.22   103.66
06:18:54 74.75   57.65   77.22   103.10
06:19:57 74.64   57.20   77.11   102.43
06:21:01 74.64   66.09   77.00   101.86
06:22:04 74.64   68.34   77.11   101.30
06:23:07 74.75   69.58   77.11   100.63
06:24:11 74.86   71.26   77.22   100.29
06:25:14 74.86   72.16   76.89   99.73
06:26:17 74.97   72.95   77.00   106.48
06:27:21 74.97   73.74   76.89   107.15
06:28:24 75.09   74.64   77.11   106.36
06:29:28 75.09   75.43   77.00   105.24
06:30:31 75.20   76.10   77.34   104.23
06:31:34 75.20   76.89   77.11   103.33
06:32:38 75.20   75.99   77.34   102.54
06:33:41 75.31   63.05   77.34   101.75
06:34:44 75.20   59.67   77.00   101.08
06:35:48 75.09   58.66   77.11   100.51
06:36:51 74.97   58.10   77.00   99.84
06:37:54 74.75   57.88   76.89   99.39
06:38:58 74.64   57.42   76.78   98.83
06:40:01 74.64   57.20   76.78   98.26
06:41:04 74.53   56.98   76.89   97.70
06:42:08 74.41   59.00   76.66   97.25
06:43:11 74.53   66.88   76.55   96.91
06:44:14 74.64   68.22   76.66   102.76
06:45:18 74.75   69.24   76.78   109.29
06:46:21 74.75   70.14   77.00   109.06
06:47:24 74.75   71.04   77.00   107.83
06:48:28 74.86   71.94   77.00   106.70
06:49:31 74.97   72.84   77.11   105.46
06:50:34 74.86   73.51   76.89   104.23
06:51:38 74.97   74.30   76.89   103.21
06:52:41 74.97   66.99   77.11   102.43
06:53:44 74.97   62.60   77.00   101.64
06:54:48 74.86   59.45   76.89   100.85
06:55:51 74.75   58.21   76.78   100.06
06:56:54 74.64   57.76   76.66   99.28
06:57:58 74.53   57.42   76.78   98.60
06:59:01 74.41   57.09   76.55   98.04
07:00:05 74.41   56.98   76.66   97.48
07:01:08 74.30   56.75   76.78   96.91
07:02:11 74.30   60.91   76.89   96.24
07:03:15 74.30   66.88   76.55   95.79
07:04:18 74.53   68.22   76.66   95.34
07:05:21 74.53   69.24   76.66   95.68
07:06:25 74.64   70.14   76.66   95.90
07:07:28 74.64   71.15   76.66   95.68
07:08:31 74.75   71.94   76.89   95.22
07:09:35 74.86   72.72   76.55   94.89
07:10:38 74.86   73.40   76.66   94.55
07:11:41 74.97   67.89   76.78   93.99
07:12:45 74.86   62.71   76.66   93.65
07:13:48 74.75   59.23   76.44   93.31
07:14:51 74.75   58.10   76.66   92.97
07:15:55 74.53   57.76   76.55   92.41
07:16:58 74.41   57.31   76.55   92.08
07:18:01 74.41   56.98   76.44   91.85
07:19:05 74.30   56.75   76.44   91.51
07:20:08 74.19   56.64   76.44   91.06
07:21:11 74.19   56.41   76.44   90.84
07:22:15 74.19   56.30   76.66   90.39
07:23:18 74.08   56.19   76.66   90.16
07:24:21 74.08   57.09   76.66   90.05
07:25:25 74.19   66.20   76.78   89.71
07:26:28 74.30   67.55   76.44   89.49
07:27:35 74.41   68.34   76.66   89.38
07:28:38 74.53   69.13   76.55   89.15
07:29:42 74.64   69.69   76.55   88.93
07:30:45 74.64   70.47   76.44   88.81
07:31:48 74.64   65.53   76.55   88.59
07:32:52 74.64   61.59   76.55   88.47
07:33:55 74.53   58.10   76.10   88.14
07:34:58 74.41   57.54   76.21   88.03
07:36:02 74.30   57.09   76.10   87.80
07:37:05 74.19   56.86   76.21   87.58
07:38:08 74.19   56.64   76.10   87.35
07:39:12 74.08   56.30   76.10   87.24
07:40:15 74.08   55.96   76.21   87.01
07:41:18 73.96   56.08   76.44   86.79
07:42:22 73.96   55.96   76.66   86.68
07:43:25 73.96   55.85   76.21   86.45
07:44:28 73.96   55.74   76.55   86.22
07:45:32 73.85   55.63   76.44   86.11
07:46:35 73.85   55.51   76.21   85.89
07:47:38 73.85   55.74   76.10   85.78
07:48:42 73.74   55.40   75.99   85.66
07:49:45 73.74   55.51   75.99   85.44
07:50:49 73.74   55.17   76.10   85.33
07:51:52 73.74   55.40   76.10   85.21
07:52:55 73.63   55.51   76.10   85.10
07:53:59 73.63   55.29   76.21   84.88
07:55:02 73.63   54.84   75.99   84.65
07:56:05 73.63   55.06   75.99   84.54
07:57:09 73.63   58.66   75.99   84.43
07:58:12 73.63   65.30   76.21   84.31
07:59:15 73.74   66.54   76.10   84.20
08:00:19 73.96   67.21   75.99   84.20
08:01:22 74.08   67.66   75.99   84.20
08:02:25 74.19   68.11   75.65   84.09
08:03:29 74.19   65.86   75.88   84.09
08:04:32 74.08   60.69   75.65   84.09
08:05:35 74.08   57.54   75.54   83.97
08:06:39 73.96   56.64   75.76   83.97
08:07:42 73.85   56.41   75.76   83.75
08:08:45 73.74   56.08   76.10   83.64
08:09:49 73.63   55.96   76.10   83.53
08:10:52 73.63   55.74   75.65   83.53
08:11:55 73.74   55.63   75.65   83.53
08:12:59 73.63   55.17   75.76   83.41
08:14:02 73.63   55.06   75.76   83.30
08:15:05 73.63   54.95   75.88   83.19
08:16:09 73.40   54.95   75.43   83.08
08:17:12 73.40   54.73   75.43   83.08
08:18:15 73.40   54.50   75.43   82.85
08:19:19 73.40   54.50   75.65   82.74
08:20:22 73.40   54.05   75.65   82.74
08:21:26 73.40   54.28   75.76   82.74
08:22:29 73.29   54.28   75.65   82.63
08:23:32 73.29   54.39   75.76   82.74
08:24:36 73.18   54.05   75.54   82.63
08:25:39 73.29   53.71   75.76   82.40
08:26:42 73.18   53.71   75.76   82.40
08:27:46 73.18   53.71   75.65   82.40
08:28:49 73.18   53.60   75.43   82.29
08:29:52 73.06   53.60   75.43   82.29
08:30:56 73.06   53.26   75.43   82.29
08:31:59 73.06   53.26   75.31   82.06
08:33:02 73.18   53.15   75.31   82.06
08:34:06 73.06   53.15   75.43   81.95
08:35:09 73.06   53.04   75.43   81.95
08:36:12 72.95   52.92   75.31   81.84
08:37:16 73.06   53.04   75.20   81.84
08:38:19 72.95   52.92   75.31   81.72
08:39:22 72.95   52.70   75.31   81.61
08:40:26 72.95   52.92   75.31   81.50
08:41:29 72.95   52.59   75.31   81.39
08:42:32 72.84   52.81   75.09   81.28
08:43:36 72.95   52.59   75.54   81.28
08:44:39 72.84   52.48   75.31   81.28
08:45:42 72.84   52.48   75.20   81.16
08:46:46 72.84   52.48   74.97   81.16
08:47:49 72.84   52.25   75.20   81.16
08:48:52 72.84   52.25   74.97   81.05
08:49:56 72.72   52.36   75.20   81.05
08:50:59 72.72   52.25   75.31   80.94
08:52:02 72.72   52.36   75.31   80.94
08:53:06 72.72   52.25   75.20   80.83
08:54:09 72.72   52.14   74.86   80.83
08:55:12 72.61   52.03   74.75   80.83
08:56:16 72.72   52.03   74.97   80.83
08:57:19 72.72   52.03   74.97   80.83
08:58:23 72.72   52.14   75.09   80.71
08:59:26 72.61   52.03   74.86   80.71
09:00:29 72.61   52.03   74.86   80.71
09:01:33 72.61   54.84   74.75   80.83
09:02:36 72.72   62.94   74.97   80.71
09:03:39 72.84   63.95   74.97   80.60
09:04:43 72.95   64.40   74.64   80.49
09:05:46 73.06   64.96   74.75   80.49
09:06:49 73.18   65.53   74.75   80.49
09:07:53 73.29   66.20   74.75   80.60
09:08:56 73.29   67.21   74.97   80.60
09:09:59 73.40   68.34   75.20   80.71
09:11:03 73.51   69.69   75.20   80.71
09:12:06 73.51   70.93   74.75   80.71
09:13:09 73.63   72.05   75.09   80.83
09:14:13 73.74   73.06   74.97   80.71
09:15:16 73.85   73.74   75.09   80.83
09:16:19 73.85   74.30   74.97   80.94
09:17:23 73.96   74.75   75.09   80.94
09:18:26 73.96   75.09   74.97   80.94
09:19:29 74.08   75.31   75.20   80.94
09:20:33 74.08   75.65   75.20   80.94
09:21:36 74.19   75.76   75.31   80.94
09:22:39 74.30   75.88   75.43   80.94
09:23:43 74.30   75.99   75.31   80.94
09:24:46 74.41   64.96   75.31   80.94
09:25:49 74.30   58.10   75.09   80.94
09:26:53 74.19   56.30   74.97   80.83
09:27:56 74.08   55.85   75.09   80.83
09:29:00 73.85   55.51   75.09   80.83
09:30:03 73.74   55.40   75.20   80.71
09:31:06 73.51   55.51   75.09   80.60
09:32:10 73.63   65.64   75.43   80.71
09:33:13 73.74   66.88   75.31   80.71
09:34:16 73.74   67.89   75.54   80.71
09:35:20 73.85   69.13   75.54   80.71
09:36:23 73.96   70.81   75.09   80.60
09:37:26 73.96   73.06   75.20   80.60
09:38:30 74.19   74.64   75.43   80.71
09:39:33 74.19   75.54   75.31   80.83
09:40:36 74.30   75.88   75.65   80.83
09:41:40 74.30   76.10   75.54   80.83
09:42:43 74.41   76.33   75.54   80.94
09:43:46 74.41   76.33   75.54   81.05
09:44:50 74.53   76.44   75.76   80.94
09:45:53 74.64   76.55   75.76   80.94
09:46:56 74.64   76.55   75.65   81.05
09:48:00 74.64   76.66   75.88   81.16
09:49:03 74.64   76.78   75.99   81.05
09:50:06 74.75   76.78   75.99   81.16
09:51:10 74.75   76.89   75.99   81.16
09:52:13 74.75   76.89   76.10   81.16
09:53:16 74.86   76.89   75.88   81.16
09:54:20 74.86   77.00   75.88   81.16
09:55:23 74.86   77.00   76.21   81.28
09:56:26 74.86   77.11   75.99   81.39
09:57:30 74.86   77.11   76.10   81.50
09:58:33 74.97   77.11   75.88   81.50
09:59:36 74.97   77.11   76.10   81.61
10:00:40 75.09   77.11   76.10   81.61
10:01:43 75.09   77.22   76.21   81.61
10:02:47 75.09   77.22   76.21   81.61
10:03:50 75.20   77.22   76.10   81.50
10:04:53 75.09   77.34   76.10   81.50
10:05:57 75.20   77.34   76.44   81.61
10:07:00 75.20   77.34   76.33   81.72
10:08:03 75.20   77.34   76.55   81.84
10:09:07 75.20   77.45   76.55   81.72
10:10:10 75.20   77.45   76.44   81.84
10:11:13 75.31   77.45   76.44   81.84
10:12:17 75.31   77.56   76.55   81.84
10:13:20 75.43   77.56   76.44   81.95
10:14:23 75.43   77.56   76.55   81.95
10:15:27 75.43   77.56   76.44   82.06
10:16:30 75.43   77.68   76.55   82.06
10:17:33 75.43   77.68   76.44   82.06
10:18:37 75.54   77.68   76.55   82.06
10:19:40 75.54   77.68   76.44   82.18
10:20:43 75.43   77.68   76.78   82.18
10:21:47 75.54   77.79   76.78   82.18
10:22:50 75.54   77.79   76.78   82.06
10:23:53 75.54   77.79   76.89   82.18
10:24:57 75.54   77.79   76.78   82.18
10:26:00 75.54   77.79   76.78   82.18
10:27:03 75.65   77.90   76.89   82.29
10:28:07 75.65   77.90   77.00   82.29
10:29:10 75.65   77.90   77.11   82.29
10:30:13 75.65   77.90   77.11   82.29
10:31:17 75.65   77.90   77.11   82.29
10:32:20 75.65   78.01   77.11   82.29
10:33:23 75.76   78.01   77.22   82.29
10:34:27 75.76   78.01   77.45   82.40
10:35:30 75.76   78.01   77.00   82.40
10:36:34 75.76   78.01   77.22   82.51
10:37:37 75.76   78.13   77.11   82.40
10:38:40 75.76   78.13   77.22   82.40
10:39:44 75.88   78.13   77.11   82.40
10:40:47 75.88   78.13   77.34   82.51
10:41:50 75.88   78.13   77.22   82.40
10:42:54 75.99   78.13   77.34   82.40
10:43:57 76.10   78.24   77.22   82.51
10:45:00 75.99   78.24   77.56   82.51
10:46:04 75.99   78.24   77.45   82.51
10:47:07 76.10   78.35   77.45   82.63
10:48:10 76.10   78.35   77.45   82.74
10:49:14 76.10   78.35   77.56   82.63
10:50:17 76.10   78.35   77.68   82.63
10:51:20 76.10   78.46   77.34   82.63
10:52:24 76.21   78.46   77.56   82.74
10:53:27 76.21   78.46   78.24   82.74
10:54:30 76.21   78.58   78.35   82.74
10:55:34 76.21   78.58   78.01   82.85
10:56:37 76.21   78.58   78.13   82.74
10:57:40 76.33   78.58   77.90   82.85
10:58:44 76.33   78.69   77.68   82.74
10:59:47 76.21   78.69   77.68   82.74
11:00:50 76.33   78.69   77.68   82.85
11:01:54 76.33   78.69   77.68   82.85
11:02:57 76.33   78.69   77.68   82.74
11:04:00 76.33   78.69   77.79   82.85
11:05:04 76.33   78.69   77.68   82.85
11:06:07 76.33   78.80   77.90   82.74
11:07:11 76.33   78.80   78.01   82.96
11:08:14 76.33   78.80   77.90   82.96
11:09:17 76.44   78.80   78.13   82.96
11:10:21 76.44   78.80   78.13   82.96
11:11:24 76.44   78.91   78.01   82.96
11:12:27 76.44   78.91   78.13   82.96
11:13:31 76.44   78.91   78.01   82.96
11:14:34 76.44   78.91   77.90   82.96
11:15:37 76.55   78.91   77.90   82.85
11:16:41 76.55   78.91   77.90   82.96
11:17:44 76.55   78.91   78.46   82.96
11:18:47 76.55   78.80   78.01   83.08
11:19:51 76.55   78.80   78.01   83.08
11:20:54 76.55   78.80   78.13   83.19
11:21:57 76.66   78.80   78.46   83.19
11:23:01 76.55   78.80   78.46   83.19
11:24:04 76.66   78.80   78.58   83.30
11:25:07 76.66   78.91   78.35   83.30
11:26:11 76.66   63.61   78.46   83.41
11:27:14 76.55   59.45   78.35   83.30
11:28:17 76.33   58.44   78.24   83.41
11:29:21 76.21   58.10   78.35   83.30
11:30:24 75.99   58.10   78.13   83.08
11:31:27 75.99   57.99   78.35   83.08
11:32:31 75.88   66.99   78.13   82.96
11:33:34 75.88   69.01   78.24   83.08
11:34:37 75.88   70.14   78.24   83.19
11:35:41 75.99   71.26   77.90   83.08
11:36:44 75.99   72.61   77.90   82.96
11:37:47 76.10   74.64   78.69   83.08
11:38:51 76.10   76.66   78.69   83.08
11:39:54 76.10   77.79   78.35   83.08
11:40:58 76.21   78.24   79.36   82.96
11:42:01 76.33   78.58   78.69   83.08
11:43:04 76.33   78.58   78.35   83.19
11:44:08 76.44   78.69   78.58   83.19
11:45:11 76.44   78.69   78.24   83.19
11:46:14 76.44   78.80   78.46   83.19
11:47:18 76.55   78.91   78.46   83.30
11:48:21 76.55   78.91   78.46   83.30
11:49:24 76.55   78.91   78.46   83.30
11:50:28 76.66   77.34   78.46   83.41
11:51:31 76.66   62.26   78.46   83.30
11:52:34 76.44   59.34   78.24   83.30
11:53:38 76.33   58.55   78.24   83.30
11:54:41 76.21   58.44   78.35   83.30
11:55:44 75.99   58.21   78.46   83.19
11:56:48 75.88   57.99   78.46   83.19
11:57:51 75.76   57.88   78.35   83.08
11:58:54 75.65   60.58   78.24   83.08
11:59:58 75.76   67.89   78.35   83.08
12:01:01 75.76   68.90   78.58   83.08
12:02:04 75.88   69.69   78.24   83.08
12:03:08 75.99   70.81   78.24   83.08
12:04:11 75.88   71.94   78.46   83.08
12:05:18 75.99   73.51   78.46   82.96
12:06:21 76.10   75.43   78.46   82.96
12:07:25 76.21   76.89   78.46   83.08
12:08:28 76.21   77.90   78.35   83.08
12:09:31 76.21   78.46   78.35   83.08
12:10:35 76.44   78.69   78.24   83.08
12:11:38 76.44   74.08   78.24   83.08
12:12:41 76.44   61.48   78.24   83.08
12:13:45 76.33   59.23   78.35   83.08
12:14:48 76.21   58.55   78.24   82.96
12:15:51 76.10   58.44   78.24   82.85
12:16:55 75.99   58.21   78.35   82.96
12:17:58 75.88   58.10   78.24   82.85
12:19:01 75.76   57.88   78.24   82.85
12:20:05 75.65   57.76   78.35   82.85
12:21:08 75.65   57.20   78.24   82.74
12:22:11 75.54   57.20   78.01   82.74
12:23:15 75.54   66.43   78.24   82.74
12:24:18 75.54   68.34   78.13   82.74
12:25:21 75.76   69.13   78.13   82.85
12:26:25 75.76   70.03   78.13   82.74
12:27:28 75.76   70.93   78.13   82.63
12:28:31 75.88   72.05   77.90   82.74
12:29:35 75.88   73.18   78.13   82.63
12:30:38 75.99   70.14   78.13   82.74
12:31:42 75.99   61.48   78.24   82.74
12:32:45 75.88   59.34   78.01   82.74
12:33:48 75.76   58.78   78.01   82.63
12:34:52 75.76   58.66   77.90   82.63
12:35:55 75.65   58.44   78.13   82.51
12:36:58 75.54   57.65   78.01   82.63
12:38:02 75.54   57.65   78.01   82.74
12:39:05 75.54   56.98   77.90   82.63
12:40:08 75.43   56.86   78.01   82.63
12:41:12 75.43   56.75   78.13   82.63
12:42:15 75.31   56.30   78.01   82.51
12:43:18 75.31   57.88   77.90   82.40
12:44:22 75.43   66.20   77.90   82.40
12:45:25 75.43   67.89   77.79   82.29
12:46:28 75.54   68.90   77.79   82.18
12:47:32 75.65   69.58   78.13   82.18
12:48:35 75.76   70.36   77.90   82.06
12:49:38 75.76   71.49   78.01   82.18
12:50:42 75.88   67.33   77.90   82.18
12:51:45 75.88   61.14   78.01   82.18
12:52:48 75.65   59.11   77.68   82.06
12:53:52 75.65   58.55   77.79   82.06
12:54:55 75.54   58.33   77.79   82.06
12:55:58 75.54   57.99   78.01   82.18
12:57:02 75.43   57.76   78.13   82.06
12:58:05 75.43   57.54   77.90   82.18
12:59:08 75.43   56.86   77.79   82.06
13:00:12 75.31   56.53   78.01   82.06
13:01:15 75.31   56.75   77.90   82.06
13:02:19 75.31   56.64   77.68   81.95
13:03:22 75.20   56.30   77.79   81.95
13:04:25 75.20   56.19   77.68   81.95
13:05:29 75.09   55.74   77.79   81.95
13:06:32 75.09   55.74   77.68   82.06
13:07:35 75.09   55.63   77.56   82.18
13:08:39 75.09   55.74   77.68   81.95
13:09:42 75.09   55.74   77.45   81.84
13:10:45 75.09   55.29   77.56   81.61
13:11:49 74.97   55.51   77.79   81.61
13:12:52 74.97   55.29   77.56   81.61
13:13:55 74.97   55.29   77.34   81.61
13:14:59 74.86   55.29   77.45   81.72
13:16:02 74.97   55.17   77.56   81.61
13:17:05 74.86   55.06   77.56   81.61
13:18:09 74.86   55.17   77.56   81.72
13:19:12 74.86   55.17   77.56   81.61
13:20:15 74.97   54.84   77.45   81.50
13:21:19 74.86   65.41   77.45   81.50
13:22:22 74.97   65.86   77.45   81.50
13:23:25 75.20   66.54   77.34   81.61
13:24:29 75.31   67.10   77.56   81.72
13:25:32 75.31   67.33   77.68   81.72
13:26:35 75.43   61.59   77.56   81.72
13:27:39 75.31   58.33   77.45   81.61
13:28:42 75.31   57.54   77.45   81.72
13:29:45 75.20   57.20   77.22   81.61
13:30:49 75.09   57.09   77.45   81.72
13:31:52 75.09   56.41   77.45   81.61
13:32:55 75.09   55.96   77.56   81.61
13:33:59 75.09   55.63   77.68   81.61
13:35:02 74.97   55.29   77.56   81.50
13:36:05 74.97   55.40   77.34   81.50
13:37:09 74.97   55.17   77.34   81.50
13:38:12 74.97   54.95   77.68   81.50
13:39:16 74.75   54.95   77.45   81.39
13:40:19 74.86   54.95   77.56   81.28
13:41:22 74.75   54.73   77.45   81.28
13:42:26 74.75   54.50   77.45   81.16
13:43:29 74.86   54.73   77.56   81.16
13:44:32 74.75   54.73   77.45   81.28
13:45:36 74.75   54.73   77.11   81.16
13:46:39 74.75   54.39   77.34   81.16
13:47:42 74.75   54.39   77.11   81.05
13:48:46 74.75   54.61   77.56   81.16
13:49:49 74.75   54.39   77.34   81.16
13:50:52 74.64   54.39   77.56   81.05
13:51:56 74.64   54.50   77.22   81.05
13:52:59 74.64   54.39   77.34   81.05
13:54:02 74.64   54.39   77.45   81.05
13:55:06 74.64   54.16   77.34   80.94
13:56:09 74.64   54.28   77.11   80.94
13:57:12 74.53   54.39   77.22   81.05
13:58:16 74.53   54.16   76.89   81.05
13:59:19 74.53   54.16   77.00   81.05
14:00:22 74.53   54.16   76.89   80.94
14:01:26 74.53   54.16   76.89   80.83
14:02:29 74.53   54.16   76.78   80.71
14:03:32 74.53   54.16   77.00   80.71
14:04:36 74.41   54.16   77.22   80.71
14:05:39 74.41   54.05   77.11   80.60
14:06:42 74.53   54.05   77.00   80.71
14:07:46 74.53   53.83   77.11   80.71
14:08:49 74.41   54.05   76.89   80.71
14:09:52 74.53   53.94   77.00   80.71
14:10:56 74.41   54.05   77.00   80.71
14:11:59 74.41   53.94   77.34   80.60
14:13:03 74.41   53.94   77.00   80.49
14:14:06 74.41   53.94   77.22   80.49
14:15:09 74.41   53.94   76.89   80.60
14:16:13 74.30   53.83   77.00   80.71
14:17:16 74.41   53.83   76.66   80.60
14:18:19 74.41   53.83   76.78   80.71
14:19:26 74.30   53.71   76.55   80.71
14:20:29 74.30   53.83   76.78   80.71
14:21:33 74.30   53.94   76.66   80.60
14:22:36 74.41   53.83   76.89   80.49
14:23:40 74.30   53.83   76.89   80.49
14:24:43 74.19   53.83   76.66   80.38
14:25:46 74.19   53.60   76.66   80.38
14:26:50 74.30   53.71   76.78   80.49
14:27:53 74.19   53.83   76.66   80.49
14:28:56 74.30   53.60   76.55   80.60
14:30:00 74.19   53.71   76.55   80.49
14:31:03 74.30   53.60   77.00   80.49
14:32:06 74.41   53.94   76.89   80.49
14:33:10 74.41   53.71   77.34   80.26
14:34:13 74.41   53.71   76.78   80.26
14:35:16 74.41   53.83   77.11   80.49
14:36:20 74.41   53.71   76.66   80.49
14:37:23 74.30   53.71   76.55   80.49
14:38:26 74.30   53.60   76.66   80.49
14:39:30 74.30   53.71   76.66   80.38
14:40:33 74.41   53.71   76.55   80.38
14:41:36 74.30   53.60   76.89   80.26
14:42:40 74.19   53.38   76.66   80.15
14:43:43 74.30   53.71   76.78   80.26
14:44:46 74.19   53.71   76.44   80.26
14:45:50 74.19   53.60   76.21   80.26
14:46:53 74.08   53.60   76.44   80.26
14:47:56 74.19   53.49   77.00   80.38
14:49:00 74.19   53.49   76.55   80.49
14:50:03 74.19   53.71   76.66   80.38
14:51:06 74.19   53.71   76.44   80.26
14:52:10 74.19   53.49   76.44   80.15
14:53:13 74.19   53.38   76.55   80.04
14:54:16 74.19   53.49   76.33   80.04
14:55:20 74.19   53.71   76.44   80.04
14:56:23 74.08   53.60   76.33   80.04
14:57:26 74.08   53.60   76.66   79.93
14:58:30 74.08   53.26   76.78   79.93
14:59:33 73.96   53.26   76.33   79.93
15:00:37 73.96   53.38   76.44   79.81
15:01:40 74.08   53.49   76.44   79.93
15:02:43 73.96   53.38   76.10   79.93
15:03:47 73.96   53.38   75.99   79.81
15:04:50 73.96   53.26   75.99   79.81
15:05:53 73.85   53.38   76.21   79.70
15:06:57 73.96   53.38   76.10   79.81
15:08:00 73.96   53.38   76.33   79.81
15:09:03 73.96   53.26   76.33   79.70
15:10:07 73.96   53.38   76.33   79.70
15:11:10 73.96   53.15   76.33   79.59
15:12:13 73.96   53.26   76.44   79.81
15:13:17 73.96   53.15   76.66   79.59
15:14:20 73.96   53.26   76.55   79.70
15:15:23 73.85   53.26   76.33   79.70
15:16:27 73.96   53.15   76.21   79.70
15:17:30 73.85   53.26   76.33   79.59
15:18:33 73.85   53.38   76.33   79.47
15:19:37 73.85   53.15   76.44   79.47
15:20:40 73.85   53.04   76.44   79.47
15:21:43 73.85   52.92   76.21   79.47
15:22:47 73.85   53.15   76.21   79.59
15:23:50 73.85   53.15   76.33   79.70
15:24:53 73.85   53.04   75.99   79.70
15:25:57 73.85   53.15   76.10   79.81
15:27:00 73.85   53.15   75.99   79.70
15:28:03 73.74   53.04   76.10   79.59
15:29:07 73.74   53.04   76.10   79.47
15:30:10 73.85   53.04   75.88   79.25
15:31:13 73.74   53.26   75.99   79.36
15:32:17 73.85   53.26   75.88   79.47
15:33:20 73.74   53.15   75.99   79.47
15:34:24 73.85   53.15   76.10   79.47
15:35:27 73.74   53.04   76.44   79.36
15:36:34 73.74   53.04   75.99   79.36
15:37:37 73.85   53.04   75.99   79.47
15:38:40 73.74   52.81   76.33   79.47
15:39:44 73.74   53.04   75.99   79.36
15:40:47 73.63   53.04   75.88   79.36
15:41:50 73.74   53.15   76.10   79.36
15:42:54 73.74   53.04   75.99   79.36
15:43:57 73.63   53.15   75.88   79.36
15:45:00 73.74   53.15   75.99   79.47
15:46:04 73.74   53.04   75.88   79.47
15:47:07 73.85   53.15   75.88   79.47
15:48:11 73.85   53.26   75.76   79.59
15:49:14 73.85   53.26   75.99   79.59
15:50:17 73.96   53.38   75.88   79.59
15:51:21 73.85   53.38   75.88   79.47
15:52:24 73.85   53.26   75.99   79.47
15:53:27 73.96   53.15   76.21   79.36
15:54:31 73.85   53.26   76.10   79.47
15:55:34 73.96   53.26   76.21   79.47
15:56:37 73.85   53.26   75.88   79.36
15:57:41 73.85   53.26   76.10   79.36
15:58:44 73.85   53.15   75.76   79.36
15:59:47 74.08   53.15   75.88   79.59
16:00:51 73.96   53.26   76.21   79.59
16:01:54 73.96   53.26   75.99   79.47
16:02:57 73.96   53.15   75.76   79.36
16:04:01 73.96   53.26   75.65   79.47
16:05:04 73.96   53.26   75.76   79.47
16:06:07 73.85   53.26   75.76   79.36
16:07:11 73.85   53.26   75.76   79.25
16:08:14 73.85   53.38   75.54   79.25
16:09:17 73.85   53.26   75.54   79.14
16:10:21 73.85   53.15   75.76   79.03
16:11:24 73.74   53.15   76.10   79.14
16:12:27 73.96   53.04   76.10   79.25
16:13:31 73.85   53.15   76.10   79.25
16:14:34 73.85   53.15   75.88   79.14
16:15:37 73.74   53.04   75.76   79.14
16:16:41 73.74   53.04   75.54   79.14
16:17:44 73.96   59.67   75.65   79.25
16:18:47 73.96   63.95   75.88   79.14
16:19:51 74.30   64.74   75.99   79.36
16:20:54 74.30   65.41   75.88   79.25
16:21:58 74.64   65.86   75.99   79.25
16:23:01 74.53   66.76   76.78   79.25
16:24:04 74.53   67.44   76.21   79.25
16:25:08 74.64   59.67   76.21   79.25
16:26:11 74.53   56.30   76.10   79.14
16:27:14 74.41   55.74   76.21   79.25
16:28:18 74.30   55.40   76.21   79.14
16:29:21 74.30   54.95   76.10   79.25
16:30:24 74.19   54.73   75.88   79.14
16:31:28 74.08   54.50   75.99   79.25
16:32:31 74.08   54.39   75.88   79.25
16:33:34 74.08   54.16   75.88   79.14
16:34:38 73.96   54.05   75.88   79.03
16:35:41 74.08   53.94   75.76   79.14
16:36:44 73.96   53.71   76.21   79.14
16:37:48 73.85   53.38   75.65   79.14
16:38:51 74.08   53.15   75.65   79.25
16:39:54 73.96   53.38   75.76   79.25
16:40:58 73.96   53.26   75.76   79.14
16:42:01 73.96   63.95   75.76   79.36
16:43:04 73.96   64.40   75.88   79.36
16:44:08 74.19   65.30   75.99   79.36
16:45:11 74.19   65.86   75.76   79.36
16:46:14 74.30   66.43   75.76   79.36
16:47:18 74.41   67.33   75.65   79.25
16:48:21 74.53   68.22   75.76   79.36
16:49:24 74.53   66.31   75.99   79.36
16:50:28 74.64   59.56   75.88   79.47
16:51:31 74.53   56.98   76.10   79.47
16:52:35 74.41   56.30   76.21   79.36
16:53:38 74.30   55.85   75.88   79.47
16:54:41 74.30   54.95   76.10   79.47
16:55:45 74.19   54.95   76.21   79.47
16:56:48 74.19   54.84   76.44   79.47
16:57:51 74.08   54.50   76.10   79.47
16:58:55 73.96   54.39   76.10   79.36
16:59:58 74.08   54.05   76.21   79.36
17:01:01 73.96   54.28   75.99   79.36
17:02:05 74.08   64.74   75.88   85.21
17:03:08 74.30   65.08   75.88   97.92
17:04:11 74.30   66.09   75.88   104.56
17:05:15 74.41   67.10   76.21   105.58
17:06:18 74.41   68.11   75.88   104.34
17:07:21 74.53   69.13   76.21   102.99
17:08:25 74.64   70.25   76.55   104.34
17:09:28 74.75   71.26   76.55   107.15
17:10:31 74.86   72.50   76.66   107.83
17:11:35 74.97   69.46   76.33   107.94
17:12:38 74.97   59.56   76.33   107.38
17:13:41 74.86   57.42   76.44   106.70
17:14:45 74.75   56.86   76.55   105.91
17:15:48 74.75   56.64   76.66   105.24
17:16:51 74.64   56.08   76.78   104.56
17:17:55 74.53   55.74   76.66   103.78
17:18:58 74.53   55.51   76.78   103.33
17:20:01 74.53   55.40   76.78   102.65
17:21:05 74.53   63.39   76.66   101.98
17:22:08 74.64   65.86   76.55   103.33
17:23:11 74.75   67.55   76.55   104.00
17:24:15 74.86   68.68   76.89   103.55
17:25:18 74.97   69.80   77.00   102.76
17:26:22 75.20   71.71   77.00   102.09
17:27:25 75.31   73.51   76.89   101.30
17:28:28 75.43   74.75   77.34   100.74
17:29:32 75.54   75.76   77.34   100.06
17:30:35 75.65   66.76   77.11   99.50
17:31:38 75.54   59.45   77.56   98.94
17:32:42 75.43   57.88   77.45   98.38
17:33:45 75.31   57.54   77.68   97.70
17:34:48 75.20   57.31   77.79   97.14
17:35:52 75.20   57.31   77.34   96.46
17:36:55 75.09   57.20   77.11   96.01
17:37:58 74.97   56.86   77.22   95.45
17:39:02 74.97   56.53   77.11   102.09
17:40:05 74.97   56.19   76.89   105.58
17:41:08 74.86   56.08   77.00   105.24
17:42:12 74.86   57.09   77.68   104.11
17:43:15 75.09   65.86   77.79   103.10
17:44:18 75.31   67.78   77.68   101.98
17:45:22 75.43   68.68   77.90   101.08
17:46:25 75.31   69.24   77.45   100.29
17:47:28 75.43   70.14   77.22   99.28
17:48:32 75.43   71.04   77.11   98.49
17:49:35 75.54   71.71   77.45   97.81
17:50:38 75.65   65.08   78.13   97.14
17:51:42 75.54   59.23   77.90   96.69
17:52:45 75.31   58.21   77.90   96.13
17:53:48 75.43   57.99   78.13   95.56
17:54:52 75.20   57.65   78.01   95.00
17:55:55 75.20   57.65   77.90   94.55
17:56:59 75.09   57.42   78.01   93.99
17:58:02 75.09   57.31   78.01   93.54
17:59:05 75.09   56.64   77.56   103.10
18:00:09 75.09   56.19   77.68   106.14
18:01:12 75.09   56.19   77.34   106.93
18:02:15 74.97   56.08   77.11   107.15
18:03:19 74.97   55.96   77.00   107.26
18:04:22 74.97   65.86   77.22   107.49
18:05:25 75.31   67.10   77.11   108.28
18:06:29 75.43   68.34   77.11   108.50
18:07:32 75.54   69.01   77.34   107.94
18:08:35 75.65   69.69   77.68   107.26
18:09:39 75.88   70.59   77.34   106.36
18:10:42 75.88   71.94   77.34   105.35
18:11:45 75.88   72.84   77.68   104.45
18:12:49 75.88   65.08   77.45   103.44
18:13:52 75.88   59.79   77.79   102.43
18:14:55 75.76   58.66   78.01   101.53
18:15:59 75.65   58.21   78.01   109.06
18:17:02 75.54   58.10   77.79   111.65
18:18:05 75.43   57.88   77.79   111.54
18:19:09 75.31   57.65   77.90   110.41
18:20:12 75.20   57.54   78.01   109.06
18:21:15 75.20   57.20   77.90   107.71
18:22:19 75.20   56.64   78.01   106.36
18:23:22 75.09   56.53   77.56   105.13
18:24:25 75.20   56.08   77.45   104.11
18:25:29 75.09   55.85   77.45   103.10
18:26:32 75.09   55.96   77.45   102.20
18:27:36 75.09   55.85   77.56   101.41
18:28:39 75.09   65.86   77.56   100.63
18:29:42 75.20   67.10   77.56   99.95
18:30:46 75.31   68.34   77.68   99.16
18:31:49 75.43   69.01   77.45   98.49
18:32:52 75.43   69.58   77.34   97.81
18:33:56 75.54   70.47   77.56   97.25
18:34:59 75.65   71.71   77.56   96.69
18:36:02 75.65   65.75   77.68   96.24
18:37:06 75.65   60.13   77.90   95.79
18:38:09 75.43   58.55   77.90   95.34
18:39:12 75.43   58.21   77.56   94.89
18:40:16 75.31   57.99   77.90   94.44
18:41:19 75.20   57.76   77.79   93.99
18:42:22 75.09   57.65   77.79   93.43
18:43:26 75.09   57.42   77.56   93.20
18:44:29 75.20   57.09   77.68   92.64
18:45:32 75.20   56.98   77.68   92.41
18:46:36 75.09   56.64   77.45   92.08
18:47:39 74.97   56.19   77.45   91.74
18:48:42 74.97   55.96   77.56   91.40
18:49:46 74.97   59.79   77.34   91.06
18:50:49 74.97   66.65   77.22   90.72
18:51:52 75.09   68.00   77.34   90.39
18:52:56 75.20   68.79   77.34   90.16
18:53:59 75.31   69.46   77.45   89.94
18:55:02 75.43   70.36   77.56   89.60
18:56:06 75.43   71.60   77.45   89.49
18:57:09 75.54   72.72   77.56   89.26
18:58:12 75.54   63.28   77.68   88.93
18:59:16 75.43   59.34   77.90   88.81
19:00:19 75.43   58.55   78.13   88.59
19:01:23 75.31   58.10   78.13   88.36
19:02:26 75.31   57.88   78.24   88.14
19:03:29 75.20   57.65   78.13   87.91
19:04:33 75.20   57.54   77.90   87.80
19:05:36 75.09   57.20   78.01   87.58
19:06:39 75.09   56.98   78.24   87.35
19:07:43 75.09   56.53   77.56   104.34
19:08:46 74.97   56.30   77.56   108.16
19:09:49 75.09   56.08   77.22   109.96
19:10:53 74.97   56.08   77.34   110.19
19:11:56 74.97   55.96   77.22   109.18
19:12:59 74.97   55.74   77.79   107.94
19:14:03 74.86   61.36   77.79   106.48
19:15:06 74.97   66.31   77.79   105.13
19:16:09 75.20   67.78   77.56   103.89
19:17:13 75.31   68.45   77.11   102.65
19:18:16 75.43   69.01   77.11   101.53
19:19:19 75.54   69.80   77.56   100.63
19:20:23 75.65   70.47   77.79   99.84
19:21:26 75.65   65.86   77.79   99.05
19:22:29 75.54   60.13   77.56   98.38
19:23:33 75.54   58.44   77.45   97.81
19:24:36 75.43   57.99   77.90   97.14
19:25:39 75.31   57.88   78.01   96.46
19:26:43 75.31   57.65   78.13   95.79
19:27:46 75.20   57.42   77.56   95.22
19:28:50 75.20   57.20   77.79   94.66
19:29:53 75.09   56.86   77.90   94.21
19:30:56 74.97   56.75   77.79   93.76
19:32:00 75.09   56.53   78.01   93.43
19:33:03 74.97   56.30   78.13   92.97
19:34:06 74.86   56.19   77.56   92.53
19:35:10 74.86   55.96   77.45   92.30
19:36:13 74.86   55.96   77.45   91.85
19:37:20 74.97   55.74   77.45   91.51
19:38:23 74.86   56.08   77.00   91.06
19:39:26 74.86   65.86   77.34   90.72
19:40:30 75.09   67.55   77.11   90.39
19:41:33 75.20   68.34   77.11   90.16
19:42:36 75.31   68.79   77.34   89.94
19:43:40 75.31   69.35   77.22   89.71
19:44:43 75.43   69.91   77.68   89.49
19:45:47 75.43   66.31   77.22   89.38
19:46:50 75.43   60.69   77.68   89.04
19:47:53 75.43   58.44   77.90   88.81
19:48:57 75.43   57.99   78.13   88.47
19:50:00 75.31   57.76   78.01   88.36
19:51:03 75.20   57.54   77.90   87.91
19:52:07 75.09   57.31   77.79   87.69
19:53:10 74.97   57.20   77.68   87.46
19:54:13 74.97   56.86   77.22   87.35
19:55:17 75.09   56.41   77.22   87.24
19:56:20 74.97   56.30   77.56   87.01
19:57:23 74.86   55.96   77.22   86.79
19:58:27 74.86   55.96   77.45   86.56
19:59:30 74.97   55.63   77.34   86.22
20:00:33 74.86   55.74   77.34   86.11
20:01:37 74.75   57.20   77.56   85.89
20:02:40 74.97   66.09   77.22   85.78
20:03:43 74.97   67.55   77.22   85.66
20:04:47 75.20   68.34   77.22   85.55
20:05:50 75.20   68.90   77.56   85.44
20:06:53 75.31   69.80   77.56   85.21
20:07:57 75.31   70.81   77.22   85.10
20:09:00 75.31   65.97   77.34   84.99
20:10:03 75.31   60.69   77.68   84.99
20:11:07 75.20   58.44   77.90   84.76
20:12:10 75.20   57.88   77.56   84.76
20:13:13 75.09   57.65   78.01   84.65
20:14:17 75.09   57.42   77.79   84.54
20:15:20 75.09   57.09   77.90   84.43
20:16:24 74.97   56.98   77.79   84.31
20:17:27 74.86   56.75   77.56   84.20
20:18:30 74.86   56.53   77.79   84.09
20:19:34 74.86   56.30   78.01   83.97
20:20:37 74.86   55.96   77.56   83.75
20:21:40 74.75   55.85   77.45   83.75
20:22:44 74.75   55.63   77.22   83.53
20:23:47 74.75   55.74   77.34   83.53
20:24:50 74.75   55.74   77.34   83.41
20:25:54 74.86   62.94   77.22   93.31
20:26:57 74.86   66.65   77.00   105.24
20:28:00 74.97   67.89   77.11   107.83
20:29:04 74.97   68.45   77.45   108.73
20:30:07 75.20   69.24   77.34   109.51
20:31:10 75.43   70.14   77.11   110.19
20:32:14 75.65   71.26   77.11   110.53
20:33:17 75.65   67.78   77.22   110.75
20:34:20 75.76   61.14   77.68   110.98
20:35:24 75.76   58.66   77.79   111.09
20:36:27 75.54   58.10   77.56   111.09
20:37:30 75.54   57.88   77.90   111.20
20:38:34 75.54   57.76   77.79   111.09
20:39:37 75.43   57.65   78.01   111.20
20:40:40 75.43   57.42   78.01   111.43
20:41:44 75.31   57.31   78.01   111.54
20:42:47 75.43   57.09   78.01   111.43
20:43:50 75.43   56.98   78.13   111.43
20:44:54 75.31   56.86   77.90   111.43
20:45:57 75.31   56.75   77.56   111.88
20:47:00 75.54   58.33   77.90   111.43
20:48:04 75.54   58.55   77.45   112.21
20:49:07 75.54   58.33   77.90   112.21
20:50:11 75.65   58.21   77.68   111.54
20:51:14 75.65   57.99   77.79   110.86
20:52:17 75.54   57.76   77.56   110.19
20:53:21 75.54   57.54   77.34   109.29
20:54:24 75.43   57.54   77.22   111.76
20:55:27 75.54   57.54   77.56   110.75
20:56:31 75.43   57.65   77.56   109.85
20:57:34 75.31   57.31   77.90   109.40
20:58:37 75.43   64.51   77.90   108.73
20:59:41 75.54   67.66   77.79   108.16
21:00:44 75.65   68.56   78.01   107.60
21:01:47 75.76   69.13   77.68   107.04
21:02:51 75.88   69.69   78.01   106.48
21:03:54 75.99   70.36   78.01   105.91
21:04:57 75.99   63.84   78.24   105.24
21:06:01 75.88   60.13   78.46   104.56
21:07:04 75.76   58.78   78.13   104.00
21:08:07 75.76   58.44   77.79   103.55
21:09:11 75.65   58.10   77.79   103.10
21:10:14 75.54   57.88   78.24   102.54
21:11:17 75.54   57.76   77.90   101.86
21:12:21 75.43   57.54   78.35   101.19
21:13:24 75.31   57.42   77.79   100.51
21:14:27 75.20   57.20   77.90   100.06
21:15:31 75.20   57.09   77.79   99.50
21:16:34 75.20   57.09   77.56   99.05
21:17:37 75.09   56.86   77.34   98.60
21:18:41 75.09   56.75   77.34   98.15
21:19:44 75.09   56.75   77.11   97.70
21:20:48 75.09   56.53   77.34   97.36
21:21:51 75.09   56.64   77.22   96.91
21:22:54 75.09   56.41   77.34   96.46
21:23:58 74.97   56.41   77.22   96.13
21:25:01 74.86   56.41   77.56   95.68
21:26:04 74.97   56.64   77.34   95.34
21:27:08 74.97   56.75   77.45   95.00
21:28:11 74.97   56.64   77.45   94.78
21:29:14 74.97   56.41   77.45   94.33
21:30:18 74.86   56.08   77.45   93.99
21:31:21 74.75   56.08   77.56   93.65
21:32:24 74.75   55.85   77.22   93.31
21:33:28 74.64   55.85   77.68   92.97
21:34:31 74.64   55.96   77.56   92.64
21:35:34 74.75   55.74   77.22   92.30
21:36:38 74.64   55.74   77.34   91.96
21:37:41 74.64   55.74   77.34   91.74
21:38:44 74.53   55.74   77.22   91.29
21:39:48 74.53   55.63   77.00   90.95
21:40:51 74.53   55.29   77.22   90.61
21:41:54 74.53   55.06   77.22   90.50
21:42:58 74.53   54.95   77.00   90.05
21:44:01 74.41   55.29   77.00   89.94
21:45:04 74.41   54.95   77.00   89.60
21:46:08 74.41   55.17   76.89   89.38
21:47:11 74.41   54.73   76.89   89.04
21:48:14 74.41   54.95   77.22   89.04
21:49:18 74.41   54.84   76.78   88.81
21:50:21 74.30   54.95   76.78   88.47
21:51:24 74.30   55.06   77.00   88.25
21:52:28 74.30   54.73   76.89   88.14
21:53:31 74.30   54.61   77.00   87.80
21:54:35 74.30   54.61   76.78   87.69
21:55:38 74.19   54.61   76.89   87.46
21:56:41 74.19   54.73   76.78   87.24
21:57:45 74.19   54.50   77.22   87.13
21:58:48 74.19   54.50   76.78   86.79
21:59:51 74.30   54.50   76.66   86.68
22:00:55 74.19   54.39   76.55   86.45
22:01:58 74.19   54.28   76.66   86.22
22:03:01 74.30   54.39   76.66   89.94
22:04:05 74.19   53.94   76.66   91.51
22:05:08 74.19   54.05   76.44   91.51
22:06:11 74.19   54.16   76.44   91.18
22:07:15 74.08   54.05   76.66   105.58
22:08:18 74.08   53.94   76.33   108.39
22:09:21 74.30   54.39   76.33   108.05
22:10:25 74.19   54.39   76.33   107.04
22:11:28 74.08   54.16   76.21   106.03
22:12:31 74.19   54.05   76.44   104.90
22:13:35 74.08   54.05   76.21   103.89
22:14:38 73.96   53.83   76.10   102.99
22:15:41 74.08   53.83   76.21   102.09
22:16:45 74.08   53.94   76.21   101.30
22:17:48 74.08   53.94   76.10   100.40
22:18:51 73.96   53.83   76.21   99.61
22:19:55 73.96   53.83   76.10   98.94
22:20:58 73.96   53.60   76.21   98.26
22:22:01 73.96   53.71   75.76   97.59
22:23:05 73.85   53.60   76.10   97.03
22:24:08 73.96   53.60   76.78   96.46
22:25:12 73.96   53.83   76.33   95.90
22:26:15 73.96   53.71   76.33   95.34
22:27:18 73.85   53.49   76.55   94.78
22:28:22 73.96   53.49   76.44   94.21
22:29:25 73.85   53.38   76.44   93.76
22:30:28 73.85   53.38   76.33   93.54
22:31:32 73.96   53.38   76.33   92.97
22:32:35 73.85   53.49   76.21   92.75
22:33:38 73.85   53.49   76.55   92.41
22:34:42 73.85   53.26   76.55   91.96
22:35:45 73.85   53.38   76.66   91.51
22:36:48 73.85   53.26   76.55   91.06
22:37:52 74.08   53.26   76.21   101.19
22:38:55 73.74   53.15   76.10   101.53
22:39:58 73.85   53.26   76.21   107.38
22:41:02 73.74   53.26   75.99   109.63
22:42:05 73.74   53.04   76.10   110.08
22:43:08 73.74   53.15   75.76   110.08
22:44:12 73.74   52.92   75.76   109.29
22:45:15 73.74   53.04   75.65   108.61
22:46:18 73.63   52.92   75.76   109.51
22:47:22 73.51   52.92   75.88   109.51
22:48:25 73.51   52.92   75.54   108.84
22:49:28 73.51   52.92   75.65   107.94
22:50:32 73.51   52.81   75.99   107.04
22:51:35 73.51   52.81   75.54   106.03
22:52:38 73.40   52.92   75.54   105.13
22:53:42 73.40   52.81   75.65   104.34
22:54:45 73.40   52.70   75.76   103.44
22:55:48 73.29   52.70   75.43   102.65
22:56:52 73.29   52.59   75.31   101.86
22:57:55 73.18   52.48   75.65   101.19
22:58:59 73.18   52.48   75.31   100.51
23:00:02 73.29   52.48   75.65   99.84
23:01:05 73.18   52.59   75.31   99.16
23:02:09 73.06   52.48   75.31   98.60
23:03:12 73.18   52.36   75.20   97.92
23:04:15 73.06   52.25   75.20   97.25
23:05:19 73.06   52.25   75.09   96.69
23:06:22 73.06   52.25   75.20   96.13
23:07:25 73.06   52.25   75.31   95.68
23:08:29 73.06   52.14   75.43   95.11
23:09:32 72.95   52.14   75.20   94.66
23:10:35 72.95   52.14   75.20   94.21
23:11:39 72.95   52.03   75.20   93.76
23:12:42 72.95   52.03   74.97   93.31
23:13:45 72.84   52.03   75.43   92.86
23:14:49 72.95   52.03   75.09   92.53
23:15:52 72.84   52.03   75.09   92.08
23:16:55 72.84   51.91   75.20   91.51
23:17:59 72.84   51.91   74.97   91.18
23:19:02 72.72   51.91   75.20   90.84
23:20:05 72.84   51.80   75.09   90.39
23:21:09 72.84   51.80   75.09   90.05
23:22:12 72.72   51.80   75.31   89.60
23:23:15 72.84   51.80   74.97   89.38
23:24:19 72.72   51.80   74.97   89.04
23:25:22 72.72   51.91   74.97   88.81
23:26:25 72.72   51.69   75.09   88.47
23:27:29 72.72   51.80   74.75   88.14
23:28:32 72.72   51.69   74.86   87.91
23:29:35 72.72   51.69   74.64   87.69
23:30:39 72.72   51.69   74.64   87.35
23:31:42 72.72   51.58   74.75   87.13
23:32:45 72.61   51.69   74.75   86.79
23:33:49 72.61   51.69   74.86   86.56
23:34:52 72.61   51.69   74.75   86.34
23:35:56 72.61   51.58   74.53   86.22
23:36:59 72.61   51.58   74.41   86.00
23:38:02 72.50   51.58   74.75   85.66
23:39:06 72.50   51.46   74.86   85.44
23:40:09 72.39   51.35   74.64   85.33
23:41:12 72.50   51.24   74.30   85.10
23:42:16 72.39   51.35   74.75   84.99
23:43:19 72.39   51.35   74.53   84.76
23:44:22 72.50   51.35   74.53   84.65
23:45:26 72.39   51.24   74.75   84.54
23:46:29 72.39   51.13   74.53   84.31
23:47:32 72.39   51.24   74.19   84.20
23:48:36 72.28   51.24   74.30   83.97
23:49:39 72.39   51.24   74.75   83.86
23:50:42 72.28   51.13   74.53   83.64
23:51:46 72.28   51.13   74.53   83.53
23:52:49 72.28   51.13   74.53   83.41
23:53:52 72.28   51.01   74.53   83.30
23:54:56 72.28   51.01   74.30   83.19
23:55:59 72.28   51.13   74.30   83.08
23:57:02 72.16   51.13   74.30   82.85
23:58:06 72.16   51.01   74.30   82.74
23:59:09 72.16   51.01   74.53   82.63
