00:00:07 72.28   66.09   74.75   83.97
00:01:10 72.39   67.78   74.86   83.75
00:02:14 72.50   69.24   74.64   83.53
00:03:17 72.61   71.04   74.97   83.41
00:04:20 72.72   72.28   74.86   83.19
00:05:24 72.84   73.06   74.86   83.08
00:06:27 72.95   73.96   75.09   82.96
00:07:30 72.95   74.41   74.75   82.85
00:08:34 73.06   74.75   74.86   82.85
00:09:37 73.18   74.97   74.86   82.74
00:10:40 73.18   75.09   75.09   82.63
00:11:44 73.29   61.70   75.20   82.51
00:12:47 73.18   55.51   74.86   82.40
00:13:51 72.95   53.94   74.75   82.29
00:14:54 72.72   53.38   75.31   82.18
00:16:01 72.61   53.15   74.97   82.06
00:17:04 72.39   53.04   75.09   82.06
00:18:07 72.39   63.16   74.97   81.84
00:19:11 72.50   65.41   75.20   81.72
00:20:14 72.61   67.89   75.20   81.72
00:21:17 72.61   70.93   74.75   81.61
00:22:21 72.72   73.51   74.86   81.50
00:23:24 72.84   74.64   75.09   81.61
00:24:27 72.95   74.97   75.20   81.61
00:25:31 73.06   75.20   75.09   81.61
00:26:34 73.06   75.54   74.97   81.50
00:27:38 73.18   75.54   74.97   81.50
00:28:41 73.29   75.65   75.09   81.39
00:29:44 73.29   75.65   75.09   81.39
00:30:48 73.40   75.76   75.20   81.50
00:31:51 73.40   75.76   74.97   81.50
00:32:54 73.40   75.88   74.97   81.39
00:33:58 73.51   75.88   75.20   81.28
00:35:01 73.51   75.88   75.31   81.28
00:36:04 73.63   75.88   75.20   81.28
00:37:08 73.63   75.99   75.31   81.28
00:38:11 73.63   75.99   75.09   81.16
00:39:18 73.63   75.99   75.31   81.16
00:40:21 73.63   75.99   75.20   81.16
00:41:24 73.63   75.99   75.20   81.05
00:42:28 73.63   76.10   75.43   81.05
00:43:31 73.63   76.10   75.31   81.16
00:44:35 73.74   76.10   75.31   81.28
00:45:38 73.74   76.10   75.31   81.16
00:46:41 73.74   76.21   75.43   81.16
00:47:45 73.74   76.21   75.43   81.28
00:48:48 73.74   76.21   75.43   81.16
00:49:51 73.74   76.21   75.20   81.05
00:50:55 73.74   76.21   75.31   81.05
00:51:58 73.74   76.21   75.43   81.05
00:53:01 73.85   76.21   75.31   81.05
00:54:05 73.85   76.33   75.65   81.05
00:55:08 73.85   76.33   75.65   81.05
00:56:11 73.85   76.33   75.99   80.94
00:57:18 73.85   76.33   75.76   80.94
00:58:22 73.85   76.33   75.65   80.94
00:59:25 73.85   76.33   75.65   80.94
01:00:28 73.85   76.44   75.65   81.05
01:01:35 73.85   76.44   75.76   81.05
01:02:38 73.85   76.44   75.54   81.05
01:03:42 73.96   76.44   75.54   81.05
01:04:45 73.96   76.44   75.54   80.94
01:05:52 73.96   76.44   75.65   80.94
01:06:55 73.96   76.44   75.76   80.94
01:08:02 73.96   76.44   75.65   81.05
01:09:06 73.96   76.44   75.76   81.05
01:10:09 73.96   76.55   75.88   81.05
01:11:12 73.96   76.55   75.88   81.05
01:12:16 73.96   76.55   75.88   81.05
01:13:19 73.96   76.55   75.76   80.94
01:14:22 73.96   76.55   75.76   80.94
01:15:26 74.08   76.44   75.76   80.94
01:16:29 74.08   76.44   75.88   80.83
01:17:32 74.08   76.44   75.65   80.94
01:18:36 73.96   76.44   75.65   81.05
01:19:39 74.08   76.44   75.65   81.05
01:20:42 74.08   76.44   75.76   81.05
01:21:46 74.08   76.55   75.88   81.05
01:22:49 74.08   76.55   75.88   80.94
01:23:52 74.08   76.55   75.99   81.05
01:24:56 74.08   76.55   75.99   81.05
01:25:59 74.08   76.66   76.10   81.16
01:27:02 74.08   76.66   75.76   81.16
01:28:06 74.08   76.66   75.65   81.05
01:29:09 74.08   76.66   75.76   81.16
01:30:12 74.08   76.66   75.88   81.05
01:31:16 74.08   76.66   75.76   81.16
01:32:19 74.08   76.66   75.76   81.16
01:33:22 74.08   76.66   75.76   81.05
01:34:26 74.08   76.66   75.88   81.05
01:35:29 74.19   76.66   75.88   81.16
01:36:32 74.19   76.78   75.88   81.05
01:37:36 74.08   76.78   76.10   81.05
01:38:39 74.19   76.78   75.88   81.16
01:39:42 74.19   76.78   75.99   81.16
01:40:46 74.19   76.78   75.99   81.16
01:41:49 74.19   76.78   76.10   81.16
01:42:53 74.08   76.78   75.99   81.16
01:43:56 74.19   76.55   76.10   81.16
01:45:03 74.19   76.55   75.99   81.16
01:46:06 74.19   76.66   75.99   81.16
01:47:09 74.08   76.66   76.21   81.16
01:48:13 74.19   76.78   76.33   81.16
01:49:16 74.19   76.78   76.10   81.16
01:50:19 74.19   76.78   76.21   81.28
01:51:23 74.19   76.78   76.21   81.28
01:52:26 74.19   76.78   76.21   81.28
01:53:29 74.19   76.78   76.10   81.28
01:54:33 74.19   76.78   76.10   81.16
01:55:36 74.19   76.78   76.21   81.16
01:56:40 74.19   76.89   76.10   81.28
01:57:43 74.19   76.89   76.10   81.39
01:58:46 74.19   76.89   76.10   81.39
01:59:50 74.19   76.89   76.10   81.39
02:00:53 74.19   76.89   76.10   81.39
02:01:56 74.30   76.89   76.21   81.28
02:03:03 74.30   76.89   76.33   81.28
02:04:06 74.30   76.89   76.10   81.28
02:05:10 74.30   76.89   76.21   81.39
02:06:13 74.19   77.00   76.21   81.39
02:07:24 74.30   76.78   76.21   81.39
02:08:27 74.30   76.78   76.21   81.28
02:09:30 74.30   76.78   76.33   81.28
02:10:34 74.30   76.78   76.44   81.39
02:11:37 74.30   76.78   76.21   81.39
02:12:40 74.30   76.78   76.21   81.39
02:13:44 74.30   76.89   76.21   81.28
02:14:47 74.30   76.78   76.44   81.28
02:15:50 74.30   76.89   76.44   81.16
02:16:54 74.30   76.78   76.21   81.28
02:17:57 74.30   76.78   76.44   81.28
02:19:00 74.30   76.89   76.44   81.28
02:20:04 74.30   76.89   76.33   81.39
02:21:07 74.30   76.89   76.21   81.39
02:22:10 74.30   76.89   76.44   81.28
02:23:14 74.30   76.89   76.21   81.39
02:24:17 74.30   76.89   76.44   81.50
02:25:20 74.30   76.89   76.44   81.50
02:26:24 74.41   77.00   76.44   81.50
02:27:27 74.30   77.00   76.55   81.50
02:28:34 74.41   77.11   76.33   81.50
02:29:37 74.30   77.11   76.21   81.50
02:30:48 74.30   77.11   76.33   81.61
02:31:51 74.30   77.11   76.33   81.50
02:32:54 74.41   77.11   76.55   81.50
02:33:58 74.41   77.22   76.66   81.50
02:35:01 74.30   77.22   76.55   81.50
02:36:04 74.41   77.22   76.44   81.50
02:37:08 74.41   77.34   76.55   81.50
02:38:11 74.41   77.34   76.44   81.61
02:39:14 74.41   77.34   76.21   81.50
02:40:18 74.41   77.34   76.33   81.50
02:41:21 74.41   77.34   76.44   81.61
02:42:24 74.41   77.34   76.78   81.61
02:43:28 74.41   77.34   76.55   81.61
02:44:31 74.41   77.45   76.66   81.61
02:45:34 74.41   77.34   76.66   81.61
02:46:38 74.41   77.34   76.55   81.50
02:47:41 74.41   77.45   76.55   81.61
02:48:45 74.41   77.45   76.55   81.50
02:49:48 74.53   77.45   76.55   81.50
02:50:51 74.53   77.45   76.55   81.72
02:51:55 74.53   77.45   76.66   81.61
02:52:58 74.53   77.45   76.78   81.61
02:54:05 74.53   77.45   76.55   81.61
02:55:08 74.53   77.45   76.66   81.61
02:56:11 74.53   77.45   76.66   81.72
02:57:15 74.53   77.45   76.78   81.72
02:58:18 74.53   77.45   76.78   81.72
02:59:21 74.53   77.45   76.66   81.61
03:00:25 74.53   77.45   76.66   81.72
03:01:28 74.53   77.45   76.66   81.61
03:02:32 74.53   77.45   76.89   81.72
03:03:35 74.53   77.45   76.55   81.72
03:04:38 74.53   77.45   76.89   81.84
03:05:42 74.53   77.45   76.78   81.84
03:06:45 74.53   77.45   76.66   81.95
03:07:48 74.64   77.45   76.78   81.95
03:08:52 74.53   77.45   76.89   81.95
03:09:55 74.64   77.56   76.89   81.84
03:10:58 74.53   77.45   77.00   81.72
03:12:02 74.53   77.45   77.00   81.84
03:13:05 74.53   77.45   76.89   81.84
03:14:08 74.53   77.45   76.89   81.84
03:15:12 74.53   77.45   77.00   81.72
03:16:15 74.53   77.45   76.89   81.72
03:17:18 74.53   77.45   77.00   81.72
03:18:22 74.53   77.45   76.78   81.72
03:19:25 74.53   77.45   76.66   81.72
03:20:28 74.53   77.45   77.00   81.84
03:21:32 74.53   77.45   76.78   81.84
03:22:35 74.53   77.45   76.89   81.72
03:23:38 74.53   77.45   76.78   81.84
03:24:42 74.53   77.45   76.89   81.84
03:25:45 74.53   77.45   76.78   81.84
03:26:48 74.64   77.45   77.11   81.95
03:27:52 74.64   77.45   76.89   81.95
03:28:55 74.53   77.45   77.00   82.06
03:29:58 74.53   77.45   76.78   81.95
03:31:02 74.53   77.45   76.78   81.95
03:32:09 74.53   77.45   77.22   81.95
03:33:12 74.53   77.45   76.78   81.84
03:34:15 74.64   77.45   77.00   81.95
03:35:19 74.64   77.56   77.00   81.95
03:36:22 74.64   77.45   77.00   81.95
03:37:25 74.64   77.56   77.22   81.95
03:38:36 74.53   77.56   77.22   82.06
03:39:39 74.53   77.56   77.22   82.06
03:40:42 74.64   77.56   77.00   82.06
03:41:46 74.64   77.56   77.11   82.06
03:42:49 74.64   77.56   77.22   82.06
03:43:52 74.53   77.56   77.11   81.95
03:44:56 74.53   77.45   77.22   81.95
03:45:59 74.53   77.56   77.45   81.95
03:47:02 74.53   77.56   77.11   81.95
03:48:06 74.53   77.56   77.22   81.95
03:49:09 74.53   77.56   77.11   81.95
03:50:13 74.53   77.56   77.00   81.84
03:51:16 74.53   77.56   77.45   81.95
03:52:19 74.53   77.56   77.11   81.95
03:53:23 74.53   77.56   77.11   81.95
03:54:26 74.53   77.56   77.11   82.06
03:55:29 74.53   77.56   77.11   81.95
03:56:33 74.53   77.56   77.11   81.95
03:57:36 74.53   77.56   77.11   81.95
03:58:39 74.53   77.56   77.34   82.06
03:59:43 74.53   77.56   77.56   82.06
04:00:46 74.53   77.56   77.22   81.95
04:01:49 74.53   77.56   77.11   81.95
04:02:53 74.53   77.56   77.00   81.95
04:03:56 74.53   77.56   77.00   81.95
04:04:59 74.53   77.56   77.11   81.95
04:06:03 74.64   77.56   77.34   81.95
04:07:06 74.64   77.56   77.34   81.95
04:08:09 74.64   77.56   77.34   82.06
04:09:13 74.64   77.56   77.22   82.18
04:10:23 74.64   77.56   77.34   82.18
04:11:26 74.64   77.56   77.34   82.18
04:12:30 74.64   77.56   77.22   82.18
04:13:33 74.64   77.56   77.22   82.18
04:14:43 74.64   77.56   76.78   82.18
04:15:47 74.64   77.68   77.11   82.18
04:16:50 74.64   77.56   77.22   82.18
04:17:54 74.64   77.56   77.11   82.18
04:18:57 74.64   77.56   77.11   82.18
04:20:00 74.64   77.56   77.22   82.18
04:21:04 74.64   77.56   77.22   82.18
04:22:07 74.64   77.56   77.34   82.06
04:23:10 74.64   77.56   77.22   82.18
04:24:14 74.64   77.56   77.11   82.06
04:25:17 74.64   77.56   77.22   82.06
04:26:20 74.75   77.56   77.22   82.06
04:27:24 74.64   77.56   77.00   82.18
04:28:27 74.64   77.56   77.11   82.18
04:29:30 74.64   77.56   77.22   82.18
04:30:34 74.64   77.56   77.34   82.29
04:31:37 74.64   77.56   77.45   82.18
04:32:40 74.64   77.56   77.11   82.18
04:33:44 74.64   77.56   77.45   82.29
04:34:47 74.64   77.56   77.22   82.06
04:35:50 74.64   77.56   77.22   82.18
04:36:54 74.64   77.56   77.34   82.06
04:37:57 74.64   77.56   77.11   82.18
04:39:00 74.75   77.56   77.34   82.06
04:40:04 74.64   77.56   77.22   82.06
04:41:07 74.64   77.56   77.11   82.06
04:42:10 74.64   77.56   77.34   82.06
04:43:14 74.64   77.56   77.34   82.06
04:44:17 74.64   77.56   77.22   82.18
04:45:20 74.64   77.56   77.68   82.06
04:46:24 74.75   77.56   77.34   82.18
04:47:27 74.75   77.56   77.34   82.06
04:48:31 74.75   77.56   77.22   82.18
04:49:34 74.75   77.68   77.34   98.60
04:50:37 74.64   77.56   77.00   103.66
04:51:41 74.75   77.68   77.00   105.01
04:52:44 74.64   77.56   77.00   105.46
04:53:47 74.75   77.68   77.11   105.69
04:54:51 74.64   77.68   77.34   105.58
04:55:54 74.75   77.68   77.22   105.58
04:56:57 74.75   77.68   77.22   106.59
04:58:01 74.75   77.68   77.34   106.25
04:59:11 74.86   77.68   77.34   105.58
05:00:14 74.86   77.68   77.56   104.79
05:01:18 74.75   77.68   77.22   104.11
05:02:21 74.86   77.79   77.45   108.84
05:03:24 74.86   77.79   77.22   110.53
05:04:28 74.86   77.79   77.11   110.75
05:05:31 74.86   77.79   77.34   110.98
05:06:34 74.86   77.90   77.22   111.31
05:07:38 74.86   77.79   77.45   110.86
05:08:41 74.86   77.90   77.56   110.30
05:09:44 74.97   77.90   77.45   109.40
05:10:48 74.86   77.90   77.34   108.50
05:11:51 74.86   77.90   77.45   107.49
05:12:54 74.86   77.90   77.56   106.93
05:13:58 74.86   77.90   77.68   106.03
05:15:01 74.86   77.90   77.68   105.35
05:16:04 74.86   77.90   77.45   104.68
05:17:08 74.86   77.90   77.68   104.00
05:18:11 74.86   77.79   77.45   103.33
05:19:15 74.86   77.90   77.45   102.76
05:20:18 74.86   77.90   77.56   102.09
05:21:21 74.86   77.90   77.56   101.64
05:22:25 74.86   77.90   77.56   101.08
05:23:28 74.86   77.90   77.22   100.63
05:24:31 74.86   77.90   77.34   100.06
05:25:35 74.97   77.90   77.45   99.61
05:26:38 74.97   77.90   77.45   99.16
05:27:41 74.86   77.90   77.45   104.45
05:28:45 74.86   77.90   77.45   106.48
05:29:48 74.97   77.90   77.45   105.80
05:30:51 74.97   77.90   77.45   104.90
05:31:55 74.97   77.90   77.56   104.11
05:32:58 74.86   77.90   77.79   103.10
05:34:01 74.86   77.90   77.68   102.31
05:35:05 74.97   77.90   77.79   101.64
05:36:08 74.86   77.79   77.56   100.96
05:37:11 74.97   77.90   77.45   100.29
05:38:15 74.97   77.90   77.45   99.73
05:39:18 74.97   77.90   77.68   99.28
05:40:21 74.97   77.90   77.68   98.71
05:41:25 74.97   77.90   77.79   98.26
05:42:28 74.97   77.90   77.79   97.81
05:43:39 74.97   77.90   77.68   97.48
05:44:42 74.97   77.90   77.56   97.03
05:45:45 74.97   77.90   77.68   96.58
05:46:49 74.97   77.90   77.68   96.13
05:47:52 74.97   77.90   77.56   95.79
05:48:55 74.97   77.90   77.56   95.34
05:49:59 74.97   77.90   77.68   95.00
05:51:02 74.97   77.90   77.79   94.78
05:52:05 74.97   77.90   77.56   94.44
05:53:09 74.97   77.90   77.45   94.21
05:54:12 74.97   77.90   77.45   93.88
05:55:15 74.97   77.90   77.68   93.54
05:56:19 74.97   77.90   77.34   93.31
05:57:22 74.97   77.90   77.79   93.09
05:58:25 74.97   77.90   77.56   92.75
05:59:29 74.97   77.90   77.45   92.53
06:00:32 74.97   77.90   77.45   92.19
06:01:35 74.86   77.90   77.68   91.96
06:02:39 74.86   77.90   77.68   91.74
06:03:42 74.97   77.90   77.45   91.51
06:04:45 74.97   77.90   77.45   91.18
06:05:52 74.97   77.90   77.79   91.06
06:06:56 74.97   77.90   77.90   90.95
06:07:59 74.97   77.90   77.79   90.72
06:09:02 74.86   77.90   77.45   90.50
06:10:06 74.86   77.90   77.79   90.28
06:11:09 74.97   77.90   77.56   90.16
06:12:12 74.97   77.90   77.45   89.94
06:13:16 74.97   77.90   77.68   89.83
06:14:19 74.97   77.90   77.56   89.71
06:15:22 74.97   77.79   77.68   89.49
06:16:26 74.97   77.79   77.79   89.38
06:17:29 74.97   77.90   77.56   89.26
06:18:32 74.97   77.90   77.79   89.04
06:19:36 74.97   77.90   77.68   88.93
06:20:39 74.97   77.90   77.68   88.81
06:21:42 74.97   77.79   77.79   88.70
06:22:46 74.97   77.90   77.68   88.47
06:23:49 74.97   77.90   77.56   88.36
06:24:52 74.97   77.90   77.45   88.25
06:25:56 74.86   77.90   77.68   88.14
06:26:59 74.97   77.90   77.68   88.14
06:28:02 74.97   77.90   77.79   88.03
06:29:06 74.97   77.90   77.68   87.80
06:30:13 74.97   77.90   77.56   87.69
06:31:16 74.97   77.90   77.56   87.46
06:32:19 74.97   77.90   77.56   87.46
06:33:23 74.97   77.79   77.56   87.35
06:34:26 74.97   77.90   77.56   87.46
06:35:29 74.97   77.90   77.56   87.24
06:36:33 74.97   77.90   77.68   87.13
06:37:36 74.97   77.79   77.79   87.13
06:38:39 74.86   77.90   77.79   86.90
06:39:43 74.86   77.79   77.79   86.79
06:40:46 74.86   77.79   77.45   86.79
06:41:49 74.97   77.90   77.56   86.68
06:42:53 74.97   77.90   77.56   86.68
06:43:56 74.97   77.79   77.68   86.56
06:45:00 74.97   77.90   77.68   86.45
06:46:03 74.86   77.90   77.56   86.34
06:47:06 74.97   77.79   77.90   86.22
06:48:10 74.97   77.90   77.56   86.22
06:49:13 74.97   77.90   77.79   86.22
06:50:16 74.97   77.79   77.68   86.22
06:51:20 74.97   77.90   77.68   86.11
06:52:23 74.97   77.79   77.45   86.11
06:53:26 74.97   77.79   77.34   86.11
06:54:30 74.97   77.79   77.68   85.89
06:55:33 74.97   77.90   77.68   85.78
06:56:36 74.97   77.90   77.90   85.78
06:57:43 74.97   77.79   77.90   85.66
06:58:47 74.97   77.79   77.56   85.66
06:59:50 74.97   77.79   77.56   85.66
07:00:53 74.97   77.79   77.90   85.55
07:01:57 74.97   77.79   77.79   85.55
07:03:00 74.86   77.79   77.79   85.55
07:04:03 74.86   77.79   77.79   85.55
07:05:07 74.86   77.79   77.79   85.44
07:06:10 74.86   77.79   77.79   85.33
07:07:13 74.86   77.79   77.79   85.33
07:08:17 74.97   77.79   77.68   85.33
07:09:20 74.86   77.79   77.79   85.33
07:10:23 74.86   77.79   77.79   85.33
07:11:27 74.97   77.79   77.79   85.21
07:12:30 74.86   77.79   77.56   85.21
07:13:33 74.86   77.79   77.68   85.21
07:14:37 74.86   77.79   77.68   85.10
07:15:40 74.86   77.79   77.79   84.99
07:16:43 74.86   77.79   77.79   85.10
07:17:47 74.86   77.79   77.45   84.99
07:18:50 74.86   77.79   77.56   84.88
07:19:53 74.86   77.79   77.90   84.76
07:20:57 74.86   77.79   77.79   84.88
07:22:00 74.86   77.79   77.79   84.88
07:23:03 74.86   77.79   77.79   84.88
07:24:07 74.86   77.79   77.79   84.76
07:25:10 74.86   77.79   77.90   84.65
07:26:17 74.97   77.79   77.90   84.54
07:27:20 74.97   77.79   77.79   84.54
07:28:27 74.97   77.90   77.79   84.54
07:29:31 74.97   77.90   77.68   84.54
07:30:34 74.97   77.90   78.01   84.54
07:31:37 74.97   77.79   77.68   84.54
07:32:41 74.86   77.90   77.68   84.43
07:33:44 74.97   77.90   77.90   84.43
07:34:47 75.09   77.90   77.90   84.43
07:35:51 74.97   77.90   77.79   84.43
07:36:54 74.97   77.90   77.79   84.43
07:37:57 74.97   77.90   77.79   84.31
07:39:01 74.97   77.90   77.68   84.31
07:40:04 74.97   77.90   78.01   84.31
07:41:07 74.97   77.90   77.68   84.20
07:42:11 74.97   77.90   77.56   84.31
07:43:18 74.97   77.90   77.68   84.31
07:44:21 74.97   77.90   77.79   84.43
07:45:24 74.97   77.90   77.79   84.54
07:46:28 74.97   77.90   77.68   84.54
07:47:31 74.97   77.90   77.79   84.54
07:48:34 74.97   77.90   78.01   84.54
07:49:38 74.97   77.90   77.90   84.43
07:50:41 74.97   77.90   78.01   84.31
07:51:48 74.97   77.90   77.90   84.31
07:52:51 75.09   77.90   78.13   84.31
07:53:55 75.09   77.90   77.90   84.31
07:54:58 75.09   77.90   77.79   84.20
07:56:01 75.09   77.90   77.90   84.20
07:57:05 75.09   77.90   77.79   84.20
07:58:08 75.09   78.01   77.90   84.20
07:59:11 75.09   78.01   77.90   84.20
08:00:15 75.20   77.90   78.01   84.20
08:01:18 75.09   78.01   77.90   84.20
08:02:21 75.20   77.90   77.79   84.09
08:03:25 75.20   77.90   77.79   84.09
08:04:28 75.20   78.01   77.90   84.20
08:05:31 75.20   78.01   77.68   84.20
08:06:35 75.09   78.01   77.90   84.20
08:07:38 75.09   78.01   77.56   84.20
08:08:41 75.09   78.01   77.79   84.20
08:09:45 75.09   71.49   77.79   84.20
08:10:48 75.09   62.83   77.90   84.09
08:11:51 74.97   60.80   77.79   83.86
08:12:55 74.64   57.99   77.90   83.75
08:13:58 74.41   56.30   77.90   83.75
08:15:01 74.30   55.40   77.79   83.64
08:16:05 74.08   62.49   77.68   83.53
08:17:08 74.08   67.10   77.79   83.53
08:18:11 74.19   70.25   78.01   83.41
08:19:15 74.30   72.16   77.90   83.41
08:20:18 74.30   73.40   77.79   83.30
08:21:21 74.41   74.75   77.68   83.41
08:22:25 74.41   75.88   77.68   83.30
08:23:28 74.53   76.66   77.68   83.41
08:24:31 74.64   77.11   77.79   83.41
08:25:35 74.53   77.22   77.79   83.41
08:26:38 74.64   77.34   77.90   83.41
08:27:42 74.64   77.45   77.68   83.41
08:28:45 74.75   77.56   77.90   83.30
08:29:52 74.86   77.56   77.90   83.41
08:30:55 74.86   77.56   77.68   83.41
08:31:58 74.97   77.56   77.90   83.53
08:33:02 74.86   77.56   77.79   83.53
08:34:09 74.86   77.56   77.79   83.64
08:35:12 74.97   77.68   77.68   83.64
08:36:15 74.97   77.68   77.68   83.53
08:37:19 75.09   77.68   77.79   83.64
08:38:22 75.09   77.68   77.79   83.53
08:39:25 74.97   77.68   77.79   83.53
08:40:29 75.09   77.68   78.01   83.41
08:41:32 75.09   77.68   77.79   83.41
08:42:35 75.09   77.68   78.01   83.41
08:43:39 75.09   67.44   77.90   83.41
08:44:42 75.09   59.56   78.01   83.41
08:45:45 74.97   56.64   77.90   83.30
08:46:49 74.64   55.74   78.01   83.19
08:47:52 74.41   55.51   78.01   83.19
08:48:55 74.30   55.17   77.79   83.08
08:49:59 74.19   54.84   77.68   82.96
08:51:02 74.08   65.30   77.45   82.96
08:52:05 74.08   67.10   77.56   82.85
08:53:09 74.19   69.46   77.56   82.85
08:54:12 74.30   71.49   77.68   82.96
08:55:16 74.30   73.18   77.90   82.85
08:56:19 74.41   75.20   77.45   82.96
08:57:22 74.53   76.33   77.56   82.96
08:58:26 74.53   76.89   77.68   82.96
08:59:29 74.64   77.11   77.79   82.96
09:00:32 74.64   77.22   77.68   82.96
09:01:36 74.75   77.34   77.79   82.96
09:02:39 74.75   77.34   77.56   83.08
09:03:42 74.86   77.34   77.68   83.19
09:04:46 74.86   77.45   78.01   83.08
09:05:49 74.86   77.45   77.68   83.08
09:06:52 74.97   77.56   77.56   83.19
09:07:56 74.86   77.56   77.56   83.08
09:08:59 74.86   77.56   77.79   83.08
09:10:02 74.97   77.68   77.79   83.19
09:11:06 74.97   77.56   77.79   83.08
09:12:09 75.09   77.68   77.45   83.08
09:13:12 74.97   77.68   77.56   83.19
09:14:16 75.09   77.68   77.79   83.19
09:15:19 75.09   77.56   77.56   83.19
09:16:22 75.09   77.68   77.79   83.19
09:17:26 75.09   77.68   77.90   83.19
09:18:29 75.20   77.79   78.01   82.96
09:19:32 75.20   77.79   77.68   83.08
09:20:36 75.20   77.90   78.13   83.08
09:21:39 75.20   77.90   78.46   83.19
09:22:42 75.31   77.90   78.24   83.08
09:23:46 75.31   77.90   78.35   83.19
09:24:49 75.31   77.90   78.58   83.30
09:25:53 75.31   78.01   79.03   83.30
09:26:59 75.43   78.01   78.80   83.08
09:28:03 75.43   78.01   78.58   83.08
09:29:10 75.43   78.01   78.58   83.08
09:30:13 75.43   78.01   78.69   83.19
09:31:20 75.54   78.13   78.69   83.19
09:32:23 75.54   78.13   78.80   83.19
09:33:30 75.54   78.13   78.58   83.19
09:34:33 75.54   78.13   79.14   83.08
09:35:37 75.54   78.24   78.91   83.19
09:36:40 75.54   78.24   78.69   83.19
09:37:43 75.65   78.24   78.91   83.19
09:38:47 75.54   78.24   79.25   83.19
09:39:50 75.65   78.35   79.03   83.19
09:40:53 75.65   78.35   79.14   83.19
09:41:57 75.76   78.35   79.47   83.19
09:43:00 75.76   78.46   79.14   83.19
09:44:03 75.65   78.46   79.36   83.19
09:45:07 75.76   78.46   79.59   83.30
09:46:10 75.76   78.46   79.25   83.30
09:47:13 75.76   78.46   79.25   83.41
09:48:17 75.76   78.46   79.25   83.41
09:49:20 75.76   78.46   79.25   83.41
09:50:24 75.76   78.46   79.25   83.53
09:51:27 75.76   78.46   79.25   83.64
09:52:30 75.88   78.46   79.25   83.53
09:53:34 75.88   78.58   79.14   83.41
09:54:37 75.88   78.58   79.25   83.53
09:55:40 75.88   78.58   78.91   83.41
09:56:44 75.99   78.58   78.80   83.30
09:57:47 75.88   78.58   78.91   83.30
09:58:50 75.88   78.58   79.14   83.41
09:59:54 75.99   78.58   78.91   83.30
10:00:57 75.99   78.58   79.03   83.41
10:02:00 75.99   78.69   78.91   83.41
10:03:04 75.99   78.69   78.91   83.41
10:04:07 75.99   78.69   78.69   83.53
10:05:10 75.99   78.58   79.03   83.53
10:06:14 75.99   78.69   79.03   83.53
10:07:17 75.99   78.69   79.14   83.64
10:08:20 75.99   78.69   78.91   83.64
10:09:24 76.10   78.69   78.91   83.64
10:10:27 76.10   78.80   79.03   83.64
10:11:30 76.10   78.80   78.91   83.75
10:12:34 76.10   78.80   79.03   83.64
10:13:37 76.21   78.80   78.80   83.64
10:14:40 76.10   78.91   78.91   83.64
10:15:44 76.10   78.80   78.91   83.64
10:16:47 76.21   78.80   78.91   83.64
10:17:54 76.21   78.91   78.91   83.64
10:18:57 76.21   78.91   78.91   83.64
10:20:01 76.21   78.91   79.03   83.64
10:21:04 76.10   78.91   79.14   83.64
10:22:07 76.21   78.91   78.91   83.64
10:23:11 76.21   78.91   79.25   83.64
10:24:14 76.21   78.91   79.03   83.64
10:25:17 76.21   79.03   79.03   83.64
10:26:21 76.21   78.91   78.91   83.75
10:27:24 76.21   78.91   79.03   83.75
10:28:27 76.33   79.03   79.14   83.75
10:29:31 76.21   79.03   78.91   83.75
10:30:34 76.21   79.03   78.91   83.86
10:31:41 76.33   79.03   79.14   83.97
10:32:44 76.21   79.03   79.36   83.86
10:33:48 76.33   79.03   79.25   83.86
10:34:51 76.33   79.03   79.03   83.75
10:35:54 76.44   79.03   79.36   83.86
10:36:58 76.33   79.14   79.03   83.86
10:38:01 76.33   79.14   79.14   83.75
10:39:04 76.44   79.14   79.14   83.86
10:40:08 76.33   79.14   79.03   83.86
10:41:11 76.44   79.25   79.14   83.86
10:42:14 76.44   79.25   79.25   83.75
10:43:18 76.44   79.25   79.14   83.75
10:44:21 76.44   79.25   79.47   83.75
10:45:24 76.44   79.25   79.14   83.75
10:46:28 76.55   79.25   79.36   83.75
10:47:31 76.55   79.25   79.25   83.86
10:48:34 76.44   79.36   79.14   83.86
10:49:38 76.55   79.25   79.14   83.75
10:50:41 76.55   79.36   79.59   83.86
10:51:44 76.66   79.36   79.36   83.86
10:52:48 76.55   79.36   79.25   83.86
10:53:51 76.66   79.47   79.59   83.97
10:54:55 76.66   79.36   79.59   83.97
10:55:58 76.66   79.47   79.47   83.97
10:57:01 76.66   79.36   79.59   83.97
10:58:05 76.66   63.73   79.47   83.97
10:59:11 76.55   60.46   79.47   83.97
11:00:15 76.33   59.23   79.25   83.97
11:01:18 76.10   57.88   79.36   83.75
11:02:21 76.10   57.42   79.36   83.75
11:03:25 75.88   57.20   79.70   83.64
11:04:28 75.76   66.99   79.47   83.64
11:05:31 75.88   69.13   79.25   83.64
11:06:35 75.88   72.16   79.25   83.64
11:07:38 75.88   73.96   79.14   98.94
11:08:42 75.99   75.76   79.25   104.79
11:09:45 75.99   77.45   79.03   105.13
11:10:48 75.99   78.35   79.03   104.45
11:11:52 76.10   78.69   79.25   103.55
11:12:55 76.21   78.91   79.25   102.76
11:13:58 76.21   78.91   79.14   101.86
11:15:02 76.33   79.14   79.25   101.08
11:16:05 76.33   79.14   79.14   100.29
11:17:08 76.33   79.14   79.14   99.50
11:18:12 76.33   79.25   79.25   98.71
11:19:22 76.44   79.25   79.25   98.04
11:20:25 76.44   79.25   79.36   97.48
11:21:29 76.55   79.25   79.36   97.03
11:22:32 76.55   79.36   79.36   96.46
11:23:35 76.55   79.36   79.25   96.01
11:24:39 76.55   79.36   79.36   95.68
11:25:42 76.66   79.36   79.25   95.34
11:26:45 76.66   79.36   79.36   94.89
11:27:49 76.66   75.99   79.25   94.55
11:28:52 76.66   62.04   79.36   94.10
11:29:55 76.55   59.34   79.25   93.65
11:30:59 76.33   57.99   79.59   93.31
11:32:02 76.21   57.65   79.59   92.75
11:33:05 75.99   57.20   79.59   92.41
11:34:09 75.76   56.98   79.59   91.96
11:35:12 75.65   60.69   79.81   91.74
11:36:23 75.65   67.89   79.36   91.40
11:37:26 75.88   69.69   79.36   91.06
11:38:29 75.88   72.39   79.70   90.72
11:39:33 75.99   74.08   79.47   90.61
11:40:36 76.10   75.99   79.70   90.39
11:41:39 76.10   77.68   79.47   90.16
11:42:43 76.10   78.46   79.14   89.94
11:43:46 76.21   78.91   79.14   89.83
11:44:49 76.21   79.03   79.14   89.71
11:45:53 76.33   79.03   79.36   89.49
11:46:56 76.44   79.14   79.14   89.38
11:47:59 76.33   79.25   79.36   89.15
11:49:03 76.44   79.25   79.36   89.04
11:50:06 76.44   79.36   79.14   88.93
11:51:09 76.55   64.74   79.25   88.81
11:52:13 76.55   59.34   79.47   88.59
11:53:16 76.44   58.10   79.25   88.36
11:54:19 76.21   57.65   79.36   88.25
11:55:23 75.99   57.20   79.59   87.91
11:56:30 75.88   56.41   79.47   87.80
11:57:33 75.76   56.53   79.25   87.69
11:58:36 75.54   56.19   79.25   87.35
11:59:40 75.65   66.65   79.14   87.24
12:00:43 75.76   68.34   79.14   87.13
12:01:46 75.76   69.91   79.14   87.01
12:02:50 75.88   72.39   79.14   86.90
12:03:53 75.99   74.08   79.36   86.90
12:04:56 75.99   76.10   79.25   86.79
12:06:00 76.10   77.68   79.36   86.79
12:07:03 76.21   78.46   79.25   86.68
12:08:06 76.21   78.80   79.47   86.56
12:09:10 76.21   79.03   79.25   86.45
12:10:13 76.33   79.14   79.14   86.34
12:11:16 76.44   78.24   79.25   86.34
12:12:20 76.44   62.38   79.25   86.22
12:13:23 76.21   58.78   79.14   86.11
12:14:26 76.21   57.88   79.25   86.11
12:15:30 75.99   57.54   79.14   86.00
12:16:33 75.88   57.09   79.25   85.89
12:17:36 75.76   56.86   79.36   85.78
12:18:40 75.54   56.53   79.36   85.66
12:19:43 75.54   56.53   79.14   85.55
12:20:47 75.54   56.30   79.14   85.33
12:21:50 75.43   66.09   79.14   85.10
12:22:53 75.54   68.00   79.03   85.10
12:23:57 75.65   69.01   79.03   85.10
12:25:00 75.65   70.93   79.14   84.99
12:26:03 75.76   72.95   79.14   84.88
12:27:07 75.88   74.53   79.25   84.88
12:28:13 75.88   76.21   78.91   84.76
12:29:17 75.99   77.68   79.14   84.76
12:30:20 76.10   78.46   79.25   84.76
12:31:23 76.10   78.80   79.03   84.76
12:32:27 76.21   72.95   79.25   84.76
12:33:30 76.21   60.91   79.25   84.88
12:34:34 76.10   58.21   79.25   84.65
12:35:37 75.99   57.76   79.25   84.54
12:36:40 75.88   57.42   79.03   84.54
12:37:44 75.76   57.09   79.25   84.31
12:38:47 75.76   56.75   79.25   84.31
12:39:50 75.54   56.30   79.25   84.20
12:40:54 75.43   56.19   79.47   83.97
12:41:57 75.43   56.19   79.25   83.97
12:43:00 75.43   62.04   79.47   83.97
12:44:04 75.43   67.33   79.03   83.97
12:45:07 75.54   68.45   79.36   83.97
12:46:10 75.65   69.80   79.14   83.97
12:47:14 75.65   71.71   79.25   83.97
12:48:17 75.76   73.40   78.91   83.86
12:49:20 75.88   74.86   78.91   83.75
12:50:24 75.99   76.33   78.91   83.75
12:51:27 76.10   77.79   79.14   83.86
12:52:30 76.10   66.76   79.03   83.86
12:53:34 76.10   59.45   79.03   83.86
12:54:37 75.99   58.10   78.91   83.75
12:55:40 75.88   57.54   78.58   83.64
12:56:44 75.76   57.20   78.69   83.64
12:57:47 75.65   57.09   78.58   83.53
12:58:50 75.54   56.75   79.03   83.53
12:59:54 75.43   56.53   79.36   83.53
13:00:57 75.43   56.53   79.25   83.53
13:02:00 75.31   56.19   79.03   83.41
13:03:07 75.31   55.63   79.03   83.41
13:04:11 75.31   62.15   79.03   83.41
13:05:14 75.31   67.10   79.03   83.30
13:06:17 75.43   68.22   78.91   83.19
13:07:21 75.54   69.24   78.91   83.19
13:08:24 75.65   71.04   78.80   83.30
13:09:27 75.65   72.61   79.03   83.19
13:10:31 75.76   73.96   78.69   83.19
13:11:34 75.76   75.09   78.91   83.19
13:12:37 75.88   64.63   78.80   83.19
13:13:41 75.88   58.78   78.91   83.19
13:14:44 75.76   57.65   78.58   83.19
13:15:47 75.65   57.42   78.46   83.08
13:16:51 75.54   57.20   78.35   82.96
13:17:54 75.54   56.98   78.58   82.85
13:18:57 75.43   56.53   78.69   82.74
13:20:01 75.31   56.08   78.91   82.63
13:21:04 75.31   56.30   79.03   82.63
13:22:08 75.20   55.96   78.80   82.63
13:23:11 75.09   55.74   78.80   82.63
13:24:14 75.20   55.40   78.58   82.51
13:25:21 75.09   55.17   78.80   82.51
13:26:24 75.09   62.60   78.58   82.51
13:27:28 75.09   66.43   78.80   82.40
13:28:31 75.31   67.78   78.46   82.40
13:29:34 75.43   68.56   78.80   82.40
13:30:38 75.43   69.80   78.46   82.29
13:31:41 75.54   71.60   78.80   82.40
13:32:52 75.65   73.18   78.80   82.40
13:33:55 75.65   72.28   78.58   82.40
13:34:58 75.76   61.92   78.80   82.40
13:36:02 75.65   58.33   78.46   82.40
13:37:05 75.54   57.42   78.46   82.40
13:38:08 75.43   57.20   78.58   82.29
13:39:12 75.31   56.75   78.46   82.29
13:40:15 75.31   56.64   78.69   82.40
13:41:18 75.20   55.85   78.69   82.29
13:42:22 75.20   55.96   78.69   82.29
13:43:25 75.09   55.74   78.69   82.29
13:44:28 74.97   55.40   78.80   82.29
13:45:32 75.09   55.06   78.46   82.29
13:46:35 74.97   55.06   78.35   82.18
13:47:38 74.97   54.73   78.69   82.06
13:48:42 74.86   54.84   78.58   82.06
13:49:45 74.86   55.06   78.58   81.95
13:50:48 74.86   64.51   78.46   81.95
13:51:52 74.97   66.65   78.58   81.95
13:52:59 75.09   67.78   78.46   82.06
13:54:02 75.20   68.56   78.13   82.06
13:55:05 75.31   69.58   78.69   82.06
13:56:09 75.43   71.04   78.35   82.06
13:57:12 75.43   72.50   78.58   81.95
13:58:15 75.54   66.88   78.35   82.06
13:59:19 75.54   60.13   78.24   82.06
14:00:22 75.43   57.99   78.35   82.06
14:01:25 75.31   57.54   78.13   82.06
14:02:29 75.20   56.98   78.13   82.06
14:03:32 75.20   56.08   78.24   82.06
14:04:35 75.20   56.19   78.58   81.84
14:05:39 75.09   56.41   78.24   81.84
14:06:42 75.20   55.96   78.46   81.84
14:07:45 75.09   55.51   78.46   81.84
14:08:49 75.09   55.29   78.46   81.84
14:09:52 74.97   55.40   78.01   81.84
14:10:55 74.97   55.29   78.13   81.84
14:11:59 74.97   54.84   78.24   81.72
14:13:02 74.97   54.73   78.35   81.72
14:14:05 74.97   54.50   78.01   81.72
14:15:09 74.97   61.48   78.24   81.61
14:16:12 74.97   65.97   78.01   81.72
14:17:19 75.20   67.33   78.24   81.61
14:18:22 75.31   68.22   78.58   81.84
14:19:26 75.31   68.90   78.24   81.72
14:20:29 75.43   70.25   78.24   81.61
14:21:32 75.43   71.94   77.90   81.61
14:22:36 75.43   69.24   78.13   81.61
14:23:39 75.43   61.48   77.90   81.61
14:24:42 75.43   57.99   78.01   81.61
14:25:46 75.43   57.42   78.01   81.50
14:26:49 75.31   57.09   78.24   81.61
14:27:52 75.31   56.75   78.01   81.61
14:28:56 75.09   56.30   78.01   81.61
14:29:59 75.09   56.41   78.13   81.50
14:31:02 75.09   55.63   78.24   81.50
14:32:06 75.09   55.51   78.13   81.50
14:33:09 74.97   54.84   78.13   81.50
14:34:12 74.97   55.17   78.01   81.39
14:35:16 74.86   54.73   78.13   81.39
14:36:19 74.97   54.95   78.01   81.39
14:37:23 74.86   54.61   78.13   81.28
14:38:26 74.86   54.84   78.13   81.28
14:39:29 74.86   54.50   77.90   81.28
14:40:33 74.86   54.05   78.01   81.28
14:41:36 74.86   64.63   77.90   81.28
14:42:39 75.09   66.43   77.90   81.28
14:43:43 75.20   67.55   77.90   81.16
14:44:46 75.31   68.22   78.13   81.28
14:45:49 75.31   69.01   78.01   81.28
14:46:53 75.43   70.70   78.01   81.39
14:47:56 75.43   65.86   77.79   81.39
14:48:59 75.43   59.67   77.79   81.39
14:50:03 75.31   57.65   78.01   81.39
14:51:06 75.20   57.09   77.90   81.39
14:52:13 75.09   56.41   77.90   81.28
14:53:16 75.09   56.30   78.01   81.28
14:54:20 74.97   55.51   77.79   81.28
14:55:23 74.97   55.51   77.56   81.28
14:56:26 74.97   54.95   77.34   81.05
14:57:30 74.86   54.95   77.79   81.05
14:58:33 74.97   54.50   78.01   81.16
14:59:36 74.97   54.73   77.56   81.05
15:00:40 74.75   54.05   77.34   81.05
15:01:43 74.86   54.61   77.79   80.94
15:02:46 74.75   54.05   77.56   80.94
15:03:50 74.75   54.16   78.01   81.05
15:04:53 74.97   53.83   77.79   81.05
15:05:56 74.86   64.51   77.90   81.05
15:07:00 75.20   65.75   77.56   81.05
15:08:03 75.20   67.10   77.34   81.05
15:09:06 75.31   68.00   77.90   81.05
15:10:10 75.31   68.90   77.34   81.05
15:11:13 75.43   69.91   77.56   81.05
15:12:16 75.54   63.84   77.68   81.16
15:13:20 75.43   58.10   77.34   81.16
15:14:23 75.31   57.09   77.79   81.16
15:15:26 75.20   56.86   77.79   81.16
15:16:30 75.20   56.19   77.68   81.28
15:17:33 75.09   56.30   77.68   81.28
15:18:36 75.09   55.74   77.56   81.28
15:19:40 74.97   54.95   77.79   81.28
15:20:43 74.97   55.06   77.45   81.16
15:21:50 74.97   54.61   77.56   81.16
15:22:53 74.86   54.50   77.45   81.05
15:23:57 74.86   54.50   77.79   81.16
15:25:00 74.86   54.16   77.45   81.05
15:26:03 74.86   54.28   78.01   81.05
15:27:07 74.86   54.28   77.79   81.16
15:28:10 74.86   53.71   77.90   81.16
15:29:13 74.86   54.16   77.68   81.05
15:30:17 74.86   53.60   77.56   80.94
15:31:20 74.75   53.83   77.68   80.94
15:32:23 74.86   64.63   77.79   80.94
15:33:27 74.97   65.19   78.01   80.94
15:34:34 75.09   66.54   77.56   81.05
15:35:37 75.09   67.44   77.34   81.16
15:36:40 75.20   68.34   77.68   81.16
15:37:44 75.43   69.13   77.56   81.05
15:38:47 75.31   67.33   77.56   81.05
15:39:50 75.43   60.91   77.56   81.05
15:40:54 75.31   57.54   77.56   81.05
15:41:57 75.31   56.86   77.79   80.94
15:43:00 75.20   56.64   78.01   80.94
15:44:04 75.20   56.08   77.56   80.94
15:45:07 75.09   55.51   77.45   80.83
15:46:10 74.97   55.74   77.56   80.94
15:47:14 74.97   55.06   77.68   80.83
15:48:17 74.86   54.84   77.79   80.94
15:49:20 74.86   54.84   77.56   80.94
15:50:24 74.75   54.61   77.79   80.94
15:51:27 74.86   53.94   77.90   80.83
15:52:31 74.75   54.39   78.01   80.71
15:53:34 74.75   53.94   77.79   80.60
15:54:37 74.64   53.83   77.90   80.60
15:55:41 74.53   53.60   77.79   80.71
15:56:44 74.53   53.38   77.68   80.60
15:57:51 74.64   53.94   77.68   80.60
15:58:54 74.41   53.83   78.01   80.60
15:59:57 74.53   53.49   77.90   80.60
16:01:01 74.41   53.60   78.01   80.60
16:02:04 74.41   54.84   77.90   80.60
16:03:07 74.64   64.06   77.68   80.60
16:04:11 74.75   65.19   77.56   80.71
16:05:14 74.75   66.20   77.56   80.60
16:06:18 74.86   67.10   77.34   80.71
16:07:21 74.97   68.11   77.45   80.71
16:08:24 74.97   69.01   77.34   80.71
16:09:28 75.09   64.74   77.34   80.60
16:10:31 75.09   58.89   77.22   80.71
16:11:34 74.97   56.98   77.45   80.71
16:12:38 74.86   56.41   77.90   80.60
16:13:41 74.75   55.96   77.79   80.60
16:14:44 74.64   55.51   77.45   80.60
16:15:48 74.64   55.40   77.34   80.60
16:16:51 74.53   54.95   77.79   80.60
16:17:54 74.53   54.73   77.56   80.60
16:19:01 74.41   54.05   77.45   80.60
16:20:04 74.41   54.39   77.34   80.60
16:21:11 74.41   54.16   77.34   80.49
16:22:15 74.41   53.71   78.01   80.49
16:23:18 74.30   53.38   77.34   80.49
16:24:21 74.30   53.15   77.34   80.49
16:25:25 74.41   53.26   77.45   80.49
16:26:28 74.30   63.95   77.45   80.49
16:27:31 74.53   65.53   77.34   80.49
16:28:35 74.64   66.88   77.00   80.60
16:29:38 74.75   67.78   76.89   80.60
16:30:41 74.86   68.45   77.11   80.49
16:31:45 74.97   69.69   77.11   80.60
16:32:48 74.97   71.04   77.00   80.60
16:33:51 75.09   65.30   77.11   80.60
16:34:55 75.09   58.66   77.68   80.49
16:35:58 74.97   56.86   77.45   80.49
16:37:02 74.86   56.41   77.68   80.38
16:38:05 74.75   56.19   77.68   80.49
16:39:08 74.53   55.85   77.79   80.49
16:40:15 74.53   55.74   77.22   80.49
16:41:18 74.53   55.17   77.79   80.49
16:42:22 74.53   54.84   77.56   80.49
16:43:25 74.41   54.61   77.68   80.49
16:44:35 74.41   54.39   78.01   80.49
16:45:39 74.30   53.94   77.56   80.49
16:46:42 74.30   53.83   77.56   80.38
16:47:46 74.41   64.40   77.79   80.38
16:48:49 74.64   66.43   77.11   80.38
16:49:52 74.64   67.55   77.11   80.38
16:50:56 74.75   68.45   77.22   80.38
16:51:59 74.86   70.03   77.11   80.49
16:53:02 74.75   71.26   77.34   80.49
16:54:06 74.97   72.16   77.22   80.49
16:55:09 75.09   73.06   77.11   80.49
16:56:12 75.09   64.29   77.11   80.49
16:57:16 75.09   58.10   77.22   80.49
16:58:19 74.97   56.86   77.68   80.49
16:59:22 74.86   56.41   77.34   80.38
17:00:26 74.75   56.19   77.34   80.38
17:01:29 74.64   55.63   77.34   80.49
17:02:32 74.53   55.74   77.45   80.49
17:03:36 74.53   55.51   77.22   80.38
17:04:39 74.53   55.51   77.22   80.38
17:05:46 74.53   54.61   77.45   80.38
17:06:49 74.53   54.50   77.45   80.26
17:07:53 74.53   57.09   77.45   80.26
17:08:56 74.53   65.53   77.22   80.26
17:09:59 74.75   67.21   77.56   80.26
17:11:03 74.86   68.00   77.45   80.26
17:12:06 74.86   69.35   77.22   80.38
17:13:09 74.97   71.15   77.34   85.78
17:14:13 74.97   72.50   77.34   87.46
17:15:16 75.09   73.51   77.34   87.13
17:16:19 75.20   74.41   77.22   86.68
17:17:23 75.31   62.26   77.22   86.22
17:18:26 75.20   57.88   77.11   98.26
17:19:29 75.09   56.98   77.11   103.78
17:20:33 74.97   56.64   77.34   103.55
17:21:36 74.97   56.41   77.22   101.75
17:22:39 74.86   56.30   77.68   100.18
17:23:43 74.86   55.63   77.56   100.29
17:24:46 74.75   55.29   77.45   105.01
17:25:49 74.75   54.84   77.68   104.56
17:26:56 74.75   55.17   77.56   102.88
17:28:00 74.64   55.06   77.56   101.53
17:29:03 74.64   58.55   77.56   100.06
17:30:06 74.64   65.97   77.22   98.83
17:31:10 74.86   67.33   77.56   101.86
17:32:17 74.97   68.22   77.34   104.34
17:33:20 75.09   69.80   77.45   103.44
17:34:27 75.09   71.60   77.22   101.86
17:35:30 75.20   73.06   77.68   100.63
17:36:33 75.31   74.41   77.34   99.50
17:37:37 75.43   65.75   77.22   98.60
17:38:40 75.31   59.11   77.34   97.59
17:39:43 75.20   57.20   77.22   101.30
17:40:47 75.09   56.75   77.34   105.24
17:41:50 74.97   56.64   77.45   105.91
17:42:53 74.86   56.41   77.34   104.90
17:43:57 74.75   56.08   77.56   103.55
17:45:00 74.86   55.96   77.11   102.31
17:46:04 74.86   55.40   77.56   100.96
17:47:07 74.75   55.51   77.22   99.95
17:48:14 74.75   55.06   77.22   98.83
17:49:17 74.64   54.73   77.45   97.81
17:50:20 74.64   55.06   77.34   97.03
17:51:27 74.64   61.81   77.34   96.24
17:52:31 74.64   66.31   77.45   95.68
17:53:34 74.86   67.55   77.34   95.22
17:54:37 74.86   68.34   77.22   94.55
17:55:41 74.97   69.58   77.45   93.99
17:56:44 75.09   71.04   77.56   93.43
17:57:47 75.20   72.16   77.34   92.86
17:58:51 75.20   73.40   77.34   92.53
17:59:54 75.31   64.85   77.45   91.96
18:00:57 75.09   58.55   77.56   91.63
18:02:01 75.09   57.09   77.45   91.18
18:03:04 74.97   56.75   77.90   90.84
18:04:07 74.86   56.30   77.45   90.39
18:05:11 74.75   56.41   77.68   90.05
18:06:14 74.75   55.96   77.34   89.83
18:07:17 74.64   55.51   77.22   89.49
18:08:21 74.64   55.51   77.56   89.15
18:09:24 74.53   55.06   77.45   88.70
18:10:27 74.53   55.29   77.68   88.47
18:11:34 74.53   54.84   77.68   88.14
18:12:38 74.41   54.50   77.90   87.80
18:13:48 74.53   65.08   77.68   87.58
18:14:51 74.64   66.88   77.90   87.35
18:15:55 74.75   67.78   77.56   87.13
18:16:58 74.86   68.68   77.45   87.01
18:18:01 74.97   70.25   77.22   86.79
18:19:05 74.97   71.60   77.11   86.68
18:20:08 74.97   72.84   77.22   86.56
18:21:11 75.20   73.96   78.01   86.34
18:22:15 75.20   64.18   78.58   86.11
18:23:18 75.09   58.33   78.13   85.89
18:24:21 74.97   57.09   77.79   85.78
18:25:25 74.97   56.64   77.90   85.66
18:26:28 74.86   56.53   78.46   85.44
18:27:32 74.97   56.41   79.03   85.33
18:28:35 74.97   56.19   78.91   85.10
18:29:38 74.75   56.19   78.80   84.99
18:30:42 74.75   55.96   78.69   84.76
18:31:45 74.64   55.63   78.13   84.65
18:32:48 74.64   55.51   78.24   84.54
18:33:52 74.64   55.40   78.01   84.31
18:34:55 74.53   65.53   78.01   84.20
18:35:58 74.64   67.33   77.45   84.09
18:37:02 74.86   68.11   77.68   84.09
18:38:05 74.97   69.24   78.13   84.09
18:39:12 74.97   70.93   77.90   83.97
18:40:15 75.09   71.94   77.90   83.86
18:41:19 75.09   73.06   78.01   83.86
18:42:22 75.20   74.30   77.79   83.75
18:43:25 75.31   63.61   78.01   83.75
18:44:29 75.20   58.21   77.79   83.64
18:45:32 75.09   57.31   77.45   83.53
18:46:35 75.09   56.86   77.68   83.53
18:47:39 74.86   56.53   77.79   83.41
18:48:42 74.86   56.41   77.68   83.30
18:49:45 74.75   56.19   77.45   83.30
18:50:49 74.75   56.19   77.56   83.08
18:51:52 74.64   55.96   78.13   82.85
18:52:55 74.53   55.96   77.90   82.74
18:54:02 74.53   58.44   77.90   82.74
18:55:06 74.64   66.54   77.56   82.74
18:56:09 74.64   67.66   77.56   82.63
18:57:12 74.86   68.68   77.79   82.63
18:58:16 74.86   70.25   77.68   82.63
18:59:26 74.97   71.71   77.90   82.63
19:00:29 75.20   73.06   77.90   82.63
19:01:33 75.20   74.41   78.13   82.51
19:02:36 75.20   75.31   78.01   82.40
19:03:39 75.31   67.55   77.79   82.51
19:04:43 75.31   59.79   77.79   82.40
19:05:46 75.20   57.42   77.56   82.40
19:06:49 75.09   56.86   77.90   82.40
19:07:53 74.86   56.75   78.01   82.29
19:08:56 74.75   56.41   78.01   82.29
19:09:59 74.75   56.30   77.90   82.18
19:11:03 74.64   56.19   78.01   82.18
19:12:06 74.64   55.85   78.01   82.06
19:13:09 74.53   55.63   77.90   82.18
19:14:20 74.53   55.63   77.90   82.06
19:15:23 74.53   64.40   77.79   81.95
19:16:26 74.53   67.10   78.01   81.84
19:17:30 74.75   67.89   78.01   81.72
19:18:33 74.75   69.24   77.90   81.61
19:19:36 74.86   70.81   77.79   81.61
19:20:40 74.97   72.05   77.68   81.61
19:21:43 75.09   73.29   77.56   81.61
19:22:47 75.20   74.64   77.90   96.35
19:23:50 75.20   75.54   77.79   100.63
19:24:53 75.31   62.94   77.79   100.29
19:25:57 75.31   58.10   78.35   99.16
19:27:00 75.20   57.20   78.24   97.70
19:28:03 75.20   56.75   78.01   96.58
19:29:07 74.97   56.53   78.01   95.45
19:30:10 74.86   56.41   78.13   94.55
19:31:13 74.86   56.41   78.24   93.65
19:32:17 74.86   56.30   77.90   92.86
19:33:20 74.97   56.19   78.46   92.08
19:34:23 74.86   56.08   78.13   91.40
19:35:27 74.86   55.74   78.13   90.84
19:36:34 74.75   55.85   78.01   90.39
19:37:37 74.75   61.92   77.79   90.05
19:38:40 74.86   66.88   78.01   89.60
19:39:44 74.86   67.89   78.01   89.26
19:40:47 74.97   68.79   78.01   88.93
19:41:50 75.20   69.91   77.90   88.59
19:42:54 75.09   71.15   77.90   88.25
19:43:57 75.20   72.16   77.56   87.91
19:45:00 75.31   70.81   77.90   87.69
19:46:04 75.43   62.38   77.68   87.46
19:47:07 75.31   58.10   77.90   87.24
19:48:10 75.20   57.31   77.90   86.79
19:49:14 75.20   56.98   77.68   86.56
19:50:17 74.86   56.64   77.79   86.34
19:51:20 74.97   56.41   78.01   86.22
19:52:24 74.86   56.30   77.68   86.00
19:53:27 74.75   56.19   78.01   85.89
19:54:30 74.86   55.96   77.90   85.66
19:55:34 74.75   55.96   77.90   85.44
19:56:37 74.64   55.74   78.35   85.21
19:57:40 74.53   55.40   78.13   84.99
19:58:44 74.64   55.40   77.68   84.88
19:59:47 74.53   55.29   77.90   84.76
20:00:50 74.41   55.17   77.68   84.65
20:01:54 74.41   63.28   77.79   84.43
20:02:57 74.53   66.54   77.90   84.31
20:04:00 74.64   67.44   78.01   84.43
20:05:11 74.75   68.45   78.13   84.31
20:06:14 74.86   69.35   78.01   84.20
20:07:18 74.97   70.25   77.68   84.09
20:08:21 74.97   71.38   77.90   83.97
20:09:24 75.09   62.49   77.90   83.86
20:10:28 74.97   57.76   77.68   83.64
20:11:31 74.86   56.86   77.68   83.53
20:12:34 74.75   56.53   77.79   83.53
20:13:38 74.75   56.19   77.79   83.30
20:14:41 74.53   56.08   78.01   83.19
20:15:44 74.53   55.96   78.01   83.08
20:16:48 74.41   55.74   78.13   82.85
20:17:51 74.41   55.51   77.68   82.74
20:18:54 74.41   55.51   77.79   82.74
20:19:58 74.30   55.29   77.90   82.51
20:21:01 74.30   55.06   77.90   82.40
20:22:04 74.19   54.61   77.90   82.40
20:23:08 74.19   54.84   78.01   82.29
20:24:11 74.19   54.73   77.79   82.18
20:25:14 74.19   54.61   77.90   82.18
20:26:18 74.08   60.91   77.79   82.06
20:27:21 74.30   65.86   77.79   82.06
20:28:24 74.41   67.10   77.68   82.06
20:29:28 74.53   67.66   77.56   82.06
20:30:31 74.64   68.68   77.68   81.95
20:31:34 74.64   69.69   77.79   81.95
20:32:38 74.75   70.81   77.90   81.84
20:33:41 74.75   64.06   78.13   81.72
20:34:45 74.75   58.89   77.90   81.61
20:35:48 74.64   56.98   77.56   81.61
20:36:51 74.64   56.53   77.56   81.50
20:37:55 74.53   56.19   77.90   81.50
20:38:58 74.41   55.85   77.68   81.39
20:40:01 74.30   55.85   78.01   81.39
20:41:05 74.30   55.74   77.90   81.39
20:42:08 74.30   55.40   77.79   81.39
20:43:18 74.30   55.29   78.01   81.39
20:44:22 74.19   55.17   77.79   81.39
20:45:25 74.19   54.95   77.90   81.28
20:46:28 74.19   54.50   77.56   81.28
20:47:32 74.08   54.50   77.68   81.28
20:48:35 73.96   56.86   77.79   81.28
20:49:38 74.08   65.41   77.56   81.16
20:50:42 74.30   66.88   77.90   81.16
20:51:45 74.41   67.44   77.68   81.05
20:52:48 74.53   68.45   77.68   81.05
20:53:52 74.53   69.46   77.79   80.94
20:54:55 74.64   70.14   77.56   81.05
20:55:58 74.64   69.80   77.79   81.05
20:57:02 74.75   61.48   77.56   81.05
20:58:05 74.64   57.20   77.56   80.94
20:59:08 74.53   56.30   77.79   80.94
21:00:12 74.41   56.08   77.34   80.71
21:01:15 74.30   55.85   77.68   80.83
21:02:18 74.19   55.63   77.68   80.71
21:03:22 74.19   55.51   77.34   80.71
21:04:25 74.19   55.29   77.45   80.83
21:05:29 74.08   55.29   77.56   80.60
21:06:32 73.96   54.95   77.45   80.71
21:07:35 73.96   54.73   77.56   80.49
21:08:39 73.96   54.61   77.68   80.49
21:09:42 73.85   57.20   77.34   80.49
21:10:45 73.96   65.53   77.34   80.38
21:11:49 74.08   66.88   77.34   80.49
21:12:52 74.30   67.66   77.45   80.49
21:13:55 74.41   68.90   77.34   80.60
21:14:59 74.41   70.25   77.45   80.60
21:16:02 74.53   71.26   77.68   80.60
21:17:05 74.53   72.05   77.34   80.38
21:18:09 74.53   71.04   77.45   80.49
21:19:12 74.64   62.04   77.34   80.49
21:20:15 74.53   57.31   77.11   80.49
21:21:19 74.41   56.30   77.45   80.49
21:22:22 74.30   56.08   77.45   80.49
21:23:25 74.30   55.74   77.68   80.60
21:24:29 74.19   55.63   77.56   80.49
21:25:32 74.08   55.51   77.45   80.49
21:26:35 73.96   55.40   77.22   80.38
21:27:39 73.96   55.17   77.68   80.38
21:28:42 73.96   54.84   77.79   80.26
21:29:45 73.96   59.79   77.45   80.15
21:30:49 73.96   65.97   77.68   80.15
21:31:52 74.19   67.10   77.56   80.15
21:32:55 74.19   68.22   77.79   80.15
21:33:59 74.30   69.58   77.45   80.26
21:35:02 74.41   70.93   77.56   80.38
21:36:06 74.41   71.83   77.56   80.49
21:37:09 74.64   72.84   77.79   80.38
21:38:12 74.64   73.63   77.56   80.38
21:39:16 74.86   69.46   77.56   80.49
21:40:19 74.75   61.36   77.68   80.49
21:41:22 74.64   57.31   77.90   81.84
21:42:26 74.64   56.41   77.90   83.97
21:43:29 74.53   56.08   77.79   83.86
21:44:32 74.41   55.74   77.90   83.97
21:45:36 74.19   55.63   77.79   83.75
21:46:39 74.19   55.51   78.58   83.64
21:47:42 74.08   55.29   78.13   83.41
21:48:53 74.08   55.06   77.90   83.19
21:49:56 73.96   54.95   77.90   82.96
21:50:59 74.08   54.95   77.56   82.96
21:52:03 73.85   54.84   77.34   82.85
21:53:06 73.96   54.39   77.45   82.63
21:54:09 73.85   54.16   77.56   82.51
21:55:13 73.74   54.28   77.45   82.40
21:56:16 73.74   53.71   77.79   82.18
21:57:19 73.63   53.94   78.01   82.18
21:58:23 73.74   54.05   77.56   82.06
21:59:26 73.63   54.05   77.68   81.84
22:00:29 73.74   54.16   77.45   81.72
22:01:33 73.51   54.16   77.68   81.61
22:02:36 73.63   54.16   77.45   81.39
22:03:39 73.51   54.05   77.68   81.39
22:04:43 73.63   53.83   77.45   81.16
22:05:46 73.63   53.94   77.22   80.94
22:06:50 73.51   53.60   77.11   81.05
22:07:53 73.40   53.71   77.11   80.94
22:08:56 73.40   53.60   77.22   80.83
22:10:00 73.40   53.60   77.00   80.83
22:11:03 73.40   53.60   77.00   80.60
22:12:06 73.40   53.26   76.66   80.60
22:13:10 73.29   53.38   77.00   80.49
22:14:16 73.29   53.38   77.11   80.49
22:15:20 73.29   53.26   76.78   80.49
22:16:23 73.18   52.70   76.66   80.49
22:17:26 73.06   52.92   76.89   80.38
22:18:30 73.06   53.04   76.89   80.26
22:19:33 73.06   52.81   77.00   80.26
22:20:37 72.95   52.92   77.00   80.15
22:21:40 73.06   52.48   76.78   80.15
22:22:43 73.06   52.81   77.00   80.15
22:23:47 73.29   53.04   77.11   80.26
22:24:50 73.18   52.70   76.66   80.15
22:25:53 73.29   52.70   76.89   80.15
22:26:57 73.29   52.59   77.11   80.15
22:28:00 73.29   52.70   76.66   80.15
22:29:03 73.18   52.36   76.66   80.04
22:30:07 73.18   52.59   76.44   80.04
22:31:10 73.18   52.36   76.44   79.93
22:32:13 72.95   52.48   76.55   79.93
22:33:17 72.84   52.25   76.44   79.70
22:34:20 72.95   52.25   76.33   79.70
22:35:23 73.06   52.14   76.33   79.70
22:36:27 72.95   52.03   76.44   79.59
22:37:30 72.95   52.14   76.44   79.70
22:38:33 72.95   52.14   76.78   79.47
22:39:37 72.95   52.14   76.55   82.18
22:40:40 72.95   52.14   76.10   87.13
22:41:43 72.95   52.14   76.55   100.29
22:42:47 72.84   51.91   76.33   103.21
22:43:50 72.95   51.80   76.33   103.66
22:44:53 72.84   52.25   76.66   103.44
22:45:57 72.84   51.91   76.55   102.76
22:47:00 72.84   51.80   76.33   101.86
22:48:03 72.84   52.03   76.33   100.96
22:49:07 72.72   51.69   76.21   100.06
22:50:10 72.72   51.91   76.44   99.28
22:51:13 72.61   51.91   76.10   98.49
22:52:17 72.72   51.80   75.99   97.70
22:53:20 72.72   51.80   75.65   97.03
22:54:24 72.72   51.69   75.99   96.24
22:55:27 72.72   51.80   76.10   95.45
22:56:30 72.72   51.80   75.99   94.89
22:57:34 72.61   51.80   75.88   94.33
22:58:37 72.61   51.46   75.88   93.65
22:59:40 72.72   51.69   75.88   93.20
23:00:44 72.61   51.46   75.65   92.53
23:01:47 72.61   51.35   75.76   92.08
23:02:50 72.61   51.58   75.88   91.63
23:03:54 72.50   51.58   76.10   91.18
23:04:57 72.61   51.35   76.10   90.72
23:06:00 72.61   51.35   75.88   90.39
23:07:04 72.72   51.58   75.76   89.94
23:08:07 72.61   51.35   75.65   89.49
23:09:14 72.50   51.24   75.65   89.04
23:10:17 72.39   51.24   75.65   88.59
23:11:21 72.50   51.13   75.65   88.25
23:12:24 72.28   51.13   75.20   88.03
23:13:27 72.39   51.46   75.31   87.58
23:14:31 72.28   51.58   75.65   87.35
23:15:34 72.28   51.24   75.54   90.61
23:16:37 72.28   51.13   75.20   90.84
23:17:41 72.16   51.13   75.54   99.95
23:18:44 72.16   51.13   75.20   101.98
23:19:47 72.16   51.24   75.54   101.75
23:20:51 72.16   51.13   75.76   100.85
23:21:54 72.05   51.13   75.65   99.84
23:22:57 72.05   50.90   75.43   98.94
23:24:01 71.94   50.90   75.31   98.04
23:25:04 71.94   50.79   75.31   97.36
23:26:07 71.94   50.79   75.09   96.69
23:27:11 71.83   50.79   75.31   95.90
23:28:14 71.83   50.67   75.31   95.22
23:29:17 71.71   50.34   75.20   94.44
23:30:21 71.83   50.67   75.31   93.88
23:31:24 71.71   50.45   75.20   93.31
23:32:27 71.71   50.34   74.97   92.64
23:33:31 71.71   50.23   74.97   92.08
23:34:34 71.71   50.23   75.09   91.51
23:35:37 71.60   50.11   75.09   91.06
23:36:41 71.60   50.11   75.09   90.61
23:37:44 71.60   50.23   74.86   90.28
23:38:48 71.60   50.11   74.75   89.71
23:39:54 71.60   50.00   74.97   89.26
23:40:58 71.60   50.11   75.09   88.93
23:42:01 71.60   50.00   74.64   88.47
23:43:04 71.49   50.00   74.75   88.14
23:44:08 71.49   49.89   74.86   87.69
23:45:11 71.49   50.00   75.09   87.35
23:46:14 71.49   49.89   74.86   87.01
23:47:18 71.49   49.89   74.97   86.79
23:48:21 71.49   49.78   74.64   86.45
23:49:24 71.49   49.78   74.97   86.11
23:50:28 71.38   49.66   74.86   85.89
23:51:31 71.49   49.66   74.86   85.55
23:52:34 71.38   49.44   74.86   85.21
23:53:38 71.38   49.44   74.86   84.88
23:54:41 71.38   49.66   74.97   84.65
23:55:45 71.26   49.55   74.64   84.31
23:56:55 71.15   49.44   74.53   84.09
23:57:58 71.26   49.55   74.64   83.86
23:59:02 71.26   49.44   74.30   83.53
