00:00:51 73.74   53.15   75.88   91.18
00:01:54 73.63   53.04   75.99   90.72
00:02:57 73.63   53.15   75.88   90.50
00:04:01 73.74   53.04   75.88   90.16
00:05:04 73.63   53.04   75.88   89.83
00:06:07 73.63   53.04   75.88   89.60
00:07:11 73.51   53.04   75.88   89.15
00:08:14 73.51   53.04   75.88   88.93
00:09:17 73.63   53.04   75.88   88.70
00:10:21 73.51   52.92   75.99   88.36
00:11:24 73.51   53.04   75.88   88.14
00:12:27 73.51   53.04   75.88   87.91
00:13:31 73.51   52.92   75.88   87.69
00:14:34 73.40   52.92   75.76   87.35
00:15:38 73.40   52.92   75.88   87.24
00:16:41 73.51   52.92   75.88   87.01
00:17:44 73.40   52.92   75.76   86.68
00:18:48 73.40   52.92   75.76   86.56
00:19:51 73.40   52.92   75.76   86.45
00:20:54 73.40   52.92   75.76   86.11
00:21:58 73.51   52.81   75.76   85.89
00:23:01 73.40   52.81   75.65   85.78
00:24:04 73.40   52.81   75.65   85.66
00:25:08 73.51   52.70   75.65   85.55
00:26:11 73.40   52.81   75.65   85.33
00:27:14 73.40   52.70   75.65   85.10
00:28:18 73.29   52.70   75.76   84.99
00:29:21 73.29   52.70   75.76   84.76
00:30:24 73.40   52.81   75.65   84.65
00:31:28 73.29   52.70   75.54   84.43
00:32:31 73.29   52.70   75.65   84.31
00:33:34 73.29   52.81   75.65   84.20
00:34:38 73.40   52.70   75.65   83.97
00:35:41 73.29   52.59   75.65   83.86
00:36:44 73.29   52.59   75.54   83.75
00:37:48 73.18   52.59   75.65   83.86
00:38:51 73.18   52.70   75.65   83.75
00:39:54 73.18   52.70   75.54   83.53
00:40:58 73.18   52.70   75.65   83.53
00:42:01 73.18   52.59   75.65   83.41
00:43:04 73.18   52.48   75.65   83.19
00:44:08 73.18   52.59   75.54   83.19
00:45:11 73.06   52.59   75.65   83.19
00:46:14 73.06   52.59   75.54   83.08
00:47:18 73.18   52.59   75.43   83.08
00:48:21 73.06   52.59   75.54   82.74
00:49:25 73.06   52.59   75.54   82.63
00:50:28 73.06   52.59   75.54   82.63
00:51:31 73.06   52.48   75.54   82.51
00:52:35 72.95   52.48   75.54   82.40
00:53:38 72.95   52.48   75.43   82.29
00:54:41 72.95   52.48   75.43   82.29
00:55:45 72.84   52.48   75.43   82.18
00:56:48 72.95   52.48   75.43   81.95
00:57:51 72.84   52.48   75.43   81.95
00:58:55 72.95   52.36   75.43   81.95
00:59:58 72.95   52.48   75.43   81.84
01:01:01 72.95   52.48   75.43   81.84
01:02:05 72.95   52.36   75.43   81.61
01:03:08 72.95   52.36   75.43   81.50
01:04:11 72.95   52.25   75.31   81.50
01:05:15 72.84   63.05   75.43   81.50
01:06:18 73.18   63.73   75.31   81.50
01:07:21 73.18   64.29   75.43   81.39
01:08:25 73.40   64.74   75.31   81.61
01:09:28 73.51   65.53   75.43   81.39
01:10:31 73.63   66.43   75.20   81.39
01:11:35 73.63   64.96   75.20   81.39
01:12:38 73.63   58.10   75.43   81.39
01:13:41 73.51   55.29   75.43   81.28
01:14:45 73.40   54.84   75.43   81.28
01:15:48 73.29   54.50   75.20   81.16
01:16:51 73.18   54.28   75.43   81.16
01:17:55 73.18   53.94   75.54   81.16
01:18:58 73.18   53.71   75.31   80.94
01:20:01 73.18   53.60   75.54   80.83
01:21:05 73.06   53.15   75.43   80.83
01:22:08 72.95   53.04   75.43   80.83
01:23:11 72.95   52.81   75.43   80.83
01:24:15 72.95   52.92   75.43   80.83
01:25:18 72.95   59.79   75.43   80.83
01:26:22 73.06   63.61   75.43   80.71
01:27:25 73.29   64.85   75.31   80.83
01:28:28 73.29   65.64   75.43   80.71
01:29:32 73.29   66.31   75.43   80.83
01:30:35 73.40   66.88   75.54   80.71
01:31:38 73.63   67.78   75.54   80.71
01:32:42 73.63   69.13   75.20   80.60
01:33:45 73.74   70.59   75.31   80.71
01:34:48 73.74   67.33   75.43   80.71
01:35:52 73.74   59.11   75.65   80.71
01:36:55 73.63   56.08   75.54   80.71
01:37:58 73.51   55.51   75.43   80.71
01:39:02 73.40   55.29   75.54   80.60
01:40:05 73.29   54.84   75.54   80.60
01:41:08 73.29   54.50   75.54   80.60
01:42:12 73.18   54.16   75.43   80.60
01:43:15 73.18   53.94   75.54   80.49
01:44:18 73.18   60.46   75.54   80.49
01:45:22 73.06   64.96   75.54   80.38
01:46:25 73.29   66.31   75.65   80.38
01:47:28 73.40   66.88   75.43   80.49
01:48:32 73.40   68.22   75.54   80.49
01:49:35 73.63   70.03   75.54   80.71
01:50:38 73.63   71.71   75.43   80.71
01:51:42 73.74   73.40   75.54   80.60
01:52:45 73.85   74.30   75.65   80.60
01:53:48 73.96   74.75   75.54   80.60
01:54:52 73.96   75.31   75.54   80.71
01:55:55 74.08   75.54   75.65   80.71
01:56:59 74.19   75.88   75.76   80.83
01:58:02 74.30   75.99   75.76   80.83
01:59:05 74.41   71.15   75.88   80.71
02:00:09 74.41   59.79   75.88   80.71
02:01:12 74.08   56.86   75.99   80.71
02:02:15 73.96   55.96   75.88   80.83
02:03:19 73.63   55.63   75.88   80.71
02:04:22 73.63   55.51   75.99   80.60
02:05:25 73.74   55.29   75.88   80.60
02:06:29 73.40   64.74   75.88   80.60
02:07:32 73.51   66.65   75.88   80.60
02:08:35 73.74   67.66   75.88   80.60
02:09:39 73.74   69.58   75.76   80.60
02:10:42 73.85   71.83   75.76   80.71
02:11:45 73.85   74.08   75.88   80.83
02:12:49 74.08   75.43   75.88   80.83
02:13:52 74.08   75.99   75.88   80.83
02:14:55 74.19   76.21   75.88   80.83
02:15:59 74.41   76.44   75.99   80.94
02:17:02 74.41   76.55   75.99   81.05
02:18:05 74.41   76.55   76.10   81.05
02:19:09 74.53   76.55   75.99   81.16
02:20:12 74.53   76.55   76.10   81.16
02:21:15 74.64   76.66   76.10   81.16
02:22:19 74.64   76.66   75.99   81.05
02:23:22 74.64   76.78   76.10   81.05
02:24:25 74.64   76.78   76.10   81.16
02:25:29 74.75   76.89   76.21   81.05
02:26:32 74.75   76.89   76.21   81.05
02:27:35 74.75   76.89   76.21   81.16
02:28:39 74.86   76.89   76.10   81.05
02:29:42 74.86   77.00   76.21   81.16
02:30:46 74.97   77.11   76.33   81.28
02:31:49 74.86   77.00   76.33   81.28
02:32:52 74.86   77.11   76.33   81.39
02:33:56 74.86   77.11   76.33   81.50
02:34:59 74.86   77.22   76.33   81.50
02:36:02 74.86   77.11   76.44   81.50
02:37:06 74.97   77.22   76.55   81.39
02:38:09 74.97   77.22   76.44   81.50
02:39:12 74.97   77.22   76.55   81.50
02:40:16 75.09   77.22   76.55   81.61
02:41:19 74.97   77.22   76.66   81.72
02:42:22 74.97   77.22   76.66   81.84
02:43:26 75.09   77.34   76.66   81.84
02:44:29 74.97   77.34   76.66   81.95
02:45:32 75.09   77.34   76.66   81.95
02:46:36 75.09   77.34   76.66   81.72
02:47:39 75.09   77.45   76.66   81.84
02:48:42 75.09   77.45   76.78   81.95
02:49:46 75.20   77.45   76.66   82.06
02:50:49 75.09   77.45   76.78   81.95
02:51:52 75.09   77.45   76.78   81.84
02:52:56 75.09   77.45   76.78   81.84
02:53:59 75.09   77.45   76.78   81.84
02:55:02 75.20   77.56   76.78   81.95
02:56:06 75.20   77.56   76.66   81.95
02:57:09 75.20   77.56   76.78   81.95
02:58:12 75.20   77.56   76.78   82.06
02:59:16 75.31   77.68   76.89   82.06
03:00:19 75.20   77.68   76.89   82.06
03:01:22 75.20   77.56   76.78   82.06
03:02:26 75.20   77.68   76.78   82.18
03:03:29 75.31   77.68   76.89   82.18
03:04:32 75.31   77.68   76.89   82.18
03:05:36 75.31   77.79   76.89   82.18
03:06:39 75.31   77.79   77.00   82.40
03:07:43 75.20   77.79   77.00   82.40
03:08:46 75.31   77.79   76.89   82.29
03:09:49 75.31   77.79   77.00   82.29
03:10:53 75.43   77.79   77.00   82.29
03:11:56 75.43   77.79   77.00   82.40
03:12:59 75.43   77.90   77.00   82.40
03:14:03 75.31   77.79   77.11   82.40
03:15:06 75.43   77.90   77.00   82.29
03:16:09 75.43   77.79   77.22   82.40
03:17:13 75.43   77.90   77.22   82.40
03:18:16 75.54   77.90   77.11   82.51
03:19:19 75.43   77.90   77.22   82.40
03:20:23 75.54   77.90   77.22   82.40
03:21:26 75.43   77.90   77.22   82.29
03:22:29 75.43   77.90   77.22   82.40
03:23:33 75.54   77.90   77.22   82.40
03:24:36 75.54   77.90   77.22   82.51
03:25:39 75.43   78.01   77.22   82.51
03:26:43 75.54   78.01   77.22   82.51
03:27:46 75.54   78.01   77.34   82.74
03:28:49 75.54   78.01   77.22   82.74
03:29:53 75.54   78.01   77.22   82.63
03:30:56 75.54   78.01   77.34   82.63
03:31:59 75.54   78.01   77.45   82.63
03:33:03 75.65   78.01   77.22   82.63
03:34:06 75.65   78.13   77.45   82.85
03:35:09 75.54   78.13   77.45   82.96
03:36:13 75.54   78.13   77.45   82.96
03:37:16 75.65   78.13   77.45   82.96
03:38:20 75.65   78.13   77.45   82.96
03:39:23 75.65   78.13   77.45   83.08
03:40:26 75.65   78.13   77.56   83.08
03:41:30 75.65   78.13   77.56   83.08
03:42:33 75.65   78.13   77.56   82.96
03:43:36 75.65   78.13   77.56   82.85
03:44:40 75.76   78.24   77.68   82.74
03:45:43 75.65   78.24   77.56   82.85
03:46:46 75.76   78.24   77.56   82.96
03:47:50 75.76   78.24   77.56   82.96
03:48:53 75.76   78.24   77.56   82.96
03:49:56 75.76   78.24   77.68   82.96
03:51:00 75.76   78.35   77.68   82.85
03:52:03 75.76   78.24   77.45   82.96
03:53:06 75.76   78.35   77.68   83.08
03:54:10 75.76   78.35   77.79   82.96
03:55:13 75.76   78.24   77.79   82.96
03:56:16 75.65   78.35   77.68   83.08
03:57:20 75.76   78.35   77.79   83.08
03:58:23 75.76   78.35   77.79   83.19
03:59:26 75.76   78.35   77.90   83.19
04:00:30 75.76   78.35   77.90   83.19
04:01:33 75.76   78.35   77.90   83.19
04:02:36 75.76   78.46   77.79   83.19
04:03:40 75.76   78.35   77.90   83.19
04:04:43 75.76   78.46   77.90   83.19
04:05:46 75.88   78.46   78.01   83.19
04:06:50 75.88   78.46   78.01   83.19
04:07:53 75.88   78.35   77.90   83.08
04:08:56 75.76   78.35   78.01   83.08
04:10:00 75.88   78.35   78.01   82.96
04:11:03 75.88   78.46   77.90   82.96
04:12:07 75.88   78.35   78.01   82.85
04:13:10 75.88   78.46   78.13   83.08
04:14:13 75.99   78.46   78.01   83.19
04:15:17 75.99   78.46   78.01   83.30
04:16:20 75.88   78.46   78.13   83.30
04:17:23 75.88   78.46   78.13   83.19
04:18:27 75.99   78.46   78.01   83.19
04:19:30 75.99   78.46   78.13   83.19
04:20:33 75.99   78.46   78.24   83.19
04:21:37 75.88   78.58   78.24   83.19
04:22:40 75.88   78.58   78.13   83.19
04:23:43 75.88   78.58   78.24   83.41
04:24:47 75.99   78.58   78.13   83.41
04:25:50 75.88   78.58   78.24   83.41
04:26:53 75.99   78.69   78.24   83.41
04:27:57 75.99   78.69   78.35   83.53
04:29:00 76.10   78.80   78.24   83.53
04:30:03 75.99   78.80   78.24   83.41
04:31:07 76.10   78.80   78.24   83.41
04:32:10 76.10   78.80   78.24   83.41
04:33:13 76.10   78.91   78.35   83.41
04:34:17 76.10   78.91   78.35   83.41
04:35:20 76.10   78.91   78.35   83.53
04:36:23 75.99   78.91   78.24   83.53
04:37:27 75.99   78.91   78.35   83.53
04:38:30 75.99   78.91   78.35   83.53
04:39:33 76.10   78.91   78.24   83.53
04:40:37 76.10   78.91   78.24   83.64
04:41:40 76.21   78.91   78.35   83.64
04:42:43 76.10   78.91   78.35   83.64
04:43:47 76.10   79.03   78.35   83.64
04:44:50 76.21   79.03   78.35   83.75
04:45:53 76.21   78.91   78.46   83.64
04:46:57 76.21   78.91   78.35   83.75
04:48:00 76.21   78.91   78.35   83.86
04:49:04 76.21   67.89   78.35   83.86
04:50:07 76.10   61.36   78.46   104.11
04:51:10 75.99   60.35   78.24   109.18
04:52:14 75.76   58.66   78.13   110.30
04:53:17 75.54   58.10   78.35   110.41
04:54:20 75.43   57.76   78.35   110.64
04:55:24 75.43   63.73   78.13   110.98
04:56:27 75.31   68.56   78.24   110.86
04:57:30 75.43   70.36   78.13   111.88
04:58:34 75.54   72.39   78.13   112.66
04:59:37 75.54   73.40   78.13   113.34
05:00:40 75.65   74.41   78.13   113.90
05:01:44 75.76   75.88   78.01   113.90
05:02:47 75.88   77.45   78.13   113.34
05:03:50 75.88   78.24   78.13   112.55
05:04:54 75.99   78.69   78.13   111.76
05:05:57 75.99   78.80   78.13   110.98
05:07:00 76.10   78.91   78.24   110.19
05:08:04 76.10   79.03   78.24   109.29
05:09:07 76.21   79.03   78.24   108.50
05:10:10 76.21   79.14   78.24   111.65
05:11:14 76.33   79.14   78.24   112.55
05:12:17 76.21   79.14   78.35   111.88
05:13:20 76.33   79.25   78.35   110.86
05:14:24 76.33   79.25   78.46   109.85
05:15:27 76.33   79.25   78.46   109.06
05:16:30 76.44   63.95   78.46   108.05
05:17:34 76.10   60.01   78.46   107.15
05:18:37 75.99   58.78   78.24   106.36
05:19:41 75.76   58.33   78.24   105.58
05:20:44 75.65   57.99   78.35   104.90
05:21:47 75.43   57.76   78.35   109.06
05:22:51 75.31   57.65   78.35   114.13
05:23:54 75.43   66.65   78.24   113.79
05:24:57 75.54   68.68   78.13   112.44
05:26:01 75.54   69.91   78.13   111.09
05:27:04 75.54   71.26   78.24   109.96
05:28:07 75.54   72.61   78.13   108.95
05:29:11 75.65   73.85   78.13   107.94
05:30:14 75.65   74.75   78.13   106.93
05:31:17 75.76   76.21   78.24   106.14
05:32:21 75.88   77.56   78.24   105.46
05:33:24 75.88   78.24   78.35   104.56
05:34:27 75.99   78.69   78.35   103.89
05:35:31 75.99   78.80   78.46   103.21
05:36:34 76.10   63.95   78.35   102.54
05:37:37 75.99   59.79   78.35   102.09
05:38:41 75.76   58.66   78.46   101.41
05:39:44 75.54   58.10   78.35   100.85
05:40:47 75.54   57.99   78.35   100.18
05:41:51 75.31   57.65   78.35   99.73
05:42:54 75.31   57.54   78.13   99.16
05:43:57 75.20   57.99   78.24   98.60
05:45:01 75.20   67.44   78.01   98.04
05:46:04 75.20   68.79   78.01   97.70
05:47:07 75.31   69.69   78.13   97.36
05:48:11 75.31   71.04   78.13   96.91
05:49:14 75.31   72.05   78.01   96.58
05:50:17 75.43   73.18   78.01   96.24
05:51:21 75.54   74.41   78.13   95.90
05:52:24 75.54   75.54   78.24   95.56
05:53:28 75.76   76.78   78.24   95.22
05:54:31 75.65   77.79   78.24   94.89
05:55:34 75.76   68.22   78.24   94.66
05:56:38 75.65   61.14   78.24   94.33
05:57:41 75.65   58.89   78.35   93.99
05:58:44 75.43   58.55   78.24   93.76
05:59:48 75.31   57.99   78.24   93.43
06:00:51 75.09   57.76   78.24   93.09
06:01:54 75.09   57.54   78.24   92.86
06:02:58 74.97   57.31   78.24   92.64
06:04:01 74.97   57.09   78.13   92.19
06:05:04 74.86   56.98   77.90   91.85
06:06:08 74.86   58.66   77.90   91.63
06:07:11 74.86   67.10   77.90   91.29
06:08:14 75.09   68.34   78.01   91.18
06:09:18 75.09   69.13   78.01   90.95
06:10:21 75.09   70.03   78.01   90.84
06:11:24 75.31   71.04   78.01   90.61
06:12:28 75.31   72.05   78.01   90.50
06:13:31 75.43   72.84   78.01   90.39
06:14:34 75.43   73.74   78.01   90.16
06:15:38 75.43   65.19   78.01   89.94
06:16:41 75.43   60.91   78.01   89.71
06:17:44 75.20   59.00   78.01   89.49
06:18:48 75.20   58.33   78.01   89.38
06:19:51 74.97   57.76   77.90   89.15
06:20:54 74.86   57.42   77.90   88.93
06:21:58 74.75   57.20   77.79   88.70
06:23:01 74.86   57.09   77.90   88.59
06:24:04 74.75   56.86   77.79   88.47
06:25:08 74.75   56.75   77.79   88.25
06:26:11 74.64   56.53   77.68   88.03
06:27:15 74.53   56.41   77.79   88.03
06:28:18 74.64   62.83   77.79   87.80
06:29:21 74.75   67.10   77.68   87.69
06:30:25 74.86   68.11   77.68   87.58
06:31:28 74.97   68.90   77.79   87.35
06:32:31 74.97   69.69   77.79   87.24
06:33:35 75.09   70.36   77.68   87.13
06:34:38 75.09   71.15   77.79   87.13
06:35:41 75.09   69.01   77.79   87.13
06:36:45 75.20   62.15   77.79   87.01
06:37:48 75.09   59.00   77.79   86.79
06:38:51 74.86   58.10   77.79   86.79
06:39:55 74.75   57.65   77.79   86.45
06:40:58 74.64   57.20   77.90   86.34
06:42:01 74.64   57.09   77.68   86.34
06:43:05 74.53   56.75   77.68   86.22
06:44:08 74.53   56.53   77.56   86.00
06:45:11 74.41   56.41   77.56   85.89
06:46:15 74.41   56.30   77.45   86.00
06:47:18 74.30   56.30   77.45   85.78
06:48:21 74.41   56.19   77.45   85.78
06:49:25 74.30   55.96   77.45   85.66
06:50:28 74.19   55.85   77.45   85.55
06:51:31 74.19   55.85   77.34   85.44
06:52:35 74.19   61.92   77.45   85.44
06:53:38 74.30   66.43   77.34   85.44
06:54:41 74.53   67.55   77.34   85.33
06:55:45 74.53   68.11   77.34   85.33
06:56:48 74.64   68.56   77.34   85.33
06:57:51 74.64   69.24   77.34   85.10
06:58:55 74.75   69.91   77.45   84.88
06:59:58 74.75   65.19   77.45   84.76
07:01:02 74.75   60.24   77.45   84.76
07:02:05 74.64   57.76   77.45   84.76
07:03:08 74.64   57.42   77.56   84.65
07:04:12 74.53   57.09   77.34   84.65
07:05:15 74.64   56.86   77.45   106.59
07:06:18 74.41   56.86   77.45   109.74
07:07:22 74.30   56.64   77.34   109.51
07:08:25 74.30   56.53   77.34   108.50
07:09:28 74.19   56.30   77.22   107.38
07:10:32 74.30   55.96   77.22   106.14
07:11:35 74.30   55.85   77.22   105.01
07:12:38 74.19   55.96   77.22   104.00
07:13:42 74.19   55.74   77.22   102.88
07:14:45 74.08   55.85   77.22   101.86
07:15:48 74.08   55.63   77.22   100.96
07:16:52 74.08   55.63   77.22   100.06
07:17:55 74.08   55.29   77.22   99.28
07:18:58 74.08   55.51   77.22   98.60
07:20:02 73.85   55.29   77.22   97.92
07:21:05 73.96   54.95   77.22   97.25
07:22:08 73.96   55.96   77.11   96.69
07:23:12 73.96   65.30   77.00   96.13
07:24:15 74.19   66.65   77.00   95.68
07:25:18 74.30   67.44   77.00   95.22
07:26:22 74.30   67.89   76.89   94.78
07:27:25 74.41   68.45   77.00   94.33
07:28:28 74.41   68.90   77.11   93.76
07:29:32 74.53   62.26   77.11   93.43
07:30:35 74.41   58.21   77.00   93.20
07:31:39 74.30   57.20   77.11   92.75
07:32:42 74.19   56.75   77.11   92.53
07:33:45 74.08   56.53   77.11   92.19
07:34:49 74.08   56.30   77.00   91.85
07:35:52 73.96   56.08   77.00   91.40
07:36:55 73.96   55.85   76.89   91.06
07:37:59 73.85   55.51   77.00   90.84
07:39:02 73.96   55.51   76.89   90.72
07:40:05 73.85   55.17   76.89   90.28
07:41:09 73.85   54.95   76.89   89.94
07:42:12 73.85   54.84   76.89   89.49
07:43:15 73.85   55.06   76.89   89.26
07:44:19 73.74   54.84   76.89   89.04
07:45:22 73.74   54.61   76.78   88.81
07:46:25 73.74   54.50   76.89   88.47
07:47:29 73.74   54.39   76.66   88.14
07:48:32 73.74   54.28   76.66   87.91
07:49:35 73.74   54.28   76.78   87.80
07:50:39 73.63   53.94   76.66   87.58
07:51:42 73.74   53.94   76.66   87.35
07:52:45 73.63   53.83   76.66   87.24
07:53:49 73.63   53.83   76.55   87.01
07:54:52 73.74   63.39   76.55   86.79
07:55:55 73.85   64.85   76.55   86.68
07:56:59 74.08   66.20   76.66   91.51
07:58:02 74.08   66.99   76.55   94.10
07:59:05 74.19   67.55   76.66   93.99
08:00:09 74.41   68.11   76.55   93.31
08:01:12 74.41   61.70   76.55   92.64
08:02:15 74.30   57.54   76.55   92.19
08:03:19 74.08   56.64   76.44   91.63
08:04:22 74.08   56.41   76.44   91.06
08:05:25 74.08   56.08   76.55   90.72
08:06:29 73.96   55.96   76.55   90.28
08:07:32 73.85   55.74   76.55   89.94
08:08:36 73.85   55.51   76.66   89.60
08:09:39 73.85   54.84   76.55   89.38
08:10:42 73.74   54.95   76.66   88.81
08:11:46 73.74   54.61   76.66   88.47
08:12:49 73.85   54.61   76.55   88.25
08:13:52 73.74   54.39   76.44   88.03
08:14:56 73.74   54.28   76.55   87.69
08:15:59 73.74   54.16   76.55   87.46
08:17:02 73.74   53.94   76.44   87.24
08:18:06 73.74   53.49   76.44   86.79
08:19:09 73.74   53.71   76.10   86.56
08:20:12 73.63   53.94   76.21   86.34
08:21:16 73.63   53.49   76.21   86.22
08:22:19 73.63   53.60   76.21   86.00
08:23:22 73.51   53.49   76.33   85.66
08:24:26 73.51   53.38   76.33   85.55
08:25:29 73.63   53.38   76.21   85.44
08:26:32 73.63   53.26   76.33   85.33
08:27:36 73.63   53.26   76.21   85.10
08:28:39 73.63   63.61   76.21   84.99
08:29:42 73.74   64.06   76.33   84.99
08:30:46 73.96   65.19   76.33   84.88
08:31:49 73.96   65.86   76.33   84.65
08:32:52 73.96   66.76   76.33   84.54
08:33:56 73.96   67.44   76.10   84.54
08:34:59 74.08   65.53   76.21   84.43
08:36:02 74.08   59.90   76.21   84.31
08:37:06 73.96   56.98   76.33   84.20
08:38:09 73.85   56.30   76.10   84.09
08:39:12 73.96   56.08   76.33   83.97
08:40:16 73.74   55.74   76.21   83.86
08:41:19 73.74   55.29   76.21   83.75
08:42:23 73.63   54.95   76.10   83.53
08:43:26 73.63   54.39   76.21   83.41
08:44:29 73.74   54.16   76.33   83.19
08:45:33 73.63   54.28   76.33   83.19
08:46:36 73.63   53.94   76.21   83.08
08:47:39 73.51   53.83   76.21   83.08
08:48:43 73.51   53.49   76.21   82.96
08:49:46 73.51   53.49   76.21   82.85
08:50:49 73.51   53.49   76.21   82.74
08:51:53 73.51   53.38   76.21   82.85
08:52:56 73.51   53.26   76.21   82.85
08:53:59 73.51   53.38   76.21   82.85
08:55:03 73.40   53.26   76.10   82.74
08:56:06 73.51   53.15   76.10   82.63
08:57:09 73.51   53.15   76.10   82.51
08:58:13 73.40   63.05   76.21   88.03
08:59:16 73.63   63.95   76.21   89.15
09:00:19 73.74   64.96   76.10   88.93
09:01:23 73.74   65.64   76.10   88.36
09:02:26 73.85   66.31   76.21   88.03
09:03:29 73.96   67.10   75.99   87.80
09:04:33 74.08   68.00   76.10   87.46
09:05:36 74.08   68.79   75.99   87.13
09:06:39 74.19   69.91   75.99   87.01
09:07:43 74.19   71.15   75.88   86.79
09:08:46 74.19   72.39   76.10   86.45
09:09:49 74.41   73.51   75.99   86.22
09:10:53 74.53   74.30   76.21   86.11
09:11:56 74.64   74.97   76.21   86.00
09:13:00 74.75   75.54   76.33   85.78
09:14:03 74.75   75.99   76.44   85.66
09:15:06 74.75   76.10   76.33   85.55
09:16:10 74.86   76.33   76.33   85.33
09:17:13 74.86   76.55   76.33   85.21
09:18:16 74.97   76.78   76.44   85.10
09:19:20 74.97   76.89   76.55   84.99
09:20:23 75.09   77.00   76.55   84.88
09:21:26 75.09   77.11   76.66   84.76
09:22:30 75.09   77.11   76.66   84.65
09:23:33 75.20   77.22   76.66   84.54
09:24:36 75.20   77.22   76.78   84.54
09:25:40 75.31   77.22   76.78   84.54
09:26:43 75.31   77.34   76.78   84.43
09:27:46 75.31   77.34   76.78   84.31
09:28:50 75.43   77.34   76.89   84.20
09:29:53 75.43   77.45   76.78   84.20
09:30:56 75.43   77.56   76.78   84.09
09:32:00 75.54   77.56   76.66   84.09
09:33:03 75.54   77.68   76.78   84.09
09:34:06 75.54   77.68   76.89   84.09
09:35:10 75.65   77.68   76.78   84.09
09:36:13 75.65   77.79   76.89   83.97
09:37:16 75.65   77.79   77.00   83.86
09:38:20 75.76   77.79   77.00   83.97
09:39:23 75.76   77.79   77.00   83.86
09:40:26 75.65   77.90   77.00   83.86
09:41:30 75.65   77.90   77.22   83.97
09:42:33 75.76   77.90   77.11   83.86
09:43:36 75.76   77.90   77.11   83.86
09:44:40 75.88   77.90   77.22   83.75
09:45:43 75.76   78.01   77.11   83.75
09:46:47 75.88   78.01   77.22   83.75
09:47:50 75.88   78.01   77.11   83.86
09:48:53 75.88   78.01   77.11   83.86
09:49:57 75.99   78.13   77.22   83.86
09:51:00 75.88   78.13   77.34   83.75
09:52:03 75.99   78.13   77.45   83.64
09:53:07 75.99   78.13   77.34   83.64
09:54:10 75.88   78.13   77.45   83.64
09:55:13 75.99   78.13   77.45   83.64
09:56:17 75.99   78.24   77.56   83.53
09:57:20 75.99   78.13   77.56   83.53
09:58:23 75.99   78.24   77.56   83.64
09:59:27 76.10   78.24   77.56   83.64
10:00:30 75.99   78.24   77.45   83.64
10:01:33 76.10   78.35   77.56   83.75
10:02:37 76.10   78.35   77.56   83.64
10:03:40 76.10   78.35   77.56   83.64
10:04:43 76.10   78.46   77.68   83.53
10:05:47 76.10   78.46   77.68   83.64
10:06:50 76.21   78.46   77.68   83.64
10:07:53 76.21   78.46   77.68   83.64
10:08:57 76.21   78.46   77.79   83.64
10:10:00 76.21   78.46   77.79   83.53
10:11:03 76.33   78.46   77.79   83.75
10:12:07 76.33   78.58   77.79   83.64
10:13:10 76.33   78.58   77.79   83.75
10:14:13 76.33   78.58   77.79   83.75
10:15:17 76.33   78.58   77.79   83.64
10:16:20 76.33   78.58   77.90   83.64
10:17:23 76.33   78.58   78.01   83.64
10:18:27 76.33   78.69   77.90   83.64
10:19:30 76.44   78.69   77.90   83.64
10:20:33 76.33   78.69   78.01   83.53
10:21:37 76.44   78.69   78.01   83.53
10:22:40 76.44   78.69   78.01   83.53
10:23:44 76.44   78.80   78.24   83.64
10:24:47 76.55   78.80   78.13   83.64
10:25:50 76.55   78.80   78.13   83.64
10:26:54 76.55   78.80   78.24   83.64
10:27:57 76.55   78.80   78.35   83.64
10:29:00 76.55   78.80   78.13   83.64
10:30:04 76.55   78.80   78.35   83.64
10:31:07 76.55   78.91   78.24   83.53
10:32:10 76.55   78.91   78.35   98.04
10:33:14 76.55   78.91   78.35   108.28
10:34:17 76.55   78.91   78.24   110.41
10:35:20 76.66   79.03   78.13   110.86
10:36:24 76.66   79.03   78.24   110.98
10:37:27 76.66   79.03   78.24   111.43
10:38:30 76.66   79.03   78.24   111.76
10:39:34 76.66   79.14   78.24   112.21
10:40:37 76.78   79.14   78.35   111.99
10:41:40 76.78   79.14   78.35   111.99
10:42:44 76.89   79.25   78.46   113.11
10:43:47 76.89   79.25   78.46   113.68
10:44:50 76.89   79.25   78.46   113.45
10:45:54 76.89   79.36   78.46   112.66
10:46:57 77.00   79.36   78.46   111.76
10:48:00 77.00   79.36   78.46   110.86
10:49:04 77.00   79.36   78.58   110.08
10:50:07 77.11   79.47   78.46   109.29
10:51:10 77.11   79.47   78.58   113.56
10:52:14 77.11   79.47   78.58   116.15
10:53:17 77.11   79.59   78.58   115.70
10:54:20 77.11   79.59   78.58   114.69
10:55:24 77.11   79.59   78.69   113.56
10:56:27 77.11   79.59   78.58   112.55
10:57:31 77.22   79.59   78.58   111.65
10:58:34 77.22   79.70   78.69   110.75
10:59:37 77.22   79.70   78.69   109.85
11:00:41 77.11   75.54   78.80   109.06
11:01:44 77.22   63.39   78.80   108.16
11:02:47 77.00   61.92   78.69   107.38
11:03:51 76.78   60.35   78.69   106.70
11:04:54 76.66   59.67   78.69   105.91
11:05:57 76.44   59.45   78.58   105.24
11:07:01 76.44   59.34   78.58   104.56
11:08:04 76.33   64.63   78.58   103.89
11:09:07 76.33   69.35   78.58   103.33
11:10:11 76.33   71.15   78.58   102.76
11:11:14 76.44   72.84   78.35   102.31
11:12:17 76.44   73.40   78.46   101.86
11:13:21 76.44   73.63   78.46   101.98
11:14:24 76.55   64.40   78.46   102.20
11:15:27 76.33   60.46   78.58   101.75
11:16:31 76.33   59.56   78.46   101.19
11:17:34 76.21   59.56   78.58   100.63
11:18:37 76.10   59.11   78.46   100.29
11:19:41 75.99   58.89   78.46   99.73
11:20:44 75.99   58.78   78.46   99.16
11:21:47 75.88   58.44   78.46   98.60
11:22:51 75.99   58.21   78.46   98.15
11:23:54 75.88   58.21   78.35   97.81
11:24:57 75.88   58.10   78.35   97.25
11:26:01 75.88   57.99   78.35   96.80
11:27:04 75.76   57.88   78.35   96.35
11:28:08 75.76   57.88   78.46   96.01
11:29:11 75.65   57.76   78.24   95.68
11:30:14 75.65   57.65   78.24   95.34
11:31:18 75.65   57.65   78.13   95.00
11:32:21 75.65   57.31   78.24   94.66
11:33:24 75.54   57.42   78.01   94.21
11:34:28 75.54   57.31   78.24   93.88
11:35:31 75.54   57.20   78.13   93.65
11:36:34 75.54   57.09   78.13   93.20
11:37:38 75.43   57.09   78.13   92.97
11:38:41 75.43   56.86   78.01   92.64
11:39:44 75.43   56.75   77.90   92.30
11:40:48 75.43   56.86   78.01   91.96
11:41:51 75.31   56.64   77.90   91.74
11:42:54 75.31   56.98   78.01   91.51
11:43:58 75.31   56.41   77.90   91.29
11:45:01 75.20   56.30   77.79   90.84
11:46:04 75.31   56.30   77.79   90.72
11:47:08 75.20   56.08   77.79   90.39
11:48:11 75.20   55.74   77.90   90.16
11:49:14 75.09   56.19   77.79   89.94
11:50:18 75.09   55.96   77.79   89.71
11:51:21 75.20   55.85   77.79   89.38
11:52:24 75.09   56.08   77.68   89.15
11:53:28 75.20   56.19   77.68   89.04
11:54:31 75.09   55.74   77.68   88.93
11:55:34 75.09   55.85   77.68   88.70
11:56:38 74.97   55.63   77.68   88.47
11:57:41 74.97   55.74   77.68   88.36
11:58:44 74.97   55.51   77.68   88.25
11:59:48 74.97   55.51   77.68   88.03
12:00:51 74.97   55.40   77.68   87.91
12:01:55 74.97   55.40   77.56   87.58
12:02:58 74.86   55.29   77.56   87.46
12:04:01 74.86   54.95   77.45   87.24
12:05:05 74.97   55.06   77.56   87.24
12:06:08 74.97   55.17   77.56   87.13
12:07:11 74.97   55.17   77.56   86.90
12:08:15 74.86   55.17   77.45   86.68
12:09:18 74.86   55.06   77.45   86.45
12:10:21 74.86   54.84   77.45   86.45
12:11:25 74.86   54.73   77.45   86.34
12:12:28 74.86   54.61   77.45   86.11
12:13:31 74.86   54.84   77.22   86.00
12:14:35 74.75   54.61   77.45   85.78
12:15:38 74.75   54.73   77.34   85.89
12:16:41 74.86   54.50   77.22   85.66
12:17:45 74.75   54.73   77.22   85.55
12:18:48 74.75   54.73   77.34   85.44
12:19:51 74.64   54.61   77.34   85.21
12:20:55 74.64   54.50   77.34   85.33
12:21:58 74.64   54.39   77.22   85.21
12:23:01 74.64   54.50   77.22   85.10
12:24:05 74.64   54.50   77.22   84.99
12:25:08 74.53   54.39   77.34   84.88
12:26:11 74.64   54.39   77.22   84.65
12:27:15 74.64   54.39   77.11   84.65
12:28:18 74.53   54.39   77.22   84.54
12:29:21 74.64   54.39   77.22   84.54
12:30:25 74.53   54.28   77.22   84.43
12:31:28 74.53   54.50   77.22   84.31
12:32:31 74.64   54.28   77.11   84.09
12:33:35 74.64   54.28   77.11   84.09
12:34:38 74.53   54.39   77.11   83.97
12:35:42 74.53   54.39   77.11   83.97
12:36:45 74.53   54.28   77.11   83.97
12:37:48 74.53   54.28   77.11   83.97
12:38:52 74.41   54.16   77.00   83.75
12:39:55 74.41   54.28   77.00   83.75
12:40:58 74.53   54.28   77.11   83.64
12:42:02 74.53   54.39   77.11   83.64
12:43:05 74.41   54.16   77.00   83.53
12:44:08 74.41   54.39   77.00   83.53
12:45:12 74.41   54.28   77.00   83.30
12:46:15 74.41   54.39   76.89   83.30
12:47:18 74.41   54.16   76.89   83.08
12:48:22 74.41   54.16   76.89   83.08
12:49:25 74.41   54.16   76.89   83.08
12:50:28 74.53   54.28   76.66   82.96
12:51:32 74.30   54.16   76.78   82.96
12:52:35 74.41   54.28   76.89   82.96
12:53:38 74.30   54.16   76.66   82.85
12:54:42 74.41   54.16   76.78   82.85
12:55:45 74.30   54.16   76.89   82.74
12:56:48 74.41   54.05   76.89   82.74
12:57:52 74.41   54.16   76.78   82.63
12:58:55 74.30   54.16   76.78   82.63
12:59:58 74.30   54.05   76.78   82.63
13:01:02 74.30   54.05   76.78   82.51
13:02:05 74.30   54.16   76.55   82.51
13:03:08 74.30   54.16   76.66   82.51
13:04:12 74.19   54.05   76.66   82.29
13:05:15 74.30   53.94   76.66   82.29
13:06:19 74.19   54.05   76.66   82.29
13:07:22 74.41   53.94   76.78   82.29
13:08:25 74.30   53.94   76.66   82.29
13:09:29 74.30   54.16   76.66   82.06
13:10:32 74.19   54.16   76.55   82.06
13:11:35 74.19   54.05   76.66   81.95
13:12:39 74.19   53.94   76.66   82.06
13:13:42 74.19   53.94   76.78   82.06
13:14:45 74.19   54.05   76.66   82.06
13:15:49 74.19   54.05   76.66   82.06
13:16:52 74.19   53.94   76.66   81.95
13:17:55 74.30   54.05   76.55   81.95
13:18:59 74.19   53.83   76.66   81.72
13:20:02 74.19   54.05   76.78   81.84
13:21:05 74.30   53.94   76.55   81.72
13:22:09 74.19   54.16   76.55   81.61
13:23:12 74.08   53.94   76.44   81.72
13:24:15 74.19   53.94   76.55   81.72
13:25:19 74.19   54.16   76.66   81.72
13:26:22 74.19   53.94   76.55   81.61
13:27:25 74.08   53.83   76.33   81.61
13:28:29 74.19   53.94   76.55   81.61
13:29:32 74.19   53.94   76.44   81.61
13:30:35 74.08   53.94   76.55   81.61
13:31:39 74.08   53.94   76.55   81.50
13:32:42 74.08   54.05   76.44   81.50
13:33:45 74.19   54.16   76.44   81.39
13:34:49 74.08   53.94   76.44   81.50
13:35:52 74.08   53.94   76.55   81.39
13:36:55 74.08   54.16   76.44   81.39
13:37:59 74.08   53.94   76.44   81.28
13:39:02 74.08   53.94   76.33   81.28
13:40:05 74.08   53.83   76.44   81.28
13:41:09 74.08   53.83   76.44   81.28
13:42:12 74.08   54.05   76.33   81.28
13:43:16 74.08   54.05   76.44   81.39
13:44:19 74.08   53.83   76.33   81.28
13:45:22 74.08   53.94   76.33   81.28
13:46:26 73.96   53.94   76.33   81.39
13:47:29 73.96   53.94   76.33   81.39
13:48:32 74.08   53.94   76.33   81.28
13:49:36 73.96   53.83   76.44   81.39
13:50:39 73.96   54.05   76.33   81.16
13:51:42 73.96   54.05   76.21   81.16
13:52:46 73.96   53.83   76.33   81.05
13:53:49 73.96   53.83   76.33   81.05
13:54:52 74.08   53.83   76.21   81.16
13:55:56 73.96   53.83   76.21   81.16
13:56:59 74.08   53.71   76.10   81.16
13:58:02 73.96   53.83   76.21   81.05
13:59:06 73.96   53.94   76.33   80.94
14:00:09 73.96   54.05   76.21   80.94
14:01:12 73.96   53.94   75.99   80.94
14:02:16 73.96   54.05   76.21   80.94
14:03:19 73.96   53.83   76.10   80.94
14:04:22 73.96   53.83   76.21   80.94
14:05:26 73.96   53.94   76.21   80.94
14:06:29 73.96   54.05   76.21   80.83
14:07:32 73.96   53.94   76.21   80.71
14:08:36 73.96   54.05   76.10   80.60
14:09:39 73.96   53.83   76.21   80.71
14:10:42 73.96   53.94   76.21   80.83
14:11:46 73.85   54.05   76.10   80.83
14:12:49 73.96   54.05   76.21   80.94
14:13:53 73.74   53.94   76.10   80.83
14:14:56 73.96   54.05   76.21   80.71
14:15:59 73.85   54.05   76.10   80.60
14:17:03 73.96   54.05   76.21   80.71
14:18:06 73.96   54.05   76.10   80.83
14:19:09 73.85   53.94   75.99   80.71
14:20:13 73.85   54.16   76.10   80.71
14:21:16 73.85   54.05   76.10   80.60
14:22:19 73.85   54.16   76.10   80.60
14:23:23 73.85   53.94   75.99   80.60
14:24:26 73.85   54.05   75.99   80.60
14:25:29 73.85   54.16   76.10   80.60
14:26:33 73.85   53.94   75.88   80.60
14:27:36 73.85   53.94   75.99   80.71
14:28:39 73.74   53.94   75.88   80.60
14:29:43 73.85   54.05   75.76   80.49
14:30:46 73.85   53.94   75.99   80.60
14:31:49 73.85   53.94   75.99   80.60
14:32:53 73.96   53.94   75.99   80.60
14:33:56 73.85   53.94   76.10   80.49
14:34:59 73.96   53.83   76.10   80.49
14:36:03 73.85   53.83   75.99   80.49
14:37:06 73.85   53.83   75.88   80.49
14:38:09 73.85   53.83   75.88   80.60
14:39:13 73.85   53.83   75.99   80.49
14:40:16 73.74   54.05   75.76   80.49
14:41:19 73.85   53.94   75.99   80.38
14:42:23 73.85   53.83   75.76   80.38
14:43:26 73.85   53.94   75.88   80.49
14:44:30 73.85   53.83   75.88   80.60
14:45:33 73.74   53.83   75.76   80.60
14:46:36 73.74   53.83   75.88   80.60
14:47:40 73.74   53.94   75.88   80.49
14:48:43 73.85   54.05   75.76   80.49
14:49:46 73.85   53.94   75.88   80.38
14:50:50 73.74   53.94   75.99   80.38
14:51:53 73.74   53.94   75.76   80.49
14:52:56 73.74   54.05   75.88   80.38
14:54:00 73.74   53.94   75.65   80.38
14:55:03 73.74   53.83   75.76   80.38
14:56:06 73.74   53.94   75.65   80.38
14:57:10 73.74   53.83   75.65   80.26
14:58:13 73.74   53.94   75.76   80.38
14:59:16 73.74   53.83   75.65   80.49
15:00:20 73.74   53.83   75.76   80.49
15:01:23 73.74   53.94   75.76   80.38
15:02:26 73.85   53.83   75.76   80.49
15:03:30 73.96   53.94   75.65   80.38
15:04:33 73.85   53.83   75.65   80.26
15:05:36 73.74   53.83   75.76   80.26
15:06:40 73.74   53.83   75.65   80.15
15:07:43 73.74   53.83   75.65   80.26
15:08:46 73.74   53.71   75.76   80.15
15:09:50 73.74   53.83   75.65   80.15
15:10:53 73.85   53.83   75.76   80.15
15:11:56 73.85   54.05   75.76   80.15
15:13:00 73.85   54.05   75.76   80.26
15:14:03 73.96   53.94   75.76   80.15
15:15:06 73.96   54.05   75.88   80.04
15:16:10 73.96   53.94   75.88   80.04
15:17:13 73.85   53.94   75.88   80.04
15:18:17 73.85   54.16   75.88   80.04
15:19:20 73.96   53.94   75.76   80.04
15:20:23 73.85   53.94   75.76   80.15
15:21:27 73.85   53.83   75.76   80.04
15:22:30 73.96   53.83   75.88   79.93
15:23:33 73.85   53.94   75.88   79.93
15:24:37 73.85   54.16   75.76   79.93
15:25:40 73.96   53.83   75.65   79.93
15:26:43 73.96   54.05   75.76   79.93
15:27:47 73.96   54.05   75.65   79.93
15:28:50 73.96   53.94   75.65   80.04
15:29:53 73.85   53.83   75.65   79.93
15:30:57 73.85   54.05   75.76   79.93
15:32:00 73.96   63.05   75.65   79.93
15:33:03 73.96   64.51   75.65   79.93
15:34:07 74.19   65.30   75.65   79.93
15:35:10 74.30   65.86   75.65   80.04
15:36:13 74.30   66.54   75.76   80.04
15:37:17 74.41   67.33   75.76   80.15
15:38:20 74.53   68.45   75.88   80.15
15:39:23 74.75   69.91   75.88   80.15
15:40:27 74.75   71.49   75.99   80.04
15:41:30 74.86   72.84   75.99   80.04
15:42:33 74.97   73.96   75.88   80.15
15:43:37 75.09   74.75   75.88   80.26
15:44:40 75.09   75.43   76.10   80.26
15:45:43 75.20   75.88   76.10   80.38
15:46:47 75.31   76.33   75.99   80.38
15:47:50 75.31   76.66   76.10   80.49
15:48:53 75.43   76.78   76.21   80.71
15:49:57 75.43   67.66   76.21   80.71
15:51:00 75.31   59.34   76.33   80.60
15:52:04 75.20   57.88   76.33   80.60
15:53:07 75.09   57.31   76.21   80.60
15:54:10 74.97   57.09   76.21   80.49
15:55:14 74.86   56.86   76.44   80.60
15:56:17 74.86   56.19   76.21   80.49
15:57:20 74.75   55.74   76.44   80.49
15:58:24 74.64   60.35   76.44   80.38
15:59:27 74.64   65.97   76.44   80.38
16:00:30 74.75   67.66   76.44   80.38
16:01:34 74.75   68.56   76.44   80.26
16:02:37 74.86   70.25   76.33   80.38
16:03:40 74.97   72.61   76.55   80.49
16:04:44 75.09   74.75   76.44   80.60
16:05:47 75.09   76.21   76.44   80.60
16:06:50 75.20   76.78   76.44   80.71
16:07:54 75.31   77.11   76.44   80.71
16:08:57 75.31   77.34   76.55   80.83
16:10:00 75.43   77.45   76.55   80.71
16:11:04 75.54   77.56   76.55   80.83
16:12:07 75.65   77.68   76.66   80.94
16:13:10 75.65   77.79   76.44   80.94
16:14:14 75.76   77.90   76.55   80.94
16:15:17 75.76   77.90   76.66   80.94
16:16:20 75.76   78.01   76.66   81.05
16:17:24 75.76   78.13   76.66   81.05
16:18:27 75.99   78.13   76.78   81.05
16:19:30 75.99   78.13   76.78   80.94
16:20:34 76.10   78.24   76.78   81.05
16:21:37 76.10   78.35   76.78   81.16
16:22:40 76.10   78.35   76.89   81.28
16:23:44 76.10   78.46   76.89   81.28
16:24:47 76.10   66.09   77.00   81.28
16:25:51 76.10   59.34   77.00   81.28
16:26:54 75.88   57.99   77.00   81.16
16:27:57 75.76   57.65   77.22   81.16
16:29:01 75.65   57.42   77.00   81.28
16:30:04 75.54   57.20   77.00   81.28
16:31:07 75.54   67.10   77.11   81.28
16:32:11 75.54   68.45   77.11   81.39
16:33:14 75.54   70.14   77.11   81.39
16:34:17 75.54   72.50   77.11   81.28
16:35:21 75.65   75.20   77.11   81.50
16:36:24 75.76   77.00   77.11   81.50
16:37:27 75.88   77.79   77.11   81.50
16:38:31 75.99   78.13   77.00   81.50
16:39:34 76.10   78.24   77.00   81.61
16:40:37 76.21   78.35   77.00   81.61
16:41:41 76.21   78.46   77.00   81.50
16:42:44 76.33   78.58   77.00   81.50
16:43:47 76.33   78.58   77.11   81.61
16:44:51 76.44   78.69   77.11   81.72
16:45:54 76.44   78.69   77.11   81.72
16:46:57 76.55   78.80   77.11   81.72
16:48:01 76.55   78.80   77.22   81.72
16:49:04 76.55   78.80   77.34   81.72
16:50:07 76.55   78.91   77.34   81.72
16:51:11 76.55   78.91   77.45   81.72
16:52:14 76.66   78.91   77.45   81.84
16:53:17 76.66   78.91   77.56   81.95
16:54:21 76.78   78.91   77.45   81.95
16:55:24 76.89   79.03   77.56   81.95
16:56:27 76.78   79.03   77.56   81.95
16:57:31 76.89   79.03   77.56   82.06
16:58:34 76.89   79.14   77.68   82.18
16:59:37 76.89   79.14   77.79   82.29
17:00:41 76.89   79.25   77.79   82.29
17:01:44 76.89   74.19   77.79   82.29
17:02:48 76.89   61.48   77.79   82.40
17:03:51 76.66   59.34   77.79   82.18
17:04:54 76.55   58.78   77.90   82.29
17:05:58 76.44   58.55   78.01   82.29
17:07:01 76.33   58.33   77.79   82.29
17:08:04 76.21   58.21   77.68   82.18
17:09:08 76.21   66.76   77.79   82.06
17:10:11 76.21   69.01   77.68   82.06
17:11:14 76.21   69.91   77.79   81.95
17:12:18 76.33   71.71   77.90   81.95
17:13:21 76.33   73.85   77.79   81.95
17:14:24 76.44   76.21   77.79   82.06
17:15:28 76.44   77.90   77.68   82.06
17:16:31 76.66   78.58   77.68   82.06
17:17:34 76.78   78.91   77.79   82.18
17:18:38 76.78   79.03   77.79   82.29
17:19:41 76.89   79.14   77.90   82.29
17:20:44 76.89   79.25   77.90   82.29
17:21:48 77.00   79.25   78.01   84.99
17:22:51 77.00   79.36   77.90   86.68
17:23:54 77.11   79.36   78.01   86.90
17:24:58 77.11   79.47   78.01   86.79
17:26:01 77.11   79.47   78.01   86.79
17:27:04 77.22   79.59   78.01   86.56
17:28:08 77.22   79.59   78.01   86.22
17:29:11 77.11   75.65   78.01   86.22
17:30:14 77.22   62.26   78.13   86.11
17:31:18 77.00   60.01   78.01   85.89
17:32:21 77.00   59.34   78.24   85.78
17:33:24 76.78   59.11   78.13   85.44
17:34:28 76.66   58.89   78.13   85.33
17:35:31 76.55   58.33   77.90   85.33
17:36:35 76.44   62.60   78.01   85.21
17:37:38 76.44   68.56   78.13   84.99
17:38:41 76.44   69.91   78.13   85.10
17:39:45 76.44   71.15   78.13   84.99
17:40:48 76.55   72.72   78.13   84.76
17:41:51 76.66   74.75   78.13   84.65
17:42:55 76.78   76.78   78.13   84.99
17:43:58 76.78   78.35   78.13   85.10
17:45:01 76.89   78.91   78.01   85.10
17:46:05 77.00   79.25   78.01   85.10
17:47:08 77.11   79.47   78.24   84.99
17:48:11 77.11   79.47   78.24   84.99
17:49:15 77.22   79.59   78.24   84.99
17:50:18 77.22   79.59   78.24   96.24
17:51:21 77.45   79.70   78.24   99.05
17:52:25 77.34   79.81   78.24   98.15
17:53:28 77.45   64.63   78.24   96.80
17:54:31 77.22   60.69   78.24   95.79
17:55:35 77.11   59.90   78.35   94.66
17:56:38 77.11   59.56   78.46   93.88
17:57:41 76.89   59.34   78.35   93.20
17:58:45 76.66   58.89   78.24   92.53
17:59:48 76.55   59.00   78.24   92.08
18:00:51 76.78   58.44   78.24   92.08
18:01:55 76.66   68.00   78.35   92.19
18:02:58 76.66   69.58   78.35   91.74
18:04:01 76.66   70.36   78.35   91.29
18:05:05 76.66   71.60   78.35   90.95
18:06:08 76.89   73.29   78.35   90.61
18:07:11 76.89   74.75   78.24   90.28
18:08:15 77.00   76.55   78.24   89.94
18:09:18 77.11   78.13   78.24   89.71
18:10:22 77.11   79.14   78.24   89.49
18:11:25 77.22   79.47   78.24   89.26
18:12:28 77.34   79.59   78.35   89.04
18:13:32 77.34   78.80   78.35   99.39
18:14:35 77.34   64.06   78.46   102.20
18:15:38 77.22   60.80   78.46   101.41
18:16:42 77.11   60.01   78.46   100.18
18:17:45 77.00   59.56   78.46   98.83
18:18:48 76.89   59.56   78.24   97.59
18:19:52 76.89   59.23   78.24   96.69
18:20:55 76.89   59.00   78.35   95.79
18:21:58 76.66   58.66   78.46   95.11
18:23:02 76.66   58.44   78.35   94.44
18:24:05 76.55   58.44   78.35   93.88
18:25:08 76.55   58.10   77.90   93.31
18:26:12 76.44   58.78   78.24   92.75
18:27:15 76.33   67.66   78.24   92.30
18:28:18 76.55   69.01   78.35   91.85
18:29:22 76.55   69.69   78.35   91.63
18:30:25 76.78   70.25   78.24   91.29
18:31:28 76.78   71.15   78.13   90.95
18:32:32 76.89   72.39   78.35   90.50
18:33:35 76.89   73.40   78.35   90.28
18:34:38 77.00   66.65   78.46   90.05
18:35:42 76.89   61.14   78.24   89.83
18:36:45 76.78   59.90   78.24   89.49
18:37:48 76.55   59.34   78.13   89.15
18:38:52 76.55   59.23   78.13   88.93
18:39:55 76.44   59.00   78.35   88.70
18:40:58 76.33   58.89   78.24   88.47
18:42:02 76.44   58.33   78.13   88.14
18:43:05 76.21   58.21   78.13   87.91
18:44:09 76.21   58.21   78.24   87.69
18:45:12 76.21   58.10   78.13   87.58
18:46:15 76.10   58.10   78.13   87.24
18:47:19 76.10   57.20   78.01   87.13
18:48:22 76.10   57.76   78.01   86.90
18:49:25 76.10   57.88   77.90   86.79
18:50:29 75.99   57.31   78.13   86.56
18:51:32 76.10   57.09   78.01   86.45
18:52:35 75.99   65.86   77.90   86.34
18:53:39 76.10   67.44   77.90   86.11
18:54:42 76.21   68.68   77.79   86.11
18:55:45 76.21   69.35   77.79   86.00
18:56:49 76.33   70.03   77.79   85.89
18:57:52 76.33   70.59   77.90   85.89
18:58:55 76.33   71.15   78.01   85.78
18:59:59 76.44   63.95   77.90   85.55
19:01:02 76.33   60.35   78.01   85.44
19:02:05 76.21   59.67   78.01   85.21
19:03:09 76.21   59.34   77.90   85.21
19:04:12 76.21   59.23   78.01   85.10
19:05:15 76.10   58.89   77.90   85.10
19:06:19 76.10   58.10   77.90   84.99
19:07:22 75.99   57.88   77.90   84.88
19:08:25 75.99   57.99   77.90   84.76
19:09:29 75.99   57.76   77.79   84.65
19:10:32 75.99   57.54   77.79   84.54
19:11:35 75.88   57.31   77.79   84.31
19:12:39 75.88   56.98   77.79   84.31
19:13:42 75.88   57.31   77.68   84.20
19:14:45 75.76   56.64   77.68   84.09
19:15:49 75.76   57.42   77.68   84.09
19:16:52 75.76   56.86   77.56   83.97
19:17:56 75.76   56.75   77.68   83.86
19:18:59 75.76   56.64   77.68   83.75
19:20:02 75.65   56.75   77.68   83.64
19:21:06 75.76   56.64   77.56   83.64
19:22:09 75.65   56.19   77.56   83.53
19:23:12 75.65   56.30   77.56   83.41
19:24:16 75.65   56.30   77.34   83.41
19:25:19 75.65   56.08   77.45   83.41
19:26:22 75.65   56.41   77.56   83.30
19:27:26 75.65   56.41   77.56   83.19
19:28:29 75.54   55.85   77.45   83.19
19:29:32 75.54   56.19   77.34   83.08
19:30:36 75.65   55.96   77.45   82.96
19:31:39 75.65   55.74   77.45   82.96
19:32:42 75.54   55.96   77.45   82.96
19:33:46 75.65   55.63   77.56   82.96
19:34:49 75.43   55.63   77.45   82.85
19:35:52 75.54   56.19   77.45   82.74
19:36:56 75.43   56.08   77.34   82.74
19:37:59 75.43   64.51   77.34   82.74
19:39:02 75.54   65.86   77.34   82.74
19:40:06 75.65   66.88   77.34   82.63
19:41:09 75.76   67.44   77.34   82.63
19:42:12 75.88   67.89   77.34   82.51
19:43:16 75.88   68.68   77.45   82.63
19:44:19 75.99   63.28   77.56   82.63
19:45:22 75.88   59.11   77.56   82.51
19:46:26 75.76   58.33   77.56   83.97
19:47:29 75.65   58.10   77.56   86.45
19:48:33 75.65   57.99   77.56   86.68
19:49:36 75.65   57.99   77.56   86.45
19:50:39 75.76   57.65   77.56   86.11
19:51:43 75.65   57.31   77.45   85.78
19:52:46 75.54   57.09   77.34   85.55
19:53:49 75.54   56.19   77.45   85.44
19:54:53 75.54   56.30   77.45   85.33
19:55:56 75.54   56.53   77.45   85.21
19:56:59 75.43   56.30   77.34   84.76
19:58:03 75.54   56.08   77.34   84.76
19:59:06 75.43   56.41   77.22   84.65
20:00:09 75.31   56.19   77.22   84.54
20:01:13 75.31   55.85   77.22   84.31
20:02:16 75.31   55.63   77.22   84.43
20:03:19 75.31   55.40   77.22   84.31
20:04:23 75.31   55.85   77.22   84.20
20:05:26 75.31   55.96   77.22   84.20
20:06:29 75.20   55.74   77.11   84.09
20:07:33 75.20   55.40   77.11   83.86
20:08:36 75.20   55.51   77.11   83.64
20:09:39 75.20   55.85   77.00   83.41
20:10:43 75.20   55.40   77.11   83.41
20:11:46 75.20   55.29   77.00   83.30
20:12:49 75.20   55.40   77.11   83.19
20:13:53 75.20   55.40   77.00   83.08
20:14:56 75.20   55.17   77.11   82.96
20:15:59 75.20   55.29   77.11   85.66
20:17:03 75.43   55.17   77.00   95.45
20:18:06 75.43   55.40   77.00   96.58
20:19:09 75.31   55.17   77.11   95.45
20:20:13 75.20   55.17   77.00   94.33
20:21:16 75.20   55.40   77.11   93.54
20:22:20 75.20   55.06   77.22   92.41
20:23:23 75.09   55.06   77.22   91.85
20:24:26 75.09   55.06   77.00   91.06
20:25:30 75.09   54.95   77.11   90.50
20:26:33 75.09   55.06   77.00   89.94
20:27:36 74.97   54.73   77.22   89.49
20:28:40 74.97   54.95   77.22   89.04
20:29:43 75.09   54.73   77.11   88.70
20:30:46 74.97   54.84   77.11   88.47
20:31:50 74.97   54.73   77.11   88.03
20:32:53 74.97   54.61   77.22   87.80
20:33:56 74.97   54.73   77.11   87.46
20:35:00 74.86   54.61   77.00   87.24
20:36:03 74.97   54.61   77.00   86.90
20:37:06 74.86   54.73   77.00   86.68
20:38:10 74.97   54.73   77.00   86.34
20:39:13 74.86   54.61   77.00   86.00
20:40:16 74.86   54.61   77.00   85.89
20:41:20 74.97   54.61   77.11   85.55
20:42:23 74.97   54.73   76.89   90.50
20:43:26 74.86   54.61   77.00   104.56
20:44:30 74.86   54.50   77.00   107.38
20:45:33 74.86   54.61   77.00   108.16
20:46:36 74.86   54.50   77.00   108.39
20:47:40 74.86   54.50   77.00   108.50
20:48:43 74.97   54.61   77.00   108.95
20:49:46 74.97   54.73   77.00   109.51
20:50:50 75.09   54.39   76.89   109.85
20:51:53 74.97   54.84   76.78   110.19
20:52:57 75.09   54.61   77.00   110.53
20:54:00 75.09   54.73   76.89   110.75
20:55:03 75.09   54.73   77.00   110.86
20:56:07 75.20   54.61   76.89   110.86
20:57:10 75.09   54.73   76.89   111.09
20:58:13 75.09   54.61   77.00   111.09
20:59:17 75.09   54.95   76.89   111.09
21:00:20 75.20   54.84   76.89   111.20
21:01:23 75.20   54.73   76.89   111.43
21:02:27 75.20   54.84   76.89   110.98
21:03:30 75.31   54.95   76.89   110.30
21:04:33 75.43   57.76   76.89   109.51
21:05:37 75.43   57.99   76.89   108.84
21:06:40 75.43   57.54   76.89   107.83
21:07:43 75.43   57.09   77.00   107.04
21:08:47 75.31   56.86   76.89   106.14
21:09:50 75.31   56.64   76.78   105.35
21:10:53 75.31   56.53   76.78   104.68
21:11:57 75.31   56.30   76.78   103.89
21:13:00 75.31   55.85   76.78   103.21
21:14:03 75.20   55.85   76.89   102.43
21:15:07 75.20   55.74   76.78   101.64
21:16:10 75.20   55.63   76.78   100.96
21:17:13 75.09   55.51   76.55   100.29
21:18:17 75.09   55.74   76.66   108.73
21:19:20 75.20   55.17   76.78   110.75
21:20:23 75.20   55.17   76.78   109.96
21:21:27 75.09   55.17   76.89   108.73
21:22:30 75.09   55.51   76.78   107.38
21:23:34 75.31   65.30   76.78   106.25
21:24:37 75.43   65.97   76.89   105.24
21:25:40 75.43   66.65   76.78   104.34
21:26:44 75.43   67.10   76.78   103.55
21:27:47 75.43   67.66   76.89   102.76
21:28:50 75.54   67.44   76.89   101.98
21:29:54 75.43   61.03   76.78   101.19
21:30:57 75.43   58.21   76.78   100.51
21:32:00 75.20   57.65   76.78   99.95
21:33:04 75.20   57.42   76.89   99.39
21:34:07 75.09   57.20   76.78   98.71
21:35:10 75.09   56.98   76.89   98.26
21:36:14 75.09   56.64   76.89   97.59
21:37:17 74.97   56.41   76.89   97.03
21:38:20 75.09   56.30   76.78   96.69
21:39:24 74.97   56.19   76.89   96.13
21:40:27 74.97   55.63   76.78   95.79
21:41:30 75.09   55.74   76.89   95.34
21:42:34 74.97   55.74   76.78   94.89
21:43:37 74.97   55.51   76.78   94.55
21:44:40 74.97   55.51   76.78   93.99
21:45:44 74.86   54.95   76.78   109.18
21:46:47 74.86   55.06   76.78   111.20
21:47:50 74.97   55.06   76.89   111.20
21:48:54 74.86   54.95   76.78   110.75
21:49:57 74.75   55.17   76.78   110.19
21:51:00 74.86   54.73   76.78   109.96
21:52:04 74.86   54.73   76.89   110.08
21:53:07 74.86   54.95   76.78   110.41
21:54:10 74.86   54.95   76.89   110.75
21:55:14 74.86   55.06   76.78   111.09
21:56:17 74.86   54.73   76.78   110.75
21:57:21 75.20   57.31   76.78   110.19
21:58:24 75.31   57.76   76.78   109.51
21:59:27 75.31   57.54   76.78   108.61
22:00:31 75.31   57.31   76.78   107.83
22:01:34 75.20   57.09   76.78   106.93
22:02:37 75.20   56.75   76.78   106.14
22:03:41 75.20   56.64   76.66   105.35
22:04:44 75.31   56.41   76.66   104.68
22:05:47 75.20   56.41   76.66   103.78
22:06:51 75.20   56.19   76.66   102.99
22:07:54 75.20   56.19   76.55   102.20
22:08:57 75.20   55.63   76.66   101.53
22:10:01 75.09   55.17   76.66   100.85
22:11:04 75.09   55.17   76.66   110.41
22:12:07 75.09   55.85   76.66   113.00
22:13:11 75.09   55.85   76.78   112.55
22:14:14 74.97   55.51   76.66   111.43
22:15:17 74.97   55.63   76.55   110.41
22:16:21 74.86   55.51   76.66   109.40
22:17:24 74.97   55.17   76.66   108.39
22:18:27 74.86   55.17   76.66   107.38
22:19:31 74.86   55.06   76.55   106.48
22:20:34 74.86   54.84   76.66   105.58
22:21:37 74.86   54.95   76.66   104.79
22:22:41 74.86   54.95   76.66   103.89
22:23:44 74.75   54.84   76.66   103.21
22:24:47 74.75   54.95   76.66   102.54
22:25:51 74.86   54.73   76.55   101.75
22:26:54 74.75   54.73   76.55   101.08
22:27:57 74.64   54.73   76.55   100.51
22:29:01 74.75   54.73   76.55   107.71
22:30:04 74.75   54.84   76.55   113.00
22:31:07 74.75   54.73   76.44   113.90
22:32:11 74.64   54.50   76.55   113.56
22:33:14 74.64   54.50   76.44   112.89
22:34:18 74.64   54.50   76.55   111.99
22:35:21 74.64   54.50   76.55   111.20
22:36:24 74.64   54.61   76.44   110.19
22:37:28 74.64   54.50   76.44   109.18
22:38:31 74.75   54.39   76.55   108.28
22:39:34 74.53   54.50   76.55   107.38
22:40:38 74.64   54.50   76.44   106.48
22:41:41 74.53   54.16   76.55   105.46
22:42:44 74.53   54.39   76.33   104.68
22:43:48 74.53   54.39   76.55   103.78
22:44:51 74.53   54.39   76.55   103.10
22:45:54 74.53   54.28   76.55   102.43
22:46:58 74.53   54.39   76.55   101.75
22:48:01 74.53   54.39   76.55   101.08
22:49:04 74.41   54.05   76.55   100.40
22:50:08 74.41   54.16   76.55   99.84
22:51:11 74.41   54.16   76.33   99.16
22:52:14 74.53   54.05   76.44   98.60
22:53:18 74.53   54.05   76.44   98.04
22:54:21 74.53   54.05   76.44   97.48
22:55:24 74.41   53.94   76.33   97.03
22:56:28 74.53   53.94   76.44   96.46
22:57:31 74.53   54.16   76.55   95.90
22:58:34 74.41   54.05   76.44   95.34
22:59:38 74.30   54.16   76.33   94.89
23:00:41 74.30   54.05   76.33   94.44
23:01:44 74.41   53.94   76.33   94.10
23:02:48 74.41   53.83   76.44   93.76
23:03:51 74.30   53.94   76.44   93.31
23:04:54 74.41   53.83   76.33   92.97
23:05:58 74.41   54.05   76.44   92.53
23:07:01 74.30   53.83   76.44   92.19
23:08:05 74.30   53.71   76.44   91.96
23:09:08 74.19   53.71   76.33   107.15
23:10:11 74.19   53.71   76.44   110.30
23:11:15 74.19   53.71   76.44   110.08
23:12:18 74.08   53.71   76.44   109.18
23:13:21 74.08   53.60   76.44   108.16
23:14:25 74.19   53.71   76.33   107.04
23:15:28 74.08   53.49   76.33   105.91
23:16:31 74.08   53.49   76.21   105.01
23:17:35 73.96   53.49   76.21   104.11
23:18:38 73.96   53.49   76.21   103.33
23:19:41 73.96   53.38   76.21   102.43
23:20:45 73.96   53.38   76.21   101.53
23:21:48 73.96   53.26   76.21   100.63
23:22:51 73.96   53.26   76.21   99.95
23:23:55 73.96   53.26   76.21   99.28
23:24:58 73.85   53.26   76.21   98.71
23:26:01 73.85   53.26   76.33   98.04
23:27:05 73.85   53.15   76.21   97.48
23:28:08 73.85   53.15   76.10   97.03
23:29:11 73.74   53.15   76.10   96.46
23:30:15 73.85   53.15   76.10   95.90
23:31:18 73.74   53.15   76.10   95.45
23:32:21 73.74   53.15   76.10   95.00
23:33:25 73.63   53.04   76.10   94.55
23:34:28 73.74   53.04   76.10   93.99
23:35:31 73.63   53.04   75.99   93.65
23:36:35 73.63   52.92   75.99   93.20
23:37:38 73.63   53.04   75.99   92.75
23:38:42 73.63   52.92   75.99   92.30
23:39:45 73.51   53.04   75.99   91.96
23:40:48 73.51   52.92   76.10   91.63
23:41:52 73.51   52.92   75.99   91.29
23:42:55 73.51   52.81   75.99   90.95
23:43:58 73.51   52.81   75.99   90.61
23:45:02 73.51   52.81   75.99   90.28
23:46:05 73.51   52.81   75.88   89.94
23:47:08 73.40   52.81   75.88   89.60
23:48:12 73.40   52.70   75.88   89.26
23:49:15 73.40   52.70   75.88   89.04
23:50:18 73.40   52.70   75.76   88.70
23:51:22 73.40   52.70   75.76   88.36
23:52:25 73.40   52.70   75.76   88.25
23:53:28 73.40   52.59   75.76   88.03
23:54:32 73.40   52.59   75.88   87.80
23:55:35 73.40   52.59   75.76   87.46
23:56:38 73.40   52.59   75.88   87.13
23:57:42 73.40   52.48   75.76   87.01
23:58:45 73.40   52.59   75.76   86.68
23:59:48 73.29   52.48   75.76   86.56
