00:00:05 71.26   49.44   74.53   83.30
00:01:08 71.26   49.21   74.86   83.19
00:02:12 71.15   49.33   74.53   83.08
00:03:15 71.15   49.33   74.64   82.85
00:04:18 71.15   49.33   74.64   82.63
00:05:22 71.15   49.33   74.41   82.40
00:06:25 71.04   49.21   74.30   82.18
00:07:28 71.15   49.10   74.41   82.06
00:08:32 71.04   49.10   74.41   81.95
00:09:35 71.04   49.10   74.41   81.72
00:10:38 71.04   49.10   74.30   81.61
00:11:42 70.93   49.10   74.19   81.50
00:12:45 70.93   48.99   74.41   81.28
00:13:48 70.81   48.99   74.53   81.16
00:14:52 70.93   58.78   74.53   80.83
00:15:55 71.04   61.25   74.30   80.60
00:16:58 71.26   62.15   74.53   80.49
00:18:02 71.38   62.83   74.53   80.38
00:19:05 71.38   63.61   74.41   80.38
00:20:08 71.49   64.74   74.64   80.26
00:21:12 71.60   66.09   74.64   80.15
00:22:15 71.60   61.81   74.08   80.04
00:23:18 71.71   55.85   74.53   80.04
00:24:22 71.49   52.81   74.64   79.93
00:25:25 71.38   52.25   74.64   79.93
00:26:29 71.26   52.03   74.64   79.81
00:27:32 71.15   51.69   74.64   79.70
00:28:35 71.15   51.46   74.41   79.70
00:29:39 71.04   51.13   74.30   79.47
00:30:42 71.04   51.01   74.64   79.36
00:31:45 70.93   50.56   74.75   79.25
00:32:49 70.93   51.80   74.41   79.14
00:33:52 70.93   62.04   74.53   79.14
00:34:55 71.04   63.61   74.53   79.03
00:35:59 71.15   64.51   74.30   79.03
00:37:02 71.26   65.30   74.41   79.03
00:38:05 71.38   66.54   74.30   79.03
00:39:09 71.49   68.11   74.30   79.03
00:40:12 71.49   69.69   74.19   78.91
00:41:15 71.60   70.81   74.30   78.80
00:42:19 71.71   71.83   74.41   78.80
00:43:22 71.83   72.50   74.41   78.58
00:44:25 71.83   73.06   74.41   78.58
00:45:29 71.94   73.40   74.30   78.69
00:46:32 71.94   73.74   74.53   78.69
00:47:35 72.05   73.85   74.64   78.69
00:48:39 72.16   74.08   74.75   78.80
00:49:42 72.16   61.59   74.86   78.80
00:50:45 72.05   55.63   74.64   78.69
00:51:49 71.94   53.26   74.64   78.69
00:52:52 71.71   52.92   74.75   78.69
00:53:55 71.49   52.48   74.30   78.69
00:54:59 71.49   52.48   74.64   78.58
00:56:02 71.38   62.04   74.64   78.69
00:57:05 71.38   64.74   74.53   78.58
00:58:09 71.60   66.99   74.53   78.58
00:59:12 71.60   70.03   74.41   78.58
01:00:16 71.60   72.16   74.53   78.69
01:01:19 71.71   73.51   74.53   78.58
01:02:22 71.83   73.96   74.41   78.58
01:03:26 71.94   74.19   74.64   78.58
01:04:29 72.05   74.30   74.53   78.46
01:05:32 72.16   74.41   74.64   78.46
01:06:36 72.16   74.53   74.86   78.58
01:07:39 72.16   74.64   74.86   78.69
01:08:42 72.28   74.64   74.86   78.58
01:09:46 72.28   74.75   74.75   78.58
01:10:49 72.28   74.75   74.75   78.58
01:11:52 72.39   74.75   74.75   78.58
01:12:56 72.28   74.75   74.86   78.69
01:13:59 72.39   74.86   74.75   78.69
01:15:02 72.39   74.86   74.75   78.91
01:16:06 72.50   74.86   74.64   78.91
01:17:13 72.50   74.86   74.86   78.91
01:18:16 72.39   74.97   74.97   78.91
01:19:19 72.50   74.97   74.97   78.91
01:20:23 72.61   74.97   74.86   78.80
01:21:26 72.61   74.97   75.20   78.80
01:22:29 72.61   74.97   74.97   78.80
01:23:33 72.61   74.97   74.97   78.91
01:24:36 72.72   75.09   75.09   78.80
01:25:39 72.61   75.09   74.97   78.91
01:26:43 72.72   75.09   74.97   78.91
01:27:46 72.61   75.09   74.97   78.91
01:28:49 72.72   75.09   75.09   78.91
01:29:53 72.72   75.09   75.09   78.80
01:30:56 72.72   75.09   75.09   78.80
01:31:59 72.72   75.20   75.09   78.91
01:33:03 72.72   75.20   75.09   78.91
01:34:06 72.84   75.20   75.20   79.03
01:35:09 72.84   75.20   75.31   79.03
01:36:13 72.84   75.20   74.97   79.03
01:37:16 72.84   75.20   75.20   79.14
01:38:19 72.84   75.20   75.31   79.03
01:39:23 72.84   75.31   75.09   79.03
01:40:26 72.95   75.31   75.09   79.14
01:41:29 72.95   75.31   75.54   79.03
01:42:33 72.95   75.31   75.43   79.03
01:43:36 72.84   75.31   75.31   79.14
01:44:39 72.95   75.31   75.20   79.14
01:45:43 72.95   75.43   75.43   79.14
01:46:46 72.95   75.43   75.54   79.14
01:47:50 72.95   75.43   75.43   79.14
01:48:53 72.95   75.43   75.43   79.25
01:49:56 72.95   75.43   75.43   79.25
01:51:00 72.95   75.43   75.31   79.14
01:52:03 72.95   75.43   75.65   79.14
01:53:06 72.95   75.43   75.43   79.25
01:54:10 73.06   75.43   75.31   79.36
01:55:13 72.95   75.43   75.65   79.36
01:56:16 72.95   75.54   75.20   79.47
01:57:20 72.95   75.54   75.54   79.47
01:58:23 73.06   75.54   75.43   79.47
01:59:26 72.95   75.54   75.54   79.36
02:00:30 72.95   75.54   75.31   79.36
02:01:33 72.95   75.54   75.54   79.36
02:02:36 73.06   75.54   75.76   79.36
02:03:40 73.06   75.54   75.76   79.36
02:04:43 72.95   75.54   75.76   79.47
02:05:46 73.06   75.54   75.54   79.36
02:06:50 72.95   75.54   75.65   79.36
02:07:53 73.06   75.65   75.54   79.47
02:08:56 72.95   75.65   75.54   79.47
02:10:00 73.06   75.65   75.65   79.59
02:11:03 73.06   75.65   75.76   79.70
02:12:06 73.06   75.65   75.88   79.70
02:13:10 73.06   75.65   75.88   79.81
02:14:13 73.06   75.65   75.76   79.70
02:15:16 73.06   75.65   75.65   79.59
02:16:20 73.06   75.65   75.54   79.59
02:17:23 73.06   75.65   75.54   79.70
02:18:26 73.06   75.65   75.76   79.70
02:19:30 73.18   75.76   75.65   79.70
02:20:33 73.18   75.65   75.88   79.70
02:21:40 73.18   75.65   75.54   79.70
02:22:43 73.18   75.65   75.65   79.70
02:23:47 73.18   75.65   75.54   79.70
02:24:50 73.18   75.76   75.65   79.70
02:25:53 73.18   75.76   75.65   79.70
02:26:57 73.18   75.76   75.54   79.70
02:28:00 73.29   75.88   75.54   79.81
02:29:03 73.18   75.88   75.65   79.81
02:30:07 73.18   75.88   75.76   79.81
02:31:10 73.18   75.88   75.76   79.81
02:32:13 73.18   75.65   75.76   79.81
02:33:17 73.18   75.65   75.76   79.81
02:34:20 73.29   75.76   75.76   79.81
02:35:23 73.29   75.76   75.76   79.81
02:36:27 73.29   75.88   75.88   79.93
02:37:30 73.18   75.88   75.88   79.93
02:38:34 73.29   75.88   75.76   79.81
02:39:37 73.18   75.88   75.65   79.81
02:40:40 73.29   75.88   75.76   79.81
02:41:44 73.29   75.88   76.10   79.81
02:42:47 73.29   75.88   76.10   79.93
02:43:50 73.29   75.88   75.99   79.93
02:44:54 73.29   75.88   76.10   79.93
02:45:57 73.29   75.88   75.88   79.93
02:47:00 73.29   75.88   75.99   79.93
02:48:04 73.29   75.99   75.88   79.93
02:49:07 73.29   75.88   75.99   80.15
02:50:10 73.29   75.99   75.76   80.04
02:51:14 73.29   75.99   75.88   80.04
02:52:17 73.29   75.99   75.88   80.04
02:53:20 73.29   75.99   76.10   80.15
02:54:24 73.29   75.99   75.88   80.04
02:55:27 73.40   75.99   76.10   80.15
02:56:30 73.29   75.99   75.99   80.15
02:57:34 73.29   75.99   75.99   80.04
02:58:37 73.40   75.99   76.10   80.04
02:59:40 73.40   75.99   75.99   80.04
03:00:44 73.40   75.99   75.99   80.04
03:01:47 73.40   75.99   75.76   80.15
03:02:50 73.51   75.99   75.88   80.15
03:03:54 73.51   75.99   75.88   80.15
03:04:57 73.51   75.99   75.65   80.15
03:06:00 73.51   76.10   75.99   80.15
03:07:04 73.51   76.10   75.76   80.26
03:08:07 73.51   76.10   75.76   80.26
03:09:10 73.51   76.10   76.21   80.26
03:10:14 73.51   75.99   75.88   80.38
03:11:17 73.51   76.10   76.10   80.49
03:12:21 73.51   76.10   75.99   80.38
03:13:24 73.51   76.10   75.88   80.38
03:14:27 73.51   76.10   76.10   80.38
03:15:31 73.51   76.10   76.21   80.38
03:16:34 73.51   76.10   76.21   80.49
03:17:37 73.51   76.10   76.21   80.49
03:18:41 73.51   76.10   76.33   80.49
03:19:44 73.40   76.21   76.21   80.49
03:20:47 73.51   76.21   76.10   80.49
03:21:51 73.51   76.21   76.21   80.49
03:22:54 73.51   76.21   75.99   80.38
03:23:57 73.51   76.21   75.99   80.49
03:25:01 73.51   76.21   75.99   80.49
03:26:04 73.51   76.33   76.21   80.49
03:27:07 73.51   76.33   75.99   80.38
03:28:11 73.51   76.33   76.10   80.49
03:29:14 73.51   76.21   76.21   80.49
03:30:17 73.51   76.33   76.21   80.38
03:31:21 73.51   76.33   75.99   80.26
03:32:24 73.51   76.44   75.99   80.38
03:33:27 73.51   76.44   76.21   80.49
03:34:31 73.63   76.44   76.33   80.49
03:35:34 73.63   76.44   76.33   80.38
03:36:37 73.51   76.44   76.21   80.38
03:37:41 73.63   76.44   76.21   80.38
03:38:44 73.51   76.44   76.33   80.49
03:39:48 73.51   76.44   76.10   80.49
03:40:51 73.51   76.44   76.44   80.60
03:41:54 73.51   76.55   76.44   80.71
03:42:58 73.51   76.44   76.21   80.60
03:44:01 73.51   76.44   76.33   80.60
03:45:04 73.51   76.44   76.44   80.71
03:46:08 73.51   76.55   76.21   80.71
03:47:11 73.63   76.44   76.21   80.71
03:48:14 73.63   76.44   76.44   80.71
03:49:18 73.63   76.44   76.44   80.60
03:50:21 73.63   76.55   76.33   80.60
03:51:24 73.63   76.44   76.33   80.60
03:52:28 73.63   76.55   76.44   80.60
03:53:34 73.63   76.55   76.21   80.71
03:54:41 73.63   76.55   76.33   80.71
03:55:48 73.63   76.55   76.44   80.71
03:56:55 73.63   76.55   76.44   80.71
03:57:58 73.63   76.55   76.44   80.71
03:59:02 73.74   76.55   76.55   80.60
04:00:05 73.74   76.55   76.55   80.71
04:01:08 73.63   76.55   76.44   80.71
04:02:12 73.63   76.55   76.55   80.71
04:03:15 73.63   76.55   76.44   80.71
04:04:18 73.63   76.55   76.21   80.83
04:05:22 73.63   76.55   76.55   80.83
04:06:25 73.74   76.55   76.55   80.83
04:07:28 73.63   76.55   76.44   80.71
04:08:32 73.63   76.55   76.33   80.71
04:09:35 73.74   76.55   76.44   80.71
04:10:38 73.63   76.55   76.55   80.83
04:11:42 73.63   76.55   76.55   80.83
04:12:45 73.63   76.55   76.55   80.83
04:13:49 73.74   76.55   76.55   80.94
04:14:52 73.63   76.55   76.66   81.05
04:15:55 73.74   76.55   76.66   80.94
04:16:59 73.74   76.55   76.44   80.94
04:18:02 73.63   76.55   76.55   80.94
04:19:05 73.63   76.55   76.55   80.83
04:20:09 73.63   76.55   76.55   80.83
04:21:12 73.63   76.55   76.55   80.83
04:22:15 73.63   76.55   76.55   80.83
04:23:22 73.74   76.55   76.44   80.94
04:24:25 73.63   76.55   76.55   80.94
04:25:29 73.74   76.66   76.55   80.71
04:26:32 73.74   76.66   76.55   80.83
04:27:35 73.74   76.66   76.44   80.83
04:28:39 73.74   76.66   76.44   80.94
04:29:42 73.74   76.55   76.44   81.05
04:30:45 73.74   76.66   76.55   80.94
04:31:49 73.74   76.66   76.55   80.94
04:32:52 73.74   76.66   76.78   80.94
04:33:56 73.85   76.66   76.66   80.83
04:34:59 73.85   76.66   76.78   80.94
04:36:02 73.74   76.66   76.78   81.05
04:37:06 73.85   76.66   76.66   81.05
04:38:09 73.74   76.66   76.66   80.94
04:39:12 73.74   76.66   76.55   80.94
04:40:16 73.74   76.66   76.66   81.05
04:41:19 73.74   76.66   76.66   81.16
04:42:22 73.85   76.66   76.44   81.05
04:43:29 73.85   76.78   76.78   80.94
04:44:32 73.85   76.66   76.89   81.05
04:45:36 73.85   76.78   76.66   81.05
04:46:39 73.85   76.66   76.66   81.05
04:47:42 73.85   76.66   76.89   81.05
04:48:49 73.74   76.66   77.00   81.05
04:49:53 73.85   76.66   76.55   96.46
04:50:56 73.85   76.66   76.66   102.43
04:51:59 73.74   76.78   76.89   103.89
04:53:03 73.85   76.66   76.66   104.34
04:54:06 73.85   76.78   76.66   104.68
04:55:09 73.74   76.78   76.78   105.01
04:56:13 73.85   76.78   76.89   105.46
04:57:16 73.85   76.78   76.55   105.35
04:58:19 73.96   76.78   76.66   106.59
04:59:23 73.85   76.78   76.66   107.26
05:00:26 73.96   76.78   76.78   107.94
05:01:29 73.96   76.89   76.55   108.39
05:02:33 73.96   76.89   76.66   108.39
05:03:36 74.08   76.89   76.66   107.83
05:04:40 73.96   76.89   76.78   107.15
05:05:43 73.96   76.89   76.89   106.36
05:06:46 74.08   76.89   76.89   105.69
05:07:50 73.96   77.00   76.78   105.01
05:08:53 74.08   77.00   76.66   104.34
05:09:56 74.08   77.00   76.78   103.66
05:11:03 74.08   77.11   76.78   102.88
05:12:06 74.08   77.00   76.89   102.20
05:13:13 74.08   77.00   76.78   101.41
05:14:17 74.08   77.00   76.89   100.96
05:15:20 74.19   77.11   76.66   100.40
05:16:23 74.08   77.11   76.78   99.84
05:17:27 74.08   77.00   76.66   99.28
05:18:30 74.19   77.00   76.89   98.83
05:19:33 74.08   77.11   76.78   98.38
05:20:37 74.19   77.00   76.66   97.81
05:21:40 74.19   77.00   77.00   97.48
05:22:43 74.19   77.00   76.89   97.59
05:23:47 74.19   77.00   76.89   99.16
05:24:50 74.19   77.00   76.78   99.05
05:25:53 74.19   77.11   76.78   98.60
05:27:00 74.19   77.11   76.78   98.04
05:28:04 74.08   77.11   76.89   97.70
05:29:07 74.19   77.11   77.11   97.25
05:30:10 74.19   77.11   77.00   96.69
05:31:17 74.08   77.00   77.11   96.35
05:32:21 74.19   77.11   77.00   96.01
05:33:24 74.19   77.00   76.89   95.68
05:34:27 74.19   77.00   76.89   95.34
05:35:31 74.08   77.00   76.78   95.00
05:36:34 74.19   77.00   77.00   94.55
05:37:37 74.19   77.00   76.89   94.21
05:38:41 74.19   77.00   76.78   93.88
05:39:44 74.19   77.11   76.66   93.54
05:40:47 74.19   77.11   77.00   93.20
05:41:51 74.19   77.00   76.78   92.86
05:42:54 74.19   77.00   77.22   92.75
05:43:57 74.19   77.11   77.00   92.53
05:45:01 74.19   77.11   77.11   92.30
05:46:04 74.19   77.11   77.00   91.96
05:47:07 74.19   77.11   76.89   91.74
05:48:11 74.19   77.11   76.89   91.40
05:49:18 74.19   77.11   77.00   91.29
05:50:21 74.08   77.00   77.00   90.95
05:51:24 74.19   77.00   77.11   90.72
05:52:28 74.19   77.11   77.00   90.50
05:53:31 74.08   77.11   76.89   90.28
05:54:34 74.08   77.00   77.00   90.05
05:55:38 74.08   77.00   77.00   89.94
05:56:41 74.08   77.00   77.00   89.71
05:57:44 74.19   77.11   77.00   89.60
05:58:48 74.19   77.11   77.11   89.38
05:59:51 74.19   77.11   77.00   89.15
06:00:54 74.08   77.00   77.11   89.04
06:01:58 74.19   77.11   77.11   88.81
06:03:01 74.19   77.00   77.22   88.59
06:04:04 74.19   77.11   76.89   88.59
06:05:08 74.19   77.00   77.11   88.36
06:06:11 74.19   77.11   77.11   88.25
06:07:14 74.19   77.11   76.89   88.14
06:08:18 74.19   77.11   77.00   87.91
06:09:21 74.19   77.11   77.11   87.91
06:10:24 74.19   77.11   76.78   87.69
06:11:28 74.19   77.11   77.00   87.58
06:12:31 74.19   77.11   77.22   87.35
06:13:35 74.30   77.11   77.11   87.24
06:14:38 74.19   77.11   77.00   87.24
06:15:41 74.30   77.11   77.11   87.13
06:16:45 74.19   77.11   77.00   86.90
06:17:48 74.30   77.11   77.00   86.90
06:18:51 74.30   77.11   77.34   86.90
06:19:55 74.19   77.11   77.22   86.79
06:21:01 74.30   77.11   77.11   86.56
06:22:05 74.30   77.22   77.00   86.45
06:23:08 74.30   77.22   77.00   86.34
06:24:11 74.30   77.22   77.11   86.34
06:25:15 74.19   77.22   76.89   86.22
06:26:18 74.30   77.22   76.89   86.11
06:27:22 74.41   77.22   77.00   86.00
06:28:25 74.30   77.22   77.11   85.89
06:29:28 74.30   77.22   77.00   85.78
06:30:32 74.30   77.22   77.22   85.78
06:31:35 74.41   77.22   77.00   85.78
06:32:38 74.30   77.22   77.22   85.55
06:33:42 74.30   77.22   77.11   85.55
06:34:45 74.30   77.22   77.00   85.44
06:35:48 74.30   77.22   77.11   85.33
06:36:52 74.41   77.22   77.00   85.21
06:37:55 74.30   77.22   77.22   85.21
06:38:58 74.30   77.22   77.22   85.33
06:40:02 74.41   77.22   77.11   85.21
06:41:05 74.41   77.22   77.11   85.21
06:42:08 74.30   77.22   76.89   85.10
06:43:12 74.30   77.22   77.22   84.99
06:44:15 74.30   77.22   77.11   84.99
06:45:18 74.30   77.22   77.11   84.88
06:46:22 74.30   77.22   77.22   84.88
06:47:25 74.30   77.22   77.22   84.88
06:48:28 74.30   77.22   77.34   84.88
06:49:32 74.30   77.22   77.22   84.76
06:50:35 74.30   77.22   77.34   84.76
06:51:38 74.30   77.22   77.22   84.76
06:52:42 74.41   77.22   77.22   84.88
06:53:45 74.41   77.22   77.22   84.76
06:54:48 74.41   77.22   76.89   84.54
06:55:52 74.41   77.22   77.11   84.54
06:56:59 74.30   77.22   77.11   84.54
06:58:02 74.41   77.22   77.22   84.43
06:59:09 74.41   77.22   77.00   84.43
07:00:12 74.41   77.22   77.22   84.31
07:01:16 74.30   77.22   77.34   84.20
07:02:19 74.30   77.22   77.22   84.20
07:03:22 74.30   77.22   77.22   84.20
07:04:26 74.30   77.22   77.22   84.20
07:05:29 74.30   77.22   77.11   84.20
07:06:32 74.30   77.22   77.22   84.09
07:07:36 74.30   77.22   77.11   84.09
07:08:39 74.30   77.22   77.34   83.97
07:09:42 74.41   77.22   77.34   83.97
07:10:46 74.30   77.22   77.22   83.97
07:11:49 74.30   77.22   77.22   83.86
07:12:52 74.30   77.22   77.34   83.86
07:13:56 74.30   77.22   77.34   83.86
07:14:59 74.30   77.22   77.34   83.86
07:16:02 74.41   77.22   77.34   83.97
07:17:06 74.30   77.22   77.22   83.97
07:18:09 74.41   77.22   77.45   83.86
07:19:12 74.30   77.22   77.22   83.86
07:20:16 74.30   77.22   77.34   83.86
07:21:19 74.30   77.22   77.45   83.75
07:22:22 74.30   77.22   77.34   83.75
07:23:26 74.41   77.22   77.34   83.64
07:24:29 74.30   77.22   77.11   83.75
07:25:33 74.41   77.34   77.22   83.75
07:26:36 74.41   77.22   77.00   83.75
07:27:39 74.41   77.22   77.45   83.75
07:28:43 74.30   77.22   77.34   83.75
07:29:46 74.30   77.22   77.22   83.64
07:30:49 74.41   77.22   77.11   83.64
07:31:53 74.41   77.22   77.34   83.64
07:32:56 74.41   77.22   77.34   83.64
07:33:59 74.41   77.34   77.34   83.53
07:35:03 74.53   77.34   77.56   83.53
07:36:06 74.41   77.34   77.34   83.53
07:37:09 74.41   77.34   77.00   101.19
07:38:13 74.53   77.34   77.22   104.56
07:39:16 74.41   77.34   77.22   104.34
07:40:19 74.53   77.34   77.34   103.55
07:41:26 74.41   77.34   77.56   102.65
07:42:30 74.53   77.34   77.34   101.86
07:43:33 74.53   77.34   77.34   100.85
07:44:36 74.53   77.34   77.45   99.95
07:45:40 74.53   77.34   77.34   99.16
07:46:43 74.53   77.34   77.34   98.38
07:47:46 74.53   77.34   77.34   97.70
07:48:50 74.53   77.45   77.45   97.03
07:49:53 74.53   77.34   77.56   96.46
07:50:56 74.53   77.45   77.22   95.90
07:52:00 74.53   77.34   77.56   95.34
07:53:03 74.53   77.34   77.56   94.89
07:54:06 74.53   77.45   77.45   94.55
07:55:10 74.53   77.45   77.45   94.21
07:56:13 74.53   77.34   77.45   93.65
07:57:16 74.53   77.34   77.22   93.31
07:58:20 74.53   77.45   77.34   92.97
07:59:23 74.64   77.45   77.22   92.64
08:00:26 74.64   77.45   77.56   92.41
08:01:30 74.64   77.45   77.22   92.08
08:02:33 74.64   77.45   77.34   91.74
08:03:36 74.64   77.45   77.45   91.51
08:04:40 74.64   77.45   77.34   91.18
08:05:43 74.64   77.45   77.34   90.95
08:06:46 74.64   77.45   77.56   90.72
08:07:53 74.75   77.56   77.45   90.61
08:08:57 74.75   77.45   77.22   90.39
08:10:00 74.75   77.45   77.34   90.16
08:11:03 74.75   77.45   77.45   89.94
08:12:10 74.75   77.56   77.34   89.60
08:13:14 74.75   77.56   77.34   89.38
08:14:17 74.75   77.56   77.45   89.26
08:15:20 74.75   77.56   77.56   89.26
08:16:24 74.75   77.56   77.45   89.04
08:17:27 74.75   77.56   77.56   88.81
08:18:30 74.75   77.56   77.56   88.70
08:19:34 74.75   77.56   77.45   88.59
08:20:37 74.75   77.56   77.45   88.36
08:21:40 74.86   77.56   77.45   88.25
08:22:44 74.86   77.56   77.56   88.14
08:23:47 74.75   77.56   77.56   88.03
08:24:50 74.75   77.56   77.68   87.80
08:25:54 74.75   77.68   77.68   87.80
08:26:57 74.86   77.56   77.45   87.58
08:28:00 74.75   77.56   77.79   87.35
08:29:04 74.86   77.68   77.68   87.24
08:30:07 74.86   77.56   77.68   87.24
08:31:10 74.86   77.68   77.34   87.13
08:32:14 74.86   77.68   77.45   87.01
08:33:17 74.75   77.68   77.90   87.01
08:34:20 74.86   77.68   77.45   86.90
08:35:24 74.86   77.68   77.79   86.79
08:36:27 74.86   77.68   78.01   86.68
08:37:30 74.86   77.68   77.56   86.45
08:38:34 74.86   77.68   77.79   86.45
08:39:37 74.86   77.68   77.68   86.45
08:40:40 74.86   77.68   77.79   86.34
08:41:44 74.86   77.68   77.68   86.34
08:42:47 74.86   77.68   77.34   86.22
08:43:51 74.86   77.68   77.68   86.22
08:44:54 74.86   77.68   77.68   86.11
08:45:57 74.97   77.68   77.68   85.89
08:47:01 74.86   77.68   77.68   85.89
08:48:04 74.86   77.68   77.90   85.78
08:49:07 74.97   77.79   77.68   85.66
08:50:11 74.97   77.68   77.68   85.66
08:51:14 74.97   77.68   77.56   85.55
08:52:17 74.97   77.79   77.56   85.55
08:53:21 74.86   77.79   77.68   85.55
08:54:24 74.97   77.79   77.79   85.44
08:55:27 74.86   77.79   77.56   85.44
08:56:31 74.97   77.68   77.68   85.33
08:57:34 74.97   77.79   77.68   85.44
08:58:37 74.97   77.79   77.68   85.33
08:59:41 74.97   77.79   77.34   85.33
09:00:44 74.97   77.79   77.68   85.21
09:01:47 74.97   77.79   77.68   85.10
09:02:51 74.97   77.79   77.68   85.10
09:03:54 74.97   77.79   77.79   84.99
09:04:57 74.97   77.79   77.79   84.99
09:06:01 74.97   77.79   77.79   84.88
09:07:04 75.09   77.79   77.68   84.88
09:08:07 74.97   77.79   77.79   84.88
09:09:11 75.09   77.79   77.90   84.88
09:10:14 74.97   77.79   77.68   84.88
09:11:17 74.97   77.79   77.90   84.76
09:12:21 74.97   77.79   77.68   84.76
09:13:24 75.09   77.79   77.90   84.76
09:14:28 75.09   77.90   77.90   84.76
09:15:31 75.09   77.79   77.79   84.65
09:16:34 75.09   77.79   77.68   84.65
09:17:38 75.09   77.90   77.90   84.54
09:18:41 75.09   77.90   78.01   84.54
09:19:44 75.09   77.90   77.56   84.54
09:20:48 75.09   77.90   77.79   84.43
09:21:51 75.09   77.90   77.90   84.54
09:22:54 75.09   77.90   77.90   84.43
09:23:58 75.09   77.90   78.01   84.43
09:25:01 75.09   77.90   78.01   84.43
09:26:04 75.20   77.90   78.01   84.43
09:27:08 75.20   77.90   78.01   84.43
09:28:11 75.20   77.90   78.01   84.31
09:29:14 75.20   78.01   77.68   84.43
09:30:18 75.31   78.01   78.13   84.43
09:31:21 75.31   78.01   78.01   84.43
09:32:24 75.31   78.01   78.35   102.88
09:33:28 75.31   78.01   78.13   106.93
09:34:31 75.31   78.01   78.13   107.94
09:35:34 75.31   78.01   78.13   108.16
09:36:38 75.31   78.13   78.01   108.50
09:37:41 75.43   78.13   78.13   109.06
09:38:44 75.43   78.13   78.01   109.63
09:39:48 75.43   78.24   78.13   109.85
09:40:51 75.54   78.24   78.24   110.19
09:41:54 75.54   78.24   78.13   110.41
09:42:58 75.54   78.24   78.24   110.64
09:44:01 75.54   78.35   78.13   110.75
09:45:05 75.65   78.35   78.13   110.86
09:46:08 75.65   78.35   78.13   111.09
09:47:11 75.65   78.46   78.01   111.09
09:48:15 75.76   78.46   78.13   111.20
09:49:18 75.65   78.46   78.35   111.31
09:50:21 75.76   78.58   78.13   111.31
09:51:25 75.76   78.46   78.24   111.20
09:52:28 75.99   78.69   78.24   110.53
09:53:31 76.10   78.91   78.24   109.96
09:54:42 76.10   79.03   78.24   109.18
09:55:45 76.10   78.91   78.35   108.50
09:56:48 76.10   79.03   78.24   107.83
09:57:52 76.10   79.03   78.24   107.04
09:58:55 76.10   78.91   78.24   106.36
09:59:58 76.10   78.91   78.46   105.80
10:01:02 76.10   78.91   78.35   105.24
10:02:05 76.10   79.03   78.35   104.56
10:03:08 76.10   78.91   78.46   103.89
10:04:12 76.10   79.03   78.35   103.33
10:05:15 76.10   79.03   78.35   102.65
10:06:18 76.10   78.91   78.46   102.20
10:07:22 75.99   78.91   78.46   101.75
10:08:25 76.10   78.91   78.46   101.41
10:09:28 76.10   78.91   78.35   100.85
10:10:32 76.10   78.91   78.58   100.51
10:11:35 76.10   78.91   78.46   100.18
10:12:38 76.10   78.91   78.35   99.73
10:13:42 76.10   78.91   78.58   99.28
10:14:45 76.10   78.91   78.46   98.83
10:15:52 76.10   78.91   78.69   98.49
10:16:55 76.10   78.91   78.69   98.04
10:17:59 76.10   78.91   78.46   97.81
10:19:02 76.10   78.91   78.69   97.48
10:20:05 76.21   79.03   78.46   97.25
10:21:09 76.21   79.03   78.46   96.91
10:22:12 76.21   79.03   78.58   97.48
10:23:15 76.21   79.03   78.46   97.48
10:24:19 76.21   79.03   78.69   97.14
10:25:22 76.21   79.03   78.69   96.91
10:26:26 76.21   79.03   78.80   96.69
10:27:29 76.21   79.03   78.80   96.46
10:28:32 76.33   79.03   78.69   96.13
10:29:36 76.33   79.03   78.69   95.79
10:30:39 76.33   79.03   78.91   95.56
10:31:42 76.33   79.14   78.91   95.34
10:32:46 76.33   79.14   79.14   95.00
10:33:49 76.33   79.14   79.14   94.78
10:34:52 76.33   79.14   79.14   94.55
10:35:56 76.33   79.14   79.03   94.33
10:36:59 76.33   79.14   79.03   94.10
10:38:02 76.33   79.14   79.25   93.88
10:39:06 76.33   79.14   79.25   93.54
10:40:09 76.33   79.25   79.47   93.31
10:41:12 76.33   79.25   79.36   93.20
10:42:16 76.33   79.25   79.14   92.86
10:43:19 76.33   79.25   79.25   92.64
10:44:22 76.44   79.25   79.25   92.53
10:45:26 76.44   79.25   79.25   92.30
10:46:29 76.44   79.25   79.47   92.08
10:47:32 76.44   79.36   79.25   91.85
10:48:36 76.44   79.36   79.47   91.63
10:49:39 76.44   79.36   79.25   91.40
10:50:42 76.44   72.28   79.47   91.40
10:51:46 76.44   64.74   79.25   91.06
10:52:49 76.33   61.36   79.47   90.72
10:53:52 76.21   58.89   79.36   90.50
10:54:56 75.99   57.99   79.47   90.28
10:55:59 75.76   57.65   79.25   90.16
10:57:03 75.76   63.95   79.25   90.05
10:58:06 75.65   68.68   79.36   89.83
10:59:09 75.76   71.26   79.59   89.71
11:00:13 75.76   73.40   79.47   89.60
11:01:16 75.76   74.86   79.36   89.49
11:02:19 75.88   75.99   79.59   89.38
11:03:23 75.88   77.45   79.36   89.26
11:04:29 75.99   78.35   79.59   89.15
11:05:33 76.10   78.69   79.70   89.04
11:06:36 76.21   78.91   79.47   89.04
11:07:39 76.21   78.91   79.47   88.93
11:08:43 76.33   79.03   79.59   88.81
11:09:46 76.33   79.03   79.47   88.70
11:10:50 76.44   79.14   79.59   88.59
11:11:53 76.44   79.25   79.70   88.59
11:12:56 76.44   79.25   79.93   88.47
11:14:00 76.44   79.36   79.93   88.36
11:15:03 76.44   79.36   79.81   88.25
11:16:06 76.55   79.36   79.70   88.14
11:17:10 76.55   79.36   79.93   88.03
11:18:13 76.55   79.14   79.81   87.91
11:19:16 76.55   62.38   79.81   87.80
11:20:20 76.44   59.11   79.81   87.58
11:21:23 76.33   58.33   79.93   87.46
11:22:26 76.21   58.10   79.93   87.35
11:23:30 76.10   57.88   80.04   87.13
11:24:33 75.99   57.42   79.81   87.01
11:25:36 75.88   57.20   80.04   101.08
11:26:40 75.76   65.86   79.93   108.05
11:27:43 75.76   68.45   80.04   109.18
11:28:46 75.88   69.46   79.81   109.29
11:29:50 75.99   71.71   79.47   109.29
11:30:53 75.99   73.63   80.04   109.63
11:31:56 76.10   75.54   79.93   110.19
11:33:00 76.33   77.45   79.81   110.64
11:34:03 76.33   78.46   79.93   110.86
11:35:06 76.44   78.91   80.04   110.75
11:36:10 76.66   79.25   79.93   110.30
11:37:13 76.78   79.47   79.81   109.63
11:38:16 76.78   79.59   80.04   108.95
11:39:20 76.89   79.59   79.81   108.16
11:40:23 76.89   79.59   79.93   107.49
11:41:26 77.00   64.51   80.15   106.81
11:42:30 76.89   60.46   80.04   106.03
11:43:33 76.78   59.56   80.04   105.35
11:44:37 76.66   59.23   80.04   104.68
11:45:40 76.44   58.78   80.04   103.89
11:46:43 76.33   58.55   80.04   103.10
11:47:47 76.21   58.21   80.04   102.43
11:48:50 76.10   57.65   80.04   101.75
11:49:53 76.10   57.54   79.81   101.19
11:50:57 75.88   61.92   79.70   100.63
11:52:00 75.99   68.00   80.04   100.18
11:53:03 75.99   69.24   79.81   99.73
11:54:07 75.99   69.91   79.70   99.50
11:55:10 76.10   71.15   79.81   99.05
11:56:13 76.10   72.72   79.81   98.49
11:57:17 76.10   73.85   79.93   97.92
11:58:20 76.21   74.86   79.70   97.48
11:59:23 76.21   75.99   79.93   97.25
12:00:27 76.33   77.45   79.93   96.91
12:01:30 76.44   67.21   80.04   96.69
12:02:33 76.33   60.46   80.04   96.35
12:03:37 76.33   59.11   80.26   96.01
12:04:40 76.10   58.89   80.04   95.68
12:05:43 75.99   58.55   80.15   95.34
12:06:47 75.88   58.10   80.26   95.00
12:07:54 75.76   57.88   80.15   94.55
12:08:57 75.88   57.65   79.93   94.33
12:10:00 75.76   56.86   80.15   96.24
12:11:04 75.76   57.20   80.04   96.69
12:12:07 75.65   56.53   79.81   96.58
12:13:17 75.65   62.04   79.70   96.24
12:14:21 75.65   66.99   79.93   95.79
12:15:24 75.76   68.56   79.70   95.34
12:16:27 75.88   69.35   79.81   95.11
12:17:31 75.99   70.14   79.70   94.78
12:18:34 75.99   71.49   79.81   94.44
12:19:37 76.10   72.95   79.81   94.21
12:20:41 76.10   73.96   79.81   93.88
12:21:44 76.21   64.18   79.81   93.65
12:22:47 76.10   59.67   79.81   93.31
12:23:51 75.99   58.89   79.81   92.86
12:24:54 75.88   58.55   80.15   92.53
12:25:58 75.76   58.21   80.15   92.30
12:27:01 75.76   57.88   79.93   91.85
12:28:04 75.65   57.31   79.81   91.63
12:29:11 75.65   56.75   79.59   91.40
12:30:14 75.54   56.86   79.81   91.18
12:31:18 75.54   56.30   79.47   90.84
12:32:21 75.43   56.30   79.47   90.50
12:33:24 75.54   55.85   79.59   90.28
12:34:28 75.43   56.08   79.36   90.05
12:35:31 75.43   55.63   79.47   89.83
12:36:34 75.31   55.74   79.14   89.71
12:37:38 75.43   55.85   79.47   89.38
12:38:41 75.31   55.51   79.59   89.15
12:39:45 75.31   65.86   79.59   88.93
12:40:48 75.43   66.54   79.70   88.81
12:41:51 75.54   67.66   79.81   88.70
12:42:55 75.65   68.56   79.59   88.47
12:43:58 75.76   69.35   79.47   88.36
12:45:01 75.88   70.14   79.70   88.25
12:46:05 75.88   65.53   79.70   88.14
12:47:08 75.76   59.90   79.81   88.03
12:48:11 75.76   58.55   79.47   87.91
12:49:15 75.65   58.21   79.59   87.69
12:50:18 75.65   57.99   79.59   87.69
12:51:21 75.54   56.98   79.59   87.46
12:52:28 75.43   56.98   79.47   87.13
12:53:32 75.43   56.41   79.59   87.01
12:54:35 75.43   56.30   79.47   87.01
12:55:38 75.31   55.85   79.47   86.90
12:56:42 75.43   56.19   79.36   86.79
12:57:45 75.31   55.63   79.59   86.68
12:58:52 75.31   55.40   79.36   86.56
12:59:55 75.31   55.51   79.25   86.22
13:00:58 75.20   55.51   79.47   86.11
13:02:02 75.20   55.17   79.25   86.00
13:03:05 75.20   55.06   79.36   85.89
13:04:08 75.20   55.06   79.47   85.89
13:05:12 75.20   55.06   79.36   85.66
13:06:15 75.09   54.84   79.47   85.55
13:07:19 75.09   54.95   79.25   85.44
13:08:22 75.09   54.84   79.14   85.21
13:09:25 75.20   54.84   79.14   85.10
13:10:29 75.09   54.61   79.14   84.99
13:11:32 75.09   54.84   79.36   84.88
13:12:35 75.09   54.50   79.47   84.88
13:13:39 74.97   54.50   79.47   84.76
13:14:42 74.97   54.61   79.03   84.76
13:15:45 74.97   54.50   79.14   84.76
13:16:49 74.97   54.50   79.03   84.76
13:17:52 74.97   54.39   79.03   84.65
13:18:55 74.97   54.50   79.03   84.54
13:19:59 74.86   54.50   79.14   84.54
13:21:02 74.97   54.39   79.14   84.54
13:22:12 74.86   54.39   79.03   84.31
13:23:16 74.97   54.50   79.03   84.31
13:24:19 74.86   54.39   78.80   84.20
13:25:22 74.86   54.39   78.80   84.20
13:26:26 74.86   54.39   79.03   83.97
13:27:29 74.86   54.16   79.25   83.86
13:28:32 74.86   54.39   79.14   83.86
13:29:36 74.97   54.28   79.03   83.64
13:30:39 74.86   54.39   79.14   83.53
13:31:42 74.86   54.28   79.03   85.89
13:32:46 74.86   54.16   78.91   93.20
13:33:49 74.97   54.16   79.14   93.54
13:34:53 74.86   54.16   78.91   92.64
13:35:59 74.86   54.05   79.14   91.96
13:37:03 74.86   54.05   78.91   91.18
13:38:06 74.86   54.05   79.14   90.72
13:39:09 74.86   54.05   79.14   90.28
13:40:13 74.86   54.05   79.03   89.71
13:41:20 74.86   54.05   78.80   89.38
13:42:26 74.86   54.05   78.69   88.93
13:43:30 74.75   54.05   78.91   88.47
13:44:33 74.75   53.83   79.14   88.25
13:45:36 74.75   53.83   78.91   87.91
13:46:40 74.64   53.94   78.91   87.69
13:47:43 74.75   53.83   79.03   87.35
13:48:47 74.75   53.71   78.69   87.01
13:49:50 74.64   53.83   78.58   86.79
13:50:53 74.64   53.71   78.46   86.68
13:51:57 74.64   53.71   78.35   86.34
13:53:00 74.64   53.71   78.46   86.11
13:54:03 74.64   53.71   78.58   86.11
13:55:07 74.64   53.60   78.91   86.11
13:56:10 74.64   53.60   78.69   85.89
13:57:13 74.64   53.71   78.69   85.66
13:58:17 74.64   53.83   78.58   85.44
13:59:20 74.53   53.71   78.69   85.21
14:00:23 74.64   53.83   78.69   85.10
14:01:27 74.75   53.71   78.58   84.88
14:02:30 74.64   53.71   78.58   84.76
14:03:33 74.64   53.71   78.69   84.65
14:04:37 74.64   53.71   78.24   84.43
14:05:40 74.53   53.83   78.46   84.31
14:06:43 74.64   53.60   78.58   84.20
14:07:47 74.64   53.71   78.35   83.97
14:08:50 74.53   53.60   78.46   83.75
14:09:53 74.53   53.71   78.58   83.75
14:10:57 74.53   53.60   78.58   83.64
14:12:00 74.53   53.60   78.24   83.53
14:13:03 74.41   53.60   78.24   83.53
14:14:07 74.53   53.83   78.58   83.30
14:15:10 74.64   53.60   78.58   83.30
14:16:13 74.64   53.60   78.35   83.08
14:17:17 74.53   53.60   78.46   83.19
14:18:20 74.41   53.49   78.46   83.08
14:19:24 74.41   53.60   78.58   82.96
14:20:27 74.41   53.60   78.46   82.96
14:21:30 74.53   53.60   78.01   82.96
14:22:41 74.53   53.60   78.13   82.85
14:23:44 74.41   53.38   78.46   82.74
14:24:47 74.41   53.38   78.35   82.74
14:25:51 74.41   53.49   78.35   82.63
14:26:54 74.41   53.38   78.35   82.63
14:27:57 74.41   53.49   78.13   82.51
14:29:01 74.41   53.49   78.13   82.40
14:30:04 74.41   53.38   78.24   82.29
14:31:07 74.41   53.49   78.46   82.29
14:32:11 74.30   53.38   78.46   82.18
14:33:14 74.41   53.38   78.35   82.18
14:34:17 74.41   53.49   78.24   82.18
14:35:21 74.41   53.49   78.24   82.06
14:36:24 74.30   53.49   78.24   81.95
14:37:27 74.30   53.49   78.24   81.95
14:38:31 74.30   53.49   78.24   81.84
14:39:34 74.30   53.49   78.24   81.84
14:40:37 74.30   53.26   78.58   81.72
14:41:41 74.30   53.49   78.24   81.84
14:42:44 74.41   53.26   78.01   81.72
14:43:47 74.30   53.38   78.01   81.72
14:44:54 74.30   53.26   78.24   81.61
14:45:58 74.30   53.49   78.35   81.72
14:47:01 74.30   53.49   78.35   81.72
14:48:04 74.30   53.49   78.24   81.61
14:49:08 74.19   53.26   78.13   81.39
14:50:11 74.19   64.18   78.24   81.28
14:51:14 74.41   64.85   78.35   81.39
14:52:18 74.53   65.30   78.13   81.39
14:53:21 74.64   65.86   78.01   81.50
14:54:24 74.75   66.54   78.13   81.50
14:55:28 74.86   65.41   77.90   81.50
14:56:31 74.97   59.00   77.90   81.50
14:57:34 74.86   56.41   78.13   81.39
14:58:38 74.75   55.96   78.13   81.28
14:59:41 74.64   55.63   78.46   81.28
15:00:44 74.64   54.95   78.13   81.28
15:01:48 74.53   54.73   78.24   81.28
15:02:58 74.53   54.39   78.01   81.16
15:04:02 74.53   54.39   78.01   81.16
15:05:08 74.41   54.28   78.24   81.16
15:06:12 74.41   54.05   78.24   81.05
15:07:15 74.53   54.05   78.24   80.94
15:08:18 74.41   53.94   78.35   81.05
15:09:22 74.41   53.71   78.13   81.05
15:10:25 74.41   53.71   78.13   81.05
15:11:28 74.41   53.60   78.24   81.05
15:12:32 74.41   53.38   78.01   81.05
15:13:35 74.41   53.49   78.35   81.05
15:14:39 74.41   53.38   78.13   81.05
15:15:42 74.30   53.38   78.24   80.83
15:16:45 74.30   53.26   78.13   80.94
15:17:49 74.30   53.15   77.90   80.94
15:18:52 74.30   53.15   78.01   80.94
15:19:55 74.30   53.15   78.24   80.94
15:20:59 74.30   61.25   78.35   80.94
15:22:02 74.53   64.29   77.90   80.94
15:23:05 74.64   65.19   78.13   80.94
15:24:16 74.64   65.64   78.13   80.94
15:25:19 74.75   66.20   78.13   80.94
15:26:22 74.64   66.88   78.24   80.94
15:27:26 74.86   67.89   78.13   81.05
15:28:29 74.86   60.91   78.24   81.05
15:29:32 74.86   56.98   78.24   81.05
15:30:36 74.75   56.30   78.35   81.05
15:31:39 74.64   55.51   78.24   81.05
15:32:42 74.64   55.06   78.24   81.16
15:33:46 74.64   54.84   78.24   81.05
15:34:49 74.53   54.73   78.24   80.94
15:35:52 74.53   54.61   78.24   80.94
15:36:56 74.53   54.39   78.01   80.94
15:37:59 74.41   54.39   78.35   80.83
15:39:02 74.41   53.83   78.13   80.71
15:40:06 74.41   54.16   78.24   80.83
15:41:09 74.41   54.05   78.01   80.71
15:42:12 74.41   53.83   78.13   80.49
15:43:16 74.41   53.83   78.24   80.60
15:44:19 74.41   53.60   78.13   80.60
15:45:23 74.30   56.30   78.01   80.60
15:46:26 74.30   64.18   78.13   80.60
15:47:29 74.53   65.30   77.90   80.60
15:48:33 74.64   65.97   77.79   80.83
15:49:36 74.75   66.65   78.01   80.83
15:50:39 74.75   67.44   77.79   80.71
15:51:43 74.86   68.22   78.13   80.71
15:52:49 74.86   69.24   77.90   80.71
15:53:53 74.97   63.95   78.13   80.83
15:54:56 74.86   58.21   78.35   80.83
15:55:59 74.97   56.75   78.35   80.83
15:57:03 74.75   56.19   78.24   80.94
15:58:06 74.86   55.74   78.01   80.83
15:59:10 74.64   55.29   78.01   80.83
16:00:13 74.53   55.06   78.24   80.83
16:01:16 74.53   54.84   78.24   80.71
16:02:20 74.53   54.73   78.24   80.60
16:03:23 74.41   54.39   78.13   80.83
16:04:26 74.41   54.50   78.24   80.71
16:05:30 74.41   54.05   78.24   80.83
16:06:33 74.41   53.83   78.13   80.71
16:07:36 74.41   54.05   77.90   80.71
16:08:40 74.41   53.71   77.79   80.83
16:09:43 74.41   64.85   78.01   80.83
16:10:46 74.64   65.19   78.13   80.83
16:11:50 74.64   66.09   78.13   80.83
16:12:53 74.75   67.21   78.13   80.83
16:13:56 74.97   68.11   78.01   80.83
16:15:00 74.97   68.90   78.01   80.83
16:16:03 74.97   70.03   78.24   80.94
16:17:06 75.09   62.38   78.24   80.94
16:18:10 74.97   57.99   78.24   80.94
16:19:13 74.97   56.98   78.35   80.94
16:20:16 74.86   56.30   78.35   80.94
16:21:20 74.75   55.96   78.13   80.94
16:22:23 74.75   55.63   78.13   80.83
16:23:26 74.75   55.29   78.46   80.71
16:24:30 74.75   55.06   78.46   80.71
16:25:33 74.64   54.95   78.35   80.60
16:26:36 74.64   54.61   78.35   80.60
16:27:40 74.64   54.61   78.46   80.71
16:28:43 74.64   54.39   78.46   80.49
16:29:46 74.53   54.28   78.35   80.49
16:30:57 74.53   65.08   78.35   80.49
16:32:00 74.64   65.19   78.13   80.49
16:33:04 74.86   66.54   78.01   80.60
16:34:10 74.97   67.78   77.90   80.71
16:35:14 75.09   68.79   78.01   80.71
16:36:17 75.20   69.69   78.46   80.83
16:37:20 75.20   70.93   78.58   80.94
16:38:24 75.31   71.49   78.58   80.94
16:39:27 75.43   62.04   78.58   80.94
16:40:30 75.31   58.10   78.80   80.94
16:41:34 75.20   57.20   79.03   80.83
16:42:37 75.09   56.98   78.80   80.94
16:43:41 74.97   56.19   78.69   80.94
16:44:44 74.97   56.08   78.69   80.94
16:45:47 74.86   55.63   78.69   80.83
16:46:51 74.75   55.51   79.03   80.71
16:47:54 74.75   55.06   78.69   80.71
16:48:57 74.75   55.06   79.03   80.71
16:50:01 74.64   54.73   79.03   80.71
16:51:04 74.64   54.73   78.58   80.71
16:52:07 74.86   54.39   78.24   80.71
16:53:11 74.75   65.30   78.24   80.71
16:54:14 74.86   65.75   78.24   80.83
16:55:17 74.97   67.10   78.35   80.83
16:56:21 75.09   68.22   78.24   80.71
16:57:24 75.09   69.24   78.46   86.68
16:58:27 75.20   70.25   78.58   89.83
16:59:31 75.31   72.05   78.58   89.60
17:00:34 75.54   70.25   78.13   89.04
17:01:37 75.54   61.14   78.13   88.59
17:02:41 75.31   58.10   78.46   88.70
17:03:44 75.31   57.09   78.35   88.47
17:04:47 75.20   57.20   78.46   88.03
17:05:51 75.09   56.53   78.35   87.58
17:06:54 75.09   56.08   78.58   87.24
17:07:57 74.97   55.74   78.35   86.90
17:09:01 74.97   55.63   78.35   86.56
17:10:04 74.97   55.29   78.46   86.34
17:11:08 74.86   55.06   78.35   86.00
17:12:11 74.86   54.95   78.35   85.66
17:13:14 74.75   54.95   78.46   85.33
17:14:17 74.75   54.61   78.46   85.21
17:15:21 74.75   54.61   78.35   84.99
17:16:24 74.75   54.50   78.46   84.76
17:17:28 74.75   54.39   78.35   84.65
17:18:31 74.75   64.85   78.24   84.65
17:19:34 74.86   65.30   78.35   85.44
17:20:38 74.97   66.20   78.35   100.63
17:21:41 75.09   67.10   78.35   103.21
17:22:44 75.20   68.11   78.35   102.31
17:23:48 75.31   69.01   78.35   100.74
17:24:51 75.43   68.45   78.24   106.03
17:25:54 75.43   61.03   78.24   107.38
17:26:58 75.20   58.10   78.35   107.49
17:28:01 75.20   57.31   78.13   106.93
17:29:04 75.09   56.75   78.46   106.14
17:30:08 75.09   56.19   78.01   105.35
17:31:11 74.97   55.74   78.58   104.56
17:32:14 74.97   55.63   78.35   103.78
17:33:25 74.97   55.40   78.46   102.88
17:34:28 74.86   55.17   78.24   102.09
17:35:31 74.86   54.95   78.35   101.41
17:36:38 74.86   54.84   78.24   100.74
17:37:42 74.86   54.61   78.58   100.06
17:38:45 74.75   54.73   78.13   99.28
17:39:48 74.75   54.73   78.13   98.60
17:40:52 74.75   54.61   78.46   98.04
17:41:55 74.75   54.61   78.13   97.48
17:42:58 74.75   54.16   78.13   96.80
17:44:02 74.86   54.28   78.24   96.24
17:45:05 74.75   54.39   78.13   95.68
17:46:08 74.75   57.20   78.24   95.22
17:47:12 74.75   64.51   77.79   94.66
17:48:15 74.86   65.64   77.90   94.21
17:49:18 74.86   66.31   78.01   93.76
17:50:22 75.09   66.88   77.90   93.54
17:51:25 75.20   67.89   78.24   93.09
17:52:28 75.20   68.68   77.90   92.75
17:53:32 75.31   62.60   78.01   92.41
17:54:35 75.20   58.33   78.24   91.96
17:55:38 75.09   57.54   78.01   91.63
17:56:42 74.97   56.98   78.13   91.18
17:57:45 74.97   56.41   78.01   90.84
17:58:48 74.86   55.85   78.01   90.50
17:59:52 74.75   55.51   78.24   90.16
18:00:55 74.75   55.40   78.13   89.83
18:01:58 74.64   55.17   78.24   89.49
18:03:02 74.64   54.95   78.24   89.26
18:04:05 74.64   54.73   78.01   88.93
18:05:09 74.64   54.73   78.13   88.70
18:06:12 74.53   54.50   78.01   88.47
18:07:15 74.53   54.39   77.90   88.25
18:08:19 74.53   54.28   77.90   88.03
18:09:22 74.53   54.16   77.90   87.69
18:10:25 74.53   54.05   78.13   87.46
18:11:29 74.41   54.05   78.01   87.24
18:12:32 74.41   53.94   77.79   87.01
18:13:35 74.41   54.16   78.13   86.68
18:14:39 74.41   54.05   77.90   86.56
18:15:42 74.41   64.85   78.01   86.34
18:16:45 74.64   65.30   78.01   86.22
18:17:49 74.75   65.97   78.13   86.00
18:18:52 74.75   66.43   77.79   85.78
18:19:55 74.86   67.33   77.79   85.66
18:20:59 74.97   68.34   78.01   85.66
18:22:02 75.09   65.19   77.90   85.55
18:23:05 74.97   59.67   77.90   85.33
18:24:09 74.97   57.65   78.24   85.10
18:25:12 74.86   57.09   77.90   84.88
18:26:15 74.86   56.64   78.24   84.88
18:27:19 74.75   55.96   78.01   84.76
18:28:22 74.64   55.51   78.01   84.65
18:29:25 74.64   55.40   77.90   84.54
18:30:29 74.64   55.17   78.13   84.43
18:31:32 74.53   54.84   77.68   84.31
18:32:35 74.53   54.84   77.90   99.73
18:33:39 74.53   54.73   78.13   104.23
18:34:42 74.53   54.39   78.01   104.23
18:35:46 74.53   54.16   78.01   103.55
18:36:52 74.41   54.16   78.13   102.43
18:37:56 74.41   54.05   77.90   101.53
18:38:59 74.53   53.94   77.79   100.51
18:40:02 74.41   53.94   77.56   99.61
18:41:06 74.41   62.49   77.79   98.83
18:42:09 74.53   64.63   78.01   98.04
18:43:12 74.75   65.75   77.90   97.36
18:44:16 74.86   66.43   78.01   96.69
18:45:19 74.86   67.44   77.79   96.13
18:46:22 74.86   68.34   77.90   95.56
18:47:26 74.86   69.13   77.68   95.11
18:48:29 75.09   66.09   77.79   94.55
18:49:33 75.09   59.90   77.90   94.10
18:50:36 74.97   57.65   77.90   93.76
18:51:39 74.86   57.09   77.79   93.20
18:52:43 74.64   56.53   78.01   92.75
18:53:46 74.75   55.96   77.90   92.30
18:54:49 74.64   55.74   78.01   91.96
18:55:53 74.53   55.29   77.90   91.63
18:56:56 74.64   55.17   78.01   91.29
18:57:59 74.53   54.95   77.90   90.95
18:59:03 74.53   54.61   78.13   90.61
19:00:06 74.41   54.39   77.90   90.28
19:01:09 74.41   54.50   78.01   89.94
19:02:13 74.41   54.05   78.01   89.60
19:03:16 74.41   53.83   77.79   89.26
19:04:19 74.41   54.05   77.68   88.93
19:05:23 74.41   56.86   77.90   88.70
19:06:26 74.53   64.40   78.01   88.36
19:07:29 74.64   65.64   77.56   88.25
19:08:33 74.75   66.43   77.68   88.14
19:09:36 74.86   67.44   77.79   87.80
19:10:39 74.86   68.34   77.45   87.69
19:11:43 74.97   69.13   77.68   87.35
19:12:46 75.09   68.45   77.79   87.13
19:13:49 75.09   60.91   77.79   87.01
19:14:53 74.97   57.65   77.90   86.79
19:15:56 74.86   57.20   77.90   86.56
19:16:59 74.86   56.75   77.68   86.45
19:18:03 74.75   56.19   77.90   86.22
19:19:06 74.64   55.63   77.90   86.00
19:20:10 74.64   55.29   77.79   85.66
19:21:13 74.64   55.17   77.68   85.55
19:22:16 74.64   54.95   77.79   85.44
19:23:23 74.64   54.61   77.68   85.33
19:24:26 74.64   54.50   77.56   84.99
19:25:30 74.53   54.50   77.68   84.99
19:26:33 74.53   54.28   77.68   84.88
19:27:36 74.41   54.05   77.68   84.65
19:28:40 74.53   54.16   78.01   84.54
19:29:43 74.41   61.14   77.79   84.31
19:30:46 74.53   64.63   77.56   84.20
19:31:50 74.64   65.86   77.68   84.09
19:32:53 74.75   66.76   77.90   83.97
19:33:57 74.86   67.78   77.79   83.86
19:35:00 74.86   68.68   77.68   83.64
19:36:03 74.97   69.35   77.56   83.64
19:37:14 75.09   64.74   77.90   83.64
19:38:17 75.09   58.78   77.68   83.64
19:39:20 74.97   57.09   77.90   83.53
19:40:24 74.86   56.86   77.90   83.53
19:41:27 74.86   56.30   77.68   83.30
19:42:30 74.75   55.85   77.79   83.19
19:43:34 74.64   55.40   77.90   83.08
19:44:37 74.64   55.40   78.13   83.08
19:45:40 74.64   54.95   77.90   83.08
19:46:44 74.53   54.61   77.68   82.85
19:47:47 74.53   54.84   77.79   82.74
19:48:50 74.64   54.50   78.13   82.63
19:49:54 74.53   54.28   78.01   82.63
19:50:57 74.53   54.05   77.90   82.63
19:52:00 74.41   53.94   77.79   82.51
19:53:04 74.41   54.05   77.79   82.51
19:54:07 74.41   54.05   77.90   82.40
19:55:10 74.41   65.19   77.34   82.29
19:56:14 74.64   65.30   77.68   82.29
19:57:17 74.64   66.09   77.68   82.29
19:58:20 74.86   66.99   77.68   82.29
19:59:27 74.86   68.00   77.56   82.29
20:00:31 74.97   69.01   77.56   97.03
20:01:34 74.97   69.80   77.68   105.13
20:02:37 74.97   64.63   77.79   107.04
20:03:41 74.97   58.66   77.56   107.49
20:04:44 74.97   57.42   77.68   107.71
20:05:54 74.86   56.98   77.79   108.39
20:06:58 74.86   56.64   78.01   108.95
20:08:01 74.86   56.64   77.79   109.18
20:09:04 74.86   55.85   78.01   109.51
20:10:08 74.75   55.51   77.68   109.63
20:11:11 74.86   55.63   77.56   109.18
20:12:14 74.97   56.64   78.01   108.50
20:13:18 74.97   57.65   77.68   107.71
20:14:21 74.97   57.31   77.90   106.93
20:15:25 74.86   56.75   77.79   106.03
20:16:28 74.86   56.30   78.01   105.13
20:17:31 74.75   55.74   77.45   104.34
20:18:35 74.75   65.86   77.68   103.66
20:19:38 74.86   66.54   77.34   102.76
20:20:41 75.09   67.66   77.56   102.09
20:21:45 75.20   68.45   77.79   101.30
20:22:48 75.20   69.01   77.45   100.74
20:23:51 75.31   64.29   77.68   99.95
20:24:55 75.20   59.23   77.79   99.39
20:25:58 75.20   57.99   78.13   98.83
20:27:01 75.09   57.54   77.79   98.38
20:28:05 74.97   57.09   77.90   97.92
20:29:08 74.97   56.41   77.90   97.25
20:30:11 74.86   56.53   77.56   96.91
20:31:18 74.75   55.96   77.56   96.46
20:32:22 74.75   55.40   77.79   96.01
20:33:25 74.75   55.51   77.45   95.56
20:34:28 74.75   55.06   77.79   95.11
20:35:32 74.64   54.84   77.56   94.78
20:36:35 74.64   54.61   77.79   94.44
20:37:38 74.64   54.61   77.79   93.99
20:38:42 74.64   54.61   77.56   93.76
20:39:45 74.64   54.61   77.79   93.43
20:40:48 74.64   54.61   77.56   93.09
20:41:52 74.64   54.50   77.56   92.64
20:42:55 74.53   54.50   77.45   92.30
20:43:58 74.53   54.28   77.68   91.96
20:45:05 74.53   54.39   77.56   91.74
20:46:09 74.53   54.28   77.45   91.51
20:47:15 74.41   54.16   77.79   91.06
20:48:19 74.41   54.16   77.45   90.72
20:49:22 74.41   54.16   77.56   90.50
20:50:25 74.41   54.16   77.34   90.16
20:51:32 74.41   54.05   77.56   89.83
20:52:36 74.41   54.05   77.45   89.60
20:53:39 74.41   54.05   77.45   89.49
20:54:42 74.41   54.05   77.56   89.15
20:55:46 74.30   53.94   77.22   88.93
20:56:49 74.30   53.94   77.11   88.70
20:57:52 74.41   53.83   77.34   88.25
20:58:56 74.41   53.94   77.34   88.14
20:59:59 74.41   53.94   77.45   88.03
21:01:02 74.41   53.83   77.56   87.69
21:02:06 74.41   53.71   77.22   87.46
21:03:09 74.30   53.71   77.34   87.24
21:04:12 74.30   53.71   77.56   87.13
21:05:16 74.19   53.71   77.45   87.01
21:06:26 74.19   53.60   77.34   86.68
21:07:30 74.19   53.60   77.11   86.56
21:08:33 74.08   53.60   77.45   86.34
21:09:36 74.08   53.60   77.22   86.22
21:10:40 74.08   53.60   77.00   86.00
21:11:43 74.08   53.49   77.11   85.89
21:12:46 74.08   53.49   77.45   85.66
21:13:50 74.08   53.49   77.11   85.66
21:14:53 74.08   53.49   77.34   85.33
21:15:56 74.08   53.38   77.11   85.33
21:17:00 74.08   53.38   77.11   85.21
21:18:03 74.08   53.38   77.11   84.99
21:19:06 74.08   53.26   76.89   84.76
21:20:10 74.08   53.38   76.89   84.65
21:21:13 73.96   53.38   76.66   84.43
21:22:16 73.96   53.26   76.78   84.43
21:23:20 73.96   53.26   77.34   84.20
21:24:23 73.96   53.26   77.45   84.20
21:25:26 73.85   53.15   77.22   83.97
21:26:30 73.96   53.26   77.34   83.97
21:27:33 73.96   53.26   77.11   83.86
21:28:36 73.96   53.26   77.22   83.75
21:29:40 73.96   53.26   77.11   83.75
21:30:43 73.85   53.15   76.89   83.64
21:31:46 73.85   53.15   77.45   83.53
21:32:50 73.85   53.04   76.89   83.19
21:33:53 73.74   53.15   77.00   83.30
21:34:56 73.74   53.15   77.11   83.19
21:36:00 73.74   53.04   77.11   83.08
21:37:03 73.63   53.15   77.00   82.96
21:38:07 73.63   52.92   77.11   83.08
21:39:10 73.63   52.92   77.00   82.96
21:40:13 73.63   53.04   76.66   82.96
21:41:17 73.74   52.70   77.11   82.85
21:42:20 73.63   52.92   77.11   82.74
21:43:23 73.74   52.92   77.22   82.63
21:44:27 73.74   52.92   76.66   82.40
21:45:30 73.63   52.92   76.89   82.29
21:46:33 73.63   52.81   77.00   82.29
21:47:37 73.63   52.92   76.89   82.29
21:48:40 73.51   52.92   76.55   82.29
21:49:43 73.51   52.81   76.55   82.18
21:50:47 73.51   52.81   76.44   82.06
21:51:50 73.63   52.81   76.66   81.95
21:52:53 73.51   52.81   76.55   81.84
21:53:57 73.51   52.70   76.78   81.72
21:55:00 73.51   52.70   76.55   81.72
21:56:03 73.51   52.70   76.66   81.61
21:57:07 73.51   52.70   76.55   81.50
21:58:10 73.40   52.59   76.44   81.50
21:59:13 73.40   52.59   76.66   81.61
22:00:17 73.51   52.59   76.44   81.50
22:01:24 73.40   52.48   76.89   81.50
22:02:27 73.40   52.48   76.55   81.50
22:03:30 73.40   52.59   76.55   81.39
22:04:34 73.51   52.59   76.66   87.35
22:05:37 73.63   52.48   76.33   105.69
22:06:40 73.40   52.48   76.44   109.29
22:07:44 73.40   52.59   76.66   109.96
22:08:47 73.40   52.59   76.44   110.53
22:09:50 73.40   52.59   76.55   110.75
22:10:54 73.29   52.48   76.33   110.41
22:11:57 73.29   52.59   76.33   109.96
22:13:00 73.29   52.48   76.44   109.29
22:14:04 73.18   52.59   76.55   108.50
22:15:07 73.18   52.59   76.66   107.83
22:16:10 73.29   52.48   76.89   109.29
22:17:14 73.18   52.48   76.78   110.30
22:18:17 73.18   52.36   76.66   109.96
22:19:20 73.18   52.48   76.33   109.40
22:20:24 73.29   52.36   76.21   108.50
22:21:27 73.18   52.48   76.33   107.60
22:22:31 73.18   52.36   76.44   106.70
22:23:34 73.18   52.36   76.33   105.91
22:24:37 73.18   52.48   76.21   105.01
22:25:41 73.06   52.48   76.33   104.23
22:26:44 73.18   52.36   76.44   103.44
22:27:47 73.18   52.36   76.33   102.65
22:28:51 73.18   52.25   76.33   101.86
22:29:54 73.18   52.36   76.10   101.08
22:30:57 73.18   52.25   76.44   100.29
22:32:01 73.18   52.36   75.99   99.50
22:33:04 73.06   52.36   76.10   98.83
22:34:07 73.18   52.36   76.10   98.38
22:35:11 73.18   52.25   76.21   97.70
22:36:21 73.18   52.25   76.21   97.03
22:37:24 73.06   52.25   76.10   96.58
22:38:28 73.06   52.25   75.99   95.90
22:39:31 73.06   52.14   76.10   95.34
22:40:34 73.06   52.25   76.21   94.66
22:41:41 73.06   52.25   75.88   94.21
22:42:45 73.06   52.25   76.21   93.76
22:43:48 73.06   52.14   76.21   93.31
22:44:51 73.06   52.25   75.99   92.97
22:45:55 73.06   52.14   76.21   92.53
22:46:58 72.95   52.25   76.10   92.19
22:48:01 72.95   52.14   76.21   91.85
22:49:05 72.95   52.14   76.33   91.40
22:50:08 72.95   52.03   75.99   91.06
22:51:11 72.95   52.03   75.99   90.72
22:52:15 73.06   52.14   75.99   90.16
22:53:18 73.06   52.14   75.88   89.94
22:54:21 72.95   52.14   75.76   89.49
22:55:25 73.06   51.91   75.76   89.15
22:56:28 72.84   51.91   75.88   88.93
22:57:31 72.84   52.03   75.99   88.59
22:58:35 72.84   52.03   75.88   88.36
22:59:38 72.84   52.03   75.76   88.14
23:00:41 72.84   51.91   76.21   87.91
23:01:45 72.84   51.91   75.76   87.69
23:02:48 72.84   51.91   76.10   87.35
23:03:51 72.84   51.80   75.99   103.44
23:04:55 72.84   51.80   75.88   105.46
23:05:58 72.72   51.80   75.99   105.13
23:07:02 72.84   52.03   76.10   107.83
23:08:05 72.84   51.91   75.99   108.28
23:09:08 72.72   51.91   75.65   108.95
23:10:12 72.72   51.91   75.76   108.95
23:11:15 72.84   51.80   75.76   108.50
23:12:18 72.84   51.80   76.10   107.94
23:13:22 72.84   51.91   76.10   107.15
23:14:25 72.84   51.80   76.21   106.36
23:15:28 72.84   51.91   75.76   105.46
23:16:32 72.84   51.80   76.10   104.56
23:17:35 72.84   51.91   75.54   103.78
23:18:38 72.95   51.91   76.10   102.99
23:19:42 72.84   51.91   75.99   101.98
23:20:45 72.84   51.91   76.10   101.19
23:21:48 72.84   51.80   75.99   100.40
23:22:52 72.72   51.69   75.99   99.84
23:23:55 72.72   51.80   75.88   99.05
23:24:58 72.72   51.80   76.10   98.38
23:26:02 72.72   51.69   75.88   97.70
23:27:05 72.61   51.69   76.10   97.03
23:28:08 72.61   51.80   76.10   96.58
23:29:12 72.61   51.58   76.33   95.90
23:30:15 72.61   51.69   75.76   95.45
23:31:18 72.50   51.69   75.99   95.00
23:32:22 72.50   51.69   76.21   94.55
23:33:25 72.61   51.69   76.33   94.10
23:34:28 72.50   51.69   76.21   93.65
23:35:32 72.39   51.58   75.99   93.20
23:36:35 72.50   51.58   76.21   92.86
23:37:39 72.50   51.58   76.33   92.41
23:38:42 72.50   51.46   76.10   91.96
23:39:45 72.50   51.58   75.99   91.63
23:40:49 72.39   51.46   76.10   91.18
23:41:52 72.50   51.46   76.21   90.84
23:42:55 72.39   51.46   76.44   90.50
23:43:59 72.39   51.35   76.21   90.16
23:45:02 72.39   51.46   75.99   89.71
23:46:05 72.39   51.46   76.33   89.38
23:47:12 72.39   51.46   75.99   89.15
23:48:16 72.39   51.35   76.10   88.81
23:49:19 72.28   51.24   76.10   88.47
23:50:22 72.39   51.35   76.10   88.14
23:51:26 72.28   51.35   76.10   88.03
23:52:29 72.28   51.24   75.76   87.69
23:53:32 72.28   51.35   75.88   87.46
23:54:36 72.16   51.13   75.88   87.13
23:55:39 72.28   51.46   75.65   87.01
23:56:42 72.28   51.24   75.76   86.79
23:57:46 72.28   51.24   75.54   86.56
23:58:49 72.28   51.35   75.65   86.34
23:59:52 72.28   51.24   75.76   86.00
