00:00:45 73.74   55.17   75.54   83.19
00:01:49 73.85   54.73   75.43   83.08
00:02:52 73.74   55.06   75.54   82.96
00:03:55 73.74   54.95   75.43   82.74
00:04:59 73.74   55.06   75.54   82.74
00:06:02 73.85   54.84   75.43   82.63
00:07:05 73.74   54.84   75.43   82.63
00:08:09 73.74   54.84   75.54   82.63
00:09:12 73.74   54.95   75.43   82.40
00:10:15 73.63   54.95   75.43   82.29
00:11:19 73.74   54.95   75.43   82.18
00:12:22 73.74   54.84   75.43   82.18
00:13:25 73.51   54.95   75.43   82.06
00:14:29 73.63   55.17   75.54   81.84
00:15:32 73.51   54.95   75.31   81.61
00:16:35 73.63   55.17   75.43   81.50
00:17:39 73.63   54.84   75.31   81.50
00:18:42 73.51   55.06   75.31   81.50
00:19:46 73.51   54.84   75.31   81.39
00:20:49 73.51   54.95   75.31   81.28
00:21:52 73.51   55.06   75.31   81.39
00:22:56 73.51   54.73   75.31   81.28
00:23:59 73.40   54.73   75.31   81.28
00:25:02 73.51   54.84   75.43   81.28
00:26:06 73.51   55.06   75.31   81.05
00:27:09 73.51   54.39   75.31   80.94
00:28:12 73.51   54.73   75.31   80.94
00:29:16 73.40   54.61   75.31   80.83
00:30:19 73.51   54.84   75.31   80.83
00:31:22 73.40   54.95   75.20   80.60
00:32:26 73.40   54.73   75.31   80.60
00:33:29 73.40   54.84   75.31   80.71
00:34:32 73.51   54.61   75.20   80.49
00:35:36 73.40   54.39   75.20   80.49
00:36:39 73.40   54.61   75.20   80.38
00:37:42 73.29   54.61   75.31   80.38
00:38:46 73.40   54.61   75.31   80.49
00:39:49 73.29   54.39   75.20   80.38
00:40:52 73.40   54.61   75.20   80.26
00:41:56 73.40   54.28   74.97   80.15
00:42:59 73.29   54.50   75.09   80.04
00:44:02 73.40   54.73   75.09   80.04
00:45:06 73.29   54.05   75.20   80.04
00:46:09 73.18   54.50   75.20   79.93
00:47:12 73.29   54.50   75.20   79.81
00:48:16 73.29   54.61   75.20   79.81
00:49:19 73.29   54.05   75.20   79.81
00:50:22 73.29   54.50   75.09   79.81
00:51:26 73.29   54.39   75.09   79.81
00:52:29 73.29   54.61   75.09   79.93
00:53:33 73.18   54.39   75.20   80.04
00:54:36 73.29   54.50   75.09   79.93
00:55:39 73.29   54.39   74.97   79.81
00:56:43 73.18   54.28   75.09   79.81
00:57:46 73.29   54.16   75.09   79.70
00:58:49 73.29   54.28   75.09   79.59
00:59:53 73.29   54.28   75.09   79.70
01:00:56 73.18   54.39   74.97   79.59
01:01:59 73.29   54.05   74.97   79.47
01:03:03 73.18   54.28   75.09   79.36
01:04:06 73.18   54.05   75.09   79.25
01:05:09 73.18   53.94   74.97   79.25
01:06:13 73.06   54.05   75.09   79.14
01:07:16 73.18   53.83   74.97   79.14
01:08:19 73.06   53.26   74.86   79.14
01:09:23 73.18   53.71   74.86   79.03
01:10:26 73.18   53.60   74.86   79.03
01:11:29 73.18   53.49   74.86   79.14
01:12:33 73.18   53.49   74.86   79.25
01:13:36 73.18   53.83   74.86   79.14
01:14:39 73.06   53.71   74.75   79.14
01:15:43 73.06   53.94   74.86   79.25
01:16:46 73.06   53.83   74.86   79.25
01:17:49 73.18   53.49   74.86   79.25
01:18:53 73.06   53.60   74.86   79.14
01:19:56 73.06   54.39   74.75   79.14
01:20:59 73.06   53.60   74.86   79.03
01:22:03 72.95   53.71   74.75   78.91
01:23:06 73.06   53.60   74.86   78.91
01:24:09 72.95   54.05   74.86   79.03
01:25:13 72.95   53.94   74.86   78.91
01:26:16 73.06   53.71   74.75   78.91
01:27:20 72.84   53.83   74.75   79.03
01:28:23 72.95   53.60   74.75   78.91
01:29:26 72.95   53.94   74.75   78.80
01:30:30 72.95   53.60   74.75   78.80
01:31:33 72.84   53.71   74.75   78.80
01:32:36 72.84   53.83   74.75   78.69
01:33:40 72.72   53.83   74.75   78.69
01:34:43 72.84   53.83   74.75   78.58
01:35:46 72.84   53.83   74.75   78.58
01:36:50 72.84   53.71   74.64   78.58
01:37:53 72.84   53.71   74.64   78.58
01:38:56 72.84   53.71   74.86   78.58
01:40:00 72.95   53.83   74.75   78.46
01:41:03 72.84   53.94   74.75   78.35
01:42:06 72.84   53.60   74.64   78.46
01:43:10 72.84   53.83   74.64   78.35
01:44:13 72.84   53.83   74.64   78.35
01:45:16 72.72   54.05   74.64   78.46
01:46:20 72.95   53.94   74.64   78.46
01:47:23 72.84   53.49   74.64   78.46
01:48:26 72.84   53.71   74.53   78.35
01:49:30 72.84   53.38   74.53   78.35
01:50:33 72.84   53.15   74.64   78.46
01:51:36 72.72   53.49   74.53   78.35
01:52:40 72.84   53.38   74.53   78.35
01:53:43 72.72   53.38   74.53   78.35
01:54:46 72.61   53.38   74.53   78.35
01:55:50 72.61   53.38   74.53   78.46
01:56:53 72.72   53.15   74.53   78.35
01:57:56 72.61   53.38   74.41   78.24
01:59:00 72.61   53.26   74.53   78.24
02:00:03 72.72   53.26   74.41   78.35
02:01:06 72.61   53.38   74.53   78.35
02:02:10 72.61   53.38   74.53   78.35
02:03:13 72.61   53.38   74.53   78.35
02:04:16 72.61   53.49   74.53   78.24
02:05:20 72.61   53.60   74.53   78.35
02:06:23 72.61   53.26   74.41   78.24
02:07:27 72.50   53.38   74.30   78.24
02:08:30 72.61   53.49   74.41   78.13
02:09:33 72.61   53.26   74.53   78.24
02:10:37 72.39   53.71   74.41   78.13
02:11:40 72.50   53.26   74.53   78.01
02:12:43 72.50   53.38   74.41   78.01
02:13:47 72.50   53.38   74.41   78.01
02:14:50 72.50   53.38   74.41   77.90
02:15:53 72.50   53.26   74.30   78.01
02:16:57 72.50   53.49   74.30   78.01
02:18:00 72.50   53.38   74.41   77.90
02:19:03 72.50   53.26   74.41   78.01
02:20:07 72.50   53.38   74.41   77.90
02:21:10 72.50   53.60   74.30   77.90
02:22:13 72.50   53.38   74.30   77.90
02:23:17 72.39   53.49   74.30   77.79
02:24:20 72.50   53.49   74.30   77.90
02:25:23 72.39   53.38   74.41   77.90
02:26:27 72.50   53.49   74.41   77.90
02:27:30 72.28   53.60   74.19   77.79
02:28:33 72.50   53.60   74.30   77.79
02:29:37 72.39   53.60   74.30   77.79
02:30:40 72.39   53.38   74.30   77.90
02:31:43 72.39   53.26   74.19   77.90
02:32:47 72.28   53.38   74.30   77.79
02:33:50 72.39   53.26   74.30   77.79
02:34:53 72.39   53.49   74.08   77.90
02:35:57 72.28   53.26   74.19   77.90
02:37:00 72.39   53.38   74.19   77.90
02:38:03 72.39   53.15   74.30   77.90
02:39:07 72.39   53.49   74.30   77.79
02:40:10 72.39   53.38   74.19   77.68
02:41:14 72.28   60.80   74.19   77.68
02:42:17 72.39   64.40   74.19   77.79
02:43:20 72.61   65.41   74.30   77.79
02:44:24 72.72   66.31   74.19   77.79
02:45:27 72.72   67.21   74.19   77.79
02:46:30 72.95   68.34   74.30   77.79
02:47:34 73.06   69.46   74.19   77.79
02:48:37 72.95   60.69   74.30   77.90
02:49:40 72.95   57.42   74.19   78.01
02:50:44 72.84   56.08   74.30   77.90
02:51:47 72.61   55.85   74.30   77.90
02:52:50 72.61   55.40   74.30   77.90
02:53:54 72.61   54.84   74.30   77.79
02:54:57 72.61   54.95   74.08   77.79
02:56:00 72.61   54.39   74.30   77.79
02:57:04 72.39   54.50   74.30   77.68
02:58:07 72.50   54.61   74.30   77.56
02:59:10 72.39   54.28   74.19   77.68
03:00:14 72.39   54.16   74.30   77.56
03:01:17 72.39   54.05   74.19   77.56
03:02:20 72.50   54.05   74.19   77.68
03:03:24 72.39   62.83   74.30   77.79
03:04:27 72.61   65.30   74.19   77.79
03:05:30 72.72   67.10   74.30   77.79
03:06:34 72.84   68.00   74.30   77.79
03:07:37 72.84   68.68   74.19   77.79
03:08:40 72.95   69.69   74.30   77.79
03:09:44 73.06   70.93   74.30   77.79
03:10:47 73.06   71.83   74.41   77.79
03:11:51 73.06   72.84   74.30   77.90
03:12:54 73.18   72.72   74.30   77.90
03:13:57 73.29   60.35   74.41   77.90
03:15:01 73.18   57.31   74.53   78.01
03:16:04 73.18   56.19   74.41   78.01
03:17:07 72.95   55.74   74.41   78.01
03:18:11 72.95   55.06   74.41   77.90
03:19:14 72.84   54.61   74.41   77.90
03:20:17 72.72   54.50   74.53   77.79
03:21:21 72.61   54.84   74.53   77.79
03:22:24 72.61   55.06   74.41   77.79
03:23:27 72.61   63.95   74.53   77.79
03:24:31 72.84   65.86   74.41   77.90
03:25:34 72.95   68.00   74.53   77.79
03:26:37 72.95   68.79   74.53   77.90
03:27:41 72.95   70.81   74.41   77.90
03:28:44 73.06   72.84   74.53   77.90
03:29:47 73.29   73.85   74.64   78.01
03:30:51 73.29   74.53   74.41   77.90
03:31:54 73.40   74.97   74.53   78.01
03:32:57 73.51   75.09   74.53   78.13
03:34:01 73.51   75.31   74.64   78.13
03:35:04 73.63   75.43   74.75   78.13
03:36:07 73.74   75.54   74.86   78.35
03:37:11 73.74   75.65   74.86   78.35
03:38:14 73.85   69.69   74.86   78.35
03:39:17 73.74   58.66   74.97   78.24
03:40:21 73.63   56.53   74.86   78.35
03:41:24 73.40   56.08   74.86   78.35
03:42:27 73.29   55.63   74.86   78.46
03:43:31 73.06   55.06   74.86   78.35
03:44:34 72.95   55.17   74.75   78.24
03:45:37 72.84   56.86   74.75   78.13
03:46:41 72.95   65.53   74.75   78.13
03:47:44 73.06   66.88   74.75   78.13
03:48:48 73.06   68.79   74.86   78.35
03:49:51 73.29   71.15   74.75   78.35
03:50:54 73.29   73.63   74.75   78.35
03:51:58 73.29   74.75   74.64   78.46
03:53:01 73.40   75.20   74.75   78.58
03:54:04 73.63   75.54   74.75   78.58
03:55:08 73.63   75.65   74.86   78.58
03:56:11 73.85   75.76   74.86   78.69
03:57:14 73.74   75.99   74.86   78.80
03:58:18 73.96   75.99   74.97   78.80
03:59:21 74.08   76.10   75.09   78.80
04:00:24 74.08   76.21   75.20   78.80
04:01:28 74.08   76.21   75.20   78.91
04:02:31 74.19   76.33   75.20   78.91
04:03:34 74.08   76.33   75.20   79.03
04:04:38 74.08   76.33   75.20   79.03
04:05:41 74.19   76.44   75.20   79.03
04:06:44 74.19   76.44   75.20   79.14
04:07:48 74.30   76.55   75.09   79.03
04:08:51 74.30   76.55   75.20   79.14
04:09:54 74.30   76.55   75.20   79.25
04:10:58 74.30   76.55   75.20   79.25
04:12:01 74.41   76.66   75.09   79.36
04:13:04 74.41   76.66   75.20   79.47
04:14:08 74.41   76.66   75.09   79.36
04:15:11 74.41   76.66   75.20   79.47
04:16:14 74.41   76.66   75.31   79.47
04:17:18 74.53   76.78   75.31   79.59
04:18:21 74.53   76.78   75.31   79.59
04:19:24 74.53   76.78   75.20   79.59
04:20:28 74.53   76.89   75.31   79.59
04:21:31 74.53   76.89   75.43   79.70
04:22:34 74.53   76.89   75.43   79.81
04:23:38 74.53   76.89   75.54   79.81
04:24:41 74.53   76.89   75.54   79.70
04:25:45 74.64   76.89   75.65   79.70
04:26:48 74.64   77.00   75.54   79.70
04:27:51 74.64   77.00   75.54   79.81
04:28:55 74.64   77.00   75.54   79.81
04:29:58 74.75   77.00   75.65   79.93
04:31:01 74.64   77.00   75.65   79.81
04:32:05 74.86   77.00   75.76   79.93
04:33:08 74.75   77.11   75.76   80.04
04:34:11 74.75   77.11   75.88   80.04
04:35:15 74.64   77.11   75.76   80.15
04:36:18 74.75   77.11   75.76   80.04
04:37:21 74.75   77.11   75.88   80.15
04:38:25 74.86   77.11   75.99   80.15
04:39:28 74.86   77.22   75.88   80.15
04:40:31 74.86   77.11   75.99   80.15
04:41:35 74.86   77.22   75.99   80.26
04:42:38 74.86   77.22   75.99   80.26
04:43:41 74.86   77.22   75.99   80.26
04:44:45 74.86   77.22   76.10   80.26
04:45:48 74.86   77.34   76.10   80.38
04:46:51 74.86   77.34   76.21   80.38
04:47:55 74.86   77.34   76.10   80.49
04:48:58 74.97   77.34   76.21   80.38
04:50:01 74.97   77.34   76.21   80.49
04:51:05 74.97   77.34   76.21   80.49
04:52:08 74.97   77.34   76.33   80.38
04:53:11 74.97   77.34   76.33   80.49
04:54:15 74.97   77.34   76.33   80.49
04:55:18 74.97   77.45   76.33   80.60
04:56:21 74.97   77.45   76.33   80.60
04:57:25 75.09   77.45   76.33   80.60
04:58:28 75.09   77.45   76.33   80.60
04:59:32 75.09   77.45   76.33   80.60
05:00:35 74.97   77.45   76.44   80.71
05:01:38 75.09   77.56   76.33   80.71
05:02:42 75.09   77.56   76.44   80.71
05:03:45 75.09   77.56   76.55   80.71
05:04:48 75.20   77.56   76.44   80.71
05:05:52 75.09   77.56   76.44   80.60
05:06:55 75.09   77.56   76.44   80.71
05:07:58 75.09   77.68   76.55   80.83
05:09:02 75.20   77.68   76.55   80.83
05:10:05 75.20   77.68   76.55   80.94
05:11:08 75.20   77.68   76.55   80.83
05:12:12 75.20   77.68   76.55   80.94
05:13:15 75.20   77.79   76.66   80.94
05:14:18 75.31   77.79   76.55   80.94
05:15:22 75.09   77.79   76.55   80.83
05:16:25 75.20   77.79   76.66   80.83
05:17:28 75.20   77.79   76.66   80.83
05:18:32 75.31   77.79   76.66   80.94
05:19:35 75.31   77.79   76.78   90.16
05:20:38 75.20   77.90   76.78   101.75
05:21:42 75.31   77.90   76.89   104.34
05:22:45 75.31   77.90   76.78   105.01
05:23:48 75.31   77.90   76.66   105.24
05:24:52 75.31   77.90   76.78   105.69
05:25:55 75.31   77.90   76.78   106.03
05:26:58 75.43   78.01   76.78   106.25
05:28:02 75.43   78.01   76.78   107.49
05:29:05 75.43   78.01   76.78   108.05
05:30:08 75.43   78.01   76.89   108.61
05:31:12 75.54   78.13   76.89   109.06
05:32:15 75.54   78.13   76.89   108.95
05:33:19 75.54   78.13   76.89   108.50
05:34:22 75.54   78.24   77.00   107.83
05:35:25 75.54   78.24   76.89   107.04
05:36:29 75.65   78.24   77.00   106.59
05:37:32 75.65   78.24   77.00   110.98
05:38:35 75.76   78.35   77.00   111.54
05:39:39 75.76   78.35   77.00   111.09
05:40:42 75.88   78.35   77.00   110.53
05:41:45 75.88   78.46   77.11   111.88
05:42:49 75.88   73.74   77.11   111.99
05:43:52 75.88   61.81   77.11   111.31
05:44:55 75.76   60.13   77.00   111.76
05:45:59 75.54   59.56   76.89   111.54
05:47:02 75.31   63.84   76.78   110.75
05:48:05 75.31   68.79   76.89   110.75
05:49:09 75.31   71.49   76.89   111.54
05:50:12 75.31   75.31   76.89   111.31
05:51:15 75.54   77.00   76.89   110.64
05:52:19 75.65   77.79   77.00   109.74
05:53:22 75.76   78.01   77.00   108.84
05:54:25 75.76   78.24   77.11   107.94
05:55:29 75.76   78.24   77.11   107.04
05:56:32 75.88   78.24   77.22   106.25
05:57:35 75.99   78.35   77.22   105.46
05:58:39 75.88   78.46   77.22   104.68
05:59:42 75.99   78.46   77.11   108.39
06:00:45 75.99   78.46   77.22   110.08
06:01:49 76.10   78.58   77.22   109.63
06:02:52 76.10   78.58   77.34   108.73
06:03:56 76.21   78.69   77.34   107.71
06:04:59 76.10   78.80   77.34   106.81
06:06:02 76.21   78.80   77.34   105.91
06:07:06 76.21   78.80   77.34   105.01
06:08:09 76.10   78.91   77.45   104.11
06:09:12 76.10   78.91   77.45   103.44
06:10:16 76.21   78.91   77.34   102.65
06:11:19 76.21   78.91   77.45   101.98
06:12:22 76.21   78.91   77.56   101.41
06:13:26 76.10   78.91   77.45   100.74
06:14:29 76.10   78.91   77.56   100.18
06:15:32 76.21   78.91   77.45   99.73
06:16:36 76.21   79.03   77.56   99.28
06:17:39 76.21   78.91   77.45   98.71
06:18:42 76.21   79.03   77.56   98.26
06:19:46 76.21   79.03   77.68   97.70
06:20:49 76.21   79.03   77.68   97.36
06:21:52 76.21   79.03   77.68   96.91
06:22:56 76.33   79.03   77.68   96.46
06:23:59 76.33   79.03   77.68   96.13
06:25:02 76.21   79.03   77.68   95.79
06:26:06 76.33   79.14   77.68   95.34
06:27:09 76.33   79.14   77.68   95.00
06:28:12 76.33   79.14   77.68   94.66
06:29:16 76.33   79.14   77.79   94.33
06:30:19 76.33   79.14   77.68   93.99
06:31:22 76.44   79.14   77.79   93.76
06:32:26 76.44   79.14   77.79   93.54
06:33:29 76.33   79.14   77.79   93.20
06:34:33 76.44   79.14   77.79   93.09
06:35:36 76.33   79.14   77.79   92.86
06:36:39 76.33   79.25   77.79   92.53
06:37:43 76.44   79.25   77.90   95.00
06:38:46 76.44   79.25   77.79   106.81
06:39:49 76.44   64.18   77.90   108.95
06:40:53 76.44   61.59   77.79   109.85
06:41:56 76.21   61.25   77.68   109.74
06:42:59 75.99   60.80   77.68   108.84
06:44:03 75.76   60.46   77.56   107.60
06:45:06 75.76   59.79   77.45   106.25
06:46:09 75.54   66.88   77.56   105.13
06:47:13 75.65   69.35   77.56   104.00
06:48:16 75.76   71.83   77.56   103.10
06:49:19 75.76   73.74   77.56   102.20
06:50:23 75.76   75.43   77.56   101.53
06:51:26 75.88   77.11   77.56   100.85
06:52:29 75.99   78.13   77.56   100.06
06:53:33 76.10   78.58   77.56   99.50
06:54:36 76.10   78.80   77.56   99.05
06:55:39 76.10   78.91   77.68   98.38
06:56:43 76.21   79.03   77.68   97.92
06:57:46 76.33   79.03   77.79   97.48
06:58:49 76.33   79.14   77.90   97.03
06:59:53 76.44   79.14   77.79   96.69
07:00:56 76.44   79.25   77.79   96.24
07:01:59 76.44   79.25   77.79   95.90
07:03:03 76.55   69.01   77.90   95.56
07:04:06 76.44   62.38   77.90   95.00
07:05:10 76.21   61.03   77.79   94.55
07:06:13 76.10   60.01   77.79   94.10
07:07:16 75.88   59.11   77.56   93.76
07:08:20 75.76   57.99   77.56   93.31
07:09:23 75.65   57.31   77.68   92.97
07:10:26 75.54   63.61   77.56   92.64
07:11:30 75.54   68.45   77.68   92.30
07:12:33 75.65   70.70   77.45   92.08
07:13:36 75.88   72.84   77.45   91.85
07:14:40 75.88   74.41   77.56   91.51
07:15:43 75.88   76.10   77.68   91.29
07:16:46 75.99   77.56   77.68   91.06
07:17:50 75.99   78.35   77.79   90.84
07:18:53 76.10   78.80   77.79   90.50
07:19:56 76.21   78.91   77.68   90.39
07:21:00 76.10   79.03   77.79   90.28
07:22:03 76.21   79.03   77.79   89.94
07:23:06 76.33   63.50   77.90   89.83
07:24:10 76.21   59.67   77.79   89.83
07:25:13 75.99   57.88   77.79   89.60
07:26:16 75.88   57.20   77.68   89.38
07:27:20 75.65   56.98   77.56   89.26
07:28:23 75.54   56.64   77.56   88.93
07:29:26 75.54   56.41   77.56   88.70
07:30:30 75.54   56.19   77.56   88.59
07:31:33 75.20   57.88   77.56   88.25
07:32:36 75.31   66.88   77.56   88.14
07:33:40 75.43   68.00   77.56   87.91
07:34:43 75.54   69.80   77.22   87.80
07:35:47 75.54   71.71   77.45   87.69
07:36:50 75.65   73.29   77.34   87.58
07:37:53 75.76   74.86   77.45   87.46
07:38:57 75.76   76.55   77.45   87.35
07:40:00 75.88   77.79   77.45   87.35
07:41:03 75.88   78.46   77.45   87.35
07:42:07 76.10   70.36   77.68   87.24
07:43:10 76.10   60.91   77.68   87.24
07:44:13 75.99   58.33   77.68   87.01
07:45:17 75.76   57.31   77.68   86.90
07:46:20 75.65   56.75   77.68   86.79
07:47:23 75.54   56.41   77.68   86.56
07:48:27 75.43   56.19   77.45   86.45
07:49:30 75.31   55.96   77.45   86.34
07:50:33 75.31   55.74   77.45   86.11
07:51:37 75.20   55.74   77.34   85.78
07:52:40 75.20   55.63   77.34   85.66
07:53:43 75.09   55.40   77.34   85.55
07:54:47 74.97   57.88   77.34   85.44
07:55:50 75.20   66.20   77.34   85.44
07:56:53 75.31   67.33   77.34   85.44
07:57:57 75.43   68.22   77.22   85.21
07:59:00 75.54   69.13   77.34   85.21
08:00:03 75.43   70.47   77.22   85.21
08:01:07 75.54   71.83   77.22   85.21
08:02:10 75.54   65.64   77.22   85.10
08:03:13 75.54   59.34   77.34   85.10
08:04:17 75.43   57.09   77.34   84.99
08:05:20 75.43   56.41   77.34   84.88
08:06:23 75.31   56.19   77.34   84.65
08:07:27 75.20   55.96   77.34   84.54
08:08:30 75.09   55.63   77.22   84.65
08:09:34 75.09   55.51   77.22   84.65
08:10:37 75.09   55.29   77.22   84.43
08:11:40 75.09   55.29   77.22   84.31
08:12:44 74.86   54.95   77.22   84.43
08:13:47 74.97   54.73   77.22   84.31
08:14:50 74.86   54.73   77.11   84.09
08:15:54 74.86   54.50   77.11   84.09
08:16:57 74.86   54.39   77.11   83.97
08:18:00 74.86   54.28   77.00   83.86
08:19:04 74.86   54.39   77.00   83.86
08:20:07 74.75   53.94   77.00   83.75
08:21:10 74.86   53.83   77.00   83.75
08:22:14 74.75   53.94   77.00   83.53
08:23:17 74.64   53.60   77.00   83.53
08:24:20 74.64   53.60   76.89   83.41
08:25:24 74.64   53.49   76.89   83.30
08:26:27 74.64   53.49   76.89   83.19
08:27:30 74.53   53.38   76.89   83.30
08:28:34 74.53   53.49   76.89   83.08
08:29:37 74.53   53.49   76.89   83.08
08:30:40 74.64   53.26   76.89   82.96
08:31:44 74.53   63.50   76.89   82.96
08:32:47 74.53   64.74   76.78   82.85
08:33:50 74.75   65.86   76.66   82.96
08:34:54 74.86   66.65   76.89   82.96
08:35:57 74.86   67.33   76.78   82.96
08:37:00 74.97   64.06   76.89   82.85
08:38:04 74.97   59.23   76.89   82.74
08:39:07 74.75   56.53   76.89   82.74
08:40:10 74.75   55.85   76.78   82.51
08:41:14 74.64   55.51   76.89   82.51
08:42:17 74.53   55.29   76.78   82.40
08:43:20 74.64   55.17   76.78   82.40
08:44:24 74.41   54.73   76.66   82.40
08:45:27 74.53   54.50   76.78   82.51
08:46:31 74.53   54.16   76.66   82.74
08:47:34 74.64   54.28   76.66   82.63
08:48:37 74.41   53.94   76.66   82.40
08:49:41 74.53   53.71   76.66   82.40
08:50:44 74.41   53.71   76.66   82.40
08:51:47 74.30   53.38   76.66   82.40
08:52:51 74.41   53.60   76.66   82.18
08:53:54 74.30   53.26   76.66   82.18
08:54:57 74.30   53.38   76.44   82.06
08:56:01 74.19   53.26   76.44   82.06
08:57:04 74.30   53.26   76.55   82.18
08:58:07 74.19   53.15   76.44   82.18
08:59:11 74.30   53.04   76.44   82.18
09:00:14 74.30   53.15   76.44   82.18
09:01:17 74.19   52.92   76.44   82.06
09:02:21 74.19   63.95   76.33   81.95
09:03:24 74.41   64.63   76.21   81.84
09:04:27 74.64   65.64   76.33   81.84
09:05:31 74.64   66.43   76.44   81.84
09:06:34 74.64   67.10   76.44   81.72
09:07:37 74.75   67.78   76.33   81.61
09:08:41 74.75   68.45   76.44   81.61
09:09:44 74.97   69.58   76.44   81.61
09:10:47 74.97   70.81   76.44   81.50
09:11:51 74.97   72.16   76.55   81.61
09:12:54 75.20   73.40   76.55   81.61
09:13:57 75.20   74.41   76.66   81.61
09:15:01 75.31   75.31   76.66   81.61
09:16:04 75.31   75.88   76.66   81.72
09:17:07 75.43   64.96   76.66   81.72
09:18:11 75.43   58.55   76.78   81.84
09:19:14 75.31   56.86   76.78   81.84
09:20:18 75.20   56.08   76.78   81.95
09:21:21 75.09   55.85   76.78   81.84
09:22:24 74.86   55.63   76.78   81.95
09:23:28 74.86   55.51   76.66   81.95
09:24:31 74.86   55.29   76.66   81.84
09:25:34 74.75   61.14   76.55   81.84
09:26:38 74.86   66.31   76.66   81.95
09:27:41 74.97   67.55   76.66   81.84
09:28:44 75.09   69.35   76.66   81.84
09:29:48 74.97   71.04   76.66   81.84
09:30:51 75.09   73.06   76.66   81.84
09:31:54 75.20   74.64   76.66   81.72
09:32:58 75.31   75.99   76.78   81.72
09:34:01 75.43   76.66   76.78   81.84
09:35:04 75.43   76.89   76.78   81.95
09:36:08 75.54   77.11   76.78   81.95
09:37:11 75.65   77.34   76.89   81.84
09:38:14 75.65   73.06   76.78   81.95
09:39:18 75.76   60.24   76.89   81.95
09:40:21 75.54   57.31   76.89   81.84
09:41:24 75.43   56.41   76.89   81.84
09:42:28 75.20   56.08   76.89   81.72
09:43:31 75.20   55.85   76.89   81.72
09:44:34 75.09   55.74   76.89   81.72
09:45:38 74.86   55.40   76.78   81.61
09:46:41 74.97   56.64   76.78   81.50
09:47:44 74.97   66.09   76.78   81.39
09:48:48 74.97   67.44   76.78   81.39
09:49:51 75.09   69.01   76.78   81.39
09:50:54 75.09   70.25   76.78   81.50
09:51:58 75.20   71.83   76.78   81.50
09:53:01 75.31   73.96   76.78   81.39
09:54:04 75.31   75.88   76.89   81.50
09:55:08 75.43   76.78   76.89   81.61
09:56:11 75.54   77.34   76.89   100.85
09:57:15 75.54   77.45   76.89   105.69
09:58:18 75.65   77.68   76.78   107.15
09:59:21 75.76   77.79   76.89   108.16
10:00:25 75.88   77.90   76.89   108.84
10:01:28 75.88   78.01   77.00   109.18
10:02:31 75.99   78.13   77.00   109.29
10:03:35 76.10   78.24   77.00   109.51
10:04:38 76.10   63.95   77.11   109.74
10:05:41 75.99   58.44   77.22   109.51
10:06:45 75.88   57.31   77.22   109.06
10:07:48 75.99   58.78   77.22   108.50
10:08:51 75.99   59.34   77.11   107.71
10:09:55 75.76   59.00   77.11   107.04
10:10:58 75.65   58.21   77.00   106.25
10:12:01 75.54   65.97   77.00   105.35
10:13:05 75.54   68.68   76.89   104.68
10:14:08 75.65   70.14   77.00   103.89
10:15:11 75.65   71.38   77.00   103.21
10:16:15 75.65   71.94   77.00   102.54
10:17:18 75.65   72.84   77.11   101.98
10:18:21 75.76   74.19   77.11   101.41
10:19:25 75.76   75.99   77.11   100.96
10:20:28 75.76   77.22   77.11   100.40
10:21:31 76.10   77.90   77.11   99.84
10:22:35 75.99   78.24   77.11   99.16
10:23:38 75.99   78.46   77.22   98.71
10:24:41 76.10   78.46   77.22   98.38
10:25:45 76.21   78.46   77.34   97.92
10:26:48 76.21   78.58   77.34   97.59
10:27:52 76.21   78.58   77.45   97.36
10:28:55 76.33   78.69   77.45   96.91
10:29:58 76.33   78.69   77.45   96.58
10:31:02 76.44   78.69   77.56   96.24
10:32:05 76.44   78.80   77.56   96.01
10:33:08 76.44   63.61   77.45   95.68
10:34:12 76.21   58.89   77.56   95.56
10:35:15 76.10   57.76   77.56   95.11
10:36:18 75.99   57.31   77.56   94.78
10:37:22 75.88   57.09   77.45   94.44
10:38:25 75.65   56.98   77.34   94.10
10:39:28 75.65   57.54   77.34   93.76
10:40:32 75.65   67.10   77.22   100.18
10:41:35 75.76   68.45   77.34   109.63
10:42:38 75.76   69.80   77.22   110.30
10:43:42 75.76   71.26   77.11   109.96
10:44:45 75.88   72.72   77.34   109.85
10:45:48 75.88   74.97   77.34   109.96
10:46:52 76.10   76.89   77.22   110.41
10:47:55 76.10   77.90   77.22   110.98
10:48:58 76.21   78.35   77.22   111.09
10:50:02 76.33   78.58   77.34   111.43
10:51:05 76.33   78.69   77.45   111.65
10:52:08 76.44   78.80   77.45   111.76
10:53:12 76.44   78.91   77.45   111.76
10:54:15 76.55   79.03   77.68   111.31
10:55:18 76.55   79.03   77.68   111.76
10:56:22 76.66   79.14   77.79   111.99
10:57:25 76.66   79.14   77.68   112.78
10:58:29 76.78   79.25   77.68   112.78
10:59:32 76.78   79.25   77.79   113.45
11:00:35 76.89   64.40   77.79   112.89
11:01:39 76.66   59.79   77.79   111.99
11:02:42 76.66   58.55   77.90   111.09
11:03:45 76.55   58.10   77.56   110.19
11:04:49 76.44   57.88   77.79   109.29
11:05:52 76.33   57.88   77.68   108.39
11:06:55 76.10   60.69   77.68   107.49
11:07:59 76.10   68.34   77.68   106.70
11:09:02 76.21   69.58   77.45   105.91
11:10:05 76.33   71.26   77.56   105.24
11:11:09 76.33   72.39   77.56   104.56
11:12:12 76.33   73.63   77.56   103.89
11:13:15 76.44   75.20   77.56   103.10
11:14:19 76.44   77.11   77.68   102.54
11:15:22 76.55   78.24   77.68   102.09
11:16:25 76.55   78.80   77.79   101.75
11:17:29 76.66   79.03   77.79   101.30
11:18:32 76.66   79.14   77.90   100.85
11:19:35 76.78   79.25   77.90   100.40
11:20:39 76.78   79.25   77.79   100.06
11:21:42 76.78   79.36   77.79   99.61
11:22:45 76.89   79.36   77.79   99.16
11:23:49 77.00   67.44   77.90   98.83
11:24:52 76.78   61.03   77.90   98.38
11:25:55 76.66   59.23   77.90   97.92
11:26:59 76.55   58.66   77.79   97.48
11:28:02 76.44   58.44   77.79   97.14
11:29:06 76.21   58.21   77.56   96.69
11:30:09 76.10   57.88   77.68   96.24
11:31:12 75.99   61.81   77.56   95.90
11:32:16 75.99   68.34   77.56   95.45
11:33:19 76.10   69.46   77.56   95.22
11:34:22 76.21   71.15   77.56   94.89
11:35:26 76.33   72.61   77.56   94.78
11:36:29 76.33   73.63   77.56   94.55
11:37:32 76.33   74.75   77.56   94.21
11:38:36 76.33   76.21   77.56   93.99
11:39:39 76.55   77.68   77.68   93.65
11:40:42 76.44   78.46   77.79   93.43
11:41:46 76.55   78.91   77.79   93.20
11:42:49 76.55   79.14   77.79   92.97
11:43:52 76.78   79.25   77.90   92.75
11:44:56 76.78   79.36   78.01   92.53
11:45:59 76.78   69.58   78.01   92.19
11:47:02 76.78   61.70   78.01   92.08
11:48:06 76.66   59.45   78.01   91.85
11:49:09 76.55   58.78   77.90   91.63
11:50:12 76.44   58.55   77.79   91.29
11:51:16 76.21   58.10   77.90   91.18
11:52:19 76.21   57.88   77.79   90.95
11:53:22 76.10   58.21   77.79   90.61
11:54:26 76.10   67.89   77.68   90.61
11:55:29 76.21   69.24   77.68   90.39
11:56:32 76.21   70.59   77.68   90.16
11:57:36 76.33   72.39   77.68   89.94
11:58:39 76.33   73.74   77.68   89.71
11:59:42 76.44   74.86   77.79   89.49
12:00:46 76.55   76.33   77.90   90.84
12:01:49 76.55   77.79   77.90   90.84
12:02:53 76.66   78.69   77.90   90.84
12:03:56 76.66   79.14   77.90   90.72
12:04:59 76.66   79.25   77.90   90.72
12:06:03 76.78   79.25   78.01   90.61
12:07:06 76.89   63.95   78.01   90.39
12:08:09 76.78   59.67   78.13   90.05
12:09:13 76.55   58.78   77.90   89.83
12:10:16 76.44   58.44   78.01   89.71
12:11:19 76.33   58.10   77.90   89.38
12:12:23 76.21   57.99   77.79   89.26
12:13:26 76.10   57.76   77.79   89.04
12:14:29 75.99   57.65   77.79   88.81
12:15:33 75.88   63.84   77.79   88.59
12:16:36 75.99   68.22   77.68   88.47
12:17:39 76.21   69.24   77.56   88.36
12:18:43 76.33   70.47   77.56   88.14
12:19:46 76.21   71.94   77.68   88.03
12:20:49 76.33   73.18   77.68   87.91
12:21:53 76.44   74.19   77.68   87.91
12:22:56 76.44   75.54   77.79   87.91
12:23:59 76.44   76.89   77.90   87.91
12:25:03 76.55   78.13   77.90   87.80
12:26:06 76.55   78.80   77.90   87.58
12:27:09 76.66   72.95   77.90   87.69
12:28:13 76.78   61.81   78.01   87.58
12:29:16 76.55   59.23   77.90   87.46
12:30:19 76.55   58.44   78.01   87.13
12:31:23 76.33   58.10   78.01   86.90
12:32:26 76.21   57.99   77.90   86.79
12:33:29 76.21   57.88   77.79   86.56
12:34:33 76.10   57.65   77.79   86.45
12:35:36 75.99   57.42   77.79   86.34
12:36:40 76.10   58.10   77.68   86.22
12:37:43 75.99   67.44   77.68   86.11
12:38:46 76.10   68.79   77.79   86.11
12:39:50 76.33   69.58   77.68   86.00
12:40:53 76.33   70.59   77.68   86.00
12:41:56 76.33   72.05   77.68   85.89
12:43:00 76.33   73.40   77.79   85.89
12:44:03 76.44   74.53   77.79   85.89
12:45:06 76.44   75.76   77.79   85.66
12:46:10 76.55   77.11   77.79   85.78
12:47:13 76.66   75.99   77.90   85.66
12:48:16 76.66   63.16   77.79   85.55
12:49:20 76.66   59.56   77.79   85.44
12:50:23 76.44   58.66   78.01   85.33
12:51:26 76.33   58.21   78.01   85.33
12:52:30 76.21   57.99   77.79   85.21
12:53:33 76.10   57.88   77.68   85.21
12:54:36 76.10   57.65   77.68   85.21
12:55:40 75.99   57.54   77.68   84.99
12:56:43 75.99   57.31   77.79   84.99
12:57:46 75.88   56.98   77.79   84.88
12:58:50 75.76   57.99   77.68   84.76
12:59:53 75.88   67.21   77.68   84.65
13:00:56 76.10   68.56   77.68   84.65
13:02:00 76.10   69.24   77.68   84.65
13:03:03 76.10   70.14   77.56   84.54
13:04:06 76.21   71.15   77.68   84.54
13:05:10 76.33   72.39   77.68   84.54
13:06:13 76.21   73.51   77.68   84.54
13:07:17 76.33   74.53   77.79   84.43
13:08:20 76.33   72.84   77.68   84.43
13:09:23 76.44   63.28   77.79   84.31
13:10:27 76.33   59.45   77.68   84.31
13:11:30 76.21   58.66   77.79   84.31
13:12:33 76.21   58.21   77.90   84.20
13:13:37 76.10   57.99   77.79   84.20
13:14:40 75.99   57.65   77.79   84.09
13:15:43 75.88   57.42   77.68   84.09
13:16:47 75.88   57.20   77.56   83.86
13:17:50 75.76   57.09   77.56   83.86
13:18:53 75.76   57.09   77.68   83.86
13:19:57 75.65   58.33   77.56   83.86
13:21:00 75.76   67.21   77.56   83.97
13:22:03 75.99   68.45   77.68   83.86
13:23:07 75.99   69.13   77.56   83.86
13:24:10 75.99   69.80   77.56   83.86
13:25:13 76.10   70.70   77.56   83.75
13:26:17 76.33   71.60   77.56   83.86
13:27:20 76.21   72.16   77.68   83.75
13:28:23 76.21   73.18   77.68   83.64
13:29:27 76.33   63.05   77.56   83.53
13:30:30 76.21   59.11   77.68   83.41
13:31:33 76.21   58.10   77.68   83.53
13:32:37 75.99   57.88   77.79   83.41
13:33:40 75.88   57.76   77.68   83.41
13:34:43 75.76   57.65   77.56   83.30
13:35:47 75.76   57.42   77.56   83.30
13:36:50 75.76   57.31   77.68   83.30
13:37:53 75.76   57.31   77.45   83.30
13:38:57 75.65   56.75   77.45   83.30
13:40:00 75.65   56.86   77.56   83.08
13:41:04 75.65   64.74   77.45   83.08
13:42:07 75.76   67.78   77.34   83.08
13:43:10 75.88   68.56   77.34   83.08
13:44:14 75.99   69.24   77.45   83.19
13:45:17 76.10   70.14   77.45   83.19
13:46:20 76.10   71.04   77.56   83.30
13:47:24 76.21   72.05   77.56   83.30
13:48:27 76.21   72.95   77.56   83.30
13:49:30 76.21   66.76   77.56   83.30
13:50:34 76.21   60.69   77.45   83.19
13:51:37 76.21   58.78   77.45   83.19
13:52:40 75.99   58.10   77.56   83.19
13:53:44 75.99   57.88   77.68   83.19
13:54:47 75.88   57.76   77.68   83.08
13:55:50 75.76   57.54   77.56   82.96
13:56:54 75.65   57.20   77.56   82.96
13:57:57 75.76   57.20   77.56   82.85
13:59:00 75.65   56.98   77.45   82.85
14:00:04 75.65   56.98   77.45   82.74
14:01:07 75.65   56.75   77.45   82.85
14:02:10 75.54   56.75   77.56   82.85
14:03:14 75.54   65.64   77.56   82.74
14:04:17 75.76   67.78   77.34   82.74
14:05:20 75.88   68.56   77.34   82.74
14:06:24 76.10   69.24   77.34   82.63
14:07:27 75.99   70.03   77.34   82.63
14:08:30 76.21   70.70   77.45   82.74
14:09:34 76.10   71.71   77.45   82.63
14:10:37 76.10   72.16   77.56   82.63
14:11:40 76.10   63.05   77.56   82.74
14:12:44 76.10   59.11   77.56   82.74
14:13:47 75.99   58.44   77.56   82.74
14:14:51 75.88   57.99   77.45   82.74
14:15:54 75.88   57.76   77.45   82.63
14:16:57 75.76   57.65   77.45   82.63
14:18:01 75.65   57.42   77.45   82.51
14:19:04 75.65   57.31   77.45   82.40
14:20:07 75.65   56.86   77.56   82.40
14:21:11 75.65   56.86   77.45   82.51
14:22:14 75.54   56.30   77.45   82.40
14:23:17 75.54   56.53   77.45   82.29
14:24:21 75.65   56.08   77.45   82.29
14:25:24 75.43   55.85   77.34   82.29
14:26:27 75.65   65.97   77.45   82.18
14:27:31 75.65   67.21   77.34   82.18
14:28:34 75.88   68.22   77.34   82.29
14:29:37 75.76   68.90   77.34   82.40
14:30:41 75.99   69.46   77.34   82.40
14:31:44 75.88   70.25   77.34   82.29
14:32:47 76.10   71.04   77.45   82.40
14:33:51 76.10   65.30   77.45   82.51
14:34:54 75.99   60.13   77.45   82.51
14:35:57 75.99   58.44   77.45   82.51
14:37:01 75.76   57.99   77.45   82.51
14:38:04 75.76   57.65   77.34   82.40
14:39:07 75.65   57.54   77.45   82.29
14:40:11 75.65   57.20   77.45   82.29
14:41:14 75.65   56.98   77.34   82.18
14:42:17 75.54   56.98   77.34   82.06
14:43:21 75.54   56.64   77.45   82.06
14:44:24 75.54   56.19   77.34   82.06
14:45:28 75.43   56.41   77.34   82.06
14:46:31 75.43   56.41   77.34   97.48
14:47:34 75.43   56.41   77.34   103.89
14:48:38 75.31   56.19   77.22   102.88
14:49:41 75.43   62.60   77.22   101.19
14:50:44 75.54   66.99   77.34   99.61
14:51:48 75.65   68.00   77.22   98.15
14:52:51 75.65   68.56   77.22   96.91
14:53:54 75.76   69.13   77.22   95.90
14:54:58 75.88   69.80   77.22   95.11
14:56:01 75.76   70.47   77.22   94.44
14:57:04 75.88   71.49   77.22   93.76
14:58:08 75.99   63.16   77.22   93.20
14:59:11 75.88   59.11   77.34   92.64
15:00:14 75.65   57.88   77.34   92.08
15:01:18 75.76   57.65   77.34   91.63
15:02:21 75.65   57.20   77.11   91.29
15:03:24 75.54   56.98   77.22   90.95
15:04:28 75.43   56.86   77.22   90.50
15:05:31 75.31   56.64   77.34   90.16
15:06:34 75.31   56.53   77.22   89.83
15:07:38 75.31   56.30   77.22   89.49
15:08:41 75.31   56.19   77.22   89.15
15:09:44 75.31   56.08   77.11   88.93
15:10:48 75.20   55.96   77.11   88.59
15:11:51 75.20   55.96   77.11   88.36
15:12:54 75.09   55.85   77.00   88.03
15:13:58 75.20   65.53   77.11   87.80
15:15:01 75.31   67.33   77.11   87.58
15:16:05 75.54   68.11   77.11   87.35
15:17:08 75.65   68.79   77.00   87.24
15:18:11 75.65   69.35   77.11   86.90
15:19:15 75.76   70.03   77.00   86.79
15:20:18 75.76   70.81   77.11   86.56
15:21:21 75.88   64.74   77.00   86.45
15:22:25 75.88   60.01   77.11   86.34
15:23:28 75.65   58.10   77.00   86.11
15:24:31 75.65   57.54   77.11   86.00
15:25:35 75.43   57.09   77.11   85.89
15:26:38 75.43   56.86   77.00   85.66
15:27:41 75.31   56.64   77.00   85.44
15:28:45 75.31   56.53   77.00   85.33
15:29:48 75.31   56.41   77.00   85.44
15:30:51 75.31   56.19   77.00   85.55
15:31:55 75.31   56.08   77.00   85.33
15:32:58 75.20   55.96   76.89   85.21
15:34:01 75.20   55.96   77.11   85.10
15:35:05 75.20   55.85   77.11   85.10
15:36:08 75.09   55.85   76.89   84.88
15:37:11 75.09   65.97   77.00   84.76
15:38:15 75.31   67.44   76.89   84.65
15:39:18 75.43   68.11   76.89   84.54
15:40:21 75.43   68.90   76.89   84.54
15:41:25 75.65   69.58   77.00   84.31
15:42:28 75.65   70.25   77.00   84.20
15:43:31 75.76   71.04   77.11   84.09
15:44:35 75.76   66.43   77.11   84.09
15:45:38 75.76   60.24   77.11   84.20
15:46:41 75.54   57.88   77.00   84.09
15:47:45 75.43   57.42   77.00   83.97
15:48:48 75.31   56.86   77.00   83.86
15:49:51 75.20   56.64   76.89   83.75
15:50:55 75.31   56.53   76.89   83.64
15:51:58 75.09   56.41   76.89   83.53
15:53:02 75.20   56.30   77.00   83.41
15:54:05 75.20   55.96   76.78   83.30
15:55:08 74.97   55.85   76.89   83.19
15:56:12 74.97   55.85   76.89   83.19
15:57:15 75.09   55.96   76.89   82.96
15:58:18 75.09   66.09   76.89   82.96
15:59:22 75.20   67.55   76.89   82.85
16:00:25 75.43   68.11   76.89   82.74
16:01:28 75.54   69.13   76.78   82.74
16:02:32 75.54   69.91   76.89   82.74
16:03:35 75.65   70.81   76.89   82.74
16:04:38 75.76   71.60   76.89   82.74
16:05:42 75.65   72.50   77.00   82.63
16:06:45 75.76   65.97   77.00   82.51
16:07:48 75.76   60.13   77.11   82.51
16:08:52 75.65   57.88   77.00   82.51
16:09:55 75.43   57.31   77.00   82.40
16:10:58 75.43   57.20   77.00   82.40
16:12:02 75.31   56.75   76.89   82.40
16:13:05 75.31   56.53   76.89   82.40
16:14:08 75.20   56.41   76.89   82.29
16:15:12 75.20   56.41   76.89   82.18
16:16:15 75.09   56.08   76.89   82.18
16:17:18 75.20   55.85   76.89   82.06
16:18:22 75.09   62.38   76.89   82.18
16:19:25 75.20   67.10   76.89   82.06
16:20:28 75.31   68.11   76.89   81.95
16:21:32 75.43   68.90   76.78   81.95
16:22:35 75.54   69.80   76.89   81.95
16:23:39 75.54   70.81   76.89   82.06
16:24:42 75.65   71.71   76.89   81.95
16:25:45 75.65   72.61   76.89   81.95
16:26:49 75.65   73.29   76.89   81.95
16:27:52 75.76   65.30   77.00   81.95
16:28:55 75.76   59.90   77.00   81.95
16:29:59 75.65   57.65   77.00   81.84
16:31:02 75.54   57.31   77.11   81.84
16:32:05 75.43   56.98   77.00   81.84
16:33:09 75.31   56.75   77.00   81.95
16:34:12 75.20   56.64   76.89   81.72
16:35:15 75.09   56.53   76.89   81.72
16:36:19 75.09   56.41   76.89   81.61
16:37:22 75.09   56.30   76.89   81.50
16:38:25 75.09   66.43   76.78   81.50
16:39:29 75.31   67.78   76.78   81.50
16:40:32 75.43   68.56   76.89   81.50
16:41:35 75.43   69.58   76.78   81.61
16:42:39 75.54   70.81   76.78   81.61
16:43:42 75.65   71.83   76.78   81.61
16:44:45 75.65   72.72   77.00   81.61
16:45:49 75.76   73.74   76.89   81.61
16:46:52 75.65   74.75   76.89   81.61
16:47:55 75.76   75.43   77.00   81.72
16:48:59 75.88   67.44   77.00   81.84
16:50:02 75.88   60.35   77.11   81.84
16:51:05 75.76   58.10   77.00   81.61
16:52:09 75.65   57.42   77.11   81.61
16:53:12 75.54   57.09   77.00   81.61
16:54:15 75.43   56.86   77.11   81.50
16:55:19 75.31   56.64   77.00   81.50
16:56:22 75.54   56.53   77.00   81.50
16:57:26 75.31   56.53   76.89   81.50
16:58:29 75.20   56.30   76.89   81.50
16:59:32 75.31   66.65   76.89   81.39
17:00:36 75.31   68.00   76.89   81.39
17:01:39 75.54   68.79   76.89   81.39
17:02:42 75.54   69.80   76.89   81.39
17:03:46 75.65   70.93   77.00   81.39
17:04:49 75.76   72.05   77.00   81.39
17:05:52 75.76   73.06   77.00   81.39
17:06:56 75.88   74.30   77.11   81.39
17:07:59 76.10   75.54   77.11   81.50
17:09:02 75.88   76.33   77.00   81.50
17:10:06 75.99   76.89   77.00   81.50
17:11:09 76.10   71.26   77.00   81.39
17:12:12 76.10   61.36   77.00   81.39
17:13:16 75.99   58.44   77.11   81.50
17:14:19 75.88   57.76   77.11   81.39
17:15:22 75.65   57.31   77.11   81.39
17:16:26 75.54   57.09   77.11   81.39
17:17:29 75.54   56.98   77.11   81.39
17:18:32 75.43   56.75   77.11   81.39
17:19:36 75.43   56.64   77.11   81.50
17:20:39 75.43   65.75   77.11   81.39
17:21:42 75.54   67.89   77.00   81.39
17:22:46 75.65   68.68   77.11   81.39
17:23:49 75.65   69.80   77.11   81.28
17:24:52 75.65   71.04   77.00   81.28
17:25:56 75.76   72.16   77.11   81.28
17:26:59 75.76   73.29   77.11   81.39
17:28:02 75.88   74.64   77.11   81.39
17:29:06 75.99   75.99   77.11   81.39
17:30:09 75.99   76.89   77.22   81.39
17:31:13 76.10   77.56   77.11   81.50
17:32:16 76.10   77.90   77.22   81.50
17:33:19 76.33   69.58   77.11   81.61
17:34:23 76.21   61.25   77.22   81.50
17:35:26 76.21   58.66   77.34   81.50
17:36:29 75.99   57.99   77.22   81.50
17:37:33 75.88   57.54   77.34   81.39
17:38:36 75.76   57.20   77.34   81.50
17:39:39 75.54   57.09   77.22   81.39
17:40:43 75.54   56.98   77.22   81.28
17:41:46 75.43   61.03   77.22   81.28
17:42:49 75.54   67.55   77.22   81.28
17:43:53 75.65   68.68   77.22   81.16
17:44:56 75.76   69.58   77.22   81.28
17:45:59 75.76   70.93   77.11   81.39
17:47:03 75.88   72.16   77.22   81.39
17:48:06 75.88   73.18   77.11   81.39
17:49:09 75.88   74.75   77.22   81.39
17:50:13 75.99   76.21   77.34   81.39
17:51:16 75.99   77.22   77.34   81.50
17:52:19 76.10   77.79   77.22   81.50
17:53:23 76.10   78.13   77.34   81.50
17:54:26 76.33   78.35   77.34   81.50
17:55:29 76.33   77.00   77.22   81.39
17:56:33 76.33   62.71   77.34   81.50
17:57:36 76.33   59.11   77.22   81.50
17:58:39 76.10   58.33   77.22   81.50
17:59:43 75.99   57.76   77.34   81.39
18:00:46 75.88   57.54   77.45   81.39
18:01:50 75.65   57.31   77.34   81.39
18:02:53 75.65   57.09   77.45   81.50
18:03:56 75.65   59.90   77.45   81.50
18:05:00 75.54   67.55   77.34   81.39
18:06:03 75.76   68.68   77.22   81.50
18:07:06 75.76   69.69   77.22   81.50
18:08:10 75.88   71.04   77.22   81.50
18:09:13 75.88   72.28   77.34   81.61
18:10:16 75.88   73.29   77.34   81.61
18:11:20 75.99   74.86   77.34   81.61
18:12:23 75.99   76.44   77.34   81.61
18:13:26 76.21   77.45   77.45   81.61
18:14:30 76.21   78.13   77.45   81.61
18:15:33 76.44   78.46   77.34   81.72
18:16:36 76.33   78.58   77.22   81.61
18:17:40 76.44   65.64   77.11   81.72
18:18:43 76.44   59.79   77.34   81.72
18:19:46 76.33   58.55   77.45   81.72
18:20:50 76.10   57.99   77.45   81.72
18:21:53 75.99   57.88   77.34   81.61
18:22:56 75.88   57.54   77.22   81.61
18:24:00 75.76   57.42   77.34   81.72
18:25:03 75.76   57.09   77.45   81.61
18:26:06 75.76   67.21   77.45   81.50
18:27:10 75.88   68.56   77.34   81.50
18:28:13 75.99   69.46   77.45   81.50
18:29:16 75.99   70.70   77.34   81.61
18:30:20 76.10   71.94   77.22   81.61
18:31:23 76.10   73.06   77.22   81.61
18:32:27 76.10   74.53   77.11   81.61
18:33:30 76.10   76.21   77.00   81.50
18:34:33 76.21   77.34   77.11   81.72
18:35:37 76.33   78.13   76.89   81.72
18:36:40 76.55   78.46   76.89   81.72
18:37:43 76.55   78.58   77.11   81.72
18:38:47 76.55   65.41   77.11   81.84
18:39:50 76.55   59.79   77.11   81.84
18:40:53 76.33   58.55   77.34   81.72
18:41:57 76.10   58.10   77.45   81.72
18:43:00 75.99   57.76   77.45   81.61
18:44:03 75.88   57.65   77.34   81.61
18:45:07 75.88   57.54   77.34   81.61
18:46:10 75.76   57.20   77.45   89.15
18:47:13 75.76   64.06   77.45   99.50
18:48:17 75.76   68.11   77.34   99.73
18:49:20 75.99   69.01   77.34   98.60
18:50:23 76.10   70.14   77.45   97.36
18:51:27 76.10   71.38   77.45   96.01
18:52:30 76.21   72.16   77.22   95.00
18:53:33 76.21   72.72   77.34   94.10
18:54:37 76.21   74.30   77.34   93.20
18:55:40 76.33   75.65   77.45   92.64
18:56:43 76.44   77.11   77.56   92.08
18:57:47 76.44   74.41   77.56   91.63
18:58:50 76.55   62.15   77.56   91.18
18:59:53 76.44   59.00   77.56   90.72
19:00:57 76.33   58.21   77.45   90.28
19:02:00 76.10   57.88   77.45   89.83
19:03:03 75.99   57.76   77.45   89.49
19:04:07 75.99   57.76   77.34   89.15
19:05:10 75.88   57.54   77.45   88.93
19:06:14 75.88   57.42   77.45   88.70
19:07:17 75.76   57.20   77.45   88.47
19:08:20 75.76   56.98   77.45   88.14
19:09:24 75.76   61.59   77.34   87.91
19:10:27 75.88   67.66   77.22   87.69
19:11:30 75.99   68.68   77.34   87.46
19:12:34 75.99   69.69   77.56   87.35
19:13:37 76.21   70.47   77.45   87.13
19:14:40 76.21   71.26   77.45   87.01
19:15:44 76.21   72.28   77.56   86.79
19:16:47 76.33   72.95   77.56   86.56
19:17:50 76.44   65.64   77.34   86.56
19:18:54 76.21   60.91   77.45   86.22
19:19:57 76.21   58.66   77.56   86.11
19:21:00 76.10   58.21   77.45   85.89
19:22:04 76.10   57.88   77.45   85.78
19:23:07 75.88   57.65   77.45   85.55
19:24:10 75.88   57.54   77.34   85.44
19:25:14 75.88   57.20   77.56   85.21
19:26:17 75.76   57.20   77.45   85.10
19:27:20 75.76   56.98   77.34   84.99
19:28:24 75.65   57.09   77.34   84.99
19:29:27 75.65   56.86   77.22   84.76
19:30:30 75.65   56.75   77.34   84.65
19:31:34 75.54   56.64   77.34   84.54
19:32:37 75.65   56.41   77.34   84.31
19:33:40 75.54   56.41   77.34   84.20
19:34:44 75.54   56.30   77.34   84.20
19:35:47 75.65   65.30   77.34   84.09
19:36:50 75.76   67.55   77.22   84.09
19:37:54 75.99   68.34   77.34   84.09
19:38:57 75.99   69.01   77.22   83.97
19:40:01 75.99   69.80   77.34   83.86
19:41:04 75.99   70.36   77.34   83.64
19:42:07 75.99   65.41   77.34   83.64
19:43:11 76.21   60.80   77.34   83.53
19:44:14 75.99   58.78   77.22   83.64
19:45:17 75.99   58.10   77.34   83.53
19:46:21 75.88   57.76   77.34   83.41
19:47:24 75.76   57.54   77.45   83.30
19:48:27 75.76   57.20   77.11   83.19
19:49:31 75.76   57.09   77.34   83.19
19:50:34 75.65   56.86   77.34   82.96
19:51:37 75.54   56.64   77.34   82.85
19:52:41 75.65   56.75   77.34   82.74
19:53:44 75.54   56.53   77.34   82.74
19:54:47 75.54   56.53   77.45   82.74
19:55:51 75.54   56.53   77.22   82.63
19:56:54 75.54   56.41   77.22   82.63
19:57:57 75.54   56.19   76.78   82.51
19:59:01 75.54   56.19   77.11   82.40
20:00:04 75.54   56.08   77.11   82.40
20:01:07 75.54   56.08   76.89   82.29
20:02:11 75.43   55.96   77.00   82.29
20:03:14 75.31   55.96   77.11   82.18
20:04:17 75.31   55.85   76.89   82.06
20:05:21 75.43   55.74   76.89   82.06
20:06:24 75.20   55.74   77.00   82.06
20:07:27 75.31   55.74   77.00   81.95
20:08:31 75.20   55.51   77.00   81.84
20:09:34 75.20   55.51   77.00   81.84
20:10:37 75.20   55.29   77.00   81.72
20:11:41 75.31   55.40   76.89   81.84
20:12:44 75.20   55.29   76.78   81.72
20:13:48 75.20   55.29   76.89   81.72
20:14:51 75.20   55.29   76.78   81.61
20:15:54 75.20   55.29   76.78   81.72
20:16:58 75.20   55.29   76.89   81.61
20:18:01 75.09   55.29   76.78   81.50
20:19:04 75.20   55.17   76.66   81.28
20:20:08 75.09   55.29   76.78   81.28
20:21:11 75.09   55.17   76.78   81.28
20:22:14 74.97   54.95   76.66   81.28
20:23:18 75.09   55.06   76.66   81.16
20:24:21 75.09   55.06   76.66   81.28
20:25:24 74.97   54.95   76.55   81.16
20:26:28 74.97   54.95   76.55   81.16
20:27:31 74.97   54.95   76.55   81.05
20:28:34 74.97   54.84   76.55   80.94
20:29:38 74.97   54.73   76.44   80.83
20:30:41 74.97   54.73   76.33   80.94
20:31:44 74.97   54.50   76.33   80.94
20:32:48 74.97   54.61   76.44   81.05
20:33:51 74.86   54.73   76.33   80.94
20:34:54 74.97   54.73   76.33   80.83
20:35:58 74.86   54.73   76.44   80.71
20:37:01 74.75   54.50   76.33   80.83
20:38:04 74.86   54.39   76.33   80.71
20:39:08 74.86   54.50   76.33   80.60
20:40:11 74.75   54.39   76.33   80.71
20:41:14 74.75   54.50   76.33   80.71
20:42:18 74.75   54.50   76.21   80.71
20:43:21 74.75   54.28   76.10   80.71
20:44:24 74.75   54.39   76.21   80.71
20:45:28 74.86   54.28   76.21   80.71
20:46:31 74.86   54.16   76.10   80.71
20:47:35 74.86   54.28   76.10   80.71
20:48:38 74.86   54.39   76.10   80.60
20:49:41 74.86   54.39   76.10   80.60
20:50:45 74.64   54.39   76.21   80.60
20:51:48 74.75   54.28   76.10   80.60
20:52:51 74.75   54.28   76.10   80.49
20:53:55 74.64   54.16   76.10   80.38
20:54:58 74.64   54.05   75.88   80.49
20:56:01 74.53   54.28   75.88   80.38
20:57:05 74.64   54.05   75.99   80.26
20:58:08 74.64   53.94   75.99   80.26
20:59:11 74.75   53.94   75.88   80.26
21:00:15 74.53   54.05   75.88   80.26
21:01:18 74.64   54.05   75.76   80.15
21:02:21 74.64   53.83   75.88   80.15
21:03:25 74.64   53.71   75.88   80.15
21:04:28 74.64   53.94   75.88   80.26
21:05:31 74.53   53.94   75.88   80.26
21:06:35 74.53   53.60   75.88   80.15
21:07:38 74.53   53.60   75.88   80.04
21:08:41 74.53   53.71   75.76   80.04
21:09:45 74.53   53.60   75.76   79.93
21:10:48 74.53   53.60   75.65   79.93
21:11:51 74.53   53.49   75.65   79.93
21:12:55 74.41   53.83   75.65   79.93
21:13:58 74.53   53.71   75.65   79.93
21:15:01 74.41   53.71   75.65   79.93
21:16:05 74.41   53.60   75.65   79.81
21:17:08 74.41   53.71   75.54   79.81
21:18:11 74.41   53.71   75.43   79.93
21:19:15 74.41   53.49   75.54   79.93
21:20:18 74.41   53.49   75.43   80.04
21:21:22 74.41   53.26   75.43   79.93
21:22:25 74.41   53.38   75.54   79.81
21:23:28 74.53   53.49   75.54   79.81
21:24:32 74.41   53.26   75.43   79.81
21:25:35 74.41   53.38   75.54   79.81
21:26:38 74.53   53.26   75.54   79.93
21:27:42 74.41   53.26   75.43   79.81
21:28:45 74.41   53.15   75.43   79.93
21:29:48 74.41   53.38   75.43   79.93
21:30:52 74.41   53.26   75.31   79.81
21:31:55 74.30   53.26   75.31   79.81
21:32:58 74.30   53.26   75.31   79.81
21:34:02 74.30   53.04   75.09   79.70
21:35:05 74.41   52.92   75.09   79.81
21:36:08 74.30   53.04   75.20   79.70
21:37:12 74.19   52.81   75.09   79.70
21:38:15 74.30   53.15   74.86   79.70
21:39:18 74.30   53.04   75.09   94.89
21:40:22 74.30   53.26   75.09   104.34
21:41:25 74.30   53.15   74.97   106.48
21:42:28 74.30   53.04   74.97   107.04
21:43:32 74.41   53.04   74.97   107.38
21:44:35 74.53   53.26   74.86   108.05
21:45:38 74.53   53.38   74.97   108.61
21:46:42 74.53   53.49   74.97   108.95
21:47:45 74.41   53.49   74.86   109.18
21:48:48 74.41   53.38   74.86   109.51
21:49:52 74.53   53.49   74.97   109.63
21:50:55 74.41   53.60   74.86   109.85
21:51:59 74.53   53.49   74.97   109.96
21:53:02 74.41   53.38   74.75   110.08
21:54:05 74.41   53.49   74.75   110.08
21:55:09 74.41   53.60   74.75   110.19
21:56:12 74.41   53.38   74.64   110.41
21:57:15 74.41   53.26   74.64   110.64
21:58:19 74.41   53.49   74.75   110.75
21:59:22 74.41   53.26   74.64   110.30
22:00:25 74.75   54.84   74.64   109.63
22:01:29 74.86   56.19   74.75   108.95
22:02:32 74.75   55.85   74.64   107.94
22:03:35 74.75   55.63   74.64   107.15
22:04:39 74.75   55.29   74.64   106.14
22:05:42 74.64   55.06   74.75   105.46
22:06:45 74.64   54.95   74.97   104.68
22:07:49 74.64   54.50   74.75   103.89
22:08:52 74.64   54.50   74.64   103.10
22:09:55 74.64   54.39   74.75   102.20
22:10:59 74.53   54.50   74.75   101.41
22:12:02 74.53   54.28   74.75   100.63
22:13:05 74.53   54.28   74.64   99.95
22:14:09 74.53   54.16   74.53   99.39
22:15:12 74.30   54.05   74.64   98.83
22:16:15 74.41   54.16   74.64   99.61
22:17:19 74.30   54.16   74.75   110.53
22:18:22 74.30   54.16   74.75   112.66
22:19:25 74.19   54.16   74.41   112.44
22:20:29 74.30   53.94   74.64   112.21
22:21:32 74.19   53.94   74.75   111.43
22:22:35 74.19   53.60   74.75   110.41
22:23:39 74.08   53.71   74.86   109.40
22:24:42 74.08   53.83   74.75   108.39
22:25:45 73.96   53.71   74.64   107.49
22:26:49 73.96   53.60   74.64   106.48
22:27:52 74.08   53.38   74.64   105.69
22:28:56 73.96   53.49   74.75   104.79
22:29:59 73.96   53.49   74.75   103.89
22:31:02 73.96   53.38   74.75   103.21
22:32:06 73.96   53.26   74.75   102.43
22:33:09 73.96   53.26   74.75   101.64
22:34:12 73.74   53.26   74.64   105.24
22:35:16 74.08   53.15   74.64   110.08
22:36:19 73.96   53.49   74.75   110.19
22:37:22 73.85   53.15   74.75   109.40
22:38:26 73.85   53.38   74.75   108.39
22:39:29 73.85   53.15   74.64   107.38
22:40:32 73.85   53.15   74.53   106.48
22:41:36 73.74   53.15   74.53   105.46
22:42:39 73.74   53.04   74.41   104.56
22:43:42 73.74   52.92   74.53   103.66
22:44:46 73.74   53.04   74.53   102.76
22:45:49 73.74   52.81   74.53   101.98
22:46:52 73.74   52.81   74.53   101.19
22:47:56 73.63   52.92   74.41   100.51
22:48:59 73.74   52.92   74.53   99.73
22:50:02 73.63   52.81   74.53   99.05
22:51:06 73.63   52.59   74.53   98.49
22:52:09 73.63   52.59   74.53   97.81
22:53:12 73.63   52.70   74.41   97.25
22:54:16 73.51   52.59   74.30   96.69
22:55:19 73.51   52.59   74.41   96.13
22:56:22 73.51   52.48   74.41   95.56
22:57:26 73.51   52.48   74.30   95.11
22:58:29 73.40   52.36   74.30   94.55
22:59:32 73.40   52.25   74.41   94.10
23:00:36 73.40   52.36   74.30   93.54
23:01:39 73.51   52.25   74.19   93.09
23:02:43 73.51   52.25   74.30   92.75
23:03:46 73.40   52.25   74.30   92.41
23:04:49 73.40   52.25   74.41   91.96
23:05:53 73.29   52.25   74.30   91.51
23:06:56 73.40   52.25   74.30   91.06
23:07:59 73.40   52.14   74.30   90.84
23:09:03 73.29   52.14   74.30   90.61
23:10:06 73.40   52.03   74.30   90.16
23:11:09 73.29   52.03   74.30   89.83
23:12:13 73.29   52.03   74.19   89.49
23:13:16 73.29   52.03   74.30   89.15
23:14:19 73.29   52.14   74.19   88.81
23:15:23 73.18   52.03   74.08   88.59
23:16:26 73.29   52.03   74.19   88.25
23:17:29 73.18   52.03   74.08   88.14
23:18:33 73.29   52.03   74.08   87.91
23:19:36 73.18   51.80   74.19   87.80
23:20:39 73.18   52.03   73.96   87.46
23:21:43 73.18   51.80   73.96   87.01
23:22:46 73.18   52.03   73.96   86.79
23:23:49 73.18   51.91   73.96   86.56
23:24:53 73.40   52.03   74.08   86.34
23:25:56 73.29   51.91   74.08   86.00
23:26:59 73.18   51.80   73.96   85.78
23:28:03 73.29   51.80   74.08   85.55
23:29:06 73.18   51.69   73.96   85.33
23:30:09 73.18   51.69   73.96   85.21
23:31:13 73.18   51.69   73.96   85.10
23:32:16 73.06   51.80   73.96   84.88
23:33:20 73.06   51.80   73.96   84.65
23:34:23 73.06   51.58   73.85   84.54
23:35:26 73.06   51.80   73.96   84.43
23:36:30 73.06   51.69   74.08   84.20
23:37:33 73.06   51.58   73.96   83.97
23:38:36 73.06   51.58   73.96   83.75
23:39:40 73.06   51.58   73.96   83.64
23:40:43 72.95   51.58   73.96   83.53
23:41:46 72.95   51.58   73.96   83.53
23:42:50 72.95   51.58   73.96   83.41
23:43:53 72.95   51.58   73.74   83.19
23:44:56 72.95   51.58   73.96   83.08
23:46:00 72.95   51.35   73.96   82.85
23:47:03 72.84   51.46   73.96   82.74
23:48:06 72.95   51.46   73.85   82.63
23:49:10 72.84   51.46   73.85   82.40
23:50:13 72.84   51.46   73.96   82.40
23:51:16 72.95   51.35   73.85   82.29
23:52:20 72.84   51.46   73.85   82.18
23:53:23 72.84   51.46   73.85   82.06
23:54:26 72.84   51.46   73.85   81.95
23:55:30 72.84   51.46   73.85   81.84
23:56:33 72.72   51.35   73.74   81.84
23:57:36 72.72   51.35   73.74   81.84
23:58:40 72.72   51.35   73.74   103.10
23:59:43 72.72   51.35   73.51   106.48
