00:00:50 72.95   53.15   74.64   88.93
00:01:53 72.84   53.04   74.64   88.59
00:02:56 72.84   53.04   74.64   88.47
00:04:00 72.84   53.04   74.64   88.14
00:05:03 72.84   53.04   74.64   87.91
00:06:06 72.95   53.04   74.64   87.58
00:07:10 72.84   52.92   74.75   87.35
00:08:13 72.72   52.92   74.64   87.13
00:09:16 72.84   52.92   74.64   86.90
00:10:20 72.84   53.04   74.53   86.68
00:11:23 72.84   52.92   74.64   86.45
00:12:26 72.84   52.92   74.64   86.11
00:13:30 72.84   52.81   74.64   86.00
00:14:33 72.72   52.70   74.53   85.66
00:15:37 72.72   52.81   74.53   85.55
00:16:40 72.72   52.81   74.53   85.33
00:17:43 72.61   52.81   74.53   85.21
00:18:47 72.61   52.81   74.53   84.99
00:19:50 72.61   52.70   74.53   84.88
00:20:53 72.61   52.81   74.53   84.76
00:21:57 72.72   52.70   74.30   84.43
00:23:00 72.61   52.70   74.30   84.31
00:24:03 72.50   52.70   74.30   84.09
00:25:07 72.61   52.59   74.30   83.86
00:26:10 72.61   52.70   74.30   83.75
00:27:13 72.50   52.59   74.30   83.64
00:28:17 72.50   52.48   74.41   83.53
00:29:20 72.61   52.48   74.41   83.41
00:30:23 72.50   52.48   74.30   83.30
00:31:27 72.50   52.59   74.19   83.19
00:32:30 72.50   52.70   74.19   82.96
00:33:33 72.50   63.50   74.30   82.85
00:34:37 72.72   63.84   74.30   82.85
00:35:40 72.84   64.40   74.30   82.74
00:36:43 72.84   64.85   74.30   82.51
00:37:47 72.95   65.53   74.30   82.51
00:38:50 72.95   66.31   74.41   82.51
00:39:53 73.06   67.33   74.41   82.51
00:40:57 73.06   59.56   74.41   82.40
00:42:00 73.06   56.08   74.41   82.29
00:43:03 72.95   55.17   74.53   82.06
00:44:07 72.84   54.95   74.53   82.06
00:45:10 72.84   54.84   74.53   81.84
00:46:14 72.72   54.84   74.53   81.84
00:47:17 72.72   54.16   74.41   81.72
00:48:20 72.72   53.83   74.53   81.72
00:49:24 72.61   53.83   74.41   81.72
00:50:27 72.61   53.26   74.41   81.61
00:51:30 72.61   53.26   74.30   81.61
00:52:34 72.61   54.05   74.41   81.50
00:53:37 72.61   63.61   74.30   81.50
00:54:40 72.84   64.40   74.30   81.39
00:55:44 72.95   65.41   74.19   81.39
00:56:47 72.95   65.97   74.30   81.39
00:57:50 72.95   66.54   74.41   81.28
00:58:54 73.06   67.10   74.41   81.28
00:59:57 73.06   68.00   74.41   81.28
01:01:00 73.18   69.13   74.30   81.16
01:02:04 73.29   70.36   74.41   81.16
01:03:07 73.40   64.85   74.53   81.05
01:04:10 73.29   58.89   74.30   81.16
01:05:14 73.18   56.64   74.41   81.05
01:06:17 73.06   55.96   74.41   81.05
01:07:20 73.06   55.63   74.41   80.94
01:08:24 72.84   55.51   74.53   80.83
01:09:27 72.84   55.40   74.53   80.83
01:10:30 72.84   54.61   74.53   80.71
01:11:34 72.61   55.29   74.64   80.71
01:12:37 72.72   64.51   74.53   80.60
01:13:40 72.72   66.09   74.53   80.60
01:14:44 72.95   66.88   74.41   80.60
01:15:47 72.95   67.78   74.41   80.49
01:16:50 73.06   68.90   74.53   80.60
01:17:54 73.06   69.91   74.64   80.49
01:18:57 73.18   71.49   74.64   80.49
01:20:01 73.18   72.61   74.64   80.49
01:21:04 73.29   73.51   74.41   80.49
01:22:07 73.40   74.30   74.64   80.49
01:23:11 73.51   74.86   74.64   80.49
01:24:14 73.63   75.20   74.64   80.38
01:25:17 73.63   75.31   74.75   80.26
01:26:21 73.74   75.65   74.75   80.38
01:27:24 73.74   75.76   74.64   80.49
01:28:27 73.85   75.76   74.75   80.49
01:29:31 73.85   75.99   74.75   80.38
01:30:34 73.96   75.88   74.75   80.38
01:31:37 73.96   75.99   74.86   80.49
01:32:41 73.96   76.10   74.86   80.49
01:33:44 74.08   76.10   74.97   80.60
01:34:47 74.08   76.21   75.09   80.60
01:35:51 74.08   76.33   75.09   80.49
01:36:54 74.08   76.33   75.09   80.49
01:37:57 74.19   76.44   75.09   80.60
01:39:01 74.19   76.55   75.20   80.71
01:40:04 74.30   76.44   75.20   80.71
01:41:07 74.30   76.55   75.20   80.71
01:42:11 74.30   76.66   75.20   80.71
01:43:14 74.41   76.66   75.31   80.71
01:44:17 74.41   76.66   75.31   80.94
01:45:21 74.41   76.66   75.20   80.83
01:46:24 74.41   76.78   75.31   80.83
01:47:27 74.41   76.78   75.31   80.83
01:48:31 74.41   76.78   75.31   80.94
01:49:34 74.41   76.78   75.43   80.83
01:50:37 74.53   76.89   75.31   80.83
01:51:41 74.41   76.89   75.43   80.83
01:52:44 74.41   76.89   75.54   80.94
01:53:48 74.53   76.89   75.43   80.94
01:54:51 74.53   76.89   75.54   81.05
01:55:54 74.53   77.00   75.43   80.94
01:56:58 74.53   77.00   75.54   81.05
01:58:01 74.53   77.00   75.54   81.16
01:59:04 74.53   76.89   75.65   81.16
02:00:08 74.64   76.78   75.54   81.16
02:01:11 74.64   76.89   75.54   81.16
02:02:14 74.64   76.89   75.65   81.16
02:03:18 74.64   76.89   75.65   81.05
02:04:21 74.64   76.89   75.54   81.16
02:05:24 74.64   76.89   75.76   81.05
02:06:28 74.75   76.89   75.65   81.05
02:07:31 74.64   77.00   75.88   81.05
02:08:34 74.64   77.00   75.76   81.16
02:09:38 74.75   77.00   75.76   81.16
02:10:41 74.75   77.00   75.88   81.16
02:11:44 74.75   77.00   75.76   81.16
02:12:48 74.75   77.00   75.88   81.16
02:13:51 74.75   77.00   75.76   81.05
02:14:54 74.75   77.00   75.88   81.05
02:15:58 74.86   77.11   75.99   81.16
02:17:01 74.86   77.11   75.99   81.16
02:18:04 74.86   77.11   75.99   81.16
02:19:08 74.86   77.11   75.99   81.16
02:20:11 74.86   77.11   75.99   81.28
02:21:14 74.86   77.11   75.99   81.28
02:22:18 74.86   77.11   75.99   81.28
02:23:21 74.86   77.22   76.10   81.39
02:24:24 74.86   77.22   76.10   81.39
02:25:28 74.86   77.22   75.99   81.39
02:26:31 74.97   77.22   75.99   81.50
02:27:35 74.97   77.22   75.99   81.61
02:28:38 74.97   77.22   76.21   81.61
02:29:41 74.97   77.22   76.10   81.72
02:30:45 74.97   77.22   76.21   81.72
02:31:48 74.97   77.34   76.10   81.61
02:32:51 75.09   77.34   76.21   81.61
02:33:55 74.97   77.34   76.21   81.61
02:34:58 74.97   77.34   76.21   81.61
02:36:01 75.09   77.34   76.33   81.61
02:37:05 75.09   77.34   76.33   81.61
02:38:08 75.09   77.34   76.21   81.61
02:39:11 75.09   77.34   76.33   81.61
02:40:15 75.09   77.34   76.33   81.72
02:41:18 75.09   77.34   76.33   81.61
02:42:21 74.97   77.34   76.33   81.72
02:43:25 75.09   77.34   76.33   81.72
02:44:28 75.09   77.34   76.33   81.84
02:45:31 75.09   77.34   76.21   81.95
02:46:35 75.09   77.34   76.33   81.84
02:47:38 75.09   77.45   76.33   81.84
02:48:41 75.09   77.34   76.44   81.95
02:49:45 75.09   77.45   76.44   81.84
02:50:48 75.09   77.45   76.44   81.84
02:51:51 75.09   77.45   76.44   81.95
02:52:55 75.09   77.45   76.44   82.06
02:53:58 75.09   77.45   76.44   82.06
02:55:01 75.09   77.56   76.44   82.06
02:56:05 75.09   77.45   76.44   82.06
02:57:08 75.09   77.56   76.55   81.95
02:58:12 75.20   77.45   76.55   81.95
02:59:15 75.20   77.56   76.44   82.06
03:00:18 75.09   77.56   76.55   82.06
03:01:22 75.20   77.56   76.66   82.18
03:02:25 75.20   77.56   76.55   82.06
03:03:28 75.20   77.68   76.55   82.06
03:04:32 75.20   77.68   76.66   82.18
03:05:35 75.20   77.68   76.66   82.18
03:06:38 75.31   77.68   76.66   82.06
03:07:42 75.20   77.68   76.66   82.06
03:08:45 75.20   77.79   76.66   82.06
03:09:48 75.31   77.68   76.66   82.06
03:10:52 75.31   77.68   76.66   82.18
03:11:55 75.31   77.68   76.78   82.18
03:12:58 75.31   77.68   76.66   82.18
03:14:02 75.31   77.68   76.66   82.18
03:15:05 75.43   77.79   76.66   82.29
03:16:08 75.31   77.68   76.78   82.29
03:17:12 75.43   77.68   76.78   82.29
03:18:15 75.31   77.68   76.78   82.40
03:19:18 75.31   77.79   76.78   82.51
03:20:22 75.31   77.68   76.78   82.40
03:21:25 75.31   77.68   76.78   82.40
03:22:28 75.43   77.79   76.78   82.51
03:23:32 75.31   77.68   76.89   82.40
03:24:35 75.31   77.79   76.89   82.40
03:25:38 75.31   77.79   76.78   82.40
03:26:42 75.31   77.79   76.78   82.51
03:27:45 75.31   77.79   76.89   82.40
03:28:48 75.43   77.79   76.89   82.40
03:29:52 75.31   77.79   76.89   82.51
03:30:55 75.43   77.79   76.78   82.40
03:31:59 75.43   77.90   76.89   82.51
03:33:02 75.43   77.90   76.89   82.51
03:34:05 75.43   77.90   77.00   82.51
03:35:09 75.43   77.90   77.00   82.51
03:36:12 75.43   77.90   77.00   82.63
03:37:15 75.43   77.90   77.00   82.63
03:38:19 75.43   77.90   77.00   82.63
03:39:22 75.43   77.90   76.89   82.63
03:40:25 75.43   77.90   77.00   82.63
03:41:29 75.54   78.01   77.00   82.63
03:42:32 75.43   78.01   77.11   82.63
03:43:35 75.54   78.01   77.22   82.63
03:44:39 75.43   78.01   77.11   82.51
03:45:42 75.54   78.01   77.00   82.40
03:46:45 75.54   78.01   77.11   82.51
03:47:49 75.54   78.01   77.11   82.63
03:48:52 75.54   78.13   77.11   82.63
03:49:55 75.54   78.01   77.22   82.63
03:50:59 75.54   78.01   77.22   82.74
03:52:02 75.54   78.01   77.22   82.74
03:53:05 75.54   78.13   77.11   82.85
03:54:09 75.65   78.01   77.22   82.85
03:55:12 75.65   78.13   77.22   82.74
03:56:15 75.65   78.01   77.22   82.74
03:57:19 75.76   78.01   77.22   82.96
03:58:22 75.65   78.01   77.22   82.96
03:59:25 75.65   78.01   77.22   82.85
04:00:29 75.65   78.01   77.34   82.85
04:01:32 75.65   78.01   77.34   82.85
04:02:35 75.65   78.01   77.45   82.85
04:03:39 75.65   78.13   77.34   82.85
04:04:42 75.65   78.13   77.34   82.85
04:05:46 75.65   78.13   77.45   82.85
04:06:49 75.65   78.13   77.45   82.96
04:07:52 75.65   78.13   77.34   82.85
04:08:56 75.65   78.13   77.34   82.85
04:09:59 75.65   78.13   77.34   82.85
04:11:02 75.65   78.24   77.45   82.85
04:12:06 75.65   78.24   77.45   82.85
04:13:09 75.65   78.35   77.45   82.96
04:14:12 75.65   78.35   77.34   83.08
04:15:16 75.65   78.35   77.45   82.96
04:16:19 75.65   78.46   77.45   83.08
04:17:22 75.65   78.46   77.45   83.08
04:18:26 75.65   78.46   77.45   83.08
04:19:29 75.76   78.46   77.45   83.19
04:20:32 75.76   78.46   77.56   83.08
04:21:36 75.76   78.46   77.56   83.08
04:22:39 75.76   78.46   77.56   83.08
04:23:42 75.76   78.46   77.56   83.08
04:24:46 75.65   78.46   77.45   83.08
04:25:49 75.76   78.46   77.56   83.08
04:26:52 75.76   78.58   77.45   83.08
04:27:56 75.65   78.58   77.45   83.08
04:28:59 75.76   78.58   77.56   83.08
04:30:02 75.76   78.58   77.56   83.19
04:31:06 75.76   78.58   77.68   83.19
04:32:09 75.76   66.76   77.56   83.30
04:33:12 75.76   62.38   77.56   83.19
04:34:16 75.43   61.48   77.56   83.08
04:35:19 75.31   59.45   77.56   82.96
04:36:23 75.09   58.66   77.56   82.96
04:37:26 74.86   58.33   77.34   82.85
04:38:29 74.86   65.08   77.22   82.74
04:39:33 74.86   68.68   77.34   82.85
04:40:36 74.97   70.36   77.45   82.85
04:41:39 74.97   72.16   77.45   82.74
04:42:43 74.97   72.95   77.34   82.74
04:43:46 75.09   73.63   77.34   82.74
04:44:49 75.20   74.64   77.22   82.74
04:45:53 75.09   75.54   77.22   82.74
04:46:56 75.20   76.66   77.22   82.85
04:47:59 75.31   77.56   77.22   82.74
04:49:03 75.20   77.90   77.34   82.74
04:50:06 75.31   78.01   77.34   102.31
04:51:09 75.43   78.13   77.45   106.25
04:52:13 75.43   78.24   77.34   107.26
04:53:16 75.54   78.24   77.34   107.60
04:54:19 75.54   78.24   77.34   107.49
04:55:23 75.54   78.35   77.45   107.71
04:56:26 75.54   78.35   77.45   108.95
04:57:29 75.65   78.46   77.45   109.51
04:58:33 75.65   78.46   77.56   110.08
04:59:36 75.65   78.46   77.56   110.41
05:00:39 75.76   78.58   77.56   110.08
05:01:43 75.76   78.69   77.56   109.51
05:02:46 75.88   78.69   77.56   108.84
05:03:49 75.88   78.69   77.56   108.05
05:04:53 75.88   64.63   77.68   107.26
05:05:56 75.88   61.36   77.68   106.48
05:06:59 75.65   59.79   77.56   105.58
05:08:03 75.54   59.00   77.45   104.79
05:09:06 75.31   58.66   77.45   103.89
05:10:10 75.20   58.44   77.22   103.10
05:11:13 74.97   63.28   77.45   102.99
05:12:16 75.09   68.34   77.45   102.88
05:13:20 75.20   69.46   77.45   102.54
05:14:23 75.20   71.15   77.45   102.09
05:15:26 75.31   72.50   77.34   101.64
05:16:30 75.31   73.29   77.34   101.08
05:17:33 75.31   73.96   77.34   100.63
05:18:36 75.31   75.09   77.45   100.18
05:19:40 75.43   76.44   77.45   99.84
05:20:43 75.43   77.45   77.45   99.28
05:21:46 75.54   78.01   77.34   98.94
05:22:50 75.65   78.24   77.34   100.18
05:23:53 75.65   78.35   77.34   106.81
05:24:56 75.76   78.35   77.34   107.38
05:26:00 75.76   78.46   77.45   106.59
05:27:03 75.76   68.11   77.45   105.35
05:28:06 75.76   61.59   77.56   104.34
05:29:10 75.54   59.56   77.34   103.33
05:30:13 75.31   58.89   77.34   102.43
05:31:16 75.20   58.55   77.34   101.53
05:32:20 75.09   58.33   77.22   100.85
05:33:23 74.97   58.10   77.22   100.18
05:34:26 74.86   58.21   77.34   99.50
05:35:30 74.75   67.66   77.22   98.94
05:36:33 74.97   68.90   77.34   98.38
05:37:36 75.09   69.69   77.22   97.92
05:38:40 75.09   70.81   77.22   97.48
05:39:43 75.09   71.83   77.34   97.03
05:40:47 75.20   72.61   77.11   96.58
05:41:50 75.20   73.51   77.11   96.24
05:42:53 75.20   74.41   76.89   95.79
05:43:57 75.31   75.54   77.00   95.34
05:45:00 75.43   76.66   77.11   94.89
05:46:03 75.43   77.45   77.11   94.66
05:47:07 75.43   66.88   77.00   94.44
05:48:10 75.43   61.70   77.00   94.10
05:49:13 75.20   59.90   76.78   93.65
05:50:17 75.09   59.11   77.11   93.31
05:51:20 74.86   58.66   77.00   92.97
05:52:23 74.86   58.21   77.11   92.64
05:53:27 74.75   57.99   76.89   92.30
05:54:30 74.64   57.76   77.11   91.96
05:55:33 74.53   59.45   77.00   91.63
05:56:37 74.64   67.55   77.11   91.40
05:57:40 74.75   68.68   77.11   91.18
05:58:43 74.86   69.46   77.11   90.95
05:59:47 74.75   70.47   77.11   90.84
06:00:50 74.86   71.38   77.11   90.61
06:01:53 74.86   72.05   77.11   90.28
06:02:57 74.86   72.28   77.00   90.05
06:04:00 74.97   72.95   76.89   89.83
06:05:03 75.09   73.96   77.00   89.60
06:06:07 75.09   75.20   76.89   89.49
06:07:10 75.20   66.65   77.00   89.38
06:08:13 75.09   61.14   76.89   89.26
06:09:17 74.97   59.45   76.89   88.93
06:10:20 74.86   58.78   76.78   88.59
06:11:23 74.75   58.44   76.89   88.36
06:12:27 74.64   58.21   76.78   88.14
06:13:30 74.41   57.76   76.78   87.91
06:14:34 74.41   57.76   76.89   87.80
06:15:37 74.30   57.42   76.55   87.69
06:16:40 74.19   57.42   76.78   87.46
06:17:44 74.30   62.60   76.78   87.35
06:18:47 74.30   67.33   76.78   87.13
06:19:50 74.53   68.22   76.89   87.01
06:20:54 74.53   69.01   76.89   87.01
06:21:57 74.64   69.58   76.89   86.90
06:23:00 74.64   70.14   76.78   86.90
06:24:04 74.64   70.59   76.66   86.68
06:25:07 74.75   71.15   76.66   86.56
06:26:10 74.75   71.83   76.55   86.34
06:27:14 74.86   72.50   76.78   86.22
06:28:17 74.86   63.50   76.89   86.11
06:29:20 74.86   59.23   76.55   86.11
06:30:24 74.75   57.99   76.21   86.00
06:31:27 74.53   57.54   76.55   85.78
06:32:30 74.41   57.42   76.55   85.66
06:33:34 74.41   57.65   76.55   85.55
06:34:37 74.19   57.54   76.55   85.55
06:35:40 74.19   57.31   76.66   85.44
06:36:44 74.19   57.09   76.44   85.33
06:37:47 74.19   56.86   76.55   85.10
06:38:50 74.19   57.09   76.44   84.99
06:39:54 74.19   66.54   76.55   84.88
06:40:57 74.30   67.78   76.55   84.76
06:42:00 74.41   68.45   76.66   84.76
06:43:04 74.53   69.24   76.66   84.76
06:44:07 74.41   69.91   76.55   84.76
06:45:10 74.53   70.59   76.55   84.65
06:46:14 74.53   71.26   76.66   84.54
06:47:17 74.53   71.94   76.55   84.54
06:48:20 74.64   64.74   76.55   84.54
06:49:24 74.64   61.70   76.44   84.54
06:50:27 74.53   59.90   76.21   84.31
06:51:31 74.41   58.66   76.33   84.09
06:52:34 74.30   58.10   76.33   84.09
06:53:37 74.19   57.65   76.33   84.09
06:54:41 74.08   57.31   76.21   83.97
06:55:44 74.08   57.09   76.10   83.86
06:56:47 74.08   56.86   76.33   83.75
06:57:51 73.96   56.86   76.21   83.75
06:58:54 73.96   56.64   76.33   83.64
06:59:57 74.08   58.10   76.44   83.53
07:01:01 73.96   66.43   76.33   83.41
07:02:04 74.08   67.66   76.33   83.41
07:03:07 74.19   68.34   76.21   83.41
07:04:11 74.19   69.13   76.21   83.53
07:05:14 74.30   69.91   76.44   83.41
07:06:17 74.41   70.47   76.21   83.41
07:07:21 74.30   71.15   76.21   83.41
07:08:24 74.41   67.78   76.44   83.30
07:09:27 74.30   62.15   76.44   83.19
07:10:31 74.19   59.00   76.21   83.19
07:11:34 74.19   58.10   76.21   83.19
07:12:37 73.96   57.76   76.21   83.08
07:13:41 73.96   57.54   76.21   82.96
07:14:44 73.96   57.20   76.21   82.85
07:15:47 73.85   56.98   75.88   82.96
07:16:51 73.85   56.64   76.10   82.85
07:17:54 73.85   56.53   75.99   82.74
07:18:57 73.85   56.53   76.10   82.63
07:20:01 73.63   56.41   76.10   82.63
07:21:04 73.63   64.85   75.99   82.51
07:22:08 73.74   66.99   75.88   82.51
07:23:11 73.85   67.89   76.10   82.51
07:24:14 73.96   68.45   75.99   82.63
07:25:18 74.08   69.24   76.10   82.51
07:26:21 74.08   69.80   76.10   82.51
07:27:24 74.19   70.59   76.10   82.51
07:28:28 74.19   71.38   76.10   82.51
07:29:31 74.19   64.51   76.10   82.40
07:30:34 74.19   60.46   76.21   82.40
07:31:38 74.19   60.24   75.88   82.29
07:32:41 74.08   68.45   75.99   82.29
07:33:44 74.19   69.80   75.88   82.40
07:34:48 74.19   71.83   76.10   82.51
07:35:51 74.30   72.84   75.99   82.40
07:36:54 74.30   73.63   76.10   82.29
07:37:58 74.41   74.30   76.33   82.29
07:39:01 74.41   74.75   76.33   82.40
07:40:04 74.53   75.31   76.21   82.29
07:41:08 74.53   75.88   76.21   82.40
07:42:11 74.64   76.21   76.21   82.40
07:43:14 74.64   76.44   76.33   82.51
07:44:18 74.75   76.66   76.44   82.63
07:45:21 74.75   76.78   76.44   82.51
07:46:24 74.75   77.00   76.44   82.63
07:47:28 74.97   77.00   76.44   82.63
07:48:31 74.86   77.11   76.55   82.63
07:49:34 74.97   77.00   76.55   82.63
07:50:38 74.97   77.00   76.66   82.51
07:51:41 74.97   77.11   76.66   82.51
07:52:44 75.09   77.11   76.66   82.63
07:53:48 75.09   77.11   76.55   82.63
07:54:51 75.09   77.11   76.55   82.51
07:55:54 75.20   77.22   76.66   82.63
07:56:58 75.09   77.22   76.78   82.51
07:58:01 75.09   77.22   76.66   82.63
07:59:05 75.20   77.34   76.66   82.63
08:00:08 75.20   77.34   76.66   82.63
08:01:11 75.20   77.34   76.66   82.63
08:02:15 75.31   77.34   76.66   82.74
08:03:18 75.31   77.45   76.66   82.74
08:04:21 75.31   77.45   76.78   82.74
08:05:25 75.31   77.56   76.89   82.74
08:06:28 75.31   77.56   76.78   83.08
08:07:31 75.43   77.56   76.78   82.96
08:08:35 75.31   77.56   76.78   82.96
08:09:38 75.43   77.56   76.89   82.96
08:10:41 75.43   77.68   77.00   82.96
08:11:45 75.43   77.68   76.89   82.96
08:12:48 75.43   77.68   76.89   82.96
08:13:51 75.54   77.68   76.78   82.96
08:14:55 75.43   77.68   76.78   82.96
08:15:58 75.54   77.68   76.66   83.19
08:17:01 75.54   77.79   76.89   83.19
08:18:05 75.54   77.79   76.89   83.08
08:19:08 75.54   77.79   76.89   83.08
08:20:11 75.54   77.79   76.89   83.19
08:21:15 75.54   77.79   77.11   83.19
08:22:18 75.54   77.79   77.11   83.19
08:23:21 75.54   77.79   77.00   83.08
08:24:25 75.54   77.79   77.00   83.19
08:25:28 75.54   77.79   77.11   83.08
08:26:31 75.54   77.90   77.11   88.14
08:27:35 75.54   77.90   77.11   99.95
08:28:38 75.54   77.90   77.11   100.29
08:29:42 75.65   77.90   77.11   99.28
08:30:45 75.65   78.01   77.11   97.81
08:31:48 75.65   78.01   77.11   96.69
08:32:52 75.76   78.01   77.11   95.68
08:33:55 75.76   78.13   77.22   94.89
08:34:58 75.88   78.13   77.11   94.21
08:36:02 75.76   78.13   77.22   93.65
08:37:05 75.76   78.24   77.11   93.09
08:38:08 75.88   78.24   77.34   92.53
08:39:12 75.88   78.24   77.34   92.08
08:40:15 75.88   78.24   77.11   91.74
08:41:18 75.88   78.24   77.11   91.29
08:42:22 75.88   78.35   77.22   91.06
08:43:25 75.99   78.35   77.22   90.72
08:44:28 75.99   78.35   77.34   90.50
08:45:32 75.99   78.35   77.45   90.16
08:46:35 75.99   78.35   77.45   89.83
08:47:38 76.10   78.35   77.45   89.60
08:48:42 75.99   78.46   77.56   89.49
08:49:45 76.10   78.46   77.56   89.15
08:50:48 76.10   78.46   77.56   88.93
08:51:52 76.10   78.46   77.45   88.70
08:52:55 76.21   78.58   77.56   88.47
08:53:58 76.21   78.58   77.68   88.25
08:55:02 76.21   78.58   77.68   88.14
08:56:05 76.21   78.58   77.68   87.91
08:57:08 76.21   78.58   77.68   87.80
08:58:12 76.33   78.69   77.68   87.69
08:59:15 76.33   78.69   77.68   87.46
09:00:18 76.33   78.69   77.79   87.35
09:01:22 76.33   78.69   77.79   87.24
09:02:25 76.33   78.69   77.79   87.13
09:03:29 76.33   78.69   77.79   87.13
09:04:32 76.44   78.69   77.79   87.01
09:05:35 76.33   78.80   77.79   86.79
09:06:39 76.44   78.80   77.90   86.79
09:07:42 76.44   78.80   77.90   86.56
09:08:45 76.44   78.80   77.90   86.56
09:09:49 76.44   78.91   77.90   86.45
09:10:52 76.44   78.80   78.13   86.45
09:11:55 76.55   78.91   78.01   86.34
09:12:59 76.44   78.91   78.01   86.11
09:14:02 76.44   78.91   78.01   86.00
09:15:05 76.44   78.91   78.01   86.00
09:16:09 76.55   78.91   78.01   86.00
09:17:12 76.55   79.03   78.13   85.89
09:18:15 76.55   79.03   78.01   85.89
09:19:19 76.55   79.03   78.13   85.66
09:20:22 76.55   79.03   78.13   85.66
09:21:25 76.55   79.03   78.13   85.66
09:22:29 76.66   79.03   78.13   85.78
09:23:32 76.66   79.14   78.13   85.55
09:24:35 76.66   79.03   78.24   85.44
09:25:39 76.66   79.14   78.24   85.44
09:26:42 76.66   79.14   78.24   85.44
09:27:45 76.66   79.14   78.24   85.33
09:28:49 76.66   79.03   78.35   85.33
09:29:52 76.66   79.14   78.35   85.21
09:30:55 76.78   79.14   78.24   85.33
09:31:59 76.66   79.14   78.24   85.10
09:33:02 76.66   79.14   78.35   85.10
09:34:05 76.78   79.14   78.35   85.10
09:35:09 76.78   79.14   78.24   84.99
09:36:12 76.78   79.25   78.35   84.88
09:37:16 76.78   79.25   78.46   84.99
09:38:19 76.78   79.25   78.46   84.99
09:39:22 76.89   79.25   78.46   84.99
09:40:26 76.89   79.25   78.46   84.99
09:41:29 76.89   79.36   78.46   84.99
09:42:32 76.89   79.36   78.58   84.88
09:43:36 76.89   79.47   78.58   84.88
09:44:39 76.89   79.47   78.58   84.88
09:45:42 76.89   79.47   78.58   84.88
09:46:46 76.89   79.59   78.58   84.88
09:47:49 76.89   79.47   78.46   84.88
09:48:52 77.00   79.59   78.69   84.88
09:49:56 76.89   79.70   78.58   84.88
09:50:59 77.00   79.70   78.69   84.88
09:52:02 77.00   79.70   78.69   84.99
09:53:06 77.00   79.70   78.69   84.88
09:54:09 77.00   79.70   78.69   84.88
09:55:12 77.00   79.81   78.69   84.88
09:56:16 77.00   79.81   78.69   84.76
09:57:19 77.00   79.70   78.80   84.76
09:58:22 77.00   79.81   78.80   84.65
09:59:26 77.11   65.30   78.80   84.65
10:00:29 76.89   63.39   78.69   84.54
10:01:32 76.66   62.26   78.69   84.43
10:02:36 76.55   60.58   78.69   84.31
10:03:39 76.44   60.13   78.58   84.31
10:04:42 76.21   59.45   78.58   84.31
10:05:46 76.10   65.86   78.69   84.20
10:06:49 76.21   69.80   78.69   84.20
10:07:52 76.21   71.26   78.69   84.20
10:08:56 76.21   72.95   78.58   84.20
10:09:59 76.33   73.85   78.58   84.20
10:11:03 76.21   74.75   78.58   84.20
10:12:06 76.33   75.43   78.46   84.09
10:13:09 76.44   76.21   78.46   84.20
10:14:13 76.44   77.34   78.35   84.20
10:15:16 76.55   78.35   78.35   84.20
10:16:19 76.66   78.91   78.46   84.20
10:17:23 76.66   79.25   78.58   84.20
10:18:26 76.78   79.36   78.69   84.31
10:19:29 76.66   79.47   78.58   100.63
10:20:33 76.89   79.47   78.80   106.03
10:21:36 76.89   79.47   78.80   106.25
10:22:39 76.89   79.59   78.80   104.90
10:23:43 76.89   79.59   78.91   105.69
10:24:46 77.00   79.70   78.91   105.69
10:25:49 77.11   75.88   78.91   104.79
10:26:53 77.11   64.29   78.91   103.78
10:27:56 76.89   62.04   79.03   102.88
10:28:59 76.78   60.58   79.03   101.86
10:30:03 76.66   60.35   78.80   101.08
10:31:06 76.55   60.13   79.03   100.29
10:32:09 76.44   59.67   78.91   99.50
10:33:13 76.33   59.45   78.69   98.83
10:34:16 76.21   67.10   78.80   98.15
10:35:19 76.33   69.69   78.80   97.48
10:36:23 76.33   70.59   78.69   97.03
10:37:26 76.33   71.83   78.69   96.46
10:38:29 76.44   72.95   78.69   96.01
10:39:33 76.55   73.85   78.58   95.56
10:40:36 76.55   74.75   78.69   95.22
10:41:39 76.55   75.76   78.80   94.78
10:42:43 76.66   76.55   78.58   94.33
10:43:46 76.78   77.68   78.80   93.99
10:44:50 76.89   78.58   78.80   93.54
10:45:53 76.89   76.78   79.03   93.20
10:46:56 76.89   64.18   79.03   92.86
10:48:00 76.78   61.59   79.03   92.53
10:49:03 76.66   60.69   78.91   92.30
10:50:06 76.55   60.35   78.91   92.08
10:51:10 76.44   60.01   79.03   91.74
10:52:13 76.44   59.79   78.91   91.40
10:53:16 76.21   59.56   78.91   91.18
10:54:20 76.33   59.45   78.91   90.95
10:55:23 76.21   59.11   78.80   90.72
10:56:26 76.21   59.00   78.80   90.50
10:57:30 76.10   58.89   78.80   90.28
10:58:33 76.10   58.89   78.80   90.05
10:59:36 76.10   58.89   78.58   89.83
11:00:40 75.99   58.78   78.46   89.60
11:01:43 75.99   58.78   78.58   89.49
11:02:46 75.88   58.44   78.46   89.26
11:03:50 75.99   58.10   78.46   89.04
11:04:53 75.88   58.44   78.35   88.81
11:05:56 75.88   58.21   78.35   88.70
11:07:00 75.88   58.10   78.46   88.47
11:08:03 75.76   58.21   78.46   88.36
11:09:06 75.88   58.10   78.24   88.25
11:10:10 75.76   58.10   78.01   88.03
11:11:13 75.76   57.88   78.13   87.91
11:12:16 75.76   57.42   78.13   87.80
11:13:20 75.76   57.88   78.24   87.58
11:14:23 75.65   57.88   78.01   87.46
11:15:26 75.76   57.54   78.13   87.24
11:16:30 75.65   57.54   78.24   87.24
11:17:33 75.65   57.65   78.01   87.01
11:18:37 75.65   57.42   78.13   86.90
11:19:40 75.65   57.20   78.24   86.79
11:20:43 75.43   57.09   78.13   86.56
11:21:47 75.54   57.20   78.13   86.34
11:22:50 75.54   57.20   78.01   86.22
11:23:53 75.54   57.09   77.90   86.22
11:24:57 75.54   56.75   78.13   86.11
11:26:00 75.43   56.86   77.90   86.00
11:27:03 75.54   56.64   77.90   85.78
11:28:07 75.54   57.09   78.01   85.78
11:29:10 75.54   57.20   78.13   85.66
11:30:13 75.54   56.86   78.01   85.55
11:31:17 75.54   57.09   77.90   85.44
11:32:20 75.43   56.64   78.01   85.21
11:33:23 75.54   56.41   78.01   85.21
11:34:27 75.54   56.98   77.90   85.10
11:35:30 75.54   56.64   77.90   84.99
11:36:33 75.43   56.64   77.79   84.76
11:37:37 75.31   56.41   77.79   84.65
11:38:40 75.31   56.75   77.79   84.54
11:39:43 75.31   56.41   77.79   84.43
11:40:47 75.31   56.30   77.79   84.31
11:41:50 75.09   56.41   77.79   84.20
11:42:53 75.20   56.08   77.79   84.20
11:43:57 75.20   56.41   77.79   84.09
11:45:00 75.20   56.19   77.90   83.97
11:46:03 75.09   55.85   77.90   83.86
11:47:07 75.20   55.96   77.79   83.75
11:48:10 75.09   55.74   77.79   83.64
11:49:13 75.09   55.96   77.79   83.53
11:50:17 75.09   55.96   77.68   83.53
11:51:20 75.09   55.74   77.68   83.41
11:52:24 75.09   55.96   77.79   83.41
11:53:27 75.09   55.96   77.68   83.41
11:54:30 75.09   55.63   77.56   83.19
11:55:34 75.09   55.74   77.56   83.08
11:56:37 74.97   55.63   77.68   83.08
11:57:40 75.09   55.63   77.45   82.96
11:58:44 74.97   55.85   77.34   82.96
11:59:47 74.97   55.40   77.45   82.96
12:00:50 74.97   55.51   77.22   82.74
12:01:54 74.97   55.96   77.34   82.74
12:02:57 74.86   55.51   77.34   82.74
12:04:00 74.86   55.40   77.34   82.74
12:05:04 74.97   55.51   77.22   82.63
12:06:07 74.86   55.51   77.45   82.74
12:07:10 74.86   55.29   77.34   82.63
12:08:14 74.86   55.40   77.22   82.63
12:09:17 74.86   55.51   77.22   82.51
12:10:20 74.97   55.40   77.11   82.40
12:11:24 74.97   55.40   77.00   82.40
12:12:27 74.86   55.06   77.11   82.29
12:13:30 74.86   55.17   77.22   82.29
12:14:34 74.75   55.29   77.11   82.18
12:15:37 74.75   55.40   77.00   82.06
12:16:40 74.86   55.29   77.22   81.95
12:17:44 74.75   55.40   77.00   81.95
12:18:47 74.75   55.17   77.22   81.84
12:19:50 74.75   55.17   77.22   81.84
12:20:54 74.86   55.17   77.11   81.84
12:21:57 74.86   55.17   77.00   81.84
12:23:00 74.75   55.17   77.11   81.72
12:24:04 74.86   55.17   77.00   81.72
12:25:07 74.75   55.29   77.00   81.72
12:26:11 74.75   55.29   77.11   81.72
12:27:14 74.75   55.06   77.22   81.72
12:28:17 74.75   54.95   77.11   81.61
12:29:21 74.64   55.17   77.22   81.50
12:30:24 74.75   55.17   77.00   95.45
12:31:27 74.75   55.29   77.11   105.13
12:32:31 74.75   55.17   77.11   107.26
12:33:34 74.75   55.17   77.00   107.94
12:34:37 74.64   55.17   77.11   108.05
12:35:41 74.75   55.17   76.89   108.50
12:36:44 74.64   55.06   76.89   109.06
12:37:47 74.75   55.06   76.89   109.18
12:38:51 74.75   55.06   76.89   108.61
12:39:54 74.75   55.17   77.11   108.05
12:40:57 74.75   55.17   77.00   108.61
12:42:01 74.97   55.40   76.78   110.86
12:43:04 74.86   55.40   76.66   111.43
12:44:07 74.86   55.51   76.78   110.98
12:45:11 74.97   55.51   77.00   110.19
12:46:14 74.97   55.63   76.78   109.40
12:47:17 74.97   55.74   76.89   108.50
12:48:21 74.97   55.74   76.78   107.60
12:49:24 74.97   55.74   76.66   106.70
12:50:27 74.97   55.63   76.66   105.69
12:51:31 74.86   55.74   76.66   104.68
12:52:34 74.86   55.85   76.89   103.89
12:53:37 74.97   55.63   76.66   103.10
12:54:41 74.75   55.74   76.66   102.31
12:55:44 74.86   55.63   76.44   110.41
12:56:47 74.86   55.63   76.66   111.76
12:57:51 74.75   55.63   76.55   111.76
12:58:54 74.86   55.74   76.66   111.54
12:59:58 74.75   55.51   76.66   111.31
13:01:01 74.75   55.40   76.89   111.20
13:02:04 74.75   55.74   76.66   111.54
13:03:08 74.86   55.74   76.89   111.88
13:04:11 74.86   55.51   76.78   111.99
13:05:14 74.97   55.63   76.78   111.54
13:06:18 75.09   57.88   76.66   110.86
13:07:21 75.20   57.76   76.66   110.19
13:08:24 75.09   57.54   76.66   109.29
13:09:28 75.09   56.98   76.55   108.50
13:10:31 75.09   56.86   76.44   107.60
13:11:34 75.09   56.64   76.55   106.81
13:12:38 75.09   56.75   76.55   106.03
13:13:41 75.20   56.64   76.44   105.13
13:14:44 75.09   56.41   76.44   104.34
13:15:48 75.09   56.41   76.44   103.44
13:16:51 74.97   56.30   76.44   102.65
13:17:54 74.97   55.96   76.55   101.98
13:18:58 74.97   55.96   76.55   101.30
13:20:01 74.97   55.85   76.66   100.74
13:21:04 74.86   55.85   76.55   100.18
13:22:08 74.97   55.85   76.78   99.61
13:23:11 74.86   55.74   76.66   98.94
13:24:14 74.86   55.85   76.66   98.49
13:25:18 74.86   55.63   76.66   97.92
13:26:21 74.86   55.63   76.66   97.59
13:27:24 74.75   55.85   76.44   97.03
13:28:28 74.75   55.63   76.66   96.58
13:29:31 74.75   55.51   76.66   96.13
13:30:34 74.86   55.51   76.66   95.79
13:31:38 74.75   55.74   76.55   95.34
13:32:41 74.75   55.51   76.66   95.11
13:33:44 74.75   55.40   76.55   94.66
13:34:48 74.75   55.40   76.44   94.44
13:35:51 74.64   55.40   76.44   93.88
13:36:55 74.75   55.74   76.55   93.54
13:37:58 74.75   55.51   76.66   93.09
13:39:01 74.64   55.40   76.78   92.75
13:40:05 74.75   55.29   76.55   92.41
13:41:08 74.75   55.51   76.44   92.08
13:42:11 74.75   55.51   76.78   91.74
13:43:15 74.64   55.29   76.44   91.51
13:44:18 74.64   55.40   76.44   91.18
13:45:21 74.64   55.29   76.44   90.84
13:46:25 74.64   55.40   76.44   90.39
13:47:28 74.64   55.40   76.55   90.16
13:48:31 74.64   55.29   76.55   89.94
13:49:35 74.64   55.17   76.44   89.71
13:50:38 74.64   55.40   76.44   89.38
13:51:41 74.53   55.29   76.55   89.26
13:52:45 74.64   55.40   76.33   89.15
13:53:48 74.53   55.29   76.44   88.81
13:54:51 74.64   55.40   76.44   88.59
13:55:55 74.53   55.74   76.44   88.47
13:56:58 74.53   55.40   76.33   88.25
13:58:01 74.64   55.17   76.21   87.91
13:59:05 74.53   55.17   76.33   87.69
14:00:08 74.53   54.95   76.21   87.58
14:01:11 74.53   55.29   76.33   87.35
14:02:15 74.53   55.17   76.10   87.24
14:03:18 74.53   55.17   76.33   87.13
14:04:21 74.53   55.06   76.44   87.01
14:05:25 74.53   55.29   76.21   86.68
14:06:28 74.53   55.17   76.33   86.68
14:07:31 74.41   55.06   76.44   86.34
14:08:35 74.53   55.17   76.44   86.11
14:09:38 74.53   55.40   76.55   86.00
14:10:41 74.41   55.06   76.44   85.89
14:11:45 74.41   54.95   76.21   85.66
14:12:48 74.41   54.95   76.21   85.66
14:13:52 74.30   55.06   76.33   85.55
14:14:55 74.41   55.06   76.33   85.33
14:15:58 74.41   55.06   76.33   85.21
14:17:02 74.41   54.84   76.33   85.10
14:18:05 74.53   54.95   76.21   84.99
14:19:08 74.41   54.95   76.44   84.88
14:20:12 74.41   54.84   76.33   84.65
14:21:15 74.53   54.95   76.44   84.54
14:22:18 74.41   54.95   76.10   84.43
14:23:22 74.53   55.06   76.10   84.31
14:24:25 74.53   54.95   76.44   84.20
14:25:28 74.53   54.95   76.33   84.20
14:26:32 74.53   54.84   76.33   83.97
14:27:35 74.53   55.06   76.33   83.86
14:28:38 74.30   54.84   76.33   83.86
14:29:42 74.30   54.84   76.21   83.75
14:30:45 74.53   55.06   76.21   83.64
14:31:48 74.53   60.58   76.10   83.53
14:32:52 74.53   65.08   76.10   83.53
14:33:55 74.64   65.97   76.33   83.30
14:34:58 74.75   66.31   76.55   83.30
14:36:02 74.86   66.99   76.33   83.19
14:37:05 74.86   67.78   76.44   83.19
14:38:08 74.97   68.68   76.44   83.19
14:39:12 75.09   69.80   76.55   83.19
14:40:15 75.20   71.26   76.44   83.30
14:41:18 75.31   72.72   76.66   83.30
14:42:22 75.31   73.85   76.44   83.08
14:43:25 75.54   74.86   76.66   83.08
14:44:28 75.54   64.51   76.55   82.96
14:45:32 75.43   59.45   76.66   82.85
14:46:35 75.31   58.44   76.66   82.85
14:47:39 75.20   57.88   76.78   82.96
14:48:42 75.09   57.65   76.66   82.96
14:49:45 75.09   57.54   76.66   82.96
14:50:49 74.97   57.42   76.66   82.85
14:51:52 74.97   56.75   76.55   82.74
14:52:55 74.97   56.53   76.55   82.63
14:53:59 74.86   56.41   76.66   82.63
14:55:02 74.97   56.30   76.66   82.74
14:56:05 74.86   66.20   76.55   82.74
14:57:09 74.97   66.65   76.55   82.74
14:58:12 75.09   67.89   76.33   82.74
14:59:15 75.20   68.68   76.66   82.63
15:00:19 75.31   69.35   76.78   82.63
15:01:22 75.31   70.36   76.66   82.51
15:02:25 75.31   71.49   76.78   82.40
15:03:29 75.54   72.84   76.89   82.40
15:04:32 75.54   74.53   76.78   82.40
15:05:35 75.65   71.60   76.89   82.40
15:06:39 75.65   61.03   77.00   82.29
15:07:42 75.65   58.89   77.00   82.40
15:08:45 75.54   58.44   77.00   82.51
15:09:49 75.43   58.21   76.89   82.29
15:10:52 75.43   57.99   77.00   82.29
15:11:55 75.20   57.54   76.89   82.29
15:12:59 75.20   57.31   76.89   82.18
15:14:02 75.20   56.98   76.89   82.29
15:15:05 75.20   56.75   76.89   82.29
15:16:09 75.09   62.71   76.89   82.29
15:17:12 75.20   66.76   76.89   82.18
15:18:15 75.31   68.22   76.78   82.06
15:19:19 75.43   69.13   76.89   82.06
15:20:22 75.43   69.80   77.00   81.95
15:21:25 75.54   70.93   76.89   82.06
15:22:29 75.65   71.83   77.11   82.06
15:23:32 75.76   73.29   77.22   81.95
15:24:36 75.88   74.75   77.11   81.95
15:25:39 75.99   76.10   77.22   82.06
15:26:42 75.99   66.31   77.22   82.06
15:27:46 75.99   60.35   77.22   82.06
15:28:49 75.76   59.00   77.34   81.95
15:29:52 75.65   58.78   77.45   81.95
15:30:56 75.65   58.55   77.11   81.95
15:31:59 75.54   58.33   77.00   82.06
15:33:02 75.54   57.99   77.34   82.06
15:34:06 75.54   58.10   77.11   81.95
15:35:09 75.54   58.10   77.22   81.95
15:36:12 75.43   65.75   77.34   81.84
15:37:16 75.54   68.11   77.11   82.06
15:38:19 75.76   69.13   77.11   81.95
15:39:22 75.88   69.80   77.22   81.84
15:40:26 75.88   70.70   77.22   81.84
15:41:29 75.88   71.49   77.22   81.84
15:42:32 75.88   72.61   77.34   81.95
15:43:36 75.99   74.19   77.22   81.95
15:44:39 76.10   75.76   77.22   81.95
15:45:42 76.33   76.78   77.34   82.18
15:46:46 76.33   67.21   77.45   82.18
15:47:49 76.33   60.58   77.45   82.18
15:48:52 76.10   59.23   77.34   82.06
15:49:56 75.99   58.89   77.45   82.06
15:50:59 75.88   58.78   77.45   82.06
15:52:02 75.76   58.66   77.56   81.95
15:53:06 75.76   58.66   77.45   81.95
15:54:09 75.76   58.55   77.45   81.95
15:55:12 75.65   58.10   77.56   81.84
15:56:16 75.54   62.49   77.45   81.95
15:57:19 75.65   68.11   77.45   81.95
15:58:22 75.65   69.24   77.45   81.84
15:59:26 75.65   69.80   77.45   81.84
16:00:29 75.88   70.47   77.56   81.72
16:01:33 75.99   71.15   77.56   92.97
16:02:36 76.10   72.05   77.45   105.80
16:03:39 76.10   73.29   77.56   106.25
16:04:43 76.21   74.97   77.45   104.34
16:05:46 76.33   76.44   77.34   102.54
16:06:49 76.44   77.45   77.56   101.08
16:07:53 76.44   64.63   77.45   99.61
16:08:56 76.33   60.58   77.56   98.38
16:09:59 76.21   59.45   77.56   97.25
16:11:03 76.10   59.23   77.68   96.46
16:12:06 75.99   59.11   77.90   95.79
16:13:09 75.99   59.00   77.90   95.00
16:14:13 75.88   58.89   77.90   94.44
16:15:16 75.76   58.89   77.68   93.88
16:16:19 75.65   58.10   77.79   93.43
16:17:23 75.76   58.66   77.79   92.97
16:18:26 75.88   67.89   77.79   92.53
16:19:29 75.99   69.24   77.90   91.96
16:20:33 75.99   69.91   78.01   91.63
16:21:36 76.10   70.59   78.01   91.18
16:22:39 76.21   71.26   77.90   90.84
16:23:43 76.21   71.83   77.90   90.50
16:24:46 76.33   72.50   78.13   90.16
16:25:49 76.33   73.74   78.01   89.94
16:26:53 76.44   75.43   78.01   89.60
16:27:56 76.44   67.10   78.01   89.49
16:28:59 76.44   61.03   77.90   89.26
16:30:03 76.33   59.79   78.01   89.04
16:31:06 76.33   59.56   78.01   88.81
16:32:10 76.21   59.34   78.01   88.59
16:33:13 76.10   59.34   77.90   88.36
16:34:16 75.99   59.11   78.01   88.03
16:35:20 75.99   59.23   78.01   87.91
16:36:23 75.88   59.11   78.13   87.69
16:37:26 75.88   58.78   78.01   87.58
16:38:30 75.88   67.44   78.01   87.35
16:39:33 75.88   69.13   78.01   87.24
16:40:36 76.10   69.69   78.01   87.13
16:41:40 76.21   70.14   78.13   86.90
16:42:43 76.21   70.93   78.13   86.79
16:43:46 76.33   71.60   78.24   86.56
16:44:50 76.33   72.28   78.24   86.56
16:45:53 76.55   73.18   78.24   86.45
16:46:56 76.66   68.11   78.24   86.22
16:48:00 76.55   61.48   78.24   86.11
16:49:03 76.33   60.01   78.35   86.00
16:50:06 76.21   59.56   78.35   85.78
16:51:10 76.21   59.56   78.35   85.66
16:52:13 76.10   59.56   78.24   103.44
16:53:16 76.10   59.56   78.24   104.23
16:54:20 75.99   59.34   78.24   102.65
16:55:23 75.99   59.23   78.13   101.08
16:56:26 75.99   58.44   78.24   99.61
16:57:30 75.99   58.33   78.24   98.38
16:58:33 75.99   66.76   78.24   97.14
16:59:36 76.21   69.01   78.24   96.35
17:00:40 76.33   69.91   78.13   95.68
17:01:43 76.44   70.47   78.24   95.00
17:02:46 76.44   71.15   78.01   94.44
17:03:50 76.66   71.71   77.90   93.88
17:04:53 76.66   72.39   78.13   93.31
17:05:57 76.66   72.50   78.01   92.86
17:07:00 76.78   63.39   78.24   92.53
17:08:03 76.66   60.69   78.24   91.96
17:09:07 76.55   60.35   78.24   91.51
17:10:10 76.55   60.01   78.24   91.29
17:11:13 76.44   60.13   78.24   90.84
17:12:17 76.44   59.90   78.24   90.61
17:13:20 76.33   59.56   78.13   90.28
17:14:23 76.21   59.45   78.13   89.94
17:15:27 76.21   59.23   78.13   89.71
17:16:30 76.21   58.89   78.24   89.38
17:17:33 76.21   58.66   78.13   89.04
17:18:37 76.21   58.10   78.13   88.93
17:19:40 76.10   58.89   78.24   88.59
17:20:43 76.10   58.33   78.24   88.36
17:21:47 76.10   58.44   78.24   88.25
17:22:50 76.10   66.99   78.13   88.03
17:23:53 76.21   68.56   78.13   87.91
17:24:57 76.44   69.58   78.24   87.69
17:26:00 76.44   70.25   78.13   87.46
17:27:03 76.55   70.70   78.24   87.24
17:28:07 76.55   71.26   78.24   87.24
17:29:10 76.66   72.05   78.24   87.13
17:30:13 76.66   65.97   78.35   86.90
17:31:17 76.55   61.48   78.24   86.79
17:32:20 76.44   60.58   78.24   86.68
17:33:23 76.44   60.13   78.13   86.34
17:34:27 76.44   60.01   78.13   86.34
17:35:30 76.33   59.90   78.13   86.11
17:36:34 76.33   59.67   78.13   86.11
17:37:37 76.21   59.56   78.13   86.00
17:38:40 76.21   59.23   78.13   85.78
17:39:44 76.10   59.11   78.13   85.66
17:40:47 76.10   58.89   78.13   85.55
17:41:50 76.10   58.44   78.13   85.33
17:42:54 76.10   58.78   78.01   85.21
17:43:57 75.99   58.66   78.13   85.21
17:45:00 75.99   58.55   78.13   85.10
17:46:04 76.10   57.99   78.13   84.99
17:47:07 76.10   58.44   78.13   84.76
17:48:10 75.99   58.21   78.13   84.76
17:49:14 75.99   58.33   78.13   84.65
17:50:17 75.99   58.10   78.01   84.54
17:51:20 75.99   57.99   78.01   84.54
17:52:24 75.99   57.99   78.01   84.43
17:53:27 75.99   57.65   78.01   84.31
17:54:30 75.88   57.76   78.01   84.09
17:55:34 75.99   58.10   78.01   83.97
17:56:37 75.88   66.31   78.01   83.97
17:57:40 75.99   68.11   77.90   83.86
17:58:44 76.21   69.13   78.01   83.86
17:59:47 76.33   69.69   78.13   83.86
18:00:50 76.44   70.14   78.13   104.45
18:01:54 76.44   70.59   78.13   109.29
18:02:57 76.55   64.51   78.01   110.41
18:04:00 76.55   60.80   78.13   110.30
18:05:04 76.44   60.24   78.01   109.06
18:06:07 76.44   59.79   78.01   107.49
18:07:10 76.33   59.56   78.13   105.91
18:08:14 76.33   59.45   78.13   106.25
18:09:17 76.33   59.34   78.01   109.85
18:10:21 76.21   59.11   78.01   110.30
18:11:24 76.44   59.00   78.01   109.51
18:12:27 76.33   58.44   78.01   108.16
18:13:31 76.33   58.66   78.24   106.70
18:14:34 76.33   58.55   78.13   105.46
18:15:37 76.33   58.44   78.01   104.34
18:16:41 76.44   58.55   78.01   103.66
18:17:44 76.44   58.44   78.01   102.76
18:18:47 76.44   58.78   77.90   101.75
18:19:51 76.44   58.89   78.01   100.63
18:20:54 76.44   59.11   78.13   99.73
18:21:57 76.55   59.11   78.13   98.94
18:23:01 76.55   59.34   78.01   98.15
18:24:04 76.55   59.45   78.01   97.48
18:25:07 76.55   59.45   77.90   96.91
18:26:11 76.66   59.45   77.90   96.24
18:27:14 76.55   59.56   77.90   95.79
18:28:17 76.66   59.67   77.90   95.22
18:29:21 76.78   59.79   78.01   94.89
18:30:24 76.66   59.90   77.90   94.33
18:31:27 76.78   59.90   77.90   93.88
18:32:31 76.89   59.90   77.90   101.98
18:33:34 76.78   60.01   78.01   105.80
18:34:37 76.78   60.01   77.90   105.01
18:35:41 76.78   60.01   77.90   103.44
18:36:44 76.78   59.79   77.90   107.71
18:37:47 76.66   59.90   78.01   107.15
18:38:51 76.66   59.67   77.90   105.69
18:39:54 76.55   59.79   77.90   104.45
18:40:58 76.55   59.56   77.90   103.21
18:42:01 76.44   59.56   77.90   101.98
18:43:04 76.55   59.45   78.01   100.85
18:44:08 76.44   59.34   77.79   99.95
18:45:11 76.44   59.23   77.90   99.05
18:46:14 76.44   59.11   78.01   107.04
18:47:18 76.55   59.11   77.90   108.61
18:48:21 76.55   59.00   78.01   109.06
18:49:24 76.55   59.00   78.01   109.96
18:50:28 76.44   59.00   77.90   110.08
18:51:31 76.44   58.78   77.90   110.08
18:52:34 76.44   58.66   77.79   110.19
18:53:38 76.55   58.66   77.79   110.53
18:54:41 76.55   58.89   77.90   110.75
18:55:44 76.55   58.66   77.90   110.75
18:56:48 76.66   58.89   78.01   110.19
18:57:51 76.66   58.78   78.01   109.06
18:58:54 76.55   58.55   77.90   107.94
18:59:58 76.66   58.55   77.90   106.81
19:01:01 76.66   58.55   77.79   105.58
19:02:04 76.66   58.55   77.90   104.56
19:03:08 76.55   58.66   77.90   103.55
19:04:11 76.55   58.33   77.90   102.54
19:05:14 76.55   58.55   77.79   101.64
19:06:18 76.55   58.33   77.90   100.63
19:07:21 76.44   58.33   77.79   99.95
19:08:24 76.44   58.33   77.79   99.28
19:09:28 76.44   58.10   77.90   98.60
19:10:31 76.44   58.10   77.79   98.15
19:11:34 76.44   58.21   77.90   97.70
19:12:38 76.33   58.10   77.90   97.14
19:13:41 76.33   57.99   77.90   96.58
19:14:44 76.44   57.99   77.90   96.01
19:15:48 76.44   57.76   77.90   95.68
19:16:51 76.33   57.54   77.90   95.22
19:17:55 76.33   57.65   77.90   94.78
19:18:58 76.33   57.76   77.90   94.33
19:20:01 76.33   57.65   77.79   93.99
19:21:05 76.21   57.54   77.79   93.76
19:22:08 76.33   57.54   77.79   93.31
19:23:11 76.21   57.42   77.79   92.86
19:24:15 76.21   57.54   77.90   92.53
19:25:18 76.21   57.42   77.90   92.08
19:26:21 76.21   57.42   77.79   91.85
19:27:25 76.10   57.31   77.68   91.63
19:28:28 76.10   57.42   77.79   91.29
19:29:31 76.10   57.31   77.79   91.29
19:30:35 76.10   57.20   77.68   90.95
19:31:38 76.10   57.31   77.79   90.72
19:32:41 76.10   57.09   77.68   90.39
19:33:45 75.99   57.09   77.79   90.16
19:34:48 75.99   56.98   77.79   89.83
19:35:51 75.99   57.09   77.79   89.71
19:36:55 75.99   57.09   77.68   89.49
19:37:58 75.99   56.53   77.79   89.26
19:39:01 75.88   56.75   77.79   89.04
19:40:05 75.99   56.75   77.68   88.70
19:41:08 75.88   56.86   77.79   88.59
19:42:11 75.99   56.75   77.68   88.36
19:43:15 75.76   56.64   77.79   88.25
19:44:18 75.88   56.75   77.79   88.03
19:45:21 75.88   56.75   77.68   87.91
19:46:25 75.88   56.53   77.68   87.69
19:47:28 75.76   56.41   77.56   87.58
19:48:32 75.88   56.75   77.56   87.46
19:49:35 75.88   56.64   77.56   87.13
19:50:38 75.88   56.41   77.56   87.13
19:51:42 75.76   56.53   77.56   86.90
19:52:45 75.88   56.41   77.56   86.68
19:53:48 75.76   56.75   77.56   86.68
19:54:52 75.76   56.53   77.68   86.56
19:55:55 75.76   56.41   77.68   86.22
19:56:58 75.76   56.41   77.56   86.22
19:58:02 75.76   56.41   77.56   86.00
19:59:05 75.76   56.30   77.45   86.00
20:00:08 75.76   56.30   77.45   85.89
20:01:12 75.76   56.19   77.56   85.78
20:02:15 75.76   56.30   77.56   85.66
20:03:18 75.65   56.08   77.45   85.78
20:04:22 75.76   56.30   77.45   85.55
20:05:25 75.76   56.08   77.45   85.44
20:06:28 75.65   56.08   77.45   85.21
20:07:32 75.76   56.19   77.56   85.10
20:08:35 75.76   56.08   77.56   84.88
20:09:38 75.76   55.96   77.56   84.76
20:10:42 75.76   55.85   77.56   84.65
20:11:45 75.65   56.08   77.45   84.76
20:12:48 75.65   56.19   77.45   84.54
20:13:52 75.54   55.85   77.45   84.54
20:14:55 75.65   55.96   77.45   84.54
20:15:58 75.76   55.85   77.45   84.43
20:17:02 75.76   56.08   77.45   84.31
20:18:05 75.88   55.85   77.34   84.20
20:19:08 75.88   55.96   77.45   84.09
20:20:12 75.76   56.08   77.45   83.97
20:21:15 75.65   55.85   77.45   83.97
20:22:19 75.54   55.85   77.45   83.97
20:23:22 75.65   55.74   77.45   83.97
20:24:25 75.54   55.85   77.45   83.97
20:25:29 75.65   55.96   77.45   83.86
20:26:32 75.54   55.63   77.34   83.86
20:27:35 75.54   55.63   77.34   83.64
20:28:39 75.54   55.63   77.45   83.53
20:29:42 75.54   55.63   77.45   83.53
20:30:45 75.54   55.63   77.34   83.53
20:31:49 75.54   55.74   77.34   83.41
20:32:52 75.54   55.74   77.34   83.41
20:33:55 75.54   55.51   77.45   83.30
20:34:59 75.43   55.51   77.34   83.08
20:36:02 75.43   55.51   77.34   83.08
20:37:05 75.43   55.40   77.45   83.08
20:38:09 75.54   55.40   77.34   83.08
20:39:12 75.43   55.51   77.34   82.96
20:40:15 75.43   55.51   77.34   82.96
20:41:19 75.43   55.40   77.34   82.85
20:42:22 75.43   55.51   77.34   82.85
20:43:25 75.43   55.40   77.34   82.74
20:44:29 75.43   55.40   77.22   82.74
20:45:32 75.31   55.40   77.22   82.74
20:46:35 75.43   55.51   77.34   82.74
20:47:39 75.31   55.51   77.34   82.96
20:48:42 75.43   55.51   77.22   82.96
20:49:45 75.43   55.29   77.34   82.74
20:50:49 75.31   55.51   77.34   82.63
20:51:52 75.31   55.40   77.34   82.63
20:52:56 75.31   55.40   77.34   82.63
20:53:59 75.31   55.40   77.34   82.63
20:55:02 75.54   55.40   77.34   82.63
20:56:06 75.43   55.51   77.34   82.63
20:57:09 75.65   55.17   77.22   82.51
20:58:12 75.76   55.40   77.34   82.40
20:59:16 75.65   55.29   77.22   82.51
21:00:19 75.54   55.40   77.22   82.40
21:01:22 75.43   55.29   77.22   82.29
21:02:26 75.31   55.17   77.22   82.29
21:03:29 75.43   55.29   77.22   82.29
21:04:32 75.43   55.17   77.22   82.29
21:05:36 75.31   55.06   77.34   82.29
21:06:39 75.31   55.17   77.34   82.29
21:07:42 75.31   55.29   77.22   82.40
21:08:46 75.31   55.17   77.34   82.29
21:09:49 75.31   55.29   77.22   82.18
21:10:52 75.31   55.06   77.22   82.18
21:11:56 75.31   55.17   77.22   82.06
21:12:59 75.31   55.17   77.22   82.06
21:14:02 75.31   55.06   77.22   82.06
21:15:06 75.31   55.06   77.11   81.95
21:16:09 75.31   55.06   77.11   81.95
21:17:12 75.31   55.06   77.22   81.84
21:18:16 75.31   55.06   77.22   81.84
21:19:19 75.20   54.84   77.22   81.95
21:20:22 75.20   54.95   77.11   81.95
21:21:26 75.20   54.84   77.11   81.95
21:22:29 75.20   54.95   77.22   81.95
21:23:32 75.20   54.95   77.22   81.95
21:24:36 75.20   54.95   77.11   81.84
21:25:39 75.20   54.95   77.11   81.95
21:26:42 75.20   54.84   77.00   81.84
21:27:46 75.09   54.84   77.11   81.72
21:28:49 75.09   54.84   77.00   81.84
21:29:53 75.20   54.84   77.11   81.95
21:30:56 75.31   54.84   77.11   86.79
21:31:59 75.20   54.95   77.22   87.35
21:33:03 75.20   54.95   77.00   87.13
21:34:06 75.20   54.95   77.11   86.68
21:35:09 75.09   54.84   77.11   86.34
21:36:13 75.09   54.73   77.00   86.11
21:37:16 75.09   54.73   77.11   85.89
21:38:19 75.09   54.84   77.00   85.78
21:39:23 75.09   54.73   77.00   85.66
21:40:26 75.09   54.73   77.00   85.44
21:41:29 74.97   54.61   77.00   85.21
21:42:33 74.97   54.61   77.00   84.99
21:43:36 74.97   54.61   77.00   84.76
21:44:39 74.97   54.84   77.00   84.65
21:45:43 74.97   54.50   77.00   84.65
21:46:46 74.97   54.61   77.00   84.54
21:47:49 74.86   54.61   77.00   84.43
21:48:53 74.86   54.73   77.00   84.20
21:49:56 74.97   54.50   77.00   84.20
21:50:59 74.97   54.61   77.00   84.09
21:52:03 74.97   54.61   77.11   83.97
21:53:06 74.86   54.50   77.00   83.64
21:54:09 74.97   54.61   76.89   83.53
21:55:13 74.86   54.61   76.89   83.41
21:56:16 74.86   54.39   77.00   83.30
21:57:19 74.86   54.50   77.00   83.08
21:58:23 74.86   54.61   77.00   82.96
21:59:26 74.86   54.39   77.00   83.08
22:00:29 74.75   54.50   76.89   82.96
22:01:33 74.86   54.50   76.89   82.96
22:02:36 74.86   54.39   76.89   82.85
22:03:40 74.75   54.39   76.89   82.74
22:04:43 74.86   54.39   76.89   82.74
22:05:46 74.86   54.39   76.89   82.85
22:06:50 74.86   54.39   77.00   82.74
22:07:53 74.75   54.28   76.89   82.63
22:08:56 74.86   54.28   76.89   82.51
22:10:00 74.75   54.28   76.89   82.51
22:11:03 74.86   54.39   76.78   82.40
22:12:06 74.86   54.28   76.78   82.40
22:13:10 74.75   54.39   76.78   82.18
22:14:13 74.86   54.28   76.78   82.18
22:15:16 74.86   54.39   76.78   82.18
22:16:20 74.75   54.16   76.89   82.06
22:17:23 74.75   54.16   76.78   81.95
22:18:26 74.75   54.16   76.89   81.95
22:19:30 74.75   54.16   76.89   81.84
22:20:33 74.75   54.05   76.78   81.72
22:21:36 74.75   54.16   76.89   81.72
22:22:40 74.75   54.16   76.89   81.84
22:23:43 74.75   54.28   76.78   102.20
22:24:46 74.86   54.16   76.89   108.50
22:25:50 74.86   54.05   76.89   109.85
22:26:53 74.75   54.16   76.78   109.29
22:27:56 74.64   54.16   76.78   107.60
22:29:00 74.64   54.05   76.78   109.40
22:30:03 74.64   54.16   76.89   110.30
22:31:06 74.64   54.05   76.78   110.41
22:32:10 74.64   54.16   76.66   110.41
22:33:13 74.64   54.05   76.78   109.85
22:34:16 74.64   54.05   76.66   109.18
22:35:20 74.64   54.05   76.66   109.85
22:36:23 74.64   54.05   76.78   110.53
22:37:26 74.64   54.05   76.89   110.19
22:38:30 74.64   53.94   76.78   109.51
22:39:33 74.53   54.05   76.78   108.84
22:40:37 74.64   53.94   76.66   108.05
22:41:40 74.75   53.94   76.66   107.26
22:42:43 74.75   53.94   76.66   106.48
22:43:47 74.64   54.05   76.89   105.69
22:44:50 74.64   54.05   76.78   104.79
22:45:53 74.64   53.94   76.66   104.00
22:46:57 74.64   53.94   76.66   103.21
22:48:00 74.64   53.83   76.66   106.14
22:49:03 74.53   53.94   76.66   107.49
22:50:07 74.53   53.94   76.66   109.06
22:51:10 74.53   53.83   76.55   109.40
22:52:13 74.53   53.94   76.55   108.95
22:53:17 74.53   53.83   76.55   108.28
22:54:20 74.64   53.94   76.55   107.49
22:55:23 74.41   53.83   76.55   106.70
22:56:27 74.53   53.83   76.44   105.91
22:57:30 74.53   53.94   76.44   105.13
22:58:33 74.41   53.83   76.44   104.34
22:59:37 74.30   53.83   76.44   103.55
23:00:40 74.30   53.83   76.55   102.88
23:01:43 74.19   53.83   76.55   102.20
23:02:47 74.30   53.83   76.44   101.53
23:03:50 74.19   53.71   76.44   100.85
23:04:53 74.19   53.83   76.44   100.18
23:05:57 74.19   53.60   76.44   99.61
23:07:00 74.19   53.60   76.44   99.05
23:08:03 74.08   53.60   76.33   98.49
23:09:07 74.19   53.60   76.44   97.81
23:10:10 73.96   53.49   76.33   97.25
23:11:14 74.08   53.60   76.33   97.81
23:12:17 74.08   53.49   76.33   97.59
23:13:20 73.96   53.60   76.33   103.89
23:14:24 74.30   53.60   76.21   107.26
23:15:27 74.19   53.60   76.33   107.26
23:16:30 74.19   53.60   76.21   106.59
23:17:34 74.08   53.49   76.21   105.69
23:18:37 74.08   53.49   76.33   104.90
23:19:40 74.08   53.49   76.21   104.00
23:20:44 74.08   53.38   76.21   103.21
23:21:47 73.96   53.49   76.21   102.43
23:22:50 73.96   53.49   76.33   101.64
23:23:54 73.96   53.26   76.21   100.85
23:24:57 73.96   53.38   76.21   106.81
23:26:00 73.96   53.38   76.33   108.16
23:27:04 73.96   53.49   76.21   109.29
23:28:07 74.08   53.38   76.21   109.63
23:29:10 73.96   53.26   76.21   109.18
23:30:14 73.96   53.38   76.21   108.39
23:31:17 74.08   53.38   75.99   107.60
23:32:20 74.08   53.38   75.99   106.59
23:33:24 74.19   53.49   76.10   105.58
23:34:27 74.08   53.38   76.10   104.79
23:35:30 74.08   53.38   76.10   104.00
23:36:34 74.08   53.38   76.10   103.10
23:37:37 74.08   53.49   76.10   102.31
23:38:40 73.96   53.49   76.10   101.41
23:39:44 73.96   53.49   75.99   100.74
23:40:47 73.96   53.26   76.10   100.06
23:41:51 73.96   53.15   75.99   99.39
23:42:54 73.96   53.26   76.10   98.71
23:43:57 73.96   53.26   75.99   98.15
23:45:01 73.96   53.38   76.10   97.59
23:46:04 73.85   53.26   75.99   97.03
23:47:07 73.85   53.38   75.99   96.35
23:48:11 73.85   53.04   75.88   95.90
23:49:14 73.96   53.15   75.88   95.56
23:50:17 73.85   53.26   75.99   95.11
23:51:21 73.85   53.15   75.99   94.66
23:52:24 73.74   53.26   75.99   94.10
23:53:27 73.74   53.26   75.88   93.76
23:54:31 73.85   53.15   75.76   93.31
23:55:34 73.85   53.15   75.99   92.97
23:56:37 73.74   53.26   75.88   92.53
23:57:41 73.74   53.15   75.99   92.30
23:58:44 73.74   53.15   75.99   91.85
23:59:47 73.74   53.15   75.99   91.51
