00:00:51 72.84   56.30   73.85   82.63
00:01:54 72.95   56.08   73.96   82.51
00:02:58 72.95   56.19   73.96   82.51
00:04:01 72.95   56.19   73.96   82.29
00:05:05 72.95   56.08   73.85   82.29
00:06:08 72.95   56.08   73.85   82.18
00:07:11 72.84   56.19   73.85   82.06
00:08:15 72.84   56.41   73.85   82.06
00:09:18 72.84   55.85   73.85   81.95
00:10:21 72.84   56.30   73.85   81.84
00:11:25 72.84   56.08   73.85   81.72
00:12:28 72.84   55.85   73.85   81.50
00:13:31 72.72   56.08   73.85   81.28
00:14:35 72.84   55.96   73.74   81.28
00:15:38 72.84   56.08   73.74   81.16
00:16:41 72.72   55.74   73.74   81.05
00:17:45 72.72   56.19   73.74   80.94
00:18:48 72.72   55.96   73.74   80.83
00:19:51 72.72   55.96   73.85   80.83
00:20:55 72.72   56.08   73.74   80.83
00:21:58 72.61   55.85   73.85   80.71
00:23:01 72.61   55.63   73.63   80.71
00:24:05 72.61   55.74   73.74   80.71
00:25:08 72.61   55.74   73.74   80.71
00:26:11 72.50   55.85   73.74   80.49
00:27:15 72.61   55.96   73.74   80.26
00:28:18 72.61   55.96   73.63   80.38
00:29:21 72.50   55.74   73.74   80.38
00:30:25 72.50   55.85   73.63   80.26
00:31:28 72.50   55.85   73.74   80.15
00:32:31 72.50   55.63   73.74   79.93
00:33:35 72.39   63.50   73.63   80.04
00:34:38 72.72   65.41   73.63   79.93
00:35:42 72.95   67.44   73.63   80.04
00:36:45 72.95   67.89   73.74   79.93
00:37:48 73.06   68.56   73.74   79.93
00:38:52 73.18   69.35   73.74   79.93
00:39:55 73.18   66.09   73.63   79.81
00:40:58 73.29   59.34   73.63   79.93
00:42:02 73.18   56.75   73.85   80.04
00:43:05 73.06   56.64   73.96   79.93
00:44:08 73.06   56.53   73.96   79.81
00:45:12 72.95   56.53   73.96   79.81
00:46:15 72.84   56.53   73.96   79.59
00:47:18 72.84   56.53   73.85   79.47
00:48:22 72.72   56.64   73.85   79.47
00:49:25 72.72   56.64   73.85   79.47
00:50:28 72.61   56.53   73.85   79.47
00:51:32 72.61   56.64   73.74   79.47
00:52:35 72.61   56.53   73.74   79.47
00:53:38 72.50   59.11   73.85   79.47
00:54:42 72.72   65.41   73.74   79.59
00:55:45 72.95   67.21   73.63   79.59
00:56:48 73.06   68.68   73.85   79.59
00:57:52 73.06   69.13   73.85   79.59
00:58:55 73.18   69.80   73.85   79.59
00:59:58 73.29   70.70   73.74   79.47
01:01:02 73.40   71.38   73.74   79.47
01:02:05 73.40   71.94   73.74   79.47
01:03:08 73.40   72.95   73.85   79.59
01:04:12 73.51   62.26   73.96   79.59
01:05:15 73.51   57.20   74.08   79.47
01:06:18 73.29   56.41   74.08   79.47
01:07:22 73.29   56.53   74.08   79.36
01:08:25 73.06   55.85   74.08   79.47
01:09:29 73.06   56.19   74.19   79.36
01:10:32 72.95   55.85   74.19   79.36
01:11:35 72.84   56.53   74.08   79.47
01:12:39 72.84   64.96   74.08   79.36
01:13:42 73.06   66.31   74.08   79.36
01:14:45 73.06   68.22   73.85   79.36
01:15:49 73.18   69.35   74.08   79.36
01:16:52 73.18   71.04   73.96   79.47
01:17:55 73.29   72.61   73.96   79.47
01:18:59 73.51   73.85   73.96   79.47
01:20:02 73.51   74.53   74.08   79.59
01:21:05 73.63   74.97   74.08   79.59
01:22:09 73.63   75.31   74.19   79.47
01:23:12 73.85   75.43   74.19   79.47
01:24:15 73.85   75.54   74.30   79.59
01:25:19 73.96   75.76   74.30   79.81
01:26:22 73.96   75.88   74.41   79.81
01:27:25 73.96   75.99   74.53   79.93
01:28:29 74.08   76.10   74.53   79.93
01:29:32 74.19   76.21   74.64   79.93
01:30:35 74.08   76.33   74.53   80.04
01:31:39 74.19   76.44   74.75   79.93
01:32:42 74.19   76.44   74.75   79.93
01:33:45 74.30   76.55   74.75   79.93
01:34:49 74.19   76.66   74.75   79.81
01:35:52 74.30   76.66   74.75   79.93
01:36:55 74.30   76.55   74.86   79.93
01:37:59 74.41   76.55   74.86   79.93
01:39:02 74.30   76.55   74.97   80.04
01:40:05 74.41   76.55   74.86   79.93
01:41:09 74.41   76.66   74.97   80.04
01:42:12 74.41   76.66   74.97   79.93
01:43:16 74.53   76.66   74.97   79.93
01:44:19 74.53   76.78   75.09   80.04
01:45:22 74.53   76.78   75.09   80.04
01:46:26 74.53   76.78   74.97   80.04
01:47:29 74.53   76.78   75.09   80.04
01:48:32 74.53   76.89   75.20   80.04
01:49:36 74.64   76.89   75.20   80.15
01:50:39 74.64   76.89   75.09   80.15
01:51:42 74.64   76.89   75.20   80.26
01:52:46 74.64   77.00   75.31   80.49
01:53:49 74.75   77.00   75.20   80.38
01:54:52 74.75   77.00   75.31   80.38
01:55:56 74.75   77.00   75.20   80.38
01:56:59 74.75   77.00   75.43   80.38
01:58:02 74.75   77.11   75.43   80.38
01:59:06 74.64   77.00   75.43   80.49
02:00:09 74.75   77.11   75.43   80.49
02:01:12 74.75   77.11   75.43   80.60
02:02:16 74.75   77.11   75.43   80.60
02:03:19 74.75   77.11   75.54   80.60
02:04:22 74.75   77.11   75.54   80.60
02:05:26 74.86   77.11   75.54   80.60
02:06:29 74.75   77.11   75.43   80.60
02:07:32 74.86   77.22   75.54   80.71
02:08:36 74.86   77.22   75.54   80.71
02:09:39 74.86   77.22   75.65   80.83
02:10:42 74.86   77.22   75.54   80.83
02:11:46 74.86   77.22   75.76   80.83
02:12:49 74.86   77.22   75.65   80.83
02:13:52 74.86   77.22   75.65   80.83
02:14:56 74.86   77.34   75.65   80.83
02:15:59 74.97   77.34   75.65   80.94
02:17:02 74.86   77.34   75.65   80.94
02:18:06 74.86   77.34   75.65   80.94
02:19:09 74.97   77.34   75.76   80.94
02:20:13 74.86   77.45   75.76   80.94
02:21:16 74.97   77.34   75.88   81.16
02:22:19 74.97   77.34   75.88   81.16
02:23:23 74.97   77.34   75.76   81.16
02:24:26 75.09   77.45   75.76   81.16
02:25:29 75.09   77.45   75.88   81.16
02:26:33 75.09   77.45   75.88   81.16
02:27:36 75.09   77.45   75.88   81.05
02:28:39 74.97   77.45   75.99   81.16
02:29:43 75.09   77.45   75.88   81.16
02:30:46 75.09   77.45   75.99   81.28
02:31:49 75.09   77.45   75.99   81.16
02:32:53 75.09   77.45   75.99   81.16
02:33:56 75.20   77.45   76.10   81.39
02:34:59 75.20   77.56   76.10   81.39
02:36:03 75.20   77.56   75.99   81.50
02:37:06 75.20   77.56   75.99   81.50
02:38:09 75.31   77.56   76.10   81.39
02:39:13 75.31   77.56   76.10   81.28
02:40:16 75.20   77.56   76.21   81.39
02:41:19 75.31   77.56   76.21   81.39
02:42:23 75.20   77.56   76.10   81.50
02:43:26 75.20   77.56   76.10   81.39
02:44:29 75.31   77.56   76.21   81.50
02:45:33 75.31   77.68   76.21   81.50
02:46:36 75.31   77.68   76.33   81.50
02:47:39 75.31   77.68   76.33   81.50
02:48:43 75.31   77.68   76.33   81.61
02:49:46 75.31   77.68   76.33   81.61
02:50:50 75.31   77.68   76.33   81.61
02:51:53 75.31   77.68   76.21   81.61
02:52:56 75.43   77.79   76.33   81.72
02:54:00 75.43   77.79   76.33   81.61
02:55:03 75.43   77.79   76.33   81.61
02:56:06 75.43   77.79   76.33   81.72
02:57:10 75.43   77.79   76.44   81.61
02:58:13 75.43   77.79   76.33   81.61
02:59:16 75.43   77.79   76.44   81.61
03:00:20 75.43   77.90   76.44   81.61
03:01:23 75.43   77.90   76.44   81.61
03:02:26 75.43   77.90   76.44   81.72
03:03:30 75.43   77.90   76.44   81.84
03:04:33 75.43   78.01   76.55   81.72
03:05:36 75.54   78.01   76.55   81.84
03:06:40 75.54   78.01   76.66   81.84
03:07:43 75.54   78.01   76.55   81.84
03:08:46 75.54   78.13   76.55   81.84
03:09:50 75.54   78.13   76.55   82.06
03:10:53 75.54   78.13   76.55   82.06
03:11:56 75.54   78.13   76.55   81.95
03:13:00 75.54   78.13   76.66   81.95
03:14:03 75.54   78.13   76.66   81.95
03:15:06 75.54   78.13   76.66   81.95
03:16:10 75.54   78.01   76.78   82.06
03:17:13 75.54   78.13   76.66   82.06
03:18:16 75.54   78.13   76.66   82.06
03:19:20 75.54   78.13   76.78   82.06
03:20:23 75.54   78.13   76.78   82.18
03:21:26 75.54   78.13   76.78   82.29
03:22:30 75.54   78.13   76.66   82.18
03:23:33 75.54   78.13   76.78   82.18
03:24:37 75.54   78.13   76.66   82.29
03:25:40 75.65   78.13   76.78   82.29
03:26:43 75.65   78.01   76.78   82.29
03:27:47 75.65   78.01   76.78   82.40
03:28:50 75.54   78.13   76.78   82.29
03:29:53 75.65   78.13   76.78   82.18
03:30:57 75.65   78.13   76.78   82.18
03:32:00 75.65   78.13   76.78   82.18
03:33:03 75.65   78.13   76.78   82.18
03:34:07 75.65   78.13   76.89   82.29
03:35:10 75.65   78.13   76.78   82.29
03:36:13 75.65   78.13   76.89   82.18
03:37:17 75.76   78.13   76.89   82.40
03:38:20 75.65   78.13   76.89   82.40
03:39:23 75.65   78.24   76.89   82.29
03:40:27 75.76   78.24   77.00   82.29
03:41:30 75.65   78.24   76.89   82.18
03:42:33 75.76   78.24   77.00   82.29
03:43:37 75.65   78.35   77.00   82.40
03:44:40 75.76   78.35   76.89   82.40
03:45:43 75.76   78.35   77.00   82.51
03:46:47 75.76   78.46   77.00   82.51
03:47:50 75.76   78.35   77.00   82.51
03:48:53 75.65   78.35   77.11   82.40
03:49:57 75.76   78.46   77.00   82.51
03:51:00 75.76   78.46   77.00   82.63
03:52:03 75.76   78.46   77.00   82.63
03:53:07 75.76   78.46   77.00   82.51
03:54:10 75.76   78.46   77.00   82.63
03:55:13 75.76   78.46   77.11   82.63
03:56:17 75.76   78.46   77.11   82.63
03:57:20 75.88   78.46   77.00   82.63
03:58:24 75.88   78.46   77.11   82.74
03:59:27 75.76   78.58   77.22   82.63
04:00:30 75.88   78.58   77.11   82.63
04:01:34 75.88   78.58   77.11   82.63
04:02:37 75.88   78.58   77.11   82.63
04:03:40 75.88   78.58   77.11   82.63
04:04:44 75.88   78.58   77.00   82.63
04:05:47 75.88   78.58   77.11   82.74
04:06:50 75.88   78.58   77.11   82.74
04:07:54 75.88   78.58   77.11   82.63
04:08:57 75.99   78.58   77.11   82.74
04:10:00 75.99   78.58   77.00   82.74
04:11:04 75.99   78.58   77.11   82.74
04:12:07 75.99   78.58   77.11   82.74
04:13:10 75.99   78.69   77.11   82.74
04:14:14 75.99   78.69   77.11   82.74
04:15:17 75.88   78.69   77.22   82.96
04:16:20 75.99   78.69   77.22   82.96
04:17:24 75.99   78.69   77.22   82.85
04:18:27 75.99   78.69   77.22   82.85
04:19:30 75.99   78.69   77.34   82.96
04:20:34 75.99   78.69   77.34   82.96
04:21:37 75.99   78.80   77.22   82.96
04:22:40 76.10   78.69   77.34   82.96
04:23:44 76.10   78.80   77.22   82.96
04:24:47 76.10   78.80   77.22   82.96
04:25:50 76.10   78.80   77.34   82.85
04:26:54 76.10   78.80   77.34   82.96
04:27:57 76.10   78.80   77.22   82.96
04:29:01 76.10   78.80   77.34   82.96
04:30:04 76.10   78.80   77.11   82.96
04:31:07 76.10   78.80   77.34   83.08
04:32:11 76.10   78.80   77.34   83.08
04:33:14 76.10   78.80   77.34   83.08
04:34:17 76.10   78.80   77.45   83.08
04:35:21 75.99   68.90   77.56   83.08
04:36:24 75.99   63.16   77.56   82.96
04:37:27 75.88   61.25   77.45   82.96
04:38:31 75.54   60.80   77.45   82.85
04:39:34 75.43   60.69   77.45   82.74
04:40:37 75.20   60.46   77.34   82.85
04:41:41 75.09   63.95   77.22   82.74
04:42:44 75.09   68.34   77.11   82.85
04:43:47 75.20   70.47   77.11   82.85
04:44:51 75.20   72.50   77.11   82.74
04:45:54 75.31   73.63   77.11   82.74
04:46:57 75.31   74.97   77.00   82.74
04:48:01 75.43   76.44   77.22   82.74
04:49:04 75.43   77.45   77.22   82.74
04:50:07 75.54   77.90   77.22   82.63
04:51:11 75.54   78.13   77.11   82.63
04:52:14 75.54   78.35   77.11   82.74
04:53:17 75.65   78.35   77.22   82.74
04:54:21 75.65   78.46   77.34   82.85
04:55:24 75.76   78.46   77.22   82.85
04:56:27 75.76   78.46   77.11   82.85
04:57:31 75.76   78.46   77.34   82.74
04:58:34 75.88   78.58   77.34   82.74
04:59:37 75.88   78.58   77.34   82.74
05:00:41 75.88   78.58   77.34   82.74
05:01:44 75.88   78.58   77.45   82.63
05:02:48 75.88   78.69   77.56   82.74
05:03:51 75.88   78.69   77.45   82.85
05:04:54 75.99   78.69   77.45   82.85
05:05:58 75.99   78.80   77.45   82.96
05:07:01 75.99   78.69   77.45   82.96
05:08:04 75.99   78.80   77.45   83.08
05:09:08 75.99   78.69   77.56   83.08
05:10:11 75.99   78.80   77.45   82.96
05:11:14 76.10   67.33   77.56   82.96
05:12:18 75.99   62.26   77.56   82.85
05:13:21 75.76   61.36   77.56   82.85
05:14:24 75.54   61.14   77.56   82.63
05:15:28 75.43   60.91   77.56   82.63
05:16:31 75.20   60.80   77.56   82.51
05:17:34 75.09   60.91   77.22   82.51
05:18:38 74.97   67.66   77.22   82.51
05:19:41 75.09   69.01   77.22   86.90
05:20:44 75.20   71.49   77.22   103.44
05:21:48 75.20   72.95   77.22   106.81
05:22:51 75.31   73.96   77.22   107.83
05:23:54 75.31   75.43   77.22   108.05
05:24:58 75.43   76.78   77.22   108.16
05:26:01 75.54   77.68   77.34   108.61
05:27:04 75.76   78.13   77.22   108.84
05:28:08 75.65   78.35   77.22   108.50
05:29:11 75.76   78.46   77.11   109.85
05:30:14 75.76   78.58   77.11   110.98
05:31:18 75.88   78.58   77.22   111.65
05:32:21 75.99   78.69   77.22   112.10
05:33:25 76.10   78.69   77.34   112.44
05:34:28 76.10   65.97   77.34   111.99
05:35:31 75.99   61.92   77.45   111.31
05:36:35 75.88   61.48   77.56   110.41
05:37:38 75.65   61.25   77.34   109.63
05:38:41 75.54   61.03   77.34   108.73
05:39:45 75.54   60.80   77.34   107.94
05:40:48 75.31   60.80   77.22   106.93
05:41:51 75.31   60.80   77.22   105.91
05:42:55 75.20   60.69   77.22   105.13
05:43:58 75.20   67.89   77.22   106.03
05:45:01 75.20   69.35   77.22   108.16
05:46:05 75.43   71.94   77.22   107.49
05:47:08 75.43   72.72   77.22   106.70
05:48:11 75.54   73.51   77.11   105.91
05:49:15 75.54   74.30   77.22   105.01
05:50:18 75.65   75.20   77.22   104.34
05:51:21 75.76   76.33   77.22   110.19
05:52:25 75.76   77.34   77.34   110.53
05:53:28 75.88   64.51   77.34   109.63
05:54:31 75.65   61.70   77.11   108.50
05:55:35 75.54   61.14   77.11   107.38
05:56:38 75.31   61.03   77.22   106.36
05:57:41 75.31   60.91   77.11   105.35
05:58:45 75.20   60.80   77.00   104.34
05:59:48 75.09   60.69   77.00   103.66
06:00:51 74.97   60.58   76.89   103.66
06:01:55 74.97   60.13   77.00   106.48
06:02:58 75.09   60.13   76.78   105.91
06:04:02 74.97   60.01   76.66   105.01
06:05:05 74.97   60.35   76.78   104.00
06:06:08 74.86   60.24   76.66   102.99
06:07:12 74.86   60.24   76.44   102.20
06:08:15 74.75   65.86   76.66   101.41
06:09:18 74.86   68.11   76.78   100.74
06:10:22 74.97   70.36   76.66   100.06
06:11:25 75.09   71.15   76.55   99.61
06:12:28 75.09   71.60   76.66   99.05
06:13:32 75.09   71.49   76.66   98.49
06:14:35 75.20   70.14   76.78   97.92
06:15:38 75.20   62.26   76.78   97.48
06:16:42 75.09   59.34   76.89   97.03
06:17:45 74.86   59.56   76.66   96.46
06:18:48 74.86   60.01   76.78   95.90
06:19:52 74.75   60.13   76.78   95.45
06:20:55 74.64   60.46   76.66   95.11
06:21:58 74.64   60.01   76.78   94.66
06:23:02 74.53   60.24   76.44   94.21
06:24:05 74.41   59.90   76.55   93.88
06:25:08 74.53   60.01   76.55   93.54
06:26:12 74.30   60.01   76.55   93.20
06:27:15 74.19   59.67   76.55   92.86
06:28:18 74.30   59.45   76.55   92.53
06:29:22 74.30   59.34   76.55   92.19
06:30:25 74.30   59.56   76.44   91.85
06:31:28 74.08   59.45   76.44   91.51
06:32:32 74.08   59.23   76.44   91.18
06:33:35 74.30   59.45   76.33   90.84
06:34:38 74.08   60.24   76.44   90.61
06:35:42 74.19   66.99   76.44   90.28
06:36:45 74.30   68.22   76.44   90.05
06:37:49 74.41   70.36   76.44   89.83
06:38:52 74.53   71.04   76.33   89.71
06:39:55 74.64   71.49   76.21   89.60
06:40:59 74.64   71.49   76.33   89.38
06:42:02 74.64   64.18   76.33   89.15
06:43:05 74.53   61.03   76.44   88.93
06:44:09 74.41   60.46   76.55   88.70
06:45:12 74.30   60.24   76.44   88.36
06:46:15 74.30   60.13   76.33   88.14
06:47:19 74.19   60.01   76.10   88.03
06:48:22 74.19   60.01   76.10   87.80
06:49:25 74.08   59.56   76.10   87.46
06:50:29 74.08   59.45   76.21   87.24
06:51:32 74.08   59.45   76.21   87.13
06:52:35 73.96   58.89   76.21   86.90
06:53:39 73.85   59.11   76.21   86.79
06:54:42 73.96   58.66   76.10   86.68
06:55:45 73.85   58.66   76.10   86.56
06:56:49 73.85   58.44   76.10   86.34
06:57:52 73.74   58.44   76.10   86.34
06:58:55 73.85   58.44   76.10   86.11
06:59:59 73.85   58.66   76.10   85.89
07:01:02 73.74   58.55   75.99   85.78
07:02:05 73.74   58.55   75.88   85.55
07:03:09 73.74   58.44   75.88   89.60
07:04:12 73.74   58.44   75.88   106.70
07:05:15 73.74   58.33   75.88   109.96
07:06:19 73.63   58.33   75.65   110.53
07:07:22 73.63   58.21   75.54   110.41
07:08:25 73.63   57.99   75.65   110.19
07:09:29 73.51   58.10   75.65   110.53
07:10:32 73.63   65.86   75.65   110.98
07:11:36 73.85   67.21   75.65   111.54
07:12:39 73.96   69.58   75.65   111.76
07:13:42 74.19   70.14   75.65   112.10
07:14:46 74.30   70.70   75.76   111.76
07:15:49 74.41   69.46   75.76   111.20
07:16:52 74.41   63.39   75.76   112.66
07:17:56 74.30   60.46   75.76   112.55
07:18:59 74.19   60.13   75.88   113.56
07:20:02 74.19   59.90   75.88   113.90
07:21:06 74.08   59.79   75.88   113.23
07:22:09 73.96   59.56   75.65   112.21
07:23:12 74.08   59.67   75.76   111.43
07:24:16 73.96   59.34   75.76   111.09
07:25:19 73.96   59.45   75.76   110.41
07:26:22 74.08   59.00   75.54   109.74
07:27:26 73.96   59.23   75.65   108.84
07:28:29 73.96   59.34   75.65   107.94
07:29:32 73.96   59.00   75.65   107.15
07:30:36 73.96   58.89   75.54   106.36
07:31:39 73.85   59.00   75.54   105.46
07:32:42 73.96   58.89   75.54   104.79
07:33:46 73.74   58.78   75.54   104.00
07:34:49 73.74   58.66   75.43   103.33
07:35:52 73.85   58.89   75.54   102.65
07:36:56 73.74   58.55   75.31   102.09
07:37:59 73.74   58.78   75.43   101.53
07:39:02 73.63   58.44   75.54   100.96
07:40:06 73.63   58.55   75.54   100.29
07:41:09 73.74   58.33   75.43   99.73
07:42:13 73.63   57.99   75.43   99.16
07:43:16 73.63   58.33   75.43   98.49
07:44:19 73.74   58.21   75.54   98.04
07:45:23 73.74   58.21   75.31   97.59
07:46:26 73.63   57.88   75.20   97.03
07:47:29 73.63   58.10   75.20   96.69
07:48:33 73.51   57.76   75.20   96.13
07:49:36 73.51   58.21   75.31   95.79
07:50:39 73.51   57.54   75.09   95.22
07:51:43 73.51   58.10   75.31   94.89
07:52:46 73.51   57.99   75.31   94.55
07:53:49 73.51   57.88   75.20   94.10
07:54:53 73.51   57.65   75.31   93.65
07:55:56 73.51   58.21   75.20   93.20
07:56:59 73.51   58.10   75.09   92.86
07:58:03 73.51   57.54   75.20   92.41
07:59:06 73.51   57.42   75.09   92.19
08:00:09 73.40   57.88   75.09   91.74
08:01:13 73.40   57.88   75.20   91.51
08:02:16 73.40   57.54   75.09   91.06
08:03:19 73.51   57.20   75.09   90.84
08:04:23 73.40   57.31   74.97   90.61
08:05:26 73.40   57.88   75.09   90.16
08:06:29 73.40   57.09   75.09   89.94
08:07:33 73.40   57.09   74.97   89.83
08:08:36 73.40   56.41   74.97   89.60
08:09:39 73.40   56.98   74.97   89.26
08:10:43 73.40   57.31   74.86   88.93
08:11:46 73.40   57.20   74.97   88.70
08:12:50 73.40   56.75   74.97   88.36
08:13:53 73.40   56.75   74.97   88.25
08:14:56 73.40   56.41   74.97   87.91
08:16:00 73.29   56.75   74.86   87.69
08:17:03 73.40   56.86   74.86   87.46
08:18:06 73.40   56.41   74.86   87.24
08:19:10 73.29   56.86   74.86   87.13
08:20:13 73.29   55.96   74.86   86.90
08:21:16 73.29   56.53   74.86   86.68
08:22:20 73.29   56.53   74.75   86.56
08:23:23 73.29   56.64   74.75   86.34
08:24:26 73.18   56.30   74.75   86.22
08:25:30 73.29   55.96   74.64   86.11
08:26:33 73.29   56.41   74.86   85.89
08:27:36 73.29   55.29   74.86   85.78
08:28:40 73.18   56.30   74.97   85.55
08:29:43 73.18   55.85   74.75   85.44
08:30:46 73.29   55.63   74.75   85.33
08:31:50 73.29   55.63   74.64   85.10
08:32:53 73.18   55.17   74.64   84.88
08:33:56 73.29   55.51   74.75   84.88
08:35:00 73.18   55.74   74.64   84.76
08:36:03 73.18   55.29   74.75   84.65
08:37:06 73.18   55.63   74.75   84.54
08:38:10 73.18   54.73   74.64   84.43
08:39:13 73.18   55.40   74.75   84.20
08:40:16 73.18   55.17   74.64   106.25
08:41:20 73.18   55.29   74.64   108.39
08:42:23 73.29   55.74   74.64   106.81
08:43:26 73.29   55.74   74.75   104.56
08:44:30 73.06   55.63   74.64   102.76
08:45:33 73.18   54.84   74.53   101.08
08:46:37 73.06   54.84   74.53   99.73
08:47:40 73.06   54.50   74.41   98.49
08:48:43 72.95   55.29   74.53   97.48
08:49:47 73.06   54.73   74.64   96.58
08:50:50 72.95   54.39   74.64   95.90
08:51:53 72.95   54.61   74.53   95.00
08:52:57 72.95   54.39   74.53   94.44
08:54:00 72.95   54.61   74.30   93.88
08:55:03 72.84   54.61   74.41   93.43
08:56:07 72.84   54.61   74.41   92.86
08:57:10 72.95   54.28   74.41   92.30
08:58:13 72.72   54.16   74.41   91.85
08:59:17 72.84   54.16   74.41   91.40
09:00:20 72.72   54.28   74.41   91.06
09:01:23 72.61   54.61   74.30   90.61
09:02:27 72.72   62.60   74.30   90.16
09:03:30 72.84   65.30   74.41   89.83
09:04:33 72.95   66.76   74.41   89.60
09:05:37 73.06   67.78   74.53   89.38
09:06:40 73.18   68.34   74.53   89.15
09:07:43 73.29   68.79   74.30   88.81
09:08:47 73.40   69.46   74.30   88.59
09:09:50 73.40   70.36   74.41   88.25
09:10:53 73.51   71.60   74.41   88.03
09:11:57 73.51   72.50   74.53   87.91
09:13:00 73.63   73.40   74.64   87.80
09:14:03 73.74   74.19   74.64   87.46
09:15:07 73.85   74.64   74.64   87.35
09:16:10 73.85   74.97   74.75   87.13
09:17:13 73.96   75.20   74.75   87.01
09:18:17 73.96   75.43   74.75   86.79
09:19:20 74.08   75.54   74.86   86.79
09:20:24 74.08   75.65   74.97   86.68
09:21:27 74.19   75.76   74.86   86.45
09:22:30 74.19   75.88   74.97   86.34
09:23:34 74.19   75.99   75.09   86.11
09:24:37 74.30   76.10   75.09   86.00
09:25:40 74.30   76.21   75.09   85.89
09:26:44 74.30   76.21   75.20   85.78
09:27:47 74.41   76.21   75.09   85.55
09:28:50 74.41   76.33   75.20   85.44
09:29:54 74.41   76.33   75.31   85.33
09:30:57 74.53   76.44   75.31   85.21
09:32:00 74.53   76.44   75.31   85.21
09:33:04 74.53   76.55   75.31   85.10
09:34:07 74.64   76.55   75.43   84.99
09:35:10 74.64   76.55   75.31   84.99
09:36:14 74.64   76.66   75.43   84.99
09:37:17 74.64   76.66   75.43   84.88
09:38:20 74.64   76.78   75.54   84.88
09:39:24 74.75   76.78   75.54   84.65
09:40:27 74.75   76.78   75.54   84.65
09:41:30 74.86   76.78   75.65   84.43
09:42:34 74.75   76.89   75.65   84.31
09:43:37 74.75   76.89   75.54   84.20
09:44:40 74.86   76.89   75.65   84.09
09:45:44 74.86   76.89   75.65   84.09
09:46:47 74.86   76.89   75.65   84.09
09:47:50 74.86   76.89   75.65   84.09
09:48:54 74.97   77.00   75.76   84.09
09:49:57 74.86   77.00   75.88   84.09
09:51:00 74.86   77.00   75.88   83.97
09:52:04 74.97   77.00   75.88   83.97
09:53:07 74.97   77.11   75.76   83.97
09:54:10 74.97   77.11   75.76   83.86
09:55:14 74.97   77.11   75.88   83.86
09:56:17 74.97   77.11   75.88   83.75
09:57:21 74.97   77.11   75.88   83.75
09:58:24 74.97   77.11   75.88   83.75
09:59:27 74.97   77.22   75.99   83.75
10:00:31 74.97   77.22   75.99   83.86
10:01:34 75.09   77.22   75.99   83.86
10:02:37 75.09   77.22   75.99   83.75
10:03:41 75.09   77.22   76.10   83.64
10:04:44 75.09   77.22   75.99   83.75
10:05:47 75.09   77.34   76.10   83.86
10:06:51 75.09   77.34   76.10   83.86
10:07:54 75.09   77.34   76.10   83.75
10:08:57 75.09   77.34   76.10   83.75
10:10:01 75.09   77.34   76.21   83.64
10:11:04 75.20   77.34   76.10   83.64
10:12:07 75.20   77.34   76.21   83.64
10:13:11 75.20   77.34   76.21   83.64
10:14:14 75.20   77.34   76.21   83.64
10:15:17 75.20   77.45   76.10   83.53
10:16:21 75.20   77.45   76.21   83.53
10:17:24 75.20   77.34   76.21   83.53
10:18:27 75.31   77.45   76.33   83.41
10:19:31 75.31   77.45   76.33   83.41
10:20:34 75.31   77.45   76.33   83.41
10:21:37 75.31   77.45   76.33   83.53
10:22:41 75.31   77.45   76.44   83.53
10:23:44 75.31   77.45   76.44   83.41
10:24:47 75.31   77.45   76.44   83.41
10:25:51 75.31   77.56   76.44   83.53
10:26:54 75.31   77.56   76.55   83.53
10:27:57 75.31   77.56   76.55   83.41
10:29:01 75.31   77.56   76.44   83.53
10:30:04 75.31   77.56   76.55   83.41
10:31:08 75.43   77.56   76.55   83.53
10:32:11 75.43   77.68   76.44   83.53
10:33:14 75.43   77.68   76.66   83.41
10:34:18 75.43   77.68   76.66   83.41
10:35:21 75.54   77.79   76.55   83.53
10:36:24 75.43   77.79   76.55   83.53
10:37:28 75.54   77.79   76.66   83.53
10:38:31 75.54   77.79   76.66   83.64
10:39:34 75.54   77.90   76.66   83.53
10:40:38 75.54   77.79   76.66   83.53
10:41:41 75.54   77.79   76.66   83.41
10:42:44 75.54   77.90   76.78   83.53
10:43:48 75.54   77.90   76.66   83.53
10:44:51 75.54   77.90   76.78   83.53
10:45:54 75.54   77.90   76.78   83.53
10:46:58 75.54   78.01   76.78   83.53
10:48:01 75.65   78.01   76.78   83.41
10:49:04 75.65   78.01   76.66   83.41
10:50:08 75.65   78.01   76.78   83.41
10:51:11 75.65   78.01   76.78   83.41
10:52:14 75.65   78.01   76.89   83.53
10:53:18 75.65   78.01   76.89   83.53
10:54:21 75.76   78.13   76.78   83.64
10:55:24 75.76   78.13   76.89   83.64
10:56:28 75.65   78.13   77.00   83.53
10:57:31 75.65   78.24   76.89   83.64
10:58:34 75.65   78.24   76.89   83.64
10:59:38 75.76   78.24   77.00   83.64
11:00:41 75.76   78.24   77.11   83.64
11:01:45 75.76   78.24   77.11   83.64
11:02:48 75.76   78.24   77.00   83.64
11:03:51 75.76   78.35   77.00   83.53
11:04:55 75.88   78.35   77.00   83.53
11:05:58 75.88   78.35   77.11   83.64
11:07:01 75.88   78.35   77.22   83.53
11:08:05 75.88   78.35   77.11   83.41
11:09:08 75.99   78.35   77.11   83.53
11:10:11 75.99   78.35   77.22   83.53
11:11:15 75.99   78.35   77.22   83.53
11:12:18 75.99   78.46   77.22   83.53
11:13:21 75.99   78.35   77.22   83.41
11:14:25 75.99   78.46   77.11   83.41
11:15:28 75.99   78.46   77.22   83.41
11:16:31 75.99   78.46   77.11   83.53
11:17:35 76.10   78.46   77.11   83.53
11:18:38 76.10   78.58   77.22   83.53
11:19:41 76.10   78.58   77.22   83.53
11:20:45 76.10   78.58   77.22   83.41
11:21:48 76.10   78.46   77.34   83.53
11:22:51 76.10   78.46   77.34   83.53
11:23:55 76.10   78.46   77.22   83.41
11:24:58 76.10   78.58   77.34   83.64
11:26:01 76.10   78.58   77.34   83.64
11:27:05 76.10   78.46   77.34   83.64
11:28:08 76.21   78.46   77.22   83.64
11:29:11 76.21   78.58   77.34   83.64
11:30:15 76.21   78.58   77.34   83.75
11:31:18 76.10   78.58   77.34   83.75
11:32:21 76.21   78.69   77.34   83.86
11:33:25 76.21   78.69   77.34   83.86
11:34:28 76.21   78.80   77.34   83.75
11:35:32 76.21   78.80   77.45   83.64
11:36:35 76.21   78.80   77.45   83.75
11:37:38 76.21   78.91   77.45   83.86
11:38:42 76.21   78.91   77.45   83.86
11:39:45 76.33   78.91   77.45   83.86
11:40:48 76.33   78.91   77.56   83.86
11:41:52 76.33   78.91   77.56   83.86
11:42:55 76.33   78.91   77.56   83.86
11:43:58 76.33   78.91   77.56   83.97
11:45:02 76.33   79.03   77.56   83.97
11:46:05 76.33   79.03   77.56   83.97
11:47:08 76.33   79.03   77.56   83.97
11:48:12 76.33   79.03   77.56   83.97
11:49:15 76.44   79.03   77.56   83.97
11:50:18 76.44   79.03   77.68   83.86
11:51:22 76.33   79.14   77.68   83.97
11:52:25 76.44   79.14   77.68   83.97
11:53:28 76.44   79.14   77.56   83.97
11:54:32 76.44   79.14   77.56   83.97
11:55:35 76.44   79.14   77.68   83.97
11:56:38 76.44   79.14   77.56   84.09
11:57:42 76.44   79.14   77.68   84.09
11:58:45 76.44   79.14   77.79   84.09
11:59:48 76.44   79.25   77.79   84.09
12:00:52 76.55   79.25   77.68   84.09
12:01:55 76.55   79.25   77.79   83.97
12:02:58 76.55   79.25   77.79   83.97
12:04:02 76.55   79.25   77.79   83.86
12:05:05 76.55   79.36   77.79   83.86
12:06:08 76.55   79.36   77.79   83.97
12:07:12 76.66   79.36   78.01   83.97
12:08:15 76.66   79.36   77.90   84.09
12:09:18 76.66   79.36   77.90   84.09
12:10:22 76.66   79.36   78.01   83.97
12:11:25 76.66   79.47   77.90   84.09
12:12:29 76.66   79.36   77.90   84.09
12:13:32 76.78   79.47   78.13   84.09
12:14:35 76.78   79.47   78.01   84.20
12:15:39 76.66   79.47   78.01   84.20
12:16:42 76.78   79.47   78.13   84.20
12:17:45 76.78   79.47   78.13   84.09
12:18:49 76.78   79.47   77.90   84.09
12:19:52 76.89   79.47   78.01   84.09
12:20:55 76.78   79.59   78.13   84.20
12:21:59 76.78   79.59   78.13   84.20
12:23:02 76.78   79.59   78.13   84.20
12:24:05 76.89   79.59   78.13   84.31
12:25:09 76.89   79.59   78.13   84.43
12:26:12 76.89   79.59   78.13   84.31
12:27:15 76.89   79.59   78.13   84.20
12:28:19 76.89   79.70   78.13   84.31
12:29:22 76.89   79.70   78.24   84.20
12:30:25 76.89   79.70   78.24   84.20
12:31:29 76.89   79.70   78.24   84.20
12:32:32 77.00   79.70   78.35   84.31
12:33:35 76.89   79.70   78.24   84.20
12:34:39 76.89   79.81   78.35   84.31
12:35:42 77.00   79.81   78.24   84.31
12:36:45 77.00   79.70   78.35   84.31
12:37:49 77.00   79.70   78.35   84.31
12:38:52 77.00   79.81   78.24   84.31
12:39:55 77.00   79.81   78.35   84.31
12:40:59 77.00   79.81   78.35   84.43
12:42:02 77.00   79.81   78.35   84.31
12:43:05 77.00   79.81   78.35   84.31
12:44:09 77.11   79.81   78.35   84.31
12:45:12 77.11   79.81   78.35   84.20
12:46:16 77.11   79.81   78.46   84.20
12:47:19 77.11   79.81   78.46   84.20
12:48:22 77.11   79.81   78.35   84.20
12:49:26 77.11   79.93   78.46   84.31
12:50:29 77.11   79.81   78.46   84.31
12:51:32 77.11   79.93   78.46   84.31
12:52:36 77.22   79.93   78.46   84.31
12:53:39 77.22   79.93   78.46   84.43
12:54:42 77.22   79.93   78.46   84.31
12:55:46 77.22   79.25   78.46   84.43
12:56:49 77.22   65.97   78.46   84.43
12:57:52 77.00   63.28   78.46   84.43
12:58:56 76.89   62.49   78.46   84.31
12:59:59 76.66   62.15   78.58   84.20
13:01:02 76.55   60.80   78.24   84.20
13:02:06 76.44   59.79   78.13   84.31
13:03:09 76.33   68.45   78.35   84.20
13:04:12 76.33   70.25   78.46   84.20
13:05:16 76.33   72.95   78.46   84.09
13:06:19 76.33   74.97   78.35   84.20
13:07:22 76.55   76.55   78.24   84.20
13:08:26 76.55   78.13   78.46   84.09
13:09:29 76.78   79.03   78.46   84.09
13:10:32 76.89   79.47   78.58   83.97
13:11:36 76.89   79.59   78.58   84.09
13:12:39 76.89   79.70   78.69   84.09
13:13:42 77.00   79.70   78.69   84.20
13:14:46 77.11   79.81   78.58   84.31
13:15:49 77.11   79.93   78.69   84.43
13:16:52 77.22   79.93   78.69   104.56
13:17:56 77.22   80.04   78.69   107.71
13:18:59 77.34   80.04   78.91   107.49
13:20:03 77.34   80.04   78.91   106.70
13:21:06 77.34   80.15   78.91   105.69
13:22:09 77.45   70.81   79.03   104.68
13:23:13 77.45   63.39   79.14   103.66
13:24:16 77.22   61.14   79.14   102.76
13:25:19 77.11   60.58   78.91   101.86
13:26:23 76.89   59.34   78.80   100.85
13:27:26 76.66   59.11   78.91   100.06
13:28:29 76.66   58.78   78.91   99.28
13:29:33 76.55   61.70   78.80   98.60
13:30:36 76.55   69.01   78.91   97.92
13:31:39 76.66   70.70   78.91   97.36
13:32:43 76.66   72.95   78.91   96.91
13:33:46 76.78   74.86   78.69   96.46
13:34:49 76.66   77.00   78.80   96.13
13:35:53 76.78   78.69   78.91   95.68
13:36:56 76.89   79.47   78.91   95.34
13:37:59 76.89   79.70   78.80   94.78
13:39:03 77.11   79.81   78.91   94.44
13:40:06 77.22   79.93   78.91   94.10
13:41:09 77.22   80.04   78.91   93.65
13:42:13 77.34   80.04   79.03   93.31
13:43:16 77.34   69.35   79.03   93.20
13:44:19 77.34   63.61   79.14   92.86
13:45:23 77.22   62.04   79.14   92.64
13:46:26 77.00   61.70   78.91   92.30
13:47:29 76.89   60.46   78.91   91.96
13:48:33 76.66   59.11   79.03   91.63
13:49:36 76.55   59.11   79.03   91.29
13:50:40 76.55   59.11   78.91   91.18
13:51:43 76.44   58.55   78.80   90.95
13:52:46 76.44   58.66   78.58   90.61
13:53:50 76.33   65.97   78.69   90.39
13:54:53 76.44   69.24   78.69   90.28
13:55:56 76.55   71.15   78.58   90.05
13:57:00 76.55   72.61   78.69   89.94
13:58:03 76.55   73.51   78.80   89.71
13:59:06 76.66   74.75   78.91   89.49
14:00:10 76.66   76.55   78.91   89.38
14:01:13 76.89   78.13   79.03   89.15
14:02:16 77.00   74.97   79.03   89.04
14:03:20 77.00   63.95   79.03   88.93
14:04:23 76.89   61.70   79.14   88.81
14:05:26 76.78   60.80   79.03   88.47
14:06:30 76.66   60.24   78.91   88.25
14:07:33 76.66   59.45   78.80   88.14
14:08:36 76.55   59.56   78.80   87.91
14:09:40 76.44   58.55   78.91   87.80
14:10:43 76.33   58.78   78.69   87.69
14:11:46 76.33   58.44   78.80   87.46
14:12:50 76.21   57.99   78.80   87.24
14:13:53 76.21   58.33   78.80   87.24
14:14:56 76.10   57.88   78.69   87.13
14:16:00 76.10   57.99   78.58   87.01
14:17:03 76.10   63.39   78.69   86.90
14:18:06 76.21   68.45   78.69   86.68
14:19:10 76.33   69.80   78.46   86.56
14:20:13 76.44   71.04   78.58   86.45
14:21:16 76.44   71.83   78.69   86.45
14:22:20 76.44   72.72   78.91   86.56
14:23:23 76.55   73.63   78.91   86.45
14:24:26 76.66   67.10   78.91   102.43
14:25:30 76.66   62.71   78.91   105.01
14:26:33 76.55   61.70   78.91   103.78
14:27:37 76.44   60.69   78.91   102.09
14:28:40 76.33   60.24   78.80   100.40
14:29:43 76.33   58.89   78.80   99.28
14:30:47 76.21   58.78   78.80   98.26
14:31:50 76.21   58.10   78.80   97.25
14:32:53 76.21   58.44   78.80   96.46
14:33:57 76.21   57.65   78.58   95.79
14:35:00 76.10   57.54   78.46   95.22
14:36:03 76.10   57.54   78.80   94.66
14:37:07 76.10   56.98   78.69   93.99
14:38:10 76.10   57.54   78.46   93.54
14:39:13 75.99   57.42   78.58   93.20
14:40:17 75.99   57.09   78.69   92.86
14:41:20 76.10   56.86   78.58   92.41
14:42:23 76.10   56.75   78.69   92.08
14:43:27 76.10   56.75   78.69   91.74
14:44:30 75.99   56.75   78.58   91.40
14:45:33 76.10   56.64   78.58   91.06
14:46:37 75.99   56.75   78.58   90.72
14:47:40 75.99   56.53   78.58   90.39
14:48:43 76.10   56.30   78.58   90.05
14:49:47 75.88   56.30   78.58   89.94
14:50:50 75.99   55.96   78.58   89.60
14:51:53 75.99   56.41   78.46   89.38
14:52:57 75.88   56.08   78.46   89.04
14:54:00 75.99   56.19   78.58   88.81
14:55:03 75.88   56.19   78.58   88.70
14:56:07 75.88   55.96   78.58   88.47
14:57:10 75.88   55.96   78.46   88.25
14:58:13 75.99   55.96   78.46   88.25
14:59:17 75.99   55.85   78.46   88.03
15:00:20 75.88   56.08   78.46   87.91
15:01:24 75.76   55.74   78.46   87.69
15:02:27 75.88   55.74   78.46   87.58
15:03:30 75.88   55.74   78.35   87.35
15:04:34 75.88   55.63   78.46   87.13
15:05:37 75.88   55.74   78.35   87.01
15:06:40 75.76   55.74   78.35   86.79
15:07:44 75.76   55.74   78.24   86.56
15:08:47 75.88   55.85   78.24   86.56
15:09:50 75.88   55.63   78.24   86.34
15:10:54 75.76   55.63   78.24   86.11
15:11:57 75.88   55.63   78.24   85.89
15:13:00 75.88   55.74   78.13   85.89
15:14:04 75.76   55.51   78.13   85.78
15:15:07 75.76   55.51   78.13   85.55
15:16:10 75.76   55.40   78.24   85.44
15:17:14 75.65   55.85   78.24   85.44
15:18:17 75.54   55.74   78.24   85.33
15:19:20 75.76   55.63   78.13   85.21
15:20:24 75.65   55.63   77.90   85.21
15:21:27 75.76   55.51   78.13   85.10
15:22:30 75.65   55.51   78.13   84.99
15:23:34 75.65   55.74   78.01   84.88
15:24:37 75.65   55.40   78.24   84.76
15:25:40 75.65   55.40   78.01   84.65
15:26:44 75.65   55.40   78.13   84.65
15:27:47 75.65   55.51   78.01   97.25
15:28:50 75.54   55.40   78.01   98.71
15:29:54 75.65   55.40   78.13   97.70
15:30:57 75.54   55.29   78.13   96.13
15:32:01 75.54   55.17   78.01   94.78
15:33:04 75.43   55.40   78.01   93.88
15:34:07 75.54   55.29   78.01   93.09
15:35:11 75.54   55.29   78.13   92.53
15:36:14 75.43   55.40   78.13   91.74
15:37:17 75.54   55.29   77.90   91.29
15:38:21 75.54   55.40   77.90   90.84
15:39:24 75.65   55.29   78.01   90.28
15:40:27 75.54   55.17   77.90   89.94
15:41:31 75.65   55.29   77.90   89.60
15:42:34 75.65   55.29   78.13   89.38
15:43:37 75.65   55.29   77.90   89.04
15:44:41 75.54   55.17   77.90   88.70
15:45:44 75.54   55.29   77.90   88.36
15:46:47 75.54   55.17   77.90   88.14
15:47:51 75.54   55.17   77.90   87.91
15:48:54 75.54   55.06   77.90   87.58
15:49:57 75.54   55.17   77.90   87.35
15:51:01 75.54   55.29   77.90   87.13
15:52:04 75.43   55.06   77.90   86.90
15:53:07 75.54   55.17   77.79   86.68
15:54:11 75.54   55.29   77.79   86.56
15:55:14 75.54   55.17   77.79   86.45
15:56:17 75.54   55.17   77.68   86.22
15:57:21 75.54   55.17   77.68   86.11
15:58:24 75.43   55.06   77.68   85.89
15:59:27 75.54   55.17   77.79   85.78
16:00:31 75.54   55.06   77.68   85.55
16:01:34 75.54   54.95   77.68   85.55
16:02:37 75.54   55.29   77.68   85.21
16:03:41 75.54   54.95   77.68   84.99
16:04:44 75.54   55.06   77.56   84.76
16:05:48 75.54   55.06   77.68   84.76
16:06:51 75.54   55.06   77.68   84.65
16:07:54 75.54   55.06   77.68   84.54
16:08:58 75.54   54.95   77.68   84.43
16:10:01 75.54   55.06   77.79   84.31
16:11:04 75.54   55.06   77.68   84.20
16:12:08 75.54   55.06   77.68   84.09
16:13:11 75.54   54.95   77.68   83.97
16:14:14 75.54   55.17   77.68   83.75
16:15:18 75.43   55.06   77.68   83.75
16:16:21 75.54   55.06   77.56   83.64
16:17:24 75.54   54.95   77.45   83.64
16:18:28 75.54   55.06   77.45   83.64
16:19:31 75.54   55.06   77.45   83.41
16:20:34 75.54   55.06   77.45   83.53
16:21:38 75.54   54.84   77.45   83.53
16:22:41 75.54   54.95   77.45   83.41
16:23:44 75.43   55.06   77.45   83.41
16:24:48 75.43   54.95   77.56   83.41
16:25:51 75.54   54.95   77.56   83.41
16:26:54 75.54   54.95   77.45   83.41
16:27:58 75.43   54.95   77.45   83.30
16:29:01 75.54   54.95   77.45   83.19
16:30:04 75.65   55.06   77.45   83.19
16:31:08 75.65   55.06   77.45   92.19
16:32:11 75.65   54.95   77.45   101.75
16:33:14 75.65   55.06   77.56   101.64
16:34:18 75.65   55.17   77.56   100.40
16:35:21 75.65   55.06   77.56   99.05
16:36:24 75.65   55.06   77.56   103.66
16:37:28 75.65   55.29   77.45   105.35
16:38:31 75.54   55.17   77.45   104.23
16:39:35 75.54   55.06   77.56   102.43
16:40:38 75.65   55.06   77.45   100.85
16:41:41 75.65   54.95   77.45   99.50
16:42:45 75.65   55.06   77.45   98.26
16:43:48 75.65   55.17   77.34   97.36
16:44:51 75.65   55.17   77.45   96.58
16:45:55 75.54   55.17   77.34   95.56
16:46:58 75.65   55.40   77.34   94.89
16:48:01 75.65   55.06   77.34   94.33
16:49:05 75.65   55.17   77.45   93.65
16:50:08 75.54   55.06   77.34   93.09
16:51:11 75.54   54.95   77.22   92.53
16:52:15 75.54   55.06   77.34   92.08
16:53:18 75.65   55.29   77.34   91.74
16:54:21 75.54   55.06   77.45   91.40
16:55:25 75.65   55.06   77.34   90.95
16:56:28 75.76   55.40   77.22   95.22
16:57:31 75.76   55.29   77.34   95.22
16:58:35 75.76   55.17   77.34   94.55
16:59:38 75.76   55.06   77.45   93.99
17:00:41 75.65   55.29   77.22   93.31
17:01:45 75.76   55.17   77.34   92.75
17:02:48 75.88   55.29   77.11   100.40
17:03:51 75.88   55.29   77.34   103.89
17:04:55 75.76   55.29   77.45   102.88
17:05:58 75.76   55.17   77.34   101.41
17:07:01 75.65   55.29   77.22   99.84
17:08:05 75.76   55.51   77.00   104.45
17:09:08 75.76   55.17   77.22   106.25
17:10:11 75.76   55.40   77.34   105.01
17:11:15 75.76   55.40   77.34   103.55
17:12:18 75.65   55.29   77.22   102.09
17:13:22 75.65   55.40   77.22   100.63
17:14:25 75.65   55.29   77.11   99.61
17:15:28 75.65   55.40   77.22   98.49
17:16:32 75.65   55.40   77.22   97.59
17:17:35 75.65   55.51   77.22   96.69
17:18:38 75.54   55.63   77.22   96.13
17:19:42 75.54   55.40   77.34   95.45
17:20:45 75.54   55.29   77.22   94.78
17:21:48 75.43   55.40   77.22   94.21
17:22:52 75.54   55.63   77.22   93.65
17:23:55 75.43   55.40   77.22   93.20
17:24:58 75.54   55.29   77.11   92.64
17:26:02 75.43   55.51   77.11   92.19
17:27:05 75.43   55.40   77.11   91.74
17:28:08 75.54   55.51   77.11   91.29
17:29:12 75.43   55.63   77.11   90.95
17:30:15 75.43   55.51   77.22   90.61
17:31:18 75.43   55.40   77.11   90.28
17:32:22 75.54   55.51   77.00   89.94
17:33:25 75.43   55.51   77.22   89.60
17:34:28 75.43   55.51   77.11   89.38
17:35:32 75.43   55.51   77.11   88.93
17:36:35 75.31   55.17   77.22   88.70
17:37:38 75.43   55.06   77.22   88.47
17:38:42 75.43   55.29   77.22   88.14
17:39:45 75.54   55.29   77.11   87.91
17:40:48 75.54   55.74   77.11   87.69
17:41:52 75.43   55.29   77.11   87.46
17:42:55 75.43   55.29   77.11   87.24
17:43:58 75.31   55.40   77.11   87.13
17:45:02 75.31   55.40   77.11   86.90
17:46:05 75.31   55.40   77.11   86.79
17:47:09 75.31   55.29   77.11   86.45
17:48:12 75.31   55.40   77.11   86.34
17:49:15 75.31   55.06   77.00   86.11
17:50:19 75.31   55.17   76.89   85.89
17:51:22 75.31   55.29   77.11   85.66
17:52:25 75.31   55.06   77.11   85.55
17:53:29 75.31   55.06   77.00   85.44
17:54:32 75.20   55.40   77.00   85.33
17:55:35 75.20   55.40   77.11   85.21
17:56:39 75.31   55.06   77.00   84.99
17:57:42 75.31   55.29   76.89   84.88
17:58:45 75.31   55.17   77.00   84.76
17:59:49 75.31   55.40   76.89   84.65
18:00:45 75.31   55.51   77.00   84.54
18:01:48 75.20   55.51   77.00   84.43
18:02:52 75.31   55.40   77.00   84.20
18:03:55 75.20   55.51   77.00   84.09
18:04:59 75.31   55.17   76.89   84.09
18:06:02 75.20   55.51   77.00   83.86
18:07:05 75.20   55.40   76.89   83.75
18:08:09 75.31   55.63   76.89   83.64
18:09:12 75.20   55.29   76.89   83.64
18:10:15 75.20   55.51   76.89   83.53
18:11:19 75.20   55.74   76.89   83.53
18:12:22 75.20   55.29   76.89   83.41
18:13:25 75.20   55.51   77.00   83.30
18:14:29 75.20   55.40   76.89   83.19
18:15:32 75.09   55.51   76.78   83.19
18:16:35 75.20   55.63   76.89   83.08
18:17:39 75.20   55.51   76.89   82.96
18:18:42 75.09   55.85   76.89   82.96
18:19:45 75.20   55.40   76.89   82.96
18:20:49 75.20   55.51   76.89   82.85
18:21:52 75.20   55.74   76.89   82.74
18:22:55 75.20   55.40   76.89   82.63
18:23:59 75.20   55.63   76.78   82.63
18:25:02 75.20   55.63   76.78   82.51
18:26:05 75.20   55.85   76.78   82.40
18:27:09 75.09   55.63   76.89   82.40
18:28:12 75.20   55.63   76.78   82.40
18:29:15 75.20   55.85   76.66   82.29
18:30:19 75.20   55.63   76.78   82.29
18:31:22 75.20   55.51   76.78   82.18
18:32:25 75.20   55.51   76.89   82.18
18:33:29 75.09   55.74   76.78   82.06
18:34:32 75.09   55.51   76.78   82.06
18:35:35 75.09   55.51   76.78   81.95
18:36:39 75.09   55.40   76.66   81.95
18:37:42 75.09   55.40   76.66   81.95
18:38:46 74.97   55.40   76.78   81.95
18:39:49 74.97   55.63   76.78   81.95
18:40:52 74.97   55.63   76.66   81.84
18:41:56 75.09   55.51   76.66   81.72
18:42:59 75.09   55.51   76.78   81.72
18:44:02 74.97   55.51   76.66   81.61
18:45:06 74.97   55.29   76.78   81.50
18:46:09 74.97   55.63   76.66   81.39
18:47:12 74.86   55.06   76.66   81.50
18:48:16 74.97   55.40   76.66   81.61
18:49:19 74.97   55.40   76.55   81.61
18:50:22 74.97   55.63   76.66   81.50
18:51:26 74.86   55.40   76.66   81.39
18:52:29 74.97   55.40   76.66   81.50
18:53:32 74.97   55.29   76.55   81.39
18:54:36 74.97   55.29   76.55   81.16
18:55:39 74.86   55.40   76.55   81.16
18:56:42 74.97   55.40   76.55   81.16
18:57:46 74.97   55.29   76.66   81.05
18:58:49 74.97   55.51   76.55   81.05
18:59:52 74.97   55.51   76.55   81.16
19:00:56 74.86   55.40   76.55   80.94
19:01:59 74.86   55.40   76.55   81.05
19:03:02 74.86   55.51   76.44   81.05
19:04:06 74.86   55.40   76.55   81.05
19:05:09 74.86   55.40   76.44   80.94
19:06:12 74.97   55.51   76.55   80.94
19:07:16 75.09   55.29   76.55   91.51
19:08:19 75.09   55.40   76.55   101.98
19:09:22 75.09   55.51   76.55   101.98
19:10:26 75.09   55.51   76.21   100.29
19:11:29 75.20   55.51   76.44   98.49
19:12:32 75.09   55.63   76.55   96.91
19:13:36 75.09   55.74   76.44   95.56
19:14:39 75.09   55.74   76.55   94.44
19:15:42 74.97   55.63   76.44   93.76
19:16:46 74.97   55.74   76.44   102.76
19:17:49 75.20   55.96   76.33   102.65
19:18:53 75.09   55.96   76.33   101.19
19:19:56 75.20   56.08   76.44   99.84
19:20:59 75.20   56.41   76.55   98.38
19:22:03 75.09   56.41   76.55   97.25
19:23:06 75.20   56.08   76.44   96.24
19:24:09 75.20   56.41   76.33   101.19
19:25:13 75.20   56.19   76.33   104.79
19:26:16 75.20   56.08   76.44   103.78
19:27:19 75.20   56.08   76.33   102.09
19:28:23 75.20   56.08   76.21   100.74
19:29:26 75.09   56.19   76.33   99.39
19:30:29 75.20   55.85   76.33   98.38
19:31:33 75.09   56.08   76.44   97.36
19:32:36 75.20   56.19   76.44   96.46
19:33:39 75.20   56.19   76.44   95.45
19:34:43 75.09   56.19   76.33   94.78
19:35:46 75.20   55.96   76.44   94.10
19:36:49 75.20   56.30   76.33   93.43
19:37:53 75.20   56.19   76.44   92.97
19:38:56 75.09   56.08   76.33   92.41
19:39:59 75.09   56.08   76.44   91.85
19:41:03 75.09   56.08   76.44   91.29
19:42:06 75.20   56.08   76.44   90.95
19:43:09 75.20   55.96   76.44   90.61
19:44:13 75.31   56.19   76.44   90.16
19:45:16 75.20   55.85   76.44   89.83
19:46:19 75.20   55.85   76.44   101.64
19:47:23 75.20   55.74   76.55   103.55
19:48:26 75.20   56.08   76.44   102.43
19:49:30 75.20   56.19   76.55   101.08
19:50:33 75.31   56.08   76.55   99.95
19:51:36 75.20   56.30   76.44   100.40
19:52:40 75.20   56.41   76.44   105.80
19:53:43 75.20   56.30   76.55   105.58
19:54:46 75.31   56.30   76.55   104.11
19:55:50 75.31   56.64   76.33   102.76
19:56:53 75.31   56.64   76.44   101.30
19:57:56 75.31   56.64   76.55   100.18
19:59:00 75.20   56.98   76.55   99.28
20:00:03 75.20   56.86   76.66   98.04
20:01:06 75.20   56.86   76.66   97.14
20:02:10 75.20   56.98   76.55   96.35
20:03:13 75.43   57.20   76.55   104.79
20:04:16 75.31   57.20   76.55   105.69
20:05:20 75.31   57.42   76.44   104.56
20:06:23 75.54   57.65   76.55   103.10
20:07:26 75.43   57.20   76.66   101.75
20:08:30 75.43   57.65   76.66   100.85
20:09:33 75.43   57.76   76.66   100.29
20:10:36 75.43   57.76   76.66   99.39
20:11:40 75.31   57.88   76.55   102.31
20:12:43 75.54   57.42   76.55   105.80
20:13:46 75.65   57.65   76.44   105.58
20:14:50 75.76   57.42   76.66   104.68
20:15:53 75.65   57.54   76.55   103.44
20:16:56 75.54   57.76   76.66   102.20
20:18:00 75.54   57.20   76.55   100.96
20:19:03 75.54   57.31   76.55   99.73
20:20:06 75.54   57.31   76.55   98.83
20:21:10 75.54   57.65   76.66   97.81
20:22:13 75.54   57.42   76.66   96.91
20:23:17 75.54   57.65   76.66   96.13
20:24:20 75.54   57.31   76.66   95.68
20:25:23 75.54   57.09   76.78   95.00
20:26:27 75.43   57.31   76.66   94.21
20:27:30 75.43   57.31   76.66   93.65
20:28:33 75.43   57.42   76.66   93.09
20:29:37 75.43   57.31   76.66   92.53
20:30:40 75.65   57.65   76.78   92.30
20:31:43 75.65   57.09   76.66   91.74
20:32:47 75.54   57.54   76.66   91.29
20:33:50 75.54   56.98   76.66   90.72
20:34:53 75.54   57.31   76.66   90.39
20:35:57 75.54   57.20   76.66   90.16
20:37:00 75.54   57.54   76.66   89.83
20:38:03 75.43   57.20   76.66   89.49
20:39:07 75.43   57.31   76.66   89.15
20:40:10 75.43   57.31   76.66   88.93
20:41:13 75.31   56.98   76.66   88.59
20:42:17 75.43   56.98   76.66   88.25
20:43:20 75.43   57.42   76.78   87.91
20:44:23 75.43   57.42   76.78   87.69
20:45:27 75.43   57.09   76.66   87.58
20:46:30 75.54   57.20   76.78   87.35
20:47:33 75.43   57.20   76.78   87.01
20:48:37 75.43   56.75   76.78   86.79
20:49:40 75.31   57.09   76.66   86.56
20:50:43 75.43   57.09   76.66   86.34
20:51:47 75.43   57.42   76.78   86.11
20:52:50 75.43   57.20   76.66   85.89
20:53:53 75.43   56.86   76.78   85.66
20:54:57 75.43   57.09   76.78   85.55
20:56:00 75.43   57.20   76.66   85.33
20:57:03 75.31   57.09   76.55   85.21
20:58:07 75.43   57.09   76.66   84.99
20:59:10 75.31   56.75   76.66   84.76
21:00:14 75.31   56.98   76.66   84.76
21:01:17 75.31   56.75   76.78   84.54
21:02:20 75.31   56.64   76.78   84.43
21:03:24 75.31   56.98   76.89   84.31
21:04:27 75.31   56.86   76.78   84.20
21:05:30 75.43   56.98   76.89   84.09
21:06:34 75.43   57.09   76.78   83.97
21:07:37 75.31   57.09   76.78   83.86
21:08:40 75.43   56.75   76.78   83.75
21:09:44 75.43   56.98   76.78   83.64
21:10:47 75.43   57.09   76.78   83.64
21:11:50 75.31   56.86   76.78   83.41
21:12:54 75.43   56.86   76.66   83.30
21:13:57 75.31   56.64   76.78   83.08
21:15:00 75.31   56.98   76.78   82.85
21:16:04 75.31   56.86   76.78   82.85
21:17:07 75.31   56.64   76.78   82.85
21:18:10 75.31   56.86   76.78   82.74
21:19:14 75.31   56.64   76.89   82.63
21:20:17 75.31   56.41   76.89   82.63
21:21:20 75.20   56.41   76.78   82.63
21:22:24 75.31   56.75   76.78   82.51
21:23:27 75.31   56.53   76.78   82.40
21:24:30 75.31   56.64   76.66   82.40
21:25:34 75.31   56.41   76.78   82.40
21:26:37 75.31   56.41   76.66   82.29
21:27:40 75.31   56.64   76.66   82.18
21:28:44 75.43   56.64   76.66   82.06
21:29:47 75.43   56.53   76.66   83.41
21:30:50 75.43   56.75   76.66   83.53
21:31:54 75.54   56.64   76.66   83.41
21:32:57 75.43   56.86   76.66   83.41
21:34:01 75.43   56.75   76.66   83.30
21:35:04 75.31   56.75   76.66   83.30
21:36:07 75.43   56.86   76.55   83.19
21:37:11 75.31   56.64   76.55   82.96
21:38:14 75.31   56.86   76.55   82.74
21:39:17 75.31   56.75   76.55   82.63
21:40:21 75.31   56.75   76.55   82.51
21:41:24 75.31   56.64   76.66   82.51
21:42:27 75.43   56.75   76.66   82.51
21:43:31 75.31   56.98   76.78   82.51
21:44:34 75.31   56.64   76.78   82.51
21:45:37 75.20   56.53   76.55   82.29
21:46:41 75.31   56.75   76.55   82.18
21:47:44 75.43   56.86   76.55   82.06
21:48:47 75.43   56.64   76.66   81.95
21:49:51 75.43   56.53   76.55   81.84
21:50:54 75.31   56.30   76.33   81.72
21:51:57 75.20   56.19   76.44   81.61
21:53:01 75.20   56.41   76.33   81.50
21:54:04 75.20   56.64   76.66   81.39
21:55:07 75.31   56.19   76.55   81.50
21:56:11 75.20   56.41   76.55   81.50
21:57:14 75.20   56.19   76.66   81.50
21:58:17 75.20   56.53   76.55   81.50
21:59:21 75.09   56.30   76.33   81.50
22:00:24 75.20   56.53   76.33   81.50
22:01:27 75.20   56.75   76.33   81.50
22:02:31 75.09   56.30   76.44   81.39
22:03:34 75.20   56.30   76.21   81.39
22:04:37 75.20   56.86   76.44   81.28
22:05:41 75.09   56.53   76.55   99.84
22:06:44 75.31   56.86   76.44   103.21
22:07:47 75.31   56.86   76.44   103.10
22:08:51 75.20   56.41   76.44   102.31
22:09:54 75.20   56.75   76.44   101.41
22:10:58 75.09   56.08   76.44   100.40
22:12:01 75.09   55.85   76.44   99.50
22:13:04 74.97   56.64   76.33   98.60
22:14:08 74.97   56.86   76.44   97.81
22:15:11 74.97   56.30   76.33   97.03
22:16:14 74.97   56.30   76.44   96.35
22:17:18 74.97   56.53   76.44   95.56
22:18:21 74.97   56.53   76.44   95.00
22:19:24 74.97   56.41   76.33   94.44
22:20:28 74.86   56.53   76.21   93.99
22:21:31 75.09   56.53   76.33   93.43
22:22:34 74.97   56.75   76.21   92.86
22:23:38 75.09   56.53   76.33   92.53
22:24:41 75.09   56.41   76.21   91.96
22:25:44 74.86   56.53   76.33   91.63
22:26:48 74.97   56.41   76.33   91.18
22:27:51 74.86   56.41   76.21   90.84
22:28:54 74.86   56.41   76.21   90.50
22:29:58 74.86   56.30   76.33   90.16
22:31:01 74.86   56.64   76.21   89.83
22:32:04 74.86   56.41   76.10   89.49
22:33:08 74.75   56.41   76.10   89.15
22:34:11 74.86   56.41   76.21   88.93
22:35:14 74.75   56.30   76.33   88.59
22:36:18 74.75   56.53   76.21   88.25
22:37:21 74.86   56.30   76.10   88.03
22:38:24 74.86   56.41   76.21   87.69
22:39:28 74.86   56.30   76.10   87.46
22:40:31 74.86   56.41   75.76   87.13
22:41:35 74.75   56.30   75.99   89.60
22:42:38 74.64   56.19   76.10   96.13
22:43:41 74.75   56.08   76.10   102.09
22:44:45 74.75   56.41   76.10   105.13
22:45:48 74.75   56.19   75.99   105.80
22:46:51 74.64   56.19   76.10   105.91
22:47:55 74.64   56.19   76.10   105.35
22:48:58 74.64   55.96   75.99   104.56
22:50:01 74.75   56.19   76.10   103.78
22:51:05 74.53   56.30   76.10   102.88
22:52:08 74.75   56.41   76.21   101.86
22:53:11 74.75   56.19   75.99   101.08
22:54:15 74.64   56.41   75.88   100.29
22:55:18 74.64   56.19   75.88   99.50
22:56:21 74.53   56.19   75.99   98.94
22:57:25 74.53   56.30   75.99   104.56
22:58:28 74.64   56.08   75.99   105.35
22:59:31 74.53   56.41   75.99   104.90
23:00:35 74.53   56.08   75.88   104.11
23:01:38 74.53   55.85   75.99   103.21
23:02:41 74.41   55.29   75.88   102.43
23:03:45 74.41   55.96   75.99   101.53
23:04:48 74.30   55.96   75.99   100.74
23:05:51 74.41   55.85   75.99   99.95
23:06:55 74.41   55.85   75.88   99.28
23:07:58 74.41   56.19   75.99   98.60
23:09:01 74.41   56.19   75.99   97.92
23:10:05 74.41   55.96   75.99   97.36
23:11:08 74.41   56.19   75.88   96.80
23:12:11 74.41   55.63   75.88   96.13
23:13:15 74.30   55.51   75.88   95.68
23:14:18 74.41   55.85   75.88   95.11
23:15:22 74.30   55.85   75.88   94.66
23:16:25 74.30   55.85   75.88   94.10
23:17:28 74.30   55.96   75.76   93.65
23:18:32 74.30   55.51   75.88   93.31
23:19:35 74.30   55.74   75.88   92.86
23:20:38 74.30   55.96   75.76   92.41
23:21:42 74.41   55.74   75.88   91.96
23:22:45 74.19   55.63   75.76   91.51
23:23:48 74.30   55.74   75.88   91.06
23:24:52 74.19   55.74   75.88   90.72
23:25:55 74.19   55.63   75.99   90.39
23:26:58 74.19   55.63   75.99   90.16
23:28:02 74.19   55.74   75.76   89.71
23:29:05 74.19   55.74   75.88   89.38
23:30:08 74.19   55.63   75.88   89.04
23:31:12 74.19   55.85   75.76   88.70
23:32:15 74.19   55.74   75.88   88.59
23:33:18 74.19   55.63   75.65   88.25
23:34:22 74.08   55.63   75.65   87.91
23:35:25 74.08   55.51   75.76   87.69
23:36:28 74.08   55.63   75.76   87.46
23:37:32 74.08   55.63   75.65   87.13
23:38:35 74.08   55.51   75.65   86.90
23:39:38 73.96   55.51   75.65   86.56
23:40:42 74.08   55.51   75.65   86.45
23:41:45 73.96   55.29   75.65   86.22
23:42:48 73.96   55.17   75.65   86.11
23:43:52 74.08   55.17   75.65   85.89
23:44:55 73.96   55.06   75.54   85.78
23:45:59 73.96   55.40   75.54   85.44
23:47:02 73.96   55.29   75.65   85.21
23:48:05 73.96   55.40   75.65   85.10
23:49:09 73.96   55.17   75.65   84.88
23:50:12 73.85   54.73   75.65   84.76
23:51:15 74.08   55.06   75.54   84.65
23:52:19 73.74   54.95   75.65   84.31
23:53:22 73.85   54.50   75.65   84.20
23:54:25 73.74   54.50   75.54   84.09
23:55:29 73.85   54.73   75.54   83.97
23:56:32 73.74   55.06   75.54   83.75
23:57:35 73.85   54.61   75.54   83.64
23:58:39 73.85   54.61   75.54   83.53
23:59:42 73.74   54.50   75.54   83.30
