00:00:48 72.05   63.28   73.96   79.25
00:01:52 72.05   63.84   74.08   79.36
00:02:55 72.16   64.74   73.96   79.25
00:03:59 72.39   65.75   73.96   79.25
00:05:02 72.39   60.58   74.08   79.36
00:06:05 72.39   54.95   74.08   79.36
00:07:09 72.16   53.60   74.08   79.25
00:08:12 72.05   53.15   73.96   79.25
00:09:15 72.05   53.04   74.08   79.25
00:10:19 71.94   52.81   74.19   79.25
00:11:22 71.94   52.48   74.19   79.25
00:12:25 71.83   52.03   73.96   79.25
00:13:29 71.83   52.03   74.08   79.25
00:14:32 71.83   51.80   74.08   79.25
00:15:35 71.71   51.69   74.08   79.14
00:16:39 71.71   51.58   73.96   79.14
00:17:42 71.71   51.35   73.96   79.25
00:18:45 71.83   59.23   73.96   79.14
00:19:49 71.94   62.26   73.96   79.14
00:20:52 71.94   63.50   73.96   79.14
00:21:55 71.94   64.29   73.96   79.14
00:22:59 72.16   65.08   74.08   79.25
00:24:02 72.16   65.86   73.96   79.14
00:25:05 72.28   66.99   74.19   79.03
00:26:09 72.39   68.34   74.08   79.14
00:27:12 72.39   69.69   74.08   79.14
00:28:15 72.39   59.67   74.08   79.14
00:29:19 72.39   55.17   73.96   79.25
00:30:22 72.28   54.16   74.08   79.36
00:31:25 72.16   53.71   74.08   79.25
00:32:29 72.05   53.38   74.19   79.25
00:33:32 71.94   53.15   74.19   79.14
00:34:36 71.83   52.70   74.08   79.03
00:35:39 71.83   52.25   74.08   79.14
00:36:42 71.83   62.71   73.96   79.03
00:37:46 72.05   64.51   74.08   78.91
00:38:49 72.05   65.53   73.96   79.25
00:39:52 72.16   66.99   74.08   79.25
00:40:56 72.28   69.35   74.08   79.25
00:41:59 72.39   71.15   74.08   79.36
00:43:02 72.39   72.16   73.96   79.36
00:44:06 72.61   72.95   73.96   79.25
00:45:09 72.61   73.51   74.08   79.36
00:46:12 72.72   73.85   74.19   79.47
00:47:16 72.84   74.19   74.08   79.36
00:48:19 72.95   74.41   74.08   79.59
00:49:22 73.06   74.64   74.19   79.59
00:50:26 73.06   74.86   74.19   79.70
00:51:29 73.18   74.97   74.19   79.70
00:52:32 73.18   73.51   74.41   79.70
00:53:36 73.29   59.56   74.41   79.70
00:54:39 73.06   55.74   74.41   79.81
00:55:42 72.84   55.06   74.41   79.81
00:56:46 72.72   54.61   74.41   79.70
00:57:49 72.50   54.50   74.30   79.59
00:58:52 72.28   54.39   74.41   79.47
00:59:56 72.28   64.74   74.30   79.59
01:00:59 72.39   65.86   74.41   79.59
01:02:02 72.50   67.89   74.30   79.59
01:03:06 72.61   70.14   74.30   79.47
01:04:09 72.61   72.84   74.41   79.59
01:05:12 72.61   74.19   74.30   79.70
01:06:16 72.72   74.75   74.41   79.70
01:07:19 72.84   74.97   74.41   79.70
01:08:23 72.95   75.09   74.30   79.70
01:09:26 73.06   75.09   74.30   79.70
01:10:29 73.06   75.20   74.30   79.70
01:11:33 73.06   75.20   74.53   79.81
01:12:36 73.18   75.31   74.53   80.04
01:13:39 73.29   75.31   74.53   80.04
01:14:43 73.29   75.43   74.53   79.93
01:15:46 73.40   75.43   74.53   79.93
01:16:49 73.40   75.43   74.64   79.93
01:17:53 73.40   75.54   74.64   79.93
01:18:56 73.40   75.65   74.64   80.04
01:19:59 73.51   75.65   74.64   80.04
01:21:03 73.51   75.65   74.86   80.04
01:22:06 73.51   75.76   74.75   80.04
01:23:09 73.63   75.76   74.86   80.15
01:24:13 73.51   75.76   74.86   80.15
01:25:16 73.74   75.76   74.86   80.26
01:26:19 73.74   75.88   74.86   80.26
01:27:23 73.63   75.88   74.75   80.38
01:28:26 73.63   75.88   74.86   80.49
01:29:29 73.63   75.88   74.86   80.38
01:30:33 73.74   75.88   74.86   80.49
01:31:36 73.74   75.99   74.97   80.49
01:32:39 73.74   75.99   74.97   80.60
01:33:43 73.74   75.99   75.09   80.60
01:34:46 73.74   75.99   74.97   80.49
01:35:49 73.74   75.99   74.97   80.49
01:36:53 73.85   75.99   75.09   80.49
01:37:56 73.85   76.10   75.09   80.60
01:39:00 73.85   76.10   75.20   80.71
01:40:03 73.85   76.10   75.09   80.83
01:41:06 73.85   76.10   75.20   80.83
01:42:10 73.85   76.10   75.20   80.83
01:43:13 73.96   76.10   75.20   80.83
01:44:16 73.96   76.10   75.31   80.83
01:45:20 73.85   76.10   75.31   80.83
01:46:23 73.96   76.10   75.31   80.83
01:47:26 73.96   76.21   75.31   80.83
01:48:30 73.96   76.21   75.31   80.83
01:49:33 73.96   76.21   75.20   80.71
01:50:36 73.96   76.21   75.09   80.71
01:51:40 73.96   76.21   75.20   80.71
01:52:43 73.96   76.21   75.20   80.83
01:53:46 73.96   76.21   75.31   80.83
01:54:50 74.08   76.21   75.31   80.94
01:55:53 73.96   76.33   75.09   80.94
01:56:56 74.08   76.33   75.09   80.94
01:58:00 73.96   76.33   75.09   80.94
01:59:03 74.08   76.33   75.31   80.94
02:00:06 73.96   76.33   75.31   81.05
02:01:10 74.08   76.33   75.31   81.05
02:02:13 74.08   76.33   75.43   81.05
02:03:16 74.08   76.33   75.54   81.05
02:04:20 74.19   76.33   75.54   81.05
02:05:23 74.08   76.33   75.54   81.05
02:06:26 74.08   76.33   75.43   81.16
02:07:30 74.19   76.44   75.54   81.28
02:08:33 74.19   76.44   75.54   81.39
02:09:36 74.19   76.44   75.54   81.39
02:10:40 74.19   76.44   75.54   81.39
02:11:43 74.19   76.44   75.54   81.28
02:12:47 74.19   76.55   75.54   81.28
02:13:50 74.30   76.55   75.54   81.28
02:14:53 74.19   76.55   75.43   81.28
02:15:57 74.19   76.55   75.31   81.28
02:17:00 74.19   76.55   75.54   81.50
02:18:03 74.30   76.55   75.65   81.50
02:19:07 74.30   76.66   75.65   81.39
02:20:10 74.30   76.55   75.65   81.39
02:21:13 74.30   76.66   75.76   81.50
02:22:17 74.30   76.66   75.65   81.39
02:23:20 74.30   76.66   75.65   81.39
02:24:23 74.30   76.66   75.65   81.50
02:25:27 74.30   76.66   75.65   81.39
02:26:30 74.30   76.66   75.54   81.50
02:27:33 74.41   76.66   75.65   81.50
02:28:37 74.41   76.66   75.65   81.61
02:29:40 74.41   76.78   75.54   81.72
02:30:43 74.30   76.78   75.65   81.61
02:31:47 74.41   76.78   75.65   81.61
02:32:50 74.30   76.78   75.76   81.61
02:33:53 74.41   76.78   75.76   81.72
02:34:57 74.30   76.78   75.76   81.72
02:36:00 74.41   76.78   75.76   81.84
02:37:03 74.41   76.78   75.65   81.72
02:38:07 74.30   76.78   75.65   81.72
02:39:10 74.41   76.78   75.76   81.72
02:40:13 74.41   76.89   75.88   81.72
02:41:17 74.41   76.89   75.99   81.84
02:42:20 74.53   76.89   75.88   81.95
02:43:24 74.53   76.89   75.88   81.84
02:44:27 74.41   76.89   75.88   81.95
02:45:30 74.53   76.89   75.88   81.95
02:46:34 74.53   76.89   75.99   82.06
02:47:37 74.53   76.89   75.88   82.06
02:48:40 74.64   77.00   75.76   81.95
02:49:44 74.53   76.89   75.99   82.06
02:50:47 74.53   76.89   75.88   82.06
02:51:50 74.64   76.89   75.88   82.06
02:52:54 74.53   77.00   75.99   82.06
02:53:57 74.53   77.00   75.99   82.06
02:55:00 74.64   77.00   75.99   82.06
02:56:04 74.64   77.00   75.88   82.06
02:57:07 74.53   77.00   75.99   82.18
02:58:10 74.53   77.00   76.10   82.18
02:59:14 74.64   77.00   75.99   82.18
03:00:17 74.64   77.00   76.10   82.18
03:01:20 74.53   77.00   76.21   82.29
03:02:24 74.64   77.00   76.21   82.18
03:03:27 74.64   77.11   76.21   82.06
03:04:30 74.75   77.11   76.10   82.06
03:05:34 74.64   77.11   76.10   81.95
03:06:37 74.64   77.11   76.10   82.06
03:07:40 74.75   77.22   76.10   82.06
03:08:44 74.64   77.11   76.10   82.06
03:09:47 74.64   77.22   76.21   81.95
03:10:50 74.75   77.22   76.10   82.18
03:11:54 74.75   77.22   76.21   82.06
03:12:57 74.75   77.22   76.10   82.06
03:14:00 74.75   77.11   76.21   82.06
03:15:04 74.64   77.11   76.10   82.18
03:16:07 74.75   77.11   76.10   82.18
03:17:10 74.75   77.11   76.21   82.06
03:18:14 74.75   77.11   76.21   82.18
03:19:17 74.75   77.11   76.21   82.29
03:20:21 74.75   77.11   76.21   82.29
03:21:24 74.75   77.11   76.21   82.18
03:22:27 74.75   77.11   76.33   82.18
03:23:31 74.86   77.11   76.44   82.18
03:24:34 74.75   77.11   76.44   82.18
03:25:37 74.75   77.22   76.33   82.40
03:26:41 74.75   77.22   76.33   82.40
03:27:44 74.64   77.22   76.33   82.29
03:28:47 74.75   77.22   76.33   82.29
03:29:51 74.75   77.22   76.44   82.29
03:30:54 74.75   77.34   76.44   82.29
03:31:57 74.75   77.34   76.21   82.40
03:33:01 74.75   77.45   76.33   82.40
03:34:04 74.86   77.45   76.21   82.40
03:35:07 74.75   77.45   76.33   82.40
03:36:11 74.86   77.45   76.44   82.29
03:37:14 74.75   77.56   76.44   82.29
03:38:17 74.86   77.56   76.33   82.29
03:39:21 74.86   77.56   76.33   82.40
03:40:24 74.86   77.56   76.44   82.51
03:41:27 74.86   77.56   76.55   82.51
03:42:31 74.86   77.56   76.44   82.51
03:43:34 74.86   77.56   76.44   82.51
03:44:37 74.97   77.56   76.55   82.40
03:45:41 74.86   77.56   76.55   82.40
03:46:44 74.86   77.56   76.44   82.40
03:47:47 74.86   77.68   76.55   82.40
03:48:51 74.86   77.56   76.55   82.51
03:49:54 74.97   77.56   76.55   82.51
03:50:57 74.97   77.56   76.55   82.51
03:52:01 74.86   77.56   76.44   82.51
03:53:04 74.97   77.68   76.66   82.51
03:54:07 74.97   77.68   76.66   82.51
03:55:11 74.97   77.68   76.55   82.51
03:56:14 74.97   77.68   76.44   82.51
03:57:17 74.97   77.68   76.55   82.63
03:58:21 74.97   77.68   76.44   82.63
03:59:24 74.97   77.68   76.55   82.51
04:00:28 74.97   77.68   76.66   82.74
04:01:31 74.86   77.68   76.66   82.85
04:02:34 74.97   77.68   76.66   82.85
04:03:38 74.97   77.68   76.78   82.85
04:04:41 75.09   77.68   76.66   82.85
04:05:44 74.97   77.68   76.55   82.96
04:06:48 74.97   77.68   76.55   82.96
04:07:51 75.09   77.68   76.66   83.08
04:08:54 75.09   77.68   76.66   83.08
04:09:58 74.97   68.90   76.66   82.96
04:11:01 74.86   60.80   76.66   82.85
04:12:04 74.75   58.33   76.66   82.85
04:13:08 74.53   57.20   76.78   82.74
04:14:11 74.30   56.75   76.78   82.63
04:15:14 74.08   56.41   76.66   82.74
04:16:18 73.96   60.69   76.66   82.63
04:17:21 73.96   66.99   76.66   82.63
04:18:24 74.08   68.56   76.33   82.51
04:19:28 74.19   70.93   76.44   82.63
04:20:31 74.19   72.28   76.55   82.51
04:21:34 74.19   73.63   76.55   82.51
04:22:38 74.19   75.43   76.55   82.51
04:23:41 74.30   76.33   76.66   82.51
04:24:44 74.41   76.89   76.55   82.51
04:25:48 74.41   77.00   76.66   82.63
04:26:51 74.53   77.11   76.55   82.63
04:27:54 74.64   77.22   76.66   82.63
04:28:58 74.75   77.22   76.66   82.63
04:30:01 74.64   77.34   76.66   82.51
04:31:04 74.75   77.45   76.55   82.63
04:32:08 74.75   77.45   76.66   82.51
04:33:11 74.86   77.45   76.66   82.51
04:34:14 74.86   77.45   76.55   82.63
04:35:18 74.75   77.45   76.66   82.63
04:36:21 74.86   77.56   76.66   82.74
04:37:25 74.97   77.56   76.66   82.85
04:38:28 74.86   77.56   76.66   82.63
04:39:31 74.86   77.56   76.66   82.51
04:40:35 74.97   77.68   76.78   82.51
04:41:38 74.97   77.68   76.66   82.63
04:42:41 74.97   77.68   76.78   82.74
04:43:45 74.97   73.63   76.78   82.74
04:44:48 74.86   60.13   76.78   82.85
04:45:51 74.64   57.54   76.66   82.74
04:46:55 74.64   56.75   76.78   82.74
04:47:58 74.30   56.41   76.89   82.63
04:49:01 74.30   56.08   76.78   82.63
04:50:05 73.96   58.78   76.66   82.51
04:51:08 73.96   66.43   76.66   82.51
04:52:11 73.96   67.78   76.66   82.51
04:53:15 74.19   69.91   76.55   82.40
04:54:18 74.19   71.60   76.66   82.29
04:55:21 74.19   73.74   76.66   82.40
04:56:25 74.30   75.65   76.55   82.40
04:57:28 74.41   76.55   76.66   82.51
04:58:31 74.41   76.89   76.66   82.40
04:59:35 74.41   77.00   76.55   82.40
05:00:38 74.53   77.22   76.55   82.63
05:01:41 74.64   77.22   76.66   82.51
05:02:45 74.64   77.22   76.66   82.51
05:03:48 74.75   77.34   76.55   82.51
05:04:51 74.75   77.34   76.55   82.51
05:05:55 74.75   77.34   76.55   82.51
05:06:58 74.75   77.45   76.66   82.51
05:08:01 74.86   77.45   76.66   82.63
05:09:05 74.86   77.45   76.66   82.63
05:10:08 74.86   65.75   76.66   82.85
05:11:12 74.75   58.89   76.78   82.74
05:12:15 74.53   57.20   76.66   82.63
05:13:18 74.41   56.64   76.89   82.51
05:14:22 74.19   56.30   76.78   82.40
05:15:25 74.08   55.96   76.78   82.29
05:16:28 73.85   55.74   76.55   82.18
05:17:32 73.74   65.41   76.55   82.18
05:18:35 73.85   67.10   76.55   82.18
05:19:38 73.85   68.45   76.44   82.29
05:20:42 74.08   70.59   76.55   82.29
05:21:45 74.08   71.83   76.55   82.29
05:22:48 74.08   73.63   76.55   82.18
05:23:52 74.08   75.43   76.44   82.18
05:24:55 74.19   76.33   76.55   82.29
05:25:58 74.19   76.66   76.55   82.29
05:27:02 74.30   76.89   76.66   82.29
05:28:05 74.30   77.00   76.55   82.40
05:29:08 74.41   77.11   76.66   82.18
05:30:12 74.53   77.11   76.66   82.29
05:31:15 74.53   77.22   76.66   82.29
05:32:18 74.53   77.22   76.66   82.29
05:33:22 74.64   70.70   76.55   82.40
05:34:25 74.64   59.56   76.55   82.29
05:35:28 74.30   57.42   76.55   82.40
05:36:32 74.19   56.64   76.66   82.29
05:37:35 73.96   56.41   76.66   82.18
05:38:38 73.96   56.08   76.66   82.06
05:39:42 73.74   55.85   76.66   81.95
05:40:45 73.74   56.75   76.44   82.06
05:41:48 73.63   66.20   76.44   81.95
05:42:52 73.74   67.33   76.44   81.95
05:43:55 73.85   68.79   76.44   81.95
05:44:58 73.85   70.59   76.44   81.95
05:46:02 73.96   71.94   76.44   81.95
05:47:05 73.96   73.63   76.44   81.95
05:48:08 73.96   75.09   76.44   82.18
05:49:12 74.08   76.10   76.33   82.18
05:50:15 74.19   76.55   76.44   82.18
05:51:19 74.19   76.78   76.44   82.18
05:52:22 74.30   76.89   76.55   82.18
05:53:25 74.30   76.89   76.55   82.18
05:54:29 74.41   77.00   76.55   82.18
05:55:32 74.41   76.89   76.44   82.06
05:56:35 74.41   61.59   76.55   82.06
05:57:39 74.19   57.42   76.44   82.06
05:58:42 74.08   56.53   76.44   81.95
05:59:45 73.96   56.30   76.44   81.95
06:00:49 73.74   55.96   76.44   81.84
06:01:52 73.74   60.35   76.44   81.84
06:02:55 73.63   66.43   76.44   81.84
06:03:59 73.63   67.66   76.44   81.72
06:05:02 73.85   69.91   76.44   81.84
06:06:05 73.85   71.83   76.44   81.84
06:07:09 73.96   73.85   76.44   81.84
06:08:12 73.96   75.65   76.44   81.95
06:09:15 74.08   76.33   76.33   81.95
06:10:19 74.08   76.66   76.33   82.06
06:11:22 74.19   76.78   76.44   81.95
06:12:25 74.41   76.89   76.44   81.95
06:13:29 74.30   77.00   76.44   81.84
06:14:32 74.41   77.00   76.44   81.84
06:15:35 74.41   77.11   76.44   81.95
06:16:39 74.53   77.11   76.55   82.06
06:17:42 74.53   77.11   76.55   82.06
06:18:45 74.53   77.22   76.44   82.06
06:19:49 74.64   77.22   76.55   82.06
06:20:52 74.53   77.22   76.44   82.06
06:21:55 74.64   77.22   76.44   82.06
06:22:59 74.64   77.34   76.44   82.18
06:24:02 74.64   77.34   76.44   82.29
06:25:05 74.75   77.34   76.44   82.18
06:26:09 74.75   77.34   76.66   82.18
06:27:12 74.75   77.34   76.55   82.29
06:28:16 74.75   77.34   76.66   82.29
06:29:19 74.86   77.45   76.55   82.29
06:30:22 74.75   77.45   76.55   82.29
06:31:26 74.86   77.45   76.66   82.29
06:32:29 74.75   77.45   76.55   82.40
06:33:32 74.86   77.45   76.66   82.40
06:34:36 74.75   77.45   76.66   82.29
06:35:39 74.86   77.45   76.66   82.29
06:36:42 74.75   77.56   76.66   82.29
06:37:46 74.86   77.45   76.55   82.29
06:38:49 74.86   77.56   76.55   82.40
06:39:52 74.86   77.45   76.55   82.40
06:40:56 74.86   77.56   76.66   82.51
06:41:59 74.86   77.45   76.66   82.51
06:43:02 74.86   77.45   76.66   82.51
06:44:06 74.86   77.56   76.78   82.51
06:45:09 74.97   77.56   76.78   82.51
06:46:12 74.86   77.56   76.66   82.51
06:47:16 74.86   77.56   76.78   82.63
06:48:19 74.86   77.56   76.78   82.51
06:49:22 74.97   77.56   76.78   82.40
06:50:26 74.97   77.56   76.78   82.63
06:51:29 74.97   77.56   76.78   82.74
06:52:32 74.86   77.56   76.78   82.63
06:53:36 74.86   77.56   76.78   82.63
06:54:39 74.97   77.56   76.89   82.63
06:55:42 74.97   77.56   76.89   82.74
06:56:46 74.97   77.56   76.89   82.74
06:57:49 74.97   77.68   76.78   82.74
06:58:52 74.97   77.68   76.89   82.74
06:59:56 74.97   77.68   76.78   82.63
07:00:59 74.97   77.68   76.89   82.63
07:02:02 74.97   77.68   76.89   82.74
07:03:06 75.09   77.68   76.89   82.63
07:04:09 74.97   77.68   76.89   82.63
07:05:13 74.97   77.68   77.00   82.63
07:06:16 74.97   77.68   76.89   82.63
07:07:19 75.09   77.68   77.00   82.63
07:08:23 74.97   77.68   77.00   82.74
07:09:26 75.09   77.68   76.89   82.85
07:10:29 75.09   77.68   77.00   82.74
07:11:33 75.09   77.68   77.00   82.63
07:12:36 75.09   77.68   77.00   82.74
07:13:39 75.20   77.68   77.00   82.74
07:14:43 75.09   77.68   77.00   82.74
07:15:46 75.09   77.68   76.89   82.85
07:16:49 75.09   77.68   77.00   82.74
07:17:53 75.09   77.68   77.00   82.74
07:18:56 75.09   77.68   77.11   82.85
07:19:59 75.09   77.79   77.00   82.74
07:21:03 75.09   77.79   77.00   82.74
07:22:06 75.09   77.79   77.00   82.85
07:23:09 75.09   77.79   77.00   82.85
07:24:13 75.09   77.79   77.00   82.96
07:25:16 75.09   77.79   77.00   82.96
07:26:19 75.09   77.79   77.11   83.08
07:27:23 75.09   77.79   77.00   82.96
07:28:26 75.09   77.79   77.00   82.96
07:29:29 75.20   77.79   77.00   83.08
07:30:33 75.20   77.90   77.11   83.08
07:31:36 75.20   77.79   77.11   82.96
07:32:39 75.20   77.79   77.00   83.08
07:33:43 75.20   77.90   77.00   83.19
07:34:46 75.20   77.90   77.00   83.19
07:35:50 75.20   77.90   77.00   83.08
07:36:53 75.31   77.90   77.11   83.08
07:37:56 75.20   77.90   77.11   83.08
07:39:00 75.20   77.90   77.22   83.08
07:40:03 75.20   77.90   77.11   83.08
07:41:06 75.20   77.90   77.11   83.08
07:42:10 75.31   77.90   77.11   83.08
07:43:13 75.20   77.90   77.22   83.08
07:44:16 75.20   78.01   77.22   83.30
07:45:20 75.20   77.90   77.11   83.30
07:46:23 75.31   78.01   77.22   83.19
07:47:26 75.31   77.90   77.22   83.19
07:48:30 75.20   78.01   77.22   83.30
07:49:33 75.31   78.01   77.22   83.30
07:50:36 75.31   77.90   77.34   83.30
07:51:40 75.31   78.01   77.34   83.19
07:52:43 75.31   78.01   77.22   83.30
07:53:46 75.31   78.01   77.34   83.19
07:54:50 75.31   78.01   77.34   83.19
07:55:53 75.31   78.01   77.22   83.19
07:56:56 75.31   78.01   77.34   83.08
07:58:00 75.31   78.01   77.34   83.08
07:59:03 75.31   78.01   77.34   83.19
08:00:06 75.31   78.01   77.22   83.19
08:01:10 75.31   78.01   77.22   83.08
08:02:13 75.31   78.01   77.34   83.08
08:03:16 75.43   78.01   77.22   83.08
08:04:20 75.43   78.01   77.34   83.08
08:05:23 75.31   78.13   77.34   83.19
08:06:27 75.31   78.01   77.34   83.30
08:07:30 75.43   78.01   77.34   83.41
08:08:33 75.31   78.13   77.34   83.41
08:09:37 75.43   78.13   77.34   83.30
08:10:40 75.43   78.13   77.34   83.41
08:11:43 75.43   78.13   77.34   83.30
08:12:47 75.43   78.13   77.22   83.41
08:13:50 75.43   78.13   77.22   83.53
08:14:53 75.43   78.13   77.34   83.41
08:15:57 75.43   78.13   77.34   83.41
08:17:00 75.43   78.13   77.34   83.41
08:18:03 75.54   78.24   77.45   83.30
08:19:07 75.43   78.13   77.45   83.41
08:20:10 75.54   78.13   77.45   83.41
08:21:13 75.54   78.24   77.45   83.19
08:22:17 75.43   78.13   77.34   83.30
08:23:20 75.54   78.24   77.45   83.19
08:24:23 75.54   78.24   77.45   83.19
08:25:27 75.54   78.24   77.45   83.30
08:26:30 75.54   78.24   77.45   83.41
08:27:33 75.43   78.24   77.45   83.41
08:28:37 75.54   78.24   77.45   83.53
08:29:40 75.43   78.24   77.56   83.53
08:30:43 75.43   78.24   77.45   83.53
08:31:47 75.54   78.24   77.56   83.53
08:32:50 75.54   78.24   77.56   83.53
08:33:53 75.54   78.24   77.45   83.53
08:34:57 75.54   78.24   77.45   83.53
08:36:00 75.54   78.24   77.45   83.53
08:37:04 75.54   78.24   77.56   83.41
08:38:07 75.54   78.24   77.56   83.53
08:39:10 75.54   78.24   77.56   83.64
08:40:14 75.54   78.24   77.45   83.64
08:41:17 75.54   78.24   77.56   83.53
08:42:20 75.54   78.24   77.45   83.53
08:43:24 75.54   78.24   77.45   83.53
08:44:27 75.65   78.24   77.56   83.53
08:45:30 75.65   78.24   77.68   83.53
08:46:34 75.54   78.24   77.68   83.53
08:47:37 75.65   78.24   77.68   83.53
08:48:40 75.65   78.35   77.68   83.53
08:49:44 75.65   78.35   77.68   83.53
08:50:47 75.65   78.35   77.68   83.64
08:51:50 75.65   78.35   77.68   83.75
08:52:54 75.65   78.35   77.56   83.64
08:53:57 75.65   78.35   77.56   83.75
08:55:00 75.65   78.35   77.68   83.75
08:56:04 75.65   78.35   77.68   83.64
08:57:07 75.65   78.35   77.68   83.64
08:58:10 75.76   78.35   77.68   83.64
08:59:14 75.65   78.35   77.56   83.53
09:00:17 75.76   78.35   77.68   83.53
09:01:20 75.65   78.35   77.68   83.53
09:02:24 75.76   78.35   77.56   83.53
09:03:27 75.65   78.35   77.68   83.64
09:04:30 75.65   78.35   77.68   83.64
09:05:34 75.65   78.35   77.79   83.75
09:06:37 75.65   78.35   77.79   83.75
09:07:40 75.65   78.35   77.79   83.75
09:08:44 75.76   78.35   77.79   83.64
09:09:47 75.65   78.35   77.68   83.64
09:10:50 75.76   78.35   77.79   83.75
09:11:54 75.65   78.35   77.79   83.75
09:12:57 75.65   78.46   77.79   83.75
09:14:00 75.65   78.46   77.79   83.75
09:15:04 75.76   78.46   77.79   83.75
09:16:07 75.76   78.46   77.79   83.75
09:17:11 75.76   78.46   77.79   83.75
09:18:14 75.76   78.46   77.79   83.75
09:19:17 75.76   78.46   77.79   83.75
09:20:21 75.76   78.46   77.79   83.75
09:21:24 75.76   78.46   77.68   83.75
09:22:27 75.76   78.46   77.79   83.75
09:23:31 75.76   78.46   77.68   83.75
09:24:34 75.88   78.46   77.68   83.75
09:25:37 75.88   78.58   77.79   83.86
09:26:41 75.76   78.46   77.79   83.75
09:27:44 75.76   78.46   77.79   83.75
09:28:47 75.76   78.58   77.79   83.64
09:29:51 75.76   78.46   77.90   83.75
09:30:54 75.88   78.58   77.90   83.75
09:31:57 75.88   78.58   77.90   83.75
09:33:01 75.88   78.58   77.90   83.75
09:34:04 75.88   78.58   77.90   83.75
09:35:07 75.88   78.58   77.90   83.75
09:36:11 75.88   78.58   77.90   83.75
09:37:14 75.88   78.58   77.90   83.75
09:38:17 75.99   78.58   77.90   83.86
09:39:21 75.88   78.58   77.90   83.75
09:40:24 75.99   78.58   77.90   83.75
09:41:27 75.88   78.58   77.90   83.86
09:42:31 75.99   78.58   77.90   83.86
09:43:34 75.99   78.58   77.90   83.86
09:44:37 75.99   78.58   77.90   83.86
09:45:41 75.99   78.58   78.01   83.86
09:46:44 75.99   78.58   78.01   83.75
09:47:47 75.99   78.58   78.01   83.86
09:48:51 75.99   78.69   78.01   83.86
09:49:54 75.99   78.58   78.01   83.86
09:50:57 76.10   78.58   78.13   83.86
09:52:01 75.99   78.69   78.01   83.86
09:53:04 75.99   78.69   78.01   83.86
09:54:07 76.10   78.69   78.01   83.86
09:55:11 75.99   78.69   78.01   83.86
09:56:14 75.99   78.69   78.01   83.86
09:57:18 75.99   78.69   78.01   83.86
09:58:21 75.99   78.69   78.13   83.97
09:59:24 75.99   78.69   78.13   83.97
10:00:28 75.99   78.69   78.01   83.97
10:01:31 76.10   78.69   78.01   83.97
10:02:34 76.10   78.69   78.13   83.97
10:03:38 75.99   78.69   78.01   83.97
10:04:41 76.10   78.80   78.01   83.86
10:05:44 76.10   78.80   78.01   83.97
10:06:48 76.10   78.69   78.01   84.09
10:07:51 76.10   78.80   78.13   84.09
10:08:54 76.10   78.80   78.13   83.97
10:09:58 76.10   78.80   78.24   84.09
10:11:01 76.10   78.80   78.13   83.97
10:12:04 76.21   78.80   78.13   84.09
10:13:08 76.21   78.80   78.13   84.09
10:14:11 76.10   78.80   78.13   84.09
10:15:14 76.21   78.80   78.01   84.09
10:16:18 76.10   78.80   78.13   84.09
10:17:21 76.21   78.80   78.01   83.97
10:18:24 76.21   78.80   78.24   83.97
10:19:28 76.21   78.91   78.13   83.97
10:20:31 76.21   78.91   78.13   83.97
10:21:34 76.21   78.80   78.24   83.97
10:22:38 76.21   78.80   78.13   83.97
10:23:41 76.21   78.91   78.13   84.09
10:24:44 76.21   78.91   78.13   83.97
10:25:48 76.21   78.91   78.13   83.97
10:26:51 76.21   78.91   78.13   84.09
10:27:55 76.21   78.91   78.13   84.09
10:28:58 76.21   78.91   78.24   84.20
10:30:01 76.21   78.91   78.13   84.20
10:31:05 76.21   78.91   78.24   84.31
10:32:08 76.21   78.91   78.24   84.20
10:33:11 76.21   78.91   78.35   84.09
10:34:15 76.21   78.91   78.35   83.97
10:35:18 76.33   79.03   78.35   84.09
10:36:21 76.21   79.03   78.24   83.97
10:37:25 76.33   78.91   78.24   83.97
10:38:28 76.33   79.03   78.24   84.09
10:39:31 76.21   79.03   78.35   84.20
10:40:35 76.33   79.03   78.35   84.09
10:41:38 76.21   79.03   78.24   83.97
10:42:41 76.33   79.03   78.24   84.09
10:43:45 76.33   79.03   78.24   84.20
10:44:48 76.33   79.03   78.35   84.09
10:45:51 76.33   79.03   78.35   84.09
10:46:55 76.33   79.03   78.24   84.09
10:47:58 76.33   79.03   78.35   84.09
10:49:01 76.33   79.03   78.35   84.20
10:50:05 76.44   79.03   78.35   84.20
10:51:08 76.33   79.14   78.46   84.20
10:52:11 76.44   79.14   78.35   84.31
10:53:15 76.33   79.14   78.46   84.31
10:54:18 76.44   79.03   78.35   84.31
10:55:21 76.33   79.14   78.35   84.43
10:56:25 76.44   79.14   78.46   84.31
10:57:28 76.44   79.14   78.35   84.31
10:58:31 76.44   79.14   78.46   84.31
10:59:35 76.44   79.14   78.46   84.31
11:00:38 76.44   79.14   78.46   84.31
11:01:42 76.44   79.14   78.46   84.31
11:02:45 76.44   79.14   78.46   84.31
11:03:48 76.44   79.14   78.46   84.31
11:04:52 76.44   79.25   78.46   84.43
11:05:55 76.44   79.14   78.46   84.43
11:06:58 76.44   79.14   78.46   84.43
11:08:02 76.44   79.14   78.46   84.31
11:09:05 76.44   79.14   78.46   84.31
11:10:08 76.55   79.25   78.46   84.31
11:11:12 76.55   79.25   78.58   84.43
11:12:15 76.55   79.25   78.58   84.43
11:13:18 76.55   79.25   78.58   84.43
11:14:22 76.55   79.25   78.46   84.43
11:15:25 76.55   79.25   78.46   84.43
11:16:28 76.55   79.25   78.46   84.31
11:17:32 76.66   79.25   78.46   84.31
11:18:35 76.55   79.25   78.58   84.43
11:19:38 76.55   79.25   78.58   84.31
11:20:42 76.66   79.36   78.58   84.31
11:21:45 76.66   79.36   78.58   84.43
11:22:48 76.66   79.36   78.69   84.43
11:23:52 76.66   75.54   78.58   84.31
11:24:55 76.66   64.85   78.58   84.20
11:25:58 76.55   61.36   78.46   84.43
11:27:02 76.21   59.34   78.58   84.31
11:28:05 76.10   58.78   78.46   84.31
11:29:08 75.99   58.21   78.24   84.20
11:30:12 75.76   61.48   78.35   84.20
11:31:15 75.88   68.45   78.46   84.20
11:32:18 75.76   69.91   78.46   84.09
11:33:22 75.76   72.50   78.24   84.09
11:34:25 75.76   73.96   78.24   83.97
11:35:28 75.76   75.20   78.35   83.97
11:36:32 75.88   76.55   78.24   84.09
11:37:35 75.99   77.79   78.24   84.20
11:38:38 75.99   78.35   78.35   84.09
11:39:42 76.10   78.58   78.46   84.09
11:40:45 76.10   78.69   78.35   84.09
11:41:49 76.21   78.80   78.35   84.09
11:42:52 76.33   78.91   78.35   83.97
11:43:55 76.33   78.91   78.46   84.09
11:44:59 76.33   78.91   78.58   84.09
11:46:02 76.33   79.03   78.46   84.20
11:47:05 76.44   79.03   78.46   84.20
11:48:09 76.44   79.14   78.58   84.09
11:49:12 76.44   79.14   78.58   84.09
11:50:15 76.55   79.14   78.58   84.20
11:51:19 76.55   79.25   78.58   84.31
11:52:22 76.55   79.25   78.58   84.31
11:53:25 76.55   79.25   78.58   84.31
11:54:29 76.66   79.25   78.58   84.31
11:55:32 76.55   79.25   78.58   84.31
11:56:35 76.55   78.13   78.58   84.31
11:57:39 76.55   62.83   78.69   84.31
11:58:42 76.44   59.79   78.58   84.20
11:59:45 76.33   59.11   78.46   84.09
12:00:49 76.10   58.66   78.35   84.09
12:01:52 75.99   58.44   78.35   83.97
12:02:55 75.88   58.10   78.46   83.86
12:03:59 75.65   60.69   78.46   83.86
12:05:02 75.76   68.11   78.46   83.86
12:06:05 75.76   69.13   78.46   83.86
12:07:09 75.76   70.36   78.46   83.86
12:08:12 75.88   72.39   78.35   83.86
12:09:15 75.88   74.08   78.35   83.64
12:10:19 75.99   75.88   78.35   83.64
12:11:22 75.99   77.56   78.46   83.64
12:12:25 76.10   78.35   78.35   83.64
12:13:29 76.21   78.69   78.46   83.86
12:14:32 76.21   78.80   78.46   83.86
12:15:35 76.33   78.80   78.46   83.86
12:16:39 76.33   78.91   78.46   83.86
12:17:42 76.44   79.03   78.35   83.86
12:18:46 76.44   79.03   78.46   83.75
12:19:49 76.44   79.14   78.46   83.86
12:20:52 76.55   79.14   78.58   83.86
12:21:56 76.55   70.93   78.69   83.97
12:22:59 76.55   61.48   78.69   83.97
12:24:02 76.44   59.67   78.58   83.86
12:25:06 76.21   59.11   78.58   83.86
12:26:09 76.10   58.78   78.46   83.86
12:27:12 75.88   58.21   78.35   83.75
12:28:16 75.88   57.65   78.24   83.75
12:29:19 75.65   59.45   78.35   83.64
12:30:22 75.65   67.78   78.24   83.75
12:31:26 75.76   69.01   78.35   83.86
12:32:29 75.76   69.80   78.24   83.75
12:33:32 75.76   71.60   78.24   83.86
12:34:36 75.88   73.63   78.35   83.75
12:35:39 75.99   75.31   78.35   83.75
12:36:42 76.10   77.22   78.35   83.64
12:37:46 76.21   78.24   78.35   83.75
12:38:49 76.21   78.58   78.35   83.75
12:39:52 76.33   78.80   78.35   83.86
12:40:56 76.33   78.91   78.46   83.75
12:41:59 76.44   79.03   78.35   83.75
12:43:02 76.44   65.30   78.35   83.86
12:44:06 76.44   60.69   78.35   83.86
12:45:09 76.21   59.34   78.35   83.75
12:46:12 76.10   59.00   78.35   83.75
12:47:16 75.88   58.55   78.35   83.64
12:48:19 75.76   58.33   78.35   83.64
12:49:22 75.65   58.10   78.46   83.64
12:50:26 75.54   57.42   78.35   83.64
12:51:29 75.43   64.51   78.13   83.53
12:52:32 75.54   67.89   78.24   83.41
12:53:36 75.54   69.13   78.35   83.53
12:54:39 75.65   69.91   78.24   83.53
12:55:42 75.65   71.49   78.24   83.64
12:56:46 75.76   73.06   78.35   83.64
12:57:49 75.76   74.19   78.24   83.64
12:58:52 75.99   75.65   78.24   83.53
12:59:56 75.99   77.22   78.24   83.53
13:00:59 75.99   78.13   78.24   83.53
13:02:03 76.10   78.58   78.13   83.53
13:03:06 76.21   70.03   78.24   83.64
13:04:09 76.21   61.48   78.24   83.75
13:05:13 76.10   59.56   78.24   83.41
13:06:16 75.99   59.00   78.13   83.41
13:07:19 75.76   58.44   78.13   83.30
13:08:23 75.65   58.33   78.01   83.30
13:09:26 75.54   57.88   78.01   83.30
13:10:29 75.54   57.54   78.01   83.19
13:11:33 75.43   57.20   78.13   83.19
13:12:36 75.31   62.83   78.13   83.08
13:13:39 75.43   66.99   77.79   83.08
13:14:43 75.54   68.68   78.01   83.19
13:15:46 75.54   69.46   78.01   83.19
13:16:49 75.65   70.36   78.01   83.30
13:17:53 75.76   71.94   78.01   83.30
13:18:56 75.76   73.40   78.13   83.30
13:19:59 75.88   74.41   78.01   83.19
13:21:03 75.88   75.99   78.13   83.19
13:22:06 75.99   77.34   78.13   83.30
13:23:09 76.10   72.84   78.13   83.30
13:24:13 76.10   62.04   78.13   83.30
13:25:16 75.88   59.79   78.01   83.19
13:26:19 75.76   59.23   78.01   83.19
13:27:23 75.65   58.78   78.13   83.19
13:28:26 75.54   58.10   78.01   83.19
13:29:29 75.54   57.99   78.01   83.19
13:30:33 75.43   57.31   78.01   83.19
13:31:36 75.31   57.31   77.68   83.19
13:32:40 75.31   57.31   77.79   83.08
13:33:43 75.20   61.70   77.90   82.96
13:34:46 75.31   66.76   77.56   83.19
13:35:50 75.43   68.34   77.90   83.19
13:36:53 75.43   69.13   77.90   83.08
13:37:56 75.43   69.91   77.90   83.08
13:39:00 75.54   71.04   78.01   83.08
13:40:03 75.65   72.50   77.90   83.08
13:41:06 75.65   73.63   77.90   83.08
13:42:10 75.76   74.75   77.90   83.08
13:43:13 75.88   75.43   77.79   83.08
13:44:16 75.88   63.05   77.90   83.08
13:45:20 75.88   59.79   78.01   82.96
13:46:23 75.65   59.00   77.79   82.85
13:47:26 75.43   58.66   77.79   82.85
13:48:30 75.43   58.55   77.90   82.74
13:49:33 75.31   58.21   77.68   82.63
13:50:36 75.31   57.65   77.79   82.63
13:51:40 75.31   57.65   77.68   82.63
13:52:43 75.09   57.20   77.79   82.51
13:53:46 75.09   57.20   77.68   82.63
13:54:50 75.09   56.86   77.68   82.63
13:55:53 74.97   66.43   77.56   82.63
13:56:56 75.20   67.44   77.45   82.51
13:58:00 75.31   68.56   77.56   82.63
13:59:03 75.31   69.24   77.56   82.63
14:00:06 75.31   69.91   77.68   82.51
14:01:10 75.43   70.81   77.68   82.51
14:02:13 75.43   72.05   77.68   82.63
14:03:17 75.54   72.61   77.56   82.63
14:04:20 75.54   71.49   77.79   82.63
14:05:23 75.54   62.04   77.68   82.51
14:06:27 75.43   59.23   77.68   82.51
14:07:30 75.43   59.00   77.79   82.51
14:08:33 75.31   58.55   77.45   82.51
14:09:37 75.09   58.44   77.56   82.63
14:10:40 75.09   58.21   77.68   82.63
14:11:43 74.97   57.54   77.56   82.63
14:12:47 74.97   57.65   77.68   82.40
14:13:50 74.97   56.86   77.56   82.51
14:14:53 74.97   57.09   77.34   82.51
14:15:57 74.97   64.85   77.56   82.40
14:17:00 74.97   67.10   77.56   82.29
14:18:03 75.09   68.34   77.56   82.29
14:19:07 75.20   69.01   77.56   82.40
14:20:10 75.20   69.58   77.45   82.40
14:21:13 75.20   70.70   77.56   82.40
14:22:17 75.31   71.94   77.45   82.40
14:23:20 75.31   72.61   77.45   82.40
14:24:23 75.43   73.40   77.56   82.40
14:25:27 75.54   66.99   77.56   82.40
14:26:30 75.54   60.46   77.68   82.40
14:27:33 75.31   59.11   77.56   82.40
14:28:37 75.20   58.78   77.45   82.40
14:29:40 75.20   58.55   77.45   82.40
14:30:43 75.09   58.44   77.45   82.29
14:31:47 75.09   57.99   77.56   82.29
14:32:50 75.09   57.42   77.56   82.29
14:33:53 74.86   57.65   77.56   82.18
14:34:57 74.86   56.98   77.45   82.18
14:36:00 74.75   56.08   77.22   82.06
14:37:04 74.86   63.95   77.34   82.06
14:38:07 74.97   66.43   77.34   82.18
14:39:10 74.97   68.00   77.34   82.18
14:40:14 75.09   68.79   77.45   82.18
14:41:17 75.20   69.35   77.45   82.18
14:42:20 75.09   70.25   77.22   82.18
14:43:24 75.31   71.38   77.34   82.29
14:44:27 75.31   72.61   77.45   82.29
14:45:30 75.31   73.74   77.45   82.18
14:46:34 75.43   66.65   77.56   82.18
14:47:37 75.43   60.91   77.45   82.29
14:48:40 75.31   59.45   77.45   82.29
14:49:44 75.20   58.89   77.34   82.29
14:50:47 75.09   58.55   77.45   82.29
14:51:50 75.09   58.21   77.45   82.18
14:52:54 74.97   57.88   77.34   81.95
14:53:57 74.97   57.54   77.45   81.84
14:55:00 74.86   57.42   77.34   81.95
14:56:04 74.86   56.98   77.34   81.95
14:57:07 74.75   56.53   77.34   81.95
14:58:10 74.75   66.31   77.34   81.95
14:59:14 74.97   67.55   77.22   82.06
15:00:17 75.09   68.56   77.34   81.95
15:01:20 75.09   69.24   77.34   81.95
15:02:24 75.09   69.91   77.34   81.95
15:03:27 75.20   70.81   77.34   81.95
15:04:30 75.20   71.71   77.34   82.06
15:05:34 75.31   72.05   77.34   82.18
15:06:37 75.31   73.18   77.34   82.29
15:07:40 75.31   65.86   77.34   82.18
15:08:44 75.43   60.13   77.45   82.18
15:09:47 75.20   58.78   77.45   82.06
15:10:50 75.20   58.44   77.22   82.06
15:11:54 74.97   58.44   77.22   81.95
15:12:57 74.97   58.21   77.34   81.95
15:14:01 74.75   58.21   77.22   81.84
15:15:04 74.75   57.76   77.00   82.06
15:16:07 74.75   57.31   77.22   82.06
15:17:11 74.86   56.64   77.11   82.06
15:18:14 74.64   66.31   77.22   82.06
15:19:17 74.75   67.55   77.11   82.06
15:20:21 74.86   68.56   77.22   81.84
15:21:24 74.97   69.24   77.11   81.95
15:22:27 75.09   70.03   77.22   81.95
15:23:31 74.97   71.04   77.22   81.95
15:24:34 75.09   72.05   77.34   81.84
15:25:37 75.09   72.50   77.34   81.95
15:26:41 75.20   73.29   77.11   81.95
15:27:44 75.31   74.19   77.22   82.06
15:28:47 75.31   69.58   77.34   82.18
15:29:51 75.43   60.91   77.34   82.18
15:30:54 75.31   59.11   77.22   82.06
15:31:57 75.20   58.55   77.34   81.95
15:33:01 75.09   58.44   77.34   81.95
15:34:04 74.97   58.33   77.34   81.95
15:35:07 74.86   57.99   77.22   81.84
15:36:11 74.75   57.31   77.22   81.84
15:37:14 74.86   57.20   77.34   81.84
15:38:17 74.75   63.50   77.22   81.84
15:39:21 74.75   66.76   77.34   81.84
15:40:24 74.97   68.45   77.22   81.84
15:41:27 74.97   69.24   77.22   81.84
15:42:31 74.97   70.03   77.34   81.95
15:43:34 75.09   71.15   77.22   81.95
15:44:37 75.09   72.28   77.22   81.95
15:45:41 75.31   72.72   77.22   81.95
15:46:44 75.20   73.63   77.22   82.06
15:47:47 75.31   74.64   77.34   81.95
15:48:51 75.43   75.43   77.34   81.95
15:49:54 75.54   76.10   77.34   82.06
15:50:57 75.54   67.66   77.34   81.95
15:52:01 75.54   60.58   77.22   81.95
15:53:04 75.43   59.11   77.34   81.84
15:54:08 75.20   58.66   77.34   81.84
15:55:11 75.20   58.44   77.34   81.84
15:56:14 75.09   58.10   77.34   81.72
15:57:18 74.97   58.21   77.34   81.84
15:58:21 74.97   57.65   77.22   81.72
15:59:24 74.86   57.20   77.34   81.61
16:00:28 74.75   66.54   77.22   81.72
16:01:31 74.97   68.22   77.34   81.84
16:02:34 75.09   69.01   77.22   81.95
16:03:38 75.09   69.69   77.22   81.84
16:04:41 75.09   70.59   77.22   81.95
16:05:44 75.20   71.38   77.34   81.84
16:06:48 75.31   72.28   77.22   81.84
16:07:51 75.31   73.74   77.22   81.84
16:08:54 75.43   75.20   77.34   81.95
16:09:58 75.54   76.21   77.34   81.95
16:11:01 75.54   76.89   77.45   81.95
16:12:04 75.65   77.34   77.45   81.95
16:13:08 75.76   77.56   77.34   82.06
16:14:11 75.88   77.79   77.45   82.18
16:15:14 75.88   64.29   77.34   82.18
16:16:18 75.76   60.13   77.45   82.18
16:17:21 75.65   59.11   77.34   82.18
16:18:24 75.43   58.78   77.45   82.06
16:19:28 75.20   58.44   77.34   82.06
16:20:31 75.20   58.44   77.34   81.95
16:21:34 75.09   58.21   77.45   81.84
16:22:38 74.97   59.56   77.22   81.72
16:23:41 74.97   67.66   77.34   81.84
16:24:44 75.20   68.90   77.22   81.84
16:25:48 75.20   69.46   77.22   81.84
16:26:51 75.20   70.14   77.34   81.72
16:27:55 75.20   70.70   77.34   81.72
16:28:58 75.20   71.83   77.34   81.72
16:30:01 75.31   73.18   77.34   81.84
16:31:05 75.43   74.97   77.45   81.84
16:32:08 75.43   76.44   77.45   81.95
16:33:11 75.65   77.22   77.45   82.06
16:34:15 75.65   77.68   77.45   82.18
16:35:18 75.65   77.90   77.45   82.06
16:36:21 75.76   78.01   77.45   82.06
16:37:25 75.88   78.13   77.45   82.06
16:38:28 75.88   78.24   77.45   82.18
16:39:31 75.99   78.24   77.45   82.29
16:40:35 75.88   64.29   77.56   82.29
16:41:38 75.88   60.24   77.45   82.18
16:42:41 75.76   59.34   77.56   82.18
16:43:45 75.54   58.89   77.56   82.06
16:44:48 75.54   58.66   77.56   81.95
16:45:51 75.31   58.55   77.45   81.95
16:46:55 75.20   58.33   77.34   82.06
16:47:58 75.09   67.66   77.34   82.18
16:49:01 75.20   68.79   77.45   82.18
16:50:05 75.20   69.35   77.34   82.18
16:51:08 75.20   70.14   77.45   82.06
16:52:11 75.31   71.38   77.45   82.06
16:53:15 75.43   72.72   77.45   82.06
16:54:18 75.54   74.64   77.45   82.18
16:55:21 75.54   76.44   77.45   82.18
16:56:25 75.65   77.45   77.56   82.18
16:57:28 75.65   77.90   77.56   82.29
16:58:31 75.76   78.13   77.56   82.29
16:59:35 75.88   78.24   77.56   82.18
17:00:38 75.88   78.35   77.56   82.29
17:01:42 75.99   78.35   77.56   82.29
17:02:45 75.99   78.46   77.56   82.29
17:03:48 76.10   78.58   77.56   82.29
17:04:52 76.10   78.58   77.56   82.29
17:05:55 76.21   78.58   77.68   82.29
17:06:58 76.21   78.58   77.56   82.29
17:08:02 76.21   78.69   77.56   82.40
17:09:05 76.21   74.75   77.68   82.40
17:10:08 76.33   62.71   77.68   82.29
17:11:12 75.99   59.79   77.79   82.29
17:12:15 75.88   59.11   77.79   82.29
17:13:18 75.76   58.55   77.79   82.18
17:14:22 75.54   58.33   77.68   82.06
17:15:25 75.43   58.10   77.79   82.06
17:16:28 75.31   66.99   77.68   82.18
17:17:32 75.31   68.90   77.68   82.29
17:18:35 75.43   69.58   77.68   82.29
17:19:38 75.43   70.59   77.68   82.18
17:20:42 75.43   71.49   77.68   82.18
17:21:45 75.54   72.61   77.68   82.18
17:22:48 75.54   74.19   77.68   82.18
17:23:52 75.65   75.88   77.68   82.18
17:24:55 75.65   77.11   77.68   82.29
17:25:58 75.76   77.79   77.68   82.40
17:27:02 75.88   68.79   77.68   82.40
17:28:05 75.88   61.14   77.68   82.51
17:29:08 75.76   59.34   77.68   82.40
17:30:12 75.65   58.78   77.68   82.40
17:31:15 75.43   58.44   77.56   82.40
17:32:19 75.43   58.21   77.56   82.29
17:33:22 75.20   57.99   77.56   82.18
17:34:25 75.20   58.21   77.45   82.06
17:35:29 75.09   58.10   77.45   82.06
17:36:32 75.09   57.99   77.45   82.06
17:37:35 74.97   57.76   77.45   82.06
17:38:39 74.86   57.65   77.45   81.95
17:39:42 74.86   57.54   77.56   81.95
17:40:45 74.86   57.09   77.34   81.95
17:41:49 74.86   57.09   77.34   81.95
17:42:52 74.75   56.98   77.22   82.06
17:43:55 74.64   56.98   77.34   82.06
17:44:59 74.75   56.86   77.11   82.06
17:46:02 74.64   56.64   77.22   81.95
17:47:05 74.64   56.64   77.22   81.95
17:48:09 74.64   56.75   77.00   81.95
17:49:12 74.53   56.53   77.00   81.95
17:50:15 74.53   60.24   77.11   81.84
17:51:19 74.64   66.31   77.11   81.95
17:52:22 74.75   67.55   76.89   81.84
17:53:25 74.86   68.22   77.00   81.84
17:54:29 74.86   68.68   77.11   81.84
17:55:32 74.97   69.24   77.11   81.72
17:56:35 74.97   68.90   77.11   81.72
17:57:39 74.97   62.15   77.11   81.72
17:58:42 74.86   59.23   77.00   81.61
17:59:45 74.86   58.66   76.89   81.72
18:00:49 74.75   58.44   77.00   81.72
18:01:52 74.64   58.10   77.00   81.61
18:02:55 74.64   57.88   77.00   81.61
18:03:59 74.53   57.54   76.89   81.50
18:05:02 74.53   57.20   76.89   81.50
18:06:05 74.53   56.98   76.89   81.61
18:07:09 74.53   56.41   77.00   81.50
18:08:12 74.53   56.53   76.89   81.39
18:09:15 74.41   56.19   76.89   81.39
18:10:19 74.30   56.19   76.78   81.39
18:11:22 74.30   55.96   76.89   81.39
18:12:26 74.19   55.85   76.89   81.39
18:13:29 74.19   55.74   76.78   81.28
18:14:32 74.30   55.96   76.78   81.28
18:15:36 74.30   55.63   76.66   81.28
18:16:39 74.19   55.40   76.78   81.16
18:17:42 74.19   55.74   76.78   81.16
18:18:46 74.19   55.63   76.78   81.16
18:19:49 74.19   55.29   76.66   81.16
18:20:52 74.08   55.29   76.55   81.16
18:21:56 74.08   55.17   76.55   81.28
18:22:59 74.08   55.06   76.44   81.28
18:24:02 74.08   54.84   76.55   81.16
18:25:06 74.08   54.73   76.55   81.16
18:26:09 73.96   54.95   76.55   81.28
18:27:12 73.96   54.73   76.44   81.28
18:28:16 73.85   54.50   76.33   81.16
18:29:19 73.85   54.61   76.33   81.16
18:30:22 73.85   54.73   76.44   81.05
18:31:26 73.74   54.61   76.33   80.94
18:32:29 73.85   54.50   76.44   81.05
18:33:32 73.74   54.61   76.33   80.94
18:34:36 73.74   54.50   76.21   80.94
18:35:39 73.74   54.39   76.21   80.83
18:36:42 73.74   54.28   76.21   80.71
18:37:46 73.74   54.39   76.21   80.71
18:38:49 73.74   54.50   76.33   80.71
18:39:52 73.74   54.28   76.21   80.71
18:40:56 73.63   61.70   76.10   80.71
18:41:59 73.85   64.63   76.21   80.83
18:43:03 73.96   65.53   76.21   80.94
18:44:06 74.08   65.97   76.21   80.94
18:45:09 74.08   66.54   76.21   80.94
18:46:13 74.19   66.99   76.21   80.83
18:47:16 74.19   62.60   76.10   80.83
18:48:19 74.19   58.21   76.10   80.94
18:49:23 74.08   57.20   75.99   80.94
18:50:26 73.96   56.86   76.10   81.05
18:51:29 73.96   56.64   76.10   80.94
18:52:33 73.85   56.30   76.10   80.83
18:53:36 73.85   55.85   76.10   80.83
18:54:39 73.85   55.51   76.21   80.94
18:55:43 73.63   54.95   76.10   80.83
18:56:46 73.74   55.17   75.99   80.71
18:57:49 73.51   54.73   75.99   80.71
18:58:53 73.51   54.61   76.10   80.71
18:59:56 73.51   54.50   76.10   80.60
19:00:59 73.63   54.28   76.10   80.60
19:02:03 73.63   54.50   75.99   80.49
19:03:06 73.51   54.16   75.88   80.49
19:04:09 73.51   54.28   75.88   80.49
19:05:13 73.51   54.05   75.88   80.38
19:06:16 73.40   53.94   75.99   80.38
19:07:19 73.40   54.05   75.88   80.38
19:08:23 73.40   53.83   75.88   80.38
19:09:26 73.40   53.94   75.88   80.38
19:10:29 73.40   53.83   75.88   80.26
19:11:33 73.29   53.94   75.76   80.15
19:12:36 73.29   53.71   75.76   80.26
19:13:39 73.29   53.94   75.65   80.15
19:14:43 73.29   53.94   75.76   80.15
19:15:46 73.29   64.18   75.76   80.15
19:16:50 73.40   64.29   75.65   80.26
19:17:53 73.63   65.19   75.76   80.15
19:18:56 73.63   65.75   75.76   80.26
19:20:00 73.74   66.20   75.76   80.26
19:21:03 73.74   66.76   75.76   80.26
19:22:06 73.74   65.97   75.76   80.26
19:23:10 73.74   60.35   75.65   80.38
19:24:13 73.85   57.20   75.76   80.38
19:25:16 73.74   56.64   75.65   80.26
19:26:20 73.63   56.30   75.76   80.26
19:27:23 73.51   55.96   75.65   80.26
19:28:26 73.51   55.51   75.65   80.26
19:29:30 73.40   55.40   75.76   80.26
19:30:33 73.40   55.06   75.76   80.15
19:31:36 73.29   54.84   75.65   80.26
19:32:40 73.29   54.28   75.76   80.26
19:33:43 73.40   54.39   75.65   80.15
19:34:46 73.29   54.16   75.65   80.15
19:35:50 73.18   54.28   75.54   80.04
19:36:53 73.18   53.94   75.65   79.93
19:37:56 73.18   53.83   75.54   79.93
19:39:00 73.18   53.83   75.54   79.93
19:40:03 73.18   64.40   75.54   79.93
19:41:06 73.29   64.85   75.43   79.81
19:42:10 73.40   65.75   75.54   79.93
19:43:13 73.51   66.43   75.54   80.04
19:44:16 73.63   67.10   75.54   80.04
19:45:20 73.63   67.66   75.54   80.04
19:46:23 73.63   68.22   75.43   80.04
19:47:26 73.63   65.53   75.54   79.93
19:48:30 73.74   59.45   75.43   79.93
19:49:33 73.51   57.20   75.54   79.93
19:50:37 73.63   56.75   75.43   80.04
19:51:40 73.51   56.53   75.54   80.15
19:52:43 73.40   56.19   75.54   80.15
19:53:47 73.29   55.96   75.54   80.15
19:54:50 73.18   55.51   75.65   80.04
19:55:53 73.18   55.06   75.65   79.93
19:56:57 73.06   54.95   75.43   79.93
19:58:00 73.18   54.61   75.54   79.93
19:59:03 73.18   63.28   75.31   79.93
20:00:07 73.29   65.19   75.31   80.04
20:01:10 73.40   66.54   75.43   80.15
20:02:13 73.40   67.10   75.43   80.15
20:03:17 73.51   67.55   75.43   80.15
20:04:20 73.63   68.11   75.31   80.15
20:05:23 73.63   68.79   75.43   80.15
20:06:27 73.74   69.80   75.43   80.15
20:07:30 73.85   70.59   75.43   80.15
20:08:33 73.85   71.71   75.54   80.15
20:09:37 73.85   64.06   75.54   80.26
20:10:40 73.85   58.55   75.54   80.26
20:11:43 73.74   57.09   75.31   80.04
20:12:47 73.63   56.75   75.31   80.04
20:13:50 73.51   56.53   75.43   80.04
20:14:53 73.40   56.30   75.65   80.04
20:15:57 73.29   55.96   75.54   80.04
20:17:00 73.29   55.74   75.54   80.04
20:18:03 73.29   57.20   75.54   80.04
20:19:07 73.29   65.41   75.43   80.04
20:20:10 73.40   66.76   75.54   80.04
20:21:13 73.40   67.55   75.43   79.93
20:22:17 73.51   68.34   75.54   80.04
20:23:20 73.51   69.35   75.54   80.15
20:24:23 73.63   70.36   75.43   80.26
20:25:27 73.63   71.71   75.43   80.15
20:26:30 73.74   72.72   75.54   80.15
20:27:34 73.74   73.51   75.54   80.04
20:28:37 73.85   74.41   75.43   80.04
20:29:40 73.96   74.97   75.65   80.04
20:30:44 73.96   75.31   75.54   80.15
20:31:47 74.08   75.65   75.54   80.26
20:32:50 74.19   75.99   75.54   80.26
20:33:54 74.19   65.30   75.54   80.38
20:34:57 74.19   59.45   75.54   80.38
20:36:00 74.08   57.65   75.65   80.38
20:37:04 73.85   57.20   75.76   80.38
20:38:07 73.74   56.86   75.65   80.38
20:39:10 73.63   56.64   75.76   80.26
20:40:14 73.51   56.98   75.65   80.04
20:41:17 73.51   66.31   75.65   80.15
20:42:20 73.63   67.44   75.54   80.15
20:43:24 73.74   68.11   75.65   80.15
20:44:27 73.74   69.58   75.65   80.15
20:45:30 73.74   71.04   75.76   80.26
20:46:34 73.85   72.61   75.65   80.38
20:47:37 73.85   74.30   75.76   80.38
20:48:40 74.08   75.31   75.76   80.38
20:49:44 74.08   75.88   75.76   80.26
20:50:47 74.08   76.10   75.76   80.26
20:51:50 74.19   76.33   75.76   80.26
20:52:54 74.19   76.44   75.76   80.38
20:53:57 74.30   76.55   75.76   80.38
20:55:00 74.41   76.66   75.88   80.49
20:56:04 74.53   76.66   75.88   80.49
20:57:07 74.53   76.78   75.76   80.60
20:58:10 74.64   76.78   75.88   80.71
20:59:14 74.64   76.89   75.88   80.60
21:00:17 74.64   76.89   75.88   80.60
21:01:21 74.64   77.00   75.88   80.71
21:02:24 74.75   77.00   75.99   80.71
21:03:27 74.64   77.11   75.99   80.71
21:04:31 74.75   77.00   75.88   80.83
21:05:34 74.75   77.11   75.88   80.83
21:06:37 74.75   77.22   76.21   80.83
21:07:41 74.86   77.11   76.10   80.83
21:08:44 74.86   77.22   76.10   80.83
21:09:47 74.75   77.22   75.99   80.94
21:10:51 74.86   77.22   75.99   80.94
21:11:54 74.86   77.22   76.10   80.94
21:12:57 74.97   77.34   76.10   81.05
21:14:01 74.86   77.34   76.10   81.16
21:15:04 74.97   77.34   76.10   81.16
21:16:07 74.97   77.34   75.99   81.16
21:17:11 74.97   77.22   76.21   81.16
21:18:14 74.97   77.34   76.10   81.16
21:19:17 75.09   77.34   76.10   81.16
21:20:21 74.97   77.34   76.10   81.28
21:21:24 75.09   77.22   76.21   81.16
21:22:27 75.09   77.34   76.21   81.16
21:23:31 75.09   77.34   76.21   81.39
21:24:34 75.09   77.34   76.33   81.39
21:25:37 75.20   77.34   76.33   81.50
21:26:41 75.20   77.34   76.33   81.39
21:27:44 75.09   77.34   76.33   81.39
21:28:47 75.09   77.34   76.44   81.28
21:29:51 75.09   77.34   76.33   81.39
21:30:54 75.20   77.45   76.33   81.39
21:31:58 75.20   77.45   76.55   81.39
21:33:01 75.20   77.45   76.44   81.39
21:34:04 75.20   77.45   76.44   81.61
21:35:08 75.20   77.45   76.44   81.61
21:36:11 75.20   77.45   76.44   81.61
21:37:14 75.20   77.45   76.44   81.61
21:38:18 75.20   77.56   76.44   81.50
21:39:21 75.20   77.56   76.55   81.61
21:40:24 75.20   63.05   76.55   81.61
21:41:28 74.97   59.00   76.44   81.61
21:42:31 74.86   58.10   76.44   81.50
21:43:34 74.75   57.54   76.55   81.39
21:44:38 74.53   57.31   76.55   81.50
21:45:41 74.41   57.42   76.55   81.50
21:46:44 74.30   57.20   76.44   81.50
21:47:48 74.08   56.75   76.33   81.61
21:48:51 74.19   56.64   76.44   81.39
21:49:54 74.08   56.19   76.33   81.39
21:50:58 73.85   55.74   76.44   81.39
21:52:01 73.96   55.74   76.44   81.39
21:53:04 73.85   57.76   76.33   81.39
21:54:08 73.85   65.53   76.10   81.28
21:55:11 73.96   66.99   76.33   81.28
21:56:14 74.08   67.78   76.10   81.39
21:57:18 74.08   68.34   76.10   81.28
21:58:21 74.19   69.13   76.10   81.16
21:59:24 74.19   69.80   76.21   81.16
22:00:28 74.19   70.93   76.21   81.28
22:01:31 74.30   71.83   76.21   81.16
22:02:34 74.19   72.84   76.21   81.28
22:03:38 74.41   73.85   76.10   81.39
22:04:41 74.41   67.44   76.33   81.39
22:05:45 74.41   60.13   76.21   81.39
22:06:48 74.19   58.21   75.99   81.28
22:07:51 74.19   57.65   76.21   81.28
22:08:55 73.96   57.20   76.10   81.28
22:09:58 73.96   56.98   76.21   81.16
22:11:01 73.85   56.98   76.21   81.16
22:12:05 73.74   56.75   76.21   81.16
22:13:08 73.74   56.41   76.10   81.16
22:14:11 73.74   56.30   76.21   81.16
22:15:15 73.74   65.97   76.10   81.28
22:16:18 73.74   67.33   75.99   81.16
22:17:21 73.85   68.00   76.10   81.16
22:18:25 73.85   68.68   76.10   81.16
22:19:28 73.96   69.58   75.99   81.28
22:20:31 74.08   70.70   76.10   81.16
22:21:35 74.08   71.49   75.99   81.16
22:22:38 74.08   72.16   76.10   81.16
22:23:41 74.19   70.36   75.99   81.28
22:24:45 74.19   60.80   76.10   81.16
22:25:48 74.08   58.21   76.10   81.16
22:26:51 73.96   57.54   75.99   81.05
22:27:55 73.96   57.31   75.76   81.05
22:28:58 73.74   57.20   75.88   80.94
22:30:01 73.74   56.98   75.99   81.05
22:31:05 73.63   56.53   75.99   80.94
22:32:08 73.63   56.08   76.10   80.94
22:33:11 73.63   55.96   75.99   80.94
22:34:15 73.51   55.29   75.88   80.94
22:35:18 73.40   62.15   75.99   81.05
22:36:22 73.51   65.64   75.88   80.94
22:37:25 73.63   67.10   75.88   80.94
22:38:28 73.85   67.78   75.88   80.94
22:39:32 73.74   68.22   75.88   80.83
22:40:35 73.85   69.01   75.88   80.83
22:41:38 73.85   69.91   75.88   80.71
22:42:42 73.96   70.93   75.88   80.83
22:43:45 73.96   70.03   75.99   80.94
22:44:48 74.08   61.36   75.99   80.94
22:45:52 73.96   58.21   75.88   80.94
22:46:55 73.85   57.54   75.99   80.94
22:47:58 73.74   57.31   75.99   80.71
22:49:02 73.74   56.98   75.99   80.71
22:50:05 73.63   56.86   75.65   80.71
22:51:08 73.51   56.64   75.76   80.71
22:52:12 73.51   56.08   75.88   80.60
22:53:15 73.40   55.85   75.76   80.60
22:54:18 73.40   55.63   75.76   80.60
22:55:22 73.29   55.40   75.65   80.60
22:56:25 73.29   55.17   75.65   80.60
22:57:28 73.29   60.35   75.76   80.60
22:58:32 73.40   65.08   75.76   80.60
22:59:35 73.40   66.54   75.76   80.60
23:00:38 73.51   67.33   75.76   80.60
23:01:42 73.63   67.89   75.76   80.60
23:02:45 73.63   68.34   75.65   80.60
23:03:48 73.74   69.13   75.65   80.60
23:04:52 73.74   69.80   75.65   80.60
23:05:55 73.74   68.68   75.54   80.60
23:06:58 73.85   60.69   75.76   80.71
23:08:02 73.74   57.76   75.76   80.60
23:09:05 73.74   57.31   75.65   80.60
23:10:09 73.51   57.20   75.65   80.71
23:11:12 73.40   56.98   75.65   80.60
23:12:15 73.40   56.64   75.65   80.60
23:13:19 73.29   56.41   75.54   80.49
23:14:22 73.29   56.19   75.65   80.49
23:15:25 73.18   55.74   75.54   80.38
23:16:29 73.29   55.40   75.54   80.38
23:17:32 73.18   55.51   75.65   80.49
23:18:35 73.06   54.95   75.31   80.49
23:19:39 72.95   55.06   75.31   80.49
23:20:42 73.06   65.30   75.54   80.49
23:21:45 73.29   65.53   75.54   80.49
23:22:49 73.40   66.76   75.43   80.49
23:23:52 73.40   67.33   75.54   80.49
23:24:55 73.40   68.00   75.43   80.49
23:25:59 73.40   68.45   75.54   80.38
23:27:02 73.63   69.13   75.54   80.49
23:28:05 73.63   64.18   75.54   80.49
23:29:09 73.51   58.89   75.54   80.49
23:30:12 73.40   57.42   75.54   80.49
23:31:15 73.40   57.09   75.31   80.49
23:32:19 73.29   56.86   75.54   80.49
23:33:22 73.18   56.64   75.43   80.38
23:34:25 73.06   56.30   75.54   80.38
23:35:29 73.18   55.74   75.43   80.38
23:36:32 73.18   55.06   75.54   80.26
23:37:35 73.06   55.17   75.43   80.26
23:38:39 72.95   54.61   75.43   80.26
23:39:42 72.95   54.95   75.43   80.26
23:40:45 72.95   54.50   75.43   80.26
23:41:49 72.84   54.50   75.43   80.26
23:42:52 72.95   54.50   75.09   80.15
23:43:56 72.95   65.08   75.31   80.15
23:44:59 73.06   64.96   75.31   80.15
23:46:02 73.06   66.09   75.31   80.15
23:47:06 73.18   66.76   75.20   80.04
23:48:09 73.18   67.44   75.31   80.04
23:49:12 73.29   67.89   75.31   80.15
23:50:16 73.29   68.45   75.43   80.15
23:51:19 73.40   64.29   75.31   80.15
23:52:22 73.40   59.11   75.43   80.15
23:53:26 73.40   57.20   75.31   80.15
23:54:29 73.18   56.75   75.20   80.04
23:55:32 73.06   56.41   75.20   80.15
23:56:36 73.06   56.19   75.31   80.26
23:57:39 72.95   56.08   75.31   80.26
23:58:42 73.06   55.63   75.31   80.04
23:59:46 72.84   55.51   75.20   80.04
