00:00:18 71.38   50.34   74.19   86.22
00:01:22 71.49   50.34   74.30   86.00
00:02:25 71.38   50.34   74.19   85.66
00:03:28 71.38   50.23   74.19   85.33
00:04:32 71.26   50.45   74.41   85.10
00:05:35 71.26   50.34   74.19   84.99
00:06:38 71.26   50.34   74.19   84.76
00:07:42 71.26   50.34   74.30   84.65
00:08:45 71.26   56.30   74.08   84.54
00:09:48 71.38   61.59   74.30   84.31
00:10:52 71.49   62.60   74.30   84.09
00:11:55 71.71   63.16   74.08   83.86
00:12:58 71.83   63.84   73.85   83.75
00:14:02 71.94   64.74   74.19   83.64
00:15:05 71.94   65.86   74.30   83.64
00:16:08 72.05   65.53   74.30   83.41
00:17:12 72.05   56.98   74.53   83.19
00:18:15 71.94   53.60   74.86   83.08
00:19:18 71.83   53.15   74.53   83.08
00:20:22 71.71   52.81   74.53   82.85
00:21:25 71.71   52.59   74.53   82.63
00:22:28 71.49   52.25   74.64   82.40
00:23:32 71.60   51.91   74.19   82.29
00:24:35 71.49   51.91   74.08   82.18
00:25:38 71.49   51.46   74.19   82.06
00:26:42 71.49   51.24   74.19   81.84
00:27:45 71.38   51.24   74.19   81.50
00:28:48 71.38   58.33   74.41   81.39
00:29:52 71.49   62.15   74.19   81.28
00:30:55 71.60   63.28   74.08   81.28
00:31:58 71.60   64.29   74.19   81.16
00:33:02 71.71   64.96   74.30   81.16
00:34:05 71.83   65.97   74.08   81.16
00:35:09 71.94   67.21   74.19   81.05
00:36:12 72.05   68.79   74.30   81.05
00:37:15 72.05   70.03   74.19   80.94
00:38:19 72.16   71.04   74.53   80.94
00:39:22 72.16   58.44   74.30   80.94
00:40:25 72.16   54.39   74.30   80.83
00:41:29 71.94   53.49   74.41   80.83
00:42:32 71.83   53.26   74.64   80.71
00:43:35 71.71   52.92   74.75   80.49
00:44:39 71.71   52.70   74.64   80.60
00:45:42 71.49   52.48   74.41   80.60
00:46:45 71.49   61.25   74.30   80.49
00:47:49 71.60   63.84   74.41   80.38
00:48:52 71.83   64.85   74.53   80.49
00:49:55 71.83   66.09   74.53   80.26
00:50:59 72.05   68.22   74.53   80.26
00:52:02 72.05   70.59   74.30   80.26
00:53:05 72.05   72.16   74.19   80.38
00:54:09 72.16   72.95   74.53   80.26
00:55:12 72.16   73.51   74.64   80.49
00:56:15 72.39   73.74   74.64   80.38
00:57:19 72.39   74.08   74.75   80.26
00:58:22 72.50   74.19   74.41   80.26
00:59:25 72.61   74.41   74.86   80.26
01:00:29 72.61   74.53   74.86   80.26
01:01:32 72.72   74.75   74.75   80.15
01:02:35 72.72   74.75   74.75   80.26
01:03:39 72.84   74.75   74.64   80.15
01:04:42 72.84   74.86   74.86   80.15
01:05:45 72.95   74.86   74.75   80.26
01:06:49 72.95   74.97   74.97   80.15
01:07:52 72.95   74.97   74.86   80.15
01:08:56 72.95   75.09   74.86   80.26
01:09:59 72.95   75.09   74.97   80.15
01:11:02 72.95   75.20   74.86   80.15
01:12:06 72.95   75.20   74.86   80.15
01:13:09 73.06   75.20   74.75   80.15
01:14:12 73.06   75.31   74.97   80.15
01:15:16 73.06   75.31   74.86   80.15
01:16:19 73.06   75.31   74.97   80.04
01:17:22 73.06   75.43   74.97   80.15
01:18:26 73.06   75.43   74.97   80.15
01:19:29 73.06   75.43   74.86   80.15
01:20:32 73.18   75.43   75.09   80.26
01:21:36 73.18   75.43   75.09   80.26
01:22:39 73.18   75.54   74.97   80.38
01:23:42 73.18   75.54   75.20   80.38
01:24:46 73.18   75.54   75.20   80.26
01:25:49 73.18   75.54   75.20   80.26
01:26:52 73.29   75.54   75.09   80.15
01:27:56 73.29   75.65   75.31   80.04
01:28:59 73.29   75.65   75.09   80.15
01:30:02 73.29   75.65   75.43   80.15
01:31:06 73.29   75.65   75.54   80.26
01:32:09 73.40   75.65   75.54   80.26
01:33:12 73.29   75.76   75.43   80.26
01:34:16 73.29   75.76   75.31   80.26
01:35:19 73.40   75.76   75.20   80.26
01:36:22 73.40   75.76   75.20   80.38
01:37:26 73.40   75.76   75.20   80.49
01:38:29 73.40   75.76   75.43   80.38
01:39:32 73.51   75.76   75.31   80.49
01:40:36 73.51   75.88   75.31   80.49
01:41:39 73.51   75.88   75.54   80.38
01:42:42 73.51   75.88   75.43   80.49
01:43:46 73.51   75.99   75.54   80.49
01:44:49 73.51   75.88   75.65   80.49
01:45:53 73.63   75.99   75.54   80.49
01:46:56 73.63   75.99   75.54   80.49
01:47:59 73.63   75.99   75.65   80.49
01:49:03 73.51   75.99   75.76   80.49
01:50:06 73.63   75.99   75.76   80.60
01:51:09 73.63   75.99   75.65   80.60
01:52:13 73.63   75.99   75.76   80.60
01:53:16 73.63   75.99   75.43   80.49
01:54:19 73.63   76.10   75.54   80.49
01:55:23 73.63   75.99   75.54   80.49
01:56:26 73.63   76.10   75.65   80.60
01:57:29 73.63   76.10   75.99   80.71
01:58:33 73.74   76.10   75.99   80.60
01:59:36 73.74   76.10   75.76   80.60
02:00:39 73.74   76.10   75.88   80.60
02:01:43 73.63   76.10   75.88   80.60
02:02:46 73.74   76.21   76.10   80.71
02:03:49 73.74   76.10   75.88   80.71
02:04:53 73.85   76.21   76.21   80.60
02:05:56 73.85   76.21   75.76   80.60
02:06:59 73.74   76.33   75.99   80.60
02:08:03 73.74   76.21   75.54   80.71
02:09:06 73.85   76.21   76.10   80.83
02:10:09 73.85   76.33   76.10   80.83
02:11:13 73.74   76.33   75.99   80.83
02:12:16 73.85   76.33   75.99   80.60
02:13:19 73.85   76.21   75.88   80.71
02:14:23 73.85   76.21   76.10   80.60
02:15:26 73.85   76.33   76.10   80.71
02:16:30 73.85   76.33   76.21   80.83
02:17:33 73.85   76.33   76.21   80.83
02:18:36 73.96   76.33   76.10   80.94
02:19:40 73.85   76.33   76.10   80.94
02:20:43 73.85   76.33   76.10   80.94
02:21:46 73.85   76.44   76.44   80.83
02:22:50 73.85   76.44   76.21   80.83
02:23:53 73.85   76.44   76.21   80.83
02:24:56 73.85   76.44   76.21   80.83
02:26:00 73.96   76.44   76.33   80.83
02:27:03 73.96   76.44   76.21   81.05
02:28:06 73.96   76.44   76.10   81.05
02:29:10 73.96   76.44   76.33   81.16
02:30:13 73.85   76.44   76.33   81.05
02:31:16 73.96   76.44   76.33   80.94
02:32:20 73.96   76.44   76.44   80.94
02:33:23 73.96   76.44   76.33   81.05
02:34:26 73.96   76.55   76.44   81.05
02:35:30 73.96   76.44   76.33   81.05
02:36:33 73.96   76.55   76.44   81.16
02:37:36 73.96   76.55   76.55   81.16
02:38:40 73.96   76.55   76.66   81.16
02:39:43 73.96   76.55   76.21   81.16
02:40:46 73.96   76.55   76.44   81.28
02:41:50 74.08   76.66   76.66   81.16
02:42:53 74.08   76.66   76.78   81.16
02:43:56 73.96   76.66   76.55   81.16
02:45:00 74.08   76.66   76.78   81.28
02:46:03 74.08   76.66   76.89   81.28
02:47:06 74.08   76.66   76.66   81.28
02:48:10 74.08   76.66   76.55   81.16
02:49:13 74.08   76.66   76.55   81.28
02:50:16 74.08   76.78   76.55   81.28
02:51:20 74.08   76.78   76.44   81.28
02:52:23 74.19   76.66   76.66   81.28
02:53:27 74.08   76.66   76.55   81.28
02:54:30 74.19   76.66   76.66   81.28
02:55:33 74.19   76.66   76.78   81.28
02:56:37 74.19   76.66   76.44   81.28
02:57:40 74.19   76.78   76.55   81.39
02:58:43 74.30   76.66   76.66   81.39
02:59:47 74.30   76.66   77.00   81.50
03:00:50 74.19   76.66   76.78   81.39
03:01:53 74.30   76.78   76.66   81.39
03:02:57 74.30   76.78   76.89   81.50
03:04:00 74.30   76.78   76.89   81.50
03:05:03 74.41   76.78   76.66   81.50
03:06:07 74.30   76.89   77.00   81.50
03:07:10 74.30   76.78   76.78   81.39
03:08:13 74.41   76.78   76.89   81.39
03:09:17 74.41   76.89   76.78   81.50
03:10:20 74.41   76.89   76.78   81.39
03:11:23 74.30   76.89   77.11   81.50
03:12:27 74.41   76.89   76.89   81.50
03:13:30 74.41   77.00   77.22   81.50
03:14:33 74.30   77.00   76.89   81.50
03:15:37 74.30   77.11   77.00   81.50
03:16:40 74.30   77.11   77.11   81.50
03:17:43 74.30   77.11   77.00   81.61
03:18:47 74.30   77.11   76.55   81.61
03:19:50 74.41   77.11   76.78   81.72
03:20:53 74.41   77.11   76.78   81.84
03:21:57 74.41   77.11   77.00   81.61
03:23:00 74.41   77.11   77.11   81.61
03:24:04 74.41   77.11   77.22   81.72
03:25:07 74.41   77.11   77.00   81.72
03:26:10 74.41   77.11   77.11   81.72
03:27:14 74.41   77.11   77.00   81.84
03:28:17 74.41   77.11   77.00   81.72
03:29:20 74.41   77.11   76.89   81.72
03:30:24 74.30   77.11   77.00   81.72
03:31:27 74.41   77.11   77.00   81.84
03:32:30 74.41   77.22   76.78   81.72
03:33:34 74.53   77.22   76.78   81.72
03:34:37 74.53   77.22   76.66   81.72
03:35:40 74.41   77.22   77.00   81.84
03:36:44 74.41   77.22   76.89   81.72
03:37:47 74.41   77.22   76.89   81.84
03:38:50 74.41   77.22   77.11   81.84
03:39:54 74.41   77.34   77.11   81.95
03:40:57 74.53   77.34   77.11   81.84
03:42:00 74.41   77.34   77.11   81.95
03:43:04 74.53   77.34   77.00   81.95
03:44:07 74.53   77.34   77.11   81.84
03:45:10 74.53   77.34   77.22   81.84
03:46:14 74.53   77.34   77.00   81.84
03:47:17 74.64   77.34   77.22   81.84
03:48:20 74.53   77.34   77.34   81.84
03:49:24 74.53   77.34   77.11   81.84
03:50:27 74.53   77.34   77.00   81.95
03:51:30 74.53   77.34   77.11   81.84
03:52:34 74.53   77.34   77.00   81.95
03:53:37 74.53   77.34   77.11   81.84
03:54:40 74.53   77.45   77.11   81.95
03:55:44 74.53   77.34   77.11   81.95
03:56:47 74.53   77.34   77.34   81.84
03:57:51 74.53   77.34   77.11   81.95
03:58:54 74.53   77.34   77.11   82.06
03:59:57 74.64   77.45   77.34   82.06
04:01:01 74.64   77.34   77.34   82.06
04:02:04 74.64   77.45   77.22   82.18
04:03:07 74.64   77.45   77.22   82.06
04:04:11 74.64   77.45   77.11   82.06
04:05:14 74.64   77.45   77.45   82.06
04:06:17 74.64   77.45   77.56   81.95
04:07:21 74.75   77.45   77.22   81.95
04:08:24 74.64   77.45   77.34   81.95
04:09:27 74.64   77.45   77.22   81.95
04:10:31 74.75   77.45   77.34   81.95
04:11:34 74.64   77.45   77.34   81.95
04:12:37 74.64   77.45   77.34   81.95
04:13:41 74.75   77.45   77.22   81.95
04:14:44 74.75   77.45   77.34   82.06
04:15:47 74.64   77.56   77.45   82.18
04:16:51 74.75   77.56   77.22   82.18
04:17:54 74.75   77.56   77.22   82.06
04:18:57 74.75   77.56   77.22   82.06
04:20:01 74.75   77.56   77.11   81.95
04:21:04 74.75   77.45   77.22   82.06
04:22:07 74.75   77.56   77.56   82.06
04:23:11 74.75   77.56   77.45   82.18
04:24:14 74.75   77.56   77.56   82.18
04:25:17 74.75   77.56   77.45   82.18
04:26:21 74.75   77.56   77.34   82.29
04:27:24 74.75   77.56   77.34   82.29
04:28:27 74.75   63.61   77.22   82.18
04:29:31 74.53   59.23   77.34   82.18
04:30:34 74.41   57.42   77.22   82.18
04:31:37 74.30   56.64   77.34   82.06
04:32:41 74.08   56.30   77.45   82.06
04:33:44 73.85   56.08   77.56   81.95
04:34:48 73.85   65.97   77.34   81.95
04:35:51 73.85   67.66   77.22   82.06
04:36:54 73.96   69.91   77.34   81.95
04:37:58 73.96   71.49   77.34   81.95
04:39:01 74.08   72.72   77.22   82.06
04:40:04 74.08   74.30   77.22   81.95
04:41:08 74.08   75.76   77.34   81.95
04:42:11 74.08   76.55   77.11   82.06
04:43:14 74.19   76.89   77.22   81.95
04:44:18 74.30   77.00   77.11   81.95
04:45:21 74.30   77.11   77.22   81.84
04:46:24 74.30   77.11   77.00   81.84
04:47:28 74.30   77.11   77.00   81.95
04:48:31 74.41   77.22   76.89   82.06
04:49:34 74.41   77.22   77.34   82.06
04:50:38 74.41   77.34   77.00   82.18
04:51:41 74.53   77.34   77.00   82.18
04:52:44 74.64   77.34   77.11   82.06
04:53:48 74.64   77.45   77.22   82.06
04:54:51 74.64   77.45   77.22   82.06
04:55:54 74.64   77.45   77.11   82.18
04:56:58 74.64   77.45   77.22   82.06
04:58:01 74.75   77.56   77.22   82.18
04:59:04 74.64   77.56   77.11   82.06
05:00:08 74.75   77.56   77.45   82.29
05:01:11 74.75   77.56   77.79   82.29
05:02:14 74.75   75.88   77.34   82.29
05:03:18 74.64   61.03   77.34   82.18
05:04:21 74.53   57.88   77.56   82.18
05:05:24 74.41   56.98   77.34   82.18
05:06:28 74.19   56.53   77.22   82.18
05:07:31 73.96   56.30   77.22   82.06
05:08:34 73.96   56.08   77.22   81.84
05:09:38 73.74   62.94   77.45   81.84
05:10:41 73.85   66.99   77.45   81.84
05:11:45 73.85   68.11   77.11   81.72
05:12:48 73.96   70.25   77.45   81.84
05:13:51 73.96   71.94   77.22   81.84
05:14:55 73.96   73.51   77.22   81.84
05:15:58 74.08   75.09   77.11   81.72
05:17:01 74.08   76.21   77.00   81.72
05:18:05 74.19   76.78   77.11   81.84
05:19:08 74.30   77.00   77.11   81.72
05:20:11 74.30   77.11   77.22   81.72
05:21:15 74.41   77.22   77.11   81.84
05:22:18 74.41   77.22   77.34   81.95
05:23:21 74.41   77.22   77.00   81.95
05:24:25 74.53   77.34   77.11   82.06
05:25:28 74.64   77.34   77.22   82.06
05:26:31 74.53   77.34   77.11   81.95
05:27:35 74.64   73.96   77.11   82.06
05:28:38 74.53   60.13   77.11   82.06
05:29:41 74.41   57.31   77.00   81.84
05:30:45 74.19   56.75   76.78   81.84
05:31:48 74.08   56.41   77.22   81.84
05:32:51 73.96   56.08   77.22   81.72
05:33:55 73.85   55.85   77.22   81.72
05:34:58 73.74   55.74   77.22   81.61
05:36:01 73.74   65.75   77.11   81.50
05:37:05 73.74   67.10   77.00   81.50
05:38:08 73.74   68.22   77.11   81.39
05:39:11 73.85   70.03   76.89   81.50
05:40:15 73.85   71.71   76.89   81.50
05:41:18 73.96   73.18   77.00   81.61
05:42:22 73.96   74.75   77.11   81.50
05:43:25 74.08   76.10   77.00   81.50
05:44:28 74.08   76.66   77.11   81.50
05:45:32 74.08   76.78   77.00   81.61
05:46:35 74.19   77.00   77.00   81.61
05:47:38 74.19   77.00   77.11   81.61
05:48:42 74.30   77.11   76.89   81.61
05:49:45 74.30   77.11   77.00   81.72
05:50:48 74.41   72.05   77.22   81.72
05:51:52 74.30   60.13   77.00   81.84
05:52:55 74.19   57.54   77.00   81.84
05:53:58 74.08   56.86   76.66   81.84
05:55:02 73.96   56.41   77.00   81.72
05:56:05 73.74   56.08   77.11   81.72
05:57:08 73.63   55.96   77.11   81.61
05:58:12 73.63   55.63   77.11   81.50
05:59:15 73.51   65.41   76.89   81.50
06:00:18 73.51   66.99   77.00   81.39
06:01:22 73.63   68.11   76.78   81.50
06:02:25 73.63   69.91   76.89   81.50
06:03:28 73.74   71.49   76.78   81.39
06:04:32 73.85   72.50   76.66   81.50
06:05:35 73.74   74.19   76.66   81.72
06:06:38 73.85   75.65   76.78   81.61
06:07:42 73.96   76.44   76.78   81.61
06:08:45 73.96   76.78   76.89   81.61
06:09:48 74.08   76.89   77.00   81.61
06:10:52 74.08   77.00   76.89   81.61
06:11:55 74.19   77.00   77.00   81.50
06:12:58 74.19   77.00   76.78   81.61
06:14:02 74.19   77.11   77.00   81.50
06:15:05 74.30   77.11   76.89   81.61
06:16:09 74.30   77.22   77.11   81.61
06:17:12 74.30   77.22   77.11   81.72
06:18:15 74.30   77.22   77.00   81.72
06:19:19 74.41   77.22   77.11   81.72
06:20:22 74.53   77.22   76.89   81.61
06:21:25 74.53   77.34   77.00   96.13
06:22:29 74.41   77.34   77.22   100.29
06:23:32 74.53   77.34   76.89   100.18
06:24:35 74.53   77.45   77.22   99.28
06:25:39 74.53   77.45   77.56   98.38
06:26:42 74.53   77.45   77.45   97.36
06:27:45 74.64   77.45   77.45   96.46
06:28:49 74.64   77.45   77.56   95.56
06:29:52 74.64   77.45   77.34   94.89
06:30:55 74.64   77.45   78.01   94.21
06:31:59 74.64   77.45   77.68   93.54
06:33:02 74.64   77.45   77.45   92.97
06:34:05 74.64   77.45   77.34   92.41
06:35:09 74.64   77.56   77.68   91.96
06:36:12 74.75   77.56   77.79   91.63
06:37:15 74.75   77.56   77.34   91.29
06:38:19 74.75   77.56   77.34   90.95
06:39:22 74.75   77.56   77.34   90.72
06:40:25 74.75   77.56   77.45   90.39
06:41:29 74.75   77.56   77.45   89.94
06:42:32 74.75   77.56   77.45   89.71
06:43:35 74.75   77.56   77.22   89.38
06:44:39 74.75   77.56   77.45   89.15
06:45:42 74.75   77.68   77.56   88.93
06:46:45 74.75   77.56   77.45   88.59
06:47:49 74.75   77.68   77.34   88.47
06:48:52 74.75   77.68   77.45   88.25
06:49:56 74.75   77.68   77.34   88.03
06:50:59 74.86   77.68   77.56   87.80
06:52:02 74.75   77.68   77.56   87.58
06:53:06 74.86   77.68   77.56   87.35
06:54:09 74.86   77.79   77.56   87.24
06:55:12 74.86   77.68   77.45   87.13
06:56:16 74.86   77.68   77.22   87.01
06:57:19 74.86   77.68   77.45   86.90
06:58:22 74.86   77.68   77.34   86.68
06:59:26 74.86   77.79   77.45   86.45
07:00:29 74.86   77.79   77.45   86.34
07:01:32 74.86   77.79   77.45   86.22
07:02:36 74.86   77.79   77.56   86.22
07:03:39 74.86   77.79   78.01   86.11
07:04:42 74.97   77.79   77.45   86.00
07:05:46 74.86   77.79   77.56   85.78
07:06:49 74.86   77.79   77.45   85.78
07:07:52 74.86   77.79   77.56   85.66
07:08:56 74.86   77.79   77.45   85.44
07:09:59 74.97   77.79   77.68   85.33
07:11:02 74.86   77.79   78.01   85.33
07:12:06 74.97   77.90   77.68   85.21
07:13:09 75.09   77.79   77.56   85.10
07:14:12 74.97   77.79   77.56   85.10
07:15:16 74.97   77.90   77.68   84.99
07:16:19 75.09   77.90   77.68   84.76
07:17:22 75.09   77.90   77.90   84.76
07:18:26 75.09   77.90   77.68   84.54
07:19:29 75.09   77.90   77.68   84.54
07:20:32 75.09   77.90   77.56   84.54
07:21:36 75.20   77.90   77.45   84.54
07:22:39 75.20   77.90   77.79   84.43
07:23:43 75.20   77.90   77.79   84.31
07:24:46 75.20   78.01   77.68   84.43
07:25:49 75.20   78.01   77.79   84.31
07:26:53 75.20   78.01   77.79   84.31
07:27:56 75.20   78.01   78.01   84.20
07:28:59 75.31   78.01   77.56   84.09
07:30:03 75.31   78.01   77.56   83.97
07:31:06 75.31   78.01   77.68   83.86
07:32:09 75.31   78.01   77.68   83.86
07:33:13 75.31   78.13   77.79   83.86
07:34:16 75.31   78.13   77.79   83.86
07:35:19 75.31   78.13   77.79   83.86
07:36:23 75.31   78.13   77.79   83.75
07:37:26 75.43   78.13   77.79   83.75
07:38:29 75.31   78.13   77.90   83.75
07:39:33 75.43   78.13   77.68   83.75
07:40:36 75.43   78.24   77.56   83.75
07:41:39 75.43   78.13   77.68   83.64
07:42:43 75.43   78.24   77.79   83.64
07:43:46 75.43   78.24   77.79   83.64
07:44:49 75.43   78.24   77.79   83.64
07:45:53 75.43   78.13   77.68   83.64
07:46:56 75.54   78.24   77.68   83.53
07:47:59 75.54   78.24   77.90   83.53
07:49:03 75.43   78.24   78.01   83.41
07:50:06 75.54   78.24   78.01   83.53
07:51:09 75.54   78.24   78.13   83.41
07:52:13 75.54   78.24   77.90   83.41
07:53:16 75.43   78.24   77.68   83.41
07:54:20 75.54   78.24   77.45   83.53
07:55:23 75.54   78.24   77.90   83.53
07:56:26 75.54   78.24   77.79   83.53
07:57:30 75.54   78.35   77.56   83.53
07:58:33 75.54   78.24   77.68   83.53
07:59:36 75.54   78.35   77.90   83.41
08:00:40 75.54   78.35   77.90   83.53
08:01:43 75.54   78.24   78.01   83.41
08:02:46 75.54   78.24   77.90   83.30
08:03:50 75.54   78.35   77.79   83.41
08:04:53 75.54   78.35   77.90   83.41
08:05:56 75.54   78.35   78.01   83.53
08:07:00 75.65   78.35   77.79   83.41
08:08:03 75.65   78.35   78.01   83.41
08:09:06 75.65   78.35   78.01   83.30
08:10:10 75.65   78.35   78.01   83.30
08:11:13 75.65   78.35   77.90   83.30
08:12:16 75.65   78.46   78.13   83.41
08:13:20 75.65   78.46   77.79   83.41
08:14:23 75.76   78.46   77.90   83.41
08:15:26 75.76   78.35   78.01   83.41
08:16:30 75.76   78.46   78.01   83.30
08:17:33 75.76   78.46   77.90   83.19
08:18:36 75.76   78.46   77.79   83.19
08:19:40 75.76   78.46   77.90   83.19
08:20:43 75.88   78.46   77.90   83.19
08:21:46 75.88   78.46   77.90   83.19
08:22:50 75.88   78.58   78.35   83.19
08:23:53 75.88   78.46   77.90   83.30
08:24:56 75.88   78.46   77.68   83.19
08:26:00 75.88   78.58   78.01   83.19
08:27:03 75.88   78.58   77.90   83.19
08:28:07 75.88   78.58   77.90   83.19
08:29:10 75.99   78.58   78.01   83.19
08:30:13 75.99   78.58   77.90   83.19
08:31:17 75.99   78.58   77.79   83.30
08:32:20 75.99   78.58   78.01   83.30
08:33:23 75.99   78.69   78.13   83.30
08:34:27 75.99   78.69   78.24   86.22
08:35:30 75.99   78.69   78.13   101.64
08:36:33 75.99   78.69   78.13   104.79
08:37:37 76.10   78.69   77.90   105.58
08:38:40 76.10   78.69   78.13   105.80
08:39:43 76.10   78.69   78.13   105.58
08:40:47 76.10   78.69   78.24   106.70
08:41:50 76.10   78.69   78.35   107.49
08:42:53 76.10   78.80   78.01   108.05
08:43:57 76.21   78.80   78.01   108.61
08:45:00 76.21   78.80   78.01   108.73
08:46:03 76.33   78.91   78.01   108.28
08:47:07 76.21   78.91   78.35   107.60
08:48:10 76.33   78.91   78.46   106.81
08:49:13 76.33   78.91   78.35   106.14
08:50:17 76.33   78.91   78.13   106.70
08:51:20 76.33   78.91   78.24   108.16
08:52:23 76.44   79.03   78.46   107.94
08:53:27 76.55   79.03   78.58   107.60
08:54:30 76.55   79.14   78.24   106.93
08:55:33 76.66   79.14   78.24   106.25
08:56:37 76.66   79.14   78.24   105.46
08:57:40 76.66   79.14   78.24   104.90
08:58:44 76.66   75.43   78.13   104.34
08:59:47 76.55   62.60   78.46   103.55
09:00:50 76.44   61.36   78.24   102.99
09:01:54 76.21   59.67   78.13   102.76
09:02:57 75.99   58.55   78.35   102.31
09:04:00 75.88   58.21   78.13   101.64
09:05:04 75.65   57.99   78.24   101.08
09:06:07 75.65   58.21   78.24   100.40
09:07:10 75.43   67.78   78.13   99.95
09:08:14 75.54   69.13   78.24   99.61
09:09:17 75.65   71.04   78.01   99.16
09:10:20 75.76   72.39   78.13   98.71
09:11:24 75.76   73.40   78.13   98.26
09:12:27 75.76   74.19   77.90   98.26
09:13:30 75.88   75.09   78.01   98.71
09:14:34 75.88   75.99   78.13   106.14
09:15:37 75.99   77.22   78.13   109.85
09:16:40 76.10   78.01   78.24   110.30
09:17:44 76.10   78.46   77.90   109.63
09:18:47 76.10   78.58   78.13   108.61
09:19:50 76.10   78.69   78.13   107.49
09:20:54 76.33   78.69   78.13   106.48
09:21:57 76.33   78.80   78.13   105.46
09:23:00 76.33   66.99   78.13   104.56
09:24:04 76.21   60.80   78.58   103.66
09:25:07 76.10   59.11   78.46   102.76
09:26:10 75.99   58.44   78.35   108.61
09:27:14 75.76   58.10   78.35   109.74
09:28:17 75.65   57.88   78.13   109.29
09:29:21 75.54   57.76   78.01   108.39
09:30:24 75.43   57.54   78.13   107.38
09:31:27 75.31   57.31   78.01   106.14
09:32:31 75.31   66.31   78.01   105.01
09:33:34 75.43   68.34   77.90   104.11
09:34:37 75.43   69.24   78.01   103.33
09:35:41 75.54   70.36   78.13   102.54
09:36:44 75.54   71.60   77.79   101.86
09:37:47 75.54   72.61   78.13   101.08
09:38:51 75.65   73.74   77.79   100.40
09:39:54 75.76   74.75   77.90   99.73
09:40:57 75.76   75.65   78.35   99.16
09:42:01 75.88   76.66   78.13   98.60
09:43:04 75.88   65.97   78.01   98.15
09:44:07 75.76   59.90   78.13   97.59
09:45:11 75.65   58.44   77.79   97.03
09:46:14 75.54   58.10   78.01   96.58
09:47:17 75.43   57.88   77.79   96.13
09:48:21 75.31   57.65   77.90   95.68
09:49:24 75.31   57.42   77.56   95.22
09:50:27 75.20   57.31   78.01   94.66
09:51:31 75.09   57.09   77.90   94.44
09:52:34 75.09   56.98   77.68   93.99
09:53:37 74.97   56.75   77.56   93.54
09:54:41 74.97   56.75   78.24   93.20
09:55:44 74.97   63.16   78.01   92.86
09:56:47 74.97   67.10   77.90   92.41
09:57:51 75.09   68.22   77.56   92.19
09:58:54 75.20   68.79   77.56   91.85
09:59:57 75.31   69.69   77.45   91.63
10:01:01 75.43   70.59   77.90   91.40
10:02:04 75.54   71.49   77.90   91.06
10:03:08 75.54   72.39   78.24   90.72
10:04:11 75.54   64.51   77.90   90.50
10:05:14 75.54   59.79   77.45   90.39
10:06:18 75.43   58.44   77.45   90.05
10:07:21 75.31   57.99   77.45   89.94
10:08:24 75.20   57.65   77.56   89.60
10:09:28 75.20   57.54   77.79   89.26
10:10:31 75.09   57.31   77.45   89.04
10:11:34 74.97   57.09   77.45   88.81
10:12:38 74.97   56.86   77.45   88.59
10:13:41 74.86   56.64   77.45   88.36
10:14:44 74.97   56.41   77.68   88.14
10:15:48 74.86   55.85   77.22   87.91
10:16:51 74.86   56.08   77.45   87.69
10:17:54 74.97   56.30   77.22   87.46
10:18:58 74.86   56.19   77.34   96.46
10:20:01 74.86   56.08   77.45   105.13
10:21:04 74.86   56.08   77.45   107.38
10:22:08 74.86   55.85   77.34   108.28
10:23:11 74.97   57.31   77.34   108.05
10:24:14 74.97   66.09   77.11   106.93
10:25:18 75.09   67.33   77.22   105.58
10:26:21 75.20   68.00   77.45   104.34
10:27:24 75.20   68.56   77.22   103.21
10:28:28 75.31   69.01   77.34   105.69
10:29:31 75.31   63.39   77.34   108.16
10:30:34 75.31   58.89   77.22   109.06
10:31:38 75.20   57.76   77.34   109.51
10:32:41 75.20   57.42   77.11   109.96
10:33:45 75.20   57.31   77.22   110.19
10:34:48 75.09   57.20   77.11   110.41
10:35:51 75.09   56.98   77.22   110.53
10:36:55 75.09   56.98   77.56   110.64
10:37:58 75.09   56.19   77.11   110.75
10:39:01 74.97   56.41   77.11   110.75
10:40:05 74.97   56.53   77.34   110.64
10:41:08 74.86   56.41   77.34   110.53
10:42:11 74.86   56.08   77.45   110.30
10:43:15 74.86   56.30   77.34   110.08
10:44:18 74.86   56.30   77.22   109.85
10:45:21 74.97   55.96   77.22   109.29
10:46:25 74.97   56.30   77.34   108.61
10:47:28 74.86   55.74   77.34   108.05
10:48:31 74.86   55.96   77.22   107.38
10:49:35 74.86   56.19   76.89   109.29
10:50:38 74.75   55.85   77.22   110.98
10:51:41 74.75   56.08   77.00   110.75
10:52:45 74.86   56.30   77.11   110.08
10:53:48 74.86   56.08   77.34   109.29
10:54:51 74.86   56.08   76.66   108.50
10:55:55 74.86   55.85   77.11   107.71
10:56:58 74.86   55.96   76.89   106.93
10:58:01 74.86   56.41   77.22   106.14
10:59:05 74.86   56.08   77.34   105.46
11:00:08 74.86   56.30   77.11   104.68
11:01:11 74.86   55.63   77.00   103.89
11:02:15 74.75   55.96   77.00   103.21
11:03:18 74.75   55.85   77.22   102.54
11:04:22 74.86   55.74   77.00   101.86
11:05:25 74.86   55.63   76.66   101.30
11:06:28 74.75   55.74   76.78   100.74
11:07:32 74.75   55.74   76.78   100.29
11:08:35 74.75   55.74   76.78   99.73
11:09:38 74.75   55.63   76.66   99.28
11:10:42 74.75   55.40   76.78   98.71
11:11:45 74.75   55.17   76.89   108.39
11:12:48 74.64   55.40   76.78   109.06
11:13:52 74.64   55.40   76.89   108.50
11:14:55 74.64   55.29   76.66   108.28
11:15:58 74.75   55.40   76.89   108.05
11:17:02 74.86   55.51   77.00   107.49
11:18:05 74.75   55.51   76.55   106.93
11:19:08 74.75   55.17   76.66   106.25
11:20:12 74.75   55.06   76.89   105.58
11:21:15 74.64   55.06   77.00   104.90
11:22:18 74.75   54.73   76.89   104.23
11:23:22 74.75   54.84   76.66   103.44
11:24:25 74.75   54.95   76.78   102.76
11:25:28 74.64   54.73   76.55   102.20
11:26:32 74.75   54.73   76.78   101.53
11:27:35 74.64   54.84   76.78   101.08
11:28:38 74.75   54.95   76.55   100.40
11:29:42 74.64   54.50   76.55   99.95
11:30:45 74.75   54.73   76.44   99.39
11:31:48 74.64   54.50   76.66   98.83
11:32:52 74.64   54.39   76.78   98.15
11:33:55 74.64   54.28   76.33   97.70
11:34:58 74.64   54.28   76.55   97.36
11:36:02 74.64   53.94   76.66   97.70
11:37:05 74.75   54.28   76.44   97.36
11:38:08 74.64   54.73   76.55   98.60
11:39:12 74.64   54.61   76.55   98.49
11:40:15 74.53   54.39   76.33   98.04
11:41:19 74.53   54.16   76.21   97.70
11:42:22 74.41   54.16   76.21   97.14
11:43:25 74.53   54.16   76.21   96.69
11:44:29 74.53   54.16   76.10   96.35
11:45:32 74.41   53.83   76.44   95.90
11:46:35 74.30   54.05   76.44   95.45
11:47:39 74.30   53.94   76.66   95.00
11:48:42 74.19   53.94   76.33   94.78
11:49:45 74.19   53.83   76.44   94.44
11:50:49 74.08   53.94   76.10   93.99
11:51:52 74.08   53.60   76.55   93.54
11:52:55 74.19   53.71   76.44   93.20
11:53:59 74.08   53.83   76.21   92.86
11:55:02 74.08   53.71   76.10   92.41
11:56:05 73.96   53.60   76.21   92.08
11:57:09 73.96   53.49   76.21   91.85
11:58:12 73.96   53.38   76.21   91.51
11:59:15 73.96   53.38   76.21   91.29
12:00:19 73.85   53.26   76.21   90.95
12:01:22 73.85   53.49   76.33   90.72
12:02:25 73.85   53.26   76.10   90.50
12:03:29 74.08   53.26   76.21   90.05
12:04:32 73.96   53.49   75.99   89.83
12:05:35 73.96   53.38   75.99   89.60
12:06:39 73.85   53.26   76.10   89.38
12:07:42 73.85   53.26   76.10   89.15
12:08:45 73.85   53.15   76.21   88.93
12:09:49 73.85   53.26   76.21   88.70
12:10:52 73.85   53.26   76.10   88.47
12:11:55 73.96   53.26   75.76   88.25
12:12:59 73.85   53.26   76.21   88.14
12:14:02 73.85   53.26   75.99   87.80
12:15:06 73.85   53.15   75.76   87.69
12:16:09 73.74   53.26   75.88   87.46
12:17:12 73.85   53.04   76.10   87.24
12:18:16 73.85   53.15   76.10   87.01
12:19:19 73.96   53.15   75.99   86.79
12:20:22 73.85   53.04   75.88   86.68
12:21:26 73.85   53.15   75.88   86.45
12:22:29 73.85   53.04   76.10   86.34
12:23:32 73.74   53.04   76.10   86.11
12:24:36 73.85   53.15   75.76   86.00
12:25:39 73.74   53.15   75.88   85.78
12:26:42 73.85   53.15   75.54   85.55
12:27:46 73.74   53.04   75.76   85.44
12:28:49 73.74   53.15   75.31   85.33
12:29:52 73.74   53.15   75.54   85.21
12:30:56 73.74   53.15   75.43   85.10
12:31:59 73.63   53.04   75.76   84.99
12:33:02 73.63   53.04   75.65   84.88
12:34:06 73.63   52.92   75.88   84.65
12:35:09 73.63   53.04   75.20   84.54
12:36:12 73.63   52.92   75.31   84.54
12:37:16 73.63   53.04   75.31   84.31
12:38:19 73.63   52.92   75.65   84.31
12:39:22 73.51   53.04   75.76   84.20
12:40:26 73.63   52.92   75.65   84.09
12:41:29 73.63   52.92   75.43   83.86
12:42:32 73.51   52.70   75.43   83.86
12:43:36 73.63   52.81   75.54   83.64
12:44:39 73.63   53.04   75.65   83.53
12:45:42 73.63   53.04   75.76   83.53
12:46:46 73.63   53.04   75.54   83.30
12:47:49 73.63   52.92   75.54   83.30
12:48:53 73.63   53.04   75.09   83.19
12:49:56 73.63   52.92   75.31   83.08
12:50:59 73.63   53.04   75.43   83.08
12:52:03 73.63   52.92   75.43   83.08
12:53:06 73.63   52.92   75.43   83.08
12:54:09 73.63   52.81   75.31   82.96
12:55:13 73.51   53.04   75.31   82.85
12:56:16 73.63   53.04   75.09   82.85
12:57:19 73.63   53.04   75.31   82.74
12:58:23 73.63   53.04   75.09   82.63
12:59:26 73.51   53.04   75.09   82.51
13:00:29 73.51   52.92   75.09   82.63
13:01:33 73.51   52.92   75.09   82.51
13:02:36 73.51   52.92   75.09   82.40
13:03:39 73.51   52.92   75.09   82.18
13:04:43 73.51   52.81   74.97   82.06
13:05:46 73.51   53.04   74.97   81.95
13:06:49 73.51   52.92   75.43   81.95
13:07:53 73.51   53.04   75.20   81.95
13:08:56 73.51   53.04   74.97   81.95
13:09:59 73.51   53.04   75.09   81.95
13:11:03 73.51   53.04   75.31   81.84
13:12:06 73.51   52.92   75.09   81.72
13:13:09 73.63   53.04   75.09   81.72
13:14:13 73.74   53.04   75.20   81.72
13:15:16 73.63   53.15   75.20   81.72
13:16:19 73.74   53.15   74.75   81.61
13:17:23 73.85   53.15   74.86   81.61
13:18:26 73.74   53.26   74.97   81.50
13:19:29 73.74   53.26   74.86   81.50
13:20:33 73.63   53.26   75.09   81.28
13:21:36 73.63   53.15   75.09   81.28
13:22:40 73.63   53.26   74.97   81.84
13:23:43 73.74   53.15   75.54   82.29
13:24:46 73.74   53.15   74.97   82.29
13:25:50 73.63   53.04   74.97   82.29
13:26:53 73.74   53.04   74.75   82.18
13:27:56 73.74   53.15   75.20   82.06
13:29:00 73.63   53.04   75.09   81.95
13:30:03 73.63   52.92   74.75   81.95
13:31:06 73.51   52.92   74.97   81.84
13:32:10 73.51   52.92   75.43   81.72
13:33:13 73.51   52.92   75.20   81.72
13:34:16 73.40   53.04   74.75   81.84
13:35:20 73.40   53.04   75.09   81.61
13:36:23 73.29   52.92   74.97   81.50
13:37:26 73.40   53.04   74.97   81.50
13:38:30 73.29   52.81   74.86   81.39
13:39:33 73.29   52.92   74.86   81.28
13:40:36 73.29   52.92   74.86   81.28
13:41:40 73.29   52.81   74.75   81.39
13:42:43 73.29   52.92   74.75   81.28
13:43:46 73.29   52.92   74.86   81.28
13:44:50 73.18   60.13   74.86   81.16
13:45:53 73.29   63.73   74.75   81.28
13:46:56 73.40   64.40   74.97   81.16
13:48:00 73.51   64.85   74.97   81.05
13:49:03 73.63   65.53   75.20   81.16
13:50:06 73.74   66.31   75.20   81.16
13:51:10 73.74   67.21   74.97   81.28
13:52:13 73.85   60.80   75.20   81.28
13:53:16 73.85   56.53   75.31   81.16
13:54:20 73.74   55.74   74.97   81.05
13:55:23 73.74   55.40   75.20   81.05
13:56:27 73.63   55.17   75.09   80.94
13:57:30 73.51   54.61   74.97   80.94
13:58:33 73.51   54.50   75.09   80.94
13:59:37 73.51   54.39   75.20   80.83
14:00:40 73.40   54.05   74.97   80.94
14:01:43 73.40   54.16   74.97   80.83
14:02:47 73.40   53.94   75.20   80.71
14:03:50 73.40   53.71   74.86   80.71
14:04:53 73.40   53.38   75.09   80.71
14:05:57 73.29   53.26   75.20   80.71
14:07:00 73.29   53.04   75.20   80.71
14:08:03 73.29   60.58   75.31   80.71
14:09:07 73.40   63.73   75.09   80.71
14:10:10 73.51   64.85   75.09   80.71
14:11:13 73.63   65.30   75.09   80.60
14:12:17 73.74   65.86   75.20   80.60
14:13:20 73.85   66.65   75.20   80.60
14:14:23 73.85   67.44   75.43   80.71
14:15:27 73.96   68.22   75.09   80.60
14:16:30 74.08   67.21   74.97   80.49
14:17:33 74.08   59.11   75.20   80.60
14:18:37 73.96   56.75   74.97   80.60
14:19:40 73.85   56.19   75.20   80.49
14:20:43 73.74   55.85   74.97   80.49
14:21:47 73.74   55.17   74.86   80.49
14:22:50 73.63   54.95   74.97   80.49
14:23:53 73.51   54.73   75.20   80.38
14:24:57 73.51   54.39   75.31   80.26
14:26:00 73.40   54.28   75.31   80.15
14:27:04 73.40   58.66   74.86   80.26
14:28:07 73.51   64.29   75.20   80.26
14:29:10 73.63   65.75   74.97   80.26
14:30:14 73.63   66.76   75.09   80.38
14:31:17 73.74   67.44   75.20   80.49
14:32:20 73.85   68.34   75.20   80.49
14:33:24 73.96   69.46   75.20   80.49
14:34:27 74.08   70.59   75.20   80.60
14:35:30 74.08   71.71   75.31   80.60
14:36:34 74.19   72.72   75.31   80.71
14:37:37 74.30   73.63   75.54   80.71
14:38:40 74.41   65.64   75.76   80.60
14:39:44 74.41   58.44   75.65   80.49
14:40:47 74.19   57.09   75.88   80.49
14:41:50 74.08   56.53   75.65   80.49
14:42:54 73.96   56.19   75.65   80.38
14:43:57 73.96   55.40   75.54   80.49
14:45:00 73.85   55.06   75.65   80.49
14:46:04 73.74   57.99   75.54   80.49
14:47:07 73.74   65.08   75.43   80.49
14:48:10 73.85   66.76   75.54   80.49
14:49:14 73.96   67.78   75.31   80.49
14:50:17 74.08   68.90   75.43   80.49
14:51:20 74.08   70.93   75.54   80.71
14:52:24 74.19   72.84   75.65   80.60
14:53:27 74.30   74.41   75.54   80.60
14:54:30 74.41   75.20   75.43   80.60
14:55:34 74.53   75.65   75.88   80.60
14:56:37 74.64   75.99   75.54   80.49
14:57:40 74.75   76.21   75.43   80.49
14:58:44 74.86   76.44   75.65   80.49
14:59:47 74.86   76.44   75.88   80.71
15:00:51 74.97   76.66   75.76   80.71
15:01:54 74.97   76.78   75.88   80.71
15:02:57 75.09   76.89   75.99   80.83
15:04:01 75.09   77.00   75.65   80.83
15:05:04 75.09   62.15   75.54   80.94
15:06:07 74.86   57.99   75.65   80.94
15:07:11 74.75   57.20   75.76   80.94
15:08:14 74.64   56.98   75.99   80.83
15:09:17 74.41   56.64   76.21   80.71
15:10:21 74.30   55.96   75.76   80.71
15:11:24 74.19   61.48   75.88   80.83
15:12:27 74.19   66.54   76.10   80.83
15:13:31 74.19   67.66   75.99   80.83
15:14:34 74.30   68.56   75.88   80.71
15:15:37 74.30   70.47   75.99   80.71
15:16:41 74.41   72.50   75.88   80.71
15:17:44 74.53   74.64   75.65   80.71
15:18:47 74.64   75.88   75.88   80.71
15:19:51 74.64   76.44   76.21   80.71
15:20:54 74.75   76.66   75.76   80.83
15:21:57 74.86   76.78   76.33   80.83
15:23:01 74.97   76.89   75.88   80.94
15:24:04 75.09   77.00   76.10   80.94
15:25:07 75.09   77.00   75.88   80.83
15:26:11 75.20   77.11   76.33   80.94
15:27:14 75.20   77.11   76.33   81.05
15:28:17 75.20   77.22   75.99   81.05
15:29:21 75.31   77.22   76.10   81.05
15:30:24 75.31   77.34   76.10   81.05
15:31:28 75.31   77.34   75.99   81.16
15:32:31 75.43   77.34   76.10   81.28
15:33:34 75.43   77.45   76.33   81.28
15:34:38 75.54   77.45   76.33   81.39
15:35:41 75.43   77.56   76.10   81.28
15:36:44 75.54   77.56   76.10   81.28
15:37:48 75.54   77.56   76.44   81.39
15:38:51 75.54   77.56   76.44   81.50
15:39:54 75.65   77.68   76.44   81.50
15:40:58 75.65   77.68   76.44   81.61
15:42:01 75.65   77.68   76.55   81.61
15:43:04 75.65   77.68   76.44   81.72
15:44:08 75.65   77.79   76.89   81.72
15:45:11 75.65   77.79   76.78   81.61
15:46:14 75.76   77.79   77.00   81.72
15:47:18 75.76   77.79   76.89   81.61
15:48:21 75.76   77.79   77.00   81.72
15:49:24 75.76   77.90   76.89   81.84
15:50:28 75.88   77.90   76.78   81.84
15:51:31 75.88   77.90   76.78   81.84
15:52:34 75.88   78.01   77.00   81.95
15:53:38 75.88   78.01   76.89   81.95
15:54:41 75.88   78.01   76.89   82.06
15:55:44 75.88   78.01   77.00   82.06
15:56:48 75.99   78.01   77.11   82.18
15:57:51 75.99   78.01   76.89   82.06
15:58:54 75.99   78.01   77.11   82.18
15:59:58 75.99   78.13   77.34   82.18
16:01:01 75.99   78.13   77.11   81.95
16:02:04 75.99   78.13   77.00   81.95
16:03:08 76.10   78.24   76.89   82.18
16:04:11 76.10   78.24   77.11   82.18
16:05:15 76.10   78.13   77.11   82.18
16:06:18 76.10   78.24   77.00   82.29
16:07:21 76.10   78.24   77.34   82.29
16:08:25 76.10   78.24   77.22   82.29
16:09:28 76.21   78.24   77.22   82.29
16:10:31 76.21   78.24   77.00   82.29
16:11:35 76.21   78.24   77.11   82.18
16:12:38 76.21   73.85   77.22   82.29
16:13:41 76.21   60.91   77.22   82.29
16:14:45 75.99   58.89   77.22   82.29
16:15:48 75.88   58.21   77.11   82.29
16:16:51 75.65   57.76   77.11   82.18
16:17:55 75.54   57.54   77.11   82.06
16:18:58 75.31   66.31   77.34   81.95
16:20:01 75.31   68.34   77.00   81.84
16:21:05 75.43   69.35   77.11   81.95
16:22:08 75.54   70.93   77.00   82.06
16:23:11 75.54   72.95   77.22   82.06
16:24:15 75.54   75.31   77.11   82.06
16:25:18 75.65   76.78   77.22   82.06
16:26:21 75.76   77.56   77.22   82.06
16:27:25 75.76   77.79   77.00   82.18
16:28:28 75.88   77.90   77.00   82.29
16:29:31 75.99   78.01   77.00   82.40
16:30:35 75.99   78.01   77.22   82.40
16:31:38 76.10   78.13   77.34   82.40
16:32:41 76.10   78.13   77.45   82.29
16:33:45 76.10   78.24   77.22   82.29
16:34:48 76.21   78.24   77.22   82.29
16:35:52 76.21   78.24   77.34   82.29
16:36:55 76.21   78.35   77.22   82.40
16:37:58 76.33   78.35   77.34   82.29
16:39:02 76.21   78.35   77.34   82.40
16:40:05 76.33   78.35   77.45   82.40
16:41:08 76.33   78.35   77.68   82.51
16:42:12 76.33   78.46   77.56   82.51
16:43:15 76.33   78.46   77.56   82.63
16:44:18 76.44   78.46   77.45   82.63
16:45:22 76.44   78.46   77.34   82.63
16:46:25 76.44   63.61   77.45   82.51
16:47:28 76.33   59.45   77.45   82.51
16:48:32 76.10   58.55   77.68   82.40
16:49:35 75.99   58.21   77.56   82.40
16:50:38 75.76   57.99   77.45   82.51
16:51:42 75.65   57.76   77.68   82.40
16:52:45 75.54   66.88   77.56   82.40
16:53:48 75.54   68.56   77.79   82.40
16:54:52 75.54   69.35   77.56   82.29
16:55:55 75.65   70.70   77.22   82.29
16:56:58 75.76   72.72   77.22   82.18
16:58:02 75.76   74.97   77.34   82.29
16:59:05 75.88   76.89   77.22   82.40
17:00:08 75.99   77.56   77.56   82.40
17:01:12 75.99   78.01   77.56   82.51
17:02:15 76.10   78.13   77.45   82.51
17:03:18 76.21   78.24   77.56   82.40
17:04:22 76.21   78.35   77.56   82.51
17:05:25 76.33   78.35   77.45   82.51
17:06:28 76.33   78.46   77.56   82.63
17:07:32 76.33   78.46   77.56   82.63
17:08:35 76.44   78.58   77.68   82.74
17:09:39 76.44   78.58   77.56   82.63
17:10:42 76.44   78.58   77.45   82.63
17:11:45 76.44   71.71   77.68   82.63
17:12:49 76.44   61.14   77.79   82.74
17:13:52 76.21   59.23   77.56   82.74
17:14:55 76.10   58.55   77.45   82.63
17:15:59 75.99   58.33   77.45   82.51
17:17:02 75.76   58.21   77.22   82.40
17:18:05 75.65   58.10   77.68   82.51
17:19:09 75.54   59.90   77.56   82.40
17:20:12 75.54   67.78   77.68   82.40
17:21:15 75.54   69.01   77.34   82.40
17:22:19 75.65   69.91   77.56   82.40
17:23:22 75.65   71.04   77.56   82.40
17:24:25 75.65   72.28   77.45   82.40
17:25:29 75.76   73.74   77.56   82.40
17:26:32 75.88   75.54   77.56   82.40
17:27:35 75.88   77.00   77.56   82.51
17:28:39 75.99   77.79   77.34   82.51
17:29:42 76.10   78.13   77.56   82.51
17:30:45 76.21   78.35   77.68   82.63
17:31:49 76.21   78.35   77.68   82.63
17:32:52 76.33   78.46   77.56   82.74
17:33:55 76.44   78.46   77.56   82.63
17:34:59 76.44   78.58   77.68   82.74
17:36:02 76.55   67.21   77.90   82.74
17:37:05 76.44   60.35   77.56   82.63
17:38:09 76.21   59.11   77.79   82.63
17:39:12 76.10   58.66   77.79   82.51
17:40:16 75.99   58.33   77.45   82.51
17:41:19 75.76   58.21   77.68   82.40
17:42:22 75.65   57.99   77.45   82.29
17:43:26 75.54   57.65   77.56   82.18
17:44:29 75.54   57.31   77.68   82.18
17:45:32 75.54   63.39   77.45   82.06
17:46:36 75.54   67.66   77.68   82.06
17:47:39 75.54   68.79   77.68   82.18
17:48:42 75.65   69.46   77.34   82.29
17:49:46 75.65   70.36   77.22   82.29
17:50:49 75.76   71.83   77.56   82.40
17:51:52 75.88   72.84   77.45   82.40
17:52:56 75.88   73.51   77.45   82.29
17:53:59 75.99   74.86   77.22   82.40
17:55:02 76.10   76.21   77.56   82.40
17:56:06 76.10   70.81   77.68   82.51
17:57:09 76.10   61.36   77.45   82.51
17:58:12 75.99   59.23   77.34   82.40
17:59:16 75.76   58.89   77.90   82.40
18:00:19 75.76   58.55   77.79   82.40
18:01:22 75.65   58.33   77.68   82.29
18:02:26 75.54   58.21   77.34   82.06
18:03:29 75.43   57.88   77.68   82.06
18:04:32 75.43   57.54   77.45   81.95
18:05:36 75.43   57.09   77.45   81.95
18:06:39 75.31   61.03   77.34   81.84
18:07:42 75.31   67.33   77.34   81.84
18:08:46 75.31   68.68   77.45   81.84
18:09:49 75.54   69.35   77.22   81.95
18:10:52 75.54   70.14   77.34   81.95
18:11:56 75.65   71.15   77.34   82.06
18:12:59 75.76   72.39   77.68   82.06
18:14:03 75.76   73.06   77.45   82.06
18:15:06 75.76   71.04   77.45   82.18
18:16:09 75.88   61.92   77.45   82.18
18:17:13 75.65   59.45   77.34   81.95
18:18:16 75.65   58.89   77.34   81.84
18:19:19 75.54   58.55   77.22   81.72
18:20:23 75.54   58.33   77.22   81.72
18:21:26 75.43   58.10   77.68   81.84
18:22:29 75.43   57.88   77.11   81.95
18:23:33 75.43   57.76   77.56   81.95
18:24:36 75.31   57.20   77.34   94.33
18:25:39 75.43   57.42   77.34   104.79
18:26:43 75.43   60.01   77.11   107.04
18:27:46 75.43   67.33   77.22   107.38
18:28:49 75.54   68.68   77.34   107.83
18:29:53 75.65   69.24   77.34   107.83
18:30:56 75.76   69.58   77.68   107.26
18:31:59 75.88   70.25   77.22   106.81
18:33:03 75.99   71.15   77.45   106.14
18:34:06 76.21   72.05   77.11   105.46
18:35:09 76.10   65.75   77.11   104.79
18:36:13 76.21   60.69   77.34   104.11
18:37:16 76.21   59.11   77.22   107.83
18:38:19 76.21   58.89   77.34   108.73
18:39:23 76.10   58.89   77.34   108.16
18:40:26 76.10   58.55   77.34   107.26
18:41:29 75.99   58.66   77.22   106.48
18:42:33 75.88   58.55   77.34   105.80
18:43:36 75.76   58.44   77.22   105.01
18:44:40 75.76   58.21   77.22   104.34
18:45:43 75.76   58.21   77.22   103.78
18:46:46 75.76   57.99   77.34   103.21
18:47:50 75.65   57.76   77.34   102.65
18:48:53 75.65   57.99   77.34   101.98
18:49:56 75.65   57.76   77.34   101.30
18:51:00 75.54   57.65   77.45   100.63
18:52:03 75.54   57.76   77.45   99.95
18:53:06 75.54   57.42   77.56   99.50
18:54:10 75.43   66.20   77.45   99.05
18:55:13 75.54   68.22   77.56   98.60
18:56:16 75.65   69.01   77.45   98.15
18:57:20 75.88   69.58   78.24   97.92
18:58:23 75.88   70.03   78.13   97.48
18:59:26 75.99   70.14   78.24   97.25
19:00:30 75.99   63.28   78.01   96.91
19:01:33 75.88   59.90   78.24   96.58
19:02:36 75.99   59.23   77.90   96.24
19:03:40 75.76   58.78   78.13   95.79
19:04:43 75.88   58.66   78.24   95.45
19:05:46 75.76   58.55   77.79   95.56
19:06:49 75.76   58.33   78.01   95.56
19:07:53 75.88   57.99   77.79   95.22
19:08:56 75.76   57.99   78.01   94.78
19:09:59 75.65   57.76   77.90   94.33
19:11:03 75.54   57.54   77.68   93.99
19:12:06 75.54   57.65   77.79   93.65
19:13:09 75.54   57.42   77.90   93.31
19:14:13 75.54   57.54   78.01   93.09
19:15:16 75.54   57.42   78.01   92.75
19:16:20 75.54   57.31   77.90   92.30
19:17:23 75.43   57.09   77.90   91.96
19:18:26 75.54   57.09   77.79   91.85
19:19:30 75.54   57.20   77.90   91.63
19:20:33 75.43   57.09   77.68   91.29
19:21:36 75.43   56.98   77.90   90.95
19:22:40 75.43   56.98   77.79   90.61
19:23:43 75.31   56.86   77.79   90.28
19:24:46 75.31   56.53   77.79   90.05
19:25:50 75.31   56.64   77.79   89.71
19:26:53 75.31   56.64   77.79   89.60
19:27:56 75.31   56.41   78.24   89.38
19:29:00 75.31   56.41   77.90   89.15
19:30:03 75.31   56.19   77.90   88.93
19:31:06 75.43   56.30   77.79   88.81
19:32:10 75.31   56.19   77.90   88.59
19:33:13 75.31   56.19   77.56   88.25
19:34:16 75.31   55.96   77.68   88.03
19:35:20 75.31   55.96   77.68   87.91
19:36:23 75.31   55.96   77.68   87.69
19:37:26 75.54   56.30   77.68   87.58
19:38:30 75.54   56.53   77.68   87.35
19:39:33 75.54   56.64   77.79   87.13
19:40:36 75.54   56.53   77.79   87.01
19:41:40 75.54   56.53   77.56   86.90
19:42:43 75.54   56.53   77.68   86.79
19:43:46 75.54   56.08   77.79   86.68
19:44:50 75.31   56.19   77.56   86.56
19:45:53 75.31   55.74   77.56   86.34
19:46:57 75.31   55.85   78.01   86.11
19:48:00 75.31   55.63   78.01   85.89
19:49:03 75.31   55.74   77.56   85.78
19:50:06 75.09   55.74   77.79   85.66
19:51:10 75.20   55.74   77.22   85.55
19:52:13 75.20   55.51   78.01   85.44
19:53:16 75.20   55.51   77.68   85.21
19:54:20 75.09   55.29   77.68   85.10
19:55:23 75.09   55.29   77.79   84.99
19:56:26 75.09   55.17   77.56   84.88
19:57:30 75.09   55.06   77.45   84.88
19:58:33 75.20   55.29   77.45   84.65
19:59:37 75.09   55.17   77.45   84.54
20:00:40 75.09   55.06   77.56   84.43
20:01:43 75.09   55.06   77.68   84.31
20:02:47 75.09   55.06   77.34   84.31
20:03:50 75.20   55.17   77.79   84.09
20:04:53 75.20   55.06   77.68   83.97
20:05:57 75.09   55.06   78.01   83.86
20:07:00 75.09   55.06   78.01   83.86
20:08:03 74.97   54.84   77.79   83.86
20:09:07 74.97   55.06   77.79   83.86
20:10:10 74.97   54.95   77.68   83.86
20:11:13 74.97   54.95   77.56   83.75
20:12:17 75.09   54.95   77.68   83.64
20:13:20 74.97   54.95   77.68   83.53
20:14:23 74.97   54.84   77.45   83.53
20:15:27 74.97   54.84   77.68   83.30
20:16:30 74.97   54.73   77.56   83.19
20:17:33 74.97   54.84   77.68   83.08
20:18:37 74.86   54.61   77.56   82.85
20:19:40 74.97   54.73   77.45   82.85
20:20:43 74.97   54.73   77.45   82.74
20:21:47 74.86   54.73   78.01   82.63
20:22:50 74.86   54.50   77.79   82.51
20:23:53 74.97   54.73   77.79   82.51
20:24:57 74.86   54.50   77.79   82.51
20:26:00 74.86   54.50   77.68   82.40
20:27:03 74.86   54.61   77.79   82.29
20:28:07 74.86   54.50   77.45   82.29
20:29:10 74.86   54.39   77.45   82.29
20:30:14 74.86   54.50   77.79   82.29
20:31:17 74.86   54.39   77.79   82.29
20:32:20 74.86   54.39   77.68   82.18
20:33:24 74.75   54.50   77.90   82.06
20:34:27 74.75   54.39   77.56   81.84
20:35:30 74.86   54.39   77.68   81.84
20:36:34 74.75   54.39   77.56   81.84
20:37:37 74.75   54.39   77.34   81.84
20:38:40 74.75   54.39   77.68   81.84
20:39:44 74.75   54.39   77.68   81.72
20:40:47 74.75   54.39   77.34   81.72
20:41:50 74.86   54.39   77.45   81.84
20:42:54 74.86   54.39   77.45   81.72
20:43:57 74.75   54.16   77.34   81.39
20:45:00 74.75   54.28   77.79   81.39
20:46:04 74.75   54.28   77.45   81.50
20:47:07 74.86   54.39   77.56   81.50
20:48:10 74.97   54.50   77.34   81.39
20:49:14 75.09   54.50   77.68   81.28
20:50:17 74.97   54.50   77.22   81.39
20:51:20 74.97   54.50   77.68   81.39
20:52:24 74.97   54.50   77.45   99.50
20:53:27 74.97   54.39   77.56   106.70
20:54:30 74.97   54.50   77.45   108.16
20:55:34 74.86   54.50   77.45   108.50
20:56:37 74.86   54.39   77.34   108.39
20:57:40 74.86   54.39   77.56   108.28
20:58:44 74.86   54.50   77.68   108.73
20:59:47 74.97   54.73   77.68   109.18
21:00:50 74.97   54.50   77.45   109.51
21:01:54 75.09   54.50   77.34   109.85
21:02:57 74.97   54.50   77.34   110.19
21:04:01 75.09   54.50   77.45   110.41
21:05:04 75.09   54.50   77.45   110.64
21:06:07 75.20   54.61   77.34   110.86
21:07:11 75.20   54.73   77.34   110.98
21:08:14 75.20   54.73   77.45   111.09
21:09:17 75.20   54.61   77.22   111.31
21:10:21 75.20   54.61   77.22   111.54
21:11:24 75.20   54.61   77.00   110.98
21:12:27 75.31   57.31   77.11   110.19
21:13:31 75.31   57.42   77.22   109.40
21:14:34 75.31   56.98   76.78   108.50
21:15:37 75.31   56.75   77.00   107.71
21:16:41 75.31   56.41   77.00   106.93
21:17:44 75.20   56.19   77.11   106.03
21:18:47 75.20   55.96   77.00   105.24
21:19:51 75.09   55.74   76.89   104.45
21:20:54 75.09   55.74   77.00   103.55
21:21:57 75.20   55.63   76.78   102.76
21:23:01 75.09   55.51   76.44   101.98
21:24:04 74.97   55.29   76.66   101.41
21:25:07 74.86   55.40   76.89   100.74
21:26:11 74.86   55.40   76.89   100.06
21:27:14 74.86   55.17   76.55   99.50
21:28:17 74.75   55.06   76.89   98.94
21:29:21 74.75   55.17   76.66   98.38
21:30:24 74.64   54.95   76.66   97.92
21:31:27 74.64   55.17   76.78   97.36
21:32:31 74.64   54.84   76.55   96.91
21:33:34 74.64   55.06   76.78   96.46
21:34:37 74.64   54.84   76.33   95.90
21:35:41 74.64   54.95   76.78   95.45
21:36:44 74.64   54.95   76.66   95.00
21:37:48 74.64   54.84   76.89   94.55
21:38:51 74.64   54.73   76.66   94.21
21:39:54 74.64   54.61   76.66   93.88
21:40:58 74.64   54.73   76.78   93.43
21:41:59 74.53   54.61   76.44   93.09
21:43:03 74.53   54.73   76.33   92.86
21:44:06 74.53   54.61   76.33   92.41
21:45:09 74.53   54.61   76.44   91.96
21:46:13 74.53   54.61   76.44   91.63
21:47:16 74.41   54.50   76.33   91.51
21:48:19 74.41   54.39   76.33   91.06
21:49:23 74.41   53.94   76.33   90.72
21:50:26 74.41   53.83   76.44   90.39
21:51:29 74.30   54.05   76.44   90.16
21:52:33 74.30   54.05   76.44   89.71
21:53:36 74.19   54.05   76.44   89.38
21:54:40 74.19   53.94   76.33   89.26
21:55:43 74.19   54.05   76.33   88.93
21:56:46 74.19   53.83   76.44   88.70
21:57:50 74.19   53.83   76.44   88.47
21:58:53 74.08   53.83   76.44   88.25
21:59:56 74.19   53.94   76.55   88.03
22:01:00 74.08   53.83   76.33   87.80
22:02:03 74.08   53.71   76.44   87.46
22:03:06 74.08   63.05   76.21   87.35
22:04:10 74.19   55.17   76.10   87.13
22:05:13 74.19   54.39   76.21   86.90
22:06:16 74.19   54.28   76.44   86.68
22:07:20 74.19   54.28   76.55   86.45
22:08:23 74.08   54.16   76.44   86.11
22:09:26 74.08   54.28   75.88   86.00
22:10:30 74.08   54.16   76.21   85.89
22:11:33 73.96   53.94   76.33   85.66
22:12:36 73.96   53.83   76.44   85.55
22:13:40 73.85   53.71   76.33   85.44
22:14:43 73.74   53.83   76.33   85.33
22:15:46 73.74   53.71   75.99   97.48
22:16:50 73.74   53.60   76.21   108.28
22:17:53 73.63   53.60   75.99   110.19
22:18:56 73.74   53.60   75.88   110.30
22:20:00 73.63   53.04   75.88   111.43
22:21:03 73.63   53.60   75.88   111.54
22:22:06 73.63   53.38   76.10   111.09
22:23:10 73.51   53.38   76.10   110.98
22:24:13 73.63   53.15   76.10   110.86
22:25:17 73.63   53.26   75.76   110.08
22:26:20 73.51   53.26   75.76   109.18
22:27:23 73.51   53.26   75.76   108.16
22:28:27 73.51   53.49   75.65   107.15
22:29:30 73.51   53.26   75.99   106.25
22:30:33 73.51   53.15   75.76   105.24
22:31:37 73.40   53.15   75.65   104.34
22:32:40 73.40   52.81   75.65   103.44
22:33:43 73.40   53.15   75.76   102.54
22:34:47 73.40   53.04   75.65   101.64
22:35:50 73.29   52.92   75.65   100.96
22:36:53 73.29   52.92   75.88   100.18
22:37:57 73.29   52.92   75.54   99.50
22:39:00 73.18   52.92   75.43   98.83
22:40:03 73.18   53.04   75.65   98.15
22:41:07 73.18   52.92   75.43   97.59
22:42:10 73.18   52.81   75.65   97.03
22:43:13 73.18   52.59   75.20   96.46
22:44:17 73.06   53.04   75.65   95.90
22:45:20 73.06   52.81   75.76   95.22
22:46:23 73.06   52.59   75.43   94.78
22:47:27 73.06   52.70   75.20   94.33
22:48:30 73.06   52.70   75.43   93.76
22:49:33 72.95   52.59   75.31   93.20
22:50:37 72.95   52.70   75.31   92.75
22:51:40 73.06   52.48   75.54   92.30
22:52:43 72.95   52.59   75.31   91.85
22:53:47 72.95   52.48   75.09   91.51
22:54:50 72.95   52.14   75.43   91.06
22:55:53 72.95   52.25   75.09   90.61
22:56:57 72.95   52.36   75.31   90.28
22:58:00 72.84   52.25   75.20   90.05
22:59:04 72.84   52.25   75.54   89.71
23:00:07 72.72   52.14   75.31   89.38
23:01:10 72.84   52.25   75.09   89.04
23:02:14 72.84   52.25   75.31   88.81
23:03:17 72.72   52.36   74.97   88.59
23:04:20 72.72   52.03   75.31   88.14
23:05:24 72.72   52.48   75.31   87.80
23:06:27 72.72   52.03   75.31   87.58
23:07:30 72.61   52.25   75.31   87.35
23:08:34 72.72   51.91   75.20   87.01
23:09:37 72.61   51.91   75.43   86.90
23:10:40 72.61   51.91   75.20   86.56
23:11:44 72.61   51.80   75.31   86.34
23:12:47 72.61   51.91   75.20   86.00
23:13:50 72.61   51.69   75.20   85.78
23:14:54 72.61   51.91   75.20   85.44
23:15:57 72.50   51.91   74.97   85.21
23:17:00 72.50   51.80   75.09   84.99
23:18:04 72.50   51.69   74.86   84.88
23:19:07 72.50   51.58   74.97   84.65
23:20:10 72.50   51.80   75.09   84.43
23:21:14 72.39   51.69   75.20   84.09
23:22:17 72.39   51.46   74.86   84.09
23:23:20 72.39   51.69   74.64   83.86
23:24:24 72.39   51.69   74.75   83.64
23:25:27 72.39   51.58   74.75   83.53
23:26:30 72.39   51.35   74.86   83.30
23:27:34 72.28   51.46   74.75   83.08
23:28:37 72.28   51.35   74.75   82.96
23:29:40 72.16   51.35   74.75   82.74
23:30:44 72.28   51.46   74.97   82.74
23:31:47 72.16   51.35   74.86   82.63
23:32:51 72.28   51.35   74.86   82.63
23:33:54 72.28   51.24   74.97   82.40
23:34:57 72.28   51.24   74.86   82.29
23:36:01 72.16   51.24   74.86   82.18
23:37:04 72.16   61.25   74.97   82.06
23:38:07 72.39   62.83   74.75   81.95
23:39:11 72.50   63.73   74.64   81.95
23:40:14 72.50   64.18   74.86   82.06
23:41:17 72.72   64.74   74.86   81.95
23:42:21 72.84   65.64   74.64   81.84
23:43:24 72.84   66.54   74.64   81.72
23:44:27 72.84   61.03   74.86   81.61
23:45:31 72.95   55.96   74.64   81.61
23:46:34 72.72   53.94   74.64   81.39
23:47:37 72.72   53.60   74.64   81.28
23:48:41 72.50   53.71   74.75   81.16
23:49:44 72.39   53.60   74.75   80.94
23:50:47 72.28   53.38   74.86   80.94
23:51:51 72.28   53.26   74.53   80.83
23:52:54 72.28   52.92   74.64   80.83
23:53:57 72.16   52.70   74.75   80.83
23:55:01 72.16   52.70   74.64   80.71
23:56:04 72.16   58.89   74.64   80.60
23:57:07 72.28   63.95   74.86   80.71
23:58:11 72.39   64.96   74.64   80.60
23:59:14 72.61   65.53   74.64   80.49
