19:24:40 73.74   52.25   75.76   95.56
19:25:44 73.74   52.25   75.65   94.89
19:26:47 73.74   52.14   75.76   94.33
19:27:50 73.74   52.25   75.54   93.76
19:28:54 73.74   52.14   75.43   93.20
19:29:57 73.63   52.25   75.31   92.75
19:31:00 73.63   52.14   75.54   92.30
19:32:04 73.63   52.14   75.65   91.85
19:33:07 73.63   52.14   75.54   91.40
19:34:10 73.63   52.14   75.43   91.06
19:35:14 73.74   52.14   75.54   90.61
19:36:17 73.63   52.03   75.31   90.16
19:37:20 73.63   51.91   75.31   89.83
19:38:24 73.63   52.14   75.43   89.38
19:39:27 73.63   51.91   75.43   89.15
19:40:31 73.63   52.03   75.31   88.93
19:41:34 73.63   52.03   75.31   88.47
19:42:37 73.51   52.03   75.20   88.25
19:43:41 73.63   52.03   75.31   88.03
19:44:44 73.63   52.03   75.31   87.58
19:45:47 73.63   51.91   75.20   87.24
19:46:51 73.63   51.91   75.20   87.24
19:47:54 73.51   51.91   75.31   87.01
19:48:57 73.63   51.91   75.09   86.79
19:50:01 73.51   51.80   75.31   86.56
19:51:04 73.51   51.91   75.43   86.34
19:52:07 73.63   51.80   75.31   86.11
19:53:11 73.63   52.03   75.20   86.34
19:54:14 73.51   51.91   75.31   86.34
19:55:17 73.51   51.91   75.31   86.22
19:56:21 73.51   51.91   75.20   85.89
19:57:24 73.51   51.91   75.09   85.66
19:58:27 73.63   51.91   75.31   85.44
19:59:31 73.63   51.91   74.97   85.33
20:00:34 73.63   51.80   75.09   85.21
20:01:37 73.51   51.91   75.09   84.99
20:02:41 73.40   51.80   75.09   84.76
20:03:44 73.51   51.91   75.09   84.54
20:04:47 73.63   51.80   74.97   84.43
20:05:51 73.51   51.80   74.97   84.43
20:06:54 73.51   51.80   75.20   84.20
20:07:57 73.74   51.80   75.31   84.09
20:09:01 73.85   51.91   75.20   83.97
20:10:04 73.63   51.91   75.20   83.86
20:11:08 73.51   51.80   74.97   83.75
20:12:11 73.51   51.69   74.97   83.64
20:13:14 73.40   51.80   75.09   83.41
20:14:18 73.40   51.80   75.09   83.30
20:15:21 73.40   51.69   74.86   83.08
20:16:24 73.40   51.69   74.97   82.96
20:17:28 73.40   51.69   75.09   82.74
20:18:31 73.40   51.69   75.09   82.63
20:19:34 73.40   51.58   75.09   82.51
20:20:38 73.40   51.58   75.09   82.51
20:21:41 73.40   51.58   75.09   82.51
20:22:44 73.40   51.69   75.09   82.29
20:23:48 73.40   51.58   74.97   82.29
20:24:51 73.40   51.58   74.97   82.06
20:25:54 73.51   51.58   75.09   81.95
20:26:58 73.51   51.69   75.09   81.84
20:28:01 73.40   51.58   75.09   81.84
20:29:04 73.29   51.46   75.09   81.72
20:30:08 73.40   51.58   74.97   81.61
20:31:11 73.29   51.46   75.09   81.61
20:32:14 73.29   51.46   74.86   81.61
20:33:18 73.29   62.49   75.09   81.61
20:34:21 73.51   63.50   75.09   81.50
20:35:24 73.51   63.95   75.09   81.50
20:36:28 73.74   64.63   75.09   81.28
20:37:31 73.85   65.64   75.09   81.39
20:38:34 73.96   67.10   75.09   81.16
20:39:38 74.08   61.70   75.09   81.16
20:40:41 73.96   55.85   75.20   81.16
20:41:44 73.85   54.50   75.20   81.16
20:42:48 73.74   53.94   75.20   81.05
20:43:51 73.63   53.83   75.31   81.16
20:44:55 73.63   53.38   75.09   81.05
20:45:58 73.51   53.04   74.97   80.94
20:47:01 73.63   52.92   74.86   80.83
20:48:05 73.51   52.70   75.09   80.83
20:49:08 73.51   52.59   75.09   80.71
20:50:11 73.40   52.70   74.86   80.71
20:51:15 73.29   52.48   74.86   80.60
20:52:18 73.40   52.48   74.86   80.60
20:53:21 73.29   52.25   74.86   80.71
20:54:25 73.29   52.25   74.97   80.71
20:55:28 73.29   52.03   74.97   80.60
20:56:31 73.29   53.26   74.97   80.60
20:57:35 73.51   62.94   75.09   80.49
20:58:38 73.63   64.40   74.86   80.49
20:59:41 73.74   65.41   74.97   80.60
21:00:45 73.74   66.20   75.09   80.60
21:01:48 73.85   67.10   74.97   80.60
21:02:51 73.96   68.34   75.09   80.60
21:03:55 74.08   69.46   75.09   80.49
21:04:58 74.19   62.15   75.09   80.60
21:06:01 74.08   56.19   75.20   80.49
21:07:05 73.96   54.84   75.09   80.49
21:08:08 73.96   54.39   75.20   80.38
21:09:11 73.74   54.16   75.09   80.26
21:10:15 73.74   53.94   74.75   80.26
21:11:18 73.74   53.71   74.86   80.15
21:12:21 73.63   53.60   74.97   80.04
21:13:25 73.63   53.38   74.75   80.15
21:14:28 73.74   53.15   74.75   80.15
21:15:31 73.63   53.26   74.75   80.04
21:16:35 73.51   63.84   74.86   80.15
21:17:38 73.74   65.64   74.75   80.15
21:18:42 73.85   66.54   74.86   80.15
21:19:45 73.85   67.78   74.64   80.15
21:20:48 74.08   69.80   74.64   80.15
21:21:52 74.08   71.04   74.64   80.15
21:22:55 74.30   72.28   74.53   80.26
21:23:58 74.30   73.29   74.64   80.15
21:25:02 74.41   74.41   74.64   80.26
21:26:05 74.53   62.15   74.86   80.15
21:27:08 74.53   56.53   74.97   80.26
21:28:12 74.30   55.29   74.86   80.26
21:29:15 74.19   54.95   74.97   80.15
21:30:18 74.08   54.73   75.09   101.08
21:31:22 73.96   54.61   75.09   106.14
21:32:25 73.85   54.39   75.09   107.26
21:33:28 73.74   54.28   74.75   108.16
21:34:32 73.74   54.16   74.86   108.73
21:35:35 73.74   56.08   74.86   109.18
21:36:38 73.85   65.19   74.75   109.29
21:37:42 73.96   66.65   74.75   109.63
21:38:45 74.19   68.00   74.97   109.74
21:39:48 74.30   69.46   74.97   109.96
21:40:52 74.41   71.38   74.86   109.96
21:41:55 74.53   73.40   74.75   109.63
21:42:58 74.97   75.20   74.64   109.06
21:44:02 75.09   75.99   74.64   108.39
21:45:05 75.09   76.55   74.64   107.71
21:46:08 75.09   76.66   74.86   106.93
21:47:12 75.20   64.06   74.97   106.14
21:48:15 75.09   58.33   75.09   105.24
21:49:18 74.97   56.86   75.20   104.34
21:50:22 74.86   56.19   75.20   103.55
21:51:25 74.75   56.08   75.20   102.76
21:52:29 74.64   55.74   75.20   102.09
21:53:32 74.53   55.85   75.20   101.53
21:54:35 74.41   55.85   75.20   100.85
21:55:39 74.30   55.74   75.20   100.18
21:56:42 74.30   62.26   75.09   99.50
21:57:45 74.30   66.65   75.09   98.94
21:58:49 74.30   67.55   75.09   98.38
21:59:52 74.41   69.01   75.20   98.04
22:00:55 74.64   70.25   75.09   97.59
22:01:59 74.64   70.81   74.86   97.03
22:03:02 74.75   72.39   74.86   96.58
22:04:05 74.75   74.19   74.75   96.01
22:05:09 74.75   75.20   74.97   95.56
22:06:12 74.86   76.10   74.97   95.45
22:07:15 74.97   76.44   74.86   95.11
22:08:19 74.97   76.66   75.20   94.78
22:09:22 75.09   76.78   75.20   94.55
22:10:25 75.09   73.96   75.31   94.10
22:11:29 75.09   60.35   75.43   93.76
22:12:32 74.97   56.75   75.43   93.43
22:13:35 74.75   55.96   75.43   93.09
22:14:39 74.64   55.63   75.43   92.75
22:15:42 74.41   55.63   75.43   92.41
22:16:45 74.30   55.51   75.20   92.19
22:17:49 74.19   55.51   75.20   91.74
22:18:52 74.08   55.40   75.20   91.29
22:19:55 74.08   55.29   75.20   91.06
22:20:59 73.96   55.29   74.97   90.84
22:22:02 73.96   55.06   74.97   90.61
22:23:05 73.85   54.84   75.09   90.28
22:24:09 73.85   54.61   75.20   89.94
22:25:12 73.85   54.39   75.20   89.71
22:26:15 73.74   54.28   74.97   89.38
22:27:19 73.74   54.16   75.09   89.04
22:28:22 73.63   54.05   75.09   88.81
22:29:26 73.63   53.83   74.86   88.47
22:30:29 73.63   53.94   74.97   88.25
22:31:32 73.63   54.05   74.97   88.14
22:32:36 73.63   53.94   74.86   87.91
22:33:39 73.63   53.94   74.86   87.80
22:34:42 73.51   54.16   74.86   87.46
22:35:46 73.51   53.60   74.86   87.13
22:36:49 73.40   53.83   74.75   87.01
22:37:52 73.40   53.60   74.75   86.68
22:38:56 73.40   53.38   74.75   86.56
22:39:59 73.40   53.60   74.64   86.34
22:41:02 73.29   53.26   74.75   86.22
22:42:06 73.51   53.26   74.75   86.00
22:43:09 73.40   53.15   74.64   85.89
22:44:12 73.29   53.49   74.64   92.19
22:45:16 73.29   53.04   74.53   108.05
22:46:19 73.29   53.04   74.53   111.20
22:47:22 73.18   53.26   74.53   111.88
22:48:26 73.29   53.04   74.64   111.43
22:49:29 73.18   52.92   74.53   110.53
22:50:32 73.18   52.92   74.53   109.51
22:51:36 73.06   52.59   74.53   108.39
22:52:39 73.06   52.81   74.41   107.15
22:53:42 73.06   52.92   74.53   106.25
22:54:46 73.06   52.59   74.41   105.24
22:55:49 73.06   52.59   74.41   104.34
22:56:52 73.06   52.36   74.41   103.44
22:57:56 72.84   52.48   74.41   102.54
22:58:59 72.95   52.59   74.41   101.75
23:00:02 72.95   52.48   74.19   100.96
23:01:06 72.95   52.48   74.30   100.29
23:02:09 72.84   52.36   74.19   99.73
23:03:13 72.95   52.14   74.19   98.94
23:04:16 72.84   52.14   74.41   98.38
23:05:19 72.84   52.36   74.19   97.70
23:06:23 72.72   52.25   74.30   97.14
23:07:26 72.61   52.25   74.30   96.58
23:08:29 72.72   51.80   74.30   96.01
23:09:33 72.72   51.91   74.19   95.45
23:10:36 72.61   51.80   74.08   94.89
23:11:39 72.61   51.80   74.19   94.44
23:12:43 72.61   51.80   74.08   93.99
23:13:46 72.61   51.58   74.08   93.43
23:14:49 72.61   51.58   73.96   92.97
23:15:53 72.50   51.58   74.08   92.53
23:16:56 72.50   51.58   74.08   92.19
23:17:59 72.61   51.58   74.08   91.74
23:19:03 72.50   51.58   73.96   91.29
23:20:06 72.50   51.24   73.96   90.95
23:21:09 72.50   51.46   73.96   95.90
23:22:13 72.50   51.13   73.96   106.14
23:23:16 72.39   51.80   73.96   107.26
23:24:19 72.50   51.69   73.96   106.48
23:25:23 72.50   51.46   73.85   105.46
23:26:26 72.39   51.46   73.85   104.34
23:27:29 72.28   51.35   73.85   103.33
23:28:33 72.39   51.35   73.85   102.31
23:29:36 72.39   51.13   73.74   101.41
23:30:39 72.39   51.01   73.63   100.51
23:31:43 72.39   51.24   73.74   99.61
23:32:46 72.28   51.13   73.74   98.83
23:33:50 72.28   51.01   73.74   98.26
23:34:53 72.16   51.13   73.63   97.48
23:35:56 72.16   51.01   73.74   96.80
23:37:00 72.16   51.01   73.63   96.13
23:38:03 72.16   50.90   73.74   95.68
23:39:06 72.16   50.90   73.63   95.11
23:40:10 72.05   50.90   73.63   94.44
23:41:13 72.05   50.79   73.63   93.88
23:42:16 72.16   50.90   73.51   93.31
23:43:20 71.94   50.79   73.51   92.86
23:44:23 72.05   50.67   73.51   92.53
23:45:26 72.05   50.79   73.63   91.96
23:46:30 72.05   50.56   73.63   91.51
23:47:33 71.94   50.67   73.51   91.18
23:48:36 71.94   50.67   73.40   90.61
23:49:40 71.94   50.67   73.40   90.16
23:50:43 71.94   50.67   73.51   89.94
23:51:46 71.94   50.45   73.29   89.60
23:52:50 71.83   50.56   73.40   89.04
23:53:53 71.94   50.56   73.40   88.81
23:54:56 71.83   50.45   73.29   88.59
23:56:00 71.83   50.34   73.18   88.14
23:57:03 71.83   50.34   73.29   87.80
23:58:06 71.83   50.45   73.40   87.58
23:59:10 71.83   50.34   73.29   87.24
