00:00:04 72.50   51.46   74.86   89.38
00:01:08 72.39   51.46   74.64   89.04
00:02:11 72.39   51.35   74.41   88.70
00:03:14 72.39   51.24   74.75   88.47
00:04:18 72.39   51.24   74.64   88.14
00:05:21 72.39   51.24   74.75   87.91
00:06:24 72.28   51.24   74.75   87.69
00:07:28 72.28   51.13   74.75   87.46
00:08:38 72.28   51.24   74.53   87.13
00:09:41 72.16   51.24   74.64   86.79
00:10:45 72.28   51.24   74.86   86.45
00:11:48 72.16   51.13   74.97   86.22
00:12:52 72.16   51.24   74.64   86.00
00:13:55 72.16   51.13   74.53   85.78
00:14:58 72.16   50.90   74.75   85.66
00:16:02 72.16   51.13   74.53   85.44
00:17:05 72.16   51.13   74.64   85.10
00:18:08 72.16   50.90   74.75   84.88
00:19:12 72.16   51.01   74.64   84.65
00:20:15 72.16   51.13   74.64   84.54
00:21:18 72.16   51.01   74.75   84.54
00:22:22 72.16   51.01   74.64   84.20
00:23:25 72.16   51.13   74.53   83.97
00:24:28 72.16   50.90   74.64   83.86
00:25:32 72.05   50.90   74.64   83.75
00:26:35 72.05   51.01   74.64   83.53
00:27:38 72.05   50.90   74.75   83.41
00:28:49 72.16   51.01   74.30   83.30
00:29:52 71.94   61.03   74.53   83.30
00:30:55 72.16   62.60   74.53   83.30
00:31:59 72.28   63.39   74.53   83.19
00:33:02 72.50   63.84   74.41   82.96
00:34:05 72.50   64.51   74.30   82.74
00:35:12 72.50   65.64   74.19   82.63
00:36:16 72.61   64.18   74.19   82.51
00:37:19 72.72   57.20   74.19   82.40
00:38:22 72.61   54.16   74.19   82.29
00:39:29 72.61   53.38   74.41   82.06
00:40:33 72.39   53.04   74.41   82.06
00:41:36 72.39   52.81   74.41   81.95
00:42:39 72.28   52.48   74.53   81.95
00:43:43 72.28   52.25   74.53   81.84
00:44:46 72.28   52.14   74.41   81.72
00:45:49 72.16   52.03   74.64   81.61
00:46:53 72.16   51.91   74.86   81.61
00:47:56 72.16   51.69   74.86   81.39
00:48:59 72.05   51.46   74.86   81.39
00:50:03 72.05   51.24   74.41   81.39
00:51:06 72.05   62.83   74.41   81.28
00:52:09 72.16   63.28   74.41   81.16
00:53:13 72.39   64.06   74.30   81.05
00:54:16 72.39   65.08   74.53   81.05
00:55:19 72.50   65.97   74.41   81.05
00:56:23 72.61   66.99   74.19   81.05
00:57:26 72.72   68.68   74.19   80.94
00:58:29 72.72   69.91   74.30   80.83
00:59:33 72.84   70.59   73.96   80.83
01:00:36 72.84   59.56   74.19   80.83
01:01:39 72.84   55.40   74.19   80.71
01:02:43 72.72   54.39   74.19   80.71
01:03:46 72.50   53.94   74.75   80.60
01:04:49 72.39   53.26   74.41   80.49
01:05:53 72.39   53.15   74.53   80.38
01:06:56 72.39   52.81   74.41   80.26
01:08:00 72.39   52.59   74.53   80.26
01:09:03 72.28   59.23   74.75   80.26
01:10:06 72.28   63.50   74.75   80.26
01:11:10 72.50   65.41   74.75   80.26
01:12:13 72.61   66.76   74.53   80.15
01:13:16 72.50   68.45   74.53   80.04
01:14:20 72.61   70.47   74.64   80.15
01:15:23 72.72   72.28   74.64   80.26
01:16:30 72.84   73.40   74.53   80.26
01:17:33 72.95   74.08   74.41   80.38
01:18:36 73.06   74.53   74.41   80.49
01:19:43 73.18   74.86   74.53   80.49
01:20:47 73.18   75.20   74.53   80.38
01:21:50 73.29   75.31   74.64   80.49
01:22:53 73.29   60.46   74.75   80.49
01:23:57 73.18   55.96   74.53   80.38
01:25:00 73.06   54.84   74.53   80.38
01:26:03 72.95   54.28   74.64   80.49
01:27:07 72.84   53.94   74.64   80.38
01:28:10 72.72   53.49   74.41   80.26
01:29:13 72.50   53.26   74.41   80.04
01:30:17 72.61   63.61   74.53   79.93
01:31:20 72.50   65.53   74.64   79.93
01:32:23 72.61   66.99   74.75   80.04
01:33:27 72.72   69.69   74.97   80.04
01:34:30 72.72   72.61   74.64   79.93
01:35:33 72.95   74.30   74.86   79.93
01:36:37 72.95   74.97   74.86   80.04
01:37:40 73.06   75.31   74.53   80.04
01:38:47 73.18   75.54   74.64   80.04
01:39:54 73.29   75.76   74.75   80.15
01:40:57 73.29   75.76   74.75   80.04
01:42:01 73.40   75.88   74.64   80.15
01:43:04 73.40   75.88   75.09   80.15
01:44:07 73.51   75.99   74.64   80.04
01:45:11 73.51   76.10   74.75   80.04
01:46:14 73.63   76.10   74.97   80.04
01:47:17 73.74   76.21   75.09   80.04
01:48:21 73.74   76.21   74.75   79.93
01:49:24 73.74   76.21   74.86   79.93
01:50:27 73.85   76.21   74.86   79.93
01:51:31 73.74   76.33   74.97   80.04
01:52:34 73.85   76.33   75.31   80.15
01:53:37 73.96   76.33   74.97   80.15
01:54:41 73.85   76.44   74.97   80.15
01:55:44 73.85   76.44   75.43   80.26
01:56:47 73.96   76.55   75.20   80.26
01:57:51 73.96   76.44   75.09   80.15
01:58:54 73.96   76.55   75.09   80.38
01:59:57 74.08   76.55   75.09   80.49
02:01:04 74.08   76.55   75.20   80.49
02:02:08 74.19   76.66   75.20   80.38
02:03:11 74.19   76.66   75.31   80.38
02:04:14 74.08   76.66   75.43   80.38
02:05:18 74.19   76.66   75.20   80.49
02:06:21 74.19   76.66   75.09   80.49
02:07:24 74.19   76.66   75.20   80.49
02:08:28 74.19   76.78   75.31   80.49
02:09:31 74.30   76.78   75.31   80.49
02:10:34 74.30   76.78   75.43   80.49
02:11:38 74.30   76.78   75.54   80.60
02:12:41 74.30   76.78   75.54   80.60
02:13:44 74.30   76.89   75.54   80.60
02:14:48 74.30   76.89   75.65   80.60
02:15:51 74.41   76.89   75.43   80.71
02:16:54 74.53   76.89   75.43   80.83
02:17:58 74.41   76.89   75.65   80.60
02:19:01 74.41   77.00   75.43   80.60
02:20:04 74.41   77.00   75.31   80.60
02:21:08 74.41   77.00   75.31   80.60
02:22:11 74.53   77.00   75.43   80.71
02:23:14 74.41   77.11   75.31   80.71
02:24:18 74.53   77.00   75.76   80.83
02:25:21 74.53   77.11   75.65   80.94
02:26:25 74.53   77.11   75.76   80.94
02:27:28 74.53   77.11   75.65   80.94
02:28:31 74.53   77.11   75.76   81.05
02:29:35 74.53   77.11   75.88   81.05
02:30:38 74.53   77.11   76.33   81.05
02:31:41 74.53   77.11   75.99   81.05
02:32:45 74.53   77.11   75.99   80.94
02:33:48 74.53   77.11   75.76   81.05
02:34:51 74.53   77.11   75.76   80.94
02:35:55 74.64   77.11   75.76   81.05
02:36:58 74.53   77.11   75.76   81.05
02:38:01 74.64   77.22   75.99   81.16
02:39:05 74.64   77.11   76.10   81.16
02:40:08 74.64   77.22   76.21   81.16
02:41:11 74.64   77.22   76.33   81.28
02:42:15 74.64   77.22   76.33   81.28
02:43:18 74.64   77.22   76.44   81.28
02:44:25 74.64   77.22   76.44   81.28
02:45:28 74.64   77.34   76.33   81.39
02:46:32 74.64   77.34   75.99   81.39
02:47:35 74.75   77.34   76.33   81.28
02:48:38 74.64   77.34   76.33   81.28
02:49:42 74.64   77.34   76.44   81.28
02:50:45 74.75   77.34   76.55   81.39
02:51:48 74.75   77.34   76.66   81.28
02:52:52 74.75   77.45   76.66   81.39
02:53:55 74.75   77.45   76.44   81.39
02:54:58 74.86   77.34   76.55   81.39
02:56:02 74.75   77.45   76.55   81.39
02:57:05 74.75   77.45   76.55   81.39
02:58:08 74.86   77.45   76.44   81.50
02:59:12 74.86   77.45   76.44   81.50
03:00:15 74.86   77.45   76.44   81.50
03:01:25 74.86   77.56   76.44   81.50
03:02:29 74.86   77.56   76.44   81.39
03:03:32 74.86   77.56   76.33   81.39
03:04:35 74.97   77.56   76.55   81.50
03:05:39 74.86   77.56   76.78   81.50
03:06:42 74.97   77.56   76.55   81.50
03:07:45 74.97   77.56   76.55   81.50
03:08:49 74.97   77.56   76.66   81.50
03:09:52 74.97   77.56   76.55   81.50
03:10:56 74.86   77.56   76.66   81.61
03:11:59 74.97   77.68   76.66   81.61
03:13:02 74.97   77.68   76.78   81.61
03:14:06 74.97   77.68   76.78   81.72
03:15:09 74.97   77.68   76.78   81.72
03:16:12 74.97   77.68   76.89   81.72
03:17:16 74.97   77.68   76.89   81.72
03:18:19 74.97   77.68   76.78   81.84
03:19:22 74.97   77.68   77.00   81.84
03:20:26 74.97   77.68   77.11   81.84
03:21:29 74.97   77.79   76.89   81.72
03:22:32 75.09   77.79   77.00   81.84
03:23:36 74.97   77.79   77.00   81.84
03:24:39 75.09   77.79   77.11   81.84
03:25:42 75.09   77.79   77.11   81.84
03:26:46 75.09   77.79   77.00   81.84
03:27:49 75.09   77.90   76.89   81.95
03:28:52 75.09   77.90   77.11   81.95
03:29:59 75.09   77.90   76.78   81.95
03:31:03 75.09   77.90   76.89   81.95
03:32:06 75.09   77.90   77.11   82.06
03:33:09 75.09   77.90   76.89   81.95
03:34:13 75.20   77.90   76.89   81.84
03:35:16 75.31   77.90   77.11   81.84
03:36:19 75.20   77.90   77.34   81.95
03:37:23 75.20   77.90   77.11   81.95
03:38:26 75.20   77.79   76.78   81.95
03:39:29 75.20   77.79   77.22   81.95
03:40:33 75.20   77.90   77.22   82.06
03:41:36 75.20   77.79   77.00   82.06
03:42:39 75.20   77.90   77.22   82.06
03:43:43 75.20   77.90   77.34   82.06
03:44:46 75.20   77.90   77.11   82.06
03:45:49 75.20   78.01   77.00   82.06
03:46:53 75.20   78.01   77.11   82.06
03:48:03 75.31   78.01   77.22   82.06
03:49:06 75.20   78.01   77.00   81.95
03:50:10 75.20   78.01   77.11   82.06
03:51:13 75.31   62.04   77.34   82.06
03:52:16 75.09   58.21   77.22   81.95
03:53:20 74.97   57.09   77.11   81.95
03:54:23 74.75   56.75   76.66   82.06
03:55:27 74.64   56.75   77.45   81.95
03:56:30 74.41   56.53   77.22   81.84
03:57:33 74.30   65.08   77.34   81.84
03:58:37 74.30   67.78   77.22   81.84
03:59:40 74.30   69.35   77.00   81.95
04:00:43 74.53   71.26   77.11   81.95
04:01:47 74.53   72.72   77.22   81.84
04:02:50 74.53   74.97   76.89   82.06
04:03:53 74.53   76.44   76.78   82.18
04:04:57 74.64   77.22   76.89   82.18
04:06:00 74.75   77.45   76.78   82.06
04:07:03 74.75   77.68   77.11   82.06
04:08:07 74.86   77.79   76.89   82.18
04:09:10 74.97   77.90   76.89   82.06
04:10:20 74.97   78.01   77.00   82.06
04:11:24 75.09   78.01   77.11   82.18
04:12:27 75.09   78.01   77.00   82.18
04:13:30 75.20   78.13   77.22   82.18
04:14:34 75.20   78.13   77.22   82.18
04:15:37 75.20   78.13   77.11   82.18
04:16:40 75.20   78.13   77.11   82.29
04:17:44 75.20   78.24   77.00   82.18
04:18:47 75.20   78.24   77.22   82.29
04:19:50 75.20   65.41   77.22   82.29
04:20:54 75.20   58.66   77.22   82.18
04:21:57 74.97   57.31   77.11   82.18
04:23:00 74.86   56.86   77.00   82.06
04:24:07 74.64   56.41   77.45   82.06
04:25:11 74.41   55.85   77.11   81.95
04:26:14 74.30   55.29   77.11   81.84
04:27:17 74.30   63.73   77.11   81.72
04:28:21 74.19   66.99   77.00   81.84
04:29:24 74.30   68.22   76.89   81.84
04:30:27 74.41   69.91   77.11   81.72
04:31:31 74.41   72.16   76.89   81.84
04:32:34 74.53   74.19   76.66   81.84
04:33:37 74.53   76.10   76.78   81.84
04:34:41 74.53   77.11   77.00   81.95
04:35:44 74.64   77.56   76.89   82.06
04:36:47 74.75   77.68   76.89   82.06
04:37:51 74.86   77.79   77.00   82.06
04:38:54 74.86   77.90   77.00   81.95
04:39:57 74.86   77.90   77.11   82.06
04:41:01 74.97   78.01   76.89   82.06
04:42:04 75.09   78.13   77.00   82.06
04:43:08 75.09   75.99   77.00   82.18
04:44:11 75.20   61.14   76.89   82.06
04:45:14 75.09   57.65   76.78   81.95
04:46:18 74.86   57.20   76.78   81.95
04:47:21 74.64   56.64   77.00   81.95
04:48:24 74.41   55.96   77.11   81.84
04:49:28 74.30   55.63   77.11   81.72
04:50:31 74.30   55.06   77.11   81.50
04:51:34 74.08   55.96   76.89   81.50
04:52:38 74.08   65.53   76.66   81.61
04:53:41 74.19   67.33   77.11   81.61
04:54:44 74.30   68.34   77.00   81.61
04:55:48 74.41   70.03   76.89   81.50
04:56:51 74.30   72.16   76.78   81.50
04:57:54 74.41   73.63   76.78   81.61
04:58:58 74.41   75.54   76.78   81.61
05:00:01 74.41   76.78   76.78   81.61
05:01:04 74.53   77.34   77.00   81.72
05:02:08 74.64   77.56   77.00   81.84
05:03:11 74.64   77.68   77.00   81.84
05:04:14 74.75   73.51   76.89   81.84
05:05:18 74.75   60.46   77.11   81.72
05:06:21 74.64   57.54   76.78   81.72
05:07:24 74.53   57.09   76.78   81.61
05:08:28 74.30   56.53   76.78   81.50
05:09:31 74.19   56.19   77.00   81.50
05:10:34 74.08   55.74   77.00   81.50
05:11:38 73.96   55.29   76.78   81.39
05:12:41 73.96   54.84   77.00   81.39
05:13:45 73.85   64.74   77.00   81.39
05:14:48 73.96   66.88   77.00   81.50
05:15:51 74.08   67.89   76.78   81.50
05:17:02 74.08   69.13   76.78   81.50
05:18:05 74.19   71.26   76.66   81.50
05:19:08 74.19   72.84   76.66   81.28
05:20:12 74.30   74.41   76.66   81.28
05:21:15 74.30   75.99   76.66   81.16
05:22:18 74.30   77.00   76.78   81.39
05:23:22 74.41   77.34   76.78   81.50
05:24:25 74.64   67.44   76.78   81.61
05:25:28 74.64   59.00   76.78   81.61
05:26:32 74.53   57.20   76.44   81.61
05:27:35 74.41   56.86   76.55   81.50
05:28:38 74.19   56.30   76.66   81.39
05:29:42 74.08   55.96   76.89   81.28
05:30:45 73.96   55.17   76.55   81.16
05:31:48 73.85   55.06   76.44   81.16
05:32:52 73.74   54.84   76.33   81.05
05:33:55 73.74   54.61   76.78   81.05
05:34:58 73.74   64.85   76.66   81.05
05:36:02 73.74   65.97   76.66   81.28
05:37:05 73.85   67.33   76.55   81.28
05:38:08 73.96   68.11   76.66   81.28
05:39:12 74.08   69.35   76.78   81.28
05:40:15 74.08   71.38   76.55   81.28
05:41:18 74.08   72.84   76.55   81.28
05:42:22 74.08   74.08   76.78   81.28
05:43:25 74.19   75.65   76.78   81.39
05:44:29 74.30   66.20   76.55   81.28
05:45:32 74.30   58.66   76.33   81.39
05:46:35 74.19   57.09   76.44   81.16
05:47:39 74.19   56.64   76.44   81.16
05:48:42 73.96   56.30   76.55   81.16
05:49:49 73.85   55.74   76.66   81.16
05:50:52 73.74   55.06   76.66   81.16
05:51:55 73.63   54.84   76.55   81.16
05:52:59 73.63   54.61   76.44   81.05
05:54:02 73.51   54.39   76.21   81.05
05:55:05 73.51   54.28   76.44   80.94
05:56:09 73.51   62.26   76.33   80.94
05:57:12 73.51   64.85   76.44   80.94
05:58:15 73.74   66.43   76.21   80.83
05:59:19 73.74   67.44   76.44   80.83
06:00:22 73.85   68.22   76.33   81.05
06:01:26 73.85   69.46   76.21   81.05
06:02:29 73.96   71.15   76.21   80.94
06:03:32 73.96   72.39   76.10   80.94
06:04:36 73.96   73.63   76.21   81.05
06:05:39 73.96   74.75   76.55   81.05
06:06:42 74.08   75.88   76.33   81.05
06:07:46 74.19   76.66   76.21   81.05
06:08:49 74.30   77.11   76.44   80.94
06:09:52 74.30   77.22   76.44   81.05
06:10:56 74.41   77.34   76.44   81.16
06:11:59 74.41   77.45   76.55   81.05
06:13:02 74.53   77.45   76.44   81.16
06:14:06 74.53   77.56   76.66   81.16
06:15:09 74.64   77.56   76.44   81.16
06:16:12 74.64   77.56   76.44   81.16
06:17:16 74.64   77.68   76.55   81.28
06:18:19 74.64   77.68   76.78   81.28
06:19:22 74.75   77.79   76.66   81.28
06:20:26 74.75   77.79   76.33   81.39
06:21:29 74.75   77.79   76.44   81.28
06:22:32 74.97   77.90   77.11   81.39
06:23:36 74.97   78.01   77.11   81.39
06:24:39 74.86   78.01   77.34   81.39
06:25:42 74.97   78.01   77.11   81.50
06:26:46 74.97   78.01   77.56   81.50
06:27:49 75.09   78.01   77.34   81.50
06:28:52 74.97   78.13   77.34   81.50
06:29:56 75.09   78.13   77.68   81.39
06:30:59 75.09   78.13   77.68   81.39
06:32:03 75.09   78.13   77.56   81.50
06:33:06 75.09   78.24   77.68   81.50
06:34:09 75.20   78.24   77.68   81.50
06:35:13 75.20   78.24   78.13   81.50
06:36:19 75.31   78.24   77.68   81.50
06:37:23 75.31   78.24   78.24   81.50
06:38:26 75.31   78.35   78.13   81.50
06:39:29 75.31   78.35   78.01   81.61
06:40:36 75.31   78.35   78.13   81.61
06:41:40 75.31   78.35   78.24   81.61
06:42:43 75.43   78.46   78.24   81.72
06:43:46 75.43   78.46   78.46   81.72
06:44:50 75.43   78.46   78.13   81.84
06:45:53 75.43   78.46   78.35   81.84
06:46:56 75.43   78.46   78.58   81.84
06:48:00 75.54   78.46   78.58   81.84
06:49:03 75.54   78.46   78.58   81.84
06:50:06 75.54   78.58   78.35   81.84
06:51:10 75.65   78.58   78.35   81.84
06:52:13 75.54   78.58   78.24   81.95
06:53:16 75.65   78.58   78.46   82.06
06:54:20 75.65   78.58   78.24   82.06
06:55:23 75.65   78.58   78.46   81.95
06:56:26 75.76   78.58   78.35   81.84
06:57:30 75.65   78.58   78.46   82.06
06:58:33 75.65   78.58   78.58   82.29
06:59:36 75.65   78.69   78.35   82.29
07:00:43 75.76   78.69   78.46   82.18
07:01:47 75.76   78.69   78.24   82.29
07:02:50 75.76   78.69   78.58   82.29
07:03:53 75.76   78.69   78.46   82.29
07:04:57 75.76   78.69   78.46   82.18
07:06:00 75.88   78.80   78.58   82.29
07:07:03 75.88   78.80   78.69   82.29
07:08:07 75.99   78.80   78.46   82.29
07:09:10 75.88   78.80   78.46   82.40
07:10:13 75.88   78.80   78.46   82.40
07:11:17 75.88   78.80   78.58   82.40
07:12:20 75.99   78.91   78.58   82.40
07:13:23 75.99   78.80   78.69   82.63
07:14:27 75.99   78.91   78.46   82.51
07:15:34 75.99   78.91   78.35   82.63
07:16:37 75.99   78.91   78.58   82.51
07:17:40 76.10   78.91   78.46   82.51
07:18:44 75.99   78.91   78.46   82.40
07:19:47 76.10   78.91   78.58   82.40
07:20:50 75.99   78.91   78.58   82.40
07:21:54 76.10   79.03   78.69   82.40
07:22:57 76.10   79.03   78.58   82.40
07:24:00 76.10   79.03   78.46   82.51
07:25:04 76.10   79.03   78.35   82.51
07:26:07 76.10   79.03   78.46   82.40
07:27:10 76.21   79.03   78.58   82.51
07:28:14 76.10   79.03   78.69   82.51
07:29:17 76.21   79.14   78.69   82.51
07:30:20 76.10   79.14   78.69   82.51
07:31:24 76.10   79.03   78.69   82.63
07:32:27 76.21   79.14   78.91   82.74
07:33:31 76.21   79.14   78.80   82.85
07:34:34 76.21   79.14   78.91   82.85
07:35:37 76.21   79.14   78.80   82.96
07:36:41 76.21   79.14   78.69   83.08
07:37:44 76.33   79.14   79.03   82.96
07:38:51 76.33   79.14   78.80   82.85
07:39:54 76.33   79.25   79.03   82.85
07:41:01 76.33   79.14   79.03   82.96
07:42:04 76.33   79.25   79.03   82.96
07:43:11 76.33   79.14   79.14   83.08
07:44:15 76.21   79.14   79.14   83.08
07:45:18 76.33   79.25   79.14   82.96
07:46:21 76.44   79.25   78.91   82.85
07:47:28 76.44   79.36   79.03   82.96
07:48:31 76.44   79.36   79.14   82.96
07:49:35 76.55   79.36   78.91   83.08
07:50:38 76.55   79.47   79.03   83.08
07:51:41 76.55   79.47   79.14   83.19
07:52:45 76.55   79.47   79.03   83.08
07:53:48 76.66   79.47   79.03   83.08
07:54:51 76.66   79.47   79.14   83.19
07:55:55 76.66   79.59   79.14   83.30
07:56:58 76.66   79.59   79.25   83.41
07:58:02 76.66   79.59   79.25   83.41
07:59:08 76.78   79.59   79.25   83.19
08:00:12 76.66   79.59   79.14   83.30
08:01:15 76.66   79.59   79.25   90.84
08:02:18 76.78   79.59   79.14   91.96
08:03:22 76.66   79.59   79.25   91.63
08:04:25 76.78   79.70   79.14   91.06
08:05:28 76.89   79.70   79.25   90.61
08:06:32 76.89   79.70   79.25   90.16
08:07:35 76.78   79.70   79.36   89.71
08:08:38 76.89   79.70   79.36   89.26
08:09:42 76.89   79.70   79.14   88.93
08:10:45 76.89   79.81   79.14   88.70
08:11:49 76.89   79.81   79.47   88.47
08:12:52 76.89   79.81   79.25   88.25
08:13:55 76.89   79.81   79.47   88.14
08:14:59 76.89   79.81   79.36   87.91
08:16:02 76.89   79.81   79.59   87.80
08:17:05 77.00   79.81   79.47   92.64
08:18:09 76.89   79.81   79.36   104.34
08:19:12 76.89   79.81   79.36   106.81
08:20:15 77.00   79.81   79.59   107.38
08:21:19 77.00   79.93   79.47   107.71
08:22:22 77.00   79.93   79.59   108.39
08:23:29 77.00   79.93   79.47   108.95
08:24:32 77.11   79.93   79.36   109.40
08:25:36 77.11   80.04   79.70   109.74
08:26:39 77.11   80.04   79.70   109.85
08:27:42 77.11   69.35   79.47   110.08
08:28:49 77.11   61.48   79.70   110.19
08:29:52 77.00   59.90   79.47   110.30
08:30:56 76.89   59.11   79.47   110.08
08:31:59 76.78   58.89   79.81   110.19
08:33:02 76.55   58.66   79.59   110.64
08:34:06 76.44   61.70   79.36   110.98
08:35:09 76.44   68.90   79.59   111.09
08:36:12 76.55   70.25   79.47   110.75
08:37:16 76.55   72.72   79.47   110.19
08:38:19 76.66   74.53   79.70   109.85
08:39:23 76.66   76.21   79.47   110.64
08:40:26 76.89   77.90   79.36   109.63
08:41:29 76.89   79.03   79.59   108.61
08:42:33 77.00   79.70   79.47   107.49
08:43:36 77.11   79.93   79.47   106.48
08:44:39 77.22   80.04   79.47   105.58
08:45:43 77.34   80.15   79.47   105.01
08:46:46 77.45   80.26   79.36   104.56
08:47:49 77.56   80.38   79.36   104.11
08:48:53 77.56   80.38   79.36   103.66
08:49:56 77.56   80.49   79.59   103.10
08:50:59 77.68   67.33   79.70   102.65
08:52:10 77.56   61.48   79.70   102.09
08:53:13 77.45   60.46   79.59   101.53
08:54:20 77.22   59.90   79.70   100.85
08:55:23 77.22   59.67   79.93   100.29
08:56:27 77.11   59.45   79.70   99.95
08:57:30 77.00   59.23   79.59   99.61
08:58:33 76.89   59.00   79.70   99.16
08:59:37 76.89   59.00   79.59   98.83
09:00:40 76.78   66.09   79.36   98.71
09:01:43 76.89   69.58   79.81   98.38
09:02:47 77.00   70.36   79.81   97.92
09:03:50 77.00   71.38   79.59   97.48
09:04:53 77.11   72.61   79.47   97.25
09:05:57 77.11   73.85   79.47   97.14
09:07:00 77.22   75.09   79.47   96.80
09:08:03 77.22   76.10   79.59   96.35
09:09:07 77.22   71.38   79.59   96.13
09:10:10 77.22   62.38   79.93   95.79
09:11:13 77.11   60.91   79.70   95.45
09:12:17 77.11   60.35   79.47   95.22
09:13:20 76.89   59.90   79.81   95.11
09:14:23 76.89   59.67   79.70   94.78
09:15:27 76.66   59.34   79.70   94.44
09:16:30 76.66   59.23   79.47   94.21
09:17:33 76.55   58.89   79.81   93.88
09:18:37 76.55   58.21   79.70   93.54
09:19:40 76.55   58.44   79.59   93.31
09:20:43 76.44   57.76   79.70   92.97
09:21:47 76.33   57.54   79.59   92.64
09:22:50 76.33   57.31   79.59   92.41
09:23:54 76.33   57.20   79.36   92.08
09:24:57 76.33   57.31   79.36   91.85
09:26:00 76.33   57.20   79.03   91.63
09:27:04 76.21   57.31   79.36   91.40
09:28:07 76.21   56.98   79.25   91.29
09:29:10 76.21   56.64   79.25   91.06
09:30:14 76.21   56.86   79.25   90.84
09:31:20 76.33   56.75   79.36   90.61
09:32:24 76.33   56.64   78.91   90.28
09:33:31 76.21   56.53   78.91   90.05
09:34:34 76.21   56.41   79.03   89.94
09:35:44 76.21   56.64   78.91   89.71
09:36:48 76.21   56.41   78.69   89.38
09:37:51 76.21   56.41   78.91   89.26
09:38:54 76.21   56.30   79.14   89.04
09:39:58 76.21   56.19   79.25   88.81
09:41:01 76.10   56.19   78.91   88.59
09:42:04 76.10   56.08   78.80   88.47
09:43:08 75.99   56.08   78.69   88.25
09:44:11 76.10   56.08   78.80   88.14
09:45:15 75.99   55.85   78.69   88.03
09:46:18 75.99   55.85   78.69   87.80
09:47:21 75.99   55.96   79.03   87.69
09:48:25 75.99   55.96   78.69   87.46
09:49:28 75.99   55.85   78.80   87.24
09:50:31 75.99   56.08   78.69   87.01
09:51:35 75.88   55.74   78.80   86.90
09:52:38 75.88   55.74   78.46   86.79
09:53:41 75.99   55.85   78.80   86.56
09:54:45 75.88   55.63   78.80   86.45
09:55:48 75.99   55.74   78.69   86.34
09:56:51 75.99   55.74   78.58   86.22
09:57:55 75.76   55.74   78.58   86.11
09:58:58 75.88   55.74   78.46   86.00
10:00:01 75.88   55.74   78.91   86.00
10:01:05 75.88   55.74   78.46   85.89
10:02:08 75.88   55.63   78.24   85.78
10:03:11 75.76   55.63   78.35   85.55
10:04:15 75.88   55.63   78.58   85.44
10:05:18 75.88   55.74   78.46   102.76
10:06:21 75.99   55.85   78.58   106.81
10:07:25 75.99   56.08   78.58   107.38
10:08:28 75.99   56.08   78.24   107.26
10:09:31 75.88   55.96   78.35   107.26
10:10:35 76.10   56.08   78.24   107.15
10:11:38 75.99   56.30   78.24   106.81
10:12:41 76.10   56.08   78.35   106.14
10:13:45 76.10   56.19   78.35   105.69
10:14:48 76.10   56.19   77.90   105.01
10:15:51 76.10   56.08   78.24   104.45
10:16:55 76.10   56.30   78.35   103.66
10:17:58 76.21   56.19   78.35   102.99
10:19:02 76.21   56.19   78.46   108.84
10:20:08 76.21   56.30   78.35   110.08
10:21:12 76.33   56.30   78.46   109.74
10:22:15 76.33   56.53   78.24   109.18
10:23:18 76.33   56.53   78.24   108.28
10:24:22 76.21   56.30   78.46   107.38
10:25:25 76.21   56.19   78.35   106.59
10:26:28 76.21   56.30   78.46   105.80
10:27:32 76.33   56.30   78.35   111.43
10:28:35 76.33   56.19   78.46   112.33
10:29:38 76.21   56.30   78.35   111.99
10:30:42 76.21   56.08   78.24   111.31
10:31:45 76.10   56.08   78.69   110.41
10:32:49 75.99   55.96   78.69   109.40
10:33:52 75.99   55.85   78.69   108.50
10:34:55 75.88   55.96   78.46   107.49
10:35:59 75.88   55.85   78.35   106.70
10:37:02 75.99   55.85   78.13   105.91
10:38:05 75.99   55.85   78.80   105.13
10:39:09 75.88   55.85   78.58   104.34
10:40:12 75.88   55.74   78.58   103.66
10:41:19 75.88   55.74   78.69   102.99
10:42:22 75.88   55.85   78.69   102.43
10:43:25 75.76   55.74   78.91   101.86
10:44:29 75.88   55.63   78.69   101.30
10:45:32 75.88   55.74   78.35   100.74
10:46:36 75.76   55.74   78.46   100.18
10:47:39 75.76   55.63   78.46   99.61
10:48:42 75.76   55.63   78.35   99.16
10:49:46 75.76   55.63   78.13   98.60
10:50:49 75.88   55.63   78.46   98.04
10:51:52 75.76   55.51   78.46   97.59
10:52:56 75.76   55.51   78.13   97.14
10:53:59 75.76   55.51   78.13   96.69
10:55:02 75.76   55.51   78.13   96.24
10:56:06 75.76   55.51   78.01   95.79
10:57:09 75.88   55.63   78.01   95.34
10:58:12 75.88   55.63   78.01   95.00
10:59:16 75.76   55.40   77.90   94.66
11:00:19 75.65   55.51   77.90   94.21
11:01:22 75.76   55.51   78.01   93.88
11:02:26 75.76   55.40   78.01   93.43
11:03:29 75.76   55.51   78.24   93.09
11:04:32 75.76   55.51   78.24   92.75
11:05:39 75.65   55.51   78.13   92.41
11:06:43 75.76   55.51   77.68   92.08
11:07:49 75.65   55.51   77.79   91.63
11:08:53 75.65   55.51   78.24   91.29
11:09:56 75.65   55.51   78.13   91.06
11:10:59 75.65   55.63   78.01   90.84
11:12:03 75.65   55.74   78.01   90.50
11:13:06 75.76   55.74   78.24   90.28
11:14:09 75.76   55.85   78.13   90.16
11:15:13 75.76   55.96   78.13   90.05
11:16:16 75.88   55.96   78.13   89.71
11:17:20 75.88   55.85   77.79   89.49
11:18:23 75.76   55.96   78.13   89.26
11:19:26 75.76   55.96   78.01   89.04
11:20:30 75.76   56.08   78.01   93.54
11:21:33 75.76   55.96   78.13   101.75
11:22:36 75.99   55.96   78.01   101.75
11:23:40 75.99   56.08   78.13   100.74
11:24:43 75.99   56.08   77.90   99.28
11:25:46 75.99   56.19   77.90   98.38
11:26:50 75.99   56.08   77.56   97.25
11:27:53 76.10   56.19   77.79   96.46
11:28:56 75.99   56.30   77.68   95.79
11:30:00 75.99   56.30   77.79   105.80
11:31:03 75.88   56.30   78.01   107.60
11:32:06 75.99   56.08   77.68   107.83
11:33:10 75.99   56.08   77.79   107.71
11:34:13 75.99   56.08   77.79   107.26
11:35:16 75.88   55.96   78.24   106.70
11:36:20 75.88   56.08   78.13   106.14
11:37:23 75.99   56.08   78.46   105.46
11:38:26 75.99   56.19   78.13   104.79
11:39:30 75.99   56.08   78.24   104.11
11:40:33 75.99   56.08   78.13   103.33
11:41:36 75.99   56.08   77.90   102.65
11:42:40 75.99   56.08   78.24   102.09
11:43:43 75.99   56.19   78.69   101.53
11:44:47 76.10   56.19   78.69   100.96
11:45:50 76.10   56.08   78.24   100.40
11:46:53 75.99   56.08   78.46   99.73
11:47:57 75.99   55.96   78.46   99.16
11:49:00 75.99   55.96   78.24   98.60
11:50:03 76.10   56.08   78.69   97.92
11:51:07 75.99   56.08   78.01   97.59
11:52:10 75.88   56.08   77.90   97.14
11:53:13 75.99   55.96   78.13   96.69
11:54:17 75.99   56.08   78.24   96.35
11:55:20 76.21   56.41   78.24   95.90
11:56:23 76.21   56.53   78.01   95.56
11:57:27 76.21   56.53   78.24   95.11
11:58:30 76.44   56.64   78.35   95.56
11:59:33 76.33   56.64   78.24   95.22
12:00:37 76.33   56.64   78.24   95.00
12:01:40 76.21   56.53   77.90   94.78
12:02:43 76.21   56.53   78.13   94.44
12:03:47 76.21   56.53   77.90   93.99
12:04:50 76.21   56.53   78.01   93.65
12:05:53 76.21   56.53   78.46   93.31
12:06:57 76.21   56.41   78.35   93.09
12:08:00 76.21   56.53   78.58   92.86
12:09:10 76.21   56.41   77.90   92.41
12:10:14 76.21   56.53   78.01   92.08
12:11:17 76.33   56.53   78.35   91.85
12:12:21 76.33   56.41   78.46   91.51
12:13:24 76.33   56.53   78.24   91.40
12:14:27 76.21   56.53   78.24   91.06
12:15:31 76.33   56.41   78.24   90.84
12:16:34 76.33   56.41   78.24   90.61
12:17:37 76.33   56.53   78.01   90.28
12:18:41 76.21   56.41   78.01   90.05
12:19:44 76.21   56.41   78.13   89.83
12:20:47 76.33   56.41   78.01   89.60
12:21:51 76.33   56.41   78.13   89.38
12:22:54 76.33   56.53   78.46   89.15
12:23:57 76.21   56.41   77.90   88.93
12:25:01 76.33   56.53   78.13   88.70
12:26:04 76.33   56.53   78.35   88.47
12:27:07 76.33   56.41   78.24   105.13
12:28:11 76.33   56.53   78.24   107.15
12:29:14 76.21   56.53   78.13   106.59
12:30:24 76.33   56.41   78.35   105.91
12:31:28 76.33   56.41   78.13   105.01
12:32:31 76.33   56.41   78.13   104.00
12:33:34 76.44   56.53   78.24   103.10
12:34:41 76.66   56.53   78.35   102.20
12:35:45 76.33   56.53   78.24   101.19
12:36:48 76.33   56.64   78.13   100.29
12:37:51 76.44   56.53   78.24   99.50
12:38:55 76.55   56.53   78.35   98.83
12:39:58 76.33   56.41   78.35   98.26
12:41:01 76.21   56.41   78.35   97.70
12:42:05 76.21   56.53   78.35   97.14
12:43:08 76.33   56.30   78.35   96.46
12:44:11 76.21   56.41   78.24   95.90
12:45:15 76.21   56.30   78.35   95.34
12:46:18 76.33   56.30   78.24   94.89
12:47:21 76.55   56.30   78.13   94.55
12:48:25 76.44   56.41   78.46   93.99
12:49:28 76.33   56.41   78.13   93.54
12:50:31 76.21   56.30   78.24   93.20
12:51:38 76.21   56.41   78.13   92.75
12:52:42 76.21   56.19   78.13   92.41
12:53:45 76.21   56.30   78.24   91.96
12:54:48 76.21   56.41   78.24   91.63
12:55:52 76.33   56.41   78.35   91.40
12:56:55 76.33   56.30   78.24   90.95
12:57:58 76.33   56.41   78.24   90.61
12:59:02 76.44   56.41   78.35   90.39
13:00:05 76.44   56.53   78.35   90.05
13:01:12 76.33   56.53   78.24   89.83
13:02:15 76.33   56.53   78.46   89.49
13:03:19 76.33   56.41   78.24   100.63
13:04:22 76.33   56.41   78.13   108.28
13:05:25 76.33   56.53   78.35   109.29
13:06:29 76.21   56.41   78.46   109.06
13:07:32 76.21   56.30   78.69   108.28
13:08:35 76.21   56.19   78.58   107.49
13:09:39 76.21   56.19   78.13   106.59
13:10:42 76.10   56.08   78.24   105.69
13:11:45 76.10   55.96   78.35   104.68
13:12:49 76.10   56.19   78.35   104.00
13:13:52 76.10   56.08   78.24   103.10
13:14:55 76.10   55.96   78.24   102.31
13:15:59 75.99   56.08   78.35   101.64
13:17:02 75.99   56.08   78.35   100.85
13:18:05 75.99   56.08   78.58   100.29
13:19:09 76.10   55.96   78.35   99.73
13:20:12 76.10   55.96   78.58   99.05
13:21:15 76.21   56.08   78.46   98.38
13:22:26 76.21   56.08   78.24   97.81
13:23:29 76.33   56.08   78.13   97.36
13:24:33 76.10   56.08   78.35   96.91
13:25:36 76.21   56.08   78.01   96.46
13:26:39 76.21   55.96   78.01   96.01
13:27:43 76.21   56.08   78.24   95.56
13:28:46 76.21   56.19   78.35   95.11
13:29:49 76.10   56.08   78.46   94.55
13:30:53 76.33   56.41   78.24   94.10
13:31:56 76.44   56.53   78.01   93.76
13:32:59 76.44   56.41   78.13   93.54
13:34:03 76.33   56.53   78.13   93.09
13:35:06 76.44   56.41   78.13   92.75
13:36:09 76.33   56.41   78.46   92.53
13:37:13 76.33   56.41   78.46   92.08
13:38:16 76.44   56.64   78.69   91.74
13:39:19 76.66   56.64   78.13   91.51
13:40:26 76.66   56.64   78.13   91.29
13:41:30 76.66   56.64   78.24   91.06
13:42:33 76.44   56.64   78.24   90.72
13:43:40 76.44   56.64   78.01   90.39
13:44:43 76.44   56.41   78.01   90.16
13:45:46 76.44   56.53   78.58   89.71
13:46:50 76.66   56.53   78.80   89.49
13:47:53 76.55   56.53   78.35   89.26
13:48:56 76.44   56.41   78.58   89.04
13:50:00 76.44   56.30   78.46   88.81
13:51:03 76.21   56.19   78.46   88.70
13:52:07 76.21   56.19   79.03   88.36
13:53:10 76.10   56.08   79.14   88.25
13:54:13 76.10   56.08   78.69   88.03
13:55:17 75.99   55.85   78.46   87.80
13:56:20 75.99   55.96   78.46   87.58
13:57:23 75.88   55.85   78.46   87.35
13:58:27 75.88   55.85   78.35   87.13
13:59:30 75.88   55.85   78.58   87.01
14:00:33 75.76   55.74   78.24   86.90
14:01:44 75.76   55.74   78.13   86.68
14:02:47 75.76   55.63   78.46   86.45
14:03:50 75.65   55.74   78.24   86.45
14:04:54 75.76   55.63   78.35   86.22
14:05:57 75.76   55.51   78.13   86.11
14:07:00 75.76   55.51   78.13   86.00
14:08:04 75.65   55.63   77.68   85.89
14:09:07 75.76   55.63   78.24   85.78
14:10:10 75.76   55.51   78.13   85.55
14:11:14 75.54   55.51   78.01   85.44
14:12:17 75.54   55.40   78.01   85.21
14:13:20 75.54   55.40   78.01   84.99
14:14:24 75.54   55.40   78.13   84.99
14:15:27 75.54   55.40   78.01   84.76
14:16:30 75.54   55.29   78.24   84.76
14:17:34 75.43   55.29   78.01   84.65
14:18:37 75.43   55.29   77.90   84.54
14:19:41 75.54   55.29   77.68   84.31
14:20:44 75.43   55.17   77.68   84.20
14:21:47 75.43   55.29   77.79   84.20
14:22:51 75.43   55.29   78.13   84.20
14:23:54 75.43   55.29   77.79   84.09
14:24:57 75.43   55.29   77.90   83.97
14:26:01 75.43   55.17   77.79   83.75
14:27:04 75.43   55.17   77.68   83.64
14:28:07 75.43   55.17   77.79   83.53
14:29:11 75.31   55.17   77.79   83.53
14:30:14 75.31   55.17   77.56   83.53
14:31:17 75.31   55.17   77.79   83.41
14:32:21 75.31   55.06   77.90   83.41
14:33:24 75.31   55.06   77.79   83.30
14:34:27 75.31   55.06   77.79   83.19
14:35:31 75.31   54.95   77.90   83.19
14:36:34 75.31   55.06   77.56   83.08
14:37:37 75.20   55.06   77.68   82.96
14:38:41 75.20   54.95   77.68   82.96
14:39:44 75.20   54.95   77.79   82.85
14:40:47 75.09   54.84   77.56   82.74
14:41:51 75.09   54.84   77.90   82.63
14:42:54 75.20   54.95   78.01   82.63
14:43:57 75.09   54.84   77.90   82.51
14:45:01 75.09   54.84   77.79   82.40
14:46:04 75.20   54.84   77.45   82.29
14:47:07 75.20   54.73   77.45   82.29
14:48:11 75.09   54.84   77.34   82.29
14:49:14 75.09   54.84   77.34   82.29
14:50:17 75.09   54.73   77.11   82.06
14:51:21 75.20   54.73   77.45   82.18
14:52:24 75.09   54.61   77.34   82.18
14:53:28 75.20   54.73   77.22   82.06
14:54:31 74.97   54.73   77.45   82.06
14:55:34 75.09   54.61   77.56   81.95
14:56:38 74.97   54.73   77.45   81.95
14:57:41 74.97   54.61   77.22   81.84
14:58:44 74.97   54.50   77.22   81.84
14:59:48 74.97   54.61   77.56   81.72
15:00:51 74.97   54.50   77.34   81.72
15:01:54 74.97   54.61   77.00   81.72
15:02:58 74.97   54.50   77.34   81.72
15:04:01 74.97   54.50   77.45   81.61
15:05:04 74.97   54.39   77.34   81.50
15:06:08 74.86   54.50   77.34   81.50
15:07:11 74.86   54.50   77.34   81.50
15:08:14 74.97   54.50   77.45   81.50
15:09:18 74.97   54.50   77.34   81.50
15:10:21 74.97   54.39   77.22   81.39
15:11:24 74.97   54.39   77.22   81.39
15:12:28 74.97   54.39   77.11   81.28
15:13:31 74.97   54.39   77.34   81.28
15:14:34 74.97   54.39   77.22   81.16
15:15:38 74.97   54.39   77.22   81.05
15:16:41 74.86   54.28   77.68   81.16
15:17:44 74.86   54.28   77.22   81.16
15:18:48 74.97   54.28   77.22   81.16
15:19:51 74.86   54.28   77.00   81.16
15:20:54 74.86   54.16   77.11   80.94
15:21:58 74.86   54.28   77.34   80.83
15:23:01 74.86   54.28   77.22   80.83
15:24:04 74.86   54.16   77.11   80.83
15:25:08 74.75   54.16   77.11   80.83
15:26:11 74.86   54.16   76.89   80.71
15:27:22 74.75   54.05   77.22   80.71
15:28:28 74.75   54.05   76.89   80.71
15:29:32 74.75   53.94   76.89   80.83
15:30:35 74.64   53.94   76.89   80.83
15:31:42 74.64   53.94   76.89   80.83
15:32:45 74.64   53.94   77.11   80.71
15:33:49 74.64   53.94   77.00   80.83
15:34:52 74.64   53.94   77.22   80.71
15:35:55 74.64   53.94   76.78   80.60
15:36:59 74.53   54.05   77.00   80.60
15:38:02 74.64   54.05   77.00   80.49
15:39:05 74.64   53.94   76.66   80.38
15:40:09 74.53   53.94   76.89   80.38
15:41:12 74.64   53.94   76.89   80.38
15:42:15 74.53   53.83   76.78   80.26
15:43:19 74.53   53.94   77.11   80.26
15:44:22 74.53   53.83   76.89   80.26
15:45:25 74.64   53.94   76.89   80.38
15:46:29 74.41   53.83   77.00   80.38
15:47:32 74.53   53.94   76.78   80.26
15:48:43 74.53   53.83   76.55   80.26
15:49:46 74.41   53.83   76.89   80.26
15:50:49 74.53   53.83   76.89   80.38
15:51:53 74.41   53.71   77.11   80.26
15:52:56 74.41   53.83   77.00   80.15
15:54:03 74.41   53.83   77.00   80.15
15:55:06 74.41   53.71   77.11   80.15
15:56:09 74.41   53.83   76.89   80.26
15:57:13 74.41   53.71   76.66   80.26
15:58:16 74.41   53.71   76.78   80.26
15:59:19 74.41   53.71   76.89   80.15
16:00:23 74.41   53.60   76.66   80.15
16:01:26 74.41   53.60   76.66   80.26
16:02:30 74.41   53.71   77.00   80.15
16:03:33 74.30   53.60   76.89   80.26
16:04:36 74.41   53.49   77.00   80.26
16:05:40 74.41   53.71   76.78   80.04
16:06:43 74.41   53.71   76.55   80.04
16:07:46 74.41   53.60   76.66   79.93
16:08:50 74.41   53.71   76.66   80.04
16:09:53 74.41   53.71   76.78   80.04
16:10:56 74.41   53.60   76.33   80.04
16:12:00 74.30   53.60   76.66   79.93
16:13:03 74.41   53.49   76.78   79.81
16:14:06 74.30   53.71   76.55   79.81
16:15:10 74.30   53.60   76.66   79.81
16:16:13 74.30   53.71   76.66   79.81
16:17:16 74.30   53.60   76.44   79.81
16:18:20 74.30   53.60   76.66   79.93
16:19:23 74.30   53.60   76.66   79.93
16:20:26 74.30   53.49   76.55   79.93
16:21:30 74.30   53.60   76.66   79.81
16:22:33 74.30   53.49   76.55   79.93
16:23:36 74.30   53.49   76.55   79.81
16:24:40 74.30   53.49   76.33   79.81
16:25:43 74.30   53.49   76.66   79.81
16:26:46 74.19   53.49   76.44   79.81
16:27:50 74.30   53.60   76.44   79.93
16:28:53 74.19   53.60   76.55   79.93
16:29:56 74.30   53.49   76.44   79.81
16:31:00 74.19   53.60   76.55   79.93
16:32:03 74.19   53.49   76.33   79.81
16:33:06 74.19   53.49   76.33   79.70
16:34:10 74.19   53.49   76.55   79.59
16:35:13 74.19   53.38   76.44   79.59
16:36:17 74.19   53.38   76.55   79.47
16:37:20 74.19   53.49   76.44   79.47
16:38:23 74.19   53.49   76.33   79.47
16:39:27 74.19   53.26   76.33   79.47
16:40:30 74.19   53.38   76.44   79.47
16:41:33 74.08   53.38   76.21   79.36
16:42:37 74.08   53.49   76.66   79.36
16:43:40 74.08   53.49   76.44   79.36
16:44:43 74.08   53.38   76.44   79.25
16:45:47 74.08   53.38   76.44   79.25
16:46:50 74.08   53.38   76.10   79.36
16:47:53 73.96   53.38   76.44   79.36
16:48:57 74.08   53.26   76.44   79.25
16:50:00 73.96   53.49   76.55   79.36
16:51:03 74.08   53.26   76.44   79.36
16:52:07 73.96   53.26   76.21   79.36
16:53:10 74.08   53.38   76.33   79.36
16:54:13 74.08   53.38   76.44   79.36
16:55:17 73.96   53.38   76.66   79.36
16:56:24 73.96   53.38   76.21   79.25
16:57:27 73.96   53.26   76.21   79.25
16:58:30 73.96   53.26   75.99   79.36
16:59:34 73.96   53.26   75.99   79.36
17:00:37 73.96   53.26   76.33   79.36
17:01:40 73.96   53.26   76.21   79.36
17:02:44 73.85   61.81   76.21   79.36
17:03:47 74.08   64.40   75.99   79.36
17:04:50 74.08   65.08   76.10   79.25
17:05:54 74.30   65.53   76.21   79.36
17:06:57 74.41   66.20   76.21   79.47
17:08:00 74.41   67.33   76.33   79.36
17:09:04 74.53   66.43   76.21   79.47
17:10:07 74.53   59.00   76.33   79.59
17:11:10 74.41   56.30   76.10   79.59
17:12:14 74.41   55.63   76.33   79.47
17:13:17 74.30   55.17   76.44   79.47
17:14:20 74.30   54.84   76.33   79.47
17:15:27 74.30   54.61   76.44   79.36
17:16:31 74.19   54.50   76.21   79.25
17:17:41 74.19   54.28   76.10   79.25
17:18:44 74.08   54.16   76.44   79.25
17:19:48 74.08   53.94   76.33   79.25
17:20:51 74.08   53.94   76.10   79.14
17:21:58 73.96   53.71   76.44   79.14
17:23:01 73.96   53.60   76.44   79.14
17:24:05 74.08   53.49   76.44   79.03
17:25:08 73.96   64.63   76.55   79.03
17:26:11 74.08   64.85   76.78   79.14
17:27:15 74.19   65.64   76.33   79.25
17:28:18 74.30   66.20   76.33   79.25
17:29:21 74.41   66.99   76.55   79.36
17:30:25 74.41   68.00   76.33   79.47
17:31:28 74.53   69.01   76.78   79.47
17:32:31 74.64   70.47   76.89   79.36
17:33:35 74.75   69.69   76.44   79.47
17:34:38 74.75   59.67   76.55   79.47
17:35:41 74.64   56.86   76.44   79.36
17:36:45 74.64   56.19   76.33   79.36
17:37:48 74.41   55.74   76.55   79.36
17:38:51 74.41   55.51   76.66   79.47
17:39:55 74.41   55.29   76.44   79.47
17:40:58 74.30   54.95   76.21   79.47
17:42:01 74.30   54.73   76.33   79.47
17:43:05 74.19   54.28   76.44   79.47
17:44:08 74.19   58.55   76.44   79.47
17:45:11 74.19   64.51   76.55   79.47
17:46:15 74.41   65.97   76.55   79.36
17:47:18 74.41   67.21   76.89   79.47
17:48:22 74.41   68.34   76.66   79.36
17:49:25 74.64   69.69   76.66   79.25
17:50:28 74.64   71.60   76.33   79.47
17:51:32 74.75   73.06   76.44   79.59
17:52:35 74.86   74.41   76.55   79.70
17:53:38 75.09   75.31   76.78   79.70
17:54:42 75.09   76.10   76.66   79.81
17:55:45 75.20   76.55   76.78   79.81
17:56:48 75.31   76.89   76.66   79.70
17:57:52 75.43   61.92   76.89   79.81
17:58:55 75.20   58.10   76.89   79.93
17:59:58 75.09   57.09   76.78   79.93
18:01:02 74.86   56.53   76.66   79.81
18:02:05 74.75   56.08   76.89   79.93
18:03:08 74.64   55.74   76.78   79.93
18:04:15 74.53   55.51   77.00   79.93
18:05:19 74.53   55.29   76.89   79.93
18:06:25 74.41   64.96   76.78   79.81
18:07:29 74.64   66.88   77.00   79.81
18:08:32 74.64   68.22   77.22   79.81
18:09:35 74.75   69.46   76.89   79.93
18:10:39 74.75   72.05   77.00   79.93
18:11:42 74.86   74.41   77.00   79.93
18:12:45 74.86   75.88   76.78   79.93
18:13:49 75.09   76.89   77.11   80.04
18:14:52 75.09   77.22   77.11   80.15
18:15:55 75.20   77.34   77.22   80.26
18:16:59 75.31   77.56   77.11   80.26
18:18:02 75.43   77.68   77.00   80.26
18:19:06 75.43   77.79   77.22   80.26
18:20:16 75.54   77.90   77.34   80.38
18:21:19 75.54   78.01   77.34   80.26
18:22:23 75.65   78.13   77.34   80.38
18:23:26 75.65   78.13   77.11   80.38
18:24:29 75.76   78.13   77.22   80.15
18:25:33 75.76   78.24   77.00   80.26
18:26:36 75.76   78.24   77.22   80.26
18:27:39 75.88   78.24   77.34   80.26
18:28:43 75.88   78.35   77.34   80.38
18:29:46 75.88   63.50   77.45   80.49
18:30:49 75.76   59.00   77.68   80.71
18:31:53 75.65   57.99   77.45   80.60
18:32:56 75.54   57.54   77.56   80.49
18:33:59 75.31   56.98   77.56   80.60
18:35:03 75.09   56.53   78.01   80.49
18:36:06 74.97   65.86   77.79   80.38
18:37:09 75.09   68.11   77.68   80.38
18:38:13 75.20   69.35   77.68   80.49
18:39:16 75.31   71.94   77.68   80.60
18:40:19 75.20   74.53   77.56   80.60
18:41:26 75.31   76.78   77.68   80.60
18:42:30 75.43   77.68   77.79   80.49
18:43:33 75.54   77.90   77.45   80.60
18:44:36 75.65   78.13   77.56   80.60
18:45:43 75.76   78.24   77.56   80.71
18:46:47 75.76   78.24   77.56   80.83
18:47:50 75.76   78.35   77.45   80.71
18:48:53 75.88   78.35   77.79   80.83
18:49:57 76.10   78.35   77.34   81.16
18:51:00 75.99   78.46   77.34   81.28
18:52:03 76.21   78.46   77.68   81.28
18:53:07 76.21   78.58   77.79   81.28
18:54:10 76.21   78.69   77.79   81.39
18:55:13 76.33   78.69   78.13   81.50
18:56:17 76.33   78.80   77.79   81.61
18:57:20 76.33   78.80   77.79   81.61
18:58:23 76.44   78.91   77.90   81.72
18:59:27 76.44   78.91   78.01   81.72
19:00:30 76.44   78.91   78.13   81.72
19:01:33 76.55   78.91   78.01   81.84
19:02:37 76.55   78.91   78.01   82.74
19:03:40 76.66   79.03   78.01   82.96
19:04:43 76.55   79.03   78.13   82.96
19:05:47 76.66   79.14   78.13   82.96
19:06:50 76.66   79.14   78.35   82.96
19:07:57 76.66   79.14   78.13   83.08
19:09:00 76.78   79.14   78.24   82.96
19:10:04 76.66   79.25   78.24   82.96
19:11:07 76.78   79.14   78.01   82.96
19:12:14 76.78   79.25   78.13   82.96
19:13:17 76.78   75.43   77.90   82.96
19:14:21 76.78   61.70   77.90   82.96
19:15:24 76.78   59.23   78.24   82.96
19:16:27 76.55   58.66   78.13   82.85
19:17:31 76.44   58.44   78.13   82.85
19:18:34 76.33   58.21   78.35   82.74
19:19:37 76.21   57.88   78.46   82.74
19:20:41 76.10   65.75   78.58   82.63
19:21:44 76.10   68.68   78.69   82.63
19:22:47 76.10   69.69   78.69   82.51
19:23:51 76.21   71.04   78.58   82.63
19:24:54 76.21   72.72   78.01   82.51
19:25:57 76.33   74.86   77.90   82.51
19:27:01 76.44   77.00   78.13   82.63
19:28:08 76.55   78.24   78.01   82.63
19:29:11 76.66   78.80   77.90   82.63
19:30:14 76.66   79.03   78.01   82.74
19:31:25 76.66   79.14   78.35   82.74
19:32:28 76.78   79.25   78.46   82.74
19:33:31 76.89   79.25   78.46   82.74
19:34:35 76.89   79.36   78.46   82.74
19:35:38 76.89   79.36   78.24   82.74
19:36:41 77.00   79.36   78.35   82.74
19:37:45 77.00   69.58   78.24   82.74
19:38:48 76.89   61.14   78.24   82.74
19:39:51 76.89   59.45   78.35   82.63
19:40:55 76.66   58.89   78.24   82.51
19:41:58 76.55   58.66   78.24   82.51
19:43:01 76.33   58.55   78.46   82.51
19:44:05 76.33   58.33   78.80   82.51
19:45:08 76.21   58.21   78.69   82.40
19:46:15 76.10   60.35   78.46   82.40
19:47:18 76.10   68.22   78.35   82.40
19:48:22 76.10   69.46   78.46   82.40
19:49:28 76.21   70.25   78.35   82.40
19:50:32 76.33   71.26   78.35   82.40
19:51:35 76.44   72.72   78.35   82.29
19:52:38 76.44   73.85   78.46   82.29
19:53:42 76.44   75.43   78.58   82.40
19:54:45 76.66   77.00   78.46   82.40
19:55:49 76.89   78.24   78.46   82.40
19:56:52 76.89   79.03   78.58   82.40
19:57:55 76.89   64.74   78.24   82.40
19:58:59 76.78   60.24   78.24   82.29
20:00:02 76.66   59.34   78.35   82.40
20:01:05 76.55   59.00   78.35   82.40
20:02:09 76.44   58.78   78.69   82.18
20:03:12 76.55   59.00   78.58   82.06
20:04:15 76.44   58.89   78.46   82.06
20:05:19 76.55   58.78   78.58   82.06
20:06:22 76.55   58.44   78.69   81.95
20:07:25 76.33   58.10   78.58   82.06
20:08:32 76.21   57.88   78.46   82.06
20:09:35 76.21   66.31   78.58   82.06
20:10:39 76.21   68.68   78.58   82.18
20:11:42 76.21   69.69   78.58   82.18
20:12:46 76.33   70.25   78.35   82.18
20:13:49 76.44   71.15   78.24   82.18
20:14:52 76.55   72.16   78.35   82.18
20:15:56 76.78   73.40   78.69   82.29
20:16:59 76.78   70.03   78.35   85.10
20:18:02 76.89   62.38   78.24   85.21
20:19:06 76.78   60.24   78.24   85.33
20:20:09 76.66   59.56   78.35   98.38
20:21:12 76.44   59.34   78.24   103.55
20:22:16 76.44   59.00   78.13   104.00
20:23:19 76.33   58.78   78.46   103.21
20:24:22 76.21   58.44   78.35   102.43
20:25:26 76.21   58.10   78.58   101.41
20:26:29 76.21   57.99   78.69   100.51
20:27:32 76.33   57.99   78.58   99.61
20:28:36 76.21   57.99   78.46   98.94
20:29:39 76.21   57.42   78.24   98.15
20:30:42 76.10   57.54   78.01   97.36
20:31:46 76.10   57.31   78.35   96.69
20:32:49 76.10   57.31   78.35   96.01
20:33:52 76.21   57.65   78.24   95.34
20:34:56 76.21   57.54   78.35   94.78
20:35:59 76.21   57.76   78.01   94.21
20:37:02 76.33   57.42   78.13   93.76
20:38:06 76.33   57.42   78.24   93.31
20:39:09 76.33   57.42   78.58   92.86
20:40:12 76.33   57.20   78.80   92.41
20:41:16 76.21   57.09   79.03   91.96
20:42:19 76.21   57.09   79.03   91.74
20:43:23 76.21   56.98   79.25   91.29
20:44:26 76.21   56.98   78.80   90.95
20:45:29 76.21   56.86   78.80   90.61
20:46:33 76.10   56.75   78.80   90.16
20:47:36 76.10   56.64   78.46   89.94
20:48:39 76.21   56.64   78.91   89.60
20:49:43 76.10   56.75   78.80   89.26
20:50:46 76.21   56.53   78.69   88.93
20:51:49 76.10   56.64   78.46   88.70
20:53:00 76.10   56.30   78.35   88.36
20:54:03 75.99   56.53   78.35   88.14
20:55:06 75.99   56.41   78.35   87.80
20:56:10 76.10   56.30   78.13   87.69
20:57:13 75.99   56.30   78.24   87.35
20:58:16 75.99   55.96   78.13   87.13
20:59:20 75.99   56.19   78.13   86.90
21:00:23 75.88   56.08   78.35   86.68
21:01:26 75.88   55.96   78.13   86.34
21:02:30 75.76   55.85   78.01   86.34
21:03:33 75.88   55.85   78.24   86.11
21:04:36 75.99   55.96   78.24   86.00
21:05:40 75.88   55.63   77.90   85.78
21:06:43 75.88   55.63   77.79   85.55
21:07:46 75.88   55.74   77.68   85.44
21:08:50 75.88   55.74   78.01   85.21
21:09:53 75.76   55.63   78.01   85.10
21:10:56 75.76   55.63   78.01   84.99
21:12:00 75.76   55.51   77.90   84.88
21:13:03 75.76   55.74   78.01   84.76
21:14:06 75.76   55.51   77.79   84.65
21:15:10 75.65   55.51   77.90   84.54
21:16:13 75.76   55.51   78.01   84.31
21:17:17 75.65   55.40   78.01   84.09
21:18:20 75.65   55.40   77.79   83.86
21:19:23 75.65   55.40   77.90   83.75
21:20:27 75.65   55.40   77.79   83.64
21:21:30 75.65   55.40   77.79   83.53
21:22:33 75.65   55.29   77.79   83.41
21:23:37 75.65   55.29   77.79   83.30
21:24:40 75.65   55.29   77.90   83.19
21:25:43 75.65   55.29   77.79   83.08
21:26:47 75.65   55.29   77.79   83.08
21:27:50 75.65   55.29   77.90   82.96
21:28:53 75.65   55.29   77.68   82.85
21:29:57 75.65   55.29   77.68   82.85
21:31:00 75.65   55.29   77.56   82.74
21:32:03 75.65   55.40   77.56   82.74
21:33:14 75.65   55.17   77.45   82.63
21:34:17 75.65   55.17   77.68   82.63
21:35:20 75.65   55.06   77.45   82.40
21:36:24 75.65   55.06   77.68   82.29
21:37:27 75.54   55.06   77.45   82.18
21:38:30 75.54   55.06   77.56   82.06
21:39:34 75.54   55.06   77.22   81.95
21:40:37 75.54   54.95   77.22   81.84
21:41:40 75.54   54.95   77.11   81.61
21:42:44 75.54   54.95   77.22   81.50
21:43:47 75.43   54.95   77.45   81.61
21:44:50 75.54   54.95   77.34   81.72
21:45:54 75.54   54.95   77.56   81.72
21:46:57 75.54   54.95   77.34   81.61
21:48:01 75.43   54.95   77.34   81.72
21:49:04 75.54   54.95   77.34   81.61
21:50:07 75.43   54.84   77.22   81.50
21:51:11 75.43   54.95   77.22   81.39
21:52:14 75.43   54.84   77.22   81.28
21:53:17 75.43   54.73   77.22   81.16
21:54:21 75.43   54.73   77.22   81.16
21:55:27 75.54   54.84   77.11   81.16
21:56:31 75.43   54.84   77.22   81.16
21:57:41 75.31   54.84   77.00   81.05
21:58:45 75.31   54.73   77.00   81.16
21:59:48 75.43   54.73   77.00   81.16
22:00:51 75.43   54.61   77.11   81.16
22:01:58 75.43   54.61   77.11   93.99
22:03:01 75.43   54.73   77.11   94.78
22:04:05 75.43   54.61   77.56   93.76
22:05:08 75.43   54.61   77.34   92.41
22:06:11 75.31   54.61   77.34   91.63
22:07:15 75.20   54.61   76.89   90.84
22:08:18 75.20   54.61   77.11   90.16
22:09:21 75.31   54.61   76.78   89.49
22:10:25 75.31   54.61   76.78   88.81
22:11:28 75.31   54.61   76.78   88.25
22:12:32 75.31   54.50   76.66   87.80
22:13:35 75.20   54.61   76.78   87.46
22:14:38 75.20   54.50   77.00   87.13
22:15:42 75.09   54.61   77.11   86.68
22:16:45 75.09   54.50   77.11   86.22
22:17:48 74.97   54.39   77.00   86.00
22:18:52 74.86   54.39   76.89   85.78
22:19:55 74.97   54.39   76.89   85.44
22:20:58 74.86   54.39   76.89   85.21
22:22:02 74.86   54.16   76.55   84.99
22:23:05 74.86   54.28   76.78   84.76
22:24:08 74.86   54.28   76.55   84.65
22:25:12 74.97   54.16   76.66   84.43
22:26:15 75.09   54.28   76.78   98.94
22:27:18 75.09   54.39   76.55   103.55
22:28:25 75.09   54.39   76.66   104.68
22:29:29 75.09   54.39   76.55   105.13
22:30:32 75.09   54.50   76.66   105.69
22:31:35 75.20   54.50   76.55   106.14
22:32:39 75.31   54.61   76.66   106.36
22:33:42 75.31   54.50   76.55   106.59
22:34:45 75.43   54.73   76.44   106.14
22:35:49 75.43   57.20   76.66   105.46
22:36:52 75.31   56.86   76.55   104.79
22:37:55 75.31   56.53   76.66   104.00
22:39:06 75.31   56.19   76.66   103.21
22:40:09 75.20   55.96   76.78   102.43
22:41:16 75.31   55.63   76.78   101.64
22:42:19 75.43   55.63   76.78   101.08
22:43:26 75.43   55.51   76.78   100.18
22:44:29 75.31   55.29   77.00   99.61
22:45:33 75.31   55.17   76.55   98.94
22:46:36 75.31   55.17   76.78   98.38
22:47:39 75.20   54.84   76.78   97.70
22:48:43 75.09   54.73   76.89   97.14
22:49:46 75.09   54.61   76.89   101.41
22:50:50 75.09   54.50   76.55   109.40
22:51:53 74.97   54.39   76.78   110.75
22:52:56 74.97   54.28   76.66   110.30
22:54:00 74.86   54.16   76.55   109.40
22:55:03 74.86   54.16   76.55   108.39
22:56:06 74.75   54.05   76.66   107.26
22:57:10 74.75   54.16   76.78   106.36
22:58:13 74.64   54.05   76.55   105.35
22:59:16 74.64   54.16   76.33   106.93
23:00:20 74.64   54.05   76.66   110.53
23:01:23 74.53   54.05   76.55   110.98
23:02:26 74.53   53.94   76.44   110.53
23:03:30 74.41   53.94   76.55   109.85
23:04:33 74.41   53.83   76.44   109.06
23:05:36 74.30   53.94   76.55   108.16
23:06:40 74.41   53.83   76.55   107.26
23:07:43 74.41   53.71   76.55   106.36
23:08:46 74.41   53.83   76.33   105.35
23:09:50 74.41   53.71   76.33   104.68
23:10:53 74.30   53.71   76.21   103.78
23:11:56 74.30   53.71   76.44   102.99
23:13:00 74.30   53.71   76.44   102.20
23:14:03 74.19   53.60   76.55   101.53
23:15:06 74.30   53.60   76.55   100.74
23:16:10 74.19   53.49   76.33   100.06
23:17:13 74.19   53.60   76.10   99.28
23:18:16 74.19   53.49   76.21   98.71
23:19:20 74.19   53.49   76.44   98.04
23:20:23 74.19   53.49   76.21   97.48
23:21:26 74.19   53.38   76.44   96.91
23:22:30 74.08   53.38   76.21   96.46
23:23:33 74.08   53.38   76.21   95.90
23:24:37 74.08   53.38   76.33   95.45
23:25:40 74.08   53.26   76.10   94.89
23:26:43 73.96   53.26   76.21   94.55
23:27:47 74.08   53.38   76.44   93.99
23:28:50 73.96   53.26   76.33   93.54
23:29:53 74.08   53.26   75.88   93.20
23:30:57 73.96   53.26   76.21   92.86
23:32:00 73.96   53.26   76.21   92.41
23:33:03 73.85   53.15   75.88   92.08
23:34:07 74.19   53.15   76.21   91.74
23:35:10 73.96   53.26   76.33   91.29
23:36:13 73.96   53.15   76.33   90.95
23:37:17 73.96   53.26   76.21   97.14
23:38:20 73.85   53.15   75.99   106.03
23:39:23 73.85   53.15   76.21   107.26
23:40:27 73.85   53.15   76.10   106.70
23:41:30 73.85   53.15   76.33   105.91
23:42:33 73.74   53.04   76.10   104.79
23:43:37 73.74   53.04   75.99   103.89
23:44:40 73.85   53.04   75.99   102.99
23:45:43 73.74   53.04   76.21   102.09
23:46:47 73.74   52.92   75.76   101.19
23:47:50 73.74   53.04   75.76   100.40
23:48:53 73.63   52.92   75.54   99.61
23:49:57 73.63   53.04   76.10   98.94
23:51:00 73.63   53.04   75.99   98.38
23:52:03 73.63   52.92   75.99   97.81
23:53:07 73.63   52.70   75.76   97.14
23:54:10 73.63   52.92   75.99   96.58
23:55:14 73.51   52.81   75.54   95.90
23:56:17 73.51   52.81   76.10   95.45
23:57:20 73.51   52.81   75.65   95.00
23:58:24 73.51   52.81   75.99   94.44
23:59:27 73.51   52.81   75.65   93.99
