00:00:30 73.51   52.81   75.88   93.43
00:01:34 73.51   52.70   75.88   92.86
00:02:37 73.40   52.70   75.65   92.53
00:03:40 73.40   52.70   75.88   92.08
00:04:44 73.40   52.70   75.99   91.85
00:05:47 73.40   52.70   75.88   91.40
00:06:50 73.40   52.70   75.76   91.06
00:07:54 73.29   52.70   75.88   90.61
00:08:57 73.29   52.70   75.88   90.28
00:10:00 73.29   52.48   75.76   90.05
00:11:04 73.29   52.59   75.88   89.71
00:12:07 73.29   52.59   75.88   89.38
00:13:10 73.29   52.59   75.99   89.04
00:14:14 73.29   52.48   75.99   88.81
00:15:17 73.18   52.48   76.10   88.47
00:16:20 73.29   52.59   75.88   88.36
00:17:24 73.18   52.48   75.99   88.03
00:18:27 73.18   52.59   75.88   87.69
00:19:30 73.29   52.48   75.76   87.46
00:20:34 73.18   52.36   76.10   87.13
00:21:37 73.18   52.48   75.76   86.79
00:22:40 73.18   52.36   75.76   86.79
00:23:44 73.06   52.36   75.65   86.45
00:24:47 73.18   52.36   75.65   86.11
00:25:51 73.18   52.36   75.65   85.89
00:26:54 73.06   52.25   75.43   85.66
00:27:57 73.06   52.25   75.65   85.44
00:29:01 73.06   52.25   75.54   85.21
00:30:07 72.95   52.25   75.43   84.99
00:31:11 72.95   52.14   75.54   84.99
00:32:14 72.95   52.25   75.54   84.76
00:33:17 72.95   52.25   75.65   84.54
00:34:21 72.84   52.14   75.65   84.31
00:35:28 72.95   52.03   75.31   84.20
00:36:31 72.84   52.14   75.54   84.09
00:37:34 72.84   52.14   75.43   83.86
00:38:38 72.95   52.14   75.65   83.75
00:39:41 72.84   52.14   75.31   83.75
00:40:44 72.84   52.14   75.76   83.53
00:41:48 72.84   52.14   75.54   83.41
00:42:51 72.84   52.14   75.43   83.08
00:43:54 72.84   52.14   75.54   83.08
00:44:58 72.72   52.14   75.43   82.96
00:46:01 72.72   52.14   75.54   82.85
00:47:04 72.84   51.91   75.54   82.63
00:48:08 72.84   52.03   75.43   82.51
00:49:11 72.72   52.14   75.20   82.29
00:50:18 72.72   52.03   75.54   82.18
00:51:21 72.72   52.03   75.54   82.06
00:52:25 72.72   52.03   75.43   82.06
00:53:28 72.72   52.03   75.43   81.95
00:54:31 72.72   52.14   75.65   81.84
00:55:35 72.61   52.03   75.31   81.72
00:56:38 72.61   52.03   75.31   81.61
00:57:41 72.61   52.03   75.31   81.50
00:58:45 72.61   52.03   75.20   81.39
00:59:48 72.50   51.91   75.09   81.28
01:00:51 72.50   51.91   75.09   81.05
01:01:55 72.50   51.91   75.09   81.05
01:02:58 72.50   51.91   75.31   81.05
01:04:01 72.61   51.91   75.43   80.94
01:05:05 72.50   51.80   75.43   80.83
01:06:08 72.50   51.91   75.31   80.83
01:07:11 72.39   51.80   75.20   80.71
01:08:15 72.39   51.69   75.20   80.71
01:09:18 72.39   51.80   75.09   80.71
01:10:22 72.39   51.80   75.20   80.60
01:11:25 72.39   54.39   74.97   80.49
01:12:28 72.50   62.71   75.09   80.38
01:13:32 72.61   63.73   74.86   80.38
01:14:35 72.72   64.06   74.97   80.26
01:15:38 72.84   64.63   74.75   80.38
01:16:42 72.95   65.53   74.75   80.38
01:17:45 73.06   66.54   75.09   80.38
01:18:48 73.06   66.31   74.97   80.26
01:19:52 73.06   58.44   75.09   80.26
01:20:55 73.06   54.84   75.31   80.26
01:21:58 72.95   54.16   75.31   80.26
01:23:02 72.84   53.60   75.43   80.15
01:24:05 72.84   53.26   75.31   80.04
01:25:08 72.61   53.04   75.20   80.04
01:26:12 72.61   52.81   75.31   79.93
01:27:15 72.61   52.70   75.20   80.04
01:28:18 72.50   52.48   75.09   79.93
01:29:22 72.50   52.36   75.20   79.93
01:30:25 72.50   52.36   75.20   79.81
01:31:28 72.50   56.08   75.09   79.93
01:32:32 72.61   62.94   74.97   79.70
01:33:35 72.72   64.06   74.97   79.70
01:34:42 72.72   65.08   75.31   79.70
01:35:45 72.84   65.86   74.97   79.59
01:36:49 72.95   66.88   75.20   79.70
01:37:52 72.95   68.00   75.20   79.70
01:39:02 73.06   69.58   75.09   79.59
01:40:06 73.18   70.70   75.31   79.70
01:41:09 73.29   71.83   75.43   79.70
01:42:12 73.29   72.95   75.20   79.70
01:43:16 73.40   67.78   75.65   79.70
01:44:19 73.29   57.76   75.43   79.59
01:45:22 73.29   55.40   75.09   79.47
01:46:26 73.18   54.95   75.20   79.47
01:47:29 73.06   54.50   75.43   79.47
01:48:32 72.95   53.94   75.31   79.59
01:49:36 72.84   53.71   75.43   79.47
01:50:39 72.72   53.38   75.20   79.59
01:51:42 72.61   61.36   75.31   79.59
01:52:46 72.72   64.29   75.20   79.59
01:53:49 72.84   65.97   75.31   79.59
01:54:53 72.95   66.88   75.43   79.59
01:55:56 72.95   68.79   75.09   79.59
01:56:59 73.06   71.04   75.20   79.47
01:58:03 73.06   72.95   75.20   79.59
01:59:06 73.18   74.19   75.54   79.70
02:00:09 73.40   74.75   75.43   79.70
02:01:16 73.51   75.20   75.31   79.70
02:02:19 73.51   75.43   75.43   79.81
02:03:26 73.63   75.65   75.43   79.70
02:04:30 73.74   75.65   75.43   79.70
02:05:33 73.85   75.88   75.54   79.59
02:06:36 73.85   76.10   75.54   79.70
02:07:40 73.96   76.10   75.54   79.59
02:08:43 73.85   76.21   75.99   79.70
02:09:46 73.96   76.33   75.65   79.70
02:10:50 73.96   76.33   75.54   79.70
02:11:53 74.08   76.33   75.54   79.81
02:12:56 74.08   76.44   75.76   79.81
02:14:00 74.08   76.55   75.65   80.04
02:15:03 74.08   76.55   75.65   80.04
02:16:06 74.08   76.66   75.65   80.04
02:17:10 74.08   76.66   75.65   80.15
02:18:13 74.19   76.66   75.88   80.15
02:19:20 74.19   76.66   75.76   80.26
02:20:23 74.19   76.66   75.99   80.38
02:21:30 74.19   76.66   75.88   80.26
02:22:34 74.19   76.78   75.88   80.26
02:23:37 74.30   76.78   75.88   80.26
02:24:40 74.30   76.78   75.88   80.38
02:25:44 74.30   76.78   75.88   80.38
02:26:47 74.30   76.89   76.10   80.26
02:27:50 74.30   76.89   76.21   80.26
02:28:54 74.41   76.89   75.99   80.26
02:29:57 74.30   76.89   76.21   80.38
02:31:00 74.30   76.89   75.99   80.49
02:32:04 74.41   76.89   76.21   80.38
02:33:07 74.30   76.89   75.99   80.38
02:34:10 74.41   77.00   76.21   80.49
02:35:14 74.41   77.00   76.21   80.49
02:36:17 74.41   77.00   76.21   80.49
02:37:20 74.53   77.00   76.21   80.49
02:38:27 74.41   77.00   76.33   80.49
02:39:31 74.53   77.00   76.21   80.60
02:40:37 74.53   77.11   76.21   80.60
02:41:41 74.53   77.11   76.21   80.60
02:42:44 74.53   77.11   76.44   80.71
02:43:47 74.53   77.11   76.21   80.83
02:44:51 74.64   77.11   76.55   80.83
02:45:54 74.64   77.11   76.33   80.94
02:46:57 74.53   77.22   76.33   80.94
02:48:01 74.64   77.22   76.55   80.83
02:49:04 74.64   77.22   76.55   80.83
02:50:08 74.64   77.22   76.55   80.94
02:51:11 74.75   77.22   76.33   80.94
02:52:14 74.64   77.22   76.44   80.94
02:53:18 74.64   77.22   76.21   80.94
02:54:21 74.75   77.34   76.44   80.94
02:55:24 74.75   77.34   76.44   81.05
02:56:28 74.75   77.34   76.33   80.94
02:57:31 74.75   77.34   76.44   81.05
02:58:34 74.75   77.34   76.55   81.05
02:59:38 74.75   77.34   76.33   81.05
03:00:41 74.75   77.34   76.66   81.05
03:01:44 74.86   77.34   76.66   81.05
03:02:48 74.75   77.45   76.55   81.16
03:03:51 74.75   77.45   76.66   81.16
03:04:58 74.86   77.45   76.66   81.16
03:06:01 74.86   77.45   76.89   81.16
03:07:05 74.86   77.45   76.89   81.28
03:08:08 74.86   77.45   76.78   81.28
03:09:11 74.86   77.45   76.78   81.39
03:10:15 74.86   77.45   76.89   81.50
03:11:18 74.86   77.56   77.00   81.50
03:12:21 74.97   77.56   76.78   81.39
03:13:25 74.97   77.56   76.78   81.50
03:14:28 74.97   77.56   76.78   81.39
03:15:31 74.97   77.56   77.00   81.50
03:16:35 74.97   77.56   76.89   81.50
03:17:38 74.97   77.56   76.78   81.50
03:18:41 74.97   77.56   77.00   81.39
03:19:45 75.09   77.68   77.11   81.50
03:20:48 74.97   77.68   77.00   81.50
03:21:51 75.09   77.68   77.11   81.50
03:22:55 74.97   77.68   77.22   81.50
03:23:58 75.09   77.68   77.22   81.61
03:25:01 75.09   77.68   77.22   81.61
03:26:05 75.09   77.68   76.89   81.72
03:27:08 75.09   77.68   77.11   81.61
03:28:11 75.09   77.68   77.11   81.50
03:29:15 75.09   77.79   77.22   81.50
03:30:18 75.09   77.79   77.22   81.61
03:31:21 75.09   77.79   77.22   81.61
03:32:25 75.09   77.79   77.45   81.61
03:33:28 75.20   77.79   77.22   81.72
03:34:31 75.20   77.79   77.22   81.95
03:35:35 75.09   77.79   77.45   81.84
03:36:38 75.09   77.79   77.45   81.95
03:37:42 75.20   77.90   77.45   81.84
03:38:45 75.09   77.79   77.34   81.84
03:39:48 75.09   77.90   77.45   81.84
03:40:52 75.20   77.90   77.68   81.95
03:41:55 75.09   77.90   77.34   81.95
03:42:58 75.20   77.90   77.45   81.84
03:44:02 75.20   77.90   77.56   81.84
03:45:05 75.20   78.01   77.68   81.84
03:46:08 75.20   78.01   77.68   81.84
03:47:12 75.20   78.01   77.79   82.06
03:48:15 75.20   78.01   77.79   81.95
03:49:18 75.20   78.01   77.68   81.84
03:50:22 75.31   78.01   78.01   81.95
03:51:25 75.31   78.01   77.79   81.95
03:52:28 75.31   78.13   77.79   81.95
03:53:32 75.31   78.01   77.79   81.95
03:54:35 75.31   78.01   77.90   81.95
03:55:38 75.43   78.13   77.68   81.95
03:56:42 75.31   78.13   77.68   81.95
03:57:45 75.31   78.13   77.90   81.95
03:58:48 75.31   78.13   78.01   81.95
03:59:52 75.43   78.13   78.01   82.06
04:00:55 75.43   78.13   78.01   82.06
04:02:02 75.43   78.13   77.68   82.06
04:03:05 75.43   78.13   78.01   82.06
04:04:12 75.43   78.01   77.90   82.06
04:05:15 75.43   78.01   77.90   82.18
04:06:22 75.43   78.01   77.79   82.18
04:07:26 75.43   78.13   78.13   82.18
04:08:29 75.43   78.13   78.35   82.18
04:09:32 75.43   78.13   78.01   82.29
04:10:36 75.54   78.13   78.13   82.29
04:11:39 75.54   78.13   78.24   82.40
04:12:42 75.54   78.13   78.01   82.40
04:13:46 75.43   78.13   78.13   82.51
04:14:49 75.54   78.13   78.35   82.51
04:15:52 75.54   78.13   78.13   82.51
04:16:56 75.54   78.24   78.01   82.63
04:17:59 75.43   78.24   78.24   82.51
04:19:02 75.54   78.24   78.35   82.51
04:20:06 75.54   78.24   77.79   82.40
04:21:09 75.43   78.24   78.24   82.40
04:22:13 75.54   78.24   78.46   82.40
04:23:16 75.54   78.24   78.46   82.51
04:24:19 75.54   78.35   78.46   82.51
04:25:23 75.54   78.35   78.58   82.40
04:26:26 75.54   78.35   78.46   82.51
04:27:29 75.54   78.46   78.46   82.51
04:28:36 75.54   78.46   78.35   82.51
04:29:39 75.65   78.46   78.46   82.51
04:30:43 75.65   78.35   78.24   82.51
04:31:46 75.65   78.35   78.46   82.51
04:32:49 75.65   78.46   78.35   82.51
04:33:53 75.65   78.46   78.69   82.63
04:34:56 75.65   78.58   78.80   82.63
04:35:59 75.65   78.58   78.46   82.63
04:37:03 75.65   78.58   78.35   82.74
04:38:06 75.65   78.58   78.58   82.63
04:39:09 75.76   78.58   78.35   82.63
04:40:13 75.65   78.69   78.58   82.63
04:41:16 75.65   78.69   78.58   82.63
04:42:20 75.65   78.69   78.24   82.63
04:43:23 75.65   78.69   78.35   82.63
04:44:26 75.65   78.69   78.58   82.74
04:45:30 75.65   78.69   78.69   82.63
04:46:33 75.65   78.69   78.58   82.85
04:47:36 75.65   78.69   78.69   82.85
04:48:40 75.65   78.69   78.69   82.85
04:49:46 75.65   78.69   78.58   99.50
04:50:50 75.76   78.69   78.69   105.24
04:52:00 75.65   78.69   78.58   106.81
04:53:04 75.76   78.69   78.80   107.15
04:54:07 75.76   78.80   78.69   107.38
04:55:10 75.65   78.69   78.58   107.71
04:56:14 75.76   78.80   78.46   107.60
04:57:17 75.76   78.80   78.58   108.84
04:58:20 75.88   78.80   78.58   109.51
04:59:24 75.88   78.80   78.80   110.08
05:00:27 75.88   78.80   78.80   110.64
05:01:30 75.88   78.91   78.69   111.09
05:02:34 75.88   78.91   78.91   110.75
05:03:37 75.88   78.91   79.25   110.19
05:04:40 75.99   79.03   78.58   109.40
05:05:44 76.10   79.03   78.69   108.73
05:06:47 76.10   79.03   78.80   107.94
05:07:50 76.10   79.03   78.58   107.26
05:08:54 76.10   79.14   78.58   107.26
05:09:57 76.10   67.55   78.69   106.93
05:11:00 76.10   62.26   78.80   106.36
05:12:04 75.88   60.35   78.35   105.58
05:13:07 75.76   58.44   78.35   104.90
05:14:14 75.54   57.76   78.35   104.11
05:15:17 75.31   57.54   78.91   103.44
05:16:21 75.09   63.05   78.46   102.76
05:17:24 75.20   68.22   78.35   102.31
05:18:27 75.20   69.91   78.46   101.75
05:19:31 75.20   72.28   78.46   101.64
05:20:34 75.20   73.51   78.46   102.31
05:21:37 75.20   74.53   78.35   103.21
05:22:41 75.43   75.76   78.24   103.33
05:23:44 75.43   77.11   78.35   102.88
05:24:47 75.54   78.01   78.35   102.31
05:25:51 75.54   78.46   78.24   101.64
05:26:54 75.65   78.58   78.35   101.08
05:27:57 75.65   78.69   78.46   100.63
05:29:01 75.76   78.69   78.80   100.06
05:30:04 75.88   78.80   78.46   99.61
05:31:07 75.76   78.80   78.35   99.16
05:32:11 75.88   78.80   78.35   98.60
05:33:14 75.88   78.91   78.46   98.15
05:34:17 75.99   78.91   78.69   97.81
05:35:21 75.99   77.00   78.80   97.36
05:36:24 75.99   62.49   78.58   97.03
05:37:28 75.88   59.23   78.58   96.46
05:38:31 75.65   58.21   78.46   96.01
05:39:34 75.54   57.76   78.35   95.56
05:40:38 75.31   57.65   78.58   95.11
05:41:41 75.20   57.42   78.46   94.78
05:42:44 74.97   56.98   78.58   94.55
05:43:48 74.97   66.09   78.13   94.10
05:44:51 74.97   68.22   78.24   93.88
05:45:54 75.09   69.24   78.13   93.54
05:46:58 75.09   71.04   78.35   93.20
05:48:01 75.09   72.39   78.35   92.97
05:49:04 75.09   73.63   78.13   92.64
05:50:08 75.20   74.86   78.01   92.41
05:51:11 75.20   76.21   78.01   92.08
05:52:14 75.31   77.45   78.13   91.96
05:53:18 75.31   78.13   78.24   91.74
05:54:21 75.54   78.35   78.46   91.63
05:55:24 75.54   78.46   78.13   91.29
05:56:28 75.54   78.58   78.24   91.06
05:57:31 75.65   69.01   78.58   90.84
05:58:34 75.65   61.14   78.35   90.61
05:59:38 75.54   59.11   78.13   90.39
06:00:41 75.43   58.33   78.01   90.16
06:01:44 75.20   57.76   77.79   90.05
06:02:48 75.09   57.42   77.79   89.83
06:03:51 74.97   57.20   77.90   89.60
06:04:54 74.75   56.98   78.01   89.38
06:05:58 74.75   56.86   77.79   89.04
06:07:01 74.64   60.35   77.68   88.93
06:08:04 74.75   67.21   77.68   88.70
06:09:08 74.75   68.45   77.79   88.59
06:10:11 74.86   69.46   78.13   88.36
06:11:15 74.86   70.70   78.13   88.14
06:12:18 74.86   71.83   78.01   88.03
06:13:21 74.86   72.84   78.01   87.91
06:14:25 74.97   73.96   77.90   87.91
06:15:31 75.09   75.09   78.01   87.69
06:16:35 75.09   75.99   78.01   87.58
06:17:38 75.20   69.24   77.56   87.46
06:18:41 75.09   60.80   77.56   87.46
06:19:45 74.97   58.33   77.79   87.24
06:20:48 75.09   57.65   77.68   87.01
06:21:51 74.86   57.42   77.34   86.90
06:22:55 74.75   57.09   77.68   86.79
06:23:58 74.64   56.86   77.56   86.56
06:25:01 74.64   56.75   77.45   86.34
06:26:05 74.53   56.41   77.34   86.22
06:27:08 74.41   56.30   77.45   86.00
06:28:12 74.41   66.20   77.45   85.89
06:29:15 74.41   67.66   77.68   85.78
06:30:18 74.64   68.45   77.56   85.78
06:31:22 74.64   69.46   77.56   85.78
06:32:25 74.75   70.59   77.56   85.66
06:33:28 74.75   71.83   77.45   85.66
06:34:32 74.75   72.84   77.45   85.55
06:35:35 74.86   73.85   77.56   85.44
06:36:38 74.86   74.75   77.56   85.44
06:37:42 74.86   64.06   77.68   85.55
06:38:45 74.86   59.67   77.45   85.33
06:39:48 74.75   57.88   77.45   85.33
06:40:52 74.64   57.42   77.22   85.21
06:41:58 74.64   57.09   77.68   84.99
06:43:02 74.41   56.86   77.45   84.88
06:44:05 74.41   56.53   77.68   84.76
06:45:09 74.30   56.53   77.56   84.76
06:46:12 74.19   56.19   77.34   84.76
06:47:15 74.19   56.08   77.68   84.65
06:48:19 74.19   55.74   77.45   84.54
06:49:22 74.19   65.30   77.22   84.54
06:50:25 74.19   67.10   77.34   84.54
06:51:29 74.30   67.89   77.56   84.54
06:52:32 74.41   68.68   77.22   84.31
06:53:35 74.41   69.46   77.34   84.31
06:54:39 74.53   70.47   77.34   84.20
06:55:42 74.64   71.49   77.22   84.20
06:56:45 74.53   72.05   77.11   84.20
06:57:49 74.64   66.54   77.11   84.20
06:58:52 74.64   60.46   77.45   84.20
06:59:55 74.53   57.42   77.34   84.09
07:00:59 74.41   56.75   77.22   83.97
07:02:02 74.41   56.19   77.22   83.86
07:03:05 74.19   56.08   77.11   83.86
07:04:09 74.08   55.85   77.22   83.86
07:05:12 74.08   55.63   77.11   83.64
07:06:15 74.08   55.85   77.00   83.53
07:07:19 74.08   55.74   77.22   83.41
07:08:22 73.96   55.06   77.34   83.30
07:09:25 73.85   60.46   76.89   83.41
07:10:29 73.85   66.31   77.22   83.30
07:11:32 73.96   67.55   77.00   83.30
07:12:36 74.08   68.11   77.00   83.30
07:13:39 74.19   69.01   77.22   83.19
07:14:42 74.30   70.03   77.00   83.08
07:15:46 74.30   71.04   77.22   82.96
07:16:49 74.41   71.94   77.11   82.96
07:17:52 74.41   71.71   77.00   83.19
07:18:56 74.41   62.60   77.34   83.19
07:19:59 74.41   58.44   77.22   95.00
07:21:02 74.41   57.31   77.11   105.46
07:22:06 74.30   56.86   77.00   106.70
07:23:09 74.30   56.64   77.45   106.14
07:24:12 74.19   56.41   77.00   105.13
07:25:23 74.08   56.30   77.34   103.89
07:26:26 74.08   55.85   77.34   102.88
07:27:36 74.08   55.63   76.89   101.64
07:28:40 73.96   55.51   77.11   100.74
07:29:43 73.85   55.63   77.22   99.73
07:30:46 73.85   55.17   77.11   98.94
07:31:50 73.85   64.06   77.00   98.15
07:32:53 73.85   66.65   77.00   97.48
07:33:56 74.08   67.44   77.00   96.80
07:35:00 74.08   68.11   76.89   96.24
07:36:03 74.19   68.90   76.66   95.68
07:37:06 74.19   69.80   76.89   95.11
07:38:10 74.30   70.81   77.00   94.66
07:39:13 74.30   71.83   77.11   94.33
07:40:17 74.41   72.61   77.22   93.88
07:41:20 74.41   73.40   77.11   93.43
07:42:23 74.53   73.96   77.11   93.09
07:43:27 74.53   74.64   77.00   92.64
07:44:30 74.64   75.20   77.00   92.19
07:45:33 74.64   75.76   77.11   91.85
07:46:37 74.75   76.21   77.22   91.51
07:47:40 74.75   76.55   77.34   91.40
07:48:43 74.86   76.78   77.34   91.06
07:49:47 74.97   77.00   77.11   90.84
07:50:50 74.97   77.00   77.22   90.50
07:51:53 74.97   77.11   77.34   90.28
07:52:57 75.09   77.22   77.22   89.94
07:54:00 75.09   77.34   77.56   89.83
07:55:03 75.09   77.34   77.45   89.60
07:56:07 75.09   77.45   77.56   89.38
07:57:10 75.20   77.45   77.34   89.15
07:58:13 75.20   77.45   77.68   88.93
07:59:17 75.20   77.45   77.45   88.81
08:00:20 75.20   77.56   77.45   88.59
08:01:23 75.20   77.56   77.68   88.36
08:02:27 75.31   77.68   77.56   88.25
08:03:30 75.31   77.68   77.79   88.03
08:04:33 75.31   77.68   77.45   88.03
08:05:37 75.43   77.79   77.68   87.91
08:06:40 75.43   77.79   77.68   87.69
08:07:43 75.43   77.79   77.56   87.58
08:08:47 75.31   77.79   77.68   87.35
08:09:50 75.31   77.79   77.79   87.24
08:10:57 75.43   77.79   77.79   87.01
08:12:00 75.43   77.90   77.68   86.90
08:13:04 75.43   77.90   77.56   97.03
08:14:07 75.43   77.90   77.68   106.93
08:15:10 75.54   77.90   77.56   108.95
08:16:14 75.54   78.01   77.90   109.40
08:17:17 75.54   78.01   78.01   109.51
08:18:20 75.54   78.01   77.68   109.85
08:19:24 75.65   78.01   77.79   110.41
08:20:27 75.65   78.13   77.90   110.98
08:21:30 75.76   78.13   77.90   111.31
08:22:34 75.76   78.13   78.13   111.65
08:23:37 75.76   78.24   77.79   111.76
08:24:41 75.76   78.24   77.90   111.99
08:25:44 75.76   78.35   77.90   112.10
08:26:47 75.88   78.24   78.13   112.21
08:27:54 75.88   78.35   77.90   112.10
08:28:57 75.99   78.35   77.79   111.54
08:30:01 75.99   78.35   78.01   110.98
08:31:04 75.99   78.46   78.13   110.19
08:32:07 75.99   78.46   77.90   109.40
08:33:11 75.99   78.46   78.35   108.73
08:34:14 76.10   78.58   78.24   108.05
08:35:17 76.10   78.58   78.24   107.26
08:36:21 76.10   78.58   78.24   106.70
08:37:24 76.10   78.69   78.24   105.91
08:38:28 76.10   78.69   78.01   111.99
08:39:31 76.10   78.69   78.24   115.59
08:40:34 76.10   78.69   78.13   116.71
08:41:38 76.10   78.69   78.13   116.83
08:42:41 76.10   78.69   78.24   116.15
08:43:44 76.10   78.69   78.46   115.36
08:44:48 76.10   78.69   78.46   115.59
08:45:51 76.10   78.69   78.13   116.15
08:46:54 76.10   78.69   78.24   116.04
08:47:58 76.10   78.69   78.46   115.36
08:49:01 76.21   78.69   78.46   114.69
08:50:04 76.21   78.69   78.46   113.90
08:51:11 76.21   78.69   78.69   113.11
08:52:15 76.21   78.69   78.69   112.44
08:53:18 76.21   78.80   78.58   111.76
08:54:21 76.21   78.69   78.58   110.98
08:55:25 76.21   78.80   78.35   110.30
08:56:28 76.21   78.69   78.69   109.63
08:57:31 76.33   78.69   78.69   108.84
08:58:35 76.21   78.80   78.69   108.16
08:59:38 76.21   78.80   78.58   107.38
09:00:41 76.21   78.80   78.80   106.81
09:01:45 76.33   78.91   78.91   106.14
09:02:48 76.33   78.80   78.80   105.58
09:03:51 76.44   78.80   78.69   104.90
09:04:55 76.33   78.80   78.80   104.34
09:05:58 76.44   78.91   78.80   103.78
09:07:01 76.33   78.91   78.69   103.21
09:08:05 76.33   78.80   78.80   102.65
09:09:08 76.44   78.80   78.69   102.20
09:10:11 76.44   78.80   78.69   101.75
09:11:15 76.44   78.80   78.80   101.30
09:12:18 76.55   78.91   78.80   104.34
09:13:21 76.55   78.91   78.91   110.75
09:14:25 76.55   78.91   78.69   111.20
09:15:28 76.55   79.03   78.80   110.41
09:16:31 76.66   79.03   78.91   109.51
09:17:35 76.78   79.14   78.80   108.50
09:18:38 76.66   79.14   78.80   107.49
09:19:41 76.66   79.14   78.69   106.48
09:20:45 76.78   79.14   78.69   105.58
09:21:48 76.78   79.25   78.80   104.68
09:22:52 76.66   79.25   78.91   104.00
09:23:55 76.78   65.53   78.80   103.33
09:24:58 76.66   62.04   79.03   102.54
09:26:02 76.55   60.91   79.14   101.64
09:27:05 76.33   59.67   79.03   100.96
09:28:08 76.21   59.00   79.03   100.40
09:29:12 75.99   58.66   79.14   99.84
09:30:15 75.88   59.56   79.03   99.39
09:31:18 75.76   68.56   79.03   98.83
09:32:22 75.88   69.80   79.03   98.38
09:33:25 75.88   71.71   78.80   97.92
09:34:28 75.99   72.95   78.91   97.48
09:35:32 75.99   73.85   78.69   97.14
09:36:35 75.99   74.86   78.58   96.69
09:37:38 76.10   75.88   78.91   96.24
09:38:42 76.10   76.66   78.80   95.90
09:39:45 76.21   77.79   78.69   95.68
09:40:48 76.21   78.35   78.91   95.34
09:41:52 76.33   78.69   79.03   95.11
09:42:55 76.44   78.80   78.91   94.89
09:43:58 76.44   78.91   79.14   94.66
09:45:02 76.44   79.03   79.36   94.44
09:46:05 76.55   79.03   79.03   94.21
09:47:08 76.55   79.03   78.91   93.99
09:48:12 76.55   64.85   79.14   93.54
09:49:15 76.55   61.25   78.80   93.31
09:50:18 76.33   60.13   78.69   92.97
09:51:22 76.33   59.45   78.91   92.64
09:52:25 76.21   59.11   79.36   92.30
09:53:28 76.10   58.66   79.03   92.08
09:54:32 75.99   58.21   78.80   91.74
09:55:35 75.88   58.21   78.91   91.40
09:56:39 75.88   65.19   79.03   91.18
09:57:42 75.88   68.79   79.14   91.06
09:58:45 75.88   69.69   78.91   90.84
09:59:49 75.99   71.04   79.14   90.72
10:00:52 75.99   72.39   78.80   90.50
10:01:55 75.99   73.40   78.58   90.28
10:02:59 76.10   74.19   78.80   90.05
10:04:02 76.10   75.09   78.69   89.83
10:05:05 76.21   75.99   79.03   93.09
10:06:09 76.33   76.89   79.03   106.93
10:07:12 76.33   77.56   79.03   108.05
10:08:15 76.33   68.45   79.36   107.15
10:09:19 76.33   61.48   79.03   105.69
10:10:22 76.33   59.56   79.03   104.00
10:11:25 76.10   59.00   78.91   102.76
10:12:29 76.10   58.78   78.80   101.64
10:13:32 75.99   58.55   79.03   100.51
10:14:35 75.99   58.44   79.03   99.50
10:15:39 75.88   58.33   79.25   98.60
10:16:42 75.65   57.99   79.25   97.92
10:17:45 75.65   57.31   79.14   97.36
10:18:49 75.54   57.42   78.91   96.69
10:19:52 75.54   66.31   78.69   96.13
10:20:55 75.65   68.34   78.80   95.79
10:21:59 75.65   69.24   79.14   95.22
10:23:02 75.76   70.14   79.14   94.89
10:24:05 75.88   70.93   78.80   94.55
10:25:09 75.76   71.94   78.91   94.10
10:26:12 75.88   72.95   78.80   93.76
10:27:16 75.99   73.74   78.91   93.43
10:28:19 75.99   65.75   78.69   93.20
10:29:22 75.99   61.14   78.69   92.86
10:30:26 75.99   59.45   79.03   92.30
10:31:29 75.88   58.89   78.80   91.96
10:32:32 75.76   58.66   78.91   91.63
10:33:36 75.65   58.33   79.03   91.29
10:34:39 75.65   58.21   79.03   91.06
10:35:42 75.65   57.88   79.14   90.72
10:36:46 75.54   57.65   79.14   90.50
10:37:49 75.54   57.54   79.03   90.16
10:38:52 75.54   57.42   78.91   89.94
10:39:56 75.43   57.31   78.91   89.83
10:41:06 75.43   57.09   78.80   89.60
10:42:09 75.43   57.20   79.14   89.26
10:43:13 75.31   56.86   78.91   89.15
10:44:16 75.31   64.06   78.69   88.93
10:45:19 75.31   67.66   78.80   88.81
10:46:23 75.43   68.68   78.91   88.70
10:47:26 75.43   69.24   78.91   88.59
10:48:29 75.54   69.69   78.91   88.36
10:49:33 75.54   70.47   78.80   88.25
10:50:36 75.65   71.38   78.80   88.03
10:51:39 75.76   65.53   78.80   87.80
10:52:43 75.65   60.58   78.69   87.69
10:53:46 75.76   59.11   78.80   87.58
10:54:50 75.65   58.66   78.58   87.46
10:55:53 75.76   58.33   78.91   87.24
10:56:56 75.54   58.10   78.80   87.13
10:58:00 75.43   57.54   78.80   86.90
10:59:03 75.43   57.54   79.03   86.90
11:00:06 75.43   57.54   78.91   86.68
11:01:10 75.43   57.31   79.14   86.45
11:02:13 75.43   57.20   78.80   91.74
11:03:16 75.31   56.86   78.69   92.86
11:04:20 75.31   56.86   78.69   92.41
11:05:23 75.20   56.86   78.80   91.85
11:06:26 75.31   56.41   78.58   91.29
11:07:30 75.20   56.53   78.69   90.84
11:08:33 75.20   56.41   78.80   90.50
11:09:36 75.20   56.53   78.91   90.16
11:10:40 75.09   56.19   78.58   89.83
11:11:50 75.20   56.19   78.58   89.49
11:12:53 75.20   56.19   78.35   89.04
11:13:57 75.20   56.41   78.46   88.81
11:15:00 75.31   55.74   78.35   88.47
11:16:03 75.31   55.51   78.58   88.25
11:17:07 75.31   55.96   78.58   87.91
11:18:10 75.20   55.51   78.46   87.80
11:19:13 75.20   55.63   78.35   87.46
11:20:17 75.20   55.74   78.69   87.24
11:21:20 75.09   55.51   78.35   87.13
11:22:23 75.09   55.51   78.46   86.90
11:23:27 74.97   55.40   78.35   86.79
11:24:30 74.97   55.51   78.35   86.34
11:25:34 74.97   55.17   78.46   86.11
11:26:37 74.86   55.17   78.13   86.00
11:27:40 74.97   55.06   78.46   85.89
11:28:47 74.86   55.29   78.24   85.78
11:29:50 74.86   54.84   78.13   85.66
11:30:54 74.86   54.84   78.24   85.55
11:31:57 74.86   54.73   78.24   85.55
11:33:00 74.86   54.73   78.01   85.21
11:34:04 74.86   54.61   78.13   84.99
11:35:07 74.75   54.84   78.01   84.88
11:36:10 74.75   54.50   78.24   84.76
11:37:14 74.64   54.50   78.24   84.54
11:38:17 74.64   54.61   78.01   84.54
11:39:20 74.75   54.50   77.90   84.43
11:40:24 74.64   54.61   78.01   84.31
11:41:27 74.64   54.39   77.79   84.31
11:42:31 74.64   54.16   77.90   84.20
11:43:34 74.64   60.01   77.79   84.09
11:44:37 74.64   64.96   77.79   83.97
11:45:41 74.75   65.86   77.90   83.97
11:46:47 74.97   66.65   77.79   83.97
11:47:51 74.97   67.33   78.01   83.86
11:48:54 75.09   68.34   77.79   83.75
11:49:57 75.20   63.39   78.01   83.75
11:51:01 75.09   58.55   77.79   83.64
11:52:04 75.20   57.54   77.79   83.53
11:53:11 74.97   57.20   78.01   83.41
11:54:14 74.86   56.86   77.90   83.30
11:55:18 74.86   56.75   77.90   83.19
11:56:21 74.75   56.41   78.01   83.08
11:57:24 74.64   56.08   78.01   83.08
11:58:28 74.75   55.29   77.90   83.08
11:59:31 74.64   55.40   78.01   82.96
12:00:34 74.64   55.17   78.01   82.96
12:01:38 74.64   54.95   77.90   82.85
12:02:41 74.53   54.84   77.68   82.74
12:03:44 74.64   54.73   77.90   82.63
12:04:48 74.64   54.50   78.01   82.63
12:05:51 74.64   54.50   78.01   82.63
12:06:54 74.64   54.50   77.90   82.63
12:07:58 74.53   54.28   77.90   82.74
12:09:01 74.64   54.28   77.79   82.51
12:10:08 74.53   54.16   77.79   82.51
12:11:11 74.53   54.05   78.01   82.51
12:12:18 74.41   54.05   77.68   82.40
12:13:22 74.41   54.28   77.68   82.29
12:14:25 74.41   54.05   77.79   82.18
12:15:28 74.41   54.05   77.90   82.06
12:16:32 74.53   53.94   78.01   82.06
12:17:35 74.41   53.71   77.68   81.95
12:18:38 74.41   53.83   77.79   81.95
12:19:42 74.30   53.83   77.45   81.95
12:20:45 74.30   53.71   77.34   82.06
12:21:48 74.30   53.71   77.22   81.95
12:22:52 74.30   53.49   77.34   81.95
12:23:55 74.41   53.60   77.22   81.84
12:24:58 74.53   53.60   77.22   81.84
12:26:02 74.41   53.71   77.56   81.84
12:27:05 74.53   53.71   77.45   81.84
12:28:08 74.41   53.71   77.56   81.72
12:29:12 74.41   53.71   77.56   81.72
12:30:15 74.30   64.40   77.68   81.84
12:31:18 74.53   65.19   77.45   81.84
12:32:22 74.64   65.86   77.34   81.84
12:33:25 74.64   66.43   77.56   82.06
12:34:35 74.86   67.10   77.45   81.95
12:35:42 74.86   67.66   77.56   81.95
12:36:46 75.09   61.14   77.79   81.84
12:37:49 75.09   57.54   77.56   81.72
12:38:52 75.09   56.98   77.68   81.61
12:39:56 74.97   56.53   77.56   81.72
12:40:59 74.75   56.53   77.56   81.72
12:42:02 74.97   56.08   77.56   81.61
12:43:06 74.86   55.96   77.45   81.50
12:44:09 74.86   55.63   77.90   81.39
12:45:12 74.86   55.06   77.68   81.28
12:46:16 74.53   54.73   77.56   81.16
12:47:19 74.53   54.73   77.56   81.28
12:48:22 74.64   54.39   77.79   81.39
12:49:26 74.64   54.16   78.01   81.28
12:50:29 74.64   54.16   77.90   81.28
12:51:33 74.53   54.16   77.79   81.39
12:52:36 74.64   54.28   77.79   81.39
12:53:39 74.64   54.16   77.79   81.39
12:54:43 74.64   53.94   77.56   81.39
12:55:46 74.64   54.05   77.68   81.39
12:56:56 74.53   54.05   77.45   81.39
12:58:00 74.53   53.94   77.79   81.39
12:59:06 74.64   54.05   77.34   81.28
13:00:10 74.64   53.83   77.68   96.69
13:01:13 74.53   53.71   77.68   102.09
13:02:17 74.53   53.83   77.56   101.19
13:03:20 74.41   53.71   77.68   99.50
13:04:23 74.30   53.60   77.68   97.92
13:05:27 74.41   53.60   77.56   96.35
13:06:30 74.30   57.99   77.56   95.11
13:07:33 74.30   64.40   77.68   94.10
13:08:37 74.53   65.41   77.34   93.20
13:09:40 74.75   66.09   77.34   92.53
13:10:43 74.86   66.65   77.22   91.85
13:11:50 74.97   67.66   77.22   91.40
13:12:53 74.97   63.28   77.00   90.95
13:13:57 74.97   58.10   77.11   90.39
13:15:00 74.86   56.98   77.45   89.94
13:16:04 74.75   56.75   77.34   89.49
13:17:07 74.64   56.08   77.34   89.15
13:18:10 74.64   55.74   77.56   88.81
13:19:14 74.64   55.29   77.68   88.59
13:20:17 74.41   55.40   77.45   88.03
13:21:20 74.41   54.61   77.11   87.80
13:22:24 74.41   54.50   77.56   87.58
13:23:27 74.41   54.28   77.22   87.24
13:24:30 74.30   54.16   77.34   87.13
13:25:34 74.30   54.16   77.45   86.90
13:26:37 74.41   53.94   77.45   86.68
13:27:40 74.41   54.50   77.79   86.45
13:28:44 74.41   54.61   77.22   86.34
13:29:47 74.41   54.39   77.34   86.00
13:30:50 74.41   54.16   77.56   85.89
13:31:54 74.41   54.28   77.34   85.55
13:32:57 74.41   53.94   77.45   85.33
13:34:00 74.41   53.94   77.45   85.21
13:35:04 74.30   53.71   77.11   85.10
13:36:07 74.30   53.83   77.22   84.99
13:37:10 74.30   53.83   76.89   84.76
13:38:17 74.19   53.71   76.89   84.54
13:39:21 74.30   54.05   77.11   84.31
13:40:24 74.19   53.94   77.34   84.31
13:41:27 74.30   53.94   77.11   84.20
13:42:31 74.41   53.71   77.22   83.97
13:43:34 74.41   53.83   77.22   83.75
13:44:37 74.30   53.71   77.22   83.53
13:45:41 74.41   53.71   77.56   83.41
13:46:44 74.53   53.71   77.68   83.53
13:47:47 74.53   53.83   77.34   83.41
13:48:51 74.53   53.60   77.22   83.30
13:49:54 74.53   53.60   77.45   83.19
13:50:57 74.41   53.60   77.68   82.96
13:52:01 74.53   53.60   77.45   82.85
13:53:04 74.53   53.49   77.34   82.74
13:54:07 74.41   53.60   77.11   82.63
13:55:11 74.30   53.60   76.89   82.51
13:56:14 74.30   53.26   77.00   82.51
13:57:17 74.19   53.38   77.22   82.40
13:58:21 74.19   53.49   77.22   82.40
13:59:24 74.41   53.38   77.34   82.40
14:00:28 74.30   53.38   78.58   82.29
14:01:31 74.30   53.26   78.13   82.29
14:02:34 74.19   53.38   78.24   82.29
14:03:38 74.19   53.38   77.45   82.06
14:04:41 74.08   53.38   77.34   81.95
14:05:44 74.30   53.26   77.45   81.84
14:06:48 74.19   53.26   77.00   81.72
14:07:51 74.30   53.26   77.11   81.61
14:08:54 74.08   53.04   77.22   81.61
14:09:58 73.96   53.04   77.11   81.72
14:11:01 73.96   53.04   77.00   81.61
14:12:04 74.08   53.15   76.78   81.50
14:13:08 74.08   53.15   76.66   81.39
14:14:11 74.08   53.04   77.11   81.39
14:15:14 74.08   53.15   77.34   81.39
14:16:18 74.19   53.15   77.22   81.39
14:17:21 74.08   53.15   76.89   81.28
14:18:24 74.19   53.15   76.89   81.28
14:19:28 74.19   53.15   76.44   81.28
14:20:31 74.08   53.04   76.66   81.16
14:21:34 74.08   53.15   76.89   81.16
14:22:41 74.30   53.15   77.11   81.16
14:23:52 74.19   53.15   76.89   81.05
14:24:58 74.08   53.15   76.55   80.94
14:26:02 74.08   53.04   76.78   80.83
14:27:05 73.85   53.04   76.78   80.83
14:28:09 73.96   53.04   76.89   80.83
14:29:12 73.85   52.92   76.89   80.71
14:30:15 73.85   52.92   76.55   80.71
14:31:19 73.96   52.81   76.78   80.60
14:32:22 73.96   54.73   76.66   80.71
14:33:25 73.96   63.73   76.78   80.71
14:34:29 74.30   64.63   76.89   80.83
14:35:32 74.30   65.19   76.78   80.83
14:36:35 74.41   65.75   76.89   80.83
14:37:39 74.53   66.54   76.66   80.71
14:38:42 74.41   67.55   76.44   80.71
14:39:45 74.75   62.83   76.66   80.60
14:40:49 74.64   57.54   76.78   80.60
14:41:52 74.53   56.08   77.00   80.60
14:42:55 74.41   55.63   77.11   80.71
14:43:59 74.30   55.29   76.55   80.60
14:45:02 74.19   54.95   77.00   80.49
14:46:09 74.19   54.50   76.78   80.49
14:47:12 74.08   54.50   77.11   80.49
14:48:16 74.08   54.16   76.89   80.49
14:49:19 73.96   53.94   76.89   80.49
14:50:22 74.19   54.05   77.45   80.49
14:51:26 74.08   53.49   77.34   80.38
14:52:29 74.08   53.26   77.56   80.38
14:53:32 74.08   58.89   77.22   80.38
14:54:36 74.08   64.29   77.22   80.26
14:55:39 74.30   65.53   77.34   80.26
14:56:42 74.41   66.54   77.22   80.26
14:57:46 74.53   67.44   77.56   80.26
14:58:49 74.64   68.22   77.79   80.15
14:59:52 74.75   69.35   78.01   80.26
15:00:56 74.75   70.70   77.79   80.26
15:01:59 74.86   72.05   77.68   80.38
15:03:02 74.86   65.19   78.35   80.26
15:04:06 74.86   58.44   78.13   80.38
15:05:09 74.75   56.75   77.68   80.49
15:06:16 74.75   56.19   78.01   80.49
15:07:19 74.53   55.85   78.35   80.38
15:08:23 74.53   55.40   78.24   80.26
15:09:26 74.41   55.17   78.24   80.26
15:10:29 74.41   55.06   78.69   80.38
15:11:33 74.30   54.84   78.24   80.38
15:12:36 74.41   64.63   78.24   80.26
15:13:39 74.53   66.31   78.13   80.38
15:14:43 74.64   67.78   77.90   80.38
15:15:46 74.75   68.90   77.90   80.49
15:16:49 74.86   70.36   77.68   80.60
15:17:53 74.86   72.50   77.79   80.60
15:18:56 74.97   74.19   78.01   80.60
15:19:59 74.97   75.09   77.90   80.71
15:21:03 75.09   75.88   77.90   80.71
15:22:06 75.20   76.44   78.01   80.83
15:23:09 75.31   76.89   77.79   80.94
15:24:13 75.31   77.11   77.90   80.83
15:25:16 75.43   77.34   77.90   80.71
15:26:19 75.54   65.41   77.90   80.83
15:27:23 75.43   58.55   77.90   80.71
15:28:26 75.31   57.09   78.01   80.71
15:29:29 75.20   56.75   77.79   80.71
15:30:33 75.09   56.53   77.90   80.71
15:31:36 74.86   55.96   78.13   80.60
15:32:40 74.86   55.96   77.90   80.60
15:33:43 74.75   65.19   77.79   80.71
15:34:46 74.86   67.55   77.68   80.71
15:35:50 74.86   68.68   77.90   80.71
15:36:53 74.97   70.70   77.90   80.83
15:37:56 74.97   73.63   77.79   80.83
15:39:00 75.20   75.88   77.79   80.83
15:40:03 75.20   76.89   78.13   80.94
15:41:06 75.31   77.45   78.01   80.94
15:42:10 75.43   77.56   78.13   80.83
15:43:13 75.43   77.79   77.90   80.83
15:44:16 75.54   78.01   78.24   80.94
15:45:20 75.65   78.13   78.13   81.05
15:46:23 75.76   78.13   78.13   81.16
15:47:26 75.76   78.24   78.35   101.19
15:48:37 75.88   78.35   78.24   106.25
15:49:40 75.99   78.46   78.46   107.26
15:50:43 75.99   78.46   78.46   107.49
15:51:54 76.10   78.46   78.35   107.83
15:52:57 76.10   78.58   78.24   108.39
15:54:00 76.10   78.69   78.13   108.95
15:55:04 76.21   78.80   78.35   109.29
15:56:07 76.33   78.80   78.46   109.63
15:57:11 76.33   78.91   78.46   109.96
15:58:14 76.33   72.05   78.58   110.19
15:59:17 76.44   60.35   78.46   110.41
16:00:21 76.21   58.33   78.35   110.41
16:01:24 76.10   57.88   78.58   110.41
16:02:27 75.99   57.54   78.58   110.53
16:03:31 75.76   57.31   79.03   110.30
16:04:34 75.88   64.74   78.80   109.63
16:05:37 75.88   68.79   78.91   108.84
16:06:41 75.99   70.25   78.69   108.05
16:07:48 75.99   71.60   78.69   107.26
16:08:51 75.99   74.19   78.69   106.59
16:09:58 76.10   76.66   78.80   105.80
16:11:01 76.10   78.01   78.80   105.13
16:12:11 76.21   78.58   78.46   104.45
16:13:15 76.33   78.91   78.69   103.78
16:14:25 76.44   79.03   78.69   106.93
16:15:28 76.55   79.14   78.80   112.44
16:16:32 76.44   79.14   78.58   112.44
16:17:35 76.55   79.14   78.69   111.43
16:18:39 76.66   79.25   78.80   110.41
16:19:42 76.66   79.25   78.69   111.88
16:20:45 76.66   79.25   79.03   111.99
16:21:49 76.66   79.36   78.80   111.09
16:22:52 76.66   79.36   79.03   112.21
16:23:55 76.66   79.36   79.14   113.56
16:24:59 76.78   79.36   79.03   112.89
16:26:02 76.78   79.36   78.91   111.76
16:27:05 76.89   79.36   79.25   110.64
16:28:09 76.89   79.47   79.14   109.51
16:29:12 76.89   79.47   79.14   108.50
16:30:15 76.89   79.47   79.03   107.60
16:31:26 76.89   79.47   79.25   106.59
16:32:29 77.00   79.59   79.14   105.91
16:33:39 77.00   79.59   79.25   105.13
16:34:43 77.00   79.59   79.14   104.34
16:35:46 77.00   79.59   79.25   108.16
16:36:49 77.00   79.59   79.25   112.44
16:37:53 77.11   79.59   79.25   112.66
16:38:56 77.11   79.70   79.03   111.54
16:40:00 77.11   79.70   79.36   112.66
16:41:03 77.11   65.08   79.36   113.34
16:42:06 76.89   60.24   79.36   112.89
16:43:10 76.78   59.00   79.14   111.99
16:44:13 76.66   58.89   79.36   110.75
16:45:16 76.44   58.55   79.81   109.51
16:46:20 76.33   58.44   79.81   108.28
16:47:23 76.10   63.50   79.36   107.26
16:48:26 76.21   68.79   79.59   106.14
16:49:30 76.21   70.03   79.47   105.24
16:50:33 76.21   71.60   79.36   104.45
16:51:36 76.33   73.29   79.70   103.66
16:52:40 76.55   75.31   79.70   102.88
16:53:43 76.55   77.22   79.47   102.20
16:54:46 76.66   78.46   79.59   101.53
16:55:53 76.78   79.03   79.36   100.85
16:56:57 76.78   79.25   79.47   100.29
16:58:00 76.89   79.36   79.59   99.73
16:59:03 77.00   79.36   79.59   99.28
17:00:10 76.89   79.47   79.70   98.71
17:01:13 77.00   79.47   79.59   98.26
17:02:17 77.11   79.47   79.70   97.81
17:03:20 77.11   79.59   79.70   101.30
17:04:23 77.11   79.59   79.47   101.64
17:05:27 77.11   79.59   79.47   101.08
17:06:30 77.11   79.70   79.59   100.29
17:07:34 77.11   79.70   79.59   99.61
17:08:37 77.11   72.16   79.70   99.05
17:09:40 77.11   62.04   79.47   98.49
17:10:44 76.89   59.67   79.59   97.92
17:11:47 76.78   58.89   79.59   97.25
17:12:50 76.55   58.66   79.25   96.69
17:13:54 76.33   58.44   79.70   96.24
17:14:57 76.21   58.44   80.15   95.68
17:16:00 76.21   63.95   79.59   95.34
17:17:04 76.21   68.90   79.59   94.89
17:18:07 76.21   69.91   79.59   94.44
17:19:10 76.21   71.71   79.59   94.21
17:20:14 76.21   72.95   79.59   93.76
17:21:17 76.33   74.53   79.81   93.43
17:22:20 76.44   76.44   79.59   93.09
17:23:24 76.44   78.01   79.81   92.75
17:24:27 76.55   78.80   79.81   92.64
17:25:30 76.66   79.14   79.70   92.30
17:26:34 76.78   79.36   79.47   92.19
17:27:37 76.78   79.36   79.70   91.96
17:28:40 76.89   79.47   79.70   91.74
17:29:44 77.00   79.47   79.70   91.40
17:30:47 77.00   79.47   79.81   91.18
17:31:50 77.00   76.21   79.70   90.95
17:32:54 77.11   62.60   79.93   90.84
17:33:57 76.78   59.56   79.81   90.61
17:35:00 76.78   59.00   79.47   90.16
17:36:04 76.66   58.66   79.81   89.83
17:37:07 76.55   58.66   79.93   89.71
17:38:10 76.44   58.44   79.81   89.38
17:39:14 76.44   58.33   79.36   89.15
17:40:17 76.33   64.29   79.25   89.04
17:41:21 76.33   69.01   79.36   88.81
17:42:24 76.44   70.03   79.70   88.70
17:43:31 76.44   71.60   79.93   88.47
17:44:34 76.44   73.06   79.81   88.36
17:45:41 76.55   74.19   79.70   88.14
17:46:44 76.55   75.65   79.59   88.03
17:47:48 76.66   77.56   79.81   87.91
17:48:51 76.78   78.69   79.70   87.80
17:49:54 76.89   79.25   79.93   87.69
17:50:58 77.00   79.59   79.81   87.58
17:52:01 77.11   79.70   79.59   87.46
17:53:04 77.11   71.26   79.70   87.35
17:54:08 77.11   61.81   79.93   87.35
17:55:11 76.89   59.56   79.70   87.24
17:56:14 76.78   58.89   79.59   87.01
17:57:18 76.66   58.78   79.93   86.90
17:58:21 76.55   58.55   80.15   86.79
17:59:31 76.44   58.33   80.04   86.56
18:00:35 76.33   58.21   79.70   86.34
18:01:45 76.21   58.21   79.93   86.22
18:02:49 76.21   63.73   79.59   86.11
18:03:55 76.21   68.79   79.47   85.89
18:04:59 76.21   69.80   79.47   85.78
18:06:02 76.33   71.04   79.70   85.66
18:07:05 76.44   72.28   79.81   85.55
18:08:09 76.44   73.40   79.59   85.55
18:09:12 76.44   74.30   79.59   85.55
18:10:15 76.55   75.65   79.59   85.55
18:11:19 76.66   77.11   79.59   85.44
18:12:22 76.66   78.35   79.93   85.33
18:13:25 76.89   67.10   79.93   85.21
18:14:29 76.78   61.03   79.70   85.21
18:15:32 76.78   59.23   79.25   85.21
18:16:35 76.44   58.78   79.25   85.10
18:17:39 76.44   58.66   79.47   84.99
18:18:42 76.33   58.44   79.59   84.99
18:19:46 76.33   58.21   79.59   84.76
18:20:49 76.21   58.10   79.70   84.65
18:21:52 76.10   57.99   79.59   84.65
18:22:56 76.10   57.99   79.47   84.43
18:23:59 76.10   57.76   79.59   84.43
18:25:02 76.10   67.10   79.47   84.43
18:26:06 76.21   68.90   79.59   84.31
18:27:09 76.33   69.69   79.36   84.20
18:28:12 76.33   70.59   79.70   84.20
18:29:19 76.55   71.83   79.59   104.11
18:30:22 76.44   72.72   79.47   108.28
18:31:26 76.66   73.85   79.59   108.84
18:32:29 76.66   67.44   79.47   108.39
18:33:33 76.66   61.70   79.93   109.74
18:34:36 76.66   59.45   79.14   109.74
18:35:39 76.55   58.55   79.14   109.18
18:36:43 76.33   58.21   78.91   108.39
18:37:46 76.21   57.99   79.36   109.18
18:38:49 76.21   57.76   79.36   109.29
18:39:53 76.10   57.54   79.47   109.51
18:40:56 75.99   57.65   79.47   109.63
18:41:59 75.99   57.42   79.47   109.63
18:43:06 75.99   57.54   79.25   109.51
18:44:10 75.99   57.31   79.25   109.29
18:45:13 75.99   57.42   79.14   108.73
18:46:16 75.99   57.42   79.14   108.16
18:47:20 76.10   57.31   79.36   107.49
18:48:26 75.99   57.31   78.91   106.81
18:49:30 75.99   57.42   79.14   106.03
18:50:40 75.99   57.31   79.03   105.24
18:51:43 75.88   57.31   79.03   111.20
18:52:47 75.88   57.31   79.14   112.33
18:53:50 75.88   57.31   79.14   112.33
18:54:54 75.88   57.31   79.14   111.54
18:55:57 75.76   57.31   79.03   113.00
18:57:00 75.76   57.20   79.14   113.23
18:58:04 75.76   66.99   79.03   112.55
18:59:07 75.88   68.45   78.91   111.76
19:00:10 76.10   69.13   78.91   111.09
19:01:14 76.10   70.03   79.14   110.08
19:02:17 76.10   70.70   78.91   109.29
19:03:20 76.21   64.85   79.03   108.39
19:04:24 76.21   61.25   79.03   110.41
19:05:30 76.10   59.11   78.69   111.65
19:06:34 75.99   58.55   78.69   111.31
19:07:44 75.88   58.10   78.91   110.41
19:08:48 75.88   58.10   78.91   111.31
19:09:51 75.76   57.76   78.69   111.20
19:10:54 75.76   57.76   78.91   110.53
19:11:58 75.76   57.54   78.91   110.30
19:13:01 75.76   57.54   78.69   110.08
19:14:04 75.76   57.20   78.91   109.63
19:15:11 75.76   57.42   79.03   109.06
19:16:14 75.76   57.31   78.91   108.39
19:17:18 75.88   57.31   79.03   107.71
19:18:21 75.99   57.42   79.25   107.04
19:19:25 75.88   57.31   78.80   106.36
19:20:28 76.10   57.54   78.80   105.58
19:21:31 76.10   57.54   78.69   104.79
19:22:35 76.10   57.42   78.80   104.11
19:23:38 76.21   57.54   79.14   103.44
19:24:41 76.10   57.42   78.46   102.76
19:25:45 76.10   57.54   78.69   110.75
19:26:48 76.10   57.31   78.24   112.55
19:27:51 75.99   57.20   78.46   112.10
19:28:55 76.10   57.20   78.80   111.20
19:29:58 76.10   57.20   78.58   110.08
19:31:08 76.21   57.20   78.80   108.95
19:32:12 76.33   57.09   78.35   107.94
19:33:15 76.10   56.98   78.80   106.93
19:34:18 75.99   56.98   78.46   105.91
19:35:22 75.99   57.09   78.35   105.13
19:36:25 75.99   57.09   78.58   104.23
19:37:28 75.99   57.20   78.46   103.55
19:38:32 75.88   57.20   78.46   102.76
19:39:35 75.88   56.98   78.58   102.09
19:40:38 75.76   57.09   78.58   108.28
19:41:42 75.88   56.86   78.58   111.09
19:42:45 75.65   56.64   78.35   109.96
19:43:48 75.65   56.64   78.46   108.95
19:44:52 75.54   56.53   78.69   108.61
19:45:55 75.54   56.53   78.58   108.05
19:46:59 75.54   56.41   78.46   107.38
19:48:02 75.54   56.41   78.58   106.70
19:49:05 75.43   56.30   78.58   106.14
19:50:09 75.54   56.30   78.69   105.58
19:51:12 75.43   56.41   78.35   105.01
19:52:15 75.43   56.30   78.46   104.45
19:53:19 75.43   56.19   78.46   107.15
19:54:22 75.43   56.19   78.46   110.75
19:55:25 75.43   56.19   78.46   110.86
19:56:29 75.43   56.19   78.46   110.30
19:57:32 75.31   55.96   78.46   109.40
19:58:35 75.43   56.08   78.35   108.61
19:59:39 75.43   56.19   78.80   107.83
20:00:42 75.43   55.85   78.24   110.41
20:01:45 75.43   56.08   78.35   111.99
20:02:49 75.31   55.96   78.13   111.54
20:03:52 75.43   55.96   78.24   110.75
20:04:55 75.31   55.96   78.24   109.85
20:05:59 75.31   55.85   78.58   108.95
20:07:02 75.31   55.63   78.46   108.05
20:08:05 75.43   55.96   78.46   107.04
20:09:09 75.31   55.74   78.24   106.14
20:10:12 75.31   55.96   78.01   105.46
20:11:15 75.31   55.74   78.01   104.68
20:12:19 75.31   55.63   78.13   103.89
20:13:22 75.20   55.74   78.24   103.33
20:14:33 75.09   55.63   78.13   102.65
20:15:36 74.97   55.63   78.01   101.98
20:16:39 75.09   55.40   78.24   101.41
20:17:43 74.97   55.51   78.13   100.74
20:18:46 74.97   55.51   78.24   100.18
20:19:49 74.97   55.17   78.13   99.61
20:20:53 75.09   55.29   78.24   99.05
20:21:56 75.09   55.29   77.90   98.49
20:22:59 75.20   55.17   77.90   97.92
20:24:03 74.97   55.29   78.01   97.48
20:25:06 74.97   55.29   77.79   96.91
20:26:09 74.86   55.06   77.79   96.46
20:27:13 74.86   54.95   78.13   96.01
20:28:16 74.86   55.17   78.01   95.56
20:29:19 74.97   55.06   78.01   95.11
20:30:23 74.86   55.06   77.90   94.66
20:31:26 74.86   55.06   77.79   94.33
20:32:29 74.86   55.06   77.68   93.99
20:33:33 74.75   55.06   77.68   93.54
20:34:36 74.75   54.84   78.13   93.09
20:35:39 74.86   54.61   78.24   92.64
20:36:46 74.75   54.73   78.01   92.41
20:37:50 74.75   54.84   78.13   91.96
20:39:00 74.75   54.73   78.13   91.51
20:40:10 74.64   54.61   77.79   91.18
20:41:17 74.75   54.84   77.79   90.95
20:42:21 74.64   54.84   77.90   90.72
20:43:24 74.64   54.50   77.68   90.39
20:44:27 74.75   54.84   78.24   90.16
20:45:31 74.75   54.61   77.79   104.45
20:46:34 74.75   54.61   77.90   108.73
20:47:37 74.64   54.73   77.79   110.64
20:48:41 74.64   54.73   77.56   110.41
20:49:44 74.64   54.50   77.90   109.63
20:50:47 74.64   54.50   77.79   108.28
20:51:51 74.64   54.50   77.90   106.93
20:52:54 74.53   54.61   77.79   105.58
20:53:57 74.53   54.50   77.68   104.34
20:55:01 74.53   54.61   77.79   103.10
20:56:04 74.53   54.50   77.79   102.09
20:57:07 74.53   54.39   78.13   101.19
20:58:11 74.53   54.50   77.79   100.29
20:59:14 74.53   54.28   77.56   99.50
21:00:21 33.35   493.00   1184.79   1184.96
21:01:24 74.53   54.28   77.90   97.92
21:02:28 74.53   54.16   77.45   97.25
21:03:31 74.41   54.39   77.79   96.58
21:04:34 74.41   54.16   77.79   96.01
21:05:38 74.30   54.28   77.68   95.34
21:06:48 74.30   54.16   77.56   94.78
21:07:51 74.30   53.83   77.79   94.21
21:08:55 74.30   54.16   77.90   93.76
21:09:58 74.41   54.28   77.79   93.31
21:11:01 74.30   53.60   77.56   93.09
21:12:05 74.30   54.05   77.56   92.41
21:13:08 74.30   54.05   77.45   91.96
21:14:11 74.30   54.05   77.34   91.51
21:15:15 74.41   53.71   77.68   91.18
21:16:18 74.41   54.39   77.56   90.84
21:17:22 74.30   54.28   77.68   90.50
21:18:25 74.41   53.83   77.79   90.16
21:19:28 74.30   54.28   77.90   89.94
21:20:32 74.30   53.60   77.45   89.49
21:21:35 74.30   53.83   77.56   89.15
21:22:38 74.19   53.83   77.11   88.93
21:23:42 74.30   53.60   77.22   88.59
21:24:45 74.19   54.05   77.45   88.25
21:25:48 74.19   53.71   77.68   87.91
21:26:52 74.19   53.60   77.45   87.58
21:27:55 74.19   53.83   77.45   87.46
21:28:58 74.19   53.60   77.22   87.13
21:30:02 74.08   53.38   77.00   86.90
21:31:05 74.08   53.71   77.34   86.56
21:32:08 74.08   53.71   77.22   86.34
21:33:12 74.19   53.60   77.34   86.11
21:34:15 74.08   53.49   77.11   86.00
21:35:18 74.08   53.60   77.34   85.78
21:36:22 74.08   53.83   77.56   85.66
21:37:25 74.19   53.49   77.34   85.44
21:38:28 74.30   53.38   77.22   85.21
21:39:32 74.19   53.60   77.00   85.10
21:40:35 74.19   53.49   77.22   84.88
21:41:38 74.08   53.60   77.00   84.65
21:42:42 73.96   53.49   77.22   84.43
21:43:45 73.96   53.60   77.11   84.31
21:44:48 73.96   53.15   77.11   84.09
21:45:52 74.19   53.71   77.11   83.97
21:46:55 74.08   53.26   77.22   83.86
21:47:58 74.08   53.49   77.00   83.64
21:49:02 73.96   53.38   77.00   83.53
21:50:05 74.08   53.04   77.00   83.41
21:51:09 73.96   53.38   76.78   83.30
21:52:12 73.96   53.38   77.11   83.19
21:53:15 73.96   53.26   77.00   83.08
21:54:19 73.85   53.49   77.22   83.08
21:55:22 74.19   53.60   77.00   82.85
21:56:25 74.30   53.60   77.11   82.74
21:57:29 74.30   53.71   77.00   82.74
21:58:32 74.08   53.26   77.00   82.51
21:59:35 74.08   53.26   77.00   82.51
22:00:39 73.85   53.04   76.89   82.40
22:01:42 74.08   53.38   76.89   82.29
22:02:45 74.08   53.15   77.00   82.06
22:03:49 73.96   53.26   76.66   82.06
22:04:52 73.96   53.26   76.66   81.95
22:05:55 73.85   52.92   76.66   81.84
22:06:59 73.74   53.04   76.55   81.84
22:08:02 73.74   53.26   76.66   81.72
22:09:05 73.74   52.81   76.55   81.50
22:10:09 73.74   53.15   76.66   81.39
22:11:12 73.74   53.15   76.78   81.39
22:12:15 73.96   53.15   77.22   81.05
22:13:19 73.74   52.70   76.78   81.16
22:14:22 73.74   53.04   76.66   81.16
22:15:25 73.63   52.81   76.78   81.05
22:16:29 73.63   53.15   76.89   80.83
22:17:32 73.51   52.81   77.11   80.83
22:18:35 73.63   52.48   76.89   80.83
22:19:39 73.63   52.92   76.78   80.83
22:20:46 73.63   53.04   77.11   80.71
22:21:49 73.51   52.59   76.89   80.60
22:22:52 73.51   52.81   76.89   80.60
22:23:56 73.40   52.25   76.66   80.49
22:24:59 73.40   52.59   76.78   80.60
22:26:02 73.40   52.36   76.78   80.49
22:27:06 73.40   52.92   76.21   80.38
22:28:09 73.40   52.25   76.21   80.15
22:29:12 73.40   52.14   76.21   80.15
22:30:16 73.40   52.36   76.10   80.04
22:31:19 73.51   52.48   76.10   80.04
22:32:22 73.40   52.59   76.10   80.15
22:33:26 73.29   52.36   75.88   80.04
22:34:29 73.40   52.36   76.21   79.81
22:35:32 73.29   52.36   76.21   93.99
22:36:36 73.18   52.25   75.99   103.33
22:37:39 73.18   52.48   75.88   104.79
22:38:43 73.29   52.25   76.10   105.58
22:39:46 73.18   52.25   76.33   105.35
22:40:49 73.06   52.14   76.10   104.56
22:41:53 73.18   52.14   76.10   103.66
22:42:56 73.06   52.03   76.21   102.65
22:43:59 73.29   52.36   76.21   101.64
22:45:03 73.18   52.25   75.88   100.74
22:46:06 73.06   52.36   75.88   99.84
22:47:13 72.95   52.14   76.10   99.05
22:48:16 72.95   52.14   76.21   98.26
22:49:19 72.95   52.36   75.76   97.48
22:50:23 73.06   51.91   75.76   96.80
22:51:26 72.95   52.03   75.88   96.13
22:52:29 72.95   52.14   75.99   95.56
22:53:33 72.84   51.80   75.76   94.78
22:54:36 72.84   51.91   75.76   94.21
22:55:40 72.84   51.80   75.99   93.65
22:56:43 72.72   51.91   75.88   93.09
22:57:46 72.84   51.46   75.54   92.64
22:58:50 72.72   51.80   75.43   92.19
22:59:53 72.72   51.69   75.54   91.74
23:00:56 72.72   51.91   75.65   91.29
23:02:00 72.61   51.58   75.65   90.84
23:03:03 72.61   51.46   75.65   90.50
23:04:06 72.72   51.69   75.76   90.05
23:05:10 72.50   51.58   75.76   89.60
23:06:13 72.50   51.35   75.65   89.26
23:07:16 72.50   51.13   75.76   89.04
23:08:20 72.50   51.46   75.54   88.59
23:09:23 72.39   51.35   75.43   88.25
23:10:26 72.50   51.35   75.76   88.93
23:11:30 72.39   51.13   75.43   89.26
23:12:33 72.39   51.13   75.65   99.05
23:13:36 72.39   51.13   75.65   103.10
23:14:40 72.39   51.35   75.31   103.10
23:15:43 72.28   51.24   75.43   102.43
23:16:46 72.39   50.90   75.65   101.41
23:17:50 72.39   51.01   75.54   100.40
23:18:57 72.39   51.35   75.65   99.50
23:20:00 72.16   50.90   75.54   98.49
23:21:03 72.16   51.01   75.31   97.70
23:22:07 72.16   50.90   75.20   97.03
23:23:10 72.16   51.01   75.09   96.24
23:24:13 72.16   51.13   75.20   95.56
23:25:17 72.16   50.79   75.09   95.00
23:26:20 72.05   50.90   75.20   94.33
23:27:23 72.05   50.90   75.20   93.88
23:28:27 72.16   50.67   74.97   93.31
23:29:30 71.94   50.67   75.20   92.75
23:30:33 72.05   50.79   75.09   92.19
23:31:37 71.94   50.79   75.09   91.74
23:32:40 72.05   50.67   74.86   91.29
23:33:43 72.05   50.67   74.86   90.84
23:34:47 72.05   50.45   74.97   90.50
23:35:50 71.94   50.45   75.09   89.94
23:36:53 71.94   50.45   74.75   89.49
23:37:57 72.05   60.01   74.86   89.15
23:39:00 72.16   62.83   74.75   88.81
23:40:04 72.39   63.84   74.75   88.36
23:41:07 72.50   64.74   74.86   88.14
23:42:10 72.50   65.53   74.97   87.80
23:43:14 72.61   66.43   74.97   87.35
23:44:17 72.72   67.66   75.31   87.13
23:45:20 72.72   69.01   75.20   87.01
23:46:24 72.84   58.55   75.31   86.79
23:47:27 72.84   53.83   74.86   86.56
23:48:30 72.61   52.70   75.09   86.22
23:49:34 72.50   52.36   75.20   86.00
23:50:37 72.39   52.14   74.75   85.66
23:51:40 72.28   52.25   74.75   85.55
23:52:44 72.16   52.48   74.86   85.44
23:53:47 72.16   52.48   74.97   85.10
23:54:50 72.05   52.03   75.09   84.76
23:55:54 72.05   51.80   75.20   84.54
23:56:57 72.05   60.69   74.97   84.31
23:58:00 72.16   64.18   74.86   84.20
23:59:04 72.28   65.08   74.75   84.09
