00:00:43 71.49   49.89   73.85   90.95
00:01:46 71.49   49.89   73.74   90.61
00:02:49 71.49   49.78   73.85   90.28
00:03:53 71.49   49.78   73.96   90.05
00:04:56 71.38   49.89   73.74   89.60
00:05:59 71.38   49.78   74.08   89.26
00:07:03 71.38   49.78   73.74   88.70
00:08:06 71.38   49.78   73.74   88.47
00:09:09 71.38   61.14   74.08   88.14
00:10:16 71.60   62.15   73.63   87.69
00:11:20 71.71   62.60   73.74   87.46
00:12:23 71.83   63.28   73.96   87.24
00:13:26 71.94   64.06   73.74   87.01
00:14:30 71.94   65.08   73.96   86.90
00:15:33 72.05   66.54   74.08   86.68
00:16:36 72.05   58.33   74.19   91.96
00:17:40 72.05   53.60   74.19   105.01
00:18:46 71.94   52.59   74.08   107.71
00:19:50 71.83   52.25   74.53   108.84
00:20:53 71.71   51.91   74.41   108.50
00:21:56 71.71   51.69   74.19   107.49
00:23:00 71.60   51.58   74.19   106.03
00:24:03 71.60   51.24   74.19   104.68
00:25:07 71.49   50.90   73.85   103.33
00:26:13 71.49   50.90   74.19   101.98
00:27:17 71.49   50.90   73.96   100.96
00:28:24 71.38   52.03   73.85   99.95
00:29:27 71.49   61.59   73.74   99.16
00:30:30 71.60   63.28   73.85   98.26
00:31:34 71.71   64.29   74.19   97.59
00:32:37 71.83   64.85   74.08   96.80
00:33:40 71.94   66.09   74.08   96.13
00:34:44 71.94   67.55   73.96   95.45
00:35:47 72.16   69.13   74.08   94.89
00:36:50 72.16   70.25   74.30   94.33
00:37:54 72.28   71.38   74.19   93.88
00:38:57 72.39   72.28   74.41   93.31
00:40:00 72.50   59.67   74.64   92.75
00:41:04 72.28   54.50   74.53   92.30
00:42:14 72.16   53.26   74.19   91.74
00:43:17 72.05   52.81   73.74   91.40
00:44:21 71.94   52.48   74.08   90.95
00:45:24 71.83   52.36   74.19   90.50
00:46:27 71.71   52.14   73.85   90.16
00:47:31 71.71   55.63   74.19   89.71
00:48:34 71.71   63.61   74.19   89.26
00:49:38 71.83   64.63   74.08   88.93
00:50:41 71.94   65.75   74.19   88.59
00:51:44 72.05   67.89   74.41   88.25
00:52:48 72.16   70.36   74.53   88.03
00:53:51 72.16   72.28   74.08   87.80
00:54:54 72.28   73.40   74.41   87.69
00:55:58 72.39   73.85   74.30   87.58
00:57:01 72.50   74.19   74.75   87.46
00:58:04 72.61   74.41   74.75   87.13
00:59:08 72.61   74.41   74.41   86.79
01:00:11 72.72   74.53   74.30   86.68
01:01:14 72.72   74.86   74.53   86.45
01:02:18 72.84   74.86   74.41   86.34
01:03:21 72.95   74.97   74.75   86.11
01:04:24 72.95   75.09   74.75   86.11
01:05:28 72.95   75.20   74.53   85.89
01:06:31 73.06   75.20   74.64   85.78
01:07:34 73.06   75.31   74.53   85.55
01:08:38 73.06   75.20   74.64   85.44
01:09:41 73.06   75.31   74.75   85.33
01:10:44 73.06   75.31   74.53   85.10
01:11:48 73.06   75.43   74.64   85.10
01:12:51 73.18   75.43   74.97   84.88
01:13:54 73.06   75.43   74.75   84.76
01:14:58 73.18   75.43   74.86   84.76
01:16:01 73.18   75.43   74.86   84.76
01:17:04 73.29   75.54   74.97   84.54
01:18:08 73.18   75.54   75.09   84.43
01:19:11 73.18   75.54   74.97   84.43
01:20:15 73.29   75.54   74.97   84.20
01:21:18 73.29   75.54   75.20   84.09
01:22:21 73.29   75.65   75.09   83.97
01:23:25 73.29   75.65   74.97   83.86
01:24:28 73.29   75.65   75.20   83.86
01:25:35 73.29   75.65   75.31   83.75
01:26:38 73.40   75.76   75.20   83.53
01:27:41 73.40   75.76   75.43   83.53
01:28:45 73.40   75.76   75.20   83.53
01:29:48 73.40   75.76   75.09   83.53
01:30:51 73.40   75.88   75.20   83.53
01:31:55 73.40   75.76   75.09   83.41
01:32:58 73.40   75.88   75.31   83.41
01:34:02 73.40   75.88   75.31   83.19
01:35:05 73.51   75.88   75.31   83.30
01:36:08 73.51   75.88   75.31   83.19
01:37:12 73.51   75.99   75.65   83.19
01:38:15 73.51   75.99   75.54   83.08
01:39:18 73.63   75.99   75.43   82.96
01:40:22 73.63   75.99   75.31   82.96
01:41:25 73.63   75.99   75.43   82.85
01:42:28 73.63   75.99   75.20   82.74
01:43:32 73.63   75.99   75.31   82.74
01:44:35 73.74   76.10   75.31   82.74
01:45:38 73.74   76.10   75.31   82.74
01:46:42 73.74   76.10   75.54   82.74
01:47:45 73.74   76.10   75.65   82.74
01:48:48 73.74   76.10   75.54   82.85
01:49:52 73.74   76.10   75.65   82.74
01:50:55 73.74   76.10   75.65   82.63
01:52:02 73.74   76.10   75.76   82.51
01:53:05 73.74   76.21   75.65   82.51
01:54:12 73.74   76.21   75.88   82.40
01:55:15 73.74   76.21   75.88   82.51
01:56:19 73.74   76.33   75.76   82.51
01:57:22 73.74   76.21   75.88   82.40
01:58:29 73.85   76.33   75.65   82.29
01:59:32 73.85   76.21   75.54   82.40
02:00:36 73.85   76.21   75.88   82.29
02:01:39 73.85   76.21   75.76   82.18
02:02:42 73.85   76.21   75.88   82.40
02:03:46 73.85   76.33   75.88   82.29
02:04:49 73.85   76.33   75.99   82.18
02:05:52 73.85   76.21   75.88   82.18
02:06:56 73.85   76.33   75.76   82.18
02:07:59 73.85   76.33   75.88   82.29
02:09:02 73.85   76.33   75.76   82.18
02:10:06 73.85   76.33   76.10   82.06
02:11:09 73.85   76.33   75.99   82.06
02:12:12 73.85   76.33   75.99   82.06
02:13:19 73.96   76.44   75.99   82.06
02:14:23 73.96   76.44   75.76   82.06
02:15:26 73.96   76.44   76.10   82.06
02:16:29 73.96   76.55   76.21   82.06
02:17:33 73.96   76.55   76.21   82.06
02:18:36 73.96   76.55   75.99   82.18
02:19:39 73.96   76.55   75.99   82.18
02:20:43 73.96   76.55   75.88   82.18
02:21:46 74.08   76.55   75.88   82.29
02:22:49 74.08   76.55   75.76   82.29
02:23:53 74.08   76.66   75.99   82.18
02:24:56 74.08   76.66   76.10   82.18
02:25:59 74.08   76.66   75.99   82.06
02:27:03 74.08   76.66   76.21   82.06
02:28:06 74.08   76.66   76.10   82.18
02:29:09 74.19   76.66   76.21   82.06
02:30:13 74.08   76.66   76.21   82.06
02:31:16 74.19   76.66   76.33   82.06
02:32:20 74.08   76.66   76.21   82.06
02:33:23 74.19   76.66   76.55   81.95
02:34:26 74.19   76.66   76.21   81.95
02:35:30 74.08   76.78   76.44   81.95
02:36:33 74.19   76.78   75.99   82.06
02:37:36 74.19   76.78   75.88   82.06
02:38:40 74.08   76.78   75.99   82.06
02:39:43 74.19   76.78   76.33   82.06
02:40:46 74.19   76.55   76.21   81.95
02:41:50 74.19   76.66   76.10   81.95
02:42:53 74.19   76.66   75.99   82.06
02:43:56 74.19   76.66   76.21   82.06
02:45:00 74.19   76.78   76.33   82.06
02:46:03 74.19   76.78   76.33   82.06
02:47:06 74.19   76.78   75.88   82.18
02:48:10 74.19   76.78   75.88   82.29
02:49:13 74.19   76.78   76.10   82.18
02:50:16 74.19   76.89   76.10   82.06
02:51:20 74.30   76.89   76.21   82.06
02:52:23 74.19   76.89   76.10   82.06
02:53:26 74.30   76.89   76.21   82.06
02:54:30 74.30   76.89   76.33   82.18
02:55:33 74.19   76.89   76.33   82.06
02:56:36 74.19   76.78   76.33   82.06
02:57:40 74.30   76.78   76.44   82.18
02:58:43 74.30   76.78   76.33   82.18
02:59:46 74.30   76.78   76.44   82.06
03:00:57 74.30   76.78   76.33   82.06
03:02:00 74.30   76.78   76.33   82.06
03:03:04 74.30   76.78   76.55   82.18
03:04:07 74.30   76.78   76.21   82.06
03:05:10 74.41   76.89   76.33   82.06
03:06:14 74.41   76.89   76.33   82.06
03:07:17 74.41   76.89   76.44   82.06
03:08:20 74.41   77.00   76.33   82.06
03:09:24 74.41   77.00   76.44   82.18
03:10:27 74.41   77.00   76.55   82.18
03:11:30 74.41   77.00   76.55   82.18
03:12:34 74.53   77.00   76.33   82.29
03:13:37 74.41   77.00   76.33   82.29
03:14:40 74.53   77.11   76.55   82.18
03:15:44 74.41   77.11   76.55   82.18
03:16:47 74.41   77.11   76.66   82.18
03:17:50 74.41   77.11   76.44   82.18
03:18:57 74.41   77.11   76.44   82.18
03:20:01 74.41   77.22   76.44   82.18
03:21:04 74.41   77.22   76.44   82.18
03:22:07 74.41   77.22   76.44   82.18
03:23:11 74.41   77.22   76.33   82.18
03:24:14 74.53   77.22   76.55   82.18
03:25:17 74.41   77.22   76.55   82.18
03:26:21 74.41   77.22   76.66   82.29
03:27:24 74.53   77.22   76.55   82.40
03:28:27 74.53   77.22   76.66   82.29
03:29:31 74.53   77.34   76.66   82.29
03:30:34 74.53   77.34   76.66   82.29
03:31:37 74.53   77.34   76.89   82.29
03:32:41 74.53   77.34   76.78   82.18
03:33:44 74.53   77.34   76.66   82.29
03:34:47 74.53   77.34   76.78   82.29
03:35:51 74.53   77.34   76.89   82.29
03:36:54 74.53   77.34   76.78   82.29
03:37:57 74.53   77.45   76.66   82.18
03:39:08 74.53   77.34   76.66   82.06
03:40:11 74.53   77.34   76.78   82.18
03:41:14 74.64   77.34   76.89   82.18
03:42:18 74.64   77.34   76.66   82.18
03:43:21 74.64   77.45   76.55   82.29
03:44:24 74.53   77.45   76.89   82.40
03:45:28 74.64   77.45   76.78   82.29
03:46:31 74.64   77.45   76.78   82.29
03:47:35 74.64   77.45   76.78   82.29
03:48:38 74.64   77.45   76.78   82.29
03:49:41 74.64   77.45   76.89   82.29
03:50:45 74.64   77.56   76.55   82.18
03:51:48 74.75   77.56   76.78   82.29
03:52:51 74.64   77.56   76.55   82.40
03:53:55 74.75   77.56   76.66   82.29
03:54:58 74.75   77.56   76.66   82.40
03:56:01 74.75   77.56   76.66   82.51
03:57:05 74.64   77.56   77.00   82.40
03:58:08 74.75   77.56   77.00   82.40
03:59:11 74.64   77.56   76.89   82.29
04:00:15 74.75   77.56   76.78   82.18
04:01:18 74.75   77.56   76.78   82.18
04:02:21 74.75   77.56   77.22   82.18
04:03:25 74.75   77.68   76.89   82.29
04:04:28 74.75   77.56   76.89   82.29
04:05:31 74.75   77.56   76.89   82.29
04:06:35 74.75   77.56   77.00   82.40
04:07:38 74.75   77.68   77.00   82.40
04:08:41 74.75   77.56   77.22   82.40
04:09:45 74.75   77.68   77.11   82.40
04:10:48 74.75   77.68   77.11   82.40
04:11:51 74.75   77.68   76.89   82.63
04:12:55 74.75   77.56   76.78   82.63
04:13:58 74.75   65.97   77.11   82.63
04:15:01 74.64   60.13   76.89   82.51
04:16:05 74.53   59.00   76.89   82.40
04:17:08 74.19   56.64   76.66   82.29
04:18:11 73.96   56.08   76.89   82.18
04:19:15 73.96   55.74   76.66   82.06
04:20:18 73.74   64.96   77.00   82.06
04:21:21 73.74   67.55   76.89   81.95
04:22:28 73.74   70.36   76.89   81.95
04:23:32 73.96   71.83   76.66   81.84
04:24:35 73.96   72.95   76.66   81.84
04:25:42 73.96   74.19   76.55   81.84
04:26:45 73.96   75.65   76.55   81.84
04:27:49 74.08   76.44   76.66   81.95
04:28:52 74.19   76.89   76.89   81.84
04:29:55 74.19   77.00   76.66   81.95
04:30:59 74.30   77.11   76.66   82.06
04:32:02 74.30   77.11   76.66   82.06
04:33:05 74.41   77.22   76.55   82.18
04:34:09 74.41   77.22   76.55   82.18
04:35:12 74.41   77.34   76.78   82.29
04:36:15 74.41   77.34   76.89   82.18
04:37:19 74.53   77.34   76.78   82.29
04:38:22 74.53   77.34   76.89   82.29
04:39:25 74.53   77.45   76.66   82.40
04:40:29 74.64   77.45   76.78   82.29
04:41:32 74.64   77.45   76.66   82.29
04:42:35 74.64   77.45   76.89   82.29
04:43:39 74.64   77.45   77.11   82.40
04:44:42 74.64   77.45   77.00   82.40
04:45:45 74.64   66.31   77.22   82.29
04:46:49 74.53   59.11   76.66   82.29
04:47:52 74.30   56.86   76.66   82.29
04:48:55 74.08   56.19   76.89   82.18
04:49:59 73.85   55.74   76.55   82.06
04:51:02 73.74   55.40   76.78   82.06
04:52:05 73.63   55.40   76.55   82.06
04:53:09 73.51   65.53   76.55   81.95
04:54:12 73.63   67.10   76.89   81.95
04:55:16 73.74   68.90   76.78   81.84
04:56:19 73.74   70.81   76.66   81.84
04:57:22 73.85   72.28   76.66   81.84
04:58:29 73.85   73.74   76.66   81.95
04:59:36 73.96   75.31   76.66   81.95
05:00:39 74.08   76.33   76.66   81.95
05:01:46 74.08   76.66   76.55   81.95
05:02:49 74.19   76.89   76.66   82.06
05:03:53 74.19   77.00   76.44   82.06
05:04:56 74.19   77.11   76.78   82.18
05:05:59 74.30   77.11   76.66   82.18
05:07:03 74.30   77.22   76.78   82.29
05:08:06 74.41   77.22   77.11   82.18
05:09:10 74.41   77.22   76.89   82.29
05:10:13 74.41   77.22   76.89   82.29
05:11:16 74.53   77.34   77.00   82.29
05:12:20 74.53   76.55   76.89   82.18
05:13:23 74.53   61.48   77.00   82.18
05:14:26 74.41   58.66   76.55   82.06
05:15:30 74.19   56.86   76.66   82.06
05:16:33 74.08   56.08   76.33   81.84
05:17:36 73.85   55.85   76.66   81.72
05:18:40 73.63   55.40   76.21   81.84
05:19:43 73.51   60.80   76.55   81.72
05:20:46 73.51   66.31   76.66   81.84
05:21:50 73.51   67.78   76.78   81.72
05:22:53 73.74   70.14   76.55   81.72
05:23:56 73.74   71.60   76.66   81.72
05:25:00 73.85   72.95   76.55   81.72
05:26:03 73.74   74.08   76.55   81.72
05:27:06 73.96   75.54   76.44   81.72
05:28:10 73.96   76.33   76.44   81.72
05:29:13 73.96   76.66   76.55   81.72
05:30:16 74.08   76.89   76.66   81.84
05:31:20 74.19   77.00   76.78   81.95
05:32:23 74.19   77.00   77.00   82.06
05:33:26 74.19   77.00   76.78   81.95
05:34:30 74.30   77.11   76.89   81.84
05:35:33 74.30   77.11   76.89   81.84
05:36:36 74.30   77.22   76.78   81.84
05:37:40 74.41   65.75   76.89   81.84
05:38:43 74.30   59.00   76.89   81.84
05:39:46 74.19   56.64   76.33   81.84
05:40:50 73.96   56.08   76.66   81.84
05:41:57 73.74   55.74   76.55   81.84
05:43:00 73.51   55.40   76.33   81.72
05:44:03 73.40   55.17   76.44   81.61
05:45:07 73.40   58.21   76.78   81.50
05:46:10 73.40   65.75   76.55   81.50
05:47:13 73.40   66.99   76.66   81.50
05:48:17 73.51   68.45   76.66   81.61
05:49:20 73.63   70.14   76.44   81.50
05:50:23 73.63   71.49   76.21   81.50
05:51:27 73.74   72.95   76.44   81.61
05:52:30 73.85   74.19   76.55   81.50
05:53:33 73.85   75.54   76.55   81.61
05:54:37 73.85   76.21   76.44   81.61
05:55:40 73.85   76.55   76.55   81.39
05:56:44 73.96   76.78   76.55   81.50
05:57:47 73.96   76.89   76.44   81.61
05:58:50 74.08   76.89   76.89   81.61
05:59:54 74.19   77.00   76.78   81.61
06:00:57 74.19   77.00   76.55   81.50
06:02:00 74.19   77.11   76.55   81.61
06:03:04 74.19   77.00   76.89   81.61
06:04:07 74.19   77.11   76.78   81.61
06:05:10 74.30   77.11   76.66   81.72
06:06:14 74.19   77.11   76.89   81.61
06:07:17 74.30   77.22   76.89   81.72
06:08:20 74.30   77.22   76.66   81.72
06:09:24 74.41   77.22   76.55   81.84
06:10:27 74.30   77.22   76.55   81.84
06:11:30 74.30   77.22   77.00   81.84
06:12:34 74.41   77.22   77.11   81.95
06:13:37 74.41   77.22   76.89   81.84
06:14:40 74.41   77.22   76.78   81.84
06:15:44 74.41   77.22   76.66   81.95
06:16:47 74.41   77.22   76.66   81.95
06:17:50 74.53   77.22   77.11   81.95
06:18:54 74.41   77.34   76.78   81.95
06:19:57 74.53   77.34   76.78   82.06
06:21:00 74.53   77.34   76.55   81.95
06:22:04 74.53   77.22   77.00   81.84
06:23:07 74.53   77.34   76.89   81.72
06:24:10 74.53   77.22   76.66   81.84
06:25:14 74.53   77.34   76.89   81.84
06:26:17 74.53   77.34   76.78   81.84
06:27:20 74.53   77.34   76.78   81.95
06:28:24 74.64   77.34   77.22   82.06
06:29:27 74.64   77.34   76.89   82.06
06:30:31 74.53   77.34   76.78   82.06
06:31:34 74.64   77.34   76.89   82.06
06:32:37 74.53   77.45   76.78   82.18
06:33:41 74.64   77.45   77.11   82.18
06:34:44 74.53   77.45   76.78   82.18
06:35:47 74.64   77.45   77.00   82.18
06:36:51 74.53   77.45   76.89   82.18
06:37:54 74.64   77.45   76.78   82.18
06:38:57 74.53   77.45   76.78   82.06
06:40:01 74.53   77.45   76.78   82.06
06:41:04 74.64   77.45   76.89   82.06
06:42:07 74.64   77.45   77.00   82.18
06:43:11 74.53   77.45   77.11   82.18
06:44:14 74.64   77.45   76.89   82.18
06:45:17 74.64   77.45   77.11   82.18
06:46:21 74.75   77.45   77.00   82.29
06:47:28 74.64   77.45   77.00   82.18
06:48:31 74.64   77.45   76.78   82.18
06:49:34 74.64   77.45   77.00   82.18
06:50:38 74.75   77.45   77.11   82.18
06:51:41 74.75   77.45   77.00   82.18
06:52:44 74.64   77.45   77.00   82.29
06:53:48 74.64   77.45   77.00   82.29
06:54:51 74.64   77.45   77.00   82.29
06:55:54 74.75   77.56   77.11   82.40
06:56:58 74.64   77.56   76.78   82.40
06:58:01 74.75   77.45   77.00   82.29
06:59:04 74.75   77.56   77.11   82.29
07:00:08 74.75   77.45   76.89   82.40
07:01:11 74.75   77.56   77.34   82.51
07:02:14 74.86   77.56   77.22   82.51
07:03:18 74.75   77.56   77.22   82.51
07:04:21 74.86   77.56   77.22   82.51
07:05:28 74.75   77.56   77.22   82.51
07:06:31 74.75   77.56   77.22   82.63
07:07:35 74.75   77.56   77.11   82.63
07:08:38 74.75   77.56   77.00   82.63
07:09:41 74.86   77.68   77.11   82.51
07:10:45 74.86   77.68   77.11   82.51
07:11:48 74.86   77.68   77.22   82.63
07:12:51 74.86   77.68   77.00   82.63
07:13:55 74.86   77.68   77.00   82.74
07:14:58 74.86   77.68   77.22   82.74
07:16:01 74.86   77.68   77.34   82.63
07:17:05 74.86   77.68   77.11   82.63
07:18:08 74.86   77.68   77.11   82.63
07:19:11 74.86   77.68   77.34   82.51
07:20:15 74.86   77.68   77.34   82.51
07:21:18 74.86   77.68   77.11   82.51
07:22:21 74.97   77.68   77.11   82.51
07:23:25 74.86   77.68   77.11   82.51
07:24:28 74.86   77.68   77.22   82.63
07:25:31 74.86   77.68   77.22   82.63
07:26:35 74.86   77.79   77.00   82.74
07:27:38 74.86   77.79   77.00   82.63
07:28:41 74.86   77.79   77.34   82.63
07:29:45 74.86   77.79   77.22   82.63
07:30:48 74.86   77.79   77.22   82.74
07:31:51 74.86   77.68   77.11   82.85
07:32:55 74.86   77.68   77.34   82.74
07:33:58 74.97   77.68   77.45   82.85
07:35:02 74.97   77.68   77.34   82.74
07:36:05 74.97   77.68   77.22   82.74
07:37:08 74.86   77.79   77.22   82.74
07:38:12 74.97   77.79   77.11   82.74
07:39:15 74.97   77.79   77.45   82.74
07:40:18 74.97   77.79   77.45   82.85
07:41:22 74.97   77.79   77.34   82.85
07:42:25 74.97   77.79   77.34   82.85
07:43:28 75.09   77.90   77.56   82.96
07:44:32 75.09   77.79   77.45   82.85
07:45:35 75.09   77.68   77.34   82.85
07:46:38 75.09   77.68   77.11   82.85
07:47:42 75.09   77.68   77.22   82.85
07:48:45 74.97   77.79   77.45   82.85
07:49:48 75.09   77.79   77.34   82.85
07:50:52 75.09   77.79   77.22   82.85
07:51:55 74.97   77.79   77.22   82.96
07:53:02 75.09   77.79   77.56   82.85
07:54:05 75.09   77.79   77.34   82.85
07:55:09 75.09   77.79   77.11   82.85
07:56:12 75.09   77.79   77.45   82.96
07:57:15 75.09   77.90   77.22   82.96
07:58:19 74.97   77.79   77.22   82.85
07:59:25 74.97   77.90   77.22   82.85
08:00:29 75.09   77.90   77.68   91.29
08:01:32 75.09   77.90   77.56   103.33
08:02:36 75.09   77.90   77.45   106.03
08:03:39 75.20   77.90   77.45   106.81
08:04:42 75.09   78.01   77.79   107.04
08:05:46 75.20   78.01   77.56   107.49
08:06:49 75.20   78.01   77.56   107.60
08:07:52 75.20   78.13   77.45   108.28
08:08:56 75.31   78.01   77.79   109.18
08:09:59 75.31   78.13   77.79   109.85
08:11:02 75.43   78.13   78.01   110.30
08:12:06 75.43   78.24   77.90   110.75
08:13:09 75.43   78.24   77.79   110.53
08:14:19 75.43   78.24   77.90   110.08
08:15:23 75.43   78.35   77.68   110.30
08:16:30 75.43   78.35   77.90   111.31
08:17:33 75.54   78.35   77.68   110.86
08:18:36 75.54   78.35   77.68   110.19
08:19:40 75.54   78.35   77.90   109.40
08:20:43 75.65   78.46   77.68   108.73
08:21:46 75.65   78.46   77.79   107.94
08:22:50 75.65   78.46   77.90   107.15
08:23:53 75.65   78.35   77.90   106.36
08:24:56 75.65   78.46   77.68   105.69
08:26:00 75.65   78.46   77.90   105.01
08:27:03 75.65   78.46   77.90   104.45
08:28:06 75.65   78.46   77.79   103.89
08:29:10 75.65   78.46   77.90   104.00
08:30:13 75.65   78.46   77.79   110.64
08:31:16 75.76   78.46   77.68   110.75
08:32:20 75.76   78.46   77.56   109.74
08:33:23 75.76   78.46   77.79   108.73
08:34:26 75.76   78.58   77.90   107.71
08:35:30 75.76   78.58   77.79   106.81
08:36:33 75.76   78.58   77.79   105.91
08:37:36 75.76   78.58   78.13   105.13
08:38:47 75.88   78.58   78.01   104.34
08:39:50 75.88   78.58   78.01   103.66
08:40:54 75.88   78.69   78.01   102.99
08:41:57 75.88   78.58   78.13   102.31
08:43:00 75.88   78.69   77.90   101.75
08:44:04 75.88   78.69   77.79   101.19
08:45:07 75.88   78.58   77.90   100.63
08:46:10 75.88   78.69   78.13   100.18
08:47:14 75.88   78.69   78.13   99.73
08:48:17 75.88   78.69   78.24   99.28
08:49:20 75.88   78.69   78.35   98.94
08:50:24 75.88   78.69   78.46   98.49
08:51:27 75.99   78.69   78.01   98.04
08:52:30 75.99   78.69   78.13   97.70
08:53:34 75.99   78.69   78.24   97.25
08:54:37 75.99   78.69   78.01   96.91
08:55:40 75.99   78.69   78.24   96.58
08:56:44 75.99   78.69   78.13   96.24
08:57:47 75.99   78.80   78.13   96.01
08:58:50 75.99   78.69   78.24   95.68
08:59:54 75.99   78.80   78.13   95.34
09:00:57 75.99   78.69   78.13   95.11
09:02:00 75.99   78.80   78.24   94.78
09:03:04 76.10   78.80   78.35   94.44
09:04:07 76.10   78.80   78.24   94.21
09:05:10 76.10   78.80   78.24   93.99
09:06:14 76.10   78.80   78.13   93.76
09:07:21 76.10   78.91   78.13   93.43
09:08:24 76.21   78.91   78.13   93.09
09:09:27 76.21   78.91   78.13   92.86
09:10:31 76.21   78.91   78.24   92.64
09:11:34 76.33   79.03   78.35   92.41
09:12:37 76.21   79.03   78.35   92.19
09:13:41 76.33   79.03   78.46   92.08
09:14:44 76.44   79.03   78.46   91.96
09:15:47 76.33   79.14   78.35   91.74
09:16:51 76.33   79.03   78.69   97.81
09:17:54 76.33   79.14   78.35   104.68
09:18:57 76.33   79.14   78.35   104.45
09:20:01 76.33   79.14   78.46   103.33
09:21:08 76.33   79.14   78.35   101.98
09:22:11 76.44   79.14   78.35   100.85
09:23:14 76.44   79.14   78.69   99.95
09:24:18 76.44   79.14   78.46   99.05
09:25:25 76.44   79.14   78.46   98.26
09:26:28 76.44   79.14   78.58   97.70
09:27:31 76.44   79.25   78.13   97.14
09:28:42 76.44   79.25   78.58   96.58
09:29:48 76.55   79.25   78.46   96.13
09:30:52 76.44   79.25   78.46   95.68
09:31:55 76.55   79.25   78.46   95.22
09:32:59 76.55   79.25   78.46   94.89
09:34:02 76.55   79.25   78.58   94.55
09:35:05 76.55   79.36   78.58   94.21
09:36:09 76.55   79.25   78.58   93.88
09:37:12 76.55   79.36   78.46   93.54
09:38:15 76.55   64.06   78.35   93.31
09:39:19 76.44   62.15   78.58   92.97
09:40:22 76.33   61.03   78.35   92.64
09:41:25 76.10   59.00   78.13   92.19
09:42:29 75.99   58.33   78.13   91.96
09:43:32 75.76   57.99   78.35   91.63
09:44:35 75.76   66.31   78.35   91.29
09:45:39 75.76   69.13   78.35   91.06
09:46:49 75.76   71.94   78.24   90.84
09:47:52 75.88   73.06   78.24   90.61
09:48:56 75.88   74.08   78.01   90.39
09:49:59 75.88   75.31   78.01   90.16
09:51:02 75.88   76.21   78.24   90.05
09:52:06 75.99   77.56   78.13   89.94
09:53:09 75.99   78.24   78.13   89.83
09:54:12 76.10   78.58   78.46   89.71
09:55:16 76.21   78.80   78.46   89.71
09:56:19 76.21   78.91   78.24   89.94
09:57:22 76.33   78.91   78.13   106.70
09:58:26 76.33   79.03   78.46   109.74
09:59:29 76.33   79.03   78.46   110.30
10:00:32 76.44   79.14   78.58   110.30
10:01:39 76.44   79.14   78.80   110.19
10:02:43 76.44   79.14   78.46   110.53
10:03:46 76.55   79.14   78.91   110.98
10:04:49 76.66   63.61   78.69   111.43
10:05:53 76.55   60.13   78.58   111.54
10:07:00 76.33   58.89   78.35   111.43
10:08:03 76.21   58.33   78.01   110.98
10:09:06 76.10   58.10   78.24   111.88
10:10:10 75.88   57.88   78.46   112.33
10:11:13 75.88   59.11   78.35   112.66
10:12:16 75.76   68.00   78.35   112.21
10:13:20 75.88   69.24   78.24   111.65
10:14:23 75.99   70.81   78.24   110.86
10:15:26 76.10   72.72   78.13   110.08
10:16:30 76.10   74.19   78.01   109.29
10:17:33 76.21   75.54   78.35   108.50
10:18:36 76.33   77.00   78.58   107.71
10:19:40 76.33   78.35   78.46   106.93
10:20:43 76.44   78.91   78.69   106.14
10:21:46 76.44   79.14   78.58   105.46
10:22:50 76.55   79.25   78.58   104.79
10:23:53 76.55   79.36   78.58   104.11
10:24:56 76.55   79.36   78.91   103.66
10:26:00 76.55   66.65   78.46   103.10
10:27:10 76.44   60.46   78.46   102.31
10:28:13 76.33   59.34   78.46   101.75
10:29:17 76.10   58.66   78.35   101.08
10:30:20 75.99   58.44   78.46   100.51
10:31:24 75.88   58.21   78.35   99.95
10:32:27 75.76   57.99   78.24   99.61
10:33:30 75.65   57.65   78.24   99.16
10:34:34 75.54   57.76   78.01   98.71
10:35:37 75.54   66.88   78.01   98.38
10:36:40 75.65   68.68   78.24   98.04
10:37:44 75.76   69.46   78.01   97.81
10:38:47 75.76   70.59   78.24   108.84
10:39:50 75.76   71.94   77.90   113.11
10:40:54 75.88   73.18   78.01   112.66
10:41:57 75.99   74.19   78.13   111.54
10:43:00 76.10   75.54   78.13   110.86
10:44:04 76.21   76.55   78.24   110.53
10:45:07 76.33   77.79   78.24   109.96
10:46:10 76.44   74.53   78.35   109.29
10:47:17 76.44   62.04   78.24   110.41
10:48:21 76.55   59.79   78.46   110.86
10:49:24 76.33   59.34   78.24   110.41
10:50:27 76.21   58.89   78.01   109.74
10:51:31 76.10   58.66   78.13   109.06
10:52:34 76.10   58.44   77.90   108.28
10:53:37 75.99   58.44   77.79   107.60
10:54:41 75.99   58.21   78.01   106.93
10:55:44 75.99   57.99   78.13   106.25
10:56:47 75.99   57.99   78.24   105.69
10:57:51 75.88   57.88   78.24   105.01
10:58:54 75.99   67.66   78.13   104.45
10:59:57 76.33   69.01   78.01   104.00
11:01:01 76.44   69.69   77.90   103.55
11:02:04 76.55   70.47   77.90   103.10
11:03:07 76.55   71.26   77.90   102.65
11:04:11 76.55   72.61   78.01   102.20
11:05:14 76.55   73.63   77.90   101.75
11:06:21 76.55   64.51   78.01   101.19
11:07:24 76.44   60.35   78.01   100.51
11:08:31 76.21   59.23   78.24   100.29
11:09:34 76.10   59.11   78.24   99.84
11:10:41 76.21   58.66   78.01   113.56
11:11:45 75.99   58.44   77.79   114.58
11:12:48 75.99   58.44   77.79   113.23
11:13:51 75.99   58.10   77.68   114.69
11:14:55 75.88   57.76   78.01   113.68
11:15:58 75.76   57.76   77.90   112.21
11:17:01 75.76   57.42   77.79   110.64
11:18:05 75.76   57.54   77.90   109.29
11:19:08 75.65   57.42   77.90   108.05
11:20:11 75.65   57.20   78.01   107.04
11:21:15 75.65   57.20   78.01   106.14
11:22:18 75.54   57.20   77.68   105.35
11:23:21 75.76   56.98   77.68   104.45
11:24:25 75.65   57.20   77.68   109.29
11:25:28 75.65   57.31   77.45   110.98
11:26:32 75.54   57.20   77.90   109.96
11:27:35 75.54   56.64   77.68   109.18
11:28:38 75.54   56.41   77.79   108.61
11:29:42 75.54   56.41   77.90   108.16
11:30:45 75.54   56.53   77.90   107.60
11:31:48 75.54   56.19   78.13   107.04
11:32:55 75.54   56.19   77.79   106.36
11:33:58 75.54   56.30   77.90   105.80
11:35:02 75.54   56.19   78.35   110.64
11:36:05 75.65   56.19   77.90   110.75
11:37:08 75.65   56.30   78.01   109.96
11:38:12 75.65   56.08   78.13   109.18
11:39:15 75.65   55.85   78.24   108.28
11:40:19 75.65   55.74   78.01   107.38
11:41:22 75.65   56.08   78.01   106.59
11:42:25 75.54   55.63   77.79   105.69
11:43:29 75.54   55.85   77.90   104.68
11:44:32 75.54   55.63   78.01   103.89
11:45:35 75.43   55.51   77.90   103.10
11:46:39 75.43   55.63   77.90   102.43
11:47:42 75.43   55.40   77.79   101.75
11:48:45 75.43   55.29   78.01   101.19
11:49:49 75.43   55.29   78.13   100.63
11:50:52 75.54   55.29   78.24   100.06
11:51:55 75.43   55.40   78.13   99.50
11:52:59 75.43   55.17   78.35   99.05
11:54:02 75.31   55.29   78.46   98.60
11:55:05 75.31   55.29   78.35   98.15
11:56:09 75.31   55.17   78.46   97.70
11:57:12 75.31   55.29   78.24   97.25
11:58:15 75.31   55.29   77.79   96.91
11:59:19 75.31   55.06   77.90   96.58
12:00:22 75.31   55.06   78.35   96.24
12:01:25 75.31   55.17   78.01   95.79
12:02:29 75.31   55.29   78.01   95.34
12:03:32 75.31   55.06   77.68   95.00
12:04:35 75.31   54.95   77.90   94.66
12:05:39 75.20   54.84   77.56   94.21
12:06:42 75.31   55.06   77.90   93.88
12:07:45 75.20   55.06   77.68   93.65
12:08:49 75.31   55.17   78.46   93.31
12:09:52 75.43   55.06   78.35   93.09
12:10:55 75.43   54.84   78.35   92.75
12:11:59 75.31   55.17   78.24   92.30
12:13:02 75.31   55.17   78.35   92.08
12:14:05 75.54   55.29   78.24   91.74
12:15:09 75.54   55.06   78.24   91.40
12:16:12 75.43   54.95   78.46   91.06
12:17:15 75.43   55.06   78.13   90.84
12:18:19 75.31   54.95   78.35   90.61
12:19:22 75.31   55.06   78.24   90.28
12:20:25 75.31   54.95   78.24   90.05
12:21:29 75.20   54.95   78.35   89.94
12:22:32 75.20   54.84   78.13   89.60
12:23:35 75.20   54.95   78.35   89.49
12:24:39 75.20   54.95   78.13   89.15
12:25:42 75.20   54.95   78.24   88.93
12:26:45 75.20   54.84   78.35   88.81
12:27:49 75.09   54.84   78.01   88.59
12:28:52 75.20   54.84   78.01   88.36
12:29:55 75.20   54.84   77.79   92.97
12:30:59 75.20   54.95   77.90   95.56
12:32:02 75.20   54.95   78.13   95.34
12:33:05 75.20   54.84   78.01   94.78
12:34:09 75.20   54.95   77.68   94.10
12:35:12 75.09   54.84   78.01   93.65
12:36:15 75.20   54.95   77.68   92.97
12:37:19 75.20   54.84   77.79   92.53
12:38:22 75.20   54.95   77.90   92.08
12:39:25 75.20   54.84   77.90   91.74
12:40:29 75.20   54.73   77.90   91.40
12:41:32 75.20   54.73   78.01   91.06
12:42:36 75.20   54.73   78.13   90.72
12:43:39 75.20   54.84   77.90   90.39
12:44:42 75.20   54.73   78.13   90.16
12:45:46 75.20   54.84   77.90   89.83
12:46:49 75.09   54.95   77.79   89.60
12:47:52 75.20   54.84   77.90   89.38
12:48:56 75.20   54.84   77.68   89.04
12:49:59 75.20   54.84   77.79   88.81
12:51:02 75.20   54.95   77.90   88.59
12:52:06 75.20   54.84   77.90   88.36
12:53:09 75.20   54.84   77.68   88.14
12:54:12 75.09   54.95   77.79   87.91
12:55:16 75.20   54.95   77.90   87.69
12:56:22 75.20   54.95   77.79   97.81
12:57:26 75.20   54.84   78.13   102.43
12:58:29 75.20   54.84   77.90   101.53
12:59:33 75.20   54.95   77.79   100.06
13:00:36 75.20   54.95   77.79   98.60
13:01:39 75.20   54.95   77.90   97.48
13:02:50 75.09   54.95   77.68   96.58
13:03:53 75.20   54.84   78.01   95.56
13:04:56 75.09   54.50   77.90   95.00
13:06:00 75.09   54.95   77.68   94.33
13:07:03 75.09   54.84   77.79   93.65
13:08:06 75.31   54.84   77.68   93.09
13:09:10 75.43   55.06   77.68   92.53
13:10:13 75.43   55.29   77.68   91.96
13:11:16 75.54   55.17   78.01   91.63
13:12:20 75.65   55.17   78.01   91.18
13:13:23 75.54   55.06   77.79   90.95
13:14:26 75.43   55.17   77.68   90.50
13:15:30 75.31   55.06   77.68   90.28
13:16:33 75.43   55.17   77.90   89.83
13:17:40 75.43   54.95   77.79   89.60
13:18:43 75.31   55.06   77.79   89.26
13:19:47 75.31   54.95   77.56   89.04
13:20:50 75.31   54.95   77.34   88.70
13:21:53 75.20   54.95   77.56   88.36
13:22:57 75.20   54.95   77.34   88.14
13:24:00 75.20   54.84   77.45   87.80
13:25:07 75.09   54.95   77.56   87.69
13:26:10 75.20   54.73   77.45   87.46
13:27:14 75.09   54.73   77.45   87.24
13:28:17 75.09   54.95   77.22   86.90
13:29:20 75.09   54.84   77.56   86.79
13:30:24 75.09   54.84   77.22   86.56
13:31:27 75.09   54.61   77.45   86.34
13:32:30 75.09   54.73   77.56   86.22
13:33:34 75.20   54.73   77.79   86.11
13:34:37 75.20   54.95   77.79   85.89
13:35:40 75.09   54.95   77.45   85.78
13:36:44 75.09   54.84   77.68   85.66
13:37:47 74.97   54.73   77.56   85.33
13:38:50 74.97   54.84   77.56   85.33
13:39:54 75.09   54.73   77.34   85.21
13:40:57 74.97   54.73   77.11   85.10
13:42:00 75.09   54.95   77.56   84.99
13:43:04 75.09   54.84   77.45   84.88
13:44:07 75.09   54.73   77.34   84.65
13:45:10 75.09   54.73   77.56   84.54
13:46:14 75.09   54.73   77.68   84.31
13:47:17 75.09   54.73   77.45   84.31
13:48:20 74.97   54.84   77.34   84.20
13:49:24 74.97   54.73   77.34   84.20
13:50:27 74.97   54.61   77.34   83.97
13:51:30 74.97   54.73   77.22   83.97
13:52:34 74.97   54.61   77.45   83.86
13:53:37 74.97   54.50   77.45   83.75
13:54:40 74.97   54.50   77.22   83.75
13:55:44 75.09   54.61   77.68   83.64
13:56:47 75.31   54.73   77.34   83.53
13:57:51 75.20   54.73   77.22   83.53
13:58:54 75.09   54.61   77.79   83.41
13:59:57 75.31   54.73   77.56   83.30
14:01:01 75.20   54.73   77.34   83.19
14:02:04 75.20   54.73   77.45   83.19
14:03:11 75.20   54.84   77.56   83.08
14:04:14 75.20   54.73   77.45   83.08
14:05:17 75.09   54.73   77.56   82.96
14:06:21 75.09   54.84   77.11   82.85
14:07:28 74.97   54.73   77.00   82.74
14:08:31 74.97   54.84   77.22   82.74
14:09:38 75.09   54.61   77.34   82.63
14:10:41 74.97   54.61   77.22   82.51
14:11:45 74.97   54.73   77.45   82.51
14:12:48 74.97   54.61   77.11   82.51
14:13:51 74.97   54.61   77.11   101.41
14:14:55 74.97   54.73   77.22   107.94
14:15:58 74.97   54.73   77.34   109.18
14:17:01 74.97   54.61   77.00   109.40
14:18:05 74.86   54.61   77.11   109.29
14:19:08 74.97   54.50   77.11   109.06
14:20:11 75.09   55.63   77.34   108.61
14:21:15 75.09   56.08   77.22   107.94
14:22:18 75.09   56.08   77.00   107.15
14:23:21 75.20   55.96   77.00   106.36
14:24:25 75.20   55.96   77.00   105.46
14:25:28 75.20   55.96   76.89   104.56
14:26:31 75.20   55.85   76.89   103.89
14:27:35 75.20   55.63   77.22   103.10
14:28:38 75.31   55.74   77.00   102.20
14:29:41 75.31   55.51   77.00   101.41
14:30:48 75.20   55.51   77.00   100.63
14:31:52 75.31   55.63   77.11   99.84
14:32:55 75.43   55.63   77.22   99.28
14:33:58 75.54   55.40   77.34   98.60
14:35:02 75.54   55.63   77.34   98.15
14:36:05 75.54   55.51   77.34   97.59
14:37:08 75.54   55.40   77.22   97.03
14:38:12 75.43   55.40   77.22   96.58
14:39:15 75.43   55.40   76.89   96.13
14:40:18 75.31   55.40   77.11   95.68
14:41:22 75.20   55.29   77.22   95.22
14:42:25 75.31   55.29   77.45   94.89
14:43:28 75.09   55.29   77.34   94.55
14:44:32 75.20   55.17   77.22   94.21
14:45:35 75.09   55.17   76.89   93.76
14:46:38 75.09   55.17   77.00   93.54
14:47:42 75.09   55.17   77.22   93.20
14:48:49 75.09   54.95   77.11   92.64
14:49:52 75.09   55.06   77.22   92.30
14:50:55 75.20   55.17   77.22   92.08
14:51:59 75.20   55.17   77.11   91.74
14:53:02 75.20   54.95   77.34   91.40
14:54:05 75.20   55.06   77.11   91.06
14:55:09 75.09   55.17   77.22   90.72
14:56:16 75.09   55.06   77.34   90.50
14:57:19 75.20   55.06   77.11   90.28
14:58:22 75.09   54.95   77.00   89.94
14:59:26 75.20   54.95   77.22   89.60
15:00:29 75.09   54.95   77.00   89.38
15:01:32 75.09   55.06   77.11   89.15
15:02:36 75.09   55.06   77.22   88.93
15:03:39 75.09   54.95   77.22   88.59
15:04:42 75.09   55.06   77.11   88.36
15:05:46 75.09   54.95   77.11   88.36
15:06:49 75.09   54.95   77.45   88.14
15:07:52 75.20   54.95   77.11   88.03
15:08:56 75.31   54.95   77.00   87.80
15:09:59 75.09   54.95   77.11   87.58
15:11:02 75.20   54.95   77.45   87.35
15:12:06 75.09   55.06   77.45   87.13
15:13:09 75.09   55.06   77.22   87.01
15:14:12 75.09   54.73   76.89   86.90
15:15:16 74.97   54.95   77.11   86.79
15:16:23 75.09   54.73   77.11   86.56
15:17:26 74.97   54.73   77.11   86.45
15:18:29 75.09   54.84   77.11   86.22
15:19:33 74.97   54.84   77.22   86.00
15:20:36 75.09   54.95   77.22   85.89
15:21:39 74.97   54.95   77.00   85.66
15:22:43 74.97   54.95   76.89   85.44
15:23:46 74.97   54.84   76.78   85.21
15:24:49 74.97   54.61   76.89   85.10
15:25:53 74.97   54.84   76.89   84.99
15:26:56 74.97   54.84   76.89   84.76
15:27:59 74.97   54.84   76.89   84.76
15:29:03 74.97   54.73   76.66   84.76
15:30:06 74.97   54.84   77.00   84.65
15:31:09 74.97   54.84   76.89   84.54
15:32:13 74.86   54.84   77.11   84.43
15:33:16 74.86   54.84   77.11   84.31
15:34:19 74.97   54.73   77.11   84.20
15:35:23 74.97   54.73   76.89   84.20
15:36:26 74.86   54.73   77.22   84.09
15:37:29 74.86   54.73   77.11   83.97
15:38:33 74.86   54.61   77.00   83.86
15:39:36 74.97   54.61   76.89   83.75
15:40:40 74.97   54.73   77.00   83.64
15:41:43 74.97   54.61   76.89   83.75
15:42:46 74.86   54.61   77.00   83.75
15:43:50 74.86   54.61   77.00   83.64
15:44:53 74.97   54.50   77.00   83.53
15:45:56 74.86   54.61   76.66   83.41
15:47:00 74.86   54.61   76.78   83.41
15:48:03 74.97   54.73   77.00   83.19
15:49:06 74.86   54.61   76.89   83.19
15:50:10 74.97   54.61   77.11   83.08
15:51:13 74.86   54.61   77.22   82.96
15:52:16 74.86   54.61   76.89   82.96
15:53:20 74.97   54.50   77.11   82.74
15:54:23 74.86   54.39   76.89   82.63
15:55:26 74.86   54.50   76.89   82.63
15:56:30 74.86   54.61   76.66   82.63
15:57:33 74.86   54.61   76.66   82.51
15:58:36 74.86   54.61   76.89   82.51
15:59:40 74.86   54.39   77.00   82.40
16:00:43 74.86   54.50   77.11   82.29
16:01:46 74.75   54.39   77.00   82.29
16:02:50 74.75   54.50   76.89   82.29
16:03:53 74.75   54.39   77.11   82.40
16:04:56 74.86   54.39   76.78   82.40
16:06:00 74.86   54.50   76.78   82.40
16:07:03 74.86   54.50   77.00   82.40
16:08:06 74.75   54.50   77.22   82.29
16:09:10 74.75   54.28   76.89   82.18
16:10:13 74.86   54.28   77.00   82.06
16:11:16 74.75   54.28   76.89   81.95
16:12:20 74.75   54.16   76.78   81.95
16:13:23 74.75   54.28   76.89   81.84
16:14:26 74.75   54.16   76.44   81.84
16:15:30 74.86   54.28   76.78   81.95
16:16:37 74.97   54.28   77.11   81.84
16:17:40 74.86   54.39   77.11   81.84
16:18:47 75.09   54.28   77.45   81.72
16:19:50 74.86   54.39   77.00   81.61
16:20:54 74.75   54.28   77.00   81.61
16:21:57 74.86   54.28   76.78   81.61
16:23:00 74.86   54.28   76.55   81.61
16:24:04 74.75   54.28   76.89   81.61
16:25:07 74.75   54.28   76.66   81.50
16:26:10 74.75   54.28   77.00   81.50
16:27:14 74.75   54.16   76.89   81.61
16:28:17 74.75   54.50   76.66   81.61
16:29:20 74.75   54.39   76.78   81.50
16:30:27 74.75   54.28   76.66   81.39
16:31:31 74.75   54.28   76.89   81.39
16:32:34 74.75   54.28   77.34   81.39
16:33:37 74.75   54.28   76.89   81.39
16:34:44 74.64   54.28   76.78   81.39
16:35:47 74.64   54.16   76.89   81.39
16:36:51 74.75   54.39   76.78   81.39
16:37:54 74.64   54.28   76.78   81.39
16:38:57 74.75   54.28   77.00   81.39
16:40:01 74.75   54.16   77.11   81.39
16:41:04 74.75   54.16   76.78   81.28
16:42:07 74.64   54.16   77.00   81.39
16:43:11 74.64   54.16   76.78   81.28
16:44:14 74.64   54.39   77.00   81.16
16:45:18 74.64   54.39   77.00   81.16
16:46:21 74.64   54.16   76.55   81.05
16:47:24 74.64   54.28   77.68   81.16
16:48:28 74.86   54.28   77.34   81.28
16:49:31 74.86   54.28   77.68   81.28
16:50:34 74.75   54.28   77.34   81.28
16:51:38 74.75   54.39   77.34   81.28
16:52:41 74.86   54.39   77.11   81.28
16:53:44 74.86   54.39   77.22   81.28
16:54:48 74.75   54.39   77.34   81.16
16:55:58 74.75   54.39   77.11   81.05
16:57:01 74.75   54.50   77.11   80.94
16:58:04 74.75   54.39   76.89   80.94
16:59:08 74.75   54.39   77.11   81.05
17:00:11 74.64   54.16   77.56   81.05
17:01:14 74.64   54.28   77.56   81.05
17:02:18 74.75   54.28   77.45   81.05
17:03:21 74.86   54.39   77.22   81.28
17:04:24 75.09   56.53   77.00   81.28
17:05:28 74.97   65.08   76.78   101.19
17:06:31 75.20   65.97   77.00   107.94
17:07:35 75.43   66.43   76.89   109.18
17:08:38 75.20   66.99   76.89   109.40
17:09:41 75.31   68.00   77.00   109.51
17:10:45 75.43   68.56   76.89   109.29
17:11:48 75.43   60.91   77.22   108.61
17:12:51 75.54   57.54   76.78   108.05
17:13:55 75.43   56.98   77.00   107.38
17:14:58 75.43   56.75   77.22   106.48
17:16:01 75.31   56.30   77.22   105.58
17:17:08 75.20   55.96   77.11   104.68
17:18:11 75.31   55.74   77.22   103.89
17:19:15 75.43   55.74   77.22   103.10
17:20:18 75.20   55.63   76.89   102.43
17:21:22 75.31   55.51   77.00   101.64
17:22:25 75.20   55.29   77.11   100.96
17:23:28 75.09   55.17   77.11   100.40
17:24:32 75.09   55.17   77.34   99.95
17:25:35 75.31   55.06   77.34   104.23
17:26:38 75.43   55.06   77.11   113.45
17:27:42 75.54   55.06   77.11   114.46
17:28:45 75.43   54.95   77.22   113.79
17:29:48 75.43   54.95   76.89   112.55
17:30:52 75.31   54.84   76.78   111.20
17:31:55 75.20   54.73   76.78   109.96
17:32:58 75.20   54.84   77.00   108.84
17:34:02 75.20   54.84   77.11   107.83
17:35:05 75.20   54.95   77.11   106.93
17:36:12 75.20   54.95   77.00   106.14
17:37:15 75.20   54.84   76.89   105.24
17:38:22 75.31   54.95   77.11   104.45
17:39:25 75.20   54.95   77.00   103.78
17:40:29 75.20   54.84   76.89   102.99
17:41:39 75.09   54.84   76.66   102.20
17:42:42 75.31   54.73   76.78   101.53
17:43:46 75.20   54.61   76.78   100.96
17:44:49 75.20   54.61   76.55   100.51
17:45:53 75.09   54.61   77.45   99.84
17:46:56 75.09   54.61   77.34   99.16
17:47:59 75.09   54.50   77.22   98.71
17:49:03 74.97   54.50   77.11   98.26
17:50:06 75.09   54.50   77.34   97.70
17:51:09 75.09   54.50   77.11   97.14
17:52:13 75.09   54.39   77.11   96.58
17:53:16 74.97   54.39   77.11   96.13
17:54:19 74.97   54.28   76.78   95.68
17:55:23 74.97   54.28   76.89   95.34
17:56:26 74.97   54.28   77.00   94.89
17:57:29 74.97   54.28   77.11   94.33
17:58:33 74.86   54.39   77.34   94.10
17:59:36 74.97   54.16   77.34   93.54
18:00:39 74.86   54.05   76.89   93.09
18:01:43 74.97   54.16   76.78   92.86
18:02:46 74.86   54.28   77.45   92.53
18:03:49 74.86   54.28   77.34   92.19
18:04:53 74.86   54.16   77.22   91.85
18:05:56 74.75   54.16   77.00   91.51
18:07:06 74.86   54.16   77.34   91.18
18:08:10 74.86   54.05   77.11   90.95
18:09:13 74.75   54.16   77.11   90.72
18:10:16 74.86   54.05   77.22   90.39
18:11:20 74.86   54.16   77.11   90.05
18:12:23 74.75   53.94   76.89   89.71
18:13:26 74.75   54.05   76.66   89.49
18:14:30 74.75   54.05   76.44   89.26
18:15:33 74.75   54.05   76.33   89.15
18:16:36 74.86   54.05   76.55   88.70
18:17:40 74.75   54.05   76.78   88.47
18:18:43 74.75   54.05   77.11   88.14
18:19:46 74.75   54.05   76.55   87.91
18:20:50 74.75   53.83   76.55   87.80
18:21:53 74.64   53.94   76.66   87.58
18:22:56 74.75   53.94   76.55   87.35
18:24:00 74.75   53.94   76.78   87.24
18:25:03 74.64   53.94   76.78   87.01
18:26:07 74.75   53.94   76.66   86.79
18:27:10 74.75   53.94   76.66   86.68
18:28:13 74.75   53.83   76.55   86.56
18:29:17 74.75   53.94   76.78   86.22
18:30:20 74.64   53.83   76.78   86.11
18:31:23 74.75   53.83   76.44   85.89
18:32:27 74.75   53.94   76.66   85.78
18:33:30 74.75   53.94   76.44   85.66
18:34:33 74.75   53.94   76.44   85.55
18:35:37 74.64   53.94   76.44   85.44
18:36:43 74.64   53.83   76.44   85.21
18:37:47 74.64   53.71   76.44   85.10
18:38:50 74.64   53.94   76.78   84.99
18:39:57 74.64   53.83   76.55   84.76
18:41:00 74.64   53.71   76.78   84.65
18:42:04 74.64   53.83   76.44   84.54
18:43:07 74.75   53.71   76.66   84.43
18:44:10 74.86   53.83   76.78   85.44
18:45:14 74.75   53.71   76.89   85.44
18:46:17 74.75   53.94   76.78   85.55
18:47:20 74.64   53.83   76.44   85.33
18:48:24 74.64   53.83   76.66   85.33
18:49:27 74.64   53.83   76.44   85.21
18:50:30 74.64   53.71   76.55   84.99
18:51:34 74.53   53.71   76.33   84.88
18:52:37 74.64   53.71   76.66   84.76
18:53:40 74.53   53.71   76.55   84.65
18:54:44 74.53   53.71   76.78   84.54
18:55:47 74.53   53.60   76.44   84.31
18:56:50 74.53   53.71   76.55   84.31
18:57:54 74.53   53.71   76.44   84.09
18:58:57 74.41   53.71   76.33   83.97
19:00:01 74.53   53.60   76.55   83.86
19:01:04 74.53   53.60   76.33   83.86
19:02:07 74.41   53.49   76.21   83.64
19:03:11 74.41   53.49   76.33   83.41
19:04:14 74.41   53.60   76.44   83.30
19:05:17 74.41   53.60   76.44   83.19
19:06:21 74.41   53.49   76.33   83.08
19:07:24 74.41   53.38   76.44   83.08
19:08:27 74.41   53.49   76.33   82.96
19:09:31 74.41   53.49   75.99   82.96
19:10:34 74.41   53.38   76.33   82.96
19:11:37 74.41   53.38   75.99   82.85
19:12:41 74.30   53.49   76.10   82.63
19:13:44 74.41   53.49   76.55   82.63
19:14:47 74.30   53.38   76.33   82.51
19:15:51 74.41   53.38   76.33   82.40
19:16:54 74.41   53.49   75.88   82.06
19:17:57 74.30   53.26   76.21   82.06
19:19:01 74.30   53.38   76.21   82.06
19:20:04 74.30   53.38   76.21   81.95
19:21:07 74.41   53.26   76.55   81.95
19:22:11 74.41   53.26   75.99   81.95
19:23:14 74.30   53.26   76.21   81.95
19:24:17 74.30   53.26   76.33   81.95
19:25:21 74.30   53.38   76.44   81.84
19:26:24 74.41   53.26   76.33   81.84
19:27:27 74.41   53.26   76.21   81.72
19:28:31 74.30   53.26   76.33   81.50
19:29:34 74.30   53.26   76.55   81.39
19:30:37 74.30   53.26   76.21   81.50
19:31:41 74.30   53.26   76.21   81.39
19:32:44 74.30   53.26   76.10   81.28
19:33:48 74.30   53.26   76.21   81.16
19:34:51 74.30   53.26   76.33   81.16
19:35:54 74.30   53.26   76.55   81.16
19:36:58 74.19   53.15   76.21   81.28
19:38:01 74.19   53.15   76.55   81.28
19:39:04 74.30   53.15   76.21   81.05
19:40:08 74.19   53.15   76.33   81.05
19:41:11 74.30   53.04   76.33   81.16
19:42:14 74.19   53.15   76.21   81.16
19:43:18 74.19   53.15   76.10   81.16
19:44:21 74.19   53.04   76.21   81.16
19:45:24 74.19   53.15   76.21   81.16
19:46:31 74.19   53.04   76.10   81.05
19:47:34 74.30   53.15   75.99   80.94
19:48:41 74.19   53.04   76.21   80.83
19:49:45 74.19   53.04   75.99   80.83
19:50:48 74.19   53.15   76.44   80.83
19:51:51 74.19   53.15   76.21   80.60
19:52:55 74.19   53.04   76.10   80.60
19:53:58 74.19   53.04   76.10   80.49
19:55:01 74.19   52.92   76.10   80.49
19:56:05 74.19   53.04   76.10   80.49
19:57:08 74.19   52.92   76.44   80.38
19:58:11 74.08   52.92   76.21   80.49
19:59:15 74.19   52.92   75.99   80.38
20:00:18 74.19   52.92   76.21   80.38
20:01:21 74.19   52.81   76.10   80.26
20:02:25 74.08   52.92   75.88   80.38
20:03:28 74.08   52.92   76.10   80.38
20:04:32 74.08   52.92   76.10   80.49
20:05:35 74.08   52.92   75.88   80.26
20:06:42 74.08   52.70   76.21   80.26
20:07:45 74.08   52.81   76.33   80.26
20:08:48 74.08   52.81   76.21   80.15
20:09:55 73.96   52.70   75.76   80.15
20:10:59 74.08   52.81   75.76   80.15
20:12:02 74.08   52.81   75.76   80.15
20:13:05 73.96   52.70   76.10   79.93
20:14:09 73.96   52.81   76.21   79.93
20:15:12 74.08   52.81   76.21   79.93
20:16:15 73.96   52.70   76.33   79.93
20:17:19 73.96   52.70   75.99   79.81
20:18:22 73.96   52.59   76.10   79.81
20:19:25 73.96   52.81   75.99   79.81
20:20:29 73.96   52.70   75.99   79.81
20:21:32 73.96   52.70   75.99   79.81
20:22:35 73.96   52.70   76.21   79.81
20:23:39 73.96   52.70   75.88   79.70
20:24:42 74.08   52.70   75.99   79.70
20:25:45 73.96   52.70   75.88   79.59
20:26:49 73.96   52.59   75.76   79.59
20:27:52 73.96   52.59   76.21   79.59
20:28:55 73.96   52.59   75.99   79.59
20:29:59 73.85   52.70   75.88   79.59
20:31:09 73.96   52.59   75.88   79.70
20:32:13 73.96   52.59   75.99   79.81
20:33:19 73.96   52.59   75.99   79.81
20:34:23 73.85   52.59   76.10   79.70
20:35:26 74.08   52.59   75.99   79.59
20:36:29 74.08   52.59   75.99   79.59
20:37:33 74.19   52.59   76.21   79.59
20:38:36 74.30   52.70   76.10   79.47
20:39:39 74.30   52.70   76.21   79.47
20:40:43 74.41   52.81   76.10   79.93
20:41:46 74.53   52.70   75.88   80.15
20:42:50 74.30   52.70   75.99   80.15
20:43:53 74.19   52.70   76.21   80.15
20:44:56 74.08   52.70   75.99   80.26
20:46:07 74.19   52.70   75.76   80.15
20:47:10 74.08   52.70   75.76   80.04
20:48:13 74.19   52.59   75.76   79.81
20:49:17 74.19   52.70   75.99   79.81
20:50:20 74.19   52.70   75.43   79.93
20:51:23 74.41   52.70   75.76   79.81
20:52:27 74.41   52.59   75.54   79.70
20:53:30 74.41   52.70   75.76   79.81
20:54:37 74.30   52.59   75.65   79.70
20:55:40 74.19   52.70   75.65   79.70
20:56:44 74.08   52.59   75.76   79.70
20:57:47 74.08   52.59   75.76   79.93
20:58:50 73.96   52.59   75.88   79.81
20:59:54 73.85   52.59   75.65   79.81
21:00:57 73.96   52.59   75.99   79.81
21:02:00 73.96   52.48   75.88   79.81
21:03:04 73.85   52.36   76.10   79.81
21:04:07 73.85   52.59   75.88   79.81
21:05:10 73.85   52.48   75.76   80.71
21:06:14 73.85   52.48   75.54   83.64
21:07:17 73.74   52.48   75.88   83.97
21:08:20 73.85   52.48   75.76   83.97
21:09:24 73.74   52.25   75.76   83.97
21:10:27 73.85   52.36   75.54   83.64
21:11:34 73.85   52.25   75.43   83.41
21:12:37 73.74   52.36   75.54   83.19
21:13:44 73.74   52.36   75.99   83.19
21:14:47 73.63   52.25   75.65   83.08
21:15:51 73.74   52.25   75.43   82.96
21:16:54 73.63   52.14   75.76   82.85
21:18:01 73.63   52.25   75.88   82.63
21:19:04 73.63   52.25   75.88   82.29
21:20:08 73.74   52.14   75.88   82.29
21:21:11 73.74   52.25   75.65   82.18
21:22:14 73.63   52.25   75.54   82.06
21:23:18 73.63   52.14   75.31   81.84
21:24:21 73.63   52.14   75.65   81.72
21:25:24 73.63   52.14   75.76   81.50
21:26:28 73.63   52.14   75.76   81.39
21:27:31 73.63   52.14   75.54   81.39
21:28:34 73.63   52.14   75.65   81.39
21:29:38 73.74   52.14   75.54   81.28
21:30:41 73.63   52.14   75.65   81.16
21:31:44 73.74   52.14   75.65   81.05
21:32:48 73.63   52.14   75.54   81.05
21:33:51 73.63   52.14   75.65   80.94
21:34:55 73.63   52.14   75.65   80.83
21:35:58 73.63   52.25   75.65   80.71
21:37:01 73.63   52.03   75.88   80.60
21:38:05 73.63   52.14   75.54   80.49
21:39:08 73.63   52.03   75.43   80.49
21:40:11 73.74   52.14   76.33   80.49
21:41:15 73.63   52.14   76.21   80.26
21:42:18 73.63   52.03   76.10   80.26
21:43:21 73.63   52.03   75.99   80.26
21:44:25 73.63   52.03   75.88   80.15
21:45:28 73.51   52.03   76.10   80.04
21:46:31 73.63   52.14   75.65   80.04
21:47:35 73.63   52.36   76.21   80.04
21:48:38 73.63   52.36   75.99   91.18
21:49:41 73.85   52.48   76.10   104.45
21:50:45 73.85   52.48   75.65   107.15
21:51:48 73.96   52.48   75.43   107.83
21:52:51 73.85   52.48   75.65   107.94
21:53:55 73.96   52.48   75.76   107.94
21:54:58 73.96   52.48   75.88   108.50
21:56:01 73.85   52.59   75.65   108.95
21:57:05 73.85   52.48   75.65   109.29
21:58:12 73.85   52.59   75.65   109.74
21:59:15 73.85   52.59   75.54   109.85
22:00:25 73.96   52.70   75.54   110.19
22:01:29 73.96   52.70   75.43   110.41
22:02:32 73.85   52.70   75.88   110.53
22:03:35 73.85   52.70   75.88   110.75
22:04:39 73.96   52.70   75.65   110.98
22:05:42 73.96   52.70   75.54   110.64
22:06:45 74.08   54.05   75.65   109.96
22:07:49 74.19   55.06   75.43   109.18
22:08:52 74.08   54.95   75.54   108.28
22:09:55 74.30   54.39   75.54   107.26
22:10:59 74.08   53.94   75.54   106.59
22:12:02 74.19   53.94   75.54   105.80
22:13:05 74.08   53.71   75.31   105.01
22:14:09 74.30   53.71   75.54   104.23
22:15:12 74.19   53.71   75.76   103.44
22:16:16 74.08   53.49   75.65   102.65
22:17:19 74.08   53.15   75.65   101.86
22:18:22 74.08   53.04   75.65   101.08
22:19:26 73.96   52.92   75.99   100.40
22:20:29 73.96   53.49   75.76   99.73
22:21:32 73.96   53.38   75.99   99.05
22:22:36 73.96   53.38   75.88   98.49
22:23:39 73.96   53.15   75.99   98.04
22:24:46 73.85   53.04   75.99   97.36
22:25:49 73.85   53.15   75.88   96.91
22:26:52 73.85   53.04   75.99   96.46
22:27:56 73.74   52.92   76.10   96.13
22:28:59 73.74   52.81   76.21   95.68
22:30:03 73.85   52.92   76.10   95.11
22:31:06 73.74   52.81   76.33   94.66
22:32:09 73.74   52.81   76.33   94.21
22:33:13 73.85   52.70   76.10   93.76
22:34:16 73.63   52.81   76.21   93.43
22:35:19 73.74   52.59   76.33   92.97
22:36:23 73.85   52.70   76.10   92.53
22:37:26 73.74   52.70   75.99   92.30
22:38:29 73.74   52.81   75.99   91.96
22:39:33 73.74   52.70   76.21   91.51
22:40:36 73.74   52.70   76.10   91.18
22:41:39 73.74   52.70   76.21   90.84
22:42:43 73.74   52.59   75.88   90.50
22:43:46 73.74   52.70   76.10   90.28
22:44:53 73.74   52.59   76.10   89.94
22:45:56 73.74   52.59   76.10   89.71
22:47:03 73.63   52.48   75.99   89.38
22:48:06 73.63   52.59   75.88   89.04
22:49:10 73.63   52.59   75.99   88.81
22:50:13 73.63   52.36   75.99   88.36
22:51:16 73.63   52.48   75.88   88.25
22:52:20 73.63   52.48   75.99   87.91
22:53:23 73.51   52.59   76.10   87.80
22:54:26 73.63   52.48   75.99   87.58
22:55:30 73.63   52.36   75.54   87.35
22:56:33 73.63   52.48   75.76   87.13
22:57:37 73.63   52.36   75.76   86.79
22:58:40 73.51   52.36   75.76   86.68
22:59:43 73.51   52.36   75.76   86.34
23:00:47 73.51   52.36   75.65   86.11
23:01:50 73.51   52.36   75.99   85.89
23:02:53 73.51   52.36   75.76   85.78
23:03:57 73.51   52.36   75.76   85.66
23:05:00 73.51   52.36   75.65   85.55
23:06:03 73.40   52.36   75.54   85.44
23:07:10 73.51   52.36   75.76   85.10
23:08:13 73.51   52.25   75.76   84.76
23:09:17 73.40   52.36   75.65   84.65
23:10:20 73.51   52.25   75.54   84.65
23:11:23 73.40   52.25   75.65   84.43
23:12:27 73.40   52.25   75.65   84.31
23:13:30 73.51   52.14   75.54   84.20
23:14:34 73.63   52.25   76.10   84.09
23:15:37 73.74   52.03   75.99   97.48
23:16:40 73.51   52.36   75.65   107.94
23:17:44 73.40   52.36   75.76   109.51
23:18:47 73.29   52.36   75.43   108.95
23:19:50 73.29   52.36   75.54   109.29
23:20:54 73.29   52.14   75.54   111.54
23:21:57 73.29   52.25   75.43   111.54
23:23:00 73.18   52.25   75.43   111.54
23:24:04 73.18   52.14   75.43   110.86
23:25:07 73.06   51.91   75.31   110.08
23:26:10 73.06   52.03   75.43   109.06
23:27:14 72.95   51.91   75.43   108.05
23:28:17 73.06   52.03   75.31   107.04
23:29:24 72.95   51.91   75.31   106.03
23:30:27 72.95   51.91   74.97   105.01
23:31:31 73.06   51.91   75.09   104.11
23:32:34 72.84   51.91   75.09   103.33
23:33:37 72.84   51.91   75.20   102.54
23:34:41 72.95   51.80   75.31   101.75
23:35:44 72.84   51.91   75.20   100.85
23:36:47 72.72   51.80   75.20   100.06
23:37:51 72.72   51.80   75.09   99.50
23:38:54 72.72   51.80   74.86   98.83
23:39:57 72.72   51.80   75.09   98.26
23:41:01 72.72   51.80   74.86   97.59
23:42:04 72.72   51.69   74.75   96.91
23:43:07 72.72   51.69   74.97   96.24
23:44:11 72.72   51.80   75.20   95.90
23:45:14 72.72   51.69   75.09   95.34
23:46:17 72.61   51.69   75.20   94.89
23:47:21 72.72   51.58   74.86   94.33
23:48:24 72.61   51.69   75.31   93.88
23:49:27 72.61   51.69   74.97   93.43
23:50:31 72.61   51.58   74.97   92.97
23:51:34 72.50   51.58   74.86   92.53
23:52:37 72.50   51.58   74.86   92.08
23:53:41 72.50   51.46   74.97   91.63
23:54:44 72.50   51.46   74.97   91.40
23:55:51 72.50   51.35   74.97   90.95
23:56:54 72.50   51.46   74.86   90.50
23:57:58 72.39   51.35   74.97   90.16
23:59:01 72.50   51.35   75.20   89.83
