00:00:52 73.29   52.59   75.65   86.34
00:01:55 73.29   52.48   75.76   86.11
00:02:58 73.29   52.48   75.76   86.00
00:04:02 73.29   52.59   75.76   85.78
00:05:05 73.29   52.48   75.76   85.55
00:06:08 73.29   52.48   75.65   85.44
00:07:12 73.18   52.36   75.65   85.21
00:08:15 73.18   52.36   75.76   84.99
00:09:19 73.18   52.25   75.65   84.88
00:10:22 73.18   52.36   75.54   84.65
00:11:25 73.06   52.36   75.54   84.54
00:12:29 73.18   52.36   75.43   84.31
00:13:32 73.06   52.36   75.54   84.09
00:14:35 73.06   52.36   75.54   83.97
00:15:39 73.06   52.14   75.54   83.97
00:16:42 73.06   52.25   75.43   83.75
00:17:45 73.06   52.14   75.54   83.75
00:18:49 73.06   52.25   75.54   83.53
00:19:52 72.95   52.14   75.43   83.30
00:20:55 72.95   52.14   75.54   83.19
00:21:59 72.95   52.14   75.54   83.19
00:23:02 72.84   52.03   75.54   83.08
00:24:05 72.95   52.03   75.43   82.96
00:25:09 72.84   52.03   75.54   82.85
00:26:12 72.84   52.03   75.43   82.74
00:27:15 72.84   52.03   75.31   82.63
00:28:19 72.84   51.91   75.43   82.51
00:29:22 72.84   52.03   75.43   82.29
00:30:25 72.72   51.91   75.43   82.18
00:31:29 72.72   51.91   75.31   82.29
00:32:32 72.72   51.80   75.43   82.06
00:33:35 72.72   51.80   75.43   82.06
00:34:39 72.84   51.91   75.43   82.06
00:35:42 72.72   51.80   75.31   81.95
00:36:45 72.72   51.69   75.31   81.84
00:37:49 72.72   51.80   75.31   81.72
00:38:52 72.72   51.80   75.31   81.72
00:39:55 72.72   51.80   75.43   81.72
00:40:59 72.72   51.69   75.31   81.61
00:42:02 72.72   51.69   75.31   81.61
00:43:06 72.72   51.69   75.20   81.50
00:44:09 72.72   51.69   75.20   81.28
00:45:12 72.61   51.58   75.20   81.28
00:46:16 72.50   51.69   75.20   81.16
00:47:19 72.61   51.69   75.09   81.16
00:48:22 72.61   51.69   75.20   80.94
00:49:26 72.61   51.58   75.20   80.83
00:50:29 72.61   51.58   75.20   80.83
00:51:32 72.61   51.58   74.97   80.71
00:52:36 72.61   51.58   75.09   80.60
00:53:39 72.61   51.69   75.09   80.60
00:54:42 72.50   51.58   75.09   80.60
00:55:46 72.50   51.58   74.97   80.60
00:56:49 72.50   51.58   75.09   80.60
00:57:52 72.50   51.58   74.86   80.60
00:58:56 72.50   51.46   74.97   80.60
00:59:59 72.39   51.46   75.09   80.49
01:01:02 72.50   51.46   74.97   80.38
01:02:06 72.50   51.46   74.97   80.15
01:03:09 72.39   51.46   74.97   80.15
01:04:12 72.39   51.35   74.97   80.15
01:05:16 72.39   51.35   74.97   80.04
01:06:19 72.39   51.35   74.97   79.93
01:07:22 72.28   51.35   74.97   79.81
01:08:26 72.16   51.35   74.86   79.93
01:09:29 72.28   51.35   74.86   79.93
01:10:32 72.28   51.24   74.86   79.93
01:11:36 72.28   51.24   74.97   79.93
01:12:39 72.28   51.24   74.64   79.93
01:13:42 72.16   51.24   74.75   79.81
01:14:46 72.28   51.01   74.75   79.70
01:15:49 72.28   51.24   74.75   79.59
01:16:53 72.28   51.13   74.86   79.70
01:17:56 72.16   51.01   74.75   79.70
01:18:59 72.05   51.13   74.86   79.70
01:20:03 72.05   51.01   74.75   79.59
01:21:06 72.05   51.01   74.75   79.59
01:22:09 72.05   51.01   74.75   79.47
01:23:13 72.05   51.01   74.75   79.36
01:24:16 72.16   51.01   74.75   79.25
01:25:19 72.05   51.01   74.75   79.25
01:26:23 72.05   50.90   74.75   79.25
01:27:26 72.05   50.90   74.64   79.25
01:28:29 72.05   51.01   74.64   79.36
01:29:33 72.05   50.90   74.75   79.36
01:30:36 71.94   50.79   74.75   79.36
01:31:39 72.05   50.90   74.64   79.36
01:32:43 72.05   50.90   74.53   79.36
01:33:46 71.94   50.90   74.53   79.25
01:34:49 71.94   50.79   74.53   79.14
01:35:53 72.05   50.67   74.53   79.03
01:36:56 71.94   50.79   74.64   79.14
01:37:59 71.94   50.67   74.53   79.14
01:39:03 71.94   50.67   74.53   79.03
01:40:06 71.94   50.67   74.53   79.14
01:41:09 71.94   50.79   74.53   79.03
01:42:13 71.94   50.67   74.53   78.91
01:43:16 71.83   50.56   74.41   78.80
01:44:19 71.94   62.04   74.53   78.91
01:45:23 72.16   62.38   74.41   78.91
01:46:26 72.16   63.16   74.41   78.91
01:47:29 72.28   63.61   74.41   78.91
01:48:33 72.39   64.40   74.53   78.91
01:49:36 72.50   65.30   74.53   78.80
01:50:39 72.50   61.03   74.53   78.80
01:51:43 72.50   55.40   74.53   78.69
01:52:46 72.50   53.60   74.53   78.80
01:53:50 72.28   53.15   74.53   78.80
01:54:53 72.28   53.04   74.53   78.69
01:55:56 72.16   52.81   74.64   78.80
01:57:00 72.05   52.48   74.64   78.91
01:58:03 71.94   52.25   74.64   78.91
01:59:06 72.05   52.03   74.53   78.91
02:00:10 71.94   52.03   74.53   78.91
02:01:13 71.94   51.69   74.64   78.80
02:02:16 71.94   51.35   74.53   78.69
02:03:20 71.94   51.13   74.41   78.69
02:04:23 71.94   62.26   74.30   78.69
02:05:26 72.16   62.94   74.41   78.69
02:06:30 72.28   64.06   74.41   78.69
02:07:33 72.28   64.74   74.41   78.80
02:08:36 72.50   65.53   74.53   78.80
02:09:40 72.50   66.54   74.53   78.80
02:10:43 72.50   67.78   74.64   78.91
02:11:46 72.61   69.13   74.41   78.80
02:12:50 72.72   70.47   74.64   78.80
02:13:53 72.72   64.74   74.64   78.80
02:14:56 72.72   57.09   74.75   78.80
02:16:00 72.61   54.84   74.53   78.91
02:17:03 72.39   54.28   74.64   78.91
02:18:06 72.28   54.05   74.64   78.91
02:19:10 72.16   53.38   74.64   78.91
02:20:13 72.16   53.04   74.64   78.80
02:21:16 72.05   53.15   74.64   78.80
02:22:20 71.94   59.56   74.53   78.80
02:23:23 72.16   64.18   74.64   78.69
02:24:27 72.28   65.19   74.64   78.80
02:25:30 72.28   66.31   74.75   78.80
02:26:33 72.39   68.45   74.75   78.91
02:27:37 72.50   70.59   74.41   78.91
02:28:40 72.61   72.16   74.53   79.03
02:29:43 72.61   73.18   74.64   79.03
02:30:47 72.72   73.74   74.75   79.25
02:31:50 72.72   74.19   74.86   79.25
02:32:53 72.95   74.41   74.86   79.14
02:33:57 73.06   74.64   74.75   79.14
02:35:00 72.84   74.75   74.86   79.14
02:36:03 73.06   74.86   74.97   79.14
02:37:07 73.18   75.09   74.97   79.25
02:38:10 73.18   75.20   74.97   79.25
02:39:13 73.18   75.43   74.86   79.25
02:40:17 73.18   75.31   75.09   79.14
02:41:20 73.29   75.43   75.09   79.25
02:42:23 73.29   66.54   75.09   79.25
02:43:27 73.29   57.31   75.20   79.47
02:44:30 73.18   55.29   75.09   79.47
02:45:33 72.95   54.61   75.20   79.47
02:46:37 72.72   54.28   74.97   79.47
02:47:40 72.72   54.16   74.97   79.36
02:48:43 72.61   63.73   74.97   79.36
02:49:47 72.72   65.75   74.75   79.36
02:50:50 72.72   67.44   74.86   79.47
02:51:53 72.72   70.25   74.97   79.36
02:52:57 72.95   72.95   74.97   79.36
02:54:00 72.95   74.30   74.97   79.36
02:55:03 73.06   74.97   74.97   79.47
02:56:07 73.06   75.20   75.20   79.59
02:57:10 73.29   75.20   75.20   79.59
02:58:13 73.18   75.54   75.20   79.47
02:59:17 73.29   75.54   75.31   79.59
03:00:20 73.29   75.65   75.20   79.59
03:01:24 73.29   75.65   75.31   79.59
03:02:27 73.40   75.65   75.31   79.59
03:03:30 73.40   75.65   75.31   79.59
03:04:34 73.40   75.76   75.43   79.70
03:05:37 73.51   75.76   75.31   79.81
03:06:40 73.63   75.76   75.31   79.70
03:07:44 73.63   75.88   75.31   79.81
03:08:47 73.63   75.88   75.43   79.81
03:09:50 73.74   75.99   75.43   79.93
03:10:54 73.74   75.99   75.43   79.93
03:11:57 73.74   75.99   75.54   80.04
03:13:00 73.74   76.10   75.43   80.04
03:14:04 73.96   75.99   75.54   80.04
03:15:07 73.85   76.10   75.43   80.04
03:16:10 73.74   76.10   75.43   80.04
03:17:14 73.85   76.10   75.54   80.26
03:18:17 73.85   76.21   75.54   80.26
03:19:20 73.85   76.21   75.43   80.15
03:20:24 73.96   76.21   75.54   80.26
03:21:27 73.85   76.21   75.65   80.26
03:22:30 73.85   76.21   75.65   80.38
03:23:34 73.85   76.21   75.54   80.38
03:24:37 73.85   76.21   75.54   80.38
03:25:40 73.85   76.21   75.54   80.38
03:26:44 73.96   76.33   75.65   80.38
03:27:47 73.85   76.33   75.88   80.49
