00:00:20 71.83   50.56   74.19   86.22
00:01:24 71.83   51.69   74.30   86.00
00:02:27 71.83   61.81   74.75   85.66
00:03:30 71.94   62.83   74.53   85.55
00:04:34 72.16   63.16   74.53   85.33
00:05:37 72.28   63.73   74.53   85.21
00:06:40 72.39   64.51   74.19   84.99
00:07:44 72.39   65.64   74.41   84.76
00:08:47 72.50   61.03   74.30   84.65
00:09:50 72.39   55.51   74.30   84.54
00:10:54 72.39   53.49   74.30   84.54
00:11:57 72.16   53.04   74.08   84.43
00:13:00 72.05   52.70   74.41   84.09
00:14:04 72.05   52.48   74.30   83.97
00:15:07 71.94   52.14   74.53   83.97
00:16:10 71.94   51.80   74.53   83.64
00:17:14 71.94   51.80   74.53   83.53
00:18:17 71.83   51.35   74.41   83.30
00:19:20 71.83   51.58   74.19   83.19
00:20:24 71.83   51.35   74.53   83.08
00:21:27 71.83   51.35   74.41   82.85
00:22:30 71.83   54.61   74.53   82.85
00:23:34 71.83   62.26   74.41   82.63
00:24:37 72.05   63.61   74.41   82.51
00:25:41 72.16   64.51   74.53   82.51
00:26:44 72.16   65.30   74.41   82.40
00:27:47 72.39   65.97   73.96   82.40
00:28:51 72.28   67.21   74.30   82.29
00:29:54 72.39   68.45   74.53   82.18
00:30:57 72.50   69.69   74.64   82.18
00:32:01 72.50   60.69   74.64   82.18
00:33:04 72.50   55.17   74.53   82.06
00:34:07 72.39   53.94   74.64   81.95
00:35:11 72.28   53.71   74.41   81.95
00:36:14 72.16   53.60   74.41   82.06
00:37:17 72.16   53.38   74.64   81.84
00:38:21 72.05   52.48   74.64   81.61
00:39:24 71.94   52.25   74.41   81.39
00:40:27 71.83   57.54   74.30   81.39
00:41:31 71.94   63.73   74.30   81.39
00:42:34 72.05   65.19   74.53   81.28
00:43:37 72.16   66.20   74.30   81.28
00:44:41 72.28   68.22   74.30   81.28
00:45:44 72.39   69.58   74.41   81.05
00:46:47 72.50   71.04   74.30   81.16
00:47:51 72.50   72.16   74.41   81.16
00:48:54 72.61   73.06   74.64   81.16
00:49:57 72.61   73.63   74.41   81.05
00:51:01 72.72   74.08   74.86   81.05
00:52:04 72.84   74.30   74.86   80.94
00:53:07 72.95   74.53   74.64   80.94
00:54:11 72.84   74.86   74.75   81.05
00:55:14 72.95   74.97   74.86   81.28
00:56:17 73.06   59.56   74.97   81.16
00:57:21 72.95   55.17   74.86   81.16
00:58:24 72.84   54.16   74.64   81.16
00:59:28 72.61   54.05   75.09   80.94
01:00:31 72.50   53.71   75.20   80.94
01:01:34 72.28   53.38   74.53   80.94
01:02:38 72.16   54.16   74.64   80.83
01:03:41 72.28   64.18   74.41   80.83
01:04:44 72.39   65.53   74.75   80.83
01:05:48 72.39   66.76   74.53   80.71
01:06:51 72.50   68.79   74.41   80.83
01:07:54 72.61   71.49   74.53   80.83
01:08:58 72.61   73.51   74.64   80.94
01:10:01 72.72   74.41   74.86   80.83
01:11:04 72.84   74.86   74.75   80.83
01:12:08 72.95   75.09   74.97   80.94
01:13:11 72.95   75.20   74.97   80.94
01:14:14 73.06   75.20   75.20   80.94
01:15:18 73.18   75.54   74.75   80.83
01:16:21 73.18   75.54   74.97   80.83
01:17:24 73.29   75.65   75.43   80.83
01:18:28 73.29   75.76   75.09   80.83
01:19:31 73.29   75.76   75.20   80.94
01:20:34 73.40   75.76   75.09   80.94
01:21:38 73.51   75.76   75.20   80.94
01:22:41 73.40   75.88   75.09   81.05
01:23:44 73.51   75.88   75.31   81.16
01:24:48 73.51   75.99   75.09   81.28
01:25:51 73.51   75.99   75.20   81.16
01:26:54 73.63   75.99   75.20   81.28
01:27:58 73.63   75.99   75.09   81.28
01:29:01 73.51   76.10   75.31   81.28
01:30:05 73.63   75.99   75.31   81.28
01:31:08 73.74   76.10   75.31   81.39
01:32:11 73.63   76.10   75.31   81.28
01:33:15 73.63   76.10   75.43   81.16
01:34:18 73.63   76.10   75.54   81.28
01:35:21 73.74   76.10   75.54   81.28
01:36:25 73.74   76.10   75.31   81.39
01:37:28 73.74   76.10   75.54   81.39
01:38:31 73.74   76.10   75.31   81.28
01:39:35 73.74   76.21   75.54   81.28
01:40:38 73.74   76.21   75.54   81.28
01:41:41 73.74   76.21   75.43   81.28
01:42:45 73.74   76.21   75.43   81.28
01:43:52 73.74   76.33   75.54   81.28
01:44:55 73.74   76.21   75.54   81.39
01:45:58 73.85   76.33   75.54   81.39
01:47:02 73.85   76.33   75.76   81.39
01:48:05 73.85   76.33   75.65   81.50
01:49:08 73.96   76.33   75.43   81.50
01:50:12 73.96   76.33   75.76   81.39
01:51:15 73.96   76.44   75.65   81.50
01:52:18 73.96   76.44   75.76   81.50
01:53:22 73.96   76.44   75.88   81.61
01:54:25 73.96   76.44   75.99   81.61
01:55:28 73.96   76.55   75.76   81.50
01:56:32 74.08   76.55   75.76   81.61
01:57:35 74.08   76.55   75.76   81.50
01:58:38 74.08   76.55   75.76   81.50
01:59:42 74.08   76.55   75.99   81.50
02:00:45 74.08   76.55   75.88   81.50
02:01:48 74.08   76.55   75.76   81.61
02:02:52 74.19   76.66   75.99   81.72
02:03:55 74.19   76.66   75.88   81.72
02:04:58 74.19   76.66   75.99   81.61
02:06:02 74.19   76.55   75.99   81.61
02:07:05 74.19   76.66   75.88   81.61
02:08:08 74.19   76.66   76.10   81.61
02:09:12 74.19   76.66   76.21   81.61
02:10:15 74.19   76.66   75.88   81.72
02:11:18 74.19   76.66   75.88   81.84
02:12:22 74.19   76.66   75.88   81.72
02:13:25 74.19   76.66   75.99   81.84
02:14:28 74.19   76.66   75.76   81.84
02:15:32 74.19   76.78   75.99   81.84
02:16:35 74.19   76.78   75.99   81.95
02:17:39 74.19   76.78   76.10   82.06
02:18:42 74.30   76.78   76.10   82.06
02:19:45 74.30   76.78   75.99   81.95
02:20:49 74.30   76.78   75.88   81.84
02:21:52 74.30   76.78   76.10   81.95
02:22:55 74.30   76.89   76.10   82.06
02:23:59 74.30   76.89   76.33   82.06
02:25:02 74.30   76.89   76.33   81.95
02:26:12 74.41   76.89   76.33   81.84
02:27:16 74.30   76.89   76.10   81.84
02:28:19 74.30   76.89   76.21   81.95
02:29:22 74.30   77.00   76.33   82.06
02:30:26 74.41   77.00   76.44   82.06
02:31:29 74.41   77.00   76.55   81.95
02:32:32 74.41   77.00   76.44   81.95
02:33:36 74.30   77.00   76.10   81.95
02:34:39 74.41   77.00   76.44   82.06
02:35:42 74.53   77.00   76.10   82.06
02:36:46 74.41   77.00   76.33   81.95
02:37:49 74.53   77.11   76.10   81.95
02:38:52 74.41   77.00   76.10   82.18
02:39:56 74.41   77.11   76.33   82.18
02:40:59 74.41   77.11   76.10   82.18
02:42:02 74.41   77.11   76.21   82.29
02:43:06 74.41   77.11   76.33   82.29
02:44:09 74.53   77.11   76.44   82.29
02:45:16 74.53   77.11   76.44   82.40
02:46:19 74.53   77.11   76.44   82.40
02:47:30 74.53   77.11   76.44   82.40
02:48:33 74.53   77.11   76.33   82.40
02:49:36 74.53   77.11   76.44   82.40
02:50:40 74.53   77.11   76.33   82.29
02:51:43 74.53   77.11   76.55   82.40
02:52:46 74.53   77.11   76.55   82.40
02:53:50 74.64   77.22   76.66   82.29
02:54:53 74.64   77.22   76.44   82.29
02:55:56 74.64   77.22   76.44   82.29
02:57:00 74.64   77.22   76.33   82.40
02:58:03 74.64   77.22   76.55   82.40
02:59:07 74.64   77.22   76.33   82.51
03:00:10 74.64   77.22   76.55   82.29
03:01:13 74.64   77.34   76.78   82.29
03:02:17 74.64   77.34   76.89   82.40
03:03:20 74.75   77.34   76.89   82.51
03:04:23 74.75   77.34   76.78   82.63
03:05:27 74.75   77.34   76.89   82.51
03:06:30 74.75   77.34   76.78   82.51
03:07:33 74.75   77.34   76.89   82.40
03:08:37 74.86   77.45   76.66   82.51
03:09:40 74.75   77.45   76.78   82.51
03:10:43 74.75   77.45   76.66   82.51
03:11:47 74.86   77.45   76.89   82.63
03:12:50 74.86   77.45   76.78   82.74
03:13:53 74.86   77.45   76.89   82.74
03:14:57 74.86   77.34   77.22   82.74
03:16:00 74.86   77.34   77.22   82.63
03:17:03 74.75   77.34   77.00   82.63
03:18:07 74.86   77.34   77.11   82.74
03:19:10 74.86   77.34   76.66   82.74
03:20:13 74.86   77.34   76.78   82.63
03:21:17 74.75   77.34   76.78   82.63
03:22:20 74.86   77.34   76.89   82.74
03:23:23 74.86   77.34   76.78   82.74
03:24:27 74.86   77.45   77.00   82.85
03:25:30 74.86   77.34   77.00   82.74
03:26:33 74.75   77.34   77.11   82.74
03:27:37 74.86   77.34   77.00   82.74
03:28:40 74.86   77.45   76.89   82.63
03:29:43 74.86   77.45   77.22   82.74
03:30:47 74.86   77.45   77.00   82.85
03:31:50 74.86   77.45   77.22   82.85
03:32:53 74.86   77.45   77.11   82.85
03:33:57 74.86   77.45   77.00   82.85
03:35:00 74.86   77.45   76.89   82.85
03:36:03 74.86   77.45   77.11   82.85
03:37:07 74.86   77.56   77.22   82.85
03:38:10 74.86   77.56   77.11   82.74
03:39:13 74.86   77.56   77.11   82.85
03:40:17 74.97   77.56   76.89   82.85
03:41:20 74.86   77.68   77.22   82.85
03:42:23 74.97   77.68   77.45   82.85
03:43:27 74.97   77.68   77.34   82.85
03:44:30 74.97   77.79   77.34   82.96
03:45:34 74.86   77.79   77.22   82.96
03:46:37 74.97   77.79   77.22   82.85
03:47:40 74.97   77.79   77.56   82.96
03:48:44 74.97   77.68   77.56   82.96
03:49:47 74.97   68.68   77.56   82.96
03:50:50 74.86   59.79   77.22   82.96
03:51:54 74.64   57.99   77.11   82.85
03:52:57 74.53   57.09   77.22   82.74
03:54:00 74.30   56.41   77.22   82.74
03:55:04 74.19   56.08   77.34   82.63
03:56:07 74.08   57.65   77.22   82.51
03:57:10 74.08   66.43   77.34   82.40
03:58:14 74.08   67.89   77.22   82.40
03:59:17 74.08   70.47   77.22   82.51
04:00:20 74.19   71.83   77.11   82.51
04:01:24 74.19   72.95   77.00   82.51
04:02:27 74.30   74.19   77.11   82.40
04:03:30 74.30   75.88   76.89   82.51
04:04:34 74.30   76.78   77.11   82.51
04:05:37 74.41   77.11   76.78   82.51
04:06:40 74.53   77.34   77.11   82.51
04:07:44 74.64   77.34   77.11   82.63
04:08:47 74.64   77.45   76.89   82.74
04:09:50 74.75   77.56   77.00   82.85
04:10:57 74.64   77.56   77.22   82.74
04:12:01 74.75   77.68   77.00   82.74
04:13:04 74.86   77.68   77.00   82.74
04:14:07 74.86   77.68   76.89   82.63
04:15:11 74.86   77.68   77.00   82.63
04:16:14 74.86   77.68   77.00   82.63
04:17:17 74.97   77.79   77.11   82.63
04:18:21 74.86   77.79   77.11   82.63
04:19:24 74.86   77.79   77.11   82.74
04:20:27 74.97   61.59   77.34   82.74
04:21:31 74.75   58.21   77.45   82.63
04:22:34 74.64   56.98   76.89   82.63
04:23:37 74.41   56.30   77.22   82.63
04:24:41 74.19   56.08   76.89   82.51
04:25:44 74.08   55.85   77.22   82.51
04:26:47 73.96   64.40   77.00   82.51
04:27:51 73.85   67.21   77.11   82.51
04:28:54 74.08   68.68   77.11   82.40
04:29:57 74.08   70.81   77.22   82.51
04:31:01 74.19   72.28   77.11   82.51
04:32:04 74.19   73.63   77.22   82.51
04:33:08 74.30   75.54   77.45   82.51
04:34:11 74.30   76.55   77.00   82.51
04:35:14 74.41   77.00   77.00   82.40
04:36:18 74.30   77.22   77.11   82.40
04:37:21 74.41   77.34   77.11   82.40
04:38:24 74.53   77.34   76.89   82.51
04:39:28 74.53   77.45   76.89   82.51
04:40:31 74.64   77.45   77.00   82.51
04:41:34 74.75   77.56   77.22   82.63
04:42:38 74.64   62.71   77.11   82.63
04:43:41 74.53   57.99   76.78   82.63
04:44:44 74.41   56.64   76.89   82.51
04:45:48 74.19   56.19   76.89   82.51
04:46:51 73.96   55.96   77.00   82.40
04:47:54 73.85   55.74   77.11   82.51
04:48:58 73.74   55.51   77.11   83.08
04:50:01 73.63   61.48   76.89   103.44
04:51:04 73.74   66.43   77.00   107.60
04:52:08 73.85   67.55   77.00   108.73
04:53:11 73.85   69.13   77.11   109.18
04:54:14 73.96   70.81   77.00   109.18
04:55:21 73.96   72.05   76.78   109.29
04:56:25 74.08   73.29   76.89   109.06
04:57:28 74.08   74.97   76.89   109.74
04:58:31 74.19   76.21   76.89   111.09
04:59:35 74.30   76.89   76.89   111.65
05:00:38 74.41   77.11   77.11   112.21
05:01:41 74.41   77.34   76.89   112.44
05:02:45 74.53   77.34   77.00   111.99
05:03:48 74.53   77.45   77.11   111.43
05:04:51 74.64   62.49   76.89   110.53
05:05:55 74.53   59.11   76.89   109.63
05:06:58 74.41   57.54   77.00   108.73
05:08:01 74.30   56.86   76.89   107.71
05:09:05 74.08   56.30   76.89   106.70
05:10:08 73.96   55.96   77.00   109.18
05:11:11 73.85   55.85   77.11   109.63
05:12:15 73.85   55.63   77.34   108.95
05:13:18 73.74   65.19   77.22   108.05
05:14:21 73.96   67.10   77.11   107.04
05:15:25 73.96   68.34   77.00   106.14
05:16:28 73.96   70.03   76.78   105.35
05:17:32 74.08   71.15   76.78   104.56
05:18:35 74.08   72.28   76.66   103.89
05:19:42 74.08   73.40   76.78   103.21
05:20:45 74.19   74.41   76.66   102.65
05:21:48 74.19   75.76   76.55   101.98
05:22:52 74.30   76.66   76.89   109.06
05:23:55 74.41   65.41   77.00   111.76
05:24:58 74.41   59.00   76.66   111.09
05:26:02 74.19   57.09   76.55   109.74
05:27:05 74.08   56.53   76.66   108.39
05:28:08 73.96   56.08   76.66   107.15
05:29:12 73.85   55.85   76.55   105.91
05:30:15 73.63   55.74   76.55   104.90
05:31:19 73.63   55.63   76.55   103.89
05:32:22 73.51   55.40   76.55   102.99
05:33:25 73.51   55.29   76.55   102.09
05:34:29 73.40   55.40   76.33   101.41
05:35:32 73.40   65.19   76.44   100.63
05:36:35 73.51   66.76   76.55   100.06
05:37:39 73.74   67.44   76.55   99.39
05:38:49 73.74   68.56   76.44   98.83
05:39:52 73.85   69.58   76.44   98.15
05:40:56 73.85   70.70   76.55   97.70
05:42:06 73.85   71.71   76.44   97.25
05:43:09 73.85   72.61   76.44   96.69
05:44:13 74.08   73.85   76.44   96.24
05:45:16 74.08   72.16   76.33   95.90
05:46:19 74.08   61.36   76.44   95.45
05:47:23 73.96   57.76   76.21   95.00
05:48:26 73.85   56.64   76.21   94.66
05:49:29 73.74   56.08   76.33   94.33
05:50:33 73.63   55.85   76.21   93.88
05:51:36 73.51   55.63   76.33   93.43
05:52:39 73.40   55.51   76.33   93.09
05:53:43 73.29   55.29   76.33   92.64
05:54:46 73.29   55.06   76.33   92.30
05:55:49 73.18   54.95   76.44   91.96
05:56:53 73.18   54.73   76.10   91.63
05:57:56 73.18   64.63   76.10   91.29
05:59:00 73.29   66.31   76.33   91.06
06:00:03 73.40   67.10   76.33   90.72
06:01:06 73.51   68.11   75.99   90.61
06:02:10 73.51   69.01   76.55   90.28
06:03:20 73.63   70.14   76.33   90.16
06:04:23 73.63   71.04   76.44   89.94
06:05:30 73.74   71.83   76.21   89.83
06:06:34 73.74   72.61   76.10   89.60
06:07:37 73.85   73.51   75.99   89.26
06:08:40 73.85   74.53   76.33   89.04
06:09:44 73.85   75.31   76.44   88.93
06:10:47 73.96   75.88   76.78   88.70
06:11:50 74.08   76.33   76.66   88.59
06:12:54 74.08   76.55   76.44   88.25
06:13:57 74.19   76.66   76.44   88.25
06:15:00 74.19   76.78   76.44   88.14
06:16:04 74.30   76.89   76.55   88.81
06:17:07 74.30   76.89   76.78   107.94
06:18:10 74.30   77.00   76.55   111.09
06:19:14 74.41   77.00   76.66   111.54
06:20:17 74.41   77.00   76.33   111.65
06:21:20 74.41   77.11   76.66   112.10
06:22:27 74.53   77.11   76.78   112.55
06:23:31 74.53   77.11   76.66   112.78
06:24:41 74.53   77.11   76.89   113.11
06:25:44 74.64   77.22   77.11   113.34
06:26:48 74.75   77.34   76.78   113.45
06:27:51 74.64   77.22   76.66   113.56
06:28:54 74.75   77.34   77.11   113.34
06:30:05 74.75   77.34   76.89   112.78
06:31:08 74.86   77.45   76.78   111.99
06:32:11 74.86   77.45   77.11   112.89
06:33:15 74.86   77.56   77.00   114.69
06:34:18 74.86   77.56   77.00   115.36
06:35:21 74.97   77.68   77.22   115.36
06:36:25 74.97   77.68   77.11   114.58
06:37:28 75.09   77.68   77.22   113.79
06:38:31 75.09   77.68   77.00   112.78
06:39:35 75.09   77.79   77.22   111.88
06:40:38 75.20   77.90   77.11   111.99
06:41:41 75.31   78.01   77.00   112.10
06:42:45 75.20   78.13   77.00   111.54
06:43:48 75.31   78.13   77.45   110.75
06:44:52 75.31   78.24   77.11   109.96
06:46:02 75.43   78.24   77.34   109.29
06:47:05 75.31   78.24   77.34   108.50
06:48:09 75.43   78.24   77.22   107.71
06:49:12 75.43   78.35   77.45   107.04
06:50:15 75.43   78.35   77.45   106.48
06:51:19 75.43   78.35   77.22   105.91
06:52:22 75.43   78.35   77.34   105.24
06:53:25 75.43   78.35   77.45   104.68
06:54:29 75.54   78.35   77.34   104.11
06:55:32 75.54   78.46   77.22   103.55
06:56:35 75.54   78.46   77.34   102.99
06:57:39 75.54   78.46   77.11   102.54
06:58:42 75.54   78.46   77.34   101.98
06:59:45 75.65   78.46   77.22   101.53
07:00:49 75.65   78.46   77.11   101.08
07:01:52 75.65   78.46   77.45   100.63
07:02:55 75.65   78.58   77.22   100.18
07:03:59 75.65   78.58   77.90   99.84
07:05:02 75.65   78.58   77.56   99.39
07:06:05 75.65   78.46   77.45   99.05
07:07:09 75.76   78.58   77.45   98.71
07:08:12 75.76   78.58   77.68   98.26
07:09:15 75.65   78.58   77.56   97.81
07:10:19 75.76   78.58   77.34   97.48
07:11:29 75.76   78.58   77.34   97.03
07:12:33 75.76   78.69   77.68   96.69
07:13:36 75.76   78.69   77.68   96.24
07:14:39 75.76   78.69   77.56   96.01
07:15:43 75.88   78.69   77.45   95.56
07:16:46 75.88   78.69   77.56   95.34
07:17:49 75.88   78.80   77.68   95.11
07:18:53 75.76   78.80   77.79   94.78
07:19:56 75.88   78.80   77.56   94.55
07:20:59 75.88   78.80   77.79   94.33
07:22:03 75.88   78.80   77.90   93.99
07:23:06 75.88   78.80   77.79   93.76
07:24:09 75.88   78.80   77.90   93.43
07:25:13 75.88   78.80   77.79   93.09
07:26:16 75.88   78.80   77.79   92.97
07:27:19 75.99   78.80   77.79   92.75
07:28:23 75.99   78.80   78.01   92.64
07:29:30 75.88   78.80   78.01   92.30
07:30:33 75.99   78.80   77.90   92.08
07:31:36 75.99   78.91   78.13   91.96
07:32:40 75.88   78.91   78.01   91.74
07:33:50 75.99   78.91   78.01   91.51
07:34:53 75.99   78.91   78.13   91.40
07:36:00 75.99   78.91   78.01   91.18
07:37:04 75.99   78.91   77.90   91.18
07:38:07 75.99   78.91   78.01   90.95
07:39:10 75.99   63.05   77.90   90.72
07:40:14 75.88   61.36   77.90   90.61
07:41:17 75.65   59.79   77.90   90.39
07:42:20 75.54   58.44   77.68   90.16
07:43:24 75.31   57.88   77.90   89.94
07:44:27 75.20   57.65   77.79   89.60
07:45:30 74.97   65.86   77.68   89.49
07:46:34 75.09   68.68   77.68   89.38
07:47:37 75.09   70.59   77.90   89.15
07:48:40 75.20   72.28   77.90   89.15
07:49:44 75.20   73.40   77.79   89.04
07:50:47 75.20   74.53   77.56   88.70
07:51:54 75.31   75.65   77.34   88.59
07:52:57 75.31   76.66   77.56   88.47
07:54:01 75.43   77.68   77.68   88.36
07:55:04 75.43   78.13   77.56   88.36
07:56:07 75.43   78.35   77.45   88.25
07:57:11 75.54   78.46   77.45   88.14
07:58:14 75.54   78.58   77.68   88.14
07:59:17 75.65   78.58   77.56   88.03
08:00:21 75.76   78.69   77.90   88.03
08:01:24 75.65   78.69   78.01   87.91
08:02:27 75.76   78.80   78.13   87.80
08:03:31 75.88   78.80   78.13   87.69
08:04:34 75.88   78.80   78.01   87.69
08:05:37 75.88   78.80   78.01   87.58
08:06:41 75.99   78.80   77.90   87.46
08:07:44 75.88   78.91   78.13   87.46
08:08:47 75.99   78.91   78.24   87.46
08:09:51 75.88   67.44   78.01   87.35
08:10:54 75.88   61.14   77.90   87.24
08:11:57 75.76   59.00   77.90   87.24
08:13:01 75.54   58.44   77.90   87.01
08:14:04 75.43   57.99   77.90   86.79
08:15:07 75.20   57.65   77.90   86.56
08:16:11 75.09   57.42   77.79   86.56
08:17:14 74.97   64.74   77.68   86.45
08:18:17 74.97   68.34   78.01   86.45
08:19:21 75.09   69.35   77.79   86.45
08:20:24 75.20   70.93   77.79   86.22
08:21:27 75.20   72.39   77.79   86.22
08:22:31 75.31   73.63   77.79   86.11
08:23:34 75.31   74.86   77.56   86.11
08:24:45 75.31   76.21   77.56   86.11
08:25:48 75.43   77.45   77.56   86.11
08:26:51 75.54   78.01   77.79   86.00
08:27:55 75.54   78.35   77.68   86.00
08:28:58 75.54   78.46   77.56   85.89
08:30:01 75.65   78.58   77.68   85.78
08:31:05 75.65   78.58   77.90   85.78
08:32:08 75.76   78.69   77.79   85.78
08:33:11 75.76   64.51   77.90   85.78
08:34:15 75.65   60.35   77.79   85.78
08:35:18 75.54   58.78   77.68   85.55
08:36:25 75.31   58.10   77.56   85.33
08:37:28 75.20   57.76   77.56   85.21
08:38:32 75.09   57.54   77.79   85.10
08:39:35 74.97   57.42   77.79   84.99
08:40:38 74.86   57.42   77.68   84.99
08:41:42 74.75   67.33   77.68   84.99
08:42:45 74.86   68.45   77.79   84.99
08:43:48 74.97   69.46   77.68   84.99
08:44:52 75.09   71.04   77.68   85.10
08:45:55 75.20   72.28   77.68   85.10
08:46:58 75.20   73.40   77.56   85.10
08:48:02 75.20   74.53   77.56   84.99
08:49:05 75.31   75.54   77.56   84.99
08:50:08 75.31   76.89   77.56   84.99
08:51:12 75.43   77.79   77.68   84.88
08:52:15 75.43   78.13   77.45   84.76
08:53:18 75.54   78.13   77.79   84.88
08:54:22 75.54   63.05   77.68   84.76
08:55:25 75.43   59.23   77.68   84.76
08:56:28 75.31   58.33   77.34   84.54
08:57:32 75.20   58.10   77.34   84.43
08:58:35 75.09   57.76   77.45   84.43
08:59:38 74.97   57.54   77.56   84.31
09:00:42 74.86   57.42   77.79   84.09
09:01:45 74.86   63.39   77.68   84.09
09:02:48 74.75   67.78   77.56   84.20
09:03:52 74.97   68.79   77.45   84.31
09:04:55 74.97   69.80   77.45   84.20
09:05:59 74.97   71.38   77.56   84.20
09:07:02 75.09   72.84   77.56   84.20
09:08:12 75.20   74.19   77.34   84.20
09:09:16 75.20   75.65   77.34   84.31
09:10:19 75.31   76.89   77.45   84.31
09:11:22 75.31   77.79   77.45   84.20
09:12:26 75.43   78.13   77.68   84.20
09:13:29 75.43   78.35   77.79   84.31
09:14:32 75.54   78.35   77.79   84.20
09:15:36 75.54   78.46   77.68   84.20
09:16:39 75.65   78.58   77.79   84.20
09:17:42 75.65   78.58   77.68   84.20
09:18:46 75.76   78.69   77.56   84.31
09:19:49 75.65   78.69   77.79   84.31
09:20:52 75.76   78.80   77.79   84.43
09:21:56 75.88   78.80   77.79   84.43
09:22:59 75.88   78.91   78.01   84.31
09:24:02 75.88   78.91   78.13   84.20
09:25:06 75.88   78.91   77.79   84.20
09:26:09 75.99   78.91   77.79   84.20
09:27:12 75.88   79.03   77.90   84.31
09:28:16 75.99   79.03   78.01   84.31
09:29:19 75.99   79.03   77.79   84.20
09:30:22 76.10   79.03   77.90   84.09
09:31:26 76.10   79.03   78.01   84.20
09:32:29 76.10   79.03   77.79   83.97
09:33:32 76.21   79.14   78.01   84.09
09:34:36 76.21   79.14   78.01   84.09
09:35:39 76.21   79.14   78.35   84.09
09:36:43 76.21   79.14   78.01   84.20
09:37:46 76.21   79.14   78.13   84.20
09:38:49 76.21   79.14   78.01   84.20
09:39:53 76.33   79.25   78.24   84.20
09:40:56 76.33   79.14   78.13   84.31
09:41:59 76.33   79.14   78.01   84.31
09:43:03 76.33   79.25   78.13   84.31
09:44:06 76.33   79.25   78.13   84.31
09:45:09 76.44   79.25   78.24   84.31
09:46:13 76.44   79.25   78.35   84.31
09:47:23 76.44   79.36   78.13   84.31
09:48:26 76.44   79.25   78.35   84.31
09:49:30 76.44   79.36   78.46   84.31
09:50:33 76.44   79.36   78.35   84.31
09:51:36 76.44   79.36   78.24   84.43
09:52:40 76.55   79.36   78.58   84.43
09:53:43 76.55   79.36   78.35   84.54
09:54:46 76.55   79.36   78.69   84.43
09:55:50 76.55   79.36   78.46   84.54
09:56:53 76.55   79.47   78.35   84.43
09:57:56 76.66   79.47   78.46   84.43
09:59:00 76.66   79.47   78.46   84.54
10:00:03 76.66   79.59   78.58   84.43
10:01:06 76.66   79.47   78.46   84.43
10:02:10 76.66   79.59   78.46   84.43
10:03:17 76.66   79.59   78.46   84.43
10:04:20 76.66   79.47   78.46   84.43
10:05:23 76.66   79.59   78.35   84.54
10:06:27 76.66   79.47   78.35   84.65
10:07:30 76.78   79.47   78.46   84.65
10:08:37 76.78   79.59   78.58   84.65
10:09:40 76.66   79.59   78.35   84.65
10:10:44 76.78   69.58   78.35   84.65
10:11:50 76.66   61.59   78.46   84.65
10:12:54 76.55   59.90   78.35   84.54
10:13:57 76.44   59.23   78.35   84.43
10:15:00 76.21   58.78   78.24   84.31
10:16:04 76.10   58.55   78.35   84.20
10:17:07 75.88   63.73   78.35   84.20
10:18:11 75.88   68.90   78.46   84.20
10:19:14 75.99   70.14   78.69   84.20
10:20:17 75.99   72.28   78.80   84.31
10:21:24 76.21   74.08   78.80   84.31
10:22:27 76.10   75.54   78.80   84.31
10:23:31 76.10   77.11   79.03   84.31
10:24:34 76.21   78.35   78.80   84.31
10:25:37 76.21   78.91   78.91   84.09
10:26:41 76.33   79.14   79.03   84.20
10:27:48 76.44   79.36   79.25   84.20
10:28:51 76.55   79.36   79.36   84.20
10:29:54 76.55   79.47   79.36   84.31
10:30:58 76.55   79.47   79.36   84.31
10:32:01 76.66   79.59   79.59   84.31
10:33:04 76.66   79.59   79.36   84.31
10:34:11 76.78   79.70   79.59   84.31
10:35:15 76.78   79.70   79.47   84.31
10:36:18 76.78   79.70   79.47   84.31
10:37:21 76.78   78.69   79.47   84.31
10:38:25 76.78   63.95   79.93   84.31
10:39:28 76.66   60.69   79.70   84.31
10:40:31 76.55   59.67   79.59   84.31
10:41:35 76.55   59.23   79.36   84.31
10:42:38 76.33   59.00   79.47   84.20
10:43:41 76.21   58.66   79.59   84.20
10:44:45 76.10   58.55   79.47   84.20
10:45:48 75.99   61.70   79.47   84.09
10:46:51 75.99   68.56   79.36   84.09
10:47:55 76.10   69.69   79.36   84.09
10:48:58 76.21   70.93   79.25   84.09
10:50:01 76.10   72.39   79.36   84.20
10:51:05 76.21   73.74   79.47   84.09
10:52:08 76.21   74.86   79.36   84.09
10:53:11 76.21   76.21   79.36   83.97
10:54:15 76.33   77.56   79.70   83.86
10:55:18 76.44   78.69   79.25   83.86
10:56:21 76.55   79.14   79.36   83.86
10:57:25 76.55   79.36   79.36   83.86
10:58:28 76.66   68.22   79.36   83.86
10:59:31 76.66   61.25   79.36   83.86
11:00:35 76.55   59.67   79.14   83.86
11:01:38 76.44   59.34   79.47   83.86
11:02:42 76.33   59.00   79.25   83.97
11:03:45 76.10   58.78   79.59   83.75
11:04:48 75.99   58.44   79.47   83.86
11:05:52 75.99   58.44   79.14   83.75
11:06:55 75.88   58.10   79.25   83.86
11:07:58 75.76   62.94   79.36   83.86
11:09:02 75.88   68.34   79.14   83.75
11:10:05 75.99   69.46   79.25   83.75
11:11:08 76.10   70.14   79.14   83.86
11:12:12 76.10   71.26   79.14   83.75
11:13:15 76.21   72.72   79.14   83.75
11:14:18 76.21   73.74   79.14   83.75
11:15:22 76.33   74.86   79.03   83.64
11:16:28 76.44   76.33   79.70   83.64
11:17:32 76.44   67.66   79.25   83.64
11:18:35 76.33   61.03   79.03   83.64
11:19:39 76.33   59.67   79.14   83.64
11:20:42 76.21   59.34   79.25   83.64
11:21:45 76.10   59.00   78.91   83.75
11:22:49 76.10   58.78   79.14   83.64
11:23:52 75.99   58.55   79.36   83.64
11:24:55 75.88   58.33   79.25   83.53
11:25:59 75.76   58.33   79.47   83.41
11:27:02 75.88   57.99   79.25   83.41
11:28:05 75.76   57.65   79.14   83.30
11:29:09 75.76   57.54   78.91   83.41
11:30:12 75.65   57.42   79.14   83.30
11:31:15 75.65   64.63   78.80   83.19
11:32:19 75.65   67.89   79.03   83.08
11:33:22 75.76   68.90   79.14   83.08
11:34:25 75.99   69.46   79.14   83.08
11:35:29 76.10   70.36   79.03   83.30
11:36:32 76.10   71.26   79.03   83.19
11:37:35 76.10   72.50   78.91   83.30
11:38:39 76.21   66.20   79.25   83.30
11:39:42 76.21   61.25   79.14   83.19
11:40:45 75.99   59.45   79.14   83.30
11:41:49 75.99   59.11   79.36   83.30
11:42:52 75.88   58.78   79.25   83.19
11:43:55 75.88   58.33   79.25   83.08
11:44:59 75.76   58.10   79.14   83.08
11:46:02 75.76   57.76   78.91   82.96
11:47:05 75.65   57.54   79.25   82.96
11:48:09 75.76   57.31   79.14   82.96
11:49:12 75.65   56.53   79.25   82.96
11:50:16 75.54   56.86   78.91   82.96
11:51:19 75.65   56.64   78.91   82.96
11:52:22 75.54   56.75   78.58   82.96
11:53:26 75.54   56.75   78.80   82.85
11:54:29 75.43   56.41   79.03   82.74
11:55:32 75.54   56.64   78.69   82.63
11:56:39 75.54   56.08   78.69   82.63
11:57:42 75.43   56.19   78.58   82.63
11:58:46 75.43   55.96   78.46   82.51
11:59:49 75.54   55.96   78.69   82.51
12:00:52 75.43   55.74   78.80   82.51
12:01:56 75.43   55.74   78.58   82.51
12:02:59 75.43   55.85   78.35   82.51
12:04:02 75.43   55.85   78.58   82.51
12:05:06 75.43   55.74   78.69   82.40
12:06:09 75.43   55.63   78.69   82.40
12:07:13 75.31   55.51   78.35   82.29
12:08:16 75.31   56.41   78.46   82.18
12:09:19 75.31   65.64   78.58   82.29
12:10:23 75.54   66.31   78.46   82.18
12:11:26 75.54   67.10   78.46   82.18
12:12:29 75.65   67.66   78.69   82.29
12:13:33 75.65   68.34   78.58   82.29
12:14:36 75.76   62.94   78.69   82.18
12:15:39 75.76   59.00   78.46   82.18
12:16:43 75.54   58.33   78.80   82.18
12:17:46 75.43   57.99   78.35   82.29
12:18:49 75.43   57.76   78.46   82.18
12:19:53 75.31   57.42   78.24   82.18
12:20:56 75.43   57.20   78.58   82.18
12:21:59 75.31   56.86   78.35   82.06
12:23:03 75.31   56.41   78.46   81.95
12:24:06 75.31   56.19   78.58   81.95
12:25:09 75.31   56.08   78.58   81.95
12:26:13 75.20   55.74   78.58   81.95
12:27:16 75.20   55.63   78.24   81.95
12:28:19 75.20   55.51   78.24   81.95
12:29:23 75.09   55.40   78.35   81.84
12:30:26 75.20   55.29   78.24   84.99
12:31:29 75.09   55.29   78.24   90.50
12:32:33 75.20   55.17   78.35   90.61
12:33:36 75.20   55.29   79.03   90.16
12:34:39 75.09   55.06   78.58   89.60
12:35:43 75.09   55.17   78.46   89.26
12:36:46 75.09   55.06   78.35   88.70
12:37:49 75.09   54.84   78.13   88.25
12:38:53 75.09   54.84   77.90   87.91
12:39:56 74.97   54.73   77.79   87.46
12:41:00 74.97   54.61   77.90   87.13
12:42:03 74.97   54.73   77.90   86.90
12:43:06 74.97   54.84   77.68   86.56
12:44:10 74.97   54.61   77.90   86.34
12:45:13 74.86   54.73   77.45   86.00
12:46:16 74.86   54.61   77.68   85.89
12:47:20 74.86   54.61   77.79   85.55
12:48:23 74.86   54.50   77.56   85.44
12:49:26 74.75   54.61   77.34   85.21
12:50:30 74.86   54.50   77.68   84.99
12:51:33 74.75   54.50   77.79   84.76
12:52:36 74.75   54.50   77.45   84.65
12:53:40 74.75   54.39   77.34   84.54
12:54:43 74.75   54.28   77.34   84.54
12:55:46 74.75   54.50   77.45   84.31
12:56:50 74.75   54.50   77.45   84.31
12:57:53 74.64   54.28   77.68   84.20
12:58:56 74.64   54.50   77.45   83.97
13:00:00 74.75   54.50   77.34   83.75
13:01:03 74.64   54.39   77.56   83.75
13:02:06 74.64   54.39   77.34   83.64
13:03:10 74.64   54.50   77.22   83.53
13:04:13 74.64   54.39   77.11   83.41
13:05:16 74.64   54.28   77.22   83.30
13:06:20 74.64   54.39   77.34   83.19
13:07:23 74.64   54.39   77.45   83.19
13:08:26 74.64   54.28   77.56   82.96
13:09:30 74.64   54.28   77.45   82.96
13:10:33 74.64   54.28   77.56   82.74
13:11:36 74.64   54.28   77.11   82.74
13:12:40 74.64   54.28   77.34   82.51
13:13:43 74.53   54.28   77.22   82.51
13:14:47 74.53   54.28   77.45   82.40
13:15:50 74.64   54.28   77.45   82.29
13:16:53 74.53   54.16   77.22   82.18
13:17:57 74.53   54.28   77.45   82.06
13:19:00 74.53   54.28   77.34   82.18
13:20:03 74.53   54.16   77.34   82.06
13:21:10 74.53   54.05   77.34   81.84
13:22:13 74.53   54.16   77.11   81.84
13:23:17 74.53   54.05   77.22   81.95
13:24:24 74.41   54.16   77.34   81.84
13:25:27 74.41   54.05   77.22   81.84
13:26:30 74.53   54.05   77.22   81.72
13:27:34 74.53   54.16   77.22   81.84
13:28:37 74.41   54.16   77.11   81.84
13:29:40 74.41   53.94   77.00   81.84
13:30:44 74.41   53.71   77.34   81.72
13:31:47 74.41   53.94   77.11   81.61
13:32:50 74.41   54.05   77.22   81.50
13:33:54 74.41   53.83   77.22   81.50
13:34:57 74.41   53.94   77.34   81.39
13:36:00 74.41   53.83   77.68   81.39
13:37:04 74.41   53.94   77.68   81.28
13:38:07 74.41   53.94   77.68   81.28
13:39:10 74.41   53.94   77.68   81.28
13:40:14 74.41   54.05   77.22   81.28
13:41:17 74.41   53.94   77.22   81.16
13:42:20 74.41   53.94   77.22   81.16
13:43:24 74.41   53.94   77.11   81.28
13:44:27 74.53   53.83   77.22   81.16
13:45:34 74.41   53.83   77.45   81.05
13:46:37 74.41   53.60   77.45   80.94
13:47:41 74.41   53.83   77.34   80.83
13:48:44 74.30   53.94   77.11   80.83
13:49:47 74.30   53.71   77.34   80.83
13:50:51 74.41   53.83   77.34   80.71
13:51:54 74.30   53.71   77.22   80.71
13:52:57 74.41   53.83   77.68   80.60
13:54:01 74.30   53.71   77.34   80.60
13:55:04 74.30   53.71   77.34   80.49
13:56:07 74.41   53.83   77.22   80.71
13:57:11 74.41   53.71   77.34   80.71
13:58:14 74.30   53.71   77.11   80.60
13:59:18 74.41   53.71   77.11   80.49
14:00:21 74.41   53.71   77.34   80.49
14:01:24 74.30   53.71   77.34   80.60
14:02:28 74.30   53.83   77.34   80.49
14:03:31 74.30   53.71   77.22   80.38
14:04:34 74.30   53.71   77.34   80.38
14:05:38 74.19   53.71   77.34   80.49
14:06:41 74.19   53.71   77.34   80.49
14:07:44 74.19   53.83   77.00   80.49
14:08:48 74.30   53.71   77.68   80.60
14:09:51 74.30   63.05   77.68   80.60
14:10:54 74.30   64.40   77.34   80.49
14:11:58 74.53   65.41   77.68   80.60
14:13:01 74.53   65.86   77.45   80.60
14:14:04 74.75   66.43   77.45   80.60
14:15:08 74.86   67.21   77.22   80.60
14:16:11 74.86   65.53   77.56   80.60
14:17:14 74.86   58.66   77.68   80.60
14:18:18 74.86   56.98   77.68   80.49
14:19:21 74.75   56.53   77.34   80.49
14:20:24 74.75   56.30   77.45   80.60
14:21:28 74.53   55.96   77.56   80.60
14:22:31 74.53   55.40   77.56   80.60
14:23:41 74.41   55.40   77.45   80.38
14:24:45 74.53   55.17   77.45   80.38
14:25:48 74.41   55.06   77.22   80.15
14:26:51 74.41   54.84   77.34   80.26
14:27:55 74.41   54.73   77.22   80.38
14:28:58 74.41   54.73   77.34   80.38
14:30:02 74.41   54.50   77.34   80.38
14:31:05 74.41   54.39   77.11   80.38
14:32:08 74.30   54.05   77.45   80.38
14:33:12 74.30   54.05   77.56   80.38
14:34:15 74.30   54.05   77.45   80.38
14:35:18 74.30   64.63   77.56   80.15
14:36:22 74.41   65.08   77.34   80.26
14:37:25 74.53   65.86   77.56   80.26
14:38:28 74.64   66.43   77.56   80.26
14:39:32 74.75   67.10   77.45   80.38
14:40:35 74.75   67.78   77.90   80.38
14:41:38 74.97   68.56   77.68   80.26
14:42:42 74.97   63.28   77.68   80.49
14:43:45 75.09   58.33   77.34   80.49
14:44:48 74.86   57.20   77.56   80.49
14:45:52 74.86   56.86   77.45   80.49
14:46:55 74.75   56.41   77.45   80.38
14:47:58 74.64   56.08   77.68   80.38
14:49:02 74.75   55.85   78.01   80.38
14:50:05 74.64   55.51   78.01   80.26
14:51:08 74.64   55.51   77.56   80.26
14:52:12 74.64   55.29   77.45   80.15
14:53:15 74.64   54.95   77.45   80.15
14:54:18 74.53   55.06   77.79   80.15
14:55:22 74.53   54.84   77.79   80.15
14:56:25 74.64   65.53   77.90   80.15
14:57:28 74.64   65.86   77.68   80.26
14:58:32 74.86   66.76   77.68   80.15
14:59:35 74.97   67.66   77.56   80.26
15:00:38 75.09   68.45   77.68   80.26
15:01:42 75.09   69.13   77.45   80.26
15:02:45 75.20   70.14   77.68   80.26
15:03:48 75.09   65.19   77.90   80.26
15:04:55 75.09   59.23   77.68   80.15
15:05:59 74.97   57.76   77.90   80.26
15:07:02 74.97   57.31   78.01   80.38
15:08:05 74.86   56.64   77.90   80.38
15:09:09 74.86   56.19   77.90   80.38
15:10:12 74.75   56.19   77.79   80.38
15:11:15 74.75   55.85   77.79   80.38
15:12:19 74.75   55.63   77.68   80.38
15:13:22 74.75   55.51   77.56   80.38
15:14:25 74.75   55.17   77.90   80.38
15:15:29 74.75   55.17   77.68   80.38
15:16:32 74.64   55.06   77.56   80.49
15:17:35 74.53   54.95   77.79   80.26
15:18:39 74.53   54.73   77.68   80.26
15:19:42 74.64   54.84   77.79   80.38
15:20:45 74.53   54.73   77.79   80.26
15:21:49 74.53   54.39   77.90   80.26
15:22:52 74.53   54.50   77.56   80.26
15:23:55 74.41   54.50   77.45   80.26
15:24:59 74.53   54.39   77.45   80.26
15:26:02 74.53   54.39   77.68   80.26
15:27:06 74.53   54.50   77.68   80.15
15:28:09 74.64   54.39   77.56   80.15
15:29:12 74.64   54.39   77.79   80.38
15:30:16 74.53   54.28   77.68   80.38
15:31:19 74.41   54.16   77.68   80.49
15:32:22 74.53   54.28   77.56   80.38
15:33:26 74.53   54.28   77.45   82.51
15:34:29 74.53   54.39   77.45   85.33
15:35:32 74.41   54.28   77.45   85.55
15:36:36 74.53   54.28   77.34   85.33
15:37:39 74.53   54.28   77.45   85.10
15:38:42 74.53   54.16   77.22   84.76
15:39:46 74.53   54.28   77.34   84.54
15:40:49 74.53   54.16   77.56   84.31
15:41:52 74.41   54.05   77.34   84.20
15:42:56 74.53   54.28   77.00   84.09
15:43:59 74.41   54.16   77.45   83.86
15:45:02 74.30   54.16   77.56   83.64
15:46:06 74.41   54.05   77.11   83.41
15:47:09 74.41   54.16   77.56   83.30
15:48:12 74.30   54.16   77.56   83.19
15:49:16 74.41   54.05   77.45   82.96
15:50:23 74.41   54.16   77.56   82.96
15:51:26 74.41   54.05   77.56   82.85
15:52:29 74.30   54.05   77.68   82.63
15:53:33 74.19   54.28   77.45   82.63
15:54:36 74.30   54.05   77.22   82.51
15:55:39 74.30   54.05   77.00   82.40
15:56:43 74.30   54.05   77.34   82.29
15:57:46 74.30   54.28   77.34   82.18
15:58:49 74.30   54.05   77.22   82.06
15:59:53 74.30   54.39   77.45   82.06
16:00:56 74.19   54.28   77.79   81.95
16:01:59 74.30   54.28   77.11   81.84
16:03:03 74.19   54.16   77.11   81.72
16:04:06 74.19   54.28   77.11   81.72
16:05:09 74.19   54.05   77.34   81.72
16:06:13 74.08   54.05   77.56   81.72
16:07:16 74.08   54.05   77.45   81.61
16:08:19 74.19   54.28   77.34   81.50
16:09:23 74.19   54.05   77.22   81.28
16:10:26 74.19   54.05   77.34   81.28
16:11:37 74.19   53.94   77.45   81.16
16:12:40 74.19   54.05   77.34   81.28
16:13:47 74.19   53.94   77.00   81.16
16:14:50 74.08   54.05   77.11   80.94
16:15:53 74.08   53.94   77.11   81.05
16:16:57 74.19   53.71   77.22   81.05
16:18:00 74.08   54.05   77.22   80.83
16:19:03 74.19   53.94   77.68   80.83
16:20:10 74.19   54.05   77.56   80.94
16:21:14 74.08   53.94   77.34   80.83
16:22:17 74.19   54.05   78.01   80.60
16:23:20 74.19   53.94   77.34   80.60
16:24:24 74.08   53.94   77.34   80.60
16:25:27 74.08   53.71   77.11   80.60
16:26:30 74.08   53.83   77.11   80.49
16:27:34 74.08   53.83   76.89   80.49
16:28:37 74.08   53.94   77.00   80.49
16:29:40 74.08   54.05   76.89   95.22
16:30:44 74.08   53.94   77.22   103.21
16:31:47 74.08   53.94   77.00   102.76
16:32:50 74.08   54.05   77.00   100.96
16:33:54 74.08   53.83   77.00   99.39
16:34:57 73.96   53.83   76.66   97.92
16:36:00 74.08   53.83   76.89   96.69
16:37:04 74.08   53.94   76.89   103.55
16:38:07 74.08   53.94   77.11   105.13
16:39:11 74.08   54.05   76.89   104.56
16:40:14 74.19   53.94   76.78   106.14
16:41:17 74.19   53.71   77.11   106.93
16:42:21 74.30   54.16   76.89   105.69
16:43:27 74.19   53.83   76.78   104.11
16:44:31 74.08   53.94   76.66   102.65
16:45:34 74.19   54.05   76.78   101.30
16:46:37 74.08   53.94   76.78   100.06
16:47:41 74.19   53.94   76.89   98.71
16:48:44 74.19   54.05   76.78   97.81
16:49:47 74.19   53.94   76.55   96.80
16:50:51 74.08   54.16   76.78   95.90
16:51:54 74.19   54.05   76.66   95.22
16:52:58 74.19   53.83   76.55   94.66
16:54:01 74.19   54.05   76.78   93.99
16:55:04 74.30   54.05   77.11   93.43
16:56:08 74.41   54.16   76.78   92.97
16:57:14 74.41   54.16   76.89   92.30
16:58:18 74.30   54.28   77.11   91.85
16:59:21 74.30   54.16   77.00   91.40
17:00:24 74.30   54.16   77.00   90.95
17:01:28 74.30   54.16   77.00   90.50
17:02:31 74.30   54.16   77.34   90.16
17:03:35 74.41   54.16   77.34   89.71
17:04:38 74.41   54.05   77.00   89.38
17:05:41 74.41   54.05   77.11   89.04
17:06:45 74.41   54.05   76.78   88.70
17:07:48 74.41   53.94   76.66   88.36
17:08:51 74.53   54.05   76.78   88.14
17:09:55 74.41   54.05   76.89   87.91
17:10:58 74.41   54.05   76.89   97.48
17:12:01 74.41   53.94   77.22   103.66
17:13:05 74.30   54.05   77.34   102.88
17:14:08 74.41   54.05   76.78   101.41
17:15:11 74.53   54.16   76.89   100.06
17:16:15 74.64   54.16   76.78   98.60
17:17:18 74.53   54.28   76.78   97.36
17:18:21 74.64   54.16   77.11   96.35
17:19:25 74.64   54.16   77.11   95.45
17:20:28 74.75   54.50   77.00   94.66
17:21:31 74.86   54.50   77.00   93.88
17:22:35 74.97   54.61   77.68   93.31
17:23:45 74.86   54.73   77.22   92.64
17:24:48 74.97   54.84   77.11   92.08
17:25:52 74.86   54.84   76.89   91.63
17:26:55 75.09   54.95   76.89   91.18
17:27:58 74.97   54.95   77.11   90.72
17:29:02 74.97   55.06   77.11   90.39
17:30:09 74.97   55.06   77.11   89.83
17:31:12 74.97   55.17   76.78   89.49
17:32:15 75.09   55.29   76.89   89.15
17:33:19 75.09   55.29   76.89   88.93
17:34:22 74.97   55.17   76.66   88.59
17:35:25 75.09   55.06   77.56   88.36
17:36:29 75.31   55.17   77.22   87.91
17:37:32 75.20   55.17   76.89   87.69
17:38:35 75.20   55.06   77.11   87.46
17:39:39 75.09   55.06   77.00   87.24
17:40:42 75.09   55.06   77.11   87.01
17:41:45 75.09   54.84   77.00   86.68
17:42:49 75.09   54.84   77.11   86.45
17:43:52 75.09   54.84   77.11   86.22
17:44:55 75.09   54.84   76.89   86.00
17:45:59 74.97   54.73   77.22   85.78
17:47:02 75.09   54.84   77.11   85.66
17:48:06 74.97   54.61   77.11   85.33
17:49:09 74.97   54.61   77.11   85.21
17:50:12 74.97   54.61   77.00   84.99
17:51:16 75.09   54.61   77.11   84.76
17:52:19 75.09   54.61   76.89   87.13
17:53:22 75.09   54.50   76.89   101.19
17:54:26 75.09   54.50   76.78   103.55
17:55:29 75.09   54.50   76.66   105.58
17:56:32 75.09   54.50   77.00   106.48
17:57:36 75.09   54.50   76.89   105.24
17:58:39 75.20   54.50   76.89   103.66
17:59:42 75.20   54.39   77.00   102.09
18:00:46 75.20   54.61   76.89   100.63
18:01:49 75.09   54.61   77.00   99.39
18:02:52 75.09   54.61   77.11   98.15
18:03:56 74.97   54.61   77.00   97.14
18:04:59 75.09   54.50   77.22   96.35
18:06:02 75.09   54.50   77.11   95.34
18:07:06 75.09   54.50   77.00   94.66
18:08:09 75.09   54.28   76.78   94.10
18:09:12 75.09   54.39   76.89   93.54
18:10:16 75.09   54.39   77.22   93.20
18:11:19 75.09   54.28   77.00   92.53
18:12:22 75.09   54.28   77.34   91.96
18:13:26 74.97   54.28   77.11   91.51
18:14:29 74.97   54.28   77.11   91.06
18:15:32 74.86   54.16   77.22   90.61
18:16:36 74.86   54.39   77.22   90.16
18:17:39 74.97   54.28   77.00   89.83
18:18:42 75.09   54.16   77.22   89.38
18:19:46 74.97   54.16   77.22   99.28
18:20:49 74.97   54.16   76.78   102.54
18:21:53 74.86   54.05   77.22   101.53
18:22:56 74.97   54.05   77.00   99.95
18:23:59 74.97   54.16   77.11   98.60
18:25:03 75.09   54.05   77.34   97.36
18:26:06 75.09   54.16   77.11   96.13
18:27:13 74.97   54.16   77.34   95.34
18:28:16 74.86   54.05   77.45   94.44
18:29:19 74.97   53.94   77.11   93.76
18:30:23 74.97   53.94   77.22   93.09
18:31:26 74.97   53.83   77.22   92.53
18:32:29 74.97   53.94   77.45   92.08
18:33:33 74.86   53.83   77.22   91.51
18:34:36 74.86   53.94   77.34   90.95
18:35:40 74.75   53.94   77.22   90.61
18:36:43 74.86   53.83   77.00   90.16
18:37:46 74.86   53.83   77.00   89.71
18:38:50 74.86   53.94   77.22   89.38
18:39:53 74.86   53.83   77.00   89.04
18:40:56 74.75   53.71   76.78   88.59
18:42:00 74.75   53.60   77.00   88.25
18:43:03 74.75   53.94   77.22   88.03
18:44:06 74.75   53.71   77.00   87.80
18:45:10 74.86   53.71   76.89   87.35
18:46:13 74.86   53.83   77.00   87.13
18:47:16 74.75   53.71   77.11   86.90
18:48:20 74.75   53.71   76.89   86.56
18:49:23 74.64   53.60   77.11   86.34
18:50:33 74.64   53.60   76.66   86.22
18:51:37 74.64   53.60   77.00   86.00
18:52:40 74.64   53.60   76.89   85.78
18:53:43 74.64   53.60   76.78   85.55
18:54:47 74.64   53.49   76.89   85.33
18:55:50 74.64   53.38   77.11   85.10
18:56:53 74.53   53.38   77.00   84.88
18:57:57 74.64   53.49   77.22   84.65
18:59:00 74.64   53.49   77.11   84.43
19:00:03 74.64   53.49   77.00   84.31
19:01:07 74.64   53.49   77.22   84.09
19:02:10 74.53   53.38   77.22   83.86
19:03:13 74.53   53.38   77.11   83.75
19:04:17 74.53   53.38   77.11   83.53
19:05:20 74.53   53.26   76.78   83.41
19:06:24 74.53   53.38   77.00   83.19
19:07:27 74.41   53.26   77.22   83.08
19:08:30 74.41   53.26   77.11   82.85
19:09:34 74.41   53.26   77.00   82.85
19:10:37 74.53   53.49   77.00   82.74
19:11:40 74.41   53.15   77.00   82.51
19:12:44 74.53   53.26   77.00   97.70
19:13:47 74.53   53.26   76.89   100.29
19:14:50 74.53   53.26   76.78   99.16
19:15:54 74.41   53.26   76.89   97.81
19:17:01 74.53   53.26   77.00   96.46
19:18:04 74.41   53.26   76.66   95.00
19:19:07 74.41   53.26   76.89   93.88
19:20:11 74.41   53.15   76.78   92.97
19:21:14 74.41   53.15   76.89   92.19
19:22:17 74.30   53.04   76.55   91.51
19:23:21 74.30   53.04   77.00   90.95
19:24:24 74.30   53.04   76.78   90.28
19:25:31 74.30   52.92   76.66   89.71
19:26:34 74.30   53.04   76.78   89.26
19:27:37 74.30   53.04   76.78   88.93
19:28:41 74.30   53.04   77.11   88.47
19:29:44 74.30   53.04   77.11   88.03
19:30:47 74.19   53.04   76.33   87.80
19:31:51 74.19   52.92   76.66   87.58
19:32:54 74.19   53.04   76.66   87.24
19:33:58 74.19   52.92   76.33   86.90
19:35:01 74.19   52.92   76.44   86.68
19:36:04 74.30   52.92   76.66   86.45
19:37:08 74.19   52.81   76.44   86.22
19:38:11 74.19   52.92   76.89   85.89
19:39:21 74.19   52.81   76.55   85.66
19:40:25 74.19   52.92   76.78   85.33
19:41:28 74.19   52.92   76.44   85.10
19:42:31 74.08   52.92   76.44   84.88
19:43:35 74.19   52.81   76.55   84.65
19:44:38 74.08   52.81   76.10   84.65
19:45:41 74.08   52.92   76.44   84.43
19:46:45 73.96   52.70   76.33   84.20
19:47:48 74.19   52.70   76.21   83.97
19:48:51 74.19   52.81   76.33   83.75
19:49:55 74.19   52.81   76.44   83.64
19:50:58 74.08   52.81   76.33   83.53
19:52:01 74.08   52.81   76.10   83.30
19:53:08 74.08   52.70   76.21   83.19
19:54:12 73.96   52.70   76.66   82.96
19:55:15 73.96   52.70   76.55   82.85
19:56:18 73.96   52.81   76.10   82.51
19:57:22 73.96   52.70   76.55   82.51
19:58:25 73.96   52.70   76.10   82.29
19:59:28 73.96   52.70   76.44   82.29
20:00:32 73.96   52.70   76.10   82.18
20:01:35 73.85   52.59   76.10   81.95
20:02:38 73.85   52.59   76.33   81.84
20:03:42 73.85   52.70   76.55   81.72
20:04:45 73.85   52.59   76.10   81.61
20:05:48 73.85   52.59   76.10   81.50
20:06:52 73.85   52.59   75.99   81.50
20:07:55 73.85   52.59   76.10   81.39
20:08:58 73.96   52.59   76.44   81.39
20:10:02 73.85   52.48   76.10   81.16
20:11:05 73.85   52.48   76.21   81.28
20:12:08 73.85   52.48   76.10   81.16
20:13:15 73.74   52.48   76.21   81.05
20:14:19 73.85   52.48   76.21   80.94
20:15:22 73.85   52.36   76.21   80.71
20:16:25 73.74   52.36   75.76   80.71
20:17:29 73.85   52.48   76.21   80.71
20:18:32 73.74   52.36   76.10   80.71
20:19:35 73.63   52.36   76.33   80.60
20:20:39 73.74   52.36   76.21   80.49
20:21:42 73.74   52.36   76.21   80.38
20:22:49 73.74   52.36   76.21   80.26
20:23:52 73.63   52.36   76.44   80.26
20:24:56 73.63   52.36   76.21   80.26
20:25:59 73.74   52.36   76.10   80.26
20:27:02 73.74   52.48   76.10   80.26
20:28:06 73.74   52.36   75.99   80.15
20:29:09 73.63   52.36   76.33   80.15
20:30:12 73.63   52.25   76.33   80.04
20:31:16 73.63   52.25   76.55   80.04
20:32:19 73.74   52.25   76.10   79.93
20:33:22 73.74   52.25   76.21   79.93
20:34:26 73.63   52.25   75.54   79.93
20:35:29 73.51   52.36   75.76   79.81
20:36:32 73.63   52.25   76.10   79.70
20:37:36 73.63   52.25   76.21   79.47
20:38:39 73.63   52.25   76.10   93.54
20:39:42 73.74   52.25   76.10   97.81
20:40:46 73.74   52.25   76.10   97.03
20:41:49 73.85   52.25   75.99   95.45
20:42:53 73.63   52.14   75.88   93.88
20:43:56 73.63   52.14   76.21   92.53
20:44:59 73.63   52.14   76.10   91.51
20:46:03 73.63   52.25   75.88   90.61
20:47:06 73.63   52.25   75.88   89.94
20:48:09 73.51   52.14   75.88   89.26
20:49:13 73.51   52.14   76.10   88.70
20:50:16 73.51   52.03   75.99   88.03
20:51:19 73.51   52.03   76.21   87.69
20:52:23 73.51   52.03   75.88   87.24
20:53:26 73.51   52.14   75.88   86.90
20:54:29 73.51   52.14   75.88   86.45
20:55:33 73.51   52.14   76.10   86.11
20:56:36 73.51   52.03   75.88   85.78
20:57:39 73.40   51.91   75.99   85.55
20:58:43 73.74   51.91   76.10   85.44
20:59:46 73.74   52.03   75.88   85.10
21:00:49 73.74   52.03   75.76   84.76
21:01:56 73.63   52.03   75.99   84.43
21:03:00 73.63   52.03   75.88   84.20
21:04:03 73.51   51.91   75.99   83.97
21:05:06 73.40   51.91   76.21   83.75
21:06:10 73.40   52.03   76.21   83.64
21:07:13 73.51   52.03   76.44   83.30
21:08:16 73.51   51.91   75.88   83.19
21:09:20 73.40   51.80   76.21   82.96
21:10:23 73.40   51.91   76.21   82.74
21:11:26 73.40   51.91   76.44   82.40
21:12:30 73.51   51.69   76.78   82.29
21:13:33 73.40   51.80   76.44   82.18
21:14:36 73.51   51.91   75.99   81.95
21:15:40 73.40   51.91   76.21   81.84
21:16:43 73.40   51.69   76.33   81.84
21:17:46 73.29   51.80   76.21   81.61
21:18:50 73.40   51.69   76.21   81.50
21:19:53 73.29   51.69   76.21   81.39
21:20:56 73.29   51.69   75.88   81.28
21:22:00 73.29   51.69   76.21   81.28
21:23:03 73.29   51.69   75.99   81.16
21:24:06 73.29   51.69   76.33   81.05
21:25:10 73.29   51.58   76.10   81.05
21:26:13 73.29   51.58   76.21   80.94
21:27:17 73.29   51.69   76.10   80.83
21:28:20 73.40   51.58   76.10   80.71
21:29:23 73.29   51.69   76.33   80.49
21:30:27 73.29   51.58   76.21   80.38
21:31:30 73.18   51.58   75.88   80.38
21:32:33 73.18   51.58   75.88   80.38
21:33:37 73.06   51.58   75.88   80.26
21:34:40 73.18   51.58   75.99   80.04
21:35:43 73.29   51.58   76.55   79.93
21:36:47 73.18   51.46   76.66   79.70
21:37:50 73.18   51.46   76.21   79.81
21:38:53 73.18   51.46   76.66   79.81
21:39:57 73.18   51.46   76.33   79.70
21:41:00 73.06   51.46   76.33   79.59
21:42:03 73.06   51.46   76.10   79.59
21:43:07 73.18   51.35   76.10   79.59
21:44:10 73.06   51.35   76.21   79.47
21:45:13 73.06   51.35   75.99   79.47
21:46:17 73.06   51.35   75.76   79.36
21:47:20 73.06   51.24   75.99   79.36
21:48:23 73.18   51.35   75.99   79.36
21:49:27 73.06   51.35   75.88   79.36
21:50:30 73.06   51.24   75.88   79.14
21:51:33 73.06   51.35   75.88   79.03
21:52:37 73.06   51.24   75.88   79.03
21:53:40 72.95   51.35   75.88   79.03
21:54:43 73.06   51.13   76.10   79.03
21:55:47 73.06   51.35   75.99   79.03
21:56:50 73.06   51.24   75.99   78.91
21:57:53 73.06   51.24   75.76   78.91
21:58:57 73.06   51.24   75.88   78.80
22:00:00 72.95   51.13   76.10   78.80
22:01:03 72.95   51.24   75.76   78.80
22:02:07 72.95   51.13   76.10   78.91
22:03:10 72.84   51.01   75.76   78.91
22:04:14 72.84   51.01   75.76   78.91
22:05:17 72.72   51.01   75.65   78.69
22:06:20 72.72   51.01   75.88   78.69
22:07:24 72.72   51.01   75.99   78.69
22:08:27 72.72   51.01   76.21   78.69
22:09:30 72.72   50.90   76.10   78.58
22:10:34 72.84   50.90   75.76   78.69
22:11:37 72.72   50.90   75.99   78.69
22:12:40 72.61   50.90   75.54   78.80
22:13:44 72.72   50.90   75.88   78.69
22:14:47 72.72   50.90   75.76   78.58
22:15:50 72.72   50.79   75.31   78.46
22:16:54 72.72   50.79   75.76   78.46
22:17:57 72.72   50.79   75.65   78.46
22:19:00 72.61   50.90   75.54   78.46
22:20:04 72.61   50.79   75.76   78.46
22:21:07 72.61   50.79   75.43   78.46
22:22:10 72.61   50.79   75.76   78.35
22:23:14 72.61   50.67   75.43   78.35
22:24:17 72.61   50.79   75.31   78.46
22:25:20 72.50   50.79   75.43   78.46
22:26:24 72.50   50.79   75.31   78.46
22:27:27 72.61   50.79   75.43   78.46
22:28:30 72.50   50.67   75.43   78.24
22:29:34 72.50   50.67   75.65   78.13
22:30:37 72.50   50.56   75.43   78.13
22:31:40 72.50   50.56   75.09   78.01
22:32:44 72.39   50.67   75.09   78.01
22:33:47 72.50   50.67   75.09   78.13
22:34:51 72.39   50.67   75.20   78.13
22:35:54 72.50   50.45   75.43   78.01
22:36:57 72.39   50.45   75.20   78.01
22:38:01 72.39   50.45   75.09   77.90
22:39:04 72.39   50.45   75.43   77.90
22:40:07 72.50   50.56   75.54   77.90
22:41:11 72.39   50.56   75.20   77.90
22:42:14 72.39   50.56   75.09   77.79
22:43:17 72.39   50.45   75.20   77.90
22:44:21 72.39   50.45   75.09   77.90
22:45:24 72.39   50.56   75.20   78.01
22:46:27 72.50   50.45   75.09   77.90
22:47:31 72.39   50.45   75.31   77.90
22:48:34 72.39   50.45   75.43   77.79
22:49:37 72.39   50.45   75.20   77.68
22:50:41 72.28   50.45   74.86   77.68
22:51:44 72.28   50.45   75.09   77.79
22:52:47 72.39   50.45   75.09   77.90
22:53:51 72.28   50.34   75.20   78.01
22:54:54 72.39   50.34   74.97   94.89
22:55:57 72.50   50.45   75.31   99.73
22:57:01 72.50   50.34   75.09   98.71
22:58:04 72.50   50.34   74.86   97.14
22:59:07 72.39   50.34   74.97   95.45
23:00:11 72.39   50.34   74.86   93.99
23:01:14 72.28   50.34   74.86   92.75
23:02:17 72.16   50.34   75.09   91.63
23:03:21 72.28   50.34   74.75   90.72
23:04:24 72.28   50.34   75.43   89.94
23:05:28 72.16   50.34   75.20   89.26
23:06:31 72.28   50.34   74.97   88.70
23:07:34 72.16   50.34   74.86   88.14
23:08:38 72.28   50.34   74.86   87.58
23:09:41 72.28   50.34   74.86   87.01
23:10:44 72.28   50.34   74.86   93.43
23:11:48 72.39   50.34   74.53   102.43
23:12:51 72.50   50.45   74.53   104.11
23:13:54 72.28   50.34   74.86   103.55
23:15:05 72.28   50.23   74.97   102.09
23:16:08 72.16   50.23   75.31   100.51
23:17:15 72.16   50.23   75.43   99.16
23:18:18 72.05   50.11   75.43   97.81
23:19:22 72.05   50.23   74.86   100.74
23:20:25 72.05   50.23   75.43   102.99
23:21:32 72.05   50.23   74.97   102.65
23:22:35 72.05   50.23   74.53   104.56
23:23:38 72.05   50.11   74.75   105.01
23:24:42 72.05   50.23   74.86   105.01
23:25:45 71.94   50.11   74.75   104.79
23:26:48 71.94   50.11   74.86   104.90
23:27:52 71.94   50.23   74.53   104.45
23:28:55 72.05   50.23   74.41   103.78
23:29:59 71.94   50.23   74.53   103.21
23:31:02 72.05   50.11   74.64   102.43
23:32:05 72.05   50.23   74.30   101.86
23:33:09 72.16   50.23   74.41   102.99
23:34:12 71.94   50.11   74.64   103.78
23:35:15 71.94   50.11   74.41   104.56
23:36:19 71.83   50.00   74.41   104.34
23:37:22 71.83   50.11   74.53   103.89
23:38:25 71.83   50.00   74.53   103.33
23:39:29 71.83   50.11   74.41   102.65
23:40:32 71.83   50.11   74.41   101.98
23:41:35 71.94   50.11   74.53   101.30
23:42:39 71.83   50.11   74.53   100.63
23:43:42 71.83   50.11   74.53   99.95
23:44:45 71.83   50.23   74.19   99.16
23:45:49 71.83   50.11   73.85   98.38
23:46:52 71.71   50.11   73.96   97.59
23:47:55 71.71   50.11   74.19   96.91
23:48:59 71.60   50.11   74.08   96.24
23:50:02 71.71   50.00   74.08   95.68
23:51:05 71.71   50.00   73.74   95.11
23:52:09 71.60   50.00   74.08   94.55
23:53:12 71.60   50.00   74.08   94.10
23:54:15 71.49   49.89   73.63   93.54
23:55:19 71.49   49.89   74.08   93.09
23:56:26 71.49   49.89   73.96   92.64
23:57:29 71.49   49.89   73.96   92.19
23:58:36 71.49   49.89   73.85   91.63
23:59:39 71.49   49.89   73.96   91.18
