00:00:17 72.72   66.20   74.75   80.38
00:01:21 72.72   67.21   74.53   80.38
00:02:24 72.84   68.22   74.30   80.38
00:03:27 72.84   69.01   74.41   80.38
00:04:31 72.95   70.03   74.75   80.49
00:05:34 73.06   71.26   74.75   80.49
00:06:37 73.06   72.50   74.53   80.49
00:07:41 73.18   73.29   74.41   80.49
00:08:44 73.18   67.44   74.64   80.60
00:09:48 73.18   57.99   74.86   80.49
00:10:51 73.06   55.40   74.75   80.49
00:11:54 72.84   54.84   74.75   80.38
00:12:58 72.84   54.50   74.53   80.26
00:14:01 72.61   54.28   74.75   80.26
00:15:04 72.61   54.16   74.75   80.15
00:16:08 72.39   60.35   74.86   80.15
00:17:11 72.50   65.30   74.86   80.26
00:18:14 72.61   66.20   74.97   80.04
00:19:18 72.61   67.89   74.86   80.15
00:20:21 72.84   69.13   74.86   80.04
00:21:24 72.84   71.04   74.64   80.04
00:22:28 72.95   72.72   74.75   79.93
00:23:31 73.06   73.96   74.75   80.04
00:24:34 73.18   74.41   74.86   80.26
00:25:38 73.18   74.86   74.64   80.26
00:26:41 73.18   75.09   74.75   80.15
00:27:44 73.29   75.31   74.86   80.04
00:28:48 73.40   75.43   74.97   80.15
00:29:51 73.40   75.65   74.75   80.04
00:30:54 73.40   75.65   74.75   80.04
00:31:58 73.51   75.76   74.86   79.93
00:33:01 73.51   75.76   74.97   80.04
00:34:04 73.63   75.76   75.20   80.15
00:35:08 73.63   75.88   74.75   80.04
00:36:11 73.74   75.99   74.97   80.15
00:37:14 73.74   75.99   74.86   80.26
00:38:18 73.74   75.99   74.86   80.38
00:39:21 73.74   76.21   74.97   80.38
00:40:24 73.85   76.10   74.97   80.38
00:41:28 73.85   76.21   75.09   80.49
00:42:31 73.85   76.21   75.20   80.49
00:43:34 73.85   76.21   75.31   80.49
00:44:38 73.85   76.33   75.20   80.38
00:45:41 73.96   76.33   75.20   80.38
00:46:45 73.96   76.21   75.20   80.38
00:47:48 73.96   76.33   75.20   80.49
00:48:51 73.96   76.33   75.43   80.49
00:49:55 73.96   76.33   75.31   80.60
00:50:58 73.96   76.33   75.09   80.60
00:52:01 73.96   76.33   75.43   80.60
00:53:05 73.96   76.33   75.54   80.60
00:54:08 73.96   76.33   75.43   80.71
00:55:11 73.96   76.33   75.43   80.60
00:56:15 74.08   76.33   75.54   80.60
00:57:18 74.08   76.33   75.43   80.49
00:58:21 74.08   76.44   75.31   80.49
00:59:25 74.08   76.44   75.54   80.60
01:00:28 73.96   76.44   75.65   80.71
01:01:31 74.08   76.44   75.65   80.60
01:02:35 74.08   76.44   75.76   80.71
01:03:38 74.19   76.44   75.99   80.60
01:04:41 74.08   76.55   75.88   80.60
01:05:45 74.08   76.55   75.76   80.60
01:06:48 74.08   76.55   75.76   80.71
01:07:51 74.19   76.55   75.65   80.71
01:08:55 74.19   76.55   75.54   80.83
01:09:58 74.19   76.55   75.88   80.83
01:11:01 74.19   76.55   75.65   80.83
01:12:05 74.19   76.55   75.88   80.83
01:13:08 74.19   76.66   75.99   80.83
01:14:11 74.19   76.55   75.88   80.83
01:15:15 74.30   76.66   75.99   80.94
01:16:18 74.30   76.66   75.99   80.94
01:17:21 74.30   76.66   75.76   80.94
01:18:25 74.30   76.66   75.99   81.05
01:19:28 74.30   76.66   75.99   81.16
01:20:32 74.30   76.66   75.88   81.16
01:21:35 74.30   76.78   76.21   81.16
01:22:38 74.30   76.66   76.21   81.16
01:23:42 74.30   76.78   75.88   81.16
01:24:45 74.30   76.78   76.10   81.28
01:25:48 74.30   76.78   76.10   81.28
01:26:52 74.30   76.66   76.10   81.28
01:27:55 74.30   76.66   75.99   81.28
01:28:58 74.30   76.66   75.88   81.28
01:30:02 74.41   76.66   76.21   81.28
01:31:05 74.41   76.78   76.33   81.39
01:32:08 74.30   76.78   76.21   81.28
01:33:12 74.41   76.78   76.33   81.16
01:34:15 74.41   76.78   76.10   81.28
01:35:18 74.41   76.78   76.21   81.28
01:36:22 74.41   76.78   75.99   81.39
01:37:25 74.41   76.78   76.33   81.39
01:38:28 74.41   76.89   76.21   81.39
01:39:32 74.41   76.89   76.21   81.28
01:40:35 74.41   76.89   76.10   81.39
01:41:38 74.41   76.89   76.21   81.39
01:42:42 74.53   76.89   76.10   81.39
01:43:45 74.53   76.89   76.33   81.39
01:44:48 74.41   76.89   76.33   81.50
01:45:52 74.53   76.89   76.21   81.50
01:46:55 74.53   77.00   76.33   81.50
01:47:58 74.53   77.00   76.21   81.61
01:49:02 74.53   77.00   76.44   81.61
01:50:05 74.53   77.00   76.44   81.61
01:51:09 74.53   77.00   76.21   81.61
01:52:12 74.53   77.00   76.10   81.50
01:53:15 74.53   77.00   76.21   81.61
01:54:19 74.53   77.00   76.33   81.61
01:55:22 74.53   77.00   76.44   81.61
01:56:25 74.53   77.00   76.33   81.61
01:57:29 74.53   77.00   76.66   81.61
01:58:32 74.53   77.00   76.66   81.84
01:59:35 74.53   77.11   76.33   81.72
02:00:39 74.53   77.00   76.44   81.72
02:01:42 74.64   77.00   76.33   81.72
02:02:45 74.64   77.11   76.44   81.84
02:03:49 74.53   77.00   76.44   81.72
02:04:52 74.64   77.00   76.33   81.84
02:05:55 74.64   77.11   76.44   81.84
02:06:59 74.75   77.11   76.66   81.84
02:08:02 74.75   77.11   76.66   81.95
02:09:05 74.64   77.11   76.78   82.06
02:10:09 74.75   77.11   76.55   81.95
02:11:12 74.75   77.11   76.66   81.95
02:12:15 74.75   77.22   76.78   81.95
02:13:19 74.75   77.22   76.66   81.95
02:14:22 74.75   77.22   76.55   81.95
02:15:25 74.75   77.22   76.66   81.84
02:16:29 74.75   77.22   76.89   81.84
02:17:32 74.75   77.22   76.78   82.06
02:18:35 74.75   77.22   76.89   81.95
02:19:39 74.86   77.34   76.89   81.95
02:20:42 74.86   77.34   76.78   81.84
02:21:45 74.86   77.34   76.55   81.95
02:22:49 74.75   77.34   76.55   81.95
02:23:52 74.86   77.34   76.66   81.95
02:24:55 74.86   77.34   76.55   81.95
02:25:59 74.86   77.34   76.78   82.06
02:27:02 74.86   77.34   76.78   82.18
02:28:05 74.86   77.34   76.78   82.06
02:29:09 74.86   77.45   76.66   82.06
02:30:12 74.86   77.45   76.89   82.18
02:31:16 74.86   77.34   76.78   82.06
02:32:19 74.86   77.45   76.89   82.06
02:33:22 74.86   77.45   76.55   82.06
02:34:26 74.86   77.45   76.44   82.06
02:35:29 74.86   77.45   76.55   82.18
02:36:32 74.86   77.45   76.78   82.18
02:37:36 74.86   77.34   76.89   82.18
02:38:39 74.86   77.34   76.89   82.18
02:39:42 74.86   77.34   76.78   82.18
02:40:46 74.86   77.34   76.89   82.18
02:41:49 74.86   77.34   76.89   82.18
02:42:52 74.86   77.34   76.78   82.29
02:43:56 74.86   77.45   76.89   82.29
02:44:59 74.86   77.45   77.00   82.18
02:46:02 74.86   77.45   76.78   82.18
02:47:06 74.86   77.45   77.00   82.18
02:48:09 74.86   77.45   77.00   82.18
02:49:12 74.97   77.45   76.89   82.29
02:50:16 74.86   77.45   77.34   82.29
02:51:19 74.97   77.45   77.11   82.18
02:52:22 74.97   77.45   77.00   82.29
02:53:26 74.97   77.56   76.89   82.29
02:54:29 74.97   77.56   76.78   82.29
02:55:32 74.97   77.56   77.00   82.29
02:56:36 74.97   77.56   77.00   82.40
02:57:39 74.97   77.56   77.11   82.51
02:58:42 75.09   77.68   77.22   82.40
02:59:46 74.97   77.68   77.22   82.51
03:00:49 75.09   77.68   77.00   82.51
03:01:52 74.97   77.68   77.22   82.51
03:02:56 75.09   77.79   77.00   82.51
03:03:59 75.09   77.79   77.45   82.51
03:05:02 75.20   77.79   77.00   82.63
03:06:06 75.09   77.79   77.22   82.63
03:07:09 75.09   77.79   77.22   82.51
03:08:12 75.09   77.79   77.22   82.40
03:09:16 75.09   77.90   76.89   82.51
03:10:19 74.97   77.90   76.89   82.51
03:11:22 75.09   78.01   77.11   82.74
03:12:26 75.09   77.90   76.89   82.74
03:13:29 75.09   78.01   77.00   82.63
03:14:32 75.09   78.01   76.78   82.63
03:15:36 75.09   78.01   76.89   82.74
03:16:39 75.09   78.01   77.00   82.74
03:17:42 75.09   78.01   77.00   82.63
03:18:46 75.09   78.01   77.22   82.63
03:19:49 75.09   78.01   77.22   82.63
03:20:53 75.09   78.01   77.34   82.63
03:21:56 75.09   78.01   77.11   82.63
03:22:59 75.09   78.01   77.11   82.74
03:24:03 75.09   78.01   77.22   82.74
03:25:06 75.20   78.01   77.22   82.63
03:26:09 75.09   78.01   77.22   82.74
03:27:13 75.09   78.01   77.34   82.74
03:28:16 75.09   78.01   77.22   82.74
03:29:19 75.20   78.13   77.22   82.74
03:30:23 75.20   78.01   77.11   82.74
03:31:26 75.09   78.01   77.11   82.74
03:32:29 75.09   78.13   77.11   82.74
03:33:33 75.20   78.13   77.34   82.74
03:34:36 75.20   78.13   77.34   82.74
03:35:39 75.20   78.13   77.45   82.63
03:36:43 75.31   78.13   77.45   82.74
03:37:46 75.20   78.13   77.34   82.74
03:38:49 75.20   78.13   77.00   82.85
03:39:53 75.20   78.13   77.11   82.85
03:40:56 75.20   78.13   77.11   82.74
03:41:59 75.31   78.13   77.22   82.74
03:43:03 75.20   78.13   76.89   82.85
03:44:06 75.31   78.13   77.22   82.96
03:45:09 75.31   78.13   77.22   82.85
03:46:13 75.31   78.13   77.22   82.85
03:47:16 75.31   78.13   77.22   82.74
03:48:19 75.31   78.24   77.22   82.74
03:49:23 75.31   78.24   77.22   82.74
03:50:26 75.31   78.13   77.45   82.74
03:51:30 75.31   78.24   77.56   82.85
03:52:33 75.31   78.24   77.45   82.74
03:53:36 75.31   78.24   77.56   82.74
03:54:40 75.31   78.24   77.34   82.63
03:55:43 75.31   78.24   77.22   82.63
03:56:46 75.31   78.24   77.45   82.74
03:57:50 75.31   78.24   77.22   82.85
03:58:53 75.31   78.24   77.56   82.96
03:59:56 75.31   78.24   77.45   82.96
04:01:00 75.31   78.24   77.34   82.96
04:02:03 75.31   78.24   77.56   82.96
04:03:06 75.43   78.24   77.45   82.96
04:04:10 75.31   78.24   77.34   82.85
04:05:13 75.31   78.24   77.56   82.74
04:06:16 75.31   78.24   77.56   82.74
04:07:20 75.31   78.24   77.45   82.85
04:08:23 75.31   78.24   77.45   82.85
04:09:26 75.31   78.24   77.45   82.85
04:10:30 75.43   78.24   77.56   82.85
04:11:33 75.31   78.24   77.34   82.85
04:12:36 75.43   78.35   77.34   82.85
04:13:40 75.43   78.24   77.45   82.85
04:14:43 75.31   78.35   77.22   82.85
04:15:46 75.43   78.24   77.45   82.85
04:16:50 75.43   78.24   77.22   82.96
04:17:53 75.43   78.35   77.45   82.85
04:18:56 75.43   78.35   77.34   82.85
04:20:00 75.43   78.35   77.68   82.85
04:21:03 75.43   78.35   77.45   82.85
04:22:06 75.43   78.35   77.34   82.74
04:23:10 75.43   78.35   77.45   82.74
04:24:13 75.43   78.35   77.68   82.85
04:25:17 75.43   78.35   77.68   82.96
04:26:20 75.43   78.35   77.68   82.96
04:27:23 75.43   78.35   77.68   82.96
04:28:27 75.43   78.35   77.68   82.96
04:29:30 75.54   78.35   77.45   82.96
04:30:33 75.43   78.35   77.56   83.08
04:31:37 75.43   78.35   77.45   83.08
04:32:40 75.43   78.35   77.56   83.08
04:33:43 75.43   78.35   77.56   83.19
04:34:47 75.43   78.35   77.45   83.08
04:35:50 75.43   78.35   77.68   83.08
04:36:53 75.43   78.35   77.56   83.19
04:37:57 75.43   78.35   77.79   83.19
04:39:00 75.43   78.35   77.79   83.19
04:40:03 75.43   78.46   77.90   83.19
04:41:07 75.43   67.21   77.90   83.08
04:42:10 75.31   62.26   78.01   83.08
04:43:13 75.09   60.91   77.90   83.08
04:44:17 74.97   58.66   77.68   82.96
04:45:20 74.86   57.54   77.34   82.85
04:46:23 74.64   57.20   77.34   82.74
04:47:27 74.64   67.21   77.68   82.74
04:48:30 74.64   69.01   77.79   82.74
04:49:33 74.64   71.60   78.01   101.41
04:50:37 74.75   72.84   77.56   106.14
04:51:40 74.86   73.63   77.45   107.38
04:52:43 74.86   74.53   77.45   107.71
04:53:47 74.86   75.65   77.34   107.94
04:54:50 74.86   76.66   77.56   108.16
04:55:53 75.09   77.45   77.45   108.16
04:56:57 75.09   77.79   77.68   109.40
04:58:00 75.09   78.01   77.45   110.30
04:59:03 75.20   78.01   77.56   110.86
05:00:07 75.31   78.13   77.90   111.31
05:01:10 75.31   78.24   77.68   111.31
05:02:14 75.31   78.24   77.56   110.75
05:03:17 75.43   78.35   77.68   109.96
05:04:20 75.43   78.35   77.56   109.18
05:05:24 75.54   78.35   77.68   108.39
05:06:27 75.65   78.46   77.56   107.71
05:07:30 75.54   78.46   77.68   107.15
05:08:34 75.54   78.46   77.79   106.48
05:09:37 75.54   78.46   77.68   105.69
05:10:40 75.54   78.46   77.90   105.01
05:11:44 75.54   78.46   77.90   104.34
05:12:47 75.65   78.46   77.68   103.66
05:13:50 75.65   78.46   77.79   103.21
05:14:54 75.65   78.46   77.56   102.54
05:15:57 75.65   78.46   77.90   101.98
05:17:00 75.65   78.46   78.24   101.53
05:18:04 75.65   64.96   78.01   101.08
05:19:07 75.54   61.14   77.79   100.63
05:20:10 75.31   59.00   77.90   102.31
05:21:14 75.20   57.88   77.56   102.76
05:22:17 75.09   57.42   77.56   102.31
05:23:20 74.86   57.20   77.79   101.64
05:24:24 74.75   63.50   77.56   100.96
05:25:27 74.75   67.89   77.68   100.40
05:26:30 74.75   69.24   78.01   99.84
05:27:34 74.86   71.26   77.68   99.39
05:28:37 74.86   72.50   77.45   98.94
05:29:40 74.86   73.63   77.34   98.49
05:30:44 74.86   74.64   77.79   97.92
05:31:47 74.97   76.10   77.68   97.59
05:32:51 75.09   77.11   77.79   97.25
05:33:54 75.09   77.56   77.79   96.91
05:34:57 75.09   77.90   77.68   96.58
05:36:01 75.31   78.01   78.01   96.24
05:37:04 75.31   78.13   77.45   95.90
05:38:07 75.43   78.13   77.56   95.56
05:39:11 75.43   78.24   77.90   95.22
05:40:14 75.43   78.24   77.79   94.78
05:41:17 75.54   78.24   77.90   94.55
05:42:21 75.54   78.35   77.90   94.21
05:43:24 75.54   70.81   77.68   93.88
05:44:27 75.54   61.92   77.56   93.65
05:45:31 75.31   58.89   77.68   93.20
05:46:34 75.20   58.21   77.45   92.86
05:47:37 74.97   57.76   77.56   92.41
05:48:41 74.86   57.20   77.56   92.19
05:49:44 74.64   56.86   77.45   91.85
05:50:47 74.64   65.53   77.56   107.38
05:51:51 74.64   68.00   77.79   110.75
05:52:54 74.64   69.24   77.68   111.20
05:53:57 74.75   71.04   77.79   111.09
05:55:01 74.75   72.28   77.68   110.86
05:56:04 74.86   73.29   77.56   110.98
05:57:07 74.86   74.53   77.45   111.31
05:58:11 74.97   75.54   77.68   111.76
05:59:14 75.09   76.66   77.34   112.10
06:00:17 75.09   77.45   77.56   112.33
06:01:21 75.09   77.79   77.79   112.55
06:02:24 75.20   78.01   77.45   112.10
06:03:28 75.31   78.13   77.68   111.54
06:04:31 75.43   75.65   77.56   110.86
06:05:34 75.43   62.94   77.68   112.78
06:06:38 75.31   59.67   77.56   114.24
06:07:41 75.20   58.55   77.56   114.01
06:08:44 75.09   57.88   77.34   114.80
06:09:48 74.86   57.42   77.68   114.35
06:10:51 74.86   57.20   77.45   113.56
06:11:54 74.75   56.98   77.34   112.55
06:12:58 74.64   64.06   77.56   111.65
06:14:01 74.75   67.89   77.68   110.86
06:15:04 74.86   69.01   77.79   109.85
06:16:08 74.97   70.59   77.56   109.06
06:17:11 75.09   72.05   77.34   108.16
06:18:14 75.09   72.84   77.45   107.38
06:19:18 75.09   73.85   77.34   106.59
06:20:21 75.20   74.86   77.45   105.91
06:21:24 75.20   75.65   77.56   105.35
06:22:28 75.31   76.55   77.56   104.79
06:23:31 75.31   77.45   77.34   104.34
06:24:34 75.43   74.41   77.45   103.78
06:25:38 75.54   63.05   77.79   103.21
06:26:41 75.43   60.35   77.34   102.43
06:27:44 75.20   58.78   77.56   101.98
06:28:48 75.09   58.21   77.56   101.30
06:29:51 74.97   57.88   77.56   100.74
06:30:54 74.86   57.54   77.56   100.18
06:31:58 74.86   57.31   77.22   99.61
06:33:01 74.75   57.09   77.00   99.16
06:34:04 74.64   56.98   77.22   98.71
06:35:08 74.64   63.39   76.89   98.26
06:36:11 74.75   67.44   77.11   99.61
06:37:15 74.86   68.68   77.22   101.30
06:38:18 74.86   69.58   77.11   101.41
06:39:21 74.97   70.25   77.11   100.85
06:40:25 75.09   71.04   77.34   100.18
06:41:28 74.97   71.94   77.34   99.61
06:42:31 74.97   72.39   77.34   99.05
06:43:35 75.20   73.06   77.11   98.60
06:44:38 75.20   72.50   77.34   98.04
06:45:41 75.20   62.26   77.22   97.70
06:46:45 75.20   59.11   77.00   97.25
06:47:48 74.97   58.21   77.00   96.80
06:48:51 74.86   57.76   77.11   96.24
06:49:55 74.75   57.42   77.11   95.79
06:50:58 74.64   57.09   77.11   95.45
06:52:01 74.53   56.86   76.78   95.00
06:53:05 74.41   56.64   76.78   94.55
06:54:08 74.41   56.30   76.78   94.10
06:55:11 74.41   56.30   77.11   93.88
06:56:15 74.30   56.41   77.11   93.43
06:57:18 74.19   56.64   77.22   93.09
06:58:21 74.30   66.09   77.00   92.75
06:59:25 74.41   67.55   77.22   92.30
07:00:28 74.53   68.34   77.00   92.19
07:01:31 74.53   69.24   77.00   91.85
07:02:35 74.64   69.91   76.78   91.63
07:03:38 74.64   70.70   76.66   91.40
07:04:41 74.86   71.60   76.89   91.18
07:05:45 74.75   68.79   76.89   90.95
07:06:48 74.86   62.60   77.00   90.61
07:07:51 74.86   59.56   77.22   108.28
07:08:55 74.75   57.99   76.78   111.31
07:09:58 74.53   57.42   77.11   111.20
07:11:02 74.53   57.31   76.78   110.75
07:12:05 74.41   56.86   76.55   109.96
07:13:08 74.41   56.75   76.78   108.95
07:14:12 74.30   56.53   76.44   108.05
07:15:15 74.30   56.30   76.78   107.15
07:16:18 74.19   56.30   76.55   106.25
07:17:22 74.19   56.19   76.66   105.35
07:18:25 74.19   56.19   77.00   104.45
07:19:28 74.08   56.30   76.89   103.78
07:20:32 74.08   56.19   76.66   102.99
07:21:35 74.08   65.97   76.78   102.31
07:22:38 74.30   67.33   76.66   101.53
07:23:42 74.41   68.00   76.66   100.96
07:24:45 74.53   68.56   76.44   100.40
07:25:48 74.64   69.46   76.44   99.84
07:26:52 74.64   70.14   76.55   99.39
07:27:55 74.75   65.64   76.66   99.05
07:28:58 74.75   61.59   77.00   98.71
07:30:02 74.64   58.21   76.55   98.15
07:31:05 74.53   57.42   76.55   97.59
07:32:08 74.41   66.20   76.55   97.14
07:33:12 74.53   68.68   76.66   96.80
07:34:15 74.64   70.59   76.66   96.46
07:35:18 74.64   72.05   76.33   96.13
07:36:22 74.75   72.72   76.44   95.56
07:37:25 74.86   73.29   76.78   95.11
07:38:28 74.86   73.85   76.89   94.78
07:39:32 74.97   74.64   76.66   94.33
07:40:35 74.97   75.31   76.66   94.10
07:41:38 75.09   75.76   76.89   93.76
07:42:42 75.20   76.33   76.66   93.54
07:43:45 75.20   76.66   76.89   93.20
07:44:49 75.31   77.00   76.89   92.86
07:45:52 75.43   77.34   77.11   92.64
07:46:55 75.43   77.56   77.11   92.53
07:47:59 75.54   77.56   77.00   92.19
07:49:02 75.54   77.56   77.00   91.96
07:50:05 75.65   77.68   77.11   91.63
07:51:09 75.65   64.74   77.11   91.51
07:52:12 75.54   60.69   77.00   91.18
07:53:15 75.43   58.78   76.89   90.84
07:54:19 75.20   58.10   76.78   90.61
07:55:22 75.09   57.88   77.11   90.28
07:56:25 74.97   57.42   76.78   90.05
07:57:29 74.86   57.20   76.78   89.71
07:58:32 74.75   59.11   76.66   89.49
07:59:35 74.75   67.44   76.66   89.26
08:00:39 74.86   68.56   76.66   89.15
08:01:42 74.86   70.14   76.66   88.93
08:02:45 74.97   71.60   76.66   88.81
08:03:49 74.97   72.28   77.11   88.59
08:04:52 74.97   73.06   76.66   88.47
08:05:55 75.09   73.63   76.78   88.14
08:06:59 75.20   74.41   76.78   88.03
08:08:02 75.20   75.65   76.89   87.91
08:09:05 75.20   76.55   77.00   87.80
08:10:09 75.31   77.11   76.89   87.69
08:11:12 75.43   77.45   76.89   87.58
08:12:15 75.54   77.68   76.78   87.46
08:13:19 75.54   77.79   76.78   87.46
08:14:22 75.54   77.79   76.78   87.35
08:15:25 75.65   77.22   77.11   87.13
08:16:29 75.65   62.15   77.11   87.13
08:17:32 75.54   59.00   77.00   87.01
08:18:36 75.31   58.10   77.00   86.79
08:19:39 75.20   57.76   77.11   86.56
08:20:42 75.09   57.65   77.00   86.34
08:21:46 74.97   57.42   76.66   86.34
08:22:49 74.86   57.20   76.66   86.11
08:23:52 74.75   60.46   76.55   86.00
08:24:56 74.75   67.44   76.66   85.78
08:25:59 74.86   68.56   76.55   85.78
08:27:02 74.86   69.80   76.89   85.55
08:28:06 74.86   71.04   76.78   85.44
08:29:09 74.97   72.05   76.89   85.44
08:30:12 74.97   72.39   76.89   85.44
08:31:16 75.09   72.95   77.00   85.21
08:32:19 75.09   74.08   77.00   85.21
08:33:22 75.09   75.43   76.78   85.21
08:34:26 75.20   76.44   76.66   85.21
08:35:29 75.20   77.11   76.78   85.10
08:36:32 75.31   77.45   76.89   85.10
08:37:36 75.43   77.56   76.89   84.99
08:38:39 75.43   77.79   77.11   84.88
08:39:42 75.54   77.79   77.11   84.88
08:40:46 75.54   77.90   77.22   84.76
08:41:49 75.54   66.54   77.11   84.76
08:42:52 75.54   59.90   77.00   84.65
08:43:56 75.43   57.99   76.78   84.65
08:44:59 75.31   57.42   76.89   84.54
08:46:02 75.09   57.42   77.00   84.43
08:47:06 75.09   57.42   77.00   84.31
08:48:09 74.97   57.31   76.66   84.20
08:49:13 74.86   57.09   76.55   84.09
08:50:16 74.86   65.75   76.78   83.97
08:51:19 74.86   68.11   76.78   83.97
08:52:23 74.97   68.90   76.78   83.86
08:53:26 74.86   70.03   76.66   83.75
08:54:29 74.97   71.26   76.66   83.75
08:55:33 75.09   72.16   76.66   83.64
08:56:36 75.09   72.84   77.00   83.64
08:57:39 75.09   73.51   76.89   83.75
08:58:43 75.20   74.75   76.78   83.75
08:59:46 75.31   75.99   76.78   83.75
09:00:49 75.31   76.89   77.00   83.75
09:01:53 75.43   77.45   77.22   83.75
09:02:56 75.43   77.68   77.11   83.75
09:03:59 75.54   77.79   76.78   83.75
09:05:03 75.65   77.90   77.22   83.64
09:06:06 75.65   78.01   77.22   83.64
09:07:09 75.65   77.68   77.11   83.75
09:08:13 75.65   62.83   77.11   83.64
09:09:16 75.54   59.45   77.00   100.63
09:10:19 75.54   58.33   77.22   105.80
09:11:23 75.31   57.99   76.89   105.91
09:12:26 75.20   57.99   77.22   105.01
09:13:29 75.09   57.65   76.66   104.00
09:14:33 74.97   57.42   76.55   102.88
09:15:36 74.97   65.86   76.55   101.86
09:16:39 75.09   68.34   76.44   100.96
09:17:43 75.09   69.35   76.78   100.06
09:18:46 75.20   70.81   76.78   99.39
09:19:49 75.20   72.05   76.78   98.49
09:20:53 75.31   72.95   76.66   97.81
09:21:56 75.31   73.51   76.78   97.25
09:22:59 75.43   74.41   76.89   96.46
09:24:03 75.43   75.65   77.00   95.90
09:25:06 75.54   76.78   76.89   95.56
09:26:10 75.65   77.45   76.89   95.11
09:27:13 75.65   77.79   77.34   94.66
09:28:16 75.76   78.01   77.34   94.21
09:29:20 75.76   77.56   77.22   93.76
09:30:23 75.88   62.83   77.11   93.43
09:31:26 75.65   59.56   77.00   92.86
09:32:30 75.54   58.10   77.00   92.53
09:33:33 75.43   57.99   76.89   92.19
09:34:36 75.31   57.88   76.78   91.85
09:35:40 75.09   57.65   77.00   91.29
09:36:43 75.09   57.54   76.78   90.95
09:37:46 74.97   57.31   76.55   90.72
09:38:50 74.86   65.53   76.55   90.39
09:39:53 74.97   68.11   76.78   90.16
09:40:56 75.09   69.01   76.78   89.94
09:42:00 75.09   70.14   76.66   89.83
09:43:03 75.20   71.26   76.55   89.49
09:44:06 75.20   72.28   77.11   89.38
09:45:10 75.31   73.06   76.89   89.15
09:46:13 75.31   73.51   76.89   88.81
09:47:16 75.43   74.41   77.00   88.59
09:48:20 75.43   75.54   77.00   88.36
09:49:23 75.54   76.55   76.78   88.25
09:50:26 75.54   76.33   76.89   88.03
09:51:30 75.54   62.38   77.11   87.91
09:52:33 75.43   59.23   76.78   87.80
09:53:36 75.31   58.33   76.66   87.58
09:54:40 75.31   58.10   76.55   87.35
09:55:43 75.09   57.76   76.66   87.13
09:56:46 75.09   57.65   76.78   86.90
09:57:50 74.97   57.54   76.78   86.56
09:58:53 74.86   57.42   76.66   86.45
09:59:57 74.86   64.51   76.66   86.34
10:01:00 74.86   67.89   76.44   86.22
10:02:03 74.97   68.79   76.44   86.11
10:03:07 75.09   69.80   76.55   86.00
10:04:10 75.09   70.93   76.66   85.89
10:05:13 75.20   71.94   76.66   85.78
10:06:17 75.20   72.72   76.89   85.66
10:07:20 75.43   73.51   76.66   85.44
10:08:23 75.43   74.08   76.55   85.44
10:09:27 75.54   75.20   76.89   85.33
10:10:30 75.54   65.97   76.78   85.33
10:11:33 75.54   59.90   77.00   85.10
10:12:37 75.31   58.78   76.55   84.99
10:13:40 75.20   58.10   76.55   84.88
10:14:43 75.09   57.88   76.44   84.76
10:15:47 75.09   57.99   76.44   84.54
10:16:50 74.97   57.65   76.66   84.43
10:17:53 74.97   57.54   76.55   84.31
10:18:57 74.86   57.31   76.33   84.31
10:20:00 74.86   62.26   76.44   84.20
10:21:03 74.86   67.55   76.21   84.09
10:22:07 74.97   68.56   76.33   83.97
10:23:10 75.09   69.35   76.44   83.86
10:24:13 75.20   70.36   76.33   83.75
10:25:17 75.31   71.26   76.78   83.75
10:26:20 75.43   72.28   76.89   83.75
10:27:23 75.31   73.06   76.78   83.64
10:28:27 75.43   72.50   76.66   83.53
10:29:30 75.43   62.71   76.66   83.53
10:30:33 75.43   59.79   76.44   83.41
10:31:37 75.20   58.44   76.33   83.30
10:32:40 75.20   58.21   76.10   83.30
10:33:43 75.20   57.76   76.10   83.19
10:34:47 75.09   57.65   76.33   83.19
10:35:50 74.97   57.65   76.55   83.19
10:36:54 74.97   57.31   76.44   83.08
10:37:57 74.97   57.09   76.44   83.08
10:39:00 74.86   56.98   76.33   82.96
10:40:04 74.86   64.29   76.10   82.85
10:41:07 74.86   67.66   76.33   82.85
10:42:10 74.97   68.56   76.33   82.85
10:43:14 75.09   69.01   76.44   82.74
10:44:17 75.20   69.58   76.10   82.63
10:45:20 75.20   70.59   76.33   82.63
10:46:24 75.31   71.26   76.55   82.51
10:47:27 75.43   72.16   76.66   82.51
10:48:30 75.43   66.54   76.44   82.51
10:49:34 75.43   61.25   76.66   82.51
10:50:37 75.31   58.89   76.33   82.40
10:51:40 75.31   58.33   76.21   82.29
10:52:44 75.20   58.21   76.10   82.18
10:53:47 75.09   57.99   75.99   82.06
10:54:50 74.97   57.65   76.44   82.18
10:55:54 74.97   57.42   76.66   82.18
10:56:57 74.97   57.31   76.55   82.18
10:58:00 74.86   57.20   76.55   82.18
10:59:04 74.75   57.09   76.33   82.06
11:00:07 74.75   56.86   76.44   81.95
11:01:10 74.86   66.54   76.10   81.84
11:02:14 74.86   68.11   76.44   81.84
11:03:17 74.97   68.79   76.44   81.84
11:04:20 75.09   69.46   76.44   81.95
11:05:24 75.20   70.14   76.55   82.06
11:06:27 75.20   71.15   76.55   81.95
11:07:30 75.31   71.71   76.33   82.06
11:08:34 75.31   69.91   76.10   82.06
11:09:37 75.31   62.49   76.55   81.84
11:10:41 75.31   59.45   76.10   81.72
11:11:44 75.20   58.66   76.10   81.72
11:12:47 75.09   58.33   76.10   81.72
11:13:51 74.97   57.99   76.10   81.72
11:14:54 74.97   57.76   75.99   81.72
11:15:57 74.97   57.76   76.66   81.61
11:17:01 74.97   57.54   75.76   81.61
11:18:04 74.86   57.20   75.88   81.61
11:19:07 74.75   56.98   75.99   81.50
11:20:11 74.86   56.75   76.10   81.39
11:21:14 74.75   66.43   75.99   81.28
11:22:17 74.86   68.00   76.33   81.28
11:23:21 74.97   68.79   76.33   81.16
11:24:24 75.09   69.35   76.33   81.16
11:25:27 75.09   70.14   76.33   81.16
11:26:31 75.20   71.15   76.55   81.28
11:27:34 75.20   68.22   76.44   81.39
11:28:37 75.20   62.04   76.44   81.39
11:29:41 75.09   59.00   76.10   81.28
11:30:44 74.97   58.33   76.21   81.39
11:31:47 74.97   57.88   75.99   81.28
11:32:51 74.86   57.65   75.99   81.16
11:33:54 74.86   57.31   75.88   81.16
11:34:57 74.75   57.31   75.99   81.28
11:36:01 74.75   56.98   75.88   81.28
11:37:04 74.64   56.86   75.99   81.16
11:38:07 74.75   56.98   76.10   81.16
11:39:11 74.86   56.64   75.99   81.05
11:40:14 74.75   56.75   75.99   81.05
11:41:17 74.75   56.53   75.76   80.94
11:42:21 74.64   65.75   75.88   80.94
11:43:24 74.75   67.55   75.99   81.05
11:44:28 74.86   68.34   76.44   81.05
11:45:31 74.97   68.90   76.21   81.05
11:46:34 74.97   69.58   75.99   81.16
11:47:38 75.09   70.25   76.21   81.05
11:48:41 75.09   71.15   76.21   81.16
11:49:44 75.20   64.63   76.55   81.16
11:50:48 75.09   60.24   76.33   81.16
11:51:51 75.09   58.55   75.99   81.16
11:52:54 74.97   57.99   75.65   81.05
11:53:58 74.86   57.76   75.88   80.94
11:55:01 74.86   57.65   75.88   80.94
11:56:04 74.75   57.42   75.88   80.94
11:57:08 74.75   57.31   75.65   80.83
11:58:11 74.64   56.75   75.88   80.83
11:59:14 74.64   56.53   75.65   80.71
12:00:18 74.53   56.64   76.10   80.71
12:01:21 74.53   56.41   75.99   80.71
12:02:24 74.53   56.30   75.76   80.71
12:03:28 74.41   55.85   75.65   80.71
12:04:31 74.41   56.08   75.88   80.71
12:05:34 74.41   55.96   75.76   80.71
12:06:38 74.41   65.19   75.88   80.71
12:07:41 74.53   66.88   75.99   80.71
12:08:44 74.53   67.78   75.76   80.60
12:09:48 74.75   68.34   76.21   80.71
12:10:51 74.75   68.90   76.21   80.71
12:11:54 74.75   69.35   76.21   80.71
12:12:58 74.86   70.25   76.44   80.71
12:14:01 74.97   68.22   75.76   80.83
12:15:04 74.97   61.48   75.99   80.71
12:16:08 74.86   58.66   76.21   80.71
12:17:11 74.75   57.99   75.88   80.60
12:18:15 74.75   57.65   75.88   80.49
12:19:18 74.75   57.42   75.65   80.60
12:20:21 74.64   57.20   75.65   80.49
12:21:25 74.53   56.75   75.65   80.60
12:22:28 74.53   56.75   75.65   80.60
12:23:31 74.53   56.53   76.21   80.49
12:24:35 74.53   56.30   76.33   80.49
12:25:38 74.41   55.85   75.65   80.49
12:26:41 74.41   55.96   75.76   80.38
12:27:45 74.41   55.85   75.65   80.38
12:28:48 74.41   65.30   75.99   80.38
12:29:51 74.53   66.88   76.10   80.49
12:30:55 74.53   67.89   75.76   80.49
12:31:58 74.64   68.45   75.99   80.60
12:33:01 74.75   69.01   75.99   80.71
12:34:05 74.86   70.03   76.10   80.49
12:35:08 74.86   71.04   75.99   80.49
12:36:11 74.86   69.58   75.76   80.60
12:37:15 74.97   62.38   76.10   80.60
12:38:18 74.86   59.11   75.99   80.60
12:39:21 74.75   57.88   75.76   80.49
12:40:25 74.64   57.54   75.65   80.49
12:41:28 74.64   57.31   75.65   80.38
12:42:31 74.53   57.09   75.54   80.26
12:43:35 74.53   56.98   75.65   80.26
12:44:38 74.41   56.75   75.43   80.26
12:45:41 74.41   55.96   75.99   80.26
12:46:45 74.41   56.19   75.76   80.26
12:47:48 74.30   55.63   75.65   80.15
12:48:51 74.30   55.29   75.76   80.04
12:49:55 74.30   55.74   76.10   80.15
12:50:58 74.30   65.30   75.88   80.26
12:52:02 74.41   66.99   75.88   80.26
12:53:05 74.53   67.89   75.88   80.15
12:54:08 74.64   68.45   75.99   80.26
12:55:12 74.75   69.24   75.99   80.38
12:56:15 74.86   70.03   76.21   80.38
12:57:18 74.86   71.26   76.33   80.38
12:58:22 74.97   67.89   76.21   80.38
12:59:25 74.97   60.80   76.44   80.26
13:00:28 74.97   58.21   76.44   80.26
13:01:32 74.86   57.76   76.33   80.26
13:02:35 74.75   57.54   76.33   80.26
13:03:38 74.75   57.31   76.21   80.04
13:04:42 74.64   57.09   76.10   80.71
13:05:45 74.53   56.98   76.33   81.16
13:06:48 74.53   56.75   76.21   87.24
13:07:52 74.53   56.64   76.10   102.54
13:08:55 74.53   56.41   76.33   105.24
13:09:58 74.53   56.41   75.99   105.46
13:11:02 74.64   56.64   75.99   104.45
13:12:05 74.64   65.30   75.99   102.65
13:13:08 74.75   67.55   75.76   99.73
13:14:12 74.97   68.56   75.88   96.58
13:15:15 75.09   69.01   75.99   95.11
13:16:18 75.09   69.80   75.88   94.44
13:17:22 75.31   70.47   76.33   93.99
13:18:25 75.31   71.49   76.21   93.65
13:19:28 75.43   66.54   76.21   93.31
13:20:32 75.31   61.25   76.33   92.97
13:21:35 75.20   58.89   76.21   92.53
13:22:38 75.09   58.21   76.10   92.08
13:23:42 75.09   57.88   75.76   91.74
13:24:45 74.97   57.76   75.99   91.40
13:25:49 74.97   57.31   75.88   90.95
13:26:52 74.86   57.31   76.33   90.61
13:27:55 74.86   56.64   76.21   90.39
13:28:59 74.97   56.75   76.10   90.16
13:30:02 74.86   56.41   75.88   89.83
13:31:05 74.75   56.53   75.88   89.60
13:32:09 74.75   56.19   76.21   89.26
13:33:12 74.75   55.85   76.21   89.04
13:34:15 74.75   65.75   76.10   88.81
13:35:19 74.97   67.44   76.21   88.59
13:36:22 74.97   68.34   76.21   88.36
13:37:25 75.09   68.90   76.21   88.03
13:38:29 75.20   69.58   76.33   87.91
13:39:32 75.31   70.36   76.21   87.69
13:40:35 75.31   71.60   76.33   87.58
13:41:39 75.43   72.61   76.55   87.35
13:42:42 75.43   64.85   76.55   87.13
13:43:45 75.43   59.90   76.55   87.01
13:44:49 75.20   58.55   76.55   86.68
13:45:52 75.20   58.44   76.44   86.56
13:46:55 75.09   57.88   76.33   86.34
13:47:59 74.97   57.65   76.33   86.22
13:49:02 74.97   57.20   76.21   86.11
13:50:05 74.86   56.86   76.10   86.00
13:51:09 74.86   57.09   76.21   85.78
13:52:12 74.75   56.64   76.44   85.55
13:53:15 74.86   56.08   76.21   85.44
13:54:19 74.75   55.85   76.44   85.44
13:55:22 74.75   56.30   76.21   85.21
13:56:25 74.64   55.96   76.33   85.10
13:57:29 74.75   65.75   76.66   84.99
13:58:32 74.86   67.10   76.55   84.99
13:59:36 74.86   68.11   76.66   84.76
14:00:39 74.97   68.79   76.78   84.76
14:01:42 75.09   69.35   76.66   84.65
14:02:46 75.09   70.03   76.21   84.65
14:03:49 75.20   71.15   76.33   84.54
14:04:52 75.31   65.64   76.66   84.54
14:05:56 75.20   60.24   76.33   84.43
14:06:59 75.20   58.44   76.33   84.20
14:08:02 75.09   57.99   76.66   83.97
14:09:06 74.97   57.88   76.33   83.86
14:10:09 74.97   57.54   76.44   83.86
14:11:12 74.86   57.31   76.78   83.75
14:12:16 74.86   57.31   76.66   83.75
14:13:19 74.86   57.09   76.89   83.64
14:14:22 74.86   56.53   76.66   83.41
14:15:26 74.75   56.41   76.78   83.30
14:16:29 74.64   56.53   76.78   83.19
14:17:32 74.75   56.30   76.89   83.19
14:18:36 74.64   56.08   76.78   83.19
14:19:39 74.64   61.59   76.66   83.08
14:20:42 74.75   66.54   76.55   82.96
14:21:46 74.86   67.78   76.66   82.85
14:22:49 74.97   68.45   76.55   82.74
14:23:52 75.09   69.01   76.55   82.74
14:24:56 75.09   69.69   76.66   82.63
14:25:59 75.20   70.47   76.66   82.51
14:27:02 75.31   71.83   77.11   82.51
14:28:06 75.31   62.71   76.89   82.51
14:29:09 75.20   59.11   76.89   82.40
14:30:12 75.20   58.33   76.78   82.51
14:31:16 75.09   57.88   76.89   82.40
14:32:19 74.97   57.76   77.00   82.40
14:33:22 74.97   57.42   76.78   82.29
14:34:26 74.97   57.42   77.00   82.18
14:35:29 74.86   56.86   76.78   82.18
14:36:33 74.75   56.64   76.55   82.18
14:37:36 74.86   56.30   76.66   82.06
14:38:39 74.75   55.85   76.78   81.95
14:39:43 74.75   56.08   76.89   81.95
14:40:46 74.75   55.63   76.78   81.84
14:41:49 74.75   57.42   77.11   81.84
14:42:53 74.86   65.53   76.78   81.72
14:43:56 74.97   67.10   76.89   81.72
14:44:59 75.09   68.11   77.34   81.61
14:46:03 75.09   68.90   77.34   81.61
14:47:06 75.20   69.46   77.45   81.61
14:48:09 75.31   70.14   77.34   81.50
14:49:13 75.31   71.49   77.22   81.50
14:50:16 75.31   64.63   77.34   81.50
14:51:19 75.31   59.67   77.22   81.50
14:52:23 75.20   58.55   77.11   81.50
14:53:26 75.09   58.10   77.22   81.50
14:54:29 75.09   57.88   77.34   81.50
14:55:33 74.97   57.65   77.34   81.50
14:56:36 74.97   57.42   77.34   81.39
14:57:39 74.97   57.20   77.56   81.39
14:58:43 74.86   56.53   77.45   81.39
14:59:46 74.86   56.30   77.56   81.39
15:00:49 74.86   56.30   77.56   81.39
15:01:53 74.86   55.96   77.68   83.30
15:02:56 74.97   55.74   77.34   83.53
15:03:59 74.86   55.63   77.22   83.53
15:05:03 74.86   65.97   77.34   83.53
15:06:06 75.09   66.99   77.79   83.41
15:07:09 75.20   68.11   77.11   83.30
15:08:13 75.20   68.90   77.34   83.19
15:09:16 75.20   69.35   77.34   83.08
15:10:20 75.31   70.14   77.11   83.08
15:11:23 75.43   71.38   77.00   83.08
15:12:26 75.54   71.49   77.11   82.96
15:13:30 75.54   62.71   77.11   82.96
15:14:33 75.65   59.11   77.45   82.85
15:15:36 75.43   58.44   77.11   82.74
15:16:40 75.31   58.21   77.00   82.63
15:17:43 75.20   57.88   77.22   82.51
15:18:46 74.97   57.42   77.22   82.51
15:19:50 74.97   57.54   77.22   82.40
15:20:53 74.97   57.31   77.34   82.51
15:21:56 74.86   56.86   77.34   82.63
15:23:00 74.86   56.75   77.22   82.40
15:24:03 74.75   55.96   77.34   82.29
15:25:06 74.86   55.96   77.34   82.29
15:26:10 74.97   55.85   77.11   82.29
15:27:13 74.97   55.63   77.00   82.18
15:28:16 74.97   55.51   77.34   82.06
15:29:20 74.86   64.51   77.22   81.95
15:30:23 74.86   65.97   77.22   81.95
15:31:26 74.97   67.33   77.22   83.19
15:32:30 75.09   68.11   76.78   83.41
15:33:33 75.09   68.79   76.78   83.19
15:34:36 75.31   69.35   77.00   83.19
15:35:40 75.54   70.03   77.34   83.08
15:36:43 75.43   70.81   77.34   82.96
15:37:46 75.54   62.26   77.00   82.96
15:38:50 75.43   58.89   77.11   82.74
15:39:53 75.09   58.10   77.00   82.51
15:40:56 75.09   57.88   77.22   82.51
15:42:00 74.86   57.54   77.00   82.51
15:43:03 74.86   57.20   77.11   82.51
15:44:07 74.75   56.53   77.34   82.40
15:45:10 74.64   56.30   77.34   82.40
15:46:13 74.64   55.96   77.45   82.29
15:47:17 74.64   55.96   77.34   82.29
15:48:20 74.64   55.63   77.34   82.18
15:49:23 74.53   55.17   77.34   82.06
15:50:27 74.41   55.51   77.34   82.06
15:51:30 74.41   55.17   77.34   81.84
15:52:33 74.41   55.17   77.22   81.84
15:53:37 74.30   59.23   77.00   81.72
15:54:40 74.41   64.96   77.00   81.61
15:55:43 74.53   66.09   77.00   81.61
15:56:47 74.53   67.10   77.11   81.61
15:57:50 74.64   67.89   77.22   81.50
15:58:53 74.75   68.56   77.11   81.50
15:59:57 74.86   69.24   76.89   81.50
16:01:00 74.97   69.80   77.34   81.39
16:02:03 74.97   65.75   76.89   81.50
16:03:07 75.09   59.67   77.00   81.39
16:04:10 74.97   58.10   77.34   81.28
16:05:13 74.86   57.76   77.11   81.16
16:06:17 74.75   57.42   77.11   81.28
16:07:20 74.64   57.42   77.22   81.28
16:08:23 74.53   57.09   77.22   81.28
16:09:27 74.53   56.30   77.22   81.28
16:10:30 74.41   56.19   77.11   81.16
16:11:33 74.41   55.51   77.11   81.28
16:12:37 74.41   55.51   77.22   81.16
16:13:40 74.41   55.51   77.11   81.28
16:14:44 74.41   58.66   76.89   81.16
16:15:47 74.53   65.41   76.89   80.94
16:16:50 74.53   66.99   77.22   81.16
16:17:54 74.86   67.89   77.11   81.16
16:18:57 74.86   68.68   77.11   81.16
16:20:00 74.97   69.24   77.11   81.28
16:21:04 74.97   70.14   76.89   81.16
16:22:07 75.09   71.26   77.22   81.16
16:23:10 75.20   68.22   77.00   80.94
16:24:14 75.20   60.80   77.11   80.94
16:25:17 75.20   58.55   77.11   80.94
16:26:20 75.20   58.10   77.11   80.94
16:27:24 74.97   57.88   77.11   80.83
16:28:27 74.86   57.42   77.11   80.83
16:29:30 74.75   57.42   77.22   80.71
16:30:34 74.75   56.53   77.00   80.71
16:31:37 74.64   56.53   77.11   80.60
16:32:40 74.64   56.64   77.22   80.71
16:33:44 74.53   56.19   77.00   80.71
16:34:47 74.64   62.60   77.00   80.71
16:35:50 74.75   66.54   77.11   80.60
16:36:54 74.86   68.00   76.66   80.71
16:37:57 74.86   68.68   77.34   80.83
16:39:00 74.97   69.35   77.22   80.83
16:40:04 75.09   70.25   77.22   80.71
16:41:07 75.09   71.60   77.11   80.83
16:42:10 75.20   72.39   77.00   80.83
16:43:14 75.31   72.95   76.89   80.71
16:44:17 75.31   63.39   77.11   80.83
16:45:20 75.31   59.11   77.11   80.83
16:46:24 75.20   58.33   77.00   80.83
16:47:27 75.09   57.76   77.34   80.83
16:48:31 74.97   57.76   77.34   80.83
16:49:34 74.97   57.54   77.00   80.83
16:50:37 74.86   57.31   77.22   80.71
16:51:41 74.86   57.09   77.45   80.71
16:52:44 74.86   56.86   77.11   80.71
16:53:47 74.86   56.53   77.22   80.71
16:54:51 74.64   64.40   77.34   80.71
16:55:54 74.86   67.21   77.68   80.60
16:56:57 74.86   68.34   77.90   80.60
16:58:01 74.97   68.90   77.56   80.71
16:59:04 74.97   69.80   77.45   80.83
17:00:07 75.09   70.59   77.56   80.71
17:01:11 75.09   71.26   77.68   80.60
17:02:14 75.20   72.16   77.45   80.60
17:03:17 75.31   72.95   77.34   80.71
17:04:21 75.31   73.74   77.68   80.83
17:05:24 75.43   68.79   78.13   80.71
17:06:27 75.43   60.24   77.34   80.94
17:07:31 75.31   58.55   77.22   81.72
17:08:34 75.20   58.21   77.45   81.84
17:09:37 75.09   57.76   77.45   81.84
17:10:41 74.97   57.76   77.22   81.84
17:11:44 74.86   57.54   77.34   81.72
17:12:47 74.75   57.42   77.45   81.72
17:13:51 74.75   56.98   77.56   81.72
17:14:54 74.75   58.55   77.79   81.72
17:15:57 74.97   67.21   77.56   81.61
17:17:01 74.97   68.45   77.34   81.61
17:18:04 75.09   69.01   77.34   81.61
17:19:07 75.31   69.91   77.34   81.50
17:20:11 75.43   71.04   77.45   81.39
17:21:14 75.43   71.94   77.22   81.39
17:22:18 75.54   72.95   77.34   81.28
17:23:21 75.65   73.63   77.34   81.28
17:24:24 75.54   74.41   77.11   81.28
17:25:28 75.76   75.09   77.00   84.43
17:26:31 75.88   62.83   77.11   95.00
17:27:34 75.76   59.34   77.45   96.35
17:28:38 75.54   58.55   77.68   96.24
17:29:41 75.43   58.21   77.34   95.00
17:30:44 75.31   58.21   77.34   94.10
17:31:48 75.20   58.10   77.45   93.31
17:32:51 75.09   57.99   77.34   92.53
17:33:54 75.09   57.76   77.68   91.63
17:34:58 74.97   57.65   77.56   90.95
17:36:01 75.09   57.54   77.79   90.39
17:37:04 74.97   57.20   77.79   89.83
17:38:08 74.97   66.20   77.56   89.49
17:39:11 75.09   68.00   77.56   89.15
17:40:14 75.31   68.79   77.34   88.81
17:41:18 75.31   69.35   77.22   88.47
17:42:21 75.43   70.03   77.34   88.03
17:43:24 75.54   71.04   77.22   87.80
17:44:28 75.54   71.94   77.11   87.58
17:45:31 75.65   72.72   77.34   87.35
17:46:34 75.88   70.47   77.22   87.13
17:47:38 75.88   62.26   77.11   87.01
17:48:41 75.65   59.23   77.22   86.68
17:49:44 75.54   58.66   77.56   86.45
17:50:48 75.54   58.33   77.34   86.11
17:51:51 75.43   58.10   77.00   85.89
17:52:54 75.31   57.99   77.11   86.68
17:53:58 75.43   57.99   77.34   86.79
17:55:01 75.31   57.88   77.34   86.68
17:56:05 75.20   57.42   77.56   86.45
17:57:08 75.20   57.54   77.56   86.22
17:58:11 75.20   57.31   77.56   86.00
17:59:15 75.20   57.20   77.68   85.78
18:00:18 75.20   57.20   77.45   85.55
18:01:21 75.20   57.20   77.56   85.33
18:02:25 75.20   57.20   77.45   85.10
18:03:28 75.09   56.86   77.34   84.99
18:04:31 75.09   56.98   77.11   84.65
18:05:35 75.20   56.98   77.22   84.54
18:06:38 75.31   56.98   77.45   84.54
18:07:41 75.31   57.09   77.56   84.31
18:08:45 75.20   56.86   77.45   84.09
18:09:48 75.09   56.64   77.56   84.09
18:10:51 75.09   64.29   77.68   83.86
18:11:55 75.09   67.10   77.34   83.75
18:12:58 75.31   68.11   77.11   83.75
18:14:01 75.31   68.68   77.00   83.53
18:15:05 75.43   69.24   77.34   83.41
18:16:08 75.54   69.69   77.45   83.41
18:17:11 75.65   70.25   77.56   83.30
18:18:15 75.76   63.95   77.68   83.19
18:19:18 75.54   59.90   77.68   83.08
18:20:21 75.65   58.66   77.68   82.96
18:21:25 75.43   58.21   77.56   82.96
18:22:28 75.31   57.76   77.45   82.96
18:23:31 75.31   57.76   77.79   82.74
18:24:35 75.20   57.76   77.56   82.63
18:25:38 75.09   57.31   77.56   82.51
18:26:42 75.09   57.20   77.56   82.51
18:27:45 74.97   57.09   77.56   82.40
18:28:48 74.97   56.30   77.68   82.40
18:29:52 74.97   56.53   77.34   82.29
18:30:55 74.97   56.53   77.34   82.29
18:31:58 74.86   55.96   77.11   82.18
18:33:02 74.86   56.08   77.22   82.06
18:34:05 74.86   56.30   77.11   82.29
18:35:08 74.97   55.96   77.22   82.63
18:36:12 74.86   56.19   77.00   82.40
18:37:15 74.86   55.74   77.22   82.29
18:38:18 74.97   55.63   77.56   82.29
18:39:22 74.86   55.96   77.22   82.06
18:40:25 74.86   55.29   77.22   81.95
18:41:28 74.86   55.96   77.34   81.95
18:42:32 74.75   55.74   78.01   81.84
18:43:35 74.75   55.85   77.45   81.95
18:44:38 74.75   61.25   77.68   81.84
18:45:42 74.75   65.75   77.79   81.72
18:46:45 74.97   66.99   77.68   81.72
18:47:52 75.09   67.78   77.68   81.84
18:48:55 75.20   68.45   77.56   81.84
18:49:59 75.20   69.01   77.56   81.84
18:51:02 75.31   69.58   77.79   81.72
18:52:05 75.43   62.60   77.34   81.61
18:53:09 75.31   58.66   77.11   81.61
18:54:12 75.20   57.99   77.11   81.50
18:55:15 75.09   57.65   77.00   81.39
18:56:19 75.09   57.42   77.11   81.39
18:57:22 74.97   57.20   77.22   81.28
18:58:25 74.86   57.09   77.00   81.16
18:59:29 74.86   56.86   77.00   81.28
19:00:32 74.75   56.53   77.00   81.28
19:01:35 74.75   56.41   76.66   81.28
19:02:39 74.75   56.30   76.89   81.05
19:03:42 74.75   56.30   76.89   80.94
19:04:45 74.64   55.96   76.89   80.94
19:05:49 74.64   56.08   77.00   80.94
19:06:52 74.75   56.08   77.00   80.94
19:07:55 74.64   55.63   76.66   80.83
19:08:59 74.64   55.63   76.78   80.83
19:10:02 74.64   55.29   76.89   80.71
19:11:05 74.64   55.51   77.00   80.60
19:12:09 74.64   55.40   77.11   80.60
19:13:12 74.64   55.17   77.11   80.60
19:14:16 74.53   55.51   77.00   80.49
19:15:19 74.64   55.63   76.89   80.49
19:16:22 74.64   59.11   77.34   80.49
19:17:26 74.64   65.86   77.34   80.26
19:18:29 74.97   67.21   77.11   80.26
19:19:32 75.09   68.00   77.34   80.38
19:20:36 75.31   68.56   77.11   80.38
19:21:39 75.31   66.31   76.89   80.38
19:22:42 75.43   61.59   76.89   80.38
19:23:46 75.31   58.33   77.22   80.38
19:24:49 75.20   57.65   77.00   80.38
19:25:52 75.09   57.31   77.45   80.38
19:26:56 74.97   57.09   77.90   80.26
19:27:59 74.86   56.98   77.56   80.26
19:29:02 74.86   56.75   77.56   80.15
19:30:06 74.75   56.53   77.11   80.15
19:31:09 74.75   56.41   77.11   80.04
19:32:12 74.75   56.19   77.11   80.15
19:33:16 74.64   56.19   77.00   80.26
19:34:19 74.64   56.19   76.66   80.26
19:35:22 74.64   55.96   76.89   80.15
19:36:26 74.64   55.96   77.00   80.15
19:37:29 74.53   55.63   76.89   80.15
19:38:32 74.64   55.74   76.78   80.15
19:39:36 74.53   55.74   76.89   80.15
19:40:39 74.53   55.51   77.00   80.04
19:41:42 74.41   55.74   76.89   80.04
19:42:46 74.53   55.51   76.89   80.04
19:43:49 74.53   55.63   76.78   80.04
19:44:52 74.41   55.51   76.89   80.04
19:45:56 74.53   55.51   76.89   80.04
19:46:59 74.41   55.29   76.66   80.15
19:48:02 74.53   55.29   76.89   80.04
19:49:06 74.53   55.29   77.11   79.93
19:50:09 74.41   55.17   77.00   79.81
19:51:13 74.41   55.40   77.22   79.70
19:52:16 74.30   54.95   76.78   79.70
19:53:19 74.30   55.17   76.78   79.70
19:54:23 74.19   55.06   76.78   79.70
19:55:26 74.30   54.95   76.66   79.70
19:56:29 74.19   54.73   77.11   79.59
19:57:33 74.19   55.17   76.55   79.59
19:58:36 74.19   54.84   76.66   79.59
19:59:39 74.19   54.84   76.66   79.70
20:00:43 74.08   54.84   76.78   79.70
20:01:46 74.19   54.61   76.66   79.59
20:02:49 74.19   54.61   76.78   79.47
20:03:53 74.19   54.84   76.44   79.47
20:04:56 74.08   54.39   77.00   79.47
20:05:59 74.08   54.28   77.00   79.36
20:07:03 74.19   54.61   76.66   79.36
20:08:06 74.19   54.50   76.44   79.47
20:09:09 74.19   54.50   76.66   79.36
20:10:13 74.08   54.61   76.78   79.36
20:11:16 74.08   54.50   76.89   79.36
20:12:19 74.08   54.28   76.89   79.36
20:13:23 74.08   64.29   76.89   79.25
20:14:26 74.30   65.86   76.78   79.25
20:15:29 74.41   66.76   76.44   79.25
20:16:33 74.53   67.33   76.21   79.36
20:17:36 74.64   67.89   76.33   79.47
20:18:39 74.64   68.45   76.66   79.47
20:19:43 74.75   61.59   76.55   79.47
20:20:46 74.64   57.65   76.66   79.36
20:21:49 74.64   56.64   77.00   79.36
20:22:53 74.53   56.30   76.78   79.36
20:23:56 74.41   56.08   77.00   79.25
20:25:00 74.41   55.96   76.44   79.25
20:26:03 74.30   55.85   77.00   79.25
20:27:06 74.19   55.63   76.66   79.36
20:28:10 74.19   55.29   76.78   79.36
20:29:13 74.19   55.40   76.78   79.25
20:30:16 74.30   54.95   76.89   79.36
20:31:20 74.19   54.95   76.78   87.46
20:32:23 74.30   55.06   76.66   101.75
20:33:26 74.19   54.95   76.89   104.79
20:34:30 74.19   54.84   76.66   105.58
20:35:33 74.19   54.61   76.78   105.91
20:36:36 74.30   54.84   76.66   106.48
20:37:40 74.19   54.84   76.78   106.70
20:38:43 74.41   56.30   76.66   106.25
20:39:46 74.41   62.26   76.66   105.69
20:40:50 74.41   66.76   76.66   104.90
20:41:53 74.75   67.66   76.78   104.11
20:42:56 74.75   68.11   76.78   103.33
20:44:00 74.97   68.56   76.55   102.54
20:45:03 74.97   68.90   76.33   101.75
20:46:06 75.09   69.35   76.55   101.08
20:47:10 75.20   62.60   76.55   100.29
20:48:13 75.20   58.66   76.66   99.73
20:49:16 75.20   57.42   76.66   99.16
20:50:20 74.97   57.09   76.78   98.49
20:51:23 74.86   56.86   77.00   97.92
20:52:26 74.75   56.75   76.89   97.36
20:53:30 74.64   56.53   76.55   96.80
20:54:33 74.64   56.41   76.66   96.35
20:55:36 74.53   56.08   76.89   95.90
20:56:40 74.53   56.08   76.66   95.34
20:57:43 74.53   56.08   76.78   94.89
20:58:47 74.41   55.85   77.00   94.44
20:59:50 74.41   55.74   76.78   93.99
21:00:53 74.41   55.85   76.89   93.65
21:01:57 74.41   61.48   76.89   93.09
21:03:00 74.41   66.43   77.00   92.86
21:04:03 74.64   67.55   77.00   92.41
21:05:07 74.64   68.11   76.66   92.19
21:06:10 74.75   68.79   76.55   91.85
21:07:13 74.75   69.35   76.66   91.63
21:08:17 74.86   70.25   76.66   91.18
21:09:20 74.97   67.89   76.89   90.95
21:10:23 74.97   61.48   77.00   90.72
21:11:27 74.97   58.33   76.78   90.39
21:12:30 74.86   57.31   77.22   90.05
21:13:33 74.75   56.86   77.11   89.71
21:14:37 74.64   56.86   77.11   89.49
21:15:40 74.53   56.53   77.11   89.26
21:16:43 74.53   56.53   77.22   89.04
21:17:47 74.41   56.41   77.00   88.70
21:18:50 74.41   56.08   77.11   88.59
21:19:53 74.30   55.96   77.11   88.14
21:20:57 74.41   55.74   77.34   87.91
21:22:00 74.41   63.50   77.45   87.80
21:23:03 74.53   66.88   77.56   87.58
21:24:07 74.64   67.78   77.34   87.35
21:25:10 74.75   68.45   77.22   87.13
21:26:13 74.86   69.35   77.22   87.01
21:27:17 74.97   70.14   77.00   86.90
21:28:20 74.97   70.70   77.22   86.56
21:29:24 75.09   71.26   77.11   86.56
21:30:27 75.09   67.78   77.11   86.45
21:31:30 75.09   60.91   77.45   86.11
21:32:34 74.97   57.76   77.56   85.89
21:33:37 74.97   57.09   77.56   85.78
21:34:40 74.86   57.09   77.34   85.66
21:35:44 74.75   56.86   77.34   85.55
21:36:47 74.75   56.75   77.22   85.44
21:37:50 74.64   56.75   77.79   85.21
21:38:54 74.64   56.64   77.45   84.99
21:39:57 74.53   56.30   77.45   84.99
21:41:00 74.53   56.19   77.45   84.99
21:42:04 74.41   55.96   77.34   84.76
21:43:07 74.41   55.96   77.22   84.65
21:44:10 74.41   55.85   77.45   84.54
21:45:14 74.41   55.85   77.11   84.43
21:46:17 74.53   55.74   77.56   84.31
21:47:20 74.41   55.85   77.34   84.20
21:48:24 74.30   55.63   77.45   84.09
21:49:27 74.41   55.63   77.22   83.97
21:50:30 74.30   55.63   77.22   83.75
21:51:34 74.30   55.29   77.00   83.64
21:52:37 74.19   55.40   77.22   83.41
21:53:40 74.30   55.51   77.11   83.30
21:54:44 74.30   55.40   77.56   83.19
21:55:47 74.19   55.40   77.22   83.08
21:56:50 74.30   55.29   77.45   82.96
21:57:54 74.30   55.40   77.11   82.85
21:58:57 74.30   55.40   77.22   82.74
22:00:01 74.19   55.17   77.11   82.74
22:01:04 74.19   55.17   76.78   82.63
22:02:07 74.19   54.84   76.66   82.51
22:03:11 74.19   54.84   76.55   82.51
22:04:14 74.19   54.95   77.00   82.40
22:05:17 74.19   55.17   76.89   82.29
22:06:21 74.08   55.06   76.78   82.29
22:07:24 73.96   54.84   76.78   82.06
22:08:27 74.08   54.84   77.00   81.95
22:09:31 74.08   54.61   76.78   81.84
22:10:34 73.96   54.73   76.78   81.84
22:11:37 73.85   54.61   77.00   81.84
22:12:41 73.85   54.61   77.00   81.72
22:13:44 73.96   54.28   77.11   81.61
22:14:47 73.85   54.39   76.89   81.39
22:15:51 73.85   54.50   76.66   81.50
22:16:54 73.85   54.39   77.00   81.39
22:17:57 73.74   54.39   76.78   86.56
22:19:01 73.74   54.61   76.78   103.44
22:20:04 73.74   54.16   76.78   105.80
22:21:07 73.74   54.05   76.78   105.35
22:22:11 73.74   54.28   76.66   104.34
22:23:14 73.85   53.83   76.66   103.21
22:24:17 73.74   54.16   77.22   102.20
22:25:21 73.74   54.28   77.00   101.19
22:26:24 73.74   54.05   76.66   103.10
22:27:27 73.85   53.94   76.66   103.21
22:28:31 73.74   54.05   76.55   102.54
22:29:34 73.63   54.05   76.44   101.86
22:30:37 73.63   53.94   76.44   100.96
22:31:41 73.51   53.83   76.66   106.48
22:32:44 73.51   53.83   76.66   108.61
22:33:48 73.40   53.94   76.44   108.84
22:34:51 73.29   53.38   76.33   108.84
22:35:54 73.40   53.60   76.21   108.39
22:36:58 73.29   53.83   76.10   107.60
22:38:01 73.29   53.38   75.99   106.70
22:39:04 73.18   53.60   76.21   106.03
22:40:11 73.29   53.38   76.33   105.13
22:41:14 73.18   53.15   75.88   104.34
22:42:18 73.18   53.15   76.10   103.55
22:43:21 73.18   53.26   75.65   102.76
22:44:24 73.06   53.49   75.88   101.86
22:45:28 73.06   53.04   75.76   101.19
22:46:31 73.06   53.15   75.76   100.40
22:47:35 72.95   53.15   75.54   99.73
22:48:38 73.06   53.04   75.65   99.05
22:49:41 72.95   53.04   75.76   98.38
22:50:45 72.95   52.92   75.65   97.81
22:51:48 72.95   53.04   75.65   97.25
22:52:51 72.84   52.81   75.65   96.58
22:53:55 72.84   52.70   75.54   96.01
22:54:58 72.84   52.70   75.54   95.45
22:56:01 72.84   52.70   75.76   95.00
22:57:05 72.72   52.36   75.43   94.55
22:58:08 72.72   52.59   75.43   93.99
22:59:11 72.72   52.59   75.76   93.54
23:00:15 72.61   52.59   75.31   92.97
23:01:18 72.72   52.48   75.54   92.64
23:02:21 72.72   51.91   75.54   92.19
23:03:25 72.61   52.36   75.43   91.74
23:04:28 72.50   52.14   75.43   91.29
23:05:31 72.61   52.03   75.43   90.95
23:06:35 72.50   52.14   75.31   90.61
23:07:38 72.61   52.14   75.43   90.39
23:08:41 72.61   52.03   75.43   89.94
23:09:45 72.61   51.91   75.43   89.60
23:10:48 72.50   52.25   75.31   89.26
23:11:51 72.50   51.80   74.97   88.93
23:12:55 72.50   51.58   75.43   88.70
23:13:58 72.50   51.91   75.09   88.36
23:15:01 72.50   51.69   75.09   88.03
23:16:05 72.39   51.58   75.43   87.80
23:17:08 72.39   51.69   75.43   87.58
23:18:11 72.39   51.58   75.09   87.24
23:19:15 72.39   51.46   74.97   86.90
23:20:18 72.39   51.58   74.75   86.68
23:21:22 72.28   51.46   75.09   86.45
23:22:25 72.28   51.46   74.97   86.22
23:23:28 72.28   51.69   74.86   86.00
23:24:32 72.28   51.35   74.53   85.78
23:25:35 72.28   54.95   74.75   85.44
23:26:38 72.28   62.38   74.86   85.33
23:27:42 72.50   63.61   74.86   85.21
23:28:45 72.61   64.29   74.75   85.10
23:29:48 72.72   64.85   74.97   84.99
23:30:52 72.84   65.64   74.97   84.88
23:31:58 72.95   66.54   75.09   84.65
23:33:02 72.95   60.58   74.75   84.54
23:34:05 72.95   55.85   74.97   84.20
23:35:09 72.84   54.50   75.20   84.09
23:36:12 72.72   54.28   75.31   83.86
23:37:15 72.50   53.94   75.31   83.64
23:38:19 72.50   53.83   75.09   83.53
23:39:22 72.50   53.60   75.09   83.30
23:40:25 72.39   53.38   74.75   83.30
23:41:29 72.39   53.15   74.75   83.08
23:42:32 72.28   52.70   74.97   83.08
23:43:35 72.28   52.48   74.75   82.96
23:44:39 72.16   56.64   74.64   82.85
23:45:42 72.28   63.50   74.86   82.74
23:46:45 72.39   64.96   74.86   82.63
23:47:49 72.50   65.64   74.53   82.51
23:48:52 72.61   66.20   74.64   82.51
23:49:55 72.61   66.76   74.75   82.40
23:50:59 72.72   67.78   74.86   82.29
23:52:02 72.84   68.56   74.86   82.29
23:53:05 72.84   69.46   74.86   82.29
23:54:09 72.95   70.25   74.86   82.29
23:55:12 72.95   71.38   74.86   82.18
23:56:15 73.06   63.50   74.75   81.95
23:57:19 73.06   56.98   75.09   81.84
23:58:22 72.95   54.84   74.86   81.84
23:59:25 72.72   54.28   74.64   81.84
