00:00:00 68.22   82.51   68.79   90.16
00:01:03 68.22   82.40   68.79   89.94
00:02:06 68.22   82.29   68.79   89.71
00:03:10 68.22   82.29   68.79   89.38
00:04:13 68.22   82.29   68.79   89.15
00:05:16 68.22   82.51   68.79   88.93
00:06:20 68.22   82.51   68.79   88.70
00:07:23 68.22   82.29   68.79   88.59
00:08:26 68.22   82.40   68.79   88.25
00:09:30 68.22   82.18   68.68   88.03
00:10:33 68.22   82.18   68.68   87.80
00:11:36 68.22   82.29   68.68   87.58
00:12:40 68.22   81.84   68.68   87.46
00:13:43 68.11   82.06   68.68   87.35
00:14:46 68.11   81.84   68.56   87.13
00:15:50 68.11   81.84   68.56   87.01
00:16:53 68.11   81.95   68.56   86.90
00:17:56 68.11   81.95   68.68   86.56
00:19:00 68.11   82.06   68.56   86.45
00:20:03 68.11   82.29   68.56   86.22
00:21:06 68.11   82.18   68.68   86.11
00:22:10 68.11   81.72   68.56   86.00
00:23:13 68.11   82.06   68.56   85.89
00:24:16 68.11   81.95   68.56   85.66
00:25:20 68.11   81.84   68.56   85.44
00:26:23 68.11   81.95   68.45   85.33
00:27:26 68.11   81.84   68.45   85.21
00:28:30 68.11   81.72   68.45   85.21
00:29:33 68.00   81.95   68.56   84.99
00:30:36 68.11   81.95   68.45   84.88
00:31:40 68.11   81.84   68.45   84.76
00:32:43 68.11   81.84   68.45   84.54
00:33:46 68.11   82.06   68.45   84.54
00:34:50 68.11   81.95   68.45   84.43
00:35:53 68.00   81.84   68.45   84.31
00:36:57 68.00   81.61   68.45   84.20
00:38:00 68.00   81.84   68.45   84.20
00:39:03 68.11   81.50   68.45   84.09
00:40:07 68.00   81.61   68.34   83.97
00:41:10 68.00   81.61   68.34   83.75
00:42:13 68.00   81.39   68.34   83.64
00:43:17 68.00   81.39   68.34   83.53
00:44:20 68.00   81.50   68.45   83.41
00:45:23 68.00   81.72   68.34   83.30
00:46:27 68.00   81.61   68.34   83.30
00:47:30 68.00   81.61   68.34   83.30
00:48:33 68.00   81.84   68.34   83.08
00:49:37 68.00   81.84   68.34   83.08
00:50:40 68.00   81.28   68.34   82.96
00:51:43 68.00   81.50   68.34   82.85
00:52:47 67.89   81.50   68.34   82.85
00:53:50 68.00   81.72   68.34   82.74
00:54:53 68.00   81.50   68.34   82.74
00:55:57 68.00   81.61   68.22   82.63
00:57:00 68.00   81.16   68.22   82.63
00:58:03 67.89   81.16   68.22   82.63
00:59:07 68.00   81.16   68.22   82.51
01:00:10 68.00   81.28   68.22   82.29
01:01:13 68.00   81.28   68.11   82.29
01:02:17 68.00   81.16   68.22   82.40
01:03:20 68.00   81.16   68.22   82.40
01:04:23 68.00   81.28   68.22   82.29
01:05:27 68.00   81.28   68.22   82.18
01:06:30 67.89   81.28   68.11   82.29
01:07:33 67.89   81.28   68.11   82.06
01:08:37 67.89   81.05   68.11   81.95
01:09:40 67.89   81.05   68.11   81.95
01:10:43 67.89   80.83   68.22   81.84
01:11:47 67.89   81.16   68.11   81.72
01:12:50 67.89   80.94   68.11   81.61
01:13:53 67.89   81.28   68.11   81.61
01:14:57 67.89   81.16   68.11   81.61
01:16:00 67.89   81.16   68.00   81.72
01:17:03 67.89   81.05   68.00   81.50
01:18:07 67.89   80.83   68.00   81.50
01:19:10 67.89   81.16   68.00   81.50
01:20:13 67.89   81.16   68.00   81.39
01:21:17 67.89   81.16   68.00   81.39
01:22:20 67.89   81.05   68.00   81.28
01:23:23 67.89   81.05   68.00   81.28
01:24:27 67.78   81.05   68.00   81.16
01:25:30 67.89   80.94   68.00   81.05
01:26:33 67.78   80.83   68.00   81.28
01:27:37 67.89   80.94   68.00   81.05
01:28:40 67.78   81.16   68.00   81.05
01:29:43 67.78   80.83   67.89   81.05
01:30:47 67.78   80.94   67.89   80.94
01:31:50 67.89   80.60   67.89   80.94
01:32:53 67.78   80.83   67.89   80.94
01:33:57 67.89   80.94   67.89   80.83
01:35:00 67.78   80.49   67.89   80.83
01:36:04 67.78   80.60   67.89   80.71
01:37:07 67.78   80.60   67.78   80.71
01:38:10 67.78   80.94   67.89   80.60
01:39:14 67.78   80.94   67.89   80.60
01:40:17 67.78   80.94   67.89   80.60
01:41:20 67.78   80.71   67.78   80.71
01:42:24 67.78   80.71   67.89   80.71
01:43:27 67.78   80.60   67.89   80.71
01:44:30 67.78   80.71   67.89   80.71
01:45:34 67.78   80.60   67.78   80.60
01:46:37 67.78   80.83   67.78   80.49
01:47:40 67.78   80.94   67.78   80.49
01:48:44 67.78   80.71   67.78   80.60
01:49:47 67.78   80.71   67.78   80.60
01:50:50 67.66   80.60   67.66   80.49
01:51:54 67.66   80.60   67.66   80.49
01:52:57 67.78   80.71   67.66   80.49
01:54:00 67.66   80.60   67.66   80.38
01:55:04 67.66   80.71   67.78   80.49
01:56:07 67.78   80.60   67.66   80.38
01:57:10 67.66   80.60   67.66   80.26
01:58:14 67.66   80.71   67.55   80.15
01:59:17 67.66   80.49   67.66   80.04
02:00:20 67.66   80.60   67.66   80.04
02:01:24 67.66   80.49   67.66   80.15
02:02:27 67.66   80.60   67.66   79.93
02:03:30 67.66   80.60   67.66   80.15
02:04:34 67.66   80.49   67.55   80.04
02:05:37 67.66   80.38   67.55   80.04
02:06:40 67.66   80.26   67.55   80.04
02:07:44 67.66   80.38   67.55   80.04
02:08:47 67.66   80.38   67.55   79.93
02:09:50 67.66   80.15   67.55   79.93
02:10:54 67.66   80.15   67.55   79.81
02:11:57 67.66   80.26   67.55   79.81
02:13:00 67.66   80.26   67.55   79.81
02:14:04 67.66   81.72   67.55   79.93
02:15:07 68.34   112.10   67.55   79.93
02:16:10 69.24   142.25   67.66   80.38
02:17:13 69.69   137.07   68.00   81.16
02:18:16 69.91   112.66   68.11   81.72
02:19:20 69.58   110.64   68.00   81.84
02:20:23 69.13   108.28   67.89   81.84
02:21:26 68.79   108.05   67.89   81.61
02:22:30 68.56   107.94   67.89   81.50
02:23:33 68.45   106.59   67.89   81.39
02:24:36 68.34   104.79   67.89   81.39
02:25:40 68.22   103.44   67.89   81.28
02:26:43 68.11   101.53   67.78   81.28
02:27:46 68.11   100.40   67.78   81.16
02:28:50 68.11   98.94   67.78   81.16
02:29:53 68.00   96.58   67.78   81.05
02:30:56 68.00   95.90   67.78   81.05
02:32:00 68.00   94.78   67.66   80.94
02:33:03 67.89   93.99   67.66   80.94
02:34:06 67.89   93.43   67.66   80.94
02:35:10 68.68   119.19   67.78   81.05
02:36:13 69.46   141.91   68.11   81.50
02:37:16 69.91   145.85   68.22   82.29
02:38:19 70.25   120.88   68.34   82.74
02:39:22 70.14   111.76   68.34   82.85
02:40:25 69.58   111.20   68.22   82.63
02:41:29 69.13   107.94   68.11   82.40
02:42:32 68.90   109.63   68.11   82.29
02:43:35 68.68   108.95   68.00   82.29
02:44:39 68.56   107.26   68.11   82.18
02:45:42 68.45   104.79   68.00   82.06
02:46:45 68.34   103.33   68.00   82.06
02:47:49 68.22   102.20   68.00   82.06
02:48:52 68.22   100.63   68.00   82.06
02:49:55 68.11   99.16   67.89   81.95
02:50:59 68.11   98.04   68.00   81.95
02:52:02 68.11   100.74   68.00   81.95
02:53:05 69.35   132.91   68.22   82.18
02:54:08 69.91   147.20   68.34   82.74
02:55:11 70.25   139.44   68.45   83.41
02:56:14 70.59   113.79   68.56   83.75
02:57:18 70.14   112.10   68.45   83.75
02:58:21 69.58   110.86   68.34   83.64
02:59:24 69.13   109.74   68.34   83.41
03:00:28 68.90   110.19   68.22   83.41
03:01:31 68.79   109.40   68.11   83.19
03:02:34 68.68   107.38   68.22   83.08
03:03:38 68.56   105.69   68.22   82.85
03:04:41 68.45   104.34   68.22   82.85
03:05:44 68.34   102.54   68.22   82.85
03:06:48 68.34   101.19   68.11   82.85
03:07:51 68.34   100.06   68.11   82.85
03:08:54 68.22   98.15   68.11   82.85
03:09:58 68.22   97.59   68.11   82.63
03:11:01 69.01   121.21   68.11   82.63
03:12:04 69.80   141.91   68.45   83.08
03:13:07 70.25   142.93   68.56   83.97
03:14:10 70.47   117.84   68.68   84.43
03:15:13 70.25   111.99   68.68   84.43
03:16:17 69.69   111.54   68.45   84.09
03:17:20 69.35   108.73   68.45   83.97
03:18:23 69.01   106.48   68.45   83.86
03:19:27 68.79   108.73   68.45   83.64
03:20:30 68.68   107.49   68.45   83.53
03:21:33 68.56   105.35   68.34   83.41
03:22:37 68.45   103.89   68.34   83.30
03:23:40 68.45   102.54   68.34   83.30
03:24:44 68.34   101.64   68.34   83.30
03:25:47 68.34   99.16   68.22   83.19
03:26:50 68.22   98.38   68.22   83.19
03:27:54 68.22   97.25   68.22   83.19
03:28:57 68.22   97.70   68.22   83.19
03:30:00 69.24   126.84   68.45   83.19
03:31:03 69.91   144.73   68.68   83.64
03:32:06 70.25   147.20   68.79   84.54
03:33:09 70.59   121.21   68.79   84.99
03:34:12 70.47   113.11   68.68   84.99
03:35:16 69.80   112.78   68.56   84.76
03:36:19 69.35   112.66   68.56   84.65
03:37:22 69.01   111.99   68.56   84.54
03:38:26 68.90   110.41   68.56   84.31
03:39:29 68.68   108.73   68.56   84.20
03:40:33 68.56   106.59   68.56   84.09
03:41:36 68.56   105.01   68.45   83.97
03:42:39 68.45   103.21   68.45   83.86
03:43:43 68.34   101.98   68.45   83.75
03:44:46 68.34   100.63   68.34   83.75
03:45:49 68.34   99.28   68.34   83.75
03:46:53 68.22   97.92   68.34   83.75
03:47:56 68.22   96.80   68.45   83.75
03:48:59 68.11   95.56   68.34   83.64
03:50:03 68.11   94.66   68.34   83.53
03:51:06 68.11   93.99   68.34   83.53
03:52:09 68.11   92.75   68.34   83.41
03:53:13 68.11   95.22   68.34   83.30
03:54:16 69.24   127.51   68.45   83.41
03:55:19 69.80   145.63   68.68   83.97
03:56:22 70.25   140.79   68.68   84.76
03:57:25 70.59   115.14   68.79   85.10
03:58:28 70.14   112.44   68.68   85.10
03:59:32 69.58   112.44   68.68   84.88
04:00:35 69.24   112.21   68.56   84.65
04:01:38 68.90   111.20   68.56   84.54
04:02:42 68.79   109.18   68.56   84.43
04:03:45 68.68   107.60   68.68   84.31
04:04:48 68.56   105.80   68.56   84.09
04:05:52 68.45   105.35   68.56   84.09
04:06:55 68.34   102.99   68.45   83.97
04:07:58 68.34   101.75   68.45   83.97
04:09:02 68.34   100.18   68.45   83.97
04:10:05 68.22   98.60   68.45   83.97
04:11:08 68.22   97.36   68.34   83.86
04:12:12 68.22   96.13   68.45   83.86
04:13:15 68.22   94.78   68.34   83.75
04:14:18 68.11   94.10   68.34   83.64
04:15:22 68.11   93.20   68.22   83.64
04:16:25 68.11   92.19   68.22   83.53
04:17:28 68.11   91.63   68.22   83.41
04:18:32 68.00   94.78   68.34   83.53
04:19:35 69.35   130.89   68.45   83.64
04:20:38 69.80   147.31   68.79   84.20
04:21:41 70.25   129.09   68.79   84.88
04:22:44 70.36   112.21   68.79   85.21
04:23:48 69.80   111.99   68.68   84.99
04:24:51 69.35   109.85   68.56   84.88
04:25:54 69.01   109.18   68.56   84.65
04:26:58 68.79   109.29   68.45   84.54
04:28:01 68.68   108.39   68.56   84.43
04:29:04 68.56   106.36   68.56   84.31
04:30:08 68.45   104.56   68.45   84.20
04:31:11 68.45   103.66   68.56   84.09
04:32:14 68.34   101.64   68.56   83.97
04:33:18 68.22   100.29   68.45   83.86
04:34:21 68.22   98.94   68.45   83.75
04:35:24 68.22   97.92   68.45   83.75
04:36:28 68.11   96.35   68.34   83.64
04:37:31 68.11   95.79   68.34   83.64
04:38:34 68.11   94.55   68.34   83.64
04:39:38 68.11   93.65   68.22   83.64
04:40:41 68.11   93.09   68.34   83.64
04:41:44 68.00   91.63   68.34   83.53
04:42:48 68.00   91.29   68.22   83.53
04:43:51 68.22   104.56   68.22   83.41
04:44:54 69.46   137.64   68.56   83.64
04:45:57 69.91   148.55   68.68   84.43
04:47:00 70.25   126.16   68.79   84.99
04:48:03 70.36   111.88   68.79   85.21
04:49:07 69.69   111.54   68.68   85.10
04:50:10 69.35   110.19   68.56   84.99
04:51:13 69.01   109.85   68.56   84.76
04:52:17 68.79   109.40   68.68   84.65
04:53:20 68.68   108.28   68.56   84.54
04:54:24 68.56   106.59   68.56   84.43
04:55:27 68.45   105.01   68.56   84.31
04:56:30 68.34   103.21   68.56   84.20
04:57:34 68.34   101.64   68.45   84.20
04:58:37 68.22   100.51   68.45   84.09
04:59:40 68.22   98.94   68.45   84.09
05:00:44 68.11   97.25   68.34   83.97
05:01:47 68.11   96.46   68.34   83.97
05:02:50 68.11   95.00   68.34   83.97
05:03:54 68.11   94.33   68.22   83.86
05:04:57 68.00   93.43   68.22   83.75
05:06:00 68.00   92.53   68.22   83.75
05:07:04 68.00   91.63   68.34   83.53
05:08:07 68.00   91.06   68.22   83.53
05:09:10 68.00   93.09   68.22   83.53
05:10:14 69.01   126.16   68.45   83.53
05:11:17 69.58   145.51   68.56   84.09
05:12:19 70.03   139.10   68.68   84.76
05:13:23 70.36   113.68   68.79   85.21
05:14:26 69.91   111.65   68.56   85.21
05:15:29 69.46   111.09   68.56   84.99
05:16:33 69.13   111.99   68.45   84.76
05:17:36 68.79   110.64   68.45   84.65
05:18:39 68.68   108.95   68.45   84.43
05:19:43 68.56   107.38   68.45   84.31
05:20:46 68.45   105.58   68.45   84.31
05:21:49 68.34   104.34   68.45   84.20
05:22:53 68.34   102.76   68.45   84.20
05:23:56 68.22   101.08   68.34   84.09
05:24:59 68.22   99.73   68.34   83.97
05:26:03 68.11   98.26   68.34   83.97
05:27:06 68.11   97.03   68.22   83.86
05:28:09 68.11   96.13   68.34   83.86
05:29:13 68.11   95.11   68.22   83.75
05:30:16 68.00   94.21   68.34   83.64
05:31:19 68.00   96.35   68.22   83.64
05:32:23 69.13   131.68   68.45   83.86
05:33:26 69.80   147.76   68.68   84.43
05:34:29 70.14   135.61   68.79   85.10
05:35:32 70.36   112.89   68.79   85.33
05:36:35 69.91   111.99   68.68   85.21
05:37:39 69.35   111.20   68.56   85.10
05:38:42 69.01   111.88   68.45   84.88
05:39:45 68.79   110.75   68.45   84.76
05:40:49 68.68   108.61   68.56   84.65
05:41:52 68.45   107.26   68.56   84.54
05:42:55 68.34   105.35   68.56   84.54
05:43:59 68.34   104.00   68.56   84.43
05:45:02 68.22   104.45   68.45   84.31
05:46:05 69.35   129.31   68.68   84.31
05:47:08 69.91   145.18   68.79   84.88
05:48:11 70.36   154.74   68.90   85.66
05:49:14 70.70   153.50   68.90   86.34
05:50:17 71.04   145.85   69.01   86.90
05:51:20 71.26   154.18   68.90   87.35
05:52:23 71.49   159.80   69.01   87.80
05:53:26 71.71   136.18   69.13   88.14
05:54:29 71.83   114.58   69.24   88.03
05:55:32 71.04   115.14   69.24   87.69
05:56:36 70.25   115.36   69.24   87.24
05:57:39 69.80   112.78   69.13   86.90
05:58:42 69.46   112.66   69.13   86.68
05:59:46 69.46   118.29   69.01   86.56
06:00:49 70.70   136.85   69.24   86.68
06:01:52 71.04   149.45   69.35   87.24
06:02:55 71.38   157.89   69.46   87.80
06:03:57 71.49   146.41   69.46   88.36
06:05:01 71.83   118.40   69.58   88.59
06:06:04 71.38   115.14   69.46   88.36
06:07:07 70.59   115.36   69.58   88.03
06:08:11 70.03   114.58   69.46   87.80
06:09:14 69.58   115.70   69.46   87.58
06:10:17 69.35   114.80   69.46   87.35
06:11:21 70.14   126.61   69.58   87.24
06:12:24 70.93   142.36   69.69   87.58
06:13:27 71.26   153.39   69.69   88.14
06:14:29 71.60   157.66   69.69   88.93
06:15:32 71.83   132.46   69.80   89.26
06:16:36 71.94   114.13   69.80   89.26
06:17:39 71.04   114.91   69.80   89.04
06:18:42 70.36   115.59   69.80   88.70
06:19:46 69.91   115.36   69.69   88.47
06:20:49 69.58   115.59   69.69   88.14
06:21:52 69.35   114.01   69.69   88.03
06:22:56 69.24   113.68   69.58   87.80
06:23:59 70.70   133.93   69.69   87.91
06:25:02 71.15   147.65   69.91   88.47
06:26:05 71.49   156.20   69.91   89.15
06:27:08 71.83   136.51   70.03   89.60
06:28:11 71.94   114.46   70.14   89.71
06:29:14 71.15   114.91   69.91   89.38
06:30:18 70.47   114.80   69.91   89.15
06:31:21 70.03   112.89   69.91   88.93
06:32:24 69.69   110.64   69.91   88.70
06:33:28 69.46   109.40   69.80   88.47
06:34:31 69.24   110.75   69.80   88.25
06:35:34 69.13   109.74   69.80   88.14
06:36:38 69.01   108.39   69.80   87.91
06:37:41 68.90   107.49   69.69   87.80
06:38:44 70.25   128.86   69.91   87.80
06:39:47 70.93   144.95   69.91   88.36
06:40:50 71.26   154.18   70.03   89.04
06:41:53 71.60   132.35   70.14   89.49
06:42:57 71.71   113.68   70.14   89.60
06:44:00 71.04   114.01   70.03   89.49
06:45:03 70.36   113.79   70.03   89.26
06:46:07 69.91   114.91   70.03   88.93
06:47:10 69.58   113.68   69.91   88.70
06:48:13 69.35   112.66   69.91   88.59
06:49:17 69.24   110.98   69.91   88.47
06:50:20 69.13   109.74   69.91   88.36
06:51:23 69.01   107.49   69.80   88.25
06:52:27 68.90   105.91   69.69   88.03
06:53:30 68.79   104.11   69.69   87.91
06:54:33 68.68   102.54   69.58   87.80
06:55:37 68.68   101.53   69.58   87.69
06:56:40 68.56   100.85   69.58   87.69
06:57:43 68.56   99.16   69.46   87.58
06:58:47 68.56   97.92   69.46   87.46
06:59:50 68.56   96.91   69.46   87.35
07:00:53 68.56   105.80   69.35   87.46
07:01:57 70.25   137.75   69.69   87.58
07:02:59 70.81   150.46   69.80   88.14
07:04:02 71.15   130.55   69.91   88.81
07:05:06 71.38   112.89   69.91   88.93
07:06:09 70.59   112.78   69.80   88.81
07:07:12 70.03   111.54   69.69   88.47
07:08:16 69.58   110.41   69.80   88.25
07:09:19 69.35   111.65   69.69   88.03
07:10:22 69.13   110.64   69.58   87.91
07:11:26 69.01   108.95   69.69   87.80
07:12:29 68.90   107.26   69.58   87.58
07:13:32 68.79   106.14   69.58   87.46
07:14:36 68.68   104.00   69.46   87.35
07:15:39 68.68   102.65   69.46   87.35
07:16:43 68.56   101.30   69.46   87.13
07:17:46 68.56   100.18   69.46   87.13
07:18:49 68.56   98.71   69.35   87.01
07:19:53 68.45   98.04   69.35   86.90
07:20:56 68.45   96.69   69.24   86.90
07:21:59 68.45   95.56   69.24   86.79
07:23:03 68.34   94.78   69.24   86.68
07:24:06 68.34   93.99   69.24   93.88
07:25:09 68.34   93.20   69.24   101.41
07:26:13 68.34   92.30   69.24   101.41
07:27:16 68.22   91.63   69.13   100.40
07:28:19 68.22   91.40   69.13   99.28
07:29:23 68.22   90.84   69.01   98.38
07:30:26 68.22   90.72   69.13   97.36
07:31:29 68.11   89.83   69.01   96.58
07:32:33 68.22   89.04   69.01   95.79
07:33:36 68.11   88.93   69.01   95.22
07:34:39 68.11   88.36   68.90   94.55
07:35:43 68.11   88.25   68.90   94.10
07:36:46 68.11   87.80   68.90   93.65
07:37:49 68.11   87.58   68.79   93.20
07:38:53 68.11   87.24   68.79   92.75
07:39:56 68.11   86.68   68.90   92.41
07:40:59 68.00   87.01   68.79   92.08
07:42:03 68.00   86.45   68.79   91.74
07:43:06 68.00   86.45   68.79   91.40
07:44:09 68.00   86.34   68.79   91.18
07:45:13 68.00   86.11   68.79   90.95
07:46:16 68.00   85.78   68.79   90.61
07:47:19 68.00   85.78   68.68   90.39
07:48:23 68.00   85.55   68.68   90.16
07:49:26 68.00   85.33   68.68   89.83
07:50:29 67.89   85.21   68.68   89.60
07:51:33 68.00   84.99   68.56   89.38
07:52:36 68.00   85.10   68.56   89.26
07:53:39 67.89   85.10   68.56   88.93
07:54:43 67.89   84.76   68.56   88.70
07:55:46 67.89   84.76   68.68   88.47
07:56:49 67.89   84.54   68.56   88.25
07:57:53 67.89   84.31   68.45   88.03
07:58:56 67.89   84.31   68.45   87.91
07:59:59 67.78   84.31   68.45   87.80
08:01:03 67.89   83.97   68.45   87.58
08:02:06 67.78   84.09   68.34   87.35
08:03:09 67.89   83.97   68.34   87.13
08:04:13 67.78   84.09   68.45   87.01
08:05:16 67.89   83.97   68.45   86.90
08:06:20 67.78   83.97   68.34   86.79
08:07:23 67.78   83.97   68.34   86.68
08:08:26 67.78   83.97   68.34   86.45
08:09:30 67.78   83.64   68.22   86.34
08:10:33 67.78   83.41   68.22   86.11
08:11:36 67.78   83.41   68.22   86.11
08:12:40 67.78   83.41   68.22   85.89
08:13:43 67.78   83.30   68.22   85.66
08:14:46 67.66   83.30   68.22   85.55
08:15:50 67.78   83.53   68.22   85.44
08:16:53 67.78   83.30   68.22   85.21
08:17:56 67.66   83.19   68.11   85.21
08:19:00 67.66   83.19   68.11   85.10
08:20:03 67.66   83.08   68.11   85.10
08:21:06 67.66   84.76   68.11   85.10
08:22:10 68.56   118.63   68.22   84.99
08:23:13 69.46   145.06   68.56   85.33
08:24:15 69.91   133.48   68.68   86.00
08:25:19 70.25   111.65   68.68   86.34
08:26:22 69.69   110.64   68.56   86.34
08:27:26 69.13   108.95   68.34   86.22
08:28:29 68.79   106.70   68.45   86.00
08:29:32 68.56   105.80   68.45   85.89
08:30:36 68.45   106.70   68.34   85.66
08:31:39 68.34   105.46   68.34   85.55
08:32:42 68.22   104.11   68.22   85.33
08:33:46 68.11   102.54   68.34   85.21
08:34:49 68.11   101.64   68.34   85.10
08:35:52 68.00   99.73   68.34   84.99
08:36:56 68.00   98.26   68.22   84.88
08:37:59 68.00   97.25   68.22   84.76
08:39:02 67.89   95.56   68.11   101.53
08:40:06 67.89   95.22   68.11   104.68
08:41:09 67.89   93.88   68.11   105.69
08:42:12 67.89   92.86   68.11   106.36
08:43:16 67.89   91.74   68.11   106.70
08:44:19 67.89   91.18   68.11   106.81
08:45:22 67.89   90.72   68.11   106.81
08:46:26 67.89   90.16   68.11   106.70
08:47:29 67.78   89.60   68.00   106.48
08:48:32 67.78   89.04   68.11   106.25
08:49:36 67.78   88.36   68.00   106.03
08:50:39 67.78   88.03   68.00   105.69
08:51:42 68.00   101.75   68.00   105.46
08:52:46 69.58   137.86   68.45   105.24
08:53:48 70.14   149.00   68.45   105.35
08:54:51 70.47   126.16   68.56   105.46
08:55:55 70.47   112.44   68.56   105.13
08:56:58 69.80   112.10   68.56   104.11
08:58:02 69.24   110.30   68.45   103.10
08:59:05 68.90   111.31   68.34   102.43
09:00:08 68.68   109.74   68.34   101.75
09:01:12 68.56   108.39   68.34   101.30
09:02:15 68.45   106.36   68.22   100.74
09:03:18 68.34   104.90   68.22   100.18
09:04:22 68.34   102.99   68.22   99.73
09:05:25 68.22   101.30   68.22   99.16
09:06:28 68.22   99.50   68.22   98.71
09:07:32 68.11   98.26   68.11   102.76
09:08:35 68.11   97.14   68.11   104.79
09:09:38 68.11   96.46   68.11   103.33
09:10:42 68.68   112.33   68.11   101.75
09:11:45 70.36   139.89   68.45   100.29
09:12:48 70.93   152.15   68.56   100.06
09:13:51 71.38   158.56   68.68   101.30
09:14:53 71.71   145.18   68.79   101.53
09:15:56 72.05   151.59   68.79   101.41
09:16:59 72.28   159.35   68.90   101.30
09:18:02 72.61   149.11   69.01   101.30
09:19:05 72.84   149.90   69.13   101.19
09:20:08 73.06   158.34   69.24   101.19
09:21:11 73.18   154.63   69.35   101.19
09:22:14 73.40   148.89   69.46   101.08
09:23:17 73.63   142.36   69.58   100.96
09:24:20 73.74   117.61   69.58   100.85
09:25:23 72.95   114.58   69.69   103.10
09:26:26 71.71   115.36   69.80   103.21
09:27:30 71.04   113.34   69.69   102.31
09:28:33 70.59   118.29   69.58   101.75
09:29:36 72.39   138.31   69.80   101.30
09:30:39 72.84   151.25   69.91   101.41
09:31:42 72.95   159.24   70.03   101.64
09:32:45 73.29   149.90   70.03   101.64
09:33:48 73.51   147.09   70.14   101.64
09:34:51 73.74   125.26   70.14   101.53
09:35:54 73.51   113.23   70.25   101.19
09:36:58 72.28   114.46   70.25   100.63
09:38:01 71.38   114.35   70.25   100.06
09:39:04 70.81   112.66   70.14   99.50
09:40:08 71.04   119.41   70.14   99.16
09:41:11 72.50   140.00   70.36   98.94
09:42:14 72.95   152.49   70.36   99.05
09:43:17 73.29   160.14   70.47   107.38
09:44:20 73.63   141.80   70.47   109.96
09:45:23 73.85   116.15   70.59   109.96
09:46:26 72.95   115.70   70.47   108.95
09:47:29 71.83   116.26   70.59   107.71
09:48:33 71.04   116.26   70.47   106.59
09:49:36 70.70   116.49   70.36   105.69
09:50:39 70.25   116.60   70.36   104.90
09:51:43 72.16   134.26   70.59   104.23
09:52:46 72.72   148.32   70.70   104.11
09:53:49 73.06   157.89   70.70   104.11
09:54:51 73.51   148.44   70.81   104.11
09:55:55 73.85   120.88   70.81   103.89
09:56:58 73.29   115.14   70.93   103.44
09:58:01 72.16   116.04   70.81   102.65
09:59:05 71.26   115.36   70.70   101.98
10:00:08 70.70   115.59   70.70   101.30
10:01:11 70.36   115.14   70.70   100.85
10:02:15 70.03   113.00   70.59   100.40
10:03:18 69.80   111.31   70.59   99.95
10:04:21 69.69   109.29   70.47   99.50
10:05:25 69.58   108.28   70.47   99.05
10:06:28 69.35   109.63   70.47   98.71
10:07:31 71.83   135.16   70.70   98.60
10:08:34 72.61   149.68   70.81   98.83
10:09:37 73.06   150.35   70.81   99.05
10:10:40 73.29   123.91   70.93   99.28
10:11:43 73.06   113.79   70.93   99.05
10:12:47 71.94   114.69   70.81   98.60
10:13:50 71.15   113.79   70.70   98.15
10:14:53 70.59   114.46   70.81   97.81
10:15:57 70.25   113.79   70.70   97.36
10:17:00 70.03   112.78   70.70   97.03
10:18:04 69.69   110.86   70.70   96.69
10:19:07 69.58   109.06   70.70   96.35
10:20:10 69.46   107.38   70.70   96.01
10:21:14 69.35   106.03   70.70   95.68
10:22:17 69.35   104.45   70.59   95.34
10:23:20 69.13   103.33   70.47   95.00
10:24:24 69.13   101.98   70.25   94.78
10:25:27 69.13   100.85   70.36   94.55
10:26:30 69.01   99.50   70.36   94.21
10:27:34 69.01   98.60   70.47   93.99
10:28:37 68.90   97.92   70.59   93.76
10:29:40 68.90   96.69   70.36   93.54
10:30:44 68.79   95.90   70.47   93.31
10:31:47 68.79   95.45   70.14   93.09
10:32:50 68.79   94.78   70.14   92.86
10:33:54 68.68   93.99   70.14   92.53
10:34:57 68.56   93.65   70.03   92.19
10:36:00 68.56   93.09   70.03   92.08
10:37:04 68.45   92.53   69.91   91.85
10:38:07 68.45   91.96   69.91   91.63
10:39:10 68.34   91.51   69.91   91.40
10:40:14 68.34   91.18   69.80   91.18
10:41:17 68.34   90.84   69.80   91.06
10:42:20 68.22   90.39   69.69   90.84
10:43:24 68.22   90.05   69.69   90.72
10:44:27 68.22   89.83   69.69   90.50
10:45:30 68.22   89.49   69.58   90.39
10:46:34 68.22   89.26   69.69   90.28
10:47:37 68.11   89.15   69.58   90.05
10:48:40 68.11   89.04   69.58   89.94
10:49:44 68.11   88.81   69.58   89.71
10:50:47 68.11   88.47   69.46   89.60
10:51:50 68.11   88.25   69.46   89.49
10:52:54 68.11   88.25   69.46   89.26
10:53:57 68.00   88.03   69.46   89.04
10:55:00 68.00   87.58   69.35   88.81
10:56:04 68.00   87.35   69.35   88.70
10:57:07 68.00   87.01   69.35   88.59
10:58:10 68.00   87.01   69.46   88.47
10:59:14 68.00   87.13   69.35   88.47
11:00:17 68.00   87.13   69.35   88.59
11:01:20 68.00   87.01   69.35   88.47
11:02:24 68.00   87.01   69.35   88.47
11:03:27 68.00   86.90   69.35   88.36
11:04:30 68.00   86.68   69.24   88.14
11:05:34 67.89   86.22   69.24   87.91
11:06:37 67.89   86.22   69.24   87.80
11:07:40 67.89   86.22   69.24   87.69
11:08:44 67.89   86.11   69.13   87.58
11:09:47 67.89   85.89   69.13   87.46
11:10:50 67.89   86.00   69.13   87.24
11:11:54 67.89   85.66   69.13   87.13
11:12:57 67.89   85.78   69.13   87.01
11:14:01 67.89   85.55   69.01   87.01
11:15:04 67.89   85.55   69.13   86.90
11:16:07 67.89   85.44   69.01   86.79
11:17:11 67.89   85.21   69.01   86.68
11:18:14 67.89   85.21   69.01   86.45
11:19:17 67.89   85.21   69.01   95.45
11:20:21 67.89   85.44   69.01   103.78
11:21:24 67.89   85.21   68.90   105.69
11:22:27 67.89   85.21   68.90   106.36
11:23:28 67.89   84.99   69.01   107.04
11:24:31 67.89   84.99   69.01   107.38
11:25:34 67.89   84.99   69.01   107.60
11:26:38 68.00   85.10   69.13   107.60
11:27:41 68.00   84.99   69.13   107.38
11:28:44 68.00   85.21   69.13   107.15
11:29:48 68.00   85.10   69.24   106.70
11:30:51 68.00   84.88   69.24   106.14
11:31:54 68.00   84.99   69.24   106.70
11:32:58 68.11   84.88   69.24   107.60
11:34:01 68.11   84.76   69.24   107.26
11:35:04 68.11   84.88   69.24   108.95
11:36:08 68.11   84.65   69.24   109.51
11:37:11 68.11   84.88   69.13   109.40
11:38:14 68.11   84.76   69.24   109.40
11:39:18 68.11   84.76   69.24   109.06
11:40:21 68.11   84.76   69.24   107.49
11:41:24 68.11   84.76   69.13   105.80
11:42:28 68.11   84.54   69.24   103.78
11:43:31 68.11   84.31   69.13   101.75
11:44:34 68.11   84.43   69.01   100.85
11:45:38 68.11   84.31   69.01   100.18
11:46:41 68.11   84.20   69.01   99.73
11:47:44 68.00   84.54   69.01   99.28
11:48:48 68.00   84.65   69.01   98.94
11:49:51 68.11   84.31   69.01   98.49
11:50:54 68.00   84.43   69.01   98.15
11:51:58 68.00   84.54   69.13   97.70
11:53:01 68.00   84.43   69.01   97.25
11:54:04 68.00   84.20   69.01   96.91
11:55:08 68.00   84.20   69.01   96.58
11:56:11 68.00   84.09   69.01   96.13
11:57:14 68.00   83.97   69.13   95.79
11:58:18 68.00   84.09   69.01   95.56
11:59:21 68.00   84.20   69.01   95.34
12:00:24 68.00   84.09   68.90   94.89
12:01:28 68.00   84.09   68.79   94.66
12:02:31 68.00   83.97   68.90   94.55
12:03:34 68.00   83.86   68.90   94.44
12:04:38 68.00   83.75   69.01   94.33
12:05:41 68.00   83.86   69.01   94.10
12:06:44 68.00   83.75   68.90   93.88
12:07:48 68.00   83.86   69.01   93.76
12:08:51 68.00   83.75   68.90   93.65
12:09:54 68.00   83.97   68.90   93.54
12:10:58 68.00   83.75   68.90   93.43
12:12:01 68.00   83.86   69.01   93.31
12:13:04 68.00   85.44   69.01   93.09
12:14:08 69.35   117.39   69.13   92.97
12:15:11 70.81   145.51   69.35   93.31
12:16:14 71.38   142.93   69.46   93.65
12:17:17 71.94   116.83   69.58   93.88
12:18:20 71.38   112.21   69.58   93.99
12:19:24 70.47   110.98   69.46   93.65
12:20:27 69.80   111.65   69.46   93.43
12:21:30 69.46   111.31   69.46   93.09
12:22:34 69.13   108.73   69.46   92.86
12:23:37 69.01   107.38   69.46   92.53
12:24:40 68.79   105.46   69.35   92.30
12:25:44 68.68   103.66   69.35   92.08
12:26:47 68.56   102.54   69.35   91.96
12:27:50 68.56   100.96   69.35   91.74
12:28:54 68.45   99.95   69.35   91.51
12:29:57 68.45   99.28   69.35   91.40
12:31:00 68.34   97.48   69.35   91.18
12:32:04 68.34   97.36   69.35   90.84
12:33:07 69.80   122.68   69.35   90.72
12:34:10 71.04   144.16   69.58   90.95
12:35:13 71.60   150.57   69.80   91.51
12:36:16 72.16   125.60   69.91   91.96
12:37:19 72.05   112.66   69.91   92.08
12:38:23 70.93   112.89   69.80   91.85
12:39:26 70.14   110.75   69.80   91.51
12:40:29 69.69   110.08   69.80   91.06
12:41:33 69.35   110.53   69.80   90.84
12:42:36 69.13   108.84   69.80   90.61
12:43:39 68.90   108.05   69.69   90.50
12:44:43 68.79   106.25   69.69   90.28
12:45:46 68.68   104.79   69.69   90.05
12:46:49 68.68   102.99   69.69   89.83
12:47:53 68.56   101.98   69.58   89.71
12:48:56 68.56   100.51   69.58   89.49
12:50:00 68.45   100.74   69.58   89.26
12:51:03 70.03   125.04   69.69   89.38
12:52:06 71.15   144.95   69.80   89.71
12:53:09 71.71   150.46   69.91   90.28
12:54:12 72.16   125.49   70.14   90.61
12:55:15 72.05   113.23   70.14   90.61
12:56:19 70.93   113.23   70.14   90.50
12:57:22 70.25   111.88   70.14   90.16
12:58:25 69.80   112.78   70.03   89.94
12:59:29 69.46   111.65   70.03   89.71
13:00:32 69.24   110.41   70.03   89.49
13:01:35 69.01   108.50   70.03   89.38
13:02:39 68.90   106.81   69.91   89.15
13:03:42 68.79   104.79   69.91   88.93
13:04:45 68.68   103.21   69.80   88.70
13:05:49 68.56   101.98   69.80   88.59
13:06:52 68.56   100.74   69.80   88.47
13:07:55 68.56   106.48   69.80   88.36
13:08:59 70.93   136.51   70.03   88.47
13:10:01 71.60   150.57   70.14   89.04
13:11:04 72.05   139.32   70.36   89.71
13:12:08 72.50   114.69   70.36   89.94
13:13:11 71.71   113.45   70.47   89.94
13:14:14 70.70   112.78   70.36   89.60
13:15:18 70.14   110.19   70.25   89.38
13:16:21 69.69   108.95   70.25   89.15
13:17:24 69.46   110.41   70.25   89.04
13:18:28 69.24   109.51   70.25   88.93
13:19:31 69.01   107.71   70.14   88.70
13:20:34 68.90   106.14   70.14   88.47
13:21:38 68.79   104.23   70.14   88.36
13:22:41 68.79   102.88   70.14   88.14
13:23:44 68.68   101.64   70.03   88.14
13:24:48 68.68   100.96   70.03   88.03
13:25:51 70.03   123.01   70.03   88.03
13:26:54 71.49   143.60   70.25   88.36
13:27:57 71.94   152.04   70.47   88.93
13:29:00 72.50   128.86   70.59   89.49
13:30:03 72.50   113.23   70.70   89.49
13:31:07 71.38   113.56   70.59   89.38
13:32:10 70.59   113.79   70.47   89.15
13:33:13 70.03   114.01   70.47   88.93
13:34:17 69.69   112.78   70.47   88.59
13:35:20 69.46   110.64   70.36   88.47
13:36:23 69.24   108.61   70.36   88.25
13:37:27 69.01   107.15   70.36   88.14
13:38:30 69.01   105.91   70.25   88.03
13:39:33 68.90   104.23   70.25   87.80
13:40:37 68.79   102.31   70.25   87.80
13:41:40 68.79   101.41   70.14   87.69
13:42:44 68.68   100.06   70.14   87.58
13:43:47 68.68   99.28   70.14   87.58
13:44:50 68.56   97.92   70.14   87.58
13:45:54 68.56   97.70   70.14   87.35
13:46:57 70.03   122.45   70.25   87.35
13:48:00 71.38   144.50   70.36   87.69
13:49:03 72.05   146.75   70.47   88.36
13:50:06 72.50   121.10   70.70   88.81
13:51:09 72.16   113.23   70.70   88.93
13:52:13 71.15   113.00   70.70   88.70
13:53:16 70.36   111.54   70.59   88.47
13:54:19 70.03   112.44   70.59   88.25
13:55:23 69.69   111.65   70.59   88.14
13:56:26 69.35   109.85   70.47   88.03
13:57:29 69.24   108.16   70.47   87.80
13:58:33 69.13   106.70   70.47   87.69
13:59:36 69.01   105.24   70.36   87.69
14:00:39 68.90   103.33   70.36   87.46
14:01:43 68.79   101.98   70.25   87.46
14:02:46 68.79   101.08   70.25   87.35
14:03:49 68.79   99.84   70.25   87.24
14:04:53 68.68   98.38   70.25   87.13
14:05:56 68.56   97.81   70.25   87.01
14:06:59 68.56   96.46   70.25   87.01
14:08:03 68.56   95.68   70.14   86.90
14:09:06 68.56   94.78   70.14   86.90
14:10:09 68.45   94.33   70.14   86.79
14:11:13 68.45   93.43   70.25   86.56
14:12:16 68.45   92.97   70.14   86.56
14:13:20 68.45   92.75   70.14   86.56
14:14:23 69.58   115.81   70.14   86.68
14:15:26 71.15   143.15   70.36   86.90
14:16:29 71.83   148.10   70.47   87.58
14:17:32 72.39   122.90   70.70   88.14
14:18:35 72.16   113.00   70.70   88.25
14:19:39 71.15   113.00   70.70   88.14
14:20:42 70.36   111.54   70.59   87.80
14:21:45 69.91   109.29   70.59   87.69
14:22:49 69.58   107.38   70.47   87.58
14:23:52 69.46   108.95   70.47   87.46
14:24:55 69.24   107.94   70.36   87.13
14:25:59 69.13   106.48   70.36   87.01
14:27:02 69.01   104.34   70.47   86.90
14:28:05 68.90   103.33   70.36   86.79
14:29:09 68.90   101.98   70.36   86.68
14:30:12 68.79   100.96   70.25   86.45
14:31:15 68.68   99.39   70.36   86.45
14:32:19 68.68   98.49   70.36   86.34
14:33:22 68.68   97.25   70.25   86.34
14:34:25 68.56   96.58   70.25   86.34
14:35:29 68.56   95.56   70.14   86.22
14:36:32 68.56   94.78   70.25   86.22
14:37:36 68.56   94.21   70.14   86.22
14:38:39 68.56   93.31   70.14   86.11
14:39:42 68.45   92.75   70.03   86.11
14:40:46 68.45   91.85   70.14   85.89
14:41:49 68.45   91.40   70.14   85.89
14:42:52 68.45   91.40   70.03   85.78
14:43:56 68.45   90.72   70.03   85.78
14:44:59 68.34   90.39   70.03   102.65
14:46:02 68.34   89.83   70.03   105.13
14:47:06 68.34   89.71   70.03   106.48
14:48:09 68.34   89.38   70.03   106.93
14:49:12 68.34   89.49   69.91   107.04
14:50:16 68.34   88.93   69.91   106.93
14:51:19 68.34   88.81   69.91   106.59
14:52:22 68.34   88.25   69.91   105.91
14:53:26 68.34   88.03   69.91   105.35
14:54:29 68.34   88.14   69.91   104.79
14:55:32 68.34   87.69   69.91   104.23
14:56:36 68.34   87.35   69.91   103.66
14:57:39 68.34   87.58   69.80   102.99
14:58:42 68.45   87.24   69.91   102.43
14:59:46 68.34   87.24   69.80   101.86
15:00:49 68.34   86.79   69.80   101.30
15:01:52 68.34   87.13   69.69   100.74
15:02:56 68.45   86.79   69.69   100.29
15:03:59 68.34   86.68   69.69   99.84
15:05:02 68.34   86.45   69.69   99.39
15:06:06 68.45   86.22   69.69   99.05
15:07:09 68.45   86.11   69.58   98.71
15:08:13 68.34   86.11   69.58   98.26
15:09:16 68.45   85.89   69.58   97.92
15:10:19 68.34   86.00   69.46   97.70
15:11:23 68.45   85.78   69.58   97.36
15:12:26 68.45   85.89   69.46   96.91
15:13:29 68.45   85.66   69.58   96.80
15:14:33 68.45   85.66   69.58   96.46
15:15:36 68.45   85.44   69.58   96.24
15:16:39 68.45   85.55   69.46   96.01
15:17:43 68.45   85.55   69.46   95.90
15:18:46 68.45   85.21   69.46   95.68
15:19:49 68.45   85.10   69.46   95.56
15:20:53 68.45   85.21   69.46   106.59
15:21:56 68.45   85.10   69.46   110.19
15:22:59 68.45   84.99   69.35   109.63
15:24:03 68.34   84.99   69.35   109.40
15:25:06 68.34   84.76   69.35   109.18
15:26:09 68.34   84.76   69.35   109.18
15:27:13 68.34   87.24   69.35   109.18
15:28:16 70.14   122.79   69.46   109.18
15:29:19 71.49   146.30   69.69   109.40
15:30:22 72.05   131.00   69.80   109.74
15:31:25 72.39   112.21   69.80   109.74
15:32:29 71.26   111.09   69.80   109.51
15:33:32 70.47   111.20   69.69   108.84
15:34:35 69.91   111.65   69.69   108.16
15:35:39 69.58   110.08   69.69   107.49
15:36:42 69.35   108.28   69.69   106.70
15:37:45 69.13   106.81   69.69   105.91
15:38:49 69.01   104.90   69.80   104.79
15:39:52 69.01   102.99   69.69   104.00
15:40:55 69.01   101.75   69.80   103.89
15:41:59 68.90   101.08   69.91   103.44
15:43:02 68.90   99.50   69.80   102.99
15:44:05 68.90   98.26   69.80   102.54
15:45:09 68.79   97.25   69.80   102.09
15:46:12 68.90   96.01   69.80   101.64
15:47:15 68.79   95.11   69.80   101.08
15:48:19 68.90   94.33   69.80   100.63
15:49:22 68.79   93.99   69.91   100.18
15:50:25 68.79   92.97   69.80   99.73
15:51:29 68.79   92.19   69.91   99.28
15:52:32 68.79   91.74   69.91   98.94
15:53:35 68.79   90.95   70.03   98.49
15:54:39 68.79   90.16   69.91   98.04
15:55:42 68.68   90.16   69.91   97.70
15:56:45 68.68   89.49   69.80   97.36
15:57:49 68.56   89.83   69.91   97.03
15:58:52 69.58   110.86   69.80   96.80
15:59:55 71.49   141.24   70.03   96.80
16:00:58 72.05   140.45   70.25   97.14
16:02:01 72.50   115.81   70.36   97.25
16:03:05 71.83   111.65   70.36   97.36
16:04:08 70.93   110.19   70.47   97.14
16:05:11 70.36   108.50   70.36   96.91
16:06:15 70.03   109.29   70.25   96.58
16:07:18 69.69   108.50   70.14   96.24
16:08:21 69.58   107.60   70.14   96.01
16:09:25 69.35   105.80   70.25   95.79
16:10:28 69.24   104.34   70.25   95.68
16:11:31 69.13   102.65   70.25   95.34
16:12:35 69.13   101.30   70.14   95.11
16:13:38 69.01   99.95   70.25   94.89
16:14:41 69.01   98.49   70.25   94.78
16:15:45 69.01   97.92   70.14   94.55
16:16:48 69.01   96.35   70.14   94.33
16:17:52 68.90   95.68   70.14   93.99
16:18:55 68.90   94.78   70.14   93.88
16:19:58 68.90   94.21   70.14   93.65
16:21:02 68.79   93.43   70.14   93.43
16:22:05 68.79   92.86   70.03   93.31
16:23:08 68.79   92.30   70.03   93.20
16:24:12 68.68   91.63   69.91   92.97
16:25:15 68.68   90.95   69.91   92.75
16:26:18 68.56   90.84   69.91   92.64
16:27:22 68.56   90.05   69.80   92.41
16:28:25 68.56   89.60   69.80   92.19
16:29:28 68.56   89.26   69.69   91.96
16:30:32 68.45   89.04   69.69   91.85
16:31:35 68.45   88.25   69.80   91.63
16:32:38 68.45   88.03   69.80   91.29
16:33:42 68.45   88.14   69.58   91.18
16:34:45 68.45   87.69   69.58   90.95
16:35:48 68.34   87.46   69.58   90.84
16:36:52 68.34   87.13   69.46   90.61
16:37:55 68.34   87.01   69.58   90.39
16:38:58 68.34   86.90   69.69   90.28
16:40:02 68.34   86.68   69.69   90.05
16:41:05 68.34   86.56   69.80   89.83
16:42:08 68.22   86.45   69.69   89.71
16:43:12 68.22   86.22   69.58   89.71
16:44:15 68.22   86.00   69.69   89.60
16:45:18 68.22   85.89   69.58   89.38
16:46:22 68.22   85.89   69.69   89.26
16:47:25 68.22   85.55   69.58   89.15
16:48:28 68.22   85.55   69.58   89.04
16:49:32 68.11   85.33   69.58   88.81
16:50:35 68.11   84.99   69.58   88.70
16:51:39 68.11   85.21   69.58   88.47
16:52:42 68.11   84.76   69.46   88.25
16:53:45 68.11   84.99   69.46   88.25
16:54:49 68.11   84.76   69.46   88.14
16:55:52 68.11   84.76   69.46   88.03
16:56:55 68.11   84.76   69.46   87.80
16:57:59 68.11   84.65   69.35   87.69
16:59:02 68.11   84.43   69.46   87.58
17:00:05 68.11   84.43   69.35   87.46
17:01:09 68.11   84.31   69.35   87.35
17:02:12 68.11   84.31   69.35   87.24
17:03:15 68.11   84.20   69.35   87.13
17:04:19 68.11   84.09   69.24   87.01
17:05:22 68.00   84.09   69.24   86.90
17:06:25 68.00   83.97   69.35   86.79
17:07:29 68.00   83.75   69.35   86.68
17:08:32 68.00   83.97   69.24   86.45
17:09:35 68.00   90.84   69.35   86.45
17:10:39 70.25   134.71   69.46   86.56
17:11:41 71.04   146.53   69.58   87.13
17:12:45 71.49   123.46   69.69   87.58
17:13:48 71.38   111.88   69.69   87.80
17:14:51 70.47   110.64   69.58   87.69
17:15:55 69.91   109.06   69.35   87.46
17:16:58 69.46   109.74   69.46   87.35
17:18:01 69.24   109.06   69.35   87.24
17:19:05 69.01   107.49   69.46   95.34
17:20:08 68.90   105.91   69.35   98.26
17:21:11 68.79   104.00   69.46   98.60
17:22:15 68.68   102.31   69.46   98.38
17:23:18 68.56   101.41   69.46   97.48
17:24:21 68.56   99.73   69.46   96.58
17:25:25 68.45   98.49   69.46   95.68
17:26:28 68.45   97.14   69.35   94.89
17:27:31 68.34   96.24   69.35   94.33
17:28:35 68.34   94.89   69.46   93.65
17:29:38 68.34   94.10   69.35   93.20
17:30:41 68.34   92.86   69.35   92.75
17:31:45 68.22   92.30   69.35   92.30
17:32:48 68.22   91.51   69.35   91.96
17:33:51 68.22   90.95   69.35   91.63
17:34:55 68.22   91.85   69.35   91.29
17:35:58 69.35   117.84   69.46   91.40
17:37:01 70.70   143.04   69.58   91.51
17:38:04 71.15   146.64   69.80   91.74
17:39:07 71.04   121.21   69.91   91.96
17:40:11 70.93   112.44   69.91   91.96
17:41:14 70.25   112.78   69.80   91.63
17:42:17 69.80   109.96   69.69   91.29
17:43:21 69.58   108.61   69.69   90.84
17:44:24 69.46   109.63   69.46   90.61
17:45:27 69.24   108.39   69.13   90.28
17:46:31 69.13   107.15   69.13   91.63
17:47:34 69.01   105.91   69.01   93.20
17:48:37 68.90   103.89   69.01   93.09
17:49:41 68.79   101.41   69.13   92.64
17:50:44 68.68   100.29   69.01   92.30
17:51:47 68.56   102.20   69.13   91.96
17:52:51 70.36   133.03   69.35   91.74
17:53:54 71.26   148.10   69.58   91.96
17:54:56 71.71   141.57   69.80   92.30
17:56:00 72.16   115.93   69.91   92.41
17:57:03 71.49   113.34   69.80   92.30
17:58:06 70.59   113.11   69.91   91.96
17:59:10 70.03   110.19   69.80   91.63
18:00:13 69.69   111.31   69.80   91.18
18:01:16 69.35   110.75   69.80   90.84
18:02:20 69.13   108.28   69.80   90.61
18:03:23 69.01   106.36   69.69   91.85
18:04:26 68.90   105.24   69.80   96.35
18:05:30 68.79   103.44   69.80   104.56
18:06:33 68.68   102.09   69.80   107.49
18:07:36 68.56   100.96   69.80   108.28
18:08:40 68.56   100.06   69.80   108.50
18:09:43 68.56   98.15   69.80   108.05
18:10:46 68.45   96.80   69.58   107.15
18:11:50 68.45   96.46   69.69   106.03
18:12:53 68.45   95.00   69.69   104.79
18:13:56 68.45   93.76   69.69   103.66
18:15:00 68.34   93.31   69.69   102.65
18:16:03 68.34   92.86   69.58   101.75
18:17:06 68.34   92.53   69.58   100.85
18:18:10 68.34   91.74   69.58   103.44
18:19:13 68.34   90.72   69.58   106.25
18:20:17 68.34   90.28   69.46   107.04
18:21:20 68.34   90.16   69.58   107.60
18:22:23 68.34   89.71   69.46   107.71
18:23:27 68.34   89.38   69.58   107.38
18:24:30 68.34   88.93   69.58   106.93
18:25:33 68.34   88.47   69.46   106.36
18:26:37 68.34   88.59   69.46   105.91
18:27:40 68.34   88.59   69.46   105.46
18:28:43 68.22   88.03   69.46   104.90
18:29:47 68.34   87.69   69.58   104.34
18:30:50 68.22   87.46   69.46   103.78
18:31:53 68.22   87.13   69.46   103.21
18:32:57 68.22   86.56   69.46   102.76
18:34:00 68.22   86.56   69.46   105.01
18:35:03 68.22   86.45   69.46   111.31
18:36:07 68.22   86.22   69.46   111.54
18:37:10 68.22   85.78   69.35   110.64
18:38:13 68.22   86.00   69.35   109.63
18:39:17 68.22   85.78   69.35   108.50
18:40:20 68.22   85.33   69.35   107.49
18:41:23 68.22   85.33   69.35   106.48
18:42:27 68.22   85.33   69.24   105.46
18:43:30 68.22   85.21   69.24   104.56
18:44:33 68.22   84.88   69.24   103.78
18:45:37 68.22   84.88   69.24   103.10
18:46:40 68.22   84.88   69.35   102.54
18:47:43 68.22   84.76   69.24   101.86
18:48:47 68.11   84.76   69.24   101.30
18:49:50 68.11   84.65   69.24   100.74
18:50:53 68.11   84.31   69.24   100.18
18:51:57 68.11   84.43   69.35   99.73
18:53:00 68.11   84.09   69.13   99.28
18:54:04 68.00   84.31   69.13   98.71
18:55:07 68.00   84.09   69.13   98.26
18:56:10 68.00   84.20   69.01   97.92
18:57:14 68.00   83.97   69.01   97.48
18:58:17 68.00   83.75   69.01   96.91
18:59:20 68.00   83.86   69.13   96.58
19:00:24 68.00   83.75   69.01   96.24
19:01:27 68.00   83.64   69.01   95.79
19:02:30 68.00   83.53   68.90   95.45
19:03:34 68.00   83.53   69.01   95.00
19:04:37 68.00   83.53   69.01   94.66
19:05:40 67.89   83.53   69.01   94.33
19:06:44 67.89   83.53   69.01   93.99
19:07:47 67.89   83.86   68.90   93.54
19:08:50 67.89   83.41   68.90   93.20
19:09:54 67.89   83.41   68.79   92.97
19:10:57 67.89   83.19   68.90   92.75
19:12:00 67.89   83.19   68.79   105.01
19:13:04 67.89   83.30   68.79   110.53
19:14:07 67.89   83.19   68.90   112.33
19:15:10 67.89   82.96   68.79   112.44
19:16:14 67.89   83.19   68.79   111.88
19:17:17 67.89   83.41   68.79   110.75
19:18:20 67.89   83.08   68.90   109.40
19:19:24 67.89   82.96   68.90   108.16
19:20:27 67.89   82.74   68.90   106.70
19:21:30 67.89   82.96   68.90   105.58
19:22:34 67.89   83.30   68.90   104.56
19:23:37 67.89   83.08   68.79   103.66
19:24:41 67.89   83.08   68.79   102.65
19:25:44 67.89   83.08   68.79   101.98
19:26:47 67.89   82.96   68.90   101.08
19:27:51 67.89   82.96   68.79   100.29
19:28:54 67.89   83.08   68.68   99.73
19:29:57 67.89   83.19   68.79   99.16
19:31:01 67.89   82.96   68.68   98.60
19:32:04 67.89   82.74   68.68   97.92
19:33:07 67.89   82.74   68.68   97.36
19:34:11 67.89   82.51   68.68   96.91
19:35:14 67.89   82.85   68.79   96.46
19:36:17 67.89   82.85   68.79   96.01
19:37:21 67.78   83.08   68.79   95.45
19:38:24 67.89   83.08   68.68   95.11
19:39:27 67.89   82.85   68.68   94.66
19:40:31 67.89   82.85   68.68   94.21
19:41:34 67.89   82.74   68.68   93.88
19:42:37 67.89   82.51   68.56   93.54
19:43:41 67.78   82.63   68.68   93.09
19:44:44 67.89   82.29   68.68   92.64
19:45:47 67.78   82.74   68.68   92.41
19:46:51 67.78   82.40   68.56   92.08
19:47:54 67.78   82.63   68.68   91.74
19:48:57 67.78   82.63   68.56   91.51
19:50:01 67.78   82.63   68.68   91.18
19:51:04 67.78   82.40   68.68   90.84
19:52:07 67.78   82.40   68.56   90.61
19:53:11 67.78   82.29   68.56   90.39
19:54:14 67.78   82.29   68.56   89.94
19:55:17 67.78   82.29   68.56   89.71
19:56:21 67.78   82.40   68.56   89.49
19:57:24 67.78   86.45   68.56   89.26
19:58:28 69.35   129.54   68.79   89.15
19:59:30 70.14   147.99   69.01   89.49
20:00:33 70.70   128.41   69.13   89.94
20:01:37 70.81   111.43   69.13   90.16
20:02:40 70.14   110.41   69.01   90.05
20:03:43 69.46   108.84   69.01   89.60
20:04:47 69.13   106.14   69.01   89.49
20:05:50 68.90   106.70   69.01   89.15
20:06:53 68.68   106.59   69.01   88.93
20:07:57 68.56   104.79   69.01   88.70
20:09:00 68.45   103.66   69.01   88.47
20:10:04 68.45   102.31   69.01   88.36
20:11:07 68.34   100.06   68.90   88.14
20:12:10 68.34   98.71   68.90   88.03
20:13:14 68.22   97.70   68.79   87.91
20:14:17 68.11   96.24   68.79   87.69
20:15:20 68.11   95.11   68.79   87.46
20:16:24 68.11   94.44   68.79   87.24
20:17:27 68.00   94.10   68.68   87.24
20:18:30 69.13   119.86   68.79   87.01
20:19:33 70.25   143.26   69.13   87.24
20:20:36 70.81   148.21   69.24   87.80
20:21:39 71.26   122.79   69.35   88.36
20:22:43 71.04   112.33   69.35   88.47
20:23:46 70.25   112.44   69.35   88.25
20:24:49 69.69   109.85   69.24   87.91
20:25:53 69.24   107.26   69.13   87.69
20:26:56 69.01   107.83   69.13   87.46
20:27:59 68.79   107.15   69.13   87.35
20:29:03 68.68   105.69   69.13   87.24
20:30:06 68.56   104.34   69.01   87.01
20:31:09 68.45   102.88   69.01   87.01
20:32:13 68.34   101.30   68.90   86.79
20:33:16 68.34   99.61   69.01   86.68
20:34:19 68.34   98.15   69.01   86.45
20:35:23 68.22   97.25   69.01   86.45
20:36:26 68.22   95.79   69.01   86.34
20:37:29 68.22   100.18   69.01   86.45
20:38:33 70.14   135.28   69.35   86.45
20:39:36 70.81   149.90   69.46   86.90
20:40:38 71.49   141.57   69.58   87.69
20:41:42 71.71   115.25   69.69   87.91
20:42:45 71.15   113.11   69.80   87.91
20:43:48 70.36   112.33   69.58   87.69
20:44:52 69.80   110.64   69.58   87.35
20:45:55 69.46   108.73   69.46   87.13
20:46:58 69.13   109.40   69.46   87.01
20:48:02 69.01   107.94   69.35   86.79
20:49:05 68.79   106.59   69.46   86.68
20:50:08 68.79   104.56   69.58   86.56
20:51:12 68.68   103.55   69.46   86.34
20:52:15 68.56   101.86   69.46   86.34
20:53:18 68.56   100.18   69.35   86.22
20:54:22 68.45   98.83   69.35   86.11
20:55:25 68.45   97.81   69.24   86.00
20:56:28 68.45   96.13   69.13   86.00
20:57:32 68.34   95.34   69.24   85.89
20:58:35 68.34   94.33   69.24   85.66
20:59:39 68.34   93.88   69.13   85.55
21:00:42 68.22   92.97   69.24   85.44
21:01:45 68.22   92.19   69.13   85.33
21:02:49 68.22   91.40   69.24   85.33
21:03:52 68.22   91.29   69.13   85.21
21:04:55 68.22   90.28   69.24   85.10
21:05:59 68.22   89.94   69.24   84.99
21:07:02 68.11   89.38   69.13   84.99
21:08:05 68.11   89.04   69.13   84.88
21:09:09 68.11   88.59   69.13   84.88
21:10:12 68.11   88.36   69.01   84.76
21:11:15 68.00   87.80   69.01   84.65
21:12:19 68.11   87.58   69.01   84.65
21:13:22 68.11   87.35   69.01   84.54
21:14:25 68.00   86.90   69.01   84.65
21:15:29 68.00   86.45   69.01   84.54
21:16:32 68.00   86.22   68.90   84.43
21:17:35 68.00   86.00   68.90   84.31
21:18:39 68.00   85.78   68.90   84.20
21:19:42 68.00   85.66   68.90   84.09
21:20:45 68.00   85.21   69.01   84.09
21:21:49 68.00   85.44   68.90   84.09
21:22:52 68.00   85.21   69.01   83.97
21:23:55 67.89   84.88   69.01   83.97
21:24:59 68.00   84.65   68.90   83.86
21:26:02 67.89   84.54   68.90   83.86
21:27:05 67.89   84.43   68.79   83.75
21:28:09 67.89   84.20   68.68   83.64
21:29:12 67.89   84.43   68.79   83.64
21:30:16 67.89   84.43   68.79   83.64
21:31:19 67.89   84.31   68.79   83.64
21:32:22 67.89   83.75   68.90   83.53
21:33:26 67.89   84.09   68.79   83.41
21:34:29 67.89   83.75   68.79   83.30
21:35:32 67.89   83.53   68.79   83.30
21:36:36 67.89   83.86   68.79   83.19
21:37:39 67.89   83.75   68.68   83.19
21:38:42 67.89   83.75   68.68   83.08
21:39:46 67.89   83.41   68.68   83.19
21:40:49 67.78   83.64   68.68   83.08
21:41:52 67.78   83.19   68.56   82.96
21:42:56 67.78   83.97   68.56   82.85
21:43:59 68.68   111.43   68.68   82.96
21:45:02 70.03   142.48   69.01   83.30
21:46:05 70.59   144.39   69.13   84.20
21:47:08 71.15   118.51   69.35   84.76
21:48:11 70.93   111.76   69.24   84.76
21:49:15 70.03   110.53   69.24   84.65
21:50:18 69.58   108.39   69.13   84.43
21:51:22 69.13   106.81   69.01   84.31
21:52:25 68.90   107.60   69.01   84.20
21:53:28 68.68   106.93   69.01   84.31
21:54:32 68.56   104.79   69.01   84.20
21:55:35 68.45   103.44   69.01   84.09
21:56:38 68.34   102.09   69.01   83.97
21:57:42 68.34   100.51   68.90   83.86
21:58:45 68.22   98.94   68.90   83.97
21:59:48 68.22   97.25   68.90   83.86
22:00:52 68.11   96.35   68.90   83.75
22:01:55 68.11   95.45   68.90   83.64
22:02:58 68.11   94.55   68.90   83.75
22:04:02 68.11   93.76   68.90   83.64
22:05:05 68.11   93.09   68.79   83.53
22:06:08 68.11   91.96   68.79   83.53
22:07:12 68.00   91.29   68.79   83.41
22:08:15 68.00   90.50   68.79   83.30
22:09:18 68.00   90.05   68.79   83.30
22:10:22 67.89   89.26   68.79   83.19
22:11:25 67.89   88.81   68.79   83.19
22:12:28 67.89   88.59   68.79   83.19
22:13:32 67.89   88.14   68.79   83.19
22:14:35 67.89   87.91   68.79   83.19
22:15:38 67.89   87.24   68.68   83.19
22:16:42 67.78   86.90   68.68   83.08
22:17:45 67.78   86.68   68.68   82.96
22:18:48 67.78   86.56   68.68   82.96
22:19:52 67.78   86.11   68.68   82.96
22:20:55 67.78   85.78   68.68   82.96
22:21:58 67.78   85.66   68.56   82.85
22:23:02 67.78   85.44   68.56   82.96
22:24:05 67.66   85.21   68.56   99.50
22:25:09 67.66   85.10   68.56   103.33
22:26:12 67.78   85.10   68.56   102.31
22:27:15 67.66   84.54   68.45   100.63
22:28:19 67.66   84.31   68.45   99.16
22:29:22 67.66   84.20   68.45   97.92
22:30:25 67.66   83.97   68.56   96.80
22:31:29 67.66   83.97   68.45   95.79
22:32:32 67.66   84.09   68.45   95.00
22:33:35 67.66   83.97   68.45   94.21
22:34:39 67.66   83.64   68.34   93.54
22:35:42 67.66   83.53   68.34   93.20
22:36:45 67.66   83.41   68.34   92.64
22:37:49 67.66   83.19   68.34   92.08
22:38:52 67.66   83.41   68.34   91.51
22:39:55 67.66   83.19   68.34   91.18
22:40:59 67.66   83.08   68.34   90.84
22:42:02 67.66   83.08   68.22   90.39
22:43:05 67.66   83.19   68.22   90.05
22:44:09 67.55   82.85   68.22   89.71
22:45:12 67.55   82.85   68.22   89.49
22:46:15 67.55   82.85   68.22   89.15
22:47:19 67.55   82.51   68.22   88.81
22:48:22 67.55   82.40   68.22   88.47
22:49:25 67.55   82.40   68.22   88.25
22:50:29 67.55   82.63   68.22   88.03
22:51:32 67.55   82.40   68.11   87.91
22:52:35 67.55   82.40   68.11   87.46
22:53:39 67.55   82.40   68.11   87.35
22:54:42 67.44   82.06   68.22   87.13
22:55:45 67.44   82.29   68.11   87.01
22:56:49 67.44   82.29   68.11   86.68
22:57:52 67.55   82.18   68.11   86.45
22:58:55 67.55   82.18   68.11   86.22
22:59:59 67.44   82.18   68.11   86.11
23:01:02 67.44   82.06   68.11   85.89
23:02:06 67.44   81.84   68.11   85.89
23:03:09 67.44   81.95   68.11   85.66
23:04:12 67.44   81.72   68.11   85.44
23:05:16 67.44   81.84   68.00   85.33
23:06:19 67.44   81.72   68.00   85.21
23:07:22 67.44   81.72   68.00   85.10
23:08:26 67.44   81.61   68.00   94.44
23:09:29 67.44   81.84   67.89   104.11
23:10:32 67.44   81.50   68.00   106.14
23:11:36 67.44   81.61   67.89   105.91
23:12:39 67.44   81.28   68.00   105.24
23:13:42 67.44   81.61   67.89   104.34
23:14:46 67.44   81.50   67.89   103.44
23:15:49 67.44   81.39   67.89   102.65
23:16:52 67.44   81.39   68.00   101.75
23:17:56 67.33   81.39   67.89   100.96
23:18:59 67.33   81.39   67.89   100.29
23:20:02 67.33   81.50   67.89   99.50
23:21:06 67.33   81.39   67.89   98.83
23:22:09 67.33   81.28   67.89   98.15
23:23:12 67.33   81.16   67.78   97.48
23:24:16 67.33   80.94   67.78   101.98
23:25:19 67.33   81.28   67.78   104.68
23:26:22 67.33   80.94   67.78   104.45
23:27:26 67.33   81.05   67.78   103.55
23:28:29 67.21   81.05   67.78   102.65
23:29:33 67.33   80.83   67.78   101.86
23:30:36 67.33   80.83   67.66   100.96
23:31:39 67.33   81.05   67.66   100.29
23:32:43 67.21   81.28   67.66   99.61
23:33:46 67.21   81.05   67.66   98.83
23:34:49 67.33   80.83   67.66   98.15
23:35:53 67.21   80.83   67.55   97.48
23:36:56 67.21   81.05   67.55   96.80
23:37:59 67.21   80.38   67.55   96.24
23:39:03 67.21   80.49   67.55   95.68
23:40:06 67.21   80.60   67.55   95.11
23:41:09 67.21   80.94   67.55   94.55
23:42:13 67.21   80.83   67.66   93.99
23:43:16 67.21   80.83   67.55   93.54
23:44:19 67.21   80.71   67.55   93.09
23:45:23 67.21   80.49   67.55   92.64
23:46:26 67.21   80.71   67.55   92.30
23:47:29 67.21   80.38   67.55   91.85
23:48:33 67.21   80.49   67.55   91.51
23:49:36 67.21   80.71   67.55   91.06
23:50:39 67.21   80.60   67.44   90.72
23:51:43 67.21   80.49   67.44   90.39
23:52:46 67.21   80.38   67.44   90.05
23:53:49 67.21   80.49   67.44   89.71
23:54:53 67.21   80.83   67.44   89.49
23:55:56 67.10   80.26   67.44   89.15
23:56:59 67.10   80.26   67.44   88.81
23:58:03 67.10   80.26   67.44   88.47
23:59:06 67.10   80.04   67.44   88.14
