00:00:09 67.10   80.38   67.44   87.91
00:01:13 67.10   80.26   67.44   87.69
00:02:16 67.10   80.15   67.44   87.46
00:03:19 67.10   80.04   67.44   87.24
00:04:23 67.10   80.26   67.33   98.94
00:05:26 67.10   79.93   67.44   104.23
00:06:30 67.10   80.15   67.44   105.58
00:07:33 67.10   80.15   67.33   105.58
00:08:36 67.10   80.04   67.33   105.01
00:09:40 67.10   80.26   67.21   104.11
00:10:43 67.10   80.26   67.33   103.21
00:11:46 67.10   80.26   67.21   102.31
00:12:50 67.10   80.26   67.21   101.53
00:13:53 66.99   80.15   67.21   100.74
00:14:56 66.99   80.26   67.33   100.06
00:16:00 66.99   80.38   67.33   99.28
00:17:03 66.99   80.04   67.21   98.60
00:18:06 66.99   80.38   67.21   97.81
00:19:10 66.99   80.26   67.21   97.25
00:20:13 66.99   80.26   67.21   96.58
00:21:16 66.99   80.15   67.21   96.01
00:22:20 66.99   80.15   67.21   95.45
00:23:23 66.99   80.04   67.21   95.00
00:24:26 66.99   80.15   67.21   94.44
00:25:30 66.99   80.15   67.21   93.88
00:26:33 66.99   79.93   67.21   93.43
00:27:36 66.99   79.81   67.10   92.86
00:28:40 66.99   79.81   67.21   92.53
00:29:43 66.99   79.81   67.10   91.96
00:30:46 66.99   79.70   67.10   91.63
00:31:50 66.99   80.15   67.10   91.18
00:32:53 67.33   103.21   67.10   90.95
00:33:56 68.56   139.55   67.44   90.95
00:34:59 69.01   149.00   67.66   91.40
00:36:02 69.35   124.48   67.78   91.74
00:37:06 69.35   111.99   67.89   91.85
00:38:09 68.79   111.20   67.78   91.40
00:39:12 68.34   108.73   67.78   91.06
00:40:16 68.11   106.81   67.66   90.61
00:41:19 67.89   107.26   67.66   90.16
00:42:22 67.78   106.03   67.55   89.83
00:43:26 67.66   104.68   67.55   89.49
00:44:29 67.55   102.88   67.55   89.15
00:45:32 67.44   101.08   67.44   88.81
00:46:36 67.44   99.39   67.44   88.59
00:47:39 67.44   97.48   67.44   88.36
00:48:42 68.00   116.71   67.55   88.14
00:49:45 68.90   139.55   67.78   88.25
00:50:48 69.46   151.14   68.00   88.81
00:51:51 69.80   137.30   68.00   89.15
00:52:54 70.03   113.45   68.11   89.38
00:53:58 69.46   112.44   68.11   89.15
00:55:01 68.90   111.43   68.00   88.81
00:56:05 68.45   109.06   68.00   88.47
00:57:08 68.22   106.25   68.00   88.14
00:58:11 68.00   107.71   68.00   87.91
00:59:15 67.89   106.48   67.89   87.69
01:00:18 67.78   104.45   67.89   87.46
01:01:21 67.66   102.76   67.78   87.24
01:02:25 67.66   101.19   67.78   87.13
01:03:28 68.34   119.86   67.78   87.01
01:04:31 69.24   140.34   68.11   87.24
01:05:34 69.69   151.36   68.34   87.69
01:06:37 70.03   140.11   68.34   88.14
01:07:40 70.25   114.24   68.34   88.36
01:08:43 69.69   113.11   68.34   88.25
01:09:47 69.01   112.66   68.22   87.91
01:10:50 68.56   114.58   68.22   87.58
01:11:53 68.34   112.21   68.22   87.24
01:12:57 68.11   110.19   68.22   86.90
01:14:00 68.00   108.73   68.11   86.79
01:15:03 67.89   105.69   68.11   86.56
01:16:07 67.78   106.81   68.00   86.45
01:17:10 69.13   131.45   68.22   86.34
01:18:13 69.69   146.30   68.45   86.90
01:19:16 70.03   149.23   68.45   87.46
01:20:19 70.25   123.01   68.45   87.91
01:21:22 70.03   113.00   68.45   87.91
01:22:26 69.35   113.56   68.45   87.58
01:23:29 68.90   110.86   68.45   87.24
01:24:32 68.56   109.96   68.45   87.01
01:25:36 68.34   110.64   68.45   86.79
01:26:39 68.11   108.50   68.34   86.56
01:27:42 68.00   106.70   68.34   86.45
01:28:46 67.89   105.01   68.34   86.22
01:29:49 68.34   116.49   68.34   86.11
01:30:52 69.46   137.86   68.56   86.34
01:31:55 69.91   149.90   68.68   86.90
01:32:58 70.25   150.57   68.68   87.69
01:34:01 70.47   123.69   68.68   88.03
01:35:04 70.36   114.01   68.68   87.91
01:36:08 69.58   114.24   68.68   87.58
01:37:11 69.01   113.90   68.68   87.24
01:38:15 68.68   114.01   68.56   87.01
01:39:18 68.45   112.21   68.68   86.79
01:40:21 68.22   109.96   68.56   86.56
01:41:25 68.11   107.60   68.45   86.45
01:42:28 68.00   105.91   68.45   86.34
01:43:31 67.89   104.23   68.45   86.22
01:44:35 68.11   112.33   68.45   86.11
01:45:38 69.46   136.74   68.79   86.22
01:46:41 69.91   149.23   68.79   86.90
01:47:44 70.25   142.70   68.90   87.46
01:48:47 70.47   115.70   68.79   87.80
01:49:50 70.03   113.56   68.90   87.69
01:50:53 69.35   113.45   68.90   87.35
01:51:57 68.90   111.43   68.90   87.13
01:53:00 68.56   111.65   68.79   86.79
01:54:04 68.34   110.64   68.79   86.56
01:55:07 68.11   108.73   68.79   86.45
01:56:10 68.11   107.49   68.68   86.22
01:57:14 68.00   105.80   68.56   86.11
01:58:17 67.89   103.33   68.56   86.00
01:59:20 67.89   105.80   68.56   85.89
02:00:24 69.24   132.24   68.79   85.89
02:01:26 69.80   147.09   68.79   86.45
02:02:29 70.14   145.63   68.90   87.24
02:03:32 70.47   119.19   68.90   87.58
02:04:36 70.14   113.34   68.90   87.58
02:05:39 69.35   113.79   68.90   87.35
02:06:43 68.90   110.86   68.90   87.13
02:07:46 68.56   111.65   68.90   86.79
02:08:49 68.34   110.98   68.79   86.68
02:09:53 68.22   109.29   68.79   86.56
02:10:56 68.11   107.49   68.79   86.45
02:11:59 68.00   105.01   68.68   86.34
02:13:03 67.89   103.78   68.68   86.11
02:14:06 67.89   102.76   68.68   86.00
02:15:09 67.78   101.41   68.68   85.89
02:16:13 68.68   122.00   68.79   85.89
02:17:16 69.58   142.14   68.90   86.22
02:18:19 70.03   149.23   69.01   86.90
02:19:22 70.36   124.81   69.01   87.24
02:20:25 70.36   112.21   69.01   87.46
02:21:28 69.58   112.44   69.01   87.24
02:22:32 69.01   110.41   68.90   87.01
02:23:35 68.68   108.73   68.90   86.79
02:24:38 68.45   109.18   68.90   86.56
02:25:42 68.22   108.39   68.79   86.45
02:26:45 68.11   107.15   68.79   86.22
02:27:48 68.00   105.24   68.79   86.11
02:28:52 68.00   104.34   68.68   86.11
02:29:55 67.89   102.20   68.68   86.00
02:30:58 67.89   100.74   68.79   85.89
02:32:02 67.78   99.39   68.79   85.78
02:33:05 67.78   98.26   68.79   85.66
02:34:08 67.66   97.03   68.68   85.55
02:35:12 67.66   95.68   68.68   85.44
02:36:15 67.66   98.15   68.68   85.44
02:37:18 69.01   131.23   68.79   85.55
02:38:21 69.58   147.65   68.90   86.00
02:39:24 70.03   136.06   69.01   86.68
02:40:28 70.25   112.89   68.90   87.01
02:41:31 69.69   112.33   69.01   86.90
02:42:34 69.01   110.64   68.90   86.68
02:43:38 68.68   108.61   68.90   86.45
02:44:41 68.45   107.26   68.90   86.22
02:45:44 68.22   105.46   68.79   86.11
02:46:48 68.11   102.99   68.79   86.00
02:47:51 68.00   103.33   68.68   85.89
02:48:54 67.89   103.33   68.68   85.78
02:49:58 67.78   102.20   68.79   85.66
02:51:01 67.78   100.74   68.79   85.66
02:52:04 67.66   99.84   68.68   85.55
02:53:08 67.66   98.26   68.56   85.44
02:54:11 67.66   96.91   68.68   85.33
02:55:14 67.55   95.68   68.68   85.21
02:56:18 67.55   94.66   68.56   85.10
02:57:21 67.55   93.43   68.56   84.88
02:58:24 67.55   93.20   68.56   84.88
02:59:28 68.11   114.69   68.56   84.99
03:00:31 69.13   140.90   68.79   85.21
03:01:34 69.58   148.78   68.79   86.00
03:02:37 69.91   124.70   68.79   86.56
03:03:40 69.91   112.33   68.90   86.56
03:04:43 69.24   111.76   68.90   86.34
03:05:47 68.79   110.08   68.79   86.11
03:06:50 68.45   111.43   68.68   85.89
03:07:53 68.34   110.08   68.68   85.78
03:08:57 68.11   108.16   68.68   85.66
03:10:00 68.11   106.25   68.56   85.44
03:11:03 68.00   104.56   68.56   85.33
03:12:07 67.89   103.33   68.56   85.33
03:13:10 67.78   101.75   68.68   85.21
03:14:13 67.78   100.40   68.68   85.10
03:15:17 67.66   98.60   68.68   85.10
03:16:20 67.66   97.59   68.56   84.99
03:17:23 67.55   98.60   68.56   84.88
03:18:27 68.79   129.20   68.79   84.99
03:19:30 69.35   146.19   68.79   85.44
03:20:33 69.80   141.35   68.79   86.11
03:21:36 70.14   115.03   68.90   86.56
03:22:39 69.58   112.66   68.90   86.56
03:23:43 69.01   112.33   68.79   86.34
03:24:46 68.56   110.08   68.79   86.11
03:25:49 68.34   111.31   68.79   85.89
03:26:53 68.11   109.29   68.79   85.78
03:27:56 68.00   108.28   68.68   85.55
03:28:59 67.89   106.81   68.68   85.55
03:30:03 67.78   105.35   68.68   85.33
03:31:06 67.78   103.33   68.68   85.21
03:32:09 67.66   101.86   68.68   85.10
03:33:13 67.66   100.29   68.56   85.10
03:34:16 67.55   99.61   68.56   85.10
03:35:19 68.56   122.79   68.79   85.10
03:36:22 69.24   143.04   68.79   85.44
03:37:25 69.69   149.11   68.79   86.22
03:38:28 69.91   124.25   68.90   86.68
03:39:32 69.91   112.33   68.90   86.68
03:40:35 69.24   113.00   68.90   86.56
03:41:38 68.68   110.53   68.90   86.22
03:42:42 68.45   109.18   68.79   86.00
03:43:45 68.22   108.61   68.79   85.78
03:44:48 68.11   108.16   68.68   85.66
03:45:52 68.00   107.04   68.68   85.55
03:46:55 67.89   105.13   68.79   85.44
03:47:58 67.78   104.00   68.68   85.33
03:49:02 67.78   101.75   68.68   85.21
03:50:05 67.66   100.29   68.56   85.10
03:51:08 67.55   99.05   68.56   84.99
03:52:12 67.55   102.76   68.56   84.99
03:53:15 69.01   134.04   68.79   85.10
03:54:18 69.46   148.55   68.90   85.78
03:55:21 69.80   140.90   68.79   86.45
03:56:24 70.14   114.24   68.90   86.79
03:57:27 69.69   112.78   68.79   86.79
03:58:31 69.01   112.78   68.79   86.56
03:59:34 68.68   110.30   68.90   86.34
04:00:37 68.34   111.31   68.90   86.11
04:01:41 68.11   109.96   68.79   86.00
04:02:44 68.00   108.39   68.68   85.89
04:03:47 67.89   106.25   68.68   85.78
04:04:51 67.89   104.90   68.68   85.66
04:05:54 67.78   103.10   68.68   85.55
04:06:57 67.66   101.30   68.68   85.44
04:08:01 67.66   100.06   68.68   85.33
04:09:04 67.55   100.18   68.68   85.21
04:10:07 68.68   126.95   68.90   85.21
04:11:10 69.35   144.61   68.90   85.55
04:12:13 69.80   150.57   68.90   86.45
04:13:16 70.03   125.94   68.90   86.90
04:14:20 70.03   112.78   68.90   87.13
04:15:23 69.24   113.34   68.90   86.90
04:16:26 68.79   111.20   68.79   86.56
04:17:30 68.45   111.20   68.90   86.34
04:18:33 68.22   111.20   68.79   86.11
04:19:36 68.11   109.29   68.79   85.89
04:20:40 68.00   107.38   68.79   85.89
04:21:43 67.89   105.46   68.79   85.66
04:22:46 67.78   103.55   68.79   85.66
04:23:50 67.66   102.76   68.68   85.55
04:24:53 67.66   100.74   68.79   85.44
04:25:57 67.66   100.06   68.68   85.33
04:27:00 68.68   125.83   68.79   85.33
04:28:03 69.24   144.16   68.79   85.78
04:29:06 69.69   143.49   68.90   86.56
04:30:09 70.03   117.16   68.90   87.13
04:31:12 69.69   112.33   68.90   87.01
04:32:16 69.01   112.33   68.90   86.79
04:33:19 68.68   111.99   68.90   86.45
04:34:22 68.34   112.33   68.90   86.22
04:35:26 68.11   111.20   68.90   86.11
04:36:29 68.00   108.50   68.79   86.00
04:37:32 67.89   106.93   68.90   85.78
04:38:36 67.78   104.68   68.79   85.66
04:39:39 67.66   103.21   68.79   85.66
04:40:42 67.66   101.98   68.68   85.55
04:41:46 67.55   100.29   68.68   85.44
04:42:49 67.55   99.39   68.68   85.44
04:43:52 68.11   116.71   68.68   85.33
04:44:55 69.13   139.89   68.90   85.78
04:45:58 69.58   151.25   68.79   86.45
04:47:01 69.80   134.38   68.79   87.01
04:48:05 70.03   113.23   69.01   87.24
04:49:08 69.46   113.11   68.79   87.01
04:50:11 68.90   112.55   68.90   86.79
04:51:15 68.45   110.98   68.90   86.56
04:52:18 68.22   111.88   68.79   86.34
04:53:21 68.11   110.08   68.79   86.11
04:54:25 67.89   107.94   68.90   86.00
04:55:28 67.89   106.03   68.90   85.89
04:56:31 67.78   104.11   68.79   85.78
04:57:35 67.66   103.21   68.90   85.66
04:58:38 67.66   101.86   68.68   85.44
04:59:41 67.55   102.54   68.56   85.44
05:00:45 68.79   130.32   68.90   85.55
05:01:48 69.35   145.85   68.90   86.11
05:02:51 69.80   144.39   68.90   86.79
05:03:54 70.03   117.84   68.90   87.24
05:04:57 69.69   113.34   69.01   87.24
05:06:00 69.01   112.78   68.90   87.01
05:07:04 68.56   114.01   68.90   86.79
05:08:07 68.34   113.11   68.90   86.56
05:09:10 68.11   110.86   68.79   86.34
05:10:14 68.00   108.73   68.68   86.22
05:11:17 67.89   107.04   68.79   86.11
05:12:20 67.78   105.46   68.79   85.89
05:13:24 67.66   104.11   68.79   85.78
05:14:27 67.66   102.65   68.79   85.55
05:15:30 67.55   100.96   68.68   85.44
05:16:34 67.89   113.79   68.79   85.55
05:17:37 69.13   138.43   68.90   85.78
05:18:40 69.46   150.24   68.79   86.45
05:19:43 69.80   135.50   68.90   87.13
05:20:46 70.03   113.34   69.01   87.46
05:21:49 69.46   113.00   68.90   87.24
05:22:53 68.79   112.55   68.90   87.01
05:23:56 68.45   112.33   69.01   86.79
05:24:59 68.22   112.21   68.90   86.56
05:26:03 68.00   110.41   68.90   86.34
05:27:06 67.89   109.18   68.79   86.22
05:28:09 67.78   107.26   68.79   86.11
05:29:13 67.66   105.58   68.79   86.00
05:30:16 67.66   103.21   68.79   85.89
05:31:20 67.55   101.30   68.79   85.66
05:32:23 67.55   100.40   68.79   85.66
05:33:26 67.44   101.19   68.68   85.55
05:34:30 68.68   129.76   68.90   85.66
05:35:32 69.24   145.63   68.79   86.11
05:36:35 69.69   144.50   68.90   86.90
05:37:38 70.03   117.50   68.90   87.24
05:38:42 69.69   113.23   68.90   87.24
05:39:45 68.90   113.11   69.01   87.01
05:40:48 68.56   110.19   68.90   86.68
05:41:52 68.22   110.30   68.79   86.45
05:42:55 68.00   110.53   68.79   86.22
05:43:59 67.89   109.06   68.79   86.22
05:45:02 67.78   109.18   68.79   86.11
05:46:05 69.13   131.00   69.01   86.11
05:47:08 69.58   145.63   68.90   86.68
05:48:11 69.91   154.40   68.90   87.35
05:49:14 70.25   155.98   69.01   88.03
05:50:17 70.47   145.40   69.13   88.47
05:51:20 70.81   152.94   69.24   88.81
05:52:23 70.93   159.69   69.35   89.38
05:53:25 71.15   144.05   69.35   89.60
05:54:29 71.38   116.04   69.46   89.49
05:55:32 70.59   115.70   69.46   89.15
05:56:35 69.80   116.49   69.35   88.81
05:57:39 69.13   114.46   69.46   88.47
05:58:42 68.79   112.21   69.35   88.03
05:59:45 68.79   119.30   69.35   87.91
06:00:49 70.14   137.30   69.58   88.03
06:01:51 70.47   149.45   69.58   88.70
06:02:54 70.70   157.32   69.58   89.26
06:03:57 70.93   153.50   69.69   89.83
06:05:00 71.15   124.25   69.69   90.05
06:06:04 70.93   115.14   69.69   89.83
06:07:07 70.03   116.38   69.69   89.49
06:08:10 69.46   115.14   69.69   89.15
06:09:14 69.01   113.00   69.58   88.81
06:10:17 68.79   116.60   69.58   88.70
06:11:20 70.25   136.18   69.69   88.81
06:12:23 70.59   149.11   69.69   89.26
06:13:26 70.93   156.99   69.69   89.94
06:14:29 71.15   152.49   69.80   90.50
06:15:32 71.38   123.58   70.03   90.72
06:16:35 71.04   115.14   70.03   90.61
06:17:39 70.03   116.04   69.91   90.16
06:18:42 69.46   114.46   69.91   89.83
06:19:45 69.01   113.79   69.91   89.49
06:20:49 68.68   114.35   69.69   89.26
06:21:52 68.56   117.50   69.80   89.15
06:22:55 70.25   135.84   69.91   89.15
06:23:58 70.59   148.32   69.91   89.71
06:25:01 70.93   156.43   69.80   90.39
06:26:04 71.26   139.44   70.03   90.84
06:27:07 71.38   114.91   70.14   90.95
06:28:10 70.70   115.03   70.14   90.72
06:29:14 69.80   116.38   70.14   90.39
06:30:17 69.24   114.80   70.03   90.05
06:31:21 68.90   112.21   69.91   89.71
06:32:24 68.68   113.11   69.91   89.49
06:33:27 68.45   111.31   69.91   89.38
06:34:31 68.34   112.89   69.91   89.15
06:35:34 70.14   134.60   70.03   89.26
06:36:37 70.59   147.88   70.03   89.83
06:37:40 70.93   155.75   70.03   90.50
06:38:42 71.15   134.38   70.03   90.95
06:39:46 71.26   114.24   70.14   90.95
06:40:49 70.36   114.91   70.03   90.72
06:41:53 69.69   115.25   69.91   90.28
06:42:56 69.13   113.00   70.03   90.05
06:43:59 68.79   114.13   70.14   89.83
06:45:03 68.56   112.89   70.03   89.60
06:46:06 68.45   110.98   69.91   89.49
06:47:09 68.22   109.29   69.80   89.26
06:48:13 68.11   107.83   69.91   89.15
06:49:16 69.13   123.13   70.03   89.04
06:50:19 70.25   141.24   70.03   89.26
06:51:22 70.59   151.93   70.03   89.83
06:52:25 70.93   133.48   70.03   90.39
06:53:28 71.04   113.56   70.14   90.50
06:54:31 70.25   114.13   70.03   90.39
06:55:35 69.58   113.90   69.91   90.05
06:56:38 69.01   111.31   69.91   89.71
06:57:42 68.68   110.53   70.03   89.49
06:58:45 68.56   111.54   69.91   89.26
06:59:48 68.34   109.85   69.80   89.15
07:00:52 68.22   107.94   69.91   88.93
07:01:55 68.11   106.36   69.91   88.81
07:02:58 68.00   104.68   69.80   88.59
07:04:02 67.89   103.33   69.69   88.47
07:05:05 67.89   101.75   69.58   88.36
07:06:08 67.78   100.85   69.58   88.14
07:07:12 67.78   99.05   69.46   88.14
07:08:15 67.78   98.04   69.58   88.03
07:09:18 67.66   97.03   69.46   87.91
07:10:22 67.66   96.13   69.46   87.69
07:11:25 67.66   95.00   69.46   87.69
07:12:28 67.55   94.44   69.46   87.58
07:13:32 67.55   93.65   69.46   87.46
07:14:35 67.55   92.97   69.46   87.35
07:15:38 67.55   92.08   69.35   87.24
07:16:42 67.44   91.63   69.35   87.13
07:17:45 67.44   91.29   69.24   87.01
07:18:48 67.44   90.95   69.24   87.01
07:19:52 67.44   90.16   69.35   86.90
07:20:55 67.44   89.49   69.24   86.79
07:21:58 67.33   89.49   69.24   86.79
07:23:02 67.44   89.04   69.24   86.68
07:24:05 67.33   88.70   69.13   86.56
07:25:08 67.33   88.14   69.13   86.45
07:26:12 67.33   88.03   69.13   86.34
07:27:15 67.33   87.46   69.13   86.22
07:28:19 67.33   87.24   69.01   86.11
07:29:22 67.33   86.79   69.01   86.00
07:30:25 67.21   86.56   69.01   86.00
07:31:29 67.21   86.34   69.01   85.89
07:32:32 67.21   86.34   69.01   85.66
07:33:35 67.21   85.89   68.90   85.66
07:34:39 67.21   85.66   68.90   85.55
07:35:42 67.21   85.66   68.90   85.44
07:36:45 67.21   85.55   68.79   85.33
07:37:49 67.10   85.10   68.79   85.33
07:38:52 67.21   85.10   68.79   85.21
07:39:55 67.10   84.99   68.79   85.21
07:40:59 67.10   84.54   68.79   84.99
07:42:02 67.10   84.65   68.68   84.88
07:43:05 67.10   84.54   68.56   84.88
07:44:09 66.99   84.09   68.45   84.76
07:45:12 66.99   84.31   68.34   84.65
07:46:15 66.99   84.31   68.34   84.65
07:47:19 66.99   88.03   68.34   84.54
07:48:22 68.34   127.51   68.34   84.76
07:49:25 69.01   147.09   68.56   85.21
07:50:28 69.58   129.20   68.68   85.89
07:51:31 69.69   111.76   68.68   86.11
07:52:35 68.90   111.76   68.68   86.00
07:53:38 68.34   109.18   68.56   85.89
07:54:41 67.89   111.31   68.56   85.66
07:55:45 67.66   109.51   68.56   85.55
07:56:48 67.55   108.16   68.56   85.44
07:57:51 67.33   105.91   68.56   85.21
07:58:55 67.33   104.00   68.45   85.10
07:59:58 67.21   102.65   68.45   84.99
08:01:01 67.10   100.85   68.45   84.88
08:02:05 67.10   100.18   68.34   84.76
08:03:08 66.99   98.26   68.34   84.65
08:04:11 66.99   97.14   68.45   84.65
08:05:15 66.99   95.90   68.34   84.54
08:06:18 66.88   95.11   68.34   84.43
08:07:21 66.99   93.99   68.34   84.43
08:08:25 66.88   92.97   68.22   84.43
08:09:28 66.88   91.96   68.22   84.43
08:10:31 66.88   91.51   68.22   84.31
08:11:35 66.88   90.72   68.11   84.20
08:12:38 66.76   90.05   68.22   84.20
08:13:42 66.76   89.49   68.11   84.09
08:14:45 66.76   88.59   68.00   83.97
08:15:48 66.76   88.59   68.00   83.86
08:16:52 67.44   111.88   68.11   83.97
08:17:55 68.79   141.01   68.34   84.31
08:18:58 69.24   147.76   68.45   84.99
08:20:01 69.69   122.79   68.45   85.55
08:21:04 69.46   112.55   68.45   85.78
08:22:07 68.68   112.66   68.34   85.66
08:23:11 68.11   111.09   68.22   85.33
08:24:14 67.78   110.75   68.11   85.10
08:25:17 67.55   110.08   68.22   84.88
08:26:21 67.44   108.05   68.11   84.76
08:27:24 67.33   106.03   68.11   84.65
08:28:27 67.21   104.11   68.11   84.54
08:29:31 67.10   102.76   68.11   84.54
08:30:34 66.99   101.08   68.22   84.31
08:31:37 66.99   100.18   68.11   84.31
08:32:41 66.99   98.38   68.11   84.20
08:33:44 66.88   96.69   68.00   84.09
08:34:47 66.88   95.56   68.11   83.97
08:35:51 66.88   95.11   68.11   84.09
08:36:54 67.44   113.34   68.22   83.97
08:37:57 68.90   139.89   68.34   84.31
08:39:00 69.35   150.24   68.34   84.99
08:40:03 69.80   128.75   68.45   85.66
08:41:06 69.80   112.89   68.45   85.89
08:42:10 68.90   112.78   68.34   85.78
08:43:13 68.34   110.86   68.22   85.55
08:44:16 67.89   111.65   68.22   85.33
08:45:20 67.66   110.19   68.22   84.99
08:46:23 67.44   108.73   68.11   84.88
08:47:27 67.33   106.48   68.00   84.88
08:48:30 67.21   105.13   68.00   84.65
08:49:33 67.10   103.33   68.00   84.43
08:50:37 67.10   101.53   67.89   84.43
08:51:40 66.99   100.85   68.00   84.43
08:52:43 66.99   99.16   68.00   84.31
08:53:47 66.99   97.81   68.00   84.20
08:54:50 66.99   97.03   68.00   84.20
08:55:53 68.00   120.99   68.00   84.31
08:56:56 69.13   142.59   68.22   84.65
08:57:59 69.69   147.54   68.45   85.44
08:59:02 69.91   122.23   68.45   85.89
09:00:06 69.69   112.78   68.45   86.00
09:01:09 68.90   112.78   68.45   85.78
09:02:12 68.34   111.76   68.34   85.55
09:03:16 67.89   112.66   68.22   85.33
09:04:19 67.66   110.75   68.22   85.21
09:05:22 67.44   108.50   68.22   84.99
09:06:26 67.33   107.26   68.11   84.88
09:07:29 67.21   105.24   68.00   84.76
09:08:32 67.21   103.10   68.00   84.65
09:09:36 67.10   101.64   68.00   84.54
09:10:39 66.99   99.95   68.00   84.54
09:11:42 66.99   98.26   68.00   84.43
09:12:46 66.99   102.20   68.00   84.31
09:13:49 68.90   134.04   68.11   84.54
09:14:52 69.58   148.21   68.45   85.21
09:15:55 69.91   138.76   68.56   85.89
09:16:58 70.25   113.68   68.56   86.34
09:18:01 69.46   112.66   68.56   86.11
09:19:05 68.79   111.88   68.56   100.51
09:20:08 68.22   110.30   68.45   104.23
09:21:11 67.89   111.31   68.34   105.13
09:22:15 67.66   109.74   68.34   105.58
09:23:18 67.44   107.94   68.34   105.46
09:24:21 67.33   106.81   68.22   106.36
09:25:25 67.21   104.68   68.22   107.04
09:26:28 67.21   102.99   68.11   107.38
09:27:32 67.21   101.86   68.11   107.71
09:28:35 67.10   100.18   68.11   107.49
09:29:38 67.10   98.60   68.11   108.05
09:30:42 66.99   97.25   68.11   108.39
09:31:45 66.99   96.35   68.11   108.28
09:32:48 66.99   95.45   68.00   108.28
09:33:52 68.11   118.40   68.11   108.05
09:34:55 69.46   141.91   68.45   108.28
09:35:58 69.91   152.60   68.56   108.50
09:37:00 70.36   158.90   68.56   108.73
09:38:03 70.70   144.95   68.56   108.61
09:39:06 71.04   150.24   68.68   108.50
09:40:09 71.15   158.11   68.79   111.76
09:41:12 71.49   154.51   68.79   112.55
09:42:15 71.71   125.60   68.90   112.33
09:43:18 71.38   115.36   68.90   111.76
09:44:22 70.25   116.49   68.90   110.86
09:45:25 69.46   115.48   68.90   110.64
09:46:28 68.90   113.90   68.90   111.20
09:47:32 68.45   114.13   69.01   110.86
09:48:35 68.22   116.71   68.90   110.19
09:49:38 70.47   135.73   69.13   109.74
09:50:41 71.04   148.78   69.13   109.63
09:51:44 71.49   156.88   69.13   109.63
09:52:47 71.83   153.50   69.24   109.63
09:53:50 72.05   124.14   69.24   109.29
09:54:53 71.60   115.03   69.35   108.73
09:55:57 70.36   116.04   69.35   107.83
09:57:00 69.58   115.81   69.24   106.93
09:58:03 69.01   112.78   69.24   106.14
09:59:07 68.68   114.01   69.13   105.46
10:00:10 68.34   112.33   69.13   104.79
10:01:14 68.11   111.54   69.01   104.23
10:02:17 70.03   129.20   69.24   104.00
10:03:20 70.93   144.61   69.35   104.00
10:04:23 71.38   154.74   69.46   104.11
10:05:26 71.71   143.04   69.46   104.23
10:06:29 72.16   115.93   69.58   104.23
10:07:32 71.15   114.80   69.58   109.96
10:08:36 70.03   115.48   69.46   110.08
10:09:39 69.35   113.23   69.46   109.06
10:10:42 68.79   110.41   69.35   107.83
10:11:46 68.45   113.23   69.35   106.81
10:12:49 68.22   111.31   69.24   105.91
10:13:52 68.11   109.74   69.13   105.13
10:14:56 67.89   108.05   69.24   104.23
10:15:59 67.78   106.48   69.13   103.66
10:17:02 67.66   104.56   69.13   103.10
10:18:06 68.34   115.70   69.13   102.54
10:19:09 70.36   138.99   69.24   102.31
10:20:12 70.93   151.36   69.35   102.65
10:21:15 71.38   138.88   69.58   109.74
10:22:18 71.83   114.35   69.58   113.34
10:23:21 70.70   113.90   69.58   112.89
10:24:25 69.80   114.24   69.46   111.43
10:25:28 69.13   114.24   69.46   110.08
10:26:31 68.68   114.91   69.46   108.73
10:27:35 68.34   112.78   69.35   107.60
10:28:38 68.11   110.75   69.24   106.59
10:29:41 68.00   109.06   69.24   105.80
10:30:45 67.78   107.49   69.24   105.01
10:31:48 67.78   105.58   69.24   104.34
10:32:51 67.66   103.66   69.24   103.55
10:33:55 67.55   101.98   69.01   102.88
10:34:58 67.55   100.85   69.01   102.20
10:36:01 67.44   99.50   69.01   101.53
10:37:05 67.44   98.49   68.90   101.08
10:38:08 67.33   96.91   68.90   100.51
10:39:11 67.33   96.24   68.90   100.06
10:40:15 67.33   95.56   68.90   99.50
10:41:18 67.33   94.44   68.90   99.05
10:42:21 67.21   93.76   68.79   98.60
10:43:25 67.21   93.31   68.79   98.26
10:44:28 67.21   92.86   68.90   97.81
10:45:31 67.21   92.19   68.79   97.48
10:46:35 67.10   91.51   68.79   97.14
10:47:38 67.21   91.29   68.79   96.69
10:48:41 67.10   90.39   68.79   96.35
10:49:45 67.10   89.94   68.79   97.70
10:50:48 67.10   89.83   68.79   100.74
10:51:51 67.10   89.60   68.79   109.06
10:52:55 67.10   89.04   68.79   109.85
10:53:58 67.10   89.04   68.79   109.29
10:55:02 66.99   88.47   68.68   110.41
10:56:05 67.10   88.36   68.79   111.43
10:57:08 66.99   87.91   68.79   110.98
10:58:12 66.99   87.69   68.68   110.19
10:59:15 67.10   87.69   68.79   109.40
11:00:18 67.10   87.46   68.68   108.50
11:01:22 67.10   87.24   68.68   109.96
11:02:25 66.99   87.35   68.68   110.98
11:03:28 66.99   87.13   68.68   110.64
11:04:32 66.99   86.68   68.79   109.96
11:05:35 66.99   86.45   68.68   109.18
11:06:38 66.99   86.22   68.56   110.53
11:07:42 66.99   86.00   68.68   111.09
11:08:45 66.99   86.00   68.68   110.86
11:09:48 66.99   85.78   68.68   110.19
11:10:52 66.99   85.66   68.56   109.40
11:11:55 66.99   85.78   68.56   108.61
11:12:58 66.99   85.44   68.68   107.83
11:14:02 66.99   85.44   68.56   107.04
11:15:05 66.99   85.33   68.68   106.36
11:16:08 66.99   85.33   68.56   105.58
11:17:12 66.88   85.21   68.56   104.90
11:18:15 66.99   85.10   68.56   104.23
11:19:18 66.88   85.21   68.56   103.44
11:20:22 66.88   84.99   68.56   102.76
11:21:25 66.88   84.99   68.45   102.09
11:22:29 66.88   84.76   68.56   101.53
11:23:32 66.99   84.65   68.34   100.96
11:24:35 66.99   84.43   68.56   100.29
11:25:39 66.99   84.43   68.56   99.73
11:26:42 66.99   84.31   68.56   100.85
11:27:45 66.99   84.43   68.56   107.04
11:28:49 66.99   84.43   68.56   108.84
11:29:52 67.10   84.09   68.56   108.95
11:30:55 67.10   84.20   68.45   108.16
11:31:59 67.10   84.31   68.45   109.51
11:33:02 67.10   84.09   68.56   109.29
11:34:05 67.10   83.86   68.56   109.51
11:35:09 67.10   83.97   68.56   108.84
11:36:12 67.10   84.09   68.56   107.71
11:37:15 67.10   83.97   68.45   106.81
11:38:19 67.10   83.86   68.56   105.80
11:39:22 67.10   83.86   68.45   104.90
11:40:25 67.10   84.09   68.34   104.00
11:41:29 67.10   83.75   68.56   103.10
11:42:32 67.10   83.75   68.56   102.31
11:43:35 67.10   83.86   68.56   101.64
11:44:39 67.10   83.41   69.01   101.08
11:45:42 67.10   83.75   69.01   100.29
11:46:45 67.10   83.75   69.13   99.73
11:47:49 67.10   83.64   69.35   99.05
11:48:52 67.21   83.75   69.01   98.49
11:49:55 67.21   83.53   68.79   97.92
11:50:59 67.21   83.75   68.56   97.36
11:52:02 67.33   83.53   68.34   96.80
11:53:06 67.33   83.30   68.34   96.35
11:54:09 67.33   83.41   68.22   95.90
11:55:12 67.33   83.19   68.34   95.56
11:56:16 67.33   83.53   68.11   95.11
11:57:19 67.33   83.19   68.11   94.66
11:58:22 67.33   83.19   68.11   94.33
11:59:26 67.33   83.30   68.11   93.88
12:00:29 67.33   83.41   68.34   93.43
12:01:32 67.33   83.08   68.22   93.09
12:02:36 67.33   83.30   68.11   92.75
12:03:39 67.33   83.41   68.11   92.41
12:04:42 67.21   83.53   68.00   92.19
12:05:46 67.21   83.30   68.00   91.85
12:06:49 67.21   83.30   67.89   91.63
12:07:52 67.21   83.19   67.89   91.40
12:08:56 67.21   82.85   67.89   91.06
12:09:59 67.21   83.19   67.89   90.84
12:11:02 67.21   83.30   67.89   90.61
12:12:06 67.21   83.30   67.78   90.39
12:13:09 67.21   83.53   67.78   90.05
12:14:12 67.21   83.08   67.78   89.83
12:15:16 67.21   82.74   67.66   89.60
12:16:19 67.21   82.85   67.66   89.38
12:17:22 67.10   83.08   67.66   89.15
12:18:26 67.10   83.19   67.66   88.93
12:19:29 67.10   82.96   67.66   88.70
12:20:32 67.10   82.85   67.66   88.59
12:21:36 67.10   82.74   67.66   88.25
12:22:39 67.10   82.74   67.66   88.03
12:23:42 67.10   82.96   67.55   100.40
12:24:46 67.21   82.85   67.55   104.90
12:25:49 67.10   82.85   67.55   105.13
12:26:53 67.10   82.74   67.55   104.45
12:27:56 67.10   82.63   67.55   103.44
12:28:59 66.99   82.63   67.55   102.54
12:30:03 67.10   82.85   67.55   101.64
12:31:06 67.10   82.74   67.44   100.74
12:32:09 66.99   88.36   67.44   100.06
12:33:13 69.35   131.11   67.66   99.84
12:34:15 70.36   148.66   67.78   100.06
12:35:18 71.15   156.76   68.00   100.40
12:36:21 71.71   152.15   68.00   100.74
12:37:24 72.16   123.13   68.22   100.74
12:38:28 71.60   114.58   68.22   100.51
12:39:31 70.36   115.03   68.22   99.84
12:40:34 69.46   112.44   68.34   99.16
12:41:38 69.01   114.80   68.22   98.49
12:42:41 68.68   112.66   68.11   97.92
12:43:44 68.34   109.96   68.11   97.48
12:44:48 68.11   107.83   68.11   96.91
12:45:51 68.00   106.25   68.00   96.46
12:46:54 67.89   104.11   68.00   96.01
12:47:58 67.78   102.76   68.11   95.56
12:49:01 67.66   100.74   68.00   95.11
12:50:04 67.55   99.50   68.00   94.78
12:51:08 67.55   98.49   67.89   94.33
12:52:11 68.56   115.48   67.89   94.10
12:53:14 70.59   139.55   68.11   94.10
12:54:17 71.26   148.32   68.22   94.44
12:55:20 71.83   125.26   68.45   94.66
12:56:23 71.60   113.11   68.45   94.66
12:57:27 70.36   113.45   68.45   94.66
12:58:30 69.46   111.88   68.45   106.70
12:59:34 69.01   112.78   68.45   108.28
13:00:37 68.56   111.43   68.45   108.61
13:01:40 68.34   109.85   68.34   108.39
13:02:44 68.22   107.94   68.34   107.94
13:03:47 68.00   105.69   68.34   107.15
13:04:50 68.00   104.11   68.34   106.48
13:05:54 67.89   102.76   68.22   105.91
13:06:57 67.78   101.08   68.22   105.24
13:08:00 67.78   100.06   68.34   104.56
13:09:04 67.66   98.60   68.22   104.00
13:10:07 67.66   97.25   68.22   103.33
13:11:10 67.66   96.69   68.11   102.76
13:12:14 67.66   95.45   68.11   102.20
13:13:17 67.55   99.95   68.11   101.75
13:14:20 70.36   134.71   68.22   101.30
13:15:23 71.49   146.98   68.45   101.30
13:16:26 71.94   125.71   68.45   101.41
13:17:30 71.83   112.44   68.56   101.30
13:18:33 70.59   112.66   68.34   100.96
13:19:36 69.69   110.41   68.45   100.40
13:20:40 69.24   111.31   68.34   99.95
13:21:43 68.79   110.41   68.34   99.39
13:22:46 68.56   108.61   68.45   99.05
13:23:50 68.45   107.26   68.34   98.60
13:24:53 68.34   105.91   68.22   98.26
13:25:56 68.22   103.89   68.22   97.92
13:27:00 68.11   102.43   68.22   97.59
13:28:03 68.00   101.30   68.22   97.36
13:29:06 67.89   99.95   68.22   97.14
13:30:10 67.89   98.49   68.22   96.91
13:31:13 67.89   97.36   68.34   96.91
13:32:16 67.89   96.13   68.45   96.58
13:33:20 67.89   95.11   68.45   96.24
13:34:23 67.78   94.21   68.45   96.01
13:35:26 67.78   93.88   68.45   95.79
13:36:30 67.78   92.53   68.45   95.45
13:37:33 67.66   92.53   68.45   110.19
13:38:36 67.66   91.96   68.45   111.09
13:39:40 67.66   91.51   68.45   110.53
13:40:43 67.66   90.84   68.45   110.08
13:41:46 67.55   90.16   68.34   109.51
13:42:50 67.55   89.71   68.34   108.95
13:43:53 67.55   89.38   68.34   108.95
13:44:56 67.55   88.59   68.34   110.86
13:46:00 67.55   88.59   68.34   111.20
13:47:03 67.55   88.36   68.34   111.20
13:48:06 67.55   88.03   68.22   110.75
13:49:10 67.44   87.69   68.34   109.96
13:50:13 67.55   87.69   68.34   109.18
13:51:17 67.55   87.46   68.45   108.50
13:52:20 67.55   87.13   68.56   107.71
13:53:23 67.44   86.90   68.45   106.93
13:54:27 67.55   86.79   68.45   106.14
13:55:30 67.44   86.68   68.45   105.35
13:56:33 67.44   86.22   68.56   104.45
13:57:37 67.44   85.78   68.45   103.78
13:58:40 67.44   85.55   68.45   103.10
13:59:43 67.44   85.44   68.45   102.43
14:00:47 67.44   85.21   68.34   101.86
14:01:50 67.44   85.33   68.34   101.30
14:02:53 67.44   85.21   68.34   100.74
14:03:57 67.44   84.99   68.34   100.18
14:05:00 67.44   84.88   68.34   99.61
14:06:03 67.33   84.76   68.34   99.16
14:07:07 67.33   84.76   68.22   98.60
14:08:10 67.33   84.54   68.22   98.15
14:09:13 67.33   84.43   68.22   97.70
14:10:17 67.33   84.54   68.11   97.25
14:11:20 67.33   84.31   68.11   96.91
14:12:23 67.21   84.09   68.11   96.46
14:13:27 67.21   83.86   68.00   96.13
14:14:30 67.21   84.09   68.11   95.68
14:15:33 67.21   84.09   68.00   95.34
14:16:37 67.21   83.75   68.00   95.00
14:17:40 67.21   83.97   68.00   94.55
14:18:43 67.21   83.97   68.00   94.21
14:19:47 67.21   83.86   67.89   93.76
14:20:50 67.21   83.86   67.89   93.43
14:21:54 67.21   83.86   67.89   93.09
14:22:57 67.21   83.86   67.89   92.86
14:24:00 67.21   83.86   67.89   92.53
14:25:04 67.10   83.41   67.78   92.30
14:26:07 67.21   83.64   67.89   91.96
14:27:10 67.10   83.64   67.78   91.63
14:28:14 67.10   83.53   67.78   91.40
14:29:17 67.10   83.19   67.78   91.18
14:30:20 67.10   83.08   67.89   90.95
14:31:24 67.10   83.19   67.78   90.61
14:32:27 67.10   83.08   67.78   90.39
14:33:30 67.10   83.19   67.78   90.16
14:34:34 67.10   83.30   67.78   89.94
14:35:37 67.10   83.30   67.78   89.60
14:36:40 67.10   83.41   67.78   89.38
14:37:44 66.99   83.19   67.66   89.15
14:38:47 67.10   83.08   67.78   88.93
14:39:50 67.10   82.85   67.78   88.70
14:40:54 67.10   82.96   67.66   88.70
14:41:57 67.10   82.85   67.66   88.47
14:43:00 67.10   82.96   67.78   88.25
14:44:04 67.10   82.96   67.66   88.14
14:45:07 66.99   82.96   67.66   87.91
14:46:10 66.99   82.85   67.66   87.69
14:47:14 66.99   82.74   67.66   87.58
14:48:17 67.10   82.51   67.66   87.35
14:49:20 66.99   83.08   67.66   87.13
14:50:24 66.99   82.96   67.66   87.01
14:51:27 66.99   83.08   67.55   86.79
14:52:30 66.99   83.08   67.66   86.68
14:53:34 66.99   82.74   67.66   86.56
14:54:37 66.99   82.85   67.55   86.34
14:55:41 66.99   82.74   67.55   86.11
14:56:44 66.99   82.63   67.55   86.00
14:57:47 66.99   82.96   67.55   85.89
14:58:51 66.99   82.74   67.44   85.89
14:59:54 66.99   82.63   67.55   85.78
15:00:57 66.99   82.74   67.55   85.66
15:02:01 66.99   82.63   67.55   85.55
15:03:04 66.99   82.74   67.55   85.55
15:04:07 66.99   82.74   67.44   85.44
15:05:11 66.99   82.85   67.44   85.33
15:06:14 66.99   82.51   67.44   85.10
15:07:17 66.99   82.51   67.44   84.99
15:08:21 66.99   82.74   67.33   84.88
15:09:24 66.99   82.51   67.33   84.76
15:10:27 66.99   82.63   67.33   84.54
15:11:31 66.99   82.63   67.44   84.54
15:12:34 66.99   82.40   67.33   84.31
15:13:37 66.99   82.63   67.33   84.31
15:14:41 66.99   82.40   67.44   84.20
15:15:44 66.99   82.74   67.33   84.09
15:16:47 66.99   82.63   67.33   83.97
15:17:51 66.99   82.74   67.33   83.75
15:18:54 66.99   82.63   67.33   83.64
15:19:57 66.99   82.51   67.21   83.41
15:21:01 66.99   82.40   67.33   83.41
15:22:04 66.99   82.40   67.21   83.30
15:23:07 66.99   82.63   67.21   83.30
15:24:11 66.99   82.40   67.21   83.30
15:25:14 66.99   82.74   67.21   83.19
15:26:18 66.99   82.40   67.21   83.08
15:27:21 66.99   82.18   67.21   83.08
15:28:24 66.99   82.29   67.10   82.96
15:29:28 66.99   81.95   67.10   82.96
15:30:31 66.99   81.84   67.10   82.85
15:31:34 66.99   82.06   67.10   82.85
15:32:38 66.99   82.06   67.10   82.74
15:33:41 66.99   81.95   67.10   82.74
15:34:44 66.99   82.06   67.10   82.74
15:35:48 66.99   81.95   67.21   82.74
15:36:51 66.99   82.18   67.10   82.63
15:37:54 66.99   81.84   67.10   82.74
15:38:58 66.99   81.84   67.10   82.63
15:40:01 66.99   81.95   67.10   82.51
15:41:04 66.99   81.84   67.10   82.51
15:42:08 66.99   82.06   67.10   82.40
15:43:11 66.99   81.95   66.99   82.29
15:44:14 66.99   81.95   66.99   82.18
15:45:18 66.99   81.84   66.99   82.06
15:46:21 66.88   82.06   66.99   82.18
15:47:24 66.88   81.84   66.99   82.18
15:48:28 66.99   81.95   66.99   82.06
15:49:31 66.99   81.72   66.99   82.06
15:50:34 66.88   81.84   66.99   82.06
15:51:38 66.99   89.49   66.99   82.18
15:52:41 69.46   135.16   67.10   82.18
15:53:44 70.47   145.85   67.33   82.63
15:54:47 71.04   121.89   67.44   83.30
15:55:50 70.93   111.43   67.44   83.64
15:56:54 69.69   110.41   67.33   83.64
15:57:57 69.01   108.28   67.33   83.41
15:59:00 68.56   109.51   67.33   83.19
16:00:04 68.22   107.49   67.44   83.08
16:01:07 68.00   106.25   67.33   83.08
16:02:10 67.78   104.34   67.33   82.96
16:03:14 67.66   103.66   67.21   82.85
16:04:17 67.55   101.75   67.21   82.85
16:05:20 67.44   100.29   67.21   82.85
16:06:24 67.44   98.71   67.21   82.74
16:07:27 67.33   97.92   67.21   82.63
16:08:30 67.33   96.58   67.21   82.63
16:09:34 67.33   95.00   67.10   82.51
16:10:37 67.21   94.10   67.10   82.51
16:11:41 67.21   92.64   67.21   82.51
16:12:44 67.21   92.41   67.21   82.40
16:13:47 67.21   91.29   67.21   82.40
16:14:51 67.10   90.72   67.44   82.40
16:15:54 67.10   90.05   67.44   82.18
16:16:57 67.10   89.60   67.33   82.29
16:18:01 67.21   89.15   67.33   82.29
16:19:04 67.10   88.47   67.55   82.18
16:20:07 67.21   90.72   67.44   81.95
16:21:11 69.13   124.59   67.55   82.18
16:22:14 70.47   145.63   67.55   82.51
16:23:16 71.15   139.32   67.66   83.19
16:24:20 71.60   114.24   67.78   83.53
16:25:23 70.81   111.88   67.66   83.75
16:26:26 69.80   110.41   67.66   83.75
16:27:30 69.13   111.76   67.66   83.53
16:28:33 68.79   110.75   67.66   83.53
16:29:36 68.45   108.50   67.66   83.30
16:30:40 68.22   106.81   67.66   83.19
16:31:43 68.11   105.13   67.66   83.30
16:32:46 68.00   104.11   67.89   83.08
16:33:50 68.00   102.20   68.11   82.96
16:34:53 68.00   100.29   68.00   82.96
16:35:56 67.89   99.50   68.11   82.85
16:37:00 67.78   97.92   68.34   82.85
16:38:03 67.78   96.24   68.45   82.85
16:39:06 67.78   95.56   68.11   82.74
16:40:10 67.78   94.66   68.34   82.74
16:41:13 67.66   93.65   68.56   82.63
16:42:16 67.66   92.97   68.45   82.63
16:43:20 67.66   91.96   68.34   82.63
16:44:23 67.66   91.51   68.34   82.63
16:45:26 67.55   90.39   68.34   82.51
16:46:30 67.55   89.83   68.45   89.04
16:47:33 67.55   89.38   68.34   104.34
16:48:36 67.55   88.81   68.34   105.24
16:49:40 67.55   88.70   68.34   103.78
16:50:43 67.55   88.36   68.45   101.98
16:51:46 67.55   87.69   68.34   100.40
16:52:50 67.55   87.01   68.45   98.94
16:53:53 67.55   87.01   68.11   97.81
16:54:56 67.44   86.45   68.11   96.80
16:56:00 67.44   86.11   68.00   102.20
16:57:03 67.44   85.78   67.89   105.58
16:58:07 67.44   85.55   67.89   104.56
16:59:10 67.33   85.55   68.00   103.21
17:00:13 67.33   85.44   67.89   101.64
17:01:17 67.33   85.21   67.89   100.40
17:02:20 67.33   84.65   67.89   99.28
17:03:23 67.21   84.76   67.89   98.38
17:04:27 67.21   84.65   67.78   97.59
17:05:30 67.21   84.31   67.78   96.69
17:06:33 67.21   84.54   67.66   95.90
17:07:37 67.21   84.20   67.78   95.22
17:08:40 67.21   84.09   67.78   94.44
17:09:43 67.21   84.31   67.66   93.88
17:10:47 67.21   84.09   67.78   93.43
17:11:50 67.10   83.86   67.78   92.97
17:12:53 67.10   83.64   67.66   92.64
17:13:57 67.10   83.41   67.78   92.08
17:15:00 67.10   83.19   67.78   91.63
17:16:03 67.10   83.75   67.78   91.29
17:17:07 67.10   83.64   67.78   105.24
17:18:10 67.10   83.64   67.78   108.61
17:19:13 67.10   83.53   67.78   109.18
17:20:17 67.10   83.64   67.66   109.06
17:21:20 67.10   83.19   67.78   109.40
17:22:23 67.10   83.53   67.66   109.06
17:23:27 67.10   83.41   67.78   108.39
17:24:30 67.10   83.53   67.78   107.71
17:25:33 67.10   83.64   67.78   106.81
17:26:37 67.21   83.30   67.78   106.03
17:27:40 67.21   83.30   67.66   105.24
17:28:43 67.21   83.19   67.89   104.45
17:29:47 67.21   83.30   67.89   103.66
17:30:50 67.21   83.41   67.78   102.88
17:31:54 67.21   83.30   67.78   102.09
17:32:57 67.21   83.41   67.78   101.30
17:34:00 67.21   83.08   67.78   100.63
17:35:04 67.21   83.08   67.78   104.56
17:36:07 67.21   82.96   67.78   106.70
17:37:10 67.10   82.96   67.66   106.03
17:38:14 67.10   82.74   67.66   112.21
17:39:17 67.21   82.85   67.66   112.78
17:40:20 67.10   82.85   67.55   111.76
17:41:24 67.10   82.74   67.55   113.11
17:42:27 67.10   82.85   67.44   112.33
17:43:30 67.10   82.85   67.44   111.09
17:44:34 67.10   83.08   67.44   109.85
17:45:37 67.10   82.74   67.44   108.61
17:46:40 67.10   83.30   67.44   107.38
17:47:44 67.10   83.53   67.33   106.36
17:48:47 67.10   83.53   67.33   105.35
17:49:50 67.10   83.30   67.33   104.23
17:50:54 67.10   83.19   67.33   103.44
17:51:57 66.99   83.19   67.33   102.65
17:53:00 66.99   83.19   67.33   101.86
17:54:04 66.99   83.30   67.21   101.08
17:55:07 66.99   83.08   67.10   100.29
17:56:10 66.99   83.41   67.21   99.61
17:57:14 66.99   83.08   67.33   99.05
17:58:17 66.99   83.41   67.21   98.49
17:59:20 66.99   83.19   67.21   97.81
18:00:24 66.99   83.19   67.21   100.96
18:01:27 66.99   83.30   67.21   101.19
18:02:31 66.99   83.08   67.10   100.63
18:03:34 66.99   83.08   67.21   99.84
18:04:37 66.99   83.19   67.10   99.05
18:05:41 66.99   83.19   66.99   98.38
18:06:44 66.99   83.30   66.99   97.70
18:07:47 66.99   83.53   66.99   97.14
18:08:51 66.99   83.41   66.99   96.69
18:09:54 66.99   83.30   66.99   96.01
18:10:57 66.88   83.19   66.99   95.45
18:12:01 66.88   83.08   66.88   95.00
18:13:04 66.88   83.08   66.76   94.55
18:14:07 66.88   82.96   66.99   94.10
18:15:11 66.88   82.85   66.88   93.65
18:16:14 66.88   83.08   66.88   93.31
18:17:17 66.88   83.08   66.88   92.86
18:18:21 66.88   82.85   66.88   92.53
18:19:24 66.76   83.30   66.76   91.96
18:20:27 66.88   83.19   66.76   100.18
18:21:31 66.76   82.85   66.99   109.06
18:22:34 66.76   82.63   67.10   110.19
18:23:37 66.76   82.63   67.33   111.09
18:24:41 66.76   82.63   67.44   111.43
18:25:44 66.76   82.74   67.55   110.98
18:26:47 66.76   82.74   67.66   111.20
18:27:51 66.76   82.63   67.78   110.19
18:28:54 66.76   82.63   67.78   108.84
18:29:57 66.76   82.40   67.89   107.38
18:31:01 66.76   82.29   67.89   106.14
18:32:04 66.76   82.40   67.89   105.01
18:33:07 66.76   82.29   68.00   104.00
18:34:11 66.76   82.63   68.11   102.99
18:35:14 66.88   82.74   68.22   101.86
18:36:18 66.76   82.51   68.11   101.08
18:37:21 66.76   82.51   68.22   100.29
18:38:24 66.76   82.51   68.22   99.50
18:39:28 66.88   82.40   68.34   98.71
18:40:31 66.88   82.51   68.34   98.04
18:41:34 66.88   82.40   68.34   97.36
18:42:38 66.76   82.29   68.34   96.80
18:43:41 66.88   82.29   68.45   96.13
18:44:44 66.88   82.29   68.45   95.79
18:45:48 66.88   82.40   68.45   95.34
18:46:51 66.88   82.18   68.45   94.89
18:47:54 66.88   82.51   68.56   94.33
18:48:58 66.88   82.18   68.56   93.88
18:50:01 66.88   82.40   68.56   93.54
18:51:04 66.88   82.51   68.56   92.97
18:52:08 66.88   82.29   68.56   92.53
18:53:11 66.88   82.29   68.68   92.19
18:54:14 66.88   82.40   68.56   91.85
18:55:18 66.88   82.18   68.56   91.51
18:56:21 66.99   82.06   68.68   91.06
18:57:24 66.88   82.29   68.68   90.84
18:58:28 66.99   82.40   68.68   90.50
18:59:31 66.88   82.51   68.68   90.28
19:00:34 66.88   82.51   68.68   90.05
19:01:38 66.88   82.40   68.68   89.71
19:02:41 66.99   82.63   68.79   89.38
19:03:44 66.88   82.51   68.90   89.15
19:04:48 66.99   82.85   68.79   89.04
19:05:51 66.99   82.40   68.90   88.70
19:06:55 66.99   82.63   68.79   88.47
19:07:58 66.99   82.18   68.79   88.25
19:09:01 66.99   82.29   68.90   88.03
19:10:05 66.88   82.51   68.90   87.69
19:11:08 66.99   82.51   68.90   87.58
19:12:11 66.99   82.51   68.90   87.46
19:13:15 66.99   82.51   68.90   87.35
19:14:18 66.99   82.06   69.01   87.24
19:15:21 66.99   82.06   69.01   87.01
19:16:25 66.99   82.40   69.01   86.79
19:17:28 66.99   82.51   68.90   86.56
19:18:31 66.99   82.40   69.01   86.34
19:19:35 66.99   82.29   69.01   86.22
19:20:38 66.99   82.18   69.01   86.11
19:21:41 66.99   82.40   69.13   85.89
19:22:45 66.99   82.40   69.01   85.78
19:23:48 66.99   82.18   69.01   85.66
19:24:51 66.99   82.51   69.13   85.33
19:25:55 66.99   82.29   69.13   85.21
19:26:58 66.99   82.63   69.13   85.10
19:28:01 66.99   82.40   69.13   84.99
19:29:05 66.88   82.06   69.13   84.88
19:30:08 66.99   82.29   69.13   84.65
19:31:11 66.99   82.40   69.13   84.54
19:32:15 66.99   82.51   69.24   95.68
19:33:18 66.99   82.18   69.24   100.06
19:34:21 66.99   82.29   69.13   99.61
19:35:25 66.99   82.29   69.13   98.26
19:36:28 66.99   82.29   69.13   97.03
19:37:31 66.99   82.18   69.24   95.90
19:38:35 66.99   81.95   69.13   94.89
19:39:38 66.99   82.06   69.13   94.10
19:40:42 66.99   82.18   69.24   93.20
19:41:45 66.99   82.40   69.24   92.64
19:42:48 66.99   82.18   69.13   92.08
19:43:52 66.99   82.06   69.13   91.51
19:44:55 66.99   81.95   68.90   90.95
19:45:58 66.99   82.29   68.79   90.61
19:47:02 66.99   81.84   68.68   90.05
19:48:05 66.99   82.40   68.56   89.60
19:49:08 67.10   82.40   68.56   89.38
19:50:12 67.10   82.06   68.45   88.93
19:51:15 67.10   82.29   68.56   88.70
19:52:18 67.10   81.72   68.45   88.36
19:53:22 67.10   81.95   68.34   87.91
19:54:25 67.10   82.29   68.34   87.58
19:55:28 66.99   81.95   68.22   87.35
19:56:32 66.99   81.84   68.22   87.13
19:57:35 66.99   82.06   68.22   86.90
19:58:38 66.99   82.06   68.22   86.56
19:59:42 66.99   81.84   68.11   86.34
20:00:45 66.99   81.84   68.11   86.11
20:01:48 66.99   81.95   68.11   85.89
20:02:52 66.99   81.95   68.11   85.55
20:03:55 66.99   82.29   68.11   85.44
20:04:58 66.99   82.06   68.00   85.33
20:06:02 66.99   81.84   68.00   85.10
20:07:05 66.88   81.95   68.00   84.99
20:08:08 66.99   81.72   67.89   84.76
20:09:12 66.88   81.95   67.89   84.65
20:10:15 66.88   81.95   67.78   84.43
20:11:18 66.88   81.72   67.78   84.31
20:12:22 66.76   81.50   67.78   84.20
20:13:25 66.88   81.72   67.78   83.86
20:14:28 66.88   81.84   67.78   83.75
20:15:32 66.76   81.95   67.66   83.64
20:16:35 66.76   81.95   67.55   83.53
20:17:38 66.76   81.84   67.44   83.41
20:18:42 66.76   81.72   67.44   83.30
20:19:45 66.76   81.72   67.44   83.19
20:20:49 66.76   81.61   67.44   83.08
20:21:52 66.76   81.61   67.33   82.96
20:22:55 66.76   81.61   67.33   82.96
20:23:59 66.76   81.50   67.33   82.85
20:25:02 66.76   81.50   67.33   82.74
20:26:05 66.76   81.50   67.21   82.51
20:27:09 66.76   81.61   67.21   82.51
20:28:12 66.76   81.61   67.21   82.51
20:29:15 66.65   81.72   67.21   99.50
20:30:19 66.76   81.50   67.10   106.25
20:31:22 66.76   81.50   67.10   107.71
20:32:25 66.76   81.39   67.10   108.05
20:33:29 66.76   81.28   67.10   107.71
20:34:32 66.76   81.50   67.10   107.15
20:35:35 66.76   81.50   67.10   106.48
20:36:39 66.76   81.61   67.10   105.80
20:37:42 66.76   81.28   66.99   105.01
20:38:45 66.76   81.50   66.99   104.23
20:39:49 66.76   81.72   66.99   103.44
20:40:52 66.76   81.72   66.99   102.65
20:41:55 66.76   81.39   66.99   101.98
20:42:59 66.76   81.39   66.88   101.30
20:44:02 66.76   81.50   66.88   100.63
20:45:05 66.88   81.50   66.88   99.95
20:46:09 66.76   81.61   66.88   99.39
20:47:12 66.88   81.50   66.88   98.83
20:48:15 66.88   81.28   66.76   98.26
20:49:19 66.76   81.50   66.88   97.81
20:50:22 66.88   81.39   66.76   97.36
20:51:26 66.88   81.72   66.88   96.91
20:52:29 66.88   81.50   66.76   96.58
20:53:32 66.88   81.61   66.76   96.13
20:54:36 66.76   81.50   66.76   95.90
20:55:39 66.88   81.28   66.76   95.45
20:56:42 66.88   81.61   66.76   95.22
20:57:46 66.88   81.39   66.65   95.00
20:58:49 66.88   81.39   66.65   94.55
20:59:52 66.88   81.28   66.65   94.10
21:00:56 66.88   81.50   66.65   93.88
21:01:59 66.88   81.28   66.65   93.54
21:03:02 66.88   81.28   66.65   93.31
21:04:06 66.76   81.16   66.65   92.86
21:05:09 66.76   81.05   66.65   92.64
21:06:12 66.76   81.05   66.54   92.41
21:07:16 66.76   80.94   66.54   92.19
21:08:19 66.76   81.16   66.54   91.74
21:09:22 66.76   81.05   66.54   91.51
21:10:26 66.65   81.05   66.54   91.29
21:11:29 66.65   80.94   66.43   91.06
21:12:32 66.65   81.28   66.54   90.72
21:13:36 66.65   81.05   66.54   90.61
21:14:39 66.65   80.83   66.54   90.28
21:15:42 66.65   80.83   66.43   89.94
21:16:46 66.65   80.49   66.43   89.71
21:17:49 66.65   80.94   66.43   89.60
21:18:52 66.65   81.05   66.43   89.26
21:19:56 66.65   80.71   66.43   89.15
21:20:59 66.65   80.71   66.43   88.81
21:22:02 66.54   80.94   66.43   88.59
21:23:06 66.54   80.94   66.31   88.47
21:24:09 66.54   80.83   66.31   88.36
21:25:13 66.54   81.16   66.31   87.91
21:26:16 66.54   81.16   66.31   87.80
21:27:19 66.54   81.05   66.31   87.58
21:28:23 66.54   80.94   66.20   87.35
21:29:26 66.54   80.83   66.31   87.13
21:30:29 66.54   81.05   66.20   86.90
21:31:33 66.54   81.05   66.31   86.68
21:32:36 66.54   81.05   66.31   86.56
21:33:39 66.54   80.94   66.20   94.66
21:34:43 66.54   80.83   66.20   109.18
21:35:46 66.54   80.83   66.20   110.98
21:36:49 66.54   80.83   66.20   111.20
21:37:53 66.43   80.94   66.20   110.86
21:38:56 66.43   81.16   66.20   110.64
21:39:59 66.54   81.16   66.20   110.53
21:41:03 66.43   80.71   66.20   110.41
21:42:06 66.54   80.94   66.09   110.19
21:43:09 66.54   80.94   65.97   109.96
21:44:13 66.54   80.60   66.31   109.63
21:45:16 66.54   80.94   66.43   109.29
21:46:19 66.65   80.83   66.31   108.84
21:47:23 66.65   80.94   66.43   108.28
21:48:26 66.65   80.71   66.43   107.71
21:49:29 66.65   80.60   66.43   107.15
21:50:33 66.65   80.94   66.43   106.36
21:51:36 66.65   81.05   66.43   105.69
21:52:39 66.65   80.94   66.31   104.90
21:53:43 66.65   80.83   66.31   104.11
21:54:46 66.65   80.83   66.31   108.84
21:55:49 66.65   80.83   66.20   108.84
21:56:53 66.65   81.05   66.20   108.16
21:57:56 66.65   80.94   66.20   107.60
21:59:00 66.65   80.71   66.20   106.81
22:00:03 66.65   80.71   66.20   105.91
22:01:06 66.65   80.71   66.20   104.79
22:02:10 66.65   80.71   66.20   103.66
22:03:13 66.65   80.71   66.20   102.20
22:04:16 66.65   80.71   66.20   100.85
22:05:20 66.65   80.71   66.09   99.28
22:06:23 66.65   80.83   66.20   97.70
22:07:26 66.54   86.90   66.20   96.46
22:08:30 68.79   129.09   66.43   95.79
22:09:32 70.14   147.99   66.54   95.79
22:10:35 70.93   131.56   66.65   96.01
22:11:39 71.04   112.44   66.76   96.13
22:12:42 69.80   111.65   66.65   96.01
22:13:45 68.90   109.06   66.54   95.56
22:14:49 68.34   109.85   66.54   95.11
22:15:52 68.00   109.06   66.54   94.66
22:16:55 67.78   106.93   66.54   94.33
22:17:59 67.55   104.68   66.54   93.88
22:19:02 67.44   102.65   66.54   93.54
22:20:05 67.33   101.08   66.43   93.20
22:21:09 67.21   100.06   66.43   92.97
22:22:12 67.10   98.83   66.43   92.64
22:23:16 67.10   97.25   66.43   92.30
22:24:19 66.99   95.79   66.43   92.08
22:25:22 66.99   94.55   66.43   91.96
22:26:26 66.99   94.10   66.43   91.74
22:27:29 66.99   93.09   66.43   91.51
22:28:32 66.99   92.30   66.43   91.29
22:29:36 66.99   91.06   66.43   91.18
22:30:39 66.99   90.05   66.31   90.95
22:31:42 66.88   89.49   66.31   90.84
22:32:46 66.88   88.70   66.31   90.61
22:33:49 66.88   88.25   66.31   90.39
22:34:52 66.88   87.46   66.31   90.28
22:35:56 66.76   87.46   66.43   90.16
22:36:59 66.88   86.90   66.65   89.94
22:38:02 66.88   86.34   66.54   89.83
22:39:06 66.88   85.89   66.54   89.71
22:40:09 66.88   85.44   66.43   89.49
22:41:12 66.88   85.55   66.43   89.26
22:42:16 66.76   85.21   66.31   88.93
22:43:19 66.76   84.54   66.31   88.70
22:44:22 66.76   84.09   66.31   88.36
22:45:26 66.76   84.09   66.20   88.03
22:46:29 66.76   83.86   66.31   87.80
22:47:32 66.65   83.53   66.20   87.58
22:48:36 66.65   83.41   66.31   87.46
22:49:39 66.65   83.30   66.20   87.24
22:50:42 66.65   82.96   66.20   87.13
22:51:46 66.54   82.96   66.20   86.90
22:52:49 66.54   82.74   66.20   86.56
22:53:52 66.54   82.63   66.09   86.45
22:54:56 66.54   82.29   66.20   86.22
22:55:59 66.54   82.29   66.20   86.00
22:57:02 66.54   82.18   66.09   88.81
22:58:06 66.43   82.06   66.09   102.43
22:59:09 66.54   82.29   66.09   103.89
23:00:13 66.43   82.06   66.09   102.65
23:01:16 66.43   81.95   66.09   105.91
23:02:19 66.43   81.84   65.97   106.25
23:03:23 66.43   81.61   65.97   105.80
23:04:26 66.43   81.72   65.97   105.24
23:05:29 66.43   81.50   65.97   104.56
23:06:33 66.43   81.50   66.09   104.00
23:07:36 66.43   81.05   65.97   103.33
23:08:39 66.43   81.39   65.97   102.65
23:09:43 66.43   81.16   65.97   101.98
23:10:46 66.31   81.39   65.86   101.30
23:11:49 66.31   80.83   65.97   100.74
23:12:53 66.31   81.16   65.86   100.06
23:13:56 66.31   80.71   65.97   99.50
23:14:59 66.31   80.83   65.97   98.83
23:16:03 66.31   80.71   65.86   98.26
23:17:06 66.31   80.60   65.97   97.70
23:18:09 66.31   80.71   65.86   97.03
23:19:13 66.31   80.60   65.86   96.46
23:20:16 66.20   80.49   65.86   96.01
23:21:19 66.20   80.38   65.86   95.45
23:22:23 66.20   80.38   65.86   95.00
23:23:26 66.31   80.49   65.86   94.44
23:24:29 66.20   80.15   65.86   93.99
23:25:33 66.20   80.15   65.75   93.54
23:26:36 66.20   80.04   65.75   93.09
23:27:39 66.20   80.26   65.75   92.64
23:28:43 66.20   80.15   65.75   92.30
23:29:46 66.20   79.93   65.75   91.85
23:30:49 66.20   80.04   65.75   91.51
23:31:53 66.20   80.04   65.75   91.18
23:32:56 66.20   80.15   65.75   90.84
23:33:59 66.09   80.04   65.75   90.50
23:35:03 66.20   80.04   65.64   90.16
23:36:06 66.20   79.70   65.64   89.83
23:37:10 66.09   80.04   65.64   89.49
23:38:13 66.09   80.04   65.64   89.15
23:39:16 66.09   79.81   65.64   88.93
23:40:20 66.09   79.70   65.64   98.94
23:41:23 66.09   79.81   65.64   101.19
23:42:26 66.20   79.81   65.64   100.85
23:43:30 66.09   79.81   65.53   100.06
23:44:33 66.09   79.81   65.64   99.16
23:45:36 66.09   79.70   65.53   98.38
23:46:40 66.09   79.59   65.53   97.48
23:47:43 66.09   79.59   65.64   96.58
23:48:46 66.09   79.59   65.53   95.79
23:49:50 66.09   79.59   65.53   95.00
23:50:53 66.09   79.47   65.53   94.44
23:51:56 66.09   79.47   65.53   93.76
23:53:00 66.09   79.81   65.53   93.20
23:54:03 66.09   79.25   65.53   92.75
23:55:06 66.09   79.36   65.53   92.19
23:56:10 66.09   79.14   65.41   91.63
23:57:13 66.09   79.36   65.41   91.29
23:58:16 66.09   79.03   65.41   90.72
23:59:20 66.09   79.36   65.41   90.39
