16:29:27 68.90   91.51   70.59   90.72
16:30:30 68.90   91.40   70.59   90.39
16:31:33 68.90   90.84   70.70   90.28
16:32:37 68.90   90.72   70.59   90.05
16:33:40 68.79   89.83   70.59   89.94
16:34:43 68.79   89.71   70.59   89.83
16:35:47 68.79   89.38   70.47   89.60
16:36:50 68.79   89.15   70.47   89.38
16:37:53 68.79   88.93   70.47   89.15
16:38:57 68.68   88.81   70.47   88.93
16:40:00 68.79   88.59   70.47   88.81
16:41:03 68.68   88.36   70.36   88.70
16:42:07 68.68   88.25   70.36   88.59
16:43:10 68.68   88.03   70.59   88.47
16:44:13 68.68   87.58   70.47   88.25
16:45:17 68.68   87.46   70.36   88.25
16:46:20 68.68   87.01   70.36   88.14
16:47:23 68.68   86.90   70.36   87.91
16:48:27 68.68   86.90   70.36   87.80
16:49:30 68.68   86.68   70.36   87.58
16:50:33 68.68   86.45   70.47   87.46
16:51:37 68.68   86.22   70.36   87.24
16:52:40 68.56   86.56   70.47   87.13
16:53:43 68.56   86.11   70.47   87.01
16:54:47 68.56   86.11   70.36   87.01
16:55:50 68.68   86.22   70.47   86.79
16:56:53 68.56   85.89   70.36   86.90
16:57:57 68.56   85.89   70.47   86.68
16:59:00 68.56   85.66   70.36   86.56
17:00:03 68.56   85.44   70.36   86.34
17:01:07 68.56   85.44   70.36   86.34
17:02:10 68.56   85.21   70.36   86.11
17:03:13 68.56   85.44   70.36   86.11
17:04:17 68.56   85.55   70.36   86.00
17:05:20 68.56   85.33   70.36   85.89
17:06:23 68.56   85.21   70.36   85.89
17:07:27 68.56   85.33   70.36   85.89
17:08:30 68.56   85.10   70.25   85.78
17:09:33 68.56   84.99   70.25   85.66
17:10:37 68.56   84.88   70.25   85.66
17:11:40 68.56   84.99   70.36   85.55
17:12:43 68.56   84.76   70.25   85.33
17:13:47 68.56   84.65   70.25   85.33
17:14:50 68.56   84.65   70.25   85.21
17:15:53 68.45   84.54   70.25   85.21
17:16:57 68.56   84.54   70.25   85.21
17:18:00 68.56   84.88   70.14   85.10
17:19:03 68.56   84.88   70.25   84.99
17:20:07 68.56   84.43   70.25   85.10
17:21:10 68.45   84.43   70.25   84.99
17:22:13 68.56   84.20   70.25   84.76
17:23:17 68.56   84.31   70.25   84.65
17:24:20 68.56   84.54   70.14   84.54
17:25:23 68.45   84.43   70.14   84.54
17:26:27 68.45   84.31   70.14   84.43
17:27:30 68.45   84.76   70.14   84.43
17:28:33 68.45   84.54   70.14   84.43
17:29:37 68.45   84.43   70.14   84.31
17:30:40 68.45   84.20   69.80   84.20
17:31:43 68.45   84.43   69.91   84.20
17:32:47 68.45   84.20   69.91   84.09
17:33:50 68.45   83.86   69.91   84.09
17:34:53 68.34   84.20   69.91   84.09
17:35:57 68.34   83.75   69.80   84.09
17:37:00 68.34   84.09   69.80   84.09
17:38:03 68.45   83.86   69.80   83.97
17:39:07 68.45   83.97   69.91   83.86
17:40:10 68.45   83.97   70.03   83.86
17:41:13 68.45   83.97   69.91   83.86
17:42:17 68.45   83.97   70.03   83.75
17:43:20 68.45   83.97   70.03   83.75
17:44:23 68.45   83.97   70.03   83.64
17:45:27 68.45   83.75   69.91   83.53
17:46:30 68.45   83.86   69.91   83.41
17:47:33 68.45   83.64   69.91   83.53
17:48:37 68.45   83.97   69.91   83.53
17:49:40 68.45   83.64   69.91   83.53
17:50:43 68.45   83.53   69.91   83.53
17:51:47 68.45   83.64   69.91   83.53
17:52:50 68.45   83.75   69.80   83.41
17:53:53 68.45   83.86   69.80   83.30
17:54:57 68.45   83.75   69.80   83.30
17:56:00 68.45   83.64   69.80   83.19
17:57:03 68.34   83.86   69.80   83.08
17:58:07 68.34   83.64   69.69   82.96
17:59:10 68.34   83.86   69.69   82.85
18:00:13 68.34   83.75   69.58   82.85
18:01:17 68.34   83.41   69.58   83.08
18:02:20 68.34   83.64   69.58   82.96
18:03:23 68.22   83.64   69.46   82.85
18:04:27 68.22   83.53   69.46   82.85
18:05:30 68.22   83.53   69.46   82.74
18:06:33 68.22   83.64   69.46   82.63
18:07:37 68.22   83.53   69.46   82.63
18:08:40 68.22   83.53   69.46   82.63
18:09:43 68.22   83.19   69.46   82.74
18:10:47 68.22   83.30   69.46   82.63
18:11:50 68.22   83.41   69.46   82.63
18:12:53 68.11   83.64   69.46   82.63
18:13:57 68.22   83.53   69.46   82.51
18:15:00 68.11   83.53   69.46   82.51
18:16:03 68.11   83.30   69.46   82.51
18:17:07 68.11   83.53   69.46   82.51
18:18:10 68.11   83.08   69.46   82.51
18:19:13 68.11   83.41   69.46   82.40
18:20:17 68.11   83.19   69.35   82.29
18:21:20 68.11   83.19   69.35   82.18
18:22:23 68.11   83.08   69.35   82.18
18:23:27 68.11   83.19   69.35   82.18
18:24:30 68.11   83.08   69.24   82.06
18:25:33 68.11   83.19   69.35   82.18
18:26:37 68.11   83.19   69.35   82.06
18:27:40 68.11   83.08   69.35   82.06
18:28:43 68.11   83.08   69.35   82.06
18:29:47 68.11   82.96   69.35   82.06
18:30:50 68.11   82.96   69.24   82.06
18:31:53 68.11   82.96   69.35   82.06
18:32:57 68.00   83.08   69.24   82.06
18:34:00 68.00   82.96   69.24   82.06
18:35:03 68.11   82.96   69.35   81.95
18:36:07 68.11   82.96   69.24   81.95
18:37:10 68.00   82.63   69.24   81.95
18:38:13 68.00   83.08   69.24   90.05
18:39:17 68.11   82.63   69.35   102.88
18:40:20 68.00   82.63   69.24   103.33
18:41:23 68.00   82.74   69.35   102.09
18:42:27 68.00   82.63   69.24   100.51
18:43:30 68.00   82.51   69.24   98.94
18:44:33 68.00   82.51   69.24   98.83
18:45:37 68.00   82.51   69.24   97.81
18:46:40 68.00   82.74   69.35   96.91
18:47:43 68.00   82.85   69.35   95.90
18:48:47 68.00   83.08   69.24   95.22
18:49:50 68.00   82.85   69.24   94.44
18:50:53 68.00   82.51   69.35   93.88
18:51:57 68.00   82.85   69.35   93.20
18:53:00 68.00   82.63   69.24   92.64
18:54:03 68.00   82.74   69.24   92.19
18:55:07 68.00   82.74   69.35   91.74
18:56:10 68.00   82.85   69.24   91.29
18:57:13 68.00   82.74   69.24   90.95
18:58:17 68.00   82.85   69.24   90.61
18:59:20 68.00   82.85   69.24   90.28
19:00:23 68.00   82.85   69.24   90.05
19:01:27 68.00   82.85   69.24   89.60
19:02:30 67.89   82.74   69.24   89.26
19:03:33 68.00   82.74   69.24   88.93
19:04:37 67.89   82.63   69.13   88.70
19:05:40 68.00   82.63   69.24   88.36
19:06:43 67.89   82.51   69.24   88.03
19:07:47 68.00   82.74   69.13   87.91
19:08:50 67.89   82.63   69.24   87.58
19:09:53 68.00   82.63   69.24   87.35
19:10:57 68.00   82.74   69.13   87.13
19:12:00 67.89   82.63   69.13   87.01
19:13:03 67.89   82.63   69.13   86.68
19:14:07 67.89   82.51   69.13   86.56
19:15:10 67.89   82.74   69.13   86.45
19:16:13 67.89   82.40   69.01   86.22
19:17:17 67.89   82.63   69.01   86.00
19:18:20 67.89   82.29   69.13   85.89
19:19:23 67.89   82.40   69.13   85.78
19:20:27 68.00   82.40   69.13   85.55
19:21:30 67.89   82.18   69.01   85.44
19:22:33 67.89   82.51   69.01   85.33
19:23:37 67.89   82.63   69.13   85.21
19:24:40 67.89   82.74   69.01   84.99
19:25:43 67.89   82.40   69.01   84.76
19:26:47 67.89   82.18   69.01   84.76
19:27:50 67.89   82.63   69.01   84.76
19:28:53 67.89   82.18   69.01   84.65
19:29:57 68.00   88.03   69.01   98.26
19:31:00 69.91   129.88   69.24   104.56
19:32:03 70.70   148.32   69.46   105.01
19:33:06 71.26   156.43   69.58   103.10
19:34:09 71.83   150.13   69.58   102.09
19:35:12 72.28   147.43   69.69   101.86
19:36:14 72.50   155.53   69.69   101.86
19:37:17 72.95   160.59   69.80   101.86
19:38:20 73.18   146.98   69.91   101.75
19:39:23 73.51   152.82   70.03   101.53
19:40:26 73.74   160.36   70.03   101.41
19:41:29 73.96   150.91   70.14   101.30
19:42:32 74.08   129.88   70.25   101.08
19:43:35 73.96   114.13   70.25   100.51
19:44:39 72.61   115.48   70.36   99.95
19:45:42 71.60   115.48   70.36   99.16
19:46:45 70.93   113.68   70.25   98.71
19:47:49 71.94   127.63   70.36   98.26
19:48:52 72.95   143.60   70.47   98.04
19:49:54 73.40   153.95   70.47   98.26
19:50:57 73.74   160.70   70.70   98.83
19:52:00 73.96   147.31   70.70   99.05
19:53:03 74.19   138.65   70.70   99.05
19:54:06 74.41   115.59   70.81   98.94
19:55:10 73.40   114.80   70.81   98.71
19:56:13 72.16   115.48   70.81   98.15
19:57:16 71.49   113.23   70.81   97.81
19:58:20 72.50   127.63   70.81   97.48
19:59:23 73.40   144.39   70.81   97.36
20:00:26 73.85   154.74   71.04   97.81
20:01:28 74.08   161.26   71.04   98.26
20:02:31 74.41   146.07   71.15   98.60
20:03:35 74.75   119.08   71.15   98.49
20:04:38 73.74   116.04   71.26   98.15
20:05:41 72.61   116.83   71.15   97.70
20:06:45 71.83   115.36   71.15   97.25
20:07:48 71.15   113.00   71.15   96.69
20:08:51 71.83   122.45   71.15   96.35
20:09:54 73.29   140.90   71.26   96.35
20:10:57 73.74   152.82   71.26   96.69
20:12:00 74.08   160.25   71.38   97.14
20:13:03 74.41   143.60   71.49   97.48
20:14:06 74.75   116.94   71.49   97.48
20:15:10 73.85   115.36   71.49   97.25
20:16:13 72.61   116.26   71.49   96.80
20:17:16 71.71   114.58   71.49   96.35
20:18:20 71.15   115.14   71.38   96.01
20:19:23 70.70   114.46   71.49   95.68
20:20:26 70.47   113.00   71.38   106.93
20:21:30 70.25   112.33   71.38   109.18
20:22:33 72.16   129.65   71.49   109.40
20:23:36 73.29   145.40   71.49   109.40
20:24:39 73.74   155.30   71.60   109.40
20:25:42 74.08   148.78   71.71   109.29
20:26:45 74.53   122.00   71.71   108.84
20:27:48 74.08   114.01   71.49   108.16
20:28:51 72.84   114.69   71.60   109.06
20:29:55 71.94   114.35   71.60   109.96
20:30:58 71.38   112.10   71.71   109.51
20:32:02 71.04   112.55   71.60   108.95
20:33:05 70.70   112.55   71.60   108.28
20:34:08 70.47   111.31   71.60   108.61
20:35:12 70.36   109.29   71.60   108.50
20:36:15 70.14   107.83   71.49   108.05
20:37:18 70.03   106.59   71.49   107.38
20:38:22 69.91   105.13   71.49   106.70
20:39:25 69.80   103.78   71.49   106.03
20:40:28 69.80   102.88   71.49   105.46
20:41:32 69.69   101.53   71.49   104.90
20:42:35 69.69   100.63   71.49   104.23
20:43:38 69.58   99.73   71.49   103.66
20:44:42 69.58   98.71   71.49   103.10
20:45:45 69.58   97.48   71.49   102.65
20:46:48 69.46   96.91   71.49   102.09
20:47:52 69.46   96.13   71.49   101.53
20:48:55 69.46   95.56   71.49   101.08
20:49:58 69.35   94.89   71.49   100.51
20:51:02 69.35   94.44   71.38   100.06
20:52:05 69.35   93.65   71.38   99.61
20:53:08 69.24   93.31   71.38   99.16
20:54:12 69.24   92.86   71.26   98.60
20:55:15 69.24   92.53   71.26   98.15
20:56:18 69.24   92.19   71.15   97.81
20:57:22 69.24   91.51   71.15   97.36
20:58:25 69.24   91.18   71.04   97.03
20:59:28 69.24   90.72   71.04   96.69
21:00:32 69.24   90.61   71.04   96.35
21:01:35 69.13   90.16   70.93   96.01
21:02:38 69.13   90.28   70.93   95.56
21:03:42 69.13   89.60   70.81   95.22
21:04:45 69.13   89.38   70.81   95.00
21:05:48 69.13   89.15   70.81   94.66
21:06:52 69.01   88.70   70.81   94.33
21:07:55 69.01   88.59   70.70   94.10
21:08:58 69.01   88.47   70.70   93.76
21:10:02 69.01   88.47   70.81   93.54
21:11:05 69.01   88.59   70.81   93.31
21:12:08 69.01   88.36   70.70   93.09
21:13:12 68.90   88.03   70.70   92.75
21:14:15 68.90   88.25   70.59   92.53
21:15:18 68.90   88.03   70.59   92.30
21:16:22 68.90   87.69   70.59   92.08
21:17:25 68.90   88.03   70.59   91.85
21:18:29 68.90   87.58   70.59   91.63
21:19:32 68.90   87.69   70.59   91.40
21:20:35 68.90   87.35   70.70   91.18
21:21:39 68.90   87.24   70.59   90.84
21:22:42 68.90   86.90   70.59   90.61
21:23:45 68.90   86.90   70.47   90.50
21:24:49 68.79   86.68   70.47   90.39
21:25:52 68.79   86.56   70.47   90.16
21:26:55 68.79   86.68   70.47   89.83
21:27:59 68.79   86.68   70.47   89.60
21:29:02 68.79   86.34   70.47   89.49
21:30:05 68.79   86.56   70.47   89.26
21:31:09 68.79   86.45   70.47   89.15
21:32:12 68.79   86.68   70.36   89.04
21:33:15 68.79   86.22   70.36   88.93
21:34:19 68.79   86.34   70.36   88.70
21:35:22 68.79   86.11   70.36   88.59
21:36:25 68.79   86.22   70.36   88.59
21:37:29 68.79   85.78   70.36   88.36
21:38:32 68.79   86.45   70.36   88.25
21:39:35 68.68   85.89   70.36   88.14
21:40:39 68.68   86.00   70.25   87.91
21:41:42 68.68   85.78   70.36   87.69
21:42:45 68.68   85.89   70.36   87.58
21:43:49 68.68   85.89   70.36   87.46
21:44:52 68.68   85.89   70.25   87.35
21:45:55 68.68   85.78   70.25   87.24
21:46:59 68.68   85.78   70.25   87.13
21:48:02 68.68   85.66   70.25   87.01
21:49:05 68.68   85.55   70.14   86.90
21:50:09 68.68   85.78   70.25   86.79
21:51:12 68.68   85.55   70.14   86.56
21:52:15 68.68   85.55   70.14   86.45
21:53:19 68.68   85.21   70.14   86.45
21:54:22 68.68   85.33   70.25   86.34
21:55:26 68.68   85.44   70.14   86.22
21:56:29 68.68   85.33   70.14   86.11
21:57:32 68.68   85.21   70.14   85.89
21:58:36 68.56   85.10   70.03   85.89
21:59:39 68.56   85.10   70.14   85.78
22:00:42 68.56   84.99   70.03   85.66
22:01:46 68.56   84.99   70.03   85.55
22:02:49 68.68   85.21   70.03   85.55
22:03:52 68.56   85.21   70.03   85.55
22:04:56 68.56   84.88   70.14   85.44
22:05:59 68.56   84.99   70.03   85.33
22:07:02 68.56   84.99   70.03   85.21
22:08:06 68.56   85.10   69.91   84.99
22:09:09 68.56   84.76   70.03   84.99
22:10:12 68.56   84.76   69.91   84.88
22:11:16 68.56   84.99   70.03   97.59
22:12:19 68.56   84.65   69.91   99.50
22:13:22 68.56   84.54   69.91   99.39
22:14:26 68.56   84.43   69.91   98.60
22:15:29 68.56   84.54   69.80   97.70
22:16:32 68.45   84.43   69.80   96.80
22:17:36 68.56   84.43   69.80   96.13
22:18:39 68.45   84.65   69.80   95.34
22:19:42 68.45   84.65   69.69   94.78
22:20:46 68.45   84.65   69.69   94.21
22:21:49 68.45   84.31   69.69   93.54
22:22:52 68.45   84.09   69.69   92.97
22:23:56 68.45   84.20   69.80   92.53
22:24:59 68.45   83.97   69.80   92.19
22:26:02 68.45   84.43   69.69   91.74
22:27:06 68.45   84.31   69.69   91.40
22:28:09 68.45   84.31   69.69   91.06
22:29:12 68.45   84.31   69.80   90.61
22:30:16 68.45   84.43   69.69   90.16
22:31:19 68.45   84.54   69.69   89.94
22:32:22 68.45   84.54   69.69   89.60
22:33:26 68.45   84.20   69.58   89.38
22:34:29 68.45   84.43   69.58   89.15
22:35:32 68.45   84.20   69.58   88.81
22:36:36 68.45   84.20   69.58   88.59
22:37:39 68.45   83.97   69.69   88.25
22:38:42 68.45   84.20   69.58   88.03
22:39:46 68.45   83.97   69.69   87.80
22:40:49 68.34   83.86   69.58   87.58
22:41:52 68.34   83.86   69.58   87.46
22:42:56 68.34   83.97   69.58   87.24
22:43:59 68.45   83.75   69.46   87.13
22:45:03 68.45   83.97   69.46   86.90
22:46:06 68.45   83.75   69.46   86.79
22:47:09 68.45   84.09   69.46   86.68
22:48:13 68.34   83.97   69.46   86.45
22:49:16 68.34   83.86   69.46   86.34
22:50:19 68.45   83.86   69.46   86.11
22:51:23 68.34   83.75   69.46   93.65
22:52:26 68.45   83.97   69.46   97.03
22:53:29 68.45   83.86   69.58   96.46
22:54:33 68.34   84.09   69.58   95.45
22:55:36 68.45   83.75   69.46   94.44
22:56:39 68.34   83.64   69.46   93.43
22:57:43 68.34   83.64   69.46   92.75
22:58:46 68.34   83.86   69.35   92.19
22:59:49 68.34   83.64   69.35   91.51
23:00:53 68.34   83.53   69.35   91.06
23:01:56 68.34   83.64   69.46   90.50
23:02:59 68.34   83.64   69.35   90.16
23:04:03 68.34   83.30   69.35   89.71
23:05:06 68.34   83.30   69.35   89.38
23:06:09 68.34   83.86   69.35   89.04
23:07:13 68.34   83.53   69.35   88.81
23:08:16 68.34   83.41   69.24   88.59
23:09:19 68.34   83.41   69.35   88.14
23:10:23 68.34   83.53   69.24   87.80
23:11:26 68.34   83.75   69.24   87.58
23:12:29 68.34   83.41   69.24   87.35
23:13:33 68.34   83.30   69.24   87.13
23:14:36 68.34   83.53   69.24   87.01
23:15:39 68.34   83.19   69.24   86.79
23:16:43 68.22   83.30   69.24   86.56
23:17:46 68.34   83.41   69.13   86.34
23:18:49 68.34   83.19   69.13   86.11
23:19:53 68.34   83.30   69.24   85.89
23:20:56 68.34   83.08   69.13   85.66
23:21:59 68.22   82.96   69.13   85.44
23:23:03 68.22   82.96   69.13   85.33
23:24:06 68.22   83.19   69.13   85.21
23:25:09 68.22   82.85   69.13   90.72
23:26:13 68.22   82.85   69.13   101.19
23:27:16 68.22   82.85   69.13   103.66
23:28:19 68.22   83.08   69.13   104.11
23:29:23 68.22   83.08   69.13   103.78
23:30:26 68.22   83.19   69.13   103.21
23:31:29 68.34   82.96   69.01   102.65
23:32:33 68.34   82.96   69.13   102.09
23:33:36 68.22   83.19   69.01   101.41
23:34:39 68.34   83.08   69.01   100.74
23:35:43 68.34   82.96   69.01   100.06
23:36:46 68.34   82.96   69.01   99.39
23:37:49 68.34   83.19   69.01   98.71
23:38:53 68.34   83.19   69.01   97.92
23:39:56 68.34   83.08   69.01   97.36
23:40:59 68.34   83.19   69.01   96.80
23:42:03 68.34   82.74   69.01   96.24
23:43:06 68.34   82.85   68.90   95.79
23:44:10 68.34   82.74   68.90   95.34
23:45:13 68.34   82.85   68.90   94.89
23:46:16 68.34   82.85   68.90   94.44
23:47:20 68.34   82.96   69.01   94.10
23:48:23 68.34   82.85   68.90   93.76
23:49:26 68.34   82.40   69.01   93.31
23:50:30 68.34   82.40   68.90   92.97
23:51:33 68.34   82.51   68.90   92.53
23:52:36 68.22   82.63   69.01   92.19
23:53:40 68.22   82.63   68.90   91.85
23:54:43 68.22   82.29   68.90   91.63
23:55:46 68.22   82.74   68.79   91.29
23:56:50 68.22   82.40   68.79   91.06
23:57:53 68.22   82.51   68.79   90.72
23:58:56 68.22   82.63   68.79   90.50
