00:00:36 67.44   82.29   68.34   92.19
00:01:39 67.44   82.29   68.34   91.85
00:02:42 67.44   82.40   68.34   91.51
00:03:46 67.44   82.51   68.34   91.18
00:04:49 67.44   82.29   68.34   90.84
00:05:52 67.44   82.29   68.34   90.50
00:06:56 67.44   82.29   68.34   90.16
00:07:59 67.44   82.18   68.34   89.94
00:09:02 67.44   81.95   68.34   89.49
00:10:06 67.44   82.06   68.34   89.15
00:11:09 67.44   81.84   68.22   89.04
00:12:12 67.44   82.18   68.22   88.70
00:13:16 67.44   82.40   68.34   88.47
00:14:19 67.44   82.51   68.34   88.25
00:15:23 67.44   82.40   68.34   88.03
00:16:26 67.44   82.18   68.34   87.69
00:17:29 67.44   81.95   68.22   87.46
00:18:33 67.44   81.84   68.22   87.35
00:19:36 67.44   81.84   68.22   87.13
00:20:39 67.44   82.18   68.34   86.90
00:21:43 67.44   82.06   68.22   86.68
00:22:46 67.44   81.95   68.22   86.45
00:23:49 67.44   81.84   68.22   86.22
00:24:53 67.33   82.06   68.22   86.11
00:25:56 67.44   81.72   68.11   85.89
00:26:59 67.33   81.50   68.22   85.78
00:28:03 67.44   81.84   68.22   85.66
00:29:06 67.44   82.06   68.22   85.44
00:30:09 67.44   81.84   68.22   85.33
00:31:13 67.33   81.84   68.22   85.10
00:32:16 67.44   81.84   68.34   84.99
00:33:19 67.44   81.95   68.11   84.76
00:34:23 67.44   81.84   68.11   84.76
00:35:26 67.33   82.06   68.11   84.54
00:36:29 67.44   82.06   68.22   84.43
00:37:33 67.33   81.84   68.11   84.43
00:38:36 67.33   81.72   68.00   84.31
00:39:39 67.33   81.84   68.22   84.20
00:40:43 67.33   81.72   68.00   84.09
00:41:46 67.33   81.95   68.11   83.97
00:42:49 67.33   81.84   68.11   83.86
00:43:53 67.44   81.84   68.11   83.75
00:44:56 67.33   81.72   68.00   83.64
00:45:59 67.33   81.50   68.00   83.53
00:47:03 67.33   81.61   68.00   83.53
00:48:06 67.33   81.72   68.00   83.30
00:49:10 67.33   81.61   68.11   83.19
00:50:13 67.33   81.84   68.11   83.08
00:51:16 67.33   81.72   68.11   82.96
00:52:20 67.33   82.06   68.11   82.85
00:53:23 67.33   81.95   68.11   82.74
00:54:26 67.33   81.72   68.11   82.63
00:55:30 67.33   81.72   67.89   82.51
00:56:33 67.33   81.72   68.00   82.51
00:57:36 67.33   81.84   68.00   82.40
00:58:40 67.33   81.61   68.00   82.29
00:59:43 67.33   81.61   68.00   82.29
01:00:46 67.33   81.61   68.00   82.18
01:01:50 67.33   81.39   68.00   82.06
01:02:53 67.33   81.72   68.11   81.95
01:03:56 67.33   81.50   68.00   81.95
01:05:00 67.33   81.84   68.00   81.95
01:06:03 67.33   81.84   68.00   81.84
01:07:06 67.33   81.72   68.00   81.72
01:08:10 67.33   81.72   68.00   81.72
01:09:13 67.33   81.16   67.89   81.61
01:10:16 67.33   81.50   68.00   81.61
01:11:20 67.33   81.61   68.00   81.61
01:12:23 67.33   81.61   67.89   81.50
01:13:26 67.33   81.72   67.89   81.50
01:14:30 67.33   81.50   67.89   81.50
01:15:33 67.33   81.61   67.89   81.39
01:16:36 67.33   81.28   67.89   81.28
01:17:40 67.33   81.50   68.00   81.28
01:18:43 67.21   81.50   68.00   81.16
01:19:46 67.33   81.50   68.00   81.16
01:20:50 67.33   81.50   67.89   81.05
01:21:53 67.33   81.39   67.89   80.94
01:22:57 67.33   81.28   67.89   80.94
01:24:00 67.33   81.50   67.78   80.94
01:25:03 67.33   81.50   67.89   80.83
01:26:07 67.33   81.28   67.89   80.83
01:27:10 67.33   81.16   67.89   80.83
01:28:13 67.33   81.28   67.78   80.83
01:29:17 67.33   81.39   67.89   80.94
01:30:20 67.21   81.28   67.78   80.83
01:31:23 67.33   81.16   67.89   80.83
01:32:27 67.33   81.16   67.89   80.71
01:33:30 67.33   81.39   67.78   80.60
01:34:33 67.33   81.16   67.78   80.60
01:35:37 67.21   81.39   67.89   80.60
01:36:40 67.21   81.50   67.78   80.49
01:37:43 67.21   81.39   67.89   80.49
01:38:47 67.21   81.50   67.89   80.49
01:39:50 67.21   81.39   67.78   80.49
01:40:53 67.21   81.16   67.78   80.60
01:41:57 67.21   81.28   67.78   80.49
01:43:00 67.21   81.16   67.78   80.38
01:44:03 67.21   81.16   67.78   80.26
01:45:07 67.21   81.28   67.78   80.26
01:46:10 67.21   80.94   67.66   80.26
01:47:13 67.21   81.16   67.78   80.15
01:48:17 67.21   81.05   67.78   80.04
01:49:20 67.21   81.28   67.78   80.04
01:50:23 67.21   81.16   67.78   80.04
01:51:27 67.21   81.16   67.78   80.15
01:52:30 67.21   81.05   67.78   80.04
01:53:34 67.21   80.94   67.78   80.04
01:54:37 67.21   81.16   67.78   80.04
01:55:40 67.21   81.39   67.78   80.04
01:56:44 67.21   81.28   67.66   80.04
01:57:47 67.21   81.05   67.66   80.04
01:58:50 67.21   81.05   67.66   80.04
01:59:54 67.21   80.94   67.55   80.04
02:00:57 67.21   81.16   67.66   80.04
02:02:00 67.21   81.05   67.66   80.04
02:03:04 67.21   81.16   67.66   80.04
02:04:07 67.21   81.28   67.66   80.04
02:05:10 67.21   81.05   67.66   80.04
02:06:14 67.21   81.05   67.66   80.04
02:07:17 67.21   80.83   67.66   80.04
02:08:20 67.21   81.28   67.55   79.93
02:09:24 67.21   80.83   67.66   79.93
02:10:27 67.21   80.94   67.66   79.81
02:11:30 67.21   81.16   67.66   79.70
02:12:34 67.21   81.05   67.55   79.81
02:13:37 67.21   81.16   67.55   79.81
02:14:40 67.21   81.16   67.55   79.81
02:15:44 67.21   80.94   67.55   79.81
02:16:47 67.21   80.83   67.55   79.70
02:17:50 67.21   80.94   67.44   79.59
02:18:54 67.21   80.71   67.55   79.59
02:19:57 67.21   80.71   67.66   79.70
02:21:00 67.10   80.60   67.55   79.70
02:22:04 67.21   80.71   67.55   79.70
02:23:07 67.10   80.94   67.55   79.70
02:24:10 67.21   81.05   67.55   79.70
02:25:14 67.10   80.83   67.55   79.59
02:26:17 67.10   80.83   67.55   79.59
02:27:20 67.10   80.83   67.55   79.59
02:28:24 67.10   80.83   67.44   79.59
02:29:27 67.10   80.83   67.44   79.47
02:30:31 67.10   80.49   67.44   79.59
02:31:34 67.10   80.60   67.44   79.59
02:32:37 67.10   80.38   67.44   79.47
02:33:41 67.10   80.83   67.44   79.47
02:34:44 67.10   80.49   67.44   79.47
02:35:47 67.10   80.83   67.44   79.47
02:36:51 67.10   80.83   67.33   79.47
02:37:54 67.10   80.71   67.44   79.47
02:38:57 67.10   80.71   67.44   79.47
02:40:01 67.10   80.83   67.44   79.36
02:41:04 67.10   80.49   67.44   79.36
02:42:07 67.10   80.49   67.44   79.36
02:43:11 67.10   80.71   67.44   79.47
02:44:14 67.10   80.71   67.44   79.47
02:45:17 67.10   80.83   67.33   79.47
02:46:21 67.10   80.71   67.44   79.36
02:47:24 67.10   80.60   67.33   79.36
02:48:27 67.10   80.60   67.33   79.36
02:49:31 67.10   80.71   67.33   79.36
02:50:34 67.10   80.60   67.33   79.25
02:51:37 67.10   80.71   67.33   79.25
02:52:41 67.10   80.83   67.33   79.36
02:53:44 67.10   80.60   67.33   79.25
02:54:47 67.10   80.71   67.33   79.25
02:55:51 67.10   80.49   67.44   79.14
02:56:54 67.10   80.15   67.33   79.14
02:57:57 67.10   80.49   67.33   79.14
02:59:01 67.10   80.49   67.21   79.14
03:00:04 67.10   80.71   67.33   79.03
03:01:08 67.10   80.49   67.33   79.03
03:02:11 67.10   80.49   67.33   79.03
03:03:14 67.10   80.49   67.33   79.14
03:04:17 67.10   80.38   67.21   79.14
03:05:21 67.10   80.38   67.33   79.25
03:06:24 67.10   80.38   67.33   79.36
03:07:28 67.10   80.60   67.21   79.36
03:08:31 67.21   80.60   67.21   79.25
03:09:34 67.10   80.49   67.33   79.25
03:10:38 67.10   80.60   67.33   79.25
03:11:41 67.21   80.71   67.33   79.03
03:12:44 67.21   80.49   67.33   79.14
03:13:48 67.21   80.60   67.33   79.14
03:14:51 67.21   80.49   67.21   79.14
03:15:54 67.21   80.26   67.33   79.03
03:16:57 67.21   80.38   67.21   79.03
03:18:01 67.21   80.38   67.21   79.03
03:19:04 67.21   80.49   67.21   79.03
03:20:08 67.21   80.38   67.10   79.03
03:21:11 67.21   80.49   67.21   79.03
03:22:14 67.21   80.60   67.10   78.91
03:23:18 67.10   80.49   67.21   79.03
03:24:21 67.10   80.49   67.21   79.03
03:25:24 67.10   80.38   67.21   79.03
03:26:28 67.10   80.26   67.21   79.03
03:27:31 67.10   80.15   67.21   79.03
03:28:34 67.10   80.49   67.21   79.03
03:29:38 67.10   80.38   67.21   79.03
03:30:41 67.10   80.38   67.21   79.03
