00:00:15 65.97   79.25   64.51   93.54
00:01:19 65.97   79.36   64.63   93.09
00:02:22 65.97   79.25   64.51   92.64
00:03:25 65.97   79.14   64.40   92.19
00:04:29 65.97   79.59   64.40   91.74
00:05:32 65.97   79.47   64.51   91.29
00:06:35 65.86   79.47   64.51   90.84
00:07:39 65.86   79.25   64.51   90.50
00:08:42 65.86   79.14   64.51   90.05
00:09:45 65.86   79.14   64.40   89.60
00:10:49 65.86   78.80   64.40   89.26
00:11:52 65.97   79.14   64.29   88.81
00:12:55 65.86   79.25   64.40   88.59
00:13:59 65.86   79.14   64.40   88.25
00:15:02 65.86   79.14   64.40   88.03
00:16:05 65.86   78.91   64.40   87.69
00:17:09 65.86   79.14   64.40   87.35
00:18:12 65.86   79.14   64.29   87.13
00:19:15 65.86   78.80   64.29   86.79
00:20:19 65.86   79.03   64.29   86.56
00:21:22 65.86   78.91   64.29   86.22
00:22:25 65.86   78.91   64.40   86.00
00:23:29 65.86   79.03   64.29   85.78
00:24:32 65.86   78.91   64.29   85.55
00:25:35 65.86   78.91   64.40   85.33
00:26:39 65.86   79.03   64.29   85.10
00:27:42 65.86   78.91   64.29   84.88
00:28:45 65.86   78.80   64.29   84.65
00:29:49 65.75   78.80   64.29   84.43
00:30:52 65.86   79.03   64.18   84.31
00:31:55 65.86   78.80   64.29   84.09
00:32:59 65.86   78.80   64.29   83.97
00:34:02 65.75   78.80   64.18   83.75
00:35:06 65.75   78.91   64.18   83.53
00:36:09 65.75   78.91   64.18   83.41
00:37:12 65.86   78.46   64.29   83.19
00:38:16 65.75   78.69   64.18   83.19
00:39:19 65.75   78.69   64.06   83.08
00:40:22 65.75   78.69   64.18   82.85
00:41:26 65.75   78.80   64.18   82.63
00:42:29 65.75   78.58   64.06   82.40
00:43:32 65.75   78.58   64.18   82.40
00:44:36 65.75   78.69   64.06   82.18
00:45:39 65.75   78.35   64.18   82.06
00:46:42 65.75   78.46   64.06   81.95
00:47:46 65.64   78.24   64.18   81.84
00:48:49 65.64   78.46   64.18   81.84
00:49:52 65.75   78.46   64.18   81.61
00:50:56 65.75   78.69   64.06   81.39
00:51:59 65.75   78.69   64.06   81.28
00:53:02 65.64   78.91   64.06   81.16
00:54:06 65.75   78.80   64.06   80.94
00:55:09 65.75   78.46   64.06   80.94
00:56:12 65.64   78.24   64.06   80.83
00:57:16 65.75   78.35   63.95   80.83
00:58:19 65.64   78.35   63.95   80.71
00:59:22 65.64   83.53   63.95   80.71
01:00:26 67.21   127.40   63.95   80.83
01:01:28 68.00   146.75   64.18   81.39
01:02:31 68.56   135.73   64.51   82.06
01:03:35 68.79   112.10   64.51   82.51
01:04:38 68.11   111.09   64.51   82.51
01:05:41 67.44   108.50   64.63   82.29
01:06:45 66.99   110.19   64.63   82.06
01:07:48 66.65   108.73   64.63   81.72
01:08:51 66.43   106.48   64.63   81.50
01:09:55 66.43   104.11   64.51   81.39
01:10:58 66.20   102.20   64.40   81.28
01:12:01 66.20   100.85   64.40   81.28
01:13:05 66.09   99.28   64.51   81.16
01:14:08 65.97   100.63   64.40   81.16
01:15:11 67.78   130.21   64.51   81.16
01:16:14 68.45   145.29   64.63   81.84
01:17:17 69.01   138.99   64.74   82.40
01:18:20 69.24   113.68   64.74   82.85
01:19:24 68.56   112.21   64.85   82.85
01:20:27 67.78   110.64   64.96   82.63
01:21:30 67.33   111.65   64.96   82.40
01:22:34 66.99   109.96   64.96   82.29
01:23:37 66.76   108.05   64.85   82.18
01:24:40 66.54   106.36   64.85   81.95
01:25:44 66.43   104.68   64.74   81.84
01:26:47 66.31   103.10   64.74   81.84
01:27:50 67.66   125.04   64.85   81.84
01:28:53 68.68   141.80   64.85   82.06
01:29:56 69.13   150.91   65.08   82.74
01:30:59 69.46   130.89   65.08   83.30
01:32:03 69.58   113.00   65.08   83.64
01:33:06 68.56   113.11   65.30   83.41
01:34:09 67.89   110.53   65.41   83.08
01:35:13 67.44   109.40   65.30   82.85
01:36:16 67.10   110.41   65.30   82.74
01:37:19 66.88   108.50   65.19   82.63
01:38:23 66.65   106.93   65.19   82.51
01:39:26 66.54   105.01   65.19   82.40
01:40:29 67.21   117.73   65.19   82.40
01:41:32 68.68   137.53   65.08   82.63
01:42:35 69.13   148.78   65.41   83.30
01:43:38 69.46   140.56   65.41   84.09
01:44:41 69.69   114.80   65.41   84.43
01:45:45 69.01   113.56   65.41   84.31
01:46:48 68.22   112.78   65.64   83.97
01:47:51 67.66   112.44   65.64   83.64
01:48:55 67.33   112.44   65.41   83.53
01:49:58 66.99   110.75   65.53   83.30
01:51:02 66.88   108.73   65.41   83.08
01:52:05 66.65   107.60   65.41   82.96
01:53:08 68.11   126.16   65.41   83.08
01:54:11 69.01   142.03   65.41   83.53
01:55:14 69.35   151.59   65.53   84.20
01:56:17 69.69   140.00   65.64   84.88
01:57:20 69.91   114.91   65.64   85.10
01:58:24 69.24   114.01   65.86   84.99
01:59:27 68.45   113.11   65.86   84.65
02:00:30 67.78   114.01   65.97   84.31
02:01:34 67.44   113.56   65.75   84.09
02:02:37 67.21   111.09   65.75   83.97
02:03:40 66.99   108.95   65.75   83.86
02:04:44 66.88   106.70   65.64   83.75
02:05:47 66.76   106.93   65.64   83.64
02:06:50 68.45   130.78   65.64   83.75
02:07:53 69.13   144.84   65.86   84.31
02:08:56 69.58   151.48   65.86   84.99
02:09:59 69.91   127.29   65.86   85.55
02:11:02 69.80   113.68   65.86   85.66
02:12:06 68.90   114.01   66.09   85.33
02:13:09 68.11   112.78   66.09   85.10
02:14:12 67.66   113.11   65.97   84.76
02:15:16 67.33   112.10   65.97   84.65
02:16:19 67.21   110.19   65.86   84.54
02:17:22 66.99   108.61   65.75   84.31
02:18:26 66.88   106.48   65.75   84.20
02:19:29 66.76   104.34   65.75   84.20
02:20:32 66.99   112.44   65.64   84.09
02:21:36 68.68   135.84   65.75   84.20
02:22:38 69.35   148.21   65.97   84.76
02:23:41 69.69   143.26   65.97   85.55
02:24:44 70.03   116.49   65.97   86.00
02:25:48 69.35   113.56   66.20   86.00
02:26:51 68.56   113.45   66.31   85.66
02:27:55 68.00   111.09   66.09   85.44
02:28:58 67.55   111.65   66.09   85.21
02:30:01 67.33   111.09   65.86   84.99
02:31:05 67.10   109.40   65.97   84.99
02:32:08 66.99   107.83   65.86   84.88
02:33:11 66.88   105.80   65.97   84.76
02:34:15 66.76   103.33   65.86   84.54
02:35:18 67.21   114.91   65.86   84.43
02:36:21 68.90   137.41   65.97   84.76
02:37:24 69.35   148.89   66.20   85.33
02:38:27 69.69   133.25   66.09   86.00
02:39:30 69.91   112.89   66.09   86.11
02:40:34 69.01   113.11   66.31   86.00
02:41:37 68.34   111.76   66.43   85.66
02:42:40 67.78   111.88   66.31   85.44
02:43:44 67.44   111.99   66.20   85.21
02:44:47 67.21   109.74   66.09   85.21
02:45:50 67.10   108.28   66.09   84.99
02:46:54 66.99   106.14   65.97   84.99
02:47:57 66.76   104.79   65.97   84.88
02:49:00 66.76   102.76   65.86   84.88
02:50:04 66.65   101.41   65.86   84.76
02:51:07 66.65   99.84   65.86   84.54
02:52:10 67.78   120.88   65.86   84.65
02:53:13 68.90   140.68   65.97   84.88
02:54:16 69.46   148.89   66.20   85.55
02:55:19 69.80   125.15   66.20   86.00
02:56:23 69.58   113.00   66.20   86.22
02:57:26 68.68   113.11   66.31   86.00
02:58:29 68.11   111.54   66.43   85.66
02:59:33 67.66   111.65   66.20   85.55
03:00:36 67.44   110.98   66.09   85.33
03:01:39 67.10   109.51   65.97   85.21
03:02:43 66.99   108.28   65.97   85.10
03:03:46 66.99   106.03   65.97   84.99
03:04:49 66.76   103.66   65.97   84.88
03:05:53 66.76   102.31   65.97   84.88
03:06:56 66.65   100.29   65.86   84.65
03:00:32 66.65   99.05   65.86   84.54
03:01:35 66.65   98.15   65.86   84.43
03:02:38 66.54   101.75   65.86   84.43
03:03:41 68.56   134.15   65.97   84.65
03:04:44 69.13   147.88   66.09   85.21
03:05:46 69.58   138.88   66.09   85.89
03:06:50 69.80   114.01   66.20   86.22
03:07:53 69.13   113.00   66.43   86.11
03:08:56 68.45   111.99   66.43   85.89
03:09:59 67.89   110.41   66.31   85.66
03:11:02 67.55   109.06   66.20   85.55
03:12:05 67.33   109.06   66.09   85.33
03:13:09 67.10   107.94   65.97   85.21
03:14:12 66.99   106.14   65.97   85.10
03:15:15 66.88   104.90   65.97   84.99
03:16:18 66.76   102.76   65.86   84.88
03:17:21 66.65   101.30   65.86   84.88
03:18:25 66.65   99.84   65.97   84.76
03:19:28 66.65   98.71   65.86   84.54
03:20:31 66.54   97.03   65.97   84.43
03:21:34 66.54   95.79   65.86   84.43
03:22:37 66.54   95.22   65.86   84.43
03:23:40 66.43   94.21   65.86   84.31
03:24:44 66.43   99.05   65.75   84.20
03:25:47 68.34   134.71   65.97   84.31
03:26:49 68.90   148.21   66.09   84.99
03:27:52 69.24   136.51   66.31   85.66
03:28:55 69.58   113.68   66.20   86.00
03:29:58 68.90   112.55   66.20   85.89
03:31:02 68.22   112.10   66.31   85.66
03:32:05 67.66   113.45   66.31   85.44
03:33:08 67.44   111.88   65.97   85.33
03:34:11 67.10   110.19   65.97   85.21
03:35:14 66.99   108.50   65.97   84.99
03:36:18 66.88   106.81   65.86   84.88
03:37:21 66.76   104.79   65.86   84.76
03:38:24 66.65   102.43   65.86   84.65
03:39:27 66.65   101.19   65.86   84.54
03:40:30 66.54   99.28   65.86   84.43
03:41:34 66.54   98.26   65.86   84.31
03:42:37 66.43   97.36   65.75   84.20
03:43:40 67.33   117.16   65.86   84.31
03:44:43 68.56   140.00   65.97   84.54
03:45:46 69.13   147.65   66.09   85.33
03:46:48 69.46   123.13   66.09   85.89
03:47:52 69.24   112.66   66.20   86.00
03:48:55 68.45   112.44   66.31   85.66
03:49:58 67.89   111.43   66.31   85.55
03:51:01 67.55   110.19   65.97   85.33
03:52:04 67.21   110.08   65.97   85.10
03:53:07 66.99   108.39   66.09   84.99
03:54:11 66.88   106.36   65.97   84.88
03:55:14 66.76   105.13   65.86   84.76
03:56:17 66.76   103.66   65.86   84.65
03:57:20 66.65   102.20   65.97   84.54
03:58:23 66.54   101.19   65.97   84.54
03:59:27 66.54   99.39   65.75   84.43
04:00:30 66.54   98.26   65.75   84.31
04:01:33 67.44   118.63   65.86   84.31
04:02:36 68.56   140.45   65.97   84.65
04:03:39 69.01   149.68   66.20   85.21
04:04:41 69.46   127.96   66.20   85.78
04:05:45 69.35   112.78   66.20   86.00
04:06:48 68.56   113.45   66.31   85.89
04:07:51 68.00   111.65   66.20   85.66
04:08:54 67.55   112.10   66.09   85.44
04:09:57 67.33   111.20   65.97   85.33
04:11:00 67.10   109.74   65.86   85.21
04:12:04 66.99   107.49   65.86   84.99
04:13:07 66.76   106.03   65.86   84.88
04:14:10 66.76   104.34   65.86   84.76
04:15:13 66.65   101.98   65.86   84.65
04:16:16 66.54   100.96   65.75   84.54
04:17:20 66.54   99.84   65.75   84.54
04:18:23 66.54   97.92   65.75   84.43
04:19:26 66.54   106.03   65.75   84.43
04:20:29 68.34   135.61   65.86   84.65
04:21:32 68.90   148.44   66.09   85.21
04:22:34 69.35   144.16   66.31   85.89
04:23:37 69.69   116.83   66.09   86.22
04:24:41 69.13   113.45   66.31   86.22
04:25:44 68.34   113.90   66.31   85.89
04:26:47 67.89   111.09   66.09   85.66
04:27:50 67.44   107.71   66.09   85.55
04:28:53 67.21   105.69   65.97   85.44
04:29:57 66.99   107.83   65.97   85.21
04:31:00 66.88   106.81   65.86   85.10
04:32:03 66.76   104.90   65.86   84.99
04:33:06 66.65   103.21   65.86   84.88
04:34:09 66.65   101.86   65.86   84.76
04:35:12 66.54   100.51   65.86   84.76
04:36:16 67.10   114.69   65.86   84.65
04:37:19 68.56   138.20   65.97   84.88
04:38:21 69.01   149.34   66.31   100.40
04:39:24 69.35   133.25   66.31   105.69
04:40:27 69.58   112.66   66.31   107.26
04:41:30 68.68   113.00   66.31   107.71
04:42:34 68.11   112.10   66.31   108.05
04:43:37 67.66   113.11   66.20   107.94
04:44:40 67.33   112.21   66.20   107.38
04:45:43 67.10   109.85   66.09   108.61
04:46:46 66.99   108.39   66.09   108.95
04:47:50 66.88   106.48   65.97   109.29
04:48:53 66.76   105.01   65.86   109.51
04:49:56 66.76   102.43   65.97   109.18
04:50:59 66.76   101.08   65.97   108.61
04:52:02 66.65   99.95   65.97   107.94
04:53:05 67.89   123.01   65.86   107.38
04:54:08 69.01   141.57   65.97   107.04
04:55:11 69.35   151.59   66.31   106.93
04:56:14 69.69   157.55   66.31   107.04
04:57:17 70.03   158.79   66.43   106.81
04:58:19 70.36   145.85   66.76   106.70
04:59:22 70.81   152.15   66.76   106.36
05:00:25 70.93   158.90   66.99   106.25
05:01:27 71.15   151.93   67.10   106.03
05:02:30 71.49   122.90   67.21   105.69
05:03:34 71.04   115.25   67.21   105.13
05:04:37 69.91   116.04   67.21   104.23
05:05:40 69.13   115.93   66.99   107.94
05:06:43 68.56   114.46   66.99   112.10
05:07:46 68.34   117.84   66.88   111.76
05:08:49 70.03   136.40   66.88   110.86
05:09:52 70.47   148.44   66.99   110.41
05:10:55 70.70   156.20   66.99   110.08
05:11:58 70.81   158.68   67.21   109.51
05:13:00 71.26   132.35   67.33   109.18
05:14:03 71.26   114.91   67.44   108.61
05:15:07 70.14   116.26   67.44   107.60
05:16:10 69.24   116.83   67.33   106.70
05:17:13 68.68   113.90   67.21   105.91
05:18:16 68.22   115.03   67.21   105.13
05:19:19 69.24   126.61   67.21   111.31
05:20:22 70.36   141.35   67.33   114.46
05:21:25 70.70   151.70   67.44   114.69
05:22:28 71.04   153.95   67.44   114.24
05:23:31 71.26   127.51   67.55   113.45
05:24:34 70.93   114.69   67.55   112.44
05:25:37 69.91   115.36   67.44   111.20
05:26:40 69.01   115.48   67.33   109.85
05:27:43 68.56   112.66   67.10   108.84
05:28:47 68.22   109.85   67.10   107.94
05:29:50 67.89   108.16   67.10   107.04
05:30:53 67.66   112.10   67.21   106.25
05:31:56 69.80   134.49   67.10   105.80
05:32:59 70.36   147.54   67.33   105.69
05:34:02 70.70   154.06   67.44   105.58
05:35:04 70.93   130.32   67.55   105.46
05:36:07 70.93   113.90   67.66   105.13
05:37:11 69.80   114.91   67.55   104.45
05:38:14 69.13   115.03   67.44   103.66
05:39:17 68.56   116.15   67.33   103.10
05:40:20 68.22   114.58   67.44   102.43
05:41:23 67.89   113.00   67.33   101.86
05:42:27 67.66   110.98   67.21   101.30
05:43:30 67.55   109.29   67.21   100.85
05:44:33 67.44   108.95   67.33   100.29
05:45:36 69.13   130.10   67.21   100.06
05:46:39 70.03   144.50   67.21   100.18
05:47:42 70.36   153.61   67.44   100.40
05:48:44 70.70   159.35   67.66   100.63
05:49:47 71.04   152.26   67.66   100.85
05:50:50 71.38   148.10   67.78   100.96
05:51:53 71.60   155.53   67.89   100.85
05:52:55 71.83   161.26   68.00   100.96
05:53:58 72.05   149.11   68.11   101.08
05:55:01 72.28   122.68   68.22   100.96
05:56:04 71.15   123.01   68.11   100.51
05:57:07 70.03   123.01   68.22   99.84
05:58:11 69.35   121.21   68.00   99.28
05:59:14 68.79   118.40   67.78   98.83
06:00:17 68.34   118.40   67.78   98.38
06:01:20 70.25   130.21   67.78   98.15
06:02:23 70.93   143.26   67.89   98.26
06:03:26 71.26   153.16   67.89   98.49
06:04:28 71.60   159.13   68.11   98.83
06:05:31 71.94   140.11   68.22   98.94
06:06:34 71.83   120.76   68.34   98.94
06:07:37 70.59   121.78   68.34   98.49
06:08:41 69.69   120.65   68.34   98.04
06:09:44 69.01   122.11   67.89   97.59
06:10:47 68.68   121.33   67.89   97.14
06:11:50 68.34   119.08   67.89   96.69
06:12:53 68.11   119.98   67.78   96.35
06:13:56 70.36   134.04   67.78   96.35
06:14:59 71.04   146.19   68.00   96.58
06:16:02 71.38   154.96   68.00   97.03
06:17:05 71.71   142.48   68.22   97.36
06:18:08 71.83   115.59   68.34   97.36
06:19:11 71.04   114.13   68.45   97.14
06:20:14 70.03   115.36   68.45   96.69
06:21:17 69.24   113.45   68.22   96.35
06:22:20 68.79   113.11   68.11   95.90
06:23:24 68.45   113.56   68.00   95.56
06:24:27 68.11   112.33   68.00   95.22
06:25:30 68.00   110.75   68.00   94.89
06:26:33 67.78   110.30   67.78   94.66
06:27:36 69.69   129.88   67.89   94.66
06:28:39 70.70   144.84   67.89   95.00
06:29:42 71.15   151.59   68.11   95.34
06:30:45 71.49   127.85   68.22   95.56
06:31:48 71.49   112.21   68.22   95.56
06:32:51 70.36   113.34   68.34   95.34
06:33:54 69.46   114.13   68.22   94.89
06:34:58 68.90   112.21   68.11   94.55
06:36:01 68.45   108.61   68.00   94.21
06:37:04 68.22   110.98   67.89   93.99
06:38:07 68.00   109.96   68.00   93.76
06:39:10 67.78   108.39   68.11   93.54
06:40:13 67.66   106.81   67.89   93.31
06:41:17 67.55   105.35   67.78   93.09
06:42:20 67.44   104.11   67.66   92.97
06:43:23 67.44   102.54   67.55   92.75
06:44:26 67.33   102.65   67.44   92.53
06:45:29 69.24   128.19   67.55   92.41
06:46:32 70.25   145.06   67.55   92.75
06:47:35 70.81   148.10   67.89   93.31
06:48:38 71.26   122.56   68.00   93.65
06:49:41 70.93   112.33   68.11   93.76
06:50:44 69.91   113.34   68.00   93.54
06:51:47 69.13   111.54   68.00   93.20
06:52:51 68.56   113.11   67.89   92.86
06:53:54 68.22   112.55   67.66   104.34
06:54:57 68.00   110.64   67.55   110.08
06:56:00 67.78   109.40   67.44   110.98
06:57:03 67.66   107.83   67.44   111.31
06:58:06 67.55   105.69   67.44   111.65
06:59:10 67.44   104.00   67.55   111.65
07:00:13 67.33   102.76   67.44   111.76
07:01:16 67.33   101.86   67.33   111.65
07:02:19 67.21   100.51   67.33   111.43
07:03:22 67.21   98.94   67.21   110.75
07:04:26 67.21   98.04   67.21   110.08
07:05:29 67.10   97.03   67.10   109.40
07:06:32 67.10   95.90   67.21   111.09
07:07:35 66.99   95.22   67.21   112.44
07:08:38 67.10   94.21   67.10   112.21
07:09:42 66.99   93.76   66.99   112.89
07:10:45 66.99   92.64   66.99   112.66
07:11:48 66.99   92.41   66.99   112.10
07:12:51 66.99   91.51   66.88   111.31
07:13:54 66.99   90.72   66.88   110.64
07:14:57 66.99   90.72   66.99   109.74
07:16:01 66.99   90.05   66.88   113.45
07:17:04 66.99   89.94   66.88   114.24
07:18:07 66.99   89.60   66.88   114.24
07:19:10 66.88   89.38   66.88   113.90
07:20:13 66.99   88.93   66.88   113.34
07:21:17 66.88   88.93   66.76   112.55
07:22:20 66.99   88.59   66.76   111.88
07:23:23 66.88   88.36   66.76   111.09
07:24:26 66.99   88.14   66.76   110.41
07:25:29 66.88   87.58   66.65   109.85
07:26:33 66.88   87.58   66.65   109.06
07:27:36 66.99   87.35   66.65   108.28
07:28:39 66.88   87.01   66.65   107.60
07:29:42 66.88   86.56   66.65   107.04
07:30:45 66.88   86.68   66.54   106.36
07:31:48 66.88   86.34   66.43   105.69
07:32:52 66.76   86.22   66.54   105.24
07:33:55 66.76   86.11   66.54   104.68
07:34:58 66.76   85.78   66.54   104.11
07:36:01 66.76   85.78   66.43   103.55
07:37:04 66.76   85.55   66.54   102.99
07:38:08 66.76   85.44   66.43   112.10
07:39:11 66.65   85.10   66.43   115.93
07:40:14 66.65   90.05   66.43   115.59
07:41:17 68.68   131.68   66.54   114.69
07:42:20 69.58   146.86   66.65   113.79
07:43:23 70.03   125.04   66.88   113.11
07:44:26 70.14   111.99   66.99   112.10
07:45:29 69.13   111.88   67.10   110.98
07:46:32 68.45   109.96   66.88   109.74
07:47:35 68.00   109.63   66.88   108.73
07:48:39 67.66   110.41   66.88   107.83
07:49:42 67.44   108.16   66.76   106.93
07:50:45 67.21   106.70   66.65   106.14
07:51:48 67.10   105.01   66.65   105.24
07:52:51 66.99   102.88   66.65   104.68
07:53:55 66.99   101.19   66.65   103.89
07:54:58 66.88   100.06   66.65   103.21
07:56:01 66.88   98.71   66.54   102.65
07:57:04 66.76   97.70   66.54   102.09
07:58:07 66.76   96.46   66.54   101.41
07:59:11 66.65   95.56   66.43   100.85
08:00:14 66.65   99.16   66.54   100.40
08:01:17 68.79   132.46   66.54   100.18
08:02:20 69.58   147.43   66.65   100.29
08:03:22 70.14   138.20   66.76   100.40
08:04:25 70.47   113.34   66.99   100.29
08:05:29 69.58   112.33   67.10   99.95
08:06:32 68.79   111.88   67.10   99.50
08:07:35 68.22   109.40   66.99   98.83
08:08:38 67.78   107.94   66.76   98.38
08:09:41 67.55   108.95   66.76   97.92
08:10:45 67.33   108.16   66.65   97.48
08:11:48 67.21   106.36   66.54   97.14
08:12:51 67.10   105.01   66.54   96.69
08:13:54 66.99   104.56   66.54   96.46
08:14:57 68.68   127.96   66.65   96.24
08:16:00 69.69   144.05   66.76   96.35
08:17:03 70.25   150.46   66.99   96.58
08:18:06 70.47   126.28   67.10   96.80
08:19:09 70.36   113.45   67.21   96.69
08:20:12 69.35   113.90   67.33   96.46
08:21:15 68.68   112.44   67.21   96.01
08:22:18 68.22   113.79   67.10   95.56
08:23:22 67.89   112.44   66.99   95.11
08:24:25 67.66   110.64   66.88   94.78
08:25:28 67.44   109.06   66.88   94.44
08:26:31 67.33   106.81   66.99   94.10
08:27:34 67.66   115.25   66.88   93.88
08:28:37 69.46   136.63   66.76   93.88
08:29:40 70.14   148.89   66.99   94.21
08:30:43 70.47   149.00   67.10   94.66
08:31:46 70.81   121.89   67.33   94.78
08:32:49 70.47   113.68   67.33   94.78
08:33:52 69.46   114.13   67.44   94.44
08:34:55 68.79   112.89   67.21   93.99
08:35:59 68.22   110.30   67.21   93.65
08:37:02 67.89   110.75   67.21   93.43
08:38:05 67.66   110.08   67.21   93.09
08:39:08 67.55   108.61   67.21   92.75
08:40:11 67.33   106.59   66.99   92.53
08:41:14 68.45   120.99   66.88   92.41
08:42:17 69.91   139.55   66.99   92.64
08:43:20 70.36   150.69   67.33   92.86
08:44:23 70.81   139.55   67.44   93.31
08:45:26 71.04   114.35   67.55   93.43
08:46:29 70.14   113.45   67.55   93.31
08:47:32 69.24   113.90   67.44   92.97
08:48:36 68.68   111.65   67.44   92.64
08:49:39 68.22   113.68   67.33   92.30
08:50:42 67.89   111.54   67.21   92.08
08:51:45 67.66   109.74   67.21   91.85
08:52:48 67.44   108.84   67.21   91.51
08:53:51 67.44   111.76   67.21   91.40
08:54:55 69.69   134.82   67.10   91.51
08:55:57 70.36   147.65   67.44   91.96
08:57:00 70.70   149.79   67.55   92.53
08:58:03 71.04   123.91   67.66   92.75
08:59:06 70.70   113.79   67.78   92.64
09:00:09 69.69   114.46   67.78   92.53
09:01:12 69.01   113.11   67.66   92.08
09:02:16 68.45   110.75   67.55   91.74
09:03:19 68.11   111.76   67.44   91.51
09:04:22 67.89   111.31   67.44   91.29
09:05:25 67.66   109.96   67.44   91.06
09:06:28 67.55   108.16   67.33   90.84
09:07:32 67.44   106.70   67.21   90.72
09:08:35 67.33   104.23   67.21   90.50
09:09:38 67.21   102.88   67.21   90.28
09:10:41 67.10   101.64   67.21   90.16
09:11:44 67.10   100.40   67.10   90.05
09:12:47 66.99   99.16   67.21   89.94
09:13:51 66.99   97.70   66.99   89.83
09:14:54 66.99   96.24   66.99   89.60
09:15:57 66.99   95.56   66.99   89.49
09:17:00 66.99   94.33   66.99   89.38
09:18:03 66.88   93.99   66.99   89.49
09:19:07 66.88   93.09   66.99   89.26
09:20:10 66.88   92.30   66.99   89.15
09:21:13 66.76   91.85   67.10   88.93
09:22:16 66.76   91.06   67.10   88.70
09:23:19 66.76   90.39   67.10   88.59
09:24:23 66.76   90.16   66.99   88.47
09:25:26 66.76   89.83   66.88   88.47
09:26:29 66.76   89.15   66.76   88.25
09:27:32 66.76   88.93   66.65   88.14
09:28:35 66.65   88.59   66.88   88.03
09:29:38 66.65   88.36   66.76   87.91
09:30:42 66.76   88.03   66.76   87.80
09:31:45 66.65   87.58   66.65   87.69
09:32:48 66.65   87.24   66.65   87.58
09:33:51 66.65   86.79   66.65   87.46
09:34:54 66.65   86.56   66.65   87.35
09:35:58 66.65   86.11   66.65   87.24
09:37:01 66.65   86.00   66.76   87.13
09:38:04 66.65   86.00   66.65   87.01
09:39:07 66.65   85.55   66.54   86.90
09:40:10 66.65   85.55   66.65   86.79
09:41:14 66.54   85.21   66.65   86.68
09:42:17 66.65   84.88   66.54   86.56
09:43:20 66.54   84.88   66.54   86.56
09:44:23 66.54   84.88   66.65   86.34
09:45:26 66.54   84.76   66.54   86.45
09:46:29 66.54   84.54   66.54   86.34
09:47:33 66.54   84.76   66.43   86.22
09:48:36 66.65   84.43   66.43   86.11
09:49:39 66.54   84.31   66.43   86.11
09:50:42 66.65   84.54   66.31   85.89
09:51:45 66.54   84.31   66.43   85.89
09:52:49 66.54   84.20   66.43   85.89
09:53:52 66.54   84.09   66.31   85.78
09:54:55 66.54   83.97   66.43   85.66
09:55:58 66.54   84.09   66.31   85.66
09:57:01 66.54   83.86   66.31   85.44
09:58:04 66.54   83.64   66.31   85.33
09:59:08 66.54   83.64   66.43   85.21
10:00:11 66.54   83.53   66.31   85.10
10:01:14 66.54   83.19   66.31   84.99
10:02:17 66.54   83.41   66.20   84.99
10:03:20 66.54   83.41   66.20   84.88
10:04:24 66.54   83.30   66.31   84.99
10:05:27 66.54   83.08   66.20   84.88
10:06:30 66.43   82.96   66.31   84.65
10:07:33 66.54   83.08   66.31   84.65
10:08:36 66.43   82.96   66.20   84.76
10:09:40 66.43   82.96   66.20   84.76
10:10:43 66.43   83.08   66.09   84.54
10:11:46 66.43   83.08   66.09   84.54
10:12:49 66.43   82.85   66.20   84.31
10:13:52 66.43   82.85   66.31   84.31
10:14:55 66.43   82.51   66.20   84.20
10:15:59 66.43   82.29   66.20   84.09
10:17:02 66.43   82.40   66.20   84.09
10:18:05 66.43   82.40   66.20   84.09
10:19:08 66.43   82.63   66.20   84.09
10:20:11 66.43   82.63   65.97   84.09
10:21:15 66.43   82.63   66.09   84.09
10:22:18 66.43   82.63   66.20   83.97
10:23:21 66.43   82.74   66.20   83.86
10:24:24 66.43   82.40   66.09   83.75
10:25:27 66.43   82.29   66.09   83.75
10:26:31 66.43   82.40   66.09   83.64
10:27:34 66.43   82.29   66.09   83.64
10:28:37 66.43   81.95   66.09   83.64
10:29:40 66.43   81.95   65.97   83.53
10:30:43 66.43   81.95   66.09   83.53
10:31:46 66.43   82.29   65.97   83.53
10:32:50 66.43   82.06   65.97   83.41
10:33:53 66.43   82.29   66.09   83.30
10:34:56 66.31   82.40   65.97   83.19
10:35:59 66.31   82.18   65.86   83.19
10:37:02 66.31   82.18   65.97   83.19
10:38:06 66.43   82.18   65.86   83.19
10:39:09 66.31   81.95   65.97   83.08
10:40:12 66.43   82.06   65.86   83.08
10:41:15 66.31   81.84   65.86   82.96
10:42:18 66.43   82.06   65.86   82.96
10:43:22 66.43   81.84   65.97   82.96
10:44:25 66.31   81.72   65.97   82.85
10:45:28 66.31   81.84   65.97   82.74
10:46:31 66.31   81.61   65.86   82.85
10:47:34 66.31   81.61   65.97   82.85
10:48:37 66.31   81.72   66.09   82.74
10:49:41 66.31   81.84   65.86   82.51
10:50:44 66.43   81.61   65.97   82.51
10:51:47 66.31   81.61   65.97   82.63
10:52:50 66.31   81.61   65.86   82.51
10:53:53 66.31   81.84   65.86   82.40
10:54:57 66.31   81.84   65.75   82.40
10:56:00 66.31   81.61   65.86   82.29
10:57:03 66.31   81.84   65.75   82.29
10:58:06 66.31   81.50   65.75   82.29
10:59:09 66.31   81.84   65.86   82.18
11:00:12 66.31   81.39   65.86   82.29
11:01:16 66.31   81.50   65.97   82.29
11:02:19 66.31   81.50   65.86   82.29
11:03:22 66.31   81.39   65.75   82.29
11:04:25 66.31   81.61   65.86   82.29
11:05:28 66.31   81.50   65.86   82.29
11:06:32 66.31   81.16   65.75   82.18
11:07:35 66.31   81.28   65.75   82.18
11:08:38 66.31   81.39   65.75   82.18
11:09:41 66.31   81.28   65.86   82.06
11:10:44 66.31   80.94   65.86   82.06
11:11:48 66.31   81.16   65.86   81.95
11:12:51 66.31   81.16   65.86   81.95
11:13:54 66.31   81.16   65.75   81.84
11:14:57 66.31   81.05   65.64   81.72
11:16:00 66.31   81.28   65.75   81.61
11:17:03 66.31   81.16   65.75   81.61
11:18:07 66.31   80.83   65.64   81.61
11:19:10 66.31   81.16   65.75   81.61
11:20:13 66.31   80.94   65.75   81.72
11:21:16 66.31   81.05   65.75   81.61
11:22:19 66.20   81.05   65.86   81.61
11:23:23 66.20   81.05   65.75   81.50
11:24:26 66.20   80.71   65.86   81.50
11:25:29 66.31   81.05   65.64   81.61
11:26:32 66.20   80.94   65.75   81.50
11:27:35 66.20   80.94   65.64   81.50
11:28:38 66.31   80.94   65.86   81.50
11:29:42 66.31   81.16   65.86   81.39
11:30:45 66.20   80.71   65.64   81.39
11:31:48 66.20   80.83   65.75   81.28
11:32:51 66.20   80.94   65.64   81.28
11:33:54 66.31   80.94   65.53   81.16
11:34:58 66.20   80.94   65.75   81.16
11:36:01 66.31   80.94   65.64   81.16
11:37:04 66.31   81.05   65.75   81.16
11:38:07 66.20   80.94   65.86   81.05
11:39:10 66.20   81.16   65.75   81.16
11:40:14 66.20   80.60   65.75   81.16
11:41:17 66.20   80.60   65.64   81.05
11:42:20 66.20   80.71   65.75   81.05
11:43:23 66.20   80.83   65.64   81.05
11:44:26 66.20   80.71   65.53   80.94
11:45:29 66.20   80.83   65.53   80.83
11:46:33 66.20   80.49   65.53   80.83
11:47:36 66.20   80.71   65.64   80.94
11:48:39 66.20   80.60   65.64   80.83
11:49:42 66.20   80.60   65.64   80.83
11:50:45 66.20   80.83   65.64   80.71
11:51:49 66.20   80.49   65.75   80.83
11:52:52 66.20   80.49   65.75   80.83
11:53:55 66.20   80.38   65.75   80.83
11:54:58 66.20   80.38   65.64   80.83
11:56:01 66.20   80.38   65.64   80.83
11:57:04 66.20   80.49   65.64   80.94
11:58:08 66.20   80.26   65.64   80.83
11:59:11 66.20   80.15   65.53   80.83
12:00:14 66.20   80.15   65.64   80.83
12:01:17 66.20   80.49   65.53   80.71
12:02:20 66.20   80.60   65.53   80.60
12:03:24 66.20   80.71   65.64   80.60
12:04:27 66.20   80.60   65.75   80.60
12:05:30 66.20   80.49   65.64   80.60
12:06:33 66.20   80.38   65.64   80.49
12:07:36 66.20   80.38   65.64   80.49
12:08:40 66.20   80.26   65.64   80.49
12:09:43 66.20   80.04   65.64   80.49
12:10:46 66.20   80.26   65.75   80.49
12:11:49 66.20   80.38   65.53   80.49
12:12:52 66.20   80.49   65.64   80.38
12:13:55 66.20   80.49   65.64   80.38
12:14:59 66.20   80.49   65.53   80.26
12:16:02 66.09   80.38   65.64   80.26
12:17:05 66.20   80.04   65.41   80.26
12:18:08 66.20   80.49   65.53   80.26
12:19:11 66.20   80.15   65.53   80.26
12:20:15 66.20   80.38   65.64   80.15
12:21:18 66.09   80.04   65.53   80.26
12:22:21 66.20   80.04   65.53   80.26
12:23:24 66.20   80.04   65.53   80.26
12:24:27 66.20   80.04   65.64   80.26
12:25:31 66.20   79.93   65.53   80.26
12:26:34 66.09   79.81   65.53   80.26
12:27:37 66.09   80.26   65.53   80.15
12:28:40 66.20   80.04   65.64   80.04
12:29:43 66.20   80.04   65.64   80.04
12:30:46 66.20   80.04   65.53   80.04
12:31:50 66.09   79.81   65.41   80.04
12:32:53 66.09   79.93   65.41   80.04
12:33:56 66.09   79.81   65.41   80.15
12:34:59 66.09   80.26   65.53   80.15
12:36:02 66.09   80.26   65.64   80.04
12:37:06 66.20   81.72   65.41   80.04
12:38:09 66.99   115.36   65.53   80.26
12:39:12 68.11   142.59   65.64   80.49
12:40:14 68.68   139.55   65.86   81.16
12:41:17 69.13   113.90   66.09   81.72
12:42:21 68.68   111.20   66.09   81.84
12:43:24 68.00   109.18   66.09   81.72
12:44:27 67.55   107.49   66.20   81.72
12:45:30 67.21   104.11   66.09   81.72
12:46:33 66.99   106.25   66.09   81.61
12:47:37 66.88   105.01   65.97   81.50
12:48:40 66.88   103.66   65.86   81.39
12:49:43 66.76   102.88   65.86   81.39
12:50:46 66.65   100.96   65.86   81.28
12:51:49 66.65   99.95   65.97   81.28
12:52:52 66.54   98.04   65.86   81.28
12:53:56 66.54   96.69   65.86   81.28
12:54:59 66.54   95.45   65.86   81.28
12:56:02 66.43   93.65   65.64   81.16
12:57:05 66.43   92.97   65.75   81.28
12:58:08 66.43   91.96   65.86   81.28
12:59:12 66.43   90.72   65.86   81.16
13:00:15 66.43   89.94   65.86   81.05
13:01:18 66.43   88.93   65.75   81.05
13:02:21 66.31   88.25   65.75   81.05
13:03:24 66.31   87.91   65.86   81.05
13:04:27 66.31   87.58   65.86   80.94
13:05:31 66.31   86.90   65.86   80.94
13:06:34 66.31   86.45   65.86   80.94
13:07:37 66.31   86.22   65.75   80.94
13:08:40 66.31   96.58   65.75   80.94
13:09:43 68.11   135.61   65.97   81.16
13:10:46 68.68   147.31   66.09   81.72
13:11:49 69.13   124.59   66.31   82.40
13:12:52 69.24   111.43   66.43   82.63
13:13:55 68.45   110.41   66.31   82.63
13:14:58 67.89   111.09   66.43   82.40
13:16:02 67.55   110.75   66.43   82.29
13:17:05 67.33   108.84   66.31   82.18
13:18:08 67.10   107.83   66.20   82.18
13:19:11 66.99   105.91   66.20   82.06
13:20:14 66.99   103.78   66.20   82.06
13:21:18 66.88   101.98   66.31   81.95
13:22:21 66.88   100.96   66.20   81.84
13:23:24 66.76   99.39   66.09   81.84
13:24:27 66.65   97.81   66.20   81.84
13:25:30 66.65   96.58   66.20   81.72
13:26:33 66.65   95.45   66.09   81.84
13:27:37 66.65   94.10   66.20   81.72
13:28:40 66.65   92.64   66.20   81.61
13:29:43 66.54   92.19   66.09   81.61
13:30:46 66.54   91.18   66.09   81.61
13:31:49 66.54   90.28   66.09   81.61
13:32:53 66.54   89.60   66.09   81.50
13:33:56 66.54   88.47   66.09   81.50
13:34:59 66.54   88.36   65.97   81.50
13:36:02 66.43   87.69   65.97   81.39
13:37:05 66.54   87.13   66.09   81.28
13:38:09 66.43   86.79   65.86   81.28
13:39:12 66.43   86.00   65.86   81.16
13:40:15 66.43   85.66   66.09   81.28
13:41:18 66.43   85.55   66.09   81.16
13:42:21 66.43   91.18   66.09   81.16
13:43:24 68.11   132.69   66.20   81.39
13:44:27 68.79   142.59   66.31   81.95
13:45:30 69.24   118.29   66.54   82.40
13:46:33 69.01   110.75   66.54   82.74
13:47:36 68.34   109.51   66.65   82.63
13:48:40 67.78   109.51   66.65   82.51
13:49:43 67.55   108.84   66.54   82.51
13:50:46 67.33   108.39   66.43   82.51
13:51:49 67.10   106.48   66.43   82.40
13:52:52 66.99   104.79   66.43   82.29
13:53:56 66.99   102.88   66.43   82.40
13:54:59 66.88   100.85   66.43   82.18
13:56:02 66.88   98.94   66.31   82.18
13:57:05 66.76   98.04   66.31   82.18
13:58:08 66.76   96.80   66.31   82.18
13:59:12 66.65   96.13   66.31   82.06
14:00:15 66.65   94.89   66.20   81.95
14:01:18 66.65   93.54   66.31   81.95
14:02:21 66.65   92.75   66.20   82.06
14:03:24 66.65   91.63   66.31   81.95
14:04:27 66.65   90.84   66.20   81.84
14:05:31 66.54   90.16   66.31   81.84
14:06:34 66.54   89.38   66.31   81.72
14:07:37 66.54   88.93   66.31   81.84
14:08:40 66.54   88.03   66.20   81.84
14:09:43 66.54   87.91   66.31   81.72
14:10:47 66.54   87.13   66.20   81.61
14:11:50 66.54   87.01   66.20   81.61
14:12:53 66.54   86.68   66.20   81.61
14:13:56 66.54   85.89   66.31   81.61
14:14:59 66.54   85.66   66.09   81.50
14:16:02 66.54   85.33   66.20   81.39
14:17:06 66.43   85.33   66.09   81.50
14:18:09 66.43   84.88   66.31   81.50
14:19:12 66.43   84.54   66.31   81.50
14:20:15 66.43   84.43   66.09   81.39
14:21:18 66.54   84.31   66.20   81.50
14:22:22 66.43   83.97   66.20   81.39
14:23:25 66.43   83.97   66.20   81.39
14:24:28 66.54   83.53   66.31   81.28
14:25:31 66.43   83.41   66.31   81.16
14:26:34 66.54   83.64   66.31   81.16
14:27:38 66.43   83.08   66.20   81.16
14:28:41 66.43   82.96   66.20   81.16
14:29:44 66.43   82.96   66.31   81.05
14:30:47 66.43   82.96   66.20   81.05
14:31:50 66.43   82.63   66.09   80.94
14:32:53 66.43   82.51   66.20   80.94
14:33:57 66.43   82.29   66.20   80.94
14:35:00 66.43   82.29   66.09   80.94
14:36:03 66.43   81.95   66.20   80.94
14:37:06 66.43   82.18   66.31   80.94
14:38:09 66.43   81.84   66.31   80.71
14:39:13 66.43   82.06   66.09   80.71
14:40:16 66.43   81.95   66.09   80.71
14:41:19 66.43   81.61   66.09   80.71
14:42:22 66.43   81.61   66.09   80.71
14:43:25 66.43   81.84   66.09   80.83
14:44:29 66.43   81.84   66.09   80.71
14:45:32 66.43   81.72   66.09   80.71
14:46:35 66.43   81.50   66.20   80.71
14:47:38 66.43   81.39   66.20   80.60
14:48:41 66.43   81.50   66.20   80.49
14:49:44 66.31   81.28   66.09   80.49
14:50:48 66.43   81.28   66.09   80.60
14:51:51 66.43   83.97   66.20   80.60
14:52:54 67.66   119.75   66.20   80.71
14:53:57 68.68   144.39   66.31   81.05
14:55:00 69.24   154.06   66.54   81.84
14:56:02 69.69   152.71   66.65   82.63
14:57:05 70.25   145.51   66.76   83.41
14:58:08 70.59   153.39   66.99   83.97
14:59:11 70.93   159.91   66.99   84.54
15:00:13 71.38   148.10   67.33   84.99
15:01:16 71.71   149.79   67.44   85.33
15:02:19 71.94   157.55   67.55   85.66
15:03:21 72.16   160.36   67.66   86.11
15:04:24 72.39   147.20   67.78   86.34
15:05:27 72.50   127.18   67.89   86.56
15:06:30 71.83   120.99   67.89   86.34
15:07:33 70.59   121.55   67.78   85.89
15:08:37 69.69   119.64   67.78   85.66
15:09:40 69.01   121.44   67.66   85.33
15:10:43 70.59   130.66   67.89   85.21
15:11:46 71.26   143.71   68.00   85.55
15:12:48 71.49   153.16   68.00   86.22
15:13:51 71.94   159.46   68.11   86.90
15:14:54 72.28   158.90   68.22   87.46
15:15:57 72.39   130.78   68.34   87.80
15:17:00 72.39   114.13   68.45   87.69
15:18:03 71.15   115.70   68.45   87.24
15:19:06 70.14   115.81   68.45   86.90
15:20:09 69.46   116.71   68.56   86.68
15:21:13 70.81   132.46   68.56   86.79
15:22:15 71.60   145.96   68.45   87.13
15:23:18 71.94   154.85   68.56   87.69
15:24:21 72.16   159.91   68.68   88.36
15:25:24 72.50   137.75   68.79   88.81
15:26:27 72.72   114.80   68.79   88.93
15:27:30 71.60   115.48   68.79   88.59
15:28:33 70.47   116.15   68.79   88.14
15:29:36 69.80   114.80   68.68   87.80
15:30:39 69.24   115.70   68.56   87.58
15:31:43 69.91   123.80   68.68   87.46
15:32:46 71.26   139.89   68.79   87.80
15:33:48 71.83   150.80   68.90   88.25
15:34:51 72.16   157.66   69.01   88.81
15:35:54 72.50   137.64   69.01   89.38
15:36:57 72.39   120.54   69.13   89.38
15:38:00 71.15   121.10   69.13   89.04
15:39:03 70.25   120.31   69.13   88.81
15:40:06 69.69   119.75   69.13   88.59
15:41:10 69.24   119.75   68.90   88.36
15:42:13 68.79   118.40   68.90   88.14
15:43:16 68.56   116.26   69.01   88.03
15:44:19 68.45   116.15   68.79   87.91
15:45:22 70.81   133.81   69.01   88.03
15:46:25 71.60   146.41   69.01   88.47
15:47:28 71.94   152.49   69.24   89.15
15:48:31 72.39   129.09   69.24   89.60
15:49:34 72.39   113.00   69.24   89.71
15:50:37 71.15   114.01   69.35   89.49
15:51:40 70.25   113.79   69.13   89.15
15:52:43 69.69   111.31   69.13   88.93
15:53:47 69.24   110.19   69.13   88.81
15:54:50 68.90   110.19   69.01   88.70
15:55:53 68.68   110.30   68.90   88.47
15:56:56 68.45   108.84   69.01   88.36
15:57:59 68.34   107.38   69.01   88.25
15:59:02 68.11   106.14   68.90   88.14
16:00:06 68.11   104.90   68.90   87.91
16:01:09 68.00   103.33   68.68   87.91
16:02:12 67.89   102.09   68.79   87.80
16:03:15 67.89   100.63   68.68   87.58
16:04:18 67.78   102.88   68.68   87.58
16:05:22 70.14   133.14   68.79   87.69
16:06:24 71.04   147.88   68.90   88.25
16:07:27 71.60   134.60   69.01   88.93
16:08:30 71.94   113.23   69.24   89.15
16:09:33 70.93   112.78   69.24   89.04
16:10:37 70.03   113.11   69.13   88.81
16:11:40 69.46   114.01   69.01   88.70
16:12:43 69.13   113.11   69.01   88.59
16:13:46 68.79   112.21   68.90   88.36
16:14:49 68.56   110.53   68.79   88.14
16:15:52 68.45   108.61   68.79   88.03
16:16:56 68.22   106.93   68.90   87.80
16:17:59 68.11   105.69   68.90   87.80
16:19:02 68.00   104.00   68.68   87.69
16:20:05 67.89   102.54   68.90   87.58
16:21:08 67.89   101.64   68.68   87.46
16:22:12 67.78   100.51   68.90   87.35
16:23:15 67.78   99.28   68.79   87.35
16:24:18 67.66   97.81   68.56   87.24
16:25:21 67.66   96.91   68.68   87.13
16:26:24 67.66   96.01   68.56   87.13
16:27:28 67.55   95.45   68.56   87.13
16:28:31 67.55   94.78   68.68   87.01
16:29:34 67.55   94.10   68.68   86.90
16:30:37 67.55   93.09   68.56   86.90
16:31:40 67.55   92.30   68.56   86.79
16:32:43 67.44   91.74   68.56   86.68
16:33:47 67.44   91.51   68.56   86.68
16:34:50 67.44   90.95   68.56   86.56
16:35:53 67.44   90.28   68.34   86.56
16:36:56 67.44   89.83   68.34   86.56
16:37:59 67.44   89.15   68.34   86.34
16:39:03 67.33   89.38   68.45   86.34
16:40:06 67.44   89.04   68.34   86.22
16:41:09 67.33   88.36   68.22   86.11
16:42:12 67.33   88.47   68.22   86.00
16:43:16 67.33   88.03   68.34   85.89
16:44:19 67.33   87.58   68.22   85.78
16:45:23 67.33   87.58   68.11   85.78
16:46:26 67.33   87.35   68.22   85.66
16:47:29 67.21   87.01   68.11   85.55
16:48:33 67.33   86.90   68.22   85.55
16:49:36 67.21   86.90   68.22   85.55
16:50:39 67.21   86.34   68.22   85.44
16:51:43 67.21   86.22   68.22   85.33
16:52:46 67.21   86.11   68.22   85.21
16:53:49 67.21   86.00   68.34   85.21
16:54:53 67.21   86.00   68.22   85.21
16:55:56 67.21   86.00   68.11   85.21
16:56:59 67.21   85.55   68.11   85.10
16:58:03 67.21   85.55   68.00   85.10
16:59:06 67.21   85.78   68.11   84.99
17:00:09 67.21   85.44   68.11   84.99
17:01:13 67.21   85.44   68.11   84.88
17:02:16 67.21   85.10   67.89   84.88
17:03:19 67.10   85.10   68.00   84.88
17:04:23 67.21   84.99   67.89   84.76
17:05:26 67.21   84.76   68.00   84.76
17:06:29 67.10   84.76   68.00   84.76
17:07:33 67.10   84.88   67.89   84.65
17:08:36 67.10   84.76   68.00   84.65
17:09:39 67.10   84.65   68.00   84.54
17:10:43 67.10   84.65   67.89   84.54
17:11:46 67.10   84.65   67.89   84.43
17:12:49 67.10   84.65   67.89   84.43
17:13:53 67.10   84.54   67.78   84.43
17:14:56 67.10   84.76   67.78   84.31
17:16:00 67.10   84.54   67.78   84.20
17:17:03 67.10   84.43   67.66   84.20
17:18:06 66.99   84.43   67.78   84.09
17:19:10 66.99   84.09   67.89   84.09
17:20:13 66.99   84.09   67.78   83.97
17:21:16 66.99   84.20   67.78   83.86
17:22:20 66.99   84.09   67.66   83.86
17:23:23 66.99   84.09   67.78   83.86
17:24:26 66.99   83.97   67.78   96.91
17:25:30 66.99   83.86   67.66   103.44
17:26:33 66.99   83.75   67.55   106.03
17:27:36 66.99   83.86   67.66   106.81
17:28:40 66.99   84.31   67.55   106.14
17:29:43 66.99   84.09   67.55   105.13
17:30:46 66.99   84.09   67.44   103.66
17:31:50 66.99   83.97   67.55   102.43
17:32:53 66.99   83.64   67.55   101.19
17:33:56 66.99   83.64   67.55   100.06
17:35:00 66.99   83.86   67.55   99.16
17:36:03 66.99   83.75   67.55   98.49
17:37:06 66.99   83.75   67.44   97.59
17:38:10 66.99   83.86   67.55   96.91
17:39:13 66.99   84.09   67.44   96.24
17:40:16 66.99   83.75   67.44   95.68
17:41:20 66.99   83.86   67.44   102.76
17:42:23 66.99   83.86   67.44   103.21
17:43:26 66.99   83.86   67.44   105.80
17:44:30 66.99   84.09   67.44   106.59
17:45:33 66.99   83.75   67.44   105.91
17:46:36 66.99   83.97   67.44   104.79
17:47:40 66.99   83.86   67.44   103.44
17:48:43 66.99   83.86   67.44   102.31
17:49:47 66.99   83.97   67.33   101.08
17:50:50 66.99   83.97   67.44   100.29
17:51:53 66.99   83.97   67.44   99.39
17:52:57 66.99   83.86   67.44   98.60
17:54:00 66.99   83.75   67.33   97.92
17:55:03 66.99   83.86   67.33   97.14
17:56:07 66.99   83.97   67.33   96.58
17:57:10 66.99   84.09   67.33   96.01
17:58:13 66.99   83.75   67.33   95.56
17:59:17 66.99   83.86   67.33   95.11
18:00:20 66.88   83.75   67.33   94.44
18:01:23 66.99   83.97   67.21   94.10
18:02:27 66.99   83.86   67.21   93.65
18:03:30 66.99   83.75   67.21   93.20
18:04:33 66.88   83.41   67.10   102.20
18:05:37 66.99   83.64   67.33   105.24
18:06:40 66.88   83.30   67.33   106.48
18:07:43 66.88   83.64   67.44   106.81
18:08:47 66.99   83.53   67.33   107.04
18:09:50 66.99   83.53   67.55   107.15
18:10:53 66.99   83.64   67.44   107.04
18:11:57 66.99   83.75   67.33   106.25
18:13:00 66.99   83.53   67.44   105.35
18:14:03 66.99   83.75   67.33   104.45
18:15:07 66.99   83.86   67.21   103.44
18:16:10 67.10   83.53   67.21   107.60
18:17:13 67.10   83.64   67.44   108.84
18:18:17 67.10   83.75   67.44   108.16
18:19:20 67.10   83.75   67.33   107.04
18:20:23 67.10   83.53   67.55   105.80
18:21:27 67.10   83.41   67.66   104.56
18:22:30 67.10   83.53   68.00   103.33
18:23:33 67.10   83.53   68.11   102.31
18:24:37 67.10   83.41   68.34   109.74
18:25:40 67.10   83.19   68.45   110.64
18:26:43 67.10   83.19   68.56   109.63
18:27:47 67.10   83.41   68.68   110.75
18:28:50 66.99   83.53   68.68   111.31
18:29:53 66.99   83.08   68.79   111.76
18:30:57 67.10   83.19   68.90   111.43
18:32:00 66.99   83.08   68.90   110.64
18:33:03 66.99   83.30   68.79   109.51
18:34:07 66.99   83.30   69.01   108.28
18:35:10 66.99   83.08   69.01   107.04
18:36:13 66.99   83.08   69.01   108.39
18:37:17 66.99   83.30   69.01   109.63
18:38:20 66.99   83.30   69.13   108.73
18:39:23 66.99   83.41   69.35   107.60
18:40:27 66.99   83.41   69.35   106.36
18:41:30 66.99   83.30   69.35   105.24
18:42:33 66.99   83.41   69.46   104.23
18:43:37 66.88   83.64   69.46   103.10
18:44:40 66.88   83.41   69.46   102.20
18:45:43 66.76   83.41   69.35   101.30
18:46:47 66.88   83.64   69.46   100.63
18:47:50 66.88   83.64   69.46   99.84
18:48:53 66.76   83.86   69.46   99.95
18:49:57 66.76   83.75   69.46   99.61
18:51:00 66.76   83.75   69.46   98.94
18:52:04 66.88   83.75   69.35   98.26
18:53:07 66.88   83.53   69.35   97.70
18:54:10 66.76   83.64   69.58   97.03
18:55:13 66.88   83.64   69.69   96.58
18:56:17 66.88   83.41   69.69   96.13
18:57:20 66.88   83.53   69.80   95.68
18:58:24 66.88   83.64   69.69   95.22
18:59:27 66.88   83.30   69.69   94.78
19:00:30 66.76   83.41   69.58   94.33
19:01:34 66.76   83.53   69.35   93.88
19:02:37 66.88   83.41   69.13   93.43
19:03:40 66.88   83.64   69.13   92.97
19:04:44 66.88   83.64   68.90   92.64
19:05:47 66.88   83.53   68.90   92.30
19:06:50 66.88   83.64   68.68   91.96
19:07:54 66.88   83.75   68.68   91.63
19:08:57 66.88   83.53   68.56   91.29
19:10:00 66.88   83.53   68.56   90.95
19:11:04 66.88   83.30   68.56   90.61
19:12:07 66.88   83.41   68.56   90.28
19:13:10 66.88   83.41   68.56   90.05
19:14:14 66.88   83.41   68.34   89.83
19:15:17 66.88   83.41   68.45   89.60
19:16:20 66.88   83.64   68.34   89.26
19:17:24 66.88   83.75   68.22   88.93
19:18:27 66.88   83.53   68.22   88.70
19:19:30 66.76   83.41   68.22   88.47
19:20:34 66.76   83.53   68.11   88.25
19:21:37 66.76   83.19   68.11   88.03
19:22:40 66.76   83.30   68.11   87.91
19:23:44 66.76   83.19   68.00   87.58
19:24:47 66.76   83.08   68.00   87.58
19:25:50 66.76   83.19   68.00   87.35
19:26:54 66.76   83.30   68.11   87.13
19:27:57 66.76   83.30   67.89   86.90
19:29:01 66.76   83.08   67.89   86.68
19:30:04 66.76   82.85   67.89   86.56
19:31:07 66.76   83.30   68.00   86.34
19:32:11 66.76   82.96   67.89   86.11
19:33:14 66.76   82.96   67.89   85.89
19:34:17 66.76   82.96   67.89   85.89
19:35:21 66.65   82.96   68.00   85.66
19:36:24 66.65   82.63   68.22   85.55
19:37:27 66.65   82.85   68.34   85.44
19:38:31 66.65   82.74   68.56   85.21
19:39:34 66.54   82.85   68.68   85.10
19:40:37 66.54   82.63   68.79   84.99
19:41:41 66.54   82.74   68.90   84.88
19:42:44 66.65   82.51   69.13   84.76
19:43:47 66.54   82.63   69.13   84.65
19:44:51 66.54   82.29   69.13   84.65
19:45:54 66.54   82.29   69.13   84.54
19:46:57 66.65   82.51   69.24   84.43
19:48:01 66.54   82.63   69.24   84.31
19:49:04 66.54   82.51   69.24   84.20
19:50:07 66.54   82.51   69.35   84.09
19:51:11 66.65   82.18   69.35   83.97
19:52:14 66.65   82.29   69.35   83.86
19:53:17 66.65   82.29   69.35   83.86
19:54:21 66.65   82.63   69.35   83.75
19:55:24 66.65   82.51   69.46   83.75
19:56:27 66.65   82.40   69.46   83.75
19:57:31 66.65   82.40   69.58   83.53
19:58:34 66.65   82.51   69.58   83.41
19:59:37 66.65   82.51   69.58   83.41
20:00:41 66.65   82.74   69.58   83.30
20:01:44 66.65   82.63   69.69   83.30
20:02:48 66.65   82.40   69.69   83.30
20:03:51 66.65   82.51   69.69   83.19
20:04:54 66.76   82.85   69.69   83.19
20:05:58 66.76   82.51   69.69   82.96
20:07:01 66.65   82.40   69.69   83.08
20:08:04 66.76   82.63   69.58   82.96
20:09:08 66.76   82.63   69.46   82.96
20:10:11 66.76   82.74   69.24   82.85
20:11:14 66.88   82.51   69.24   82.74
20:12:18 66.88   82.74   69.13   82.74
20:13:21 66.99   83.19   68.90   82.51
20:14:24 66.99   82.96   68.90   82.51
20:15:28 66.99   82.96   68.90   82.51
20:16:31 67.10   82.85   68.90   82.51
20:17:34 67.10   82.74   69.01   82.40
20:18:38 67.10   82.74   68.90   82.40
20:19:41 67.10   82.74   69.01   82.40
20:20:44 67.10   82.96   69.01   82.29
20:21:48 67.10   82.51   68.79   82.29
20:22:51 67.10   82.40   68.90   82.18
20:23:54 67.10   82.63   68.79   82.18
20:24:58 67.10   82.63   68.79   82.18
20:26:01 67.10   82.74   68.90   82.06
20:27:04 67.10   82.74   69.01   81.95
20:28:08 67.10   82.51   68.90   81.95
20:29:11 67.10   82.51   68.90   81.84
20:30:14 67.10   82.29   68.79   81.84
20:31:18 67.10   82.74   68.79   81.95
20:32:21 67.10   82.74   68.90   81.72
20:33:25 67.10   82.74   68.79   81.72
20:34:28 67.10   82.63   68.79   81.72
20:35:31 67.10   82.51   68.79   81.61
20:36:35 67.10   82.63   68.79   81.50
20:37:38 67.10   82.51   68.79   81.50
20:38:41 67.10   82.51   68.68   81.50
20:39:45 67.10   82.51   68.79   81.50
20:40:48 66.99   82.40   68.68   81.39
20:41:51 66.99   82.29   68.90   81.39
20:42:55 66.99   82.74   68.90   81.28
20:43:58 66.99   82.74   68.68   81.28
20:45:01 66.99   82.51   68.68   95.90
20:46:05 66.99   82.63   68.68   96.46
20:47:08 66.99   82.85   68.68   95.34
20:48:11 67.10   82.63   68.68   93.99
20:49:15 66.99   82.63   68.68   92.97
20:50:18 66.99   82.74   68.68   91.96
20:51:21 66.99   82.63   68.68   91.06
20:52:25 66.99   82.51   68.68   90.39
20:53:28 66.99   82.40   68.68   89.83
20:54:31 66.99   82.63   68.68   89.26
20:55:35 66.99   82.51   68.68   88.81
20:56:38 66.99   82.74   68.56   88.47
20:57:41 66.99   82.29   68.68   88.03
20:58:45 66.99   82.40   68.56   87.69
20:59:48 66.99   82.40   68.56   87.24
21:00:51 66.99   82.40   68.56   87.01
21:01:55 66.99   82.29   68.56   86.79
21:02:58 66.99   82.18   68.68   86.45
21:04:01 66.99   82.40   68.56   86.34
21:05:05 66.99   82.40   68.56   86.00
21:06:08 66.99   81.84   68.56   85.78
21:07:12 66.99   82.18   68.56   85.55
21:08:15 66.99   82.40   68.56   85.44
21:09:18 66.99   82.06   68.56   85.21
21:10:22 66.99   82.06   68.56   85.10
21:11:25 66.99   82.40   68.68   84.99
21:12:28 66.99   82.29   68.56   84.76
21:13:32 66.99   82.06   68.56   84.65
21:14:35 66.99   81.95   68.68   84.54
21:15:38 66.99   82.18   68.68   84.43
21:16:42 66.99   82.18   68.56   84.31
21:17:45 66.99   82.06   68.45   84.09
21:18:48 66.99   82.06   68.45   83.97
21:19:52 66.99   82.06   68.56   84.09
21:20:55 66.99   82.18   68.45   83.97
21:21:58 66.99   82.40   68.56   83.86
21:23:02 66.99   82.18   68.56   83.64
21:24:05 66.99   82.06   68.56   83.64
21:25:08 66.99   81.95   68.45   83.41
21:26:12 66.99   82.06   68.45   83.30
21:27:15 66.99   82.18   68.34   83.30
21:28:18 66.99   82.06   68.22   83.19
21:29:22 66.99   82.29   68.34   83.08
21:30:25 66.99   82.06   68.34   82.85
21:31:28 66.99   82.18   68.22   100.06
21:32:32 66.99   82.18   68.22   105.35
21:33:35 66.99   82.18   68.00   106.93
21:34:38 67.10   81.95   68.11   107.71
21:35:42 67.10   82.06   68.00   108.16
21:36:45 67.10   82.06   68.00   108.28
21:37:49 67.10   82.18   68.00   108.16
21:38:52 67.10   82.29   68.00   108.05
21:39:55 67.10   82.51   67.89   107.71
21:40:59 67.10   82.74   67.78   107.49
21:42:02 67.10   82.40   67.89   107.15
21:43:05 67.10   82.51   67.78   106.81
21:44:09 67.10   82.40   67.78   106.36
21:45:12 67.10   82.18   67.78   105.80
21:46:15 67.10   82.51   67.66   105.24
21:47:19 67.10   82.29   67.78   104.56
21:48:22 67.10   82.40   67.66   104.00
21:49:25 67.10   82.51   67.66   103.21
21:50:29 66.99   82.51   67.55   102.65
21:51:32 67.10   82.29   67.55   101.98
21:52:35 67.10   82.40   67.55   101.19
21:53:39 66.99   82.40   67.55   100.63
21:54:42 67.10   82.63   67.55   105.91
21:55:45 67.10   82.63   67.55   106.03
21:56:49 67.10   82.74   67.44   105.35
21:57:52 67.10   82.63   67.44   104.56
21:58:55 67.10   82.51   67.44   103.33
21:59:59 67.10   82.40   67.44   101.98
22:01:02 66.99   82.51   67.44   100.51
22:02:05 67.10   82.40   67.55   98.94
22:03:09 66.99   82.51   67.44   97.59
22:04:12 67.10   82.40   67.33   96.13
22:05:15 66.99   82.40   67.33   95.00
22:06:19 66.99   82.51   67.33   94.33
22:07:22 66.99   82.18   67.33   93.88
22:08:26 66.99   82.18   67.44   93.54
22:09:29 66.99   82.06   67.44   93.20
22:10:32 66.99   81.95   67.33   92.86
22:11:36 66.99   81.95   67.33   92.53
22:12:39 66.99   82.18   67.33   92.19
22:13:42 66.99   82.29   67.33   91.74
22:14:46 66.99   82.18   67.33   91.51
22:15:49 66.99   82.29   67.33   91.18
22:16:52 66.99   82.40   67.33   90.84
22:17:56 66.99   82.29   67.21   90.61
22:18:59 66.99   82.29   67.21   90.39
22:20:02 66.99   82.29   67.21   90.16
22:21:06 66.99   82.06   67.21   89.94
22:22:09 66.99   82.18   67.10   89.71
22:23:12 66.99   82.18   67.10   89.60
22:24:16 66.99   81.95   67.21   89.49
22:25:19 66.99   82.40   67.21   89.26
22:26:22 66.99   82.29   67.10   89.15
22:27:26 66.99   82.18   66.99   88.93
22:28:29 66.99   82.18   67.10   88.81
22:29:32 66.99   82.18   67.10   88.70
22:30:36 66.99   82.06   67.10   88.47
22:31:39 66.99   82.29   67.10   88.47
22:32:42 66.99   82.29   67.10   88.36
22:33:46 66.99   81.95   67.10   95.34
22:34:49 66.99   81.84   67.10   102.31
22:35:52 66.99   81.95   66.99   104.34
22:36:56 66.99   81.95   67.21   104.79
22:37:59 66.99   81.84   67.10   104.34
22:39:03 66.99   82.06   67.21   103.55
22:40:06 66.99   82.18   67.21   102.76
22:41:09 66.99   81.95   67.10   101.75
22:42:13 66.99   81.95   66.99   100.85
22:43:16 66.99   82.06   66.99   100.06
22:44:19 66.99   82.06   66.99   99.39
22:45:23 66.99   81.61   66.99   98.71
22:46:26 66.88   81.84   66.88   97.92
22:47:29 66.88   81.84   66.99   97.25
22:48:33 66.88   81.72   66.99   96.69
22:49:36 66.88   81.95   66.88   96.13
22:50:39 66.88   81.84   66.76   95.68
22:51:43 66.88   81.95   66.88   95.56
22:52:46 66.76   81.72   66.88   101.64
22:53:49 66.76   81.72   66.88   101.53
22:54:53 66.76   81.84   66.76   104.68
22:55:56 66.76   81.61   66.88   105.24
22:56:59 66.76   81.61   66.88   104.79
22:58:03 66.76   81.61   66.76   104.00
22:59:06 66.76   81.61   66.76   103.21
23:00:09 66.76   81.72   66.65   102.43
23:01:13 66.76   81.50   66.88   101.64
23:02:16 66.65   81.61   66.88   100.85
23:03:19 66.65   81.39   66.76   100.18
23:04:23 66.65   81.50   66.65   99.39
23:05:26 66.65   81.39   66.76   98.71
23:06:29 66.65   81.28   66.65   98.04
23:07:33 66.65   81.39   66.76   97.48
23:08:36 66.65   81.28   66.65   96.80
23:09:40 66.65   81.39   66.65   96.13
23:10:43 66.65   81.39   66.76   95.56
23:11:46 66.65   81.50   66.65   95.00
23:12:50 66.65   81.50   66.65   94.66
23:13:53 66.65   81.61   66.65   94.10
23:14:56 66.65   81.72   66.65   93.65
23:16:00 66.54   81.72   66.65   93.20
23:17:03 66.54   81.61   66.76   92.75
23:18:06 66.54   81.39   66.65   92.41
23:19:10 66.54   81.50   66.65   91.96
23:20:13 66.54   81.39   66.65   91.63
23:21:16 66.54   81.61   66.76   91.29
23:22:20 66.54   81.50   66.65   90.95
23:23:23 66.54   81.50   66.65   90.50
23:24:26 66.54   81.39   66.65   90.16
23:25:30 66.54   81.61   66.54   89.83
23:26:33 66.54   81.39   66.54   89.60
23:27:36 66.54   81.50   66.65   89.26
23:28:40 66.54   81.50   66.54   88.93
23:29:43 66.54   81.39   66.54   88.59
23:30:46 66.54   81.61   66.54   88.36
23:31:50 66.54   81.39   66.54   88.14
23:32:53 66.54   81.28   66.65   87.91
23:33:56 66.54   81.61   66.54   87.69
23:35:00 66.43   81.50   66.43   87.35
23:36:03 66.54   81.39   66.54   87.13
23:37:06 66.54   81.28   66.54   87.01
23:38:10 66.43   81.28   66.65   86.68
23:39:13 66.43   81.05   66.54   86.45
23:40:17 66.54   81.39   66.54   86.22
23:41:20 66.54   81.39   66.65   86.00
23:42:23 66.43   81.28   66.54   85.89
23:43:27 66.43   81.05   66.54   85.66
23:44:30 66.43   81.05   66.43   93.09
23:45:33 66.43   80.94   66.43   102.31
23:46:37 66.54   80.94   66.43   103.66
23:47:40 66.43   80.94   66.54   103.33
23:48:43 66.43   81.16   66.43   102.54
23:49:47 66.43   80.83   66.54   101.64
23:50:50 66.43   81.05   66.43   100.74
23:51:53 66.43   80.94   66.43   99.95
23:52:57 66.43   81.05   66.43   99.05
23:54:00 66.43   80.71   66.43   98.38
23:55:03 66.43   80.94   66.43   97.70
23:56:07 66.43   80.60   66.43   96.91
23:57:10 66.43   80.71   66.43   96.24
23:58:13 66.43   80.71   66.43   95.56
23:59:17 66.43   80.83   66.43   95.11
