 Date  Furn_In  Furn_Out  Bsmnt   Water_Htr
00:00:00 65.75   80.71   68.79   83.08
00:01:03 65.75   80.71   68.68   83.30
00:02:06 65.64   80.71   68.68   83.19
00:03:10 65.64   80.71   68.68   82.96
00:04:13 65.64   80.49   68.68   82.85
00:05:16 65.75   80.38   68.56   82.74
00:06:20 65.75   80.38   68.56   82.62
00:07:23 65.75   80.60   68.68   82.62
00:08:26 65.75   80.49   68.68   82.51
00:09:30 65.75   80.60   68.56   82.40
00:10:33 65.75   80.38   68.56   82.51
00:11:36 65.75   80.26   68.56   82.40
00:12:40 65.75   80.38   68.56   82.40
00:13:43 65.75   80.49   68.56   82.29
00:14:46 65.64   80.49   68.56   82.29
00:15:50 65.75   80.38   68.56   82.29
00:16:53 65.64   80.71   68.56   82.29
00:17:56 65.75   80.49   68.56   82.18
00:19:00 65.75   80.38   68.56   82.18
00:20:03 65.75   80.49   68.56   82.18
00:21:06 65.64   80.26   68.56   82.06
00:22:10 65.64   80.15   68.45   81.95
00:23:13 65.64   80.04   68.45   81.84
00:24:16 65.64   80.38   68.45   81.84
00:25:20 65.64   80.26   68.45   81.84
00:26:23 65.64   80.38   68.45   81.84
00:27:26 65.75   80.26   68.45   81.84
00:28:30 65.75   80.38   68.56   81.84
00:29:33 65.64   80.49   68.45   81.84
00:30:37 65.64   80.15   68.45   81.72
00:31:40 65.64   80.49   68.45   81.72
00:32:43 65.64   80.60   68.45   81.72
00:33:47 65.64   80.38   68.45   81.72
00:34:50 65.64   80.49   68.45   81.61
00:35:53 65.64   80.49   68.45   81.61
00:36:57 65.64   80.04   68.45   81.72
00:38:00 65.75   80.15   68.45   81.50
00:39:03 65.64   83.41   68.45   81.50
00:40:07 67.66   122.90   68.34   81.61
00:41:09 68.68   146.30   68.34   82.06
00:42:12 69.24   130.78   68.34   82.74
00:43:16 69.46   111.65   68.56   83.19
00:44:19 68.68   110.75   68.68   83.30
00:45:22 68.00   108.28   68.68   83.08
00:46:26 67.44   108.95   68.56   83.08
00:47:29 67.21   107.94   68.68   82.96
00:48:32 66.99   106.59   68.68   82.74
00:49:36 66.88   105.58   68.68   82.74
00:50:39 66.65   103.89   68.56   82.62
00:51:42 66.54   101.75   68.68   82.62
00:52:46 66.54   100.17   68.68   82.51
00:53:49 66.43   98.71   68.68   82.51
00:54:52 66.31   97.03   68.56   82.40
00:55:56 66.31   95.68   68.56   82.51
00:56:59 66.20   94.21   68.56   82.40
00:58:02 66.20   92.86   68.45   82.29
00:59:06 66.20   93.65   68.56   82.29
01:00:09 67.89   122.11   68.45   82.29
01:01:12 69.01   143.82   68.34   82.85
01:02:15 69.46   142.93   68.56   83.53
01:03:18 69.91   117.05   68.79   83.97
01:04:21 69.46   111.88   68.68   83.97
01:05:25 68.56   111.31   68.79   83.75
01:06:28 68.00   112.33   68.79   83.75
01:07:31 67.55   111.42   68.79   83.64
01:08:35 67.33   108.84   68.79   83.41
01:09:38 66.99   106.70   68.79   83.41
01:10:41 66.99   105.35   68.79   83.41
01:11:45 66.76   104.00   68.68   83.30
01:12:48 66.65   101.86   68.68   83.30
01:13:51 66.54   100.62   68.68   83.30
01:14:55 66.54   99.16   68.68   83.19
01:15:58 66.43   97.48   68.68   83.19
01:17:01 66.43   96.35   68.68   83.08
01:18:05 66.43   99.16   68.56   83.08
01:19:08 68.68   132.24   68.68   83.19
01:20:11 69.35   147.76   68.56   83.64
01:21:14 69.91   130.10   68.79   84.20
01:22:17 70.03   111.88   68.79   84.54
01:23:20 69.01   111.31   68.79   84.65
01:24:24 68.34   109.74   68.90   84.54
01:25:27 67.89   109.96   68.90   84.43
01:26:30 67.55   109.29   68.90   84.31
01:27:34 67.33   108.16   68.79   84.09
01:28:37 67.10   106.36   68.90   84.09
01:29:40 66.99   104.67   68.79   84.20
01:30:44 66.88   102.88   68.79   84.20
01:31:47 66.76   101.19   68.79   84.09
01:32:50 66.65   100.06   68.79   83.86
01:33:54 66.54   98.26   68.68   83.75
01:34:57 66.54   97.70   68.79   83.64
01:36:00 66.43   96.01   68.79   83.64
01:37:04 66.43   95.56   68.79   83.64
01:38:07 66.43   94.21   68.79   83.64
01:39:10 66.31   92.97   68.79   83.64
01:40:14 66.31   92.19   68.68   83.53
01:41:17 66.31   97.36   68.68   83.64
01:42:20 68.79   135.61   68.79   83.75
01:43:23 69.46   149.34   68.68   84.43
01:44:26 69.91   130.10   68.90   84.99
01:45:29 70.03   112.10   68.68   85.33
01:46:33 69.12   111.65   68.90   85.21
01:47:36 68.45   109.74   68.90   84.99
01:48:39 67.89   109.74   69.01   84.88
01:49:43 67.55   109.85   69.01   84.65
01:50:46 67.33   108.16   69.01   84.43
01:51:49 67.10   106.14   68.90   84.43
01:52:53 66.99   104.67   68.79   84.43
01:53:56 66.88   103.66   68.79   84.31
01:54:59 66.76   101.86   68.79   84.20
01:56:03 66.65   100.62   68.68   84.31
01:57:06 66.65   99.28   68.68   84.20
01:58:09 66.54   97.81   68.79   84.20
01:59:13 66.54   96.80   68.79   84.20
02:00:16 66.54   95.68   68.68   84.09
02:01:19 66.43   94.66   68.79   84.09
02:02:23 66.43   93.43   68.79   84.09
02:03:26 66.43   92.75   68.68   83.97
02:04:29 66.43   91.96   68.79   83.97
02:05:33 66.31   90.72   68.79   83.97
02:06:36 66.31   90.16   68.68   83.97
02:07:39 66.31   89.60   68.79   83.86
02:08:43 66.31   93.43   68.79   83.75
02:09:46 68.56   131.11   68.79   83.86
02:10:49 69.35   148.10   68.79   84.31
02:11:52 69.80   134.04   68.79   84.99
02:12:55 70.14   112.21   68.90   85.33
02:13:58 69.24   111.42   68.90   85.33
02:15:02 68.45   110.41   68.90   85.10
02:16:05 68.00   108.28   69.01   85.10
02:17:08 67.66   105.80   69.12   84.99
02:18:12 67.33   107.26   69.01   84.88
02:19:15 67.21   106.36   69.01   84.65
02:20:18 66.99   104.45   68.79   84.65
02:21:22 66.99   103.21   68.79   84.65
02:22:25 66.76   102.20   68.79   84.54
02:23:28 66.76   100.85   68.79   84.54
02:24:32 66.76   99.16   68.79   84.54
02:25:35 66.54   97.48   68.79   84.31
02:26:38 66.54   96.69   68.79   84.31
02:27:42 66.54   95.45   68.79   84.43
02:28:45 66.43   94.44   68.79   84.31
02:29:48 66.43   93.31   68.79   84.31
02:30:52 66.43   92.19   68.90   84.20
02:31:55 66.43   91.74   68.90   84.31
02:32:59 66.31   91.29   68.79   84.31
02:34:02 66.31   90.28   68.90   84.31
02:35:05 66.31   89.94   68.79   84.20
02:36:09 66.31   89.26   68.79   84.09
02:37:12 66.31   88.70   68.90   84.09
02:38:15 66.31   88.47   68.79   84.09
02:39:19 66.20   87.80   68.79   83.97
02:40:22 66.20   87.01   68.79   83.86
02:41:25 66.20   86.68   68.79   83.75
02:42:29 66.20   86.56   68.79   83.75
02:43:32 66.20   85.89   68.68   83.75
02:44:35 66.20   85.89   68.68   83.86
02:45:39 66.20   85.55   68.79   83.64
02:46:42 66.20   85.33   68.68   83.75
02:47:45 66.20   84.76   68.68   83.64
02:48:49 66.20   84.54   68.68   83.75
02:49:52 66.09   84.31   68.79   83.53
02:50:55 66.09   84.09   68.68   83.64
02:51:59 66.09   84.09   68.68   83.64
02:53:02 66.09   84.31   68.68   83.64
02:54:05 66.20   84.09   68.68   83.53
02:55:09 66.09   87.80   68.68   83.41
02:56:12 68.11   128.75   68.68   83.64
02:57:15 69.01   147.43   68.56   84.09
02:58:18 69.58   128.19   68.90   84.65
02:59:21 69.69   111.09   68.79   84.88
03:00:24 68.79   111.09   68.90   84.88
03:01:28 68.11   108.84   68.79   84.65
03:02:31 67.66   106.25   68.90   84.43
03:03:34 67.44   107.04   68.90   84.31
03:04:38 67.21   106.70   68.90   84.31
03:05:41 67.10   105.69   68.79   84.20
03:06:44 66.99   103.78   68.68   84.09
03:07:48 66.88   102.99   68.79   84.09
03:08:51 66.76   101.53   68.68   84.20
03:09:54 66.76   99.73   68.79   84.09
03:10:58 66.65   98.38   68.79   83.97
03:12:01 66.65   96.46   68.79   83.97
03:13:05 66.54   95.56   68.79   83.97
03:14:08 66.54   94.44   68.79   83.86
03:15:11 66.54   93.76   68.79   83.86
03:16:15 66.54   92.64   68.79   83.75
03:17:18 66.54   99.05   68.79   83.75
03:18:21 68.90   135.95   68.79   83.97
03:19:24 69.46   143.82   68.79   84.65
03:20:27 69.91   119.53   69.01   85.10
03:21:30 69.58   111.31   68.90   85.21
03:22:34 68.79   110.30   68.90   85.10
03:23:37 68.22   110.53   68.90   84.88
03:24:40 67.89   110.19   69.01   84.76
03:25:44 67.55   108.95   69.01   84.76
03:26:47 67.33   106.48   69.01   84.65
03:27:50 67.21   105.12   68.90   84.65
03:28:54 67.10   103.66   68.79   84.65
03:29:57 66.99   101.98   68.90   84.54
03:31:00 66.88   100.51   68.90   84.43
03:32:04 66.88   99.95   68.90   84.31
03:33:07 66.76   98.38   68.79   84.31
03:34:10 66.76   97.14   68.68   84.20
03:35:14 66.76   96.01   68.79   84.31
03:36:17 66.65   94.89   68.79   84.31
03:37:20 66.65   93.76   68.79   84.20
03:38:24 66.54   92.86   68.79   84.09
03:39:27 66.54   91.51   68.79   84.09
03:40:30 66.54   91.06   68.79   84.09
03:41:34 66.43   90.61   68.79   83.97
03:42:37 66.43   90.84   68.79   83.86
03:43:40 67.66   114.24   68.79   83.86
03:44:43 69.01   141.69   68.79   84.20
03:45:46 69.69   136.18   68.79   84.88
03:46:49 70.03   111.76   68.90   85.33
03:47:53 69.35   110.19   69.01   85.33
03:48:56 68.56   108.73   68.90   85.21
03:49:59 68.00   107.04   69.01   85.10
03:51:03 67.66   107.94   69.01   84.99
03:52:06 67.44   106.81   69.01   84.76
03:53:09 67.21   105.24   68.90   84.76
03:54:13 67.10   104.00   68.90   84.76
03:55:16 66.99   103.10   68.79   84.76
03:56:20 66.88   101.30   68.79   84.76
03:57:23 66.76   99.73   68.79   84.65
03:58:26 66.76   98.26   68.79   84.65
03:59:30 66.65   97.36   68.68   84.65
04:00:33 66.54   95.79   68.79   84.43
04:01:36 66.54   94.66   68.79   84.31
04:02:40 66.54   93.76   68.79   84.43
04:03:43 66.43   93.20   68.79   84.43
04:04:46 66.43   92.41   68.79   84.31
04:05:50 66.43   91.85   68.90   84.31
04:06:53 66.43   90.84   68.90   84.20
04:07:56 66.43   89.94   68.79   84.20
04:09:00 66.31   89.71   68.90   84.09
04:10:03 66.31   89.15   68.79   83.97
04:11:06 66.31   88.59   68.79   83.86
04:12:10 66.31   87.46   68.79   83.86
04:13:13 66.20   87.80   68.79   83.86
04:14:16 66.20   87.12   68.79   83.75
04:15:20 66.31   93.09   68.79   83.86
04:16:23 68.56   134.94   68.79   83.97
04:17:26 69.35   146.98   68.68   84.54
04:18:29 69.80   123.58   69.01   85.10
04:19:32 69.69   111.65   68.90   85.21
04:20:35 68.79   111.42   68.90   85.10
04:21:39 68.11   110.64   68.90   84.99
04:22:42 67.78   110.53   69.01   84.76
04:23:45 67.44   108.50   69.12   84.65
04:24:49 67.21   107.04   69.01   84.65
04:25:52 67.10   105.69   68.90   84.65
04:26:55 66.99   104.11   68.90   84.54
04:27:59 66.88   102.20   68.79   84.54
04:29:02 66.76   101.19   68.79   84.43
04:30:05 66.76   99.61   68.79   84.31
04:31:09 66.65   98.15   68.79   84.31
04:32:12 66.54   96.80   68.79   84.31
04:33:15 66.54   95.79   68.79   84.20
04:34:19 66.43   94.89   68.79   84.20
04:35:22 66.43   93.76   68.79   84.20
04:36:25 66.43   92.75   68.90   84.20
04:37:29 66.43   92.30   68.79   84.09
04:38:32 66.31   91.06   68.79   84.09
04:39:36 66.31   90.95   68.90   84.09
04:40:39 66.31   89.94   68.79   83.97
04:41:42 66.31   89.83   68.79   83.86
04:42:46 66.31   88.93   68.79   83.75
04:43:49 66.31   93.99   68.79   83.75
04:44:52 68.56   132.80   68.79   83.97
04:45:55 69.24   148.32   68.68   84.54
04:46:58 69.69   128.64   68.90   85.21
04:48:01 69.80   112.33   68.79   85.44
04:49:04 68.90   111.99   68.90   85.33
04:50:08 68.22   108.84   68.90   85.21
04:51:11 67.78   110.86   69.01   85.10
04:52:14 67.55   109.62   69.01   84.99
04:53:18 67.33   108.16   69.01   84.88
04:54:21 67.10   106.36   68.79   84.76
04:55:25 66.99   105.01   68.90   84.76
04:56:28 66.88   103.21   68.79   84.65
04:57:31 66.76   101.30   68.79   84.65
04:58:35 66.65   99.95   68.79   84.65
04:59:38 66.65   98.71   68.79   84.65
05:00:41 66.54   97.59   68.79   84.54
05:01:45 66.54   96.80   68.79   84.54
05:02:48 66.43   95.56   68.79   84.31
05:03:51 66.54   94.44   68.79   84.31
05:04:55 66.43   93.54   68.79   84.20
05:05:58 66.43   92.64   68.79   84.20
05:07:01 66.43   92.41   68.79   84.09
05:08:05 66.31   90.72   68.79   84.09
05:09:08 66.31   90.50   68.79   83.97
05:10:11 66.31   91.62   68.79   83.86
05:11:15 68.00   120.65   68.79   83.97
05:12:18 69.12   144.05   68.79   104.23
05:13:21 69.69   137.53   68.90   108.16
05:14:24 70.03   112.55   68.90   109.29
05:15:27 69.35   110.75   69.01   109.74
05:16:30 68.45   110.86   68.90   110.08
05:17:34 68.00   111.09   69.01   110.19
05:18:37 67.66   109.51   69.01   110.08
05:19:40 67.33   107.94   69.01   110.75
05:20:44 67.21   106.14   69.01   111.20
05:21:47 67.10   104.79   68.90   111.42
05:22:50 66.99   104.00   68.79   111.88
05:23:54 66.88   101.98   68.79   111.65
05:24:57 66.76   100.51   68.79   111.09
05:26:00 66.76   98.83   68.79   110.41
05:27:04 66.65   97.70   68.79   109.62
05:28:07 66.65   96.46   68.68   108.84
05:29:10 66.65   95.34   68.68   108.16
05:30:14 66.54   94.66   68.68   107.26
05:31:17 66.54   93.54   68.68   106.48
05:32:20 66.43   92.64   68.79   105.80
05:33:24 66.88   104.11   68.79   109.51
05:34:27 69.12   137.30   68.79   110.75
05:35:30 69.80   150.80   68.90   110.53
05:36:33 70.25   157.55   69.01   110.30
05:37:36 70.70   144.16   69.12   110.08
05:38:38 70.93   149.79   69.24   109.62
05:39:41 71.26   158.00   69.24   109.29
05:40:44 71.49   142.25   69.24   108.84
05:41:47 71.71   115.92   69.46   108.28
05:42:51 70.81   115.59   69.35   107.60
05:43:54 69.80   115.70   69.35   106.70
05:44:57 69.12   113.56   69.24   105.91
05:46:01 68.56   111.76   69.35   105.24
05:47:04 68.22   112.33   69.35   104.45
05:48:07 69.58   124.81   69.35   112.10
05:49:10 70.59   141.46   69.46   114.91
05:50:13 71.04   152.71   69.46   114.69
05:51:16 71.38   157.44   69.69   113.90
05:52:19 71.71   132.35   69.69   113.11
05:53:22 71.83   113.67   69.69   112.21
05:54:25 70.59   114.58   69.80   110.86
05:55:29 69.69   114.35   69.58   109.74
05:56:32 69.01   112.55   69.69   108.61
05:57:36 68.56   111.76   69.69   107.60
05:58:39 68.22   112.33   69.69   106.70
05:59:42 68.00   111.31   69.58   106.03
06:00:46 68.22   116.26   69.46   105.46
06:01:49 70.36   137.30   69.58   105.01
06:02:51 70.93   149.90   69.91   104.90
06:03:54 71.26   153.05   69.91   105.01
06:04:57 71.60   127.29   69.91   104.90
06:06:01 71.15   119.64   69.91   104.45
06:07:04 70.03   119.41   69.80   103.78
06:08:07 69.24   117.28   69.69   103.21
06:09:11 68.68   118.96   69.80   102.65
06:10:14 68.34   117.05   69.80   114.12
06:11:17 68.00   115.92   69.69   114.46
06:12:21 67.89   113.56   69.58   113.11
06:13:24 67.66   110.75   69.46   111.54
06:14:27 67.55   109.74   69.58   110.19
06:15:31 67.44   107.49   69.46   108.95
06:16:34 67.21   106.14   69.58   107.94
06:17:37 67.21   103.78   69.58   107.04
06:18:41 67.10   103.55   69.58   111.42
06:19:44 69.35   126.61   69.69   111.99
06:20:47 70.47   144.84   69.91   111.20
06:21:50 71.04   149.79   69.91   110.53
06:22:53 71.49   124.36   69.91   109.96
06:23:56 71.26   112.55   69.91   109.06
06:24:59 70.14   113.23   70.03   107.83
06:26:03 69.35   111.20   69.91   106.92
06:27:06 68.79   109.96   69.91   106.03
06:28:09 68.34   110.98   69.91   105.24
06:29:13 68.11   109.96   69.91   104.45
06:30:16 67.89   109.29   69.80   103.66
06:31:19 67.66   107.38   69.69   102.99
06:32:23 67.55   105.35   69.69   102.42
06:33:26 67.33   104.00   69.69   101.98
06:34:29 67.33   102.65   69.69   101.30
06:35:33 67.21   101.53   69.69   100.85
06:36:36 67.10   100.06   69.69   100.40
06:37:39 67.10   99.39   69.69   99.95
06:38:43 66.99   97.70   69.69   99.50
06:39:46 66.99   96.80   69.69   99.05
06:40:49 66.99   95.56   69.58   98.71
06:41:53 66.88   94.89   69.58   98.15
06:42:56 66.88   94.21   69.69   104.56
06:44:00 66.76   93.09   69.58   113.23
06:45:03 66.76   92.64   69.69   113.45
06:46:06 66.76   92.41   69.69   113.45
06:47:10 66.76   91.51   69.58   113.45
06:48:13 66.76   91.06   69.58   113.45
06:49:16 66.76   90.39   69.58   113.34
06:50:20 66.65   90.05   69.35   113.11
06:51:23 66.65   89.83   69.35   112.89
06:52:26 66.65   89.38   69.35   112.33
06:53:30 66.65   89.26   69.24   111.88
06:54:33 66.65   88.59   69.12   111.54
06:55:36 66.65   88.47   69.24   110.98
06:56:40 66.65   88.14   69.24   110.30
06:57:43 66.65   88.03   69.12   109.62
06:58:46 66.54   87.69   69.12   108.73
06:59:50 66.54   87.46   69.12   108.05
07:00:53 66.54   87.24   69.12   107.38
07:01:56 66.54   86.90   69.12   109.40
07:03:00 66.54   86.79   69.01   110.08
07:04:03 66.54   86.68   69.12   110.41
07:05:06 66.54   86.34   69.12   110.30
07:06:10 66.54   86.00   69.12   109.85
07:07:13 66.54   86.00   69.01   109.29
07:08:16 66.54   85.44   69.01   108.61
07:09:20 66.54   85.78   69.01   108.05
07:10:23 66.43   85.55   69.01   107.26
07:11:26 66.43   85.55   69.01   107.71
07:12:30 66.54   85.44   69.12   108.39
07:13:33 66.54   85.33   69.01   107.71
07:14:37 66.54   85.21   69.01   107.04
07:15:40 66.54   85.21   69.01   106.36
07:16:43 66.43   84.99   69.01   105.69
07:17:47 66.43   84.99   69.01   105.24
07:18:50 66.43   84.76   69.01   104.67
07:19:53 66.43   84.88   68.90   104.11
07:20:57 66.43   84.76   69.01   103.66
07:22:00 66.43   84.88   68.90   103.10
07:23:03 66.43   84.54   68.90   102.76
07:24:07 66.43   84.43   68.90   102.20
07:25:10 66.43   84.20   68.90   101.75
07:26:13 66.43   84.20   69.01   109.74
07:27:17 66.43   84.54   68.90   116.15
07:28:20 66.43   84.20   68.79   115.48
07:29:23 66.43   84.09   68.79   113.90
07:30:27 66.43   84.20   68.79   112.44
07:31:30 66.43   84.20   68.90   111.20
07:32:33 66.43   84.09   68.90   110.08
07:33:37 66.43   83.97   68.79   108.95
07:34:40 66.43   83.97   68.79   108.05
07:35:43 66.43   83.75   68.90   107.15
07:36:47 66.43   83.75   69.01   109.96
07:37:50 66.43   83.97   69.01   113.00
07:38:53 66.31   83.97   68.90   112.10
07:39:57 66.43   83.86   68.90   110.98
07:41:00 66.43   83.75   68.90   109.62
07:42:03 66.31   83.64   68.90   108.61
07:43:07 66.43   83.64   68.90   107.71
07:44:10 66.31   83.53   69.01   106.81
07:45:14 66.31   83.41   69.12   105.91
07:46:17 66.31   83.30   69.12   105.24
07:47:20 66.31   83.19   69.12   104.56
07:48:24 66.31   83.19   69.01   103.89
07:49:27 66.31   83.08   69.01   103.10
07:50:30 66.31   83.30   69.01   102.54
07:51:34 66.31   83.19   69.01   102.09
07:52:37 66.31   83.19   69.01   101.53
07:53:40 66.31   83.19   69.01   100.96
07:54:44 66.20   83.08   69.01   100.40
07:55:47 66.20   82.96   69.01   99.84
07:56:50 66.20   83.19   69.01   99.39
07:57:54 66.20   82.85   69.01   98.83
07:58:57 66.20   82.85   69.01   98.49
08:00:00 66.20   82.85   69.01   98.15
08:01:04 66.20   82.85   69.01   97.59
08:02:07 66.20   82.85   69.01   97.03
08:03:10 66.09   82.51   69.01   96.69
08:04:14 66.20   82.74   68.90   96.24
08:05:17 66.09   82.96   68.90   96.01
08:06:20 66.09   82.74   68.90   95.56
08:07:24 66.09   82.74   68.90   95.22
08:08:27 66.09   82.74   68.90   94.89
08:09:30 66.09   82.62   68.90   94.44
08:10:34 66.09   82.40   68.90   94.21
08:11:37 66.09   82.40   68.90   93.76
08:12:40 66.09   82.62   68.79   93.54
08:13:44 66.09   82.51   69.01   93.31
08:14:47 66.09   82.40   68.90   93.09
08:15:50 66.09   82.40   68.90   92.75
08:16:54 66.09   82.29   68.79   92.53
08:17:57 66.09   82.51   68.79   92.19
08:19:01 66.09   82.40   68.90   91.96
08:20:04 66.09   82.40   68.90   91.62
08:21:07 66.09   82.18   68.79   91.40
08:22:11 66.09   82.06   68.90   91.06
08:23:14 65.97   82.29   68.79   90.95
08:24:17 65.97   82.06   68.79   90.61
08:25:21 65.97   82.18   68.79   90.39
08:26:24 65.97   82.06   68.79   90.16
08:27:27 65.97   82.18   68.79   90.05
08:28:31 65.97   81.95   68.79   89.94
08:29:34 65.97   81.84   68.79   89.71
08:30:37 65.97   81.84   68.79   89.38
08:31:41 65.97   82.06   68.79   89.26
08:32:44 65.97   83.08   68.68   89.04
08:33:47 67.33   110.64   68.79   89.04
08:34:50 69.12   142.81   68.79   89.15
08:35:53 69.80   144.16   68.90   89.60
08:36:56 70.25   118.17   69.01   89.94
08:38:00 69.69   111.99   69.01   90.05
08:39:03 68.68   110.86   69.12   89.83
08:40:06 68.11   108.28   69.12   89.60
08:41:10 67.78   109.51   69.12   89.38
08:42:13 67.33   108.16   69.12   89.26
08:43:16 67.21   107.04   69.01   89.04
08:44:20 67.10   105.24   69.01   88.93
08:45:23 66.99   103.66   68.90   88.70
08:46:26 66.88   101.98   69.01   88.59
08:47:30 66.76   100.06   69.01   88.36
08:48:33 66.65   98.60   68.90   88.25
08:49:36 66.65   97.14   68.90   88.03
08:50:40 66.54   96.12   68.90   87.91
08:51:43 66.54   94.89   68.90   87.80
08:52:46 66.43   94.33   68.90   87.58
08:53:50 66.43   95.22   68.90   87.58
08:54:53 68.45   125.60   68.90   87.58
08:55:56 69.58   145.51   68.79   87.91
08:56:59 70.14   144.61   69.01   88.47
08:58:02 70.59   118.62   69.12   88.70
08:59:05 70.14   112.33   69.12   88.81
09:00:08 69.01   111.65   69.24   88.70
09:01:12 68.34   109.62   69.24   88.36
09:02:15 67.89   107.26   69.24   88.25
09:03:18 67.66   109.06   69.24   88.03
09:04:22 67.44   107.60   69.24   88.03
09:05:25 67.21   106.81   69.24   87.91
09:06:29 66.99   104.56   69.12   87.80
09:07:32 66.99   102.99   69.12   87.58
09:08:35 66.88   101.08   69.12   87.46
09:09:39 66.76   100.06   69.12   87.46
09:10:42 66.65   98.38   69.12   87.24
09:11:45 66.65   97.92   69.01   87.24
09:12:49 66.54   96.24   69.01   87.12
09:13:52 66.54   97.25   69.01   87.01
09:14:55 68.79   127.74   69.01   86.90
09:15:58 69.91   146.30   69.01   87.24
09:17:01 70.47   141.24   69.24   87.91
09:18:04 70.81   115.36   69.24   88.14
09:19:07 70.03   111.99   69.24   88.25
09:20:11 69.12   111.99   69.24   88.03
09:21:14 68.45   109.29   69.24   87.91
09:22:17 68.00   111.31   69.35   87.69
09:23:21 67.66   109.06   69.35   87.58
09:24:24 67.44   107.83   69.35   87.46
09:25:27 67.33   106.48   69.24   87.35
09:26:31 67.10   104.90   69.24   87.12
09:27:34 66.99   102.76   69.24   87.12
09:28:37 66.99   101.86   69.24   87.01
09:29:41 66.88   100.40   69.24   87.01
09:30:44 66.76   98.49   69.24   86.90
09:31:47 66.76   97.48   69.24   86.79
09:32:51 66.65   98.49   69.24   86.68
09:33:54 69.01   127.85   69.24   86.90
09:34:57 70.03   146.07   69.12   87.12
09:36:00 70.47   136.40   69.24   87.80
09:37:03 70.81   113.34   69.35   88.03
09:38:06 69.91   112.21   69.46   88.03
09:39:10 69.01   112.21   69.35   87.69
09:40:13 68.45   109.40   69.46   87.58
09:41:16 68.00   110.08   69.46   87.35
09:42:20 67.78   109.17   69.46   87.12
09:43:23 67.44   107.60   69.46   87.01
09:44:26 67.33   105.69   69.46   87.01
09:45:30 67.21   104.00   69.46   87.01
09:46:33 67.10   102.76   69.35   86.90
09:47:36 66.99   101.75   69.46   86.90
09:48:40 66.88   100.17   69.46   86.79
09:49:43 66.76   98.83   69.35   86.79
09:50:46 66.76   97.81   69.35   86.68
09:51:50 66.65   96.24   69.35   86.68
09:52:53 66.65   95.45   69.35   86.56
09:53:56 66.65   94.33   69.35   86.45
09:55:00 66.65   93.31   69.35   86.45
09:56:03 66.54   92.41   69.35   86.22
09:57:07 66.54   91.74   69.35   86.11
09:58:10 66.54   95.68   69.24   86.11
09:59:13 69.24   133.03   69.35   86.22
10:00:16 70.14   147.31   69.24   86.79
10:01:19 70.70   125.94   69.46   87.35
10:02:22 70.59   111.99   69.46   87.46
10:03:25 69.58   111.99   69.46   87.46
10:04:29 68.79   109.85   69.58   87.24
10:05:32 68.22   111.54   69.58   87.24
10:06:35 67.89   109.62   69.58   87.01
10:07:39 67.66   108.16   69.58   86.90
10:08:42 67.44   106.36   69.58   86.90
10:09:46 67.33   105.01   69.46   86.79
10:10:49 67.10   103.66   69.46   86.68
10:11:52 67.10   101.75   69.58   86.68
10:12:56 66.99   100.62   69.46   86.34
10:13:59 66.88   99.50   69.46   86.45
10:15:02 66.76   98.04   69.46   86.34
10:16:06 66.76   96.91   69.46   86.34
10:17:09 66.65   95.90   69.46   86.34
10:18:12 66.65   95.34   69.46   86.34
10:19:16 66.65   93.99   69.46   86.22
10:20:19 66.65   93.31   69.46   86.11
10:21:22 66.54   92.53   69.46   86.00
10:22:26 66.54   91.51   69.35   85.89
10:23:29 66.54   91.06   69.46   85.66
10:24:32 66.54   90.72   69.46   85.78
10:25:36 66.54   90.05   69.35   85.66
10:26:39 66.43   89.71   69.35   85.66
10:27:42 66.43   88.81   69.35   85.66
10:28:46 66.43   88.47   69.35   85.66
10:29:49 66.43   88.14   69.35   85.55
10:30:52 66.43   88.03   69.35   85.33
10:31:56 66.43   87.35   69.35   85.33
10:32:59 66.31   86.90   69.35   85.21
10:34:02 66.31   86.34   69.35   85.10
10:35:06 66.31   86.45   69.24   85.10
10:36:09 66.43   86.34   69.35   84.99
10:37:12 66.31   85.89   69.35   84.99
10:38:16 66.31   86.00   69.35   84.88
10:39:19 66.31   85.78   69.35   84.76
10:40:22 66.31   85.66   69.35   84.65
10:41:26 66.31   85.44   69.35   84.76
10:42:29 66.31   85.10   69.35   84.76
10:43:32 66.31   84.99   69.35   84.88
10:44:36 66.31   84.99   69.35   84.76
10:45:39 66.31   85.10   69.35   84.76
10:46:43 66.31   84.76   69.35   84.65
10:47:46 66.20   84.65   69.46   84.54
10:48:49 66.20   84.43   69.35   84.54
10:49:53 66.20   84.31   69.35   84.31
10:50:56 66.20   84.09   69.24   84.20
10:51:59 66.20   84.09   69.24   84.20
10:53:03 66.20   83.97   69.24   84.20
10:54:06 66.20   83.86   69.35   84.20
10:55:09 66.20   83.75   69.35   84.20
10:56:13 66.20   83.75   69.35   84.20
10:57:16 66.20   83.75   69.35   84.09
10:58:19 66.20   89.83   69.35   83.97
10:59:22 69.01   134.04   69.35   84.31
11:00:25 69.91   149.68   69.12   84.88
11:01:28 70.47   129.65   69.24   85.55
11:02:31 70.59   112.10   69.46   85.78
11:03:35 69.46   111.54   69.46   85.66
11:04:38 68.68   111.09   69.46   85.44
11:05:41 68.22   111.09   69.46   85.44
11:06:45 67.78   109.74   69.46   85.44
11:07:48 67.55   108.28   69.58   85.33
11:08:52 67.44   106.14   69.46   85.10
11:09:55 67.21   104.79   69.46   84.99
11:10:58 67.10   103.10   69.46   84.99
11:12:02 66.99   101.08   69.46   84.88
11:13:05 66.88   100.40   69.46   84.88
11:14:08 66.76   98.83   69.46   84.88
11:15:12 66.76   97.59   69.35   84.76
11:16:15 66.65   96.69   69.35   84.76
11:17:18 66.65   95.45   69.46   84.65
11:18:22 66.65   94.44   69.35   84.65
11:19:25 66.65   93.88   69.35   84.65
11:20:28 66.54   92.41   69.24   84.65
11:21:32 66.54   91.96   69.24   84.65
11:22:35 66.54   91.06   69.24   84.54
11:23:38 66.54   90.61   69.24   84.54
11:24:42 66.43   89.71   69.24   84.54
11:25:45 66.43   89.60   69.24   84.54
11:26:48 66.43   89.04   69.35   84.43
11:27:52 66.43   88.81   69.24   84.31
11:28:55 66.43   88.14   69.24   84.31
11:29:58 66.31   87.80   69.24   84.31
11:31:02 66.31   87.35   69.24   84.20
11:32:05 66.31   86.90   69.24   84.20
11:33:08 66.31   86.34   69.24   84.20
11:34:12 66.31   86.34   69.12   84.09
11:35:15 66.31   86.34   69.12   83.97
11:36:18 66.31   86.00   69.24   83.97
11:37:22 66.31   85.89   69.24   83.97
11:38:25 66.31   85.66   69.12   84.09
11:39:28 66.31   85.44   69.12   84.09
11:40:32 66.76   100.29   69.12   83.97
11:41:35 69.46   138.99   69.24   84.09
11:42:38 70.14   144.73   69.24   84.76
11:43:41 70.70   119.41   69.46   85.21
11:44:44 70.25   111.76   69.46   85.33
11:45:47 69.24   111.54   69.46   85.10
11:46:51 68.56   109.29   69.46   84.99
11:47:54 68.11   110.75   69.46   84.99
11:48:57 67.78   109.06   69.58   84.88
11:50:01 67.55   107.04   69.58   84.76
11:51:04 67.33   106.25   69.46   84.65
11:52:07 67.21   103.66   69.46   84.65
11:53:11 67.10   102.54   69.35   84.65
11:54:14 66.99   101.08   69.35   84.65
11:55:18 66.88   99.95   69.46   84.65
11:56:21 66.76   98.04   69.46   84.76
11:57:24 66.76   97.14   69.46   84.65
11:58:28 66.65   96.12   69.35   84.65
11:59:31 66.65   95.00   69.35   84.65
12:00:34 66.65   94.10   69.35   84.65
12:01:38 66.65   92.86   69.24   84.65
12:02:41 66.54   91.96   69.24   84.43
12:03:44 66.54   91.62   69.24   84.31
12:04:48 66.54   90.95   69.24   84.20
12:05:51 66.43   90.50   69.24   84.20
12:06:54 66.43   90.16   69.24   84.09
12:07:58 66.43   89.38   69.24   84.20
12:09:01 66.43   89.04   69.24   84.09
12:10:04 66.43   88.36   69.12   84.20
12:11:08 66.43   87.69   69.24   84.09
12:12:11 66.31   87.58   69.24   83.97
12:13:14 66.31   87.12   69.12   83.86
12:14:18 66.31   87.12   69.24   83.86
12:15:21 66.31   86.56   69.12   83.75
12:16:24 66.31   86.22   69.24   83.86
12:17:28 66.31   86.00   69.24   83.86
12:18:31 66.31   86.00   69.12   83.97
12:19:34 66.31   85.78   69.12   83.97
12:20:38 66.31   85.33   69.12   83.75
12:21:41 66.20   86.11   69.12   83.75
12:22:44 67.78   111.54   69.12   83.75
12:23:47 69.58   142.93   69.12   84.09
12:24:50 70.25   137.64   69.24   84.76
12:25:53 70.70   113.23   69.46   85.10
12:26:57 69.80   110.98   69.46   85.21
12:28:00 69.01   111.20   69.58   84.99
12:29:03 68.34   110.86   69.46   84.88
12:30:07 67.89   109.62   69.46   84.76
12:31:10 67.66   107.94   69.46   84.54
12:32:13 67.44   105.80   69.46   84.54
12:33:17 67.21   104.45   69.35   84.43
12:34:20 67.10   103.44   69.35   84.43
12:35:24 66.99   101.86   69.35   84.43
12:36:27 66.99   100.51   69.35   84.43
12:37:30 66.88   99.05   69.35   84.43
12:38:34 66.76   97.48   69.46   84.54
12:39:37 66.65   96.58   69.46   84.54
12:40:40 66.65   95.11   69.35   84.31
12:41:44 66.65   94.10   69.24   84.31
12:42:47 66.65   93.54   69.35   84.31
12:43:50 66.54   92.75   69.24   84.31
12:44:54 66.54   92.08   69.24   84.20
12:45:57 66.54   91.29   69.24   84.20
12:47:00 66.54   90.72   69.24   84.09
12:48:04 66.43   90.28   69.24   84.09
12:49:07 66.43   89.49   69.24   84.09
12:50:10 66.43   88.70   69.24   83.97
12:51:14 66.43   88.25   69.24   83.97
12:52:17 66.43   88.14   69.24   83.97
12:53:20 66.43   87.58   69.24   83.86
12:54:24 66.31   87.35   69.24   83.86
12:55:27 66.31   87.01   69.24   83.75
12:56:30 66.31   86.79   69.24   83.86
12:57:34 66.31   86.90   69.24   83.75
12:58:37 66.31   86.00   69.12   83.64
12:59:40 66.31   85.78   69.24   83.64
13:00:44 66.31   86.90   69.12   83.53
13:01:47 68.00   114.58   69.12   83.53
13:02:50 69.69   143.38   69.24   83.86
13:03:53 70.47   136.85   69.35   84.54
13:04:56 70.93   113.23   69.46   84.99
13:05:59 69.80   111.42   69.58   84.99
13:07:03 68.90   109.17   69.58   84.88
13:08:06 68.34   110.19   69.46   84.88
13:09:09 68.00   109.40   69.46   84.76
13:10:13 67.66   107.71   69.58   84.65
13:11:16 67.44   106.03   69.58   84.54
13:12:19 67.21   105.46   69.46   84.43
13:13:23 67.10   103.21   69.46   84.43
13:14:26 66.99   101.75   69.46   84.43
13:15:30 66.99   100.51   69.46   84.31
13:16:33 66.88   99.16   69.46   84.31
13:17:36 66.76   97.48   69.46   84.20
13:18:40 66.76   96.24   69.46   84.09
13:19:43 66.65   95.45   69.46   84.09
13:20:46 66.65   95.00   69.46   84.20
13:21:50 66.65   93.76   69.35   84.20
13:22:53 66.54   92.86   69.24   84.09
13:23:56 66.54   92.08   69.24   84.09
13:25:00 66.54   91.62   69.35   83.97
13:26:03 66.54   91.06   69.35   83.86
13:27:06 66.43   90.16   69.24   83.97
13:28:10 66.54   89.83   69.24   83.97
13:29:13 66.43   89.26   69.24   83.86
13:30:16 66.43   88.81   69.24   83.86
13:31:20 66.43   88.59   69.24   83.75
13:32:23 66.43   88.36   69.24   83.75
13:33:26 66.31   87.80   69.24   83.86
13:34:30 66.43   87.35   69.24   83.75
13:35:33 66.31   86.90   69.24   83.75
13:36:36 66.31   86.90   69.24   83.64
13:37:40 66.31   86.56   69.24   83.53
13:38:43 66.31   85.89   69.24   83.53
13:39:46 66.31   85.55   69.12   83.41
13:40:50 66.31   85.55   69.24   83.41
13:41:53 66.31   85.55   69.24   83.41
13:42:56 66.31   85.44   69.24   83.30
13:44:00 66.31   85.21   69.24   83.30
13:45:03 66.31   84.99   69.24   83.19
13:46:06 66.31   85.10   69.24   83.19
13:47:10 66.31   84.76   69.24   83.30
13:48:13 66.20   84.54   69.24   83.30
13:49:17 66.20   84.43   69.24   83.19
13:50:20 66.20   84.20   69.12   83.19
13:51:23 66.20   84.31   69.12   82.96
13:52:27 66.20   84.20   69.24   83.19
13:53:30 66.20   83.97   69.24   83.30
13:54:33 66.20   83.64   69.12   83.19
13:55:37 66.20   83.53   69.12   83.19
13:56:40 66.20   83.97   69.12   83.19
13:57:43 66.20   83.53   69.12   83.19
13:58:47 66.20   83.53   69.12   83.08
13:59:50 66.20   83.53   69.12   82.96
14:00:53 66.20   83.30   69.24   82.96
14:01:57 66.09   83.08   69.12   82.85
14:03:00 66.09   83.08   69.12   82.85
14:04:03 66.09   83.08   69.12   82.85
14:05:07 66.09   83.19   69.12   82.85
14:06:10 66.09   82.96   69.12   82.85
14:07:13 66.09   83.19   69.12   82.74
14:08:17 66.09   83.08   69.12   82.85
14:09:20 66.09   82.96   69.01   82.74
14:10:23 66.09   82.85   69.12   82.74
14:11:27 66.09   82.85   69.12   82.74
14:12:30 66.09   82.74   69.01   82.62
14:13:33 66.09   82.85   69.01   82.62
14:14:37 66.09   82.51   69.01   82.51
14:15:40 65.97   82.62   69.12   82.40
14:16:43 65.97   82.85   69.12   82.40
14:17:47 65.97   82.74   69.01   82.40
14:18:50 65.97   82.62   69.12   82.40
14:19:53 65.97   82.74   69.12   82.29
14:20:57 65.97   82.85   69.01   82.40
14:22:00 65.97   82.62   69.01   82.29
14:23:04 65.97   82.74   69.01   82.29
14:24:07 65.97   82.85   69.01   82.29
14:25:10 65.97   82.51   69.01   82.29
14:26:14 65.86   82.51   69.01   82.18
14:27:17 65.86   82.51   68.90   82.29
14:28:20 65.97   82.51   69.12   82.06
14:29:24 65.97   82.51   69.12   82.06
14:30:27 65.97   82.62   69.01   82.06
14:31:30 65.97   82.29   69.01   82.18
14:32:34 65.86   82.51   69.01   82.06
14:33:37 65.86   82.40   69.01   82.06
14:34:40 65.97   82.40   69.01   82.06
14:35:44 65.97   82.29   69.01   82.18
14:36:47 65.97   82.18   68.90   82.18
14:37:50 65.86   82.40   69.01   82.06
14:38:54 65.86   82.18   68.90   81.95
14:39:57 65.86   82.40   68.90   81.95
14:41:00 65.86   82.40   69.01   81.84
14:42:04 65.86   81.95   69.01   81.84
14:43:07 65.86   82.40   68.79   81.84
14:44:10 65.86   81.95   68.90   81.95
14:45:14 65.86   82.18   68.90   81.84
14:46:17 65.86   82.51   68.90   81.72
14:47:20 65.86   82.06   68.90   81.84
14:48:24 65.86   82.06   68.79   81.84
14:49:27 65.86   82.29   68.90   81.72
14:50:30 65.75   82.06   68.90   81.84
14:51:34 65.86   82.29   68.90   81.72
14:52:37 65.75   81.95   68.90   81.72
14:53:40 65.75   82.06   68.90   81.72
14:54:44 65.75   81.72   68.90   81.61
14:55:47 65.75   81.95   68.90   81.61
14:56:50 65.86   82.06   68.90   81.72
14:57:54 65.86   82.06   68.90   81.72
14:58:57 65.86   82.18   68.90   81.61
15:00:01 65.75   82.06   68.90   81.50
15:01:04 65.75   82.06   68.90   81.61
15:02:07 65.86   85.66   68.90   81.72
15:03:10 68.68   127.74   68.79   81.84
15:04:13 69.91   149.34   68.79   82.29
15:05:16 70.70   145.85   68.79   83.08
15:06:19 71.15   145.62   69.12   83.75
15:07:22 71.60   155.30   69.24   84.31
15:08:25 71.94   150.57   69.24   84.88
15:09:28 72.28   145.74   69.35   85.21
15:10:31 72.50   125.83   69.46   85.33
15:11:34 72.28   113.56   69.58   85.21
15:12:37 70.81   114.01   69.58   84.88
15:13:41 69.69   112.44   69.69   84.76
15:14:44 69.01   112.66   69.58   84.65
15:15:47 68.56   112.89   69.58   84.43
15:16:51 70.36   128.07   69.58   84.43
15:17:53 71.49   144.73   69.58   84.88
15:18:56 71.94   155.53   69.69   85.55
15:19:59 72.39   149.79   70.03   86.22
15:21:02 72.61   121.66   70.03   86.45
15:22:06 72.05   115.25   70.03   86.22
15:23:09 70.59   115.36   69.91   85.89
15:24:12 69.69   113.34   70.03   85.78
15:25:16 69.01   111.09   69.91   85.55
15:26:19 68.56   112.21   69.91   85.44
15:27:22 68.22   113.79   69.91   85.33
15:28:25 71.15   135.16   69.91   85.66
15:29:28 71.94   148.66   70.03   86.22
15:30:31 72.28   158.11   70.14   86.90
15:31:34 72.72   141.91   70.25   87.46
15:32:37 72.72   120.09   70.36   87.69
15:33:40 71.38   120.20   70.25   87.35
15:34:44 70.14   118.06   70.25   87.12
15:35:47 69.46   119.30   70.25   86.90
15:36:50 69.01   118.29   70.25   86.56
15:37:54 68.56   117.16   70.25   86.45
15:38:57 68.34   114.80   70.25   86.45
15:40:00 70.03   124.03   70.25   86.34
15:41:03 71.71   139.89   70.25   86.79
15:42:06 72.39   152.04   70.36   87.35
15:43:09 72.72   152.94   70.59   88.03
15:44:12 73.06   125.94   70.59   88.36
15:45:15 72.39   120.09   70.47   88.36
15:46:19 71.04   119.75   70.59   88.03
15:47:22 70.14   117.39   70.59   87.80
15:48:25 69.46   118.74   70.70   87.69
15:49:29 69.01   117.73   70.70   87.46
15:50:32 68.68   115.25   70.70   87.35
15:51:35 68.45   113.11   70.70   87.35
15:52:39 68.22   111.20   70.81   87.24
15:53:42 68.00   109.51   70.70   87.12
15:54:45 67.89   108.95   70.81   87.01
15:55:49 71.15   131.68   70.81   87.12
15:56:52 72.28   147.31   70.70   87.58
15:57:54 72.84   145.51   71.04   88.25
15:58:57 73.29   119.86   71.15   88.59
16:00:01 72.50   113.34   71.15   88.59
16:01:04 71.26   113.90   71.15   88.36
16:02:07 70.36   111.65   71.15   88.14
16:03:11 69.69   111.54   71.15   87.91
16:04:14 69.35   111.99   71.15   87.80
16:05:17 68.90   111.09   71.04   87.69
16:06:21 68.56   109.29   71.04   87.58
16:07:24 68.34   107.60   70.81   87.46
16:08:27 68.22   105.91   70.93   87.46
16:09:31 68.00   104.23   70.70   87.35
16:10:34 67.89   103.10   70.93   87.12
16:11:37 67.78   101.41   70.81   87.24
16:12:41 67.66   100.96   70.81   87.12
16:13:44 67.55   99.39   70.81   87.01
16:14:48 67.44   98.15   70.81   87.01
16:15:51 67.44   97.36   70.81   87.01
16:16:54 67.33   96.69   70.81   87.01
16:17:58 67.21   96.12   70.81   86.90
16:19:01 67.21   95.22   70.81   86.79
16:20:04 67.21   94.21   70.93   86.79
16:21:08 67.10   93.99   70.81   86.68
16:22:11 67.10   93.43   70.93   86.68
16:23:14 66.99   92.75   70.81   86.56
16:24:18 66.99   92.19   70.59   86.45
16:25:21 66.88   91.40   70.36   86.34
16:26:24 66.76   91.18   70.14   86.22
16:27:28 66.65   90.61   69.91   86.00
16:28:31 66.65   90.16   70.03   86.00
16:29:34 66.54   89.83   69.58   85.89
16:30:38 66.54   89.83   69.58   85.89
16:31:41 66.54   89.38   69.91   85.89
16:32:44 66.54   89.04   70.03   85.78
16:33:48 66.43   88.93   70.03   85.66
16:34:51 66.43   88.59   69.80   85.66
16:35:54 66.43   87.91   69.91   85.55
16:36:58 66.31   87.58   69.80   85.55
16:38:01 66.31   87.24   69.91   85.55
16:39:04 66.31   87.01   69.80   85.44
16:40:08 66.31   87.12   69.91   85.44
16:41:11 66.20   87.01   69.80   85.33
16:42:14 66.20   86.90   69.69   85.21
16:43:18 66.20   86.45   69.69   85.21
16:44:21 66.20   86.34   69.80   85.10
16:45:24 66.20   86.11   69.91   85.10
16:46:28 66.20   86.22   69.80   84.99
16:47:31 66.09   85.89   69.69   84.76
16:48:35 66.20   85.55   69.80   84.65
16:49:38 66.09   85.66   69.58   84.54
16:50:41 66.09   85.33   69.69   84.54
16:51:45 66.09   85.44   69.91   84.54
16:52:48 66.09   85.33   69.91   84.54
16:53:51 66.09   85.10   70.14   84.65
16:54:55 66.09   85.21   70.25   84.54
16:55:58 66.09   85.10   70.25   84.54
16:57:01 65.97   84.88   70.25   84.43
16:58:05 66.09   84.54   70.14   84.54
16:59:08 66.09   84.54   70.36   84.31
17:00:11 66.09   84.76   70.36   84.20
17:01:15 66.09   84.99   70.47   84.20
17:02:18 66.20   84.54   70.47   84.20
17:03:21 66.20   84.65   70.47   84.20
17:04:25 66.20   84.65   70.47   84.09
17:05:28 66.09   84.54   70.36   84.09
17:06:31 66.20   84.31   70.47   84.09
17:07:35 66.20   84.43   70.36   84.09
17:08:38 66.20   84.43   70.47   83.97
17:09:41 66.20   84.31   70.47   83.86
17:10:45 66.20   84.43   70.47   83.86
17:11:48 66.20   84.31   70.47   83.86
17:12:51 66.20   84.09   70.59   83.86
17:13:55 66.20   84.09   70.47   83.75
17:14:58 66.20   84.09   70.47   83.64
17:16:01 66.20   84.09   70.59   83.64
17:17:05 66.20   84.20   70.59   83.64
17:18:08 66.20   84.43   70.47   83.64
17:19:11 66.20   83.86   70.59   83.53
17:20:15 66.31   84.09   70.59   83.41
17:21:18 66.20   83.86   70.59   83.41
17:22:22 66.20   83.75   70.81   83.53
17:23:25 66.20   83.97   70.81   101.08
17:24:28 66.31   84.09   70.70   105.58
17:25:32 66.31   83.97   70.70   106.48
17:26:35 66.31   83.75   70.70   106.48
17:27:38 66.20   83.86   70.70   106.92
17:28:42 66.31   83.86   70.70   106.59
17:29:45 66.20   84.88   70.70   105.80
17:30:48 68.22   112.89   70.59   105.12
17:31:51 70.36   143.94   70.47   104.67
17:32:54 71.26   139.78   70.47   104.45
17:33:57 71.71   114.46   70.70   104.11
17:35:01 70.93   111.65   70.81   103.66
17:36:04 69.91   110.53   70.70   102.76
17:37:07 69.24   108.28   70.70   101.98
17:38:11 68.79   109.51   70.81   101.30
17:39:14 68.34   108.61   70.81   100.62
17:40:17 68.22   107.60   70.81   100.06
17:41:21 68.00   105.69   70.81   99.50
17:42:24 67.78   104.00   70.81   98.94
17:43:27 67.66   102.20   70.81   98.38
17:44:31 67.55   100.62   70.70   98.04
17:45:34 67.44   99.73   70.70   97.59
17:46:37 67.44   98.83   70.70   97.25
17:47:41 67.33   97.36   70.70   96.91
17:48:44 67.33   96.69   70.70   96.58
17:49:47 67.21   95.56   70.70   96.24
17:50:51 67.21   95.11   70.70   95.79
17:51:54 67.10   93.99   70.59   95.45
17:52:57 67.10   92.97   70.59   95.11
17:54:01 67.10   95.79   70.59   94.89
17:55:04 69.80   130.55   70.70   94.78
17:56:07 70.93   148.78   70.59   94.89
17:57:10 71.60   133.36   70.81   95.11
17:58:13 71.94   112.44   70.81   95.22
17:59:16 70.81   111.65   70.93   95.00
18:00:20 69.80   110.53   70.81   94.66
18:01:23 69.12   107.94   70.81   94.44
18:02:26 68.79   108.39   70.93   94.10
18:03:30 68.45   108.73   70.93   93.76
18:04:33 68.11   107.15   70.93   93.43
18:05:36 68.00   105.35   70.93   93.09
18:06:40 67.78   104.34   70.93   92.75
18:07:43 67.66   102.65   70.81   92.64
18:08:46 67.55   101.19   70.81   92.30
18:09:50 67.44   99.95   70.81   92.08
18:10:53 67.33   99.16   70.70   91.96
18:11:56 67.33   97.59   70.81   91.62
18:13:00 67.33   97.25   70.81   91.40
18:14:03 67.21   95.79   70.70   91.29
18:15:06 67.21   94.89   70.70   91.18
18:16:10 67.21   93.65   70.81   91.06
18:17:13 67.10   93.31   70.81   90.84
18:18:16 67.10   92.41   70.81   90.61
18:19:20 67.10   91.62   70.81   90.50
18:20:23 66.99   91.51   70.81   90.28
18:21:27 68.56   113.23   70.70   90.16
18:22:29 70.59   142.36   70.70   90.28
18:23:32 71.38   146.07   70.70   90.84
18:24:35 71.83   120.88   70.93   91.06
18:25:39 71.38   112.33   70.93   91.18
18:26:42 70.25   112.44   70.93   91.06
18:27:45 69.46   109.74   70.93   90.72
18:28:49 69.01   111.65   70.93   90.50
18:29:52 68.56   110.08   70.93   90.28
18:30:55 68.22   109.29   70.93   90.05
18:31:59 68.00   106.70   70.93   90.05
18:33:02 67.89   104.90   70.93   89.83
18:34:05 67.78   104.00   70.93   89.60
18:35:09 67.55   102.20   70.93   89.60
18:36:12 67.55   100.96   70.81   89.49
18:37:15 67.44   99.28   70.81   89.49
18:38:19 67.33   98.94   70.81   89.26
18:39:22 67.33   97.14   70.81   89.15
18:40:25 67.33   96.46   70.81   89.04
18:41:29 67.21   95.79   70.81   88.81
18:42:32 67.21   94.55   70.81   88.70
18:43:36 67.10   93.76   70.81   88.70
18:44:39 67.10   93.31   70.81   88.59
18:45:42 67.10   92.41   70.93   88.36
18:46:46 67.10   91.74   70.81   88.25
18:47:49 66.99   91.06   70.93   88.14
18:48:52 66.99   93.43   70.81   88.14
18:49:55 69.80   129.99   70.81   88.14
18:50:58 70.93   148.89   70.70   88.47
18:52:01 71.49   142.93   70.81   89.15
18:53:04 71.94   116.49   70.93   89.49
18:54:08 71.26   112.66   71.04   89.49
18:55:11 70.14   112.78   71.04   89.26
18:56:14 69.46   112.21   71.04   89.04
18:57:18 68.90   112.21   71.15   88.93
18:58:21 68.56   109.96   71.04   88.81
18:59:24 68.34   108.95   71.04   88.59
19:00:28 68.11   106.92   71.04   88.47
19:01:31 67.89   105.58   71.04   88.36
19:02:34 67.66   104.23   71.04   88.25
19:03:38 67.66   102.54   71.04   88.03
19:04:41 67.55   101.19   70.93   88.03
19:05:44 67.44   100.40   70.93   87.91
19:06:48 67.44   99.16   70.93   87.80
19:07:51 67.33   97.70   70.81   87.69
19:08:54 67.21   96.58   70.93   87.58
19:09:58 67.21   95.56   70.81   87.46
19:11:01 67.21   95.00   70.81   87.35
19:12:04 67.21   93.76   70.81   87.24
19:13:08 67.10   93.43   70.81   87.35
19:14:11 67.10   92.64   70.81   87.35
19:15:14 67.10   94.55   70.81   104.11
19:16:18 69.58   127.29   70.81   108.95
19:17:21 70.81   147.65   70.81   109.51
19:18:24 71.49   156.99   70.93   109.62
19:19:26 71.94   144.61   71.15   109.40
19:20:29 72.50   150.01   71.04   108.95
19:21:32 72.84   158.68   71.04   108.61
19:22:35 73.18   150.12   71.15   108.05
19:23:38 73.51   149.11   71.26   107.38
19:24:41 73.74   157.89   71.38   106.92
19:25:44 73.85   154.62   71.38   106.25
19:26:47 74.08   148.44   71.49   105.91
19:27:50 74.30   157.21   71.49   105.46
19:28:52 74.41   157.78   71.71   105.24
19:29:55 74.53   130.55   71.71   104.79
19:30:59 73.85   121.55   71.83   104.11
19:32:02 72.16   122.79   71.94   103.33
19:33:05 71.15   120.76   71.94   102.54
19:34:08 72.84   131.68   71.83   101.98
19:35:11 73.62   146.19   71.94   101.86
19:36:14 73.85   156.54   71.71   101.98
19:37:17 74.19   156.20   71.83   101.98
19:38:20 74.41   145.40   71.94   101.86
19:39:23 74.64   124.48   72.28   101.64
19:40:26 74.19   113.34   72.05   101.30
19:41:29 72.61   114.80   72.28   100.62
19:42:33 71.49   114.69   72.28   100.17
19:43:36 70.70   117.28   72.28   99.73
19:44:39 73.06   138.99   72.05   99.50
19:45:42 73.74   152.15   72.16   99.50
19:46:45 74.08   160.25   72.05   99.84
19:47:48 74.30   146.75   72.16   99.95
19:48:51 74.64   129.09   72.16   99.95
19:49:54 74.08   119.98   72.28   99.73
19:50:57 72.50   120.88   72.28   99.28
19:52:01 71.38   118.51   72.39   98.83
19:53:04 70.59   120.88   72.39   98.26
19:54:07 70.03   120.54   72.39   97.92
19:55:11 72.28   128.07   72.50   97.70
19:56:13 73.40   142.48   72.39   97.81
19:57:16 73.96   153.84   72.28   98.15
19:58:19 74.41   160.36   72.39   98.49
19:59:22 74.75   137.19   72.39   98.71
20:00:25 74.41   120.54   72.50   98.60
20:01:29 72.72   121.55   72.61   98.15
20:02:32 71.60   120.99   72.72   97.70
20:03:35 70.81   122.34   72.72   97.36
20:04:39 70.14   120.54   72.72   97.03
20:05:42 69.80   118.96   72.72   96.80
20:06:45 69.35   116.49   72.61   96.46
20:07:49 70.93   123.69   72.50   96.24
20:08:51 72.95   139.44   72.50   96.35
20:09:54 73.74   151.93   72.50   96.80
20:10:57 74.19   146.98   72.61   97.14
20:12:00 74.41   121.33   72.50   97.14
20:13:04 73.18   120.09   72.72   97.03
20:14:07 71.94   120.76   72.72   96.69
20:15:10 70.93   117.95   72.72   96.35
20:16:14 70.36   118.40   72.72   96.12
20:17:17 69.91   117.16   72.72   95.79
20:18:20 69.46   115.92   72.72   95.56
20:19:24 69.24   114.46   72.72   95.34
20:20:27 69.01   113.23   72.61   95.11
20:21:30 68.79   111.31   72.61   94.89
20:22:34 68.68   109.51   72.61   94.78
20:23:37 68.45   107.49   72.61   94.55
20:24:40 68.34   106.25   72.61   94.44
20:25:44 68.22   104.79   72.61   94.33
20:26:47 68.22   103.44   72.61   94.10
20:27:50 68.11   102.31   72.61   93.88
20:28:54 68.11   100.96   72.61   93.76
20:29:57 68.00   100.29   72.50   93.54
20:31:00 68.00   99.28   72.50   93.43
20:32:04 67.89   98.71   72.50   93.20
20:33:07 67.89   97.59   72.39   93.09
20:34:10 67.78   97.14   72.50   92.97
20:35:14 67.78   96.35   72.50   92.75
20:36:17 67.78   95.79   72.39   92.64
20:37:21 67.66   95.11   72.39   92.53
20:38:24 67.66   94.78   72.39   92.41
20:39:27 67.66   94.10   72.39   92.30
20:40:31 67.66   93.31   72.28   92.08
20:41:34 67.55   92.97   72.39   91.85
20:42:37 67.55   92.86   72.28   91.74
20:43:41 67.55   92.30   72.28   91.51
20:44:44 67.55   91.85   72.28   91.51
20:45:47 67.44   91.74   72.28   91.29
20:46:51 67.44   91.62   72.28   91.18
20:47:54 67.44   91.29   72.16   91.06
20:48:57 67.44   90.61   72.16   91.06
20:50:01 67.33   90.39   72.28   90.84
20:51:04 67.33   90.50   72.28   90.72
20:52:07 67.33   89.94   72.16   90.61
20:53:11 67.33   89.60   72.16   90.61
20:54:14 67.33   89.60   72.16   90.39
20:55:17 67.21   89.26   72.16   90.39
20:56:21 67.21   89.04   72.05   90.39
20:57:24 67.21   89.04   72.16   90.16
20:58:27 67.21   88.93   72.16   90.05
20:59:31 67.10   88.93   72.05   90.05
21:00:34 67.10   88.70   72.05   89.83
21:01:37 67.10   88.36   72.16   89.83
21:02:41 67.10   88.36   72.05   89.71
21:03:44 66.99   88.36   72.05   89.60
21:04:47 67.10   88.14   72.05   89.49
21:05:51 67.10   88.36   72.05   89.49
21:06:54 67.10   88.03   72.05   89.26
21:07:57 67.10   87.80   72.05   89.15
21:09:01 67.10   87.58   72.05   89.04
21:10:04 66.99   87.46   72.05   88.93
21:11:07 66.99   87.24   71.94   88.81
21:12:11 66.88   87.24   71.94   88.70
21:13:14 66.88   87.12   71.83   88.59
21:14:18 66.88   87.35   71.94   88.59
21:15:21 66.76   87.12   71.94   88.47
21:16:24 66.76   87.01   71.94   88.47
21:17:28 66.76   87.12   71.94   88.36
21:18:31 66.76   87.12   71.94   88.25
21:19:34 66.76   86.90   71.83   88.14
21:20:38 66.65   86.90   71.94   88.14
21:21:41 66.65   86.79   71.94   88.03
21:22:44 66.76   86.56   71.83   87.91
21:23:48 66.65   86.45   71.94   87.91
21:24:51 66.65   86.56   71.94   87.69
21:25:54 66.65   86.34   71.83   87.69
21:26:58 66.65   86.34   71.83   87.58
21:28:01 66.65   86.34   71.94   87.58
21:29:04 66.65   86.34   71.94   87.46
21:30:08 66.65   86.22   71.83   87.35
21:31:11 66.54   86.22   71.71   87.35
21:32:14 66.54   86.22   71.83   87.24
21:33:18 66.65   86.22   71.83   87.24
21:34:21 66.54   86.34   71.83   87.24
21:35:24 66.54   86.22   71.71   87.12
21:36:28 66.54   85.89   71.71   87.12
21:37:31 66.54   86.00   71.71   87.01
21:38:34 66.54   86.22   71.60   86.90
21:39:38 66.54   85.66   71.71   87.01
21:40:41 66.54   85.78   71.60   86.90
21:41:44 66.54   85.78   71.71   86.90
21:42:48 66.54   85.55   71.60   86.68
21:43:51 66.54   85.55   71.71   86.68
21:44:54 66.54   85.44   71.71   86.56
21:45:58 66.54   85.55   71.71   86.56
21:47:01 66.54   85.55   71.60   86.56
21:48:05 66.43   85.66   71.60   86.45
21:49:08 66.54   85.21   71.60   86.34
21:50:11 66.54   85.44   71.60   86.34
21:51:15 66.54   85.21   71.60   86.22
21:52:18 66.43   85.33   71.60   86.22
21:53:21 66.43   85.21   71.60   86.11
21:54:25 66.43   85.10   71.60   86.11
21:55:28 66.43   85.10   71.60   86.00
21:56:31 66.43   84.99   71.60   86.00
21:57:35 66.54   85.10   71.49   86.00
21:58:38 66.43   85.21   71.49   86.00
21:59:41 66.43   85.21   71.49   85.89
22:00:45 66.43   85.10   71.49   85.78
22:01:48 66.43   84.88   71.38   85.66
22:02:51 66.43   84.99   71.38   85.66
22:03:55 66.43   84.76   71.49   85.55
22:04:58 66.43   84.76   71.38   85.66
22:06:01 66.43   84.76   71.49   85.55
22:07:05 66.43   84.54   71.38   85.66
22:08:08 66.31   84.76   71.38   85.55
22:09:11 66.43   84.88   71.38   85.55
22:10:15 66.31   84.65   71.38   85.44
22:11:18 66.43   84.54   71.49   85.44
22:12:21 66.43   84.65   71.38   85.33
22:13:25 66.43   84.76   71.26   85.21
22:14:28 66.43   84.54   71.26   85.10
22:15:31 66.31   84.43   71.38   85.21
22:16:35 66.31   84.31   71.38   85.21
22:17:38 66.31   84.43   71.26   85.10
22:18:41 66.31   84.31   71.26   85.10
22:19:45 66.31   84.54   71.26   85.10
22:20:48 66.31   84.31   71.26   84.99
22:21:52 66.31   84.43   71.26   84.99
22:22:55 66.31   84.31   71.26   84.99
22:23:58 66.31   84.31   71.26   84.88
22:25:02 66.31   83.97   71.15   84.88
22:26:05 66.31   83.97   71.26   84.99
22:27:08 66.31   84.09   71.26   84.99
22:28:12 66.31   84.20   71.15   84.88
22:29:15 66.31   84.20   71.15   84.76
22:30:18 66.31   84.20   71.15   84.54
22:31:22 66.31   84.09   71.15   84.54
22:32:25 66.31   84.20   71.04   84.54
22:33:28 66.31   84.20   71.04   84.43
22:34:32 66.31   84.09   71.04   84.43
22:35:35 66.31   83.97   70.93   84.43
22:36:38 66.31   83.86   71.04   84.20
22:37:42 66.20   83.86   70.93   84.20
22:38:45 66.31   84.09   71.04   84.20
22:39:48 66.31   83.75   70.81   84.09
22:40:52 66.31   83.64   70.93   84.09
22:41:55 66.20   83.97   70.81   84.20
22:42:58 66.20   83.86   70.93   83.97
22:44:02 66.20   83.64   70.81   83.86
22:45:05 66.20   83.53   70.93   83.97
22:46:08 66.20   83.86   70.81   84.09
22:47:12 66.20   83.41   70.70   83.97
22:48:15 66.20   83.64   70.81   83.97
22:49:18 66.20   83.41   70.93   83.86
22:50:22 66.20   83.53   70.81   83.86
22:51:25 66.20   83.30   70.81   83.75
22:52:28 66.20   83.30   70.81   83.86
22:53:32 66.20   83.41   70.81   103.21
22:54:35 66.20   83.41   70.81   106.92
22:55:39 66.20   83.30   70.81   107.71
22:56:42 66.20   83.30   70.81   107.83
22:57:45 66.20   83.08   70.70   109.17
22:58:49 66.20   83.41   70.59   109.62
22:59:52 66.09   83.41   70.70   109.29
23:00:55 66.09   83.19   70.59   108.84
23:01:59 66.09   83.30   70.59   108.28
23:03:02 66.20   83.19   70.59   107.60
23:04:05 66.09   83.30   70.70   106.81
23:05:09 66.20   83.41   70.70   106.03
23:06:12 66.20   83.41   70.70   105.24
23:07:15 66.20   83.41   70.59   104.56
23:08:19 66.20   83.53   70.59   103.78
23:09:22 66.20   83.30   70.59   103.10
23:10:25 66.20   83.30   70.70   102.31
23:11:29 66.20   83.19   70.59   101.64
23:12:32 66.20   82.96   70.59   100.96
23:13:35 66.20   82.85   70.47   100.29
23:14:39 66.20   82.96   70.59   99.73
23:15:42 66.20   83.08   70.70   99.05
23:16:45 66.20   82.85   70.59   98.60
23:17:49 66.20   82.74   70.59   98.04
23:18:52 66.09   82.74   70.59   97.70
23:19:55 66.20   82.74   70.59   105.35
23:20:59 66.20   82.85   70.47   110.86
23:22:02 66.20   82.85   70.59   110.75
23:23:05 66.20   82.62   70.59   109.85
23:24:09 66.09   82.62   70.59   108.95
23:25:12 66.09   82.51   70.59   107.94
23:26:15 66.09   82.62   70.59   106.92
23:27:19 66.09   82.74   70.47   106.14
23:28:22 66.09   82.51   70.59   105.35
23:29:26 66.09   82.62   70.47   104.45
23:30:29 66.09   82.29   70.36   103.55
23:31:32 66.09   82.40   70.47   102.88
23:32:36 66.09   82.18   70.47   102.09
23:33:39 66.09   82.18   70.47   101.41
23:34:42 66.09   82.51   70.47   100.74
23:35:46 66.09   82.40   70.59   100.17
23:36:49 66.09   82.18   70.47   99.61
23:37:52 66.09   82.06   70.36   98.94
23:38:56 66.09   82.29   70.47   98.38
23:39:59 66.09   82.18   70.36   97.81
23:41:02 66.09   82.29   70.36   97.36
23:42:06 66.09   82.18   70.36   96.91
23:43:09 66.09   82.29   70.36   96.46
23:44:12 66.09   82.18   70.36   96.01
23:45:16 66.09   82.29   70.36   95.68
23:46:19 66.09   82.06   70.25   95.11
23:47:22 65.97   81.95   70.25   94.66
23:48:26 65.97   81.95   70.25   94.33
23:49:29 65.97   82.29   70.25   93.88
23:50:32 65.97   82.06   70.36   93.54
23:51:36 65.97   82.06   70.36   93.20
23:52:39 65.97   82.06   70.36   93.09
23:53:42 65.97   82.06   70.25   92.75
23:54:46 65.97   81.84   70.25   92.41
23:55:49 65.97   81.84   70.25   92.08
23:56:52 65.97   81.72   70.25   91.85
23:57:56 65.97   81.72   70.25   91.62
23:58:59 65.97   81.95   70.25   91.29
