 Date  Furn_In  Furn_Out  Bsmnt   Water_Htr
00:00:56 65.53   81.39   67.33   106.81
00:01:59 65.64   81.39   67.33   106.14
00:03:02 65.64   81.39   67.33   105.35
00:04:06 65.64   81.28   67.33   104.67
00:05:09 65.53   81.16   67.33   104.00
00:06:12 65.53   81.28   67.33   103.21
00:07:16 65.53   81.16   67.33   102.65
00:08:19 65.64   81.16   67.33   101.98
00:09:22 65.53   81.05   67.21   101.41
00:10:26 65.53   81.16   67.33   100.85
00:11:29 65.53   81.16   67.21   100.17
00:12:33 65.53   81.28   67.21   99.61
00:13:36 65.53   81.16   67.21   99.05
00:14:39 65.53   80.94   67.21   98.60
00:15:43 65.53   81.16   67.21   98.04
00:16:46 65.53   81.05   67.21   97.59
00:17:49 65.53   81.16   67.21   97.03
00:18:53 65.53   81.28   67.21   96.58
00:19:56 65.53   81.05   67.21   96.12
00:20:59 65.53   81.16   67.21   95.68
00:22:03 65.53   81.05   67.21   95.34
00:23:06 65.53   81.16   67.21   94.78
00:24:09 65.53   80.94   67.21   94.55
00:25:13 65.53   81.05   67.21   94.10
00:26:16 65.53   81.05   67.21   93.76
00:27:19 65.53   81.16   67.10   93.43
00:28:23 65.53   81.05   67.10   93.09
00:29:26 65.53   81.05   67.10   92.75
00:30:29 65.53   80.94   67.10   92.41
00:31:33 65.53   81.05   67.10   92.08
00:32:36 65.53   81.05   67.10   91.74
00:33:39 65.53   81.16   67.10   91.40
00:34:43 65.53   80.94   67.10   91.18
00:35:46 65.53   80.71   67.10   90.95
00:36:49 65.53   80.83   67.10   90.61
00:37:53 65.53   80.94   67.10   90.28
00:38:56 65.53   80.83   67.10   90.05
00:39:59 65.53   80.83   67.10   89.83
00:41:03 65.53   80.94   67.10   89.60
00:42:06 65.53   80.71   66.99   89.38
00:43:10 65.53   80.60   66.99   89.15
00:44:13 65.53   80.71   66.99   88.93
00:45:16 65.53   80.71   66.99   88.70
00:46:20 65.53   80.71   66.99   88.47
00:47:23 65.53   80.94   66.99   88.25
00:48:26 65.53   80.49   66.99   88.03
00:49:30 65.53   81.16   66.99   87.91
00:50:33 65.53   80.83   66.99   87.69
00:51:36 65.53   80.71   66.99   87.46
00:52:40 65.53   80.26   66.99   87.24
00:53:43 65.53   80.60   66.99   87.12
00:54:46 65.53   80.60   66.99   86.90
00:55:50 65.53   80.83   66.88   86.79
00:56:53 65.53   80.71   66.88   86.68
00:57:56 65.41   81.05   66.88   86.56
00:59:00 65.41   80.60   66.88   86.34
01:00:03 65.41   80.71   66.88   86.11
01:01:06 65.53   80.49   66.88   85.89
01:02:10 65.53   80.71   66.88   85.78
01:03:13 65.41   80.38   66.88   85.78
01:04:16 65.53   80.49   66.88   85.66
01:05:20 65.41   80.60   66.88   85.55
01:06:23 65.53   80.71   66.88   85.55
01:07:26 65.41   80.49   66.88   85.33
01:08:30 65.53   80.60   66.88   85.10
01:09:33 65.41   80.38   66.88   85.10
01:10:36 65.53   80.38   66.88   84.76
01:11:40 65.53   80.71   66.88   84.65
01:12:43 65.53   80.38   66.88   84.65
01:13:46 65.53   80.60   66.88   84.54
01:14:50 65.41   80.49   66.76   84.43
01:15:53 65.41   80.49   66.88   84.43
01:16:57 65.41   80.71   66.76   84.31
01:18:00 65.41   80.38   66.88   84.09
01:19:03 65.41   80.49   66.88   84.09
01:20:07 65.41   80.49   66.76   84.09
01:21:10 65.41   80.38   66.76   83.86
01:22:13 65.41   80.38   66.76   83.75
01:23:17 65.41   80.49   66.76   83.75
01:24:20 65.41   80.49   66.76   83.53
01:25:23 65.53   80.26   66.76   83.53
01:26:27 65.41   80.26   66.76   83.41
01:27:30 65.41   80.26   66.76   83.41
01:28:33 65.53   80.49   66.76   83.41
01:29:37 65.41   80.49   66.76   83.30
01:30:40 65.41   80.60   66.76   83.19
01:31:43 65.41   80.49   66.65   83.19
01:32:47 65.41   80.83   66.76   83.08
01:33:50 65.41   80.38   66.76   83.08
01:34:53 65.41   80.49   66.76   82.85
01:35:57 65.41   80.26   66.76   82.85
01:37:00 65.41   80.38   66.76   82.85
01:38:03 65.53   80.49   66.76   82.62
01:39:07 65.41   80.26   66.65   82.62
01:40:10 65.53   80.26   66.65   82.62
01:41:13 65.41   80.26   66.65   82.62
01:42:17 65.53   80.26   66.65   82.74
01:43:20 65.41   80.15   66.65   82.40
01:44:23 65.41   80.15   66.65   82.29
01:45:27 65.41   80.71   66.65   82.18
01:46:30 65.97   98.60   66.65   82.40
01:47:33 68.34   137.86   66.65   82.51
01:48:36 69.12   140.68   66.76   83.19
01:49:39 69.58   114.91   66.76   83.75
01:50:42 68.90   111.76   66.88   83.86
01:51:46 68.00   111.88   66.88   83.86
01:52:49 67.44   109.40   66.99   83.64
01:53:53 66.99   109.51   66.88   83.53
01:54:56 66.65   108.73   66.99   83.41
01:55:59 66.54   106.92   66.99   83.30
01:57:03 66.31   105.58   66.99   83.19
01:58:06 66.20   103.10   66.99   83.19
01:59:09 66.09   101.19   66.99   83.08
02:00:13 66.09   99.61   66.99   82.96
02:01:16 66.09   97.92   66.99   82.96
02:02:19 65.97   96.58   66.99   82.96
02:03:23 65.86   95.22   66.99   82.96
02:04:26 65.86   94.21   66.99   82.96
02:05:29 65.86   93.65   66.99   82.96
02:06:33 67.44   117.16   66.99   82.96
02:07:36 69.01   141.35   66.99   83.19
02:08:38 69.58   144.39   66.99   83.97
02:09:41 69.91   118.74   67.10   84.43
02:10:45 69.46   112.89   67.10   84.43
02:11:48 68.45   113.79   67.21   84.31
02:12:51 67.78   111.42   67.33   84.20
02:13:55 67.44   111.99   67.21   83.97
02:14:58 66.99   111.09   67.33   83.97
02:16:02 66.76   108.84   67.33   83.86
02:17:05 66.65   106.59   67.33   83.75
02:18:08 66.54   104.67   67.33   83.75
02:19:12 66.31   103.21   67.33   83.64
02:20:15 66.31   101.53   67.33   83.64
02:21:18 66.20   99.73   67.33   83.64
02:22:22 66.20   97.92   67.33   83.75
02:23:25 66.09   96.24   67.33   83.64
02:24:28 66.09   94.89   67.33   83.64
02:25:32 65.97   94.10   67.33   83.53
02:26:35 65.97   92.86   67.21   83.41
02:27:38 65.86   92.53   67.21   83.30
02:28:42 65.86   95.68   67.21   83.19
02:29:45 68.34   130.10   67.21   83.30
02:30:48 69.35   146.64   67.21   83.86
02:31:51 69.80   131.34   67.21   84.43
02:32:54 69.91   113.11   67.33   84.76
02:33:57 68.79   113.23   67.44   84.76
02:35:01 68.00   112.21   67.44   84.54
02:36:04 67.55   109.62   67.44   84.54
02:37:07 67.21   110.98   67.44   84.31
02:38:11 66.99   109.85   67.55   84.20
02:39:14 66.76   107.49   67.55   84.20
02:40:17 66.54   105.58   67.44   84.09
02:41:21 66.43   104.11   67.44   84.09
02:42:24 66.31   102.31   67.44   83.97
02:43:27 66.31   100.51   67.44   83.97
02:44:31 66.20   98.83   67.44   83.97
02:45:34 66.20   97.36   67.44   83.97
02:46:37 66.09   95.90   67.44   83.86
02:47:41 66.09   95.11   67.44   83.86
02:48:44 66.09   93.76   67.44   83.75
02:49:47 65.97   92.86   67.44   83.75
02:50:51 65.97   91.96   67.44   83.64
02:51:54 65.97   91.40   67.44   83.64
02:52:57 67.10   111.20   67.33   83.75
02:54:00 69.01   139.78   67.33   83.75
02:55:03 69.58   143.94   67.44   84.54
02:56:06 70.03   118.29   67.44   84.99
02:57:10 69.35   113.00   67.55   85.10
02:58:13 68.56   113.45   67.55   84.99
02:59:16 67.89   111.20   67.55   84.88
03:00:20 67.44   108.28   67.55   84.76
03:01:23 67.10   108.39   67.66   84.65
03:02:26 66.88   108.05   67.55   84.54
03:03:30 66.76   106.92   67.66   84.43
03:04:33 66.54   104.45   67.66   84.43
03:05:36 66.54   102.42   67.55   84.31
03:06:40 66.43   101.30   67.55   84.43
03:07:43 66.31   99.50   67.55   84.31
03:08:46 66.31   98.49   67.55   84.43
03:09:50 66.31   96.91   67.55   84.43
03:10:53 66.20   95.90   67.55   84.43
03:11:56 66.20   94.89   67.55   84.43
03:13:00 66.20   93.31   67.55   84.31
03:14:03 66.20   92.53   67.55   84.20
03:15:06 66.09   91.62   67.55   84.20
03:16:10 66.20   91.18   67.55   84.20
03:17:13 66.09   90.28   67.44   84.09
03:18:16 66.09   89.71   67.44   84.09
03:19:20 66.09   89.15   67.44   83.97
03:20:23 66.09   88.59   67.44   83.97
03:21:26 65.97   87.91   67.44   83.75
03:22:30 65.97   87.24   67.44   83.64
03:23:33 65.97   87.35   67.44   83.64
03:24:37 65.97   88.03   67.44   83.64
03:25:40 67.55   115.25   67.33   83.75
03:26:43 69.01   142.36   67.33   83.97
03:27:46 69.58   141.91   67.44   84.76
03:28:49 70.03   115.48   67.44   85.21
03:29:52 69.35   112.89   67.44   85.21
03:30:55 68.45   113.45   67.55   85.10
03:31:59 67.89   111.88   67.66   84.88
03:33:02 67.44   112.21   67.66   84.88
03:34:05 67.21   110.53   67.66   84.88
03:35:09 66.88   108.73   67.66   84.76
03:36:12 66.76   107.15   67.66   84.65
03:37:16 66.65   105.01   67.66   84.54
03:38:19 66.54   103.33   67.66   84.54
03:39:22 66.43   101.30   67.66   84.43
03:40:26 66.31   99.73   67.55   84.31
03:41:29 66.20   98.60   67.55   84.20
03:42:32 66.20   97.25   67.55   84.20
03:43:36 66.20   95.68   67.55   84.20
03:44:39 66.09   94.66   67.55   84.20
03:45:42 66.09   93.31   67.55   84.20
03:46:46 66.09   92.19   67.55   84.09
03:47:49 66.09   91.62   67.55   84.20
03:48:52 66.09   90.95   67.55   84.09
03:49:56 65.97   90.05   67.55   84.09
03:50:59 65.97   89.38   67.44   83.97
03:52:02 65.97   89.04   67.44   83.86
03:53:06 65.97   88.14   67.44   83.86
03:54:09 65.97   87.91   67.44   83.86
03:55:12 65.97   87.46   67.44   83.75
03:56:16 65.86   87.12   67.44   83.86
03:57:19 65.86   86.90   67.44   83.75
03:58:22 65.86   86.22   67.44   83.75
03:59:26 65.86   85.89   67.44   83.64
04:00:29 65.86   85.55   67.44   83.64
04:01:32 65.86   85.33   67.33   83.41
04:02:36 65.86   85.33   67.33   83.41
04:03:39 65.86   85.10   67.33   83.41
04:04:42 66.09   96.01   67.33   83.53
04:05:46 68.56   136.74   67.33   83.64
04:06:48 69.35   146.53   67.33   84.31
04:07:51 69.69   122.67   67.44   84.99
04:08:55 69.46   112.33   67.44   85.10
04:09:58 68.56   112.66   67.44   84.88
04:11:01 67.89   111.09   67.55   84.76
04:12:05 67.33   111.31   67.55   84.76
04:13:08 67.10   111.65   67.55   84.65
04:14:11 66.88   108.39   67.55   84.65
04:15:15 66.76   106.70   67.55   84.54
04:16:18 66.54   105.12   67.55   84.54
04:17:21 66.43   103.44   67.55   84.43
04:18:25 66.31   101.64   67.55   84.31
04:19:28 66.31   99.84   67.55   84.31
04:20:31 66.20   98.71   67.55   84.20
04:21:35 66.20   97.36   67.55   84.09
04:22:38 66.20   95.90   67.55   84.20
04:23:41 66.09   94.66   67.55   84.09
04:24:45 66.09   93.20   67.55   84.09
04:25:48 66.09   92.30   67.55   83.97
04:26:51 66.09   91.62   67.55   83.97
04:27:55 66.09   90.72   67.44   84.09
04:28:58 65.97   90.05   67.44   84.09
04:30:01 65.97   89.49   67.44   84.09
04:31:05 65.97   88.81   67.44   84.09
04:32:08 65.97   88.59   67.44   83.97
04:33:12 66.76   105.46   67.44   83.97
04:34:15 68.79   138.65   67.44   84.20
04:35:17 69.35   143.94   67.44   84.76
04:36:20 69.80   118.40   67.44   85.33
04:37:24 69.46   111.88   67.55   85.44
04:38:27 68.45   111.88   67.55   85.33
04:39:30 67.89   110.30   67.66   85.21
04:40:34 67.33   110.30   67.66   84.99
04:41:37 67.10   109.40   67.66   84.76
04:42:41 66.88   107.94   67.66   84.76
04:43:44 66.76   106.03   67.66   84.65
04:44:47 66.54   104.00   67.66   84.65
04:45:51 66.54   102.65   67.66   84.43
04:46:54 66.43   100.85   67.55   84.43
04:47:57 66.31   99.95   67.55   84.43
04:49:01 66.31   98.04   67.55   84.43
04:50:04 66.20   96.46   67.55   84.31
04:51:07 66.20   95.56   67.55   84.31
04:52:11 66.09   94.55   67.55   84.20
04:53:14 66.09   92.86   67.55   84.20
04:54:17 66.09   92.41   67.55   84.20
04:55:21 66.09   91.85   67.55   84.20
04:56:24 66.09   90.72   67.55   84.20
04:57:27 66.09   90.39   67.55   84.20
04:58:31 67.21   112.44   67.44   84.20
04:59:34 68.90   140.23   67.44   84.43
05:00:37 69.46   151.03   67.55   85.10
05:01:39 69.91   157.21   67.55   85.89
05:02:42 70.36   160.03   67.66   86.56
05:03:45 70.59   146.07   67.66   86.90
05:04:48 71.04   151.70   67.78   87.46
05:05:51 71.26   158.45   67.89   87.80
05:06:54 71.49   162.61   68.00   88.25
05:07:57 71.83   148.32   68.11   88.59
05:09:00 72.05   151.03   68.22   88.81
05:10:03 72.28   158.00   68.34   89.15
05:11:05 72.28   162.61   68.45   89.49
05:12:08 72.50   153.84   68.56   110.86
05:13:11 72.72   136.29   68.68   114.12
05:14:14 72.39   122.23   68.79   114.91
05:15:18 70.81   123.58   68.90   115.03
05:16:21 69.58   124.92   68.90   114.69
05:17:24 69.91   126.16   69.01   114.12
05:18:27 71.49   137.53   69.01   115.03
05:19:29 71.83   148.55   69.01   115.59
05:20:32 72.16   156.09   69.12   116.26
05:21:35 72.39   160.81   69.24   116.94
05:22:38 72.50   163.62   69.24   117.61
05:23:41 72.84   148.21   69.35   117.61
05:24:44 73.06   119.41   69.46   117.05
05:25:47 71.94   117.61   69.46   116.15
05:26:51 70.59   118.74   69.58   115.03
05:27:54 69.69   119.64   69.58   114.01
05:28:57 71.04   131.34   69.58   117.39
05:30:00 72.05   145.18   69.69   117.61
05:31:03 72.28   154.06   69.69   117.39
05:32:06 72.72   159.69   69.69   117.05
05:33:09 72.84   163.06   69.80   116.71
05:34:12 73.18   141.57   69.80   116.26
05:35:15 73.06   122.56   69.91   115.70
05:36:18 71.49   123.80   70.03   114.80
05:37:21 70.25   125.38   70.03   113.90
05:38:24 69.46   123.91   70.14   112.89
05:39:27 70.47   127.74   70.14   112.10
05:40:30 72.16   139.66   70.14   111.76
05:41:33 72.50   150.57   70.14   111.54
05:42:36 72.72   157.89   70.14   111.42
05:43:39 72.95   154.74   70.25   111.31
05:44:42 73.18   126.28   70.25   111.09
05:45:45 72.28   123.24   70.36   110.53
05:46:48 70.81   124.36   70.36   115.03
05:47:51 69.80   124.48   70.36   120.54
05:48:55 69.12   121.78   70.47   121.66
05:49:58 68.79   118.74   70.47   120.99
05:51:01 68.45   117.61   70.47   119.86
05:52:04 70.59   127.74   70.36   118.51
05:53:07 71.94   141.91   70.36   117.73
05:54:10 72.50   152.04   70.36   117.16
05:55:13 72.84   141.69   70.36   116.60
05:56:16 73.06   115.92   70.47   115.81
05:57:20 71.83   115.81   70.47   114.80
05:58:23 70.47   116.60   70.47   113.67
05:59:26 69.58   116.71   70.59   112.66
06:00:30 69.01   115.03   70.59   111.76
06:01:33 68.68   112.89   70.59   110.98
06:02:36 68.45   112.33   70.59   110.30
06:03:40 68.22   111.76   70.59   109.40
06:04:43 68.00   110.19   70.59   108.73
06:05:46 67.89   108.61   70.59   108.16
06:06:50 67.78   107.26   70.47   107.49
06:07:53 67.66   105.35   70.47   106.92
06:08:56 67.55   103.66   70.47   106.36
06:10:00 67.55   102.65   70.47   105.80
06:11:03 67.44   104.45   70.47   105.35
06:12:06 70.59   133.03   70.47   105.01
06:13:09 71.60   148.10   70.47   105.01
06:14:12 72.05   131.90   70.47   105.01
06:15:15 72.28   113.34   70.47   104.90
06:16:19 70.93   113.67   70.47   104.45
06:17:22 69.80   114.24   70.47   103.89
06:18:25 69.12   113.00   70.59   103.33
06:19:29 68.79   111.31   70.59   102.88
06:20:32 68.45   112.33   70.59   102.42
06:21:35 68.22   110.98   70.59   102.09
06:22:39 68.00   108.95   70.59   101.53
06:23:42 67.89   107.26   70.47   101.19
06:24:45 67.78   105.69   70.47   100.74
06:25:49 67.66   104.56   70.59   100.51
06:26:52 67.55   103.10   70.47   100.06
06:27:55 67.44   101.86   70.47   99.73
06:28:59 67.33   100.85   70.36   99.39
06:30:02 67.33   99.28   70.36   98.94
06:31:05 67.21   98.49   70.36   98.71
06:32:09 67.21   97.48   70.36   98.38
06:33:12 67.21   96.35   70.25   98.04
06:34:15 67.10   95.45   70.25   97.70
06:35:19 67.10   94.78   70.25   97.48
06:36:22 67.10   94.10   70.25   113.56
06:37:25 66.99   93.43   70.14   115.70
06:38:29 66.99   92.97   70.14   115.70
06:39:32 66.99   92.53   70.14   115.59
06:40:36 66.99   91.74   70.14   115.36
06:41:39 66.99   91.51   70.14   114.91
06:42:42 66.99   91.29   70.14   114.69
06:43:46 66.99   90.72   70.14   114.35
06:44:49 66.99   90.39   70.03   114.01
06:45:52 66.88   90.16   70.03   113.45
06:46:56 66.88   90.28   70.03   112.78
06:47:59 66.88   89.94   70.03   112.21
06:49:02 66.88   89.49   69.91   111.54
06:50:06 66.76   89.04   69.91   111.42
06:51:09 66.88   88.93   69.91   115.03
06:52:12 66.76   88.81   69.91   115.25
06:53:16 66.76   88.47   69.80   115.25
06:54:19 66.76   88.36   69.80   114.69
06:55:22 66.76   88.25   69.80   114.01
06:56:26 66.76   87.91   69.80   113.23
06:57:29 66.76   87.80   69.69   112.44
06:58:32 66.76   87.35   69.69   112.21
06:59:36 66.76   87.35   69.69   111.65
07:00:39 66.76   87.35   69.69   111.09
07:01:42 66.76   87.24   69.69   110.53
07:02:46 66.76   87.12   69.58   109.96
07:03:49 66.76   86.90   69.58   109.29
07:04:52 66.76   87.01   69.58   108.73
07:05:56 66.76   86.56   69.58   108.28
07:06:59 66.76   86.56   69.58   107.71
07:08:02 66.76   86.45   69.58   107.15
07:09:06 66.65   86.34   69.46   106.59
07:10:09 66.76   86.34   69.46   106.14
07:11:12 66.76   86.34   69.46   105.69
07:12:16 66.76   86.22   69.46   105.01
07:13:19 66.76   86.34   69.46   104.45
07:14:23 66.65   86.34   69.46   104.00
07:15:26 66.76   86.00   69.46   103.44
07:16:29 66.65   85.78   69.46   103.10
07:17:33 66.76   85.55   69.35   102.65
07:18:36 66.65   85.78   69.35   102.20
07:19:39 66.65   85.55   69.35   104.45
07:20:43 66.65   85.44   69.35   109.40
07:21:46 66.65   85.33   69.35   108.84
07:22:49 66.65   85.44   69.35   108.05
07:23:53 66.65   85.21   69.35   107.15
07:24:56 66.65   85.33   69.24   106.25
07:25:59 66.65   85.10   69.24   105.24
07:27:03 66.65   85.10   69.24   104.56
07:28:06 66.65   85.10   69.24   104.00
07:29:09 66.54   84.99   69.24   103.55
07:30:13 66.54   84.88   69.12   102.88
07:31:16 66.54   84.88   69.12   102.31
07:32:19 66.54   84.88   69.12   101.75
07:33:23 66.54   84.76   69.12   101.08
07:34:26 66.54   84.76   69.01   100.62
07:35:29 66.54   84.65   69.01   100.17
07:36:33 66.54   84.65   69.01   99.50
07:37:36 66.54   84.76   69.01   99.05
07:38:39 66.54   84.76   69.01   98.71
07:39:43 66.54   84.54   69.01   98.38
07:40:46 66.54   84.43   68.90   97.92
07:41:49 66.54   84.31   68.90   97.59
07:42:53 66.54   84.43   68.90   97.36
07:43:56 66.54   84.31   68.90   96.80
07:44:59 66.43   84.31   68.79   96.35
07:46:03 66.43   84.20   68.79   96.01
07:47:06 66.43   84.09   68.79   95.68
07:48:10 66.43   84.20   68.79   95.34
07:49:13 66.43   84.20   68.79   95.00
07:50:16 66.43   84.09   68.79   94.66
07:51:20 66.43   83.97   68.79   94.55
07:52:23 66.43   84.09   68.68   94.21
07:53:26 66.43   84.09   68.68   93.88
07:54:30 66.43   83.97   68.68   93.65
07:55:33 66.43   83.64   68.68   93.31
07:56:36 66.43   83.86   68.56   93.09
07:57:40 66.43   83.64   68.56   92.97
07:58:43 66.43   83.75   68.56   92.64
07:59:46 66.31   83.53   68.56   92.41
08:00:50 66.31   83.53   68.56   92.19
08:01:53 66.31   83.64   68.56   91.96
08:02:56 66.31   83.64   68.56   91.74
08:04:00 66.31   83.41   68.56   91.62
08:05:03 66.31   83.75   68.45   91.29
08:06:06 66.31   83.64   68.45   91.18
08:07:10 66.31   83.53   68.45   90.95
08:08:13 66.31   83.41   68.45   90.72
08:09:16 66.31   83.19   68.45   90.61
08:10:20 66.31   83.30   68.45   90.39
08:11:23 66.31   83.30   68.45   90.28
08:12:26 66.31   83.19   68.34   90.16
08:13:30 66.31   83.41   68.34   89.94
08:14:33 66.31   83.08   68.34   89.71
08:15:36 66.31   83.19   68.34   89.60
08:16:40 66.31   84.43   68.34   89.49
08:17:43 67.89   114.24   68.34   89.49
08:18:46 69.80   143.04   68.34   89.60
08:19:49 70.36   134.26   68.34   90.16
08:20:52 70.70   113.23   68.45   90.28
08:21:56 69.58   112.66   68.45   90.16
08:22:59 68.68   112.10   68.56   90.05
08:24:02 68.11   109.51   68.56   89.83
08:25:06 67.78   110.86   68.56   89.71
08:26:09 67.55   108.95   68.56   89.60
08:27:12 67.33   107.26   68.56   89.49
08:28:16 67.10   105.80   68.56   89.38
08:29:19 66.99   104.00   68.56   89.26
08:30:22 66.88   102.31   68.56   89.04
08:31:26 66.76   100.29   68.56   89.04
08:32:29 66.76   99.39   68.56   88.81
08:33:32 66.76   98.04   68.56   88.70
08:34:36 66.65   96.69   68.56   88.59
08:35:39 66.65   95.34   68.56   88.47
08:36:42 66.65   94.44   68.56   88.36
08:37:46 66.54   93.54   68.56   88.25
08:38:49 66.54   97.48   68.56   88.14
08:39:52 69.35   132.24   68.56   88.14
08:40:55 70.25   147.88   68.56   88.59
08:41:58 70.70   141.46   68.56   89.26
08:43:01 71.15   115.59   68.68   89.49
08:44:04 70.25   113.56   68.68   89.49
08:45:08 69.24   114.91   68.79   89.26
08:46:11 68.56   112.44   68.79   89.15
08:47:14 68.11   112.89   68.79   88.93
08:48:18 67.78   112.78   68.90   88.93
08:49:21 67.55   109.85   68.79   88.93
08:50:24 67.33   107.83   68.90   88.70
08:51:28 67.21   106.03   68.90   88.59
08:52:31 67.10   104.45   68.79   88.47
08:53:35 66.99   102.65   68.79   88.36
08:54:38 66.99   101.08   68.79   88.14
08:55:41 66.88   101.53   68.79   88.14
08:56:44 69.35   128.19   68.79   88.14
08:57:47 70.36   145.29   68.79   88.36
08:58:50 71.04   148.21   68.90   89.04
08:59:53 71.38   122.11   68.90   89.49
09:00:56 70.93   114.24   69.01   89.60
09:02:00 69.69   115.14   69.01   89.38
09:03:03 68.90   113.79   69.01   89.04
09:04:07 68.45   113.45   69.12   88.93
09:05:10 68.00   112.66   69.12   88.93
09:06:13 67.78   111.09   69.12   88.93
09:07:17 67.55   109.29   69.12   88.59
09:08:20 67.44   107.26   69.12   88.59
09:09:23 67.33   105.46   69.12   88.36
09:10:27 67.10   103.89   69.12   88.25
09:11:30 67.10   102.31   69.12   88.14
09:12:33 66.99   100.74   69.12   88.14
09:13:37 66.99   99.05   69.12   88.14
09:14:40 66.99   98.15   69.12   88.03
09:15:43 66.88   96.80   69.01   88.03
09:16:47 66.76   95.79   69.01   87.91
09:17:50 66.76   94.55   69.01   87.80
09:18:53 66.76   93.65   69.01   87.80
09:19:57 66.76   93.20   69.01   87.80
09:21:00 66.76   92.75   69.01   87.80
09:22:03 66.65   91.62   69.01   87.80
09:23:07 66.65   90.95   68.90   87.69
09:24:10 66.65   90.50   68.90   87.46
09:25:13 66.65   89.71   68.90   87.58
09:26:17 66.54   89.49   68.90   87.46
09:27:20 66.54   89.04   68.90   87.35
09:28:23 66.54   88.70   68.90   87.35
09:29:27 66.54   88.36   68.90   87.24
09:30:30 66.54   87.80   68.79   87.24
09:31:33 66.54   87.69   68.79   87.12
09:32:37 66.54   87.46   68.79   87.01
09:33:40 66.54   86.90   68.79   86.90
09:34:43 66.54   87.01   68.79   86.79
09:35:47 66.54   86.90   68.79   86.79
09:36:50 66.54   86.56   68.68   86.79
09:37:54 66.54   86.34   68.68   86.90
09:38:57 66.54   86.34   68.68   86.68
09:40:00 66.54   86.00   68.68   86.56
09:41:04 66.43   85.55   68.68   86.45
09:42:07 66.43   85.78   68.68   86.34
09:43:10 66.43   85.66   68.68   86.22
09:44:14 66.43   85.33   68.68   86.11
09:45:17 66.43   85.33   68.56   86.11
09:46:20 66.43   85.21   68.68   86.00
09:47:24 66.43   84.88   68.56   85.89
09:48:27 66.43   84.88   68.56   86.00
09:49:30 66.43   84.88   68.56   86.00
09:50:34 66.43   84.54   68.56   85.89
09:51:37 66.43   84.65   68.56   85.89
09:52:40 66.43   84.65   68.56   85.78
09:53:44 66.31   84.43   68.56   85.89
09:54:47 66.43   84.31   68.56   85.78
09:55:50 66.43   84.09   68.56   85.78
09:56:54 66.31   84.09   68.45   85.78
09:57:57 66.31   84.09   68.45   85.78
09:59:00 66.31   84.20   68.45   85.55
10:00:04 66.31   84.09   68.45   85.55
10:01:07 66.31   83.97   68.45   85.55
10:02:10 66.31   84.09   68.45   85.55
10:03:14 66.31   84.09   68.45   85.55
10:04:17 66.31   83.75   68.45   85.44
10:05:20 66.31   83.75   68.34   85.33
10:06:24 66.31   83.64   68.34   85.21
10:07:27 66.31   83.41   68.45   85.10
10:08:30 66.31   83.53   68.34   85.10
10:09:34 66.31   83.64   68.34   85.21
10:10:37 66.31   83.53   68.34   85.10
10:11:41 66.31   83.30   68.34   84.99
10:12:44 66.31   83.75   68.34   84.99
10:13:47 66.31   83.53   68.34   84.99
10:14:51 66.31   83.30   68.34   84.99
10:15:54 66.31   83.41   68.34   84.99
10:16:57 66.31   83.41   68.34   84.99
10:18:01 66.31   83.30   68.22   84.88
10:19:04 66.31   83.30   68.22   84.76
10:20:07 66.31   83.08   68.22   84.76
10:21:11 66.31   83.30   68.22   84.76
10:22:14 66.31   82.96   68.22   84.65
10:23:17 66.20   83.08   68.22   84.54
10:24:21 66.20   83.19   68.22   84.54
10:25:24 66.31   82.96   68.22   84.54
10:26:27 66.31   82.85   68.22   84.43
10:27:31 66.20   82.85   68.22   84.43
10:28:34 66.31   82.85   68.22   84.31
10:29:37 66.20   82.85   68.22   84.31
10:30:41 66.20   82.62   68.11   84.20
10:31:44 66.20   82.96   68.22   84.20
10:32:47 66.20   82.96   68.22   84.20
10:33:51 66.20   82.74   68.11   84.09
10:34:54 66.20   82.85   68.11   83.97
10:35:57 66.20   82.85   68.11   83.97
10:37:01 66.20   82.85   68.11   83.97
10:38:04 66.31   82.74   68.11   84.09
10:39:07 66.20   82.74   68.11   83.97
10:40:11 66.20   82.74   68.11   83.97
10:41:14 66.20   82.74   68.11   83.97
10:42:17 66.20   82.51   68.11   83.97
10:43:21 66.20   82.74   68.11   83.97
10:44:24 66.20   82.51   68.11   83.97
10:45:28 66.20   82.62   68.11   83.75
10:46:31 66.20   82.85   68.00   83.75
10:47:34 66.20   82.85   68.00   83.86
10:48:38 66.20   82.51   68.00   83.75
10:49:41 66.20   82.85   68.11   83.75
10:50:44 66.20   82.51   68.00   83.64
10:51:48 66.20   82.40   68.00   83.53
10:52:51 66.20   82.40   68.00   83.53
10:53:54 66.20   82.51   68.00   83.53
10:54:58 66.20   82.62   68.00   83.41
10:56:01 66.20   82.40   68.00   83.41
10:57:04 66.20   82.40   68.00   83.53
10:58:08 66.20   82.40   68.00   83.53
10:59:11 66.20   82.40   68.00   83.53
11:00:14 66.20   82.40   68.00   83.64
11:01:18 66.20   82.18   68.00   83.53
11:02:21 66.20   82.40   68.00   83.53
11:03:24 66.20   82.40   68.00   83.53
11:04:28 66.20   82.40   68.00   83.41
11:05:31 66.20   82.18   68.00   83.41
11:06:34 66.20   82.29   68.00   83.41
11:07:38 66.20   82.06   68.00   83.41
11:08:41 66.20   82.29   68.00   83.41
11:09:44 66.20   81.95   68.00   83.41
11:10:48 66.20   82.06   68.00   83.30
11:11:51 66.09   82.06   68.00   83.41
11:12:54 66.09   82.06   68.00   83.41
11:13:58 66.20   82.18   68.00   83.30
11:15:01 66.20   82.06   68.00   83.19
11:16:04 66.20   82.29   67.89   83.08
11:17:08 66.20   82.06   67.89   83.08
11:18:11 66.20   82.18   67.89   82.96
11:19:15 66.09   82.06   68.00   82.96
11:20:18 66.20   82.29   68.00   82.96
11:21:21 66.20   82.18   67.89   82.96
11:22:25 66.09   81.72   67.89   82.96
11:23:28 66.09   81.84   67.89   82.96
11:24:31 66.20   81.95   67.89   82.96
11:25:35 66.09   82.18   67.89   82.96
11:26:38 66.09   82.06   67.89   82.85
11:27:41 66.09   81.95   67.89   82.85
11:28:45 66.09   82.18   67.89   82.96
11:29:48 66.09   82.06   67.89   82.85
11:30:51 66.09   82.29   67.89   82.85
11:31:55 66.09   82.06   67.89   82.85
11:32:58 66.09   81.84   67.89   82.85
11:34:01 66.09   82.18   67.89   82.85
11:35:05 66.09   82.29   67.89   82.85
11:36:08 66.09   82.18   67.89   82.85
11:37:11 66.09   82.06   67.89   82.74
11:38:15 66.09   81.84   67.89   82.74
11:39:18 66.09   81.84   67.89   82.62
11:40:21 66.09   81.95   67.89   82.62
11:41:25 66.09   81.95   67.89   82.51
11:42:28 66.09   81.84   67.89   82.62
11:43:31 66.09   82.06   67.89   82.62
11:44:35 66.09   81.95   67.89   82.51
11:45:38 66.09   81.72   67.89   82.74
11:46:41 66.09   81.72   67.89   82.62
11:47:45 66.09   81.84   67.89   82.62
11:48:48 66.09   81.61   67.89   82.62
11:49:51 66.09   81.95   67.89   82.51
11:50:55 66.09   81.84   67.89   82.51
11:51:58 66.09   81.61   67.89   82.51
11:53:02 66.09   82.18   67.78   82.51
11:54:05 66.09   81.95   67.89   82.40
11:55:08 66.09   81.95   67.89   82.40
11:56:12 66.09   81.72   67.78   82.51
11:57:15 66.09   81.95   67.89   82.29
11:58:18 66.09   81.61   67.78   82.40
11:59:22 66.09   81.84   67.78   82.40
12:00:25 66.09   81.95   67.78   82.29
12:01:28 66.09   81.61   67.78   82.29
12:02:32 66.09   81.61   67.78   82.29
12:03:35 66.09   81.84   67.78   82.18
12:04:38 66.09   81.72   67.78   82.29
12:05:42 66.09   81.72   67.78   82.18
12:06:45 66.09   81.95   67.78   82.18
12:07:48 66.09   81.95   67.78   82.18
12:08:52 66.09   81.72   67.78   82.18
12:09:55 66.09   81.50   67.78   82.29
12:10:58 66.09   81.50   67.78   82.29
12:12:02 66.09   81.61   67.78   82.29
12:13:05 66.09   81.95   67.78   82.29
12:14:08 66.09   81.72   67.78   82.29
12:15:12 66.09   81.61   67.78   82.51
12:16:15 66.09   81.61   67.78   82.40
12:17:18 66.09   81.50   67.78   82.40
12:18:22 65.97   81.61   67.78   82.40
12:19:25 66.09   81.61   67.78   82.40
12:20:28 66.09   81.72   67.78   82.29
12:21:32 66.09   81.50   67.66   82.18
12:22:35 66.09   81.84   67.66   82.40
12:23:38 66.09   81.50   67.66   82.29
12:24:42 66.09   81.61   67.66   82.18
12:25:45 66.09   81.39   67.78   82.18
12:26:49 66.09   81.72   67.78   82.29
12:27:52 66.09   81.50   67.78   82.18
12:28:55 66.09   81.72   67.66   82.18
12:29:59 66.09   81.50   67.66   82.18
12:31:02 66.09   81.61   67.66   82.29
12:32:05 66.09   81.50   67.66   82.18
12:33:09 66.09   81.72   67.66   82.18
12:34:12 65.97   81.61   67.66   82.18
12:35:15 66.09   81.72   67.66   82.18
12:36:19 65.97   81.72   67.66   82.06
12:37:22 65.97   81.84   67.66   81.95
12:38:25 66.09   81.39   67.66   81.95
12:39:29 66.09   81.61   67.66   81.95
12:40:32 65.97   81.84   67.66   81.95
12:41:35 66.09   81.39   67.66   81.95
12:42:39 65.97   81.61   67.66   81.95
12:43:42 66.09   81.72   67.66   82.06
12:44:45 65.97   81.39   67.66   81.95
12:45:49 65.97   81.61   67.66   82.06
12:46:52 66.09   81.50   67.66   81.95
12:47:55 65.97   81.61   67.66   81.95
12:48:59 65.97   81.39   67.66   81.95
12:50:02 66.09   81.39   67.66   81.84
12:51:05 65.97   81.39   67.66   81.84
12:52:09 65.97   81.72   67.66   81.95
12:53:12 65.97   81.61   67.66   81.84
12:54:15 65.97   81.39   67.66   81.72
12:55:19 65.97   81.39   67.66   81.72
12:56:22 66.09   81.39   67.66   81.61
12:57:25 65.97   81.61   67.66   81.72
12:58:29 66.09   81.39   67.66   81.72
12:59:32 66.09   81.39   67.66   81.84
13:00:35 65.97   81.50   67.66   81.72
13:01:39 65.97   81.50   67.66   81.84
13:02:42 65.97   81.39   67.66   81.84
13:03:46 65.97   81.39   67.66   81.61
13:04:49 65.97   81.39   67.66   81.72
13:05:52 65.97   81.61   67.66   81.84
13:06:56 65.97   81.50   67.66   81.84
13:07:59 65.97   81.39   67.66   81.84
13:09:02 65.97   81.50   67.66   81.84
13:10:06 65.97   81.28   67.66   81.72
13:11:09 65.97   81.50   67.66   81.61
13:12:12 65.97   81.39   67.66   81.61
13:13:16 65.97   81.39   67.66   81.61
13:14:19 65.97   81.39   67.66   81.50
13:15:22 65.97   81.61   67.66   81.61
13:16:26 65.97   81.50   67.66   81.50
13:17:29 65.97   81.61   67.66   81.72
13:18:32 65.97   81.39   67.66   81.72
13:19:36 65.97   81.05   67.66   81.50
13:20:39 65.97   81.61   67.66   81.61
13:21:42 65.97   81.39   67.66   81.61
13:22:46 65.97   81.39   67.66   81.50
13:23:49 65.97   81.50   67.66   81.50
13:24:52 65.97   81.39   67.66   81.61
13:25:56 65.97   81.50   67.66   81.61
13:26:59 65.97   81.39   67.66   81.61
13:28:02 65.97   81.50   67.66   81.61
13:29:06 65.97   81.50   67.66   81.50
13:30:09 65.97   81.39   67.66   81.50
13:31:12 65.97   81.50   67.66   81.50
13:32:16 65.97   81.50   67.66   81.50
13:33:19 65.97   81.39   67.66   81.50
13:34:22 65.97   81.61   67.66   81.61
13:35:26 65.97   81.61   67.66   81.50
13:36:29 65.97   81.72   67.66   81.50
13:37:33 65.97   81.50   67.66   81.39
13:38:36 65.97   81.39   67.66   81.39
13:39:39 65.97   81.28   67.66   81.39
13:40:43 65.97   81.39   67.66   81.39
13:41:46 65.97   81.39   67.66   81.39
13:42:49 65.97   81.50   67.66   81.39
13:43:53 65.97   81.61   67.66   81.50
13:44:56 65.97   81.61   67.66   81.50
13:45:59 65.97   81.61   67.66   81.50
13:47:03 65.97   81.61   67.66   81.50
13:48:06 65.97   81.39   67.55   81.61
13:49:09 65.97   81.16   67.66   81.50
13:50:13 65.97   81.39   67.66   81.50
13:51:16 65.97   81.28   67.66   81.39
13:52:19 65.97   81.28   67.66   81.39
13:53:23 65.97   81.28   67.66   81.28
13:54:26 65.97   81.16   67.66   81.39
13:55:29 65.97   81.16   67.66   81.39
13:56:33 65.97   81.28   67.66   81.39
13:57:36 65.97   81.50   67.55   81.61
13:58:39 65.97   81.16   67.66   81.61
13:59:43 65.97   81.28   67.66   81.50
14:00:46 65.97   81.50   67.66   81.39
14:01:49 65.97   81.61   67.66   81.28
14:02:53 65.97   81.50   67.66   81.28
14:03:56 65.97   81.61   67.66   81.28
14:04:59 65.97   81.39   67.66   81.28
14:06:03 65.97   81.50   67.55   81.28
14:07:06 65.97   81.39   67.55   81.16
14:08:09 65.97   81.28   67.55   81.28
14:09:13 65.97   81.72   67.55   81.16
14:10:16 65.97   81.50   67.66   81.16
14:11:20 65.86   81.39   67.66   81.16
14:12:23 65.86   81.50   67.55   81.16
14:13:26 65.86   81.61   67.66   81.28
14:14:30 65.97   81.50   67.66   81.28
14:15:33 65.86   81.50   67.55   81.05
14:16:36 65.86   81.39   67.66   81.05
14:17:40 65.86   81.39   67.55   81.05
14:18:43 65.86   81.61   67.55   81.05
14:19:46 65.97   81.39   67.55   80.94
14:20:50 65.86   81.39   67.55   81.05
14:21:53 65.97   81.50   67.55   81.05
14:22:56 65.97   81.28   67.66   81.05
14:24:00 65.97   81.50   67.66   81.05
14:25:03 65.97   81.61   67.66   80.94
14:26:06 65.97   81.39   67.66   81.05
14:27:10 65.86   81.39   67.66   80.94
14:28:13 65.86   81.28   67.55   81.05
14:29:16 65.86   81.39   67.55   81.16
14:30:20 65.86   81.72   67.66   81.16
14:31:23 65.97   81.84   67.55   81.05
14:32:26 65.86   81.84   67.55   81.05
14:33:30 65.86   81.50   67.66   81.16
14:34:33 65.75   81.39   67.66   81.16
14:35:36 65.75   81.61   67.66   81.16
14:36:40 65.75   81.39   67.66   81.05
14:37:43 65.75   81.50   67.78   80.94
14:38:46 65.64   81.72   67.78   80.94
14:39:50 65.64   81.50   67.78   80.94
14:40:53 65.64   81.39   67.78   80.94
14:41:56 65.64   81.84   67.78   80.94
14:43:00 65.64   81.72   67.78   81.05
14:44:03 65.64   81.61   67.78   80.94
14:45:06 65.64   81.61   67.78   80.94
14:46:10 65.64   81.72   67.78   80.94
14:47:13 65.64   81.61   67.78   80.83
14:48:17 65.64   81.61   67.78   80.83
14:49:20 65.64   81.72   67.78   80.83
14:50:23 65.64   81.50   67.78   80.83
14:51:27 65.64   81.50   67.89   80.71
14:52:30 65.64   82.18   67.78   80.83
14:53:33 66.99   103.55   67.89   80.94
14:54:36 69.35   140.23   67.89   81.05
14:55:39 70.25   152.26   67.89   81.84
14:56:42 70.81   158.34   68.00   82.62
14:57:45 71.38   148.21   68.00   83.30
14:58:48 71.94   148.89   68.22   83.75
14:59:51 72.16   156.65   68.34   84.09
15:00:54 72.61   161.94   68.45   84.54
15:01:56 72.84   147.65   68.56   84.88
15:02:59 73.06   152.49   68.79   85.21
15:04:02 73.29   140.79   68.90   85.55
15:05:05 73.40   116.04   69.12   85.55
15:06:09 72.16   116.26   69.24   85.33
15:07:12 70.81   117.39   69.35   84.99
15:08:15 69.91   115.92   69.35   84.65
15:09:19 69.24   116.83   69.46   84.54
15:10:22 71.49   133.59   69.58   84.54
15:11:25 72.16   147.31   69.58   85.10
15:12:28 72.50   155.98   69.69   85.78
15:13:30 72.95   161.49   69.80   86.45
15:14:33 73.29   145.29   69.91   86.79
15:15:36 73.51   117.28   70.03   86.90
15:16:40 72.50   116.83   70.14   86.90
15:17:43 71.15   117.61   70.25   86.56
15:18:46 70.14   116.94   70.25   86.34
15:19:50 69.46   115.03   70.36   86.11
15:20:53 69.12   115.03   70.36   86.00
15:21:56 71.71   134.38   70.47   86.11
15:22:59 72.39   147.88   70.47   86.68
15:24:02 72.95   156.76   70.59   87.24
15:25:05 73.29   159.46   70.59   87.91
15:26:08 73.62   133.14   70.70   88.25
15:27:11 73.62   114.91   70.81   88.14
15:28:14 72.28   116.83   70.93   87.80
15:29:18 70.93   117.61   70.93   87.46
15:30:21 70.14   115.92   71.04   87.35
15:31:24 69.58   115.59   71.04   87.12
15:32:28 69.24   115.14   71.15   87.12
15:33:31 68.90   115.48   71.15   87.01
15:34:34 71.94   135.84   71.15   87.12
15:35:37 72.61   149.23   71.15   87.80
15:36:40 73.18   153.28   71.26   88.47
15:37:43 73.51   127.62   71.26   88.81
15:38:46 72.95   121.10   71.38   88.81
15:39:49 71.60   121.89   71.38   88.47
15:40:53 70.59   120.42   71.49   88.47
15:41:56 69.91   117.28   71.49   88.25
15:42:59 69.46   114.80   71.49   88.14
15:44:03 69.12   115.70   71.49   88.14
15:45:06 68.90   115.14   71.60   88.03
15:46:09 68.68   113.90   71.60   87.91
15:47:13 68.56   112.10   71.60   87.80
15:48:16 68.34   109.85   71.60   87.80
15:49:19 69.69   119.75   71.60   87.80
15:50:22 72.05   140.23   71.60   88.03
15:51:25 72.61   152.04   71.60   88.70
15:52:28 73.18   139.66   71.60   89.15
15:53:31 73.29   120.54   71.71   89.49
15:54:35 72.05   120.65   71.71   89.26
15:55:38 70.93   121.55   71.71   89.04
15:56:41 70.25   120.76   71.83   88.81
15:57:45 69.69   120.09   71.83   88.59
15:58:48 69.35   118.29   71.94   88.59
15:59:51 69.01   116.15   71.94   88.47
16:00:55 68.90   114.58   71.94   88.47
16:01:58 68.68   112.66   71.94   88.36
16:03:01 68.56   110.30   71.94   88.25
16:04:05 68.45   108.73   71.94   88.25
16:05:08 68.34   107.04   71.94   88.25
16:06:11 68.22   105.12   71.94   88.14
16:07:15 68.11   103.44   71.94   88.03
16:08:18 68.11   102.42   71.94   88.03
16:09:21 68.00   101.41   71.94   87.91
16:10:25 68.00   100.17   71.94   87.80
16:11:28 68.00   99.28   71.94   87.80
16:12:32 67.89   98.15   71.83   87.69
16:13:35 67.89   96.91   71.94   87.69
16:14:38 67.89   96.58   71.83   87.69
16:15:42 67.78   95.79   71.83   87.58
16:16:45 67.66   94.89   71.83   87.46
16:17:48 67.66   94.33   71.83   87.46
16:18:52 67.55   93.65   71.83   87.46
16:19:55 67.55   92.97   71.83   87.46
16:20:58 67.44   92.64   71.71   104.34
16:22:02 67.44   91.96   71.71   109.74
16:23:05 67.33   91.85   71.71   110.64
16:24:08 67.44   91.40   71.71   111.20
16:25:12 67.33   90.95   71.71   111.42
16:26:15 67.33   90.72   71.60   111.65
16:27:18 67.33   90.16   71.60   111.42
16:28:22 67.33   89.94   71.60   111.31
16:29:25 67.33   89.94   71.49   110.98
16:30:28 67.33   89.71   71.60   110.41
16:31:32 67.21   89.26   71.49   109.74
16:32:35 67.21   89.26   71.49   109.17
16:33:38 67.21   89.15   71.49   108.39
16:34:42 67.10   89.04   71.49   107.71
16:35:45 67.21   88.93   71.49   107.04
16:36:48 67.33   88.81   71.49   110.53
16:37:52 67.33   88.70   71.49   109.96
16:38:55 67.21   88.36   71.49   109.17
16:39:58 67.21   88.25   71.38   108.50
16:41:02 67.10   88.25   71.38   107.71
16:42:05 67.21   88.03   71.38   107.04
16:43:08 67.10   87.91   71.38   106.36
16:44:12 67.10   87.91   71.38   105.69
16:45:15 67.10   87.91   71.26   105.12
16:46:19 66.99   87.69   71.38   104.56
16:47:22 67.10   87.80   71.26   104.00
16:48:25 66.99   87.46   71.26   103.66
16:49:29 66.99   87.46   71.26   103.21
16:50:32 67.10   87.58   71.26   102.76
16:51:35 67.10   87.46   71.26   102.31
16:52:39 67.10   87.24   71.26   101.86
16:53:42 66.99   87.35   71.26   101.53
16:54:45 66.99   87.35   71.15   101.08
16:55:49 67.10   87.35   71.15   100.62
16:56:52 66.99   87.01   71.26   100.06
16:57:55 66.99   86.79   71.15   99.73
16:58:59 66.88   86.68   71.15   99.28
17:00:02 66.99   86.79   71.15   98.94
17:01:05 66.88   86.79   71.15   98.71
17:02:09 66.88   86.68   71.15   98.26
17:03:12 66.88   86.79   71.15   97.92
17:04:15 66.88   86.68   71.04   97.70
17:05:19 66.76   86.56   71.04   97.36
17:06:22 66.76   86.79   71.04   96.91
17:07:25 66.76   86.45   71.04   96.69
17:08:29 66.76   86.45   71.04   96.46
17:09:32 66.76   86.22   71.04   96.24
17:10:35 66.76   86.11   71.04   96.01
17:11:39 66.76   86.00   71.04   95.68
17:12:42 66.76   85.89   71.04   95.45
17:13:45 66.76   86.00   70.93   95.11
17:14:49 66.76   86.00   70.93   94.89
17:15:52 66.65   86.00   70.93   94.66
17:16:55 66.65   86.00   70.93   94.33
17:17:59 66.65   85.89   70.93   93.99
17:19:02 66.65   85.89   70.93   93.88
17:20:06 66.65   85.89   70.81   93.65
17:21:09 66.65   85.89   70.93   93.31
17:22:12 66.65   85.66   70.81   93.09
17:23:16 66.54   85.78   70.81   92.86
17:24:19 66.65   85.66   70.81   92.75
17:25:22 66.65   85.66   70.81   92.53
17:26:26 66.65   85.55   70.81   92.53
17:27:29 66.54   85.55   70.81   107.60
17:28:32 66.65   85.33   70.81   113.90
17:29:36 66.65   85.66   70.81   116.83
17:30:39 66.65   85.66   70.70   116.94
17:31:42 66.54   85.44   70.70   117.95
17:32:46 66.54   85.33   70.70   116.94
17:33:49 66.54   85.66   70.70   115.25
17:34:52 66.54   85.44   70.59   117.50
17:35:56 66.54   85.21   70.59   116.60
17:36:59 66.65   85.44   70.59   114.91
17:38:02 66.65   85.33   70.59   113.34
17:39:06 66.65   85.44   70.59   111.76
17:40:09 66.54   85.55   70.59   110.53
17:41:12 66.54   85.33   70.59   109.17
17:42:16 66.54   85.44   70.59   107.83
17:43:19 66.54   85.33   70.59   106.81
17:44:22 66.54   85.21   70.59   109.51
17:45:26 66.54   85.10   70.59   108.84
17:46:29 66.54   84.88   70.59   107.71
17:47:32 66.54   84.76   70.59   106.59
17:48:36 66.54   84.99   70.59   111.31
17:49:39 66.54   85.10   70.59   114.46
17:50:42 66.54   85.33   70.59   115.59
17:51:46 66.54   84.99   70.59   115.14
17:52:49 66.54   84.99   70.59   113.79
17:53:53 66.54   85.10   70.59   112.10
17:54:56 66.54   84.88   70.59   114.46
17:55:59 66.54   84.88   70.59   114.46
17:57:03 66.54   84.88   70.59   113.11
17:58:06 66.54   84.99   70.47   111.65
17:59:09 66.54   84.76   70.47   110.19
18:00:13 66.54   84.76   70.47   108.84
18:01:16 66.54   84.54   70.47   107.71
18:02:19 66.54   84.65   70.47   106.59
18:03:23 66.54   84.88   70.47   105.69
18:04:26 66.54   84.88   70.47   104.90
18:05:29 66.54   84.76   70.47   108.73
18:06:33 66.54   84.65   70.59   112.55
18:07:36 66.54   84.76   70.47   114.24
18:08:39 66.54   84.76   70.47   114.58
18:09:43 66.54   84.65   70.47   113.79
18:10:46 66.43   84.65   70.47   113.00
18:11:49 66.54   84.65   70.47   111.88
18:12:53 66.54   84.65   70.47   110.75
18:13:56 66.54   84.65   70.47   109.62
18:14:59 66.54   84.88   70.47   108.61
18:16:03 66.54   84.76   70.47   107.49
18:17:06 66.54   84.76   70.47   106.48
18:18:09 66.54   84.76   70.47   105.46
18:19:13 66.54   84.99   70.47   104.56
18:20:16 66.54   84.88   70.47   103.66
18:21:20 66.65   84.88   70.47   102.88
18:22:23 66.65   84.76   70.47   102.20
18:23:26 66.54   84.65   70.47   101.53
18:24:30 66.65   84.65   70.47   100.85
18:25:33 66.65   84.88   70.47   100.17
18:26:36 66.54   84.54   70.47   99.73
18:27:40 66.54   84.54   70.47   99.16
18:28:43 66.54   84.65   70.47   98.71
18:29:46 66.54   84.54   70.47   98.26
18:30:50 66.54   84.43   70.47   97.81
18:31:53 66.54   84.43   70.47   97.36
18:32:56 66.54   84.65   70.47   96.91
18:34:00 66.54   84.31   70.47   96.58
18:35:03 66.54   84.88   70.47   96.24
18:36:06 66.54   84.65   70.47   95.79
18:37:10 66.54   84.54   70.47   95.45
18:38:13 66.54   84.65   70.47   95.00
18:39:16 66.54   84.65   70.47   94.66
18:40:20 66.54   84.65   70.47   94.33
18:41:23 66.54   84.65   70.36   93.99
18:42:26 66.54   84.65   70.47   93.76
18:43:30 66.54   84.54   70.36   93.54
18:44:33 66.54   84.54   70.36   93.20
18:45:36 66.54   84.54   70.36   92.86
18:46:40 66.54   84.31   70.36   92.75
18:47:43 66.54   84.65   70.36   92.41
18:48:46 66.54   84.43   70.36   92.19
18:49:50 66.54   84.65   70.36   91.85
18:50:53 66.43   84.20   70.36   91.51
18:51:56 66.54   84.20   70.36   91.29
18:53:00 66.54   84.65   70.36   91.29
18:54:03 66.54   84.65   70.36   91.06
18:55:07 66.54   84.43   70.36   90.84
18:56:10 66.54   84.43   70.36   90.61
18:57:13 66.54   84.43   70.36   90.50
18:58:17 66.43   84.43   70.36   90.28
18:59:20 66.54   84.65   70.36   90.05
19:00:23 66.54   84.43   70.36   89.94
19:01:27 66.54   84.43   70.36   89.83
19:02:30 66.54   84.31   70.36   89.60
19:03:33 66.43   84.54   70.25   89.49
19:04:37 66.43   84.43   70.25   89.26
19:05:40 66.43   84.43   70.36   89.26
19:06:43 66.43   84.43   70.25   89.04
19:07:47 66.43   84.31   70.25   88.93
19:08:50 66.43   84.31   70.36   88.59
19:09:53 66.43   84.31   70.36   88.47
19:10:57 66.54   84.54   70.25   88.47
19:12:00 66.43   84.43   70.25   88.36
19:13:03 66.43   84.20   70.25   88.14
19:14:07 66.43   84.20   70.25   88.03
19:15:10 66.54   84.31   70.25   87.91
19:16:13 66.54   83.97   70.25   87.80
19:17:17 66.54   84.20   70.25   87.69
19:18:20 66.54   83.97   70.25   87.58
19:19:23 66.54   84.20   70.25   87.46
19:20:27 66.43   84.54   70.25   87.35
19:21:30 66.54   84.31   70.25   87.24
19:22:33 66.54   83.86   70.25   87.24
19:23:37 66.54   84.09   70.25   87.12
19:24:40 66.54   84.31   70.25   87.12
19:25:43 66.43   83.97   70.25   87.01
19:26:47 66.43   84.20   70.25   86.90
19:27:50 66.43   84.43   70.25   86.79
19:28:54 66.54   84.31   70.25   86.79
19:29:57 66.43   84.31   70.25   86.79
19:31:00 66.43   84.20   70.25   86.79
19:32:04 66.54   84.20   70.25   86.56
19:33:07 66.43   84.20   70.25   86.56
19:34:10 66.43   83.97   70.25   86.34
19:35:14 66.54   84.20   70.25   86.34
19:36:17 66.54   84.31   70.25   86.22
19:37:20 66.43   84.09   70.25   86.22
19:38:24 66.43   84.43   70.25   86.00
19:39:27 66.54   84.20   70.25   85.78
19:40:30 66.54   84.31   70.25   85.89
19:41:34 66.54   84.20   70.25   85.89
19:42:37 66.43   84.31   70.14   85.89
19:43:40 66.54   84.31   70.25   85.78
19:44:44 66.43   84.20   70.25   85.78
19:45:47 66.43   84.43   70.14   85.66
19:46:50 66.54   84.09   70.14   85.55
19:47:54 66.54   83.86   70.25   85.55
19:48:57 66.54   84.09   70.14   85.66
19:50:00 66.43   84.20   70.14   85.55
19:51:04 66.54   84.09   70.14   85.44
19:52:07 66.43   83.97   70.14   85.33
19:53:10 66.43   84.09   70.14   85.21
19:54:14 66.54   84.09   70.14   85.21
19:55:17 66.43   84.09   70.14   85.21
19:56:20 66.54   84.20   70.14   85.21
19:57:24 66.43   84.20   70.14   85.10
19:58:27 66.54   84.20   70.14   84.99
19:59:30 66.43   84.20   70.14   84.99
20:00:34 66.43   84.09   70.14   84.88
20:01:37 66.54   84.43   70.14   84.88
20:02:41 66.54   84.31   70.14   84.65
20:03:44 66.43   84.20   70.14   84.76
20:04:47 66.43   84.20   70.14   84.88
20:05:51 66.43   84.09   70.14   84.76
20:06:54 66.54   84.31   70.14   84.65
20:07:57 66.43   83.97   70.14   84.65
20:09:01 66.54   83.97   70.14   84.76
20:10:04 66.54   84.20   70.14   84.65
20:11:07 66.54   83.97   70.14   84.54
20:12:11 66.54   84.20   70.14   84.54
20:13:14 66.54   84.09   70.14   84.54
20:14:17 66.43   84.09   70.14   84.54
20:15:21 66.54   84.20   70.14   84.54
20:16:24 66.54   84.09   70.14   84.43
20:17:27 66.54   83.97   70.14   84.43
20:18:31 66.54   84.20   70.14   84.43
20:19:34 66.54   84.09   70.14   84.31
20:20:37 66.54   84.09   70.14   84.31
20:21:41 66.54   84.31   70.14   84.31
20:22:44 66.54   84.09   70.14   84.31
20:23:47 66.54   84.20   70.14   84.31
20:24:51 66.54   83.97   70.14   84.31
20:25:54 66.54   84.09   70.14   84.31
20:26:57 66.54   84.09   70.14   84.31
20:28:01 66.54   83.97   70.14   84.20
20:29:04 66.54   84.09   70.14   84.20
20:30:07 66.54   84.31   70.14   84.20
20:31:11 66.54   84.09   70.14   84.20
20:32:14 66.54   84.31   70.14   84.20
20:33:18 66.54   83.97   70.14   84.20
20:34:21 66.54   83.97   70.14   84.20
20:35:24 66.54   84.09   70.14   84.09
20:36:28 66.54   84.20   70.14   83.97
20:37:31 66.54   83.97   70.14   83.97
20:38:34 66.54   83.97   70.14   84.20
20:39:38 66.54   84.09   70.14   84.20
20:40:41 66.54   83.86   70.14   84.09
20:41:44 66.54   83.86   70.14   84.09
20:42:48 66.54   84.09   70.14   83.97
20:43:51 66.54   84.09   70.14   83.97
20:44:54 66.54   83.97   70.14   83.97
20:45:58 66.54   84.20   70.14   83.97
20:47:01 66.54   83.86   70.14   83.86
20:48:04 66.54   83.97   70.14   83.97
20:49:08 66.54   84.31   70.14   84.09
20:50:11 66.54   84.31   70.14   107.15
20:51:14 66.54   84.20   70.14   108.28
20:52:18 66.54   84.09   70.14   106.25
20:53:21 66.54   83.97   70.14   104.45
20:54:24 66.54   84.09   70.14   102.76
20:55:28 66.65   84.20   70.14   101.53
20:56:31 66.65   83.97   70.14   100.29
20:57:34 66.65   83.97   70.14   99.16
20:58:38 66.65   83.86   70.14   98.26
20:59:41 66.65   83.86   70.14   97.59
21:00:44 66.65   84.20   70.14   96.69
21:01:48 66.65   84.43   70.14   95.90
21:02:51 66.65   84.20   70.14   95.56
21:03:55 66.65   84.20   70.25   94.89
21:04:58 66.65   84.09   70.14   94.55
21:06:01 66.65   84.09   70.14   109.17
21:07:05 66.65   84.09   70.14   111.76
21:08:08 66.65   84.31   70.25   111.99
21:09:11 66.65   84.09   70.25   112.33
21:10:15 66.65   84.20   70.14   112.55
21:11:18 66.65   84.43   70.25   112.55
21:12:21 66.65   84.20   70.25   112.33
21:13:25 66.65   84.20   70.25   112.21
21:14:28 66.65   83.97   70.25   111.88
21:15:31 66.65   84.43   70.25   111.31
21:16:35 66.76   84.31   70.25   110.86
21:17:38 66.76   84.43   70.25   110.41
21:18:41 66.76   84.31   70.25   109.96
21:19:45 66.76   84.31   70.14   109.17
21:20:48 66.76   84.31   70.25   108.50
21:21:51 66.76   84.43   70.25   107.60
21:22:55 66.65   84.43   70.25   106.92
21:23:58 66.76   84.43   70.25   106.36
21:25:01 66.76   84.09   70.25   105.69
21:26:05 66.76   84.09   70.25   105.12
21:27:08 66.76   84.20   70.25   104.56
21:28:11 66.76   84.31   70.25   103.89
21:29:15 66.76   84.43   70.25   103.33
21:30:18 66.76   84.31   70.25   102.65
21:31:21 66.76   84.09   70.25   102.20
21:32:25 66.76   84.20   70.25   101.64
21:33:28 66.76   84.31   70.25   101.19
21:34:31 66.76   84.09   70.25   100.85
21:35:35 66.76   84.31   70.25   100.40
21:36:38 66.76   84.31   70.25   99.95
21:37:42 66.76   84.54   70.25   99.61
21:38:45 66.76   84.43   70.25   99.28
21:39:48 66.76   84.31   70.25   98.94
21:40:52 66.76   84.43   70.25   98.60
21:41:55 66.88   84.20   70.25   98.26
21:42:58 66.88   84.20   70.25   97.92
21:44:02 66.76   84.31   70.25   97.70
21:45:05 66.76   84.31   70.25   113.11
21:46:08 66.88   84.43   70.25   116.26
21:47:12 66.88   84.31   70.25   115.81
21:48:15 66.88   84.43   70.25   114.91
21:49:18 66.88   84.54   70.25   113.90
21:50:22 66.88   84.65   70.25   112.89
21:51:25 66.99   84.54   70.25   111.76
21:52:28 66.88   84.43   70.25   110.86
21:53:32 66.88   84.43   70.25   109.96
21:54:35 66.88   84.54   70.36   109.17
21:55:38 66.88   84.54   70.36   108.50
21:56:42 66.88   84.54   70.36   107.83
21:57:45 66.88   84.54   70.25   107.15
21:58:48 66.88   84.54   70.36   106.36
21:59:52 66.88   84.54   70.36   105.80
22:00:55 66.88   84.54   70.36   105.12
22:01:58 66.88   84.54   70.36   104.45
22:03:02 66.99   84.54   70.36   103.89
22:04:05 66.99   84.43   70.36   103.33
22:05:08 66.99   84.31   70.36   102.88
22:06:12 66.99   84.43   70.36   102.42
22:07:15 66.99   84.31   70.36   101.86
22:08:19 66.99   84.54   70.36   101.41
22:09:22 66.99   84.31   70.36   100.96
22:10:25 66.99   84.54   70.36   100.62
22:11:29 66.99   84.54   70.36   100.29
22:12:32 66.99   84.54   70.36   99.73
22:13:35 66.99   84.54   70.36   99.39
22:14:39 66.99   84.54   70.36   99.16
22:15:42 66.88   84.54   70.36   98.71
22:16:45 66.99   84.43   70.36   98.26
22:17:49 66.99   84.43   70.36   99.84
22:18:52 66.88   84.76   70.36   99.61
22:19:55 66.88   84.43   70.36   117.50
22:20:59 66.88   84.43   70.36   117.73
22:22:02 66.88   84.31   70.36   117.16
22:23:05 66.88   84.31   70.36   116.26
22:24:09 66.88   84.43   70.36   115.36
22:25:12 66.99   84.31   70.36   114.24
22:26:15 66.88   84.09   70.36   113.23
22:27:19 66.88   84.43   70.36   112.10
22:28:22 66.88   84.43   70.36   111.09
22:29:25 66.88   84.65   70.36   110.19
22:30:29 66.88   84.43   70.36   109.29
22:31:32 66.88   84.54   70.36   108.39
22:32:35 66.88   84.31   70.36   107.60
22:33:39 66.88   84.31   70.36   106.70
22:34:42 66.88   84.43   70.36   106.14
22:35:45 66.88   84.54   70.36   105.46
22:36:49 66.88   84.43   70.36   109.85
22:37:52 66.88   84.31   70.36   117.05
22:38:56 66.76   84.31   70.36   117.16
22:39:59 66.88   84.43   70.36   117.50
22:41:02 66.88   84.20   70.36   117.05
22:42:06 66.88   83.97   70.36   116.26
22:43:09 66.88   84.20   70.36   115.36
22:44:12 66.88   84.09   70.36   114.58
22:45:16 66.88   83.86   70.25   113.67
22:46:19 66.88   83.86   70.36   112.66
22:47:22 66.88   83.86   70.36   111.76
22:48:26 66.88   83.97   70.36   110.86
22:49:29 66.76   84.20   70.25   109.96
22:50:32 66.88   84.31   70.25   109.06
22:51:36 66.76   84.09   70.25   108.16
22:52:39 66.76   83.97   70.25   107.38
22:53:42 66.76   83.97   70.25   106.70
22:54:46 66.88   83.75   70.25   105.91
22:55:49 66.76   84.09   70.25   105.12
22:56:52 66.76   83.97   70.25   104.45
22:57:56 66.76   83.97   70.25   103.78
22:58:59 66.76   83.97   70.25   103.21
23:00:02 66.76   83.86   70.25   102.54
23:01:06 66.76   83.86   70.25   101.98
23:02:09 66.76   83.97   70.25   101.41
23:03:12 66.76   84.09   70.25   100.85
23:04:16 66.76   83.97   70.25   100.29
23:05:19 66.76   83.86   70.25   99.84
23:06:22 66.76   83.86   70.25   99.39
23:07:26 66.76   83.97   70.25   98.83
23:08:29 66.76   84.09   70.25   98.38
23:09:33 66.76   83.97   70.25   97.92
23:10:36 66.76   84.20   70.25   97.48
23:11:39 66.76   83.97   70.25   97.03
23:12:43 66.76   83.86   70.25   96.58
23:13:46 66.76   83.86   70.25   96.24
23:14:49 66.76   84.09   70.25   95.90
23:15:53 66.76   83.75   70.25   95.45
23:16:56 66.76   83.64   70.25   95.11
23:17:59 66.76   83.64   70.25   94.78
23:19:03 66.76   83.53   70.25   94.44
23:20:06 66.76   83.64   70.25   93.99
23:21:09 66.76   83.64   70.25   93.65
23:22:13 66.76   83.64   70.25   93.43
23:23:16 66.76   83.86   70.25   93.20
23:24:19 66.76   83.64   70.25   92.86
23:25:23 66.76   83.41   70.25   92.53
23:26:26 66.76   83.64   70.25   92.30
23:27:29 66.76   83.75   70.25   92.19
23:28:33 66.76   83.75   70.25   91.85
23:29:36 66.76   83.86   70.25   91.62
23:30:39 66.76   83.53   70.25   91.51
23:31:43 66.76   83.53   70.25   91.18
23:32:46 66.76   83.75   70.25   90.95
23:33:49 66.76   83.75   70.25   90.72
23:34:53 66.76   83.75   70.25   90.28
23:35:56 66.76   83.75   70.25   90.16
23:36:59 66.76   83.64   70.25   90.05
23:38:03 66.76   83.97   70.25   89.83
23:39:06 66.76   83.97   70.25   89.49
23:40:09 66.76   83.97   70.25   89.38
23:41:13 66.76   83.64   70.25   89.26
23:42:16 66.76   83.75   70.25   89.04
23:43:19 66.76   83.64   70.25   88.81
23:44:23 66.76   83.64   70.25   88.59
23:45:26 66.76   83.53   70.25   88.36
23:46:30 66.76   83.41   70.25   88.25
23:47:33 66.76   83.64   70.25   88.03
23:48:36 66.76   83.53   70.25   88.03
23:49:40 66.76   83.75   70.25   87.91
23:50:43 66.76   83.86   70.25   87.69
23:51:46 66.76   83.75   70.25   87.58
23:52:50 66.76   83.86   70.25   87.35
23:53:53 66.76   83.75   70.25   87.35
23:54:56 66.76   83.64   70.25   87.12
23:56:00 66.76   83.41   70.25   87.01
23:57:03 66.76   83.41   70.25   87.01
23:58:06 66.76   83.64   70.25   86.90
23:59:10 66.76   83.30   70.25   86.79
