 Date  Furn_In  Furn_Out  Bsmnt   Water_Htr
00:00:40 67.55   83.75   72.39   88.03
00:01:43 67.55   83.97   72.39   87.80
00:02:47 67.55   83.86   72.39   87.69
00:03:50 67.55   83.86   72.39   87.46
00:04:53 67.55   83.75   72.39   87.35
00:05:57 67.55   83.64   72.39   87.24
00:07:00 67.55   83.53   72.39   87.12
00:08:03 67.55   83.64   72.39   87.01
00:09:07 67.55   83.75   72.39   87.01
00:10:10 67.55   83.64   72.39   86.90
00:11:13 67.55   83.86   72.39   86.68
00:12:17 67.55   83.75   72.39   86.56
00:13:20 67.55   83.75   72.39   86.45
00:14:23 67.55   83.97   72.39   86.34
00:15:27 67.55   83.64   72.39   86.22
00:16:30 67.55   83.64   72.39   86.22
00:17:33 67.55   83.75   72.39   86.11
00:18:37 67.55   83.86   72.39   86.00
00:19:40 67.55   83.75   72.39   85.89
00:20:43 67.55   83.64   72.39   85.78
00:21:47 67.55   83.64   72.39   85.66
00:22:50 67.55   83.53   72.39   85.55
00:23:53 67.55   83.75   72.39   85.44
00:24:57 67.55   83.75   72.39   85.33
00:26:00 67.55   83.86   72.39   85.33
00:27:03 67.55   83.75   72.39   85.21
00:28:07 67.55   83.64   72.39   85.21
00:29:10 67.55   83.64   72.39   85.10
00:30:14 67.55   83.53   72.39   84.99
00:31:17 67.55   83.75   72.39   84.99
00:32:20 67.55   83.86   72.39   84.88
00:33:24 67.55   83.86   72.39   84.65
00:34:27 67.55   83.86   72.39   84.54
00:35:30 67.55   83.75   72.39   84.54
00:36:34 67.55   83.53   72.39   84.43
00:37:37 67.55   83.64   72.39   84.54
00:38:40 67.55   83.64   72.39   84.43
00:39:44 67.55   83.86   72.50   84.31
00:40:47 67.55   83.53   72.39   84.31
00:41:50 67.55   83.64   72.50   84.09
00:42:54 67.55   83.86   72.39   84.20
00:43:57 67.55   83.64   72.50   84.20
00:45:00 67.55   83.64   72.39   84.31
00:46:04 67.55   83.53   72.39   84.20
00:47:07 67.55   83.75   72.39   84.09
00:48:10 67.55   83.53   72.39   84.09
00:49:14 67.55   83.41   72.39   83.97
00:50:17 67.66   83.30   72.39   83.97
00:51:20 67.66   83.53   72.39   83.86
00:52:24 67.55   83.75   72.39   83.97
00:53:27 67.55   83.53   72.39   83.86
00:54:30 67.55   83.53   72.39   83.86
00:55:34 67.55   83.64   72.39   83.64
00:56:37 67.55   83.53   72.39   83.64
00:57:40 67.55   83.86   72.39   83.53
00:58:44 67.55   83.64   72.39   83.41
00:59:47 67.55   83.75   72.39   83.41
01:00:50 67.66   83.75   72.39   83.64
01:01:54 67.55   83.86   72.39   83.53
01:02:57 67.55   83.75   72.39   83.41
01:04:00 67.55   83.30   72.39   83.53
01:05:04 67.55   83.41   72.39   83.53
01:06:07 67.55   83.53   72.39   83.41
01:07:10 67.55   83.53   72.39   83.53
01:08:14 67.55   83.64   72.39   83.30
01:09:17 67.55   83.64   72.39   83.19
01:10:20 67.55   83.75   72.39   83.30
01:11:24 67.55   83.64   72.39   83.30
01:12:27 67.55   83.64   72.39   83.30
01:13:30 67.55   83.64   72.39   83.30
01:14:34 67.55   83.64   72.39   83.30
01:15:37 67.55   83.64   72.39   83.30
01:16:40 67.55   83.75   72.39   83.08
01:17:44 67.55   83.75   72.39   83.08
01:18:47 67.55   83.75   72.39   83.08
01:19:51 67.66   83.53   72.39   82.96
01:20:54 67.55   83.30   72.39   82.96
01:21:57 67.55   83.53   72.39   83.08
01:23:01 67.55   83.86   72.50   82.96
01:24:04 67.55   83.86   72.39   82.85
01:25:07 67.66   83.41   72.39   82.96
01:26:11 67.55   83.41   72.39   82.85
01:27:14 67.66   83.64   72.39   82.85
01:28:17 67.55   83.64   72.39   82.85
01:29:21 67.55   83.53   72.39   82.85
01:30:24 67.55   83.41   72.39   82.85
01:31:27 67.66   83.53   72.39   82.74
01:32:31 67.55   83.41   72.39   82.85
01:33:34 67.55   83.53   72.39   82.85
01:34:37 67.66   83.64   72.39   82.74
01:35:41 67.66   83.64   72.39   82.62
01:36:44 67.66   83.75   72.39   82.74
01:37:47 67.66   83.41   72.39   82.74
01:38:51 67.55   83.53   72.50   82.62
01:39:54 67.55   83.53   72.39   82.74
01:40:57 67.66   83.53   72.39   82.62
01:42:01 67.55   83.64   72.39   82.62
01:43:04 67.66   83.53   72.39   82.74
01:44:07 67.55   83.30   72.39   82.74
01:45:11 67.66   83.53   72.39   82.74
01:46:14 67.55   83.75   72.39   82.74
01:47:17 67.55   83.64   72.39   82.62
01:48:21 67.55   83.75   72.39   82.62
01:49:24 67.55   83.53   72.39   82.62
01:50:27 67.66   83.75   72.39   82.62
01:51:31 67.66   83.64   72.39   82.51
01:52:34 67.66   83.64   72.39   82.51
01:53:37 67.66   83.64   72.39   82.62
01:54:41 67.66   83.75   72.39   82.51
01:55:44 67.66   83.97   72.39   82.62
01:56:47 67.55   83.64   72.39   82.62
01:57:51 67.66   83.64   72.39   82.62
01:58:54 67.55   83.75   72.39   82.51
01:59:58 67.66   83.53   72.39   82.62
02:01:01 67.66   83.53   72.39   82.62
02:02:04 67.66   83.41   72.39   82.51
02:03:08 67.55   83.86   72.39   82.51
02:04:11 67.66   83.64   72.39   82.51
02:05:14 67.66   83.53   72.39   82.51
02:06:18 67.66   83.53   72.39   82.51
02:07:21 67.66   83.86   72.39   82.40
02:08:24 67.66   83.86   72.39   82.40
02:09:28 67.66   83.75   72.39   82.51
02:10:31 67.66   83.64   72.39   82.51
02:11:34 67.66   83.75   72.39   82.51
02:12:38 67.66   83.64   72.39   82.51
02:13:41 67.66   83.41   72.50   82.51
02:14:44 67.66   83.75   72.39   82.51
02:15:48 67.66   83.86   72.39   82.40
02:16:51 67.66   83.75   72.39   82.51
02:17:54 67.66   83.75   72.39   82.51
02:18:58 67.66   83.53   72.39   82.51
02:20:01 67.66   83.41   72.39   82.51
02:21:04 67.66   83.53   72.39   82.40
02:22:08 67.66   83.75   72.50   82.40
02:23:11 67.66   83.86   72.39   82.40
02:24:14 67.55   83.75   72.39   82.40
02:25:18 67.66   83.75   72.39   82.40
02:26:21 67.55   83.75   72.39   82.29
02:27:24 67.66   83.75   72.39   82.40
02:28:28 67.66   83.64   72.50   82.40
02:29:31 67.66   83.75   72.39   82.40
02:30:34 67.66   83.97   72.39   82.40
02:31:38 67.66   83.64   72.39   82.40
02:32:41 67.66   83.97   72.39   82.40
02:33:44 67.66   83.64   72.39   82.51
02:34:48 67.66   83.41   72.50   82.51
02:35:51 67.66   83.64   72.39   82.40
02:36:55 67.66   83.53   72.39   82.40
02:37:58 67.66   83.53   72.39   82.40
02:39:01 67.66   83.75   72.39   82.40
02:40:05 67.66   83.64   72.39   82.40
02:41:08 67.55   83.86   72.39   82.40
02:42:11 67.66   83.64   72.39   82.40
02:43:15 67.66   83.64   72.39   82.40
02:44:18 67.66   83.53   72.39   82.51
02:45:21 67.66   83.64   72.39   82.51
02:46:25 67.66   83.53   72.39   82.40
02:47:28 67.66   83.75   72.39   82.40
02:48:31 67.66   83.75   72.39   82.40
02:49:35 67.66   83.75   72.39   82.40
02:50:38 67.66   83.75   72.39   82.29
02:51:41 67.66   83.75   72.39   82.29
02:52:45 67.66   83.53   72.39   82.29
02:53:48 67.66   83.53   72.39   82.29
02:54:51 67.66   83.53   72.39   82.29
02:55:55 67.66   83.75   72.39   82.18
02:56:58 67.66   83.30   72.39   82.06
02:58:01 67.66   83.64   72.39   82.06
02:59:05 67.66   83.53   72.39   82.18
03:00:08 67.66   83.75   72.39   82.06
03:01:11 67.66   83.64   72.39   82.06
03:02:15 67.66   83.75   72.39   82.06
03:03:18 67.66   83.75   72.39   82.06
03:04:21 67.66   83.75   72.39   82.06
03:05:25 67.66   83.75   72.39   82.18
03:06:28 67.66   83.75   72.39   82.18
03:07:31 67.66   83.75   72.39   82.18
03:08:35 67.66   83.53   72.39   82.06
03:09:38 67.66   83.41   72.39   82.18
03:10:41 67.66   83.64   72.39   82.18
03:11:45 67.66   83.64   72.39   82.18
03:12:48 67.66   83.75   72.39   82.18
03:13:52 67.66   83.86   72.39   82.18
03:14:55 67.66   83.86   72.39   82.29
03:15:58 67.66   83.53   72.39   82.29
03:17:02 67.66   83.75   72.39   82.18
03:18:05 67.66   83.64   72.39   82.18
03:19:08 67.66   83.86   72.39   82.18
03:20:12 67.66   83.75   72.39   82.29
03:21:15 67.66   83.97   72.39   82.29
03:22:18 67.66   83.86   72.39   82.18
03:23:22 67.66   83.41   72.39   82.06
03:24:25 67.66   83.41   72.39   82.06
03:25:28 67.66   83.64   72.39   82.06
03:26:32 67.66   83.86   72.39   82.06
03:27:35 67.66   83.75   72.39   82.06
03:28:38 67.66   83.86   72.39   81.95
03:29:42 67.66   83.75   72.39   82.06
03:30:45 67.66   83.97   72.39   82.06
03:31:48 67.66   83.53   72.39   81.95
03:32:52 67.66   83.53   72.39   81.95
03:33:55 67.66   83.30   72.39   81.95
03:34:58 67.66   83.64   72.39   82.06
03:36:02 67.66   83.64   72.39   82.18
03:37:05 67.66   83.30   72.39   82.06
03:38:08 67.66   83.64   72.39   82.06
03:39:12 67.66   83.53   72.39   82.18
03:40:15 67.66   83.75   72.39   82.06
03:41:18 67.66   83.64   72.39   82.06
03:42:22 67.66   83.53   72.39   82.06
03:43:25 67.66   83.64   72.39   81.95
03:44:28 67.66   83.64   72.39   82.06
03:45:32 67.66   83.53   72.39   82.06
03:46:35 67.66   83.64   72.39   82.06
03:47:38 67.66   83.75   72.39   82.06
03:48:42 67.66   83.75   72.39   81.95
03:49:45 67.66   83.86   72.39   81.95
03:50:48 67.66   83.86   72.39   82.18
03:51:52 67.66   83.86   72.39   82.06
03:52:55 67.66   83.64   72.39   82.06
03:53:59 67.66   83.64   72.39   82.06
03:55:02 67.66   83.86   72.39   82.06
03:56:05 67.66   83.75   72.39   82.06
03:57:09 67.66   83.75   72.39   82.06
03:58:12 67.66   83.53   72.39   82.06
03:59:15 67.66   83.41   72.39   82.06
04:00:19 67.66   83.75   72.39   81.95
04:01:22 67.66   83.41   72.39   82.06
04:02:25 67.66   83.75   72.39   82.06
04:03:29 67.66   83.30   72.39   82.06
04:04:32 67.66   83.41   72.39   81.95
04:05:35 67.66   83.64   72.39   81.95
04:06:39 67.66   83.53   72.39   81.95
04:07:42 67.66   83.64   72.39   82.06
04:08:45 67.66   83.53   72.39   82.18
04:09:49 67.66   83.75   72.39   82.18
04:10:52 67.66   83.64   72.39   82.06
04:11:55 67.66   83.41   72.39   82.06
04:12:59 67.66   83.08   72.39   82.06
04:14:02 67.66   83.30   72.39   82.06
04:15:05 67.66   83.64   72.39   81.95
04:16:09 67.66   83.64   72.39   82.06
04:17:12 67.66   83.86   72.39   82.06
04:18:15 67.66   83.64   72.39   82.06
04:19:19 67.66   83.30   72.28   82.06
04:20:22 67.66   83.53   72.39   82.06
04:21:25 67.66   83.41   72.39   81.95
04:22:29 67.66   83.53   72.39   81.95
04:23:32 67.66   83.64   72.28   81.84
04:24:35 67.66   83.53   72.39   81.84
04:25:39 67.66   83.30   72.39   81.84
04:26:42 67.66   83.64   72.39   81.95
04:27:45 67.66   83.41   72.39   81.84
04:28:49 67.55   83.75   72.28   81.84
04:29:52 67.66   83.53   72.39   81.84
04:30:55 67.66   83.41   72.39   81.84
04:31:59 67.66   83.64   72.39   81.84
04:33:02 67.55   83.53   72.28   81.95
04:34:06 67.66   83.64   72.39   82.06
04:35:09 67.66   83.53   72.39   81.95
04:36:12 67.55   83.64   72.39   81.95
04:37:16 67.66   83.64   72.28   81.95
04:38:19 67.55   83.75   72.28   82.06
04:39:22 67.66   83.41   72.39   82.06
04:40:26 67.55   83.64   72.28   81.95
04:41:29 67.66   83.41   72.28   81.95
04:42:32 67.55   83.75   72.28   81.84
04:43:36 67.66   83.41   72.28   81.84
04:44:39 67.66   83.30   72.28   81.84
04:45:42 67.66   83.30   72.39   81.84
04:46:46 67.66   83.53   72.28   81.95
04:47:49 67.66   83.30   72.28   81.95
04:48:52 67.66   83.19   72.28   81.95
04:49:56 67.66   82.85   72.28   81.84
04:50:59 67.66   83.19   72.28   81.95
04:52:02 67.55   83.19   72.28   81.84
04:53:06 67.66   83.30   72.28   81.84
04:54:09 67.55   83.41   72.28   81.84
04:55:12 67.66   83.53   72.28   81.95
04:56:16 67.66   83.53   72.28   81.95
04:57:19 67.55   83.19   72.28   81.95
04:58:22 67.55   83.41   72.28   81.84
04:59:26 67.66   83.41   72.28   81.95
05:00:29 67.55   83.30   72.28   81.95
05:01:32 67.55   83.30   72.28   81.84
05:02:36 67.66   83.30   72.28   101.30
05:03:39 67.55   83.41   72.28   104.90
05:04:42 67.66   83.64   72.28   105.91
05:05:46 67.66   83.30   72.28   106.36
05:06:49 67.66   83.53   72.28   107.04
05:07:52 67.55   83.41   72.28   107.38
05:08:56 67.66   83.30   72.28   107.49
05:09:59 67.66   83.53   72.28   107.71
05:11:02 67.66   83.41   72.28   108.61
05:12:06 67.66   83.53   72.28   109.06
05:13:09 67.66   83.53   72.28   109.29
05:14:13 67.66   83.41   72.28   109.74
05:15:16 67.66   83.53   72.28   109.62
05:16:19 67.66   83.53   72.16   109.06
05:17:23 67.66   83.75   72.28   108.50
05:18:26 67.66   83.64   72.28   107.71
05:19:29 67.66   83.75   72.16   107.04
05:20:33 67.66   83.64   72.28   111.20
05:21:36 67.78   83.75   72.28   112.21
05:22:39 67.78   83.64   72.28   111.65
05:23:43 67.66   83.64   72.16   110.75
05:24:46 67.78   83.75   72.16   110.08
05:25:49 67.78   83.64   72.16   109.17
05:26:53 67.78   83.64   72.16   110.30
05:27:56 67.78   83.64   72.16   110.64
05:28:59 67.89   83.64   72.16   109.85
05:30:03 67.89   83.41   72.28   108.84
05:31:06 67.89   83.64   72.28   107.94
05:32:09 67.78   83.75   72.16   107.04
05:33:13 67.78   83.64   72.28   106.25
05:34:16 67.78   83.64   72.16   105.46
05:35:19 67.78   83.53   72.16   104.79
05:36:23 67.78   83.41   72.16   104.11
05:37:26 67.78   83.30   72.16   103.33
05:38:29 67.78   83.41   72.16   102.76
05:39:33 67.78   83.64   72.16   102.20
05:40:36 67.78   83.41   72.16   107.60
05:41:39 67.78   83.41   72.16   110.08
05:42:43 67.78   83.41   72.28   113.56
05:43:46 67.78   83.64   72.16   112.66
05:44:49 67.78   83.64   72.16   111.20
05:45:53 67.78   83.53   72.16   109.85
05:46:56 67.78   83.97   72.28   108.50
05:48:00 68.56   104.23   72.16   107.26
05:49:03 70.70   141.12   72.28   106.48
05:50:05 71.49   154.40   72.28   106.25
05:51:08 71.94   141.80   72.28   106.14
05:52:11 72.39   115.25   72.28   105.69
05:53:15 71.83   112.89   72.28   104.90
05:54:18 70.93   112.66   72.39   104.00
05:55:21 70.36   112.78   72.39   103.33
05:56:25 70.03   111.76   72.39   102.54
05:57:28 69.69   110.08   72.39   101.86
05:58:31 69.46   108.05   72.39   101.30
05:59:35 69.35   107.60   72.50   100.74
06:00:38 69.12   105.69   72.50   100.17
06:01:41 69.12   104.00   72.50   99.73
06:02:45 69.01   103.44   72.50   99.28
06:03:48 68.90   101.64   72.50   98.71
06:04:52 68.79   102.09   72.50   98.38
06:05:55 70.81   128.30   72.50   98.04
06:06:58 71.71   146.30   72.50   98.04
06:08:01 72.16   147.54   72.61   98.38
06:09:03 72.61   122.00   72.61   98.49
06:10:07 72.28   113.23   72.61   98.26
06:11:10 71.49   113.00   72.61   97.81
06:12:14 70.81   113.90   72.61   97.36
06:13:17 70.36   112.89   72.72   96.91
06:14:20 70.03   110.86   72.72   96.46
06:15:24 69.69   109.96   72.72   96.12
06:16:27 69.58   107.83   72.72   95.79
06:17:30 69.35   105.91   72.72   95.56
06:18:34 69.24   105.12   72.72   95.22
06:19:37 69.24   104.11   72.72   94.89
06:20:40 69.12   102.54   72.72   94.55
06:21:44 69.01   101.08   72.72   94.33
06:22:47 69.01   100.06   72.72   94.10
06:23:50 69.01   98.60   72.72   93.76
06:24:54 68.90   97.36   72.72   93.54
06:25:57 68.90   97.03   72.72   93.20
06:27:00 68.90   96.12   72.72   93.09
06:28:04 68.79   94.89   72.72   92.75
06:29:07 68.79   94.66   72.72   92.53
06:30:10 68.79   93.65   72.72   92.30
06:31:14 68.68   92.30   72.72   92.08
06:32:17 68.68   92.08   72.72   91.96
06:33:20 68.56   91.18   72.72   91.62
06:34:24 68.68   90.72   72.72   91.51
06:35:27 68.56   90.28   72.72   91.40
06:36:30 68.56   90.28   72.72   91.18
06:37:34 68.56   89.83   72.72   91.06
06:38:37 68.45   89.60   72.72   90.72
06:39:40 68.45   89.38   72.72   90.61
06:40:44 68.34   89.04   72.72   90.39
06:41:47 68.34   88.47   72.72   90.28
06:42:50 68.22   88.47   72.72   90.16
06:43:54 68.11   88.03   72.72   90.05
06:44:57 68.11   87.46   72.72   89.94
06:46:01 68.11   87.69   72.61   89.83
06:47:04 68.00   87.46   72.61   89.60
06:48:07 68.00   87.35   72.61   89.49
06:49:11 68.00   87.12   72.61   89.26
06:50:14 68.00   87.01   72.61   89.15
06:51:17 68.00   86.56   72.61   88.93
06:52:21 68.00   86.56   72.61   88.81
06:53:24 67.89   86.34   72.61   88.81
06:54:27 67.89   86.34   72.61   88.70
06:55:31 67.89   86.11   72.61   88.47
06:56:34 67.89   85.89   72.61   88.36
06:57:37 67.89   85.89   72.61   88.25
06:58:41 67.89   85.78   72.61   88.14
06:59:44 67.78   85.78   72.61   88.03
07:00:47 67.89   85.78   72.61   88.03
07:01:51 67.89   85.78   72.61   87.91
07:02:54 67.89   85.78   72.61   87.80
07:03:57 67.78   85.66   72.61   87.69
07:05:01 67.89   85.55   72.61   87.58
07:06:04 67.89   85.55   72.61   87.46
07:07:07 67.78   85.33   72.61   87.35
07:08:11 67.78   85.21   72.50   87.24
07:09:14 67.78   84.99   72.50   87.24
07:10:17 67.78   84.99   72.50   87.12
07:11:21 67.78   84.99   72.50   88.70
07:12:24 67.78   85.10   72.50   88.93
07:13:27 67.78   85.10   72.50   89.04
07:14:31 67.78   84.99   72.50   88.93
07:15:34 67.78   84.99   72.50   88.81
07:16:37 67.78   85.21   72.50   88.81
07:17:41 67.78   84.99   72.50   88.47
07:18:44 67.78   84.76   72.50   88.36
07:19:48 67.78   85.10   72.50   88.14
07:20:51 67.78   85.10   72.50   88.14
07:21:54 67.78   84.88   72.50   88.03
07:22:58 67.78   84.88   72.50   87.91
07:24:01 67.78   84.65   72.50   87.69
07:25:04 67.78   84.76   72.50   87.58
07:26:08 67.78   84.88   72.50   87.69
07:27:11 67.78   84.76   72.50   87.46
07:28:14 67.78   84.76   72.50   87.35
07:29:18 67.78   84.65   72.50   87.24
07:30:21 67.78   84.65   72.50   87.01
07:31:24 67.78   84.20   72.50   87.01
07:32:28 67.78   84.65   72.50   86.79
07:33:31 67.78   84.65   72.50   101.41
07:34:34 67.78   84.65   72.39   109.29
07:35:38 67.78   84.65   72.50   110.41
07:36:41 67.78   84.65   72.39   110.86
07:37:44 67.78   84.43   72.39   111.09
07:38:48 67.78   84.65   72.39   111.54
07:39:51 67.78   84.76   72.39   111.54
07:40:54 67.78   84.43   72.39   111.31
07:41:58 67.78   84.54   72.39   111.20
07:43:01 67.78   84.54   72.39   110.86
07:44:04 67.78   84.54   72.39   110.30
07:45:08 67.78   84.65   72.39   109.96
07:46:11 67.89   84.76   72.39   109.51
07:47:14 67.78   84.76   72.39   108.95
07:48:18 67.89   84.54   72.39   108.28
07:49:21 67.89   84.54   72.39   110.30
07:50:25 67.89   84.31   72.39   110.19
07:51:28 67.89   84.09   72.39   111.31
07:52:31 67.89   84.65   72.39   111.54
07:53:35 67.89   84.54   72.39   110.98
07:54:38 67.89   84.54   72.39   110.30
07:55:41 67.89   84.43   72.39   109.40
07:56:45 67.89   84.54   72.39   108.73
07:57:48 67.89   84.65   72.39   107.94
07:58:51 67.89   84.43   72.39   107.15
07:59:55 67.89   84.31   72.39   106.36
08:00:58 67.89   84.31   72.39   105.69
08:02:01 67.89   84.43   72.39   111.31
08:03:05 67.89   84.31   72.39   110.98
08:04:08 68.00   84.20   72.39   110.08
08:05:11 68.00   84.43   72.39   109.06
08:06:15 68.00   84.20   72.39   108.16
08:07:18 68.00   84.31   72.39   107.38
08:08:21 68.11   84.54   72.39   106.59
08:09:25 68.11   84.20   72.39   107.49
08:10:28 68.11   84.20   72.39   111.99
08:11:31 68.34   88.93   72.28   111.42
08:12:35 70.70   130.55   72.39   110.53
08:13:38 71.71   148.32   72.39   109.96
08:14:40 72.39   127.74   72.39   109.51
08:15:44 72.50   112.21   72.39   109.06
08:16:47 71.60   111.54   72.39   108.28
08:17:50 70.93   112.10   72.50   107.60
08:18:54 70.47   110.75   72.50   106.70
08:19:57 70.14   110.08   72.50   106.03
08:21:00 69.80   108.39   72.50   105.35
08:22:04 69.58   107.04   72.50   104.67
08:23:07 69.46   105.46   72.50   104.11
08:24:10 69.35   103.89   72.50   103.33
08:25:14 69.24   103.33   72.50   102.99
08:26:17 69.12   101.19   72.39   102.42
08:27:20 69.12   99.73   72.50   102.09
08:28:24 69.01   98.71   72.50   101.53
08:29:27 68.90   97.14   72.50   101.08
08:30:31 68.90   96.46   72.50   100.62
08:31:34 68.79   95.79   72.39   100.29
08:32:37 68.79   94.66   72.50   99.73
08:33:41 68.79   93.88   72.39   99.39
08:34:44 68.79   92.97   72.39   99.05
08:35:47 68.68   92.64   72.39   98.71
08:36:51 68.68   91.62   72.39   98.38
08:37:54 68.68   91.06   72.39   97.81
08:38:57 68.68   90.61   72.39   97.48
08:40:01 68.56   90.16   72.39   97.14
08:41:04 68.56   89.71   72.39   96.91
08:42:07 68.56   90.05   72.39   96.58
08:43:11 68.56   89.04   72.28   96.12
08:44:14 68.45   88.81   72.39   95.90
08:45:17 68.45   88.70   72.39   95.56
08:46:21 68.45   88.36   72.39   95.22
08:47:24 68.45   87.91   72.39   95.00
08:48:27 68.45   87.69   72.28   94.78
08:49:31 68.45   87.58   72.39   94.44
08:50:34 68.45   87.46   72.28   94.10
08:51:37 68.45   87.12   72.28   93.88
08:52:41 68.45   86.79   72.28   93.65
08:53:44 68.34   86.68   72.28   93.43
08:54:47 68.34   87.01   72.28   93.09
08:55:51 68.34   86.56   72.28   92.97
08:56:54 68.34   86.45   72.28   92.75
08:57:57 68.34   86.11   72.28   92.64
08:59:01 68.34   85.89   72.28   92.53
09:00:04 68.34   85.89   72.16   92.19
09:01:07 68.22   85.78   72.28   91.96
09:02:11 68.22   85.78   72.16   91.85
09:03:14 68.22   85.55   72.16   91.51
09:04:18 68.22   85.55   72.16   91.29
09:05:21 68.22   85.44   72.16   91.18
09:06:24 68.22   85.66   72.16   91.06
09:07:28 68.22   85.33   72.16   90.95
09:08:31 68.22   85.33   72.16   90.61
09:09:34 68.22   84.88   72.16   90.61
09:10:38 68.11   85.10   72.16   90.39
09:11:41 68.22   85.44   72.16   90.16
09:12:44 68.22   84.88   72.16   89.94
09:13:48 68.22   84.88   72.05   89.71
09:14:51 68.11   84.65   72.16   89.60
09:15:54 68.11   84.76   72.05   89.49
09:16:58 68.11   84.88   72.05   89.38
09:18:01 68.11   84.76   72.05   89.15
09:19:04 68.11   84.65   72.05   89.04
09:20:08 68.11   84.65   72.05   89.04
09:21:11 68.11   84.54   72.05   88.93
09:22:14 68.11   84.31   72.05   88.81
09:23:18 68.11   84.43   72.05   88.70
09:24:21 68.11   84.43   72.05   88.47
09:25:24 68.11   84.54   72.05   88.36
09:26:28 68.11   84.43   71.94   88.25
09:27:31 68.11   84.31   72.05   88.14
09:28:34 68.11   84.54   71.94   87.91
09:29:38 68.11   84.43   72.05   87.91
09:30:41 68.11   84.20   72.05   87.80
09:31:44 68.00   84.20   71.94   87.69
09:32:48 68.11   84.31   71.94   87.69
09:33:51 68.11   84.31   71.94   87.58
09:34:54 68.11   84.43   71.94   87.35
09:35:58 68.11   84.43   71.94   87.24
09:37:01 68.11   84.31   71.94   87.12
09:38:05 68.11   84.20   71.94   87.12
09:39:08 68.00   84.09   71.94   87.01
09:40:11 68.00   83.86   71.94   87.01
09:41:15 68.00   83.86   71.94   86.90
09:42:18 68.00   83.86   71.94   86.90
09:43:21 68.00   83.86   71.94   86.79
09:44:25 68.00   83.86   71.94   86.68
09:45:28 68.00   84.09   71.94   86.68
09:46:31 68.00   83.97   71.94   86.56
09:47:35 68.00   83.97   71.94   86.45
09:48:38 68.00   83.97   71.94   86.45
09:49:41 68.00   83.86   71.94   86.34
09:50:45 68.00   83.75   71.83   86.34
09:51:48 68.00   83.75   71.83   86.22
09:52:51 68.00   83.75   71.83   86.11
09:53:55 68.00   83.86   71.83   86.00
09:54:58 68.00   83.64   71.83   86.11
09:56:01 68.00   83.97   71.83   86.00
09:57:05 68.00   83.75   71.83   85.89
09:58:08 68.00   83.75   71.83   85.89
09:59:11 68.00   83.64   71.83   85.89
10:00:15 68.00   83.53   71.71   85.78
10:01:18 68.00   83.64   71.83   85.66
10:02:21 68.00   83.86   71.71   85.78
10:03:25 68.00   83.53   71.71   85.66
10:04:28 68.00   83.75   71.83   85.66
10:05:31 68.00   83.75   71.71   85.44
10:06:35 67.89   83.41   71.71   85.55
10:07:38 67.89   83.75   71.71   85.55
10:08:41 68.00   83.41   71.71   85.44
10:09:45 68.00   83.64   71.71   85.33
10:10:48 68.00   83.53   71.71   85.44
10:11:52 68.00   83.53   71.71   85.33
10:12:55 68.00   83.30   71.71   85.33
10:13:58 68.00   83.41   71.71   85.21
10:15:02 67.89   83.41   71.71   85.10
10:16:05 67.89   83.41   71.71   85.10
10:17:08 67.89   83.64   71.71   85.10
10:18:12 68.00   83.53   71.71   84.99
10:19:15 68.00   83.41   71.71   85.10
10:20:18 67.89   83.41   71.71   84.99
10:21:22 67.89   83.19   71.71   84.88
10:22:25 67.89   83.41   71.71   84.88
10:23:28 67.89   83.53   71.60   84.88
10:24:32 67.89   83.41   71.60   84.76
10:25:35 67.89   83.41   71.71   84.88
10:26:38 67.89   83.53   71.60   84.88
10:27:42 67.89   83.41   71.60   84.65
10:28:45 67.89   83.53   71.60   84.65
10:29:48 67.89   83.19   71.60   84.54
10:30:52 67.89   83.41   71.60   84.54
10:31:55 67.89   83.53   71.60   84.54
10:32:58 67.89   83.19   71.60   84.54
10:34:02 67.89   83.53   71.60   84.54
10:35:05 67.89   83.53   71.60   84.54
10:36:08 67.89   83.41   71.60   84.43
10:37:12 67.89   83.08   71.60   84.43
10:38:15 67.89   83.30   71.60   84.31
10:39:18 67.89   83.19   71.60   84.20
10:40:22 67.89   83.08   71.60   84.31
10:41:25 67.89   82.96   71.60   84.31
10:42:28 67.89   83.19   71.60   84.31
10:43:32 67.89   83.19   71.49   84.43
10:44:35 67.89   83.53   71.49   84.54
10:45:39 67.89   83.41   71.49   84.54
10:46:42 67.89   83.08   71.49   84.31
10:47:45 67.89   83.08   71.49   84.20
10:48:49 67.89   83.19   71.49   84.20
10:49:52 67.89   83.41   71.49   84.20
10:50:55 67.89   83.53   71.49   84.20
10:51:59 67.89   83.19   71.49   84.20
10:53:02 67.89   82.96   71.49   84.31
10:54:05 67.78   83.19   71.49   84.20
10:55:09 67.89   83.30   71.49   84.09
10:56:12 67.89   83.30   71.49   84.09
10:57:15 67.89   83.19   71.49   83.97
10:58:19 67.89   83.41   71.49   83.97
10:59:22 67.78   83.41   71.49   83.97
11:00:25 67.78   83.19   71.49   83.86
11:01:29 67.78   82.96   71.49   83.97
11:02:32 67.78   83.19   71.49   83.97
11:03:35 67.78   83.19   71.49   83.97
11:04:39 67.78   83.30   71.49   83.86
11:05:42 67.89   83.19   71.49   83.86
11:06:45 67.89   82.85   71.38   83.75
11:07:49 67.78   82.85   71.49   83.75
11:08:52 67.78   82.85   71.49   83.75
11:09:55 67.78   82.96   71.38   83.64
11:10:59 67.78   82.85   71.38   83.64
11:12:02 67.78   83.08   71.38   83.53
11:13:05 67.78   82.85   71.38   83.53
11:14:09 67.78   83.08   71.38   83.53
11:15:12 67.78   83.08   71.38   83.53
11:16:15 67.78   82.85   71.38   83.64
11:17:19 67.78   83.19   71.38   83.53
11:18:22 67.78   83.30   71.26   83.53
11:19:26 67.78   83.08   71.38   83.41
11:20:29 67.78   82.96   71.26   83.41
11:21:32 67.78   83.08   71.38   83.53
11:22:36 67.78   83.08   71.38   83.53
11:23:39 67.78   83.19   71.38   83.41
11:24:42 67.78   83.19   71.26   83.53
11:25:46 67.66   82.96   71.26   83.53
11:26:49 67.78   82.74   71.38   83.53
11:27:52 67.78   83.08   71.26   83.41
11:28:56 67.78   82.96   71.26   83.41
11:29:59 67.78   82.74   71.38   83.41
11:31:02 67.78   82.62   71.26   83.41
11:32:06 67.78   82.85   71.26   83.41
11:33:09 67.78   82.74   71.26   83.41
11:34:12 67.78   82.62   71.38   83.41
11:35:16 67.78   82.96   71.26   83.30
11:36:19 67.78   82.96   71.26   83.19
11:37:22 67.78   82.85   71.26   83.19
11:38:26 67.78   82.85   71.26   83.19
11:39:29 67.78   82.85   71.26   83.19
11:40:32 67.78   82.62   71.26   83.30
11:41:36 67.78   82.62   71.26   83.30
11:42:39 67.78   82.74   71.26   83.19
11:43:42 67.78   82.62   71.26   83.19
11:44:46 67.78   82.85   71.26   83.08
11:45:49 67.66   82.74   71.26   83.19
11:46:52 67.78   82.74   71.26   83.19
11:47:56 67.78   82.74   71.26   83.19
11:48:59 67.78   82.74   71.26   83.08
11:50:02 67.78   82.96   71.26   83.08
11:51:06 67.78   82.74   71.26   83.08
11:52:09 67.78   82.74   71.26   83.08
11:53:13 67.78   82.62   71.26   83.08
11:54:16 67.78   82.62   71.26   83.08
11:55:19 67.78   82.74   71.26   83.08
11:56:23 67.78   82.85   71.26   82.96
11:57:26 67.66   82.62   71.26   82.85
11:58:29 67.66   82.62   71.15   82.96
11:59:33 67.66   82.74   71.15   82.96
12:00:36 67.66   82.29   71.26   82.85
12:01:39 67.78   82.51   71.15   82.85
12:02:43 67.78   82.74   71.15   82.74
12:03:46 67.78   82.74   71.15   82.85
12:04:49 67.78   82.74   71.26   82.85
12:05:53 67.78   82.85   71.26   82.85
12:06:56 67.78   82.96   71.15   82.96
12:07:59 67.66   82.74   71.15   82.85
12:09:03 67.66   82.62   71.15   82.74
12:10:06 67.66   82.62   71.26   82.62
12:11:09 67.66   82.85   71.15   82.51
12:12:13 67.66   82.74   71.15   82.62
12:13:16 67.66   82.96   71.15   82.62
12:14:19 67.66   82.85   71.15   82.62
12:15:23 67.66   82.62   71.15   82.62
12:16:26 67.66   82.74   71.15   82.85
12:17:29 67.66   82.62   71.15   82.85
12:18:33 67.66   82.62   71.15   82.96
12:19:36 67.66   82.62   71.15   82.85
12:20:39 67.66   82.51   71.15   82.74
12:21:43 67.66   82.29   71.15   82.62
12:22:46 67.66   82.62   71.15   82.74
12:23:49 67.66   82.51   71.15   82.62
12:24:53 67.66   82.62   71.15   82.62
12:25:56 67.66   82.74   71.15   82.51
12:26:59 67.66   82.74   71.15   82.62
12:28:03 67.66   82.62   71.15   82.62
12:29:06 67.66   82.40   71.15   82.62
12:30:09 67.66   82.51   71.15   82.51
12:31:13 67.66   82.62   71.15   82.62
12:32:16 67.66   82.62   71.15   82.51
12:33:19 67.66   82.29   71.15   82.62
12:34:23 67.66   82.62   71.15   82.74
12:35:26 67.66   82.62   71.15   82.51
12:36:29 67.66   82.51   71.15   82.62
12:37:33 67.66   82.62   71.15   82.62
12:38:36 67.66   82.74   71.15   82.74
12:39:40 67.66   82.62   71.04   82.74
12:40:43 67.66   82.51   71.04   82.62
12:41:46 67.66   82.62   71.15   82.51
12:42:50 67.66   82.74   71.15   82.62
12:43:53 67.66   82.51   71.15   82.62
12:44:56 67.66   82.85   71.04   82.51
12:46:00 67.66   82.62   71.04   82.51
12:47:03 67.66   82.74   71.04   82.51
12:48:06 67.66   82.74   71.15   82.51
12:49:10 67.66   82.85   71.15   82.40
12:50:13 67.66   82.51   71.04   82.29
12:51:16 67.66   82.74   71.04   82.40
12:52:20 67.66   82.51   71.04   82.29
12:53:23 67.66   82.29   71.04   82.29
12:54:26 67.66   82.40   71.04   82.18
12:55:30 67.66   82.40   71.04   82.40
12:56:33 67.66   82.51   71.04   82.29
12:57:36 67.66   82.62   71.04   82.40
12:58:40 67.66   82.85   71.04   82.40
12:59:43 67.66   82.62   71.04   82.29
13:00:46 67.66   82.51   71.04   82.29
13:01:50 67.66   82.51   71.04   82.18
13:02:53 67.55   82.51   71.04   82.18
13:03:56 67.55   82.40   71.04   82.18
13:05:00 67.55   82.51   71.04   82.18
13:06:03 67.55   82.51   71.04   82.18
13:07:06 67.55   82.62   71.04   82.18
13:08:10 67.55   82.51   71.04   82.18
13:09:13 67.55   82.62   71.04   82.18
13:10:16 67.55   82.29   71.04   82.29
13:11:20 67.55   82.51   71.04   82.06
13:12:23 67.55   82.51   71.04   82.18
13:13:26 67.66   82.51   71.04   82.18
13:14:30 67.55   82.62   71.04   82.06
13:15:33 67.66   82.62   71.04   82.18
13:16:37 67.55   82.96   71.04   82.18
13:17:40 67.66   82.74   71.04   82.06
13:18:43 67.55   82.51   71.04   82.18
13:19:47 67.55   82.62   70.93   82.06
13:20:50 67.55   82.51   70.93   82.06
13:21:53 67.55   82.51   71.04   82.18
13:22:57 67.55   82.62   71.04   82.18
13:24:00 67.55   82.62   71.04   82.18
13:25:03 67.44   82.85   71.04   82.18
13:26:07 67.55   82.74   71.04   82.18
13:27:10 67.55   82.51   70.93   82.06
13:28:13 67.55   82.51   71.04   82.06
13:29:17 67.55   82.51   71.04   82.18
13:30:20 67.55   82.40   70.93   82.06
13:31:23 67.55   82.51   70.93   82.06
13:32:27 67.55   82.51   71.04   82.18
13:33:30 67.55   82.51   70.93   82.18
13:34:33 67.55   82.51   70.93   82.29
13:35:37 67.55   82.51   70.93   82.18
13:36:40 67.55   82.40   70.93   82.29
13:37:43 67.55   82.40   70.93   82.29
13:38:47 67.55   82.40   70.93   82.18
13:39:50 67.66   82.29   70.93   82.18
13:40:53 67.55   82.29   70.93   82.18
13:41:57 67.55   82.40   70.93   82.18
13:43:00 67.55   82.29   70.93   82.06
13:44:03 67.55   82.18   70.93   82.06
13:45:07 67.55   82.18   70.93   82.06
13:46:10 67.55   82.29   70.93   82.18
13:47:13 67.55   82.29   70.93   82.06
13:48:17 67.55   82.40   70.93   81.95
13:49:20 67.55   82.29   70.93   81.95
13:50:23 67.55   82.40   70.93   82.06
13:51:27 67.55   82.62   70.93   82.06
13:52:30 67.55   82.40   70.93   81.95
13:53:33 67.55   82.51   70.93   81.84
13:54:37 67.55   82.40   70.93   81.84
13:55:40 67.55   82.51   70.93   81.84
13:56:43 67.66   82.51   70.93   81.95
13:57:47 67.55   82.40   70.93   82.06
13:58:50 67.55   82.40   70.93   82.06
13:59:53 67.55   82.40   70.93   81.95
14:00:57 67.55   82.29   70.93   81.95
14:02:00 67.55   82.51   70.93   81.84
14:03:03 67.55   82.40   70.93   81.84
14:04:07 67.55   82.40   70.93   81.95
14:05:10 67.55   82.40   70.93   81.95
14:06:14 67.55   82.29   70.93   81.95
14:07:17 67.55   82.51   70.93   81.95
14:08:20 67.55   82.51   70.93   81.95
14:09:24 67.55   82.62   70.93   81.95
14:10:27 67.55   82.51   70.93   81.95
14:11:30 67.55   82.40   70.93   81.84
14:12:34 67.55   82.29   70.93   81.84
14:13:37 67.55   82.40   70.81   81.84
14:14:40 67.55   82.51   70.93   81.72
14:15:44 67.55   82.74   70.93   81.84
14:16:47 67.55   82.51   70.81   81.95
14:17:50 67.44   82.40   70.93   81.84
14:18:54 67.44   82.51   70.81   81.84
14:19:57 67.44   82.74   70.93   81.84
14:21:00 67.44   82.74   70.81   81.95
14:22:04 67.44   82.29   70.81   81.95
14:23:07 67.44   82.62   70.81   81.95
14:24:10 67.33   82.51   70.81   81.95
14:25:14 67.44   82.29   70.81   81.84
14:26:17 67.33   82.51   70.81   81.95
14:27:20 67.44   82.62   70.81   81.84
14:28:24 67.44   82.40   70.81   81.84
14:29:27 67.44   82.51   70.81   81.84
14:30:30 67.44   82.40   70.81   81.72
14:31:34 67.44   82.62   70.81   81.72
14:32:37 67.44   82.51   70.81   81.72
14:33:40 67.55   82.62   70.81   81.72
14:34:44 67.44   82.85   70.81   81.72
14:35:47 67.55   82.62   70.81   81.84
14:36:50 67.55   82.51   70.81   81.84
14:37:54 67.44   82.51   70.81   81.95
14:38:57 67.44   82.40   70.81   81.95
14:40:00 67.55   82.51   70.81   81.84
14:41:04 67.55   82.51   70.81   81.72
14:42:07 67.44   82.29   70.81   81.72
14:43:10 67.55   82.40   70.81   81.72
14:44:14 67.44   82.18   70.81   81.72
14:45:17 67.44   82.29   70.81   81.61
14:46:21 67.44   82.29   70.81   81.72
14:47:24 67.55   82.18   70.81   81.61
14:48:27 67.55   82.51   70.81   81.72
14:49:31 67.55   82.51   70.81   81.61
14:50:34 67.55   82.29   70.81   81.61
14:51:37 67.55   82.29   70.81   81.61
14:52:41 67.55   82.18   70.81   81.61
14:53:44 67.55   82.06   70.81   81.61
14:54:47 67.55   82.62   70.81   81.50
14:55:51 67.55   82.51   70.70   81.61
14:56:54 67.55   82.40   70.70   81.61
14:57:57 67.55   82.40   70.70   81.72
14:59:01 67.55   82.40   70.81   81.72
15:00:04 67.55   82.29   70.70   81.72
15:01:07 67.55   82.29   70.81   81.72
15:02:11 67.55   82.29   70.70   81.72
15:03:14 67.44   82.18   70.70   81.61
15:04:17 67.55   82.06   70.70   81.50
15:05:21 67.44   82.29   70.70   81.61
15:06:24 67.55   82.40   70.70   81.50
15:07:27 67.44   82.06   70.70   81.61
15:08:31 67.55   82.29   70.70   81.61
15:09:34 67.55   82.29   70.81   81.61
15:10:37 67.44   82.06   70.70   81.61
15:11:41 67.44   82.18   70.70   81.72
15:12:44 67.44   82.51   70.70   81.61
15:13:47 67.44   82.40   70.70   81.61
15:14:51 67.55   82.18   70.70   81.61
15:15:54 67.55   82.06   70.70   81.61
15:16:57 67.55   82.29   70.70   81.61
15:18:01 67.44   82.06   70.70   81.61
15:19:04 67.44   82.18   70.70   81.50
15:20:07 67.44   82.40   70.70   81.61
15:21:11 67.44   82.29   70.70   81.61
15:22:14 67.44   82.06   70.70   81.50
15:23:17 67.44   82.29   70.70   81.50
15:24:21 67.44   82.29   70.70   81.50
15:25:24 67.44   82.29   70.59   81.39
15:26:28 67.44   82.29   70.70   81.50
15:27:31 67.44   82.18   70.70   81.50
15:28:34 67.44   82.06   70.70   81.50
15:29:38 67.44   82.18   70.70   81.61
15:30:41 67.44   82.06   70.59   81.72
15:31:44 67.44   81.95   70.59   81.72
15:32:48 67.44   82.29   70.59   81.61
15:33:51 67.44   82.29   70.59   81.61
15:34:54 67.44   82.18   70.59   81.61
15:35:58 67.44   82.40   70.59   81.61
15:37:01 67.44   82.06   70.59   81.61
15:38:04 67.44   82.40   70.59   81.61
15:39:08 67.44   82.06   70.59   81.61
15:40:11 67.44   81.95   70.59   81.50
15:41:14 67.44   82.29   70.59   81.50
15:42:18 67.44   82.40   70.59   81.39
15:43:21 67.44   82.18   70.59   81.39
15:44:24 67.44   81.95   70.59   81.39
15:45:28 67.44   81.95   70.59   81.39
15:46:31 67.44   82.18   70.59   81.39
15:47:34 67.44   82.18   70.59   81.61
15:48:38 67.44   81.95   70.59   81.50
15:49:41 67.44   81.95   70.59   81.39
15:50:44 67.44   82.06   70.59   81.28
15:51:48 67.44   82.29   70.59   81.28
15:52:51 67.44   82.06   70.59   81.39
15:53:54 67.44   82.40   70.59   81.39
15:54:58 67.44   81.95   70.59   81.39
15:56:01 67.44   81.84   70.59   81.39
15:57:05 67.44   81.95   70.47   81.28
15:58:08 67.44   82.06   70.47   81.39
15:59:11 67.44   82.29   70.59   81.39
16:00:15 67.44   82.29   70.47   81.28
16:01:18 67.44   82.40   70.59   81.28
16:02:21 67.44   82.51   70.47   81.28
16:03:25 67.44   82.06   70.47   81.16
16:04:28 67.44   82.06   70.47   81.28
16:05:31 67.44   82.06   70.47   81.39
16:06:35 67.44   81.95   70.47   81.28
16:07:38 67.44   81.72   70.59   81.28
16:08:41 67.44   81.84   70.47   81.16
16:09:45 67.44   81.84   70.47   81.16
16:10:48 67.44   82.06   70.47   81.16
16:11:51 67.33   82.29   70.47   81.16
16:12:55 67.33   81.95   70.47   81.16
16:13:58 67.44   81.95   70.47   81.16
16:15:01 67.44   81.84   70.47   81.16
16:16:05 67.33   81.95   70.36   81.16
16:17:08 67.33   81.50   70.47   81.05
16:18:11 67.44   81.95   70.47   81.05
16:19:15 67.44   81.84   70.47   81.16
16:20:18 67.44   81.72   70.36   81.05
16:21:21 67.33   81.95   70.36   81.16
16:22:25 67.33   81.84   70.36   81.16
16:23:28 67.33   81.95   70.36   81.16
16:24:31 67.33   81.84   70.36   81.16
16:25:35 67.33   81.84   70.36   81.16
16:26:38 67.33   82.06   70.36   81.16
16:27:41 67.33   82.06   70.36   81.05
16:28:45 67.33   81.72   70.36   81.16
16:29:48 67.33   81.95   70.36   81.16
16:30:52 67.21   81.84   70.36   81.16
16:31:55 67.21   81.84   70.36   81.16
16:32:58 67.21   81.84   70.36   80.94
16:34:02 67.21   81.72   70.36   81.05
16:35:05 67.21   81.72   70.36   80.94
16:36:08 67.21   81.50   70.25   80.94
16:37:12 67.21   81.61   70.25   80.83
16:38:15 67.21   81.84   70.25   80.83
16:39:18 67.21   81.61   70.25   80.83
16:40:22 67.21   81.50   70.25   80.94
16:41:25 67.21   81.50   70.25   80.94
16:42:28 67.21   81.61   70.25   81.05
16:43:32 67.21   81.84   70.25   80.94
16:44:35 67.21   81.84   70.25   81.05
16:45:38 67.21   81.72   70.25   81.05
16:46:42 67.21   81.95   70.25   81.05
16:47:45 67.21   81.84   70.25   80.94
16:48:48 67.21   81.72   70.25   80.94
16:49:52 67.21   81.50   70.25   80.94
16:50:55 67.21   81.72   70.25   80.94
16:51:58 67.21   81.61   70.25   81.05
16:53:02 67.21   81.72   70.14   80.94
16:54:05 67.21   81.61   70.14   80.83
16:55:08 67.21   81.61   70.14   80.83
16:56:12 67.21   81.72   70.14   80.83
16:57:15 67.21   81.39   70.14   80.94
16:58:18 67.21   81.61   70.14   80.94
16:59:22 67.21   81.72   70.14   80.94
17:00:25 67.21   81.84   70.14   80.83
17:01:28 67.10   81.39   70.14   80.83
17:02:32 67.21   81.61   70.14   80.83
17:03:35 67.21   81.50   70.03   80.83
17:04:39 67.10   81.61   70.03   80.83
17:05:42 67.21   81.61   70.14   80.71
17:06:45 67.10   81.72   70.03   80.71
17:07:49 67.10   81.61   70.03   80.71
17:08:52 67.10   81.50   70.03   80.71
17:09:55 67.10   81.39   70.14   80.71
17:10:59 67.10   81.61   70.03   80.71
17:12:02 67.10   81.28   70.03   80.83
17:13:05 67.10   81.39   70.03   80.71
17:14:09 67.10   81.39   70.03   80.71
17:15:12 67.10   81.50   70.03   80.71
17:16:15 67.10   81.50   70.03   80.60
17:17:19 67.10   81.61   70.03   80.60
17:18:22 67.10   81.50   70.03   80.60
17:19:25 67.10   81.61   70.03   80.60
17:20:29 67.10   81.39   70.03   80.60
17:21:32 67.10   81.28   70.03   80.60
17:22:35 67.10   81.28   70.03   80.60
17:23:39 67.10   81.28   70.03   80.71
17:24:42 67.10   81.39   70.03   80.71
17:25:45 67.10   81.39   70.03   80.60
17:26:49 67.10   81.05   70.03   80.60
17:27:52 67.10   81.28   70.03   80.60
17:28:55 67.10   81.28   70.03   80.60
17:29:59 67.10   81.50   70.03   80.49
17:31:02 67.10   81.61   70.03   80.60
17:32:05 67.10   81.50   70.03   80.60
17:33:09 67.10   81.61   70.14   80.60
17:34:12 67.10   81.28   70.14   80.60
17:35:16 67.10   81.39   70.03   80.71
17:36:19 67.10   81.05   70.03   80.71
17:37:22 67.10   81.28   70.03   80.71
17:38:26 67.10   81.50   70.03   80.60
17:39:29 67.10   81.39   70.03   80.60
17:40:32 67.10   81.16   70.14   80.71
17:41:36 67.10   81.61   70.03   80.71
17:42:39 67.10   81.39   70.14   80.71
17:43:42 67.10   81.50   70.14   80.71
17:44:46 67.10   81.16   70.03   80.71
17:45:49 67.10   81.28   70.03   80.71
17:46:52 67.10   81.28   70.14   80.71
17:47:56 66.99   81.39   70.14   80.60
17:48:59 67.10   81.16   70.14   80.60
17:50:02 67.10   81.39   70.03   80.71
17:51:06 67.10   81.28   70.03   80.71
17:52:09 67.10   81.61   70.14   80.60
17:53:12 67.10   81.50   70.14   80.60
17:54:16 67.10   81.28   70.14   80.60
17:55:19 67.10   81.28   70.14   80.60
17:56:22 66.99   81.28   70.03   80.71
17:57:26 67.10   81.05   70.14   80.71
17:58:29 67.10   81.16   70.03   80.60
17:59:32 66.99   81.16   70.14   80.60
18:00:36 67.10   81.28   70.03   80.60
18:01:39 67.10   81.28   70.03   80.60
18:02:42 67.10   81.05   70.03   80.60
18:03:46 67.10   81.28   70.03   80.60
18:04:49 67.10   81.28   70.03   80.60
18:05:52 67.10   81.28   70.03   80.60
18:06:56 67.10   81.28   70.14   94.44
18:07:59 67.10   81.16   70.14   102.54
18:09:03 66.99   81.50   70.03   101.98
18:10:06 66.99   81.39   70.14   100.29
18:11:09 66.99   81.16   70.14   98.94
18:12:13 66.99   81.39   70.14   97.59
18:13:16 66.99   81.50   70.14   96.35
18:14:19 66.99   81.28   70.14   95.22
18:15:23 66.99   81.16   70.14   94.21
18:16:26 66.88   81.28   70.14   93.54
18:17:29 66.99   81.28   70.14   92.86
18:18:33 66.99   81.28   70.14   92.30
18:19:36 66.88   81.39   70.14   95.45
18:20:39 66.88   81.50   70.14   104.45
18:21:43 66.99   81.61   70.25   106.36
18:22:46 66.88   81.28   70.25   106.70
18:23:49 66.88   81.61   70.25   105.91
18:24:53 66.88   81.50   70.14   104.45
18:25:56 66.88   81.28   70.14   103.10
18:26:59 66.99   81.61   70.14   104.00
18:28:03 66.99   81.61   70.25   105.35
18:29:06 66.88   81.50   70.14   104.45
18:30:09 66.99   81.61   70.14   102.99
18:31:13 66.99   81.50   70.25   103.89
18:32:16 66.88   81.50   70.14   102.76
18:33:19 66.88   81.39   70.25   101.64
18:34:23 66.88   81.61   70.14   106.14
18:35:26 66.88   81.50   70.25   106.92
18:36:29 66.88   81.61   70.25   106.81
18:37:33 66.88   81.72   70.25   106.03
18:38:36 66.88   81.84   70.25   104.90
18:39:40 66.99   81.50   70.25   103.89
18:40:43 66.99   81.84   70.25   102.99
18:41:46 66.99   81.84   70.25   101.98
18:42:50 67.10   81.95   70.25   101.08
18:43:53 67.10   82.06   70.25   100.06
18:44:56 67.21   81.95   70.25   99.39
18:46:00 67.21   81.95   70.25   98.49
18:47:03 67.21   82.06   70.25   97.70
18:48:06 67.21   82.06   70.25   96.91
18:49:10 67.21   81.95   70.25   96.24
18:50:13 67.10   82.18   70.25   95.68
18:51:16 67.10   82.06   70.36   95.00
18:52:20 67.10   81.84   70.25   94.55
18:53:23 67.10   81.95   70.36   94.10
18:54:26 66.99   82.06   70.36   93.65
18:55:30 66.99   81.95   70.36   93.31
18:56:33 66.99   81.84   70.36   92.97
18:57:36 66.99   82.06   70.36   92.41
18:58:40 66.99   81.95   70.36   92.08
18:59:43 66.99   82.18   70.36   91.62
19:00:46 66.99   82.06   70.36   91.40
19:01:50 66.99   82.06   70.36   91.06
19:02:53 66.99   81.72   70.36   90.72
19:03:56 66.99   81.95   70.36   90.50
19:05:00 66.99   82.06   70.36   90.28
19:06:03 66.99   82.18   70.36   89.94
19:07:06 66.99   81.84   70.36   89.71
19:08:10 66.99   82.06   70.36   89.38
19:09:13 66.99   82.18   70.36   89.15
19:10:16 66.99   82.29   70.36   88.93
19:11:20 66.99   82.18   70.36   88.70
19:12:23 66.99   82.29   70.36   88.36
19:13:27 66.99   82.29   70.36   88.25
19:14:30 66.99   82.29   70.36   87.91
19:15:33 66.99   82.18   70.36   87.69
19:16:37 66.88   81.95   70.36   87.46
19:17:40 66.88   81.95   70.36   87.24
19:18:43 66.99   82.06   70.36   87.24
19:19:47 66.99   82.18   70.36   87.01
19:20:50 66.99   82.06   70.36   87.35
19:21:53 66.99   81.95   70.36   103.66
19:22:57 66.99   82.06   70.36   107.71
19:24:00 66.99   82.06   70.36   108.28
19:25:03 66.88   82.18   70.36   107.15
19:26:07 66.99   82.29   70.36   105.46
19:27:10 66.99   81.95   70.36   108.50
19:28:13 66.99   82.18   70.36   108.95
19:29:17 66.99   81.95   70.47   107.83
19:30:20 66.99   81.95   70.47   106.25
19:31:23 66.99   81.95   70.47   104.90
19:32:27 66.99   81.95   70.47   103.44
19:33:30 66.99   82.29   70.47   102.31
19:34:33 66.99   81.95   70.59   101.30
19:35:37 66.99   81.84   70.59   100.29
19:36:40 66.99   82.06   70.59   99.39
19:37:43 67.10   81.84   70.59   98.49
19:38:47 66.99   81.95   70.59   97.70
19:39:50 66.99   82.18   70.59   96.91
19:40:53 66.99   82.06   70.70   96.24
19:41:57 66.99   81.95   70.70   95.68
19:43:00 66.99   82.18   70.70   95.22
19:44:03 66.99   82.06   70.70   94.78
19:45:07 66.99   81.84   70.70   94.21
19:46:10 66.99   82.06   70.70   93.65
19:47:14 67.10   81.95   70.70   93.09
19:48:17 66.99   81.84   70.81   92.75
19:49:20 67.10   81.95   70.81   92.30
19:50:24 67.10   81.84   70.81   91.96
19:51:27 66.99   81.84   70.81   91.62
19:52:30 67.10   81.95   70.81   91.29
19:53:34 67.10   81.72   70.81   90.95
19:54:37 67.10   81.95   70.93   90.61
19:55:40 67.10   82.06   70.93   90.28
19:56:44 67.10   81.95   70.93   90.05
19:57:47 67.10   81.84   70.93   89.71
19:58:50 66.99   81.72   70.93   89.49
19:59:54 66.99   81.95   70.93   89.15
20:00:57 67.10   81.39   70.93   88.81
20:02:00 67.10   81.61   71.04   88.59
20:03:04 66.99   81.72   70.93   88.47
20:04:07 66.99   81.95   70.93   88.25
20:05:10 67.10   81.84   70.93   88.03
20:06:14 66.99   81.61   70.93   87.80
20:07:17 66.99   81.95   70.93   87.69
20:08:20 67.10   82.06   71.04   87.35
20:09:24 67.10   81.84   71.04   87.12
20:10:27 67.10   81.95   71.04   87.01
20:11:30 67.10   81.72   71.04   86.90
20:12:34 67.10   82.18   71.04   86.79
20:13:37 66.99   81.50   71.04   86.68
20:14:40 66.99   81.61   71.04   86.45
20:15:44 66.99   81.72   71.04   86.34
20:16:47 67.10   81.84   71.15   86.22
20:17:50 67.10   81.95   71.15   86.00
20:18:54 67.10   81.84   71.15   85.66
20:19:57 67.10   82.06   71.15   85.66
20:21:00 67.10   81.84   71.15   85.55
20:22:04 67.10   81.95   71.15   85.44
20:23:07 67.10   81.84   71.15   85.33
20:24:11 67.10   81.95   71.15   85.21
20:25:14 67.10   81.84   71.15   84.99
20:26:17 67.10   81.95   71.15   84.88
20:27:21 67.10   81.95   71.04   84.76
20:28:24 67.10   81.72   71.04   84.54
20:29:27 67.10   82.29   71.04   84.43
20:30:31 67.10   81.84   71.04   84.43
20:31:34 67.10   81.84   71.04   84.20
20:32:37 67.10   81.84   71.04   84.09
20:33:41 67.10   81.95   71.04   83.97
20:34:44 67.10   81.72   71.15   83.97
20:35:47 67.10   81.95   71.15   83.97
20:36:51 67.10   81.84   71.04   83.75
20:37:54 67.10   81.84   71.15   95.45
20:38:57 67.10   81.84   71.15   95.68
20:40:01 67.10   81.72   71.15   94.44
20:41:04 67.10   81.72   71.15   93.31
20:42:07 67.10   81.84   71.04   92.41
20:43:11 67.10   81.95   71.15   91.74
20:44:14 67.10   82.06   71.04   91.06
20:45:17 67.10   81.72   71.04   90.50
20:46:21 67.10   82.06   71.15   89.94
20:47:24 67.10   81.95   71.04   89.49
20:48:27 67.10   81.95   71.15   89.26
20:49:31 67.10   81.84   71.04   88.81
20:50:34 67.10   81.95   71.04   88.47
20:51:37 67.10   81.84   71.04   88.14
20:52:41 67.10   81.72   71.04   88.03
20:53:44 67.10   81.95   71.04   87.58
20:54:47 67.10   81.95   71.04   87.35
20:55:51 67.10   82.18   71.04   87.12
20:56:54 67.10   81.95   71.04   86.90
20:57:57 67.10   82.18   71.04   86.56
20:59:01 67.10   81.72   71.04   86.56
21:00:04 67.10   81.72   70.93   86.45
21:01:07 67.10   81.95   70.93   86.11
21:02:11 67.10   82.29   71.04   92.30
21:03:14 67.10   82.06   70.93   105.12
21:04:17 67.10   81.84   70.93   107.38
21:05:21 67.10   82.18   70.93   108.16
21:06:24 67.10   82.29   70.93   108.84
21:07:28 66.99   81.95   70.93   109.06
21:08:31 67.10   81.84   70.93   109.06
21:09:34 67.10   81.95   70.93   108.95
21:10:38 66.99   81.95   70.93   108.73
21:11:41 67.10   82.06   70.81   108.39
21:12:44 67.10   82.06   70.81   108.05
21:13:48 67.10   82.18   70.81   107.71
21:14:51 67.21   82.18   70.81   107.04
21:15:54 67.21   82.29   70.81   106.48
21:16:58 67.21   82.06   70.81   105.91
21:18:01 67.21   82.06   70.81   105.35
21:19:04 67.21   82.18   70.81   104.79
21:20:08 67.21   82.29   70.81   105.58
21:21:11 67.21   82.18   70.81   105.12
21:22:14 67.21   82.06   70.81   108.73
21:23:18 67.21   82.18   70.81   108.28
21:24:21 67.10   82.18   70.81   107.49
21:25:24 67.10   81.95   70.81   106.59
21:26:28 67.21   82.06   70.81   105.69
21:27:31 67.21   82.18   70.81   104.45
21:28:34 67.10   82.06   70.81   103.10
21:29:38 67.10   82.06   70.81   102.31
21:30:41 67.21   82.51   70.81   101.75
21:31:44 67.10   82.29   70.70   101.19
21:32:48 67.10   82.18   70.70   100.62
21:33:51 67.10   82.18   70.70   100.17
21:34:54 67.10   82.18   70.70   99.61
21:35:58 67.10   81.95   70.81   99.16
21:37:01 67.10   81.84   70.81   98.60
21:38:05 67.10   82.06   70.81   98.26
21:39:08 67.10   82.18   70.70   97.81
21:40:11 67.10   82.06   70.70   97.36
21:41:15 67.10   82.18   70.81   96.91
21:42:18 67.21   82.18   70.70   96.69
21:43:21 67.21   82.18   70.70   96.35
21:44:25 67.21   82.06   70.70   96.01
21:45:28 67.33   82.18   70.81   95.79
21:46:31 67.21   82.06   70.70   95.45
21:47:35 67.33   82.18   70.70   95.22
21:48:38 67.21   82.06   70.70   95.00
21:49:41 67.33   82.18   70.70   94.78
21:50:45 67.33   82.18   70.81   94.44
21:51:48 67.33   82.29   70.70   94.21
21:52:51 67.33   82.06   70.81   93.99
21:53:55 67.33   82.18   70.70   93.76
21:54:58 67.33   82.18   70.70   93.54
21:56:01 67.44   82.18   70.70   93.31
21:57:05 67.33   82.06   70.70   93.20
21:58:08 67.44   82.06   70.81   93.09
21:59:11 67.44   81.95   70.70   92.97
22:00:15 67.44   81.95   70.70   92.64
22:01:18 67.44   82.06   70.81   92.53
22:02:21 67.44   82.06   70.70   92.41
22:03:25 67.44   82.18   70.70   92.19
22:04:28 67.44   82.18   70.81   92.08
22:05:31 67.44   81.84   70.70   91.74
22:06:35 67.44   81.95   70.70   91.51
22:07:38 67.44   82.06   70.70   91.29
22:08:41 67.33   81.72   70.81   90.95
22:09:45 67.21   82.29   70.81   90.84
22:10:48 67.21   82.06   70.70   90.72
22:11:52 67.21   81.95   70.70   90.61
22:12:55 67.21   81.84   70.81   90.39
22:13:58 67.21   81.84   70.81   90.16
22:15:02 67.21   81.84   70.70   89.94
22:16:05 67.10   82.06   70.70   92.53
22:17:08 67.10   81.95   70.70   92.41
22:18:12 67.10   81.84   70.70   92.75
22:19:15 67.10   81.84   70.70   108.73
22:20:18 67.10   81.72   70.70   109.74
22:21:22 66.99   81.84   70.70   109.06
22:22:25 66.99   81.50   70.70   108.28
22:23:28 67.10   81.95   70.70   107.26
22:24:32 66.99   82.06   70.70   106.25
22:25:35 66.99   81.72   70.81   105.35
22:26:38 66.99   81.84   70.70   104.45
22:27:42 66.99   81.72   70.70   103.66
22:28:45 66.99   81.95   70.70   102.76
22:29:48 66.99   81.61   70.59   102.09
22:30:52 66.99   81.72   70.70   109.40
22:31:55 66.99   81.95   70.70   109.96
22:32:58 66.99   81.72   70.70   109.40
22:34:02 66.99   81.84   70.70   108.61
22:35:05 66.99   81.72   70.70   107.94
22:36:08 66.99   81.84   70.70   108.95
22:37:12 66.99   81.84   70.70   108.73
22:38:15 66.99   81.95   70.70   108.50
22:39:18 66.99   81.72   70.59   107.94
22:40:22 66.99   81.84   70.59   107.26
22:41:25 66.99   81.84   70.59   107.15
22:42:28 66.99   81.72   70.59   107.83
22:43:32 66.99   81.84   70.59   107.71
22:44:35 66.99   81.95   70.59   107.26
22:45:39 67.10   81.84   70.59   106.81
22:46:42 67.10   81.84   70.59   106.25
22:47:45 67.10   81.84   70.59   105.69
22:48:49 67.10   81.84   70.47   105.01
22:49:52 67.21   81.84   70.47   104.34
22:50:55 67.21   81.50   70.47   103.78
22:51:59 67.21   81.72   70.47   103.10
22:53:02 67.21   81.84   70.47   102.31
22:54:05 67.21   81.95   70.47   101.64
22:55:09 67.21   81.84   70.47   101.08
22:56:12 67.21   81.84   70.47   100.40
22:57:15 67.21   81.95   70.47   99.84
22:58:19 67.21   81.61   70.47   99.28
22:59:22 67.21   81.72   70.47   98.94
23:00:25 67.21   81.72   70.36   109.29
23:01:29 67.21   81.61   70.36   110.86
23:02:32 67.21   81.50   70.36   110.86
23:03:35 67.21   81.72   70.47   110.41
23:04:39 67.10   81.50   70.36   109.62
23:05:42 67.10   81.50   70.36   108.73
23:06:45 67.10   81.50   70.36   107.94
23:07:49 67.10   81.39   70.36   107.15
23:08:52 67.10   81.50   70.36   106.36
23:09:55 67.10   81.28   70.36   105.58
23:10:59 67.10   81.39   70.36   104.79
23:12:02 67.10   81.28   70.36   104.00
23:13:05 66.99   81.39   70.36   103.33
23:14:09 67.10   81.16   70.36   102.65
23:15:12 67.10   81.16   70.25   101.86
23:16:16 67.10   81.39   70.36   101.30
23:17:19 67.10   81.28   70.25   100.62
23:18:22 66.99   81.39   70.25   100.06
23:19:26 66.99   81.16   70.25   99.39
23:20:29 66.99   81.16   70.25   98.94
23:21:32 66.99   81.28   70.25   98.38
23:22:36 66.99   81.39   70.25   97.92
23:23:39 66.99   81.28   70.25   97.36
23:24:42 66.99   81.05   70.25   96.91
23:25:46 66.99   81.16   70.25   96.46
23:26:49 66.99   81.05   70.25   95.90
23:27:52 66.99   81.28   70.14   95.45
23:28:56 66.99   81.39   70.25   95.00
23:29:59 66.99   81.16   70.14   94.66
23:31:02 66.99   81.39   70.14   94.21
23:32:06 66.99   81.28   70.14   93.99
23:33:09 66.99   81.39   70.14   93.43
23:34:12 66.88   81.50   70.14   93.20
23:35:16 66.99   81.39   70.14   92.75
23:36:19 66.88   81.28   70.14   102.99
23:37:22 66.99   81.28   70.14   107.83
23:38:26 66.99   81.05   70.03   109.51
23:39:29 66.99   81.05   70.03   109.96
23:40:32 66.99   81.28   70.03   109.51
23:41:36 66.99   81.16   70.03   108.50
23:42:39 66.99   81.16   70.03   107.26
23:43:42 66.99   81.39   70.03   106.14
23:44:46 66.99   81.16   70.03   105.24
23:45:49 66.99   81.05   70.03   104.11
23:46:53 66.99   81.28   70.03   103.10
23:47:56 66.99   81.28   70.03   102.20
23:48:59 66.88   81.39   70.03   101.30
23:50:03 66.88   81.50   70.03   100.51
23:51:06 66.99   81.39   70.03   99.73
23:52:09 66.88   81.28   70.03   99.05
23:53:13 66.88   81.05   70.03   98.38
23:54:16 66.88   80.83   70.03   97.81
23:55:19 66.88   80.94   69.91   97.14
23:56:23 66.88   81.16   69.91   96.58
23:57:26 66.88   80.83   69.91   96.01
23:58:29 66.88   81.16   69.91   95.68
23:59:33 66.88   80.83   69.91   95.11
