 Date  Furn_In  Furn_Out  Bsmnt   Water_Htr
00:00:52 66.76   83.41   71.38   92.08
00:01:56 66.76   83.30   71.38   91.85
00:02:59 66.76   83.08   71.38   91.51
00:04:02 66.76   83.30   71.38   91.18
00:05:06 66.65   83.08   71.38   90.84
00:06:09 66.76   83.30   71.38   90.61
00:07:12 66.65   83.30   71.38   90.50
00:08:16 66.76   82.96   71.38   90.16
00:09:19 66.76   83.19   71.38   89.83
00:10:22 66.76   83.19   71.38   89.71
00:11:26 66.76   83.30   71.38   89.49
00:12:29 66.65   83.41   71.38   89.38
00:13:33 66.65   83.53   71.38   89.15
00:14:36 66.65   83.19   71.38   88.93
00:15:39 66.76   83.30   71.38   88.70
00:16:43 66.65   83.19   71.38   88.59
00:17:46 66.65   83.08   71.38   88.36
00:18:49 66.76   82.96   71.38   88.14
00:19:53 66.65   83.19   71.38   88.03
00:20:56 66.65   82.96   71.38   87.80
00:21:59 66.76   83.19   71.38   87.69
00:23:03 66.65   83.41   71.38   87.58
00:24:06 66.76   83.19   71.38   87.35
00:25:09 66.65   83.08   71.26   87.24
00:26:13 66.65   82.96   71.38   87.12
00:27:16 66.76   82.96   71.38   87.01
00:28:19 66.65   83.08   71.38   86.79
00:29:23 66.65   83.30   71.38   86.68
00:30:26 66.76   83.08   71.38   86.56
00:31:29 66.76   82.85   71.26   86.45
00:32:33 66.76   82.96   71.26   86.45
00:33:36 66.76   83.19   71.38   86.34
00:34:39 66.65   83.08   71.38   86.11
00:35:43 66.65   83.30   71.26   86.11
00:36:46 66.76   83.08   71.38   85.89
00:37:49 66.76   83.41   71.26   85.89
00:38:53 66.76   83.19   71.26   85.89
00:39:56 66.76   83.41   71.26   85.66
00:40:59 66.65   83.19   71.26   85.66
00:42:03 66.65   82.96   71.26   85.55
00:43:06 66.76   82.96   71.26   85.55
00:44:09 66.65   83.30   71.26   85.33
00:45:13 66.76   82.85   71.26   85.21
00:46:16 66.76   83.19   71.26   85.21
00:47:20 66.76   83.19   71.26   84.99
00:48:23 66.76   82.96   71.26   84.99
00:49:26 66.76   82.85   71.26   84.88
00:50:30 66.76   82.74   71.26   84.99
00:51:33 66.76   82.96   71.26   84.76
00:52:36 66.76   82.96   71.26   84.76
00:53:40 66.65   82.96   71.26   84.65
00:54:43 66.65   82.85   71.26   84.54
00:55:46 66.76   82.85   71.26   84.43
00:56:50 66.76   82.74   71.26   84.31
00:57:53 66.76   82.96   71.26   84.31
00:58:56 66.76   83.08   71.26   84.31
01:00:00 66.76   82.96   71.26   84.31
01:01:03 66.65   82.74   71.26   84.20
01:02:06 66.76   82.96   71.26   84.20
01:03:10 66.76   82.85   71.26   84.09
01:04:13 66.76   82.85   71.26   83.97
01:05:16 66.76   82.85   71.26   83.97
01:06:20 66.76   82.74   71.26   83.86
01:07:23 66.76   83.08   71.26   83.86
01:08:26 66.76   82.96   71.26   83.86
01:09:30 66.76   82.96   71.26   83.86
01:10:33 66.76   82.85   71.26   83.75
01:11:36 66.76   82.96   71.26   83.75
01:12:40 66.76   82.96   71.26   83.75
01:13:43 66.76   82.74   71.26   83.64
01:14:46 66.76   82.85   71.26   83.64
01:15:50 66.76   82.85   71.26   83.64
01:16:53 66.76   83.08   71.26   83.64
01:17:56 66.76   82.85   71.26   83.53
01:19:00 66.76   82.62   71.15   83.41
01:20:03 66.76   82.85   71.26   83.41
01:21:07 66.76   83.08   71.26   83.41
01:22:10 66.76   83.08   71.26   83.41
01:23:13 66.76   83.08   71.15   83.41
01:24:17 66.76   82.74   71.15   83.30
01:25:20 66.76   83.08   71.26   83.41
01:26:23 66.76   82.85   71.15   83.19
01:27:27 66.76   82.85   71.26   83.19
01:28:30 66.76   82.85   71.26   83.19
01:29:33 66.76   82.40   71.26   83.08
01:30:37 66.76   82.51   71.15   83.08
01:31:40 66.76   82.74   71.26   83.08
01:32:43 66.76   82.85   71.15   83.08
01:33:47 66.76   82.85   71.15   82.96
01:34:50 66.76   82.62   71.15   82.96
01:35:53 66.76   82.51   71.15   82.96
01:36:57 66.76   82.74   71.26   82.96
01:38:00 66.76   82.74   71.15   82.85
01:39:03 66.76   82.85   71.15   82.96
01:40:07 66.76   82.85   71.15   82.96
01:41:10 66.76   82.96   71.15   82.85
01:42:13 66.76   82.96   71.15   82.96
01:43:17 66.76   82.85   71.26   82.85
01:44:20 66.76   82.96   71.15   82.85
01:45:23 66.76   82.74   71.15   82.85
01:46:27 66.76   82.85   71.15   82.74
01:47:30 66.76   82.74   71.15   82.62
01:48:33 66.76   82.85   71.15   82.62
01:49:37 66.76   82.96   71.15   82.74
01:50:40 66.76   82.85   71.15   82.62
01:51:43 66.76   82.62   71.15   82.62
01:52:47 66.76   82.96   71.15   82.62
01:53:50 66.76   82.62   71.15   82.62
01:54:53 66.76   82.62   71.15   82.62
01:55:57 66.76   82.74   71.15   82.62
01:57:00 66.76   82.85   71.15   82.62
01:58:03 66.76   82.85   71.15   82.62
01:59:07 66.76   82.85   71.15   82.62
02:00:10 66.76   82.74   71.15   82.51
02:01:13 66.76   82.74   71.15   82.62
02:02:17 66.88   82.62   71.15   82.51
02:03:20 66.76   82.74   71.15   82.51
02:04:24 66.76   82.74   71.15   82.40
02:05:27 66.76   82.40   71.15   82.29
02:06:30 66.76   82.62   71.15   82.29
02:07:34 66.76   82.96   71.15   82.18
02:08:37 66.76   82.85   71.15   82.29
02:09:40 66.76   82.85   71.15   82.29
02:10:44 66.76   82.96   71.15   82.29
02:11:47 66.76   83.08   71.15   82.18
02:12:50 66.76   82.96   71.15   82.18
02:13:54 66.76   82.62   71.15   82.29
02:14:57 66.76   82.62   71.15   82.18
02:16:00 66.76   82.51   71.15   82.18
02:17:04 66.76   82.74   71.15   82.18
02:18:07 66.76   82.62   71.15   82.06
02:19:10 66.76   82.51   71.15   82.06
02:20:14 66.76   82.29   71.15   82.18
02:21:17 66.76   82.62   71.15   82.18
02:22:20 66.76   82.62   71.15   82.06
02:23:24 66.76   82.62   71.15   82.06
02:24:27 66.76   82.74   71.15   82.06
02:25:30 66.76   82.62   71.15   81.95
02:26:34 66.88   82.85   71.15   82.06
02:27:37 66.76   82.62   71.15   82.06
02:28:40 66.76   82.85   71.15   82.18
02:29:44 66.76   82.85   71.15   82.06
02:30:47 66.76   82.40   71.15   82.06
02:31:50 66.88   82.40   71.15   82.06
02:32:54 66.88   82.62   71.15   82.06
02:33:57 66.76   82.29   71.15   82.06
02:35:00 66.76   82.40   71.15   82.06
02:36:04 66.76   82.62   71.15   81.95
02:37:07 66.76   82.74   71.15   81.84
02:38:10 66.76   82.62   71.15   81.84
02:39:14 66.76   82.62   71.15   81.95
02:40:17 66.76   82.62   71.15   81.84
02:41:20 66.76   82.51   71.15   81.95
02:42:24 66.76   82.74   71.15   81.95
02:43:27 66.76   82.51   71.04   81.95
02:44:30 66.76   82.74   71.15   81.84
02:45:34 66.76   83.19   71.15   81.84
02:46:37 66.88   82.96   71.15   81.84
02:47:40 66.76   82.51   71.04   81.84
02:48:44 66.76   82.62   71.15   81.95
02:49:47 66.76   82.85   71.15   81.95
02:50:50 66.88   82.85   71.04   81.95
02:51:54 66.76   82.85   71.04   81.95
02:52:57 66.88   82.51   71.15   81.84
02:54:00 66.88   82.62   71.15   81.84
02:55:04 66.76   82.51   71.04   81.84
02:56:07 66.76   82.40   71.04   81.95
02:57:11 66.88   82.29   71.04   81.84
02:58:14 66.88   82.51   71.04   81.84
02:59:17 66.76   82.74   71.15   81.61
03:00:21 66.88   82.62   71.04   81.72
03:01:24 66.88   82.51   71.15   81.72
03:02:27 66.88   82.62   71.04   81.84
03:03:31 66.88   82.51   71.15   81.72
03:04:34 66.88   82.29   71.04   81.84
03:05:37 66.88   82.29   71.04   81.72
03:06:41 66.88   82.62   71.04   81.72
03:07:44 66.88   82.74   71.04   81.84
03:08:47 66.88   82.62   71.15   81.84
03:09:51 66.88   82.62   71.04   81.72
03:10:54 66.88   82.51   71.04   81.84
03:11:57 66.88   82.62   71.04   81.84
03:13:01 66.88   82.62   71.04   81.84
03:14:04 66.88   82.51   71.04   81.84
03:15:07 66.88   82.29   71.04   81.84
03:16:11 66.88   82.18   71.15   81.72
03:17:14 66.88   82.40   71.04   81.61
03:18:17 66.88   82.51   71.04   81.61
03:19:21 66.88   82.29   71.04   81.61
03:20:24 66.88   82.62   71.04   81.61
03:21:27 66.88   82.51   71.04   81.50
03:22:31 66.88   82.62   71.04   81.61
03:23:34 66.88   82.40   71.04   81.61
03:24:37 66.88   82.29   71.04   81.61
03:25:41 66.88   82.51   71.04   81.61
03:26:44 66.88   82.51   71.04   81.61
03:27:47 66.88   82.51   71.04   81.84
03:28:51 66.88   82.40   71.04   81.84
03:29:54 66.88   82.18   71.04   81.84
03:30:58 66.88   82.40   71.04   81.72
03:32:01 66.88   82.74   71.04   81.72
03:33:04 66.88   82.40   71.04   81.84
03:34:08 66.88   82.51   71.04   81.84
03:35:11 66.88   82.29   71.04   81.84
03:36:14 66.88   82.29   71.04   81.84
03:37:18 66.88   82.51   71.04   81.84
03:38:21 66.88   82.18   71.04   81.84
03:39:24 66.88   82.40   71.04   81.84
03:40:28 66.88   82.29   71.04   81.61
03:41:31 66.88   82.18   71.04   81.84
03:42:34 66.88   82.29   71.04   81.72
03:43:38 66.88   82.29   71.04   81.61
03:44:41 66.88   82.29   71.04   81.72
03:45:44 66.88   82.40   71.04   81.72
03:46:48 66.88   82.29   71.04   81.72
03:47:51 66.88   82.51   71.04   81.72
03:48:54 66.88   82.40   71.04   81.61
03:49:58 66.88   82.40   71.04   81.61
03:51:01 66.88   82.74   71.04   81.50
03:52:04 66.88   82.51   71.04   81.50
03:53:08 66.88   82.40   71.04   81.61
03:54:11 66.76   82.40   71.04   81.50
03:55:14 66.76   82.29   71.04   81.61
03:56:18 66.76   82.06   71.04   81.72
03:57:21 66.76   82.18   71.04   81.72
03:58:24 66.76   82.51   71.04   81.72
03:59:28 66.76   82.40   71.04   81.61
04:00:31 66.76   82.40   71.04   81.61
04:01:35 66.76   82.51   71.04   81.72
04:02:38 66.76   82.40   71.04   81.61
04:03:41 66.76   82.62   71.04   81.61
04:04:45 66.76   82.51   71.04   81.72
04:05:48 66.76   82.06   71.04   81.61
04:06:51 66.76   82.51   71.04   81.61
04:07:55 66.76   82.29   71.04   81.50
04:08:58 66.76   82.29   71.04   81.61
04:10:01 66.76   82.18   71.04   81.61
04:11:05 66.76   82.40   71.04   81.61
04:12:08 66.76   82.18   71.04   81.72
04:13:11 66.76   82.62   70.93   81.61
04:14:15 66.76   82.40   70.93   81.61
04:15:18 66.76   82.40   71.04   81.61
04:16:21 66.76   82.06   70.93   81.61
04:17:25 66.65   82.18   70.93   81.61
04:18:28 66.76   82.40   70.93   81.61
04:19:31 66.76   82.18   70.93   81.50
04:20:35 66.76   82.18   70.93   81.50
04:21:38 66.76   82.18   70.93   81.39
04:22:41 66.65   82.06   70.93   81.39
04:23:45 66.76   82.18   70.93   81.39
04:24:48 66.76   82.18   70.93   81.50
04:25:51 66.65   82.29   70.93   81.50
04:26:55 66.76   82.18   70.93   81.50
04:27:58 66.76   82.18   70.93   81.50
04:29:01 66.76   82.40   70.93   81.50
04:30:05 66.65   82.18   70.81   81.61
04:31:08 66.65   82.40   70.93   81.50
04:32:12 66.76   82.29   70.81   81.61
04:33:15 66.65   82.18   70.81   81.61
04:34:18 66.65   82.40   70.81   81.61
04:35:22 66.65   82.29   70.81   81.61
04:36:25 66.76   82.29   70.81   81.61
04:37:28 66.76   82.29   70.81   81.39
04:38:32 66.65   82.40   70.81   81.28
04:39:35 66.65   82.18   70.81   81.39
04:40:38 66.76   82.06   70.81   81.39
04:41:42 66.65   82.18   70.81   81.50
04:42:45 66.65   82.29   70.81   81.39
04:43:48 66.65   82.29   70.81   81.28
04:44:52 66.65   82.18   70.81   81.39
04:45:55 66.65   82.18   70.81   81.39
04:46:58 66.65   82.18   70.81   81.39
04:48:02 66.65   82.29   70.70   81.39
04:49:05 66.65   82.06   70.70   81.50
04:50:08 66.76   82.06   70.81   81.50
04:51:12 66.76   82.18   70.70   81.39
04:52:15 66.65   82.18   70.70   81.39
04:53:18 66.76   81.95   70.81   81.39
04:54:22 66.65   82.06   70.70   81.50
04:55:25 66.65   82.40   70.70   81.50
04:56:28 66.65   82.06   70.70   81.39
04:57:32 66.65   81.95   70.70   81.39
04:58:35 66.65   81.95   70.70   81.39
04:59:38 66.76   82.29   70.70   81.39
05:00:42 66.65   82.29   70.70   81.39
05:01:45 66.65   82.18   70.70   81.39
05:02:48 66.65   82.06   70.70   81.28
05:03:52 66.65   82.18   70.70   81.28
05:04:55 66.65   81.95   70.70   81.39
05:05:59 66.65   82.06   70.70   81.39
05:07:02 66.65   82.06   70.70   81.28
05:08:05 66.65   82.18   70.70   81.28
05:09:09 66.65   81.95   70.70   81.28
05:10:12 66.65   82.18   70.70   81.28
05:11:15 66.65   84.20   70.70   81.16
05:12:19 68.34   118.29   70.70   81.28
05:13:21 69.80   145.29   70.59   81.84
05:14:24 70.36   155.53   70.70   82.85
05:15:27 70.81   143.49   70.70   83.53
05:16:30 71.26   149.34   70.81   84.09
05:17:33 71.60   157.89   70.81   84.76
05:18:36 71.94   147.88   70.81   85.21
05:19:39 72.28   148.89   70.93   85.55
05:20:42 72.50   157.44   70.93   85.89
05:21:45 72.72   152.04   71.04   86.34
05:22:48 72.95   123.91   71.15   86.45
05:23:51 72.50   114.69   71.15   86.22
05:24:54 71.26   115.48   71.26   85.78
05:25:58 70.47   115.59   71.26   85.55
05:27:01 69.91   116.49   71.26   85.21
05:28:04 71.26   131.56   71.38   85.44
05:29:07 72.05   146.53   71.38   86.00
05:30:10 72.39   156.54   71.49   86.79
05:31:13 72.61   150.24   71.49   87.46
05:32:16 72.95   141.46   71.49   87.80
05:33:19 73.06   118.85   71.60   87.80
05:34:22 72.50   114.58   71.60   87.58
05:35:25 71.26   114.69   71.71   87.12
05:36:29 70.59   112.66   71.71   87.01
05:37:32 70.03   115.14   71.71   86.90
05:38:35 71.49   129.76   71.71   86.90
05:39:38 72.28   145.40   71.83   87.46
05:40:41 72.50   155.75   71.83   88.03
05:41:44 72.84   153.39   71.83   88.59
05:42:47 73.18   125.49   71.94   88.93
05:43:50 72.84   114.24   71.94   88.81
05:44:53 71.71   115.25   72.05   88.59
05:45:57 70.81   114.69   72.05   88.25
05:47:00 70.25   116.15   72.16   88.14
05:48:03 69.80   115.36   72.05   87.91
05:49:07 71.26   127.29   72.16   87.91
05:50:10 72.28   143.26   72.16   88.36
05:51:12 72.72   154.40   72.16   88.93
05:52:15 73.06   155.19   72.16   89.60
05:53:18 73.29   128.07   72.28   89.94
05:54:22 73.18   114.24   72.28   89.94
05:55:25 72.05   115.14   72.28   89.71
05:56:28 71.04   114.58   72.39   89.38
05:57:32 70.47   113.23   72.39   89.15
05:58:35 70.03   114.58   72.39   88.93
05:59:38 69.69   113.45   72.39   88.81
06:00:42 69.46   112.33   72.39   88.81
06:01:45 69.24   113.23   72.39   88.70
06:02:48 71.71   135.84   72.39   104.56
06:03:51 72.50   149.56   72.39   109.17
06:04:54 72.95   146.07   72.50   110.64
06:05:57 73.29   120.42   72.50   111.54
06:07:00 72.39   119.19   72.50   111.76
06:08:03 71.38   118.96   72.50   111.20
06:09:07 70.59   119.98   72.61   112.21
06:10:10 70.25   119.30   72.61   112.55
06:11:13 69.80   117.16   72.61   112.78
06:12:17 69.58   115.48   72.61   113.00
06:13:20 69.35   113.90   72.61   112.78
06:14:23 69.12   112.10   72.61   112.21
06:15:27 69.12   110.53   72.61   111.65
06:16:30 69.01   109.29   72.61   110.98
06:17:34 68.90   107.71   72.61   110.30
06:18:37 68.79   105.91   72.61   109.62
06:19:40 68.68   104.34   72.61   108.95
06:20:44 68.68   102.76   72.61   108.28
06:21:47 68.56   101.98   72.61   107.60
06:22:50 68.56   100.62   72.61   108.84
06:23:54 68.56   99.28   72.61   112.66
06:24:57 68.56   98.26   72.61   112.10
06:26:00 68.45   97.70   72.61   111.20
06:27:04 68.56   96.91   72.50   110.19
06:28:07 68.45   96.24   72.50   109.29
06:29:10 68.45   95.68   72.50   108.50
06:30:14 68.45   95.22   72.50   107.71
06:31:17 68.45   94.33   72.50   106.92
06:32:20 68.45   93.65   72.61   106.25
06:33:24 68.34   92.86   72.61   105.69
06:34:27 68.34   92.19   72.61   105.12
06:35:30 68.34   91.85   72.50   104.67
06:36:34 68.22   91.74   72.50   104.00
06:37:37 68.22   91.40   72.50   103.55
06:38:40 68.22   91.18   72.50   102.99
06:39:44 68.22   90.61   72.50   102.65
06:40:47 68.11   90.39   72.50   110.19
06:41:50 68.11   90.05   72.50   113.90
06:42:54 68.11   89.94   72.39   113.23
06:43:57 68.11   89.60   72.50   112.10
06:45:01 68.00   89.49   72.50   110.75
06:46:04 68.11   89.26   72.39   109.51
06:47:07 68.00   89.15   72.39   108.39
06:48:11 68.11   88.93   72.39   107.49
06:49:14 68.00   88.47   72.39   106.48
06:50:17 68.00   88.59   72.39   105.69
06:51:21 68.00   88.25   72.39   105.01
06:52:24 68.00   88.25   72.39   104.23
06:53:27 68.00   88.03   72.39   103.55
06:54:31 67.89   88.03   72.39   102.99
06:55:34 67.89   87.69   72.39   102.31
06:56:37 67.89   87.80   72.39   101.86
06:57:41 67.89   87.58   72.39   101.41
06:58:44 67.89   87.58   72.28   100.96
06:59:47 67.89   87.35   72.28   100.40
07:00:51 67.89   87.24   72.28   99.95
07:01:54 67.89   87.12   72.28   99.50
07:02:57 67.89   87.24   72.28   99.05
07:04:01 67.78   87.24   72.28   98.60
07:05:04 67.78   86.90   72.28   98.26
07:06:07 67.78   86.68   72.28   97.81
07:07:11 67.78   86.68   72.28   97.48
07:08:14 67.78   86.90   72.28   97.14
07:09:17 67.78   86.56   72.28   96.69
07:10:21 67.78   86.34   72.28   96.35
07:11:24 67.78   86.56   72.28   96.12
07:12:27 67.78   86.45   72.16   106.03
07:13:31 67.78   86.00   72.16   111.88
07:14:34 67.78   86.11   72.16   112.21
07:15:37 67.78   86.22   72.16   112.33
07:16:41 67.66   86.22   72.16   112.44
07:17:44 67.78   86.22   72.16   112.66
07:18:48 67.78   86.22   72.16   112.55
07:19:51 67.78   86.34   72.16   112.44
07:20:54 67.78   86.22   72.16   112.10
07:21:58 67.78   86.45   72.16   111.76
07:23:01 67.78   86.22   72.05   111.42
07:24:04 67.78   86.22   72.05   110.98
07:25:08 67.78   86.34   72.05   110.41
07:26:11 67.78   86.11   72.05   109.96
07:27:14 67.78   86.00   72.05   109.17
07:28:18 67.78   85.89   72.05   108.50
07:29:21 67.78   86.00   72.05   110.53
07:30:24 67.78   85.89   72.05   110.41
07:31:28 67.78   85.89   71.94   111.20
07:32:31 67.78   86.00   72.05   111.65
07:33:34 67.78   85.78   71.94   111.76
07:34:38 67.78   85.78   72.05   111.31
07:35:41 67.78   85.78   71.94   110.64
07:36:44 67.78   85.89   71.94   110.08
07:37:48 67.78   85.78   71.94   109.40
07:38:51 67.78   85.78   71.94   108.73
07:39:54 67.78   85.78   71.94   108.05
07:40:58 67.78   85.78   71.94   107.49
07:42:01 67.89   85.66   71.83   106.81
07:43:04 67.78   85.89   71.94   106.25
07:44:08 67.78   85.66   71.94   105.69
07:45:11 67.78   85.55   71.94   105.24
07:46:14 67.78   85.55   71.94   104.67
07:47:18 67.66   85.55   71.94   104.23
07:48:21 67.78   85.55   71.94   103.66
07:49:25 67.89   85.44   71.94   103.33
07:50:28 68.00   85.66   71.94   102.88
07:51:31 68.00   85.44   71.94   102.54
07:52:35 68.00   85.44   71.94   110.30
07:53:38 68.00   85.55   71.83   117.16
07:54:41 68.00   85.55   71.83   116.83
07:55:45 68.00   85.44   71.83   115.36
07:56:48 68.11   85.44   71.94   114.01
07:57:51 68.00   85.44   71.83   112.55
07:58:55 68.11   85.66   71.94   115.36
07:59:58 68.11   85.44   71.94   114.58
08:01:01 68.00   85.21   71.94   113.45
08:02:05 68.00   85.44   71.94   112.33
08:03:08 68.00   85.21   71.94   111.31
08:04:11 68.00   85.21   71.83   110.30
08:05:15 68.00   84.99   71.94   109.40
08:06:18 68.00   85.33   71.83   108.39
08:07:21 68.00   85.21   71.94   117.39
08:08:25 68.00   85.10   71.83   120.31
08:09:28 68.00   84.88   71.83   119.86
08:10:31 67.89   84.88   71.83   118.96
08:11:35 67.89   84.99   71.83   117.95
08:12:38 67.78   85.10   71.83   116.83
08:13:41 67.78   84.88   71.83   115.81
08:14:45 67.78   85.10   71.83   118.51
08:15:48 67.66   84.99   71.83   120.09
08:16:51 67.66   84.76   71.83   120.20
08:17:55 67.66   84.65   71.83   119.75
08:18:58 67.55   84.88   71.83   118.74
08:20:01 67.55   84.65   71.71   117.61
08:21:05 67.55   84.54   71.71   116.38
08:22:08 67.44   84.65   71.71   115.14
08:23:12 67.44   84.65   71.71   114.01
08:24:15 67.44   84.65   71.83   113.00
08:25:18 67.44   84.65   71.71   111.99
08:26:22 67.44   84.88   71.71   111.20
08:27:25 67.33   84.65   71.71   110.30
08:28:28 67.33   84.54   71.71   109.51
08:29:32 67.33   84.65   71.71   108.50
08:30:35 67.33   84.43   71.71   107.83
08:31:38 67.33   84.76   71.71   106.92
08:32:42 67.33   84.65   71.71   106.36
08:33:45 67.33   84.43   71.71   105.58
08:34:48 67.33   84.31   71.71   105.01
08:35:52 67.33   84.20   71.71   104.34
08:36:55 67.33   84.43   71.71   103.66
08:37:58 67.33   84.65   71.71   103.10
08:39:02 67.33   84.43   71.71   102.54
08:40:05 67.33   84.31   71.60   102.09
08:41:08 67.33   84.31   71.60   101.53
08:42:12 67.33   84.20   71.71   100.96
08:43:15 67.33   84.09   71.60   100.40
08:44:18 67.33   84.43   71.60   99.95
08:45:22 67.33   84.54   71.60   99.39
08:46:25 67.21   84.20   71.60   98.94
08:47:28 67.21   84.54   71.60   98.49
08:48:32 67.33   84.20   71.60   98.15
08:49:35 67.33   84.31   71.60   97.70
08:50:38 67.21   84.20   71.60   97.25
08:51:42 67.33   84.20   71.60   96.91
08:52:45 67.21   84.20   71.60   96.58
08:53:49 67.21   84.20   71.60   96.12
08:54:52 67.21   84.09   71.60   95.79
08:55:55 67.21   84.20   71.49   95.56
08:56:59 67.21   84.20   71.60   95.22
08:58:02 67.21   84.31   71.49   94.78
08:59:05 67.21   84.43   71.49   94.44
09:00:09 67.21   84.31   71.49   94.21
09:01:12 67.21   84.20   71.49   93.88
09:02:15 67.21   83.97   71.49   93.65
09:03:19 67.21   84.09   71.49   93.43
09:04:22 67.21   84.20   71.49   93.09
09:05:25 67.21   84.20   71.49   92.75
09:06:29 67.21   84.20   71.49   92.53
09:07:32 67.33   84.09   71.49   92.30
09:08:35 67.21   83.75   71.49   92.08
09:09:39 67.21   83.97   71.49   91.85
09:10:42 67.21   84.09   71.49   91.62
09:11:45 67.21   84.09   71.49   91.29
09:12:49 67.21   83.97   71.49   91.18
09:13:52 67.21   83.86   71.49   90.95
09:14:55 67.21   83.97   71.49   90.72
09:15:59 67.21   83.75   71.49   90.50
09:17:02 67.21   83.97   71.49   90.28
09:18:05 67.21   84.09   71.49   90.16
09:19:09 67.21   84.20   71.49   89.94
09:20:12 67.21   84.31   71.49   89.83
09:21:15 67.33   84.09   71.38   89.71
09:22:19 67.21   83.97   71.49   89.38
09:23:22 67.21   84.09   71.38   89.26
09:24:25 67.21   83.75   71.38   89.15
09:25:29 67.21   83.75   71.38   89.04
09:26:32 67.21   83.97   71.38   88.93
09:27:36 67.21   83.75   71.38   88.81
09:28:39 67.21   83.97   71.38   88.70
09:29:42 67.21   83.97   71.38   88.59
09:30:46 67.21   83.75   71.38   88.36
09:31:49 67.21   84.09   71.38   88.25
09:32:52 67.21   84.09   71.38   88.14
09:33:56 67.21   83.97   71.38   87.91
09:34:59 67.21   84.09   71.38   87.80
09:36:02 67.21   84.09   71.38   87.69
09:37:06 67.21   84.20   71.38   87.58
09:38:09 67.21   83.86   71.38   87.46
09:39:12 67.21   83.86   71.26   87.46
09:40:16 67.21   83.97   71.38   87.24
09:41:19 67.21   83.97   71.38   87.24
09:42:22 67.21   83.64   71.26   87.12
09:43:26 67.21   83.86   71.38   87.01
09:44:29 67.21   83.86   71.38   86.90
09:45:32 67.21   83.64   71.38   86.79
09:46:36 67.21   83.64   71.38   86.79
09:47:39 67.21   83.64   71.38   86.68
09:48:42 67.21   83.75   71.38   86.45
09:49:46 67.21   83.75   71.26   86.45
09:50:49 67.21   83.86   71.26   86.34
09:51:52 67.21   84.09   71.26   86.22
09:52:56 67.21   83.97   71.26   86.22
09:53:59 67.21   83.97   71.26   86.00
09:55:02 67.21   83.75   71.26   86.00
09:56:06 67.21   83.64   71.26   85.89
09:57:09 67.21   83.64   71.26   85.89
09:58:12 67.21   83.86   71.26   85.89
09:59:16 67.21   83.75   71.26   85.78
10:00:19 67.21   83.75   71.26   85.66
10:01:22 67.21   83.75   71.26   85.66
10:02:26 67.21   83.86   71.26   85.55
10:03:29 67.21   83.64   71.26   85.55
10:04:33 67.21   83.75   71.26   85.33
10:05:36 67.21   83.75   71.26   85.21
10:06:39 67.21   83.75   71.26   85.33
10:07:43 67.21   83.97   71.26   85.21
10:08:46 67.21   83.75   71.26   85.21
10:09:49 67.21   83.75   71.26   85.21
10:10:53 67.21   83.41   71.26   85.10
10:11:56 67.21   83.41   71.26   85.10
10:12:59 67.21   83.64   71.26   84.99
10:14:03 67.21   83.86   71.26   84.99
10:15:06 67.21   83.64   71.26   84.88
10:16:09 67.21   83.75   71.26   84.88
10:17:13 67.21   83.86   71.26   84.88
10:18:16 67.21   83.41   71.26   84.99
10:19:19 67.21   83.53   71.26   84.76
10:20:23 67.21   83.53   71.26   84.76
10:21:26 67.10   83.53   71.26   84.54
10:22:29 67.21   83.64   71.26   84.65
10:23:33 67.21   83.64   71.26   84.54
10:24:36 67.21   83.75   71.26   84.43
10:25:39 67.21   83.75   71.26   84.43
10:26:43 67.21   83.64   71.26   84.31
10:27:46 67.21   83.53   71.26   84.43
10:28:49 67.21   83.64   71.15   84.31
10:29:53 67.21   83.64   71.15   84.31
10:30:56 67.21   83.86   71.15   84.31
10:31:59 67.21   83.53   71.15   84.31
10:33:03 67.21   83.64   71.15   84.20
10:34:06 67.21   83.75   71.15   84.20
10:35:09 67.21   83.75   71.26   84.20
10:36:13 67.21   83.75   71.15   84.20
10:37:16 67.21   83.53   71.26   84.20
10:38:19 67.21   83.30   71.26   84.09
10:39:23 67.21   83.53   71.26   84.09
10:40:26 67.21   83.64   71.15   84.09
10:41:30 67.21   83.41   71.26   84.09
10:42:33 67.21   83.53   71.15   84.09
10:43:36 67.21   83.53   71.26   83.97
10:44:40 67.21   83.53   71.26   84.09
10:45:43 67.21   83.41   71.26   84.09
10:46:46 67.21   83.64   71.15   83.97
10:47:50 67.21   83.64   71.26   83.86
10:48:53 67.21   83.64   71.15   83.86
10:49:56 67.21   83.53   71.15   83.86
10:51:00 67.21   83.53   71.15   83.86
10:52:03 67.21   83.86   71.15   83.75
10:53:06 67.21   83.64   71.15   83.75
10:54:10 67.21   83.64   71.15   83.75
10:55:13 67.21   83.53   71.15   83.86
10:56:16 67.21   83.53   71.15   83.75
10:57:20 67.21   83.53   71.15   83.64
10:58:23 67.21   83.41   71.15   83.53
10:59:26 67.21   83.53   71.26   83.64
11:00:30 67.21   83.53   71.15   83.64
11:01:33 67.21   83.41   71.15   83.53
11:02:36 67.21   83.41   71.26   83.53
11:03:40 67.21   83.75   71.26   83.53
11:04:43 67.21   83.64   71.26   83.41
11:05:46 67.21   83.64   71.26   83.41
11:06:50 67.21   83.75   71.26   83.41
11:07:53 67.21   83.64   71.26   83.41
11:08:56 67.21   83.53   71.26   83.41
11:10:00 67.21   83.86   71.26   83.30
11:11:03 67.21   83.64   71.15   83.30
11:12:06 67.21   83.41   71.26   83.30
11:13:10 67.21   83.64   71.26   83.30
11:14:13 67.21   83.64   71.26   83.30
11:15:16 67.21   83.53   71.26   83.30
11:16:20 67.21   83.64   71.26   83.19
11:17:23 67.21   83.30   71.26   83.30
11:18:26 67.21   83.53   71.26   83.30
11:19:30 67.21   83.64   71.26   83.30
11:20:33 67.21   83.64   71.26   83.19
11:21:37 67.21   83.64   71.15   83.19
11:22:40 67.33   83.41   71.26   83.19
11:23:43 67.21   83.64   71.26   83.19
11:24:47 67.21   83.64   71.26   83.19
11:25:50 67.21   83.53   71.15   83.19
11:26:53 67.21   83.53   71.26   83.30
11:27:57 67.21   83.53   71.26   83.19
11:29:00 67.21   83.41   71.26   83.30
11:30:03 67.21   83.53   71.15   83.41
11:31:07 67.21   83.75   71.26   83.41
11:32:10 67.21   83.53   71.26   83.30
11:33:13 67.21   83.30   71.26   83.19
11:34:17 67.21   83.08   71.26   83.19
11:35:20 67.21   83.75   71.26   83.19
11:36:23 67.21   83.75   71.26   83.19
11:37:27 67.21   83.53   71.26   83.19
11:38:30 67.21   83.53   71.26   83.08
11:39:33 67.21   83.53   71.26   83.08
11:40:37 67.21   83.41   71.26   83.08
11:41:40 67.21   83.53   71.26   82.96
11:42:43 67.21   83.64   71.26   82.96
11:43:47 67.21   83.53   71.26   82.96
11:44:50 67.21   83.41   71.26   82.96
11:45:53 67.21   83.53   71.26   82.85
11:46:57 67.21   83.64   71.26   82.85
11:48:00 67.21   83.75   71.26   82.85
11:49:03 67.21   83.86   71.26   82.85
11:50:07 67.21   83.97   71.26   82.85
11:51:10 67.21   83.86   71.26   82.96
11:52:13 67.21   83.75   71.26   82.96
11:53:17 67.21   83.86   71.26   82.96
11:54:20 67.21   83.64   71.38   82.96
11:55:24 67.21   83.75   71.26   82.96
11:56:27 67.21   83.75   71.26   82.85
11:57:30 67.21   83.64   71.26   82.85
11:58:34 67.21   83.64   71.26   82.85
11:59:37 67.21   83.41   71.26   82.96
12:00:40 67.21   83.41   71.26   82.85
12:01:44 67.21   83.41   71.38   82.85
12:02:47 67.21   83.75   71.26   82.96
12:03:50 67.21   83.64   71.26   82.85
12:04:54 67.21   83.75   71.26   82.96
12:05:57 67.21   83.75   71.26   82.96
12:07:00 67.21   83.97   71.38   82.85
12:08:04 67.21   83.64   71.26   82.74
12:09:07 67.21   83.64   71.26   82.74
12:10:10 67.21   83.64   71.26   82.74
12:11:14 67.21   83.75   71.38   82.85
12:12:17 67.21   83.75   71.26   82.74
12:13:20 67.21   83.53   71.26   82.85
12:14:24 67.21   83.75   71.26   82.85
12:15:27 67.21   83.64   71.38   82.96
12:16:30 67.21   83.53   71.38   82.85
12:17:34 67.21   83.41   71.26   82.74
12:18:37 67.21   83.30   71.26   82.74
12:19:40 67.21   83.53   71.26   82.74
12:20:44 67.33   83.64   71.38   82.74
12:21:47 67.21   83.41   71.26   82.74
12:22:50 67.21   83.53   71.26   82.62
12:23:54 67.21   83.75   71.26   82.62
12:24:57 67.21   83.41   71.26   82.62
12:26:00 67.21   83.64   71.26   82.62
12:27:04 67.21   83.64   71.26   82.74
12:28:07 67.21   83.75   71.26   82.62
12:29:10 67.21   83.64   71.26   82.62
12:30:14 67.21   83.53   71.26   82.62
12:31:17 67.21   83.53   71.26   82.62
12:32:21 67.21   83.19   71.26   82.51
12:33:24 67.21   83.08   71.26   82.62
12:34:27 67.21   83.41   71.26   82.62
12:35:31 67.21   83.53   71.26   82.62
12:36:34 67.21   83.53   71.26   82.62
12:37:37 67.21   83.64   71.26   82.51
12:38:41 67.21   83.53   71.26   82.62
12:39:44 67.21   83.30   71.26   82.62
12:40:47 67.21   83.30   71.26   82.62
12:41:51 67.21   83.53   71.26   82.62
12:42:54 67.21   83.53   71.38   82.51
12:43:57 67.21   83.64   71.26   82.51
12:45:01 67.21   83.53   71.38   82.62
12:46:04 67.21   83.41   71.26   82.62
12:47:07 67.21   83.53   71.26   82.51
12:48:11 67.21   83.41   71.26   82.51
12:49:14 67.21   83.53   71.26   82.51
12:50:17 67.21   83.53   71.26   82.51
12:51:21 67.21   83.75   71.38   82.62
12:52:24 67.21   83.75   71.38   82.62
12:53:27 67.21   83.75   71.38   82.62
12:54:31 67.21   83.75   71.26   82.74
12:55:34 67.21   83.64   71.38   82.62
12:56:37 67.21   83.53   71.26   82.62
12:57:41 67.21   83.86   71.26   82.74
12:58:44 67.21   83.53   71.38   82.74
12:59:47 67.21   83.75   71.38   82.62
13:00:51 67.21   83.75   71.26   82.51
13:01:54 67.21   83.53   71.26   82.51
13:02:58 67.21   83.75   71.38   82.40
13:04:01 67.21   83.75   71.38   82.40
13:05:04 67.21   83.41   71.38   82.51
13:06:08 67.21   83.30   71.38   82.40
13:07:11 67.21   83.64   71.38   82.51
13:08:14 67.21   83.64   71.38   82.40
13:09:18 67.21   83.75   71.38   82.40
13:10:21 67.21   83.75   71.38   82.51
13:11:24 67.21   83.64   71.38   82.51
13:12:28 67.21   83.64   71.38   82.51
13:13:31 67.21   83.75   71.38   82.40
13:14:34 67.21   83.97   71.38   82.40
13:15:38 67.21   83.75   71.38   82.40
13:16:41 67.21   84.09   71.38   82.51
13:17:44 67.21   83.75   71.38   82.51
13:18:48 67.21   83.75   71.38   82.51
13:19:51 67.21   83.86   71.38   82.51
13:20:54 67.21   83.53   71.38   82.51
13:21:58 67.21   83.53   71.38   82.40
13:23:01 67.21   83.64   71.38   82.40
13:24:04 67.21   83.41   71.38   82.40
13:25:08 67.21   83.86   71.38   82.51
13:26:11 67.21   83.75   71.38   82.51
13:27:14 67.21   83.86   71.38   82.40
13:28:18 67.33   83.75   71.38   82.51
13:29:21 67.21   83.75   71.38   82.51
13:30:24 67.21   83.53   71.38   82.51
13:31:28 67.21   83.53   71.38   82.51
13:32:31 67.21   83.75   71.49   82.51
13:33:34 67.33   83.41   71.49   82.62
13:34:38 67.21   83.30   71.49   82.62
13:35:41 67.21   83.30   71.38   82.62
13:36:44 67.21   83.41   71.49   82.40
13:37:48 67.21   83.75   71.49   82.40
13:38:51 67.21   83.64   71.49   82.51
13:39:55 67.21   83.86   71.49   82.40
13:40:58 67.21   83.75   71.49   82.51
13:42:01 67.21   83.86   71.49   82.51
13:43:05 67.21   83.53   71.49   82.51
13:44:08 67.21   83.86   71.49   82.51
13:45:11 67.21   83.86   71.49   82.51
13:46:15 67.21   84.09   71.49   82.51
13:47:18 67.21   83.97   71.49   82.51
13:48:21 67.21   83.86   71.49   82.51
13:49:25 67.21   83.86   71.49   82.40
13:50:28 67.21   83.75   71.49   82.29
13:51:31 67.21   83.86   71.49   82.29
13:52:35 67.33   83.97   71.49   82.40
13:53:38 67.21   83.97   71.49   82.51
13:54:41 67.33   83.86   71.60   82.40
13:55:45 67.21   83.75   71.60   82.40
13:56:48 67.33   83.75   71.49   82.51
13:57:51 67.21   83.97   71.49   82.51
13:58:55 67.33   83.97   71.49   82.51
13:59:58 67.33   83.86   71.49   82.51
14:01:01 67.21   83.86   71.60   82.51
14:02:05 67.33   83.97   71.60   82.40
14:03:08 67.33   83.86   71.49   82.40
14:04:11 67.21   83.86   71.49   82.29
14:05:15 67.33   83.75   71.60   82.29
14:06:18 67.33   83.75   71.60   82.29
14:07:21 67.33   83.86   71.60   82.29
14:08:25 67.33   83.75   71.60   82.18
14:09:28 67.21   83.64   71.60   82.18
14:10:31 67.21   83.97   71.60   82.18
14:11:35 67.21   83.86   71.60   82.29
14:12:38 67.33   83.97   71.60   82.29
14:13:41 67.33   84.09   71.60   82.29
14:14:45 67.33   83.97   71.60   82.29
14:15:48 67.21   83.97   71.60   82.29
14:16:52 67.33   84.09   71.60   82.29
14:17:55 67.21   84.31   71.60   82.29
14:18:58 67.21   83.97   71.60   82.40
14:20:02 67.33   84.20   71.60   82.40
14:21:05 67.33   83.97   71.60   82.29
14:22:08 67.21   83.97   71.60   82.29
14:23:12 67.21   83.97   71.60   82.29
14:24:15 67.33   83.97   71.60   82.40
14:25:18 67.21   83.97   71.60   82.40
14:26:22 67.33   83.86   71.60   82.29
14:27:25 67.33   83.86   71.60   82.40
14:28:28 67.33   83.86   71.60   82.40
14:29:32 67.21   83.97   71.60   82.40
14:30:35 67.21   84.09   71.60   82.29
14:31:38 67.33   83.97   71.60   82.29
14:32:42 67.21   83.86   71.60   82.18
14:33:45 67.21   83.86   71.60   82.29
14:34:48 67.21   83.97   71.60   82.18
14:35:52 67.21   83.86   71.60   82.18
14:36:55 67.21   83.97   71.60   82.29
14:37:58 67.33   83.97   71.60   82.18
14:39:02 67.33   83.75   71.60   82.18
14:40:05 67.33   83.97   71.60   82.29
14:41:08 67.33   83.97   71.60   82.29
14:42:12 67.21   84.09   71.60   82.29
14:43:15 67.33   84.09   71.60   82.40
14:44:18 67.33   84.31   71.60   82.40
14:45:22 67.21   84.09   71.71   82.40
14:46:25 67.33   83.97   71.71   82.40
14:47:28 67.21   83.97   71.71   82.40
14:48:32 67.21   83.97   71.71   82.29
14:49:35 67.33   83.97   71.71   82.29
14:50:39 67.21   84.09   71.71   82.29
14:51:42 67.21   83.86   71.71   82.40
14:52:45 67.33   84.09   71.71   82.40
14:53:49 67.21   83.97   71.71   82.40
14:54:52 67.21   83.97   71.71   82.40
14:55:55 67.21   83.86   71.71   82.40
14:56:59 67.33   83.86   71.71   82.40
14:58:02 67.33   84.09   71.71   82.40
14:59:05 67.33   83.64   71.71   82.51
15:00:09 67.21   83.53   71.71   82.51
15:01:12 67.33   83.86   71.71   82.40
15:02:15 67.21   83.97   71.83   82.40
15:03:19 67.21   84.09   71.83   82.40
15:04:22 67.33   83.86   71.83   82.40
15:05:25 67.21   83.86   71.83   82.40
15:06:29 67.33   84.09   71.83   82.40
15:07:32 67.21   84.20   71.83   82.40
15:08:35 67.33   83.97   71.83   82.29
15:09:39 67.33   84.09   71.83   82.29
15:10:42 67.21   84.09   71.83   82.29
15:11:45 67.21   84.20   71.83   82.29
15:12:49 67.21   83.86   71.83   82.29
15:13:52 67.33   83.97   71.83   82.29
15:14:55 67.21   84.31   71.83   82.29
15:15:59 67.21   83.97   71.83   82.18
15:17:02 67.33   83.97   71.83   82.18
15:18:05 67.33   84.09   71.83   82.18
15:19:09 67.33   84.09   71.83   82.18
15:20:12 67.33   84.20   71.83   82.29
15:21:16 67.33   83.97   71.83   82.29
15:22:19 67.33   84.09   71.83   82.40
15:23:22 67.21   84.09   71.83   82.29
15:24:26 67.33   83.86   71.83   82.29
15:25:29 67.33   84.20   71.83   82.29
15:26:32 67.33   83.86   71.83   82.29
15:27:36 67.33   83.97   71.83   82.29
15:28:39 67.33   83.97   71.83   82.18
15:29:42 67.33   83.97   71.83   82.40
15:30:46 67.33   84.31   71.94   82.29
15:31:49 67.33   84.09   71.83   82.18
15:32:52 67.33   84.31   71.83   82.18
15:33:56 67.33   84.20   71.94   82.18
15:34:59 67.33   84.09   71.83   82.18
15:36:02 67.33   84.20   71.94   82.18
15:37:06 67.33   84.20   71.94   82.29
15:38:09 67.33   84.09   71.94   82.29
15:39:12 67.33   84.20   71.94   82.40
15:40:16 67.21   83.97   71.94   82.29
15:41:19 67.33   83.97   71.94   82.18
15:42:22 67.33   84.20   71.94   82.06
15:43:26 67.21   84.20   71.94   82.18
15:44:29 67.21   83.75   71.94   82.06
15:45:32 67.21   83.75   71.94   82.18
15:46:36 67.21   84.31   71.94   82.18
15:47:39 67.21   84.20   71.94   82.18
15:48:42 67.21   84.09   71.94   82.29
15:49:46 67.21   84.09   71.94   82.29
15:50:49 67.33   83.97   71.94   82.29
15:51:52 67.21   83.86   71.94   82.29
15:52:56 67.21   84.09   71.94   82.18
15:53:59 67.21   84.31   71.94   82.29
15:55:03 67.21   83.97   71.94   82.18
15:56:06 67.33   83.97   72.05   82.06
15:57:09 67.33   83.86   72.05   82.06
15:58:13 67.21   83.97   72.05   82.06
15:59:16 67.33   83.97   72.05   82.06
16:00:19 67.33   84.20   72.16   82.18
16:01:23 67.33   84.20   72.16   82.06
16:02:26 67.21   84.31   72.05   82.06
16:03:29 67.33   84.09   72.16   82.06
16:04:33 67.33   84.31   72.16   82.06
16:05:36 67.33   83.97   72.16   82.06
16:06:39 67.33   83.64   72.16   82.06
16:07:43 67.33   83.86   72.16   82.06
16:08:46 67.33   83.86   72.28   82.06
16:09:49 67.33   83.97   72.28   81.95
16:10:53 67.33   83.97   72.28   82.06
16:11:56 67.33   83.75   72.28   82.06
16:12:59 67.33   83.97   72.28   82.18
16:14:03 67.33   83.97   72.28   82.18
16:15:06 67.33   84.09   72.28   82.18
16:16:09 67.33   84.20   72.39   82.18
16:17:13 67.33   84.09   72.50   82.18
16:18:16 67.33   84.09   72.50   82.06
16:19:19 67.33   84.20   72.50   82.06
16:20:23 67.33   84.09   72.50   82.06
16:21:26 67.33   83.86   72.50   82.06
16:22:29 67.44   83.97   72.50   82.06
16:23:33 67.33   83.97   72.50   82.18
16:24:36 67.33   83.75   72.50   82.06
16:25:39 67.33   83.97   72.50   82.18
16:26:43 67.33   83.86   72.61   82.06
16:27:46 67.44   83.97   72.61   82.18
16:28:50 67.33   83.86   72.61   82.18
16:29:53 67.33   83.97   72.61   82.06
16:30:56 67.33   84.20   72.61   82.18
16:32:00 67.44   83.97   72.61   82.18
16:33:03 67.44   84.20   72.61   82.18
16:34:06 67.44   83.97   72.61   82.29
16:35:10 67.44   84.31   72.61   82.18
16:36:13 67.44   84.20   72.61   82.18
16:37:16 67.44   84.20   72.72   82.29
16:38:20 67.44   84.20   72.72   82.29
16:39:23 67.33   84.09   72.72   82.29
16:40:26 67.44   83.97   72.72   82.40
16:41:30 67.44   84.09   72.72   82.40
16:42:33 67.44   84.09   72.72   82.29
16:43:36 67.44   84.09   72.72   82.29
16:44:40 67.44   84.20   72.72   82.29
16:45:43 67.44   84.31   72.72   82.18
16:46:46 67.44   84.31   72.84   82.18
16:47:50 67.44   84.09   72.84   82.18
16:48:53 67.44   83.97   72.84   82.06
16:49:56 67.44   84.09   72.84   82.06
16:51:00 67.44   84.20   72.84   82.18
16:52:03 67.44   84.09   72.84   82.18
16:53:06 67.44   84.20   72.84   82.29
16:54:10 67.44   84.31   72.84   82.29
16:55:13 67.44   84.09   72.84   82.29
16:56:16 67.44   84.20   72.84   82.29
16:57:20 67.44   84.20   72.84   82.18
16:58:23 67.44   84.20   72.84   82.18
16:59:27 67.44   84.20   72.84   82.18
17:00:30 67.44   83.97   72.84   82.06
17:01:33 67.44   84.20   72.84   82.06
17:02:37 67.44   84.20   72.95   82.06
17:03:40 67.44   84.20   72.95   82.18
17:04:43 67.44   84.43   72.95   82.18
17:05:47 67.44   84.43   72.84   82.18
17:06:50 67.44   84.31   72.95   82.29
17:07:53 67.44   84.20   72.84   82.29
17:08:57 67.44   84.31   72.95   82.29
17:10:00 67.44   84.09   72.95   82.18
17:11:03 67.44   84.43   72.95   82.18
17:12:07 67.44   84.20   72.95   82.06
17:13:10 67.44   84.20   72.95   82.18
17:14:13 67.44   84.31   72.95   82.18
17:15:17 67.44   84.20   72.95   82.29
17:16:20 67.55   84.31   72.95   82.18
17:17:23 67.44   84.20   72.95   82.18
17:18:27 67.55   84.20   72.95   82.18
17:19:30 67.55   84.31   72.95   82.18
17:20:33 67.44   84.43   72.95   82.18
17:21:37 67.55   84.43   72.95   82.29
17:22:40 67.44   84.43   72.84   82.29
17:23:43 67.44   84.54   72.84   82.29
17:24:47 67.55   84.54   72.84   82.29
17:25:50 67.44   84.43   72.84   82.29
17:26:53 67.44   84.76   72.84   82.29
17:27:57 67.44   84.54   72.84   82.29
17:29:00 67.44   84.54   72.84   82.40
17:30:03 67.44   84.76   72.84   82.40
17:31:07 67.44   84.88   72.84   82.40
17:32:10 67.44   84.65   72.72   82.40
17:33:13 67.44   84.65   72.72   82.40
17:34:17 67.44   84.43   72.72   82.29
17:35:20 67.44   84.54   72.72   82.40
17:36:23 67.44   84.65   72.72   82.40
17:37:27 67.55   84.76   72.72   91.96
17:38:30 67.44   84.76   72.72   102.42
17:39:34 67.44   84.88   72.72   102.54
17:40:37 67.44   84.65   72.72   101.19
17:41:40 67.44   84.88   72.72   99.84
17:42:44 67.44   84.88   72.72   98.49
17:43:47 67.44   84.99   72.72   97.48
17:44:50 67.44   84.76   72.72   96.58
17:45:54 67.44   84.88   72.72   95.45
17:46:57 67.44   84.65   72.72   94.78
17:48:00 67.44   84.99   72.72   94.10
17:49:04 67.44   85.21   72.72   93.54
17:50:07 67.44   85.10   72.72   93.09
17:51:10 67.44   84.76   72.72   92.64
17:52:14 67.55   84.99   72.72   92.30
17:53:17 67.44   84.88   72.72   91.85
17:54:20 67.44   85.21   72.61   91.40
17:55:24 67.55   85.10   72.72   90.95
17:56:27 67.55   84.88   72.61   90.50
17:57:30 67.55   85.10   72.61   90.28
17:58:34 67.44   84.99   72.61   90.05
17:59:37 67.44   84.88   72.61   90.28
18:00:40 67.55   85.21   72.72   90.05
18:01:44 67.44   84.88   72.61   98.60
18:02:47 67.44   85.21   72.61   103.10
18:03:50 67.55   85.10   72.61   102.42
18:04:54 67.44   85.33   72.61   101.19
18:05:57 67.44   85.21   72.61   99.84
18:07:00 67.44   84.88   72.61   98.83
18:08:04 67.44   84.88   72.61   97.81
18:09:07 67.44   85.21   72.61   96.91
18:10:11 67.44   85.44   72.61   96.12
18:11:14 67.44   85.66   72.61   95.22
18:12:17 67.44   85.55   72.61   94.44
18:13:21 67.44   85.21   72.61   93.99
18:14:24 67.44   85.21   72.61   93.54
18:15:27 67.44   85.33   72.61   93.09
18:16:31 67.44   85.44   72.61   92.75
18:17:34 67.44   85.44   72.61   92.30
18:18:37 67.44   85.33   72.61   91.96
18:19:41 67.55   85.21   72.61   91.62
18:20:44 67.44   85.33   72.61   91.29
18:21:47 67.44   85.10   72.61   90.95
18:22:51 67.44   85.55   72.61   90.72
18:23:54 67.44   85.10   72.61   90.39
18:24:57 67.44   85.10   72.61   90.05
18:26:01 67.44   85.55   72.61   89.83
18:27:04 67.44   85.21   72.61   89.60
18:28:07 67.44   85.21   72.61   89.38
18:29:11 67.44   85.33   72.50   89.15
18:30:14 67.44   85.44   72.61   88.81
18:31:17 67.44   85.66   72.61   88.70
18:32:21 67.44   85.66   72.61   88.47
18:33:24 67.44   85.66   72.61   88.36
18:34:27 67.55   85.44   72.61   88.14
18:35:31 67.44   85.66   72.61   87.91
18:36:34 67.44   85.55   72.61   87.80
18:37:37 67.44   85.33   72.61   87.69
18:38:41 67.44   85.78   72.50   100.40
18:39:44 67.44   85.78   72.50   101.98
18:40:47 67.44   85.78   72.61   100.96
18:41:51 67.44   85.55   72.61   99.73
18:42:54 67.55   85.66   72.50   98.26
18:43:58 67.55   85.33   72.61   97.36
18:45:01 67.44   85.55   72.61   96.35
18:46:04 67.55   85.44   72.61   95.56
18:47:08 67.44   85.33   72.61   94.89
18:48:11 67.44   85.44   72.61   94.33
18:49:14 67.44   85.55   72.61   93.88
18:50:18 67.44   85.10   72.61   93.31
18:51:21 67.55   85.10   72.61   92.75
18:52:24 67.44   85.33   72.61   92.30
18:53:28 67.44   84.99   72.61   91.85
18:54:31 67.44   85.10   72.61   98.83
18:55:34 67.44   84.99   72.61   104.67
18:56:38 67.44   85.10   72.61   105.35
18:57:41 67.44   84.99   72.61   105.80
18:58:44 67.55   85.21   72.61   105.91
18:59:48 67.55   84.88   72.61   105.01
19:00:51 67.55   84.88   72.61   103.89
19:01:54 67.55   84.88   72.61   102.65
19:02:58 67.55   84.88   72.61   102.20
19:04:01 67.55   84.88   72.61   104.90
19:05:04 67.55   84.99   72.61   105.80
19:06:08 67.55   84.99   72.61   105.12
19:07:11 67.55   84.88   72.61   104.11
19:08:14 67.55   84.88   72.61   102.99
19:09:18 67.55   84.65   72.61   101.86
19:10:21 67.55   84.76   72.61   100.85
19:11:24 67.55   84.65   72.72   99.84
19:12:28 67.44   84.54   72.61   103.21
19:13:31 67.44   84.54   72.61   104.67
19:14:34 67.44   84.31   72.61   104.11
19:15:38 67.44   84.43   72.61   102.99
19:16:41 67.44   84.20   72.61   102.09
19:17:44 67.44   84.54   72.61   101.64
19:18:48 67.44   84.43   72.61   102.09
19:19:51 67.44   84.65   72.61   101.30
19:20:55 67.44   84.43   72.61   100.40
19:21:58 67.44   84.31   72.61   99.61
19:23:01 67.44   84.43   72.72   98.71
19:24:05 67.44   84.43   72.61   97.92
19:25:08 67.44   84.09   72.61   97.36
19:26:11 67.44   84.43   72.61   96.69
19:27:15 67.44   84.54   72.61   96.01
19:28:18 67.44   84.20   72.61   95.45
19:29:21 67.44   84.31   72.61   94.89
19:30:25 67.44   84.54   72.61   94.44
19:31:28 67.44   83.86   72.61   93.88
19:32:31 67.44   83.97   72.61   93.43
19:33:35 67.44   84.09   72.61   92.97
19:34:38 67.44   84.20   72.61   92.64
19:35:41 67.44   84.20   72.61   92.19
19:36:45 67.44   84.09   72.61   91.85
19:37:48 67.44   84.31   72.61   91.40
19:38:51 67.44   84.43   72.61   91.06
19:39:55 67.44   84.31   72.61   90.72
19:40:58 67.44   84.31   72.61   90.50
19:42:01 67.44   84.31   72.61   90.28
19:43:05 67.44   84.31   72.61   89.94
19:44:08 67.44   84.20   72.61   89.71
19:45:11 67.44   84.20   72.61   89.49
19:46:15 67.44   83.97   72.61   89.26
19:47:18 67.44   84.31   72.50   89.04
19:48:21 67.44   84.31   72.61   88.70
19:49:25 67.44   84.09   72.61   88.47
19:50:28 67.44   84.20   72.50   88.25
19:51:32 67.44   84.31   72.50   88.14
19:52:35 67.44   83.97   72.50   87.91
19:53:38 67.44   83.97   72.50   87.69
19:54:42 67.44   84.09   72.50   87.58
19:55:45 67.44   84.20   72.50   87.35
19:56:48 67.44   83.97   72.50   87.12
19:57:52 67.44   84.09   72.50   87.01
19:58:55 67.44   84.09   72.50   86.79
19:59:58 67.44   84.09   72.61   86.68
20:01:02 67.44   83.86   72.50   86.68
20:02:05 67.44   84.20   72.50   86.45
20:03:08 67.44   84.09   72.50   86.34
20:04:12 67.44   83.86   72.50   98.94
20:05:15 67.44   83.75   72.50   103.78
20:06:18 67.55   83.53   72.50   105.35
20:07:22 67.44   83.75   72.50   105.35
20:08:25 67.55   84.09   72.50   104.56
20:09:28 67.55   84.09   72.50   103.55
20:10:32 67.66   83.86   72.50   102.42
20:11:35 67.66   84.09   72.50   101.41
20:12:38 67.66   84.09   72.50   100.29
20:13:42 67.66   84.09   72.50   99.50
20:14:45 67.66   83.97   72.50   108.28
20:15:48 67.66   83.97   72.50   108.84
20:16:52 67.78   83.97   72.50   107.60
20:17:55 67.78   83.86   72.50   106.14
20:18:58 67.78   84.09   72.50   104.67
20:20:02 67.78   83.97   72.50   103.44
20:21:05 67.78   83.97   72.50   102.20
20:22:08 67.78   83.86   72.50   101.19
20:23:12 67.78   83.97   72.50   100.40
20:24:15 67.66   83.86   72.50   99.61
20:25:19 67.66   84.09   72.39   98.83
20:26:22 67.66   84.31   72.39   98.26
20:27:25 67.66   84.20   72.39   97.59
20:28:29 67.66   84.09   72.39   97.03
20:29:32 67.66   84.20   72.39   96.46
20:30:35 67.66   83.97   72.39   96.01
20:31:39 67.66   83.97   72.39   95.56
20:32:42 67.66   84.20   72.39   95.11
20:33:45 67.66   84.31   72.39   94.66
20:34:49 67.55   84.20   72.39   94.33
20:35:52 67.55   84.20   72.39   93.99
20:36:55 67.55   84.31   72.39   93.54
20:37:59 67.55   83.97   72.39   93.20
20:39:02 67.66   84.20   72.39   92.86
20:40:05 67.55   84.31   72.39   92.53
20:41:09 67.55   84.31   72.39   92.19
20:42:12 67.55   84.43   72.39   91.85
20:43:15 67.55   84.43   72.39   91.62
20:44:19 67.55   84.31   72.39   91.29
20:45:22 67.55   84.20   72.39   90.95
20:46:25 67.55   84.31   72.39   90.84
20:47:29 67.55   84.31   72.39   90.50
20:48:32 67.55   84.54   72.39   90.16
20:49:35 67.55   84.31   72.39   90.05
20:50:39 67.55   84.20   72.39   89.71
20:51:42 67.55   84.54   72.39   89.49
20:52:45 67.55   84.31   72.39   89.38
20:53:49 67.55   84.43   72.39   89.15
20:54:52 67.55   84.43   72.39   89.15
20:55:55 67.55   84.43   72.39   88.93
20:56:59 67.55   84.43   72.39   88.59
20:58:02 67.55   84.20   72.39   88.47
20:59:05 67.55   84.31   72.39   88.36
21:00:09 67.55   84.31   72.39   88.14
21:01:12 67.55   84.43   72.39   88.03
21:02:15 67.55   84.43   72.39   87.80
21:03:19 67.55   84.31   72.39   87.69
21:04:22 67.55   84.54   72.39   87.58
21:05:25 67.55   84.20   72.39   87.46
21:06:29 67.55   84.31   72.39   87.24
21:07:32 67.44   84.43   72.39   87.12
21:08:36 67.55   84.54   72.39   87.01
21:09:39 67.55   84.31   72.39   86.90
21:10:42 67.55   84.65   72.39   86.90
21:11:46 67.55   84.43   72.39   86.68
21:12:49 67.55   84.31   72.39   86.68
21:13:52 67.55   84.31   72.39   86.56
21:14:56 67.55   84.43   72.39   86.45
21:15:59 67.55   84.31   72.50   86.22
21:17:02 67.55   84.43   72.39   86.22
21:18:06 67.55   84.54   72.50   86.00
21:19:09 67.55   84.65   72.39   86.00
21:20:12 67.55   84.31   72.50   85.89
21:21:16 67.55   84.43   72.39   85.89
21:22:19 67.55   84.09   72.50   85.78
21:23:22 67.55   84.20   72.50   85.66
21:24:26 67.55   84.20   72.39   85.66
21:25:29 67.55   84.20   72.50   85.66
21:26:32 67.55   84.43   72.39   85.44
21:27:36 67.55   84.31   72.39   85.33
21:28:39 67.55   84.43   72.39   85.21
21:29:42 67.55   84.43   72.39   85.21
21:30:46 67.55   84.31   72.39   85.10
21:31:49 67.55   84.43   72.50   85.10
21:32:52 67.55   84.31   72.39   84.99
21:33:56 67.55   84.31   72.39   84.88
21:34:59 67.55   84.43   72.39   84.88
21:36:02 67.55   83.97   72.39   84.76
21:37:06 67.55   84.54   72.50   84.65
21:38:09 67.55   84.54   72.50   84.65
21:39:12 67.55   84.54   72.39   84.65
21:40:16 67.55   84.31   72.39   84.54
21:41:19 67.55   84.31   72.50   84.65
21:42:22 67.55   84.31   72.50   85.10
21:43:26 67.55   84.54   72.39   99.95
21:44:29 67.55   84.43   72.39   101.75
21:45:32 67.55   84.31   72.39   100.96
21:46:36 67.55   84.43   72.39   99.50
21:47:39 67.55   84.54   72.39   98.26
21:48:42 67.55   84.65   72.39   97.25
21:49:46 67.55   84.43   72.39   96.35
21:50:49 67.55   84.43   72.39   95.68
21:51:52 67.55   84.54   72.39   95.00
21:52:56 67.55   84.20   72.39   94.21
21:53:59 67.55   84.20   72.39   93.88
21:55:03 67.55   84.20   72.39   93.31
21:56:06 67.55   84.31   72.39   92.64
21:57:09 67.55   84.31   72.39   92.30
21:58:13 67.55   84.20   72.39   91.96
21:59:16 67.55   84.09   72.39   91.51
22:00:19 67.55   84.20   72.39   91.29
22:01:23 67.55   84.31   72.39   90.95
22:02:26 67.55   84.31   72.39   90.61
22:03:29 67.55   84.20   72.39   90.28
22:04:33 67.55   84.31   72.39   89.94
22:05:36 67.55   84.20   72.39   89.60
22:06:39 67.55   84.20   72.39   89.38
22:07:43 67.55   84.09   72.39   89.15
22:08:46 67.55   84.43   72.39   88.93
22:09:49 67.55   83.97   72.39   88.59
22:10:53 67.55   84.20   72.39   88.59
22:11:56 67.55   83.97   72.39   88.25
22:12:59 67.55   84.09   72.39   88.14
22:14:03 67.55   83.75   72.39   87.91
22:15:06 67.55   83.86   72.39   87.80
22:16:09 67.55   83.97   72.39   87.46
22:17:13 67.55   83.97   72.39   87.35
22:18:16 67.55   83.86   72.39   87.35
22:19:19 67.55   83.97   72.39   87.12
22:20:23 67.55   83.86   72.39   87.01
22:21:26 67.55   83.75   72.39   86.68
22:22:29 67.55   83.86   72.39   86.56
22:23:33 67.55   83.86   72.39   86.45
22:24:36 67.55   83.64   72.39   86.22
22:25:39 67.55   83.97   72.39   86.00
22:26:43 67.55   83.64   72.39   85.89
22:27:46 67.55   83.97   72.39   85.78
22:28:49 67.55   83.86   72.39   100.06
22:29:53 67.55   83.97   72.39   106.25
22:30:56 67.55   83.97   72.39   107.60
22:31:59 67.55   83.64   72.39   107.38
22:33:03 67.55   83.64   72.39   106.48
22:34:06 67.55   83.86   72.39   105.58
22:35:09 67.55   84.09   72.39   104.67
22:36:13 67.55   83.86   72.39   103.89
22:37:16 67.55   83.86   72.39   103.10
22:38:19 67.55   83.97   72.39   102.31
22:39:23 67.55   83.86   72.39   101.53
22:40:26 67.55   83.86   72.39   100.85
22:41:29 67.55   83.86   72.39   100.17
22:42:33 67.55   84.09   72.28   99.50
22:43:36 67.55   84.09   72.39   98.94
22:44:40 67.55   83.97   72.28   98.26
22:45:43 67.55   83.75   72.39   97.81
22:46:46 67.55   83.86   72.39   97.25
22:47:50 67.55   83.86   72.39   96.80
22:48:53 67.55   83.86   72.39   96.35
22:49:56 67.55   83.97   72.39   95.90
22:51:00 67.55   83.97   72.39   95.34
22:52:03 67.55   83.97   72.39   95.00
22:53:06 67.55   84.09   72.39   94.55
22:54:10 67.55   83.97   72.39   94.21
22:55:13 67.55   84.09   72.39   101.98
22:56:16 67.55   83.97   72.39   105.91
22:57:20 67.55   83.97   72.39   105.91
22:58:23 67.55   84.09   72.39   105.24
22:59:26 67.55   84.09   72.39   104.45
23:00:30 67.55   84.09   72.39   103.55
23:01:33 67.55   83.97   72.39   102.76
23:02:36 67.55   83.97   72.39   101.98
23:03:40 67.55   83.86   72.39   101.19
23:04:43 67.55   83.97   72.39   100.51
23:05:46 67.55   84.09   72.39   99.95
23:06:50 67.55   84.09   72.39   99.28
23:07:53 67.55   83.86   72.39   98.60
23:08:56 67.55   83.86   72.39   104.34
23:10:00 67.55   83.75   72.39   107.04
23:11:03 67.44   83.75   72.39   107.04
23:12:06 67.55   83.97   72.39   106.36
23:13:10 67.55   83.97   72.39   105.58
23:14:13 67.55   83.86   72.39   104.79
23:15:16 67.55   83.75   72.39   104.11
23:16:20 67.55   83.86   72.39   103.21
23:17:23 67.55   83.75   72.39   102.54
23:18:26 67.55   83.97   72.39   101.86
23:19:30 67.55   83.86   72.39   101.08
23:20:33 67.55   83.75   72.39   100.51
23:21:36 67.44   83.86   72.39   99.84
23:22:40 67.55   83.86   72.39   99.28
23:23:43 67.44   83.64   72.39   98.71
23:24:46 67.55   83.86   72.39   98.15
23:25:50 67.55   83.97   72.39   97.59
23:26:53 67.55   84.20   72.39   97.14
23:27:56 67.55   83.97   72.39   96.69
23:29:00 67.55   83.75   72.39   96.12
23:30:03 67.55   83.86   72.39   95.68
23:31:06 67.55   83.86   72.39   95.22
23:32:10 67.55   83.75   72.39   94.89
23:33:13 67.44   83.64   72.39   94.66
23:34:16 67.55   83.64   72.39   94.33
23:35:20 67.55   83.86   72.39   93.88
23:36:23 67.55   83.75   72.39   93.54
23:37:27 67.55   84.09   72.39   93.09
23:38:30 67.55   83.64   72.39   92.75
23:39:33 67.55   83.75   72.39   92.53
23:40:37 67.55   83.53   72.39   92.19
23:41:40 67.55   83.64   72.39   91.85
23:42:43 67.55   83.64   72.39   91.62
23:43:47 67.55   83.86   72.39   91.29
23:44:50 67.55   83.64   72.39   91.06
23:45:53 67.55   83.64   72.39   90.84
23:46:57 67.55   83.41   72.39   90.50
23:48:00 67.55   83.53   72.39   90.28
23:49:03 67.55   83.64   72.39   90.05
23:50:07 67.55   83.86   72.39   89.83
23:51:10 67.55   83.75   72.39   89.71
23:52:13 67.55   83.64   72.39   89.49
23:53:17 67.55   83.64   72.39   89.15
23:54:20 67.55   83.53   72.39   89.04
23:55:23 67.55   83.75   72.39   88.70
23:56:27 67.55   83.86   72.39   88.70
23:57:30 67.55   83.75   72.39   88.59
23:58:33 67.55   83.64   72.39   88.36
23:59:37 67.55   83.86   72.39   88.25
