 Date  Furn_In  Furn_Out  Bsmnt   Water_Htr
13:41:39 69.58   118.85   69.24   103.89
13:42:42 68.34   117.84   68.90   103.44
13:43:46 67.44   116.49   68.56   102.99
13:44:49 66.88   117.05   68.56   102.54
13:45:52 66.43   112.44   68.45   102.09
13:46:56 66.09   112.44   68.34   101.75
13:47:59 65.75   110.86   68.34   101.53
13:49:02 65.64   108.50   68.34   101.30
13:50:06 65.41   107.26   68.22   101.08
13:51:09 65.30   105.01   68.22   100.85
13:52:12 65.19   103.21   68.11   100.62
13:53:16 65.08   106.03   68.11   100.29
13:54:19 69.46   135.73   68.00   100.29
13:55:22 70.70   150.12   68.00   100.51
13:56:25 71.26   145.51   68.22   100.85
13:57:28 71.83   118.62   68.34   100.96
13:58:31 70.59   113.23   68.34   100.74
13:59:34 69.01   114.01   68.45   100.51
14:00:38 67.89   112.44   68.45   100.06
14:01:41 67.21   112.66   68.45   99.73
14:02:44 66.65   112.55   68.45   99.39
14:03:48 66.31   110.64   68.45   99.05
14:04:51 65.97   108.16   68.45   98.71
14:05:54 65.75   106.03   68.45   98.49
14:06:58 65.53   104.45   68.34   98.15
14:08:01 65.41   103.10   68.34   97.92
14:09:05 65.30   101.86   68.22   97.70
14:10:08 65.19   100.51   68.22   97.48
14:11:11 65.08   99.39   68.34   97.14
14:12:15 64.96   97.92   68.34   96.80
14:13:18 64.96   97.25   68.22   96.58
14:14:21 64.85   96.35   68.22   96.35
14:15:25 64.85   95.34   68.22   96.24
14:16:28 64.74   94.66   68.22   102.99
14:17:31 65.41   106.36   68.22   116.94
14:18:34 69.24   140.11   68.11   117.95
14:19:37 70.36   151.25   68.11   117.50
14:20:40 70.93   128.41   68.22   116.83
14:21:43 70.81   112.21   68.22   115.59
14:22:47 69.12   112.66   68.34   114.24
14:23:50 67.89   110.75   68.34   113.00
14:24:53 67.10   109.74   68.45   111.65
14:25:57 66.54   107.38   68.34   111.31
14:27:00 66.20   106.03   68.45   110.98
14:28:03 65.86   105.35   68.34   110.19
14:29:07 65.64   105.80   68.34   109.29
14:30:10 65.53   103.78   68.22   108.50
14:31:14 65.30   102.88   68.11   107.83
14:32:17 65.19   100.96   68.11   107.04
14:33:20 65.08   99.50   68.00   111.31
14:34:24 64.96   98.71   68.00   110.75
14:35:27 64.85   97.48   67.89   109.96
14:36:30 64.85   96.35   67.89   109.06
14:37:34 64.74   99.73   67.89   108.16
14:38:37 68.68   134.26   67.89   107.49
14:39:40 70.03   150.24   67.89   107.15
14:40:43 70.70   136.29   68.11   107.15
14:41:46 71.04   113.34   68.34   106.70
14:42:49 69.46   112.55   68.34   106.03
14:43:52 68.11   111.88   68.34   105.24
14:44:56 67.33   111.42   68.34   104.56
14:45:59 66.65   111.42   68.34   103.78
14:47:02 66.20   109.51   68.34   103.10
14:48:06 65.97   107.60   68.34   102.54
14:49:09 65.64   105.91   68.34   102.09
14:50:12 65.53   104.56   68.34   101.53
14:51:16 65.30   102.42   68.22   100.96
14:52:19 65.19   101.08   68.22   100.29
14:53:23 65.08   99.95   68.11   99.95
14:54:26 65.08   99.05   68.11   99.50
14:55:29 67.55   121.44   68.22   99.16
14:56:32 69.69   144.16   68.00   99.05
14:57:35 70.47   155.07   68.22   99.39
14:58:38 71.04   136.06   68.34   99.50
14:59:41 71.38   113.90   68.34   99.39
15:00:44 69.69   113.67   68.34   98.94
15:01:48 68.34   113.34   68.45   98.38
15:02:51 67.55   114.12   68.45   97.92
15:03:54 66.88   113.56   68.45   97.48
15:04:58 66.43   110.75   68.34   97.14
15:06:01 66.09   109.40   68.34   96.69
15:07:05 65.75   107.83   68.22   96.35
15:08:08 65.64   105.69   68.22   96.12
15:09:11 65.41   103.44   68.22   95.68
15:10:15 65.30   101.98   68.22   95.34
15:11:18 65.19   100.51   68.22   95.11
15:12:21 65.08   99.16   68.22   94.78
15:13:25 65.64   109.29   68.11   94.55
15:14:28 69.46   138.99   68.11   94.66
15:15:31 70.36   151.93   68.11   94.78
15:16:33 71.04   134.15   68.22   95.34
15:17:37 71.15   112.89   68.34   95.34
15:18:40 69.46   112.78   68.34   95.11
15:19:43 68.22   111.76   68.45   94.78
15:20:47 67.33   110.75   68.34   94.33
15:21:50 66.76   110.86   68.45   93.99
15:22:53 66.31   110.53   68.34   93.76
15:23:57 65.97   108.84   68.34   93.43
15:25:00 65.75   106.59   68.22   93.09
15:26:03 65.53   104.90   68.22   92.97
15:27:07 65.41   102.88   68.22   92.86
15:28:10 65.30   101.64   68.11   92.53
15:29:13 65.08   100.74   68.22   92.30
15:30:17 67.44   121.33   68.11   92.19
15:31:20 69.69   143.60   68.11   92.41
15:32:23 70.59   154.85   68.22   92.86
15:33:26 71.15   137.19   68.34   93.31
15:34:29 71.38   114.01   68.34   93.43
15:35:32 69.69   113.56   68.45   93.20
15:36:35 68.34   113.11   68.45   92.97
15:37:39 67.44   112.10   68.56   92.75
15:38:42 66.99   112.89   68.45   92.41
15:39:45 66.43   111.09   68.45   92.08
15:40:49 66.20   108.39   68.45   91.74
15:41:52 65.86   107.38   68.34   91.62
15:42:55 65.64   105.24   68.34   91.40
15:43:59 65.41   103.89   68.22   91.29
15:45:02 65.30   105.12   68.22   91.18
15:46:05 69.01   132.80   68.22   91.18
15:47:08 70.36   148.89   68.22   91.40
15:48:11 70.93   153.05   68.45   92.08
15:49:14 71.49   126.84   68.45   92.30
15:50:17 71.04   113.45   68.45   92.41
15:51:21 69.24   114.12   68.56   92.19
15:52:24 68.11   112.89   68.56   91.85
15:53:27 67.33   113.23   68.56   91.74
15:54:31 66.76   112.89   68.56   91.40
15:55:34 66.43   111.54   68.56   91.29
15:56:37 66.09   108.95   68.45   91.06
15:57:41 65.86   107.49   68.34   90.95
15:58:44 65.64   107.15   68.34   90.72
15:59:47 69.01   131.34   68.34   90.84
16:00:50 70.36   147.43   68.22   91.18
16:01:53 71.04   154.74   68.34   91.85
16:02:56 71.49   130.55   68.56   92.30
16:03:59 71.38   113.23   68.56   92.30
16:05:03 69.69   114.12   68.68   91.96
16:06:06 68.45   113.79   68.68   91.74
16:07:09 67.55   114.24   68.68   91.40
16:08:13 66.99   114.01   68.68   91.18
16:09:16 66.54   111.09   68.56   90.95
16:10:19 66.20   109.17   68.45   90.84
16:11:23 65.97   106.81   68.45   90.72
16:12:26 65.64   107.38   68.45   90.50
16:13:29 69.12   132.12   68.45   90.61
16:14:32 70.47   147.88   68.45   90.95
16:15:35 71.15   155.86   68.56   91.51
16:16:38 71.60   132.69   68.56   91.85
16:17:41 71.60   113.56   68.68   91.85
16:18:44 69.91   113.90   68.68   91.74
16:19:48 68.56   114.35   68.68   91.51
16:20:51 67.78   112.10   68.68   91.18
16:21:54 67.10   113.56   68.68   91.06
16:22:58 66.65   112.33   68.68   90.84
16:24:01 66.31   109.62   68.56   90.61
16:25:04 65.97   107.38   68.56   90.50
16:26:08 65.86   106.14   68.56   90.39
16:27:11 69.01   129.43   68.56   90.39
16:28:14 70.47   146.41   68.45   90.72
16:29:17 71.15   153.16   68.68   91.29
16:30:20 71.60   128.41   68.90   91.85
16:31:23 71.49   113.45   68.79   91.85
16:32:26 69.69   114.12   68.79   91.62
16:33:30 68.45   113.90   68.79   91.29
16:34:33 67.55   115.25   68.79   90.95
16:35:36 67.10   113.90   68.79   90.72
16:36:40 66.54   111.31   68.79   90.61
16:37:43 66.31   108.84   68.79   90.50
16:38:46 66.20   107.83   68.79   90.28
16:39:50 68.34   123.80   68.79   100.96
16:40:53 70.59   143.15   68.79   110.08
16:41:56 71.15   154.51   68.79   110.08
16:42:58 71.60   146.41   68.79   108.95
16:44:01 72.16   119.08   68.79   107.83
16:45:05 70.93   114.01   68.79   106.48
16:46:08 69.35   114.80   68.90   107.15
16:47:11 68.34   112.66   68.90   113.45
16:48:15 67.55   110.98   68.90   112.10
16:49:18 66.99   111.88   68.79   110.41
16:50:22 66.65   110.98   68.68   108.95
16:51:25 66.31   109.29   68.56   107.60
16:52:28 66.09   109.51   68.56   106.36
16:53:31 69.69   133.36   68.56   105.58
16:54:34 70.93   148.78   68.79   105.01
16:55:37 71.49   150.80   68.79   104.79
16:56:40 71.94   124.14   68.90   104.45
16:57:43 71.38   113.67   69.01   103.89
16:58:47 69.69   114.46   69.12   103.21
16:59:50 68.56   113.23   69.12   102.42
17:00:53 67.78   111.99   69.12   101.64
17:01:57 67.21   111.99   69.01   101.08
17:03:00 66.76   110.30   68.90   100.62
17:04:03 66.43   109.29   69.01   100.06
17:05:07 66.20   106.81   68.90   99.50
17:06:10 66.09   105.69   68.90   99.16
17:07:14 65.86   104.45   68.90   98.71
17:08:17 65.75   103.33   68.90   98.26
17:09:20 68.56   124.92   68.90   97.92
17:10:23 70.47   145.18   68.90   97.81
17:11:26 71.26   154.18   69.01   98.04
17:12:29 71.83   130.89   69.12   98.26
17:13:32 71.83   113.00   69.12   98.15
17:14:35 70.14   113.45   69.24   97.81
17:15:39 68.90   112.66   69.24   97.48
17:16:42 68.00   110.98   69.24   96.91
17:17:45 67.33   109.62   69.24   96.69
17:18:49 66.99   110.41   69.24   96.24
17:19:52 66.65   109.29   69.12   95.90
17:20:56 66.31   107.83   69.01   95.56
17:21:59 66.09   106.14   69.12   95.34
17:23:02 65.97   104.67   69.01   95.00
17:24:06 65.86   102.54   69.01   94.78
17:25:09 65.75   100.85   68.90   94.44
17:26:12 65.64   104.11   68.90   94.21
17:27:15 69.58   136.18   68.90   94.21
17:28:18 70.93   150.91   68.90   94.55
17:29:21 71.38   137.53   69.01   94.78
17:30:24 71.83   113.23   69.24   94.89
17:31:28 70.36   112.66   69.24   94.78
17:32:31 69.01   112.78   69.35   111.54
17:33:34 68.11   111.42   69.24   111.76
17:34:38 67.55   110.53   69.24   111.31
17:35:41 66.99   111.42   69.12   111.09
17:36:44 66.65   109.06   69.12   110.53
17:37:48 66.43   107.26   69.12   110.08
17:38:51 66.20   105.91   69.01   109.40
17:39:54 65.97   104.34   69.12   108.84
17:40:58 65.86   102.31   69.01   108.16
17:42:01 65.75   101.64   68.90   109.74
17:43:04 65.64   100.17   68.90   112.89
17:44:08 65.53   98.94   68.68   112.66
17:45:11 65.53   97.70   68.68   111.88
17:46:14 65.41   97.25   68.56   111.09
17:47:18 65.30   96.35   68.56   110.30
17:48:21 65.30   95.11   68.56   112.66
17:49:24 65.19   100.96   68.45   114.01
17:50:28 69.69   137.64   68.34   114.01
17:51:30 70.81   147.76   68.45   114.01
17:52:33 71.49   123.91   68.45   113.79
17:53:37 70.93   112.10   68.45   113.23
17:54:40 69.24   112.21   68.45   112.33
17:55:43 68.22   110.98   68.56   111.42
17:56:47 67.44   112.10   68.68   110.41
17:57:50 66.99   110.30   68.56   109.51
17:58:53 66.54   108.84   68.45   108.61
17:59:57 66.31   107.38   68.45   107.94
18:01:00 65.97   105.91   68.34   107.26
18:02:04 65.86   104.23   68.45   106.70
18:03:07 65.64   102.65   68.34   108.61
18:04:10 65.53   101.41   68.34   110.30
18:05:14 65.41   100.29   68.22   110.41
18:06:17 65.30   99.16   68.11   109.96
18:07:20 65.30   98.38   68.11   110.86
18:08:24 65.19   97.25   68.22   110.30
18:09:27 65.19   95.90   68.22   109.62
18:10:30 65.08   95.11   68.22   111.54
18:11:34 65.08   94.44   68.11   111.54
18:12:37 64.96   93.54   68.11   110.86
18:13:40 64.96   92.86   68.11   110.08
18:14:44 64.96   92.41   68.00   109.17
18:15:47 64.85   91.51   68.00   108.39
18:16:50 64.85   91.18   67.89   107.71
18:17:54 64.85   90.61   67.89   106.92
18:18:57 64.85   90.16   67.89   106.36
18:20:00 64.74   89.94   67.78   105.69
18:21:04 64.74   89.49   67.89   107.04
18:22:07 64.74   88.93   68.00   107.04
18:23:10 64.74   88.59   67.89   106.48
18:24:14 64.74   88.59   67.78   105.91
18:25:17 64.74   88.25   67.78   105.35
18:26:20 64.62   88.03   67.78   104.79
18:27:24 64.74   87.58   67.78   104.23
18:28:27 64.62   87.46   67.89   103.55
18:29:30 64.62   87.12   67.78   102.99
18:30:34 64.62   86.90   67.78   102.42
18:31:37 64.51   86.68   67.78   106.48
18:32:41 64.51   86.68   67.78   107.04
18:33:44 64.51   86.56   67.78   106.36
18:34:47 64.51   86.00   67.66   105.24
18:35:51 64.40   86.00   67.66   104.56
18:36:54 64.40   85.66   67.66   103.78
18:37:57 64.40   85.89   67.66   103.10
18:39:01 64.40   85.55   67.66   102.54
18:40:04 64.40   85.66   67.66   101.75
18:41:07 64.29   85.33   67.66   101.08
18:42:11 64.29   85.10   67.55   100.62
18:43:14 64.29   84.76   67.66   100.06
18:44:17 64.29   85.10   67.55   99.50
18:45:21 64.29   84.88   67.55   111.20
18:46:24 64.18   84.76   67.44   113.56
18:47:27 64.18   84.43   67.44   114.24
18:48:31 64.18   84.43   67.33   113.11
18:49:34 64.18   84.20   67.33   111.88
18:50:37 64.18   84.31   67.44   110.98
18:51:41 64.18   84.20   67.44   110.86
18:52:44 64.18   84.20   67.44   110.08
18:53:47 64.06   83.86   67.44   110.30
18:54:51 64.06   83.97   67.33   110.41
18:55:54 64.06   84.09   67.33   109.85
18:56:57 64.06   83.86   67.33   108.95
18:58:01 64.06   83.64   67.33   108.05
18:59:04 64.06   83.75   67.33   107.04
19:00:07 64.18   83.75   67.33   106.14
19:01:11 64.06   83.64   67.33   105.24
19:02:14 64.06   83.75   67.21   104.45
19:03:17 64.06   83.41   67.21   103.55
19:04:21 64.06   83.53   67.21   109.06
19:05:24 64.06   83.41   67.21   113.23
19:06:28 64.06   83.30   67.21   113.34
19:07:31 64.06   83.41   67.21   112.55
19:08:34 64.06   83.08   67.10   111.20
19:09:38 64.06   83.19   67.10   109.96
19:10:41 64.06   83.08   67.10   108.73
19:11:44 64.06   82.96   66.99   107.38
19:12:48 63.95   82.85   66.99   106.25
19:13:51 63.95   82.96   66.99   105.24
19:14:54 63.95   82.62   66.99   104.34
19:15:58 63.95   82.51   66.99   103.55
19:17:01 63.95   82.40   66.99   102.76
19:18:04 63.84   82.62   66.99   101.86
19:19:08 63.95   82.51   66.88   101.19
19:20:11 63.84   82.18   66.88   100.51
19:21:14 63.95   82.29   66.76   99.84
19:22:18 63.95   82.51   66.76   99.16
19:23:21 63.84   82.18   66.76   98.60
19:24:24 63.84   82.29   66.88   97.92
19:25:28 63.84   82.18   66.76   97.48
19:26:31 63.84   82.06   66.76   96.91
19:27:34 63.84   82.06   66.76   96.35
19:28:38 63.84   82.06   66.76   96.01
19:29:41 63.84   81.95   66.76   95.56
19:30:44 63.84   81.84   66.76   95.11
19:31:48 63.73   81.84   66.76   94.66
19:32:51 63.73   81.72   66.65   94.21
19:33:54 63.73   81.72   66.65   93.76
19:34:58 63.73   81.72   66.65   93.54
19:36:01 63.73   81.61   66.76   93.09
19:37:04 63.73   81.61   66.54   92.75
19:38:08 63.73   81.50   66.65   92.30
19:39:11 63.73   81.72   66.54   92.08
19:40:14 63.73   81.39   66.65   91.62
19:41:18 63.73   81.50   66.65   91.29
19:42:21 63.73   81.16   66.76   91.06
19:43:25 63.73   81.28   66.65   90.84
19:44:28 63.73   81.39   66.65   90.50
19:45:31 63.73   81.39   66.54   90.28
19:46:35 63.73   81.28   66.54   90.05
19:47:38 63.61   81.28   66.54   89.71
19:48:41 63.73   81.39   66.54   89.38
19:49:45 63.61   81.50   66.54   89.15
19:50:48 63.61   81.16   66.43   89.04
19:51:51 63.73   81.39   66.43   88.81
19:52:55 63.73   81.05   66.43   88.59
19:53:58 63.61   80.94   66.43   88.47
19:55:01 63.61   80.94   66.43   92.53
19:56:05 63.61   81.16   66.43   107.94
19:57:08 63.61   81.05   66.31   109.85
19:58:11 63.61   81.28   66.31   110.64
19:59:15 63.61   80.83   66.20   110.64
20:00:18 63.61   80.94   66.20   110.53
20:01:21 63.73   81.28   66.20   109.96
20:02:25 63.61   81.05   66.20   109.40
20:03:28 63.73   81.05   66.09   108.84
20:04:31 63.73   81.16   66.09   108.16
20:05:35 63.73   81.05   66.09   107.49
20:06:38 63.73   81.16   66.09   106.92
20:07:41 63.73   81.16   66.09   106.25
20:08:45 63.73   81.16   66.09   105.69
20:09:48 63.73   81.16   66.09   105.01
20:10:51 63.73   81.28   66.09   113.90
20:11:55 63.73   81.05   66.09   114.80
20:12:58 63.73   81.16   66.20   113.90
20:14:02 63.73   80.94   66.20   112.66
20:15:05 63.73   81.05   66.20   111.54
20:16:08 63.73   80.94   66.09   110.30
20:17:12 63.73   81.05   66.20   109.29
20:18:15 63.73   80.83   65.97   108.28
20:19:18 63.73   80.94   65.97   107.38
20:20:22 63.73   80.94   65.97   106.70
20:21:25 63.84   80.83   65.97   105.69
20:22:28 63.73   80.83   65.97   104.90
20:23:32 63.73   81.05   66.09   104.11
20:24:35 63.84   80.71   66.09   103.44
20:25:38 63.73   80.38   65.97   102.76
20:26:42 63.73   80.71   66.09   102.31
20:27:45 63.73   80.71   65.97   101.64
20:28:48 63.73   80.49   65.97   101.08
20:29:52 63.73   80.49   65.97   100.62
20:30:55 63.73   80.60   65.97   100.17
20:31:58 63.73   80.49   65.97   99.61
20:33:02 63.73   80.38   65.97   99.05
20:34:05 63.73   80.26   65.97   98.60
20:35:08 63.61   80.38   65.97   98.15
20:36:12 63.61   80.49   65.86   97.70
20:37:15 63.61   80.26   65.86   97.25
20:38:18 63.61   80.26   65.86   96.69
20:39:22 63.61   80.38   65.75   96.35
20:40:25 63.61   80.26   65.86   95.90
20:41:28 63.61   80.26   65.97   95.56
20:42:32 63.61   80.15   65.86   95.22
20:43:35 63.61   80.15   65.97   94.89
20:44:38 63.61   80.15   65.86   94.44
20:45:42 63.61   80.15   65.86   94.10
20:46:45 63.61   80.26   65.75   93.76
20:47:49 63.50   80.15   65.75   93.31
20:48:52 63.50   79.93   65.86   93.09
20:49:55 63.50   79.93   65.86   92.64
20:50:59 63.50   80.15   65.86   92.41
20:52:02 63.50   80.15   65.75   92.19
20:53:05 63.50   83.08   65.86   91.96
20:54:09 66.20   120.42   65.75   91.85
20:55:11 68.11   146.53   65.75   91.74
20:56:14 69.24   133.25   65.86   92.19
20:57:18 69.46   111.88   65.97   92.30
20:58:21 67.89   110.86   66.09   92.30
20:59:24 66.76   111.09   66.09   91.85
21:00:28 66.09   110.41   65.97   91.51
21:01:31 65.53   107.60   66.09   91.18
21:02:34 65.19   105.35   66.20   90.84
21:03:38 64.96   104.34   65.97   90.61
21:04:41 64.74   102.42   66.20   90.50
21:05:44 64.62   100.62   66.09   90.28
21:06:48 66.54   120.65   65.97   90.16
21:07:51 68.68   141.69   66.09   90.28
21:08:54 69.46   153.28   66.09   90.72
21:09:56 69.91   143.60   66.09   91.18
21:10:59 70.36   115.92   66.20   91.29
21:12:03 68.90   113.45   66.43   91.18
21:13:06 67.55   112.78   66.43   90.84
21:14:10 66.65   110.41   66.31   90.39
21:15:13 65.97   112.21   66.31   90.05
21:16:16 65.64   109.85   66.20   89.71
21:17:20 65.30   107.94   66.20   89.60
21:18:23 66.54   120.09   66.20   89.49
21:19:26 69.01   139.32   66.20   89.60
21:20:29 69.69   151.59   66.31   90.05
21:21:32 70.25   152.15   66.43   90.50
21:22:35 70.70   124.48   66.54   90.84
21:23:38 70.03   113.23   66.65   90.84
21:24:41 68.34   113.90   66.65   90.50
21:25:45 67.33   112.21   66.54   90.16
21:26:48 66.65   111.09   66.54   89.83
21:27:51 66.09   111.54   66.54   89.49
21:28:55 65.64   111.54   66.54   89.38
21:29:58 68.68   132.80   66.54   89.38
21:31:01 69.80   147.65   66.54   89.83
21:32:04 70.36   156.99   66.65   90.39
21:33:06 70.93   140.45   66.76   90.72
21:34:10 71.26   114.58   66.76   90.84
21:35:13 69.58   113.90   66.99   90.61
21:36:16 68.11   113.90   66.88   90.39
21:37:20 67.21   111.88   66.88   90.05
21:38:23 66.54   109.51   66.76   89.71
21:39:26 65.97   112.44   66.88   89.60
21:40:29 69.12   133.81   66.76   91.96
21:41:32 70.03   147.88   66.76   114.35
21:42:35 70.47   156.99   66.88   116.83
21:43:38 71.04   142.59   66.88   117.28
21:44:41 71.38   115.36   66.99   117.28
21:45:45 69.80   114.24   67.10   116.71
21:46:48 68.34   114.91   67.10   116.04
21:47:51 67.44   112.33   67.10   115.36
21:48:55 66.65   113.23   67.10   114.46
21:49:58 66.20   112.21   66.99   113.67
21:51:01 68.79   128.75   66.99   112.89
21:52:04 70.47   144.61   66.99   112.55
21:53:07 70.93   154.96   67.10   112.21
21:54:10 71.38   154.51   67.10   111.88
21:55:13 71.83   126.50   67.21   111.54
21:56:16 71.15   114.46   67.21   110.75
21:57:19 69.35   115.14   67.33   109.85
21:58:23 68.11   114.35   67.33   108.95
21:59:26 67.21   114.69   67.33   108.16
22:00:29 66.76   113.34   67.21   107.49
22:01:33 66.31   111.42   67.21   106.81
22:02:36 65.86   108.95   67.21   106.14
22:03:39 65.64   107.26   67.10   105.46
22:04:43 65.41   105.58   67.21   104.90
22:05:46 65.30   103.78   67.10   104.34
22:06:50 65.19   101.75   67.10   103.78
22:07:53 65.08   101.19   66.99   103.33
22:08:56 64.96   99.61   66.88   102.76
22:10:00 64.85   98.49   66.99   102.20
22:11:03 64.74   97.25   66.99   101.75
22:12:06 64.74   96.01   66.99   101.30
22:13:10 64.62   95.00   66.99   100.85
22:14:13 64.51   93.88   66.76   100.51
22:15:16 64.40   92.97   66.88   100.17
22:16:20 64.40   92.19   66.88   99.73
22:17:23 64.29   91.29   66.99   99.39
22:18:26 64.29   90.28   66.88   98.94
22:19:30 64.29   89.83   66.88   98.60
22:20:33 64.29   89.26   66.76   108.84
22:21:36 64.29   89.04   66.76   109.40
22:22:40 64.18   88.25   66.65   117.95
22:23:43 64.18   88.36   66.76   117.50
22:24:46 64.06   87.69   66.65   115.81
22:25:50 64.06   87.35   66.65   114.01
22:26:53 64.06   86.68   66.76   112.33
22:27:56 63.95   86.45   66.65   111.09
22:29:00 63.95   86.00   66.65   109.74
22:30:03 63.95   85.89   66.65   108.50
22:31:06 63.95   85.44   66.65   107.49
22:32:10 63.95   85.21   66.65   106.48
22:33:13 63.84   84.88   66.54   105.58
22:34:16 63.84   84.65   66.54   104.79
22:35:20 63.84   84.65   66.54   104.00
22:36:23 63.84   84.20   66.54   103.21
22:37:26 63.84   83.75   66.43   102.54
22:38:30 63.73   83.86   66.43   101.98
22:39:33 63.73   83.64   66.43   101.19
22:40:37 63.73   83.64   66.43   100.74
22:41:40 63.73   83.41   66.43   100.06
22:42:43 63.73   83.19   66.43   102.99
22:43:47 63.73   83.08   66.31   113.23
22:44:50 63.61   82.85   66.31   117.39
22:45:53 63.61   82.62   66.31   118.74
22:46:57 63.61   82.62   66.31   118.40
22:48:00 63.61   82.40   66.20   117.50
22:49:03 63.61   82.18   66.20   116.26
22:50:07 63.50   81.95   66.09   115.25
22:51:10 63.61   81.95   66.20   116.60
22:52:13 63.50   81.72   66.09   118.62
22:53:17 63.50   82.18   66.09   118.62
22:54:20 63.50   81.84   65.97   117.95
22:55:23 63.50   81.72   65.97   117.05
22:56:27 63.50   81.72   65.97   116.15
22:57:30 63.50   81.50   65.97   115.03
22:58:33 63.50   81.39   65.97   113.90
22:59:37 63.39   81.39   65.97   112.89
23:00:40 63.39   81.28   65.97   111.88
23:01:43 63.39   81.28   65.97   110.98
23:02:47 63.39   81.05   65.86   109.96
23:03:50 63.28   81.16   65.86   109.06
23:04:53 63.39   80.94   65.75   108.16
23:05:57 63.28   80.83   65.64   107.15
23:07:00 63.39   80.83   65.75   106.36
23:08:03 63.39   80.71   65.75   105.58
23:09:07 63.28   80.94   65.75   104.90
23:10:10 63.28   80.71   65.64   104.11
23:11:14 63.28   80.60   65.64   103.33
23:12:17 63.28   80.60   65.53   102.65
23:13:20 63.28   80.04   65.64   102.09
23:14:24 63.28   80.15   65.53   101.30
23:15:27 63.28   80.38   65.53   100.62
23:16:30 63.28   80.26   65.53   100.06
23:17:34 63.16   80.04   65.41   99.50
23:18:37 63.28   80.04   65.41   98.83
23:19:40 63.16   79.93   65.41   98.38
23:20:44 63.16   80.04   65.41   97.81
23:21:47 63.16   79.81   65.30   97.36
23:22:50 63.16   79.93   65.19   96.91
23:23:54 63.16   79.93   65.30   106.14
23:24:57 63.16   79.70   65.19   113.90
23:26:00 63.16   79.70   65.30   115.25
23:27:04 63.16   79.59   65.30   114.91
23:28:07 63.16   79.47   65.19   113.90
23:29:10 63.16   79.47   65.19   112.78
23:30:14 63.16   79.36   65.08   111.65
23:31:17 63.05   79.25   65.08   110.64
23:32:20 63.05   79.03   64.96   114.01
23:33:24 63.05   79.14   65.08   113.90
23:34:27 63.05   79.03   65.19   113.00
23:35:30 63.05   79.03   64.96   111.99
23:36:34 63.05   79.14   64.74   110.75
23:37:37 63.05   79.03   64.96   109.74
23:38:40 63.05   79.14   64.96   108.61
23:39:44 62.94   78.80   64.85   107.60
23:40:47 62.94   78.80   64.85   106.59
23:41:50 62.94   78.91   64.74   105.46
23:42:54 62.94   78.80   64.85   104.56
23:43:57 62.94   78.69   64.85   103.66
23:45:01 62.94   78.46   64.85   102.88
23:46:04 62.94   78.69   64.85   102.09
23:47:07 62.94   78.69   64.74   101.30
23:48:11 62.94   78.58   64.74   100.62
23:49:14 62.94   78.58   64.85   99.95
23:50:17 62.94   78.58   64.74   99.16
23:51:21 62.83   78.46   64.74   98.49
23:52:24 62.83   78.24   64.74   97.92
23:53:27 62.94   78.24   64.62   97.36
23:54:31 62.94   78.24   64.74   96.80
23:55:34 62.94   77.90   64.62   96.35
23:56:37 62.94   78.01   64.51   95.79
23:57:41 62.83   78.12   64.51   95.22
23:58:44 62.83   77.90   64.51   94.78
23:59:47 62.83   77.79   64.62   94.21
