 Date  Furn_In  Furn_Out  Bsmnt   Water_Htr
00:00:46 66.09   80.60   68.00   94.10
00:01:50 66.09   80.60   68.00   93.76
00:02:53 66.09   80.60   68.00   93.43
00:03:56 66.09   80.71   68.00   93.09
00:05:00 66.09   80.71   68.00   92.75
00:06:03 66.09   80.60   67.89   92.30
00:07:07 66.09   80.38   67.89   92.08
00:08:10 66.09   80.49   67.89   91.74
00:09:13 66.09   80.83   67.89   91.40
00:10:17 66.09   80.49   67.89   91.18
00:11:20 66.09   80.49   67.89   90.84
00:12:23 66.09   80.49   67.89   90.50
00:13:27 66.09   80.26   67.89   90.16
00:14:30 66.09   80.49   67.89   89.94
00:15:33 66.09   80.38   67.89   89.71
00:16:37 66.09   80.38   67.89   89.60
00:17:40 66.09   80.49   67.89   89.26
00:18:43 66.09   80.26   67.78   89.04
00:19:47 66.09   80.15   67.78   88.70
00:20:50 65.97   80.04   67.78   88.59
00:21:53 66.09   80.04   67.78   88.36
00:22:57 66.09   80.04   67.89   88.14
00:24:00 65.97   80.04   67.78   87.80
00:25:03 66.09   80.15   67.78   87.80
00:26:07 65.97   79.93   67.78   87.46
00:27:10 65.97   80.15   67.78   87.24
00:28:13 65.97   80.38   67.78   87.12
00:29:17 65.97   80.15   67.78   86.90
00:30:20 65.97   80.15   67.78   86.90
00:31:23 65.97   79.81   67.78   86.68
00:32:27 65.97   79.93   67.78   86.56
00:33:30 65.97   79.93   67.78   86.34
00:34:33 65.97   85.78   67.78   86.22
00:35:37 67.78   131.00   67.78   86.11
00:36:40 68.56   149.23   67.78   86.56
00:37:42 69.12   131.00   67.78   87.12
00:38:46 69.24   111.99   67.89   87.46
00:39:49 68.45   111.65   67.89   87.35
00:40:52 67.89   111.99   68.00   87.01
00:41:56 67.44   112.21   68.00   86.68
00:42:59 67.21   109.51   68.00   86.45
00:44:02 66.99   106.92   68.00   86.22
00:45:06 66.88   105.01   68.00   86.22
00:46:09 66.76   103.10   68.00   86.11
00:47:12 66.65   101.41   68.00   86.00
00:48:16 66.54   99.61   68.00   85.89
00:49:19 66.54   98.04   68.00   85.78
00:50:22 66.43   96.35   68.00   85.66
00:51:26 66.43   98.49   68.00   85.44
00:52:29 68.22   130.66   68.00   85.55
00:53:32 68.90   147.20   68.00   86.00
00:54:35 69.35   146.41   68.11   86.68
00:55:38 69.80   119.41   68.11   87.01
00:56:41 69.35   112.89   68.22   87.01
00:57:44 68.56   111.76   68.22   86.68
00:58:48 67.89   112.66   68.22   86.45
00:59:51 67.55   110.75   68.22   86.22
01:00:54 67.33   108.95   68.22   86.11
01:01:58 67.10   106.59   68.22   85.89
01:03:01 66.99   105.24   68.22   85.78
01:04:04 66.88   103.89   68.22   85.78
01:05:08 66.88   101.98   68.22   85.66
01:06:11 66.76   100.29   68.22   85.66
01:07:15 66.65   100.51   68.22   85.44
01:08:18 68.34   127.62   68.22   85.55
01:09:21 69.12   145.40   68.22   86.00
01:10:24 69.58   151.81   68.34   86.56
01:11:26 69.91   126.50   68.34   87.01
01:12:30 69.91   112.66   68.45   87.24
01:13:33 69.01   113.11   68.45   87.01
01:14:36 68.34   110.86   68.56   86.79
01:15:40 67.89   112.21   68.45   86.56
01:16:43 67.55   110.64   68.56   86.34
01:17:47 67.44   109.51   68.45   86.00
01:18:50 67.21   107.15   68.45   85.89
01:19:53 67.10   105.35   68.56   85.78
01:20:57 66.99   103.10   68.56   85.66
01:22:00 66.88   101.98   68.45   85.66
01:23:03 66.76   104.34   68.45   85.55
01:24:06 68.79   134.82   68.45   85.78
01:25:09 69.35   149.23   68.56   86.22
01:26:12 69.80   148.66   68.56   87.01
01:27:15 70.14   120.99   68.68   87.46
01:28:18 69.80   113.34   68.68   87.46
01:29:22 68.90   113.67   68.68   87.24
01:30:25 68.34   112.66   68.79   87.12
01:31:28 68.00   112.66   68.68   86.79
01:32:32 67.66   110.86   68.68   86.56
01:33:35 67.44   108.95   68.79   86.45
01:34:39 67.21   107.26   68.68   86.34
01:35:42 67.10   105.91   68.68   86.45
01:36:45 66.99   104.34   68.68   86.22
01:37:49 66.99   102.54   68.68   86.22
01:38:52 66.88   100.96   68.68   86.11
01:39:55 66.88   99.05   68.68   86.00
01:40:59 66.99   107.71   68.68   85.89
01:42:02 68.90   137.41   68.68   85.89
01:43:05 69.46   150.80   68.68   86.56
01:44:07 69.91   139.32   68.79   87.35
01:45:11 70.25   113.90   68.79   87.46
01:46:14 69.46   112.89   68.90   87.35
01:47:17 68.68   112.89   68.90   87.24
01:48:21 68.22   110.53   68.90   86.90
01:49:24 67.78   109.85   68.90   86.79
01:50:27 67.55   109.06   68.90   86.68
01:51:31 67.33   108.28   68.90   86.45
01:52:34 67.21   106.36   68.90   86.45
01:53:37 67.10   105.01   68.90   86.34
01:54:41 66.99   102.88   68.90   86.22
01:55:44 66.88   101.19   68.90   86.22
01:56:47 66.88   102.88   68.90   86.22
01:57:51 68.79   132.91   68.90   86.11
01:58:53 69.46   148.32   68.90   86.68
01:59:56 69.91   133.03   68.90   87.24
02:01:00 70.03   112.44   68.90   87.69
02:02:03 69.24   112.21   69.01   87.46
02:03:06 68.56   110.86   69.01   87.24
02:04:10 68.11   109.29   69.01   86.90
02:05:13 67.78   110.19   69.01   86.79
02:06:16 67.55   108.95   69.01   86.56
02:07:20 67.33   107.49   69.01   86.56
02:08:23 67.21   106.14   69.01   86.45
02:09:26 67.10   104.34   69.01   86.56
02:10:30 67.10   103.21   69.01   86.56
02:11:33 66.88   101.98   69.01   86.45
02:12:36 66.88   100.06   69.01   86.34
02:13:40 66.88   98.71   68.90   86.22
02:14:43 66.76   97.59   69.01   86.22
02:15:46 66.76   95.79   68.90   86.11
02:16:50 66.65   96.46   68.90   86.00
02:17:53 68.22   125.15   68.90   86.11
02:18:56 69.12   145.62   68.90   86.56
02:19:59 69.69   143.49   68.90   87.24
02:21:02 69.91   116.83   69.01   87.58
02:22:05 69.46   112.89   69.01   87.69
02:23:09 68.56   112.33   69.01   87.46
02:24:12 68.11   109.74   69.01   87.24
02:25:15 67.78   108.73   69.12   87.12
02:26:19 67.55   109.40   69.01   86.90
02:27:22 67.33   108.73   69.12   86.68
02:28:25 67.21   106.92   69.12   86.56
02:29:29 67.10   105.46   69.12   86.45
02:30:32 66.99   104.00   69.01   86.45
02:31:35 66.88   102.31   69.01   86.22
02:32:39 66.88   100.85   69.01   86.22
02:33:42 66.76   99.05   69.01   86.22
02:34:45 66.76   98.04   69.01   86.11
02:35:49 66.65   97.25   69.01   86.11
02:36:52 66.76   95.56   69.01   86.11
02:37:55 66.65   94.21   69.01   85.89
02:38:59 67.10   108.84   69.01   86.00
02:40:02 68.79   139.44   69.01   86.11
02:41:05 69.35   151.93   68.90   86.79
02:42:08 69.80   131.90   69.01   87.35
02:43:11 69.91   112.33   69.01   87.69
02:44:14 69.12   112.55   69.12   87.46
02:45:17 68.45   111.31   69.12   87.24
02:46:21 68.00   110.75   69.12   87.01
02:47:24 67.66   110.41   69.12   86.90
02:48:27 67.44   108.61   69.12   86.68
02:49:31 67.21   106.92   69.12   86.56
02:50:34 67.10   105.69   69.12   86.45
02:51:37 67.10   104.23   69.12   86.34
02:52:41 66.99   102.65   69.12   86.34
02:53:44 66.88   101.08   69.01   86.34
02:54:48 66.88   99.95   69.01   86.22
02:55:51 66.76   98.60   69.01   86.22
02:56:54 66.76   97.14   69.01   86.22
02:57:58 66.76   96.35   69.01   86.22
02:59:01 66.65   95.11   69.01   86.11
03:00:04 66.65   94.21   69.01   86.00
03:01:08 66.65   93.31   69.01   85.89
03:02:11 66.65   92.30   68.90   85.78
03:03:14 66.54   91.51   68.90   85.66
03:04:18 66.65   90.84   68.90   85.78
03:05:21 66.65   92.19   68.90   85.66
03:06:24 68.11   125.71   68.90   85.66
03:07:27 69.01   146.64   68.90   86.11
03:08:30 69.46   138.09   69.01   86.68
03:09:33 69.80   113.23   69.01   87.01
03:10:36 69.12   111.88   69.01   87.01
03:11:40 68.45   111.31   69.01   86.90
03:12:43 68.00   111.99   69.01   86.79
03:13:47 67.66   110.75   69.01   86.68
03:14:50 67.55   108.39   69.01   86.45
03:15:53 67.33   107.15   69.01   86.34
03:16:57 67.21   105.80   69.01   86.34
03:18:00 67.10   103.78   69.01   86.22
03:19:03 67.10   102.54   69.01   86.22
03:20:07 66.99   100.74   69.01   86.00
03:21:10 66.88   99.61   69.01   85.78
03:22:13 66.88   98.38   68.90   85.78
03:23:17 66.76   97.36   69.01   85.66
03:24:20 66.76   96.01   68.90   85.55
03:25:23 66.76   95.00   69.01   85.55
03:26:27 66.65   93.43   68.90   85.55
03:27:30 66.65   92.97   68.90   85.44
03:28:33 66.65   91.85   68.90   85.44
03:29:37 66.54   91.51   68.90   85.44
03:30:40 66.54   90.61   68.79   85.44
03:31:43 66.54   90.39   68.79   85.44
03:32:47 66.99   105.58   68.79   85.55
03:33:50 68.56   139.32   68.79   85.66
03:34:53 69.12   151.48   68.79   86.22
03:35:56 69.46   130.21   68.90   86.79
03:36:59 69.58   112.55   68.90   86.79
03:38:02 68.79   113.00   69.01   86.79
03:39:05 68.22   110.64   69.01   86.68
03:40:09 67.78   109.85   69.01   86.45
03:41:12 67.44   109.96   69.01   86.34
03:42:16 67.33   109.51   69.01   86.34
03:43:19 67.10   107.04   69.01   86.11
03:44:22 67.10   105.46   69.01   86.00
03:45:26 66.99   103.44   69.01   85.89
03:46:29 66.88   101.64   68.90   85.78
03:47:32 66.76   100.74   68.90   85.78
03:48:36 66.76   99.16   68.90   85.78
03:49:39 66.65   98.26   68.90   85.66
03:50:42 66.65   96.58   68.90   85.66
03:51:46 67.33   113.56   68.90   85.66
03:52:49 68.68   140.00   68.90   85.78
03:53:51 69.12   150.57   68.90   86.45
03:54:54 69.58   127.74   69.01   87.12
03:55:58 69.58   113.00   69.01   87.24
03:57:01 68.79   113.23   69.01   87.12
03:58:04 68.22   113.67   69.01   86.90
03:59:08 67.78   113.23   69.01   86.79
04:00:11 67.44   110.64   69.01   86.56
04:01:14 67.33   108.95   69.01   86.45
04:02:18 67.10   107.26   69.01   86.22
04:03:21 67.10   105.01   69.01   86.11
04:04:24 66.99   103.89   69.01   86.11
04:05:28 66.88   102.31   69.01   86.11
04:06:31 66.76   101.19   69.01   86.11
04:07:34 66.76   99.61   69.01   86.00
04:08:38 66.65   98.04   68.90   85.89
04:09:41 67.21   111.88   68.90   85.89
04:10:44 68.79   138.99   68.90   86.00
04:11:47 69.24   151.25   68.90   86.68
04:12:50 69.69   132.69   69.01   87.35
04:13:53 69.80   112.89   69.01   87.46
04:14:57 69.01   112.89   69.01   87.35
04:16:00 68.34   111.31   69.12   87.12
04:17:03 67.89   112.21   69.12   86.90
04:18:07 67.66   111.31   69.12   86.79
04:19:10 67.33   109.29   69.12   86.68
04:20:13 67.21   107.38   69.12   86.56
04:21:17 67.10   105.69   69.12   86.45
04:22:20 66.99   104.45   69.12   86.34
04:23:23 66.88   102.42   69.12   86.34
04:24:27 66.88   101.64   69.01   86.34
04:25:30 66.76   100.29   69.12   86.34
04:26:33 66.76   98.60   69.01   86.22
04:27:37 66.76   97.36   69.01   86.00
04:28:40 67.66   116.60   69.01   86.00
04:29:43 68.90   141.12   69.01   86.34
04:30:46 69.35   152.38   69.01   87.01
04:31:49 69.69   134.04   69.12   87.69
04:32:52 69.91   113.45   69.12   87.91
04:33:55 69.01   113.56   69.12   87.69
04:34:59 68.45   112.10   69.12   87.46
04:36:02 67.89   110.64   69.24   87.24
04:37:05 67.66   108.16   69.24   87.12
04:38:09 67.44   109.06   69.24   87.01
04:39:12 67.21   108.61   69.24   86.90
04:40:15 67.10   106.48   69.24   86.68
04:41:19 66.99   104.90   69.12   86.68
04:42:22 66.88   103.55   69.12   86.56
04:43:25 66.88   101.98   69.12   86.45
04:44:29 66.76   100.40   69.12   86.34
04:45:32 66.76   98.60   69.12   86.11
04:46:35 66.65   97.59   69.12   86.22
04:47:39 66.65   96.35   69.01   86.22
04:48:42 66.65   96.01   69.01   86.11
04:49:45 67.21   111.76   69.01   86.11
04:50:48 68.79   139.55   69.01   86.34
04:51:51 69.24   150.35   69.01   87.01
04:52:54 69.58   127.96   69.12   87.58
04:53:58 69.58   112.33   69.12   87.69
04:55:01 68.79   112.66   69.12   87.58
04:56:04 68.22   111.09   69.24   87.35
04:57:08 67.89   111.88   69.24   87.12
04:58:11 67.55   111.09   69.12   87.01
04:59:14 67.33   109.40   69.24   86.90
05:00:18 67.21   107.26   69.24   86.90
05:01:21 66.99   105.91   69.12   86.79
05:02:24 66.99   104.67   69.12   86.56
05:03:28 66.88   102.76   69.12   86.45
05:04:31 66.76   101.08   69.12   86.34
05:05:34 66.76   99.39   69.12   86.34
05:06:38 66.76   98.83   69.12   86.34
05:07:41 66.65   97.36   69.01   86.34
05:08:44 66.65   96.35   69.12   86.11
05:09:48 67.44   114.01   69.12   86.22
05:10:51 68.68   140.45   69.01   86.45
05:11:54 69.24   151.36   69.01   87.12
05:12:57 69.58   129.54   69.12   87.69
05:14:00 69.69   112.44   69.12   87.91
05:15:03 68.90   112.89   69.12   87.80
05:16:06 68.22   111.65   69.24   87.46
05:17:10 67.89   113.34   69.24   87.24
05:18:13 67.55   111.76   69.24   87.12
05:19:17 67.33   108.95   69.24   87.01
05:20:20 67.21   107.83   69.24   86.90
05:21:23 67.10   105.91   69.12   86.79
05:22:27 66.99   104.23   69.12   86.68
05:23:30 66.88   103.33   69.12   86.56
05:24:33 66.76   101.08   69.12   86.45
05:25:37 66.76   100.29   69.12   86.34
05:26:40 66.76   98.94   69.12   86.34
05:27:43 66.65   97.48   69.12   86.22
05:28:47 66.65   95.90   69.12   86.11
05:29:50 66.54   96.35   69.12   86.22
05:30:53 68.00   125.15   69.01   86.34
05:31:56 68.90   145.18   69.01   86.68
05:32:59 69.35   155.19   69.12   87.46
05:34:02 69.69   146.64   69.12   88.14
05:35:05 70.03   146.53   69.12   88.59
05:36:08 70.36   155.53   69.12   88.93
05:37:11 70.70   153.50   69.24   89.38
05:38:13 70.93   146.41   69.24   89.71
05:39:16 71.15   133.48   69.35   89.94
05:40:20 71.26   113.45   69.35   89.83
05:41:23 70.25   114.35   69.46   89.49
05:42:26 69.24   114.35   69.58   89.15
05:43:30 68.68   114.35   69.58   88.81
05:44:33 68.56   119.64   69.58   88.70
05:45:36 70.14   137.75   69.58   88.81
05:46:39 70.47   150.80   69.58   89.38
05:47:42 70.70   158.45   69.58   90.05
05:48:45 71.04   143.49   69.69   90.50
05:49:48 71.38   120.31   69.69   90.61
05:50:51 70.70   114.35   69.69   90.39
05:51:54 69.69   115.25   69.80   90.05
05:52:58 69.01   115.92   69.80   89.83
05:54:01 68.45   115.70   69.91   89.60
05:55:04 69.58   128.19   69.91   89.60
05:56:07 70.36   143.49   69.80   90.05
05:57:10 70.70   154.51   69.91   90.61
05:58:13 71.04   153.05   69.91   91.06
05:59:16 71.26   124.92   69.91   91.40
06:00:19 70.93   114.01   70.03   91.18
06:01:22 69.91   115.36   70.03   90.84
06:02:26 69.24   114.69   70.14   90.50
06:03:29 68.68   112.33   70.14   90.28
06:04:32 68.34   114.01   70.14   90.05
06:05:36 68.11   116.38   70.14   89.94
06:06:39 70.14   136.51   70.14   90.05
06:07:42 70.59   149.79   70.14   90.61
06:08:45 70.81   158.11   70.14   91.18
06:09:47 71.15   139.32   70.14   91.62
06:10:51 71.38   114.35   70.14   91.74
06:11:54 70.47   114.69   70.25   91.51
06:12:57 69.58   115.59   70.25   91.06
06:14:01 69.01   115.14   70.36   90.84
06:15:04 68.56   115.14   70.36   90.61
06:16:07 68.22   114.01   70.36   90.50
06:17:11 68.00   113.79   70.36   90.39
06:18:14 69.80   132.35   70.25   90.39
06:19:17 70.47   146.98   70.25   90.84
06:20:20 70.81   156.43   70.25   91.51
06:21:22 71.15   140.34   70.25   91.96
06:22:26 71.38   114.91   70.36   92.08
06:23:29 70.59   114.58   70.36   91.85
06:24:32 69.69   115.70   70.47   91.51
06:25:36 69.01   113.56   70.47   91.40
06:26:39 68.56   114.46   70.47   91.06
06:27:42 68.22   113.45   70.47   90.84
06:28:46 68.00   112.21   70.47   90.72
06:29:49 67.89   110.41   70.47   90.61
06:30:52 67.66   108.73   70.47   90.50
06:31:56 67.55   106.92   70.47   90.28
06:32:59 68.79   122.34   70.47   90.28
06:34:02 70.03   142.03   70.36   90.50
06:35:05 70.59   153.28   70.47   91.06
06:36:08 70.93   146.07   70.47   91.74
06:37:11 71.15   118.40   70.47   91.96
06:38:14 70.70   114.12   70.47   91.85
06:39:17 69.69   114.91   70.47   91.51
06:40:21 69.01   115.48   70.59   91.29
06:41:24 68.56   114.80   70.59   91.06
06:42:27 68.22   113.45   70.59   90.84
06:43:31 68.00   111.99   70.59   90.72
06:44:34 67.78   110.64   70.59   90.50
06:45:38 67.66   108.61   70.59   90.39
06:46:41 67.55   106.81   70.47   90.16
06:47:44 67.44   105.24   70.47   90.05
06:48:48 67.33   103.55   70.47   89.94
06:49:51 67.33   102.31   70.47   89.83
06:50:54 67.21   101.08   70.47   89.83
06:51:58 67.21   99.84   70.47   89.71
06:53:01 67.10   98.83   70.47   89.60
06:54:04 67.10   97.70   70.36   89.49
06:55:08 66.99   96.69   70.36   89.38
06:56:11 66.99   96.24   70.36   89.38
06:57:14 66.99   95.11   70.25   89.26
06:58:18 66.99   93.99   70.36   89.26
06:59:21 66.99   93.54   70.25   89.15
07:00:24 66.99   101.98   70.25   89.04
07:01:27 69.35   138.31   70.25   89.26
07:02:30 69.91   151.48   70.25   89.83
07:03:33 70.36   131.68   70.25   90.39
07:04:36 70.47   112.78   70.25   90.61
07:05:40 69.58   113.23   70.25   90.50
07:06:43 68.90   111.54   70.25   90.16
07:07:46 68.45   110.53   70.36   90.05
07:08:50 68.11   110.41   70.36   89.83
07:09:53 67.78   109.96   70.36   89.60
07:10:56 67.66   108.05   70.36   89.60
07:12:00 67.44   106.59   70.36   89.49
07:13:03 67.44   105.01   70.36   89.38
07:14:07 67.33   103.66   70.25   89.15
07:15:10 67.21   102.42   70.25   89.15
07:16:13 67.21   101.53   70.25   89.04
07:17:17 67.10   100.29   70.25   88.93
07:18:20 67.10   98.94   70.25   88.93
07:19:23 66.99   97.59   70.25   88.81
07:20:27 66.99   97.14   70.14   88.70
07:21:30 66.99   95.90   70.14   88.59
07:22:33 66.99   95.11   70.14   88.47
07:23:37 66.99   94.10   70.14   88.25
07:24:40 66.88   93.43   70.14   88.25
07:25:43 66.88   92.86   70.03   88.14
07:26:47 66.76   92.41   70.03   88.03
07:27:50 66.76   91.29   70.03   87.91
07:28:53 66.76   90.95   70.03   87.91
07:29:57 66.76   90.50   70.03   87.69
07:31:00 66.76   90.05   70.03   87.69
07:32:03 66.76   89.38   70.03   87.58
07:33:07 66.76   89.26   70.03   87.46
07:34:10 66.65   88.70   69.91   87.46
07:35:13 66.65   88.36   69.91   87.35
07:36:17 66.65   88.14   69.91   87.24
07:37:20 66.65   90.84   69.91   87.12
07:38:23 68.45   128.53   69.91   87.35
07:39:26 69.24   148.44   69.80   87.80
07:40:29 69.69   137.07   69.91   88.36
07:41:32 70.03   113.11   69.91   88.70
07:42:36 69.35   112.33   69.91   88.59
07:43:39 68.56   111.20   69.91   88.36
07:44:42 68.11   111.31   70.03   88.25
07:45:46 67.89   110.75   70.03   88.14
07:46:49 67.66   109.17   70.03   88.03
07:47:52 67.44   107.94   69.91   87.91
07:48:56 67.33   106.48   69.91   87.80
07:49:59 67.21   104.90   69.91   87.69
07:51:02 67.10   102.99   69.91   87.58
07:52:06 66.99   101.64   69.91   87.46
07:53:09 66.99   100.06   69.91   87.46
07:54:12 66.99   98.83   69.91   87.35
07:55:16 66.88   97.81   69.91   87.24
07:56:19 66.76   97.03   69.91   87.24
07:57:22 66.76   96.12   69.80   87.12
07:58:26 66.76   95.00   69.80   87.01
07:59:29 66.76   95.45   69.80   87.01
08:00:32 68.34   123.35   69.80   87.12
08:01:35 69.35   145.18   69.80   87.46
08:02:38 69.80   143.26   69.80   88.25
08:03:41 70.14   116.83   69.80   88.70
08:04:45 69.69   112.21   69.91   103.21
08:05:48 68.90   111.65   69.91   103.66
08:06:51 68.34   112.55   69.91   102.31
08:07:55 67.89   111.31   69.91   101.08
08:08:58 67.66   109.96   69.91   99.84
08:10:01 67.55   108.39   69.91   98.83
08:11:05 67.33   106.36   69.91   97.92
08:12:08 67.21   104.79   69.91   97.14
08:13:11 67.10   103.55   69.91   96.35
08:14:15 67.10   101.98   69.91   95.79
08:15:18 66.99   100.51   69.80   95.22
08:16:21 66.88   99.95   69.80   94.89
08:17:25 66.88   98.71   69.80   94.44
08:18:28 66.88   97.14   69.80   93.99
08:19:31 66.76   95.79   69.80   93.54
08:20:35 66.76   95.11   69.80   93.31
08:21:38 66.76   94.66   69.80   93.09
08:22:41 66.76   93.88   69.80   92.75
08:23:45 66.76   92.64   69.80   92.41
08:24:48 66.65   92.19   69.69   92.08
08:25:51 66.65   90.95   69.69   91.85
08:26:55 66.65   90.50   69.69   91.62
08:27:58 66.54   90.28   69.69   91.29
08:29:02 66.65   89.49   69.69   91.18
08:30:05 66.54   89.04   69.69   90.84
08:31:08 66.54   88.81   69.69   90.61
08:32:12 66.54   88.47   69.58   90.39
08:33:15 66.54   90.16   69.58   90.28
08:34:18 68.22   125.38   69.58   90.28
08:35:21 69.12   146.98   69.58   90.50
08:36:24 69.58   130.89   69.58   90.95
08:37:27 69.91   111.99   69.69   91.06
08:38:31 69.01   111.76   69.69   91.06
08:39:34 68.34   111.20   69.69   90.72
08:40:37 67.89   111.65   69.69   90.50
08:41:41 67.66   109.74   69.69   90.16
08:42:44 67.44   108.05   69.69   89.94
08:43:47 67.21   107.26   69.69   89.71
08:44:51 67.10   105.24   69.69   89.60
08:45:54 67.10   103.33   69.69   89.49
08:46:57 66.99   102.09   69.69   89.26
08:48:01 66.88   99.95   69.69   89.04
08:49:04 66.88   99.39   69.69   88.93
08:50:07 66.76   98.15   69.69   88.81
08:51:11 66.76   96.80   69.58   88.59
08:52:14 66.65   95.90   69.58   88.36
08:53:17 66.65   95.00   69.58   88.25
08:54:21 66.54   93.65   69.58   103.10
08:55:24 66.65   93.20   69.58   103.21
08:56:27 66.54   92.41   69.46   101.86
08:57:31 66.54   91.51   69.46   100.62
08:58:34 66.54   90.84   69.46   99.61
08:59:37 66.54   90.05   69.46   98.49
09:00:41 66.54   89.83   69.46   97.59
09:01:44 66.43   89.26   69.46   96.80
09:02:47 66.43   88.93   69.46   96.01
09:03:51 66.43   88.03   69.46   95.45
09:04:54 66.43   87.46   69.35   95.00
09:05:58 66.43   87.24   69.35   94.44
09:07:01 66.43   87.01   69.35   93.99
09:08:04 66.31   86.56   69.35   93.43
09:09:08 66.43   86.22   69.35   93.09
09:10:11 66.31   85.66   69.35   92.64
09:11:14 66.31   86.00   69.24   92.41
09:12:18 66.31   85.66   69.24   92.08
09:13:21 66.31   85.10   69.24   91.74
09:14:24 66.31   85.10   69.24   91.40
09:15:28 66.31   84.99   69.24   91.18
09:16:31 66.31   84.88   69.24   90.84
09:17:34 66.31   84.76   69.24   104.34
09:18:38 66.31   84.43   69.12   106.92
09:19:41 66.31   84.43   69.12   107.71
09:20:44 66.31   84.31   69.12   108.16
09:21:48 66.31   84.20   69.12   108.39
09:22:51 66.31   84.09   69.12   108.50
09:23:54 66.31   84.09   69.12   108.50
09:24:58 66.31   84.09   69.12   108.28
09:26:01 66.31   83.75   69.12   108.05
09:27:04 66.20   83.86   69.01   107.60
09:28:08 66.31   84.99   69.01   107.04
09:29:11 67.55   117.61   69.01   107.71
09:30:14 68.90   144.39   69.01   108.73
09:31:17 69.46   133.59   69.01   109.62
09:32:20 69.69   112.10   69.12   109.96
09:33:23 68.90   111.42   69.12   109.85
09:34:27 68.22   109.40   69.12   109.29
09:35:30 67.78   110.53   69.12   108.50
09:36:33 67.44   109.85   69.12   108.28
09:37:37 67.33   107.94   69.12   106.59
09:38:40 67.10   105.58   69.12   104.23
09:39:44 66.99   103.55   69.24   101.08
09:40:47 66.99   102.65   69.12   97.70
09:41:50 66.88   101.53   69.12   96.80
09:42:54 66.76   99.73   69.12   97.03
09:43:57 66.65   98.60   69.12   97.81
09:45:00 66.65   96.91   69.12   98.15
09:46:04 66.65   96.24   69.12   98.15
09:47:07 66.65   94.89   69.12   98.94
09:48:10 66.65   93.88   69.01   98.60
09:49:14 66.54   92.86   69.01   97.81
09:50:17 66.54   92.30   69.01   97.25
09:51:20 66.54   91.62   69.01   98.38
09:52:24 66.54   91.18   69.01   98.83
09:53:27 66.54   90.16   69.01   98.49
09:54:30 66.54   89.60   69.01   97.92
09:55:34 66.54   89.15   69.01   97.48
09:56:37 66.43   88.59   69.01   96.91
09:57:40 66.43   88.36   69.01   96.46
09:58:44 66.43   87.58   69.01   96.12
09:59:47 66.43   87.35   68.90   95.68
10:00:50 66.43   87.01   69.01   95.45
10:01:54 66.43   86.79   68.90   95.22
10:02:57 66.43   86.56   68.90   94.89
10:04:00 66.43   86.56   68.90   94.66
10:05:04 66.43   85.89   68.90   94.44
10:06:07 66.43   85.78   68.90   94.21
10:07:10 66.43   85.55   68.90   102.76
10:08:14 66.43   85.44   68.90   103.10
10:09:17 66.43   85.33   68.90   102.20
10:10:21 66.43   85.10   68.90   101.30
10:11:24 66.31   84.76   68.90   100.62
10:12:27 66.43   84.43   68.79   99.73
10:13:31 66.43   84.31   68.79   100.51
10:14:34 66.31   84.20   68.79   100.06
10:15:37 66.31   84.31   68.79   99.73
10:16:41 66.31   83.86   68.79   99.16
10:17:44 66.31   84.09   68.79   98.38
10:18:47 66.31   83.75   68.79   97.70
10:19:51 66.31   83.64   68.79   97.36
10:20:54 66.31   83.75   68.79   96.91
10:21:57 66.31   83.64   68.79   96.58
10:23:01 66.31   83.64   68.79   96.12
10:24:04 66.31   83.41   68.68   95.90
10:25:07 66.31   83.08   68.79   95.56
10:26:11 66.31   83.30   68.79   95.22
10:27:14 66.31   83.30   68.79   94.78
10:28:17 66.31   82.96   68.79   94.55
10:29:21 66.31   82.96   68.79   94.21
10:30:24 66.31   83.08   68.79   93.54
10:31:27 66.31   82.74   68.68   93.09
10:32:31 66.31   82.74   68.68   92.97
10:33:34 66.31   82.62   68.68   92.75
10:34:37 66.31   82.62   68.68   92.64
10:35:41 66.31   82.51   68.68   92.41
10:36:44 66.31   82.40   68.68   92.30
10:37:47 66.31   82.51   68.68   92.08
10:38:51 66.31   82.51   68.68   91.96
10:39:54 66.31   82.51   68.68   91.62
10:40:57 66.31   82.51   68.68   91.40
10:42:01 66.31   82.40   68.68   91.40
10:43:04 66.31   82.29   68.56   91.18
10:44:08 66.31   82.06   68.56   91.06
10:45:11 66.31   82.40   68.56   91.06
10:46:14 66.31   82.29   68.56   90.95
10:47:18 66.31   82.29   68.56   90.84
10:48:21 66.31   82.40   68.56   90.72
10:49:24 66.31   82.18   68.56   90.84
10:50:28 66.31   82.18   68.56   90.72
10:51:31 66.31   82.18   68.45   90.50
10:52:34 66.31   87.80   68.45   90.50
10:53:37 68.56   131.90   68.45   90.50
10:54:40 69.35   149.23   68.45   90.72
10:55:43 69.91   130.32   68.56   91.18
10:56:47 70.14   112.21   68.56   91.29
10:57:50 69.12   111.88   68.68   91.06
10:58:53 68.45   109.40   68.56   90.84
10:59:57 67.89   107.83   68.68   90.61
11:01:00 67.66   108.28   68.68   90.50
11:02:03 67.33   107.38   68.68   90.28
11:03:07 67.21   105.35   68.68   89.94
11:04:10 67.10   104.00   68.56   89.83
11:05:13 66.99   102.20   68.68   89.60
11:06:17 66.88   100.74   68.68   89.38
11:07:20 66.76   99.05   68.68   89.04
11:08:23 66.76   97.70   68.68   89.04
11:09:27 66.65   96.46   68.56   88.81
11:10:30 66.65   95.45   68.68   88.70
11:11:33 66.54   94.78   68.56   88.47
11:12:37 66.54   93.88   68.56   88.47
11:13:40 66.54   92.97   68.56   88.25
11:14:43 66.43   91.96   68.56   88.03
11:15:47 66.43   90.84   68.56   87.91
11:16:50 66.43   90.05   68.56   87.69
11:17:53 66.43   89.94   68.56   87.58
11:18:57 67.21   109.17   68.56   87.46
11:20:00 69.01   140.11   68.56   87.58
11:21:03 69.69   152.60   68.56   88.14
11:22:06 70.14   150.12   68.68   88.81
11:23:08 70.59   145.29   68.68   89.15
11:24:11 71.04   154.06   68.68   89.60
11:25:14 71.26   159.01   68.79   89.83
11:26:17 71.49   145.74   68.90   89.71
11:27:20 71.71   151.93   69.12   89.71
11:28:23 71.83   159.35   69.12   106.25
11:29:26 72.16   152.26   69.24   109.62
11:30:29 72.39   148.66   69.46   110.75
11:31:32 72.50   157.10   69.58   111.42
11:32:34 72.72   158.45   69.69   111.88
11:33:37 72.84   147.09   69.80   111.88
11:34:40 72.95   154.96   69.91   111.76
11:35:43 73.06   161.60   70.03   111.65
11:36:46 73.18   147.31   70.14   111.42
11:37:49 73.29   152.49   70.14   111.09
11:38:52 73.40   160.59   70.25   110.41
11:39:55 73.74   149.68   70.25   109.85
11:40:58 73.62   150.35   70.36   109.06
11:42:00 73.62   158.79   70.36   108.28
11:43:03 73.74   150.24   70.47   107.38
11:44:06 73.74   122.79   70.59   106.81
11:45:10 72.61   122.00   70.59   107.60
11:46:13 71.26   123.24   70.70   107.38
11:47:16 72.84   135.73   70.70   106.92
11:48:19 73.40   149.00   70.70   106.70
11:49:22 73.62   158.34   70.81   106.81
11:50:25 73.96   153.05   70.81   106.70
11:51:28 74.08   148.89   70.81   106.59
11:52:30 74.30   157.44   70.93   106.48
11:53:33 74.41   149.79   71.04   106.36
11:54:36 74.64   122.45   71.15   106.14
11:55:40 73.29   121.66   71.15   105.58
11:56:43 71.83   122.67   71.26   105.01
11:57:46 70.81   119.86   71.26   104.34
11:58:50 72.50   129.99   71.26   110.98
11:59:52 73.40   144.16   71.26   112.10
12:00:55 73.62   155.30   71.26   112.21
12:01:58 73.96   159.12   71.38   111.99
12:03:01 74.30   145.29   71.38   111.54
12:04:04 74.53   124.70   71.49   110.86
12:05:07 73.96   113.23   71.49   105.12
12:06:11 72.50   114.80   71.60   101.19
12:07:14 71.38   115.25   71.60   98.94
12:08:17 70.59   114.24   71.60   97.36
12:09:21 71.94   126.95   71.71   96.69
12:10:24 73.29   144.39   71.71   96.58
12:11:26 73.85   155.64   71.71   96.91
12:12:29 74.08   157.44   71.83   97.25
12:13:32 74.30   130.66   71.83   97.48
12:14:36 73.74   121.44   71.83   97.25
12:15:39 72.16   122.00   71.83   96.80
12:16:42 70.93   121.44   71.94   96.46
12:17:46 70.14   118.29   71.94   96.12
12:18:49 69.69   116.71   71.94   95.79
12:19:52 69.24   115.81   71.94   95.56
12:20:56 70.47   123.46   71.94   95.34
12:21:59 72.61   138.99   71.94   95.34
12:23:01 73.29   151.59   71.83   95.68
12:24:04 73.74   154.18   71.94   96.24
12:25:07 74.08   127.96   71.94   96.58
12:26:11 73.29   120.54   71.94   96.46
12:27:14 71.83   121.10   71.94   96.24
12:28:17 70.70   119.64   72.05   95.90
12:29:21 69.91   116.60   72.05   95.79
12:30:24 69.46   117.16   72.05   95.56
12:31:27 69.12   116.49   72.05   95.45
12:32:31 68.90   115.03   71.94   95.34
12:33:34 68.68   112.89   71.94   95.34
12:34:37 68.45   111.54   71.94   95.22
12:35:41 68.34   109.74   71.94   95.11
12:36:44 68.11   108.05   71.83   95.00
12:37:47 68.00   106.48   71.83   94.89
12:38:51 68.00   105.12   71.83   94.89
12:39:54 67.89   104.11   71.71   94.78
12:40:57 67.89   102.76   71.71   94.66
12:42:01 67.78   101.64   71.71   94.55
12:43:04 67.78   100.40   71.71   94.55
12:44:07 67.66   99.28   71.71   94.44
12:45:11 67.66   98.38   71.71   105.24
12:46:14 67.66   97.59   71.60   106.36
12:47:17 67.66   96.91   71.60   105.46
12:48:21 67.55   96.46   71.60   104.45
12:49:24 67.55   95.68   71.60   103.21
12:50:27 67.44   94.78   71.60   102.20
12:51:31 67.44   94.33   71.49   101.53
12:52:34 67.44   93.76   71.49   100.85
12:53:37 67.44   93.20   71.49   100.17
12:54:41 67.33   92.75   71.49   99.50
12:55:44 67.33   92.30   71.38   98.94
12:56:47 67.33   91.96   71.38   98.60
12:57:51 67.33   91.62   71.38   98.15
12:58:54 67.21   91.18   71.38   97.81
12:59:58 67.21   91.06   71.38   97.36
13:01:01 67.21   90.84   71.38   96.91
13:02:04 67.21   90.61   71.38   96.58
13:03:08 67.21   90.39   71.38   96.24
13:04:11 67.21   90.05   71.26   95.90
13:05:14 67.21   89.83   71.26   95.68
13:06:18 67.10   89.71   71.26   95.22
13:07:21 67.10   89.38   71.15   95.11
13:08:24 67.10   89.38   71.15   94.78
13:09:28 67.10   89.26   71.15   94.55
13:10:31 67.10   88.81   71.15   94.21
13:11:34 66.99   88.81   71.15   93.99
13:12:38 67.10   88.59   71.04   93.65
13:13:41 66.99   88.25   71.04   93.43
13:14:44 66.99   88.14   71.04   93.20
13:15:48 66.99   88.03   71.04   92.97
13:16:51 66.99   88.03   71.04   92.75
13:17:54 67.55   101.08   71.04   92.53
13:18:57 70.70   141.01   71.04   92.64
13:20:00 71.60   154.51   71.04   93.09
13:21:03 72.16   146.07   71.04   105.35
13:22:06 72.61   124.25   71.15   109.17
13:23:09 72.28   113.56   71.15   110.08
13:24:13 70.81   114.01   71.26   109.62
13:25:16 69.91   115.14   71.26   108.73
13:26:19 69.24   115.36   71.26   107.49
13:27:23 68.79   112.89   71.26   106.36
13:28:26 68.45   110.86   71.26   105.35
13:29:30 68.22   108.50   71.26   104.45
13:30:33 68.00   107.38   71.26   103.55
13:31:36 67.89   105.80   71.26   102.76
13:32:40 67.78   104.45   71.26   103.33
13:33:43 67.66   102.99   71.15   107.94
13:34:46 67.66   103.21   71.15   108.50
13:35:50 70.25   128.41   71.15   108.28
13:36:52 71.71   146.64   71.15   107.94
13:37:55 72.50   152.71   71.15   107.83
13:38:58 72.95   127.85   71.26   107.38
13:40:02 72.72   113.23   71.26   106.81
13:41:05 71.26   114.12   71.38   106.03
13:42:08 70.25   113.34   71.38   105.12
13:43:12 69.58   111.42   71.38   104.23
13:44:15 69.12   113.34   71.38   103.44
13:45:18 68.79   111.99   71.38   102.54
13:46:22 68.45   109.74   71.38   110.41
13:47:25 68.34   107.71   71.38   111.76
13:48:28 68.11   106.36   71.38   111.65
13:49:32 68.00   105.24   71.38   111.42
13:50:35 67.89   103.66   71.38   110.98
13:51:38 67.89   102.31   71.38   110.64
13:52:42 67.78   100.96   71.26   110.08
13:53:45 67.66   100.17   71.26   109.51
13:54:48 67.66   99.61   71.26   108.95
13:55:52 67.66   98.49   71.26   108.39
13:56:55 67.55   97.70   71.26   107.71
13:57:58 67.55   97.14   71.26   107.15
13:59:02 69.91   122.79   71.26   106.70
14:00:05 71.83   145.85   71.26   106.48
14:01:07 72.61   147.65   71.26   106.59
14:02:10 73.06   121.78   71.38   106.48
14:03:14 72.72   113.11   71.38   106.25
14:04:17 71.38   113.11   71.38   105.58
14:05:20 70.47   111.65   71.38   105.12
14:06:24 69.80   110.64   71.38   104.56
14:07:27 69.35   108.05   71.38   104.11
14:08:31 69.01   109.40   71.38   103.66
14:09:34 68.79   108.50   71.38   103.55
14:10:37 68.56   106.92   71.38   103.33
14:11:41 68.45   105.46   71.38   102.99
14:12:44 68.34   103.89   71.26   102.76
14:13:47 68.22   102.65   71.26   102.42
14:14:51 68.11   101.41   71.26   101.98
14:15:54 68.11   100.62   71.26   101.75
14:16:57 68.00   99.28   71.26   101.41
14:18:01 68.00   98.26   71.26   100.96
14:19:04 67.89   97.70   71.26   100.62
14:20:07 67.89   96.46   71.26   100.29
14:21:11 67.78   95.68   71.15   99.95
14:22:14 67.78   95.00   71.15   99.61
14:23:17 67.78   94.33   71.15   99.39
14:24:21 67.78   93.99   71.15   111.76
14:25:24 67.66   93.31   71.15   118.40
14:26:27 67.66   93.20   71.15   119.86
14:27:31 67.66   92.75   71.15   119.30
14:28:34 67.66   92.08   71.15   118.40
14:29:37 67.55   91.51   71.04   117.28
14:30:41 67.55   91.29   71.04   116.04
14:31:44 67.55   90.95   71.04   114.69
14:32:47 67.55   90.61   71.04   113.45
14:33:51 67.55   90.39   71.04   112.44
14:34:54 67.44   89.94   71.04   111.31
14:35:57 67.55   90.05   70.93   110.19
14:37:01 67.44   89.49   71.04   109.29
14:38:04 67.44   89.60   71.04   108.28
14:39:07 67.44   89.15   71.04   107.60
14:40:11 67.44   88.81   70.93   106.70
14:41:14 67.44   88.70   70.93   105.91
14:42:17 67.44   88.47   70.93   105.12
14:43:21 67.44   88.25   70.93   104.45
14:44:24 67.33   88.03   70.93   103.89
14:45:28 67.33   87.69   70.93   103.33
14:46:31 67.33   88.03   70.93   102.76
14:47:34 67.33   87.69   70.93   102.20
14:48:38 67.33   87.46   70.93   101.64
14:49:41 67.21   87.35   70.81   101.19
14:50:44 67.33   87.24   70.81   100.74
14:51:48 67.21   87.24   70.81   100.29
14:52:51 67.21   87.12   70.81   100.96
14:53:54 67.21   87.01   70.81   112.89
14:54:58 67.21   86.90   70.81   113.79
14:56:01 67.21   86.90   70.81   113.45
14:57:04 67.21   86.79   70.81   112.66
14:58:08 67.21   86.79   70.81   111.76
14:59:11 67.21   86.79   70.70   110.86
15:00:14 67.21   86.45   70.70   109.96
15:01:18 67.21   86.34   70.70   109.17
15:02:21 67.21   86.00   70.70   108.39
15:03:24 67.21   86.22   70.70   107.71
15:04:28 67.21   86.22   70.59   106.92
15:05:31 67.10   85.78   70.59   106.14
15:06:34 67.10   85.89   70.59   105.46
15:07:38 67.10   86.00   70.59   104.79
15:08:41 67.10   85.78   70.59   104.11
15:09:44 67.10   85.89   70.59   103.44
15:10:48 67.44   97.92   70.59   102.99
15:11:51 70.81   139.89   70.59   102.76
15:12:54 71.71   152.49   70.59   102.88
15:13:57 72.39   129.99   70.59   102.99
15:15:00 72.50   112.66   70.59   102.88
15:16:03 71.04   112.66   70.70   102.31
15:17:07 70.14   111.31   70.70   101.75
15:18:10 69.58   108.28   70.70   101.19
15:19:13 69.01   109.62   70.70   100.62
15:20:17 68.68   109.06   70.70   100.17
15:21:20 68.34   108.16   70.70   99.73
15:22:23 68.22   106.25   70.70   99.28
15:23:27 68.11   104.79   70.70   98.83
15:24:30 67.89   103.66   70.70   98.38
15:25:33 67.78   102.20   70.70   98.04
15:26:37 67.78   100.62   70.70   97.70
15:27:40 67.66   98.94   70.70   97.36
15:28:43 67.66   97.92   70.59   96.91
15:29:47 67.55   97.36   70.70   96.58
15:30:50 67.55   96.46   70.59   109.40
15:31:53 67.44   95.22   70.59   111.88
15:32:57 67.44   94.55   70.59   111.76
15:34:00 67.44   94.10   70.59   111.31
15:35:03 67.44   94.55   70.59   110.64
15:36:07 69.46   120.09   70.59   109.85
15:37:10 71.49   145.29   70.59   109.40
15:38:13 72.39   147.43   70.59   109.40
15:39:16 72.84   121.78   70.59   109.40
15:40:19 72.39   113.00   70.70   108.95
15:41:22 70.93   113.11   70.70   108.16
15:42:26 70.14   113.23   70.70   107.49
15:43:29 69.46   113.00   70.81   106.81
15:44:32 69.12   110.86   70.70   106.14
15:45:36 68.79   109.51   70.70   105.46
15:46:39 68.56   107.60   70.70   104.90
15:47:42 68.45   105.91   70.70   104.45
15:48:46 68.22   105.01   70.70   103.89
15:49:49 68.11   103.78   70.70   103.33
15:50:52 68.00   101.98   70.70   102.99
15:51:56 68.00   100.62   70.70   102.54
15:52:59 67.89   99.50   70.70   102.09
15:54:02 67.78   98.60   70.70   101.75
15:55:06 67.78   97.25   70.70   101.30
15:56:09 67.66   96.46   70.70   101.08
15:57:12 67.66   95.56   70.70   100.74
15:58:16 67.66   94.78   70.59   100.40
15:59:19 67.66   94.55   70.59   100.17
16:00:22 67.66   93.88   70.59   99.84
16:01:26 67.55   93.43   70.59   99.61
16:02:29 67.55   92.53   70.59   99.50
16:03:32 67.55   92.30   70.59   99.28
16:04:36 67.55   91.62   70.59   99.05
16:05:39 67.55   91.18   70.47   98.83
16:06:43 67.44   91.06   70.47   98.60
16:07:46 67.44   90.39   70.47   98.38
16:08:49 67.44   90.16   70.47   98.26
16:09:53 67.44   89.83   70.47   97.81
16:10:56 67.44   89.38   70.47   97.59
16:11:59 67.44   89.04   70.47   97.36
16:13:03 67.44   88.70   70.47   97.14
16:14:06 67.44   88.47   70.36   96.91
16:15:09 67.33   88.03   70.36   96.58
16:16:13 67.33   88.03   70.36   96.46
16:17:16 67.33   88.03   70.36   96.12
16:18:19 67.33   87.58   70.36   95.79
16:19:23 67.33   87.01   70.36   95.68
16:20:26 67.33   87.01   70.25   95.45
16:21:29 67.21   87.12   70.25   95.22
16:22:33 67.21   87.12   70.25   94.89
16:23:36 67.21   86.79   70.25   94.78
16:24:39 67.21   86.56   70.25   94.55
16:25:43 67.21   93.99   70.25   94.55
16:26:46 70.81   138.09   70.25   94.66
16:27:49 71.83   148.44   70.25   95.00
16:28:52 72.50   124.36   70.25   95.45
16:29:55 72.28   112.33   70.36   95.68
16:30:58 70.93   111.99   70.36   95.34
16:32:02 69.91   111.54   70.47   95.00
16:33:05 69.46   111.88   70.47   94.66
16:34:08 69.01   109.62   70.47   94.33
16:35:12 68.68   108.50   70.47   94.21
16:36:15 68.45   106.48   70.47   93.99
16:37:18 68.34   105.46   70.47   93.88
16:38:22 68.11   104.11   70.47   93.54
16:39:25 68.00   102.88   70.47   93.31
16:40:28 67.89   101.53   70.47   93.09
16:41:32 67.78   99.84   70.36   92.97
16:42:35 67.78   99.05   70.47   92.75
16:43:38 67.66   97.81   70.36   92.64
16:44:42 67.55   96.69   70.36   92.53
16:45:45 67.55   95.79   70.36   92.30
16:46:48 67.44   97.25   70.36   92.19
16:47:52 70.59   132.69   70.36   92.30
16:48:55 71.83   150.24   70.36   92.41
16:49:57 72.50   142.59   70.36   92.97
16:51:00 73.06   116.60   70.36   93.20
16:52:04 72.05   113.00   70.47   93.09
16:53:07 70.81   112.44   70.47   92.75
16:54:11 69.91   111.76   70.47   92.53
16:55:14 69.35   112.78   70.59   92.30
16:56:17 68.90   110.41   70.47   92.08
16:57:21 68.68   109.29   70.47   91.96
16:58:24 68.45   107.26   70.47   91.96
16:59:27 68.22   105.35   70.47   91.85
17:00:31 68.11   103.66   70.47   91.62
17:01:34 68.00   102.42   70.47   91.51
17:02:37 67.89   100.85   70.47   91.29
17:03:41 67.78   100.29   70.36   91.18
17:04:44 67.78   99.16   70.36   90.95
17:05:47 67.66   98.15   70.36   90.84
17:06:51 68.90   115.25   70.36   90.84
17:07:54 71.49   142.36   70.36   90.84
17:08:57 72.28   151.59   70.36   91.51
17:09:59 72.84   128.19   70.36   91.85
17:11:03 72.72   112.78   70.47   92.08
17:12:06 71.38   113.23   70.47   91.62
17:13:09 70.36   111.42   70.47   91.40
17:14:13 69.58   112.10   70.59   91.18
17:15:16 69.12   111.09   70.59   91.06
17:16:19 68.79   109.62   70.59   90.84
17:17:23 68.56   108.28   70.47   90.72
17:18:26 68.34   106.59   70.47   90.50
17:19:29 68.22   104.90   70.47   90.50
17:20:33 68.11   103.78   70.47   90.28
17:21:36 68.00   102.20   70.47   90.05
17:22:39 67.89   100.85   70.47   90.05
17:23:43 67.78   99.39   70.47   90.05
17:24:46 67.78   98.71   70.47   101.19
17:25:50 67.66   101.19   70.47   106.48
17:26:53 70.93   134.15   70.47   105.80
17:27:56 71.94   150.57   70.36   104.79
17:28:58 72.61   142.25   70.47   104.11
17:30:02 72.95   116.15   70.47   103.55
17:31:05 71.83   113.45   70.47   111.09
17:32:08 70.70   114.01   70.59   110.41
17:33:12 69.91   113.11   70.59   109.06
17:34:15 69.35   113.00   70.59   107.49
17:35:18 69.01   110.98   70.59   106.25
17:36:22 68.79   109.06   70.59   105.12
17:37:25 68.45   107.38   70.59   104.23
17:38:28 68.34   105.91   70.47   103.33
17:39:32 68.11   103.55   70.47   102.42
17:40:35 68.00   102.76   70.47   101.75
17:41:38 67.89   101.41   70.47   101.19
17:42:42 67.78   100.29   70.47   100.51
17:43:45 67.66   103.10   70.36   99.95
17:44:48 71.04   134.94   70.36   99.50
17:45:51 72.16   150.80   70.36   99.50
17:46:54 72.72   141.91   70.47   99.84
17:47:57 73.18   116.15   70.59   99.73
17:49:00 72.05   113.23   70.59   99.50
17:50:04 70.93   113.11   70.59   98.83
17:51:07 70.03   111.20   70.70   98.38
17:52:10 69.46   109.51   70.70   97.81
17:53:14 69.01   109.96   70.70   97.48
17:54:17 68.79   109.17   70.70   97.03
17:55:20 68.45   107.26   70.70   96.80
17:56:24 68.34   105.58   70.70   96.35
17:57:27 68.11   104.67   70.70   96.01
17:58:30 68.00   103.10   70.70   95.79
17:59:34 67.89   102.09   70.70   95.34
18:00:37 67.89   100.40   70.70   95.11
18:01:40 67.78   102.09   70.70   94.78
18:02:44 70.47   108.05   70.70   94.44
18:03:47 70.81   102.09   70.70   94.33
18:04:51 69.91   101.30   70.70   94.21
18:05:54 69.12   100.62   70.70   93.99
18:06:57 68.68   100.17   70.70   93.65
18:08:01 68.45   99.61   70.70   93.43
18:09:04 68.22   98.38   70.70   93.31
18:10:07 68.00   98.04   70.70   92.97
18:11:11 67.89   97.81   70.70   92.75
18:12:14 67.78   97.03   70.70   92.53
18:13:17 67.78   95.90   70.70   92.41
18:14:21 67.66   95.56   70.59   92.08
18:15:24 67.55   94.55   70.59   91.96
18:16:27 67.55   93.76   70.59   91.74
18:17:31 67.44   93.65   70.59   91.62
18:18:34 67.44   92.75   70.59   91.40
18:19:37 67.44   92.53   70.59   91.18
18:20:41 67.44   91.62   70.47   91.06
18:21:44 67.33   91.18   70.47   90.95
18:22:47 67.33   90.95   70.47   90.61
18:23:51 67.33   90.61   70.47   90.39
18:24:54 67.21   90.28   70.47   90.28
18:25:57 67.21   89.83   70.47   90.28
18:27:01 67.21   89.38   70.47   90.05
18:28:04 67.21   89.38   70.36   89.94
18:29:07 67.21   88.81   70.36   89.94
18:30:11 67.10   88.59   70.36   89.60
18:31:14 67.21   88.36   70.36   89.38
18:32:17 67.10   87.91   70.36   89.26
18:33:21 67.10   87.91   70.36   89.15
18:34:24 67.10   87.46   70.25   89.04
18:35:27 67.10   87.35   70.36   88.81
18:36:31 67.10   87.12   70.36   88.70
18:37:34 67.10   87.01   70.25   88.59
18:38:38 66.99   86.90   70.25   88.59
18:39:41 66.99   86.45   70.25   88.47
18:40:44 67.10   86.34   70.25   88.36
18:41:48 67.10   86.45   70.25   88.25
18:42:51 66.99   86.34   70.25   88.25
18:43:54 66.99   86.11   70.14   88.14
18:44:58 66.99   85.66   70.14   87.91
18:46:01 66.99   85.66   70.14   87.80
18:47:04 66.99   85.55   70.14   87.69
18:48:08 66.99   85.55   70.14   87.58
18:49:11 66.99   85.44   70.14   87.58
18:50:14 66.99   85.21   70.14   87.58
18:51:18 66.99   85.21   70.14   87.46
18:52:21 66.99   84.88   70.14   87.35
18:53:24 66.99   84.99   70.14   87.24
18:54:28 66.99   84.88   70.03   87.24
18:55:31 66.99   84.76   70.03   87.01
18:56:34 66.88   84.99   70.03   87.01
18:57:38 66.99   84.88   70.03   86.79
18:58:41 66.99   84.76   69.91   86.79
18:59:44 66.88   84.76   70.03   86.68
19:00:48 66.88   84.65   70.03   86.68
19:01:51 66.88   84.43   69.91   86.56
19:02:54 66.99   84.65   69.91   86.45
19:03:58 66.99   84.54   69.91   86.45
19:05:01 66.88   84.54   69.91   86.34
19:06:04 66.99   84.20   69.91   86.22
19:07:08 66.88   84.31   69.91   86.22
19:08:11 66.88   84.20   69.91   86.11
19:09:14 66.88   84.31   69.91   86.11
19:10:18 66.88   84.09   69.91   86.00
19:11:21 66.88   83.97   69.91   85.89
19:12:25 66.88   84.09   69.80   85.89
19:13:28 66.88   84.09   69.80   85.89
19:14:31 66.88   83.97   69.80   85.89
19:15:35 66.88   83.86   69.80   85.89
19:16:38 66.88   83.86   69.80   85.78
19:17:41 66.76   83.64   69.80   85.66
19:18:45 66.88   83.86   69.80   85.66
19:19:48 66.76   83.75   69.80   85.55
19:20:51 66.88   83.53   69.69   85.44
19:21:55 66.76   83.75   69.69   85.21
19:22:58 66.76   83.53   69.69   85.21
19:24:01 66.76   83.41   69.69   85.10
19:25:05 66.76   83.30   69.69   85.10
19:26:08 66.76   83.30   69.69   84.99
19:27:11 66.76   83.19   69.69   84.99
19:28:15 66.76   83.41   69.69   84.99
19:29:18 66.76   83.41   69.69   84.99
19:30:21 66.76   83.30   69.69   84.99
19:31:25 66.76   83.30   69.58   84.99
19:32:28 66.76   83.19   69.69   84.99
19:33:31 66.76   83.19   69.58   84.99
19:34:35 66.76   83.08   69.58   84.99
19:35:38 66.76   83.19   69.58   84.88
19:36:41 66.76   83.30   69.58   84.76
19:37:45 66.76   83.30   69.58   84.65
19:38:48 66.65   83.19   69.58   84.65
19:39:51 66.76   82.96   69.58   84.54
19:40:55 66.65   83.19   69.46   84.54
19:41:58 66.65   82.96   69.46   84.54
19:43:01 66.65   83.19   69.46   84.31
19:44:05 66.76   82.96   69.46   84.31
19:45:08 66.65   82.96   69.46   84.20
19:46:12 66.65   82.85   69.46   84.20
19:47:15 66.65   82.96   69.46   84.09
19:48:18 66.65   83.08   69.46   84.09
19:49:22 66.65   82.74   69.46   84.09
19:50:25 66.65   82.85   69.46   84.09
19:51:28 66.65   82.85   69.46   84.09
19:52:32 66.65   82.96   69.46   83.97
19:53:35 66.65   83.08   69.35   83.97
19:54:38 66.65   82.74   69.35   83.97
19:55:42 66.65   82.96   69.35   83.97
19:56:45 66.65   82.74   69.35   83.97
19:57:48 66.65   82.62   69.35   83.97
19:58:52 66.65   82.74   69.35   83.86
19:59:55 66.65   82.51   69.35   83.64
20:00:58 66.65   82.62   69.35   83.75
20:02:02 66.65   82.62   69.35   83.64
20:03:05 66.54   82.51   69.24   83.53
20:04:08 66.65   82.51   69.24   83.53
20:05:12 66.65   82.40   69.24   83.41
20:06:15 66.54   82.51   69.24   83.41
20:07:18 66.54   82.40   69.24   83.53
20:08:22 66.54   82.29   69.24   83.41
20:09:25 66.54   82.29   69.24   83.41
20:10:28 66.65   82.18   69.24   83.41
20:11:32 66.54   82.29   69.24   83.30
20:12:35 66.54   82.18   69.24   83.30
20:13:38 66.54   82.40   69.24   83.30
20:14:42 66.54   82.40   69.12   83.41
20:15:45 66.54   82.29   69.12   83.41
20:16:48 66.54   82.29   69.12   83.30
20:17:52 66.54   82.18   69.12   83.19
20:18:55 66.54   82.18   69.12   83.19
20:19:59 66.54   82.18   69.12   83.30
20:21:02 66.54   82.18   69.12   83.19
20:22:05 66.54   82.29   69.12   83.30
20:23:09 66.54   82.18   69.12   83.19
20:24:12 66.54   82.29   69.01   83.19
20:25:15 66.43   82.29   69.01   83.08
20:26:19 66.43   82.18   69.01   83.08
20:27:22 66.43   82.06   69.01   82.96
20:28:25 66.43   82.18   69.01   82.85
20:29:29 66.43   82.18   69.01   82.85
20:30:32 66.54   82.06   69.01   82.74
20:31:35 66.43   82.18   69.01   82.74
20:32:39 66.54   82.06   69.01   82.62
20:33:42 66.54   82.06   69.01   82.62
20:34:45 66.43   81.95   69.01   82.62
20:35:49 66.43   82.06   69.01   82.62
20:36:52 66.54   81.95   69.01   82.62
20:37:55 66.54   81.95   69.01   82.62
20:38:59 66.54   81.61   69.12   82.51
20:40:02 66.54   81.72   69.12   82.51
20:41:05 66.54   81.72   69.12   82.51
20:42:09 66.54   81.84   69.12   82.51
20:43:12 66.54   81.50   69.12   82.51
20:44:15 66.54   81.95   69.12   82.51
20:45:19 66.54   81.84   69.12   82.51
20:46:22 66.54   81.72   69.12   82.51
20:47:25 66.65   81.84   69.12   82.40
20:48:29 66.65   81.61   69.24   82.40
20:49:32 66.65   81.84   69.12   82.40
20:50:35 66.54   81.72   69.12   82.51
20:51:39 66.54   81.72   69.24   82.40
20:52:42 66.54   81.84   69.24   82.40
20:53:46 66.54   81.72   69.24   82.40
20:54:49 66.54   81.72   69.35   82.51
20:55:52 66.54   81.50   69.24   82.29
20:56:56 66.54   81.84   69.24   82.40
20:57:59 66.65   81.95   69.35   82.40
20:59:02 66.65   81.84   69.35   82.29
21:00:06 66.65   81.84   69.35   82.29
21:01:09 66.65   81.61   69.35   82.29
21:02:12 66.65   81.72   69.35   82.18
21:03:16 66.65   81.50   69.46   82.06
21:04:19 66.65   81.61   69.46   82.06
21:05:22 66.65   81.28   69.46   82.06
21:06:26 66.76   81.16   69.58   82.18
21:07:29 66.76   81.39   69.58   82.18
21:08:32 66.76   81.50   69.58   82.18
21:09:36 66.76   81.50   69.58   82.18
21:10:39 66.76   81.50   69.58   82.18
21:11:42 66.76   81.28   69.58   82.06
21:12:46 66.76   81.50   69.58   82.06
21:13:49 66.76   81.28   69.58   81.95
21:14:52 66.76   81.39   69.58   81.95
21:15:56 66.76   81.61   69.58   81.84
21:16:59 66.76   81.50   69.58   81.95
21:18:02 66.76   81.72   69.58   81.84
21:19:06 66.76   81.39   69.58   81.72
21:20:09 66.76   81.28   69.58   81.61
21:21:12 66.76   81.16   69.58   81.72
21:22:16 66.76   81.39   69.58   81.72
21:23:19 66.76   81.84   69.58   81.72
21:24:22 66.76   81.50   69.58   81.84
21:25:26 66.76   81.50   69.58   81.72
21:26:29 66.76   81.28   69.58   81.61
21:27:32 66.76   81.50   69.69   81.72
21:28:36 66.65   81.50   69.69   81.72
21:29:39 66.65   81.50   69.58   81.72
21:30:43 66.65   81.84   69.58   81.72
21:31:46 66.76   81.72   69.69   81.61
21:32:49 66.76   81.39   69.58   81.61
21:33:53 66.65   81.61   69.58   81.61
21:34:56 66.76   81.61   69.58   81.72
21:35:59 66.76   81.72   69.58   81.72
21:37:03 66.76   81.72   69.58   81.84
21:38:06 66.76   81.50   69.58   81.84
21:39:09 66.76   81.50   69.58   81.72
21:40:13 66.76   81.61   69.58   81.61
21:41:16 66.65   81.50   69.46   81.61
21:42:19 66.65   81.39   69.46   81.61
21:43:23 66.65   81.28   69.46   81.72
21:44:26 66.65   81.50   69.35   81.72
21:45:29 66.54   81.61   69.35   81.72
21:46:33 66.54   81.61   69.24   81.72
21:47:36 66.54   81.72   69.24   81.72
21:48:39 66.54   81.84   69.24   81.72
21:49:43 66.54   81.72   69.12   81.72
21:50:46 66.54   81.50   69.12   81.84
21:51:49 66.54   81.61   69.12   81.84
21:52:53 66.54   81.50   69.12   81.84
21:53:56 66.43   81.50   69.12   81.84
21:54:59 66.43   81.39   69.12   81.72
21:56:03 66.54   81.61   69.01   81.72
21:57:06 66.54   83.08   69.01   81.61
21:58:09 68.00   115.14   69.01   81.84
21:59:12 69.58   144.61   69.01   81.95
22:00:15 70.25   143.04   69.01   82.74
22:01:18 70.81   116.71   69.12   83.30
22:02:22 70.14   111.76   69.24   99.39
22:03:25 69.24   110.75   69.24   108.16
22:04:28 68.68   107.71   69.24   109.29
22:05:32 68.34   106.14   69.24   109.85
22:06:35 68.00   106.03   69.24   110.08
22:07:38 67.78   105.46   69.24   110.30
22:08:42 67.66   104.00   69.24   110.08
22:09:45 67.55   102.76   69.24   109.85
22:10:48 67.44   101.19   69.24   109.62
22:11:52 67.33   99.61   69.24   109.29
22:12:55 67.33   98.15   69.24   108.84
22:13:58 67.21   96.91   69.24   108.50
22:15:02 67.21   95.90   69.24   108.16
22:16:05 67.10   95.11   69.24   107.38
22:17:09 67.10   93.88   69.24   106.81
22:18:12 67.10   92.86   69.24   106.14
22:19:15 66.99   92.08   69.24   105.46
22:20:19 66.99   91.29   69.24   104.79
22:21:22 66.99   90.28   69.24   104.11
22:22:25 66.99   90.05   69.24   103.44
22:23:29 66.99   89.38   69.24   102.88
22:24:32 66.99   88.81   69.12   102.20
22:25:35 66.99   88.36   69.12   101.53
22:26:39 66.88   87.69   69.12   101.08
22:27:42 66.88   87.35   69.12   100.51
22:28:45 66.88   87.12   69.12   99.95
22:29:49 66.88   86.90   69.12   99.39
22:30:52 66.88   86.22   69.12   99.05
22:31:55 66.76   86.22   69.12   98.60
22:32:59 66.88   85.89   69.12   98.26
22:34:02 66.88   85.89   69.12   97.92
22:35:05 66.88   85.33   69.12   97.48
22:36:09 66.88   85.10   69.12   97.25
22:37:12 66.88   84.88   69.12   96.80
22:38:15 66.88   84.54   69.01   96.46
22:39:19 66.88   84.31   69.12   96.35
22:40:22 66.76   83.97   69.12   96.01
22:41:25 66.88   84.09   69.12   95.90
22:42:29 66.88   83.97   69.12   95.56
22:43:32 66.88   83.86   69.12   95.34
22:44:35 66.88   83.75   69.12   95.11
22:45:39 66.76   83.86   69.12   94.89
22:46:42 66.76   83.53   69.01   94.55
22:47:45 66.76   83.19   69.01   94.33
22:48:49 66.76   83.41   69.01   93.99
22:49:52 66.76   83.53   69.01   93.65
22:50:56 66.76   83.30   69.01   93.43
22:51:59 66.65   83.08   69.01   93.31
22:53:02 66.65   82.74   69.01   92.97
22:54:06 66.65   82.62   69.01   92.75
22:55:09 66.65   82.74   68.90   92.53
22:56:12 66.65   82.62   68.90   92.30
22:57:16 66.54   82.29   68.90   92.08
22:58:19 66.54   82.51   68.90   91.85
22:59:22 66.54   82.29   68.90   114.01
23:00:26 66.54   82.18   68.90   115.81
23:01:29 66.54   82.18   68.90   115.25
23:02:32 66.54   82.29   68.90   114.01
23:03:36 66.54   82.06   68.90   115.36
23:04:39 66.54   82.29   68.79   115.03
23:05:42 66.54   82.29   68.79   113.79
23:06:46 66.43   82.06   68.79   112.55
23:07:49 66.43   82.06   68.79   111.42
23:08:52 66.43   81.95   68.79   110.30
23:09:56 66.43   81.84   68.79   109.40
23:10:59 66.43   81.84   68.68   108.39
23:12:02 66.43   81.72   68.79   107.38
23:13:06 66.31   81.61   68.68   106.59
23:14:09 66.43   81.61   68.68   105.69
23:15:12 66.31   81.61   68.68   104.79
23:16:16 66.31   81.50   68.68   104.00
23:17:19 66.31   81.28   68.68   103.33
23:18:22 66.31   81.39   68.68   102.65
23:19:26 66.31   81.28   68.56   101.98
23:20:29 66.31   81.50   68.56   101.30
23:21:33 66.20   81.50   68.56   100.62
23:22:36 66.20   81.61   68.56   100.06
23:23:39 66.20   81.50   68.56   99.50
23:24:43 66.31   81.39   68.56   98.94
23:25:46 66.20   81.28   68.56   98.38
23:26:49 66.20   81.39   68.45   97.92
23:27:53 66.20   81.28   68.56   97.48
23:28:56 66.20   81.05   68.56   97.03
23:29:59 66.20   81.16   68.56   96.46
23:31:03 66.20   81.05   68.56   96.01
23:32:06 66.20   81.05   68.56   95.68
23:33:09 66.20   81.16   68.45   95.22
23:34:13 66.20   81.16   68.45   94.78
23:35:16 66.20   81.28   68.34   94.44
23:36:19 66.20   81.16   68.34   93.99
23:37:23 66.20   81.05   68.34   93.76
23:38:26 66.09   81.05   68.34   93.20
23:39:29 66.09   80.94   68.34   92.75
23:40:33 66.09   80.83   68.34   92.53
23:41:36 66.09   80.94   68.34   92.19
23:42:39 66.09   81.05   68.34   91.85
23:43:43 66.09   80.83   68.34   91.62
23:44:46 66.09   80.94   68.22   91.29
23:45:49 66.09   80.94   68.34   110.41
23:46:53 66.09   80.83   68.22   111.09
23:47:56 66.09   80.83   68.22   113.45
23:48:59 66.09   80.49   68.22   114.12
23:50:03 66.09   80.49   68.22   113.79
23:51:06 66.09   80.49   68.22   113.90
23:52:10 66.09   80.71   68.22   113.34
23:53:13 65.97   80.60   68.22   112.66
23:54:16 66.09   80.49   68.22   111.88
23:55:20 65.97   80.60   68.11   111.09
23:56:23 66.09   80.49   68.11   110.30
23:57:26 65.97   80.49   68.11   109.51
23:58:30 65.97   80.26   68.11   108.61
23:59:33 65.97   80.15   68.11   107.94
