 Date  Furn_In  Furn_Out  Bsmnt   Water_Htr
00:00:10 63.95   80.38   66.88   86.68
00:01:13 63.95   80.15   66.88   86.45
00:02:17 63.95   80.15   66.88   86.34
00:03:20 63.95   80.15   66.88   86.11
00:04:23 63.95   79.93   66.88   86.00
00:05:27 63.95   79.93   66.76   85.89
00:06:30 63.95   80.04   66.88   85.66
00:07:33 63.95   80.15   66.76   85.55
00:08:37 63.95   80.04   66.76   85.44
00:09:40 63.95   80.15   66.76   85.33
00:10:43 63.84   79.81   66.76   85.33
00:11:47 63.95   79.93   66.76   85.10
00:12:50 63.95   80.04   66.76   85.10
00:13:53 63.84   80.26   66.76   84.99
00:14:57 63.84   80.04   66.76   84.88
00:16:00 63.84   79.93   66.76   84.76
00:17:03 63.84   80.04   66.76   84.65
00:18:07 63.84   79.81   66.76   84.43
00:19:10 63.84   80.04   66.76   84.31
00:20:13 63.84   79.70   66.76   84.20
00:21:17 63.95   79.81   66.65   84.09
00:22:20 63.84   79.70   66.76   83.97
00:23:23 63.84   79.93   66.76   83.97
00:24:27 63.84   79.93   66.76   83.86
00:25:30 63.84   79.70   66.76   83.75
00:26:33 63.84   79.70   66.65   83.64
00:27:37 63.84   79.59   66.65   83.53
00:28:40 63.84   79.36   66.65   83.41
00:29:43 63.84   79.81   66.65   83.30
00:30:47 63.84   79.59   66.65   83.19
00:31:50 63.84   79.47   66.54   83.08
00:32:53 63.84   79.59   66.65   82.96
00:33:57 63.84   79.59   66.54   82.85
00:35:00 63.84   79.47   66.43   82.74
00:36:04 63.84   79.59   66.54   82.62
00:37:07 63.84   79.25   66.65   82.62
00:38:10 63.84   79.25   66.65   82.51
00:39:14 63.84   79.59   66.54   82.51
00:40:17 63.84   79.36   66.54   82.40
00:41:20 63.84   79.70   66.54   82.40
00:42:24 63.84   79.47   66.54   82.18
00:43:27 63.84   79.36   66.54   82.29
00:44:30 63.84   79.47   66.54   82.29
00:45:34 63.84   79.36   66.54   82.29
00:46:37 63.84   79.47   66.54   82.18
00:47:40 63.84   79.59   66.54   82.06
00:48:44 63.84   79.47   66.54   82.06
00:49:47 63.84   79.25   66.54   81.84
00:50:50 63.84   79.36   66.54   81.84
00:51:54 63.84   79.47   66.54   81.72
00:52:57 63.73   79.14   66.43   81.72
00:54:00 63.84   79.14   66.43   81.61
00:55:04 63.84   79.25   66.54   81.61
00:56:07 63.84   79.14   66.43   81.61
00:57:10 63.73   79.36   66.43   81.61
00:58:14 63.73   79.25   66.43   81.72
00:59:17 63.73   79.25   66.43   81.61
01:00:20 63.73   79.36   66.43   81.61
01:01:24 63.73   79.47   66.54   81.50
01:02:27 63.84   79.25   66.43   81.50
01:03:30 63.73   79.25   66.43   81.28
01:04:34 63.73   78.91   66.43   81.16
01:05:37 63.84   78.91   66.43   81.05
01:06:41 63.73   79.03   66.31   81.05
01:07:44 63.73   79.81   66.43   81.05
01:08:47 64.96   102.65   66.31   81.16
01:09:50 67.44   140.23   66.43   81.50
01:10:53 68.22   150.35   66.43   82.29
01:11:56 68.79   126.28   66.65   82.96
01:12:59 68.56   112.10   66.76   83.19
01:14:03 67.33   111.54   66.88   82.96
01:15:06 66.43   112.66   66.76   82.74
01:16:09 65.86   110.53   66.76   82.62
01:17:13 65.53   108.61   66.88   82.51
01:18:16 65.19   106.81   66.76   82.29
01:19:19 64.96   105.01   66.65   82.18
01:20:23 64.85   102.65   66.76   82.06
01:21:26 64.74   100.62   66.76   82.06
01:22:30 64.62   99.16   66.65   82.06
01:23:33 64.51   97.92   66.65   82.06
01:24:36 64.40   97.14   66.54   81.95
01:25:40 66.31   118.29   66.54   81.95
01:26:42 68.11   141.35   66.54   82.18
01:27:45 68.79   149.11   66.65   82.96
01:28:48 69.24   124.36   66.88   83.53
01:29:52 68.79   112.33   66.99   83.86
01:30:55 67.55   112.66   66.99   83.86
01:31:58 66.65   112.10   66.99   83.53
01:33:02 66.09   112.89   66.99   83.41
01:34:05 65.64   109.96   66.99   83.30
01:35:08 65.41   107.83   66.88   83.08
01:36:12 65.19   105.80   66.88   83.08
01:37:15 64.96   103.66   66.88   83.08
01:38:18 64.85   102.76   66.88   83.08
01:39:22 64.74   100.96   66.88   82.96
01:40:25 64.62   99.05   66.88   82.96
01:41:28 64.62   97.59   66.88   82.96
01:42:32 65.86   114.35   66.88   82.96
01:43:35 68.11   139.55   66.88   83.19
01:44:38 68.79   151.36   66.88   83.86
01:45:41 69.24   135.84   67.10   84.43
01:46:44 69.46   112.89   67.10   84.65
01:47:47 68.22   112.33   67.10   84.54
01:48:50 67.10   111.42   67.21   84.43
01:49:54 66.43   109.62   67.21   84.31
01:50:57 65.97   110.30   67.21   84.20
01:52:00 65.64   108.39   67.10   83.97
01:53:04 65.41   106.59   67.10   83.97
01:54:07 65.19   105.12   67.10   83.97
01:55:10 65.08   102.54   66.99   83.86
01:56:14 64.96   101.08   67.10   83.86
01:57:17 64.85   100.29   67.10   83.97
01:58:21 64.74   101.30   66.99   83.75
01:59:24 67.78   130.55   67.21   83.86
02:00:27 68.79   146.86   66.99   84.43
02:01:30 69.24   146.53   67.10   85.10
02:02:33 69.69   119.41   67.21   85.55
02:03:36 69.01   112.33   67.21   85.44
02:04:39 67.78   111.99   67.33   85.10
02:05:43 66.99   113.23   67.33   84.99
02:06:46 66.31   111.88   67.33   84.76
02:07:49 65.97   109.62   67.33   84.65
02:08:53 65.64   108.50   67.33   84.54
02:09:56 65.41   106.59   67.33   84.43
02:10:59 65.19   104.90   67.21   84.31
02:12:03 65.08   102.88   67.21   84.31
02:13:06 64.96   101.41   67.21   84.31
02:14:09 64.85   99.95   67.21   84.31
02:15:13 64.74   98.38   67.21   84.20
02:16:16 64.74   96.91   67.21   84.20
02:17:19 64.62   95.56   67.21   84.09
02:18:23 64.85   103.66   67.21   84.20
02:19:26 68.11   136.85   67.21   84.31
02:20:29 68.90   150.35   67.21   84.88
02:21:32 69.35   134.26   67.33   85.66
02:22:35 69.58   113.00   67.33   85.78
02:23:38 68.22   112.89   67.33   85.66
02:24:41 67.21   111.54   67.44   85.44
02:25:45 66.54   111.76   67.44   85.21
02:26:48 65.97   111.09   67.44   85.10
02:27:51 65.75   109.06   67.44   84.99
02:28:55 65.53   107.04   67.44   85.10
02:29:58 65.30   105.35   67.44   84.99
02:31:02 65.19   104.23   67.33   84.88
02:32:05 64.96   102.31   67.33   84.76
02:33:08 64.96   100.62   67.33   84.76
02:34:12 64.85   99.05   67.33   84.76
02:35:15 64.74   98.04   67.33   84.54
02:36:18 64.74   96.80   67.33   84.54
02:37:22 64.62   95.45   67.33   84.43
02:38:25 64.62   94.66   67.33   84.31
02:39:28 64.62   93.09   67.33   84.31
02:40:32 64.51   92.19   67.21   84.31
02:41:35 65.64   109.74   67.33   84.31
02:42:38 68.22   139.66   67.21   84.43
02:43:41 68.90   148.21   67.33   85.10
02:44:44 69.35   123.80   67.44   85.66
02:45:47 68.90   112.33   67.55   85.89
02:46:50 67.66   112.66   67.55   85.66
02:47:54 66.88   112.55   67.44   85.66
02:48:57 66.31   111.42   67.44   85.44
02:50:01 65.86   109.62   67.44   85.33
02:51:04 65.53   107.71   67.44   85.21
02:52:07 65.41   106.25   67.44   85.10
02:53:11 65.19   104.45   67.44   84.99
02:54:14 65.08   102.88   67.44   84.99
02:55:17 64.96   100.96   67.44   84.99
02:56:21 64.85   100.06   67.44   84.88
02:57:24 64.85   98.49   67.44   84.88
02:58:27 64.74   97.03   67.44   84.76
02:59:31 64.62   95.79   67.33   84.65
03:00:34 64.62   94.33   67.33   84.65
03:01:37 64.62   93.31   67.33   84.65
03:02:41 64.51   92.41   67.33   84.54
03:03:44 64.51   91.51   67.33   84.43
03:04:47 64.51   92.19   67.33   84.31
03:05:51 66.65   119.75   67.33   84.31
03:06:54 68.34   143.94   67.21   84.65
03:07:57 69.01   143.82   67.33   85.33
03:09:00 69.46   117.39   67.55   85.89
03:10:03 68.68   112.10   67.44   85.89
03:11:06 67.55   111.09   67.55   85.78
03:12:10 66.88   112.33   67.55   85.66
03:13:13 66.31   110.98   67.55   85.33
03:14:16 65.86   108.95   67.55   85.21
03:15:20 65.64   107.49   67.55   85.10
03:16:23 65.41   105.58   67.55   84.99
03:17:26 65.30   103.55   67.44   84.99
03:18:30 65.19   102.09   67.44   84.99
03:19:33 65.08   101.19   67.44   84.88
03:20:36 64.96   99.61   67.44   84.88
03:21:40 64.85   98.04   67.44   84.76
03:22:43 64.85   96.91   67.33   84.76
03:23:46 64.74   95.00   67.33   84.76
03:24:50 64.74   94.10   67.44   84.54
03:25:53 64.62   93.31   67.44   84.43
03:26:56 64.62   92.41   67.44   84.43
03:28:00 64.62   91.18   67.44   84.43
03:29:03 64.51   90.61   67.33   84.43
03:30:06 64.51   93.54   67.33   84.54
03:31:10 67.44   129.09   67.33   84.43
03:32:13 68.56   147.31   67.21   84.88
03:33:15 69.12   136.18   67.44   85.55
03:34:19 69.46   112.55   67.44   85.89
03:35:22 68.22   111.65   67.55   85.78
03:36:25 67.21   110.75   67.55   85.55
03:37:29 66.54   109.06   67.55   85.44
03:38:32 66.09   108.95   67.55   85.21
03:39:35 65.75   107.94   67.55   85.10
03:40:39 65.53   106.36   67.55   84.99
03:41:42 65.30   104.56   67.44   84.88
03:42:45 65.19   102.65   67.44   84.88
03:43:49 65.08   100.96   67.44   84.76
03:44:52 64.96   99.95   67.44   84.76
03:45:55 64.85   98.60   67.44   84.76
03:46:59 64.85   96.69   67.44   84.76
03:48:02 64.74   95.68   67.33   84.65
03:49:05 64.74   94.78   67.33   84.54
03:50:09 64.62   93.65   67.33   84.54
03:51:12 64.62   92.64   67.33   84.54
03:52:15 64.62   91.40   67.33   84.54
03:53:19 64.51   90.95   67.21   84.54
03:54:22 64.51   90.39   67.33   84.43
03:55:26 64.51   97.92   67.33   84.31
03:56:29 67.89   136.62   67.44   84.43
03:57:32 68.68   146.75   67.44   85.21
03:58:34 69.12   122.56   67.55   85.78
03:59:38 68.68   111.54   67.66   85.89
04:00:41 67.55   110.75   67.66   85.66
04:01:44 66.76   111.76   67.55   85.44
04:02:48 66.20   110.64   67.55   85.33
04:03:51 65.86   108.95   67.55   85.33
04:04:55 65.53   107.26   67.55   85.21
04:05:58 65.41   105.12   67.55   84.99
04:07:01 65.19   103.55   67.44   84.88
04:08:05 65.08   102.31   67.44   84.88
04:09:08 64.96   101.08   67.44   84.76
04:10:11 64.96   99.84   67.44   84.76
04:11:15 64.85   98.38   67.44   84.65
04:12:18 64.74   97.14   67.44   84.54
04:13:21 64.74   95.45   67.44   84.43
04:14:25 64.62   94.10   67.33   84.31
04:15:28 64.62   93.65   67.44   84.31
04:16:31 64.51   92.41   67.33   84.31
04:17:35 65.75   109.06   67.21   84.31
04:18:38 68.00   139.78   67.33   84.43
04:19:41 68.79   149.79   67.33   85.10
04:20:43 69.12   126.50   67.44   85.66
04:21:47 69.01   111.99   67.44   85.89
04:22:50 67.89   112.33   67.66   85.66
04:23:53 66.99   110.41   67.55   85.55
04:24:57 66.31   108.39   67.55   85.44
04:26:00 65.97   108.95   67.55   85.33
04:27:04 65.64   107.71   67.55   85.21
04:28:07 65.53   105.91   67.55   85.21
04:29:10 65.30   104.45   67.55   85.21
04:30:14 65.19   102.65   67.44   84.99
04:31:17 65.08   101.30   67.44   84.99
04:32:20 64.96   99.84   67.44   84.88
04:33:24 64.85   98.49   67.44   84.76
04:34:27 64.85   96.69   67.44   84.76
04:35:30 64.74   95.90   67.44   84.65
04:36:34 64.74   95.11   67.44   84.54
04:37:37 64.62   93.65   67.33   84.43
04:38:40 65.30   107.71   67.44   84.31
04:39:43 68.00   138.76   67.33   84.65
04:40:46 68.79   149.00   67.44   85.33
04:41:49 69.24   125.60   67.55   85.89
04:42:52 69.01   111.99   67.44   86.00
04:43:56 67.78   112.10   67.66   85.89
04:44:59 66.99   109.85   67.55   85.66
04:46:02 66.31   111.09   67.66   85.66
04:47:06 65.97   109.85   67.66   85.55
04:48:09 65.64   107.60   67.66   85.44
04:49:13 65.41   106.36   67.55   85.33
04:50:16 65.30   104.45   67.55   85.21
04:51:19 65.19   102.76   67.44   85.10
04:52:23 65.08   101.08   67.55   84.99
04:53:26 64.96   99.16   67.55   84.88
04:54:29 64.85   98.71   67.44   84.99
04:55:33 64.74   96.80   67.44   84.88
04:56:36 64.74   95.79   67.55   84.76
04:57:39 64.74   95.11   67.33   84.76
04:58:43 66.54   117.95   67.44   84.65
04:59:46 68.34   142.25   67.33   84.99
05:00:48 68.90   153.39   67.55   85.66
05:01:51 69.46   150.46   67.66   86.45
05:02:54 69.80   144.73   67.66   86.90
05:03:57 70.03   153.61   67.66   87.46
05:05:00 70.36   157.89   67.78   87.91
05:06:03 70.70   144.95   67.78   88.25
05:07:06 70.81   152.26   67.89   88.47
05:08:09 71.04   159.91   68.11   88.70
05:09:12 71.38   146.07   68.11   89.04
05:10:14 71.49   150.69   68.11   89.26
05:11:17 71.60   159.12   68.34   89.60
05:12:20 71.71   148.10   68.22   109.62
05:13:23 71.71   149.34   68.45   112.55
05:14:26 71.94   154.06   68.45   113.45
05:15:29 72.05   128.75   68.45   113.56
05:16:32 71.71   113.90   68.45   113.56
05:17:36 70.03   115.36   68.56   112.78
05:18:39 68.68   117.39   68.56   113.67
05:19:42 70.70   137.53   68.56   113.79
05:20:45 71.26   150.35   68.56   114.46
05:21:48 71.49   158.68   68.56   114.91
05:22:51 71.83   146.75   68.68   115.03
05:23:54 71.94   149.34   68.79   114.80
05:24:56 72.16   157.66   68.90   114.35
05:25:59 72.28   141.69   69.01   113.90
05:27:02 72.28   120.76   69.01   113.34
05:28:06 70.59   121.89   69.01   112.44
05:29:09 69.12   122.00   69.01   111.42
05:30:12 70.25   126.73   69.01   110.64
05:31:15 71.49   140.68   69.01   110.30
05:32:18 71.94   152.38   68.90   110.08
05:33:21 72.16   159.80   69.01   109.85
05:34:24 72.50   145.96   69.24   109.62
05:35:27 72.61   145.29   69.12   109.29
05:36:30 72.72   122.00   69.35   114.24
05:37:33 71.26   120.88   69.24   116.04
05:38:36 69.91   121.10   69.24   115.03
05:39:40 68.79   118.96   69.12   113.79
05:40:43 70.81   127.62   69.24   112.78
05:41:46 71.83   142.03   69.12   117.28
05:42:49 72.05   153.73   69.24   117.05
05:43:52 72.39   159.12   69.35   116.38
05:44:55 72.50   133.93   69.46   115.70
05:45:58 72.50   113.67   69.46   114.80
05:47:01 70.70   115.59   69.46   113.67
05:48:04 69.35   115.70   69.46   112.66
05:49:08 68.34   114.24   69.35   115.92
05:50:11 67.78   116.15   69.35   118.96
05:51:15 67.33   114.80   69.35   118.40
05:52:18 70.03   129.31   69.24   117.84
05:53:21 71.26   145.06   69.35   117.39
05:54:24 71.94   155.53   69.24   116.83
05:55:26 72.39   149.23   69.46   116.26
05:56:29 72.50   121.89   69.46   115.59
05:57:33 70.93   120.42   69.46   114.58
05:58:36 69.58   120.65   69.58   113.45
05:59:39 68.56   118.06   69.46   112.44
06:00:43 67.78   115.70   69.46   114.58
06:01:46 67.33   116.83   69.35   116.83
06:02:49 66.99   116.04   69.24   116.60
06:03:53 66.54   114.35   69.24   115.81
06:04:56 66.43   111.76   69.12   115.14
06:05:59 66.20   110.75   69.12   114.24
06:07:03 66.09   109.51   69.01   113.34
06:08:06 69.24   127.40   69.01   112.44
06:09:09 70.93   144.39   69.12   112.10
06:10:12 71.60   150.46   69.24   111.76
06:11:15 72.05   125.71   69.35   111.31
06:12:18 71.04   118.51   69.24   110.64
06:13:21 69.58   118.40   69.24   109.85
06:14:25 68.45   118.85   69.24   108.84
06:15:28 67.78   118.51   69.35   108.05
06:16:31 67.33   116.04   69.24   107.38
06:17:35 66.99   114.46   69.24   106.70
06:18:38 66.65   112.55   69.12   106.14
06:19:42 66.43   111.09   69.01   105.46
06:20:45 66.20   109.85   69.01   105.01
06:21:48 66.09   107.71   69.01   104.45
06:22:52 65.97   105.91   68.90   104.00
06:23:55 65.86   104.00   68.90   103.44
06:24:58 65.75   102.42   68.90   102.88
06:26:02 65.75   101.64   68.90   102.42
06:27:05 65.64   100.40   69.01   101.98
06:28:08 65.53   99.16   68.90   114.58
06:29:12 65.53   98.04   68.90   115.81
06:30:15 65.53   97.25   68.90   115.48
06:31:18 65.41   96.24   68.90   115.59
06:32:22 65.41   95.34   68.79   115.81
06:33:25 65.41   94.66   68.79   115.70
06:34:28 65.41   93.99   68.79   115.59
06:35:32 65.30   93.43   68.90   115.36
06:36:35 65.30   92.75   68.90   115.03
06:37:38 65.30   91.85   68.79   114.69
06:38:42 65.30   91.62   68.79   114.24
06:39:45 65.19   91.40   68.79   113.56
06:40:48 65.30   90.72   68.68   114.46
06:41:52 65.19   90.16   68.56   113.90
06:42:55 65.19   90.16   68.68   113.90
06:43:58 65.19   90.05   68.79   115.48
06:45:02 65.19   89.49   68.79   115.03
06:46:05 65.19   89.04   68.79   114.24
06:47:09 65.19   88.70   68.79   113.45
06:48:12 65.19   88.59   68.79   112.78
06:49:15 65.19   88.25   68.68   117.05
06:50:19 65.19   87.80   68.56   117.61
06:51:22 65.19   87.69   68.68   118.62
06:52:25 65.19   87.58   68.45   118.06
06:53:29 65.19   87.46   68.22   117.39
06:54:32 65.19   87.24   68.00   116.60
06:55:35 65.19   87.12   68.00   115.70
06:56:39 65.08   87.01   68.11   114.80
06:57:42 65.19   86.90   68.00   113.90
06:58:45 65.19   86.90   68.00   113.00
06:59:49 65.08   86.68   68.00   112.10
07:00:52 65.08   86.56   68.11   111.31
07:01:55 65.08   86.34   68.11   110.53
07:02:59 65.08   86.22   68.11   109.85
07:04:02 65.08   86.34   68.11   109.17
07:05:05 65.08   86.11   68.00   108.50
07:06:09 65.08   86.11   68.00   108.05
07:07:12 65.08   85.89   68.00   107.38
07:08:15 65.08   85.78   68.00   119.75
07:09:19 65.08   85.66   68.00   121.89
07:10:22 65.08   85.66   68.00   120.42
07:11:25 65.08   85.44   68.00   118.62
07:12:29 65.08   85.44   68.00   116.94
07:13:32 64.96   85.33   68.00   115.59
07:14:35 65.08   85.21   68.00   114.12
07:15:39 64.96   85.21   68.00   112.89
07:16:42 64.96   85.10   68.11   111.65
07:17:45 65.08   84.88   68.11   114.80
07:18:49 64.96   84.76   68.22   115.81
07:19:52 64.96   84.76   68.34   114.69
07:20:56 64.96   84.54   68.22   113.56
07:21:59 64.96   84.20   68.11   112.44
07:23:02 64.96   84.54   68.22   111.42
07:24:06 64.96   84.43   68.34   110.41
07:25:09 65.08   84.31   68.34   109.51
07:26:12 65.08   84.20   68.45   108.61
07:27:16 65.08   83.97   68.45   107.83
07:28:19 64.96   84.20   68.34   107.04
07:29:22 64.96   84.31   68.45   106.25
07:30:26 64.96   83.86   68.34   105.58
07:31:29 64.96   83.53   68.34   104.90
07:32:32 65.08   83.86   68.34   104.23
07:33:36 64.96   83.86   68.34   103.44
07:34:39 64.96   84.09   68.34   102.88
07:35:42 64.96   83.75   68.34   102.31
07:36:46 64.96   83.53   68.34   101.64
07:37:49 64.96   83.64   68.45   101.19
07:38:52 64.96   83.41   68.34   100.62
07:39:56 64.96   83.53   68.34   100.06
07:40:59 64.96   83.30   68.45   99.61
07:42:02 64.96   83.41   68.34   99.28
07:43:06 64.96   83.41   68.34   98.71
07:44:09 64.96   83.41   68.45   98.38
07:45:12 64.96   83.30   68.34   98.04
07:46:16 64.96   83.41   68.34   97.59
07:47:19 64.85   83.30   68.34   97.14
07:48:22 64.85   83.19   68.34   96.80
07:49:26 64.85   83.08   68.34   96.46
07:50:29 64.85   82.96   68.34   96.01
07:51:33 64.85   83.08   68.22   95.68
07:52:36 64.96   82.96   68.34   95.22
07:53:39 64.85   82.74   68.22   95.00
07:54:43 64.85   82.62   68.22   94.66
07:55:46 64.85   82.85   68.22   94.44
07:56:49 64.85   82.85   68.22   93.99
07:57:53 64.85   82.85   68.22   93.76
07:58:56 64.85   82.62   68.22   93.31
07:59:59 64.85   82.51   68.22   93.20
08:01:03 64.85   82.62   68.22   92.97
08:02:06 64.85   82.62   68.22   92.75
08:03:09 64.85   82.74   68.11   92.41
08:04:13 64.85   82.62   68.11   92.08
08:05:16 64.85   82.40   68.22   91.85
08:06:19 64.85   82.40   68.11   91.62
08:07:23 64.74   82.51   68.11   91.51
08:08:26 64.74   82.62   68.11   91.29
08:09:29 64.74   82.40   68.11   91.18
08:10:33 64.74   82.18   68.11   90.84
08:11:36 64.74   82.40   68.11   90.61
08:12:39 64.74   82.40   68.11   90.50
08:13:43 64.74   82.18   68.00   90.39
08:14:46 64.74   82.18   68.11   89.94
08:15:49 64.74   81.95   68.11   89.83
08:16:53 64.74   82.18   68.11   89.71
08:17:56 64.74   81.95   68.11   89.49
08:18:59 64.74   81.84   68.00   89.26
08:20:03 64.74   82.18   68.00   89.15
08:21:06 64.74   81.95   68.00   88.81
08:22:09 64.74   82.06   67.89   88.81
08:23:13 64.74   82.06   67.89   88.47
08:24:16 64.74   81.95   68.00   88.36
08:25:20 64.74   81.95   68.00   88.25
08:26:23 64.62   81.84   67.89   87.91
08:27:26 64.62   82.06   68.00   87.91
08:28:30 64.62   81.95   67.89   87.91
08:29:33 64.62   81.95   67.89   87.80
08:30:36 64.74   81.84   67.89   87.69
08:31:40 64.62   81.72   67.89   87.46
08:32:43 64.62   81.72   67.89   87.35
08:33:46 64.74   81.72   67.89   87.12
08:34:50 64.74   81.61   68.00   87.12
08:35:53 64.62   81.39   67.89   87.01
08:36:56 64.62   81.61   67.89   86.90
08:38:00 64.62   81.61   67.89   86.79
08:39:03 64.62   84.54   67.89   86.68
08:40:06 67.21   122.34   67.78   86.79
08:41:09 68.90   147.31   67.78   87.01
08:42:12 69.69   138.99   67.89   87.69
08:43:15 70.14   113.34   67.89   87.91
08:44:19 69.01   111.54   68.00   88.03
08:45:22 67.89   109.74   68.00   87.91
08:46:25 67.10   107.15   68.00   87.69
08:47:29 66.65   106.36   68.11   87.46
08:48:32 66.31   106.25   68.11   87.35
08:49:35 66.09   105.80   68.11   87.24
08:50:39 65.86   104.45   68.11   87.12
08:51:42 65.75   103.10   68.00   87.01
08:52:45 65.64   101.30   68.00   86.90
08:53:49 65.53   99.95   68.00   86.79
08:54:52 65.41   98.94   68.00   86.68
08:55:55 65.30   97.14   68.00   86.68
08:56:59 65.30   95.79   67.89   86.45
08:58:02 65.53   104.79   67.89   86.45
08:59:05 68.79   137.53   67.89   86.56
09:00:08 69.69   151.03   67.89   87.12
09:01:11 70.36   133.48   68.00   87.69
09:02:14 70.47   112.78   68.00   87.91
09:03:17 69.01   112.33   68.22   87.80
09:04:21 68.11   111.31   68.11   87.58
09:05:24 67.33   108.16   68.22   87.58
09:06:28 66.88   107.94   68.34   87.46
09:07:31 66.43   107.94   68.34   87.24
09:08:34 66.20   107.15   68.22   87.12
09:09:38 66.09   105.46   68.11   87.01
09:10:41 65.86   103.44   68.11   86.90
09:11:44 65.75   102.20   68.22   86.79
09:12:48 65.64   100.51   68.22   86.56
09:13:51 65.53   99.16   68.22   86.56
09:14:54 65.41   97.92   68.11   86.45
09:15:58 65.41   96.35   68.11   86.34
09:17:01 65.30   95.34   68.11   86.34
09:18:04 65.30   94.78   68.11   86.22
09:19:08 65.19   93.31   68.11   86.11
09:20:11 65.19   92.41   68.22   86.00
09:21:14 65.19   91.85   68.11   85.89
09:22:18 65.08   90.95   68.11   85.78
09:23:21 65.08   90.39   68.11   85.89
09:24:24 64.96   90.05   68.11   85.78
09:25:28 64.96   89.49   68.11   85.66
09:26:31 64.96   88.47   68.11   85.55
09:27:34 64.96   88.36   68.00   85.55
09:28:38 64.96   87.80   68.00   85.55
09:29:41 64.96   87.12   68.00   85.55
09:30:44 64.96   86.68   68.00   85.55
09:31:48 64.96   86.56   68.00   85.44
09:32:51 64.85   86.22   68.00   85.33
09:33:54 64.85   86.11   68.00   85.33
09:34:58 64.85   85.66   68.00   85.21
09:36:01 64.85   85.55   67.89   85.21
09:37:04 64.85   84.99   68.00   85.21
09:38:08 64.85   85.10   68.00   85.10
09:39:11 64.85   84.88   68.00   84.99
09:40:14 64.85   84.88   68.00   84.76
09:41:18 64.74   84.43   68.00   84.76
09:42:21 64.85   83.97   67.89   84.65
09:43:25 64.85   83.75   67.89   84.65
09:44:28 64.74   83.86   67.89   84.54
09:45:31 64.74   83.86   67.89   84.54
09:46:35 64.74   83.53   67.89   84.54
09:47:38 64.74   83.41   68.00   84.54
09:48:41 64.74   83.53   68.00   84.54
09:49:45 64.74   83.30   67.89   84.43
09:50:48 64.74   83.08   67.89   84.31
09:51:51 64.74   82.74   67.89   84.31
09:52:55 64.74   82.62   67.89   84.20
09:53:58 64.74   82.96   67.89   84.09
09:55:01 64.74   82.85   67.89   84.09
09:56:05 64.74   82.85   67.89   84.09
09:57:08 64.74   82.74   67.89   84.09
09:58:11 64.74   82.62   67.78   83.97
09:59:15 64.74   82.51   67.78   83.97
10:00:18 64.62   82.51   67.78   83.86
10:01:21 64.74   82.40   67.66   83.86
10:02:25 64.62   82.18   67.78   83.75
10:03:28 64.62   81.95   67.78   83.64
10:04:31 64.62   82.06   67.78   83.64
10:05:35 64.62   82.18   67.78   83.64
10:06:38 64.62   82.18   67.78   83.64
10:07:41 64.62   81.95   67.78   83.64
10:08:45 64.62   82.29   67.66   83.64
10:09:48 64.62   82.18   67.78   83.53
10:10:51 64.62   82.06   67.66   83.41
10:11:55 64.62   82.18   67.78   83.41
10:12:58 64.62   82.06   67.66   83.41
10:14:01 64.62   81.84   67.78   83.41
10:15:05 64.62   81.84   67.78   83.41
10:16:08 64.62   81.50   67.78   83.30
10:17:12 64.62   81.72   67.66   83.19
10:18:15 64.62   81.84   67.78   83.30
10:19:18 64.62   81.72   67.78   83.19
10:20:22 64.62   81.72   67.78   83.08
10:21:25 64.62   81.61   67.66   83.08
10:22:28 64.62   81.39   67.66   82.96
10:23:32 64.51   81.39   67.66   83.08
10:24:35 64.51   81.39   67.66   82.96
10:25:38 64.62   81.39   67.66   82.96
10:26:42 64.51   81.50   67.66   82.85
10:27:45 64.51   81.61   67.66   82.85
10:28:48 64.51   81.61   67.66   82.85
10:29:52 64.51   81.28   67.66   82.74
10:30:55 64.62   81.39   67.66   82.74
10:31:58 64.51   81.28   67.66   82.62
10:33:02 64.51   81.28   67.66   82.74
10:34:05 64.62   81.16   67.66   82.74
10:35:08 64.51   80.94   67.66   82.62
10:36:12 64.51   80.94   67.66   82.62
10:37:15 64.51   81.05   67.66   82.51
10:38:18 64.51   81.50   67.66   82.51
10:39:22 64.51   81.05   67.78   82.51
10:40:25 64.51   80.94   67.66   82.51
10:41:28 64.51   81.16   67.66   82.40
10:42:32 64.51   81.39   67.66   82.40
10:43:35 64.51   81.05   67.66   82.40
10:44:38 64.51   80.94   67.66   82.40
10:45:42 64.51   80.94   67.66   82.29
10:46:45 64.51   80.71   67.66   82.18
10:47:48 64.51   80.83   67.66   82.29
10:48:52 64.51   80.83   67.55   82.29
10:49:55 64.51   80.94   67.66   82.29
10:50:59 64.51   81.28   67.66   82.18
10:52:02 64.51   80.94   67.55   82.18
10:53:05 64.51   80.71   67.66   82.06
10:54:09 64.40   80.71   67.66   82.18
10:55:12 64.51   80.60   67.66   82.06
10:56:15 64.40   80.60   67.55   82.06
10:57:19 64.40   80.60   67.66   82.06
10:58:22 64.40   80.71   67.66   81.95
10:59:25 64.40   80.83   67.66   82.06
11:00:29 64.40   80.94   67.66   82.06
11:01:32 64.40   80.60   67.66   82.06
11:02:35 64.40   80.60   67.66   82.06
11:03:39 64.40   80.71   67.66   81.95
11:04:42 64.40   80.83   67.55   81.84
11:05:45 64.40   80.71   67.55   81.84
11:06:49 64.40   80.83   67.55   81.95
11:07:52 64.40   80.71   67.66   81.84
11:08:55 64.40   80.83   67.55   81.84
11:09:59 64.40   80.83   67.55   81.84
11:11:02 64.40   80.94   67.55   81.72
11:12:05 64.40   80.83   67.55   81.72
11:13:09 64.40   80.60   67.55   81.61
11:14:12 64.40   80.49   67.55   81.72
11:15:15 64.40   80.71   67.55   81.72
11:16:19 64.40   80.49   67.55   81.72
11:17:22 64.40   80.71   67.66   81.61
11:18:25 64.40   80.60   67.66   81.61
11:19:29 64.29   80.60   67.55   81.61
11:20:32 64.29   80.71   67.55   81.72
11:21:35 64.29   80.38   67.55   81.72
11:22:39 64.40   80.26   67.55   81.61
11:23:42 64.40   80.38   67.55   81.61
11:24:45 64.40   80.26   67.55   81.61
11:25:49 64.40   80.26   67.55   81.61
11:26:52 64.40   80.49   67.55   81.61
11:27:55 64.29   80.26   67.55   81.39
11:28:59 64.29   80.60   67.55   81.39
11:30:02 64.40   80.49   67.55   81.39
11:31:05 64.29   80.38   67.55   81.39
11:32:09 64.29   80.38   67.44   81.28
11:33:12 64.29   80.49   67.44   81.39
11:34:16 64.29   80.15   67.44   81.28
11:35:19 64.29   80.15   67.44   81.28
11:36:22 64.29   80.38   67.44   81.28
11:37:26 64.29   80.60   67.44   81.39
11:38:29 64.29   80.26   67.55   81.39
11:39:32 64.40   80.38   67.55   81.50
11:40:36 64.40   80.26   67.44   81.39
11:41:39 64.40   80.26   67.44   81.28
11:42:42 64.29   80.38   67.44   81.28
11:43:46 64.40   80.38   67.44   81.28
11:44:49 64.29   80.49   67.44   81.28
11:45:52 64.29   80.26   67.44   81.16
11:46:56 64.29   80.15   67.44   81.16
11:47:59 64.29   80.15   67.44   81.16
11:49:02 64.29   80.15   67.44   81.05
11:50:06 64.29   80.04   67.44   81.16
11:51:09 64.29   80.15   67.44   81.05
11:52:12 64.29   79.93   67.44   81.05
11:53:16 64.29   80.15   67.44   80.94
11:54:19 64.29   80.26   67.44   80.83
11:55:22 64.29   80.15   67.44   80.83
11:56:26 64.29   80.26   67.44   80.94
11:57:29 64.29   80.15   67.33   80.94
11:58:32 64.29   80.04   67.33   81.05
11:59:36 64.29   80.04   67.33   81.05
12:00:39 64.29   79.93   67.44   80.83
12:01:42 64.29   80.04   67.44   80.83
12:02:46 64.29   80.04   67.44   80.71
12:03:49 64.29   80.04   67.33   80.71
12:04:52 64.29   80.04   67.33   80.71
12:05:56 64.29   80.04   67.44   80.83
12:06:59 64.29   80.15   67.33   80.83
12:08:03 64.29   80.15   67.33   80.83
12:09:06 64.29   80.04   67.33   80.83
12:10:09 64.18   80.04   67.44   80.83
12:11:13 64.29   80.15   67.44   80.83
12:12:16 64.29   80.15   67.44   80.71
12:13:19 64.29   80.15   67.33   80.83
12:14:23 64.29   80.04   67.33   80.71
12:15:26 64.29   80.04   67.33   80.71
12:16:29 64.29   79.93   67.44   80.71
12:17:33 64.29   80.15   67.33   80.60
12:18:36 64.29   79.81   67.33   80.60
12:19:39 64.18   79.93   67.33   80.60
12:20:43 64.29   80.04   67.33   80.60
12:21:46 64.29   79.59   67.33   80.60
12:22:49 64.29   79.93   67.33   80.60
12:23:53 64.29   80.04   67.33   80.49
12:24:56 64.18   80.04   67.44   80.49
12:25:59 64.18   80.04   67.44   80.49
12:27:03 64.29   79.81   67.44   80.60
12:28:06 64.29   79.81   67.44   80.60
12:29:09 64.29   79.93   67.44   80.60
12:30:13 64.29   79.93   67.44   80.60
12:31:16 64.29   80.15   67.44   80.60
12:32:19 64.29   79.93   67.44   80.49
12:33:23 64.29   79.70   67.44   80.49
12:34:26 64.29   79.70   67.44   80.38
12:35:29 64.18   79.81   67.44   80.49
12:36:33 64.18   80.04   67.33   80.26
12:37:36 64.18   79.93   67.33   80.26
12:38:39 64.29   79.93   67.44   80.15
12:39:43 64.29   79.70   67.33   80.38
12:40:46 64.29   80.04   67.44   80.49
12:41:50 64.29   79.93   67.44   80.49
12:42:53 64.29   79.81   67.33   80.49
12:43:56 64.29   79.93   67.33   80.49
12:45:00 64.29   80.04   67.33   80.49
12:46:03 64.29   79.93   67.33   80.38
12:47:06 64.29   79.93   67.44   80.38
12:48:10 64.29   79.93   67.33   80.38
12:49:13 64.29   80.04   67.33   80.26
12:50:16 64.29   80.04   67.44   80.26
12:51:20 64.18   79.93   67.33   80.38
12:52:23 64.18   80.04   67.33   80.38
12:53:26 64.18   80.15   67.44   80.38
12:54:30 64.29   79.93   67.33   80.38
12:55:33 64.29   79.81   67.33   80.26
12:56:36 64.18   79.70   67.33   80.26
12:57:40 64.29   80.04   67.33   80.26
12:58:43 64.29   79.70   67.33   80.26
12:59:46 64.18   79.93   67.33   80.15
13:00:50 64.29   80.15   67.33   80.15
13:01:53 64.29   79.81   67.33   80.15
13:02:56 64.18   79.81   67.33   80.15
13:04:00 64.18   79.93   67.44   80.15
13:05:03 64.29   80.04   67.33   80.26
13:06:06 64.18   79.93   67.33   80.26
13:07:10 64.18   79.93   67.33   80.15
13:08:13 64.18   79.81   67.44   80.15
13:09:16 64.29   79.81   67.44   80.26
13:10:20 64.29   79.93   67.33   80.26
13:11:23 64.29   79.81   67.33   80.38
13:12:26 64.29   79.81   67.33   80.26
13:13:30 64.29   80.15   67.33   80.26
13:14:33 64.29   79.70   67.33   80.38
13:15:36 64.29   79.81   67.33   80.26
13:16:40 64.29   79.93   67.33   80.15
13:17:43 64.18   79.70   67.33   80.15
13:18:47 64.29   79.93   67.33   80.15
13:19:50 64.29   79.81   67.33   80.15
13:20:53 64.18   79.81   67.33   80.26
13:21:57 64.18   79.93   67.33   80.15
13:23:00 64.18   79.81   67.44   80.04
13:24:03 64.29   79.93   67.33   80.04
13:25:07 64.29   79.59   67.33   80.04
13:26:10 64.18   79.81   67.33   80.15
13:27:13 64.18   79.81   67.33   80.04
13:28:17 64.18   79.93   67.33   79.93
13:29:20 64.18   79.70   67.33   79.93
13:30:23 64.18   80.04   67.33   79.93
13:31:27 64.29   79.81   67.33   79.93
13:32:30 64.18   79.81   67.33   79.93
13:33:33 64.29   79.81   67.33   80.04
13:34:37 64.29   79.81   67.33   80.04
13:35:40 64.29   79.93   67.33   80.04
13:36:43 64.29   79.81   67.44   80.04
13:37:47 64.18   79.93   67.44   80.04
13:38:50 64.29   79.93   67.44   79.93
13:39:53 64.29   79.70   67.44   80.04
13:40:57 64.29   79.47   67.44   79.93
13:42:00 64.29   79.81   67.33   80.04
13:43:03 64.29   79.59   67.33   79.93
13:44:07 64.29   79.70   67.44   79.93
13:45:10 64.29   79.93   67.44   79.93
13:46:13 64.29   79.81   67.33   80.04
13:47:17 64.18   79.81   67.33   80.04
13:48:20 64.29   79.81   67.33   79.93
13:49:24 64.29   79.81   67.44   79.81
13:50:27 64.29   79.81   67.44   79.70
13:51:30 64.29   79.70   67.44   79.70
13:52:34 64.29   79.70   67.44   79.81
13:53:37 64.29   79.81   67.44   79.81
13:54:40 64.29   79.93   67.44   79.81
13:55:44 64.29   80.04   67.33   79.93
13:56:47 64.29   79.70   67.44   79.81
13:57:50 64.29   79.81   67.44   79.70
13:58:54 64.29   79.81   67.33   79.70
13:59:57 64.29   79.81   67.44   79.70
14:01:00 64.29   79.59   67.44   79.70
14:02:04 64.29   79.81   67.44   79.59
14:03:07 64.29   79.81   67.33   79.70
14:04:10 64.18   79.93   67.33   79.70
14:05:14 64.18   79.70   67.33   79.70
14:06:17 64.29   79.70   67.33   79.70
14:07:20 64.18   79.70   67.33   79.81
14:08:24 64.29   79.70   67.44   79.70
14:09:27 64.18   79.81   67.44   79.59
14:10:30 64.18   79.59   67.44   79.59
14:11:34 64.18   79.93   67.33   79.70
14:12:37 64.29   79.93   67.33   79.70
14:13:40 64.18   80.04   67.33   79.70
14:14:44 64.18   79.70   67.44   79.59
14:15:47 64.29   79.70   67.44   79.59
14:16:50 64.29   79.59   67.44   79.59
14:17:54 64.29   79.81   67.44   79.59
14:18:57 64.18   79.81   67.44   79.70
14:20:01 64.18   79.93   67.44   79.81
14:21:04 64.18   79.81   67.44   79.81
14:22:07 64.29   80.04   67.44   79.70
14:23:11 64.29   80.04   67.44   79.70
14:24:14 64.29   79.93   67.33   79.59
14:25:17 64.29   79.81   67.33   79.70
14:26:21 64.29   79.93   67.44   79.70
14:27:24 64.29   79.70   67.33   79.59
14:28:27 64.29   79.93   67.44   79.59
14:29:31 64.29   79.93   67.44   79.59
14:30:34 64.29   79.81   67.44   79.59
14:31:37 64.29   79.81   67.44   79.59
14:32:41 64.29   80.04   67.44   79.47
14:33:44 64.29   79.81   67.44   79.59
14:34:47 64.29   80.04   67.44   79.59
14:35:51 64.29   79.93   67.44   79.47
14:36:54 64.29   79.93   67.44   79.59
14:37:57 64.29   79.93   67.21   79.47
14:39:01 64.18   80.04   67.33   79.47
14:40:04 64.29   80.15   67.33   79.36
14:41:07 64.29   80.15   67.21   79.36
14:42:11 64.18   79.93   67.33   79.36
14:43:14 64.18   79.93   67.33   79.47
14:44:17 64.18   79.70   67.33   79.36
14:45:21 64.18   79.93   67.33   79.36
14:46:24 64.18   79.81   67.33   79.25
14:47:27 64.18   79.70   67.33   79.25
14:48:31 64.29   79.81   67.33   79.25
14:49:34 64.18   79.81   67.21   79.14
14:50:37 64.18   79.81   67.21   79.14
14:51:41 64.18   79.59   67.21   79.36
14:52:44 64.18   79.81   67.21   79.36
14:53:48 64.18   79.70   67.33   79.59
14:54:51 64.18   79.81   67.33   79.47
14:55:54 64.18   79.93   67.33   79.47
14:56:58 64.18   79.81   67.21   79.47
14:58:01 64.18   79.93   67.21   79.47
14:59:04 64.29   82.74   67.21   79.47
15:00:08 66.65   121.78   67.10   79.59
15:01:10 68.00   146.30   67.10   80.04
15:02:13 68.68   151.48   67.10   80.83
15:03:16 69.12   142.70   67.21   81.50
15:04:19 69.69   151.70   67.33   82.06
15:05:22 70.14   156.54   67.33   82.74
15:06:25 70.47   144.39   67.44   83.08
15:07:28 70.70   152.38   67.55   83.53
15:08:31 71.04   158.56   67.66   84.09
15:09:34 71.26   134.49   67.66   84.31
15:10:37 71.26   114.01   67.78   84.20
15:11:40 69.91   115.14   67.89   83.86
15:12:44 68.68   114.35   67.89   83.53
15:13:47 67.89   112.21   67.89   83.30
15:14:50 68.22   120.88   68.00   83.30
15:15:53 70.03   139.44   67.89   83.64
15:16:56 70.47   151.59   67.89   84.31
15:17:59 70.93   156.65   67.89   84.99
15:19:02 71.15   142.93   68.00   85.21
15:20:05 71.38   121.78   68.11   85.55
15:21:08 70.36   119.08   68.22   85.44
15:22:11 69.12   119.41   68.22   85.10
15:23:15 68.22   118.40   68.34   84.76
15:24:18 67.55   118.85   68.22   84.65
15:25:22 68.90   124.03   68.22   84.54
15:26:24 70.25   138.09   68.11   84.88
15:27:27 70.93   150.69   68.22   85.44
15:28:30 71.15   158.34   68.34   86.11
15:29:33 71.49   142.59   68.45   86.68
15:30:36 71.83   119.86   68.45   86.90
15:31:39 71.04   113.67   68.56   86.79
15:32:43 69.58   114.46   68.56   86.34
15:33:46 68.68   114.24   68.56   86.11
15:34:49 68.00   114.91   68.56   85.89
15:35:53 67.44   113.67   68.56   85.78
15:36:56 68.11   120.31   68.56   85.66
15:37:59 70.25   138.54   68.56   85.89
15:39:02 70.93   151.14   68.56   86.56
15:40:05 71.26   158.11   68.56   87.24
15:41:08 71.60   134.71   68.68   87.80
15:42:11 71.38   119.86   68.68   87.80
15:43:14 69.91   120.31   68.79   87.58
15:44:18 68.90   118.06   68.79   87.35
15:45:21 68.22   118.29   68.79   87.12
15:46:24 67.66   118.29   68.90   87.01
15:47:28 67.33   116.94   68.90   86.90
15:48:31 66.99   114.80   68.79   86.68
15:49:34 69.24   126.73   68.79   86.68
15:50:37 70.59   142.03   68.79   87.12
15:51:40 71.15   153.61   68.79   87.69
15:52:43 71.49   144.05   68.90   88.36
15:53:46 71.71   119.86   68.90   88.47
15:54:49 70.47   119.08   69.01   88.25
15:55:53 69.24   118.40   69.01   88.14
15:56:56 68.45   116.26   69.01   87.91
15:57:59 67.89   117.61   69.12   87.80
15:59:03 67.44   115.92   69.01   87.58
16:00:06 67.10   114.80   69.01   87.35
16:01:09 66.99   113.34   69.01   87.35
16:02:13 66.65   111.31   69.01   87.24
16:03:16 66.54   109.17   68.90   87.12
16:04:19 66.43   107.49   69.01   87.12
16:05:23 66.31   105.69   68.90   87.01
16:06:26 66.20   103.78   68.90   87.01
16:07:30 66.09   102.76   69.01   86.90
16:08:33 66.09   101.30   68.90   86.90
16:09:36 65.97   99.84   68.90   86.79
16:10:40 65.97   98.60   68.90   86.79
16:11:43 65.86   97.92   68.90   86.79
16:12:46 65.86   96.80   68.90   86.68
16:13:50 65.75   95.90   68.90   86.45
16:14:53 65.75   94.89   68.79   86.34
16:15:56 65.75   94.33   68.90   86.22
16:17:00 65.75   93.54   68.90   99.50
16:18:03 65.64   92.97   68.90   100.85
16:19:06 65.64   92.19   68.90   99.84
16:20:10 65.64   91.85   68.90   98.71
16:21:13 65.53   91.51   68.90   97.70
16:22:16 65.53   90.95   68.90   96.58
16:23:20 65.53   90.05   68.90   95.90
16:24:23 65.53   89.71   68.90   95.11
16:25:26 65.53   89.49   68.90   94.44
16:26:30 65.41   89.15   68.90   93.99
16:27:33 65.41   88.81   68.90   93.43
16:28:36 65.41   88.47   68.90   92.97
16:29:40 65.41   87.91   68.90   92.64
16:30:43 65.30   87.69   68.90   92.19
16:31:46 65.41   87.35   68.90   91.74
16:32:50 65.41   87.24   68.90   91.51
16:33:53 65.41   87.24   68.90   91.18
16:34:56 65.30   86.79   68.90   90.84
16:36:00 65.30   86.34   68.90   90.50
16:37:03 65.30   86.34   68.79   90.28
16:38:06 65.19   86.22   68.90   90.05
16:39:10 65.19   86.22   68.90   89.83
16:40:13 65.19   85.78   68.79   89.71
16:41:17 65.19   85.66   68.79   89.49
16:42:20 65.19   85.55   68.90   89.26
16:43:23 65.19   85.21   68.79   89.04
16:44:27 65.08   85.10   68.79   88.81
16:45:30 65.08   84.99   68.79   88.70
16:46:33 65.08   84.88   68.90   88.36
16:47:37 65.08   84.88   68.79   88.25
16:48:40 65.08   84.76   68.79   88.03
16:49:43 64.96   84.76   68.79   87.69
16:50:47 64.96   84.65   68.68   87.58
16:51:50 64.96   84.31   68.68   104.34
16:52:53 64.96   84.54   68.68   105.58
16:53:57 64.96   84.54   68.79   104.90
16:55:00 64.96   84.31   68.79   103.89
16:56:03 64.85   84.09   68.68   102.99
16:57:07 64.96   84.31   68.79   102.09
16:58:10 64.85   84.09   68.79   101.30
16:59:13 64.85   83.97   68.79   100.51
17:00:17 64.85   83.97   68.79   99.73
17:01:20 64.85   83.75   68.68   98.83
17:02:23 64.85   83.53   68.68   98.15
17:03:27 64.85   83.75   68.68   97.48
17:04:30 64.85   83.19   68.68   96.91
17:05:33 64.85   83.30   68.68   96.35
17:06:37 64.85   83.53   68.68   95.79
17:07:40 64.74   83.53   68.68   95.34
17:08:43 64.85   83.41   68.68   94.78
17:09:47 64.74   83.19   68.68   94.33
17:10:50 64.74   83.41   68.68   93.88
17:11:54 64.85   83.19   68.68   93.54
17:12:57 64.85   83.08   68.68   93.09
17:14:00 64.85   83.30   68.68   92.86
17:15:04 64.85   82.96   68.68   92.41
17:16:07 64.74   83.08   68.68   92.19
17:17:10 64.74   83.08   68.56   91.74
17:18:14 64.74   82.96   68.68   91.51
17:19:17 64.74   83.08   68.56   91.29
17:20:20 64.74   82.96   68.56   90.95
17:21:24 64.85   82.96   68.56   90.72
17:22:27 64.85   82.96   68.34   90.28
17:23:30 64.85   82.85   68.45   89.94
17:24:34 64.74   82.85   68.45   89.71
17:25:37 64.74   82.85   68.56   89.60
17:26:40 64.85   82.85   68.56   89.26
17:27:44 64.74   82.96   68.56   89.04
17:28:47 64.74   82.74   68.56   88.81
17:29:50 64.74   82.85   68.56   88.47
17:30:54 64.74   82.74   68.56   88.36
17:31:57 64.74   82.51   68.56   88.14
17:33:00 64.74   82.62   68.56   87.91
17:34:04 64.74   82.51   68.45   87.69
17:35:07 64.74   82.29   68.45   87.46
17:36:10 64.74   82.62   68.56   87.24
17:37:14 64.74   82.40   68.56   87.24
17:38:17 64.74   82.51   68.45   87.01
17:39:20 64.74   82.29   68.34   86.90
17:40:24 64.74   82.40   68.45   86.79
17:41:27 64.74   82.29   68.45   86.68
17:42:30 64.74   82.40   68.45   86.56
17:43:34 64.74   82.51   68.45   86.34
17:44:37 64.74   82.40   68.56   88.59
17:45:41 64.74   82.40   68.45   105.69
17:46:44 64.74   82.62   68.34   108.05
17:47:47 64.74   82.06   68.45   108.28
17:48:51 64.74   81.95   68.45   108.28
17:49:54 64.74   82.06   68.45   108.28
17:50:57 64.74   82.62   68.45   109.85
17:52:01 64.74   82.29   68.45   109.74
17:53:04 64.74   82.40   68.45   109.40
17:54:07 64.85   82.51   68.45   108.73
17:55:11 64.85   82.51   68.45   108.05
17:56:14 64.85   82.74   68.45   106.92
17:57:17 64.85   82.51   68.45   107.60
17:58:21 64.96   82.51   68.45   107.38
17:59:24 64.96   82.51   68.34   106.81
18:00:27 64.96   82.40   68.45   106.25
18:01:31 64.96   82.29   68.45   105.58
18:02:34 64.96   82.74   68.45   109.29
18:03:37 64.96   82.62   68.45   109.62
18:04:41 64.96   82.62   68.34   109.06
18:05:44 64.96   82.40   68.45   108.28
18:06:47 64.96   82.51   68.34   107.49
18:07:51 64.96   82.62   68.34   106.70
18:08:54 65.08   82.62   68.45   105.91
18:09:57 64.96   82.51   68.45   105.24
18:11:01 64.96   82.62   68.45   104.56
18:12:04 64.96   82.62   68.45   103.89
18:13:07 64.96   82.51   68.45   113.11
18:14:11 64.96   82.51   68.56   114.01
18:15:14 64.96   82.51   68.45   113.34
18:16:18 64.96   82.62   68.45   112.33
18:17:21 64.96   82.85   68.45   111.20
18:18:24 65.08   82.74   68.45   110.19
18:19:28 65.08   82.85   68.45   115.59
18:20:31 65.08   82.85   68.45   116.04
18:21:34 65.08   82.62   68.34   117.28
18:22:38 65.08   82.74   68.45   116.94
18:23:41 65.08   82.62   68.34   117.73
18:24:44 65.08   82.62   68.34   117.61
18:25:48 65.19   82.62   68.34   116.38
18:26:51 65.08   82.85   68.34   115.03
18:27:54 65.08   82.85   68.34   113.56
18:28:58 65.08   82.85   68.34   112.21
18:30:01 65.19   82.85   68.34   118.74
18:31:04 65.08   82.74   68.34   120.09
18:32:08 65.08   82.62   68.34   119.19
18:33:11 65.19   82.85   68.22   117.73
18:34:14 65.08   82.85   68.22   116.15
18:35:18 65.08   82.96   68.34   114.58
18:36:21 64.96   82.62   68.34   113.23
18:37:24 64.96   82.74   68.34   111.76
18:38:28 64.96   82.51   68.34   110.64
18:39:31 64.96   82.62   68.34   109.40
18:40:34 64.85   82.51   68.34   108.28
18:41:38 64.85   82.62   68.34   107.38
18:42:41 64.85   82.62   68.22   106.59
18:43:44 64.85   82.62   68.22   105.80
18:44:48 64.85   82.85   68.22   104.90
18:45:51 64.85   82.40   68.11   104.11
18:46:55 64.85   82.74   68.00   103.33
18:47:58 64.85   82.96   68.11   102.65
18:49:01 64.85   82.62   68.22   102.09
18:50:05 64.85   82.74   68.22   101.53
18:51:08 64.85   82.62   68.34   100.85
18:52:11 64.74   82.62   68.34   102.20
18:53:15 64.85   82.85   68.34   101.75
18:54:18 64.74   82.74   68.45   101.08
18:55:21 64.74   82.96   68.34   100.51
18:56:25 64.74   83.08   68.45   99.95
18:57:28 64.74   82.96   68.45   99.39
18:58:31 64.74   82.85   68.45   98.71
18:59:35 64.74   82.85   68.56   98.26
19:00:38 64.74   83.19   68.56   97.81
19:01:41 64.74   83.08   68.56   97.36
19:02:45 64.74   83.08   68.56   96.80
19:03:48 64.74   83.08   68.56   96.35
19:04:51 64.74   82.85   68.56   95.90
19:05:55 64.74   83.19   68.45   95.56
19:06:58 64.74   83.08   68.45   95.11
19:08:01 64.74   83.19   68.45   94.55
19:09:05 64.74   82.96   68.45   94.10
19:10:08 64.74   82.96   68.56   93.65
19:11:11 64.74   82.74   68.56   101.53
19:12:15 64.74   82.85   68.45   110.41
19:13:18 64.74   82.85   68.56   112.33
19:14:21 64.74   82.96   68.56   113.67
19:15:25 64.74   82.85   68.56   113.00
19:16:28 64.74   83.08   68.45   113.56
19:17:31 64.74   82.85   68.56   112.66
19:18:35 64.74   82.85   68.45   113.23
19:19:38 64.74   82.74   68.45   112.66
19:20:42 64.74   82.96   68.56   111.76
19:21:45 64.74   82.62   68.56   110.64
19:22:48 64.74   82.62   68.45   109.29
19:23:52 64.74   82.85   68.56   108.05
19:24:55 64.74   82.62   68.56   106.81
19:25:58 64.74   82.62   68.56   105.58
19:27:02 64.74   82.51   68.45   104.56
19:28:05 64.74   82.51   68.34   103.44
19:29:08 64.74   82.74   68.45   105.12
19:30:12 64.74   82.51   68.45   109.29
19:31:15 64.74   82.40   68.45   109.06
19:32:18 64.74   82.40   68.56   108.28
19:33:22 64.74   82.40   68.45   107.49
19:34:25 64.74   82.40   68.45   106.59
19:35:28 64.74   82.40   68.45   105.69
19:36:32 64.74   82.29   68.45   104.79
19:37:35 64.74   82.74   68.45   104.00
19:38:38 64.74   82.51   68.45   103.10
19:39:42 64.74   82.29   68.56   102.20
19:40:45 64.62   82.29   68.56   101.53
19:41:48 64.74   82.29   68.56   100.74
19:42:52 64.62   82.51   68.56   100.06
19:43:55 64.62   82.29   68.45   99.39
19:44:58 64.74   82.51   68.56   98.71
19:46:02 64.74   82.29   68.56   98.04
19:47:05 64.62   82.29   68.45   97.36
19:48:08 64.62   82.18   68.56   96.91
19:49:12 64.62   82.06   68.45   96.35
19:50:15 64.62   82.18   68.45   95.90
19:51:19 64.62   82.29   68.56   95.45
19:52:22 64.62   82.29   68.56   94.89
19:53:25 64.62   82.18   68.45   94.44
19:54:29 64.62   82.29   68.45   93.99
19:55:32 64.62   82.29   68.56   93.65
19:56:35 64.62   82.18   68.56   93.20
19:57:39 64.62   81.84   68.56   92.97
19:58:42 64.62   82.18   68.56   92.64
19:59:45 64.62   82.29   68.56   92.19
20:00:49 64.62   82.06   68.68   91.85
20:01:52 64.62   82.06   68.68   91.51
20:02:55 64.62   82.06   68.68   91.18
20:03:59 64.62   82.29   68.45   90.84
20:05:02 64.62   81.84   68.56   90.50
20:06:05 64.62   82.29   68.56   90.28
20:07:09 64.62   82.06   68.56   90.05
20:08:12 64.62   81.95   68.56   89.71
20:09:15 64.62   82.18   68.68   89.38
20:10:19 64.51   82.18   68.68   89.15
20:11:22 64.51   82.06   68.68   88.81
20:12:25 64.51   81.95   68.68   88.59
20:13:29 64.51   81.84   68.68   88.47
20:14:32 64.51   81.95   68.56   88.36
20:15:35 64.51   81.72   68.68   88.14
20:16:39 64.51   81.84   68.68   87.91
20:17:42 64.51   81.61   68.68   87.58
20:18:45 64.51   81.61   68.79   87.46
20:19:49 64.51   82.06   68.79   87.12
20:20:52 64.51   81.72   68.79   87.01
20:21:55 64.51   81.72   68.79   86.79
20:22:59 64.51   81.95   68.79   86.68
20:24:02 64.51   81.84   68.90   86.56
20:25:06 64.51   81.95   68.79   86.22
20:26:09 64.51   81.84   68.79   86.11
20:27:12 64.51   82.06   68.79   86.00
20:28:16 64.51   82.06   68.90   85.89
20:29:19 64.51   82.06   68.90   85.78
20:30:22 64.51   81.95   68.90   85.66
20:31:26 64.51   81.95   68.90   85.44
20:32:29 64.51   81.72   68.90   85.21
20:33:32 64.51   81.84   68.90   84.99
20:34:36 64.51   81.84   69.01   84.99
20:35:39 64.51   82.06   69.01   84.76
20:36:42 64.51   82.18   68.90   84.65
20:37:46 64.51   82.06   69.01   84.54
20:38:49 64.51   82.06   68.90   84.54
20:39:52 64.62   81.72   68.90   84.54
20:40:56 64.51   81.84   69.01   84.31
20:41:59 64.62   81.61   69.01   84.20
20:43:02 64.51   81.84   69.01   84.20
20:44:06 64.51   81.84   69.01   84.09
20:45:09 64.51   81.72   69.01   84.09
20:46:12 64.51   81.95   68.90   83.97
20:47:16 64.62   81.95   68.90   83.86
20:48:19 64.62   82.29   68.90   101.75
20:49:22 64.62   81.95   68.90   106.36
20:50:26 64.51   81.95   68.79   107.83
20:51:29 64.62   81.95   68.79   108.50
20:52:32 64.62   82.18   68.79   108.84
20:53:36 64.62   82.18   68.79   108.61
20:54:39 64.62   81.95   68.79   108.61
20:55:42 64.62   81.95   68.79   108.28
20:56:46 64.62   81.95   68.90   107.94
20:57:49 64.62   82.18   68.90   107.60
20:58:52 64.62   82.18   68.90   107.15
20:59:56 64.62   82.29   68.90   106.48
21:00:59 64.62   82.06   68.79   105.80
21:02:03 64.62   82.29   68.79   105.12
21:03:06 64.62   82.29   68.79   104.45
21:04:09 64.62   82.29   68.90   103.66
21:05:13 64.62   82.29   68.90   103.10
21:06:16 64.74   82.29   68.90   102.31
21:07:19 64.74   82.29   68.90   101.75
21:08:23 64.62   82.06   68.90   101.08
21:09:26 64.74   82.18   68.90   100.51
21:10:29 64.74   82.29   68.90   99.84
21:11:33 64.74   82.06   68.90   99.39
21:12:36 64.74   82.06   68.90   98.94
21:13:39 64.74   82.18   68.90   98.49
21:14:43 64.74   82.06   68.90   98.04
21:15:46 64.74   82.18   68.90   97.59
21:16:49 64.74   82.40   68.90   97.25
21:17:53 64.74   82.06   68.90   96.80
21:18:56 64.74   82.06   68.90   96.46
21:19:59 64.85   82.06   68.90   96.12
21:21:03 64.85   82.18   68.90   95.79
21:22:06 64.85   82.06   68.90   95.45
21:23:09 64.85   82.18   68.90   95.22
21:24:13 64.85   82.06   68.90   94.89
21:25:16 64.85   82.18   68.90   94.66
21:26:19 64.85   81.95   68.90   94.44
21:27:23 64.96   81.84   68.90   93.99
21:28:26 64.85   81.84   69.01   93.76
21:29:29 64.85   81.95   68.90   93.54
21:30:33 64.85   81.95   69.01   93.31
21:31:36 64.85   82.06   69.01   92.97
21:32:39 64.85   82.18   69.01   92.75
21:33:43 64.85   82.06   69.01   92.53
21:34:46 64.85   81.95   69.01   92.30
21:35:50 64.85   82.06   69.01   92.08
21:36:53 64.85   82.18   69.01   91.85
21:37:56 64.85   81.95   69.01   91.51
21:39:00 64.85   82.06   69.01   91.40
21:40:03 64.85   81.95   69.01   91.29
21:41:06 64.85   81.84   69.01   91.06
21:42:10 64.85   81.72   69.01   90.84
21:43:13 64.85   81.95   69.01   90.61
21:44:16 64.85   81.95   69.01   90.39
21:45:20 64.85   82.06   69.01   90.16
21:46:23 64.85   82.06   69.01   93.54
21:47:26 64.85   81.95   69.01   104.11
21:48:30 64.85   82.18   69.01   103.21
21:49:33 64.85   81.95   69.12   101.98
21:50:36 64.85   82.18   69.01   100.51
21:51:40 64.85   81.72   69.01   99.39
21:52:43 64.74   81.61   69.01   98.49
21:53:46 64.85   81.95   69.01   97.70
21:54:50 64.85   81.84   69.12   97.14
21:55:53 64.85   81.72   69.12   96.24
21:56:56 64.85   81.84   69.12   95.68
21:58:00 64.85   81.95   69.12   95.34
21:59:03 64.85   81.72   69.12   94.78
22:00:06 64.85   81.72   69.12   94.33
22:01:10 64.74   81.61   69.12   93.88
22:02:13 64.85   81.72   69.12   93.31
22:03:16 64.85   81.50   69.12   92.86
22:04:20 64.74   81.50   69.12   92.41
22:05:23 64.85   81.72   69.12   92.19
22:06:26 64.74   81.50   69.12   91.62
22:07:30 64.74   81.84   69.12   91.40
22:08:33 64.74   81.50   69.12   91.06
22:09:37 64.74   81.72   69.12   90.84
22:10:40 64.85   81.84   69.12   90.61
22:11:43 64.74   81.72   69.12   90.28
22:12:47 64.85   81.84   69.12   90.05
22:13:50 64.74   81.95   69.12   89.71
22:14:53 64.74   81.84   69.12   89.49
22:15:57 64.74   81.61   69.12   89.26
22:17:00 64.74   81.61   69.12   89.15
22:18:03 64.74   81.72   69.12   88.93
22:19:07 64.85   81.72   69.12   88.81
22:20:10 64.74   81.61   69.12   88.59
22:21:13 64.74   81.72   69.12   88.47
22:22:17 64.74   81.50   69.12   88.25
22:23:20 64.74   81.84   69.12   97.48
22:24:23 64.85   81.72   69.12   112.33
22:25:27 64.85   81.84   69.01   113.79
22:26:30 64.85   81.50   69.12   112.33
22:27:33 64.74   81.50   69.01   110.75
22:28:37 64.74   81.61   69.12   110.53
22:29:40 64.74   81.61   69.01   110.64
22:30:43 64.74   81.84   69.01   110.64
22:31:47 64.74   81.61   68.90   110.86
22:32:50 64.74   81.72   68.90   110.41
22:33:53 64.85   81.95   69.01   110.75
22:34:57 64.85   81.84   68.90   111.88
22:36:00 64.85   82.06   68.90   112.21
22:37:03 64.96   81.95   68.90   111.65
22:38:07 64.96   81.84   68.90   111.09
22:39:10 65.08   81.84   68.90   110.41
22:40:14 65.08   81.84   68.90   109.85
22:41:17 65.08   81.72   68.90   109.17
22:42:20 65.08   81.95   68.90   108.39
22:43:24 65.19   81.72   68.90   107.71
22:44:27 65.19   82.06   68.90   106.92
22:45:30 65.19   81.95   68.90   106.36
22:46:34 65.19   81.95   68.90   105.69
22:47:37 65.19   82.06   68.90   105.12
22:48:40 65.19   81.84   68.90   104.56
22:49:44 65.19   81.84   68.90   104.00
22:50:47 65.19   81.84   69.01   103.44
22:51:50 65.19   82.06   68.90   102.88
22:52:54 65.30   81.84   69.01   102.42
22:53:57 65.30   81.84   69.01   101.86
22:55:00 65.30   81.95   68.90   101.19
22:56:04 65.30   82.06   68.90   100.62
22:57:07 65.19   81.72   68.90   100.06
22:58:10 65.19   81.95   68.90   99.61
22:59:14 65.19   81.95   68.90   99.16
23:00:17 65.19   81.72   68.90   98.71
23:01:20 65.19   81.61   68.79   98.15
23:02:24 65.19   81.72   68.90   97.81
23:03:27 65.19   81.50   68.79   97.48
23:04:30 65.19   81.50   68.79   97.14
23:05:34 65.08   81.50   68.90   96.80
23:06:37 65.08   81.72   68.79   96.46
23:07:40 65.08   81.61   68.79   96.01
23:08:44 65.08   81.61   68.79   95.68
23:09:47 64.96   81.39   68.90   95.34
23:10:50 65.08   81.72   68.79   95.11
23:11:54 65.08   81.61   68.79   94.78
23:12:57 65.08   81.28   68.79   94.44
23:14:01 65.08   81.39   68.79   94.10
23:15:04 65.08   81.61   68.79   93.88
23:16:07 65.08   81.50   68.79   93.43
23:17:11 65.08   81.50   68.79   93.20
23:18:14 65.08   81.61   68.79   92.86
23:19:17 65.08   81.16   68.79   92.41
23:20:21 64.96   81.28   68.79   92.19
23:21:24 65.08   81.39   68.79   91.96
23:22:27 64.96   81.61   68.79   91.74
23:23:31 64.96   81.61   68.79   91.40
23:24:34 64.96   81.28   68.68   111.65
23:25:37 65.08   81.50   68.79   115.48
23:26:41 65.08   81.28   68.79   116.71
23:27:44 65.08   81.39   68.68   116.26
23:28:47 65.08   81.50   68.79   115.59
23:29:51 65.08   81.39   68.79   114.91
23:30:54 65.08   81.39   68.79   114.12
23:31:57 65.08   81.39   68.79   113.23
23:33:01 65.08   81.50   68.79   112.44
23:34:04 65.08   81.39   68.79   111.54
23:35:07 65.08   81.39   68.79   110.75
23:36:11 65.08   81.39   68.68   109.85
23:37:14 65.08   81.39   68.68   109.06
23:38:17 65.08   81.50   68.79   108.16
23:39:21 65.08   81.28   68.68   107.38
23:40:24 65.08   81.28   68.79   106.81
23:41:27 65.08   81.28   68.79   106.14
23:42:31 65.08   81.39   68.68   105.69
23:43:34 65.08   81.50   68.68   104.90
23:44:38 65.08   81.72   68.68   104.23
23:45:41 65.19   81.50   68.79   103.66
23:46:44 65.19   81.61   68.79   102.99
23:47:48 65.19   81.39   68.68   102.31
23:48:51 65.19   81.50   68.68   101.75
23:49:54 65.19   81.39   68.68   101.08
23:50:58 65.19   81.39   68.68   100.51
23:52:01 65.19   81.39   68.68   99.95
23:53:04 65.19   81.16   68.79   99.50
23:54:08 65.19   81.50   68.79   98.94
23:55:11 65.19   81.50   68.68   98.49
23:56:14 65.19   81.28   68.68   98.15
23:57:18 65.19   81.50   68.68   97.59
23:58:21 65.19   81.84   68.68   97.14
23:59:24 65.19   81.61   68.68   96.58
