 Date  Furn_In  Furn_Out  Bsmnt   Water_Htr
00:00:13 66.76   83.30   70.25   86.79
00:01:16 66.76   83.41   70.25   86.68
00:02:20 66.76   83.75   70.25   86.45
00:03:23 66.76   83.75   70.25   86.45
00:04:26 66.76   83.64   70.25   86.34
00:05:30 66.76   83.75   70.25   86.11
00:06:33 66.76   83.75   70.25   86.00
00:07:36 66.76   83.41   70.25   86.00
00:08:40 66.76   83.53   70.25   86.00
00:09:43 66.76   83.64   70.25   85.89
00:10:46 66.76   83.64   70.25   85.66
00:11:50 66.76   83.64   70.25   85.55
00:12:53 66.76   83.53   70.25   85.44
00:13:56 66.76   83.64   70.25   85.33
00:15:00 66.76   83.53   70.25   85.21
00:16:03 66.76   83.53   70.25   85.10
00:17:06 66.76   83.75   70.25   85.10
00:18:10 66.76   83.53   70.14   85.10
00:19:13 66.76   83.41   70.14   84.88
00:20:16 66.76   83.41   70.14   84.88
00:21:20 66.76   83.64   70.25   84.88
00:22:23 66.76   83.64   70.25   84.99
00:23:27 66.76   83.30   70.25   84.88
00:24:30 66.76   83.41   70.25   84.76
00:25:33 66.76   83.53   70.25   84.76
00:26:37 66.76   83.64   70.25   84.65
00:27:40 66.76   83.30   70.25   84.65
00:28:43 66.76   83.64   70.25   84.65
00:29:47 66.76   83.41   70.25   84.54
00:30:50 66.76   83.41   70.14   84.54
00:31:53 66.76   83.19   70.25   84.43
00:32:57 66.76   83.30   70.25   84.31
00:34:00 66.88   83.53   70.25   84.20
00:35:03 66.76   83.30   70.25   84.20
00:36:07 66.88   83.41   70.25   84.20
00:37:10 66.88   83.53   70.25   84.09
00:38:13 66.88   83.41   70.25   84.09
00:39:17 66.88   83.64   70.25   84.20
00:40:20 66.76   83.53   70.25   84.09
00:41:23 66.76   83.53   70.25   84.09
00:42:27 66.76   83.30   70.25   83.97
00:43:30 66.76   83.19   70.25   83.86
00:44:33 66.76   83.19   70.14   83.75
00:45:37 66.88   83.30   70.25   83.75
00:46:40 66.76   83.53   70.25   83.64
00:47:43 66.76   83.41   70.25   83.64
00:48:47 66.76   83.41   70.25   83.64
00:49:50 66.88   83.53   70.25   83.64
00:50:53 66.76   83.53   70.25   83.64
00:51:57 66.76   83.30   70.25   83.53
00:53:00 66.76   83.41   70.25   83.53
00:54:04 66.76   83.64   70.25   83.41
00:55:07 66.76   83.53   70.25   83.53
00:56:10 66.76   83.86   70.14   83.41
00:57:14 66.88   83.75   70.14   83.19
00:58:17 66.76   83.53   70.14   83.41
00:59:20 66.76   83.53   70.14   83.41
01:00:24 66.76   83.41   70.14   83.30
01:01:27 66.76   83.30   70.14   83.41
01:02:30 66.88   83.30   70.14   83.41
01:03:34 66.88   83.19   70.14   83.41
01:04:37 66.88   83.41   70.14   83.30
01:05:40 66.88   83.19   70.14   83.19
01:06:44 66.76   83.30   70.14   83.19
01:07:47 66.76   83.41   70.14   83.19
01:08:50 66.76   83.53   70.14   83.08
01:09:54 66.88   83.53   70.14   83.08
01:10:57 66.88   83.41   70.25   83.08
01:12:00 66.88   83.41   70.14   83.08
01:13:04 66.88   83.41   70.14   83.08
01:14:07 66.76   83.64   70.14   82.96
01:15:10 66.76   83.64   70.14   82.85
01:16:14 66.76   83.64   70.14   82.74
01:17:17 66.88   83.53   70.25   82.85
01:18:20 66.88   83.64   70.14   82.85
01:19:24 66.88   83.30   70.14   82.85
01:20:27 66.76   83.08   70.14   82.85
01:21:30 66.76   83.30   70.14   82.85
01:22:34 66.88   83.41   70.14   82.85
01:23:37 66.88   83.53   70.14   82.74
01:24:40 66.88   83.53   70.14   82.74
01:25:44 66.88   83.41   70.14   82.74
01:26:47 66.76   83.19   70.14   82.74
01:27:51 66.88   83.53   70.14   82.62
01:28:54 66.88   83.30   70.14   82.62
01:29:57 66.76   83.64   70.14   82.62
01:31:01 66.88   83.41   70.14   82.62
01:32:04 66.76   83.41   70.14   82.51
01:33:07 66.76   83.19   70.14   82.51
01:34:11 66.88   83.19   70.14   82.40
01:35:14 66.88   83.30   70.14   82.51
01:36:17 66.88   83.19   70.14   82.51
01:37:21 66.88   83.41   70.14   82.51
01:38:24 66.88   83.53   70.14   82.62
01:39:27 66.88   83.53   70.14   82.62
01:40:31 66.76   83.41   70.14   82.51
01:41:34 66.76   83.30   70.14   82.62
01:42:37 66.76   83.19   70.14   82.51
01:43:41 66.76   83.53   70.14   82.51
01:44:44 66.88   83.19   70.14   82.62
01:45:47 66.88   83.19   70.14   82.62
01:46:51 66.88   83.08   70.14   82.62
01:47:54 66.88   83.53   70.14   82.62
01:48:57 66.88   83.08   70.14   82.62
01:50:01 66.88   83.08   70.14   82.62
01:51:04 66.88   83.30   70.14   82.51
01:52:07 66.88   83.30   70.14   82.40
01:53:11 66.88   83.08   70.14   82.40
01:54:14 66.88   83.19   70.14   82.40
01:55:17 66.88   83.19   70.14   82.40
01:56:21 66.88   83.30   70.14   82.51
01:57:24 66.88   83.41   70.14   82.51
01:58:28 66.88   83.30   70.14   82.40
01:59:31 66.88   83.53   70.14   82.29
02:00:34 66.88   83.19   70.14   82.40
02:01:38 66.88   83.19   70.14   82.40
02:02:41 66.76   83.19   70.14   82.40
02:03:44 66.88   83.30   70.14   82.51
02:04:48 66.88   83.30   70.14   82.40
02:05:51 66.76   83.30   70.14   82.40
02:06:54 66.88   83.19   70.14   82.29
02:07:58 66.88   83.19   70.14   82.29
02:09:01 66.88   83.19   70.14   82.29
02:10:04 66.88   83.30   70.14   82.18
02:11:08 66.88   83.08   70.03   82.29
02:12:11 66.88   83.19   70.14   82.29
02:13:14 66.88   83.41   70.14   82.29
02:14:18 66.88   83.53   70.14   82.29
02:15:21 66.76   83.41   70.03   82.29
02:16:24 66.88   83.19   70.03   82.40
02:17:28 66.76   83.30   70.14   82.29
02:18:31 66.88   83.41   70.14   82.40
02:19:34 66.76   83.41   70.03   82.40
02:20:38 66.76   83.30   70.14   82.40
02:21:41 66.88   82.85   70.14   82.40
02:22:44 66.88   83.08   70.14   82.40
02:23:48 66.88   82.85   70.03   82.40
02:24:51 66.88   82.96   70.03   82.29
02:25:54 66.88   83.08   70.14   82.29
02:26:58 66.76   83.30   70.14   82.18
02:28:01 66.76   82.96   70.14   82.29
02:29:04 66.88   82.85   70.03   82.29
02:30:08 66.76   82.96   70.03   82.18
02:31:11 66.88   82.85   70.03   82.06
02:32:15 66.76   82.85   70.03   82.06
02:33:18 66.76   82.96   70.03   82.06
02:34:21 66.76   83.08   70.03   81.95
02:35:25 66.76   83.08   70.03   81.95
02:36:28 66.88   83.08   70.03   81.84
02:37:31 66.88   83.08   70.03   81.95
02:38:35 66.88   83.08   70.03   81.84
02:39:38 66.76   83.19   70.03   82.06
02:40:41 66.76   83.30   70.03   82.06
02:41:45 66.76   83.19   70.03   81.95
02:42:48 66.88   82.85   70.03   82.06
02:43:51 66.88   82.74   70.03   82.06
02:44:55 66.76   83.19   70.03   82.06
02:45:58 66.88   83.19   70.03   82.06
02:47:01 66.76   83.08   70.03   82.06
02:48:05 66.88   83.30   70.03   82.06
02:49:08 66.76   83.08   70.03   82.06
02:50:11 66.76   83.19   70.03   82.06
02:51:15 66.88   82.85   70.03   81.95
02:52:18 66.76   82.96   70.03   82.06
02:53:21 66.76   83.08   70.03   81.95
02:54:25 66.76   82.85   70.03   81.84
02:55:28 66.76   83.08   70.03   81.84
02:56:31 66.88   82.85   69.91   81.84
02:57:35 66.76   83.08   70.03   81.84
02:58:38 66.76   83.08   70.03   81.84
02:59:41 66.76   82.62   69.91   81.95
03:00:45 66.76   82.96   70.03   81.95
03:01:48 66.88   82.96   70.03   81.84
03:02:51 66.88   82.96   70.03   81.95
03:03:55 66.88   82.96   70.03   81.84
03:04:58 66.88   82.74   70.03   81.72
03:06:01 66.88   82.85   70.03   81.61
03:07:05 66.88   82.85   69.91   81.72
03:08:08 66.88   82.85   70.03   81.72
03:09:12 66.88   82.74   69.91   81.72
03:10:15 66.88   82.96   70.03   81.72
03:11:18 66.88   83.19   69.91   81.72
03:12:22 66.88   82.96   69.91   81.84
03:13:25 66.88   82.96   69.91   81.84
03:14:28 66.88   83.08   69.91   81.95
03:15:32 66.88   83.08   69.91   81.95
03:16:35 66.88   83.19   69.91   81.84
03:17:38 66.88   82.85   69.91   81.95
03:18:42 66.88   82.96   69.91   81.84
03:19:45 66.88   83.19   69.91   81.84
03:20:48 66.88   83.08   69.91   81.84
03:21:52 66.88   82.96   69.91   81.95
03:22:55 66.88   82.96   69.91   81.95
03:23:58 66.99   82.85   69.91   81.95
03:25:02 66.88   82.96   69.91   82.06
03:26:05 66.88   82.96   69.91   81.95
03:27:08 66.88   82.74   69.91   81.95
03:28:12 66.88   82.85   69.91   81.84
03:29:15 66.88   83.08   69.91   81.84
03:30:18 66.88   82.85   69.91   81.84
03:31:22 66.88   83.08   69.91   81.61
03:32:25 66.88   82.85   69.91   81.61
03:33:28 66.88   82.85   69.91   81.61
03:34:32 66.76   82.96   69.80   81.72
03:35:35 66.88   82.74   69.91   81.61
03:36:38 66.88   82.96   69.91   81.72
03:37:42 66.76   82.85   69.91   81.72
03:38:45 66.88   82.51   69.91   81.72
03:39:48 66.88   82.74   69.80   81.84
03:40:52 66.76   82.96   69.91   81.72
03:41:55 66.76   82.85   69.80   81.72
03:42:59 66.76   82.85   69.80   81.72
03:44:02 66.76   82.96   69.80   81.84
03:45:05 66.76   82.62   69.80   81.72
03:46:09 66.76   83.08   69.80   81.84
03:47:12 66.76   82.85   69.80   81.72
03:48:15 66.76   82.62   69.80   81.61
03:49:19 66.76   82.62   69.80   81.50
03:50:22 66.76   82.51   69.80   81.50
03:51:25 66.76   82.74   69.80   81.61
03:52:29 66.76   82.51   69.80   81.39
03:53:32 66.76   82.85   69.80   81.39
03:54:35 66.76   82.74   69.80   81.39
03:55:39 66.76   82.85   69.80   81.50
03:56:42 66.76   82.85   69.80   81.50
03:57:45 66.76   82.62   69.80   81.50
03:58:49 66.76   82.62   69.80   81.50
03:59:52 66.76   82.74   69.80   81.61
04:00:55 66.76   82.74   69.80   81.61
04:01:59 66.76   82.96   69.80   81.61
04:03:02 66.76   82.74   69.80   81.61
04:04:05 66.76   82.74   69.80   81.61
04:05:09 66.76   82.85   69.80   81.50
04:06:12 66.76   82.74   69.80   81.50
04:07:15 66.76   82.51   69.80   81.50
04:08:19 66.76   82.62   69.80   81.61
04:09:22 66.76   82.74   69.80   81.50
04:10:25 66.76   82.74   69.69   81.61
04:11:29 66.76   82.74   69.80   81.50
04:12:32 66.65   82.74   69.80   81.61
04:13:36 66.76   82.51   69.69   81.50
04:14:39 66.76   82.62   69.80   81.50
04:15:42 66.76   82.51   69.69   81.50
04:16:46 66.76   82.51   69.69   81.61
04:17:49 66.76   82.74   69.69   81.61
04:18:52 66.65   82.51   69.69   81.50
04:19:56 66.76   82.85   69.69   81.50
04:20:59 66.76   82.62   69.69   81.50
04:22:02 66.65   82.96   69.69   81.50
04:23:06 66.76   82.62   69.69   81.50
04:24:09 66.76   82.51   69.69   81.50
04:25:12 66.76   82.62   69.69   81.50
04:26:16 66.65   82.40   69.80   81.50
04:27:19 66.76   82.74   69.69   81.50
04:28:22 66.76   82.62   69.69   81.50
04:29:26 66.65   82.74   69.69   81.50
04:30:29 66.65   82.74   69.69   81.50
04:31:32 66.65   82.40   69.69   81.61
04:32:36 66.65   82.51   69.69   81.50
04:33:39 66.76   82.51   69.69   81.39
04:34:42 66.65   82.29   69.69   81.50
04:35:46 66.65   82.18   69.69   81.50
04:36:49 66.65   82.29   69.69   81.50
04:37:52 66.65   82.40   69.69   81.39
04:38:56 66.65   82.40   69.69   81.39
04:39:59 66.65   82.40   69.69   81.39
04:41:02 66.65   82.51   69.69   81.39
04:42:06 66.65   82.29   69.69   81.50
04:43:09 66.65   82.62   69.69   81.50
04:44:12 66.65   82.40   69.69   81.39
04:45:16 66.65   82.62   69.69   81.39
04:46:19 66.65   82.51   69.69   81.50
04:47:23 66.65   82.51   69.58   81.39
04:48:26 66.65   82.18   69.58   81.39
04:49:29 66.76   82.74   69.69   81.39
04:50:33 66.65   82.40   69.58   81.39
04:51:36 66.65   82.40   69.58   81.28
04:52:39 66.65   82.29   69.58   81.39
04:53:43 66.65   82.40   69.58   81.39
04:54:46 66.65   82.51   69.58   81.28
04:55:49 66.76   82.29   69.58   81.39
04:56:53 66.65   82.40   69.58   81.28
04:57:56 66.65   82.62   69.58   81.28
04:58:59 66.65   82.29   69.58   81.28
05:00:03 66.65   82.51   69.58   81.39
05:01:06 66.65   82.74   69.58   81.28
05:02:09 66.65   82.29   69.58   81.50
05:03:13 66.65   82.18   69.58   81.50
05:04:16 66.65   82.06   69.58   81.50
05:05:19 66.65   82.51   69.58   81.50
05:06:23 66.65   82.51   69.58   81.50
05:07:26 66.65   82.74   69.58   81.39
05:08:29 67.66   102.09   69.58   81.39
05:09:32 69.69   139.66   69.58   81.72
05:10:35 70.47   152.26   69.58   82.51
05:11:38 70.93   158.56   69.69   101.30
05:12:41 71.38   148.44   69.69   107.04
05:13:44 71.71   148.89   69.80   108.73
05:14:47 72.16   156.54   69.91   109.51
05:15:50 72.50   162.05   70.03   110.30
05:16:53 72.84   148.66   70.14   110.86
05:17:56 73.06   151.48   70.25   111.20
05:18:58 73.29   156.54   70.36   111.20
05:20:01 73.51   132.35   70.47   112.21
05:21:05 73.51   115.14   70.59   112.33
05:22:08 72.28   117.16   70.70   112.21
05:23:11 71.26   118.51   70.81   112.44
05:24:15 70.59   116.60   70.81   111.99
05:25:18 72.16   133.59   70.93   111.42
05:26:21 72.84   147.43   70.93   111.09
05:27:23 73.18   156.20   71.04   110.98
05:28:26 73.40   161.83   71.04   110.86
05:29:29 73.62   154.96   71.15   110.53
05:30:32 73.85   126.05   71.26   114.12
05:31:35 73.06   123.69   71.38   113.79
05:32:38 71.94   124.36   71.38   112.89
05:33:41 71.04   123.80   71.49   111.99
05:34:45 70.59   123.24   71.49   111.09
05:35:47 72.72   136.06   71.60   110.53
05:36:50 73.29   148.55   71.60   110.30
05:37:53 73.62   156.99   71.60   110.19
05:38:56 73.85   159.01   71.71   110.08
05:39:59 74.08   132.69   71.71   109.74
05:41:02 73.74   122.56   71.83   109.17
05:42:05 72.39   123.46   71.94   108.39
05:43:08 71.49   124.59   71.94   107.60
05:44:12 70.93   120.65   72.05   106.81
05:45:15 70.36   121.10   72.05   106.25
05:46:18 71.38   126.39   72.05   105.80
05:47:21 72.95   140.00   72.05   105.58
05:48:24 73.51   151.48   72.05   113.67
05:49:27 73.85   155.41   72.05   118.29
05:50:30 74.19   129.76   72.16   118.74
05:51:33 74.08   113.79   72.16   117.73
05:52:36 72.72   115.25   72.28   116.26
05:53:40 71.83   116.60   72.28   114.80
05:54:43 71.15   115.59   72.39   113.79
05:55:46 70.59   113.34   72.39   112.55
05:56:50 70.25   114.46   72.39   111.54
05:57:53 69.91   112.89   72.39   110.64
05:58:56 69.69   111.54   72.39   109.74
06:00:00 69.46   109.74   72.39   115.14
06:01:03 69.35   107.94   72.39   114.80
06:02:06 69.24   106.48   72.28   113.56
06:03:10 69.12   105.24   72.28   112.66
06:04:13 69.01   103.66   72.28   111.54
06:05:16 68.90   103.66   72.16   110.64
06:06:20 71.38   128.30   72.16   109.62
06:07:23 72.50   146.07   72.16   109.29
06:08:25 72.95   147.09   72.16   109.06
06:09:28 73.40   121.21   72.28   108.73
06:10:32 73.06   113.90   72.28   108.05
06:11:35 71.94   115.14   72.28   107.38
06:12:38 71.04   114.46   72.28   106.59
06:13:42 70.47   113.23   72.28   105.91
06:14:45 70.14   113.67   72.28   105.24
06:15:49 69.80   112.21   72.39   104.67
06:16:52 69.58   110.86   72.39   104.11
06:17:55 69.46   109.51   72.28   103.55
06:18:59 69.24   107.94   72.28   102.99
06:20:02 69.12   106.25   72.28   102.54
06:21:05 69.01   104.90   72.28   102.09
06:22:09 68.90   103.89   72.28   101.64
06:23:12 68.90   102.20   72.16   101.30
06:24:15 68.79   101.19   72.16   100.85
06:25:19 68.79   99.84   72.16   100.51
06:26:22 68.68   98.71   72.16   100.06
06:27:25 68.56   97.92   72.05   99.73
06:28:29 68.56   97.36   72.05   99.28
06:29:32 68.56   96.46   72.05   98.94
06:30:35 68.56   95.79   72.05   98.49
06:31:39 68.45   95.11   72.05   98.26
06:32:42 68.45   94.33   71.94   98.04
06:33:45 68.45   93.88   71.94   97.70
06:34:49 68.45   93.31   71.94   97.48
06:35:52 68.45   92.97   71.94   97.03
06:36:55 68.45   92.53   71.94   96.91
06:37:59 68.34   92.19   71.94   96.58
06:39:02 68.45   91.85   71.83   96.35
06:40:05 68.34   91.51   71.83   96.12
06:41:09 68.34   90.84   71.83   95.90
06:42:12 68.34   90.50   71.83   95.56
06:43:15 68.34   90.28   71.83   95.22
06:44:19 68.34   90.28   71.83   95.11
06:45:22 68.34   90.28   71.83   94.78
06:46:25 68.34   89.71   71.83   94.55
06:47:29 68.34   89.49   71.71   94.44
06:48:32 68.34   89.26   71.71   94.10
06:49:36 68.22   89.15   71.71   93.99
06:50:39 68.22   89.04   71.71   93.76
06:51:42 68.22   88.93   71.71   93.65
06:52:46 68.22   88.25   71.60   93.43
06:53:49 68.22   88.47   71.60   93.20
06:54:52 68.22   88.36   71.60   92.97
06:55:56 68.22   88.25   71.60   92.86
06:56:59 68.11   88.03   71.60   92.64
06:58:02 68.11   87.91   71.49   92.53
06:59:06 68.11   87.80   71.49   92.30
07:00:09 68.11   87.91   71.49   92.08
07:01:12 68.11   87.91   71.49   91.96
07:02:16 68.11   87.69   71.49   91.85
07:03:19 68.11   87.58   71.49   91.62
07:04:22 68.11   87.35   71.49   91.40
07:05:26 68.11   87.35   71.49   91.29
07:06:29 68.11   87.01   71.38   91.18
07:07:32 68.11   86.90   71.38   90.95
07:08:36 68.00   86.79   71.38   90.84
07:09:39 68.11   87.01   71.38   90.72
07:10:42 68.00   87.12   71.38   90.72
07:11:46 68.00   86.68   71.38   90.61
07:12:49 68.00   86.90   71.38   90.39
07:13:52 68.00   86.79   71.26   90.16
07:14:56 68.00   86.34   71.26   90.05
07:15:59 68.00   86.45   71.26   89.94
07:17:02 68.00   86.45   71.26   89.83
07:18:06 68.00   86.34   71.26   89.60
07:19:09 68.00   86.11   71.26   92.19
07:20:12 68.00   86.11   71.26   110.30
07:21:16 68.00   86.34   71.26   111.99
07:22:19 67.89   86.22   71.26   112.10
07:23:23 68.00   86.34   71.26   112.10
07:24:26 68.00   86.22   71.15   112.10
07:25:29 68.00   86.34   71.15   112.21
07:26:33 68.00   86.45   71.15   112.21
07:27:36 68.00   86.56   71.15   111.99
07:28:39 67.89   86.34   71.15   111.65
07:29:43 67.89   85.89   71.15   111.20
07:30:46 67.89   86.11   71.15   110.64
07:31:49 67.89   86.34   71.15   109.85
07:32:53 67.89   86.34   71.04   109.29
07:33:56 68.00   86.11   71.04   108.61
07:34:59 67.89   86.11   71.04   111.76
07:36:03 67.89   86.11   71.04   112.33
07:37:06 67.89   86.11   71.04   112.78
07:38:09 67.89   86.00   71.04   112.21
07:39:13 67.89   86.22   71.04   111.42
07:40:16 67.89   86.00   71.04   110.53
07:41:19 67.89   86.00   70.93   109.74
07:42:23 67.89   85.89   71.04   108.95
07:43:26 68.00   85.78   70.93   108.16
07:44:29 67.89   85.44   70.93   107.38
07:45:33 68.00   85.55   70.93   106.70
07:46:36 68.00   85.44   70.93   106.03
07:47:39 68.00   85.66   70.93   105.35
07:48:43 67.89   85.78   70.93   104.67
07:49:46 67.89   85.55   70.93   104.23
07:50:49 67.89   85.66   70.93   103.66
07:51:53 67.89   85.55   70.93   103.21
07:52:56 68.00   85.55   70.81   102.76
07:53:59 68.00   85.44   70.81   102.42
07:55:03 68.00   85.44   70.81   101.98
07:56:06 68.00   85.44   70.81   101.64
07:57:10 67.89   85.44   70.81   101.19
07:58:13 67.89   85.33   70.81   100.85
07:59:16 67.89   85.33   70.81   100.62
08:00:20 68.00   85.44   70.81   100.17
08:01:23 68.00   85.21   70.81   99.73
08:02:26 68.00   85.55   70.81   99.16
08:03:30 67.89   85.44   70.81   98.83
08:04:33 67.89   85.44   70.81   98.49
08:05:36 67.89   85.33   70.81   98.26
08:06:40 67.78   84.99   70.81   97.92
08:07:43 67.78   84.99   70.81   97.59
08:08:46 67.66   85.21   70.70   97.25
08:09:50 67.66   85.10   70.81   97.03
08:10:53 67.44   84.76   70.70   96.80
08:11:56 67.44   85.10   70.70   96.58
08:13:00 67.44   85.10   70.70   96.24
08:14:03 67.44   85.21   70.70   96.01
08:15:06 67.44   84.88   70.70   95.68
08:16:10 67.44   85.10   70.70   95.45
08:17:13 67.33   84.99   70.59   95.22
08:18:16 67.33   84.99   70.59   95.00
08:19:20 67.33   84.76   70.59   94.78
08:20:23 67.33   84.88   70.59   94.44
08:21:26 67.33   84.88   70.59   94.21
08:22:30 67.33   84.76   70.59   93.99
08:23:33 67.21   84.65   70.59   93.76
08:24:36 67.21   84.54   70.59   93.65
08:25:40 67.33   84.54   70.59   93.43
08:26:43 67.21   84.65   70.59   93.20
08:27:47 67.21   84.76   70.47   92.97
08:28:50 67.33   84.76   70.47   92.64
08:29:53 67.33   84.65   70.47   92.53
08:30:57 67.21   84.54   70.47   92.41
08:32:00 67.21   84.65   70.47   92.19
08:33:03 67.21   84.65   70.36   91.85
08:34:07 67.21   84.54   70.36   91.74
08:35:10 67.21   84.65   70.36   91.62
08:36:13 67.21   84.76   70.36   91.40
08:37:17 67.21   84.65   70.36   91.18
08:38:20 67.21   84.65   70.36   90.95
08:39:23 67.21   84.54   70.36   90.84
08:40:27 67.21   84.65   70.36   90.84
08:41:30 67.21   84.43   70.36   90.72
08:42:33 67.21   84.31   70.25   90.50
08:43:37 67.21   84.54   70.25   90.50
08:44:40 67.21   84.54   70.25   90.39
08:45:43 67.21   84.31   70.25   90.16
08:46:47 67.21   84.43   70.25   89.94
08:47:50 67.21   84.43   70.25   89.94
08:48:53 67.21   84.31   70.25   89.83
08:49:57 67.21   84.65   70.25   89.71
08:51:00 67.21   84.43   70.25   89.60
08:52:03 67.10   84.31   70.25   89.38
08:53:07 67.21   84.09   70.25   89.15
08:54:10 67.21   84.09   70.14   89.26
08:55:13 67.21   84.20   70.14   89.04
08:56:17 67.21   84.09   70.14   88.93
08:57:20 67.21   84.20   70.14   88.81
08:58:23 67.10   84.20   70.14   88.70
08:59:27 67.10   84.20   70.14   88.70
09:00:30 67.10   84.20   70.14   88.47
09:01:34 67.10   84.09   70.14   88.36
09:02:37 67.10   84.20   70.14   88.14
09:03:40 67.10   84.20   70.14   88.14
09:04:44 67.10   83.86   70.14   88.14
09:05:47 67.10   84.09   70.14   88.03
09:06:50 67.10   84.09   70.14   87.91
09:07:54 67.10   84.20   70.03   87.80
09:08:57 67.10   84.09   70.03   87.69
09:10:00 67.10   84.31   70.03   87.46
09:11:04 67.10   84.09   70.03   87.46
09:12:07 67.21   83.97   70.03   87.46
09:13:10 67.10   84.31   70.03   87.46
09:14:14 67.10   83.97   70.03   87.35
09:15:17 67.10   84.20   70.03   87.35
09:16:20 67.10   83.97   70.03   87.24
09:17:24 67.10   83.64   70.03   87.12
09:18:27 67.10   83.86   70.03   87.01
09:19:30 67.10   83.86   70.03   86.90
09:20:34 67.10   84.09   70.03   86.79
09:21:37 67.10   83.86   70.03   86.79
09:22:40 67.10   83.64   70.03   86.68
09:23:44 67.10   83.75   70.03   86.68
09:24:47 67.10   83.64   70.03   86.68
09:25:50 67.10   83.86   69.91   86.56
09:26:54 67.10   83.75   69.91   86.45
09:27:57 67.10   84.09   69.91   86.34
09:29:00 67.10   83.75   69.91   86.11
09:30:04 67.10   83.86   69.91   86.00
09:31:07 67.10   83.75   69.91   86.00
09:32:10 67.10   83.75   69.91   86.11
09:33:14 67.10   83.75   69.91   86.00
09:34:17 67.10   83.64   69.91   85.89
09:35:21 67.10   83.53   69.91   85.89
09:36:24 67.10   83.86   69.91   85.78
09:37:27 67.10   83.75   69.91   85.78
09:38:31 67.10   83.64   69.91   85.78
09:39:34 67.10   83.86   69.91   85.66
09:40:37 67.10   83.53   69.91   85.55
09:41:41 67.10   83.64   69.91   85.66
09:42:44 66.99   83.75   69.91   85.55
09:43:47 67.10   83.64   69.91   85.44
09:44:51 66.99   83.53   69.91   85.33
09:45:54 66.99   83.53   69.80   85.44
09:46:57 67.10   83.53   69.80   85.55
09:48:01 67.10   83.64   69.80   85.66
09:49:04 67.10   83.41   69.80   85.55
09:50:07 67.10   83.41   69.80   85.44
09:51:11 66.99   83.53   69.80   85.33
09:52:14 67.10   83.30   69.80   85.33
09:53:17 67.10   83.64   69.80   85.44
09:54:21 67.21   83.53   69.80   85.44
09:55:24 67.10   83.53   69.80   85.33
09:56:27 67.10   83.75   69.80   85.21
09:57:31 66.99   83.53   69.80   85.10
09:58:34 66.99   83.64   69.80   85.10
09:59:37 66.99   83.53   69.80   84.99
10:00:41 66.99   83.41   69.80   84.99
10:01:44 66.99   83.64   69.80   84.99
10:02:47 66.88   83.75   69.80   84.99
10:03:51 66.99   83.53   69.80   84.99
10:04:54 66.99   83.41   69.80   84.76
10:05:57 66.99   83.53   69.80   84.76
10:07:01 66.99   83.64   69.80   84.65
10:08:04 66.99   83.53   69.80   84.65
10:09:07 66.99   83.30   69.80   84.54
10:10:11 66.99   83.75   69.80   84.54
10:11:14 66.99   83.53   69.80   84.65
10:12:18 66.99   83.64   69.80   84.54
10:13:21 66.99   83.41   69.80   84.54
10:14:24 66.99   83.41   69.80   84.43
10:15:28 66.99   83.75   69.69   84.43
10:16:31 66.99   83.30   69.69   84.43
10:17:34 66.99   83.30   69.80   84.54
10:18:38 66.99   83.53   69.80   84.54
10:19:41 66.99   83.41   69.69   84.43
10:20:44 66.99   83.86   69.69   84.31
10:21:48 66.99   83.75   69.69   84.31
10:22:51 66.99   83.75   69.69   84.31
10:23:54 66.99   83.53   69.69   84.31
10:24:58 66.99   83.53   69.69   84.31
10:26:01 66.99   83.75   69.69   84.31
10:27:04 66.99   83.41   69.69   84.20
10:28:08 66.99   83.30   69.69   84.31
10:29:11 66.99   82.96   69.69   84.20
10:30:14 66.99   83.19   69.69   84.20
10:31:18 66.99   83.30   69.69   84.09
10:32:21 66.99   83.53   69.69   84.20
10:33:24 66.99   83.19   69.69   84.09
10:34:28 66.88   83.30   69.69   83.97
10:35:31 66.99   83.53   69.69   84.09
10:36:34 66.99   83.30   69.69   84.09
10:37:38 66.99   83.30   69.69   83.97
10:38:41 66.99   83.41   69.69   83.86
10:39:44 66.99   83.64   69.69   83.97
10:40:48 66.99   83.53   69.69   83.86
10:41:51 66.88   83.19   69.69   83.97
10:42:55 66.88   83.41   69.69   84.09
10:43:58 66.88   83.53   69.69   83.97
10:45:01 66.99   83.30   69.69   83.86
10:46:05 66.99   83.53   69.69   83.86
10:47:08 66.99   83.64   69.69   83.97
10:48:11 66.88   83.30   69.69   83.97
10:49:15 66.99   83.41   69.69   83.97
10:50:18 66.99   83.30   69.69   83.97
10:51:21 66.99   83.30   69.69   83.75
10:52:25 66.88   83.19   69.69   83.75
10:53:28 66.88   83.30   69.69   83.75
10:54:31 66.88   83.41   69.69   83.86
10:55:35 66.99   83.41   69.58   83.86
10:56:38 66.88   83.53   69.69   83.75
10:57:41 66.88   83.41   69.69   83.75
10:58:45 66.88   83.19   69.69   83.64
10:59:48 66.88   83.30   69.58   83.75
11:00:51 66.99   83.30   69.69   83.64
11:01:55 66.99   83.41   69.69   83.64
11:02:58 66.88   83.41   69.69   83.64
11:04:01 66.88   83.30   69.58   83.64
11:05:05 66.88   83.30   69.58   83.64
11:06:08 66.88   83.19   69.58   83.64
11:07:11 66.99   83.30   69.58   83.64
11:08:15 66.88   83.41   69.58   83.53
11:09:18 66.88   83.19   69.58   83.41
11:10:21 66.88   83.30   69.58   83.41
11:11:25 66.88   83.30   69.58   83.41
11:12:28 66.88   83.19   69.58   83.41
11:13:31 66.88   83.41   69.58   83.53
11:14:35 66.88   83.30   69.58   83.41
11:15:38 66.99   83.30   69.58   83.41
11:16:42 66.88   83.19   69.58   83.53
11:17:45 66.88   83.08   69.58   83.53
11:18:48 66.99   83.30   69.58   83.41
11:19:52 66.88   83.41   69.58   83.41
11:20:55 66.88   83.30   69.58   83.41
11:21:58 66.88   83.30   69.58   83.30
11:23:02 66.88   83.30   69.58   83.41
11:24:05 66.88   82.96   69.58   83.41
11:25:08 66.88   83.30   69.58   83.30
11:26:12 66.88   83.19   69.58   83.30
11:27:15 66.88   83.41   69.58   83.30
11:28:18 66.88   83.53   69.58   83.19
11:29:22 66.88   83.41   69.58   83.19
11:30:25 66.88   83.19   69.58   83.19
11:31:28 66.88   83.08   69.58   83.19
11:32:32 66.88   83.53   69.58   83.19
11:33:35 66.88   83.19   69.58   83.08
11:34:38 66.88   83.30   69.58   83.19
11:35:42 66.88   83.30   69.58   83.08
11:36:45 66.88   83.41   69.58   83.08
11:37:48 66.88   83.30   69.58   83.08
11:38:52 66.88   83.30   69.58   82.96
11:39:55 66.88   83.19   69.58   82.96
11:40:58 66.88   83.08   69.58   83.08
11:42:02 66.88   83.30   69.58   82.96
11:43:05 66.88   83.08   69.58   82.85
11:44:08 66.88   83.08   69.58   82.96
11:45:12 66.88   83.30   69.58   82.96
11:46:15 66.88   83.41   69.58   82.85
11:47:18 66.88   83.19   69.58   82.96
11:48:22 66.88   82.85   69.58   82.96
11:49:25 66.88   83.08   69.58   82.96
11:50:29 66.88   83.30   69.58   83.08
11:51:32 66.88   82.85   69.58   83.08
11:52:35 66.88   83.08   69.58   82.96
11:53:39 66.88   83.19   69.58   82.96
11:54:42 66.88   83.30   69.58   83.19
11:55:45 66.88   83.19   69.58   83.08
11:56:49 66.88   82.96   69.58   83.08
11:57:52 66.88   82.96   69.58   82.96
11:58:55 66.88   82.96   69.58   82.96
11:59:59 66.88   83.19   69.58   82.96
12:01:02 66.88   83.30   69.58   82.85
12:02:05 66.88   82.96   69.58   82.96
12:03:09 66.88   83.08   69.58   82.96
12:04:12 66.88   83.19   69.58   83.08
12:05:15 66.88   83.19   69.58   83.08
12:06:19 66.88   83.19   69.58   83.08
12:07:22 66.88   83.30   69.58   82.96
12:08:25 66.88   83.30   69.58   82.96
12:09:29 66.88   83.19   69.58   82.96
12:10:32 66.88   83.30   69.58   83.08
12:11:35 66.88   83.30   69.58   82.96
12:12:39 66.76   83.53   69.58   82.85
12:13:42 66.88   82.96   69.58   82.96
12:14:45 66.88   83.19   69.58   82.96
12:15:49 66.88   83.19   69.58   82.85
12:16:52 66.88   83.19   69.58   82.85
12:17:55 66.88   83.19   69.58   82.85
12:18:59 66.88   83.53   69.58   82.96
12:20:02 66.88   83.41   69.58   82.85
12:21:05 66.88   83.30   69.58   82.85
12:22:09 66.88   83.08   69.58   82.85
12:23:12 66.88   83.30   69.58   82.74
12:24:16 66.88   83.30   69.58   82.74
12:25:19 66.88   83.19   69.58   82.85
12:26:22 66.76   83.08   69.58   82.74
12:27:26 66.76   83.08   69.58   82.74
12:28:29 66.88   83.41   69.58   82.74
12:29:32 66.88   83.41   69.46   82.62
12:30:36 66.88   83.30   69.46   82.74
12:31:39 66.88   83.30   69.58   82.74
12:32:42 66.88   83.19   69.58   82.74
12:33:46 66.88   83.41   69.58   82.74
12:34:49 66.88   82.96   69.46   82.74
12:35:52 66.88   82.96   69.46   82.74
12:36:56 66.88   83.30   69.58   82.85
12:37:59 66.88   83.41   69.46   82.74
12:39:02 66.88   83.41   69.46   82.74
12:40:06 66.88   83.19   69.46   82.74
12:41:09 66.88   83.08   69.46   82.74
12:42:12 66.88   82.96   69.46   82.85
12:43:16 66.76   83.19   69.58   82.85
12:44:19 66.88   83.30   69.46   82.74
12:45:22 66.88   83.19   69.46   82.62
12:46:26 66.88   83.30   69.46   82.74
12:47:29 66.88   83.41   69.46   82.74
12:48:32 66.76   83.30   69.58   82.74
12:49:36 66.76   83.19   69.58   82.74
12:50:39 66.76   83.53   69.46   82.62
12:51:42 66.76   83.41   69.46   82.62
12:52:46 66.76   83.41   69.46   82.51
12:53:49 66.88   83.30   69.58   82.62
12:54:53 66.88   83.30   69.46   82.62
12:55:56 66.76   83.41   69.58   82.62
12:56:59 66.88   83.08   69.46   82.62
12:58:03 66.88   83.53   69.58   82.62
12:59:06 66.76   83.19   69.46   82.62
13:00:09 66.88   83.30   69.46   82.62
13:01:13 66.88   83.19   69.46   82.51
13:02:16 66.88   83.41   69.58   82.62
13:03:19 66.76   83.30   69.58   82.74
13:04:23 66.76   83.19   69.46   82.62
13:05:26 66.88   83.19   69.58   82.51
13:06:29 66.88   82.96   69.58   82.51
13:07:33 66.88   83.30   69.46   82.62
13:08:36 66.88   83.30   69.46   82.74
13:09:39 66.88   83.19   69.46   82.51
13:10:43 66.88   83.08   69.46   82.51
13:11:46 66.88   83.19   69.46   82.51
13:12:49 66.88   82.96   69.46   82.51
13:13:53 66.88   83.41   69.46   82.62
13:14:56 66.88   83.30   69.46   82.51
13:15:59 66.76   83.30   69.46   82.62
13:17:03 66.88   83.53   69.46   82.40
13:18:06 66.76   83.41   69.46   82.51
13:19:09 66.88   83.30   69.46   82.51
13:20:13 66.88   83.41   69.46   82.40
13:21:16 66.88   83.30   69.46   82.51
13:22:19 66.76   83.53   69.46   82.62
13:23:23 66.88   83.53   69.46   82.62
13:24:26 66.88   83.41   69.46   82.51
13:25:29 66.88   83.30   69.46   82.40
13:26:33 66.88   83.30   69.46   82.51
13:27:36 66.88   83.53   69.46   82.40
13:28:40 66.88   83.30   69.46   82.40
13:29:43 66.88   83.41   69.46   82.40
13:30:46 66.88   83.53   69.46   82.40
13:31:50 66.88   83.53   69.46   82.51
13:32:53 66.76   83.64   69.46   82.51
13:33:56 66.76   83.64   69.46   82.40
13:35:00 66.88   83.75   69.46   82.40
13:36:03 66.76   83.41   69.46   82.40
13:37:06 66.76   83.30   69.46   82.62
13:38:10 66.76   83.53   69.58   82.51
13:39:13 66.88   83.41   69.58   82.51
13:40:16 66.76   83.41   69.46   82.51
13:41:20 66.76   83.53   69.46   82.51
13:42:23 66.88   83.53   69.46   82.51
13:43:26 66.76   83.53   69.46   82.51
13:44:30 66.88   83.64   69.46   82.51
13:45:33 66.76   83.53   69.46   82.62
13:46:36 66.88   83.30   69.46   82.62
13:47:40 66.88   83.19   69.46   82.62
13:48:43 66.88   83.41   69.46   82.74
13:49:46 66.88   83.41   69.46   82.74
13:50:50 66.88   83.41   69.46   82.74
13:51:53 66.88   83.41   69.46   82.62
13:52:56 66.76   83.41   69.46   82.51
13:54:00 66.76   83.30   69.46   82.40
13:55:03 66.88   83.19   69.46   82.51
13:56:06 66.76   83.41   69.46   82.40
13:57:10 66.76   83.53   69.46   82.51
13:58:13 66.88   83.30   69.46   82.51
13:59:16 66.76   83.08   69.46   82.40
14:00:20 66.76   83.08   69.46   82.40
14:01:23 66.88   83.08   69.46   82.40
14:02:27 66.88   83.30   69.46   82.40
14:03:30 66.76   83.53   69.46   82.29
14:04:33 66.76   83.08   69.46   82.29
14:05:37 66.76   83.41   69.46   82.40
14:06:40 66.76   83.53   69.46   82.40
14:07:43 66.88   83.30   69.46   82.40
14:08:47 66.76   83.41   69.46   82.51
14:09:50 66.88   83.64   69.46   82.51
14:10:53 66.88   83.41   69.46   82.51
14:11:57 66.88   83.30   69.46   82.40
14:13:00 66.76   83.41   69.46   82.51
14:14:03 66.76   83.19   69.46   82.51
14:15:07 66.88   83.30   69.46   82.40
14:16:10 66.88   83.41   69.46   82.40
14:17:13 66.88   83.30   69.46   82.40
14:18:17 66.88   83.30   69.46   82.29
14:19:20 66.76   83.08   69.46   82.29
14:20:23 66.88   83.30   69.46   82.40
14:21:27 66.76   83.19   69.46   82.40
14:22:30 66.88   83.53   69.46   82.40
14:23:33 66.88   83.41   69.46   82.40
14:24:37 66.88   83.19   69.46   82.51
14:25:40 66.88   83.19   69.46   82.29
14:26:43 66.76   83.08   69.35   82.29
14:27:47 66.76   83.19   69.46   82.29
14:28:50 66.76   83.19   69.46   82.29
14:29:53 66.76   83.64   69.46   82.29
14:30:57 66.76   83.19   69.35   82.18
14:32:00 66.76   83.30   69.46   82.18
14:33:03 66.88   83.08   69.46   82.29
14:34:07 66.76   83.08   69.46   82.29
14:35:10 66.76   83.30   69.46   82.18
14:36:14 66.76   83.19   69.46   82.18
14:37:17 66.88   83.19   69.46   82.29
14:38:20 66.76   83.30   69.46   82.18
14:39:24 66.88   83.30   69.46   82.18
14:40:27 66.88   83.19   69.46   82.18
14:41:30 66.88   83.41   69.46   82.18
14:42:34 66.88   83.53   69.46   82.18
14:43:37 66.88   83.30   69.46   82.06
14:44:40 66.88   83.19   69.46   82.29
14:45:44 66.88   83.19   69.46   82.18
14:46:47 66.88   83.08   69.46   82.18
14:47:50 66.88   83.19   69.46   82.18
14:48:54 66.88   83.30   69.46   82.06
14:49:57 66.76   83.19   69.46   82.06
14:51:00 66.88   83.08   69.46   82.06
14:52:04 66.88   83.19   69.46   82.18
14:53:07 66.88   82.96   69.46   82.18
14:54:10 66.88   83.30   69.46   82.18
14:55:14 66.88   83.41   69.46   82.06
14:56:17 66.88   83.30   69.46   82.06
14:57:20 66.88   83.41   69.58   81.95
14:58:24 66.88   83.41   69.46   81.95
14:59:27 66.88   83.30   69.58   81.84
15:00:30 66.88   83.41   69.58   81.84
15:01:34 66.76   83.19   69.58   81.95
15:02:37 66.76   83.19   69.58   81.84
15:03:40 66.76   83.30   69.58   81.84
15:04:44 66.76   83.41   69.58   81.72
15:05:47 66.76   83.08   69.58   81.72
15:06:50 66.76   83.30   69.58   81.72
15:07:54 66.76   82.96   69.46   81.72
15:08:57 66.88   83.30   69.58   81.95
15:10:01 66.88   83.30   69.58   81.84
15:11:04 66.88   83.53   69.58   81.84
15:12:07 66.88   83.30   69.58   81.84
15:13:11 66.88   83.08   69.58   81.84
15:14:14 66.88   83.41   69.58   81.84
15:15:17 66.76   83.30   69.58   81.84
15:16:21 66.76   83.30   69.58   81.84
15:17:24 66.76   83.19   69.58   82.06
15:18:27 66.76   83.41   69.58   81.95
15:19:31 66.88   83.41   69.58   81.95
15:20:34 66.88   83.30   69.58   81.84
15:21:37 66.88   83.19   69.58   81.84
15:22:41 66.76   83.19   69.58   81.72
15:23:44 66.88   83.19   69.58   81.72
15:24:47 66.88   83.41   69.58   81.72
15:25:51 66.88   83.41   69.58   81.72
15:26:54 66.88   83.41   69.58   81.72
15:27:57 66.76   83.19   69.58   81.72
15:29:01 66.88   83.19   69.58   81.72
15:30:04 66.88   83.19   69.58   81.61
15:31:07 66.76   83.30   69.58   81.61
15:32:11 66.76   83.19   69.58   81.72
15:33:14 66.88   83.30   69.58   81.72
15:34:17 66.88   83.08   69.58   81.61
15:35:21 66.88   82.96   69.58   81.61
15:36:24 66.76   82.85   69.58   81.61
15:37:27 66.76   82.96   69.58   81.61
15:38:31 66.88   83.19   69.58   81.61
15:39:34 66.88   83.19   69.58   81.61
15:40:37 66.88   83.19   69.58   81.50
15:41:41 66.76   83.08   69.58   81.61
15:42:44 66.88   83.19   69.58   81.50
15:43:48 66.88   83.19   69.58   81.50
15:44:51 66.88   83.08   69.58   81.50
15:45:54 66.88   83.19   69.58   81.50
15:46:58 66.88   83.08   69.58   81.50
15:48:01 66.88   83.19   69.58   81.50
15:49:04 66.88   83.30   69.58   81.50
15:50:08 66.76   83.19   69.58   81.39
15:51:11 66.88   83.08   69.58   81.50
15:52:14 66.88   82.96   69.69   81.50
15:53:18 66.88   83.08   69.58   81.50
15:54:21 66.88   82.96   69.58   81.39
15:55:24 66.88   82.62   69.69   81.50
15:56:28 66.88   83.19   69.58   81.61
15:57:31 66.88   82.96   69.69   81.50
15:58:34 66.88   83.19   69.69   81.50
15:59:38 66.88   83.08   69.58   81.61
16:00:41 66.88   83.19   69.69   81.61
16:01:44 66.76   82.96   69.58   81.61
16:02:48 66.88   83.08   69.58   81.72
16:03:51 66.88   83.30   69.58   81.61
16:04:54 66.88   83.08   69.58   81.61
16:05:58 66.88   83.08   69.69   81.50
16:07:01 66.88   83.19   69.69   81.50
16:08:04 66.88   83.08   69.69   81.50
16:09:08 66.88   82.96   69.69   81.61
16:10:11 66.88   83.19   69.69   81.61
16:11:14 66.88   83.08   69.69   81.61
16:12:18 66.88   83.19   69.69   81.61
16:13:21 66.88   83.19   69.69   81.61
16:14:25 66.76   83.30   69.69   81.61
16:15:28 66.88   82.85   69.69   81.61
16:16:31 66.76   83.08   69.69   81.61
16:17:35 66.76   83.08   69.69   81.72
16:18:38 66.76   83.08   69.69   81.72
16:19:41 66.88   82.62   69.69   81.61
16:20:45 66.88   82.96   69.69   81.61
16:21:48 66.88   83.30   69.69   81.50
16:22:51 66.88   83.19   69.69   81.50
16:23:55 66.88   83.30   69.69   81.39
16:24:58 66.88   83.19   69.69   81.50
16:26:01 66.88   82.96   69.69   81.39
16:27:05 66.88   82.96   69.69   81.50
16:28:08 66.88   82.96   69.69   81.39
16:29:11 66.88   83.19   69.69   81.39
16:30:15 66.76   83.19   69.69   81.50
16:31:18 66.88   83.19   69.69   81.39
16:32:21 66.88   83.08   69.69   81.61
16:33:25 66.88   83.19   69.69   81.50
16:34:28 66.88   82.96   69.69   81.50
16:35:31 66.88   82.85   69.69   81.50
16:36:35 66.88   83.08   69.69   81.50
16:37:38 66.88   83.08   69.69   81.50
16:38:41 66.88   82.96   69.69   81.50
16:39:45 66.88   83.19   69.69   81.50
16:40:48 66.88   83.08   69.69   81.50
16:41:51 66.88   82.96   69.69   81.50
16:42:55 66.88   82.74   69.69   81.50
16:43:58 66.88   82.85   69.69   81.50
16:45:01 66.88   82.85   69.69   81.50
16:46:05 66.88   82.85   69.69   81.50
16:47:08 66.88   83.08   69.69   81.61
16:48:12 66.88   82.96   69.69   81.50
16:49:15 66.88   83.08   69.69   81.61
16:50:18 66.88   82.85   69.69   81.61
16:51:22 66.88   82.85   69.69   81.61
16:52:25 66.88   82.96   69.69   81.61
16:53:28 66.88   83.08   69.69   81.61
16:54:32 66.88   83.19   69.69   81.50
16:55:35 66.88   83.19   69.69   81.50
16:56:38 66.88   82.96   69.69   81.39
16:57:42 66.88   83.08   69.69   81.39
16:58:45 66.88   83.08   69.69   81.61
16:59:48 66.88   82.74   69.69   81.61
17:00:52 66.88   82.96   69.69   81.61
17:01:55 66.88   83.19   69.69   81.72
17:02:58 66.88   82.96   69.69   81.84
17:04:02 66.88   82.96   69.69   81.72
17:05:05 66.88   82.96   69.69   81.84
17:06:08 66.88   83.30   69.69   81.72
17:07:12 66.88   83.08   69.69   81.72
17:08:15 66.88   82.96   69.69   81.84
17:09:18 66.88   82.96   69.80   81.72
17:10:22 66.88   83.08   69.69   81.72
17:11:25 66.88   83.19   69.69   81.61
17:12:28 66.88   82.96   69.69   81.61
17:13:32 66.88   82.85   69.69   81.61
17:14:35 66.88   83.30   69.69   81.50
17:15:38 66.88   82.85   69.69   81.50
17:16:42 66.88   83.08   69.80   81.39
17:17:45 66.88   82.96   69.80   81.50
17:18:49 66.88   82.96   69.69   81.50
17:19:52 66.88   83.19   69.69   81.61
17:20:55 66.88   83.19   69.80   81.61
17:21:59 66.88   82.96   69.80   81.72
17:23:02 66.88   83.19   69.69   81.72
17:24:05 66.88   83.19   69.80   81.72
17:25:09 66.88   83.08   69.69   81.61
17:26:12 66.88   82.96   69.69   81.61
17:27:15 66.88   83.08   69.80   81.61
17:28:19 66.99   83.19   69.80   81.61
17:29:22 66.99   83.19   69.80   81.61
17:30:25 66.88   83.19   69.80   81.61
17:31:29 66.88   83.08   69.80   81.50
17:32:32 66.88   83.08   69.80   81.50
17:33:35 66.99   82.85   69.80   81.39
17:34:39 66.99   83.08   69.80   81.39
17:35:42 66.99   83.08   69.80   81.39
17:36:45 66.99   83.08   69.69   96.24
17:37:49 66.99   83.08   69.80   103.10
17:38:52 66.88   83.19   69.80   102.09
17:39:55 66.88   83.19   69.80   100.62
17:40:59 66.88   83.19   69.80   99.16
17:42:02 66.88   83.19   69.80   97.81
17:43:05 66.88   83.19   69.80   97.03
17:44:09 66.88   83.30   69.80   96.35
17:45:12 66.88   83.30   69.80   95.56
17:46:15 66.99   83.30   69.80   95.45
17:47:19 66.99   83.19   69.80   106.70
17:48:22 66.88   83.08   69.80   107.49
17:49:26 66.99   83.19   69.80   107.04
17:50:29 66.99   83.41   69.80   106.25
17:51:32 66.88   83.30   69.80   105.46
17:52:36 66.88   83.08   69.80   104.56
17:53:39 66.88   83.19   69.80   103.78
17:54:42 66.88   83.30   69.80   102.88
17:55:46 66.88   83.41   69.80   102.09
17:56:49 66.88   83.19   69.80   101.30
17:57:52 66.88   83.08   69.80   106.14
17:58:56 66.88   83.19   69.80   108.39
17:59:59 66.88   83.19   69.80   108.95
18:01:02 66.88   83.08   69.80   108.84
18:02:06 66.88   83.41   69.69   108.28
18:03:09 66.88   83.75   69.69   107.38
18:04:12 66.88   83.53   69.69   106.48
18:05:16 66.88   83.30   69.80   105.46
18:06:19 66.88   83.30   69.69   104.56
18:07:22 66.88   83.41   69.69   103.66
18:08:26 66.88   83.30   69.69   102.88
18:09:29 66.88   83.53   69.80   101.98
18:10:32 66.88   83.53   69.80   101.08
18:11:36 66.88   83.75   69.69   100.40
18:12:39 66.88   83.41   69.80   99.61
18:13:42 66.88   83.41   69.69   99.05
18:14:46 66.88   83.30   69.80   98.26
18:15:49 66.99   83.41   69.80   97.70
18:16:52 66.99   83.41   69.80   97.25
18:17:56 66.88   83.41   69.80   96.80
18:18:59 66.99   83.41   69.80   96.35
18:20:02 66.99   83.30   69.80   95.90
18:21:06 66.99   83.30   69.80   95.34
18:22:09 66.99   83.19   69.80   95.00
18:23:13 66.99   83.41   69.80   94.55
18:24:16 66.88   83.41   69.80   94.10
18:25:19 66.99   83.41   69.69   93.88
18:26:23 66.88   83.41   69.80   93.31
18:27:26 66.88   83.53   69.80   92.97
18:28:29 66.88   83.41   69.80   92.75
18:29:33 66.88   83.64   69.80   92.53
18:30:36 66.88   83.30   69.69   92.19
18:31:39 66.99   83.19   69.80   91.85
18:32:43 66.99   83.41   69.80   91.62
18:33:46 66.99   83.41   69.80   91.29
18:34:49 66.88   83.41   69.80   91.06
18:35:53 66.88   83.30   69.80   90.84
18:36:56 66.88   83.41   69.80   90.61
18:37:59 66.88   83.30   69.80   90.39
18:39:03 66.88   83.53   69.80   90.05
18:40:06 66.88   83.41   69.80   89.83
18:41:09 66.88   83.19   69.69   89.71
18:42:13 66.88   83.19   69.80   89.49
18:43:16 66.88   83.19   69.69   89.26
18:44:19 66.99   83.19   69.69   89.15
18:45:23 66.88   83.19   69.69   89.04
18:46:26 66.88   83.30   69.80   88.93
18:47:29 66.88   83.30   69.80   88.70
18:48:33 66.88   83.30   69.69   88.59
18:49:36 66.88   83.41   69.80   88.36
18:50:39 66.99   83.41   69.69   88.25
18:51:43 66.88   83.53   69.69   88.03
18:52:46 66.88   83.64   69.69   87.80
18:53:50 66.88   83.41   69.80   87.69
18:54:53 66.99   83.30   69.80   87.46
18:55:56 66.99   83.30   69.69   87.35
18:57:00 66.88   83.41   69.80   87.24
18:58:03 66.88   83.53   69.69   87.24
18:59:06 66.88   83.41   69.69   87.12
19:00:10 66.88   83.64   69.80   87.01
19:01:13 66.88   83.30   69.80   86.79
19:02:16 66.88   83.75   69.80   86.68
19:03:20 66.88   83.53   69.80   86.56
19:04:23 66.88   83.53   69.69   86.45
19:05:26 66.88   83.53   69.80   86.34
19:06:30 66.88   83.53   69.80   86.22
19:07:33 66.88   83.64   69.69   86.00
19:08:36 66.88   83.30   69.69   86.00
19:09:40 66.88   83.64   69.69   85.89
19:10:43 66.88   83.53   69.69   85.89
19:11:46 66.88   83.75   69.69   85.78
19:12:50 66.88   83.64   69.80   85.66
19:13:53 66.88   83.53   69.69   85.66
19:14:56 66.88   83.64   69.69   85.66
19:16:00 66.88   83.75   69.69   85.44
19:17:03 66.88   83.41   69.69   85.33
19:18:06 66.88   83.53   69.80   85.33
19:19:10 66.88   83.64   69.69   85.21
19:20:13 66.88   83.97   69.69   85.10
19:21:16 66.88   83.41   69.80   84.99
19:22:20 66.99   83.64   69.69   84.88
19:23:23 66.88   83.53   69.69   84.76
19:24:26 66.88   83.41   69.69   84.65
19:25:30 66.88   83.75   69.80   84.76
19:26:33 66.99   83.64   69.80   84.76
19:27:37 66.88   83.64   69.80   84.65
19:28:40 66.99   83.64   69.80   84.54
19:29:43 66.99   83.41   69.80   84.54
19:30:47 66.88   83.30   69.80   84.54
19:31:50 66.88   83.41   69.80   84.43
19:32:53 66.99   83.53   69.91   84.54
19:33:57 66.99   83.41   69.91   84.31
19:35:00 66.99   83.30   69.91   84.31
19:36:03 66.99   83.53   69.91   84.43
19:37:07 66.88   83.64   69.91   84.31
19:38:10 66.99   83.75   69.91   84.20
19:39:13 66.99   83.41   69.91   84.20
19:40:17 66.99   83.64   70.03   84.20
19:41:20 66.99   83.64   70.03   84.09
19:42:23 66.99   83.97   70.03   84.20
19:43:27 66.99   83.64   70.03   84.09
19:44:30 66.99   83.53   70.03   97.48
19:45:33 66.99   83.86   70.03   103.78
19:46:37 66.99   83.64   70.14   108.84
19:47:40 66.99   83.64   70.03   107.71
19:48:42 66.99   83.75   29.75   105.91
19:49:44 66.99   83.53   29.75   104.34
19:50:46 66.99   83.53   29.75   102.65
19:51:48 66.99   83.64   29.75   101.41
19:52:49 67.10   83.64   29.75   100.40
19:53:51 66.99   83.86   29.75   99.28
19:54:53 66.99   83.75   29.75   98.49
19:55:55 67.10   83.75   29.75   97.70
19:56:56 66.99   83.86   29.75   96.91
19:57:58 67.10   83.75   29.75   96.12
19:59:00 66.99   84.09   29.75   95.68
20:00:02 66.99   84.09   29.75   95.11
20:01:03 66.99   83.86   29.75   94.66
20:02:05 66.99   83.75   29.75   94.21
20:03:07 66.99   83.86   29.75   93.76
20:04:09 66.99   83.75   29.75   93.43
20:05:10 67.10   83.97   29.75   93.09
20:06:12 67.10   83.86   29.75   92.75
20:07:14 66.99   83.75   29.75   92.30
20:08:16 66.99   84.09   29.75   91.96
20:09:17 67.10   83.97   29.75   91.85
20:10:19 67.10   83.64   29.75   91.51
20:11:21 67.10   83.75   29.75   91.18
20:12:23 67.10   83.97   29.75   90.95
20:13:25 66.99   83.75   29.75   90.72
20:14:26 67.10   83.97   29.75   90.39
20:15:28 67.10   83.86   29.75   90.16
20:16:30 67.10   83.86   29.75   89.94
20:17:32 66.99   84.09   29.75   89.60
20:18:33 67.10   83.86   29.75   89.49
20:19:35 66.99   83.97   29.75   89.26
20:20:37 67.10   83.97   29.75   89.04
20:21:39 67.10   83.97   29.75   88.93
20:22:40 67.10   83.86   29.75   88.59
20:23:42 67.10   83.86   29.75   88.47
20:24:44 67.10   83.97   29.75   88.25
20:25:46 67.10   84.09   29.75   88.14
20:26:47 67.10   84.09   29.75   87.91
20:27:49 67.10   83.86   29.75   87.80
20:28:51 67.10   83.75   29.75   87.58
20:29:53 67.10   83.97   29.75   87.35
20:30:54 67.10   83.97   29.75   87.24
20:31:56 67.10   84.20   29.75   87.24
20:32:58 67.10   83.97   29.75   87.24
20:34:00 67.10   83.86   29.75   87.01
20:35:01 67.10   84.09   29.75   86.90
20:36:03 67.10   83.86   29.75   86.68
20:37:05 67.10   84.09   29.75   86.56
20:38:07 67.10   84.09   29.75   86.56
20:39:08 67.10   83.97   29.75   86.34
20:40:10 67.10   83.97   29.75   86.22
20:41:12 67.10   83.97   29.75   86.11
20:42:14 67.10   84.20   29.75   86.00
20:43:15 67.10   83.86   29.75   86.00
20:44:17 67.10   83.75   29.75   85.78
20:45:19 67.10   83.97   29.75   85.89
20:46:21 67.10   84.09   29.75   106.03
20:47:22 67.10   83.97   29.75   108.84
20:48:24 67.10   83.97   29.75   109.62
20:49:26 67.10   83.86   29.75   110.30
20:50:28 66.99   83.97   29.75   110.64
20:51:30 67.10   84.09   29.75   110.64
20:52:31 67.10   84.09   29.75   110.53
20:53:33 67.10   84.43   29.75   110.53
20:54:35 67.10   84.20   29.75   110.19
20:55:37 67.21   84.09   29.75   109.74
20:56:38 67.21   84.20   29.75   109.51
20:57:40 67.21   84.20   29.75   109.06
20:58:42 67.21   83.97   29.75   108.84
20:59:44 67.21   83.97   29.75   108.39
21:00:45 67.21   84.09   29.75   107.83
21:01:47 67.21   84.20   29.75   107.15
21:02:49 67.21   84.20   29.75   106.48
21:03:51 67.21   84.20   29.75   105.69
21:04:52 67.21   84.20   29.75   105.01
21:05:54 67.21   83.97   29.75   104.45
21:06:56 67.21   84.09   29.75   103.89
21:07:58 67.21   83.97   29.75   103.33
21:08:59 67.21   84.20   29.75   102.76
21:10:01 67.21   84.09   29.75   102.31
21:11:03 67.21   84.31   29.75   101.64
21:12:05 67.21   84.09   29.75   101.08
21:13:06 67.33   84.09   29.75   100.62
21:14:08 67.33   84.20   29.75   100.17
21:15:10 67.21   84.31   29.75   99.73
21:16:12 67.33   84.20   29.75   99.28
21:17:14 67.21   83.97   29.75   98.94
21:18:15 67.33   83.97   29.75   98.49
21:19:17 67.33   83.86   29.75   98.15
21:20:19 67.33   83.97   29.75   97.81
21:21:21 67.33   84.20   29.75   97.59
21:22:22 67.33   84.09   29.75   97.25
21:23:24 67.33   84.43   29.75   97.03
21:24:26 67.33   84.43   29.75   96.80
21:25:28 67.33   84.43   29.75   96.58
21:26:29 67.33   84.43   29.75   96.35
21:27:31 67.44   84.20   29.75   96.01
21:28:33 67.44   84.09   29.75   95.90
21:29:35 67.44   84.31   29.75   95.68
21:30:36 67.44   84.43   29.75   95.45
21:31:38 67.44   84.31   29.75   95.22
21:32:40 67.44   84.43   29.75   95.11
21:33:42 67.44   84.54   29.75   94.89
21:34:43 67.44   84.54   29.75   94.66
21:35:45 67.44   84.43   29.75   94.55
21:36:47 67.44   84.09   29.75   94.44
21:37:49 67.44   84.43   29.75   94.33
21:38:50 67.44   84.43   29.75   94.21
21:39:52 67.44   84.54   29.75   94.10
21:40:54 67.44   84.54   29.75   93.88
21:41:56 67.44   84.20   29.75   93.65
21:42:57 67.55   84.43   29.75   93.43
21:43:59 67.44   84.54   29.75   93.20
21:45:01 67.44   84.43   29.75   93.09
21:46:03 67.44   84.43   29.75   92.97
21:47:04 67.55   84.54   29.75   92.86
21:48:06 67.44   84.54   29.75   92.75
21:49:08 67.44   84.31   29.75   92.53
21:50:10 67.44   84.43   29.75   92.30
21:51:12 67.44   84.54   29.75   114.46
21:52:13 67.44   84.31   29.75   114.24
21:53:15 67.44   84.54   29.75   112.33
21:54:17 67.44   84.54   29.75   110.19
21:55:19 67.44   84.54   29.75   108.50
21:56:20 67.44   84.31   29.75   107.04
21:57:22 67.44   84.54   29.75   105.69
21:58:24 67.44   84.43   29.75   104.90
21:59:26 67.44   84.43   29.75   113.67
22:00:27 67.44   84.65   29.75   111.76
22:01:29 67.44   84.43   29.75   110.30
22:02:31 67.33   84.65   29.75   109.96
22:03:33 67.44   84.43   29.75   109.96
22:04:34 67.33   84.54   29.75   110.08
22:05:36 67.44   84.31   29.75   109.96
22:06:38 67.33   84.54   29.75   109.85
22:07:40 67.33   84.43   29.75   109.62
22:08:41 67.33   84.54   29.75   109.29
22:09:43 67.33   84.54   29.75   108.61
22:10:45 67.33   84.43   29.75   107.94
22:11:47 67.33   84.76   29.75   107.49
22:12:48 67.33   84.76   29.75   106.81
22:13:50 67.33   84.54   29.75   106.25
22:14:52 67.33   84.76   29.75   105.69
22:15:54 67.33   84.54   29.75   105.12
22:16:56 67.33   84.43   29.75   104.56
22:17:57 67.44   84.65   29.75   103.89
22:18:59 67.33   84.54   29.75   103.44
22:20:01 67.33   84.54   29.75   102.76
22:21:03 67.33   84.76   29.75   102.31
22:22:04 67.33   84.65   29.75   102.54
22:23:06 67.33   84.54   29.75   102.20
22:24:08 67.33   84.43   29.75   113.11
22:25:10 67.44   84.43   29.75   114.01
22:26:11 67.44   84.54   29.75   113.67
22:27:13 67.44   84.54   29.75   115.36
22:28:15 67.44   84.43   29.75   116.49
22:29:17 67.44   84.43   29.75   115.48
22:30:18 67.44   84.65   29.75   114.80
22:31:20 67.44   84.54   29.75   114.01
22:32:22 67.44   84.20   29.75   116.49
22:33:24 67.44   84.43   29.75   116.49
22:34:25 67.44   84.31   29.75   116.04
22:35:27 67.44   84.43   29.75   115.59
22:36:29 67.44   84.43   29.75   116.15
22:37:31 67.44   84.31   29.75   115.59
22:38:32 67.44   84.43   29.75   117.39
22:39:34 67.55   84.65   29.75   117.95
22:40:36 67.55   84.65   29.75   117.50
22:41:38 67.55   84.43   29.75   116.71
22:42:39 67.55   84.54   29.75   115.92
22:43:41 67.55   84.54   29.75   115.14
22:44:43 67.55   84.31   29.75   114.35
22:45:45 67.55   84.31   29.75   113.45
22:46:47 67.55   84.54   29.75   112.44
22:47:48 67.55   84.54   29.75   111.54
22:48:50 67.55   84.43   29.75   110.75
22:49:52 67.44   84.31   29.75   109.96
22:50:54 67.55   84.09   29.75   109.17
22:51:55 67.55   84.31   29.75   108.39
22:52:57 67.44   84.20   29.75   107.71
22:53:59 67.44   84.43   29.75   107.04
22:55:01 67.44   84.31   29.75   106.48
22:56:02 67.44   84.20   29.75   105.91
22:57:04 67.44   84.20   29.75   105.35
22:58:06 67.44   84.20   29.75   104.79
22:59:08 67.44   84.20   29.75   104.23
23:00:09 67.44   84.09   29.75   103.55
23:01:11 67.44   84.20   29.75   103.10
23:02:13 67.33   84.09   29.75   102.54
23:03:15 67.44   84.09   29.75   101.98
23:04:16 67.44   84.20   29.75   101.41
23:05:18 67.33   84.31   29.75   100.96
23:06:20 67.44   84.31   29.75   100.62
23:07:22 67.33   84.31   29.75   100.29
23:08:23 67.33   83.97   29.75   99.73
23:09:25 67.33   83.86   29.75   99.28
23:10:27 67.33   83.86   29.75   98.94
23:11:29 67.33   84.31   29.75   98.49
23:12:30 67.33   83.97   29.75   98.04
23:13:32 67.33   83.86   29.75   97.59
23:14:34 67.33   83.97   29.75   97.25
23:15:36 67.33   83.97   29.75   96.91
23:16:37 67.33   84.09   29.75   96.46
23:17:39 67.33   83.75   29.75   96.24
23:18:41 67.33   84.09   29.75   95.90
23:19:43 67.33   84.09   29.75   95.56
23:20:45 67.33   84.09   29.75   95.11
23:21:46 67.33   83.97   29.75   94.66
23:22:48 67.33   84.09   29.75   94.44
23:23:50 67.33   84.31   29.75   94.21
23:24:52 67.33   83.97   29.75   93.88
23:25:53 67.33   84.09   29.75   93.76
23:26:55 67.33   84.09   29.75   105.69
23:27:57 67.21   83.97   29.75   113.11
23:28:59 67.33   83.97   29.75   114.80
23:30:00 67.33   84.09   29.75   114.91
23:31:02 67.33   83.97   29.75   114.12
23:32:04 67.33   84.31   29.75   113.11
23:33:06 67.33   84.09   29.75   111.76
23:34:07 67.33   83.97   29.75   110.41
23:35:09 67.33   83.75   29.75   109.06
23:36:11 67.33   84.20   29.75   107.83
23:37:13 67.33   84.20   29.75   106.70
23:38:14 67.33   83.86   29.75   105.69
23:39:16 67.33   83.97   29.75   104.79
23:40:18 67.33   84.20   29.75   103.89
23:41:20 67.33   84.09   29.75   103.21
23:42:21 67.33   84.09   29.75   102.42
23:43:23 67.33   83.97   29.75   101.64
23:44:25 67.33   84.20   29.75   101.08
23:45:27 67.33   83.86   29.75   100.51
23:46:28 67.33   84.31   29.75   99.84
23:47:30 67.33   84.09   29.75   99.28
23:48:32 67.33   83.75   29.75   98.83
23:49:34 67.33   83.97   29.75   98.26
23:50:36 67.33   84.09   29.75   97.81
23:51:37 67.33   84.09   29.75   97.36
23:52:39 67.33   84.09   29.75   96.91
23:53:41 67.33   84.20   29.75   96.46
23:54:43 67.33   84.20   29.75   96.12
23:55:44 67.33   84.20   29.75   95.79
23:56:46 67.33   84.20   29.75   95.45
23:57:48 67.33   84.20   29.75   95.00
23:58:50 67.33   83.97   29.75   94.55
23:59:51 67.33   83.97   29.75   94.21
