 Date  Furn_In  Furn_Out  Bsmnt   Water_Htr
00:00:14 66.09   81.39   68.79   98.38
00:01:18 66.09   81.28   68.79   97.92
00:02:21 66.09   81.28   68.90   97.48
00:03:24 66.09   81.28   69.01   97.03
00:04:28 65.97   81.05   68.90   96.58
00:05:31 65.97   81.16   68.68   96.12
00:06:34 65.97   81.28   68.56   95.68
00:07:38 66.09   81.16   68.79   95.34
00:08:41 65.97   81.05   68.79   94.89
00:09:44 65.97   80.83   68.79   94.55
00:10:48 65.97   81.05   68.56   94.21
00:11:51 65.97   81.05   68.68   93.88
00:12:54 65.97   80.94   68.68   93.31
00:13:58 65.97   80.94   68.79   93.09
00:15:01 65.97   81.16   68.90   92.64
00:16:05 65.97   81.05   68.90   92.41
00:17:08 65.97   80.94   68.90   92.08
00:18:11 65.97   80.94   68.79   91.85
00:19:15 65.97   80.83   68.79   91.51
00:20:18 65.97   81.05   68.90   91.29
00:21:21 65.97   80.94   68.79   91.06
00:22:25 65.97   80.71   68.79   90.72
00:23:28 65.97   80.83   68.79   90.50
00:24:31 65.97   81.05   68.68   90.16
00:25:35 65.97   80.83   68.56   89.94
00:26:38 65.97   81.16   68.56   89.60
00:27:41 65.97   81.28   68.56   89.38
00:28:45 65.97   81.16   68.79   89.15
00:29:48 65.97   81.05   68.68   88.81
00:30:51 65.97   80.83   68.56   98.38
00:31:55 65.97   80.83   68.45   108.73
00:32:58 65.97   80.94   68.34   110.75
00:34:01 65.97   80.94   68.56   111.54
00:35:05 65.97   80.94   68.68   111.09
00:36:08 65.97   80.71   68.68   109.74
00:37:11 65.97   80.94   68.68   108.28
00:38:15 65.97   80.94   68.68   107.15
00:39:18 65.97   80.83   68.56   105.80
00:40:21 66.09   81.16   68.68   104.56
00:41:25 65.97   80.94   68.79   103.44
00:42:28 65.97   80.94   68.56   102.42
00:43:31 65.97   80.71   68.56   101.41
00:44:35 65.97   80.71   68.45   100.62
00:45:38 66.09   81.16   68.34   99.84
00:46:41 65.97   80.94   68.56   99.16
00:47:45 65.97   80.83   68.56   98.38
00:48:48 65.97   81.16   68.56   97.81
00:49:52 65.97   81.16   68.56   97.14
00:50:55 65.97   80.94   68.34   96.58
00:51:58 65.97   80.83   68.22   95.90
00:53:02 65.97   80.83   68.45   95.34
00:54:05 65.97   80.71   68.45   94.78
00:55:08 65.97   80.60   68.45   94.33
00:56:12 65.97   80.94   68.45   93.99
00:57:15 65.97   80.94   68.56   93.76
00:58:18 65.97   81.05   68.45   93.31
00:59:22 65.97   80.71   68.45   92.86
01:00:25 65.97   80.71   68.45   92.53
01:01:28 65.97   80.71   68.56   92.08
01:02:32 65.97   80.60   68.34   91.74
01:03:35 65.97   80.49   68.22   91.29
01:04:38 65.97   80.60   68.11   91.06
01:05:42 65.97   80.49   68.22   90.61
01:06:45 65.97   80.49   68.34   90.39
01:07:48 65.97   80.71   68.34   89.94
01:08:52 65.86   80.38   68.11   89.60
01:09:55 65.86   80.60   68.11   89.26
01:10:58 65.86   80.60   68.11   89.04
01:12:02 65.86   80.71   68.11   88.81
01:13:05 65.86   80.49   68.34   88.47
01:14:08 65.86   80.60   68.22   88.47
01:15:12 65.97   80.71   68.22   88.14
01:16:15 65.86   80.49   68.00   87.80
01:17:18 65.86   80.49   68.00   87.58
01:18:22 65.86   80.60   68.00   87.46
01:19:25 65.86   80.60   68.11   87.24
01:20:28 65.86   80.60   68.11   87.12
01:21:32 65.86   80.15   68.00   87.01
01:22:35 65.86   80.26   68.11   86.68
01:23:39 65.86   80.60   68.11   86.56
01:24:42 65.86   80.49   68.11   86.34
01:25:45 65.86   80.60   68.11   86.11
01:26:49 65.86   80.38   68.11   86.00
01:27:52 65.86   80.26   68.22   85.89
01:28:55 65.86   80.38   68.11   85.78
01:29:59 65.86   80.26   68.11   85.66
01:31:02 65.86   80.38   68.11   85.44
01:32:05 65.86   80.15   68.00   85.33
01:33:09 65.86   80.49   68.00   85.21
01:34:12 65.86   80.26   68.00   85.21
01:35:15 65.75   80.15   68.11   84.99
01:36:19 65.86   80.15   68.11   84.76
01:37:22 65.75   79.81   68.11   84.88
01:38:25 65.86   80.15   68.11   84.65
01:39:29 65.75   80.04   68.11   84.43
01:40:32 65.75   80.04   68.11   84.20
01:41:35 65.75   80.15   68.00   84.20
01:42:39 65.75   80.04   68.00   84.09
01:43:42 65.75   80.15   67.89   83.97
01:44:45 65.75   80.04   67.89   83.97
01:45:49 65.75   79.93   68.00   83.97
01:46:52 65.75   80.15   68.00   83.75
01:47:55 65.75   80.04   68.00   83.75
01:48:59 65.75   80.15   67.89   83.64
01:50:02 65.75   80.26   67.89   83.53
01:51:05 65.75   80.04   67.89   83.41
01:52:09 65.75   80.26   67.78   83.30
01:53:12 65.75   79.93   67.89   83.08
01:54:15 65.75   80.15   67.89   83.19
01:55:19 65.75   80.04   67.89   83.08
01:56:22 65.75   79.93   67.89   82.96
01:57:25 65.75   79.81   67.89   82.85
01:58:29 65.75   79.93   67.89   82.85
01:59:32 65.75   79.93   67.89   82.74
02:00:35 65.75   79.93   67.89   82.62
02:01:39 65.75   79.81   67.78   82.51
02:02:42 65.75   79.81   67.78   82.40
02:03:45 65.75   80.04   67.78   82.40
02:04:49 65.75   80.04   67.78   82.29
02:05:52 65.64   79.81   67.89   82.40
02:06:56 65.64   79.81   67.89   82.29
02:07:59 65.64   79.93   67.89   82.06
02:09:02 65.64   79.81   67.78   82.18
02:10:06 65.64   79.81   67.66   82.18
02:11:09 65.64   80.04   67.66   82.18
02:12:12 65.64   79.70   67.66   82.06
02:13:16 65.64   79.70   67.66   81.95
02:14:19 65.64   79.70   67.66   81.95
02:15:22 65.64   79.93   67.78   81.95
02:16:26 65.64   79.93   67.66   81.95
02:17:29 65.64   79.81   67.66   81.84
02:18:32 65.64   79.81   67.66   81.84
02:19:36 65.64   79.70   67.66   81.72
02:20:39 65.53   79.70   67.78   81.72
02:21:42 65.64   79.36   67.78   81.61
02:22:46 65.64   79.47   67.66   81.72
02:23:49 65.64   79.70   67.55   81.61
02:24:52 65.64   79.70   67.66   81.61
02:25:56 65.53   79.70   67.66   81.50
02:26:59 65.53   79.70   67.55   81.39
02:28:02 65.53   79.25   67.55   81.28
02:29:06 65.64   79.47   67.55   81.16
02:30:09 65.64   79.47   67.44   81.16
02:31:12 65.53   79.36   67.55   81.05
02:32:16 65.53   79.59   67.55   81.05
02:33:19 65.53   79.59   67.55   81.05
02:34:22 65.53   79.47   67.55   81.05
02:35:26 65.53   79.47   67.55   81.05
02:36:29 65.53   79.47   67.44   81.05
02:37:32 65.53   79.36   67.44   80.94
02:38:36 65.53   79.47   67.44   80.83
02:39:39 65.53   79.36   67.33   81.05
02:40:42 65.53   79.14   67.44   80.94
02:41:46 65.53   79.25   67.44   80.94
02:42:49 65.53   79.59   67.44   80.83
02:43:53 65.53   79.59   67.44   80.83
02:44:56 65.53   79.59   67.44   80.83
02:45:59 65.53   79.36   67.33   80.83
02:47:03 65.53   79.14   67.33   80.71
02:48:06 65.53   79.14   67.21   80.71
02:49:09 65.53   79.25   67.33   80.71
02:50:13 65.53   79.14   67.33   80.71
02:51:16 65.53   79.59   67.33   80.83
02:52:19 65.41   79.36   67.33   80.60
02:53:23 65.41   79.59   67.33   80.49
02:54:26 65.41   79.36   67.33   80.49
02:55:29 65.41   79.25   67.33   80.49
02:56:33 65.41   79.25   67.33   80.49
02:57:36 65.41   79.36   67.33   80.49
02:58:39 65.41   79.03   67.21   80.49
02:59:43 65.41   79.14   67.21   80.38
03:00:46 65.41   79.36   67.21   80.26
03:01:49 65.41   79.25   67.21   80.26
03:02:53 65.41   79.25   67.21   80.26
03:03:56 65.41   79.36   67.21   80.26
03:04:59 65.41   79.36   67.21   80.26
03:06:03 65.41   79.14   67.21   80.26
03:07:06 65.41   79.25   67.10   80.26
03:08:09 65.41   79.36   67.21   80.26
03:09:13 65.41   79.25   67.10   80.26
03:10:16 65.53   79.14   67.10   80.04
03:11:19 65.41   79.14   67.10   80.04
03:12:23 65.53   78.91   67.10   80.26
03:13:26 65.41   79.03   67.10   80.15
03:14:30 65.53   79.25   67.10   80.15
03:15:33 65.53   79.14   67.10   80.04
03:16:36 65.41   79.03   67.10   80.04
03:17:40 65.41   79.14   67.10   79.93
03:18:43 65.53   79.03   66.99   79.93
03:19:46 65.41   78.80   67.10   80.04
03:20:50 65.41   78.91   67.10   80.04
03:21:53 65.41   78.80   66.99   80.04
03:22:56 65.41   79.03   66.99   80.04
03:24:00 65.41   78.80   66.99   79.93
03:25:03 65.41   78.91   66.99   79.81
03:26:06 65.41   79.14   66.99   79.70
03:27:10 65.41   79.03   66.99   79.70
03:28:13 65.41   79.14   66.99   79.70
03:29:16 65.41   78.80   66.99   79.70
03:30:20 65.41   78.80   66.99   79.70
03:31:23 65.41   78.80   67.10   79.59
03:32:26 65.30   78.69   66.99   79.59
03:33:30 65.41   79.25   66.99   79.70
03:34:33 65.75   94.89   66.99   79.59
03:35:36 68.11   137.98   66.76   79.81
03:36:39 68.90   142.25   66.88   80.49
03:37:42 69.35   116.94   66.99   81.16
03:38:45 68.79   110.53   66.99   81.28
03:39:49 67.89   109.06   66.88   81.39
03:40:52 67.33   109.29   66.99   81.16
03:41:55 66.88   107.38   67.10   81.05
03:42:59 66.54   106.03   67.10   80.94
03:44:02 66.31   104.00   67.10   80.94
03:45:05 66.20   103.33   67.21   80.83
03:46:09 66.09   101.30   67.21   80.83
03:47:12 66.09   99.05   67.10   80.71
03:48:15 65.97   97.48   67.10   80.83
03:49:19 65.86   96.24   66.99   80.71
03:50:22 65.86   94.78   66.99   80.60
03:51:26 65.75   93.54   66.99   80.60
03:52:29 66.88   113.45   66.99   80.71
03:53:32 68.68   139.89   66.99   80.94
03:54:35 69.35   150.80   67.10   81.72
03:55:38 69.69   131.00   66.99   82.40
03:56:41 70.03   111.99   67.10   82.62
03:57:44 68.79   112.33   67.10   82.51
03:58:48 67.89   109.29   67.10   82.29
03:59:51 67.33   110.64   67.10   82.06
04:00:54 66.99   109.40   67.21   81.95
04:01:58 66.65   107.60   67.21   81.95
04:03:01 66.54   105.91   67.21   81.95
04:04:04 66.31   103.66   67.33   81.95
04:05:08 66.31   102.31   67.33   81.95
04:06:11 66.20   100.29   67.21   81.84
04:07:14 66.09   99.16   67.21   81.84
04:08:18 65.97   98.49   67.21   81.84
04:09:21 68.00   125.83   67.21   81.84
04:10:24 69.12   144.16   67.10   82.29
04:11:27 69.69   153.05   67.21   83.19
04:12:30 70.14   131.56   67.21   83.64
04:13:33 70.14   112.78   67.33   83.75
04:14:36 69.01   113.23   67.33   83.75
04:15:39 68.11   112.78   67.44   83.53
04:16:43 67.55   112.78   67.44   83.41
04:17:46 67.21   110.41   67.44   83.19
04:18:50 66.88   108.95   67.44   83.08
04:19:53 66.65   107.38   67.55   82.96
04:20:56 66.54   105.35   67.55   82.85
04:22:00 66.43   103.66   67.55   82.96
04:23:03 66.31   101.64   67.55   82.85
04:24:06 66.31   106.81   67.44   82.85
04:25:09 68.90   135.16   67.33   82.96
04:26:12 69.58   148.55   67.44   83.64
04:27:15 70.03   135.84   67.55   84.43
04:28:18 70.25   113.00   67.55   84.65
04:29:22 69.12   112.33   67.44   84.54
04:30:25 68.34   111.20   67.55   84.31
04:31:28 67.66   111.88   67.55   84.09
04:32:32 67.21   109.85   67.66   83.97
04:33:35 66.99   108.73   67.78   83.86
04:34:38 66.76   106.92   67.66   83.86
04:35:42 66.54   105.24   67.55   83.75
04:36:45 66.43   103.44   67.55   83.75
04:37:48 66.31   101.41   67.55   83.64
04:38:52 66.20   100.17   67.55   83.53
04:39:55 67.21   114.69   67.66   83.64
04:40:58 69.12   138.65   67.55   83.86
04:42:01 69.80   150.69   67.66   84.43
04:43:04 70.14   140.34   67.55   85.21
04:44:07 70.47   114.12   67.55   85.55
04:45:10 69.46   112.66   67.66   85.44
04:46:14 68.45   111.76   67.66   85.21
04:47:17 67.89   109.40   67.89   84.88
04:48:20 67.44   110.30   67.89   84.65
04:49:24 67.10   109.17   67.78   84.54
04:50:27 66.88   107.60   67.66   84.54
04:51:30 66.76   106.03   67.66   84.43
04:52:34 66.54   104.11   67.66   84.31
04:53:37 66.43   102.54   67.78   84.31
04:54:40 66.31   100.74   67.78   84.20
04:55:44 66.31   99.61   67.89   84.09
04:56:47 66.20   101.75   67.89   84.20
04:57:50 68.68   131.68   67.78   84.20
04:58:53 69.58   147.31   67.66   84.76
04:59:56 70.14   142.36   67.78   85.44
05:00:59 70.36   115.92   67.66   85.78
05:02:02 69.58   112.44   67.78   85.89
05:03:06 68.56   111.42   67.78   85.66
05:04:09 67.89   109.29   67.89   85.44
05:05:12 67.44   108.84   67.89   85.21
05:06:16 67.10   108.50   67.89   84.99
05:07:19 66.88   107.49   67.78   84.88
05:08:22 66.76   105.58   67.78   84.88
05:09:26 66.54   103.78   67.78   84.88
05:10:29 66.54   102.31   67.78   84.88
05:11:32 66.43   100.40   67.89   84.65
05:12:36 66.31   99.61   67.78   84.65
05:13:39 66.20   97.70   67.66   84.65
05:14:42 66.20   97.92   67.66   84.65
05:15:46 68.22   125.26   67.66   84.54
05:16:49 69.35   144.61   67.66   84.88
05:17:52 69.91   142.93   67.78   85.55
05:18:55 70.14   116.83   67.78   86.00
05:19:58 69.58   112.44   67.78   86.00
05:21:01 68.56   111.99   67.89   85.78
05:22:05 67.89   112.89   67.89   85.66
05:23:08 67.44   111.99   68.00   85.44
05:24:11 67.10   110.30   68.00   85.44
05:25:15 66.88   108.05   68.11   85.33
05:26:18 66.76   106.14   67.89   85.10
05:27:21 66.54   104.90   67.78   85.21
05:28:25 66.43   102.31   67.78   84.99
05:29:28 66.43   101.08   67.78   84.99
05:30:31 66.31   99.61   68.00   84.99
05:31:35 66.20   98.83   68.00   84.99
05:32:38 66.20   97.70   68.00   84.76
05:33:41 66.09   96.12   67.89   84.76
05:34:45 66.09   96.80   67.66   84.65
05:35:48 68.22   124.92   67.66   84.88
05:36:51 69.24   144.73   67.78   85.21
05:37:54 69.80   154.18   67.89   85.89
05:38:57 70.25   152.04   67.89   86.56
05:40:00 70.59   145.18   67.89   87.12
05:41:02 70.93   153.39   68.00   87.58
05:42:05 71.26   159.69   68.11   87.91
05:43:08 71.38   137.07   68.11   88.25
05:44:11 71.26   120.54   68.22   88.14
05:45:15 69.91   121.21   68.22   87.80
05:46:18 68.90   120.09   68.34   87.35
05:47:21 68.22   121.10   68.34   87.12
05:48:25 67.78   118.62   68.45   86.90
05:49:28 69.69   127.96   68.34   86.90
05:50:31 70.59   141.80   68.45   87.12
05:51:34 71.04   152.60   68.34   87.80
05:52:37 71.26   158.79   68.45   88.36
05:53:40 71.60   136.18   68.45   88.81
05:54:43 71.38   119.64   68.45   88.81
05:55:46 69.91   120.31   68.45   88.47
05:56:49 68.90   119.19   68.56   88.14
05:57:53 68.34   119.64   68.56   87.91
05:58:56 67.89   117.73   68.56   87.69
05:59:59 69.69   126.95   68.56   87.69
06:01:02 70.70   141.12   68.56   88.03
06:02:05 71.15   152.26   68.56   88.70
06:03:08 71.49   158.11   68.68   89.38
06:04:11 71.71   134.60   68.79   89.71
06:05:14 71.38   119.98   68.79   89.60
06:06:17 70.03   120.99   68.79   89.38
06:07:21 69.01   119.08   68.90   89.04
06:08:24 68.34   118.51   68.79   88.81
06:09:27 68.00   118.29   68.79   88.70
06:10:31 67.66   115.81   68.68   88.47
06:11:34 69.12   123.24   68.68   88.36
06:12:37 70.59   138.09   68.79   88.59
06:13:40 71.04   150.01   68.79   89.26
06:14:43 71.38   155.98   68.79   89.71
06:15:46 71.71   131.34   68.90   90.05
06:16:49 71.60   113.00   68.90   90.05
06:17:52 70.25   114.24   68.90   89.83
06:18:56 69.24   113.56   69.01   89.49
06:19:59 68.56   111.88   69.01   89.15
06:21:02 68.11   113.00   68.90   89.04
06:22:06 67.78   111.31   68.79   88.81
06:23:09 67.44   110.19   68.79   88.81
06:24:12 67.21   107.94   68.79   88.59
06:25:16 67.10   108.16   68.79   88.47
06:26:19 69.58   129.99   68.79   88.59
06:27:22 70.70   145.51   68.90   89.04
06:28:25 71.15   153.61   68.90   89.60
06:29:28 71.49   131.11   68.90   90.16
06:30:31 71.60   112.55   69.12   90.16
06:31:34 70.03   113.45   69.01   89.94
06:32:38 69.12   113.34   69.12   89.60
06:33:41 68.56   114.46   69.12   89.38
06:34:44 68.11   113.11   69.01   89.15
06:35:48 67.66   110.98   69.01   89.15
06:36:51 67.55   109.17   69.01   89.04
06:37:54 67.21   107.49   68.90   88.81
06:38:58 67.10   105.69   68.90   88.70
06:40:01 66.99   104.45   68.79   88.70
06:41:04 66.99   103.55   68.90   88.47
06:42:08 66.88   102.31   68.90   88.47
06:43:11 66.76   100.96   68.90   88.25
06:44:14 66.65   99.28   68.79   88.25
06:45:18 66.65   98.04   68.79   88.03
06:46:21 66.54   97.25   68.79   88.03
06:47:24 66.54   96.01   68.79   87.91
06:48:28 66.54   95.45   68.79   87.80
06:49:31 66.43   94.55   68.79   87.69
06:50:34 66.43   93.65   68.79   87.58
06:51:38 66.31   92.97   68.68   87.46
06:52:41 66.31   92.08   68.68   87.35
06:53:44 66.31   91.40   68.56   87.24
06:54:48 66.31   91.29   68.45   87.12
06:55:51 66.20   90.39   68.56   88.93
06:56:54 66.31   89.71   68.56   95.56
06:57:58 66.20   95.11   68.45   98.60
06:59:01 69.24   134.38   68.45   99.16
07:00:04 70.14   150.12   68.68   98.60
07:01:07 70.70   156.76   68.68   98.38
07:02:10 71.04   143.94   68.79   98.26
07:03:13 71.49   151.25   68.90   98.04
07:04:15 71.83   159.12   68.90   97.81
07:05:18 72.05   147.31   69.01   97.70
07:06:21 72.28   149.34   69.12   97.70
07:07:24 72.61   157.66   69.12   97.70
07:08:27 72.72   154.29   69.24   97.70
07:09:30 72.95   147.43   69.35   97.59
07:10:33 72.95   155.75   69.35   97.48
07:11:36 73.06   149.00   69.46   97.48
07:12:39 73.18   122.23   69.58   97.36
07:13:42 71.94   121.78   69.58   97.03
07:14:45 70.59   122.00   69.58   96.46
07:15:49 69.46   119.75   69.46   95.90
07:16:52 71.60   132.12   69.46   95.56
07:17:55 72.28   145.85   69.58   95.68
07:18:57 72.50   155.75   69.69   95.90
07:20:00 72.61   157.44   69.69   104.67
07:21:03 72.84   143.82   69.80   109.17
07:22:06 73.06   122.11   69.80   109.51
07:23:10 72.61   113.90   69.91   108.95
07:24:13 71.04   115.14   69.91   107.94
07:25:16 69.91   114.24   69.80   107.04
07:26:20 69.12   114.69   69.69   106.14
07:27:23 71.71   136.40   69.69   105.58
07:28:25 72.39   149.90   69.80   105.46
07:29:28 72.61   158.34   69.91   105.35
07:30:31 72.95   148.89   69.91   105.24
07:31:34 73.18   125.71   70.03   104.90
07:32:38 72.28   120.65   70.14   104.34
07:33:41 70.81   120.99   70.03   103.66
07:34:44 69.80   119.30   70.03   102.99
07:35:48 69.12   117.05   70.03   102.31
07:36:51 68.56   118.62   69.91   101.75
07:37:54 71.49   130.55   69.91   101.41
07:38:57 72.28   144.84   70.03   101.30
07:40:00 72.61   155.07   70.03   101.41
07:41:03 72.84   158.68   70.14   101.53
07:42:06 73.18   132.46   70.25   101.53
07:43:09 72.84   120.76   70.36   101.30
07:44:12 71.15   121.44   70.14   100.74
07:45:16 70.14   120.09   70.14   100.17
07:46:19 69.24   120.65   70.14   99.61
07:47:22 68.79   119.75   70.03   99.16
07:48:26 68.34   119.08   70.03   98.83
07:49:29 71.49   133.25   70.03   98.60
07:50:31 72.28   146.64   70.14   98.71
07:51:34 72.61   152.15   70.25   99.05
07:52:37 72.95   127.51   70.25   99.05
07:53:41 72.84   113.11   70.36   98.94
07:54:44 71.26   114.12   70.25   98.60
07:55:47 70.14   114.35   70.25   98.04
07:56:51 69.35   112.78   70.25   97.70
07:57:54 68.79   110.86   70.14   97.36
07:58:57 68.34   111.31   70.03   97.03
08:00:01 68.11   110.64   70.03   96.69
08:01:04 67.89   109.17   69.91   96.35
08:02:07 67.66   107.71   69.91   96.01
08:03:11 67.55   106.70   69.91   95.79
08:04:14 67.44   104.90   69.91   95.56
08:05:17 67.33   103.10   69.91   95.34
08:06:21 67.21   101.86   69.80   95.11
08:07:24 67.10   100.74   69.80   94.89
08:08:27 67.10   99.95   69.80   94.66
08:09:31 66.99   99.05   69.80   94.33
08:10:34 66.99   97.92   69.80   94.10
08:11:37 66.99   96.91   69.69   93.88
08:12:41 66.88   96.24   69.69   93.65
08:13:44 66.76   95.22   69.69   93.43
08:14:47 66.76   94.78   69.69   93.20
08:15:51 66.76   94.10   69.69   93.09
08:16:54 66.76   93.65   69.58   92.86
08:17:57 66.65   93.09   69.58   92.64
08:19:01 66.65   92.53   69.58   92.41
08:20:04 66.65   92.08   69.58   92.19
08:21:08 66.65   91.51   69.58   91.96
08:22:11 66.54   91.18   69.46   91.85
08:23:14 66.54   90.72   69.58   91.62
08:24:18 66.54   90.28   69.46   91.40
08:25:21 66.54   90.16   69.46   91.29
08:26:24 66.54   89.71   69.46   91.18
08:27:28 66.54   89.38   69.46   90.95
08:28:31 66.54   88.93   69.46   90.72
08:29:34 66.54   88.81   69.46   90.61
08:30:38 66.43   88.25   69.46   90.39
08:31:41 66.43   88.14   69.46   90.28
08:32:44 66.43   88.03   69.46   90.16
08:33:48 66.43   87.80   69.35   89.94
08:34:51 66.43   87.80   69.35   89.83
08:35:54 66.31   87.35   69.35   102.31
08:36:58 66.43   87.24   69.46   106.48
08:38:01 66.31   87.01   69.46   107.60
08:39:04 66.31   86.79   69.46   108.05
08:40:08 66.31   86.79   69.46   108.39
08:41:11 66.31   86.56   69.35   108.39
08:42:14 66.31   86.45   69.24   109.06
08:43:18 66.31   86.56   69.35   109.40
08:44:21 66.31   86.22   69.35   109.74
08:45:24 66.31   86.11   69.35   110.08
08:46:28 66.31   86.00   69.24   110.19
08:47:31 66.31   86.11   69.24   109.74
08:48:34 66.31   86.00   69.24   109.06
08:49:38 66.31   86.00   69.24   108.39
08:50:41 66.31   86.00   69.24   107.83
08:51:44 66.31   85.66   69.24   107.04
08:52:48 66.31   85.78   69.12   106.36
08:53:51 66.31   86.00   69.24   105.69
08:54:54 66.20   85.66   69.24   104.90
08:55:58 66.20   85.44   69.12   104.23
08:57:01 66.31   85.44   69.12   103.66
08:58:05 66.20   85.33   69.24   112.89
08:59:08 66.20   85.10   69.24   115.25
09:00:11 66.20   85.55   69.12   115.36
09:01:15 66.31   85.55   69.12   114.69
09:02:18 66.31   85.21   69.12   113.79
09:03:21 66.31   85.21   68.90   114.46
09:04:25 66.31   84.88   69.01   115.81
09:05:28 66.20   84.99   68.90   114.91
09:06:31 66.20   84.99   69.01   113.56
09:07:35 66.20   84.76   69.01   112.44
09:08:38 66.20   84.65   69.01   111.09
09:09:41 66.20   84.76   69.01   110.08
09:10:45 66.20   84.54   69.01   109.06
09:11:48 66.20   84.54   69.12   108.16
09:12:51 66.20   84.31   69.01   113.67
09:13:55 66.20   84.43   69.01   113.00
09:14:58 66.09   84.20   69.01   111.88
09:16:01 66.09   84.31   68.90   110.64
09:17:05 66.09   84.20   68.90   109.40
09:18:08 66.09   83.86   68.90   108.39
09:19:11 66.09   84.09   68.90   107.26
09:20:15 66.09   83.97   68.79   106.36
09:21:18 66.09   83.86   68.79   105.58
09:22:21 66.09   83.97   68.79   104.79
09:23:25 66.09   83.75   68.79   104.11
09:24:28 65.97   83.86   68.79   103.33
09:25:31 65.97   83.86   68.79   102.65
09:26:35 65.97   83.75   68.79   102.09
09:27:38 65.97   83.75   68.79   101.41
09:28:42 65.97   83.53   68.68   100.85
09:29:45 65.97   83.41   68.68   100.17
09:30:48 65.97   83.41   68.56   99.61
09:31:52 65.97   83.41   68.79   99.05
09:32:55 65.97   83.30   68.68   98.60
09:33:58 65.97   83.41   68.56   98.04
09:35:02 65.86   83.41   68.56   97.70
09:36:05 65.97   83.19   68.56   97.25
09:37:08 65.97   83.08   68.56   96.80
09:38:12 65.97   83.19   68.45   96.46
09:39:15 65.86   83.30   68.45   96.12
09:40:18 65.86   83.19   68.34   95.79
09:41:22 65.86   83.30   68.34   95.34
09:42:25 65.86   82.96   68.45   95.00
09:43:28 65.86   82.85   68.34   94.55
09:44:32 65.86   82.96   68.45   94.21
09:45:35 65.86   83.08   68.45   93.99
09:46:38 65.86   82.85   68.34   93.65
09:47:42 65.86   82.74   68.45   93.43
09:48:45 65.86   82.85   68.34   93.09
09:49:48 65.86   82.96   68.34   92.75
09:50:52 65.75   82.85   68.34   92.53
09:51:55 65.75   82.74   68.34   92.30
09:52:58 65.86   82.62   68.34   91.96
09:54:02 65.75   82.74   68.34   91.74
09:55:05 65.75   82.51   68.22   91.51
09:56:08 65.86   82.62   68.34   91.18
09:57:12 65.75   82.51   68.22   90.95
09:58:15 65.75   82.51   68.22   90.72
09:59:18 65.75   82.74   68.22   90.50
10:00:22 65.75   82.51   68.11   90.28
10:01:25 65.75   82.51   68.22   90.16
10:02:28 65.75   82.29   68.22   89.94
10:03:32 65.75   82.18   68.22   89.71
10:04:35 65.75   82.29   68.22   89.49
10:05:39 65.75   82.29   68.11   89.26
10:06:42 65.75   82.29   68.11   89.15
10:07:45 65.75   82.18   68.11   89.04
10:08:49 65.64   82.18   68.11   88.81
10:09:52 65.75   82.06   68.11   88.70
10:10:55 65.64   82.18   68.11   88.47
10:11:59 65.64   82.06   68.11   88.25
10:13:02 65.64   81.95   68.11   88.03
10:14:05 65.64   81.95   68.00   88.03
10:15:09 65.64   81.84   68.00   87.80
10:16:12 65.64   81.84   68.11   87.69
10:17:15 65.64   81.84   68.00   87.58
10:18:19 65.64   81.84   68.11   87.35
10:19:22 65.64   81.84   68.00   87.24
10:20:25 65.64   81.84   68.00   87.12
10:21:29 65.64   81.72   68.00   87.01
10:22:32 65.64   81.84   68.00   86.90
10:23:35 65.64   81.72   68.00   86.90
10:24:39 65.64   81.72   68.00   86.79
10:25:42 65.64   81.72   68.00   100.40
10:26:45 65.53   81.84   68.00   106.48
10:27:49 65.64   81.72   68.00   105.12
10:28:52 65.64   81.72   68.00   103.44
10:29:55 65.64   86.34   67.89   111.20
10:30:59 68.45   130.66   67.89   112.10
10:32:02 69.58   150.46   67.89   112.55
10:33:04 70.14   143.71   67.89   113.11
10:34:07 70.70   146.30   67.89   113.56
10:35:10 70.93   155.86   68.00   114.01
10:36:13 71.49   150.12   68.11   114.24
10:37:16 71.71   123.12   68.11   114.35
10:38:19 71.04   114.58   68.11   114.01
10:39:23 69.58   115.59   68.22   113.23
10:40:26 68.68   113.79   68.34   112.33
10:41:29 68.11   114.12   68.34   111.54
10:42:33 67.66   112.78   68.34   113.00
10:43:36 69.69   127.62   68.22   112.89
10:44:39 70.81   143.94   68.34   114.24
10:45:42 71.38   154.96   68.34   115.03
10:46:45 71.71   149.68   68.45   115.03
10:47:48 72.05   121.55   68.45   114.46
10:48:51 71.15   114.58   68.45   113.79
10:49:54 69.80   115.59   68.56   112.78
10:50:58 68.90   113.23   68.68   111.99
10:52:01 68.22   110.86   68.68   110.98
10:53:04 67.78   113.56   68.56   110.19
10:54:07 70.70   134.04   68.56   109.62
10:55:10 71.38   148.32   68.68   109.40
10:56:13 71.83   157.78   68.68   109.29
10:57:16 72.16   143.38   68.79   109.17
10:58:19 72.39   120.31   68.79   108.73
10:59:23 70.70   120.20   68.79   108.16
11:00:26 69.58   120.09   68.90   107.49
11:01:29 68.79   120.20   68.90   106.81
11:02:33 68.22   118.62   68.90   106.36
11:03:36 67.89   115.92   68.90   105.69
11:04:39 67.78   117.61   68.79   105.24
11:05:42 70.93   134.26   68.90   105.01
11:06:45 71.60   148.21   68.90   105.01
11:07:48 71.94   157.66   69.01   105.12
11:08:51 72.28   143.82   69.01   119.75
11:09:54 72.39   120.31   69.01   123.35
11:10:57 71.04   120.31   69.01   123.12
11:12:01 69.69   119.53   69.12   122.67
11:13:04 68.90   118.17   69.12   122.67
11:14:07 68.34   118.51   69.01   119.08
11:15:11 68.00   116.04   69.12   116.15
11:16:14 67.66   114.01   69.01   114.35
11:17:17 69.91   125.26   69.12   113.11
11:18:20 71.49   141.01   69.12   112.33
11:19:23 71.94   152.82   69.12   111.99
11:20:26 72.50   153.84   69.24   111.88
11:21:29 72.84   126.39   69.24   111.65
11:22:32 72.61   113.11   69.24   111.09
11:23:36 70.93   114.46   69.24   110.41
11:24:39 69.69   113.56   69.35   109.51
11:25:42 69.01   114.80   69.46   108.84
11:26:46 68.56   113.45   69.35   108.16
11:27:49 68.11   111.65   69.24   107.49
11:28:52 67.89   109.74   69.24   106.92
11:29:56 67.66   108.73   69.35   106.25
11:30:59 67.44   106.70   69.24   105.69
11:32:02 67.33   105.01   69.24   105.12
11:33:06 67.21   103.78   69.24   104.67
11:34:09 68.56   116.49   69.24   104.23
11:35:12 71.26   140.34   69.24   104.11
11:36:15 71.94   152.71   69.35   104.23
11:37:18 72.50   135.50   69.35   104.45
11:38:21 72.39   118.74   69.46   111.20
11:39:24 70.70   119.08   69.46   116.38
11:40:28 69.69   119.75   69.46   115.48
11:41:31 69.01   118.85   69.35   114.24
11:42:34 68.45   116.60   69.35   112.78
11:43:38 68.11   114.46   69.24   111.54
11:44:41 67.78   112.33   69.12   110.64
11:45:44 67.55   110.64   69.12   109.62
11:46:48 67.44   108.39   69.12   108.95
11:47:51 67.33   106.92   69.12   108.28
11:48:54 67.10   105.46   69.24   107.60
11:49:58 67.10   103.44   69.24   106.81
11:51:01 66.99   101.86   69.12   106.14
11:52:04 66.88   100.74   69.12   105.58
11:53:08 66.88   99.95   69.12   105.01
11:54:11 66.88   98.38   69.24   104.56
11:55:14 66.88   97.48   69.24   103.89
11:56:18 66.76   96.12   69.24   103.33
11:57:21 66.65   95.34   69.35   102.88
11:58:25 66.54   94.44   69.35   102.31
11:59:28 66.54   94.10   69.35   101.98
12:00:31 66.54   93.43   69.35   101.53
12:01:35 66.43   92.75   69.35   101.08
12:02:38 66.43   92.30   69.35   100.62
12:03:41 66.43   91.62   69.35   100.29
12:04:45 66.31   90.84   69.24   99.84
12:05:48 66.31   90.39   69.35   99.50
12:06:51 66.31   90.05   69.35   99.28
12:07:55 66.31   89.60   69.24   98.83
12:08:58 66.31   89.49   69.24   98.38
12:10:01 66.20   89.26   69.12   98.15
12:11:05 66.20   88.70   69.12   97.92
12:12:08 66.20   88.59   69.12   97.48
12:13:11 66.20   87.91   69.24   97.14
12:14:15 66.20   87.91   69.24   96.80
12:15:18 66.20   87.69   69.12   96.46
12:16:21 66.20   87.46   69.24   96.24
12:17:25 66.09   87.35   69.12   96.01
12:18:28 66.20   86.90   69.12   95.68
12:19:31 66.09   86.79   69.12   95.45
12:20:35 66.09   86.68   69.12   95.22
12:21:38 66.09   86.56   69.12   94.89
12:22:41 66.09   86.34   69.12   94.66
12:23:45 66.09   86.11   69.12   94.21
12:24:48 66.09   86.22   69.12   93.88
12:25:51 66.09   86.11   69.12   93.76
12:26:55 65.97   85.78   69.01   93.31
12:27:58 65.97   85.66   69.01   93.09
12:29:01 65.97   85.44   68.90   92.86
12:30:05 65.97   85.10   69.01   92.75
12:31:08 65.97   85.21   69.01   92.64
12:32:12 65.97   85.21   69.01   92.30
12:33:15 65.97   85.10   69.01   92.08
12:34:18 65.97   85.10   68.90   91.85
12:35:22 65.86   84.88   68.90   91.62
12:36:25 65.97   84.88   68.90   91.40
12:37:28 65.97   84.54   68.90   91.18
12:38:32 65.97   84.65   68.79   90.95
12:39:35 65.97   84.54   68.79   90.84
12:40:38 65.97   84.20   68.79   90.72
12:41:42 65.97   84.20   68.79   114.01
12:42:45 65.86   83.97   68.90   114.80
12:43:48 65.86   84.20   68.79   114.01
12:44:52 65.86   84.09   68.79   113.11
12:45:55 65.86   83.97   68.79   112.44
12:46:58 65.86   84.09   68.79   112.10
12:48:02 65.97   83.97   68.79   111.88
12:49:05 65.86   83.97   68.79   111.20
12:50:08 65.86   83.86   68.79   110.64
12:51:12 65.97   83.86   68.68   109.96
12:52:15 65.86   83.86   68.68   109.17
12:53:18 65.97   83.86   68.68   108.39
12:54:22 65.86   84.09   68.68   107.49
12:55:25 65.97   83.86   68.56   106.70
12:56:28 65.86   83.86   68.56   106.03
12:57:32 65.86   83.75   68.56   105.24
12:58:35 65.86   83.86   68.56   104.67
12:59:38 65.86   83.64   68.56   104.00
13:00:42 65.86   83.75   68.56   103.44
13:01:45 65.86   83.75   68.45   102.99
13:02:48 65.86   83.64   68.45   102.31
13:03:52 65.86   83.64   68.45   101.86
13:04:55 65.86   83.53   68.56   101.41
13:05:59 65.86   83.41   68.56   100.85
13:07:02 65.86   83.41   68.45   100.51
13:08:05 65.86   83.30   68.45   100.06
13:09:09 65.86   83.41   68.45   99.73
13:10:12 65.86   83.41   68.45   99.28
13:11:15 65.86   83.53   68.45   98.94
13:12:19 65.86   83.30   68.34   98.49
13:13:22 65.86   90.95   68.34   98.04
13:14:25 69.80   136.18   68.34   97.92
13:15:28 70.93   145.40   68.34   98.15
13:16:31 71.49   120.76   68.45   98.26
13:17:34 70.93   111.65   68.34   98.26
13:18:38 69.46   110.53   68.34   97.92
13:19:41 68.56   108.05   68.34   97.48
13:20:44 68.00   109.51   68.45   97.14
13:21:48 67.55   108.84   68.56   96.69
13:22:51 67.33   106.81   68.56   96.46
13:23:54 67.10   105.58   68.56   96.12
13:24:58 66.88   103.55   68.45   95.79
13:26:01 66.65   102.31   68.45   95.56
13:27:04 66.65   100.29   68.56   95.22
13:28:08 66.54   99.28   68.45   95.00
13:29:11 66.43   97.81   68.45   94.66
13:30:14 66.43   97.03   68.45   94.44
13:31:18 66.31   95.79   68.56   94.21
13:32:21 66.31   94.78   68.56   93.99
13:33:24 66.31   93.99   68.56   93.76
13:34:28 66.20   93.54   68.45   93.43
13:35:31 66.09   92.19   68.56   93.31
13:36:34 66.09   91.85   68.45   93.09
13:37:38 66.09   90.95   68.45   92.97
13:38:41 66.09   90.28   68.45   92.75
13:39:44 65.97   90.05   68.45   92.41
13:40:48 65.97   89.15   68.34   92.30
13:41:51 65.97   88.93   68.34   92.08
13:42:55 65.97   88.59   68.34   91.85
13:43:58 65.97   88.47   68.45   91.62
13:45:01 65.97   87.91   68.45   91.40
13:46:05 65.97   87.46   68.34   91.18
13:47:08 65.86   86.90   68.22   91.06
13:48:11 65.86   86.56   68.34   90.84
13:49:15 65.97   86.34   68.34   90.61
13:50:18 65.86   86.00   68.34   90.50
13:51:21 65.86   85.89   68.34   90.39
13:52:25 65.86   85.66   68.34   90.28
13:53:28 65.86   85.66   68.45   90.16
13:54:31 65.86   85.33   68.34   89.94
13:55:35 65.86   84.99   68.34   89.71
13:56:38 65.86   85.89   68.34   89.71
13:57:41 67.66   111.42   68.34   89.49
13:58:44 70.14   143.15   68.34   89.71
13:59:47 71.04   133.25   68.34   90.16
14:00:50 71.38   111.99   68.34   90.28
14:01:54 69.91   110.53   68.34   90.39
14:02:57 68.79   108.39   68.22   90.16
14:04:00 68.11   107.94   68.34   89.94
14:05:04 67.55   108.73   68.45   89.83
14:06:07 67.21   106.70   68.45   89.60
14:07:10 67.10   106.03   68.45   89.38
14:08:14 66.88   104.34   68.45   89.15
14:09:17 66.65   102.99   68.45   89.15
14:10:20 66.54   101.19   68.45   88.93
14:11:24 66.54   99.50   68.34   88.70
14:12:27 66.43   98.04   68.45   88.70
14:13:30 66.31   96.91   68.45   88.59
14:14:34 66.31   96.01   68.45   88.47
14:15:37 66.20   95.00   68.45   88.36
14:16:41 66.20   94.21   68.45   88.14
14:17:44 66.09   93.65   68.45   88.14
14:18:47 66.09   92.53   68.45   88.03
14:19:51 66.09   91.96   68.45   87.91
14:20:54 65.97   91.40   68.45   87.91
14:21:57 65.97   90.72   68.34   87.80
14:23:01 65.97   90.05   68.34   87.69
14:24:04 65.97   89.38   68.34   87.58
14:25:07 65.86   88.59   68.34   87.46
14:26:11 65.86   88.36   68.34   87.35
14:27:14 65.86   88.14   68.34   87.12
14:28:17 65.86   87.69   68.34   87.01
14:29:21 65.86   87.24   68.34   87.12
14:30:24 66.20   98.49   68.34   87.12
14:31:27 69.91   138.43   68.22   87.35
14:32:30 70.81   144.16   68.34   87.69
14:33:33 71.26   119.41   68.22   88.14
14:34:36 70.59   111.42   68.22   113.34
14:35:40 69.24   110.98   68.22   116.49
14:36:43 68.34   111.54   68.34   116.71
14:37:46 67.89   109.62   68.45   117.73
14:38:50 67.44   107.94   68.45   116.94
14:39:53 67.10   106.14   68.34   115.14
14:40:56 66.99   104.79   68.34   113.11
14:42:00 66.76   103.44   68.34   111.31
14:43:03 66.65   102.09   68.45   109.74
14:44:06 66.54   101.08   68.45   108.39
14:45:10 66.43   99.16   68.34   107.15
14:46:13 66.43   97.70   68.34   106.03
14:47:16 66.43   96.80   68.22   104.90
14:48:20 66.43   95.79   68.22   104.00
14:49:23 66.31   94.89   68.34   103.10
14:50:26 66.31   94.10   68.22   102.31
14:51:30 66.31   92.97   68.22   101.64
14:52:33 66.31   92.19   68.45   100.85
14:53:36 66.31   91.74   68.34   100.17
14:54:40 66.31   91.06   68.22   99.61
14:55:43 66.20   91.40   68.34   99.16
14:56:47 68.79   121.78   68.34   98.83
14:57:49 70.59   145.51   68.34   98.60
14:58:52 71.26   144.16   68.45   98.71
14:59:55 71.83   118.17   68.34   98.71
15:00:59 70.93   111.88   68.34   98.38
15:02:02 69.69   111.20   68.34   97.81
15:03:05 68.79   110.98   68.34   97.25
15:04:09 68.22   110.64   68.56   96.80
15:05:12 67.78   108.50   68.45   96.46
15:06:15 67.55   107.15   68.45   96.12
15:07:19 67.33   105.46   68.45   112.44
15:08:22 67.10   104.11   68.34   114.01
15:09:25 66.99   102.65   68.34   115.81
15:10:29 66.88   100.74   68.34   116.04
15:11:32 66.76   99.61   68.34   115.48
15:12:35 66.76   98.04   68.45   114.69
15:13:39 66.65   97.36   68.45   113.90
15:14:42 66.65   99.05   68.34   112.89
15:15:45 66.43   96.35   68.34   111.88
15:16:49 66.31   94.21   68.34   114.24
15:17:52 66.43   93.43   68.22   115.03
15:18:55 66.43   92.30   68.22   114.46
15:19:59 66.31   91.51   68.34   113.45
15:21:02 66.31   91.29   68.34   112.33
15:22:06 66.31   91.40   68.34   111.31
15:23:09 68.68   119.41   68.34   110.41
15:24:12 70.59   144.16   68.34   109.96
15:25:15 71.38   146.30   68.34   109.62
15:26:18 71.83   119.86   68.45   109.17
15:27:21 70.93   113.56   68.34   108.50
15:28:24 69.58   113.67   68.22   107.60
15:29:28 68.68   111.76   68.22   106.70
15:30:31 68.11   113.23   68.45   105.80
15:31:34 67.78   111.42   68.56   105.01
15:32:38 67.44   109.29   68.56   104.34
15:33:41 67.21   106.36   68.56   103.66
15:34:44 66.99   104.67   68.45   102.99
15:35:48 66.99   103.33   68.45   102.42
15:36:51 66.88   101.41   68.34   101.75
15:37:54 66.76   100.17   68.22   101.19
15:38:58 66.65   98.94   68.34   100.62
15:40:01 66.65   97.25   68.34   100.17
15:41:04 66.54   96.24   68.22   99.73
15:42:08 66.54   96.12   68.34   111.42
15:43:11 68.79   119.86   68.34   111.76
15:44:14 70.70   143.49   68.45   111.31
15:45:17 71.49   153.73   68.45   111.09
15:46:20 72.05   160.03   68.45   110.75
15:47:23 72.50   158.11   68.45   110.41
15:48:26 72.95   148.32   68.45   109.74
15:49:29 73.29   155.64   68.56   109.17
15:50:31 73.62   158.68   68.79   108.73
15:51:34 73.74   131.90   68.90   108.16
15:52:38 73.51   115.48   68.90   107.38
15:53:41 71.60   116.71   68.90   106.36
15:54:44 70.25   118.29   68.79   105.35
15:55:48 69.24   115.48   69.01   104.45
15:56:51 68.68   116.04   68.90   103.66
15:57:54 70.81   129.09   68.90   103.10
15:58:57 72.39   144.50   68.90   102.88
16:00:00 72.84   154.74   69.01   102.88
16:01:03 73.29   159.80   69.12   102.88
16:02:06 73.74   135.16   69.24   102.76
16:03:09 73.18   122.23   69.24   102.54
16:04:12 71.15   123.12   69.12   101.86
16:05:16 69.91   122.23   69.12   101.30
16:06:19 69.12   120.20   69.24   100.62
16:07:22 68.56   117.50   69.24   100.06
16:08:26 68.11   118.96   69.12   99.61
16:09:29 71.83   134.49   69.12   99.39
16:10:31 72.72   147.43   69.12   99.39
16:11:34 73.18   156.54   69.12   99.61
16:12:37 73.51   147.43   69.24   99.84
16:13:40 73.85   122.56   69.46   99.84
16:14:44 71.94   122.56   72.50   99.39
16:15:47 70.59   123.46   70.93   99.05
16:16:50 69.69   120.76   70.36   98.38
16:17:54 69.01   120.99   70.14   98.04
16:18:57 68.56   119.08   70.14   97.70
16:20:00 68.22   118.40   70.03   97.36
16:21:03 71.83   134.04   70.14   97.14
16:22:06 72.84   147.31   70.14   97.25
16:23:09 73.29   156.54   70.25   97.59
16:24:12 73.74   139.78   70.36   97.81
16:25:15 73.74   121.10   70.47   97.81
16:26:18 71.83   121.89   70.47   97.48
16:27:22 70.47   121.89   70.59   97.14
16:28:25 69.58   119.19   70.47   96.69
16:29:29 69.01   118.40   70.47   96.35
16:30:32 68.56   117.73   70.47   96.01
16:31:35 68.34   115.59   70.47   95.68
16:32:39 68.11   113.34   70.47   95.45
16:33:42 67.89   111.42   70.47   95.22
16:34:45 67.66   109.17   70.47   95.11
16:35:49 67.55   107.60   70.47   94.89
16:36:52 70.14   124.36   70.47   94.66
16:37:55 72.16   143.15   70.59   94.66
16:38:58 72.95   152.71   70.70   95.11
16:40:01 73.40   130.78   70.70   95.45
16:41:04 72.72   120.09   70.81   95.45
16:42:07 70.93   121.10   70.81   95.11
16:43:11 70.03   118.62   70.70   94.78
16:44:14 69.24   116.26   70.70   94.44
16:45:17 68.79   116.83   70.47   94.21
16:46:21 68.45   115.70   70.47   93.88
16:47:24 68.22   113.79   70.47   93.88
16:48:27 68.00   111.88   70.47   93.65
16:49:31 67.78   109.40   70.47   93.43
16:50:34 67.66   107.60   70.36   93.20
16:51:37 67.55   106.03   70.36   92.97
16:52:41 67.55   104.56   70.03   92.75
16:53:44 67.44   102.99   69.80   92.53
16:54:47 67.33   101.41   69.80   92.30
16:55:51 67.21   100.62   69.91   92.08
16:56:54 67.21   99.05   70.03   91.96
16:57:57 67.10   98.04   70.03   91.85
16:59:01 67.10   96.46   70.03   91.74
17:00:04 67.10   95.79   70.03   91.51
17:01:07 66.99   95.00   70.03   91.40
17:02:11 66.99   94.55   70.03   91.18
17:03:14 66.99   93.99   70.03   91.06
17:04:17 66.99   93.31   70.03   90.95
17:05:21 66.88   92.64   70.03   90.72
17:06:24 66.88   92.19   69.91   95.79
17:07:27 66.88   91.74   69.91   95.79
17:08:31 66.76   91.40   69.91   95.56
17:09:34 66.76   90.95   69.91   94.89
17:10:37 66.76   90.16   69.91   94.66
17:11:41 66.76   89.83   69.80   105.69
17:12:44 66.76   89.71   69.80   111.65
17:13:47 66.65   89.83   69.80   111.76
17:14:51 66.65   89.26   69.80   110.98
17:15:54 66.65   89.04   69.69   109.96
17:16:58 66.65   88.59   69.69   108.95
17:18:01 66.65   88.25   69.58   108.05
17:19:04 66.54   88.36   69.58   107.04
17:20:08 66.54   87.69   69.58   106.25
17:21:11 66.43   87.46   69.46   105.35
17:22:14 66.43   87.24   69.46   104.56
17:23:18 66.43   87.24   69.46   103.78
17:24:21 66.43   87.35   69.46   103.10
17:25:24 66.54   86.90   69.46   102.31
17:26:28 66.43   86.79   69.35   101.75
17:27:31 66.43   86.68   69.35   101.08
17:28:34 66.43   86.79   69.35   100.51
17:29:38 66.43   86.56   69.24   99.95
17:30:41 66.43   86.00   69.24   99.50
17:31:44 66.43   86.11   69.12   99.05
17:32:48 66.43   86.11   69.12   98.49
17:33:51 66.31   85.55   69.12   98.04
17:34:54 66.31   85.44   69.12   97.59
17:35:58 66.31   85.55   69.12   97.03
17:37:01 66.31   85.78   69.12   96.80
17:38:04 66.31   85.44   69.12   96.35
17:39:08 66.31   85.44   69.12   95.90
17:40:11 66.31   85.21   69.12   95.56
17:41:14 66.31   85.21   69.12   95.11
17:42:18 66.31   85.21   69.12   94.78
17:43:21 66.31   85.33   69.12   94.44
17:44:24 66.20   85.21   69.12   94.21
17:45:28 66.20   85.44   69.12   93.88
17:46:31 66.20   85.10   69.12   93.65
17:47:34 66.20   84.88   69.12   93.43
17:48:38 66.20   84.88   69.12   93.09
17:49:41 66.20   84.88   69.12   92.86
17:50:45 66.20   84.76   69.01   92.53
17:51:48 66.09   84.76   69.12   92.30
17:52:51 66.09   84.76   69.12   91.96
17:53:55 66.09   84.65   69.01   91.85
17:54:58 66.20   84.43   69.01   91.51
17:56:01 66.09   84.54   69.01   91.40
17:57:05 66.09   84.43   69.01   91.18
17:58:08 66.09   84.65   69.01   90.95
17:59:11 66.09   84.54   69.01   90.61
18:00:15 66.09   84.20   68.90   90.39
18:01:18 66.09   84.09   69.01   90.39
18:02:21 65.97   84.43   68.90   90.16
18:03:25 65.97   84.43   68.90   89.94
18:04:28 65.97   84.20   68.90   89.71
18:05:31 65.97   83.97   68.90   89.60
18:06:35 65.97   84.09   68.90   89.26
18:07:38 65.97   84.09   68.90   89.26
18:08:41 65.97   84.20   68.90   89.04
18:09:45 65.97   83.75   68.79   88.81
18:10:48 65.97   83.97   68.79   88.70
18:11:51 65.97   83.75   68.79   99.50
18:12:55 65.97   83.86   68.79   109.17
18:13:58 65.97   83.86   68.79   111.31
18:15:01 65.97   83.75   68.79   110.98
18:16:05 65.97   83.86   68.68   111.88
18:17:08 65.97   83.75   68.68   110.86
18:18:11 65.97   83.86   68.68   109.40
18:19:15 65.97   84.20   68.68   107.94
18:20:18 65.97   83.86   68.68   106.48
18:21:21 65.97   83.86   68.68   105.35
18:22:25 65.97   83.97   68.68   109.17
18:23:28 65.86   84.09   68.68   108.95
18:24:32 65.86   83.75   68.68   107.83
18:25:35 65.86   83.97   68.56   106.59
18:26:38 65.86   83.86   68.56   110.30
18:27:42 65.86   83.97   68.56   111.42
18:28:45 65.86   84.09   68.56   110.86
18:29:48 65.86   84.20   68.68   109.62
18:30:52 65.86   84.20   68.56   108.28
18:31:55 65.86   84.09   68.56   106.92
18:32:58 65.86   83.97   68.56   105.91
18:34:02 65.86   84.09   68.56   105.01
18:35:05 65.86   84.20   68.56   103.89
18:36:08 65.75   84.20   68.56   102.99
18:37:12 65.75   84.20   68.45   108.73
18:38:15 65.75   84.31   68.56   109.62
18:39:18 65.86   84.20   68.45   108.39
18:40:22 65.75   84.09   68.45   106.92
18:41:25 65.86   84.09   68.45   105.58
18:42:28 65.75   84.09   68.45   104.34
18:43:32 65.86   83.97   68.56   103.21
18:44:35 65.75   84.09   68.45   102.09
18:45:38 65.86   83.97   68.45   101.41
18:46:42 65.86   84.09   68.45   106.70
18:47:45 65.75   83.86   68.45   110.08
18:48:48 65.75   84.09   68.45   109.40
18:49:52 65.86   83.75   68.34   108.28
18:50:55 65.75   83.86   68.34   106.81
18:51:58 65.86   83.86   68.45   105.58
18:53:02 65.86   83.86   68.45   104.45
18:54:05 65.86   83.97   68.45   103.33
18:55:08 65.86   83.86   68.45   102.20
18:56:12 65.86   83.53   68.45   101.41
18:57:15 65.86   83.64   68.34   100.62
18:58:19 65.86   83.53   68.45   99.73
18:59:22 65.86   83.53   68.34   99.28
19:00:25 65.75   83.64   68.34   98.49
19:01:29 65.75   83.64   68.34   97.81
19:02:32 65.75   83.64   68.34   97.25
19:03:35 65.75   83.41   68.34   96.69
19:04:39 65.75   83.41   68.34   96.24
19:05:42 65.75   83.53   68.34   106.92
19:06:45 65.64   83.41   68.34   109.17
19:07:49 65.64   83.19   68.34   110.41
19:08:52 65.64   83.30   68.34   110.53
19:09:55 65.64   83.41   68.34   109.96
19:10:59 65.64   83.30   68.34   109.06
19:12:02 65.64   83.53   68.22   108.05
19:13:05 65.75   83.53   68.22   106.70
19:14:09 65.75   83.41   68.22   105.46
19:15:12 65.75   83.41   68.22   104.34
19:16:15 65.75   83.53   68.22   103.55
19:17:19 65.75   83.41   68.22   102.54
19:18:22 65.86   83.19   68.22   101.53
19:19:25 65.75   83.30   68.22   100.62
19:20:29 65.75   83.64   68.22   99.84
19:21:32 65.75   83.41   68.22   99.16
19:22:35 65.75   83.41   68.22   98.49
19:23:39 65.75   83.19   68.22   97.92
19:24:42 65.75   83.08   68.22   97.36
19:25:45 65.75   82.96   68.22   96.80
19:26:49 65.75   82.85   68.22   96.35
19:27:52 65.75   82.85   68.22   109.17
19:28:55 65.75   82.85   68.22   112.44
19:29:59 65.75   82.96   68.22   112.33
19:31:02 65.64   83.08   68.22   111.42
19:32:05 65.75   83.08   68.22   110.41
19:33:09 65.75   82.85   68.22   109.40
19:34:12 65.75   82.74   68.22   108.39
19:35:15 65.75   82.96   68.22   107.49
19:36:19 65.75   82.62   68.22   106.59
19:37:22 65.75   82.96   68.22   105.80
19:38:26 65.75   82.74   68.22   104.79
19:39:29 65.75   82.96   68.22   104.11
19:40:32 65.75   82.96   68.11   103.33
19:41:36 65.75   82.96   68.11   102.65
19:42:39 65.75   82.96   68.22   102.09
19:43:42 65.75   82.74   68.22   101.41
19:44:46 65.75   82.85   68.22   100.74
19:45:49 65.86   82.62   68.22   100.17
19:46:52 65.75   82.40   68.22   99.73
19:47:56 65.75   82.51   68.22   99.16
19:48:59 65.86   82.74   68.22   98.60
19:50:02 65.75   82.62   68.34   97.92
19:51:06 65.86   82.74   68.22   97.48
19:52:09 65.75   82.62   68.34   96.91
19:53:12 65.75   82.51   68.34   96.46
19:54:16 65.75   82.62   68.34   96.01
19:55:19 65.75   82.51   68.34   95.68
19:56:22 65.75   82.51   68.34   95.34
19:57:26 65.75   82.85   68.34   95.00
19:58:29 65.75   82.96   68.45   94.55
19:59:32 65.75   82.74   68.45   94.21
20:00:36 65.75   82.51   68.45   93.88
20:01:39 65.75   82.40   68.45   93.54
20:02:42 65.86   82.51   68.45   93.20
20:03:46 65.86   82.51   68.45   92.86
20:04:49 65.75   82.51   68.45   92.53
20:05:52 65.75   82.62   68.45   92.30
20:06:56 65.75   82.62   68.45   91.96
20:07:59 65.75   82.74   68.45   91.62
20:09:02 65.75   82.62   68.45   91.40
20:10:06 65.75   82.51   68.45   91.06
20:11:09 65.75   82.51   68.56   90.72
20:12:12 65.86   82.40   68.56   90.50
20:13:16 65.75   82.40   68.56   90.28
20:14:19 65.75   82.40   68.56   90.05
20:15:22 65.75   82.62   68.56   89.71
20:16:26 65.75   82.29   68.56   89.49
20:17:29 65.75   82.29   68.56   89.38
20:18:32 65.75   82.51   68.56   89.04
20:19:36 65.75   82.29   68.56   88.81
20:20:39 65.86   82.40   68.56   88.70
20:21:42 65.86   82.29   68.56   88.47
20:22:46 65.75   82.29   68.56   88.36
20:23:49 65.75   82.29   68.68   88.14
20:24:53 65.75   82.29   68.68   87.91
20:25:56 65.75   82.18   68.68   87.80
20:26:59 65.75   82.40   68.68   87.69
20:28:03 65.75   82.06   68.68   87.46
20:29:06 65.75   82.29   68.68   87.35
20:30:09 65.86   82.18   68.68   87.24
20:31:13 65.75   82.29   68.68   87.12
20:32:16 65.86   82.29   68.68   86.90
20:33:19 65.75   82.06   68.68   86.79
20:34:23 65.86   82.06   68.68   86.56
20:35:26 65.86   81.95   68.68   86.45
20:36:29 65.75   81.95   68.68   86.34
20:37:33 65.75   81.95   68.68   86.34
20:38:36 65.86   82.29   68.68   86.22
20:39:39 65.75   82.18   68.68   86.11
20:40:43 65.75   82.40   68.68   85.89
20:41:46 65.75   82.06   68.68   85.89
20:42:49 65.75   82.29   68.68   85.66
20:43:53 65.86   82.06   68.68   85.66
20:44:56 65.86   82.18   68.68   85.44
20:45:59 65.75   82.06   68.68   85.44
20:47:03 65.75   81.95   68.68   85.33
20:48:06 65.75   82.29   68.68   85.10
20:49:09 65.75   82.18   68.68   107.38
20:50:13 65.75   82.06   68.56   110.30
20:51:16 65.75   82.29   68.56   110.98
20:52:19 65.75   82.40   68.56   111.54
20:53:23 65.75   82.18   68.45   111.76
20:54:26 65.75   82.40   68.45   111.88
20:55:29 65.75   82.29   68.45   111.88
20:56:33 65.75   82.51   68.45   111.65
20:57:36 65.75   82.51   68.45   111.42
20:58:39 65.75   82.40   68.34   111.09
20:59:43 65.75   82.29   68.45   110.41
21:00:46 65.75   82.18   68.45   109.74
21:01:49 65.75   82.18   68.34   109.06
21:02:53 65.75   82.18   68.34   108.28
21:03:56 65.75   82.18   68.34   107.49
21:04:59 65.75   82.18   68.34   106.59
21:06:03 65.75   82.06   68.22   105.80
21:07:06 65.75   82.18   68.22   105.12
21:08:09 65.75   82.51   68.22   104.34
21:09:13 65.75   82.29   68.22   103.66
21:10:16 65.75   82.29   68.22   102.99
21:11:20 65.75   82.18   68.22   102.42
21:12:23 65.75   82.29   68.22   101.86
21:13:26 65.86   82.29   68.22   101.30
21:14:30 65.86   82.29   68.22   100.74
21:15:33 65.86   82.40   68.11   100.29
21:16:36 65.86   82.06   68.11   99.84
21:17:40 65.86   82.40   68.11   99.50
21:18:43 65.86   82.18   68.11   99.05
21:19:46 65.86   82.29   68.11   98.71
21:20:50 65.86   82.18   68.11   98.26
21:21:53 65.86   82.29   68.11   98.04
21:22:56 65.86   82.29   68.11   97.70
21:24:00 65.86   82.29   68.11   97.36
21:25:03 65.86   82.18   68.11   96.80
21:26:06 65.86   82.06   68.00   96.46
21:27:10 65.86   82.29   68.11   96.12
21:28:13 65.86   82.06   68.11   95.68
21:29:16 65.86   82.29   68.11   95.34
21:30:20 65.75   82.29   68.00   95.11
21:31:23 65.75   81.95   68.00   94.89
21:32:26 65.75   81.95   68.00   94.55
21:33:30 65.75   81.95   68.00   94.21
21:34:33 65.75   81.95   68.00   93.99
21:35:36 65.75   81.95   68.00   93.76
21:36:40 65.75   81.95   68.00   93.54
21:37:43 65.75   82.29   68.00   93.20
21:38:46 65.75   82.06   68.00   92.75
21:39:50 65.64   81.95   68.00   92.53
21:40:53 65.75   81.84   68.00   92.41
21:41:56 65.64   81.95   68.00   92.08
21:43:00 65.64   81.95   68.00   91.96
21:44:03 65.64   81.72   68.00   91.51
21:45:06 65.64   81.72   68.00   91.29
21:46:10 65.64   81.72   67.89   91.06
21:47:13 65.64   81.84   67.89   90.95
21:48:17 65.64   81.72   67.89   90.61
21:49:20 65.53   81.72   67.89   90.39
21:50:23 65.64   81.72   67.89   90.16
21:51:27 65.64   81.61   67.89   90.16
21:52:30 65.64   81.61   67.89   89.94
21:53:33 65.64   81.72   67.89   89.83
21:54:37 65.53   81.72   67.89   89.60
21:55:40 65.64   81.61   67.78   89.26
21:56:43 65.53   81.50   67.89   89.15
21:57:47 65.53   81.84   67.78   89.04
21:58:50 65.64   81.61   67.78   88.70
21:59:53 65.53   81.61   67.78   88.47
22:00:57 65.53   81.61   67.78   88.25
22:02:00 65.64   81.61   67.78   88.14
22:03:03 65.53   81.16   67.78   88.03
22:04:07 65.64   81.16   67.78   87.69
22:05:10 65.53   81.39   67.78   87.58
22:06:13 65.53   81.50   67.78   87.46
22:07:17 65.53   81.16   67.66   87.35
22:08:20 65.53   81.39   67.66   87.24
22:09:23 65.53   81.50   67.66   87.12
22:10:27 65.53   81.39   67.66   87.01
22:11:30 65.41   81.39   67.66   86.79
22:12:33 65.41   81.28   67.66   86.56
22:13:37 65.53   81.28   67.66   86.34
22:14:40 65.41   80.94   67.66   86.34
22:15:43 65.41   81.16   67.66   86.11
22:16:47 65.41   81.16   67.55   86.11
22:17:50 65.41   80.94   67.55   85.89
22:18:53 65.41   81.05   67.55   86.00
22:19:57 65.41   81.16   67.55   85.78
22:21:00 65.53   81.05   67.55   85.78
22:22:03 65.41   81.16   67.55   85.55
22:23:07 65.41   81.05   67.55   85.44
22:24:10 65.41   80.83   67.55   85.33
22:25:14 65.41   80.94   67.55   85.10
22:26:17 65.41   80.94   67.55   84.99
22:27:20 65.41   80.94   67.44   84.88
22:28:24 65.41   80.83   67.44   84.76
22:29:27 65.41   81.05   67.44   84.99
22:30:30 65.41   80.94   67.44   84.76
22:31:34 65.41   80.94   67.44   84.76
22:32:37 65.41   81.28   67.44   84.76
22:33:40 65.41   81.28   67.44   84.54
22:34:44 65.41   81.28   67.44   84.43
22:35:47 65.41   81.16   67.44   84.54
22:36:50 65.41   81.16   67.44   84.43
22:37:54 65.30   81.05   67.44   84.31
22:38:57 65.30   81.05   67.33   84.31
22:40:00 65.30   81.05   67.33   84.20
22:41:04 65.41   81.05   67.33   84.09
22:42:07 65.41   81.28   67.33   83.86
22:43:10 65.30   81.05   67.33   83.75
22:44:14 65.30   80.71   67.33   83.75
22:45:17 65.30   80.83   67.33   83.86
22:46:20 65.30   81.05   67.33   83.75
22:47:24 65.30   80.94   67.33   83.64
22:48:27 65.30   80.83   67.33   83.75
22:49:30 65.30   80.83   67.33   83.64
22:50:34 65.30   80.60   67.33   83.64
22:51:37 65.30   80.38   67.33   83.53
22:52:40 65.30   80.38   67.21   83.53
22:53:44 65.30   80.49   67.33   83.41
22:54:47 65.30   80.71   67.21   83.19
22:55:50 65.30   80.94   67.21   83.19
22:56:54 65.30   80.71   67.21   83.19
22:57:57 65.30   80.60   67.21   83.08
22:59:01 65.30   80.83   67.21   83.08
23:00:04 65.30   80.71   67.21   82.96
23:01:07 65.30   80.49   67.21   83.08
23:02:11 65.19   80.60   67.21   83.08
23:03:14 65.30   80.60   67.21   82.96
23:04:17 65.30   80.60   67.21   82.96
23:05:21 65.30   80.60   67.21   82.85
23:06:24 65.30   80.83   67.21   82.74
23:07:27 65.30   80.60   67.21   82.74
23:08:31 65.30   80.60   67.21   82.62
23:09:34 65.30   80.60   67.10   82.51
23:10:37 65.30   80.71   67.10   82.51
23:11:41 65.30   80.60   67.10   82.51
23:12:44 65.30   80.60   67.10   82.40
23:13:47 65.30   80.60   67.10   82.40
23:14:51 65.30   80.83   67.10   82.40
23:15:54 65.30   80.60   67.10   82.40
23:16:57 65.30   80.60   67.10   82.40
23:18:01 65.30   80.49   67.10   82.40
23:19:04 65.19   80.49   67.10   82.29
23:20:07 65.19   80.49   67.10   82.18
23:21:11 65.19   80.49   67.10   82.29
23:22:14 65.30   80.71   66.99   82.06
23:23:17 65.19   80.49   66.99   82.06
23:24:21 65.19   80.60   66.99   82.06
23:25:24 65.19   80.60   66.99   102.09
23:26:27 65.19   80.60   66.99   111.76
23:27:31 65.19   80.49   66.99   114.69
23:28:34 65.19   80.49   66.99   114.46
23:29:38 65.19   80.26   66.99   112.66
23:30:41 65.19   80.38   66.88   112.89
23:31:44 65.19   80.26   66.88   114.58
23:32:48 65.19   80.15   66.88   114.01
23:33:51 65.19   80.15   66.88   113.79
23:34:54 65.19   80.60   66.88   113.23
23:35:58 65.19   80.49   66.88   112.44
23:37:01 65.19   80.38   66.76   112.66
23:38:04 65.19   80.04   66.76   114.12
23:39:08 65.19   80.49   66.76   113.79
23:40:11 65.19   80.26   66.76   113.23
23:41:14 65.19   80.04   66.65   112.66
23:42:18 65.30   79.93   66.65   111.99
23:43:21 65.30   80.26   66.65   111.31
23:44:24 65.30   80.26   66.65   110.53
23:45:28 65.30   80.15   66.65   109.74
23:46:31 65.30   80.04   66.65   109.06
23:47:34 65.30   80.15   66.65   108.39
23:48:38 65.30   80.04   66.65   107.60
23:49:41 65.30   80.04   66.65   106.70
23:50:44 65.30   79.93   66.65   105.91
23:51:48 65.30   80.26   66.54   105.24
23:52:51 65.30   79.93   66.54   104.45
23:53:54 65.30   79.81   66.54   103.78
23:54:58 65.30   79.93   66.54   103.10
23:56:01 65.19   80.04   66.54   102.54
23:57:04 65.30   79.93   66.54   101.86
23:58:08 65.30   79.93   66.54   101.41
23:59:11 65.30   79.93   66.54   100.85
