 Date  Furn_In  Furn_Out  Bsmnt   Water_Htr
00:00:36 65.97   80.26   68.11   107.04
00:01:40 65.97   80.38   68.11   106.36
00:02:43 65.97   80.38   68.00   105.58
00:03:46 65.97   80.26   68.00   104.79
00:04:50 65.97   80.04   68.00   104.11
00:05:53 65.97   80.26   68.00   103.44
00:06:56 65.86   80.38   68.00   102.76
00:08:00 65.86   80.04   68.00   102.09
00:09:03 65.86   80.15   67.89   101.41
00:10:06 65.86   79.93   67.89   100.74
00:11:10 65.86   80.04   67.89   100.17
00:12:13 65.86   80.04   67.89   99.50
00:13:16 65.86   80.15   67.89   98.94
00:14:20 65.86   80.26   67.89   98.38
00:15:23 65.86   79.93   67.89   97.70
00:16:26 65.86   79.93   67.89   97.25
00:17:30 65.86   80.04   67.78   96.80
00:18:33 65.86   80.15   67.78   96.35
00:19:36 65.86   79.81   67.78   95.90
00:20:40 65.86   80.15   67.78   95.45
00:21:43 65.86   79.81   67.78   95.00
00:22:46 65.86   79.81   67.78   94.55
00:23:50 65.75   79.93   67.78   94.10
00:24:53 65.86   79.81   67.78   93.65
00:25:56 65.75   79.81   67.78   93.20
00:27:00 65.75   79.70   67.78   92.97
00:28:03 65.75   79.59   67.66   92.64
00:29:07 65.75   79.59   67.66   92.19
00:30:10 65.75   79.59   67.66   91.85
00:31:13 65.75   79.70   67.66   91.51
00:32:17 65.75   79.93   67.66   91.29
00:33:20 65.75   79.70   67.55   90.84
00:34:23 65.75   79.81   67.55   90.50
00:35:27 65.75   79.70   67.55   90.16
00:36:30 65.75   79.81   67.55   89.94
00:37:33 65.75   79.70   67.55   89.60
00:38:37 65.75   79.70   67.55   89.38
00:39:40 65.75   79.59   67.55   89.15
00:40:43 65.75   79.81   67.44   88.81
00:41:47 65.75   79.59   67.44   88.59
00:42:50 65.75   80.04   67.44   88.36
00:43:53 66.09   97.03   67.44   88.14
00:44:56 68.00   138.76   67.44   88.14
00:45:59 68.79   146.86   67.44   88.36
00:47:02 69.24   121.78   67.55   88.81
00:48:05 68.90   111.65   67.55   88.93
00:49:09 68.11   110.75   67.66   88.81
00:50:12 67.55   107.26   67.66   88.36
00:51:16 67.10   108.16   67.66   88.14
00:52:19 66.88   107.38   67.55   87.91
00:53:22 66.76   105.58   67.66   87.69
00:54:26 66.54   103.89   67.66   87.46
00:55:29 66.43   101.86   67.66   87.24
00:56:32 66.43   100.51   67.66   87.12
00:57:36 66.31   98.94   67.66   86.90
00:58:39 66.20   97.25   67.66   86.68
00:59:42 66.20   96.69   67.66   86.56
01:00:46 67.44   120.20   67.66   86.45
01:01:49 68.56   141.80   67.66   86.56
01:02:51 69.24   150.01   67.66   87.24
01:03:54 69.46   125.60   67.78   87.69
01:04:58 69.46   112.55   67.78   87.69
01:06:01 68.56   111.99   67.78   87.46
01:07:04 67.78   109.40   67.78   87.12
01:08:08 67.44   110.75   67.78   86.79
01:09:11 67.10   109.62   67.78   86.56
01:10:14 66.99   108.50   67.78   86.45
01:11:18 66.76   106.48   67.89   86.34
01:12:21 66.65   105.80   67.89   86.11
01:13:24 68.45   130.55   67.89   86.11
01:14:27 69.24   145.85   67.89   86.68
01:15:30 69.69   146.86   67.89   87.35
01:16:33 69.91   120.31   67.89   87.58
01:17:36 69.58   112.89   68.00   87.46
01:18:40 68.68   112.66   68.00   87.35
01:19:43 68.00   110.30   68.00   87.01
01:20:46 67.66   108.84   68.11   86.68
01:21:50 67.33   109.17   68.00   86.56
01:22:53 67.10   108.05   68.11   86.56
01:23:56 66.88   106.59   68.11   86.34
01:25:00 66.76   104.00   68.11   86.22
01:26:03 66.65   102.20   68.11   86.11
01:27:06 66.54   101.19   68.00   86.00
01:28:10 67.10   112.44   68.00   85.89
01:29:13 68.79   137.86   68.00   86.11
01:30:16 69.46   150.57   68.00   86.68
01:31:19 69.80   145.74   68.11   87.35
01:32:22 70.14   118.06   68.11   87.58
01:33:25 69.58   113.11   68.22   87.58
01:34:28 68.68   113.11   68.22   87.24
01:35:32 68.11   112.33   68.22   86.90
01:36:35 67.66   111.99   68.22   86.68
01:37:38 67.33   109.85   68.22   86.56
01:38:42 67.10   108.39   68.22   86.34
01:39:45 66.99   106.48   68.22   86.11
01:40:48 66.88   105.46   68.22   86.00
01:41:52 66.76   103.55   68.22   85.89
01:42:55 66.65   101.86   68.22   85.78
01:43:58 67.66   118.17   68.22   85.78
01:45:01 69.01   140.45   68.22   86.00
01:46:04 69.58   151.25   68.22   86.68
01:47:07 69.91   131.45   68.22   87.24
01:48:10 70.14   112.55   68.34   87.46
01:49:14 69.12   112.66   68.34   87.35
01:50:17 68.34   111.42   68.34   87.12
01:51:20 67.89   109.06   68.34   86.90
01:52:24 67.55   110.19   68.34   86.68
01:53:27 67.21   109.29   68.45   86.45
01:54:30 66.99   107.38   68.34   86.45
01:55:34 66.99   105.24   68.34   86.34
01:56:37 66.76   103.66   68.45   86.22
01:57:40 66.76   102.20   68.34   86.22
01:58:44 66.65   100.96   68.34   86.11
01:59:47 66.54   99.95   68.34   86.00
02:00:50 67.78   119.75   68.34   86.00
02:01:53 69.01   141.69   68.34   86.22
02:02:56 69.69   147.99   68.34   86.90
02:03:59 70.03   123.24   68.34   87.35
02:05:03 69.80   112.10   68.45   87.46
02:06:06 68.90   112.44   68.45   87.12
02:07:09 68.22   110.75   68.45   87.01
02:08:13 67.78   109.51   68.45   86.68
02:09:16 67.44   109.62   68.56   86.56
02:10:19 67.21   107.83   68.56   86.45
02:11:23 67.10   106.48   68.56   86.34
02:12:26 66.88   105.01   68.45   86.22
02:13:29 66.76   102.99   68.45   86.11
02:14:33 66.76   101.30   68.45   86.00
02:15:36 66.65   100.06   68.45   86.00
02:16:39 66.54   98.38   68.45   85.89
02:17:43 66.54   97.25   68.45   85.78
02:18:46 66.43   96.35   68.34   85.78
02:19:49 66.43   95.45   68.34   85.55
02:20:53 67.55   117.50   68.34   85.66
02:21:56 68.90   141.91   68.34   85.89
02:22:59 69.46   147.31   68.34   86.68
02:24:02 69.91   122.11   68.45   87.12
02:25:05 69.69   112.21   68.45   87.12
02:26:08 68.79   112.55   68.45   86.90
02:27:12 68.11   110.08   68.45   86.68
02:28:15 67.66   110.41   68.45   86.56
02:29:18 67.33   109.51   68.45   86.34
02:30:22 67.10   107.71   68.45   86.22
02:31:25 66.99   106.48   68.45   86.11
02:32:28 66.88   104.67   68.45   86.11
02:33:32 66.65   103.10   68.45   86.00
02:34:35 66.65   101.41   68.45   85.89
02:35:38 66.54   99.73   68.45   85.89
02:36:42 66.54   98.49   68.45   85.78
02:37:45 66.43   97.92   68.45   85.78
02:38:48 66.43   96.69   68.45   85.78
02:39:52 66.31   95.22   68.34   85.66
02:40:55 66.31   93.99   68.34   85.55
02:41:58 66.31   93.20   68.34   85.44
02:43:02 66.31   92.30   68.34   85.44
02:44:05 66.20   92.75   68.34   85.21
02:45:08 67.66   120.99   68.34   85.21
02:46:11 68.90   144.05   68.34   85.44
02:47:14 69.46   141.46   68.34   86.22
02:48:17 69.69   115.59   68.34   86.68
02:49:21 69.12   112.10   68.34   86.56
02:50:24 68.34   111.20   68.45   86.56
02:51:27 67.78   112.10   68.45   86.34
02:52:31 67.44   110.86   68.45   86.11
02:53:34 67.21   109.06   68.45   85.89
02:54:37 66.99   107.38   68.45   85.89
02:55:41 66.88   105.01   68.45   85.89
02:56:44 66.76   103.78   68.45   85.78
02:57:47 66.65   102.31   68.45   85.66
02:58:51 66.54   101.53   68.34   85.66
02:59:54 66.54   99.16   68.34   85.55
03:00:57 66.43   97.81   68.34   85.44
03:02:01 66.43   96.91   68.34   85.44
03:03:04 66.43   95.56   68.34   85.33
03:04:07 66.43   94.10   68.34   85.21
03:05:11 66.31   93.54   68.34   85.33
03:06:14 66.31   92.64   68.34   85.33
03:07:17 66.31   92.08   68.22   85.21
03:08:21 66.31   91.06   68.22   85.10
03:09:24 66.20   89.94   68.22   84.88
03:10:27 66.20   89.60   68.22   84.88
03:11:31 66.20   89.26   68.22   84.65
03:12:34 66.20   95.11   68.22   84.65
03:13:37 68.22   134.94   68.22   84.88
03:14:40 69.01   149.45   68.22   85.44
03:15:43 69.46   129.99   68.22   86.00
03:16:46 69.46   112.33   68.34   86.22
03:17:50 68.68   112.10   68.34   86.11
03:18:53 68.00   109.62   68.34   85.89
03:19:56 67.55   110.30   68.34   85.78
03:21:00 67.21   109.62   68.34   85.55
03:22:03 67.10   107.94   68.34   85.44
03:23:06 66.99   106.36   68.34   85.33
03:24:10 66.76   104.23   68.22   85.21
03:25:13 66.65   102.65   68.22   85.10
03:26:16 66.54   101.86   68.22   85.10
03:27:20 66.54   100.17   68.22   84.99
03:28:23 66.43   98.60   68.22   84.99
03:29:26 66.43   96.91   68.22   84.99
03:30:30 66.31   96.12   68.22   84.99
03:31:33 66.31   95.00   68.22   84.88
03:32:37 66.20   93.88   68.22   84.76
03:33:40 66.20   98.60   68.22   84.65
03:34:43 68.34   134.82   68.22   84.76
03:35:46 69.01   149.45   68.22   85.33
03:36:49 69.46   131.68   68.22   86.00
03:37:52 69.69   112.55   68.34   86.11
03:38:55 68.79   112.33   68.34   86.11
03:39:59 68.00   111.65   68.34   86.00
03:41:02 67.66   112.78   68.34   85.89
03:42:05 67.33   110.30   68.34   85.66
03:43:09 66.99   108.28   68.34   85.55
03:44:12 66.99   107.04   68.34   85.44
03:45:15 66.76   104.90   68.34   85.33
03:46:19 66.65   103.33   68.34   85.33
03:47:22 66.54   101.98   68.22   85.21
03:48:25 66.54   100.51   68.22   85.21
03:49:29 66.43   99.16   68.22   85.10
03:50:32 66.43   97.25   68.22   84.99
03:51:35 66.31   96.12   68.22   84.99
03:52:39 66.31   95.00   68.22   84.76
03:53:42 66.54   105.24   68.22   84.76
03:54:45 68.56   137.64   68.22   84.99
03:55:48 69.12   150.35   68.22   85.55
03:56:51 69.58   131.34   68.34   86.22
03:57:54 69.80   112.44   68.34   86.45
03:58:58 68.79   112.55   68.45   86.34
04:00:01 68.11   110.98   68.34   86.11
04:01:04 67.66   108.50   68.34   86.00
04:02:08 67.33   109.96   68.34   85.78
04:03:11 67.10   108.84   68.34   85.66
04:04:14 66.88   107.26   68.34   85.55
04:05:18 66.76   104.90   68.34   85.44
04:06:21 66.65   103.66   68.34   85.44
04:07:24 66.54   101.53   68.34   85.33
04:08:28 66.54   100.62   68.34   85.21
04:09:31 66.43   98.94   68.34   85.21
04:10:34 66.43   97.92   68.34   84.99
04:11:38 66.31   96.69   68.22   84.99
04:12:41 66.31   95.22   68.22   84.88
04:13:44 66.20   94.10   68.22   84.76
04:14:48 66.20   93.43   68.22   84.76
04:15:51 67.10   114.12   68.22   84.76
04:16:54 68.68   141.12   68.22   85.10
04:17:57 69.24   147.65   68.22   85.78
04:19:00 69.58   122.90   68.34   86.34
04:20:03 69.35   112.21   68.34   86.34
04:21:07 68.56   111.76   68.34   86.22
04:22:10 67.89   110.53   68.34   86.00
04:23:13 67.44   111.42   68.34   85.78
04:24:17 67.21   109.96   68.34   85.66
04:25:20 66.99   107.83   68.34   85.55
04:26:23 66.88   106.36   68.34   85.44
04:27:27 66.65   104.45   68.34   85.33
04:28:30 66.54   102.76   68.34   85.21
04:29:33 66.54   100.96   68.34   85.21
04:30:37 66.43   99.84   68.22   85.21
04:31:40 66.43   98.04   68.34   85.10
04:32:43 66.31   97.03   68.22   85.10
04:33:47 66.31   96.12   68.22   84.99
04:34:50 66.20   94.66   68.22   84.88
04:35:53 66.20   94.21   68.22   84.88
04:36:57 67.44   118.74   68.22   84.88
04:38:00 68.68   142.48   68.22   85.10
04:39:03 69.24   150.01   68.22   85.89
04:40:05 69.58   125.26   68.34   86.56
04:41:09 69.46   112.33   68.34   86.56
04:42:12 68.56   113.11   68.34   86.45
04:43:15 67.89   111.20   68.34   86.22
04:44:19 67.55   108.95   68.34   86.00
04:45:22 67.21   109.17   68.34   85.78
04:46:26 66.99   108.05   68.34   85.55
04:47:29 66.88   106.36   68.34   85.44
04:48:32 66.76   104.90   68.34   85.44
04:49:36 66.65   103.10   68.34   85.44
04:50:39 66.54   102.54   68.34   85.44
04:51:42 66.43   100.06   68.34   85.33
04:52:46 66.43   98.83   68.34   85.21
04:53:49 66.31   98.04   68.34   85.21
04:54:52 66.31   95.90   68.34   85.10
04:55:56 66.20   95.11   68.22   84.99
04:56:59 66.20   95.00   68.22   84.88
04:58:02 67.55   122.00   68.22   84.99
04:59:05 68.79   144.05   68.22   85.33
05:00:08 69.24   144.39   68.34   86.11
05:01:11 69.58   118.06   68.34   86.56
05:02:14 69.12   112.44   68.34   86.56
05:03:18 68.34   112.21   68.45   86.34
05:04:21 67.78   109.06   68.34   86.11
05:05:24 67.33   110.75   68.45   86.00
05:06:28 67.10   110.08   68.34   85.78
05:07:31 66.99   107.49   68.34   85.66
05:08:35 66.76   105.91   68.34   85.55
05:09:38 66.65   104.11   68.34   85.44
05:10:41 66.54   102.99   68.34   85.44
05:11:45 66.54   101.75   68.34   85.33
05:12:48 66.43   99.50   68.34   85.21
05:13:51 66.31   98.49   68.34   85.21
05:14:55 66.31   97.03   68.34   85.10
05:15:58 66.31   97.25   68.22   84.99
05:17:01 67.66   123.24   68.22   85.10
05:18:04 68.79   144.16   68.34   85.44
05:19:07 69.24   144.84   68.34   86.22
05:20:10 69.69   118.51   68.34   86.56
05:21:13 69.24   112.66   68.45   86.56
05:22:17 68.34   112.44   68.45   86.45
05:23:20 67.78   113.00   68.45   86.22
05:24:23 67.44   112.55   68.45   86.00
05:25:27 67.10   109.96   68.45   85.89
05:26:30 66.99   108.16   68.45   85.78
05:27:33 66.76   106.36   68.45   85.66
05:28:37 66.65   104.45   68.45   85.66
05:29:40 66.54   102.99   68.45   85.55
05:30:44 66.54   101.75   68.45   85.44
05:31:47 66.43   100.06   68.34   85.33
05:32:50 67.66   120.54   68.45   85.44
05:33:53 68.90   141.91   68.45   85.66
05:34:56 69.46   153.05   68.34   86.34
05:35:59 69.80   153.73   68.45   87.12
05:37:02 70.25   144.61   68.45   87.46
05:38:05 70.59   153.05   68.56   87.91
05:39:08 70.81   158.79   68.56   88.47
05:40:10 71.04   142.03   68.68   88.81
05:41:13 71.26   120.65   68.68   88.81
05:42:17 70.14   120.20   68.79   88.59
05:43:20 69.12   120.31   68.79   88.14
05:44:24 68.45   117.39   68.79   87.91
05:45:27 68.00   117.39   68.90   87.58
05:46:30 67.78   119.75   68.90   87.46
05:47:33 69.80   133.36   68.90   87.58
05:48:36 70.25   147.09   68.90   88.14
05:49:39 70.59   156.20   68.90   88.70
05:50:42 70.93   148.78   68.90   89.26
05:51:45 71.15   121.21   69.01   89.49
05:52:48 70.14   120.09   69.01   89.26
05:53:52 69.24   119.53   69.12   88.93
05:54:55 68.56   120.99   69.12   88.70
05:55:58 68.11   119.19   69.12   88.47
05:57:02 68.90   124.03   69.12   88.25
05:58:04 70.14   137.41   69.12   88.47
05:59:07 70.59   149.90   69.12   89.15
06:00:10 70.81   158.34   69.12   89.83
06:01:13 71.26   140.79   69.24   90.16
06:02:16 71.26   119.86   69.24   90.28
06:03:20 70.03   120.65   69.35   89.94
06:04:23 69.12   119.19   69.46   89.60
06:05:26 68.45   119.53   69.35   89.26
06:06:30 68.11   118.62   69.46   89.04
06:07:33 67.78   117.16   69.35   88.93
06:08:36 69.80   129.43   69.35   88.93
06:09:39 70.47   143.60   69.35   89.26
06:10:42 70.81   154.18   69.35   89.94
06:11:45 71.15   145.06   69.46   90.50
06:12:48 71.38   117.73   69.46   90.61
06:13:51 70.81   113.56   69.58   90.39
06:14:55 69.69   114.35   69.58   90.05
06:15:58 69.01   113.90   69.58   89.83
06:17:01 68.45   114.35   69.58   89.60
06:18:05 68.00   112.89   69.58   89.38
06:19:08 67.78   111.54   69.58   89.15
06:20:11 68.45   121.10   69.58   89.15
06:21:14 70.14   139.55   69.58   89.38
06:22:17 70.59   151.59   69.58   90.05
06:23:20 70.93   148.32   69.58   90.61
06:24:23 71.38   121.10   69.69   90.84
06:25:26 70.47   119.53   69.69   90.72
06:26:30 69.46   118.96   69.69   90.39
06:27:33 68.79   119.75   69.69   90.16
06:28:36 68.22   119.30   69.80   89.94
06:29:40 67.89   116.49   69.69   89.71
06:30:43 67.66   114.58   69.69   89.60
06:31:46 67.44   112.21   69.69   89.49
06:32:50 67.33   110.30   69.69   89.26
06:33:53 67.21   108.39   69.69   89.26
06:34:56 67.10   106.59   69.69   89.04
06:36:00 68.00   118.51   69.69   89.04
06:37:03 69.80   139.44   69.69   89.26
06:38:06 70.36   151.36   69.69   89.83
06:39:08 70.81   138.76   69.69   90.50
06:40:12 70.93   118.85   69.69   90.61
06:41:15 69.80   119.19   69.69   90.39
06:42:18 68.90   117.61   69.69   90.16
06:43:22 68.34   117.73   69.69   89.83
06:44:25 68.00   117.16   69.80   89.71
06:45:28 67.78   115.48   69.69   89.60
06:46:32 67.55   112.66   69.69   89.38
06:47:35 67.33   111.31   69.69   89.15
06:48:38 67.21   109.51   69.69   89.04
06:49:42 67.10   107.71   69.69   88.93
06:50:45 66.99   105.46   69.69   88.81
06:51:48 66.99   103.78   69.69   88.81
06:52:52 66.88   102.31   69.58   88.70
06:53:55 66.76   101.19   69.58   88.59
06:54:58 66.76   99.61   69.58   88.47
06:56:02 66.65   98.49   69.58   88.36
06:57:05 66.65   97.36   69.58   88.25
06:58:08 66.65   96.01   69.58   88.14
06:59:12 66.54   95.34   69.46   88.14
07:00:15 66.54   94.44   69.46   88.03
07:01:19 66.54   93.65   69.46   87.91
07:02:22 66.43   92.86   69.46   87.80
07:03:25 66.43   92.30   69.46   87.69
07:04:29 66.43   91.96   69.46   87.58
07:05:32 66.43   91.29   69.46   87.58
07:06:35 66.43   90.61   69.35   87.46
07:07:39 66.31   90.16   69.35   87.35
07:08:42 66.43   89.49   69.35   87.24
07:09:45 66.31   89.15   69.35   87.12
07:10:49 66.31   92.75   69.35   87.01
07:11:52 68.56   131.34   69.24   87.24
07:12:55 69.46   148.55   69.24   87.69
07:13:58 70.14   129.65   69.24   88.25
07:15:01 70.25   111.76   69.35   88.59
07:16:04 69.24   112.10   69.35   88.36
07:17:08 68.45   110.19   69.35   88.25
07:18:11 68.00   109.17   69.35   88.03
07:19:14 67.55   109.74   69.24   87.80
07:20:18 67.33   107.94   69.35   87.69
07:21:21 67.10   107.04   69.35   87.58
07:22:24 66.99   105.80   69.24   87.35
07:23:28 66.99   104.11   69.24   87.24
07:24:31 66.76   102.42   69.24   87.12
07:25:34 66.76   100.74   69.24   87.12
07:26:38 66.65   99.50   69.24   87.01
07:27:41 66.54   98.49   69.24   87.01
07:28:44 66.54   96.91   69.24   86.90
07:29:48 66.54   95.90   69.24   88.14
07:30:51 66.43   95.00   69.12   88.25
07:31:54 66.43   93.88   69.12   88.14
07:32:58 66.43   93.54   69.12   88.03
07:34:01 66.31   92.64   69.12   87.91
07:35:04 66.31   91.74   69.12   87.80
07:36:08 66.31   91.18   69.12   87.69
07:37:11 66.31   90.28   69.01   87.69
07:38:14 66.20   89.94   69.01   87.46
07:39:18 66.20   89.49   69.01   87.35
07:40:21 66.20   88.93   69.01   87.35
07:41:24 66.20   88.47   69.01   87.12
07:42:28 66.20   88.03   69.01   87.01
07:43:31 66.09   87.69   68.90   86.90
07:44:34 66.09   87.35   68.90   86.68
07:45:38 66.09   86.90   68.90   86.68
07:46:41 66.09   86.56   68.79   86.56
07:47:45 66.09   86.45   68.79   86.34
07:48:48 66.09   86.11   68.79   86.34
07:49:51 66.09   85.89   68.79   86.11
07:50:55 65.97   85.66   68.68   86.11
07:51:58 65.97   85.33   68.68   85.89
07:53:01 65.97   84.88   68.68   85.78
07:54:05 65.97   85.10   68.68   85.66
07:55:08 65.97   85.10   68.56   85.66
07:56:11 65.97   84.76   68.56   85.55
07:57:15 65.97   84.54   68.68   85.55
07:58:18 65.97   84.54   68.56   85.33
07:59:21 65.97   84.20   68.56   85.10
08:00:25 65.97   84.09   68.56   85.10
08:01:28 65.86   83.86   68.56   84.99
08:02:31 65.97   83.75   68.56   84.88
08:03:35 65.86   83.64   68.45   84.76
08:04:38 65.86   83.75   68.45   84.76
08:05:41 65.86   83.64   68.45   84.65
08:06:45 65.86   83.19   68.45   84.54
08:07:48 65.86   83.30   68.45   84.43
08:08:51 65.86   83.30   68.45   84.20
08:09:55 65.86   83.19   68.34   84.20
08:10:58 65.75   83.19   68.34   84.20
08:12:01 65.86   82.85   68.34   84.20
08:13:05 65.86   82.96   68.34   84.09
08:14:08 65.75   82.96   68.34   84.09
08:15:11 65.75   82.85   68.34   83.97
08:16:15 65.75   82.62   68.22   83.97
08:17:18 65.75   82.29   68.22   83.86
08:18:21 65.75   82.51   68.22   83.64
08:19:25 65.75   82.62   68.22   83.64
08:20:28 65.75   87.24   68.22   83.53
08:21:31 67.89   129.88   68.22   83.75
08:22:34 68.79   149.00   68.11   84.20
08:23:37 69.35   132.57   68.22   84.88
08:24:40 69.58   112.44   68.22   85.21
08:25:44 68.68   111.65   68.22   85.10
08:26:47 67.89   111.99   68.22   84.99
08:27:50 67.44   112.33   68.22   84.88
08:28:54 66.99   109.62   68.22   84.65
08:29:57 66.88   107.49   68.22   84.54
08:31:00 66.65   106.14   68.22   84.43
08:32:04 66.54   104.45   68.22   84.43
08:33:07 66.43   102.99   68.22   84.31
08:34:10 66.31   101.08   68.22   84.20
08:35:14 66.20   99.61   68.22   84.20
08:36:17 66.20   98.26   68.22   84.09
08:37:21 66.20   97.14   68.22   84.09
08:38:24 66.09   95.56   68.11   83.97
08:39:27 66.09   94.44   68.11   83.86
08:40:31 66.09   93.76   68.22   83.86
08:41:34 65.97   92.86   68.11   83.75
08:42:37 65.97   92.08   68.11   83.75
08:43:41 66.31   103.89   68.11   83.64
08:44:44 68.45   138.20   68.11   83.86
08:45:47 69.24   146.53   68.11   84.54
08:46:49 69.69   122.11   68.22   84.99
08:47:53 69.35   111.76   68.22   85.10
08:48:56 68.45   110.41   68.22   84.99
08:49:59 67.78   109.06   68.22   84.88
08:51:03 67.33   107.04   68.22   84.76
08:52:06 66.99   105.35   68.22   84.76
08:53:10 66.76   106.59   68.22   84.54
08:54:13 66.65   105.46   68.22   84.54
08:55:16 66.43   103.55   68.22   84.43
08:56:20 66.43   102.42   68.22   84.31
08:57:23 66.31   100.51   68.22   84.20
08:58:26 66.31   98.94   68.22   84.20
08:59:30 66.20   97.92   68.11   84.09
09:00:33 66.09   96.69   68.22   83.97
09:01:36 66.09   95.56   68.22   83.97
09:02:40 66.09   98.38   68.11   83.86
09:03:43 68.34   132.24   68.11   96.58
09:04:46 69.24   147.99   68.11   104.67
09:05:49 69.69   130.89   68.22   106.81
09:06:52 69.91   111.99   68.22   107.83
09:07:55 68.79   111.99   68.22   108.16
09:08:59 68.00   110.53   68.34   108.16
09:10:02 67.55   111.42   68.22   107.94
09:11:05 67.21   109.96   68.22   107.71
09:12:09 66.99   108.39   68.22   107.38
09:13:12 66.76   105.91   68.22   106.92
09:14:15 66.65   104.23   68.22   106.81
09:15:19 66.54   102.88   68.22   107.38
09:16:22 66.43   101.64   68.22   107.71
09:17:25 66.43   99.50   68.22   107.94
09:18:29 66.31   98.60   68.22   107.71
09:19:32 66.31   97.36   68.11   107.15
09:20:35 66.20   95.90   68.22   106.48
09:21:39 66.20   94.78   68.11   105.91
09:22:42 66.20   93.99   68.11   105.35
09:23:45 66.09   93.31   68.11   104.90
09:24:49 66.09   92.53   68.11   104.23
09:25:52 66.09   91.51   68.11   103.66
09:26:55 66.09   90.39   68.11   103.21
09:27:59 66.09   98.71   68.00   103.66
09:29:02 68.79   136.96   68.00   103.44
09:30:05 69.58   149.45   68.00   110.19
09:31:08 70.14   128.19   68.11   110.75
09:32:11 70.03   112.33   68.11   110.19
09:33:14 68.90   112.44   68.11   109.17
09:34:18 68.22   112.33   68.22   108.16
09:35:21 67.66   112.21   68.11   113.23
09:36:24 67.33   110.19   68.22   113.56
09:37:28 67.10   108.28   68.22   112.44
09:38:31 66.99   106.48   68.22   111.20
09:39:34 66.76   104.67   68.11   110.19
09:40:38 66.65   103.33   68.22   109.17
09:41:41 66.54   101.98   68.22   108.16
09:42:44 66.43   100.40   68.22   107.38
09:43:48 66.43   99.05   68.11   106.48
09:44:51 66.31   97.59   68.11   105.80
09:45:54 66.31   96.80   68.11   105.01
09:46:58 66.31   95.22   68.11   104.23
09:48:01 66.20   94.44   68.11   113.45
09:49:04 66.20   92.97   68.11   114.01
09:50:08 66.20   92.08   68.11   112.55
09:51:11 66.09   91.40   68.00   111.20
09:52:14 66.09   90.84   68.11   109.74
09:53:18 66.09   90.16   68.11   108.50
09:54:21 65.97   89.49   68.00   107.49
09:55:24 65.97   89.04   68.00   106.59
09:56:28 65.97   88.59   68.00   105.69
09:57:31 65.97   88.36   68.00   104.79
09:58:35 65.86   87.46   68.00   104.00
09:59:38 65.86   87.35   68.00   103.44
10:00:41 65.86   87.12   68.00   102.65
10:01:45 65.86   86.56   68.00   101.86
10:02:48 65.86   86.11   68.00   101.30
10:03:51 65.86   86.34   67.89   100.74
10:04:55 65.86   85.66   68.00   100.17
10:05:58 65.75   85.33   67.89   99.61
10:07:01 65.75   85.33   67.89   99.16
10:08:05 65.75   84.99   67.89   98.71
10:09:08 65.75   84.88   67.89   98.04
10:10:11 65.75   84.65   67.89   97.59
10:11:15 65.75   84.43   67.89   97.25
10:12:18 65.75   84.31   67.78   96.58
10:13:21 65.75   84.09   67.78   96.24
10:14:25 65.64   83.97   67.78   95.79
10:15:28 65.64   83.86   67.78   95.45
10:16:31 65.64   83.53   67.78   95.11
10:17:35 65.64   83.53   67.78   94.78
10:18:38 65.64   83.41   67.78   94.44
10:19:41 65.64   83.19   67.78   93.99
10:20:45 65.64   83.08   67.78   93.54
10:21:48 65.64   83.08   67.78   93.31
10:22:51 65.53   82.85   67.66   93.09
10:23:55 65.53   82.96   67.66   92.75
10:24:58 65.53   82.85   67.66   92.41
10:26:01 65.53   82.51   67.66   92.08
10:27:05 65.53   82.74   67.66   91.74
10:28:08 65.53   82.40   67.66   91.40
10:29:11 65.53   82.74   67.55   91.18
10:30:15 65.53   82.40   67.66   90.84
10:31:18 65.53   82.51   67.66   90.61
10:32:22 65.53   82.51   67.66   90.28
10:33:25 65.53   82.18   67.55   90.16
10:34:28 65.53   82.18   67.55   89.94
10:35:32 65.53   82.40   67.55   89.83
10:36:35 65.41   82.06   67.55   89.60
10:37:38 65.41   81.95   67.55   89.26
10:38:42 65.41   89.15   67.55   89.26
10:39:45 68.11   135.61   67.44   89.26
10:40:48 68.90   151.36   67.55   89.49
10:41:50 69.58   150.57   67.55   90.05
10:42:53 70.03   144.39   67.55   90.39
10:43:56 70.36   153.39   67.66   90.84
10:44:59 70.81   157.78   67.78   91.29
10:46:02 71.04   145.06   67.89   91.51
10:47:05 71.38   152.82   67.89   91.74
10:48:08 71.60   159.24   68.00   91.96
10:49:11 71.83   145.51   68.11   92.19
10:50:14 72.05   152.49   68.11   92.19
10:51:16 72.16   160.25   68.22   92.41
10:52:19 72.39   146.19   68.34   92.64
10:53:22 72.50   134.04   68.45   92.64
10:54:25 72.16   119.75   68.56   92.41
10:55:29 70.59   120.99   68.56   92.08
10:56:32 69.46   120.42   68.56   91.62
10:57:35 70.25   125.94   68.68   91.29
10:58:38 70.81   140.00   68.68   91.29
10:59:41 70.93   151.48   68.56   91.62
11:00:44 70.70   158.90   68.56   92.08
11:01:47 70.93   145.62   68.68   111.31
11:02:50 71.60   150.35   68.79   112.78
11:03:53 72.05   143.60   68.90   111.88
11:04:56 72.39   117.73   68.90   110.19
11:05:59 71.38   114.24   69.01   108.73
11:07:02 70.03   115.25   69.01   107.15
11:08:06 70.70   130.44   69.01   105.91
11:09:09 71.60   146.75   69.12   105.12
11:10:11 72.05   156.76   69.24   104.79
11:11:14 72.28   149.68   69.24   104.45
11:12:17 72.61   148.32   69.24   104.23
11:13:20 72.72   157.10   69.35   103.89
11:14:23 73.06   155.30   69.46   103.66
11:15:26 73.18   127.51   69.46   103.44
11:16:29 72.16   121.89   69.58   102.76
11:17:33 70.70   122.45   69.58   102.09
11:18:36 69.69   120.88   69.69   101.30
11:19:39 71.49   132.12   69.69   100.85
11:20:42 72.16   146.30   69.69   100.74
11:21:45 72.50   156.31   69.69   100.85
11:22:48 72.84   152.60   69.80   101.08
11:23:51 73.06   144.39   69.80   101.08
11:24:54 73.18   122.56   69.91   100.85
11:25:57 72.72   113.56   69.91   100.51
11:27:00 71.15   114.58   70.03   99.95
11:28:04 70.03   114.12   70.03   99.39
11:29:07 69.35   112.66   70.03   98.94
11:30:10 70.59   126.95   70.03   98.49
11:31:13 71.94   143.82   70.03   98.49
11:32:16 72.39   154.85   70.03   98.71
11:33:19 72.72   156.31   70.14   99.05
11:34:22 73.06   128.75   70.14   99.16
11:35:25 72.39   120.76   70.14   98.94
11:36:28 70.81   121.66   70.25   98.49
11:37:32 69.91   118.96   70.25   98.04
11:38:35 69.12   119.53   70.25   97.59
11:39:38 68.68   119.19   70.25   97.25
11:40:42 69.01   122.34   70.25   97.03
11:41:45 71.49   136.06   70.25   97.03
11:42:48 72.05   149.34   70.25   97.25
11:43:50 72.61   158.34   70.25   97.70
11:44:53 72.95   140.68   70.36   97.92
11:45:56 73.18   115.03   70.36   97.81
11:47:00 72.05   114.58   70.36   97.59
11:48:03 70.59   115.36   70.36   97.03
11:49:07 69.69   113.90   70.47   96.80
11:50:10 69.12   115.36   70.47   96.35
11:51:13 68.68   114.01   70.47   96.12
11:52:17 68.22   112.33   70.47   95.79
11:53:20 68.00   111.20   70.36   95.45
11:54:23 67.78   108.95   70.36   95.22
11:55:27 67.66   107.26   70.36   95.00
11:56:30 67.44   106.14   70.36   94.89
11:57:33 67.33   104.90   70.36   94.66
11:58:37 67.21   103.21   70.36   94.44
11:59:40 67.10   102.31   70.25   94.10
12:00:43 67.10   100.96   70.36   93.88
12:01:47 66.99   100.29   70.25   93.76
12:02:50 69.35   124.70   70.25   93.65
12:03:53 71.04   145.51   70.25   93.88
12:04:56 71.71   144.61   70.25   94.44
12:05:59 72.16   118.85   70.25   94.66
12:07:02 71.49   112.66   70.36   94.66
12:08:05 70.25   113.11   70.36   94.33
12:09:09 69.35   111.65   70.36   94.10
12:10:12 68.68   109.17   70.36   107.49
12:11:15 68.34   108.16   70.36   108.84
12:12:19 68.00   109.51   70.36   107.60
12:13:22 67.78   108.16   70.36   106.36
12:14:26 67.55   106.70   70.25   105.01
12:15:29 67.44   105.80   70.36   104.00
12:16:32 67.33   103.55   70.36   102.99
12:17:36 67.21   102.65   70.25   102.20
12:18:39 67.10   101.30   70.25   101.41
12:19:42 66.99   100.06   70.25   100.62
12:20:46 66.99   99.28   70.25   100.06
12:21:49 66.88   98.04   70.25   99.50
12:22:52 66.76   97.14   70.14   98.83
12:23:56 66.76   96.35   70.14   98.38
12:24:59 66.76   95.56   70.14   99.28
12:26:02 66.65   95.11   70.14   108.73
12:27:06 66.65   94.21   70.14   110.64
12:28:09 66.65   93.31   70.14   109.62
12:29:12 66.54   92.75   70.14   108.39
12:30:16 66.54   92.19   70.14   110.41
12:31:19 66.54   91.74   70.03   110.75
12:32:22 66.54   91.18   70.03   111.20
12:33:26 66.54   90.50   70.03   110.53
12:34:29 66.43   90.28   70.03   109.29
12:35:32 66.43   90.16   70.03   108.16
12:36:36 66.43   89.83   70.03   106.92
12:37:39 66.43   89.83   70.03   106.03
12:38:42 66.43   89.49   70.03   104.90
12:39:46 66.31   89.26   69.91   104.11
12:40:49 66.43   88.93   69.91   103.21
12:41:52 66.43   88.47   69.91   102.54
12:42:56 66.43   88.36   69.91   101.75
12:43:59 66.31   88.14   69.91   101.08
12:45:03 66.31   87.80   69.91   100.40
12:46:06 66.31   87.69   69.80   99.84
12:47:09 66.31   87.58   69.91   99.39
12:48:13 66.31   87.35   69.91   98.83
12:49:16 66.31   87.24   69.91   98.26
12:50:19 66.20   86.90   69.80   97.81
12:51:23 66.31   86.79   69.80   97.25
12:52:26 66.20   86.79   69.80   96.80
12:53:29 66.20   86.56   69.80   96.35
12:54:33 66.31   86.45   69.80   96.12
12:55:36 66.31   86.45   69.80   95.68
12:56:39 66.20   86.22   69.80   95.34
