 Date  Furn_In  Furn_Out  Bsmnt   Water_Htr
00:00:14 65.19   79.70   66.54   100.29
00:01:18 65.30   79.70   66.43   99.61
00:02:21 65.19   80.04   66.54   99.16
00:03:25 65.19   80.04   66.43   98.60
00:04:28 65.30   79.70   66.43   98.15
00:05:31 65.19   79.93   66.43   97.70
00:06:35 65.19   79.93   66.43   97.14
00:07:38 65.19   79.70   66.43   96.80
00:08:41 65.19   79.81   66.43   96.35
00:09:45 65.19   79.70   66.43   95.90
00:10:48 65.19   79.47   66.31   95.45
00:11:51 65.19   79.36   66.31   95.11
00:12:55 65.19   79.70   66.31   94.66
00:13:58 65.19   79.70   66.31   94.33
00:15:01 65.19   79.93   66.31   93.99
00:16:05 65.19   79.81   66.31   93.65
00:17:08 65.19   79.36   66.31   93.43
00:18:11 65.19   79.70   66.31   93.09
00:19:15 65.19   79.93   66.31   92.64
00:20:18 65.08   79.70   66.20   92.19
00:21:21 65.08   79.70   66.20   92.08
00:22:25 65.19   79.81   66.20   91.74
00:23:28 65.08   79.81   66.20   91.40
00:24:31 65.19   79.47   66.20   91.29
00:25:35 65.08   79.70   66.20   107.15
00:26:38 65.08   79.59   66.20   113.00
00:27:41 65.08   79.59   66.09   115.03
00:28:45 65.08   79.59   66.20   115.36
00:29:48 65.08   79.47   66.20   114.58
00:30:51 65.08   79.47   66.09   113.00
00:31:55 65.08   79.59   66.09   111.42
00:32:58 65.08   79.36   66.09   109.96
00:34:02 65.19   79.47   66.09   108.39
00:35:05 65.08   79.36   66.09   107.04
00:36:08 65.08   79.47   66.09   105.80
00:37:12 65.08   79.59   66.09   104.67
00:38:15 65.08   79.59   66.09   103.55
00:39:18 65.08   79.47   66.09   102.65
00:40:22 65.08   79.59   65.97   101.64
00:41:25 65.08   79.36   66.09   100.85
00:42:28 65.08   79.25   65.97   100.17
00:43:32 65.08   79.81   65.97   99.28
00:44:35 65.08   79.47   65.97   98.60
00:45:38 65.08   79.59   65.97   98.04
00:46:42 64.96   79.25   65.97   97.48
00:47:45 65.08   79.47   65.97   97.03
00:48:48 65.08   79.36   65.97   96.35
00:49:52 64.96   79.36   65.97   95.90
00:50:55 64.96   79.59   65.97   95.56
00:51:58 65.08   79.36   65.86   95.00
00:53:02 65.08   79.47   65.97   94.44
00:54:05 64.96   79.70   65.86   94.10
00:55:08 64.96   79.59   65.86   93.54
00:56:12 64.96   79.25   65.86   93.09
00:57:15 64.96   79.25   65.86   92.75
00:58:18 64.96   79.47   65.86   92.41
00:59:22 64.96   79.36   65.86   91.96
01:00:25 64.96   79.36   65.86   91.62
01:01:28 64.96   79.25   65.86   91.29
01:02:32 64.96   79.14   65.86   90.95
01:03:35 64.96   79.47   65.86   90.61
01:04:38 64.96   79.36   65.86   90.16
01:05:42 64.96   79.25   65.86   89.94
01:06:45 64.96   79.03   65.86   89.71
01:07:49 64.96   79.14   65.75   89.49
01:08:52 64.96   79.03   65.75   89.04
01:09:55 64.96   79.25   65.75   88.81
01:10:59 64.96   79.14   65.75   88.70
01:12:02 64.96   79.03   65.75   88.36
01:13:05 64.96   79.03   65.75   88.03
01:14:09 64.85   79.25   65.64   87.80
01:15:12 64.96   79.14   65.64   87.69
01:16:15 64.85   79.03   65.64   87.35
01:17:19 64.85   78.80   65.64   87.12
01:18:22 64.85   79.03   65.64   87.01
01:19:25 64.85   79.03   65.64   86.79
01:20:29 65.08   92.19   65.64   86.68
01:21:32 67.89   136.62   65.64   86.56
01:22:35 68.68   142.48   65.64   87.01
01:23:38 69.24   116.83   65.75   87.58
01:24:41 68.56   111.20   65.75   87.69
01:25:44 67.55   110.41   65.86   87.46
01:26:48 66.99   109.85   65.86   87.24
01:27:51 66.43   109.62   65.86   87.01
01:28:54 66.20   107.49   65.86   86.90
01:29:58 65.97   105.58   65.97   86.68
01:31:01 65.75   103.33   65.97   86.56
01:32:04 65.75   101.53   65.97   86.45
01:33:08 65.64   99.73   65.97   86.22
01:34:11 65.53   98.04   65.97   86.00
01:35:14 65.41   96.12   65.86   85.89
01:36:18 65.41   95.34   65.97   85.89
01:37:21 65.41   93.88   65.86   85.66
01:38:24 65.30   98.94   65.86   85.66
01:39:28 68.11   134.04   65.86   85.66
01:40:30 68.90   147.88   65.86   85.89
01:41:33 69.46   129.65   65.97   86.56
01:42:37 69.35   113.34   66.09   86.79
01:43:40 68.22   113.56   66.09   86.68
01:44:43 67.44   111.20   66.09   86.45
01:45:47 66.88   111.65   66.20   86.22
01:46:50 66.54   109.96   66.20   86.11
01:47:53 66.20   108.05   66.20   85.89
01:48:57 66.09   105.91   66.20   85.66
01:50:00 65.86   104.11   66.20   85.55
01:51:03 65.75   101.98   66.20   85.44
01:52:07 65.75   100.06   66.20   85.33
01:53:10 65.64   98.83   66.20   85.33
01:54:13 65.53   99.84   66.20   85.21
01:55:17 67.89   126.84   66.20   85.21
01:56:20 68.90   144.05   66.20   85.55
01:57:22 69.46   149.23   66.20   86.34
01:58:25 69.91   123.69   66.31   86.68
01:59:29 69.46   113.67   66.43   86.79
02:00:32 68.22   114.46   66.43   86.68
02:01:35 67.55   112.33   66.54   86.34
02:02:39 67.10   109.29   66.54   86.00
02:03:42 66.65   109.85   66.54   86.00
02:04:45 66.31   108.61   66.54   85.89
02:05:49 66.20   106.36   66.54   85.89
02:06:52 66.09   104.45   66.54   85.78
02:07:55 65.97   102.76   66.54   85.66
02:08:59 65.86   100.85   66.54   85.55
02:10:02 65.75   99.73   66.54   85.44
02:11:05 65.75   97.81   66.54   85.21
02:12:09 65.64   104.34   66.43   85.33
02:13:12 68.45   135.39   66.43   85.33
02:14:15 69.24   147.99   66.54   85.78
02:15:18 69.69   132.69   66.54   86.45
02:16:21 69.80   113.67   66.65   86.56
02:17:24 68.56   113.90   66.65   86.45
02:18:28 67.66   113.56   66.76   86.11
02:19:31 67.10   110.75   66.76   86.11
02:20:34 66.76   107.83   66.76   86.00
02:21:38 66.54   108.95   66.76   85.89
02:22:41 66.31   106.81   66.76   85.89
02:23:44 66.09   105.24   66.76   85.78
02:24:48 65.97   103.33   66.76   85.89
02:25:51 65.97   102.09   66.76   85.66
02:26:54 65.86   100.96   66.76   85.44
02:27:58 67.66   121.89   66.65   85.55
02:29:01 68.90   141.57   66.65   85.89
02:30:03 69.58   147.43   66.76   86.45
02:31:06 69.91   122.11   66.76   86.79
02:32:10 69.46   113.67   66.88   86.90
02:33:13 68.34   114.46   66.88   86.68
02:34:16 67.55   113.34   66.99   86.56
02:35:20 67.10   114.01   66.99   86.34
02:36:23 66.76   111.09   66.99   86.11
02:37:26 66.54   109.17   66.99   85.89
02:38:30 66.31   107.04   66.99   86.00
02:39:33 66.20   105.01   66.99   85.89
02:40:36 66.09   103.21   66.99   85.89
02:41:40 65.86   101.30   66.99   85.78
02:42:43 65.86   100.17   66.88   85.66
02:43:46 65.75   100.51   66.88   85.55
02:44:50 68.00   128.53   66.88   85.66
02:45:53 69.12   144.84   66.88   86.11
02:46:55 69.69   141.91   66.88   86.68
02:47:59 70.03   115.59   66.99   87.12
02:49:02 69.24   113.56   66.99   87.12
02:50:05 68.11   113.90   66.99   86.90
02:51:09 67.44   110.64   67.10   86.79
02:52:12 66.99   108.61   67.10   86.56
02:53:15 66.76   110.86   67.10   86.45
02:54:19 66.43   107.71   67.10   86.22
02:55:22 66.31   106.03   67.10   86.22
02:56:25 66.09   104.11   67.10   86.11
02:57:29 65.97   102.76   67.10   86.00
02:58:32 65.86   100.62   67.10   85.89
02:59:35 65.86   99.50   66.99   85.78
03:00:39 65.86   97.81   66.99   85.89
03:01:42 65.75   96.46   66.99   85.89
03:02:45 65.75   95.11   66.99   85.78
03:03:49 65.64   98.26   66.88   85.66
03:04:52 68.22   131.34   66.88   85.78
03:05:55 69.12   146.64   66.88   86.11
03:06:58 69.69   139.44   66.88   86.90
03:08:01 70.03   114.58   66.99   87.12
03:09:04 69.24   113.11   67.10   87.01
03:10:07 68.11   113.56   67.10   86.79
03:11:11 67.55   111.31   67.10   86.56
03:12:14 67.10   111.99   67.10   86.56
03:13:17 66.76   110.41   67.10   86.45
03:14:21 66.54   108.61   67.10   86.22
03:15:24 66.31   105.91   67.10   86.11
03:16:28 66.20   104.23   67.10   86.11
03:17:31 66.09   102.42   67.10   86.11
03:18:34 65.97   100.85   67.10   85.89
03:19:38 65.97   99.28   66.99   85.89
03:20:41 65.86   97.81   67.10   85.78
03:21:44 65.75   96.58   66.99   85.78
03:22:48 65.86   95.56   66.99   85.78
03:23:51 65.75   94.33   66.99   85.66
03:24:54 65.75   93.09   66.88   85.66
03:25:58 65.75   92.08   66.88   85.66
03:27:01 65.64   96.58   66.88   85.66
03:28:04 68.11   130.78   66.76   85.78
03:29:07 69.01   146.41   66.88   86.00
03:30:10 69.46   127.51   66.88   86.68
03:31:13 69.46   112.66   66.99   86.90
03:32:17 68.45   112.78   66.99   86.79
03:33:20 67.55   111.31   66.99   86.56
03:34:23 67.10   110.64   66.99   86.45
03:35:27 66.76   110.75   67.10   86.45
03:36:30 66.43   108.61   66.99   86.22
03:37:33 66.31   106.70   66.99   86.11
03:38:37 66.09   104.23   66.99   86.00
03:39:40 65.97   102.76   66.99   85.89
03:40:43 65.86   101.08   66.99   85.78
03:41:47 65.86   99.50   66.99   85.66
03:42:50 65.75   98.38   66.99   85.66
03:43:53 65.75   96.69   66.88   85.66
03:44:57 65.64   95.90   66.88   85.66
03:46:00 65.64   94.33   66.88   85.66
03:47:03 65.64   92.75   66.88   85.44
03:48:07 65.53   92.41   66.76   85.33
03:49:10 65.53   91.29   66.76   85.21
03:50:13 65.41   90.61   66.76   85.21
03:51:17 65.41   98.94   66.76   85.10
03:52:20 68.22   135.95   66.76   85.21
03:53:23 69.01   149.00   66.76   85.78
03:54:26 69.46   136.29   66.76   86.45
03:55:29 69.69   114.24   66.88   86.68
03:56:32 68.68   114.12   66.88   86.68
03:57:35 67.78   113.79   66.99   86.45
03:58:39 67.10   111.09   66.99   86.34
03:59:42 66.88   111.31   66.99   86.22
04:00:46 66.54   110.08   66.99   86.11
04:01:49 66.31   107.38   66.99   86.00
04:02:52 66.09   105.80   66.99   85.89
04:03:56 65.97   104.34   66.99   85.89
04:04:59 65.86   102.31   66.99   85.78
04:06:02 65.86   101.08   66.99   85.78
04:07:06 65.75   99.05   66.99   85.55
04:08:09 65.75   97.59   66.88   85.44
04:09:12 65.64   96.46   66.88   85.33
04:10:16 65.64   95.34   66.88   85.33
04:11:19 66.09   107.83   66.76   85.33
04:12:22 68.34   137.41   66.76   85.44
04:13:25 69.12   147.65   66.76   86.11
04:14:28 69.58   125.04   66.88   86.68
04:15:31 69.35   113.23   66.88   86.90
04:16:34 68.22   113.67   66.99   86.79
04:17:38 67.44   111.88   66.99   86.56
04:18:41 66.99   111.20   66.99   86.45
04:19:44 66.76   110.86   66.99   86.34
04:20:48 66.43   109.17   66.99   86.34
04:21:51 66.20   106.92   67.10   86.22
04:22:55 66.09   104.79   66.99   86.11
04:23:58 65.97   102.76   66.99   86.00
04:25:01 65.86   100.96   66.99   85.89
04:26:05 65.86   99.61   66.99   85.89
04:27:08 65.75   98.26   66.99   85.89
04:28:11 65.64   96.91   66.88   85.78
04:29:15 65.64   95.56   66.88   85.66
04:30:18 66.09   106.81   66.88   85.55
04:31:21 68.34   137.19   66.88   85.78
04:32:24 69.01   149.23   66.88   86.34
04:33:27 69.46   130.55   66.88   86.79
04:34:30 69.58   113.34   66.99   87.01
04:35:33 68.34   113.79   66.99   86.90
04:36:37 67.66   112.33   67.10   86.68
04:37:40 66.99   110.75   67.10   86.45
04:38:43 66.65   111.31   67.10   86.45
04:39:47 66.43   109.62   67.10   86.34
04:40:50 66.31   107.26   67.10   86.22
04:41:53 66.09   105.46   67.10   86.22
04:42:57 65.97   103.78   66.99   86.11
04:44:00 65.86   102.20   66.99   86.00
04:45:03 65.75   100.40   66.99   85.89
04:46:07 65.64   99.95   66.99   85.78
04:47:10 67.55   124.48   66.99   85.78
04:48:13 68.79   142.93   66.99   86.11
04:49:16 69.35   144.84   66.99   86.79
04:50:19 69.69   118.40   66.99   87.24
04:51:22 69.12   113.67   67.10   87.12
04:52:26 68.00   113.79   67.10   87.01
04:53:29 67.33   112.21   67.21   86.79
04:54:32 66.88   110.41   67.21   86.68
04:55:36 66.54   111.42   67.10   86.45
04:56:39 66.31   108.95   67.21   86.34
04:57:42 66.20   106.59   67.10   86.34
04:58:46 66.09   104.56   67.21   86.22
04:59:49 65.86   103.10   67.10   86.11
05:00:52 65.86   104.56   67.10   86.00
05:01:56 68.34   131.68   67.10   86.11
05:02:58 69.12   145.74   67.10   86.56
05:04:01 69.58   153.84   67.10   87.24
05:05:04 69.91   158.90   67.10   88.03
05:06:07 70.36   162.05   67.21   88.59
05:07:10 70.70   152.15   67.33   89.04
05:08:13 71.04   148.66   67.44   89.38
05:09:16 71.15   155.53   67.44   89.60
05:10:19 71.38   160.81   67.66   90.05
05:11:22 71.71   163.85   67.66   90.39
05:12:24 71.83   149.68   67.78   90.61
05:13:27 71.94   151.14   68.00   90.72
05:14:30 72.05   157.66   68.11   90.95
05:15:33 72.28   162.16   68.11   91.40
05:16:36 72.50   164.30   68.34   91.74
05:17:39 72.39   143.82   68.34   91.74
05:18:42 72.61   122.23   68.56   91.62
05:19:45 70.81   123.58   68.56   91.29
05:20:48 69.58   125.60   68.68   90.84
05:21:51 69.12   126.84   68.79   90.61
05:22:54 71.15   137.30   68.68   90.72
05:23:57 71.60   148.44   68.79   91.18
05:25:00 71.71   156.09   68.79   91.62
05:26:03 72.05   160.81   68.90   92.19
05:27:06 72.28   163.85   68.90   92.64
05:28:09 72.50   162.28   69.01   92.97
05:29:12 72.61   147.43   69.12   93.31
05:30:15 72.72   125.38   69.24   93.31
05:31:18 71.71   123.58   69.35   92.97
05:32:21 70.14   125.15   69.35   92.64
05:33:24 69.12   125.94   69.35   92.30
05:34:27 71.26   134.71   69.35   92.30
05:35:30 71.83   146.64   69.46   92.75
05:36:33 72.05   154.96   69.46   93.09
05:37:36 72.39   160.14   69.46   93.65
05:38:38 72.50   162.61   69.58   93.88
05:39:41 72.72   137.64   69.69   94.21
05:40:45 72.72   116.04   69.69   93.99
05:41:48 71.15   117.84   69.80   93.65
05:42:51 69.91   119.19   69.80   93.31
05:43:54 70.59   128.86   69.80   93.09
05:44:57 71.71   144.16   69.80   93.20
05:46:00 72.16   153.61   69.91   93.65
05:47:03 72.39   159.46   69.91   94.10
05:48:06 72.72   155.53   69.91   94.66
05:49:09 72.84   126.16   69.91   94.66
05:50:12 71.83   123.35   70.03   94.44
05:51:16 70.25   124.36   70.14   94.10
05:52:19 69.24   124.48   70.14   93.76
05:53:22 68.68   123.69   70.14   93.54
05:54:25 71.38   135.73   70.14   93.54
05:55:28 72.05   147.65   70.14   93.88
05:56:31 72.28   155.75   70.14   94.33
05:57:33 72.61   144.95   70.14   94.78
05:58:36 72.72   121.66   70.25   94.89
05:59:40 71.26   122.23   70.25   94.55
06:00:43 69.91   123.91   70.25   94.33
06:01:46 69.01   121.44   70.25   94.10
06:02:50 68.45   121.66   70.25   93.88
06:03:53 68.00   120.20   70.25   93.65
06:04:56 69.46   126.05   70.25   93.54
06:05:59 71.26   139.66   70.25   93.65
06:07:02 71.83   150.24   70.14   94.10
06:08:05 72.05   148.21   70.14   94.66
06:09:08 72.50   122.11   70.25   94.89
06:10:11 71.26   121.10   70.25   94.66
06:11:15 69.91   123.12   70.25   94.33
06:12:18 68.90   121.33   70.25   94.10
06:13:21 68.34   118.06   70.25   93.88
06:14:25 67.89   116.38   70.25   93.65
06:15:28 67.66   116.26   70.25   93.54
06:16:31 67.44   114.58   70.25   93.43
06:17:35 67.21   112.89   70.14   93.20
06:18:38 66.99   110.75   70.14   93.09
06:19:41 69.46   125.83   70.03   93.09
06:20:44 71.04   142.14   70.03   93.31
06:21:47 71.60   148.21   70.03   93.88
06:22:50 71.94   123.80   70.03   94.21
06:23:54 71.04   119.41   70.03   94.21
06:24:57 69.69   120.31   70.03   93.88
06:26:00 68.79   118.40   70.14   93.65
06:27:04 68.11   117.39   70.14   93.43
06:28:07 67.78   116.83   70.03   93.09
06:29:10 67.44   115.03   70.03   92.86
06:30:14 67.21   113.00   70.03   92.75
06:31:17 67.10   111.42   69.91   92.53
06:32:20 66.99   109.06   69.91   92.41
06:33:24 66.88   106.92   69.80   92.30
06:34:27 66.76   105.58   69.80   92.08
06:35:30 66.65   104.00   69.80   91.96
06:36:34 66.54   102.76   69.69   91.85
06:37:37 66.54   101.19   69.69   91.74
06:38:40 66.54   99.84   69.69   91.62
06:39:44 66.43   98.83   69.58   91.51
06:40:47 66.31   97.59   69.58   91.40
06:41:50 66.31   96.58   69.46   91.29
06:42:54 66.31   95.56   69.46   91.18
06:43:57 66.20   94.55   69.35   91.06
06:45:00 66.20   93.76   69.35   90.95
06:46:04 66.20   93.31   69.35   90.84
06:47:07 66.20   92.30   69.24   90.72
06:48:10 66.09   91.74   69.24   90.50
06:49:14 66.20   91.29   69.24   90.50
06:50:17 66.09   91.06   69.12   90.39
06:51:20 66.09   90.28   69.12   90.28
06:52:24 66.09   89.94   69.01   90.16
06:53:27 65.97   89.60   69.01   89.94
06:54:30 66.99   108.39   69.01   89.94
06:55:33 69.58   140.34   69.01   90.16
06:56:36 70.36   142.03   68.90   90.61
06:57:39 70.70   116.49   69.01   91.06
06:58:43 70.03   112.10   69.12   91.06
06:59:46 68.90   113.00   69.12   90.95
07:00:49 68.11   110.08   69.12   90.72
07:01:53 67.55   108.61   69.12   90.61
07:02:56 67.21   107.83   69.12   90.39
07:03:59 66.99   108.28   69.01   90.28
07:05:03 66.76   106.25   69.01   90.16
07:06:06 66.65   104.90   69.01   90.05
07:07:10 66.54   102.88   69.01   89.94
07:08:13 66.43   101.86   69.01   89.83
07:09:16 66.31   100.29   68.90   89.71
07:10:20 66.31   98.94   68.90   89.49
07:11:23 66.20   97.70   68.79   89.49
07:12:26 66.20   96.58   68.79   89.26
07:13:30 66.09   95.79   68.68   89.15
07:14:33 66.09   94.78   68.68   88.93
07:15:36 66.09   93.65   68.68   88.93
07:16:40 65.97   92.97   68.56   88.93
07:17:43 65.97   92.30   68.56   88.81
07:18:46 65.97   91.51   68.56   88.81
07:19:50 65.97   91.18   68.56   88.59
07:20:53 65.86   90.50   68.56   88.59
07:21:56 65.86   89.83   68.45   88.36
07:23:00 65.86   93.20   68.45   88.25
07:24:03 68.56   129.88   68.45   88.36
07:25:06 69.69   147.76   68.34   88.81
07:26:09 70.25   134.82   68.45   89.38
07:27:12 70.59   113.45   68.45   89.71
07:28:15 69.35   113.11   68.56   89.60
07:29:19 68.34   112.66   68.56   89.38
07:30:22 67.66   110.86   68.56   89.15
07:31:25 67.21   108.95   68.56   89.04
07:32:29 66.99   106.59   68.56   88.93
07:33:32 66.65   105.46   68.56   88.81
07:34:35 66.65   103.66   68.56   88.81
07:35:39 66.43   104.23   68.56   88.70
07:36:42 66.31   102.99   68.56   88.59
07:37:45 66.20   101.30   68.45   88.36
07:38:49 66.20   99.61   68.45   88.25
07:39:52 66.09   98.26   68.45   88.14
07:40:55 65.97   97.25   68.34   88.14
07:41:59 65.97   96.12   68.34   88.03
07:43:02 65.97   94.89   68.34   88.03
07:44:05 65.86   94.21   68.34   87.80
07:45:09 65.86   92.97   68.22   87.69
07:46:12 65.86   92.19   68.22   87.69
07:47:15 65.75   91.85   68.22   87.58
07:48:19 66.99   111.09   68.22   89.71
07:49:22 69.24   140.90   68.11   90.61
07:50:25 70.03   152.60   68.22   91.06
07:51:28 70.36   159.01   68.22   91.85
07:52:30 70.93   149.11   68.34   92.30
07:53:33 71.26   148.89   68.34   92.75
07:54:36 71.71   156.76   68.45   99.61
07:55:39 71.94   162.16   68.56   110.75
07:56:42 72.50   147.76   68.68   112.78
07:57:45 72.61   151.93   68.79   113.56
07:58:48 72.84   159.24   68.79   113.90
07:59:51 73.06   163.51   68.90   113.79
08:00:54 73.18   148.21   69.12   115.03
08:01:56 73.40   153.39   69.24   115.48
08:02:59 73.62   160.47   69.35   115.92
08:04:02 73.62   163.96   69.46   116.60
08:05:05 73.74   148.78   69.46   116.49
08:06:08 73.96   154.06   69.69   116.15
08:07:11 73.96   161.04   69.69   115.70
08:08:14 74.08   164.30   69.91   115.25
08:09:17 74.19   149.00   69.91   114.80
08:10:20 74.41   154.51   70.14   114.35
08:11:22 74.41   161.38   70.14   114.12
08:12:25 74.53   163.74   70.25   117.84
08:13:28 74.64   136.62   70.36   117.61
08:14:31 74.53   116.94   70.47   116.83
08:15:35 72.39   119.19   70.59   115.70
08:16:38 70.93   121.89   70.59   119.98
08:17:41 73.18   141.57   70.59   119.75
08:18:44 73.62   153.28   70.70   119.08
08:19:47 73.96   160.25   70.70   118.51
08:20:50 74.19   162.16   70.81   117.84
08:21:53 74.30   148.44   70.81   117.28
08:22:56 74.53   154.96   70.93   116.71
08:23:58 74.75   161.71   71.04   116.38
08:25:01 74.75   160.14   71.04   121.10
08:26:04 74.97   131.23   71.15   121.44
08:27:07 73.85   123.46   71.15   120.20
08:28:11 71.94   124.48   71.26   118.96
08:29:14 72.39   130.89   71.38   117.84
08:30:17 73.74   143.94   71.38   117.05
08:31:20 74.19   154.40   71.38   116.60
08:32:22 74.41   161.15   71.38   116.15
08:33:25 74.64   158.23   71.49   115.81
08:34:28 74.86   149.56   71.49   115.36
08:35:31 75.09   157.10   71.60   114.91
08:36:34 75.20   149.45   71.60   114.58
08:37:37 75.31   123.46   71.71   114.01
08:38:40 73.40   123.91   71.83   113.23
08:39:44 71.60   125.38   71.83   112.33
08:40:47 72.84   130.89   71.83   111.54
08:41:49 74.19   143.71   71.83   111.20
08:42:52 74.53   154.74   71.94   111.09
08:43:55 74.86   161.38   71.94   110.98
08:44:58 75.09   157.66   71.94   110.98
08:46:01 75.20   147.54   72.05   110.75
08:47:04 75.31   125.71   72.05   110.41
08:48:07 74.86   114.91   72.16   109.96
08:49:11 72.72   117.28   72.16   109.29
08:50:14 71.26   118.74   72.28   108.50
08:51:17 70.25   119.86   72.16   107.83
08:52:20 73.51   138.76   72.16   107.60
08:53:23 74.30   151.59   72.16   107.49
08:54:26 74.53   159.57   72.16   107.71
08:55:29 75.09   161.49   72.16   107.83
08:56:32 75.20   134.04   72.28   107.71
08:57:35 74.41   122.67   72.28   107.38
08:58:38 72.39   123.91   72.39   106.81
08:59:42 71.04   124.92   72.39   106.25
09:00:45 70.14   122.67   72.39   105.69
09:01:48 69.46   124.14   72.39   105.24
09:02:51 73.18   136.51   72.28   105.01
09:03:54 74.08   149.00   72.28   105.01
09:04:57 74.53   158.00   72.28   105.24
09:06:00 74.86   149.34   72.39   105.46
09:07:03 75.20   123.01   72.39   105.35
09:08:06 73.40   123.12   72.39   105.01
09:09:10 71.71   124.48   72.50   104.56
09:10:13 70.47   123.80   72.50   104.00
09:11:16 69.69   121.78   72.39   103.66
09:12:20 69.24   122.11   72.39   103.21
09:13:23 68.90   119.30   72.39   102.88
09:14:26 68.56   117.05   72.28   102.42
09:15:30 70.59   125.26   72.28   102.20
09:16:32 73.29   141.69   72.16   102.20
09:17:35 73.85   152.94   72.28   102.42
09:18:38 74.30   144.39   72.28   102.65
09:19:41 74.64   117.73   72.28   102.76
09:20:45 73.40   115.25   72.39   102.54
09:21:48 71.60   116.60   72.39   101.98
09:22:51 70.47   117.05   72.39   101.64
09:23:55 69.69   115.14   72.28   101.19
09:24:58 69.12   113.23   72.28   100.96
09:26:01 68.79   111.54   72.28   100.62
09:27:05 68.45   111.09   72.16   100.29
09:28:08 68.22   110.30   72.16   100.06
09:29:11 68.00   108.95   72.16   99.84
09:30:15 67.89   107.71   72.05   99.50
09:31:18 67.78   105.80   72.05   112.55
09:32:21 67.66   104.79   71.94   115.81
09:33:25 67.55   103.66   71.94   115.59
09:34:28 67.44   102.54   71.83   115.25
09:35:31 67.44   101.19   71.71   115.25
09:36:35 67.33   100.17   71.71   115.25
09:37:38 67.21   99.28   71.60   115.25
09:38:42 67.21   98.60   71.60   114.91
09:39:45 67.10   97.59   71.49   114.58
09:40:48 67.10   97.14   71.49   114.24
09:41:52 66.99   96.35   71.49   113.67
09:42:55 66.99   95.90   71.38   113.23
09:43:58 66.99   95.22   71.38   112.89
09:45:02 66.99   94.78   71.26   113.56
09:46:05 66.88   94.21   71.26   113.23
09:47:08 66.88   93.54   71.15   114.35
09:48:12 66.88   93.20   71.15   115.03
09:49:15 66.76   93.20   71.04   114.80
09:50:18 66.76   92.75   71.04   114.12
09:51:22 66.76   92.30   70.93   113.56
09:52:25 66.76   91.96   70.93   112.78
09:53:28 66.76   91.85   70.93   112.21
09:54:32 66.76   91.51   70.81   111.42
09:55:35 66.65   91.06   70.81   110.86
09:56:38 66.65   90.84   70.81   110.19
09:57:42 66.65   90.50   70.70   109.51
09:58:45 66.65   90.28   70.70   108.95
09:59:48 66.65   90.05   70.59   108.28
10:00:52 66.65   89.94   70.47   107.83
10:01:55 66.65   89.60   70.47   107.26
10:02:58 66.65   89.49   70.47   106.70
10:04:02 66.54   89.26   70.47   106.36
10:05:05 66.65   89.26   70.36   105.91
10:06:08 66.65   89.04   70.36   105.58
10:07:12 66.54   88.93   70.25   105.24
10:08:15 66.54   88.93   70.25   104.79
10:09:19 66.54   88.47   70.25   104.45
10:10:22 66.54   88.59   70.25   104.11
10:11:25 66.54   88.36   70.25   103.78
10:12:29 66.43   88.03   70.14   103.21
10:13:32 66.43   88.14   70.14   102.88
10:14:35 66.43   88.14   70.03   102.31
10:15:39 66.43   87.80   70.03   102.09
10:16:42 66.43   87.69   70.03   101.64
10:17:45 66.43   87.46   69.91   101.30
10:18:49 66.43   87.35   69.91   100.96
10:19:52 66.43   87.12   69.91   100.62
10:20:55 66.43   86.90   69.91   100.29
10:21:59 66.31   87.12   69.80   100.06
10:23:02 66.43   86.79   69.80   99.73
10:24:05 66.31   86.68   69.80   99.50
10:25:09 66.43   86.68   69.69   99.16
10:26:12 66.31   86.56   69.69   109.51
10:27:15 66.31   86.56   69.69   116.60
10:28:19 66.31   86.45   69.69   115.81
10:29:22 66.31   86.45   69.58   114.80
10:30:25 66.31   86.45   69.58   113.79
10:31:29 66.31   86.22   69.58   113.11
10:32:32 66.31   86.11   69.58   112.44
10:33:35 66.20   86.11   69.46   113.90
10:34:39 66.20   86.22   69.46   113.67
10:35:42 66.20   86.22   69.46   112.78
10:36:45 66.20   85.89   69.46   111.88
10:37:49 66.31   86.00   69.46   111.09
10:38:52 66.20   85.89   69.46   110.19
10:39:55 66.20   85.89   69.35   109.51
10:40:59 66.20   86.00   69.35   108.61
10:42:02 66.20   85.89   69.24   107.94
10:43:06 66.20   85.78   69.24   107.38
10:44:09 66.20   85.78   69.24   106.70
10:45:12 66.20   85.66   69.24   106.03
10:46:16 66.20   85.66   69.24   105.35
10:47:19 66.20   85.44   69.12   104.67
10:48:22 66.09   85.55   69.12   104.11
10:49:26 66.20   85.33   69.12   103.44
10:50:29 66.09   85.44   69.12   102.88
10:51:32 66.09   85.33   69.12   102.42
10:52:36 66.09   85.33   69.01   101.86
10:53:39 66.09   84.99   69.01   101.41
10:54:42 66.09   85.10   68.90   100.96
10:55:46 66.09   84.76   69.01   100.62
10:56:49 66.09   84.88   69.01   100.17
10:57:52 66.09   84.76   68.90   99.73
10:58:56 66.09   84.88   69.01   99.39
10:59:59 66.09   85.10   69.01   99.16
11:01:02 66.09   84.76   68.90   98.83
11:02:06 66.09   84.43   69.01   98.38
11:03:09 66.09   84.54   68.90   98.15
11:04:12 66.09   84.31   68.90   97.70
11:05:16 66.09   84.20   68.90   97.36
11:06:19 66.09   84.43   68.90   97.03
11:07:22 66.09   84.31   68.90   96.69
11:08:26 65.97   83.97   68.79   98.38
11:09:29 65.97   84.31   68.79   115.03
11:10:32 65.97   84.31   68.79   115.36
11:11:36 65.97   84.20   68.79   115.25
11:12:39 65.97   84.20   68.79   114.80
11:13:43 65.86   84.43   68.68   114.24
11:14:46 65.97   84.43   68.68   113.56
11:15:49 65.97   84.43   68.68   112.78
11:16:53 65.97   84.20   68.68   111.99
11:17:56 65.97   84.31   68.68   110.98
11:18:59 65.86   87.69   68.56   110.19
11:20:03 69.80   126.50   68.56   109.51
11:21:05 71.60   148.44   68.56   109.17
11:22:08 72.28   131.56   68.68   109.06
11:23:12 72.50   113.34   68.68   108.73
11:24:15 70.47   113.34   68.79   108.05
11:25:18 69.35   112.10   68.79   107.26
11:26:22 68.45   108.61   68.79   106.70
11:27:25 67.89   111.09   68.79   106.03
11:28:28 67.44   110.08   68.79   105.35
11:29:32 67.33   108.16   68.68   104.56
11:30:35 66.99   106.36   68.68   104.00
11:31:38 66.76   105.01   68.56   103.44
11:32:42 66.65   102.65   68.56   102.99
11:33:45 66.54   101.30   68.56   102.42
11:34:48 66.54   99.61   68.45   101.98
11:35:52 66.43   98.49   68.45   101.53
11:36:55 66.31   97.14   68.45   101.19
11:37:58 66.31   96.12   68.45   100.74
11:39:02 66.20   96.80   68.34   100.29
11:40:05 69.58   125.38   68.34   100.17
11:41:08 71.60   146.41   68.34   100.17
11:42:11 72.16   146.64   68.34   100.51
11:43:14 72.72   119.86   68.34   100.62
11:44:17 71.60   113.67   68.45   100.40
11:45:20 70.03   114.35   68.56   99.95
11:46:24 68.90   112.44   68.56   99.50
11:47:27 68.11   110.30   68.56   99.05
11:48:31 67.78   110.53   68.56   98.83
11:49:34 67.44   109.51   68.56   98.26
11:50:37 67.10   107.60   68.56   97.92
11:51:41 66.99   105.46   68.56   97.59
11:52:44 66.76   103.89   68.56   97.14
11:53:47 66.65   102.20   68.56   96.80
11:54:51 66.54   100.96   68.45   96.58
11:55:54 66.43   99.61   68.45   96.24
11:56:57 66.31   104.67   68.45   96.01
11:58:00 71.04   137.64   68.45   96.01
11:59:03 72.16   151.48   68.45   96.35
12:00:06 72.72   138.88   68.45   96.69
12:01:09 73.29   114.91   68.56   96.69
12:02:13 71.26   114.12   68.56   96.46
12:03:16 69.80   114.80   68.68   96.12
12:04:19 68.90   113.11   68.68   95.68
12:05:23 68.22   113.56   68.68   95.45
12:06:26 67.78   112.33   68.68   95.00
12:07:29 67.44   110.19   68.68   94.78
12:08:33 67.21   107.60   68.68   94.55
12:09:36 66.99   105.46   68.68   94.21
12:10:39 66.88   104.00   68.56   94.10
12:11:43 66.76   102.99   68.56   93.76
12:12:46 66.65   101.30   68.56   93.54
12:13:49 66.54   100.17   68.56   93.43
12:14:53 66.43   98.26   68.45   93.09
12:15:56 66.31   99.05   68.45   92.97
12:16:59 70.14   128.86   68.45   92.86
12:18:02 71.94   147.43   68.45   93.09
12:19:05 72.72   149.68   68.45   93.65
12:20:08 73.18   122.90   68.45   93.99
12:21:11 72.16   113.90   68.56   93.99
12:22:15 70.36   114.58   68.68   93.65
12:23:18 69.24   113.11   68.68   93.20
12:24:21 68.45   112.21   68.68   92.97
12:25:25 68.00   112.89   68.68   92.75
12:26:28 67.66   110.86   68.79   92.53
12:27:31 67.44   109.06   68.68   92.41
12:28:35 67.10   107.38   68.68   92.19
12:29:38 66.99   105.24   68.68   91.96
12:30:41 66.88   103.21   68.68   91.74
12:31:45 66.65   102.09   68.68   91.51
12:32:48 66.65   100.40   68.56   91.51
12:33:52 66.54   99.28   68.56   91.29
12:34:55 66.43   97.92   68.56   91.18
12:35:58 66.43   96.80   68.56   91.06
12:37:02 66.31   100.85   68.56   90.95
12:38:05 70.70   134.82   68.45   90.95
12:39:08 72.05   150.35   68.45   91.40
12:40:10 72.84   138.65   68.45   91.85
12:41:14 73.18   114.58   68.56   92.08
12:42:17 71.26   113.90   68.56   92.19
12:43:20 69.80   115.03   68.68   91.74
12:44:24 68.90   112.33   68.68   91.51
12:45:27 68.22   114.35   68.79   91.29
12:46:30 67.78   112.44   68.79   91.06
12:47:34 67.44   110.53   68.79   90.95
12:48:37 67.33   108.50   68.79   90.84
12:49:40 67.10   106.59   68.79   90.72
12:50:44 66.88   104.79   68.68   90.61
12:51:47 66.76   103.21   68.68   90.39
12:52:50 66.65   101.08   68.68   90.28
12:53:54 66.65   99.73   68.68   90.16
12:54:57 66.54   98.83   68.68   90.05
12:56:00 66.43   97.48   68.56   89.94
12:57:04 66.43   95.90   68.56   89.83
12:58:07 66.43   95.68   68.56   89.83
12:59:10 66.31   94.89   68.56   89.49
13:00:14 66.31   101.53   68.56   89.49
13:01:17 71.15   137.98   68.56   89.60
13:02:20 72.28   151.03   68.56   90.16
13:03:23 72.95   130.32   68.56   90.72
13:04:26 72.84   113.45   68.68   90.84
13:05:29 70.93   113.67   68.79   90.84
13:06:33 69.58   114.58   68.79   90.61
13:07:36 68.79   112.21   68.79   90.39
13:08:39 68.11   111.09   68.79   90.16
13:09:43 67.78   110.98   68.79   89.94
13:10:46 67.44   109.29   68.79   89.83
13:11:49 67.21   107.04   68.79   89.71
13:12:53 67.10   105.46   68.79   89.71
13:13:56 66.99   104.34   68.79   89.71
13:14:59 66.88   102.42   68.79   89.49
13:16:03 66.76   101.08   68.79   89.38
13:17:06 66.65   99.73   68.68   89.26
13:18:09 66.54   98.26   68.68   89.15
13:19:13 66.43   97.14   68.68   89.15
13:20:16 66.43   96.01   68.56   89.04
13:21:19 66.43   95.34   68.56   88.81
13:22:23 66.31   94.55   68.56   88.81
13:23:26 66.31   93.54   68.56   88.70
13:24:29 66.31   93.31   68.56   88.59
13:25:33 66.31   92.75   68.56   88.47
13:26:36 66.20   91.96   68.56   88.47
13:27:39 66.20   91.29   68.45   88.25
13:28:43 66.20   90.61   68.45   88.36
13:29:46 66.09   90.39   68.45   88.25
13:30:50 66.20   90.28   68.45   88.14
13:31:53 66.20   89.38   68.34   88.03
13:32:56 66.09   89.15   68.34   87.91
13:34:00 66.09   88.59   68.34   87.80
13:35:03 66.09   88.47   68.34   87.69
13:36:06 66.09   88.14   68.34   87.58
13:37:10 65.97   87.91   68.34   87.69
13:38:13 65.97   87.46   68.34   87.58
13:39:16 65.97   87.46   68.34   87.58
13:40:20 65.97   87.01   68.22   87.58
13:41:23 65.97   86.79   68.22   87.46
13:42:26 65.97   86.79   68.22   87.24
13:43:30 65.97   86.45   68.22   87.12
13:44:33 65.97   86.22   68.22   86.90
13:45:36 65.97   87.35   68.11   86.90
13:46:40 68.34   111.42   68.11   87.12
13:47:43 71.38   143.60   68.11   87.35
13:48:46 72.39   137.75   68.11   87.91
13:49:49 72.84   113.79   68.22   88.14
13:50:52 71.15   112.21   68.34   88.25
13:51:55 69.69   111.76   68.34   88.14
13:52:59 68.68   111.09   68.34   88.03
13:54:02 68.11   112.33   68.34   87.91
13:55:05 67.78   110.08   68.45   88.03
13:56:09 67.44   108.28   68.45   87.91
13:57:12 67.10   106.92   68.45   87.69
13:58:15 66.99   104.90   68.45   87.69
13:59:19 66.88   103.10   68.45   87.58
14:00:22 66.76   101.75   68.34   87.35
14:01:25 66.65   100.17   68.34   87.24
14:02:29 66.54   98.83   68.34   87.24
14:03:32 66.54   97.81   68.34   87.24
14:04:36 66.43   96.69   68.34   87.12
14:05:39 66.43   95.79   68.34   87.01
14:06:42 66.31   94.89   68.34   87.01
14:07:46 66.31   93.65   68.34   86.90
14:08:49 66.31   93.09   68.34   86.90
14:09:52 66.20   92.41   68.34   86.79
14:10:56 66.20   91.62   68.22   86.79
14:11:59 66.20   91.06   68.22   86.79
14:13:02 66.09   90.72   68.22   86.68
14:14:06 66.09   90.28   68.22   86.68
14:15:09 66.09   89.60   68.22   86.68
14:16:12 66.09   89.26   68.22   86.68
14:17:16 66.09   88.70   68.22   86.68
14:18:19 66.09   88.36   68.11   86.45
14:19:22 66.09   88.14   68.22   86.56
14:20:26 66.09   87.58   68.11   86.45
14:21:29 66.09   87.46   68.11   86.34
14:22:32 65.97   87.24   68.11   86.22
14:23:36 65.97   87.01   68.11   86.22
14:24:39 65.97   86.79   68.11   86.00
14:25:42 65.97   86.45   68.11   85.89
14:26:46 65.97   86.22   68.11   86.00
14:27:49 65.97   86.11   68.11   85.66
14:28:52 65.97   85.78   68.00   85.78
14:29:56 65.97   86.00   68.00   85.66
14:30:59 65.97   85.55   68.00   85.66
14:32:02 65.97   85.66   68.00   85.78
14:33:06 65.86   85.21   68.00   85.66
14:34:09 65.86   85.21   68.00   85.78
14:35:12 65.86   85.44   67.89   85.55
14:36:16 65.97   85.10   67.89   85.66
14:37:19 65.86   84.99   67.89   85.55
14:38:23 65.86   84.54   67.89   85.44
14:39:26 65.86   84.43   67.89   85.44
14:40:29 65.86   84.31   67.89   85.44
14:41:33 65.86   84.43   67.89   85.33
14:42:36 65.86   84.43   67.89   85.33
14:43:39 65.86   84.43   67.78   85.21
14:44:43 65.86   84.31   67.78   85.21
14:45:46 65.86   84.20   67.78   85.21
14:46:49 65.86   84.31   67.78   85.10
14:47:53 65.86   83.97   67.78   84.99
14:48:56 65.86   84.31   67.78   84.99
14:49:59 65.86   84.09   67.78   84.99
14:51:03 65.86   84.09   67.78   84.88
14:52:06 65.75   84.09   67.78   84.76
14:53:09 65.75   83.86   67.78   84.76
14:54:13 65.75   83.75   67.66   84.76
14:55:16 65.75   83.86   67.66   84.65
14:56:19 65.75   83.75   67.66   84.65
14:57:23 65.75   83.86   67.66   84.54
14:58:26 65.75   83.97   67.66   84.43
14:59:29 65.75   83.75   67.66   84.31
15:00:33 65.75   83.75   67.66   84.43
15:01:36 65.86   83.53   67.66   84.43
15:02:39 65.75   83.75   67.66   84.43
15:03:43 65.75   83.41   67.55   84.43
15:04:46 65.75   83.64   67.66   84.43
15:05:49 65.75   83.53   67.55   84.43
15:06:53 65.75   83.53   67.55   84.31
15:07:56 65.75   83.30   67.55   84.31
15:08:59 65.75   83.30   67.55   84.20
15:10:03 65.75   83.41   67.55   84.09
15:11:06 65.75   83.53   67.55   84.09
15:12:09 65.75   83.64   67.55   84.09
15:13:13 65.75   83.41   67.44   84.09
15:14:16 65.75   83.64   67.55   83.97
15:15:19 65.75   83.53   67.44   83.97
15:16:23 65.75   83.41   67.44   84.09
15:17:26 65.75   83.19   67.44   84.20
15:18:29 65.75   83.53   67.44   84.20
15:19:33 65.75   83.30   67.44   84.09
15:20:36 65.75   83.30   67.44   84.09
15:21:39 65.75   83.30   67.44   83.97
15:22:43 65.75   83.30   67.44   84.09
15:23:46 65.75   83.30   67.44   83.97
15:24:49 65.75   83.19   67.44   83.97
15:25:53 65.75   83.30   67.44   83.86
15:26:56 65.75   82.96   67.44   83.86
15:28:00 65.75   83.19   67.33   83.75
15:29:03 65.75   83.08   67.33   83.64
15:30:06 65.75   83.19   67.33   83.86
15:31:10 65.64   83.08   67.33   83.86
15:32:13 65.64   83.08   67.33   83.75
15:33:16 65.64   82.74   67.33   83.64
15:34:20 65.64   82.96   67.33   83.64
15:35:23 65.64   82.96   67.33   83.64
15:36:26 65.64   83.08   67.33   83.64
15:37:30 65.64   82.96   67.33   83.64
15:38:33 65.64   82.85   67.33   83.53
15:39:36 65.64   83.08   67.21   83.41
15:40:40 65.64   83.08   67.21   83.30
15:41:43 65.64   82.85   67.33   83.30
15:42:46 65.64   82.96   67.21   83.41
15:43:50 65.64   82.96   67.21   83.30
15:44:53 65.64   82.85   67.21   83.30
15:45:56 65.64   82.96   67.21   83.30
15:47:00 65.64   82.85   67.21   83.30
15:48:03 65.64   82.96   67.10   83.30
15:49:06 65.53   82.96   67.21   83.30
15:50:10 65.64   82.85   67.21   83.19
15:51:13 65.64   82.85   67.21   83.08
15:52:16 65.64   82.85   67.21   82.96
15:53:20 65.64   82.74   67.21   83.08
15:54:23 65.64   82.62   67.10   82.96
15:55:26 65.64   82.40   67.10   82.85
15:56:30 65.64   82.51   67.10   82.96
15:57:33 65.64   82.62   67.10   82.85
15:58:37 65.53   82.29   67.10   82.85
15:59:40 65.64   82.62   67.10   82.85
16:00:43 65.64   82.51   67.10   82.96
16:01:47 65.64   82.29   67.10   82.85
16:02:50 65.64   82.40   67.10   82.96
16:03:53 65.64   82.29   67.10   82.96
16:04:57 65.53   82.40   66.99   82.96
16:06:00 65.53   82.51   66.99   82.85
16:07:03 65.53   82.51   66.99   82.85
16:08:07 65.64   82.51   66.99   82.85
16:09:10 65.64   82.51   66.99   82.85
16:10:13 65.53   82.40   66.99   82.85
16:11:17 65.64   82.18   66.99   82.62
16:12:20 65.53   82.29   66.99   82.74
16:13:23 65.53   82.40   66.99   82.62
16:14:27 65.53   82.06   66.99   82.62
16:15:30 65.53   82.18   66.99   82.51
16:16:33 65.53   82.40   66.99   82.62
16:17:37 65.53   82.18   66.99   82.62
16:18:40 65.64   82.40   66.99   82.51
16:19:43 65.53   82.18   66.88   82.62
16:20:47 65.53   82.51   66.88   82.51
16:21:50 65.53   82.18   66.88   82.51
16:22:53 65.53   82.06   66.88   82.51
16:23:57 65.53   82.06   66.88   82.51
16:25:00 65.53   81.84   66.88   82.51
16:26:03 65.53   82.18   66.88   82.51
16:27:07 65.53   82.18   66.88   82.51
16:28:10 65.53   81.84   66.88   82.40
16:29:13 65.53   82.06   66.88   82.40
16:30:17 65.53   81.84   66.88   82.29
16:31:20 65.53   81.84   66.88   82.29
16:32:24 65.53   82.18   66.88   82.18
16:33:27 65.53   82.18   66.88   82.18
16:34:30 65.53   81.84   66.88   82.18
16:35:34 65.53   81.84   66.88   82.18
16:36:37 65.53   81.95   66.88   82.29
16:37:40 65.53   81.95   66.88   82.18
16:38:44 65.53   82.29   66.88   82.18
16:39:47 65.53   82.18   66.88   82.18
16:40:50 65.53   81.61   66.88   82.18
16:41:54 65.53   81.84   66.88   82.06
16:42:57 65.53   81.72   66.88   82.18
16:44:00 65.53   81.84   66.88   82.06
16:45:04 65.53   82.06   66.88   82.06
16:46:07 65.53   81.72   66.76   82.06
16:47:10 65.41   81.61   66.88   81.95
16:48:14 65.53   81.61   66.76   81.84
16:49:17 65.41   81.95   66.76   81.84
16:50:20 65.53   81.72   66.76   81.95
16:51:24 65.53   81.95   66.88   81.95
16:52:27 65.53   81.84   66.76   81.95
16:53:30 65.41   81.72   66.76   82.06
16:54:34 65.41   81.95   66.76   82.06
16:55:37 65.41   81.72   66.76   81.95
16:56:40 65.41   81.72   66.76   82.06
16:57:44 65.41   81.61   66.76   81.95
16:58:47 65.41   81.72   66.76   82.06
16:59:50 65.41   81.72   66.76   81.95
17:00:54 65.41   81.72   66.76   81.95
17:01:57 65.41   81.50   66.76   81.84
17:03:00 65.41   81.84   66.76   81.84
17:04:04 65.41   81.72   66.76   81.95
17:05:07 65.41   81.61   66.65   81.84
17:06:10 65.41   81.50   66.65   81.84
17:07:14 65.41   81.39   66.76   81.95
17:08:17 65.41   81.50   66.65   81.95
17:09:21 65.41   81.16   66.65   81.95
17:10:24 65.41   81.28   66.65   81.84
17:11:27 65.41   81.50   66.65   81.84
17:12:31 65.41   81.16   66.65   81.72
17:13:34 65.41   81.28   66.65   81.72
17:14:37 65.41   81.61   66.65   102.76
17:15:41 65.41   81.61   66.65   105.01
17:16:44 65.30   81.39   66.54   103.21
17:17:47 65.30   81.28   66.65   101.08
17:18:51 65.30   81.28   66.65   99.39
17:19:54 65.30   81.16   66.65   99.73
17:20:57 65.30   81.50   66.54   111.42
17:22:01 65.30   81.50   66.54   112.55
17:23:04 65.30   81.72   66.65   111.54
17:24:07 65.30   81.61   66.54   109.74
17:25:11 65.30   81.50   66.54   112.10
17:26:14 65.30   81.61   66.54   112.89
17:27:17 65.30   81.61   66.65   112.21
17:28:21 65.30   81.61   66.65   110.64
17:29:24 65.19   81.84   66.65   108.95
17:30:27 65.19   81.95   66.65   107.38
17:31:31 65.30   81.84   66.65   105.91
17:32:34 65.19   81.72   66.65   104.56
17:33:37 65.19   81.72   66.76   103.33
17:34:41 65.19   81.95   66.76   102.09
17:35:44 65.19   81.50   66.76   108.39
17:36:47 65.19   81.50   66.76   111.54
17:37:51 65.19   81.61   66.76   111.09
17:38:54 65.19   81.84   66.88   109.51
17:39:58 65.19   81.84   66.88   107.94
17:41:01 65.19   82.18   66.88   106.59
17:42:04 65.19   82.29   66.88   105.12
17:43:08 65.19   82.18   66.88   103.89
17:44:11 65.19   82.06   66.88   102.88
17:45:14 65.19   82.18   66.88   101.64
17:46:18 65.19   82.40   66.88   100.74
17:47:21 65.19   82.18   66.88   99.73
17:48:24 65.19   82.29   66.99   98.94
17:49:28 65.19   82.18   66.99   98.15
17:50:31 65.19   82.29   66.99   97.59
17:51:34 65.19   82.18   66.99   96.91
17:52:38 65.19   81.95   66.99   96.24
17:53:41 65.19   81.84   66.99   95.79
17:54:44 65.19   81.95   66.99   95.22
17:55:48 65.19   81.61   66.99   108.28
17:56:51 65.19   81.39   67.10   109.40
17:57:54 65.30   81.95   67.10   108.16
17:58:58 65.30   81.84   67.10   106.59
18:00:01 65.19   81.61   67.10   104.90
18:01:04 65.19   81.72   67.10   108.73
18:02:08 65.30   81.95   67.10   110.30
18:03:11 65.19   81.95   67.10   108.95
18:04:14 65.30   82.06   67.10   107.26
18:05:18 65.19   81.95   67.21   105.80
18:06:21 65.30   81.95   67.21   104.45
18:07:24 65.19   82.18   67.21   103.21
18:08:28 65.19   82.40   67.21   102.20
18:09:31 65.19   82.29   67.21   101.19
18:10:34 65.19   82.29   67.21   100.17
18:11:38 65.19   82.18   67.10   99.28
18:12:41 65.19   82.40   67.21   98.49
18:13:45 65.19   82.29   67.21   97.92
18:14:48 65.19   82.18   67.21   97.25
18:15:51 65.19   82.40   67.21   108.16
18:16:55 65.19   82.18   67.21   111.20
18:17:58 65.19   82.29   67.21   112.10
18:19:01 65.19   82.29   67.21   111.76
18:20:05 65.19   82.51   67.21   112.66
18:21:08 65.30   82.18   67.21   113.11
18:22:11 65.30   82.40   67.21   113.11
18:23:15 65.30   82.51   67.21   111.99
18:24:18 65.30   82.51   67.21   110.53
18:25:21 65.41   82.29   67.33   109.17
18:26:25 65.30   82.18   67.33   107.94
18:27:28 65.41   82.29   67.21   106.70
18:28:31 65.41   82.18   67.33   105.58
18:29:35 65.41   82.40   67.33   114.80
18:30:38 65.41   82.51   67.33   114.91
18:31:41 65.53   82.40   67.33   114.24
18:32:45 65.53   82.40   67.33   113.34
18:33:48 65.53   82.40   67.33   112.44
18:34:51 65.53   82.29   67.33   111.20
18:35:55 65.41   82.29   67.33   110.30
18:36:58 65.41   82.18   67.33   109.51
18:38:01 65.41   82.29   67.33   108.95
18:39:05 65.53   82.40   67.33   108.28
18:40:08 65.41   82.06   67.33   107.60
18:41:11 65.53   82.18   67.44   107.04
18:42:15 65.53   82.29   67.33   106.25
18:43:18 65.53   82.18   67.33   105.58
18:44:22 65.53   82.29   67.44   105.01
18:45:25 65.53   82.18   67.44   104.34
18:46:28 65.53   82.29   67.44   103.66
18:47:32 65.53   82.18   67.44   103.21
18:48:35 65.53   82.29   67.44   102.65
18:49:38 65.53   82.18   67.44   102.20
18:50:42 65.53   82.29   67.44   101.75
18:51:45 65.53   82.06   67.44   101.30
18:52:48 65.41   82.06   67.44   100.85
18:53:52 65.53   82.06   67.44   100.40
18:54:55 65.53   82.06   67.44   99.95
18:55:58 65.53   81.95   67.44   99.61
18:57:02 65.53   81.95   67.44   99.28
18:58:05 65.53   82.06   67.44   98.94
18:59:08 65.53   82.29   67.44   98.60
19:00:12 65.53   82.29   67.44   98.26
19:01:15 65.53   82.06   67.44   98.04
19:02:18 65.53   82.18   67.44   97.81
19:03:22 65.64   82.18   67.44   97.48
19:04:25 65.64   81.95   67.44   97.25
19:05:28 65.53   81.95   67.44   97.14
19:06:32 65.53   82.18   67.44   96.80
19:07:35 65.53   82.18   67.44   96.35
19:08:38 65.53   82.06   67.44   96.24
19:09:42 65.53   82.18   67.44   95.90
19:10:45 65.53   81.84   67.44   95.68
19:11:48 65.53   81.95   67.44   95.22
19:12:52 65.53   82.18   67.44   94.89
19:13:55 65.41   82.06   67.44   94.55
19:14:59 65.41   81.95   67.44   94.33
19:16:02 65.41   81.95   67.44   93.99
19:17:05 65.41   82.06   67.44   93.65
19:18:09 65.41   82.06   67.44   93.54
19:19:12 65.41   82.06   67.44   93.54
19:20:15 65.41   82.06   67.44   93.20
19:21:19 65.41   81.95   67.44   92.86
19:22:22 65.41   81.95   67.44   92.53
19:23:25 65.41   81.72   67.44   92.41
19:24:29 65.41   81.84   67.44   92.08
19:25:32 65.30   81.84   67.44   91.85
19:26:35 65.41   81.84   67.44   91.51
19:27:39 65.30   81.72   67.44   91.29
19:28:42 65.30   82.18   67.44   91.06
19:29:45 65.30   81.84   67.44   90.95
19:30:49 65.30   81.95   67.44   90.84
19:31:52 65.30   81.95   67.44   90.61
19:32:55 65.30   81.95   67.44   90.28
19:33:59 65.30   81.95   67.44   90.05
19:35:02 65.30   82.06   67.44   90.05
19:36:05 65.30   81.95   67.44   89.83
19:37:09 65.30   81.95   67.44   89.49
19:38:12 65.30   81.84   67.44   89.49
19:39:15 65.30   81.61   67.44   89.26
19:40:19 65.30   81.84   67.44   89.15
19:41:22 65.30   81.72   67.44   89.04
19:42:25 65.30   81.84   67.44   88.81
19:43:29 65.30   81.61   67.44   88.70
19:44:32 65.30   81.50   67.44   88.47
19:45:35 65.30   81.50   67.44   88.25
19:46:39 65.30   81.72   67.44   88.25
19:47:42 65.30   81.50   67.44   87.91
19:48:46 65.30   81.39   67.44   87.80
19:49:49 65.30   81.61   67.44   87.69
19:50:52 65.30   81.61   67.44   87.58
19:51:56 65.30   81.72   67.44   87.46
19:52:59 65.30   81.50   67.44   87.35
19:54:02 65.30   81.50   67.44   87.24
19:55:06 65.30   81.61   67.44   87.01
19:56:09 65.19   81.61   67.44   86.90
19:57:12 65.30   81.61   67.44   87.01
19:58:16 65.30   81.61   67.44   87.69
19:59:19 65.30   81.61   67.44   87.58
20:00:22 65.30   81.50   67.44   87.46
20:01:26 65.30   81.72   67.44   87.24
20:02:29 65.30   81.61   67.44   87.24
20:03:32 65.30   81.84   67.44   87.01
20:04:36 65.30   81.50   67.44   86.90
20:05:39 65.30   81.50   67.33   86.79
20:06:42 65.30   81.39   67.33   86.56
20:07:46 65.19   81.50   67.44   86.45
20:08:49 65.19   81.50   67.33   86.34
20:09:52 65.19   81.39   67.33   86.22
20:10:56 65.19   81.50   67.33   86.11
20:11:59 65.19   81.39   67.33   86.00
20:13:02 65.19   81.28   67.33   85.78
20:14:06 65.19   81.16   67.33   85.78
20:15:09 65.19   80.94   67.33   85.66
20:16:12 65.19   81.39   67.33   85.66
20:17:16 65.19   81.39   67.33   85.55
20:18:19 65.19   81.28   67.33   85.55
20:19:22 65.19   81.61   67.33   85.33
20:20:26 65.19   81.28   67.33   99.28
20:21:29 65.19   81.50   67.33   101.08
20:22:33 65.19   81.39   67.33   99.39
20:23:36 65.19   81.05   67.33   97.92
20:24:39 65.19   81.16   67.33   105.80
20:25:43 65.19   81.05   67.21   114.58
20:26:46 65.19   81.16   67.21   112.89
20:27:49 65.19   81.16   67.21   110.30
20:28:53 65.19   81.05   67.21   108.16
20:29:56 65.19   81.16   67.21   106.36
20:30:59 65.19   81.39   67.21   104.45
20:32:03 65.19   81.05   67.21   103.21
20:33:06 65.19   81.16   67.21   101.98
20:34:09 65.08   81.05   67.21   100.96
20:35:13 65.08   81.16   67.21   99.73
20:36:16 65.08   81.16   67.21   99.05
20:37:19 65.08   81.05   67.21   98.15
20:38:23 65.08   81.05   67.21   97.59
20:39:26 65.08   81.39   67.21   97.03
20:40:29 65.08   81.16   67.21   96.12
20:41:33 65.08   81.05   67.21   95.68
20:42:36 65.08   81.28   67.21   95.00
20:43:39 65.08   81.05   67.10   94.44
20:44:43 65.08   81.16   67.10   93.99
20:45:46 65.08   80.94   67.10   93.43
20:46:49 65.08   80.83   67.10   93.09
20:47:53 65.08   81.16   67.10   92.41
20:48:56 65.08   81.05   67.10   92.30
20:49:59 65.08   81.05   67.10   91.85
20:51:03 65.08   80.94   67.10   91.51
20:52:06 65.08   81.05   67.10   91.18
20:53:10 65.08   81.05   67.10   93.54
20:54:13 65.08   81.05   67.10   93.76
20:55:16 65.08   81.16   67.10   93.65
20:56:20 65.08   80.83   67.10   93.20
20:57:23 65.08   80.71   67.10   92.97
20:58:26 65.08   80.83   67.10   92.53
20:59:30 65.08   80.71   67.10   92.08
21:00:33 65.08   80.83   66.99   91.62
21:01:36 65.08   80.83   67.10   91.40
21:02:40 65.08   80.71   67.10   90.95
21:03:43 65.08   80.60   66.99   90.61
21:04:46 64.96   80.49   66.99   111.20
21:05:50 64.96   80.49   66.99   112.33
21:06:53 65.08   80.83   66.99   112.33
21:07:56 65.08   80.71   67.10   111.88
21:09:00 64.96   80.60   66.99   111.54
21:10:03 65.08   80.83   66.99   111.31
21:11:06 65.08   80.83   66.99   111.09
21:12:10 65.08   80.60   66.99   110.75
21:13:13 65.08   80.71   66.99   110.41
21:14:16 65.08   80.71   66.99   109.96
21:15:20 65.08   80.83   66.99   109.51
21:16:23 65.08   80.94   66.99   108.73
21:17:26 65.08   80.83   66.99   108.05
21:18:30 65.08   80.83   66.99   107.26
21:19:33 65.08   80.83   66.99   106.48
21:20:36 65.19   80.71   66.99   105.69
21:21:40 65.19   80.60   66.99   110.53
21:22:43 65.08   80.71   66.88   110.53
21:23:47 65.19   80.83   66.99   109.85
21:24:50 65.08   80.60   66.88   109.17
21:25:53 65.19   80.71   66.88   108.28
21:26:57 65.08   80.83   66.88   107.38
21:28:00 65.08   80.83   66.88   106.36
21:29:03 65.19   80.60   66.88   105.12
21:30:07 65.08   80.71   66.88   104.45
21:31:10 65.19   80.49   66.88   103.78
21:32:13 65.08   80.60   66.88   103.21
21:33:17 65.08   80.60   66.76   102.54
21:34:20 65.08   80.60   66.76   101.86
21:35:23 65.19   80.60   66.76   101.19
21:36:27 65.08   80.60   66.76   100.62
21:37:30 65.08   80.60   66.76   99.95
21:38:33 65.19   80.26   66.76   99.39
21:39:37 65.08   80.71   66.76   98.83
21:40:40 65.19   80.49   66.76   98.38
21:41:43 65.08   80.60   66.76   97.92
21:42:47 65.08   80.26   66.76   97.48
21:43:50 65.19   80.60   66.76   97.03
21:44:53 65.08   80.38   66.76   96.69
21:45:57 65.08   80.38   66.76   96.35
21:47:00 65.19   80.71   66.65   96.01
21:48:03 65.08   80.38   66.65   95.68
21:49:07 65.08   80.60   66.65   95.45
21:50:10 65.08   80.49   66.65   95.11
21:51:13 65.19   80.38   66.65   94.66
21:52:17 65.08   80.60   66.65   94.44
21:53:20 65.08   80.83   66.65   94.21
21:54:23 65.08   80.71   66.65   93.88
21:55:27 65.08   80.71   66.65   93.65
21:56:30 65.08   80.49   66.65   93.54
21:57:34 65.08   80.38   66.65   93.09
21:58:37 65.19   80.49   66.65   93.09
21:59:40 65.08   80.38   66.65   92.86
22:00:44 65.19   80.49   66.54   92.53
22:01:47 65.19   80.60   66.65   92.53
22:02:50 65.19   80.49   66.65   92.30
22:03:54 65.08   80.60   66.65   91.96
22:04:57 65.19   80.49   66.54   91.74
22:06:00 65.19   80.60   66.54   91.40
22:07:04 65.19   80.38   66.65   91.18
22:08:07 65.08   80.49   66.54   90.95
22:09:10 65.08   80.71   66.54   90.72
22:10:14 65.08   80.49   66.54   90.61
22:11:17 65.08   80.15   66.54   90.50
22:12:20 65.08   80.15   66.54   90.50
22:13:24 65.08   80.15   66.54   99.39
22:14:27 65.08   80.04   66.54   113.11
22:15:30 65.08   80.15   66.54   114.69
22:16:34 65.08   80.26   66.43   112.78
22:17:37 65.08   80.15   66.43   111.65
22:18:40 65.08   80.26   66.43   110.30
22:19:44 65.08   80.26   66.43   108.73
22:20:47 64.96   80.49   66.31   107.15
22:21:50 64.96   80.15   66.31   105.91
22:22:54 64.96   80.15   66.31   104.90
22:23:57 64.96   80.04   66.31   103.89
22:25:00 64.96   80.04   66.31   108.16
22:26:04 64.96   79.93   66.20   109.06
22:27:07 64.96   79.93   66.20   108.50
22:28:10 64.96   79.81   66.20   108.39
22:29:14 64.96   79.70   66.20   108.28
22:30:17 64.96   79.81   66.20   107.71
22:31:21 64.96   79.81   66.20   107.15
22:32:24 64.96   79.81   66.09   106.59
22:33:27 64.96   79.81   66.09   105.91
22:34:31 64.96   79.93   66.09   105.24
22:35:34 64.96   79.81   66.09   104.56
22:36:37 64.96   79.93   66.09   104.00
22:37:41 64.96   79.93   66.09   103.33
22:38:44 64.96   80.04   66.09   102.65
22:39:47 64.96   79.93   65.97   101.98
22:40:51 64.96   79.81   65.97   101.30
22:41:54 64.96   79.81   65.97   100.51
22:42:57 64.96   79.93   65.97   99.95
22:44:01 64.96   79.81   65.97   99.39
22:45:04 64.96   79.81   65.97   98.94
22:46:07 64.96   79.70   65.97   98.38
22:47:11 64.96   79.59   65.97   97.92
22:48:14 64.96   79.59   65.97   97.36
22:49:17 64.96   79.81   65.86   96.80
22:50:21 64.96   79.47   65.86   96.24
22:51:24 64.85   79.47   65.86   95.79
22:52:27 64.85   79.36   65.86   95.45
22:53:31 64.96   79.36   65.86   95.00
22:54:34 64.85   79.47   65.86   94.55
22:55:37 64.85   79.47   65.86   94.21
22:56:41 64.85   79.25   65.75   93.76
22:57:44 64.85   79.14   65.75   93.43
22:58:47 64.85   79.03   65.75   93.09
22:59:51 64.85   79.25   65.75   92.75
23:00:54 64.85   79.14   65.75   92.41
23:01:57 64.85   79.36   65.75   92.08
23:03:01 64.85   79.36   65.64   91.62
23:04:04 64.85   79.47   65.64   91.29
23:05:08 64.85   79.36   65.64   91.06
23:06:11 64.85   79.25   65.64   90.84
23:07:14 64.85   79.47   65.64   90.50
23:08:18 64.74   79.36   65.64   90.28
23:09:21 64.85   79.25   65.64   90.05
23:10:24 64.85   79.14   65.53   89.60
23:11:28 64.74   79.14   65.53   89.26
23:12:31 64.74   79.14   65.64   89.04
23:13:34 64.74   79.03   65.64   88.70
23:14:38 64.74   79.14   65.53   88.47
23:15:41 64.74   79.03   65.53   88.25
23:16:44 64.74   79.14   65.53   88.14
23:17:48 64.74   79.03   65.53   95.79
23:18:51 64.74   79.14   65.53   109.17
23:19:54 64.74   79.25   65.53   111.31
23:20:58 64.74   79.14   65.53   112.33
23:22:01 64.74   79.14   65.53   111.88
23:23:04 64.74   79.03   65.53   110.64
23:24:08 64.74   79.36   65.41   109.29
23:25:11 64.74   79.14   65.41   107.60
23:26:14 64.74   79.14   65.41   106.14
23:27:18 64.74   79.25   65.41   104.90
23:28:21 64.74   79.03   65.41   103.78
23:29:24 64.74   79.03   65.41   102.88
23:30:28 64.74   79.25   65.41   101.64
23:31:31 64.74   79.14   65.41   100.62
23:32:34 64.74   79.14   65.41   99.84
23:33:38 64.74   79.03   65.41   99.05
23:34:41 64.74   79.14   65.41   98.26
23:35:45 64.74   78.91   65.41   97.59
23:36:48 64.74   79.36   65.41   96.91
23:37:51 64.62   79.03   65.30   96.24
23:38:55 64.62   79.03   65.30   95.68
23:39:58 64.74   78.80   65.30   95.11
23:41:01 64.74   78.80   65.30   94.66
23:42:05 64.74   78.91   65.30   94.10
23:43:08 64.62   79.14   65.30   93.54
23:44:11 64.74   79.25   65.30   93.20
23:45:15 64.74   78.80   65.30   92.64
23:46:18 64.62   78.80   65.30   92.30
23:47:21 64.62   78.91   65.30   91.85
23:48:25 64.62   78.91   65.19   91.51
23:49:28 64.74   78.91   65.30   91.06
23:50:31 64.62   79.03   65.30   90.61
23:51:35 64.74   78.80   65.19   90.28
23:52:38 64.62   78.91   65.19   89.94
23:53:41 64.62   78.91   65.19   89.60
23:54:45 64.62   78.80   65.19   89.38
23:55:48 64.62   78.91   65.19   88.93
23:56:51 64.62   78.91   65.19   88.70
23:57:55 64.62   78.80   65.19   88.47
23:58:58 64.62   79.14   65.19   88.14
