 Date  Furn_In  Furn_Out  Bsmnt   Water_Htr
00:00:01 64.62   79.03   65.19   87.91
00:01:05 64.62   78.69   65.19   87.69
00:02:08 64.62   78.69   65.08   87.35
00:03:11 64.62   78.58   65.08   87.01
00:04:15 64.62   78.69   65.08   86.90
00:05:18 64.62   78.46   65.08   86.68
00:06:21 64.62   78.91   65.08   86.45
00:07:25 64.51   78.80   65.08   86.11
00:08:28 64.62   78.80   65.08   86.00
00:09:32 64.51   78.58   65.08   85.89
00:10:35 64.51   78.80   65.08   85.66
00:11:38 64.51   78.46   65.08   85.55
00:12:42 64.51   78.58   64.96   85.44
00:13:45 64.51   78.46   65.08   85.21
00:14:48 64.62   78.80   65.08   84.99
00:15:52 64.51   78.69   64.96   84.88
00:16:55 64.51   78.46   64.96   84.65
00:17:58 64.51   78.58   64.96   84.65
00:19:02 64.51   78.69   64.96   84.54
00:20:05 64.51   84.20   64.96   84.20
00:21:08 67.33   126.39   64.96   84.20
00:22:11 68.56   146.19   64.96   84.54
00:23:14 69.12   130.21   65.08   85.10
00:24:17 69.12   112.55   65.08   85.44
00:25:21 67.89   112.44   65.19   85.33
00:26:24 66.99   110.41   65.19   85.21
00:27:27 66.43   108.28   65.30   84.99
00:28:31 65.97   109.29   65.30   84.76
00:29:34 65.75   106.92   65.30   84.54
00:30:37 65.53   104.45   65.30   84.31
00:31:41 65.41   103.33   65.30   84.09
00:32:44 65.30   100.62   65.30   84.09
00:33:47 65.19   98.94   65.30   83.97
00:34:51 65.08   97.03   65.30   83.86
00:35:54 65.08   95.90   65.30   83.86
00:36:57 64.96   98.15   65.30   83.75
00:38:01 67.78   128.98   65.30   83.75
00:39:04 68.90   145.18   65.30   84.09
00:40:06 69.46   135.84   65.41   84.76
00:41:10 69.80   113.67   65.41   85.10
00:42:13 68.45   112.78   65.53   84.99
00:43:16 67.44   112.55   65.53   84.88
00:44:20 66.65   112.78   65.64   84.65
00:45:23 66.31   111.42   65.64   84.43
00:46:26 66.09   109.29   65.64   84.31
00:47:30 65.75   107.04   65.64   84.20
00:48:33 65.64   105.12   65.64   84.09
00:49:36 65.41   102.99   65.64   84.09
00:50:40 65.30   100.74   65.64   84.09
00:51:43 65.30   98.83   65.64   83.86
00:52:46 65.19   99.73   65.64   83.75
00:53:50 67.89   128.19   65.64   83.75
00:54:52 69.12   144.39   65.64   84.20
00:55:55 69.69   147.54   65.64   84.88
00:56:58 70.03   121.10   65.75   85.21
00:58:02 69.35   113.45   65.86   85.44
00:59:05 68.00   114.01   65.86   85.21
01:00:08 67.21   112.21   65.86   84.99
01:01:12 66.65   112.21   65.97   84.88
01:02:15 66.31   111.31   65.86   84.65
01:03:18 65.97   108.73   65.97   84.43
01:04:22 65.75   107.04   65.97   84.31
01:05:25 65.64   104.34   65.97   84.20
01:06:28 65.53   103.10   65.97   84.20
01:07:32 65.41   100.85   65.86   84.09
01:08:35 65.30   98.83   65.86   84.09
01:09:38 65.30   101.08   65.86   84.09
01:10:42 68.22   130.78   65.86   84.20
01:11:44 69.24   145.40   65.86   84.54
01:12:47 69.80   137.98   65.97   85.21
01:13:50 70.25   114.12   65.97   85.44
01:14:54 68.79   112.78   66.09   85.44
01:15:57 67.78   113.11   66.09   85.21
01:17:01 67.10   113.00   66.09   85.21
01:18:04 66.65   113.00   66.09   84.99
01:19:07 66.31   109.96   66.20   84.88
01:20:11 66.09   107.60   66.20   84.76
01:21:14 65.86   105.91   66.20   84.65
01:22:17 65.75   103.78   66.09   84.54
01:23:21 65.53   102.09   66.20   84.43
01:24:24 65.53   100.17   66.09   84.31
01:25:27 65.30   98.71   66.09   84.31
01:26:31 65.30   98.60   66.09   84.31
01:27:34 67.66   125.26   66.09   84.31
01:28:37 69.01   143.49   66.09   84.76
01:29:40 69.69   146.98   66.09   85.44
01:30:43 70.03   121.10   66.20   85.89
01:31:46 69.46   113.79   66.20   86.00
01:32:49 68.11   114.35   66.31   85.66
01:33:53 67.33   111.99   66.31   85.44
01:34:56 66.76   113.34   66.31   85.21
01:35:59 66.43   111.76   66.31   85.10
01:37:03 66.20   109.51   66.43   84.99
01:38:06 65.86   106.92   66.43   84.99
01:39:09 65.75   105.69   66.31   84.88
01:40:13 65.64   103.10   66.31   84.88
01:41:16 65.53   101.19   66.31   84.76
01:42:19 65.41   99.61   66.31   84.65
01:43:23 65.30   98.26   66.31   84.54
01:44:26 65.30   97.48   66.31   84.43
01:45:29 66.99   117.28   66.20   84.54
01:46:32 68.90   140.56   66.31   84.76
01:47:35 69.58   146.98   66.31   85.44
01:48:38 69.91   122.23   66.31   86.11
01:49:42 69.35   113.23   66.31   86.00
01:50:45 68.11   113.56   66.43   85.89
01:51:48 67.33   111.99   66.43   85.66
01:52:52 66.76   109.62   66.43   85.44
01:53:55 66.43   108.50   66.54   85.33
01:54:58 66.09   108.39   66.54   85.21
01:56:02 65.86   106.81   66.43   85.10
01:57:05 65.75   104.34   66.43   84.99
01:58:08 65.64   102.65   66.54   84.99
01:59:12 65.53   101.08   66.43   84.99
02:00:15 65.53   99.61   66.43   84.88
02:01:18 65.41   97.81   66.43   84.65
02:02:22 65.30   96.46   66.43   84.65
02:03:25 65.30   95.22   66.43   84.54
02:04:28 65.19   93.99   66.31   84.43
02:05:32 65.19   95.11   66.31   84.43
02:06:35 67.78   125.83   66.31   84.43
02:07:38 69.01   144.39   66.31   84.88
02:08:41 69.58   140.23   66.31   85.55
02:09:44 70.03   114.46   66.31   86.00
02:10:47 68.79   112.66   66.43   85.89
02:11:51 67.78   113.56   66.43   85.66
02:12:54 66.99   112.55   66.54   85.55
02:13:57 66.54   113.23   66.54   85.44
02:15:01 66.31   112.21   66.54   85.44
02:16:04 66.09   108.84   66.54   85.33
02:17:07 65.86   106.36   66.43   85.21
02:18:11 65.64   104.11   66.54   85.10
02:19:14 65.53   102.31   66.54   84.99
02:20:17 65.53   100.40   66.43   84.99
02:21:21 65.41   98.83   66.43   84.99
02:22:24 65.41   97.36   66.43   84.88
02:23:27 65.30   95.68   66.43   84.76
02:24:31 65.19   94.44   66.43   84.65
02:25:34 65.19   93.43   66.31   84.65
02:26:37 65.19   92.19   66.31   84.54
02:27:41 65.08   91.18   66.31   84.43
02:28:44 65.08   91.40   66.31   84.54
02:29:47 66.88   116.49   66.31   84.54
02:30:50 68.56   141.46   66.31   84.65
02:31:53 69.24   142.48   66.31   85.44
02:32:56 69.69   116.15   66.31   85.66
02:34:00 68.90   112.89   66.43   85.78
02:35:03 67.78   113.00   66.43   85.66
02:36:06 66.99   111.99   66.43   85.44
02:37:10 66.54   113.11   66.43   85.33
02:38:13 66.20   111.31   66.43   85.33
02:39:16 65.97   107.94   66.43   85.10
02:40:20 65.75   105.46   66.43   85.10
02:41:23 65.64   103.89   66.43   84.99
02:42:26 65.53   102.09   66.43   84.88
02:43:30 65.41   100.17   66.43   84.88
02:44:33 65.30   98.60   66.43   84.76
02:45:37 65.30   96.80   66.43   84.54
02:46:40 65.19   95.68   66.31   84.54
02:47:43 65.19   94.33   66.31   84.43
02:48:47 65.19   93.88   66.31   84.43
02:49:50 65.08   94.55   66.31   84.43
02:50:53 67.44   124.70   66.31   84.43
02:51:56 68.79   143.49   66.20   84.76
02:52:59 69.35   135.84   66.31   85.44
02:54:02 69.69   113.67   66.43   85.78
02:55:05 68.34   112.78   66.43   85.66
02:56:09 67.44   113.11   66.43   85.44
02:57:12 66.76   110.08   66.43   85.44
02:58:16 66.31   109.51   66.54   85.33
02:59:19 66.09   109.96   66.43   85.21
03:00:22 65.86   107.38   66.43   85.10
03:01:26 65.64   105.35   66.43   84.99
03:02:29 65.53   103.33   66.43   84.76
03:03:32 65.41   101.19   66.43   84.65
03:04:36 65.30   99.61   66.43   84.54
03:05:39 65.30   98.26   66.31   84.54
03:06:42 65.30   96.80   66.43   84.54
03:07:46 65.19   95.34   66.31   84.54
03:08:49 65.19   94.33   66.31   84.43
03:09:52 65.08   93.43   66.31   84.31
03:10:56 65.08   92.41   66.31   84.20
03:11:59 65.08   96.01   66.31   84.31
03:13:02 67.78   130.10   66.20   84.31
03:14:05 68.79   145.96   66.20   84.88
03:15:08 69.35   135.05   66.31   85.55
03:16:11 69.58   113.79   66.31   85.78
03:17:14 68.34   113.23   66.31   85.66
03:18:18 67.44   113.11   66.43   85.55
03:19:21 66.76   113.45   66.43   85.33
03:20:25 66.43   112.55   66.43   85.21
03:21:28 66.09   110.75   66.43   85.21
03:22:31 65.86   107.94   66.43   85.10
03:23:35 65.75   105.58   66.43   84.99
03:24:38 65.53   103.44   66.43   84.99
03:25:41 65.41   101.75   66.43   84.76
03:26:45 65.41   100.06   66.43   84.65
03:27:48 65.30   98.49   66.31   84.65
03:28:51 65.30   100.62   66.31   84.65
03:29:54 67.89   129.76   66.31   84.65
03:30:57 68.90   145.18   66.31   85.33
03:32:00 69.35   138.31   66.31   85.78
03:33:03 69.69   114.01   66.43   86.00
03:34:07 68.56   113.11   66.43   85.89
03:35:10 67.55   113.00   66.43   85.89
03:36:13 66.88   111.54   66.54   85.66
03:37:17 66.43   111.20   66.54   85.44
03:38:20 66.20   110.08   66.54   85.44
03:39:23 65.86   108.16   66.54   85.44
03:40:27 65.75   105.35   66.54   85.33
03:41:30 65.64   103.66   66.54   85.21
03:42:34 65.53   101.98   66.54   85.21
03:43:37 65.41   100.51   66.54   84.99
03:44:40 65.41   98.94   66.43   84.88
03:45:44 65.30   97.59   66.43   84.88
03:46:47 66.31   113.67   66.43   84.88
03:47:50 68.45   138.65   66.43   85.10
03:48:53 69.12   149.45   66.43   85.55
03:49:56 69.58   130.32   66.43   86.22
03:50:59 69.46   113.23   66.54   86.45
03:52:02 68.22   113.67   66.54   86.34
03:53:06 67.44   113.23   66.65   86.11
03:54:09 66.76   113.00   66.54   86.00
03:55:12 66.43   111.88   66.65   85.66
03:56:16 66.09   107.49   66.65   85.66
03:57:19 65.86   107.26   66.65   85.55
03:58:22 65.75   105.58   66.54   85.55
03:59:26 65.53   103.44   66.54   85.44
04:00:29 65.53   101.64   66.54   85.33
04:01:32 65.41   100.29   66.54   85.33
04:02:36 65.30   98.71   66.54   85.21
04:03:39 65.30   96.80   66.54   85.21
04:04:42 65.41   105.46   66.43   85.10
04:05:45 68.34   136.18   66.43   85.21
04:06:48 69.01   148.32   66.43   85.78
04:07:51 69.46   131.68   66.54   86.45
04:08:54 69.46   113.11   66.54   86.79
04:09:58 68.22   113.45   66.65   86.56
04:11:01 67.33   113.56   66.65   86.34
04:12:05 66.76   111.20   66.65   86.11
04:13:08 66.43   110.64   66.65   85.89
04:14:11 66.09   110.64   66.65   85.89
04:15:15 65.86   108.16   66.65   85.89
04:16:18 65.64   105.91   66.65   85.78
04:17:21 65.53   103.55   66.65   85.66
04:18:25 65.41   102.20   66.54   85.55
04:19:28 65.30   100.62   66.54   85.44
04:20:31 65.30   98.60   66.54   85.33
04:21:35 65.19   98.26   66.54   85.21
04:22:38 67.21   122.34   66.54   85.33
04:23:41 68.68   142.03   66.54   85.66
04:24:44 69.24   146.41   66.54   86.34
04:25:47 69.69   120.76   66.54   86.79
04:26:50 69.01   113.90   66.65   86.68
04:27:53 67.78   114.91   66.65   86.45
04:28:57 66.99   113.45   66.65   86.45
04:30:00 66.54   110.98   66.65   86.22
04:31:03 66.20   109.62   66.65   86.11
04:32:07 65.97   109.06   66.76   86.00
04:33:10 65.75   107.49   66.65   86.00
04:34:13 65.64   105.01   66.65   85.89
04:35:17 65.41   103.44   66.65   85.89
04:36:20 65.41   101.53   66.65   85.66
04:37:23 65.30   99.84   66.65   85.66
04:38:27 65.30   98.26   66.54   85.44
04:39:30 65.30   97.03   66.54   85.33
04:40:34 65.19   96.12   66.54   85.33
04:41:37 67.10   120.31   66.43   85.33
04:42:40 68.56   141.80   66.43   85.78
04:43:43 69.24   146.53   66.43   86.45
04:44:46 69.46   120.76   66.54   86.90
04:45:49 68.90   113.67   66.54   86.90
04:46:52 67.78   114.24   66.54   86.79
04:47:56 66.99   112.89   66.65   86.45
04:48:59 66.54   109.74   66.65   86.34
04:50:02 66.09   110.41   66.65   86.11
04:51:06 65.86   109.06   66.54   86.11
04:52:09 65.64   106.92   66.54   86.00
04:53:12 65.53   105.24   66.54   85.89
04:54:16 65.53   103.21   66.54   85.89
04:55:19 65.41   101.75   66.54   85.78
04:56:22 65.30   99.50   66.54   85.66
04:57:26 66.76   118.06   66.43   85.66
04:58:29 68.56   140.11   66.43   86.00
04:59:32 69.24   149.90   66.54   86.56
05:00:35 69.58   155.86   66.54   87.24
05:01:37 69.91   159.80   66.54   87.91
05:02:40 70.25   162.16   66.65   88.36
05:03:43 70.59   154.29   66.76   88.70
05:04:46 70.93   147.99   66.76   89.04
05:05:49 71.26   154.62   66.88   89.38
05:06:52 71.26   159.69   66.99   89.60
05:07:55 71.49   162.72   67.10   89.94
05:08:58 71.71   164.41   67.21   90.28
05:10:01 71.83   154.40   67.33   90.61
05:11:03 72.05   149.45   67.44   90.84
05:12:06 72.16   155.75   67.55   90.95
05:13:09 72.16   160.47   67.66   104.90
05:14:12 72.39   154.96   67.78   110.98
05:15:15 72.39   125.15   67.89   112.21
05:16:18 71.04   123.80   68.00   112.66
05:17:22 69.35   125.15   68.11   112.55
05:18:24 70.14   130.21   68.11   112.33
05:19:27 71.38   142.14   68.22   112.44
05:20:30 71.71   151.93   68.22   112.33
05:21:33 71.94   158.34   68.22   114.12
05:22:36 72.05   162.05   68.34   115.03
05:23:39 72.39   164.64   68.34   115.48
05:24:42 72.61   149.56   68.45   116.04
05:25:45 72.72   132.12   68.56   116.04
05:26:48 72.05   122.90   68.56   115.48
05:27:51 70.14   124.03   68.68   114.46
05:28:54 69.01   125.38   68.79   113.56
05:29:57 69.80   128.64   68.79   112.66
05:31:00 71.49   139.44   68.79   112.10
05:32:03 71.94   150.24   68.79   111.88
05:33:06 72.16   157.32   68.79   111.65
05:34:09 72.39   161.71   68.90   111.54
05:35:12 72.61   164.30   68.90   111.31
05:36:14 72.95   141.69   68.90   111.09
05:37:18 73.06   117.16   69.01   112.55
05:38:21 71.26   118.62   69.12   111.99
05:39:24 69.80   120.20   69.24   111.20
05:40:28 68.79   120.76   69.24   110.41
05:41:31 70.81   132.46   69.24   109.74
05:42:34 71.83   145.85   69.24   109.62
05:43:37 72.28   154.62   69.24   109.51
05:44:39 72.39   160.36   69.24   109.51
05:45:42 72.72   142.81   69.24   109.51
05:46:45 72.61   121.89   69.24   109.17
05:47:49 70.70   123.01   69.35   108.61
05:48:52 69.35   125.04   69.46   107.83
05:49:55 68.45   123.91   69.46   107.15
05:50:58 67.89   120.20   69.46   111.42
05:52:02 67.55   118.85   69.46   111.42
05:53:05 70.59   131.34   69.35   110.75
05:54:08 71.71   144.84   69.35   115.59
05:55:10 72.05   154.18   69.35   115.59
05:56:13 72.28   140.45   69.35   114.80
05:57:16 72.16   121.10   69.24   114.12
05:58:20 70.47   121.78   69.24   112.89
05:59:23 69.12   123.24   69.24   111.88
06:00:27 68.34   121.44   69.24   110.75
06:01:30 67.78   118.96   69.24   109.85
06:02:33 67.33   116.83   69.24   109.06
06:03:37 67.10   116.04   69.24   108.28
06:04:40 66.88   114.01   69.12   107.60
06:05:43 66.65   112.55   69.12   106.92
06:06:47 66.54   110.30   69.01   106.36
06:07:50 66.43   108.05   69.01   105.69
06:08:53 66.20   106.36   69.01   105.01
06:09:57 67.10   114.69   68.90   104.67
06:11:00 70.25   139.10   68.90   104.45
06:12:03 71.04   150.57   68.79   104.56
06:13:05 71.38   137.07   68.79   104.67
06:14:09 71.49   119.98   68.79   104.56
06:15:12 69.69   120.20   68.90   104.11
06:16:15 68.68   120.20   68.90   103.55
06:17:19 67.89   117.95   68.90   102.99
06:18:22 67.33   118.29   68.90   102.42
06:19:25 67.10   117.28   68.90   101.86
06:20:29 66.76   114.46   68.90   101.41
06:21:32 66.54   112.89   68.79   100.96
06:22:35 66.43   109.85   68.79   100.62
06:23:39 66.31   108.05   68.79   100.29
06:24:42 66.20   105.91   68.68   99.84
06:25:45 66.09   104.00   68.68   99.50
06:26:49 65.97   102.65   68.56   99.16
06:27:52 65.97   101.19   68.56   98.94
06:28:55 65.86   99.73   68.56   98.49
06:29:59 65.86   98.49   68.56   98.15
06:31:02 65.75   97.14   68.56   97.81
06:32:05 65.75   96.24   68.45   97.48
06:33:09 65.75   95.56   68.45   97.03
06:34:12 65.64   94.78   68.45   96.69
06:35:15 65.64   93.65   68.34   96.46
06:36:19 65.64   93.09   68.34   96.12
06:37:22 65.64   92.64   68.34   96.01
06:38:25 65.64   91.74   68.22   95.79
06:39:29 65.64   91.29   68.22   95.45
06:40:32 65.53   90.72   68.22   95.22
06:41:35 65.53   90.50   68.11   94.89
06:42:39 65.53   90.05   68.11   94.55
06:43:42 65.41   89.71   68.11   94.33
06:44:46 65.41   89.04   68.11   111.99
06:45:49 65.41   88.93   68.00   113.56
06:46:52 65.41   88.36   68.00   113.45
06:47:56 65.41   87.80   67.89   113.45
06:48:59 65.41   87.91   67.89   113.45
06:50:02 65.41   87.46   67.89   113.45
06:51:06 65.30   87.24   67.89   113.56
06:52:09 65.30   87.12   67.89   113.11
06:53:12 65.41   87.01   67.89   112.89
06:54:16 65.41   86.79   67.89   112.44
06:55:19 65.30   86.79   67.89   111.99
06:56:22 65.30   86.45   67.78   111.20
06:57:26 65.30   86.22   67.78   111.42
06:58:29 65.30   86.22   67.78   112.78
06:59:32 65.30   85.89   67.78   112.44
07:00:36 65.30   85.78   67.66   112.66
07:01:39 65.30   85.66   67.66   114.01
07:02:42 65.30   85.66   67.66   113.79
07:03:46 65.30   85.33   67.66   113.00
07:04:49 65.30   85.21   67.55   112.21
07:05:52 65.30   85.10   67.55   111.31
07:06:56 65.30   85.10   67.55   110.53
07:07:59 65.30   84.88   67.55   109.74
07:09:02 65.30   84.76   67.55   109.17
07:10:06 65.19   84.76   67.44   108.61
07:11:09 65.19   84.54   67.44   107.94
07:12:12 65.19   84.43   67.44   107.38
07:13:16 65.19   84.43   67.44   106.81
07:14:19 65.19   84.09   67.44   106.25
07:15:23 65.19   84.20   67.44   105.69
07:16:26 65.19   84.20   67.33   105.24
07:17:29 65.19   84.20   67.33   104.67
07:18:33 65.19   83.97   67.33   104.23
07:19:36 65.19   83.86   67.21   103.78
07:20:39 65.30   83.97   67.33   103.44
07:21:43 65.19   83.75   67.21   102.99
07:22:46 65.19   83.86   67.21   102.54
07:23:49 65.19   83.75   67.21   102.09
07:24:53 65.19   86.22   67.21   101.64
07:25:56 68.00   122.56   67.21   101.30
07:26:59 69.58   145.96   67.21   103.55
07:28:02 70.14   142.70   67.21   120.31
07:29:05 70.59   115.25   67.21   120.20
07:30:08 69.46   112.10   67.33   118.40
07:31:11 68.22   112.89   67.44   116.49
07:32:15 67.44   110.98   67.44   114.69
07:33:18 66.99   109.06   67.44   113.11
07:34:22 66.54   111.31   67.44   118.06
07:35:25 66.31   109.51   67.44   117.50
07:36:28 66.09   106.81   67.55   116.38
07:37:32 65.97   104.67   67.44   115.14
07:38:35 65.86   103.10   67.44   113.79
07:39:38 65.75   100.96   67.44   112.55
07:40:42 65.64   99.39   67.44   111.54
07:41:45 65.64   97.59   67.44   110.41
07:42:48 65.64   96.35   67.33   109.29
07:43:52 65.53   97.03   67.33   108.50
07:44:55 67.89   123.46   67.33   107.83
07:45:58 69.58   143.71   67.33   107.49
07:47:01 70.25   145.74   67.33   107.38
07:48:04 70.59   119.19   67.33   106.92
07:49:07 70.03   111.65   67.44   106.48
07:50:10 68.68   112.55   67.44   105.69
07:51:14 67.66   112.66   67.55   104.79
07:52:17 67.10   110.08   67.55   104.11
07:53:20 66.76   109.51   67.55   103.44
07:54:24 66.43   108.16   67.55   102.99
07:55:27 66.20   106.36   67.55   102.42
07:56:31 66.09   104.67   67.55   101.86
07:57:34 65.86   102.54   67.44   101.30
07:58:37 65.75   101.53   67.44   100.85
07:59:41 65.75   99.50   67.44   100.29
08:00:44 65.64   102.65   67.44   99.84
08:01:47 69.01   133.93   67.44   99.50
08:02:50 69.91   148.21   67.44   99.50
08:03:53 70.47   142.25   67.44   99.84
08:04:56 70.81   115.25   67.44   99.84
08:05:59 69.69   112.89   67.55   99.50
08:07:03 68.56   114.01   67.55   98.94
08:08:06 67.66   112.44   67.55   98.49
08:09:09 67.21   111.65   67.66   98.04
08:10:13 66.76   111.88   67.66   97.70
08:11:16 66.43   109.29   67.66   97.25
08:12:19 66.31   106.70   67.55   96.91
08:13:23 66.09   104.90   67.66   96.58
08:14:26 65.97   103.10   67.55   96.12
08:15:29 65.86   103.66   67.55   95.79
08:16:33 68.56   128.19   67.55   95.56
08:17:35 69.80   144.95   67.55   95.68
08:18:38 70.36   152.15   67.55   96.01
08:19:41 70.81   127.96   67.55   96.24
08:20:45 70.59   113.67   67.66   96.35
08:21:48 69.01   114.69   67.66   96.01
08:22:51 68.11   114.80   67.66   95.45
08:23:55 67.44   113.00   67.66   95.11
08:24:58 66.99   110.75   67.78   94.78
08:26:01 66.65   110.86   67.78   94.55
08:27:05 66.43   109.40   67.78   94.21
08:28:08 66.20   106.70   67.78   94.10
08:29:11 66.09   105.01   67.78   93.65
08:30:15 67.21   116.94   67.78   93.54
08:31:18 69.58   139.55   67.66   93.54
08:32:20 70.36   150.91   67.66   93.99
08:33:23 70.81   146.30   67.78   94.44
08:34:26 71.15   118.06   67.78   94.66
08:35:30 70.14   114.46   67.89   94.44
08:36:33 68.79   115.59   67.89   94.10
08:37:36 68.00   114.91   67.89   93.76
08:38:40 67.33   112.33   68.00   93.43
08:39:43 66.99   110.41   68.00   93.20
08:40:46 66.76   110.41   68.00   92.86
08:41:50 66.43   108.61   67.89   92.75
08:42:53 66.20   106.59   68.00   92.64
08:43:56 66.20   105.24   67.89   92.30
08:45:00 65.97   107.71   67.89   92.19
08:46:03 69.35   135.73   67.89   92.19
08:47:06 70.25   148.89   67.89   92.64
08:48:09 70.81   146.98   67.89   93.20
08:49:12 71.15   119.41   68.00   93.54
08:50:15 70.14   114.35   68.00   93.31
08:51:18 68.90   114.69   68.00   92.97
08:52:22 68.00   114.69   68.11   92.75
08:53:25 67.44   111.65   68.11   92.53
08:54:28 66.99   109.62   68.11   92.30
08:55:32 66.65   110.41   68.11   91.96
08:56:35 66.54   108.95   68.11   91.74
08:57:38 66.31   106.92   68.11   91.62
08:58:42 66.20   106.03   68.11   91.51
08:59:45 68.79   127.29   68.11   91.40
09:00:48 70.03   144.05   68.00   91.62
09:01:51 70.70   140.68   68.00   92.08
09:02:54 71.15   115.03   68.11   92.30
09:03:57 69.80   113.56   68.11   92.30
09:05:01 68.68   114.46   68.11   92.08
09:06:04 67.89   113.11   68.22   91.85
09:07:07 67.33   111.54   68.22   91.51
09:08:11 66.99   110.75   68.22   91.29
09:09:14 66.65   110.08   68.22   91.18
09:10:17 66.43   108.28   68.22   90.84
09:11:21 66.31   105.91   68.22   90.72
09:12:24 66.09   104.67   68.22   90.61
09:13:27 66.09   102.42   68.22   90.50
09:14:31 65.97   100.96   68.11   90.39
09:15:34 65.86   99.84   68.11   90.28
09:16:37 65.75   98.49   68.11   90.05
09:17:41 65.75   97.36   68.00   89.94
09:18:44 65.75   96.01   68.00   89.83
09:19:47 65.64   95.22   68.00   89.60
09:20:51 65.64   93.99   68.00   89.60
09:21:54 65.64   93.31   68.00   89.49
09:22:57 65.53   92.64   67.89   89.38
09:24:01 65.53   91.96   67.89   89.15
09:25:04 65.53   91.29   67.89   89.04
09:26:07 65.53   90.72   67.78   88.93
09:27:11 65.41   90.39   67.78   88.81
09:28:14 65.53   89.83   67.78   88.59
09:29:17 65.41   89.15   67.66   88.47
09:30:21 65.41   88.93   67.66   88.47
09:31:24 65.41   88.47   67.66   88.47
09:32:28 65.41   87.91   67.66   88.25
09:33:31 65.41   87.58   67.66   88.25
09:34:34 65.30   87.35   67.66   88.25
09:35:38 65.30   87.12   67.55   88.03
09:36:41 65.30   86.90   67.55   87.91
09:37:44 65.30   86.56   67.55   87.91
09:38:48 65.30   86.34   67.44   87.80
09:39:51 65.30   86.11   67.44   87.69
09:40:54 65.30   86.00   67.44   87.58
09:41:58 65.30   85.55   67.44   87.46
09:43:01 65.30   85.33   67.33   87.24
09:44:04 65.30   85.21   67.33   87.35
09:45:08 65.30   84.99   67.33   87.12
09:46:11 65.19   84.65   67.33   87.12
09:47:14 65.19   84.76   67.33   87.01
09:48:18 65.19   84.31   67.33   86.90
09:49:21 65.19   84.20   67.21   86.79
09:50:24 65.19   84.54   67.21   86.79
09:51:28 65.19   84.20   67.21   86.79
09:52:31 65.19   83.97   67.21   86.68
09:53:34 65.19   84.09   67.21   86.56
09:54:38 65.19   83.75   67.10   86.34
09:55:41 65.19   83.86   67.10   86.34
09:56:44 65.19   83.86   67.10   86.22
09:57:48 65.08   83.86   67.10   86.22
09:58:51 65.19   83.53   67.10   86.22
09:59:54 65.19   83.53   67.10   86.11
10:00:58 65.08   83.41   67.10   86.00
10:02:01 65.08   83.19   66.99   85.89
10:03:04 65.08   83.08   66.99   85.78
10:04:08 65.08   83.08   66.99   85.78
10:05:11 65.08   82.85   66.99   85.66
10:06:15 65.08   83.08   66.88   85.66
10:07:18 65.08   82.85   66.88   85.55
10:08:21 65.08   82.96   66.88   85.44
10:09:25 65.08   82.85   66.88   85.55
10:10:28 65.08   82.62   66.88   85.44
10:11:31 65.08   82.62   66.88   85.44
10:12:35 65.08   82.85   66.88   85.21
10:13:38 65.08   82.51   66.88   85.21
10:14:41 65.08   82.40   66.76   85.10
10:15:45 64.96   82.51   66.76   85.10
10:16:48 64.96   82.18   66.76   85.10
10:17:51 64.96   82.18   66.76   84.99
10:18:55 64.96   82.40   66.76   84.76
10:19:58 64.96   82.18   66.76   84.76
10:21:01 64.96   82.18   66.76   84.76
10:22:05 64.96   82.29   66.65   84.65
10:23:08 64.96   82.18   66.65   84.54
10:24:11 64.96   82.29   66.65   84.54
10:25:15 64.96   82.06   66.65   84.43
10:26:18 64.96   82.29   66.65   84.31
10:27:21 64.96   82.18   66.65   84.31
10:28:25 64.96   82.06   66.54   84.20
10:29:28 64.96   81.95   66.54   84.09
10:30:31 64.96   82.18   66.54   84.09
10:31:35 64.85   81.95   66.54   84.09
10:32:38 64.85   81.72   66.54   84.09
10:33:41 64.85   81.72   66.54   84.09
10:34:45 64.96   81.39   66.54   83.97
10:35:48 64.85   81.39   66.43   83.97
10:36:51 64.85   81.39   66.43   83.97
10:37:55 64.85   81.50   66.43   83.86
10:38:58 64.85   81.61   66.43   83.86
10:40:02 64.96   81.50   66.43   83.75
10:41:05 64.85   81.39   66.43   83.75
10:42:08 64.85   81.50   66.43   83.75
10:43:12 64.85   81.61   66.31   83.75
10:44:15 64.85   81.39   66.31   83.64
10:45:18 64.85   81.28   66.31   83.64
10:46:22 64.85   81.28   66.31   83.64
10:47:25 64.85   81.16   66.31   83.53
10:48:28 64.85   81.28   66.31   83.41
10:49:32 64.85   81.16   66.31   83.41
10:50:35 64.85   81.28   66.31   83.41
10:51:38 64.85   81.28   66.20   83.53
10:52:42 64.85   80.94   66.31   83.41
10:53:45 64.85   81.16   66.20   83.19
10:54:48 64.74   81.05   66.20   83.08
10:55:52 64.74   81.16   66.20   83.08
10:56:55 64.85   80.94   66.20   83.08
10:57:58 64.74   80.94   66.20   83.19
10:59:02 64.74   80.83   66.20   83.19
11:00:05 64.74   80.83   66.20   83.08
11:01:08 64.74   80.83   66.20   83.08
11:02:12 64.74   80.83   66.09   82.96
11:03:15 64.74   80.94   66.09   82.85
11:04:18 64.74   81.05   66.09   82.85
11:05:22 64.74   80.83   66.09   82.85
11:06:25 64.74   80.49   66.09   82.74
11:07:28 64.74   80.83   66.09   82.74
11:08:32 64.74   80.83   66.09   82.85
11:09:35 64.74   80.60   66.09   82.85
11:10:38 64.74   80.49   65.97   82.74
11:11:42 64.74   80.60   66.09   82.62
11:12:45 64.74   80.60   65.97   82.74
11:13:49 64.62   80.49   65.97   82.51
11:14:52 64.74   80.71   65.97   82.40
11:15:55 64.62   80.38   65.97   82.51
11:16:59 64.62   80.49   65.97   82.51
11:18:02 64.62   80.26   65.97   82.51
11:19:05 64.74   80.49   65.97   82.40
11:20:09 64.74   80.38   65.97   82.40
11:21:12 64.62   80.49   65.97   82.51
11:22:15 64.62   80.38   65.86   82.40
11:23:19 64.74   80.71   65.86   82.40
11:24:22 64.74   80.38   65.86   82.18
11:25:25 64.62   80.49   65.86   82.18
11:26:29 64.62   80.38   65.86   82.06
11:27:32 64.62   80.38   65.86   82.06
11:28:35 64.62   80.38   65.86   81.84
11:29:39 64.62   79.93   65.86   81.72
11:30:42 64.62   80.04   65.86   81.84
11:31:45 64.62   80.04   65.86   81.84
11:32:49 64.62   80.38   65.86   81.84
11:33:52 64.62   80.26   65.86   81.95
11:34:55 64.62   80.04   65.75   81.95
11:35:59 64.62   80.15   65.86   81.84
11:37:02 64.62   80.04   65.75   81.84
11:38:05 64.62   80.04   65.75   81.95
11:39:09 64.62   80.04   65.75   81.84
11:40:12 64.62   79.93   65.75   81.84
11:41:15 64.62   80.04   65.75   81.72
11:42:19 64.62   79.93   65.75   81.72
11:43:22 64.62   80.04   65.75   81.72
11:44:25 64.62   80.04   65.75   81.61
11:45:29 64.51   79.93   65.75   81.61
11:46:32 64.62   80.04   65.75   81.61
11:47:35 64.51   80.04   65.64   81.50
11:48:39 64.62   79.93   65.64   81.50
11:49:42 64.51   80.04   65.64   81.61
11:50:45 64.51   80.04   65.64   81.61
11:51:49 64.51   79.81   65.64   81.50
11:52:52 64.51   80.15   65.64   81.39
11:53:56 64.51   80.04   65.64   81.39
11:54:59 64.51   79.93   65.64   81.28
11:56:02 64.51   80.15   65.64   81.28
11:57:06 64.51   79.70   65.64   81.28
11:58:09 64.51   79.70   65.64   81.16
11:59:12 64.51   79.59   65.53   81.16
12:00:16 64.51   80.04   65.53   81.28
12:01:19 64.51   79.81   65.53   81.16
12:02:22 64.51   79.81   65.53   81.28
12:03:26 64.51   79.59   65.53   81.16
12:04:29 64.51   79.81   65.53   81.16
12:05:32 64.51   79.70   65.53   81.05
12:06:36 64.51   79.59   65.53   80.94
12:07:39 64.51   79.70   65.53   81.05
12:08:42 64.51   79.81   65.53   81.05
12:09:46 64.51   79.81   65.53   81.16
12:10:49 64.51   79.81   65.41   81.05
12:11:52 64.40   79.70   65.41   80.94
12:12:56 64.51   79.47   65.41   81.05
12:13:59 64.51   79.25   65.41   80.94
12:15:02 64.51   79.47   65.41   80.94
12:16:06 64.51   79.36   65.41   80.83
12:17:09 64.51   79.70   65.41   80.83
12:18:12 64.40   79.47   65.41   80.71
12:19:16 64.40   79.47   65.41   80.71
12:20:19 64.40   79.59   65.41   80.71
12:21:22 64.40   79.59   65.41   80.71
12:22:26 64.40   79.70   65.41   80.60
12:23:29 64.40   79.47   65.41   80.60
12:24:33 64.40   79.47   65.41   80.49
12:25:36 64.40   79.59   65.30   80.38
12:26:39 64.40   79.47   65.30   80.26
12:27:43 64.40   79.36   65.30   80.26
12:28:46 64.40   79.36   65.30   80.49
12:29:49 64.40   79.25   65.30   80.49
12:30:53 64.40   79.47   65.30   80.38
12:31:56 64.40   79.14   65.30   80.49
12:32:59 64.40   79.03   65.30   80.38
12:34:03 64.40   79.14   65.30   80.38
12:35:06 64.40   79.25   65.30   80.49
12:36:09 64.29   79.25   65.19   80.49
12:37:13 64.40   79.03   65.19   80.49
12:38:16 64.40   79.03   65.19   80.49
12:39:19 64.40   87.46   65.19   80.60
12:40:23 66.99   133.48   65.19   80.60
12:41:25 67.78   146.75   65.19   81.28
12:42:28 68.22   123.69   65.19   81.84
12:43:32 67.89   112.44   65.30   82.06
12:44:35 66.99   112.89   65.41   82.18
12:45:38 66.43   110.41   65.41   82.06
12:46:42 65.86   110.75   65.41   81.95
12:47:45 65.53   110.19   65.53   81.95
12:48:48 65.41   107.15   65.53   81.95
12:49:52 65.30   104.67   65.53   81.72
12:50:55 65.08   102.20   65.53   81.61
12:51:58 64.96   100.51   65.53   81.61
12:53:02 64.96   98.49   65.53   81.61
12:54:05 64.85   97.48   65.53   81.61
12:55:08 64.85   95.68   65.53   81.61
12:56:12 64.74   94.33   65.53   81.50
12:57:15 64.74   93.54   65.53   81.39
12:58:18 64.74   92.53   65.53   81.39
12:59:22 65.53   108.73   65.53   81.50
13:00:25 67.55   138.09   65.53   81.72
13:01:28 68.11   149.23   65.53   82.40
13:02:31 68.68   127.74   65.53   83.08
13:03:34 68.56   112.89   65.64   83.30
13:04:37 67.33   113.45   65.75   83.30
13:05:41 66.76   112.78   65.75   83.08
13:06:44 66.20   110.53   65.86   82.85
13:07:47 65.86   110.64   65.86   82.74
13:08:51 65.64   109.85   65.86   82.62
13:09:54 65.53   107.26   65.86   82.62
13:10:57 65.30   104.79   65.86   82.51
13:12:01 65.19   102.76   65.86   82.51
13:13:04 65.08   100.74   65.86   82.40
13:14:07 64.96   99.50   65.86   82.40
13:15:11 64.96   97.25   65.86   82.40
13:16:14 64.96   95.56   65.86   82.40
13:17:17 65.64   109.17   65.86   82.29
13:18:20 67.66   137.30   65.86   82.62
13:19:23 68.34   144.73   65.86   83.19
13:20:26 68.79   119.53   65.86   83.86
13:21:30 68.34   112.66   65.97   83.97
13:22:33 67.33   113.34   66.09   83.86
13:23:36 66.65   111.42   66.09   83.64
13:24:40 66.20   111.88   66.09   83.53
13:25:43 65.86   109.40   66.09   83.30
13:26:46 65.64   107.94   66.20   83.19
13:27:50 65.53   105.80   66.20   83.08
13:28:53 65.30   103.55   66.20   83.19
13:29:56 65.19   101.75   66.20   83.08
13:31:00 65.19   100.17   66.20   82.96
13:32:03 65.08   98.94   66.20   82.96
13:33:06 64.96   97.03   66.20   82.96
13:34:10 64.96   95.79   66.09   82.96
13:35:13 64.85   99.73   66.09   82.85
13:36:16 67.55   132.91   66.09   83.08
13:37:19 68.34   147.43   66.09   83.53
13:38:22 68.79   133.25   66.09   84.31
13:39:25 69.01   113.23   66.20   84.65
13:40:29 67.89   113.11   66.20   84.54
13:41:32 67.10   113.45   66.31   84.31
13:42:35 66.54   112.44   66.31   84.09
13:43:39 66.20   112.21   66.31   83.97
13:44:42 65.86   109.96   66.43   83.86
13:45:45 65.64   107.38   66.43   83.86
13:46:49 65.41   105.91   66.43   83.64
13:47:52 65.41   103.44   66.43   83.64
13:48:55 65.30   102.09   66.43   83.64
13:49:59 65.19   100.62   66.31   83.53
13:51:02 65.19   98.38   66.43   83.64
13:52:05 65.19   96.80   66.31   83.75
13:53:09 65.08   95.68   66.31   83.75
13:54:12 65.08   94.33   66.31   83.75
13:55:15 64.96   93.31   66.31   83.64
13:56:19 64.96   92.64   66.31   83.53
13:57:22 64.96   91.62   66.31   83.53
13:58:25 64.96   90.39   66.31   83.53
13:59:29 64.85   90.05   66.31   83.53
14:00:32 64.85   89.38   66.31   83.53
14:01:35 64.85   88.59   66.20   83.41
14:02:39 64.85   94.44   66.20   83.19
14:03:42 67.44   131.00   66.20   83.30
14:04:45 68.34   145.85   66.20   83.86
14:05:48 68.90   125.04   66.31   84.43
14:06:51 68.79   112.44   66.31   84.54
14:07:54 67.66   113.00   66.43   84.65
14:08:58 66.99   113.45   66.43   84.43
14:10:01 66.31   112.78   66.43   84.31
14:11:05 65.97   110.75   66.43   84.09
14:12:08 65.75   108.28   66.54   84.09
14:13:11 65.64   106.36   66.43   83.97
14:14:15 65.53   104.34   66.54   84.09
14:15:18 65.41   102.65   66.54   83.86
14:16:21 65.30   101.75   66.54   83.75
14:17:25 65.19   99.73   66.43   83.75
14:18:28 65.19   98.15   66.43   83.75
14:19:31 65.19   96.35   66.43   83.75
14:20:35 65.08   94.89   66.43   83.75
14:21:38 65.08   93.88   66.43   83.86
14:22:41 64.96   92.97   66.43   83.75
14:23:45 64.96   92.19   66.43   83.64
14:24:48 64.96   91.18   66.43   83.53
14:25:51 64.96   90.39   66.43   83.41
14:26:55 64.96   89.38   66.43   83.53
14:27:58 64.85   88.59   66.43   83.41
14:29:01 64.85   88.25   66.31   83.41
14:30:05 64.85   87.80   66.31   83.41
14:31:08 64.85   87.24   66.31   83.30
14:32:11 64.85   86.90   66.31   83.19
14:33:15 64.85   86.45   66.31   83.08
14:34:18 64.74   86.22   66.20   82.96
14:35:21 64.74   85.66   66.20   82.96
14:36:25 64.85   84.99   66.20   82.85
14:37:28 64.74   84.99   66.20   82.74
14:38:31 64.74   84.54   66.20   82.74
14:39:35 64.74   84.43   66.20   82.74
14:40:38 64.74   84.09   66.20   82.74
14:41:41 64.74   83.97   66.20   82.74
14:42:45 64.74   83.53   66.20   82.62
14:43:48 64.74   83.64   66.09   82.62
14:44:52 64.74   83.41   66.20   82.62
14:45:55 64.74   83.30   66.20   82.62
14:46:58 64.74   83.08   66.09   82.62
14:48:02 64.74   87.58   66.09   82.51
14:49:05 66.99   127.06   66.09   82.74
14:50:08 68.11   145.40   66.09   83.19
14:51:11 68.56   153.50   66.20   83.86
14:52:13 69.01   158.11   66.20   84.65
14:53:16 69.58   160.36   66.31   85.33
14:54:19 69.91   145.74   66.43   85.78
14:55:22 70.36   151.14   66.54   86.11
14:56:25 70.70   157.44   66.65   86.56
14:57:28 71.04   161.60   66.65   86.90
14:58:31 71.26   153.28   66.76   87.35
14:59:34 71.38   148.55   66.88   87.58
15:00:37 71.60   155.19   66.99   87.80
15:01:40 71.71   152.94   67.10   88.03
15:02:42 71.94   124.48   67.33   88.14
15:03:46 70.59   123.12   67.44   87.80
15:04:49 69.12   123.91   67.55   87.35
15:05:52 68.11   122.34   67.55   87.01
15:06:55 70.03   131.79   67.55   87.01
15:07:58 70.81   143.82   67.66   87.46
15:09:01 71.15   152.82   67.66   87.91
15:10:04 71.38   158.68   67.78   88.47
15:11:07 71.71   162.05   67.89   89.04
15:12:10 72.05   149.68   68.00   89.38
15:13:13 72.16   123.46   68.00   89.49
15:14:16 70.47   123.69   68.11   89.04
15:15:19 69.24   125.04   68.11   88.59
15:16:22 68.22   124.03   68.22   88.25
15:17:25 70.59   134.38   68.22   88.36
15:18:28 71.26   145.96   68.22   88.81
15:19:31 71.60   154.40   68.34   89.26
15:20:34 71.83   159.46   68.34   89.83
15:21:37 72.28   144.05   68.45   90.28
15:22:40 72.28   121.78   68.56   90.28
15:23:43 70.47   122.90   68.68   90.05
15:24:46 69.01   124.36   68.68   89.71
15:25:49 68.34   122.45   68.68   89.38
15:26:52 69.46   127.51   68.79   89.26
15:27:55 71.04   139.89   68.68   89.49
15:28:58 71.60   150.01   68.68   89.94
15:30:01 71.83   157.10   68.79   90.50
15:31:04 72.16   141.57   68.90   90.84
15:32:07 72.50   115.81   68.90   90.84
15:33:10 70.93   116.26   69.01   90.61
15:34:14 69.58   117.16   69.01   90.39
15:35:17 68.68   117.61   69.01   90.05
15:36:21 68.00   115.25   69.01   89.83
15:37:24 67.44   112.89   69.01   89.71
15:38:27 67.89   117.84   69.01   89.60
15:39:30 70.59   138.31   69.01   89.83
15:40:33 71.26   149.68   69.01   90.28
15:41:36 71.71   153.95   69.01   90.84
15:42:39 72.28   128.53   69.01   91.18
15:43:42 71.49   120.88   69.12   91.06
15:44:46 69.80   122.23   69.24   90.84
15:45:49 68.68   121.10   69.24   90.61
15:46:52 68.00   120.76   69.24   90.39
15:47:56 67.55   120.20   69.24   90.16
15:48:59 67.21   117.95   69.24   90.05
15:50:02 66.99   116.15   69.24   89.83
15:51:06 66.76   113.67   69.24   89.71
15:52:09 66.65   111.54   69.12   89.60
15:53:12 66.54   109.85   69.12   89.49
15:54:16 69.12   126.73   69.12   89.60
15:55:18 70.59   142.93   69.12   89.94
15:56:21 71.26   151.70   69.12   90.50
15:57:24 71.83   130.78   69.12   90.95
15:58:27 71.26   120.09   69.24   90.95
15:59:31 69.69   120.99   69.24   90.72
16:00:34 68.68   121.21   69.24   90.50
16:01:38 67.89   117.84   69.24   90.50
16:02:41 67.44   118.17   69.24   90.28
16:03:44 67.21   117.05   69.24   90.16
16:04:48 66.88   115.70   69.24   90.05
16:05:51 66.76   113.34   69.24   102.76
16:06:54 66.54   110.86   69.24   106.81
16:07:58 66.43   108.50   69.12   105.80
16:09:01 66.31   106.81   69.12   104.34
16:10:04 66.31   105.12   69.12   103.21
16:11:08 66.20   103.44   69.12   101.98
16:12:11 66.09   101.86   69.01   100.96
16:13:14 66.09   100.62   69.01   99.95
16:14:18 66.09   99.16   69.01   99.28
16:15:21 65.97   97.92   69.01   98.60
16:16:24 65.97   96.69   69.01   98.04
16:17:28 65.97   95.79   69.01   97.36
16:18:31 65.97   95.22   69.01   96.91
16:19:34 65.86   94.55   68.90   96.24
16:20:38 65.86   93.65   68.90   95.79
16:21:41 65.86   92.97   68.90   95.34
16:22:44 65.75   91.96   68.90   95.11
16:23:48 65.75   91.40   68.90   94.78
16:24:51 65.75   91.29   68.90   94.44
16:25:54 65.75   90.61   68.90   94.10
16:26:58 65.75   90.05   68.90   93.88
16:28:01 65.75   89.49   68.90   93.54
16:29:04 65.64   89.49   68.90   93.31
16:30:08 65.64   89.26   68.90   92.97
16:31:11 65.64   88.81   68.90   92.75
16:32:14 65.64   88.59   68.90   92.41
16:33:18 65.64   87.91   68.90   92.08
16:34:21 65.64   87.80   68.90   91.85
16:35:25 65.64   87.46   68.90   91.62
16:36:28 65.64   87.46   68.90   91.51
16:37:31 65.64   87.35   68.79   91.29
16:38:35 65.64   87.24   68.79   91.06
16:39:38 65.64   86.90   68.90   90.72
16:40:41 65.64   86.79   68.79   90.50
16:41:45 65.53   86.45   68.79   90.28
16:42:48 65.53   86.11   68.79   90.05
16:43:51 65.64   86.00   68.79   89.83
16:44:55 65.53   86.00   68.79   89.71
16:45:58 65.53   85.55   68.79   89.60
16:47:01 65.53   85.44   68.79   89.49
16:48:05 65.64   85.44   68.79   89.15
16:49:08 65.53   85.44   68.79   89.15
16:50:11 65.53   85.21   68.79   89.04
16:51:15 65.53   85.21   68.79   88.81
16:52:18 65.53   85.33   68.79   88.59
16:53:21 65.53   85.21   68.79   88.36
16:54:25 65.53   85.10   68.68   88.25
16:55:28 65.53   85.10   68.68   88.14
16:56:31 65.53   84.88   68.68   88.03
16:57:35 65.53   84.54   68.68   87.91
16:58:38 65.53   84.65   68.68   87.80
16:59:41 65.41   84.65   68.68   87.69
17:00:45 65.41   84.65   68.68   87.58
17:01:48 65.53   84.43   68.68   87.35
17:02:51 65.41   84.54   68.68   87.24
17:03:55 65.41   84.09   68.68   87.01
17:04:58 65.41   84.31   68.68   86.90
17:06:01 65.41   84.20   68.68   86.68
17:07:05 65.41   84.31   68.68   86.56
17:08:08 65.41   83.97   68.56   86.45
17:09:12 65.41   83.86   68.56   86.34
17:10:15 65.41   83.86   68.56   86.22
17:11:18 65.41   83.86   68.56   86.11
17:12:22 65.53   83.86   68.56   86.11
17:13:25 65.41   83.86   68.56   86.11
17:14:28 65.41   84.09   68.56   86.00
17:15:32 65.41   83.97   68.56   85.89
17:16:35 65.41   83.75   68.56   96.80
17:17:38 65.41   83.75   68.45   107.15
17:18:42 65.41   83.75   68.45   108.84
17:19:45 65.41   83.64   68.45   108.84
17:20:48 65.41   83.86   68.45   108.50
17:21:52 65.41   83.64   68.45   107.83
17:22:55 65.41   83.75   68.45   107.04
17:23:58 65.41   83.53   68.45   106.36
17:25:02 65.41   83.53   68.45   105.69
17:26:05 65.41   83.75   68.45   104.79
17:27:08 65.41   83.53   68.56   104.11
17:28:12 65.41   83.53   68.56   103.33
17:29:15 65.41   83.64   68.56   102.54
17:30:18 65.41   83.41   68.56   101.86
17:31:22 65.41   83.53   68.56   101.08
17:32:25 65.41   83.30   68.56   100.51
17:33:28 65.41   83.41   68.56   99.84
17:34:32 65.41   83.53   68.56   99.28
17:35:35 65.41   83.30   68.56   98.83
17:36:38 65.41   83.41   68.56   98.26
17:37:42 65.41   83.19   68.56   97.70
17:38:45 65.41   83.19   68.56   97.36
17:39:48 65.41   83.19   68.56   97.03
17:40:52 65.30   82.96   68.45   96.58
17:41:55 65.30   82.85   68.45   96.24
17:42:59 65.30   82.85   68.45   95.90
17:44:02 65.30   83.08   68.45   95.34
17:45:05 65.30   82.74   68.45   95.00
17:46:09 65.30   83.19   68.45   94.78
17:47:12 65.30   83.19   68.45   94.44
17:48:15 65.30   83.19   68.45   94.10
17:49:19 65.19   82.74   68.45   93.76
17:50:22 65.30   82.96   68.45   93.43
17:51:25 65.30   82.96   68.45   93.09
17:52:29 65.30   82.85   68.45   92.75
17:53:32 65.19   82.85   68.45   108.16
17:54:35 65.19   82.85   68.45   109.74
17:55:39 65.19   82.85   68.45   108.50
17:56:42 65.19   82.85   68.45   107.04
17:57:45 65.19   82.85   68.45   110.53
17:58:49 65.19   82.85   68.45   112.33
17:59:52 65.30   82.62   68.45   112.21
18:00:55 65.19   82.74   68.45   111.76
18:01:59 65.19   82.74   68.45   112.21
18:03:02 65.19   82.62   68.45   112.33
18:04:05 65.19   82.74   68.45   111.76
18:05:09 65.19   82.85   68.45   110.86
18:06:12 65.19   82.96   68.45   110.75
18:07:15 65.19   82.96   68.45   109.74
18:08:19 65.19   82.96   68.45   108.73
18:09:22 65.19   82.62   68.45   107.49
18:10:25 65.19   82.85   68.45   106.48
18:11:29 65.19   82.85   68.45   105.46
18:12:32 65.19   82.85   68.45   104.34
18:13:36 65.19   82.74   68.45   103.55
18:14:39 65.19   82.96   68.45   102.65
18:15:42 65.19   83.08   68.45   109.62
18:16:46 65.19   83.19   68.45   109.29
18:17:49 65.19   83.41   68.45   110.30
18:18:52 65.19   83.30   68.45   111.20
18:19:56 65.19   83.64   68.45   111.20
18:20:59 65.19   83.30   68.45   110.41
18:22:02 65.19   83.75   68.45   112.21
18:23:06 65.19   83.86   68.45   113.34
18:24:09 65.19   83.75   68.45   113.90
18:25:12 65.30   83.53   68.45   113.23
18:26:16 65.30   83.86   68.45   111.88
18:27:19 65.30   83.75   68.45   110.41
18:28:22 65.30   83.75   68.45   113.11
18:29:26 65.30   83.53   68.45   114.12
18:30:29 65.30   83.86   68.45   113.11
18:31:32 65.30   83.97   68.45   111.54
18:32:36 65.30   83.64   68.45   110.19
18:33:39 65.30   83.64   68.45   108.84
18:34:42 65.30   83.64   68.45   107.60
18:35:46 65.30   83.53   68.45   106.36
18:36:49 65.30   83.41   68.45   105.35
18:37:52 65.30   83.19   68.45   104.45
18:38:56 65.30   83.19   68.45   103.55
18:39:59 65.30   83.30   68.45   102.99
18:41:02 65.30   83.08   68.45   102.09
18:42:06 65.30   83.30   68.45   101.30
18:43:09 65.30   83.41   68.45   100.62
18:44:12 65.41   83.19   68.45   99.95
18:45:16 65.30   83.41   68.45   102.09
18:46:19 65.30   82.96   68.45   112.44
18:47:23 65.30   83.30   68.45   113.56
18:48:26 65.30   83.08   68.34   113.67
18:49:29 65.30   83.19   68.45   113.45
18:50:33 65.30   82.96   68.45   113.23
18:51:36 65.30   83.19   68.45   113.45
18:52:39 65.30   82.96   68.45   113.45
18:53:43 65.30   82.85   68.34   114.46
18:54:46 65.41   82.85   68.34   113.67
18:55:49 65.41   83.08   68.34   112.55
18:56:53 65.41   83.19   68.34   111.31
18:57:56 65.53   83.30   68.34   110.19
18:58:59 65.53   83.08   68.34   108.95
19:00:03 65.53   82.96   68.34   108.05
19:01:06 65.53   82.96   68.34   106.81
19:02:09 65.53   82.96   68.34   105.80
19:03:13 65.41   82.96   68.34   104.67
19:04:16 65.41   82.85   68.34   103.78
19:05:19 65.41   82.85   68.34   102.99
19:06:23 65.41   82.74   68.34   102.20
19:07:26 65.41   82.96   68.34   101.53
19:08:29 65.41   82.96   68.34   100.85
19:09:33 65.30   83.08   68.34   100.17
19:10:36 65.30   82.85   68.34   99.50
19:11:39 65.30   82.96   68.34   98.94
19:12:43 65.30   82.74   68.34   98.49
19:13:46 65.30   82.85   68.34   98.04
19:14:49 65.30   82.62   68.34   97.59
19:15:53 65.30   82.62   68.34   97.03
19:16:56 65.30   82.62   68.34   96.69
19:18:00 65.30   82.51   68.34   96.24
19:19:03 65.30   82.74   68.22   95.79
19:20:06 65.19   82.51   68.34   95.34
19:21:10 65.30   82.51   68.34   95.00
19:22:13 65.30   82.62   68.22   94.55
19:23:16 65.19   82.51   68.22   94.44
19:24:20 65.30   82.62   68.22   93.99
19:25:23 65.30   82.40   68.22   93.76
19:26:26 65.19   82.51   68.22   93.43
19:27:30 65.30   82.40   68.22   93.20
19:28:33 65.30   82.51   68.22   92.86
19:29:36 65.30   82.29   68.22   92.53
19:30:40 65.19   82.29   68.22   92.19
19:31:43 65.19   82.40   68.22   91.96
19:32:46 65.19   82.62   68.22   91.62
19:33:50 65.19   82.29   68.22   91.51
19:34:53 65.30   82.40   68.22   91.18
19:35:56 65.30   82.18   68.11   97.25
19:37:00 65.30   82.18   68.11   103.78
19:38:03 65.30   82.40   68.11   102.76
19:39:06 65.19   82.29   68.11   101.41
19:40:10 65.30   82.51   68.11   100.06
19:41:13 65.19   82.51   68.11   98.94
19:42:16 65.19   82.18   68.11   98.04
19:43:20 65.19   82.18   68.11   97.25
19:44:23 65.19   82.29   68.11   96.69
19:45:26 65.19   82.06   68.11   96.01
19:46:30 65.19   82.06   68.22   113.00
19:47:33 65.19   82.29   68.11   115.48
19:48:37 65.19   82.06   68.11   115.14
19:49:40 65.19   82.06   68.11   113.56
19:50:43 65.08   81.84   68.11   114.80
19:51:47 65.19   82.06   68.22   115.03
19:52:50 65.19   82.29   68.22   114.35
19:53:53 65.19   82.40   68.22   113.56
19:54:57 65.19   82.29   68.22   112.78
19:56:00 65.19   82.29   68.22   111.99
19:57:03 65.19   82.06   68.22   111.09
19:58:07 65.19   82.18   68.22   110.30
19:59:10 65.19   82.18   68.22   109.51
20:00:13 65.19   82.06   68.22   108.73
20:01:17 65.19   82.06   68.22   107.94
20:02:20 65.19   82.29   68.22   107.15
20:03:23 65.19   81.84   68.34   106.36
20:04:27 65.19   82.18   68.34   105.58
20:05:30 65.19   82.18   68.22   104.79
20:06:33 65.19   82.18   68.34   104.11
20:07:37 65.19   82.29   68.22   103.44
20:08:40 65.19   82.18   68.22   102.76
20:09:43 65.19   82.29   68.22   102.09
20:10:47 65.19   82.18   68.34   101.53
20:11:50 65.19   82.06   68.34   100.96
20:12:53 65.19   82.29   68.45   100.51
20:13:57 65.19   82.29   68.45   99.84
20:15:00 65.19   82.06   68.45   99.39
20:16:03 65.19   82.06   68.45   98.83
20:17:07 65.19   82.06   68.56   98.38
20:18:10 65.19   81.95   68.56   97.81
20:19:13 65.19   82.06   68.56   97.36
20:20:17 65.19   82.29   68.56   97.03
20:21:20 65.19   82.06   68.56   96.58
20:22:24 65.19   82.40   68.56   96.12
20:23:27 65.19   82.18   68.56   95.90
20:24:30 65.19   82.18   68.68   95.45
20:25:34 65.19   82.18   68.68   95.00
20:26:37 65.19   82.18   68.68   94.55
20:27:40 65.19   82.06   68.68   94.21
20:28:44 65.19   81.95   68.68   93.88
20:29:47 65.19   82.18   68.68   93.54
20:30:50 65.19   82.06   68.68   93.20
20:31:54 65.19   81.84   68.68   92.86
20:32:57 65.19   81.95   68.68   92.64
20:34:00 65.19   81.95   68.79   92.30
20:35:04 65.19   81.84   68.79   91.96
20:36:07 65.19   82.06   68.79   91.62
20:37:10 65.19   81.95   68.79   91.29
20:38:14 65.19   81.84   68.79   91.06
20:39:17 65.19   82.06   68.79   90.84
20:40:20 65.19   82.06   68.79   90.61
20:41:24 65.19   82.29   68.79   90.39
20:42:27 65.19   82.06   68.79   90.16
20:43:30 65.19   82.18   68.79   89.94
20:44:34 65.19   82.18   68.79   89.71
20:45:37 65.19   82.06   68.79   89.49
20:46:40 65.19   82.18   68.79   89.49
20:47:44 65.19   82.29   68.79   89.26
20:48:47 65.19   82.06   68.90   89.15
20:49:50 65.19   82.06   68.90   88.93
20:50:54 65.19   82.06   68.90   88.70
20:51:57 65.19   82.06   68.79   88.47
20:53:00 65.30   82.18   68.90   88.25
20:54:04 65.19   82.06   68.79   88.14
20:55:07 65.19   81.95   68.90   87.91
20:56:11 65.19   82.18   68.79   87.80
20:57:14 65.19   82.18   68.79   87.46
20:58:17 65.30   82.06   68.79   87.46
20:59:21 65.19   82.18   68.79   87.24
21:00:24 65.30   82.29   68.90   87.12
21:01:27 65.19   82.06   68.90   87.01
21:02:31 65.19   81.95   68.90   86.90
21:03:34 65.30   81.61   68.90   86.68
21:04:37 65.30   81.72   68.90   86.56
21:05:41 65.30   81.72   68.90   86.45
21:06:44 65.19   81.84   68.90   86.34
21:07:47 65.19   82.29   68.90   86.34
21:08:51 65.30   82.18   68.90   86.00
21:09:54 65.30   82.29   68.90   86.00
21:10:57 65.30   82.40   68.90   85.89
21:12:01 65.30   82.06   69.01   85.78
21:13:04 65.30   81.72   69.01   85.78
21:14:07 65.30   81.72   69.01   85.55
21:15:11 65.30   82.06   69.01   85.44
21:16:14 65.30   81.84   69.01   85.44
21:17:17 65.30   82.06   69.01   85.33
21:18:21 65.30   81.61   69.01   85.21
21:19:24 65.30   81.84   69.01   85.10
21:20:27 65.30   82.06   69.01   85.21
21:21:31 65.30   82.18   69.01   85.10
21:22:34 65.30   82.18   69.01   84.88
21:23:37 65.30   82.06   69.01   84.88
21:24:41 65.30   82.18   69.01   84.88
21:25:44 65.30   82.18   69.01   84.65
21:26:47 65.30   82.06   69.01   84.76
21:27:51 65.30   81.95   69.01   84.65
21:28:54 65.30   82.06   69.01   84.54
21:29:58 65.30   82.29   69.01   84.31
21:31:01 65.30   82.29   69.01   84.43
21:32:04 65.30   82.18   69.01   84.31
21:33:08 65.41   82.18   69.01   84.31
21:34:11 65.30   81.95   69.01   84.31
21:35:14 65.30   82.18   69.01   84.31
21:36:18 65.41   82.18   69.01   84.20
21:37:21 65.41   82.06   69.01   84.20
21:38:24 65.41   82.06   69.01   84.09
21:39:28 65.30   81.84   69.01   83.97
21:40:31 65.30   82.29   69.01   83.86
21:41:34 65.30   82.06   69.01   83.75
21:42:38 65.30   82.18   69.01   83.75
21:43:41 65.30   81.95   68.90   83.64
21:44:44 65.30   82.06   68.90   104.00
21:45:48 65.30   81.95   68.90   111.20
21:46:51 65.30   82.18   68.90   112.44
21:47:54 65.30   81.95   68.90   113.34
21:48:58 65.30   82.06   68.79   113.56
21:50:01 65.30   82.06   68.79   113.56
21:51:04 65.30   82.06   68.79   113.34
21:52:08 65.30   82.18   68.79   113.11
21:53:11 65.30   81.95   68.79   112.55
21:54:14 65.41   82.06   68.79   111.76
21:55:18 65.30   82.18   68.79   111.09
21:56:21 65.30   82.18   68.79   110.30
21:57:24 65.41   82.40   68.79   109.51
21:58:28 65.41   82.40   68.79   108.95
21:59:31 65.41   82.06   68.79   108.28
22:00:34 65.41   82.18   68.79   107.49
22:01:38 65.41   82.29   68.79   106.59
22:02:41 65.41   81.95   68.79   105.91
22:03:45 65.30   82.18   68.79   105.24
22:04:48 65.41   82.18   68.68   104.67
22:05:51 65.41   82.18   68.68   104.00
22:06:55 65.41   82.18   68.68   103.44
22:07:58 65.41   82.40   68.56   102.65
22:09:01 65.53   82.29   68.56   102.20
22:10:05 65.53   82.40   68.56   101.64
22:11:08 65.64   82.40   68.56   101.19
22:12:11 65.64   82.29   68.56   100.74
22:13:15 65.64   82.29   68.56   100.40
22:14:18 65.64   82.29   68.56   99.95
22:15:21 65.64   82.40   68.56   99.50
22:16:25 65.75   82.51   68.56   98.94
22:17:28 65.75   82.29   68.56   98.60
22:18:31 65.64   82.18   68.56   98.15
22:19:35 65.64   82.18   68.45   97.70
22:20:38 65.64   82.18   68.45   97.36
22:21:41 65.64   82.29   68.45   97.03
22:22:45 65.53   82.29   68.45   96.69
22:23:48 65.53   82.29   68.45   96.35
22:24:51 65.53   82.29   68.45   96.01
22:25:55 65.53   82.06   68.45   95.56
22:26:58 65.41   82.18   68.45   95.34
22:28:01 65.41   82.18   68.45   95.00
22:29:05 65.41   82.18   68.34   94.66
22:30:08 65.41   81.84   68.34   97.03
22:31:11 65.41   81.84   68.34   112.78
22:32:15 65.41   81.95   68.34   117.50
22:33:18 65.41   82.06   68.34   117.16
22:34:22 65.41   81.95   68.34   115.92
22:35:25 65.41   82.18   68.34   114.80
22:36:28 65.41   81.84   68.34   113.56
22:37:32 65.41   82.18   68.34   112.21
22:38:35 65.41   81.84   68.34   116.60
22:39:38 65.41   81.72   68.34   120.09
22:40:42 65.41   81.72   68.22   119.98
22:41:45 65.41   81.72   68.34   119.08
22:42:48 65.41   81.84   68.34   118.17
22:43:52 65.41   81.72   68.22   118.29
22:44:55 65.41   81.84   68.22   118.29
22:45:58 65.41   82.06   68.22   117.61
22:47:02 65.30   81.84   68.11   116.71
22:48:05 65.41   81.95   68.11   116.94
22:49:08 65.41   82.06   68.11   116.15
22:50:12 65.41   81.95   68.11   115.36
22:51:15 65.41   81.95   68.11   116.83
22:52:18 65.41   81.84   68.11   116.60
22:53:22 65.41   81.84   68.11   116.04
22:54:25 65.53   81.84   68.00   115.36
22:55:28 65.53   81.84   68.00   114.58
22:56:32 65.64   81.72   68.00   113.67
22:57:35 65.64   81.84   68.00   112.78
22:58:38 65.64   81.72   68.00   111.99
22:59:42 65.64   81.72   68.00   111.09
23:00:45 65.64   81.84   68.00   110.30
23:01:48 65.75   81.72   68.00   109.51
23:02:52 65.64   81.84   67.89   108.61
23:03:55 65.64   81.84   67.89   107.71
23:04:58 65.64   81.72   67.89   107.04
23:06:02 65.64   81.72   67.89   106.14
23:07:05 65.64   81.50   67.89   105.46
23:08:09 65.75   81.95   67.89   104.79
23:09:12 65.64   81.50   67.78   104.11
23:10:15 65.75   81.72   67.78   103.44
23:11:19 65.64   81.72   67.78   102.76
23:12:22 65.64   81.72   67.78   102.09
23:13:25 65.64   81.72   67.78   101.53
23:14:29 65.64   81.61   67.78   100.96
23:15:32 65.64   81.50   67.78   100.51
23:16:35 65.64   81.28   67.78   100.06
23:17:39 65.64   81.50   67.78   99.61
23:18:42 65.64   81.50   67.78   99.05
23:19:45 65.64   81.50   67.78   98.60
23:20:49 65.64   81.61   67.66   98.04
23:21:52 65.64   81.61   67.66   97.59
23:22:55 65.64   81.61   67.66   97.25
23:23:59 65.64   81.39   67.66   96.80
23:25:02 65.64   81.50   67.66   96.35
23:26:05 65.64   81.61   67.66   96.01
23:27:09 65.64   81.28   67.66   95.68
23:28:12 65.64   81.39   67.66   95.34
23:29:15 65.64   81.28   67.66   95.00
23:30:19 65.64   81.16   67.66   94.55
23:31:22 65.64   81.28   67.55   94.21
23:32:25 65.64   81.39   67.55   93.88
23:33:29 65.64   81.16   67.55   93.43
23:34:32 65.64   81.16   67.55   93.20
23:35:35 65.64   81.16   67.55   92.86
23:36:39 65.64   81.39   67.55   92.64
23:37:42 65.64   81.39   67.55   113.79
23:38:45 65.64   81.61   67.55   116.38
23:39:49 65.64   81.50   67.44   117.61
23:40:52 65.64   81.61   67.44   117.05
23:41:56 65.64   81.39   67.44   115.81
23:42:59 65.64   81.61   67.44   114.35
23:44:02 65.64   81.61   67.44   112.66
23:45:06 65.64   81.16   67.44   113.23
23:46:09 65.64   81.39   67.44   115.03
23:47:12 65.64   81.28   67.44   113.67
23:48:16 65.64   81.50   67.44   115.70
23:49:19 65.64   81.50   67.44   115.92
23:50:22 65.64   81.50   67.44   115.25
23:51:26 65.64   81.28   67.44   114.35
23:52:29 65.64   81.16   67.44   113.45
23:53:32 65.64   81.05   67.44   112.66
23:54:36 65.64   81.16   67.44   111.65
23:55:39 65.53   81.28   67.33   110.86
23:56:42 65.53   81.28   67.44   109.96
23:57:46 65.64   81.28   67.33   109.17
23:58:49 65.53   81.28   67.33   108.39
23:59:52 65.64   81.16   67.33   107.60
