 Date   Time  Furn_In  Furn_Out  Bsmnt   Water_Htr
2012-02-24  00:00:53 67.33   84.09   29.75   93.88
2012-02-24  00:01:55 67.33   83.86   29.75   93.65
2012-02-24  00:02:57 67.33   83.86   29.75   93.31
2012-02-24  00:03:58 67.33   84.09   29.75   93.09
2012-02-24  00:05:00 67.44   84.20   29.75   92.75
2012-02-24  00:06:02 67.33   84.09   29.75   92.41
2012-02-24  00:07:04 67.33   83.75   29.75   92.19
2012-02-24  00:08:05 67.33   83.97   29.75   91.85
2012-02-24  00:09:07 67.33   84.09   29.75   91.62
2012-02-24  00:10:09 67.33   84.09   29.75   91.29
2012-02-24  00:11:11 67.33   83.97   29.75   91.06
2012-02-24  00:12:12 67.33   83.97   29.75   90.84
2012-02-24  00:13:14 67.33   83.86   29.75   90.61
2012-02-24  00:14:16 67.44   83.86   29.75   90.39
2012-02-24  00:15:18 67.44   83.97   29.75   90.28
2012-02-24  00:16:19 67.44   83.75   29.75   90.05
2012-02-24  00:17:21 67.44   83.97   29.75   89.83
2012-02-24  00:18:23 67.33   83.75   29.75   89.71
2012-02-24  00:19:25 67.33   83.86   29.75   89.49
2012-02-24  00:20:27 67.33   84.09   29.75   89.26
2012-02-24  00:21:28 67.33   84.20   29.75   89.15
2012-02-24  00:22:30 67.33   83.86   29.75   95.34
2012-02-24  00:23:32 67.33   83.64   29.75   107.94
2012-02-24  00:24:34 67.33   83.86   29.75   110.64
2012-02-24  00:25:35 67.33   83.86   29.75   110.86
2012-02-24  00:26:37 67.33   83.64   29.75   110.30
2012-02-24  00:27:39 67.33   83.53   29.75   109.40
2012-02-24  00:28:41 67.33   83.41   29.75   108.39
2012-02-24  00:29:42 67.21   83.86   29.75   107.60
2012-02-24  00:30:44 67.21   83.64   29.75   106.70
2012-02-24  00:31:46 67.21   83.75   29.75   105.80
2012-02-24  00:32:48 67.21   83.75   29.75   104.90
2012-02-24  00:33:49 67.21   83.64   29.75   104.11
2012-02-24  00:34:51 67.21   83.64   29.75   103.33
2012-02-24  00:35:53 67.21   83.86   29.75   102.65
2012-02-24  00:36:55 67.21   83.75   29.75   101.86
2012-02-24  00:37:56 67.21   83.64   29.75   101.30
2012-02-24  00:38:58 67.21   83.30   29.75   100.74
2012-02-24  00:40:00 67.21   83.64   29.75   100.17
2012-02-24  00:41:02 67.21   83.41   29.75   99.73
2012-02-24  00:42:03 67.21   83.53   29.75   99.16
2012-02-24  00:43:05 67.21   83.53   29.75   98.60
2012-02-24  00:44:07 67.21   83.64   29.75   98.15
2012-02-24  00:45:09 67.21   83.64   29.75   97.59
2012-02-24  00:46:10 67.21   83.41   29.75   97.14
2012-02-24  00:47:12 67.21   83.41   29.75   96.80
2012-02-24  00:48:14 67.21   83.41   29.75   96.35
2012-02-24  00:49:16 67.21   83.41   29.75   95.90
2012-02-24  00:50:17 67.21   83.64   29.75   95.56
2012-02-24  00:51:19 67.21   83.64   29.75   95.22
2012-02-24  00:52:21 67.21   83.53   29.75   94.89
2012-02-24  00:53:23 67.21   83.41   29.75   94.44
2012-02-24  00:54:25 67.21   83.53   29.75   94.21
2012-02-24  00:55:26 67.21   83.41   29.75   93.88
2012-02-24  00:56:28 67.21   83.64   29.75   93.54
2012-02-24  00:57:30 67.21   83.30   29.75   93.20
2012-02-24  00:58:32 67.21   83.64   29.75   92.97
2012-02-24  00:59:33 67.21   83.75   29.75   92.53
2012-02-24  01:00:35 67.21   83.53   29.75   92.30
2012-02-24  01:01:37 67.21   83.64   29.75   92.08
2012-02-24  01:02:39 67.21   83.30   29.75   91.74
2012-02-24  01:03:40 67.21   83.30   29.75   91.51
2012-02-24  01:04:42 67.21   83.41   29.75   91.29
2012-02-24  01:05:44 67.21   83.30   29.75   90.95
2012-02-24  01:06:46 67.21   83.30   29.75   90.72
2012-02-24  01:07:47 67.21   83.30   29.75   90.50
2012-02-24  01:08:49 67.21   83.30   29.75   90.39
2012-02-24  01:09:51 67.21   83.53   29.75   90.16
2012-02-24  01:10:53 67.21   83.30   29.75   89.94
2012-02-24  01:11:54 67.21   83.30   29.75   89.71
2012-02-24  01:12:56 67.21   83.08   29.75   89.49
2012-02-24  01:13:58 67.21   83.41   29.75   89.26
2012-02-24  01:15:00 67.21   82.96   29.75   88.93
2012-02-24  01:16:01 67.21   82.96   29.75   88.81
2012-02-24  01:17:03 67.21   83.19   29.75   88.59
2012-02-24  01:18:05 67.21   83.30   29.75   88.36
2012-02-24  01:19:07 67.21   83.53   29.75   88.25
2012-02-24  01:20:08 67.21   83.30   29.75   88.14
2012-02-24  01:21:10 67.21   83.08   29.75   87.91
2012-02-24  01:22:12 67.21   83.30   29.75   87.80
2012-02-24  01:23:14 67.21   83.19   29.75   87.69
2012-02-24  01:24:16 67.21   83.30   29.75   87.58
2012-02-24  01:25:17 67.21   83.08   29.75   87.46
2012-02-24  01:26:19 67.21   83.19   29.75   87.24
2012-02-24  01:27:21 67.21   83.53   29.75   87.12
2012-02-24  01:28:23 67.21   83.19   29.75   87.01
2012-02-24  01:29:24 67.21   83.08   29.75   86.90
2012-02-24  01:30:26 67.21   83.19   29.75   86.79
2012-02-24  01:31:28 67.21   83.19   29.75   86.56
2012-02-24  01:32:30 67.21   83.30   29.75   86.45
2012-02-24  01:33:31 67.21   83.41   29.75   86.34
2012-02-24  01:34:33 67.21   83.30   29.75   86.22
2012-02-24  01:35:35 67.21   83.41   29.75   86.11
2012-02-24  01:36:37 67.21   83.08   29.75   86.11
2012-02-24  01:37:38 67.21   83.41   29.75   86.00
2012-02-24  01:38:40 67.21   83.41   29.75   86.00
2012-02-24  01:39:42 67.21   83.53   29.75   85.89
2012-02-24  01:40:44 67.21   83.19   29.75   85.89
2012-02-24  01:41:45 67.21   83.30   29.75   85.66
2012-02-24  01:42:47 67.21   83.41   29.75   85.55
2012-02-24  01:43:49 67.21   83.41   29.75   85.55
2012-02-24  01:44:51 67.21   83.30   29.75   85.44
2012-02-24  01:45:52 67.21   83.19   29.75   85.44
2012-02-24  01:46:54 67.33   83.30   29.75   85.33
2012-02-24  01:47:56 67.33   83.19   29.75   85.21
2012-02-24  01:48:58 67.21   83.30   29.75   85.10
2012-02-24  01:49:59 67.21   83.30   29.75   85.10
2012-02-24  01:51:01 67.21   83.08   29.75   84.99
2012-02-24  01:52:03 67.21   82.85   29.75   84.99
2012-02-24  01:53:05 67.21   83.19   29.75   84.88
2012-02-24  01:54:06 67.21   83.19   29.75   84.76
2012-02-24  01:55:08 67.21   82.96   29.75   84.76
2012-02-24  01:56:10 67.21   82.96   29.75   84.65
2012-02-24  01:57:12 67.21   83.08   29.75   84.65
2012-02-24  01:58:14 67.21   82.96   29.75   84.54
2012-02-24  01:59:15 67.21   83.19   29.75   84.54
2012-02-24  02:00:17 67.21   83.30   29.75   84.54
2012-02-24  02:01:19 67.21   83.41   29.75   84.54
2012-02-24  02:02:21 67.21   83.30   29.75   84.31
2012-02-24  02:03:22 67.21   83.08   29.75   84.31
2012-02-24  02:04:24 67.33   83.30   29.75   84.31
2012-02-24  02:05:26 67.21   83.19   29.75   84.31
2012-02-24  02:06:28 67.33   83.19   29.75   84.31
2012-02-24  02:07:29 67.33   83.19   29.75   84.20
2012-02-24  02:08:31 67.21   83.19   29.75   84.09
2012-02-24  02:09:33 67.21   83.30   29.75   84.09
2012-02-24  02:10:35 67.21   82.85   29.75   83.97
2012-02-24  02:11:36 67.33   83.08   29.75   83.86
2012-02-24  02:12:38 67.33   83.08   29.75   83.75
2012-02-24  02:13:40 67.21   83.19   29.75   83.75
2012-02-24  02:14:42 67.21   83.19   29.75   83.75
2012-02-24  02:15:43 67.21   83.08   29.75   83.64
2012-02-24  02:16:45 67.21   83.30   29.75   83.75
2012-02-24  02:17:47 67.21   82.74   29.75   83.64
2012-02-24  02:18:49 67.33   82.85   29.75   83.53
2012-02-24  02:19:50 67.33   83.08   29.75   83.64
2012-02-24  02:20:52 67.21   82.96   29.75   83.41
2012-02-24  02:21:54 67.33   82.96   29.75   83.41
2012-02-24  02:22:56 67.33   82.85   29.75   83.41
2012-02-24  02:23:57 67.21   83.08   29.75   83.41
2012-02-24  02:24:59 67.33   82.96   29.75   83.41
2012-02-24  02:26:01 67.33   82.96   29.75   83.19
2012-02-24  02:27:03 67.33   82.96   29.75   83.08
2012-02-24  02:28:05 67.33   82.85   29.75   83.08
2012-02-24  02:29:06 67.33   82.74   29.75   83.08
2012-02-24  02:30:08 67.33   82.74   29.75   83.08
2012-02-24  02:31:10 67.33   82.85   29.75   83.19
2012-02-24  02:32:12 67.33   82.96   29.75   83.19
2012-02-24  02:33:13 67.21   82.96   29.75   83.08
2012-02-24  02:34:15 67.33   83.08   29.75   83.08
2012-02-24  02:35:17 67.33   83.08   29.75   83.19
2012-02-24  02:36:19 67.33   83.08   29.75   82.96
2012-02-24  02:37:20 67.33   83.19   29.75   83.08
2012-02-24  02:38:22 67.33   83.08   29.75   82.96
2012-02-24  02:39:24 67.33   82.96   29.75   82.85
2012-02-24  02:40:26 67.33   82.74   29.75   82.85
2012-02-24  02:41:27 67.33   82.96   29.75   82.85
2012-02-24  02:42:29 67.33   82.96   29.75   82.74
2012-02-24  02:43:31 67.33   82.96   29.75   82.74
2012-02-24  02:44:33 67.33   82.96   29.75   82.74
2012-02-24  02:45:34 67.33   83.08   29.75   82.74
2012-02-24  02:46:36 67.33   83.08   29.75   82.74
2012-02-24  02:47:38 67.33   82.96   29.75   82.85
2012-02-24  02:48:40 67.33   82.74   29.75   82.85
2012-02-24  02:49:41 67.33   82.74   29.75   82.74
2012-02-24  02:50:43 67.33   82.96   29.75   82.74
2012-02-24  02:51:45 67.33   82.96   29.75   82.62
2012-02-24  02:52:47 67.44   82.74   29.75   82.62
2012-02-24  02:53:48 67.44   82.74   29.75   82.51
2012-02-24  02:54:50 67.44   82.62   29.75   82.51
2012-02-24  02:55:52 67.44   82.74   29.75   82.40
2012-02-24  02:56:54 67.44   82.85   29.75   82.40
2012-02-24  02:57:56 67.44   82.74   29.75   82.51
2012-02-24  02:58:57 67.44   82.85   29.75   82.40
2012-02-24  02:59:59 67.44   82.85   29.75   82.40
2012-02-24  03:01:01 67.33   82.74   29.75   82.40
2012-02-24  03:02:03 67.33   82.74   29.75   82.29
2012-02-24  03:03:04 67.33   82.74   29.75   82.29
2012-02-24  03:04:06 67.33   82.96   29.75   82.51
2012-02-24  03:05:08 67.21   82.85   29.75   82.51
2012-02-24  03:06:10 67.33   82.74   29.75   82.40
2012-02-24  03:07:11 67.33   82.85   29.75   82.40
2012-02-24  03:08:13 67.33   82.74   29.75   82.40
2012-02-24  03:09:15 67.33   82.74   29.75   82.29
2012-02-24  03:10:17 67.33   82.40   29.75   82.29
2012-02-24  03:11:18 67.33   82.62   29.75   82.18
2012-02-24  03:12:20 67.33   82.40   29.75   82.18
2012-02-24  03:13:22 67.33   82.74   29.75   82.29
2012-02-24  03:14:24 67.33   82.29   29.75   82.29
2012-02-24  03:15:25 67.33   82.18   29.75   82.18
2012-02-24  03:16:27 67.33   82.40   29.75   82.06
2012-02-24  03:17:29 67.33   82.51   29.75   82.18
2012-02-24  03:18:31 67.33   82.62   29.75   82.18
2012-02-24  03:19:32 67.33   82.51   29.75   82.06
2012-02-24  03:20:34 67.33   82.40   29.75   82.06
2012-02-24  03:21:36 67.33   82.51   29.75   82.06
2012-02-24  03:22:38 67.33   82.85   29.75   82.06
2012-02-24  03:23:39 67.33   82.62   29.75   82.18
2012-02-24  03:24:41 67.33   82.74   29.75   82.18
2012-02-24  03:25:43 67.33   82.74   29.75   82.18
2012-02-24  03:26:45 67.33   82.74   29.75   82.06
2012-02-24  03:27:47 67.33   82.51   29.75   82.18
2012-02-24  03:28:48 67.33   82.51   29.75   82.18
2012-02-24  03:29:50 67.33   82.51   29.75   82.06
2012-02-24  03:30:52 67.33   82.74   29.75   82.06
2012-02-24  03:31:54 67.33   82.74   29.75   81.95
2012-02-24  03:32:55 67.33   82.62   29.75   81.95
2012-02-24  03:33:57 67.33   82.74   29.75   82.06
2012-02-24  03:34:59 67.33   82.74   29.75   82.06
2012-02-24  03:36:01 67.44   82.62   29.75   82.06
2012-02-24  03:37:02 67.44   82.40   29.75   81.95
2012-02-24  03:38:04 67.44   82.40   29.75   81.95
2012-02-24  03:39:06 67.55   82.51   29.75   81.84
2012-02-24  03:40:08 67.66   82.51   29.75   81.84
2012-02-24  03:41:09 67.66   82.51   29.75   81.95
2012-02-24  03:42:11 67.66   82.29   29.75   81.95
2012-02-24  03:43:13 67.66   82.40   29.75   81.84
2012-02-24  03:44:15 67.66   82.62   29.75   81.84
2012-02-24  03:45:16 67.66   82.74   29.75   81.95
2012-02-24  03:46:18 67.78   82.62   29.75   81.84
2012-02-24  03:47:20 67.66   82.40   29.75   81.84
2012-02-24  03:48:22 67.66   82.51   29.75   81.95
2012-02-24  03:49:23 67.66   82.40   29.75   82.06
2012-02-24  03:50:25 67.66   82.74   29.75   82.06
2012-02-24  03:51:27 67.66   82.62   29.75   81.95
2012-02-24  03:52:29 67.66   82.40   29.75   81.95
2012-02-24  03:53:30 67.66   82.62   29.75   81.95
2012-02-24  03:54:32 67.66   82.51   29.75   81.95
2012-02-24  03:55:34 67.66   82.29   29.75   81.84
2012-02-24  03:56:36 67.66   82.51   29.75   81.72
2012-02-24  03:57:37 67.66   82.29   29.75   81.72
2012-02-24  03:58:39 67.66   82.18   29.75   81.72
2012-02-24  03:59:41 67.66   82.29   29.75   81.84
2012-02-24  04:00:43 67.66   82.40   29.75   81.72
2012-02-24  04:01:44 67.66   82.74   29.75   81.84
2012-02-24  04:02:46 67.66   82.18   29.75   81.84
2012-02-24  04:03:48 67.66   82.51   29.75   81.72
2012-02-24  04:04:50 67.66   82.51   29.75   81.72
2012-02-24  04:05:51 67.66   82.40   29.75   81.72
2012-02-24  04:06:53 67.66   82.29   29.75   81.84
2012-02-24  04:07:55 67.66   82.51   29.75   81.72
2012-02-24  04:08:57 67.66   82.40   29.75   81.72
2012-02-24  04:09:59 67.66   82.29   29.75   81.84
2012-02-24  04:11:00 67.66   82.40   29.75   81.84
2012-02-24  04:12:02 67.66   82.18   29.75   81.84
2012-02-24  04:13:04 67.66   82.40   29.75   81.72
2012-02-24  04:14:06 67.66   82.40   29.75   81.72
2012-02-24  04:15:07 67.66   82.29   29.75   81.72
2012-02-24  04:16:09 67.66   82.29   29.75   81.61
2012-02-24  04:17:11 67.66   82.18   29.75   81.84
2012-02-24  04:18:13 67.66   82.29   29.75   81.84
2012-02-24  04:19:14 67.66   82.29   29.75   81.72
2012-02-24  04:20:16 67.66   82.40   29.75   81.72
2012-02-24  04:21:18 67.66   82.40   29.75   81.72
2012-02-24  04:22:20 67.66   82.29   29.75   81.72
2012-02-24  04:23:21 67.66   82.18   29.75   81.72
2012-02-24  04:24:23 67.66   82.18   29.75   81.61
2012-02-24  04:25:25 67.66   82.06   29.75   81.61
2012-02-24  04:26:27 67.66   82.06   29.75   81.61
2012-02-24  04:27:28 67.66   82.18   29.75   81.61
2012-02-24  04:28:30 67.66   82.18   29.75   81.61
2012-02-24  04:29:32 67.66   82.18   29.75   81.61
2012-02-24  04:30:34 67.66   81.95   29.75   81.61
2012-02-24  04:31:35 67.66   81.95   29.75   81.61
2012-02-24  04:32:37 67.66   82.18   29.75   81.50
2012-02-24  04:33:39 67.66   82.18   29.75   81.50
2012-02-24  04:34:41 67.66   82.18   29.75   81.50
2012-02-24  04:35:42 67.66   82.29   29.75   81.50
2012-02-24  04:36:44 67.66   82.06   29.75   81.39
2012-02-24  04:37:46 67.66   82.18   29.75   81.39
2012-02-24  04:38:48 67.66   82.18   29.75   81.39
2012-02-24  04:39:49 67.66   82.29   29.75   81.39
2012-02-24  04:40:51 67.66   82.06   29.75   81.39
2012-02-24  04:41:53 67.66   82.06   29.75   81.28
2012-02-24  04:42:55 67.55   82.06   29.75   81.28
2012-02-24  04:43:57 67.55   82.06   29.75   81.16
2012-02-24  04:44:58 67.55   81.84   29.75   81.39
2012-02-24  04:46:00 67.66   81.72   29.75   81.28
2012-02-24  04:47:02 67.55   82.29   29.75   81.39
2012-02-24  04:48:04 67.55   81.95   29.75   81.39
2012-02-24  04:49:05 67.55   81.84   29.75   81.28
2012-02-24  04:50:07 67.55   81.84   29.75   81.28
2012-02-24  04:51:09 67.66   81.84   29.75   81.28
2012-02-24  04:52:11 67.55   82.06   29.75   81.39
2012-02-24  04:53:12 67.55   82.18   29.75   81.39
2012-02-24  04:54:14 67.55   82.06   29.75   81.28
2012-02-24  04:55:16 67.55   82.06   29.75   81.39
2012-02-24  04:56:18 67.55   82.29   29.75   81.39
2012-02-24  04:57:19 67.55   82.06   29.75   81.39
2012-02-24  04:58:21 67.55   82.18   29.75   81.39
2012-02-24  04:59:23 67.55   82.18   29.75   81.28
2012-02-24  05:00:25 67.55   81.95   29.75   81.16
2012-02-24  05:01:26 67.55   81.95   29.75   81.28
2012-02-24  05:02:28 67.55   81.95   29.75   81.16
2012-02-24  05:03:30 67.55   81.84   29.75   81.28
2012-02-24  05:04:32 67.55   81.95   29.75   81.39
2012-02-24  05:05:33 67.55   81.84   29.75   81.28
2012-02-24  05:06:35 67.55   81.61   29.75   81.28
2012-02-24  05:07:37 67.55   81.95   29.75   81.39
2012-02-24  05:08:39 67.55   82.06   29.75   81.39
2012-02-24  05:09:40 67.55   81.84   29.75   81.50
2012-02-24  05:10:42 67.55   82.18   29.75   81.39
2012-02-24  05:11:44 67.55   82.06   29.75   101.64
2012-02-24  05:12:46 67.55   82.06   29.75   106.25
2012-02-24  05:13:47 67.55   81.95   29.75   107.60
2012-02-24  05:14:49 67.55   82.18   29.75   108.28
2012-02-24  05:15:51 67.55   81.84   29.75   108.84
2012-02-24  05:16:53 67.55   82.06   29.75   109.06
2012-02-24  05:17:54 67.55   82.29   29.75   109.17
2012-02-24  05:18:56 67.55   81.95   29.75   108.73
2012-02-24  05:19:58 67.55   81.95   29.75   109.51
2012-02-24  05:21:00 67.55   82.18   29.75   110.19
2012-02-24  05:22:01 67.55   82.18   29.75   110.30
2012-02-24  05:23:03 67.55   82.06   29.75   110.75
2012-02-24  05:24:05 67.55   82.18   29.75   110.86
2012-02-24  05:25:07 67.55   82.06   29.75   110.98
2012-02-24  05:26:08 67.55   81.95   29.75   110.41
2012-02-24  05:27:10 67.55   82.06   29.75   109.62
2012-02-24  05:28:12 67.66   82.29   29.75   108.73
2012-02-24  05:29:14 67.66   82.18   29.75   107.94
2012-02-24  05:30:15 67.66   82.18   29.75   107.15
2012-02-24  05:31:17 67.55   81.95   29.75   109.06
2012-02-24  05:32:19 67.66   82.06   29.75   109.51
2012-02-24  05:33:21 67.55   82.18   29.75   108.84
2012-02-24  05:34:22 67.55   82.29   29.75   108.05
2012-02-24  05:35:24 67.66   81.95   29.75   107.26
2012-02-24  05:36:26 67.66   82.29   29.75   106.59
2012-02-24  05:37:28 67.66   82.06   29.75   105.91
2012-02-24  05:38:29 67.66   82.29   29.75   105.12
2012-02-24  05:39:31 67.66   82.18   29.75   104.45
2012-02-24  05:40:33 67.66   82.18   29.75   105.01
2012-02-24  05:41:35 67.55   83.53   29.75   106.03
2012-02-24  05:42:36 68.79   109.85   29.75   105.58
2012-02-24  05:43:38 70.36   141.69   29.75   105.12
2012-02-24  05:44:39 70.93   153.16   29.75   105.24
2012-02-24  05:45:40 71.38   157.44   29.75   105.24
2012-02-24  05:46:41 71.83   133.36   29.75   105.24
2012-02-24  05:47:43 72.05   114.69   29.75   109.06
2012-02-24  05:48:45 71.04   115.14   29.75   114.35
2012-02-24  05:49:47 70.36   115.25   29.75   113.23
2012-02-24  05:50:48 69.80   115.81   29.75   111.65
2012-02-24  05:51:50 69.35   114.58   29.75   110.19
2012-02-24  05:52:52 69.12   112.44   29.75   108.95
2012-02-24  05:53:54 68.90   110.30   29.75   107.94
2012-02-24  05:54:55 68.79   108.61   29.75   106.92
2012-02-24  05:55:57 68.56   106.70   29.75   106.03
2012-02-24  05:56:59 68.56   104.67   29.75   105.24
2012-02-24  05:58:01 68.45   102.88   29.75   104.34
2012-02-24  05:59:02 68.56   109.51   29.75   103.66
2012-02-24  06:00:04 70.93   136.85   29.75   103.21
2012-02-24  06:01:05 71.49   149.45   29.75   103.10
2012-02-24  06:02:06 71.94   137.53   29.75   103.10
2012-02-24  06:03:08 72.28   115.14   29.75   102.99
2012-02-24  06:04:09 71.38   113.90   29.75   102.54
2012-02-24  06:05:11 70.59   114.01   29.75   101.86
2012-02-24  06:06:13 69.91   112.44   29.75   101.30
2012-02-24  06:07:15 69.58   110.19   29.75   100.62
2012-02-24  06:08:16 69.24   108.84   29.75   100.17
2012-02-24  06:09:18 69.01   109.17   29.75   99.73
2012-02-24  06:10:20 68.90   108.28   29.75   99.16
2012-02-24  06:11:22 68.68   106.14   29.75   98.83
2012-02-24  06:12:24 68.68   104.67   29.75   98.26
2012-02-24  06:13:25 68.56   103.21   29.75   97.92
2012-02-24  06:14:27 68.45   101.41   29.75   97.48
2012-02-24  06:15:29 68.34   100.29   29.75   97.14
2012-02-24  06:16:31 68.34   99.28   29.75   96.80
2012-02-24  06:17:32 68.34   97.70   29.75   96.35
2012-02-24  06:18:34 68.22   96.58   29.75   96.24
2012-02-24  06:19:36 68.22   96.12   29.75   95.79
2012-02-24  06:20:38 68.11   95.11   29.75   95.45
2012-02-24  06:21:39 68.11   93.88   29.75   95.11
2012-02-24  06:22:41 68.11   93.43   29.75   94.89
2012-02-24  06:23:43 68.11   92.41   29.75   94.55
2012-02-24  06:24:45 68.11   99.95   29.75   94.44
2012-02-24  06:25:46 70.59   136.29   29.75   94.21
2012-02-24  06:26:47 71.38   148.66   29.75   95.79
2012-02-24  06:27:49 71.71   128.41   29.75   99.16
2012-02-24  06:28:50 71.83   113.45   29.75   99.50
2012-02-24  06:29:52 70.93   113.45   29.75   99.05
2012-02-24  06:30:54 70.25   112.55   29.75   98.49
2012-02-24  06:31:55 69.80   112.55   29.75   98.04
2012-02-24  06:32:57 69.35   112.21   29.75   97.59
2012-02-24  06:33:59 69.12   110.75   29.75   97.03
2012-02-24  06:35:01 68.90   108.84   29.75   96.69
2012-02-24  06:36:02 68.79   107.26   29.75   96.35
2012-02-24  06:37:04 68.68   105.35   29.75   95.90
2012-02-24  06:38:06 68.56   103.89   29.75   95.56
2012-02-24  06:39:08 68.56   102.31   29.75   95.22
2012-02-24  06:40:10 68.45   100.96   29.75   94.66
2012-02-24  06:41:11 68.34   99.50   29.75   94.44
2012-02-24  06:42:13 68.34   98.15   29.75   94.21
2012-02-24  06:43:15 68.22   97.03   29.75   93.88
2012-02-24  06:44:17 68.22   96.01   29.75   93.65
2012-02-24  06:45:18 68.22   95.22   29.75   93.43
2012-02-24  06:46:20 68.11   94.66   29.75   93.09
2012-02-24  06:47:22 68.11   93.65   29.75   92.86
2012-02-24  06:48:24 68.11   92.75   29.75   92.64
2012-02-24  06:49:25 68.11   92.08   29.75   92.41
2012-02-24  06:50:27 68.00   91.51   29.75   92.19
2012-02-24  06:51:29 68.00   91.06   29.75   91.85
2012-02-24  06:52:31 68.00   90.61   29.75   91.74
2012-02-24  06:53:32 68.00   89.94   29.75   91.62
2012-02-24  06:54:34 68.00   89.71   29.75   91.29
2012-02-24  06:55:36 68.00   89.38   29.75   91.18
2012-02-24  06:56:38 68.00   88.81   29.75   90.84
2012-02-24  06:57:39 68.00   88.47   29.75   90.61
2012-02-24  06:58:41 68.00   88.03   29.75   90.50
2012-02-24  06:59:43 68.00   87.58   29.75   90.28
2012-02-24  07:00:45 68.00   87.58   29.75   90.05
2012-02-24  07:01:46 68.00   87.12   29.75   89.83
2012-02-24  07:02:48 68.00   86.90   29.75   89.49
2012-02-24  07:03:50 68.00   86.68   29.75   89.38
2012-02-24  07:04:52 68.00   86.56   29.75   89.26
2012-02-24  07:05:53 67.89   86.45   29.75   89.15
2012-02-24  07:06:55 67.89   86.45   29.75   88.93
2012-02-24  07:07:57 67.89   86.22   29.75   88.93
2012-02-24  07:08:59 67.89   85.66   29.75   88.81
2012-02-24  07:10:00 67.89   85.55   29.75   105.80
2012-02-24  07:11:02 67.89   85.78   29.75   112.10
2012-02-24  07:12:04 67.89   85.33   29.75   112.66
2012-02-24  07:13:06 67.89   85.33   29.75   112.44
2012-02-24  07:14:08 67.89   84.88   29.75   112.44
2012-02-24  07:15:09 67.89   84.99   29.75   112.44
2012-02-24  07:16:11 67.89   84.76   29.75   112.33
2012-02-24  07:17:13 67.89   84.99   29.75   112.33
2012-02-24  07:18:15 67.89   85.21   29.75   111.99
2012-02-24  07:19:16 67.89   84.99   29.75   111.65
2012-02-24  07:20:18 67.89   84.88   29.75   111.42
2012-02-24  07:21:20 67.89   84.65   29.75   110.86
2012-02-24  07:22:22 67.89   84.65   29.75   110.41
2012-02-24  07:23:23 67.89   84.65   29.75   110.08
2012-02-24  07:24:25 67.89   84.54   29.75   109.29
2012-02-24  07:25:27 67.89   84.65   29.75   110.19
2012-02-24  07:26:29 67.89   84.54   29.75   110.08
2012-02-24  07:27:30 67.89   84.43   29.75   111.09
2012-02-24  07:28:32 67.78   84.54   29.75   111.09
2012-02-24  07:29:34 67.89   84.20   29.75   110.64
2012-02-24  07:30:36 67.89   84.09   29.75   112.10
2012-02-24  07:31:37 67.78   83.86   29.75   111.88
2012-02-24  07:32:39 67.78   83.97   29.75   111.20
2012-02-24  07:33:41 67.78   84.09   29.75   110.64
2012-02-24  07:34:43 67.78   83.97   29.75   109.96
2012-02-24  07:35:44 67.89   83.97   29.75   109.40
2012-02-24  07:36:46 67.78   83.75   29.75   108.73
2012-02-24  07:37:48 67.78   83.86   29.75   108.16
2012-02-24  07:38:50 67.89   83.75   29.75   107.49
2012-02-24  07:39:51 67.78   83.75   29.75   106.81
2012-02-24  07:40:53 67.78   83.64   29.75   106.36
2012-02-24  07:41:55 67.78   83.86   29.75   105.69
2012-02-24  07:42:57 67.78   83.86   29.75   105.12
2012-02-24  07:43:59 67.78   83.75   29.75   104.56
2012-02-24  07:45:00 67.78   83.75   29.75   104.11
2012-02-24  07:46:02 67.89   83.64   29.75   115.81
2012-02-24  07:47:04 67.89   83.86   29.75   117.05
2012-02-24  07:48:06 67.78   83.86   29.75   116.04
2012-02-24  07:49:07 67.78   83.75   29.75   114.46
2012-02-24  07:50:09 67.78   83.64   29.75   113.00
2012-02-24  07:51:11 67.89   83.53   29.75   111.76
2012-02-24  07:52:13 67.89   83.53   29.75   110.75
2012-02-24  07:53:14 67.78   83.75   29.75   109.85
2012-02-24  07:54:16 67.78   83.64   29.75   114.69
2012-02-24  07:55:18 67.78   83.53   29.75   114.91
2012-02-24  07:56:20 67.89   83.53   29.75   114.12
2012-02-24  07:57:21 67.78   83.53   29.75   112.78
2012-02-24  07:58:23 67.78   83.41   29.75   111.88
2012-02-24  07:59:25 67.78   83.53   29.75   110.64
2012-02-24  08:00:27 67.89   83.53   29.75   109.51
2012-02-24  08:01:28 67.89   83.64   29.75   108.84
2012-02-24  08:02:30 67.78   83.30   29.75   107.83
2012-02-24  08:03:32 67.89   82.96   29.75   106.92
2012-02-24  08:04:34 67.78   83.19   29.75   106.25
2012-02-24  08:05:35 67.78   83.08   29.75   105.58
2012-02-24  08:06:37 67.78   83.30   29.75   104.90
2012-02-24  08:07:39 67.78   83.41   29.75   104.23
2012-02-24  08:08:41 67.78   83.30   29.75   103.55
2012-02-24  08:09:42 67.78   83.19   29.75   102.99
2012-02-24  08:10:44 67.78   83.19   29.75   102.54
2012-02-24  08:11:46 67.78   82.96   29.75   102.09
2012-02-24  08:12:48 67.78   82.96   29.75   101.41
2012-02-24  08:13:50 67.78   83.08   29.75   100.96
2012-02-24  08:14:51 67.78   83.08   29.75   100.40
2012-02-24  08:15:53 67.78   83.08   29.75   99.95
2012-02-24  08:16:55 67.78   83.19   29.75   99.39
2012-02-24  08:17:57 67.66   82.96   29.75   99.05
2012-02-24  08:18:58 67.66   83.08   29.75   98.60
2012-02-24  08:20:00 67.66   83.08   29.75   98.04
2012-02-24  08:21:02 67.78   82.96   29.75   97.70
2012-02-24  08:22:04 67.78   82.96   29.75   97.36
2012-02-24  08:23:05 67.78   82.85   29.75   96.91
2012-02-24  08:24:07 67.66   82.85   29.75   96.46
2012-02-24  08:25:09 67.66   82.96   29.75   96.12
2012-02-24  08:26:11 67.66   82.85   29.75   95.90
2012-02-24  08:27:12 67.66   83.08   29.75   95.56
2012-02-24  08:28:14 67.66   82.96   29.75   95.22
2012-02-24  08:29:16 67.66   82.96   29.75   94.89
2012-02-24  08:30:18 67.66   82.96   29.75   94.55
2012-02-24  08:31:19 67.66   82.96   29.75   94.33
2012-02-24  08:32:21 67.66   82.85   29.75   93.88
2012-02-24  08:33:23 67.66   82.74   29.75   93.65
2012-02-24  08:34:25 67.66   82.96   29.75   93.43
2012-02-24  08:35:26 67.66   82.85   29.75   93.09
2012-02-24  08:36:28 67.66   82.96   29.75   92.86
2012-02-24  08:37:30 67.66   82.74   29.75   92.64
2012-02-24  08:38:32 67.66   82.85   29.75   92.41
2012-02-24  08:39:33 67.66   82.74   29.75   92.19
2012-02-24  08:40:35 67.66   83.08   29.75   91.85
2012-02-24  08:41:37 67.66   82.96   29.75   91.62
2012-02-24  08:42:39 67.66   82.74   29.75   91.40
2012-02-24  08:43:40 67.55   82.62   29.75   91.29
2012-02-24  08:44:42 67.66   82.85   29.75   90.95
2012-02-24  08:45:44 67.55   82.85   29.75   90.72
2012-02-24  08:46:46 67.55   82.85   29.75   90.61
2012-02-24  08:47:48 67.55   82.74   29.75   90.28
2012-02-24  08:48:49 67.55   82.74   29.75   90.16
2012-02-24  08:49:51 67.55   82.62   29.75   89.94
2012-02-24  08:50:53 67.55   82.62   29.75   89.71
2012-02-24  08:51:55 67.55   82.62   29.75   89.49
2012-02-24  08:52:56 67.55   82.40   29.75   89.49
2012-02-24  08:53:58 67.55   82.62   29.75   89.26
2012-02-24  08:55:00 67.55   82.74   29.75   89.04
2012-02-24  08:56:02 67.55   82.74   29.75   88.93
2012-02-24  08:57:03 67.55   82.96   29.75   88.81
2012-02-24  08:58:05 67.55   82.62   29.75   88.70
2012-02-24  08:59:07 67.55   82.62   29.75   88.47
2012-02-24  09:00:09 67.55   82.51   29.75   88.36
2012-02-24  09:01:10 67.55   82.40   29.75   88.25
2012-02-24  09:02:12 67.55   82.62   29.75   88.14
2012-02-24  09:03:14 67.55   82.51   29.75   88.03
2012-02-24  09:04:16 67.55   82.74   29.75   87.80
2012-02-24  09:05:17 67.55   82.74   29.75   87.69
2012-02-24  09:06:19 67.55   82.40   29.75   87.69
2012-02-24  09:07:21 67.55   82.51   29.75   87.46
2012-02-24  09:08:23 67.44   82.40   29.75   87.46
2012-02-24  09:09:24 67.44   82.51   29.75   87.35
2012-02-24  09:10:26 67.44   82.29   29.75   87.12
2012-02-24  09:11:28 67.55   82.40   29.75   87.01
2012-02-24  09:12:30 67.55   82.40   29.75   86.79
2012-02-24  09:13:31 67.55   82.18   29.75   86.79
2012-02-24  09:14:33 67.44   82.62   29.75   86.68
2012-02-24  09:15:35 67.55   82.51   29.75   86.56
2012-02-24  09:16:37 67.55   82.40   29.75   86.56
2012-02-24  09:17:38 67.44   82.18   29.75   86.45
2012-02-24  09:18:40 67.44   82.29   29.75   86.34
2012-02-24  09:19:42 67.55   82.40   29.75   86.34
2012-02-24  09:20:44 67.44   82.29   29.75   86.22
2012-02-24  09:21:45 67.44   82.06   29.75   86.11
2012-02-24  09:22:47 67.55   82.40   29.75   86.11
2012-02-24  09:23:49 67.44   82.40   29.75   86.11
2012-02-24  09:24:51 67.55   82.18   29.75   85.78
2012-02-24  09:25:52 67.55   82.06   29.75   85.78
2012-02-24  09:26:54 67.44   82.40   29.75   85.66
2012-02-24  09:27:56 67.44   82.18   29.75   85.66
2012-02-24  09:28:58 67.44   82.29   29.75   85.78
2012-02-24  09:29:59 67.44   82.18   29.75   85.66
2012-02-24  09:31:01 67.44   82.06   29.75   85.55
2012-02-24  09:32:03 67.44   82.18   29.75   85.55
2012-02-24  09:33:05 67.44   82.40   29.75   85.44
2012-02-24  09:34:06 67.44   82.40   29.75   85.33
2012-02-24  09:35:08 67.44   82.62   29.75   85.10
2012-02-24  09:36:10 67.44   82.29   29.75   84.99
2012-02-24  09:37:12 67.44   82.06   29.75   84.99
2012-02-24  09:38:14 67.44   82.06   29.75   84.99
2012-02-24  09:39:15 67.44   82.06   29.75   84.88
2012-02-24  09:40:17 67.44   82.29   29.75   84.88
2012-02-24  09:41:19 67.44   82.18   29.75   84.65
2012-02-24  09:42:21 67.44   82.29   29.75   84.65
2012-02-24  09:43:22 67.44   82.06   29.75   84.76
2012-02-24  09:44:24 67.44   82.06   29.75   84.65
2012-02-24  09:45:26 67.44   82.06   29.75   84.54
2012-02-24  09:46:28 67.44   82.06   29.75   84.43
2012-02-24  09:47:29 67.44   82.29   29.75   84.43
2012-02-24  09:48:31 67.44   82.29   29.75   84.43
2012-02-24  09:49:33 67.44   82.18   29.75   84.43
2012-02-24  09:50:35 67.44   82.40   29.75   84.31
2012-02-24  09:51:36 67.44   82.29   29.75   84.31
2012-02-24  09:52:38 67.44   82.18   29.75   84.20
2012-02-24  09:53:40 67.44   81.95   29.75   84.20
2012-02-24  09:54:42 67.44   81.95   29.75   84.09
2012-02-24  09:55:43 67.44   82.06   29.75   84.09
2012-02-24  09:56:45 67.44   82.18   29.75   84.20
2012-02-24  09:57:47 67.44   81.95   29.75   84.09
2012-02-24  09:58:49 67.44   82.06   29.75   84.09
2012-02-24  09:59:50 67.44   81.84   29.75   84.09
2012-02-24  10:00:52 67.44   81.84   29.75   83.86
2012-02-24  10:01:54 67.33   82.06   29.75   83.86
2012-02-24  10:02:56 67.44   81.95   29.75   83.75
2012-02-24  10:03:57 67.44   81.95   29.75   83.75
2012-02-24  10:04:59 67.44   82.06   29.75   83.64
2012-02-24  10:06:01 67.33   82.06   29.75   83.53
2012-02-24  10:07:03 67.44   82.06   29.75   83.64
2012-02-24  10:08:04 67.44   82.29   29.75   83.64
2012-02-24  10:09:06 67.33   81.95   29.75   83.64
2012-02-24  10:10:08 67.33   81.95   29.75   83.64
2012-02-24  10:11:10 67.44   82.18   29.75   83.64
2012-02-24  10:12:12 67.33   82.06   29.75   83.64
2012-02-24  10:13:13 67.44   82.06   29.75   83.53
2012-02-24  10:14:15 67.33   81.84   29.75   83.41
2012-02-24  10:15:17 67.33   82.18   29.75   83.53
2012-02-24  10:16:19 67.33   82.06   29.75   83.41
2012-02-24  10:17:20 67.33   81.84   29.75   83.41
2012-02-24  10:18:22 67.33   81.95   29.75   83.41
2012-02-24  10:19:24 67.33   82.06   29.75   83.41
2012-02-24  10:20:26 67.33   82.29   29.75   83.30
2012-02-24  10:21:27 67.33   82.06   29.75   83.30
2012-02-24  10:22:29 67.33   82.18   29.75   83.30
2012-02-24  10:23:31 67.33   81.95   29.75   83.41
2012-02-24  10:24:33 67.33   82.06   29.75   83.30
2012-02-24  10:25:34 67.33   81.84   29.75   83.30
2012-02-24  10:26:36 67.33   81.84   29.75   83.19
2012-02-24  10:27:38 67.33   81.84   29.75   83.19
2012-02-24  10:28:40 67.33   81.95   29.75   83.08
2012-02-24  10:29:41 67.33   81.95   29.75   83.08
2012-02-24  10:30:43 67.33   81.84   29.75   82.96
2012-02-24  10:31:45 67.33   81.95   29.75   82.96
2012-02-24  10:32:47 67.33   81.95   29.75   83.08
2012-02-24  10:33:48 67.33   81.84   29.75   83.08
2012-02-24  10:34:50 67.33   81.84   29.75   83.19
2012-02-24  10:35:52 67.33   81.95   29.75   82.96
2012-02-24  10:36:54 67.33   81.84   29.75   83.08
2012-02-24  10:37:55 67.33   81.84   29.75   83.08
2012-02-24  10:38:57 67.33   81.95   29.75   83.08
2012-02-24  10:39:59 67.33   81.95   29.75   82.96
2012-02-24  10:41:01 67.33   82.06   29.75   82.85
2012-02-24  10:42:02 67.33   82.06   29.75   82.96
2012-02-24  10:43:04 67.33   81.84   29.75   82.96
2012-02-24  10:44:06 67.33   82.06   29.75   82.85
2012-02-24  10:45:08 67.33   88.59   29.75   82.85
2012-02-24  10:46:09 69.46   131.00   29.75   82.74
2012-02-24  10:47:11 70.25   146.53   29.75   83.19
2012-02-24  10:48:12 70.70   126.05   29.75   83.86
2012-02-24  10:49:13 70.70   112.66   29.75   84.20
2012-02-24  10:50:15 69.91   112.66   29.75   84.20
2012-02-24  10:51:17 69.46   110.98   29.75   84.20
2012-02-24  10:52:19 69.01   111.65   29.75   83.97
2012-02-24  10:53:21 68.68   110.53   29.75   83.97
2012-02-24  10:54:22 68.45   108.39   29.75   83.97
2012-02-24  10:55:24 68.34   106.92   29.75   84.09
2012-02-24  10:56:26 68.11   104.90   29.75   83.97
2012-02-24  10:57:28 68.11   103.21   29.75   83.97
2012-02-24  10:58:29 68.00   101.86   29.75   83.86
2012-02-24  10:59:31 68.00   100.17   29.75   83.97
2012-02-24  11:00:33 67.89   99.28   29.75   83.86
2012-02-24  11:01:35 67.89   97.03   29.75   83.75
2012-02-24  11:02:36 67.78   96.01   29.75   83.64
2012-02-24  11:03:38 67.78   94.78   29.75   83.64
2012-02-24  11:04:40 67.78   94.33   29.75   83.53
2012-02-24  11:05:42 67.78   93.20   29.75   83.53
2012-02-24  11:06:43 67.66   92.53   29.75   83.53
2012-02-24  11:07:45 67.66   92.30   29.75   83.41
2012-02-24  11:08:47 67.66   91.51   29.75   83.53
2012-02-24  11:09:49 67.66   90.61   29.75   83.53
2012-02-24  11:10:50 67.66   90.05   29.75   83.53
2012-02-24  11:11:52 67.55   89.60   29.75   83.41
2012-02-24  11:12:54 67.55   88.93   29.75   83.41
2012-02-24  11:13:56 67.55   88.36   29.75   83.41
2012-02-24  11:14:57 67.55   87.69   29.75   83.41
2012-02-24  11:15:59 67.55   87.46   29.75   83.41
2012-02-24  11:17:01 67.55   87.24   29.75   83.41
2012-02-24  11:18:03 67.55   86.79   29.75   83.30
2012-02-24  11:19:04 67.55   86.56   29.75   83.19
2012-02-24  11:20:06 67.55   86.22   29.75   83.19
2012-02-24  11:21:08 67.44   85.89   29.75   83.30
2012-02-24  11:22:10 67.55   85.89   29.75   83.19
2012-02-24  11:23:11 67.55   85.55   29.75   83.08
2012-02-24  11:24:13 67.55   85.10   29.75   82.96
2012-02-24  11:25:15 67.55   85.33   29.75   83.08
2012-02-24  11:26:17 67.55   84.99   29.75   83.19
2012-02-24  11:27:18 67.55   84.54   29.75   83.30
2012-02-24  11:28:20 67.55   84.20   29.75   83.08
2012-02-24  11:29:22 67.44   84.54   29.75   83.08
2012-02-24  11:30:24 67.44   84.20   29.75   82.96
2012-02-24  11:31:26 67.44   84.31   29.75   82.96
2012-02-24  11:32:27 67.44   84.31   29.75   83.08
2012-02-24  11:33:29 67.44   83.86   29.75   82.96
2012-02-24  11:34:31 67.44   83.75   29.75   82.96
2012-02-24  11:35:33 67.44   83.75   29.75   82.96
2012-02-24  11:36:34 67.44   83.64   29.75   82.74
2012-02-24  11:37:36 67.44   83.53   29.75   82.74
2012-02-24  11:38:38 67.44   83.64   29.75   82.74
2012-02-24  11:39:40 67.44   83.53   29.75   82.74
2012-02-24  11:40:41 67.44   83.53   29.75   82.62
2012-02-24  11:41:43 67.44   83.53   29.75   82.62
2012-02-24  11:42:45 67.44   83.53   29.75   82.62
2012-02-24  11:43:47 67.44   83.41   29.75   82.62
2012-02-24  11:44:48 67.44   83.19   29.75   82.74
2012-02-24  11:45:50 67.44   82.96   29.75   82.74
2012-02-24  11:46:52 67.44   83.19   29.75   82.74
2012-02-24  11:47:54 67.44   83.19   29.75   82.74
2012-02-24  11:48:55 67.44   82.96   29.75   82.74
2012-02-24  11:49:57 67.44   83.08   29.75   82.74
2012-02-24  11:50:59 67.44   82.85   29.75   82.62
2012-02-24  11:52:01 67.44   82.85   29.75   82.74
2012-02-24  11:53:02 67.44   83.08   29.75   82.62
2012-02-24  11:54:04 67.44   82.74   29.75   82.62
2012-02-24  11:55:06 67.44   82.62   29.75   82.51
2012-02-24  11:56:08 67.44   82.74   29.75   82.51
2012-02-24  11:57:09 67.44   82.51   29.75   82.62
2012-02-24  11:58:11 67.44   82.51   29.75   82.62
2012-02-24  11:59:13 67.44   82.62   29.75   82.51
2012-02-24  12:00:15 67.44   82.62   29.75   82.62
2012-02-24  12:01:16 67.33   82.62   29.75   82.62
2012-02-24  12:02:18 67.33   82.85   29.75   82.62
2012-02-24  12:03:20 67.55   94.66   29.75   82.51
2012-02-24  12:04:21 69.69   136.74   29.75   82.62
2012-02-24  12:05:23 70.25   144.61   29.75   83.30
2012-02-24  12:06:24 70.81   120.76   29.75   83.75
2012-02-24  12:07:26 70.59   112.10   29.75   83.86
2012-02-24  12:08:27 69.91   112.33   29.75   83.86
2012-02-24  12:09:29 69.35   109.62   29.75   83.86
2012-02-24  12:10:31 68.90   109.62   29.75   83.75
2012-02-24  12:11:33 68.68   109.62   29.75   83.64
2012-02-24  12:12:35 68.45   107.60   29.75   83.64
2012-02-24  12:13:36 68.34   106.48   29.75   83.53
2012-02-24  12:14:38 68.11   104.67   29.75   83.41
2012-02-24  12:15:40 68.11   103.33   29.75   83.53
2012-02-24  12:16:42 68.00   101.64   29.75   83.41
2012-02-24  12:17:43 67.89   100.40   29.75   83.41
2012-02-24  12:18:45 67.89   98.83   29.75   83.41
2012-02-24  12:19:47 67.89   97.92   29.75   83.53
2012-02-24  12:20:49 67.78   96.80   29.75   83.41
2012-02-24  12:21:50 67.66   95.79   29.75   83.30
2012-02-24  12:22:52 67.78   94.66   29.75   83.19
2012-02-24  12:23:54 67.66   93.76   29.75   83.30
2012-02-24  12:24:56 67.66   92.75   29.75   83.19
2012-02-24  12:25:57 67.66   92.08   29.75   83.19
2012-02-24  12:26:59 67.66   91.18   29.75   83.30
2012-02-24  12:28:01 67.55   90.72   29.75   83.30
2012-02-24  12:29:03 67.66   89.71   29.75   83.30
2012-02-24  12:30:04 67.66   89.26   29.75   83.30
2012-02-24  12:31:06 67.66   88.81   29.75   83.30
2012-02-24  12:32:08 67.66   88.47   29.75   83.30
2012-02-24  12:33:10 67.66   88.25   29.75   83.19
2012-02-24  12:34:11 67.55   87.80   29.75   83.19
2012-02-24  12:35:13 67.55   87.58   29.75   83.30
2012-02-24  12:36:15 67.55   86.90   29.75   83.30
2012-02-24  12:37:17 67.55   86.68   29.75   83.30
2012-02-24  12:38:18 67.55   86.45   29.75   83.30
2012-02-24  12:39:20 67.55   86.11   29.75   83.19
2012-02-24  12:40:22 67.55   85.55   29.75   83.08
2012-02-24  12:41:24 67.55   85.33   29.75   83.08
2012-02-24  12:42:25 67.55   85.33   29.75   83.19
2012-02-24  12:43:27 67.55   85.21   29.75   83.19
2012-02-24  12:44:29 67.55   84.99   29.75   83.08
2012-02-24  12:45:31 67.55   85.21   29.75   83.08
2012-02-24  12:46:32 67.55   84.99   29.75   82.96
2012-02-24  12:47:34 67.55   84.54   29.75   82.96
2012-02-24  12:48:36 67.55   84.65   29.75   82.85
2012-02-24  12:49:38 67.55   84.43   29.75   82.96
2012-02-24  12:50:39 67.55   84.31   29.75   82.85
2012-02-24  12:51:41 67.55   84.20   29.75   82.96
2012-02-24  12:52:43 67.44   84.09   29.75   82.96
2012-02-24  12:53:45 67.55   83.97   29.75   82.96
2012-02-24  12:54:47 67.44   84.09   29.75   82.85
2012-02-24  12:55:48 67.44   83.86   29.75   82.74
2012-02-24  12:56:50 67.44   83.97   29.75   82.74
2012-02-24  12:57:52 67.44   83.86   29.75   82.74
2012-02-24  12:58:54 67.44   83.64   29.75   82.85
2012-02-24  12:59:55 67.44   83.64   29.75   82.74
2012-02-24  13:00:57 67.44   83.64   29.75   82.74
2012-02-24  13:01:59 67.44   83.75   29.75   82.74
2012-02-24  13:03:01 67.44   83.53   29.75   82.74
2012-02-24  13:04:02 67.44   83.41   29.75   82.96
2012-02-24  13:05:04 67.44   82.96   29.75   82.96
2012-02-24  13:06:06 67.44   83.30   29.75   82.85
2012-02-24  13:07:08 67.44   83.30   29.75   82.74
2012-02-24  13:08:09 67.44   83.41   29.75   82.74
2012-02-24  13:09:11 67.44   83.53   29.75   82.74
2012-02-24  13:10:13 67.44   83.08   29.75   82.74
2012-02-24  13:11:15 67.44   83.08   29.75   82.74
2012-02-24  13:12:16 67.44   83.19   29.75   82.62
2012-02-24  13:13:18 67.44   83.41   29.75   82.62
2012-02-24  13:14:20 67.44   83.19   29.75   82.51
2012-02-24  13:15:22 67.44   83.08   29.75   82.51
2012-02-24  13:16:23 67.44   83.08   29.75   82.51
2012-02-24  13:17:25 67.44   83.08   29.75   82.51
2012-02-24  13:18:27 67.44   83.08   29.75   82.40
2012-02-24  13:19:29 67.44   82.96   29.75   82.40
2012-02-24  13:20:30 67.44   82.96   29.75   82.40
2012-02-24  13:21:32 67.44   82.96   29.75   82.40
2012-02-24  13:22:34 67.44   82.96   29.75   82.40
2012-02-24  13:23:36 67.44   83.08   29.75   82.29
2012-02-24  13:24:37 67.44   82.85   29.75   82.29
2012-02-24  13:25:39 67.44   82.62   29.75   82.29
2012-02-24  13:26:41 67.44   82.85   29.75   82.29
2012-02-24  13:27:43 67.44   82.96   29.75   82.18
2012-02-24  13:28:45 67.44   82.96   29.75   82.18
2012-02-24  13:29:46 67.44   82.74   29.75   82.40
2012-02-24  13:30:48 67.44   82.62   29.75   82.29
2012-02-24  13:31:50 67.44   82.62   29.75   82.29
2012-02-24  13:32:52 67.44   82.62   29.75   82.29
2012-02-24  13:33:53 67.44   86.68   29.75   82.29
2012-02-24  13:34:55 69.12   124.48   29.75   82.40
2012-02-24  13:35:56 70.03   145.74   29.75   82.96
2012-02-24  13:36:57 70.59   131.79   29.75   83.64
2012-02-24  13:37:59 70.81   112.66   29.75   83.86
2012-02-24  13:39:01 70.03   112.10   29.75   83.97
2012-02-24  13:40:03 69.58   111.99   29.75   83.97
2012-02-24  13:41:04 69.12   112.33   29.75   83.86
2012-02-24  13:42:06 68.79   111.20   29.75   83.86
2012-02-24  13:43:08 68.56   109.29   29.75   83.75
2012-02-24  13:44:10 68.34   107.38   29.75   83.64
2012-02-24  13:45:11 68.22   105.58   29.75   83.53
2012-02-24  13:46:13 68.11   104.00   29.75   83.53
2012-02-24  13:47:15 68.00   102.42   29.75   83.64
2012-02-24  13:48:17 68.00   101.08   29.75   83.53
2012-02-24  13:49:18 67.89   99.50   29.75   83.41
2012-02-24  13:50:20 67.89   98.38   29.75   83.41
2012-02-24  13:51:22 67.78   97.36   29.75   83.30
2012-02-24  13:52:24 67.78   96.12   29.75   83.30
2012-02-24  13:53:25 67.78   95.11   29.75   83.30
2012-02-24  13:54:27 67.66   93.99   29.75   83.30
2012-02-24  13:55:29 67.78   93.31   29.75   83.41
2012-02-24  13:56:31 67.78   92.75   29.75   83.30
2012-02-24  13:57:32 67.66   91.85   29.75   83.41
2012-02-24  13:58:34 67.66   91.06   29.75   83.30
2012-02-24  13:59:36 67.66   90.39   29.75   83.19
2012-02-24  14:00:38 67.55   89.83   29.75   83.30
2012-02-24  14:01:39 67.66   89.26   29.75   83.19
2012-02-24  14:02:41 67.66   89.04   29.75   83.19
2012-02-24  14:03:43 67.66   88.47   29.75   83.19
2012-02-24  14:04:45 67.66   87.69   29.75   83.19
2012-02-24  14:05:46 67.66   87.46   29.75   83.19
2012-02-24  14:06:48 67.55   87.24   29.75   83.19
2012-02-24  14:07:50 67.55   86.79   29.75   83.19
2012-02-24  14:08:52 67.55   86.68   29.75   83.19
2012-02-24  14:09:54 67.55   86.45   29.75   83.19
2012-02-24  14:10:55 67.55   86.11   29.75   83.19
2012-02-24  14:11:57 67.55   86.11   29.75   83.19
2012-02-24  14:12:59 67.55   85.89   29.75   83.08
2012-02-24  14:14:01 67.55   85.55   29.75   83.08
2012-02-24  14:15:02 67.55   85.21   29.75   82.96
2012-02-24  14:16:04 67.55   85.10   29.75   82.96
2012-02-24  14:17:06 67.55   85.21   29.75   82.96
2012-02-24  14:18:08 67.55   84.99   29.75   82.85
2012-02-24  14:19:09 67.55   84.88   29.75   82.74
2012-02-24  14:20:11 67.55   84.54   29.75   82.74
2012-02-24  14:21:13 67.55   84.43   29.75   82.85
2012-02-24  14:22:15 67.55   84.65   29.75   82.74
2012-02-24  14:23:16 67.55   84.43   29.75   82.74
2012-02-24  14:24:18 67.44   84.43   29.75   82.74
2012-02-24  14:25:20 67.44   83.97   29.75   82.85
2012-02-24  14:26:22 67.55   83.97   29.75   82.85
2012-02-24  14:27:23 67.44   83.64   29.75   82.85
2012-02-24  14:28:25 67.44   83.75   29.75   82.85
2012-02-24  14:29:27 67.44   83.86   29.75   82.74
2012-02-24  14:30:29 67.44   83.86   29.75   82.74
2012-02-24  14:31:30 67.44   83.75   29.75   82.74
2012-02-24  14:32:32 67.44   83.97   29.75   82.74
2012-02-24  14:33:34 67.44   83.75   29.75   82.74
2012-02-24  14:34:36 67.44   84.76   29.75   82.74
2012-02-24  14:35:37 68.68   112.33   29.75   82.85
2012-02-24  14:36:39 70.03   142.14   29.75   82.96
2012-02-24  14:37:40 70.59   131.45   29.75   83.64
2012-02-24  14:38:41 70.93   111.99   29.75   83.97
2012-02-24  14:39:43 70.25   111.20   29.75   83.97
2012-02-24  14:40:45 69.58   109.51   29.75   83.97
2012-02-24  14:41:47 69.12   109.96   29.75   83.86
2012-02-24  14:42:49 68.79   110.41   29.75   83.75
2012-02-24  14:43:50 68.56   108.84   29.75   83.75
2012-02-24  14:44:52 68.34   107.26   29.75   83.75
2012-02-24  14:45:54 68.22   105.91   29.75   83.64
2012-02-24  14:46:56 68.11   104.11   29.75   83.53
2012-02-24  14:47:57 68.11   102.42   29.75   83.53
2012-02-24  14:48:59 68.00   100.96   29.75   83.53
2012-02-24  14:50:01 67.89   99.05   29.75   83.41
2012-02-24  14:51:03 67.89   98.49   29.75   83.41
2012-02-24  14:52:04 67.89   97.36   29.75   83.53
2012-02-24  14:53:06 67.78   96.01   29.75   83.53
2012-02-24  14:54:08 67.78   94.66   29.75   83.53
2012-02-24  14:55:10 67.78   94.33   29.75   83.53
2012-02-24  14:56:11 67.78   93.43   29.75   83.53
2012-02-24  14:57:13 67.78   92.53   29.75   83.64
2012-02-24  14:58:15 67.66   91.96   29.75   83.41
2012-02-24  14:59:17 67.66   91.18   29.75   83.53
2012-02-24  15:00:18 67.66   90.50   29.75   83.41
2012-02-24  15:01:20 67.66   89.83   29.75   83.30
2012-02-24  15:02:22 67.66   89.15   29.75   83.41
2012-02-24  15:03:24 67.66   88.81   29.75   83.41
2012-02-24  15:04:25 67.66   89.26   29.75   83.30
2012-02-24  15:05:27 68.68   110.64   29.75   83.41
2012-02-24  15:06:29 70.14   140.45   29.75   83.64
2012-02-24  15:07:30 70.70   151.93   29.75   84.31
2012-02-24  15:08:31 71.15   158.45   29.75   85.10
2012-02-24  15:09:32 71.60   148.78   29.75   85.66
2012-02-24  15:10:33 72.05   148.44   29.75   86.22
2012-02-24  15:11:35 72.28   136.85   29.75   86.56
2012-02-24  15:12:36 72.61   115.03   29.75   86.45
2012-02-24  15:13:38 71.71   115.14   29.75   86.22
2012-02-24  15:14:40 70.70   116.94   29.75   86.00
2012-02-24  15:15:41 70.03   115.59   29.75   85.89
2012-02-24  15:16:43 69.58   113.34   29.75   85.78
2012-02-24  15:17:45 69.24   114.12   29.75   85.55
2012-02-24  15:18:47 69.01   112.66   29.75   85.44
2012-02-24  15:19:48 70.59   126.84   29.75   85.55
2012-02-24  15:20:50 71.60   142.81   29.75   85.89
2012-02-24  15:21:51 72.05   152.71   29.75   86.45
2012-02-24  15:22:52 72.28   153.05   29.75   87.12
2012-02-24  15:23:53 72.72   126.73   29.75   87.58
2012-02-24  15:24:55 72.50   114.91   29.75   87.46
2012-02-24  15:25:57 71.49   115.92   29.75   87.24
2012-02-24  15:26:58 70.70   116.94   29.75   87.01
2012-02-24  15:28:00 70.14   113.90   29.75   86.79
2012-02-24  15:29:02 69.69   112.10   29.75   86.68
2012-02-24  15:30:04 69.46   113.11   29.75   86.56
2012-02-24  15:31:05 69.12   112.21   29.75   86.45
2012-02-24  15:32:07 69.01   110.41   29.75   86.56
2012-02-24  15:33:09 70.14   121.44   29.75   86.56
2012-02-24  15:34:10 71.60   140.23   29.75   86.90
2012-02-24  15:35:11 72.16   151.25   29.75   87.46
2012-02-24  15:36:13 72.50   149.68   29.75   88.03
2012-02-24  15:37:14 72.84   123.24   29.75   88.36
2012-02-24  15:38:16 72.61   114.24   29.75   88.25
2012-02-24  15:39:17 71.49   115.03   29.75   88.03
2012-02-24  15:40:19 70.81   115.25   29.75   87.80
2012-02-24  15:41:21 70.14   113.34   29.75   87.69
2012-02-24  15:42:23 69.69   111.99   29.75   87.46
2012-02-24  15:43:24 69.46   112.33   29.75   87.46
2012-02-24  15:44:26 69.24   111.20   29.75   87.35
2012-02-24  15:45:28 69.12   109.40   29.75   87.24
2012-02-24  15:46:30 69.01   107.83   29.75   87.12
2012-02-24  15:47:31 68.90   106.59   29.75   87.12
2012-02-24  15:48:33 68.79   104.90   29.75   87.01
2012-02-24  15:49:35 68.68   103.44   29.75   89.38
2012-02-24  15:50:37 68.56   102.31   29.75   104.45
2012-02-24  15:51:39 68.56   100.96   29.75   106.70
2012-02-24  15:52:40 68.56   99.95   29.75   106.25
2012-02-24  15:53:42 68.45   99.05   29.75   105.35
2012-02-24  15:54:44 68.45   98.04   29.75   104.45
2012-02-24  15:55:46 69.69   114.58   29.75   103.78
2012-02-24  15:56:47 71.38   140.79   29.75   102.99
2012-02-24  15:57:48 71.94   145.74   29.75   102.76
2012-02-24  15:58:49 72.39   121.89   29.75   102.42
2012-02-24  15:59:51 72.16   113.79   29.75   101.86
2012-02-24  16:00:53 71.15   114.35   29.75   101.08
2012-02-24  16:01:55 70.47   112.33   29.75   100.29
2012-02-24  16:02:56 70.03   113.45   29.75   99.61
2012-02-24  16:03:58 69.69   113.11   29.75   99.05
2012-02-24  16:05:00 69.46   111.65   29.75   98.60
2012-02-24  16:06:02 69.24   110.19   29.75   98.04
2012-02-24  16:07:03 69.12   108.39   29.75   97.59
2012-02-24  16:08:05 68.90   107.15   29.75   97.14
2012-02-24  16:09:07 68.79   105.46   29.75   96.69
2012-02-24  16:10:09 68.68   103.66   29.75   96.24
2012-02-24  16:11:10 68.68   102.31   29.75   95.90
2012-02-24  16:12:12 68.56   100.51   29.75   95.68
2012-02-24  16:13:14 68.45   99.84   29.75   95.22
2012-02-24  16:14:16 68.45   98.83   29.75   95.00
2012-02-24  16:15:17 68.45   97.92   29.75   94.66
2012-02-24  16:16:19 68.34   96.69   29.75   94.33
2012-02-24  16:17:21 68.34   96.12   29.75   93.99
2012-02-24  16:18:23 68.34   95.00   29.75   93.65
2012-02-24  16:19:25 68.34   93.99   29.75   93.43
2012-02-24  16:20:26 68.22   93.20   29.75   93.09
2012-02-24  16:21:28 68.22   93.09   29.75   92.86
2012-02-24  16:22:30 68.22   92.53   29.75   92.53
2012-02-24  16:23:32 68.22   92.08   29.75   92.30
2012-02-24  16:24:33 68.22   91.74   29.75   92.08
2012-02-24  16:25:35 68.22   91.29   29.75   91.74
2012-02-24  16:26:37 68.22   90.84   29.75   91.62
2012-02-24  16:27:39 68.22   90.28   29.75   91.40
2012-02-24  16:28:40 68.22   89.71   29.75   91.18
2012-02-24  16:29:42 68.11   89.49   29.75   90.95
2012-02-24  16:30:44 68.11   89.49   29.75   90.72
2012-02-24  16:31:46 68.11   88.93   29.75   90.61
2012-02-24  16:32:47 68.11   88.70   29.75   90.39
2012-02-24  16:33:49 68.11   88.47   29.75   90.28
2012-02-24  16:34:51 68.11   88.47   29.75   90.05
2012-02-24  16:35:53 68.11   88.36   29.75   89.94
2012-02-24  16:36:54 68.11   88.25   29.75   89.71
2012-02-24  16:37:56 68.11   87.91   29.75   89.49
2012-02-24  16:38:58 68.11   87.80   29.75   89.38
2012-02-24  16:40:00 68.11   87.46   29.75   89.26
2012-02-24  16:41:01 68.11   87.35   29.75   89.15
2012-02-24  16:42:03 68.11   87.12   29.75   88.93
2012-02-24  16:43:05 68.11   87.24   29.75   88.81
2012-02-24  16:44:07 68.00   86.79   29.75   88.59
2012-02-24  16:45:08 68.00   86.90   29.75   88.47
2012-02-24  16:46:10 68.00   86.90   29.75   88.36
2012-02-24  16:47:12 68.00   86.90   29.75   88.25
2012-02-24  16:48:14 68.00   86.68   29.75   88.03
2012-02-24  16:49:15 68.00   86.68   29.75   87.91
2012-02-24  16:50:17 68.00   86.22   29.75   87.80
2012-02-24  16:51:19 68.00   86.22   29.75   87.69
2012-02-24  16:52:21 68.00   86.11   29.75   87.58
2012-02-24  16:53:23 68.00   86.11   29.75   87.58
2012-02-24  16:54:24 68.00   85.89   29.75   87.46
2012-02-24  16:55:26 68.00   85.89   29.75   87.35
2012-02-24  16:56:28 68.00   85.78   29.75   87.24
2012-02-24  16:57:30 68.00   85.55   29.75   87.01
2012-02-24  16:58:31 68.00   85.66   29.75   86.90
2012-02-24  16:59:33 68.00   85.44   29.75   86.79
2012-02-24  17:00:35 68.00   85.44   29.75   86.79
2012-02-24  17:01:37 68.00   85.44   29.75   86.68
2012-02-24  17:02:38 68.00   85.66   29.75   86.56
2012-02-24  17:03:40 68.00   85.66   29.75   86.45
2012-02-24  17:04:42 67.89   85.21   29.75   86.34
2012-02-24  17:05:44 68.00   85.55   29.75   86.22
2012-02-24  17:06:45 67.89   85.33   29.75   86.11
2012-02-24  17:07:47 67.89   85.21   29.75   86.00
2012-02-24  17:08:49 67.89   85.21   29.75   85.89
2012-02-24  17:09:51 67.89   84.99   29.75   85.89
2012-02-24  17:10:52 68.00   84.99   29.75   85.89
2012-02-24  17:11:54 67.89   84.76   29.75   85.78
2012-02-24  17:12:56 67.89   85.10   29.75   85.66
2012-02-24  17:13:58 67.89   85.10   29.75   85.55
2012-02-24  17:14:59 67.89   84.99   29.75   85.44
2012-02-24  17:16:01 67.89   84.88   29.75   85.33
2012-02-24  17:17:03 67.89   84.88   29.75   104.34
2012-02-24  17:18:05 67.89   84.99   29.75   107.15
2012-02-24  17:19:06 67.89   84.88   29.75   107.49
2012-02-24  17:20:07 67.78   84.88   71.71   106.81
2012-02-24  17:21:10 67.78   84.76   71.94   105.35
2012-02-24  17:22:14 67.66   84.54   71.94   104.11
2012-02-24  17:23:17 67.78   84.31   71.94   102.99
2012-02-24  17:24:20 67.78   84.43   71.94   101.98
2012-02-24  17:25:24 67.78   84.43   71.94   100.85
2012-02-24  17:26:27 67.78   84.54   71.94   99.95
2012-02-24  17:27:30 67.78   84.65   71.94   99.16
2012-02-24  17:28:34 67.78   84.31   71.94   98.49
2012-02-24  17:29:37 67.66   84.43   71.94   97.70
2012-02-24  17:30:40 67.78   84.76   71.94   97.03
2012-02-24  17:31:44 67.78   86.22   71.94   102.76
2012-02-24  17:32:47 69.80   119.75   71.83   106.36
2012-02-24  17:33:50 71.15   145.62   71.83   106.25
2012-02-24  17:34:53 71.83   155.64   71.94   108.95
2012-02-24  17:35:56 72.39   155.19   71.94   109.40
2012-02-24  17:36:59 72.84   146.86   72.05   109.51
2012-02-24  17:38:02 73.29   154.85   72.16   109.40
2012-02-24  17:39:04 73.74   161.60   72.16   109.29
2012-02-24  17:40:07 73.96   149.68   72.28   109.17
2012-02-24  17:41:10 74.30   148.10   72.39   108.84
2012-02-24  17:42:13 74.64   125.83   72.39   108.50
2012-02-24  17:43:16 74.30   115.81   72.50   107.83
2012-02-24  17:44:20 72.72   116.83   72.50   107.04
2012-02-24  17:45:23 71.60   117.39   72.50   106.25
2012-02-24  17:46:26 70.93   115.25   72.61   105.46
2012-02-24  17:47:30 70.36   113.45   72.61   104.79
2012-02-24  17:48:33 70.03   110.98   72.61   104.23
2012-02-24  17:49:37 69.69   114.58   72.61   103.66
2012-02-24  17:50:39 72.72   136.51   72.61   103.33
2012-02-24  17:51:42 73.40   149.79   72.72   103.33
2012-02-24  17:52:45 73.85   156.99   72.72   103.55
2012-02-24  17:53:48 74.30   134.94   72.84   103.44
2012-02-24  17:54:51 74.53   114.91   72.95   103.21
2012-02-24  17:55:55 73.06   115.48   72.95   102.65
2012-02-24  17:56:58 71.94   116.71   72.95   101.98
2012-02-24  17:58:01 71.15   115.92   72.95   101.41
2012-02-24  17:59:05 70.59   115.14   72.95   100.85
2012-02-24  18:00:08 70.25   114.35   72.95   100.29
2012-02-24  18:01:11 69.91   113.11   72.95   99.84
2012-02-24  18:02:15 69.69   110.98   72.95   99.39
2012-02-24  18:03:18 69.46   109.62   72.95   98.94
2012-02-24  18:04:21 69.35   107.94   72.95   98.49
2012-02-24  18:05:25 69.24   105.80   72.95   98.15
2012-02-24  18:06:28 69.24   104.56   72.95   97.81
2012-02-24  18:07:31 69.12   106.70   72.95   97.48
2012-02-24  18:08:35 72.39   133.59   72.95   97.25
2012-02-24  18:09:37 73.40   149.00   72.95   101.75
2012-02-24  18:10:40 74.08   140.90   73.06   102.09
2012-02-24  18:11:43 74.53   115.92   73.18   101.86
2012-02-24  18:12:47 73.62   114.24   73.18   101.30
2012-02-24  18:13:50 72.16   114.69   73.18   100.62
2012-02-24  18:14:53 71.38   113.79   73.29   99.95
2012-02-24  18:15:57 70.81   115.25   73.18   99.50
2012-02-24  18:17:00 70.36   114.01   73.18   98.94
2012-02-24  18:18:03 70.03   111.76   73.29   98.49
2012-02-24  18:19:07 69.80   110.41   73.29   98.15
2012-02-24  18:20:10 69.58   108.84   73.18   97.70
2012-02-24  18:21:13 69.46   106.92   73.18   106.03
2012-02-24  18:22:17 69.35   105.58   73.18   108.39
2012-02-24  18:23:20 69.24   103.66   73.18   108.61
2012-02-24  18:24:23 69.12   102.76   73.29   108.16
2012-02-24  18:25:27 69.01   101.41   73.18   107.94
2012-02-24  18:26:30 69.01   100.51   73.18   108.39
2012-02-24  18:27:34 68.90   99.28   73.18   107.71
2012-02-24  18:28:37 68.90   98.71   73.18   106.81
2012-02-24  18:29:40 68.79   97.48   73.18   105.91
2012-02-24  18:30:44 68.79   96.80   73.18   105.12
2012-02-24  18:31:47 68.79   96.35   73.18   104.34
2012-02-24  18:32:50 68.79   95.56   73.18   103.66
2012-02-24  18:33:54 68.68   95.00   73.18   102.88
2012-02-24  18:34:57 68.68   94.33   73.18   102.20
2012-02-24  18:36:00 68.68   93.54   73.18   101.64
2012-02-24  18:37:04 68.68   92.86   73.18   100.96
2012-02-24  18:38:07 68.68   92.75   73.18   100.40
2012-02-24  18:39:10 68.68   92.19   73.18   99.84
2012-02-24  18:40:14 68.56   91.74   73.18   99.28
2012-02-24  18:41:17 68.56   91.51   73.18   98.83
2012-02-24  18:42:20 68.56   91.06   73.18   98.26
2012-02-24  18:43:24 68.56   90.84   73.18   97.81
2012-02-24  18:44:27 68.56   90.61   73.18   97.36
2012-02-24  18:45:30 68.56   90.61   73.18   97.03
2012-02-24  18:46:34 68.56   90.28   73.18   96.69
2012-02-24  18:47:37 68.45   89.83   73.18   96.35
2012-02-24  18:48:40 68.45   89.71   73.06   95.90
2012-02-24  18:49:44 68.45   89.26   73.06   95.56
2012-02-24  18:50:47 68.45   89.38   73.06   95.34
2012-02-24  18:51:50 68.45   89.60   73.06   94.89
2012-02-24  18:52:54 68.45   89.04   73.06   94.55
2012-02-24  18:53:57 68.45   88.81   73.06   94.33
2012-02-24  18:55:00 68.45   88.59   73.06   94.10
2012-02-24  18:56:04 68.45   88.47   73.06   93.76
2012-02-24  18:57:07 68.45   88.59   73.06   93.43
2012-02-24  18:58:10 68.34   88.25   73.06   93.20
2012-02-24  18:59:14 68.34   88.25   73.06   92.97
2012-02-24  19:00:17 68.34   88.14   73.06   92.75
2012-02-24  19:01:21 68.34   88.14   73.06   92.53
2012-02-24  19:02:24 68.34   87.80   73.06   92.30
2012-02-24  19:03:27 68.34   87.80   73.06   92.08
2012-02-24  19:04:31 68.34   87.80   73.06   91.85
2012-02-24  19:05:34 68.34   87.58   72.95   91.62
2012-02-24  19:06:37 68.34   87.24   73.06   91.40
2012-02-24  19:07:41 68.22   87.35   72.95   91.18
2012-02-24  19:08:44 68.34   87.24   72.95   90.95
2012-02-24  19:09:47 68.34   87.24   72.95   90.72
2012-02-24  19:10:51 68.34   86.79   72.95   90.61
2012-02-24  19:11:54 68.34   87.01   72.95   90.39
2012-02-24  19:12:57 68.22   87.12   72.95   90.16
2012-02-24  19:14:01 68.22   87.01   72.95   89.94
2012-02-24  19:15:04 68.11   86.79   72.95   89.83
2012-02-24  19:16:07 68.11   86.56   72.95   89.60
2012-02-24  19:17:11 68.11   86.68   72.95   89.49
2012-02-24  19:18:14 68.11   86.68   72.95   89.38
2012-02-24  19:19:17 68.11   86.79   72.84   89.26
2012-02-24  19:20:21 68.11   86.79   72.84   89.04
2012-02-24  19:21:24 68.00   86.56   72.84   88.93
2012-02-24  19:22:27 68.00   86.45   72.84   88.81
2012-02-24  19:23:31 68.00   86.68   72.84   88.70
2012-02-24  19:24:34 67.89   86.79   72.84   88.47
2012-02-24  19:25:37 68.00   86.56   72.84   88.36
2012-02-24  19:26:41 68.00   86.56   72.84   88.25
2012-02-24  19:27:44 68.00   86.34   72.84   88.25
2012-02-24  19:28:47 68.00   86.34   72.84   88.03
2012-02-24  19:29:51 67.89   86.34   72.84   88.03
2012-02-24  19:30:54 67.89   86.22   72.84   87.80
2012-02-24  19:31:57 67.89   86.45   72.84   87.80
2012-02-24  19:33:01 67.89   86.11   72.84   87.58
2012-02-24  19:34:04 67.89   86.34   72.84   87.46
2012-02-24  19:35:07 67.89   86.11   72.84   87.35
2012-02-24  19:36:11 67.78   86.11   72.84   87.24
2012-02-24  19:37:14 67.78   86.00   72.84   87.24
2012-02-24  19:38:17 67.78   86.11   72.72   87.12
2012-02-24  19:39:21 67.78   85.78   72.72   87.01
2012-02-24  19:40:24 67.78   85.66   72.72   86.90
2012-02-24  19:41:28 67.78   86.11   72.72   86.90
2012-02-24  19:42:31 67.78   85.89   72.72   86.68
2012-02-24  19:43:34 67.78   85.66   72.72   86.56
2012-02-24  19:44:38 67.78   85.66   72.72   86.56
2012-02-24  19:45:41 67.78   85.78   72.72   86.45
2012-02-24  19:46:44 67.78   85.78   72.72   86.22
2012-02-24  19:47:48 67.78   85.78   72.72   86.22
2012-02-24  19:48:51 67.78   85.55   72.72   86.11
2012-02-24  19:49:54 67.78   85.44   72.72   86.00
2012-02-24  19:50:58 67.78   85.44   72.72   86.00
2012-02-24  19:52:01 67.66   85.44   72.72   86.00
2012-02-24  19:53:04 67.66   85.78   72.61   85.78
2012-02-24  19:54:08 67.66   85.55   72.61   85.78
2012-02-24  19:55:11 67.78   85.44   72.61   85.78
2012-02-24  19:56:14 67.78   85.66   72.61   85.66
2012-02-24  19:57:18 67.66   85.55   72.61   85.55
2012-02-24  19:58:21 67.66   85.66   72.61   85.44
2012-02-24  19:59:24 67.66   85.66   72.61   85.44
2012-02-24  20:00:28 67.66   85.55   72.61   85.44
2012-02-24  20:01:31 67.66   85.21   72.61   85.44
2012-02-24  20:02:34 67.66   85.33   72.61   85.21
2012-02-24  20:03:38 67.66   85.55   72.61   85.21
2012-02-24  20:04:41 67.66   85.33   72.61   85.21
2012-02-24  20:05:44 67.66   85.33   72.61   85.10
2012-02-24  20:06:48 67.66   85.10   72.61   84.99
2012-02-24  20:07:51 67.66   85.10   72.61   84.99
2012-02-24  20:08:54 67.66   85.33   72.61   84.88
2012-02-24  20:09:58 67.66   85.10   72.61   84.76
2012-02-24  20:11:01 67.66   85.21   72.61   84.76
2012-02-24  20:12:04 67.66   85.10   72.61   84.65
2012-02-24  20:13:08 67.66   84.99   72.61   84.76
2012-02-24  20:14:11 67.66   84.76   72.61   84.54
2012-02-24  20:15:15 67.55   84.88   72.61   84.43
2012-02-24  20:16:18 67.55   84.99   72.61   84.31
2012-02-24  20:17:21 67.66   84.88   72.61   84.31
2012-02-24  20:18:25 67.55   85.10   72.61   84.31
2012-02-24  20:19:28 67.55   84.76   72.61   84.20
2012-02-24  20:20:31 67.55   84.76   72.61   84.20
2012-02-24  20:21:35 67.55   84.88   72.61   84.20
2012-02-24  20:22:38 67.55   84.65   72.61   84.20
2012-02-24  20:23:41 67.55   84.99   72.61   84.09
2012-02-24  20:24:45 67.55   84.76   72.61   83.97
2012-02-24  20:25:48 67.55   84.88   72.61   84.09
2012-02-24  20:26:51 67.55   84.76   72.61   83.97
2012-02-24  20:27:55 67.55   84.88   72.72   84.09
2012-02-24  20:28:58 67.55   84.76   72.72   83.97
2012-02-24  20:30:01 67.55   84.65   72.72   84.09
2012-02-24  20:31:05 67.66   84.65   72.72   83.97
2012-02-24  20:32:08 67.55   84.88   72.72   83.86
2012-02-24  20:33:11 67.55   84.88   72.72   83.97
2012-02-24  20:34:15 67.55   84.99   72.72   83.97
2012-02-24  20:35:18 67.55   84.76   72.72   83.86
2012-02-24  20:36:21 67.55   84.76   72.72   83.86
2012-02-24  20:37:25 67.55   84.76   72.72   83.75
2012-02-24  20:38:28 67.66   84.88   72.72   83.75
2012-02-24  20:39:31 67.55   84.76   72.72   83.75
2012-02-24  20:40:35 67.55   84.65   72.72   83.75
2012-02-24  20:41:38 67.55   84.76   72.72   83.64
2012-02-24  20:42:41 67.55   84.76   72.72   83.75
2012-02-24  20:43:45 67.55   84.76   72.72   83.64
2012-02-24  20:44:48 67.55   84.43   72.72   83.64
2012-02-24  20:45:51 67.55   84.54   72.72   83.53
2012-02-24  20:46:55 67.55   84.43   72.72   83.53
2012-02-24  20:47:58 67.55   84.43   72.72   83.41
2012-02-24  20:49:01 67.55   84.65   72.72   83.53
2012-02-24  20:50:05 67.55   84.65   72.72   83.53
2012-02-24  20:51:08 67.55   84.54   72.72   83.41
2012-02-24  20:52:11 67.55   84.31   72.72   83.41
2012-02-24  20:53:15 67.55   84.54   72.72   83.30
2012-02-24  20:54:18 67.55   84.76   72.72   83.30
2012-02-24  20:55:21 67.55   84.65   72.72   83.19
2012-02-24  20:56:25 67.55   84.54   72.72   83.30
2012-02-24  20:57:28 67.55   84.76   72.72   83.30
2012-02-24  20:58:31 67.55   84.76   72.72   83.41
2012-02-24  20:59:35 67.55   84.65   72.72   83.30
2012-02-24  21:00:38 67.55   84.54   72.72   83.19
2012-02-24  21:01:42 67.55   84.65   72.72   83.19
2012-02-24  21:02:45 67.55   84.43   72.72   83.08
2012-02-24  21:03:48 67.55   84.31   72.72   83.19
2012-02-24  21:04:52 67.55   84.54   72.72   83.19
2012-02-24  21:05:55 67.55   84.54   72.72   83.08
2012-02-24  21:06:58 67.55   84.43   72.72   83.08
2012-02-24  21:08:02 67.55   84.31   72.72   83.08
2012-02-24  21:09:05 67.55   84.54   72.72   83.19
2012-02-24  21:10:08 67.55   84.54   72.72   83.19
2012-02-24  21:11:12 67.55   84.31   72.72   83.19
2012-02-24  21:12:15 67.66   84.65   72.72   83.08
2012-02-24  21:13:18 67.55   84.43   72.72   83.19
2012-02-24  21:14:22 67.55   84.31   72.72   83.08
2012-02-24  21:15:25 67.55   84.31   72.72   83.08
2012-02-24  21:16:28 67.55   84.20   72.72   83.19
2012-02-24  21:17:32 67.55   84.31   72.72   83.08
2012-02-24  21:18:35 67.55   84.09   72.72   83.08
2012-02-24  21:19:38 67.55   84.31   72.72   82.96
2012-02-24  21:20:42 67.55   84.31   72.72   82.96
2012-02-24  21:21:45 67.55   84.31   72.72   83.08
2012-02-24  21:22:48 67.55   84.09   72.72   82.96
2012-02-24  21:23:52 67.55   84.20   72.72   83.08
2012-02-24  21:24:55 67.55   84.09   72.72   82.96
2012-02-24  21:25:58 67.55   84.20   72.72   82.96
2012-02-24  21:27:02 67.55   84.31   72.72   82.85
2012-02-24  21:28:05 67.55   84.20   72.72   82.96
2012-02-24  21:29:08 67.55   83.97   72.72   82.96
2012-02-24  21:30:12 67.55   84.31   72.72   82.85
2012-02-24  21:31:15 67.55   84.09   72.72   82.85
2012-02-24  21:32:18 67.55   84.20   72.72   82.85
2012-02-24  21:33:22 67.55   84.09   72.72   82.74
2012-02-24  21:34:25 67.55   84.20   72.72   82.85
2012-02-24  21:35:28 67.55   84.31   72.72   82.85
2012-02-24  21:36:32 67.55   84.09   72.72   82.96
2012-02-24  21:37:35 67.55   83.97   72.72   82.96
2012-02-24  21:38:38 67.55   84.09   72.61   82.85
2012-02-24  21:39:42 67.55   83.97   72.72   82.85
2012-02-24  21:40:45 67.55   83.97   72.61   82.74
2012-02-24  21:41:48 67.55   84.09   72.61   82.62
2012-02-24  21:42:52 67.55   84.09   72.61   82.51
2012-02-24  21:43:55 67.55   84.20   72.61   82.62
2012-02-24  21:44:58 67.44   84.20   72.61   82.74
2012-02-24  21:46:02 67.55   83.86   72.61   82.62
2012-02-24  21:47:05 67.55   84.09   72.61   82.51
2012-02-24  21:48:08 67.55   84.09   72.61   82.74
2012-02-24  21:49:12 67.55   83.86   72.61   95.56
2012-02-24  21:50:15 67.55   84.20   72.61   95.79
2012-02-24  21:51:19 67.55   83.86   72.61   94.66
2012-02-24  21:52:22 67.55   83.64   72.61   93.43
2012-02-24  21:53:25 67.55   83.75   72.61   92.41
2012-02-24  21:54:29 67.55   83.75   72.61   91.74
2012-02-24  21:55:32 67.55   84.09   72.61   91.06
2012-02-24  21:56:35 67.55   84.31   72.61   90.39
2012-02-24  21:57:39 67.55   83.97   72.50   95.68
2012-02-24  21:58:42 67.55   85.89   72.50   96.58
2012-02-24  21:59:45 69.91   119.41   72.50   95.68
2012-02-24  22:00:48 71.60   145.51   72.61   95.11
2012-02-24  22:01:51 72.39   141.69   72.61   94.78
2012-02-24  22:02:54 72.72   115.92   72.72   94.33
2012-02-24  22:03:57 72.05   113.23   72.72   93.99
2012-02-24  22:05:01 71.15   113.79   72.72   93.43
2012-02-24  22:06:04 70.47   111.20   72.72   92.86
2012-02-24  22:07:07 70.03   110.64   72.72   92.41
2012-02-24  22:08:11 69.69   110.30   72.72   91.96
2012-02-24  22:09:14 69.46   109.17   72.72   91.62
2012-02-24  22:10:17 69.24   107.04   72.72   91.29
2012-02-24  22:11:21 69.12   105.35   72.72   91.06
2012-02-24  22:12:24 68.90   103.55   72.72   90.61
2012-02-24  22:13:27 68.79   102.09   72.72   90.39
2012-02-24  22:14:31 68.79   100.51   72.72   90.05
2012-02-24  22:15:34 68.68   99.84   72.72   89.71
2012-02-24  22:16:38 68.68   98.71   72.72   89.60
2012-02-24  22:17:41 68.68   97.92   72.72   89.38
2012-02-24  22:18:44 68.56   96.12   72.72   89.15
2012-02-24  22:19:48 68.45   95.00   72.72   89.04
2012-02-24  22:20:51 68.45   94.55   72.72   88.81
2012-02-24  22:21:54 68.45   93.09   72.72   88.47
2012-02-24  22:22:58 68.45   92.75   72.72   88.36
2012-02-24  22:24:01 68.45   92.19   72.72   88.25
2012-02-24  22:25:04 68.45   91.29   72.72   88.03
2012-02-24  22:26:08 68.34   90.84   72.72   87.91
2012-02-24  22:27:11 68.34   90.28   72.72   98.38
2012-02-24  22:28:14 68.34   89.71   72.72   103.21
2012-02-24  22:29:18 68.34   90.05   72.72   103.33
2012-02-24  22:30:21 68.34   89.38   72.72   102.76
2012-02-24  22:31:24 68.22   89.15   72.61   102.09
2012-02-24  22:32:28 68.22   88.70   72.61   101.30
2012-02-24  22:33:31 68.22   88.36   72.61   105.12
2012-02-24  22:34:34 68.22   87.91   72.61   105.69
2012-02-24  22:35:38 68.22   87.58   72.61   105.24
2012-02-24  22:36:41 68.11   87.58   72.61   104.67
2012-02-24  22:37:44 68.11   87.12   72.61   105.46
2012-02-24  22:38:48 68.11   87.12   72.61   105.58
2012-02-24  22:39:51 68.11   86.90   72.50   105.46
2012-02-24  22:40:54 68.11   86.45   72.50   105.12
2012-02-24  22:41:58 68.00   86.68   72.50   104.79
2012-02-24  22:43:01 68.00   86.34   72.50   104.23
2012-02-24  22:44:04 68.00   86.45   72.50   103.55
2012-02-24  22:45:08 68.00   86.00   72.50   102.88
2012-02-24  22:46:11 68.00   85.66   72.50   102.20
2012-02-24  22:47:15 68.00   85.78   72.39   101.64
2012-02-24  22:48:18 68.00   85.66   72.39   100.96
2012-02-24  22:49:21 68.00   85.55   72.39   100.40
2012-02-24  22:50:25 67.89   85.21   72.39   99.73
2012-02-24  22:51:28 67.89   85.10   72.39   99.16
2012-02-24  22:52:31 67.78   85.10   72.39   98.60
2012-02-24  22:53:35 67.78   84.88   72.39   98.04
2012-02-24  22:54:38 67.66   85.10   72.28   97.59
2012-02-24  22:55:41 67.66   84.88   72.28   97.03
2012-02-24  22:56:45 67.66   84.76   72.28   96.58
2012-02-24  22:57:48 67.66   84.65   72.28   96.01
2012-02-24  22:58:51 67.55   84.65   72.28   95.56
2012-02-24  22:59:55 67.66   84.65   72.28   95.11
2012-02-24  23:00:58 67.55   84.43   72.28   94.78
2012-02-24  23:02:01 67.55   84.31   72.28   94.44
2012-02-24  23:03:05 67.55   84.54   72.16   94.10
2012-02-24  23:04:08 67.44   84.31   72.16   93.65
2012-02-24  23:05:11 67.44   84.09   72.16   93.31
2012-02-24  23:06:15 67.44   83.97   72.16   92.86
2012-02-24  23:07:18 67.44   83.97   72.16   92.53
2012-02-24  23:08:21 67.44   83.97   72.16   92.19
2012-02-24  23:09:25 67.44   83.75   72.05   91.85
2012-02-24  23:10:28 67.44   83.75   72.05   91.62
2012-02-24  23:11:31 67.44   83.75   72.05   91.18
2012-02-24  23:12:35 67.44   83.86   72.05   90.95
2012-02-24  23:13:38 67.44   83.86   72.05   90.72
2012-02-24  23:14:41 67.44   83.75   72.05   90.50
2012-02-24  23:15:45 67.44   83.86   72.05   90.16
2012-02-24  23:16:48 67.44   83.53   72.05   89.94
2012-02-24  23:17:51 67.44   83.41   71.94   89.71
2012-02-24  23:18:55 67.44   83.41   72.05   89.49
2012-02-24  23:19:58 67.44   83.75   71.94   89.38
2012-02-24  23:21:01 67.55   83.53   71.94   89.04
2012-02-24  23:22:05 67.55   83.41   71.94   88.93
2012-02-24  23:23:08 67.55   83.53   71.94   88.59
2012-02-24  23:24:12 67.55   83.86   71.94   88.36
2012-02-24  23:25:15 67.55   83.53   71.94   88.14
2012-02-24  23:26:18 67.55   83.41   71.94   87.91
2012-02-24  23:27:22 67.66   83.41   71.94   87.80
2012-02-24  23:28:25 67.66   83.53   71.83   87.58
2012-02-24  23:29:28 67.66   83.64   71.83   87.35
2012-02-24  23:30:32 67.66   83.53   71.83   87.24
2012-02-24  23:31:35 67.55   83.19   71.83   87.01
2012-02-24  23:32:38 67.55   83.08   71.83   86.90
2012-02-24  23:33:42 67.55   83.30   71.83   86.79
2012-02-24  23:34:45 67.66   83.41   71.83   86.68
2012-02-24  23:35:48 67.66   83.19   71.83   86.56
2012-02-24  23:36:52 67.55   83.08   71.83   86.34
2012-02-24  23:37:55 67.55   83.41   71.83   86.22
2012-02-24  23:38:58 67.55   82.96   71.71   86.00
2012-02-24  23:40:02 67.66   83.19   71.71   85.78
2012-02-24  23:41:05 67.66   82.96   71.71   85.78
2012-02-24  23:42:08 67.55   83.19   71.71   85.66
2012-02-24  23:43:12 67.66   83.08   71.71   85.44
2012-02-24  23:44:15 67.66   82.74   71.71   85.21
2012-02-24  23:45:18 67.66   82.74   71.71   85.10
2012-02-24  23:46:22 67.66   82.62   71.71   85.10
2012-02-24  23:47:25 67.66   82.85   71.71   84.99
2012-02-24  23:48:28 67.66   82.96   71.71   84.88
2012-02-24  23:49:32 67.66   82.85   71.60   84.76
2012-02-24  23:50:35 67.66   82.96   71.60   84.65
2012-02-24  23:51:38 67.55   82.85   71.60   84.54
2012-02-24  23:52:42 67.55   82.74   71.60   84.43
2012-02-24  23:53:45 67.55   82.85   71.60   84.20
2012-02-24  23:54:48 67.55   82.74   71.60   84.20
2012-02-24  23:55:52 67.55   82.85   71.60   84.20
2012-02-24  23:56:55 67.55   82.74   71.60   84.09
2012-02-24  23:57:58 67.55   82.51   71.49   84.09
2012-02-24  23:59:02 67.55   82.74   71.49   83.97
