 Date  Furn_In  Furn_Out  Bsmnt   Water_Htr
00:00:51 65.41   80.49   69.12   88.93
00:01:54 65.41   80.60   69.12   88.59
00:02:57 65.41   80.60   69.01   88.36
00:04:01 65.41   80.83   69.01   88.14
00:05:04 65.41   80.83   68.90   87.80
00:06:07 65.41   80.60   69.01   87.58
00:07:11 65.41   80.60   69.01   87.46
00:08:14 65.41   80.71   69.01   87.24
00:09:17 65.41   80.60   69.01   87.01
00:10:21 65.41   80.60   69.12   86.90
00:11:24 65.41   80.49   69.01   86.79
00:12:27 65.30   80.60   69.01   86.68
00:13:31 65.41   80.71   69.12   86.56
00:14:34 65.41   80.71   68.90   86.34
00:15:37 65.41   80.49   69.01   86.22
00:16:41 65.41   80.60   69.01   86.00
00:17:44 65.41   80.71   69.01   85.89
00:18:47 65.41   80.71   69.01   85.78
00:19:51 65.41   80.49   69.01   85.66
00:20:54 65.30   80.49   68.90   85.44
00:21:57 65.41   80.60   68.90   85.33
00:23:01 65.30   80.49   69.01   85.10
00:24:04 65.30   80.15   68.90   84.99
00:25:07 65.30   80.38   68.90   84.88
00:26:11 65.41   80.38   69.01   84.88
00:27:14 65.30   80.38   69.01   84.76
00:28:17 65.41   80.60   69.01   84.54
00:29:21 65.30   80.49   69.01   84.54
00:30:24 65.41   80.49   68.90   84.43
00:31:28 65.30   80.15   68.90   84.31
00:32:31 65.30   80.15   69.01   84.31
00:33:34 65.30   80.26   68.90   84.09
00:34:38 65.30   80.49   68.90   83.97
00:35:41 65.30   80.49   68.79   83.86
00:36:44 65.30   80.26   68.79   83.75
00:37:48 65.30   80.26   68.79   83.75
00:38:51 65.30   80.15   68.90   83.75
00:39:54 65.30   80.26   68.79   83.75
00:40:58 65.30   80.49   68.90   83.64
00:42:01 65.30   80.15   68.90   83.64
00:43:04 65.30   80.26   68.90   83.53
00:44:08 65.30   80.26   68.90   83.41
00:45:11 65.30   80.26   68.90   83.30
00:46:14 65.30   80.15   68.90   83.30
00:47:18 65.30   80.15   68.90   83.30
00:48:21 65.41   80.38   68.90   83.30
00:49:24 65.30   80.15   68.90   83.08
00:50:28 65.30   80.15   68.79   83.08
00:51:31 65.30   80.15   68.79   82.85
00:52:34 65.30   80.04   68.90   82.74
00:53:38 65.30   80.26   68.90   82.51
00:54:41 65.30   80.26   68.68   82.51
00:55:44 65.30   80.04   68.68   82.51
00:56:48 65.30   80.26   68.79   82.51
00:57:51 65.30   80.26   68.90   82.51
00:58:54 65.30   80.15   68.79   82.51
00:59:58 65.30   80.15   68.79   82.40
01:01:01 65.30   80.15   68.68   82.29
01:02:04 65.30   80.04   68.79   82.40
01:03:08 65.30   80.26   68.79   82.29
01:04:11 65.30   80.04   68.79   82.18
01:05:14 65.30   79.93   68.79   82.29
01:06:18 65.30   80.15   68.79   82.06
01:07:21 65.30   80.26   68.79   82.06
01:08:25 65.30   80.15   68.79   81.95
01:09:28 65.30   80.26   68.90   81.95
01:10:31 65.30   80.04   68.79   81.95
01:11:35 65.30   80.26   68.68   81.84
01:12:38 65.30   80.26   68.68   81.84
01:13:41 65.30   80.15   68.68   81.84
01:14:45 65.30   80.04   68.68   81.84
01:15:48 65.30   80.04   68.68   81.72
01:16:51 65.30   80.04   68.79   81.72
01:17:55 65.30   80.15   68.79   81.61
01:18:58 65.30   80.04   68.79   81.50
01:20:01 65.30   80.26   68.68   81.61
01:21:05 65.30   79.93   68.68   81.50
01:22:08 65.30   79.81   68.79   81.61
01:23:11 65.30   80.04   68.79   81.39
01:24:15 65.41   85.44   68.68   81.39
01:25:18 68.00   129.31   68.68   81.39
01:26:21 69.12   147.09   68.68   82.06
01:27:24 69.69   126.50   68.79   82.62
01:28:27 69.69   111.65   69.01   82.85
01:29:30 68.79   110.30   68.90   82.85
01:30:34 68.00   110.64   69.01   82.74
01:31:37 67.55   108.95   69.01   82.74
01:32:40 67.21   107.04   69.01   82.62
01:33:44 66.99   105.58   69.01   82.51
01:34:47 66.76   103.33   69.01   82.40
01:35:50 66.65   102.09   69.01   82.40
01:36:54 66.54   100.51   69.01   82.51
01:37:57 66.43   99.05   68.90   82.40
01:39:00 66.31   97.92   68.90   82.40
01:40:04 66.31   96.69   68.90   82.29
01:41:07 66.20   95.22   68.90   82.40
01:42:10 66.20   93.88   69.01   82.29
01:43:14 66.20   92.64   68.90   82.40
01:44:17 66.09   91.96   68.90   82.29
01:45:21 66.09   91.51   68.90   82.40
01:46:24 66.43   102.76   68.90   82.40
01:47:27 68.79   137.07   68.90   82.51
01:48:30 69.58   149.00   68.90   83.19
01:49:33 70.14   127.74   69.12   83.75
01:50:36 70.14   112.10   69.12   83.97
01:51:39 69.12   111.65   69.24   83.86
01:52:43 68.34   109.74   69.12   83.75
01:53:46 67.78   111.31   69.24   83.53
01:54:49 67.44   109.17   69.24   83.41
01:55:53 67.21   107.60   69.24   83.30
01:56:56 66.99   105.69   69.12   83.30
01:57:59 66.76   103.44   69.12   83.08
01:59:03 66.65   101.86   69.12   83.08
02:00:06 66.65   100.17   69.12   83.08
02:01:09 66.54   99.16   69.12   82.96
02:02:13 66.43   98.15   69.12   82.96
02:03:16 66.31   96.69   69.12   83.08
02:04:19 66.31   95.11   69.12   82.96
02:05:23 66.31   94.21   69.12   82.96
02:06:26 66.31   97.03   69.12   83.08
02:07:29 68.79   131.79   69.12   83.19
02:08:32 69.69   147.88   69.12   83.75
02:09:35 70.25   137.98   69.12   84.43
02:10:38 70.70   113.45   69.24   84.76
02:11:42 69.58   112.33   69.24   84.76
02:12:45 68.68   110.75   69.35   84.54
02:13:48 68.11   111.65   69.35   84.43
02:14:52 67.78   110.41   69.46   84.20
02:15:55 67.44   108.39   69.46   84.09
02:16:58 67.21   107.04   69.35   84.09
02:18:02 66.99   104.79   69.35   83.97
02:19:05 66.88   103.10   69.24   83.86
02:20:08 66.76   101.86   69.24   83.86
02:21:12 66.65   100.85   69.24   83.86
02:22:15 66.54   99.28   69.24   83.86
02:23:18 66.54   98.15   69.12   83.86
02:24:22 66.43   97.03   69.24   83.86
02:25:25 66.43   95.45   69.12   83.86
02:26:28 66.31   94.21   69.12   83.75
02:27:32 66.31   93.43   69.24   83.64
02:28:35 66.31   92.75   69.24   83.53
02:29:38 67.66   114.58   69.12   83.64
02:30:41 69.24   141.69   69.12   83.86
02:31:44 70.03   146.86   69.24   84.54
02:32:47 70.36   121.89   69.12   85.21
02:33:51 70.03   112.33   69.24   85.33
02:34:54 69.12   111.99   69.35   85.10
02:35:57 68.34   112.44   69.46   84.99
02:37:01 67.89   111.42   69.46   84.88
02:38:04 67.55   109.85   69.46   84.76
02:39:07 67.33   107.38   69.46   84.65
02:40:11 67.10   105.91   69.35   84.54
02:41:14 66.99   104.45   69.35   84.43
02:42:17 66.88   102.31   69.35   84.43
02:43:21 66.76   101.75   69.35   84.31
02:44:24 66.65   99.84   69.35   84.31
02:45:27 66.54   98.60   69.24   84.20
02:46:31 66.54   97.48   69.35   84.31
02:47:34 66.43   96.46   69.24   84.20
02:48:37 66.43   95.45   69.24   84.09
02:49:41 66.43   94.10   69.24   84.09
02:50:44 66.43   93.31   69.24   83.97
02:51:47 66.43   92.30   69.24   83.97
02:52:51 66.31   91.62   69.24   83.97
02:53:54 66.54   101.19   69.24   83.86
02:54:57 69.12   137.30   69.24   83.97
02:56:00 69.80   147.99   69.35   84.65
02:57:03 70.36   125.15   69.35   85.33
02:58:06 70.14   111.88   69.35   85.44
02:59:10 69.12   111.54   69.46   85.21
03:00:13 68.45   111.31   69.46   85.21
03:01:16 68.00   110.53   69.46   85.10
03:02:20 67.66   109.29   69.58   84.88
03:03:23 67.33   107.71   69.58   84.99
03:04:26 67.21   106.25   69.46   84.76
03:05:30 66.99   104.79   69.46   84.76
03:06:33 66.99   102.99   69.46   84.76
03:07:36 66.76   101.98   69.46   84.65
03:08:40 66.76   100.29   69.35   84.76
03:09:43 66.65   99.05   69.35   84.76
03:10:46 66.65   97.70   69.35   84.65
03:11:50 66.65   96.35   69.35   84.65
03:12:53 66.65   95.34   69.35   84.65
03:13:56 66.65   93.88   69.35   84.54
03:15:00 66.54   93.09   69.35   84.54
03:16:03 66.54   92.19   69.35   84.54
03:17:06 66.54   91.40   69.35   84.43
03:18:10 66.54   90.61   69.35   84.31
03:19:13 66.43   89.60   69.24   84.31
03:20:16 66.43   89.38   69.35   84.20
03:21:20 66.43   89.04   69.35   84.09
03:22:23 66.43   88.36   69.35   83.97
03:23:27 66.43   87.80   69.24   83.97
03:24:30 66.31   87.69   69.24   83.86
03:25:33 66.31   87.01   69.24   83.86
03:26:37 66.31   86.68   69.24   83.86
03:27:40 66.31   86.22   69.35   83.75
03:28:43 66.31   85.78   69.24   83.64
03:29:47 66.31   85.55   69.24   83.64
03:30:50 66.20   85.33   69.12   83.64
03:31:53 66.20   85.44   69.24   83.53
03:32:57 66.20   87.01   69.24   83.53
03:34:00 68.11   122.11   69.12   83.75
03:35:03 69.35   145.62   69.24   84.20
03:36:06 69.91   134.04   69.24   84.76
03:37:09 70.14   112.44   69.24   85.10
03:38:12 69.35   111.65   69.35   85.10
03:39:16 68.56   112.21   69.35   84.99
03:40:19 68.11   111.54   69.46   84.88
03:41:22 67.78   108.95   69.58   84.76
03:42:26 67.55   107.71   69.46   84.65
03:43:29 67.33   106.36   69.46   84.54
03:44:32 67.21   104.23   69.35   84.54
03:45:36 66.99   103.10   69.35   84.43
03:46:39 66.99   101.41   69.46   84.54
03:47:42 66.88   100.51   69.35   84.43
03:48:46 66.76   98.60   69.35   84.31
03:49:49 66.65   97.48   69.35   84.31
03:50:52 66.65   96.12   69.35   84.09
03:51:56 66.65   95.79   69.24   84.09
03:52:59 66.65   94.10   69.35   84.09
03:54:02 66.54   93.54   69.35   84.09
03:55:06 66.54   92.08   69.24   84.09
03:56:09 66.43   91.74   69.24   84.09
03:57:12 66.43   90.84   69.35   84.09
03:58:16 66.43   89.94   69.24   83.97
03:59:19 66.43   89.49   69.24   84.09
04:00:22 66.31   88.93   69.24   83.97
04:01:26 66.31   93.54   69.24   83.97
04:02:29 68.79   133.70   69.24   83.97
04:03:32 69.58   148.78   69.24   84.65
04:04:35 70.14   128.53   69.24   85.21
04:05:38 70.14   112.10   69.24   85.44
04:06:41 69.12   111.65   69.35   85.33
04:07:45 68.45   109.06   69.35   85.21
04:08:48 68.00   110.75   69.46   85.21
04:09:51 67.66   109.85   69.46   84.99
04:10:55 67.44   108.05   69.46   84.88
04:11:58 67.33   106.48   69.46   84.65
04:13:01 67.21   104.67   69.35   84.76
04:14:05 66.99   102.42   69.35   84.65
04:15:08 66.99   101.53   69.46   84.65
04:16:11 66.88   100.29   69.35   84.65
04:17:15 66.76   98.83   69.35   84.65
04:18:18 66.65   97.48   69.35   84.54
04:19:21 66.65   96.01   69.35   84.43
04:20:25 66.54   95.68   69.35   84.31
04:21:28 66.54   93.88   69.24   84.20
04:22:32 66.54   92.75   69.35   84.31
04:23:35 66.43   92.08   69.35   84.31
04:24:38 66.43   91.96   69.35   84.20
04:25:42 66.43   90.72   69.35   84.20
04:26:45 66.31   90.28   69.35   84.09
04:27:48 66.31   89.60   69.35   84.09
04:28:52 66.31   88.59   69.35   84.09
04:29:55 66.31   90.05   69.35   83.97
04:30:58 68.34   123.69   69.24   83.97
04:32:01 69.46   145.51   69.24   84.31
04:33:04 69.91   131.90   69.35   84.99
04:34:07 70.25   111.88   69.35   85.21
04:35:11 69.35   111.20   69.35   85.33
04:36:14 68.68   109.74   69.35   85.21
04:37:17 68.11   109.62   69.58   85.10
04:38:21 67.78   109.62   69.58   84.99
04:39:24 67.55   108.28   69.58   84.99
04:40:27 67.33   106.92   69.46   84.99
04:41:31 67.10   105.01   69.46   84.99
04:42:34 66.99   102.88   69.35   84.99
04:43:37 66.88   101.75   69.46   84.88
04:44:41 66.76   100.06   69.35   84.88
04:45:44 66.65   98.60   69.35   84.76
04:46:47 66.65   97.70   69.35   84.76
04:47:51 66.54   96.35   69.35   84.65
04:48:54 66.54   95.34   69.35   84.54
04:49:57 66.54   94.55   69.24   84.54
04:51:01 66.54   93.76   69.24   84.54
04:52:04 66.54   92.86   69.24   84.43
04:53:07 66.43   91.74   69.35   84.31
04:54:11 66.43   90.72   69.24   84.31
04:55:14 66.43   90.05   69.24   84.31
04:56:17 66.31   89.04   69.24   84.31
04:57:21 66.31   88.81   69.12   84.20
04:58:24 66.31   88.93   69.24   84.20
04:59:27 66.54   99.73   69.24   84.31
05:00:31 68.90   137.98   69.24   84.43
05:01:33 69.69   151.59   69.24   84.99
05:02:36 70.14   156.09   69.35   85.78
05:03:39 70.59   144.05   69.46   86.34
05:04:42 70.93   151.70   69.58   86.79
05:05:45 71.26   159.24   69.69   87.35
05:06:48 71.60   146.41   69.69   87.80
05:07:51 71.83   150.01   69.91   87.91
05:08:54 72.05   158.45   70.14   88.36
05:09:57 72.16   151.59   70.14   88.59
05:10:59 72.39   148.10   70.25   88.93
05:12:02 72.61   156.54   70.25   101.41
05:13:05 72.72   158.79   70.25   110.75
05:14:08 72.84   146.53   70.36   112.66
05:15:11 72.84   134.94   70.59   113.23
05:16:14 72.72   120.20   70.47   113.56
05:17:17 71.26   121.21   70.25   113.23
05:18:21 70.14   122.34   70.25   112.78
05:19:24 70.81   126.28   70.25   111.99
05:20:27 71.83   138.99   70.47   113.45
05:21:30 72.16   150.69   70.59   114.35
05:22:33 72.39   158.56   70.70   114.91
05:23:36 72.72   150.69   70.70   115.70
05:24:39 72.95   148.10   70.70   116.15
05:25:41 73.18   151.25   70.70   115.92
05:26:44 73.18   126.61   70.93   115.48
05:27:48 72.39   121.44   70.93   114.69
05:28:51 71.04   121.44   70.70   113.56
05:29:54 70.81   124.59   70.59   112.66
05:30:57 72.16   137.53   70.70   111.99
05:32:00 72.61   150.01   70.93   111.76
05:33:03 72.84   158.56   71.15   111.65
05:34:06 73.06   150.80   71.04   111.31
05:35:09 73.29   142.36   71.04   111.09
05:36:12 73.40   120.76   71.26   110.64
05:37:15 72.16   120.99   71.04   109.96
05:38:18 70.93   121.21   70.93   108.95
05:39:22 70.14   118.17   70.70   112.21
05:40:25 70.81   124.03   70.81   112.55
05:41:28 72.39   137.41   71.15   112.10
05:42:31 72.84   150.35   71.15   111.76
05:43:34 73.18   158.90   71.15   111.54
05:44:37 73.29   146.75   71.38   111.42
05:45:40 73.51   118.96   71.49   110.98
05:46:43 72.72   114.69   71.38   110.19
05:47:46 71.38   116.04   71.15   109.40
05:48:50 70.36   114.69   71.04   108.61
05:49:53 69.80   113.11   70.93   107.94
05:50:56 69.35   114.91   71.04   107.38
05:52:00 70.70   125.15   71.04   113.45
05:53:03 72.28   142.03   71.15   118.96
05:54:06 72.72   153.61   71.26   119.41
05:55:08 73.06   148.21   71.38   119.30
05:56:11 73.29   121.33   71.38   118.62
05:57:15 72.28   119.98   71.49   117.61
05:58:18 71.04   120.09   71.26   116.26
05:59:21 70.25   117.95   71.26   115.25
06:00:25 69.69   117.84   71.15   114.12
06:01:28 69.12   118.17   71.15   113.11
06:02:31 68.79   116.71   71.04   112.21
06:03:35 68.56   114.91   71.04   114.80
06:04:38 68.34   112.55   71.04   116.94
06:05:42 68.11   111.42   71.15   116.60
06:06:45 68.00   108.84   71.04   115.81
06:07:48 67.89   107.38   71.04   115.14
06:08:52 67.78   106.03   71.04   114.24
06:09:55 67.66   104.45   70.93   113.23
06:10:58 67.66   103.55   70.93   112.44
06:12:02 69.80   122.34   71.04   111.65
06:13:04 71.49   143.82   71.15   111.20
06:14:07 72.16   144.73   71.26   110.75
06:15:10 72.61   120.20   71.49   110.41
06:16:14 71.60   118.17   71.38   109.85
06:17:17 70.36   117.39   71.15   108.95
06:18:20 69.69   119.19   71.15   108.16
06:19:24 69.24   117.39   71.15   107.49
06:20:27 68.79   115.48   71.26   106.81
06:21:30 68.56   113.56   71.15   106.14
06:22:34 68.34   112.44   71.15   105.58
06:23:37 68.11   110.53   71.04   105.12
06:24:40 68.00   108.61   71.04   104.56
06:25:44 67.89   107.26   71.04   104.11
06:26:47 67.78   105.35   71.04   103.55
06:27:51 67.66   103.89   71.04   103.10
06:28:54 67.55   102.09   71.15   102.65
06:29:57 67.55   101.30   71.04   102.20
06:31:01 67.44   99.84   71.15   101.75
06:32:04 67.44   98.83   71.04   101.41
06:33:07 67.33   98.26   71.04   100.96
06:34:11 67.33   97.48   71.04   100.62
06:35:14 67.33   96.46   71.04   100.17
06:36:17 67.33   95.45   71.04   99.73
06:37:21 67.21   94.78   70.93   99.39
06:38:24 67.21   94.44   71.15   99.05
06:39:27 67.10   93.65   71.26   98.71
06:40:31 67.10   93.09   71.26   98.38
06:41:34 67.10   92.30   71.26   97.92
06:42:37 67.10   91.85   71.38   97.70
06:43:41 66.99   91.62   71.26   97.36
06:44:44 66.99   91.40   71.15   97.03
06:45:47 66.99   90.72   71.26   96.80
06:46:51 66.99   90.39   71.15   96.46
06:47:54 66.99   90.28   71.15   96.24
06:48:57 66.99   89.83   71.15   95.90
06:50:01 66.99   89.60   71.04   95.68
06:51:04 66.88   89.60   71.04   97.81
06:52:07 66.88   89.26   70.93   113.45
06:53:11 66.88   88.81   70.81   114.46
06:54:14 66.88   88.70   70.93   114.46
06:55:17 66.88   88.70   70.81   114.69
06:56:21 66.88   88.47   70.47   114.80
06:57:24 66.99   88.25   70.36   114.69
06:58:27 66.99   88.14   70.36   114.35
06:59:31 66.88   87.91   70.14   114.12
07:00:34 66.99   88.14   70.25   113.67
07:01:38 66.88   87.91   70.25   113.23
07:02:41 66.88   87.80   70.25   112.78
07:03:44 66.88   87.80   70.14   112.21
07:04:48 66.88   88.03   70.14   111.42
07:05:51 66.88   87.69   70.14   110.86
07:06:54 66.88   87.46   70.14   112.10
07:07:58 66.88   87.24   70.14   112.55
07:09:01 66.88   87.12   70.03   112.33
07:10:04 66.88   87.01   70.03   113.56
07:11:08 66.88   86.90   70.03   113.45
07:12:11 66.88   86.79   70.03   113.90
07:13:14 66.76   86.56   70.03   114.12
07:14:18 66.76   86.56   70.03   113.67
07:15:21 66.88   86.68   70.03   112.89
07:16:24 66.76   86.45   70.03   112.44
07:17:28 66.88   86.34   70.03   111.88
07:18:31 66.88   86.22   69.91   111.31
07:19:34 66.88   86.34   69.91   110.75
07:20:38 66.88   86.34   69.91   110.08
07:21:41 66.88   86.22   69.91   109.40
07:22:44 66.76   86.22   69.91   108.84
07:23:48 66.88   86.11   69.91   108.28
07:24:51 66.76   86.11   69.91   107.60
07:25:54 66.76   86.34   69.91   107.15
07:26:58 66.76   86.00   69.80   106.70
07:28:01 66.76   86.11   69.80   106.14
07:29:04 66.76   85.78   69.80   117.50
07:30:08 66.76   85.89   69.80   117.39
07:31:11 66.76   85.89   69.80   116.04
07:32:15 66.76   85.66   69.91   114.46
07:33:18 66.76   85.89   70.14   117.95
07:34:21 66.76   85.78   70.14   117.61
07:35:25 66.76   85.55   70.25   116.49
07:36:28 66.76   85.55   70.25   115.25
07:37:31 66.76   85.33   70.25   114.35
07:38:35 66.76   85.33   70.36   113.00
07:39:38 66.76   85.55   70.25   111.88
07:40:41 66.76   85.33   70.25   110.98
07:41:45 66.76   85.10   70.25   109.96
07:42:48 66.76   85.10   70.25   109.17
07:43:51 66.76   85.10   70.25   108.39
07:44:55 66.76   84.99   70.25   107.83
07:45:58 66.76   85.10   70.25   107.04
07:47:01 66.65   84.88   70.25   106.25
07:48:05 66.54   84.88   70.25   105.58
07:49:08 66.54   84.99   70.14   105.12
07:50:11 66.54   84.76   70.14   104.56
07:51:15 66.54   84.88   70.14   104.00
07:52:18 66.54   84.65   70.14   103.44
07:53:21 66.54   84.76   70.14   102.99
07:54:25 66.54   84.76   70.14   102.42
07:55:28 66.54   84.43   70.14   101.86
07:56:31 66.43   84.43   70.03   101.30
07:57:35 66.43   84.76   70.14   100.85
07:58:38 66.43   84.43   70.14   100.40
07:59:41 66.43   84.43   70.14   99.95
08:00:45 66.43   84.20   70.14   99.50
08:01:48 66.43   84.20   70.14   99.05
08:02:52 66.43   84.31   70.14   98.60
08:03:55 66.31   84.20   70.14   98.38
08:04:58 66.31   84.31   70.14   98.04
08:06:02 66.31   84.20   70.03   97.70
08:07:05 66.31   83.97   70.03   97.25
08:08:08 66.31   84.09   70.03   96.91
08:09:12 66.31   84.09   70.03   96.58
08:10:15 66.31   83.97   70.03   96.24
08:11:18 66.31   83.97   69.91   96.01
08:12:22 66.31   83.97   70.03   95.68
08:13:25 66.20   83.86   69.91   95.45
08:14:28 66.20   83.75   69.91   95.00
08:15:32 66.20   83.64   70.03   94.66
08:16:35 66.20   83.64   70.03   94.44
08:17:38 66.20   83.75   69.91   94.10
08:18:42 66.20   83.86   69.91   93.76
08:19:45 66.20   83.75   69.91   93.54
08:20:48 66.20   83.86   69.91   93.20
08:21:52 66.20   83.64   69.91   92.97
08:22:55 66.20   83.86   69.80   92.86
08:23:58 66.09   83.41   69.91   92.53
08:25:02 66.09   83.64   69.91   92.41
08:26:05 66.20   83.64   69.91   92.30
08:27:08 66.20   83.41   69.80   91.96
08:28:12 66.09   83.30   69.91   91.74
08:29:15 66.09   83.19   69.80   91.51
08:30:18 66.09   83.41   69.80   91.40
08:31:22 66.09   83.19   69.80   91.18
08:32:25 66.09   83.53   69.91   90.84
08:33:28 66.09   83.30   69.69   90.72
08:34:32 66.09   83.41   69.80   90.50
08:35:35 66.09   83.19   69.69   90.39
08:36:38 66.09   83.75   69.69   90.16
08:37:42 67.33   105.69   69.80   90.16
08:38:45 69.69   142.36   69.69   90.16
08:39:48 70.47   143.49   69.69   90.50
08:40:51 70.93   117.28   69.91   90.95
08:41:54 70.25   111.54   69.80   90.95
08:42:57 69.35   109.85   69.91   90.84
08:44:01 68.68   108.05   69.91   90.61
08:45:04 68.11   106.59   70.03   90.50
08:46:07 67.89   105.24   69.91   90.28
08:47:11 67.55   103.78   69.80   90.05
08:48:14 67.33   103.78   69.80   89.83
08:49:18 67.21   102.99   69.80   89.71
08:50:21 67.10   101.86   69.80   89.60
08:51:24 66.99   100.74   69.80   89.60
08:52:28 66.99   99.05   69.80   89.38
08:53:31 66.88   98.15   69.80   89.26
08:54:34 66.76   96.91   69.80   89.15
08:55:38 66.76   95.22   69.69   89.04
08:56:41 66.65   98.15   69.80   89.04
08:57:44 69.35   131.68   69.69   88.93
08:58:47 70.47   149.00   69.58   89.38
08:59:50 71.04   142.36   69.80   89.94
09:00:53 71.49   115.70   69.91   90.16
09:01:56 70.59   112.55   69.91   90.16
09:03:00 69.58   111.88   69.91   89.83
09:04:03 68.79   111.76   70.03   89.71
09:05:06 68.34   111.20   70.03   89.60
09:06:10 68.00   109.96   70.03   89.38
09:07:13 67.78   107.94   69.91   89.26
09:08:16 67.55   106.48   69.91   89.04
09:09:20 67.33   104.90   69.91   88.81
09:10:23 67.21   103.44   69.80   88.81
09:11:26 67.21   101.98   69.80   88.70
09:12:30 66.99   100.06   69.80   88.59
09:13:33 66.99   98.83   69.80   88.47
09:14:36 66.99   97.92   69.80   88.59
09:15:40 66.88   96.80   69.80   88.36
09:16:43 66.76   96.12   69.80   88.36
09:17:46 66.76   95.00   69.69   88.25
09:18:50 66.76   93.88   69.69   88.14
09:19:53 66.65   93.43   69.80   87.91
09:20:56 66.65   92.30   69.80   87.91
09:22:00 66.65   91.40   69.69   87.80
09:23:03 66.65   91.29   69.80   87.58
09:24:07 66.54   90.50   69.80   87.58
09:25:10 66.54   89.94   69.80   87.46
09:26:13 66.54   89.49   69.80   87.58
09:27:17 66.54   89.26   69.80   87.46
09:28:20 66.54   88.81   69.80   87.35
09:29:23 66.43   88.14   69.69   87.24
09:30:27 66.43   87.80   69.69   87.12
09:31:30 66.43   87.91   69.69   87.12
09:32:33 66.43   87.12   69.69   87.12
09:33:37 66.43   87.01   69.69   87.01
09:34:40 66.43   87.01   69.69   86.90
09:35:43 66.43   86.68   69.80   86.68
09:36:47 66.43   86.68   69.69   86.68
09:37:50 66.43   86.22   69.69   86.56
09:38:53 66.43   86.22   69.69   86.56
09:39:57 66.31   85.78   69.58   86.45
09:41:00 66.31   85.78   69.69   86.34
09:42:03 66.31   85.33   69.58   86.34
09:43:07 66.31   85.33   69.58   86.22
09:44:10 66.31   85.21   69.58   86.11
09:45:13 66.31   85.10   69.58   86.00
09:46:17 66.31   84.99   69.58   86.00
09:47:20 66.31   84.76   69.58   85.89
09:48:23 66.31   84.65   69.58   85.78
09:49:27 66.31   84.31   69.58   85.89
09:50:30 66.31   84.43   69.58   85.78
09:51:33 66.31   84.31   69.58   85.78
09:52:37 66.31   84.43   69.58   85.66
09:53:40 66.31   84.09   69.58   85.55
09:54:43 66.20   84.09   69.58   85.44
09:55:47 66.20   84.20   69.46   85.33
09:56:50 66.20   83.75   69.58   85.33
09:57:54 66.20   83.64   69.58   85.33
09:58:57 66.20   83.75   69.58   85.33
10:00:00 66.20   83.64   69.46   85.21
10:01:04 66.31   83.64   69.35   85.21
10:02:07 66.20   83.64   69.46   85.21
10:03:10 66.20   83.75   69.46   85.10
10:04:14 66.20   83.75   69.46   84.99
10:05:17 66.20   83.30   69.46   84.88
10:06:20 66.20   83.53   69.58   84.88
10:07:24 66.20   83.19   69.46   84.76
10:08:27 66.20   83.19   69.46   84.76
10:09:30 66.09   83.30   69.35   84.88
10:10:34 66.20   83.19   69.46   84.76
10:11:37 66.09   82.96   69.35   84.65
10:12:40 66.20   82.96   69.35   84.65
10:13:44 66.20   83.19   69.35   84.43
10:14:47 66.20   83.19   69.35   84.43
10:15:50 66.20   82.96   69.35   84.54
10:16:54 66.20   82.85   69.35   84.54
10:17:57 66.20   83.08   69.24   84.43
10:19:00 66.09   83.19   69.35   84.43
10:20:04 66.20   83.19   69.35   84.31
10:21:07 66.09   82.96   69.35   84.20
10:22:10 66.09   82.96   69.46   84.20
10:23:14 66.09   82.96   69.35   84.09
10:24:17 66.09   82.74   69.35   84.09
10:25:20 66.09   82.85   69.35   83.97
10:26:24 66.20   82.74   69.35   84.09
10:27:27 66.09   82.62   69.24   83.97
10:28:30 66.09   82.40   69.12   83.97
10:29:34 66.09   82.51   69.24   83.86
10:30:37 66.09   82.62   69.24   83.86
10:31:40 66.09   82.51   69.24   83.86
10:32:44 66.09   82.74   69.24   83.86
10:33:47 66.09   82.51   69.24   83.75
10:34:51 66.09   82.40   69.12   83.75
10:35:54 65.97   82.51   69.12   83.86
10:36:57 66.09   82.51   69.12   83.75
10:38:01 66.09   82.40   69.24   83.75
10:39:04 66.09   82.51   69.24   83.75
10:40:07 66.09   82.29   69.12   83.64
10:41:11 65.97   82.40   69.12   83.64
10:42:14 66.09   82.74   69.12   83.75
10:43:17 66.09   82.06   69.12   83.64
10:44:21 66.09   82.18   69.24   83.64
10:45:24 66.09   82.29   69.12   83.41
10:46:27 65.97   82.40   69.12   83.41
10:47:31 66.09   82.06   69.12   83.41
10:48:34 66.09   82.18   69.12   83.41
10:49:37 66.09   82.18   69.12   83.30
10:50:41 65.97   82.06   69.12   83.30
10:51:44 65.97   82.06   69.12   83.19
10:52:47 65.97   82.18   69.12   83.30
10:53:51 65.97   82.18   69.12   83.19
10:54:54 66.09   82.29   69.01   83.19
10:55:57 65.97   82.18   68.90   83.19
10:57:01 65.97   82.18   69.01   83.19
10:58:04 65.97   81.95   69.01   82.96
10:59:07 65.97   81.84   69.01   82.96
11:00:11 65.97   81.72   68.90   82.96
11:01:14 65.97   81.61   69.01   82.96
11:02:17 65.97   81.72   69.01   82.85
11:03:21 65.97   81.84   69.01   82.85
11:04:24 65.97   81.84   69.01   82.85
11:05:27 65.97   81.84   68.90   82.85
11:06:31 65.86   81.72   69.01   82.74
11:07:34 65.86   81.72   69.01   82.74
11:08:37 65.97   81.84   68.90   82.85
11:09:41 65.86   81.61   68.90   82.85
11:10:44 65.97   81.72   68.90   82.85
11:11:48 65.97   81.61   68.90   82.85
11:12:51 65.86   81.72   68.90   82.74
11:13:54 65.86   81.84   68.90   82.74
11:14:58 65.97   81.84   68.90   82.62
11:16:01 65.86   81.61   68.90   82.51
11:17:04 65.86   81.50   68.79   82.40
11:18:08 65.86   81.72   68.79   82.40
11:19:11 65.86   81.84   68.79   82.51
11:20:14 65.97   81.61   68.79   82.62
11:21:18 65.86   81.39   68.79   82.51
11:22:21 65.86   81.50   68.90   82.51
11:23:24 65.86   81.61   68.79   82.40
11:24:28 65.86   81.72   68.79   82.51
11:25:31 65.86   81.61   68.79   82.40
11:26:34 65.86   81.72   68.79   82.29
11:27:38 65.86   81.84   68.79   82.29
11:28:41 65.86   81.72   68.79   82.29
11:29:44 65.86   81.61   68.90   82.29
11:30:48 65.86   81.39   68.79   82.18
11:31:51 65.86   81.28   68.68   82.18
11:32:54 65.86   81.39   68.79   82.18
11:33:58 65.86   81.61   68.79   82.29
11:35:01 65.86   81.39   68.79   82.29
11:36:04 65.86   81.39   68.79   82.29
11:37:08 65.86   81.72   68.79   82.29
11:38:11 65.86   81.28   68.79   82.18
11:39:14 65.86   81.28   68.79   82.29
11:40:18 65.75   81.39   68.56   82.18
11:41:21 65.86   81.39   68.68   82.06
11:42:24 65.86   81.61   68.68   81.95
11:43:28 65.86   81.16   68.68   82.06
11:44:31 65.75   81.39   68.68   81.95
11:45:35 65.86   81.50   68.68   81.95
11:46:38 65.86   81.05   68.68   81.84
11:47:41 65.75   81.16   68.68   81.84
11:48:45 65.86   81.16   68.68   81.95
11:49:48 65.86   81.28   68.68   81.84
11:50:51 65.75   81.28   68.68   81.84
11:51:55 65.75   81.28   68.56   81.84
11:52:58 65.75   81.16   68.56   81.72
11:54:01 65.75   81.39   68.56   81.72
11:55:05 65.75   81.16   68.56   81.61
11:56:08 65.75   81.05   68.68   81.61
11:57:11 65.75   81.16   68.56   81.72
11:58:15 65.75   81.05   68.56   81.84
11:59:18 65.75   81.05   68.56   81.84
12:00:21 65.75   81.16   68.56   81.72
12:01:25 65.75   80.94   68.56   81.72
12:02:28 65.75   80.94   68.45   81.72
12:03:31 65.75   81.05   68.56   81.84
12:04:35 65.75   80.94   68.56   81.72
12:05:38 65.75   80.94   68.68   81.61
12:06:41 65.75   80.83   68.56   81.72
12:07:45 65.75   81.05   68.56   81.61
12:08:48 65.75   80.71   68.56   81.72
12:09:51 65.64   80.83   68.56   81.61
12:10:55 65.75   80.60   68.56   81.61
12:11:58 65.75   80.71   68.45   81.50
12:13:01 65.75   81.05   68.45   81.39
12:14:05 65.75   81.39   68.45   81.28
12:15:08 65.75   81.05   68.45   81.28
12:16:11 65.75   80.94   68.45   81.28
12:17:15 65.75   81.05   68.45   81.28
12:18:18 65.75   80.83   68.45   81.39
12:19:21 65.75   80.94   68.45   81.39
12:20:25 65.75   80.94   68.45   81.39
12:21:28 65.64   80.83   68.45   81.39
12:22:31 65.64   81.05   68.45   81.28
12:23:35 65.64   80.71   68.45   81.28
12:24:38 65.64   80.71   68.45   81.28
12:25:41 65.64   80.83   68.45   81.28
12:26:45 65.64   80.60   68.34   81.39
12:27:48 65.64   80.60   68.34   81.39
12:28:52 65.64   80.94   68.34   81.16
12:29:55 65.64   80.94   68.34   81.16
12:30:58 65.64   80.71   68.34   81.16
12:32:02 65.64   80.71   68.34   81.28
12:33:05 65.64   80.49   68.34   81.28
12:34:08 65.64   80.49   68.34   81.05
12:35:12 65.64   80.71   68.22   81.16
12:36:15 65.64   80.71   68.22   81.05
12:37:18 65.64   80.49   68.22   81.05
12:38:22 65.64   80.60   68.22   80.94
12:39:25 65.64   80.60   68.22   81.05
12:40:28 65.64   80.49   68.22   80.83
12:41:32 65.64   80.71   68.22   80.83
12:42:35 65.64   80.71   68.34   80.71
12:43:38 65.64   80.49   68.22   80.83
12:44:42 65.64   80.49   68.22   80.94
12:45:45 65.64   80.49   68.22   80.94
12:46:48 65.64   80.60   68.22   80.83
12:47:52 65.64   80.38   68.22   80.94
12:48:55 65.53   80.38   68.22   80.94
12:49:58 65.53   80.38   68.22   80.94
12:51:02 65.64   80.83   68.22   80.94
12:52:05 65.64   80.49   68.22   80.94
12:53:08 65.64   80.49   68.22   80.83
12:54:12 65.64   80.26   68.11   80.71
12:55:15 65.64   80.26   68.22   80.71
12:56:18 65.64   80.26   68.22   80.83
12:57:22 65.53   80.15   68.22   80.83
12:58:25 65.53   80.49   68.11   80.71
12:59:29 65.53   80.38   68.11   80.71
13:00:32 65.53   80.38   68.22   80.71
13:01:35 65.53   80.49   68.22   80.71
13:02:39 65.53   80.49   68.22   80.60
13:03:42 65.64   80.38   68.22   80.60
13:04:45 65.64   80.38   68.11   80.49
13:05:49 65.53   80.38   68.11   80.49
13:06:52 65.53   80.38   68.11   80.60
13:07:55 65.53   80.26   68.11   80.60
13:08:59 65.53   80.04   68.11   80.49
13:10:02 65.53   80.04   68.11   80.49
13:11:05 65.53   80.49   68.11   80.38
13:12:09 65.53   80.26   68.11   80.38
13:13:12 65.53   80.49   68.11   80.49
13:14:15 65.53   80.15   68.11   80.60
13:15:19 65.53   80.15   68.11   80.60
13:16:22 65.53   80.15   68.11   80.49
13:17:25 65.53   80.38   68.00   80.38
13:18:29 65.53   80.15   68.00   80.49
13:19:32 65.53   80.26   68.00   80.38
13:20:35 65.53   80.26   68.00   80.26
13:21:39 65.53   80.26   68.11   80.38
13:22:42 65.53   80.04   68.00   80.38
13:23:45 65.53   80.04   68.00   80.38
13:24:49 65.53   80.26   68.00   80.38
13:25:52 65.53   79.81   68.00   80.49
13:26:55 65.53   79.81   67.89   80.38
13:27:59 65.53   79.70   68.00   80.49
13:29:02 65.41   79.93   68.00   80.38
13:30:05 65.41   80.26   68.00   80.49
13:31:09 65.53   79.93   67.89   80.49
13:32:12 65.53   79.81   68.00   80.38
13:33:16 65.53   80.04   68.00   80.38
13:34:19 65.41   80.26   67.89   80.49
13:35:22 65.41   79.93   67.89   80.38
13:36:26 65.41   80.04   68.00   80.38
13:37:29 65.41   80.15   67.89   80.38
13:38:32 65.41   79.93   68.00   80.26
13:39:36 65.41   80.04   67.89   80.26
13:40:39 65.53   80.26   67.89   80.26
13:41:42 65.41   79.93   67.89   80.49
13:42:46 65.41   80.04   67.89   80.49
13:43:49 65.53   80.26   68.00   80.49
13:44:52 65.41   79.70   67.89   80.49
13:45:56 65.41   79.93   67.89   80.49
13:46:59 65.41   79.81   67.89   80.26
13:48:02 65.41   79.93   67.89   80.38
13:49:06 65.41   79.93   67.89   80.26
13:50:09 65.41   79.81   67.89   80.15
13:51:12 65.41   79.70   67.78   80.15
13:52:16 65.41   80.15   67.89   80.04
13:53:19 65.41   79.93   67.89   80.15
13:54:22 65.41   80.04   67.89   80.15
13:55:26 65.41   79.93   67.89   80.26
13:56:29 65.41   80.15   67.78   80.26
13:57:32 65.41   80.15   67.89   80.15
13:58:36 65.41   79.93   67.78   80.04
13:59:39 65.41   79.81   67.78   80.04
14:00:42 65.41   79.59   67.78   79.93
14:01:46 65.41   80.04   67.89   79.81
14:02:49 65.41   79.93   67.89   80.04
14:03:52 65.41   79.59   67.78   80.04
14:04:56 65.41   79.59   67.89   79.93
14:05:59 65.41   79.93   67.78   79.93
14:07:02 65.41   79.81   67.78   79.81
14:08:06 65.41   79.81   67.78   79.81
14:09:09 65.41   79.93   67.78   79.81
14:10:13 65.41   79.93   67.78   79.81
14:11:16 65.41   80.04   67.78   79.59
14:12:19 65.41   80.15   67.78   79.59
14:13:23 65.41   80.04   67.78   79.70
14:14:26 65.41   79.93   67.78   79.81
14:15:29 65.41   79.93   67.78   79.81
14:16:33 65.41   79.70   67.78   79.93
14:17:36 65.41   79.93   67.78   80.04
14:18:39 65.41   79.70   67.66   79.93
14:19:43 65.41   79.70   67.78   79.93
14:20:46 65.41   79.70   67.78   79.93
14:21:49 65.41   79.70   67.78   79.81
14:22:53 65.41   79.81   67.66   79.70
14:23:56 65.41   79.81   67.66   79.59
14:24:59 65.41   79.81   67.78   79.59
14:26:03 65.41   79.59   67.66   79.70
14:27:06 65.41   79.59   67.66   79.59
14:28:09 65.41   79.70   67.66   79.59
14:29:13 65.41   79.81   67.66   79.59
14:30:16 65.41   79.81   67.66   79.47
14:31:19 65.41   79.81   67.66   79.47
14:32:23 65.41   79.81   67.66   79.59
14:33:26 65.41   79.81   67.66   79.59
14:34:29 65.41   88.36   67.66   79.81
14:35:33 67.44   135.05   67.44   80.04
14:36:35 68.11   149.68   67.55   80.83
14:37:38 68.56   154.51   67.55   81.61
14:38:41 69.01   142.70   67.66   82.29
14:39:44 69.46   150.01   67.66   82.74
14:40:47 69.80   157.66   67.78   83.30
14:41:50 70.14   145.96   67.78   83.64
14:42:53 70.47   148.10   67.89   84.09
14:43:56 70.70   156.54   68.00   84.54
14:44:59 70.93   154.40   68.22   84.88
14:46:01 71.04   146.19   68.34   85.21
14:47:04 71.26   154.18   68.34   85.55
14:48:07 71.38   159.91   68.34   85.89
14:49:10 71.60   145.96   68.45   86.22
14:50:13 71.71   151.93   68.45   86.34
14:51:16 71.83   159.46   68.79   86.68
14:52:19 72.05   148.10   68.68   87.01
14:53:22 72.05   149.45   68.79   87.24
14:54:25 72.16   157.66   68.90   87.58
14:55:28 72.28   153.61   68.79   87.80
14:56:30 72.39   125.15   68.90   87.91
14:57:34 71.71   116.26   69.01   87.58
14:58:37 70.36   117.39   69.01   87.12
14:59:40 70.70   128.75   69.01   86.90
15:00:43 71.26   144.61   69.01   87.24
15:01:46 71.60   154.62   69.24   87.80
15:02:49 71.83   159.12   69.24   88.47
15:03:52 72.05   145.62   69.35   88.70
15:04:55 72.28   152.15   69.35   89.04
15:05:58 72.61   159.69   69.35   89.49
15:07:01 72.61   149.90   69.69   89.83
15:08:03 72.84   133.59   69.80   89.83
15:09:07 72.84   113.90   69.69   89.71
15:10:10 71.49   115.48   69.80   89.38
15:11:13 70.25   115.59   69.58   88.93
15:12:17 71.04   128.75   69.69   88.81
15:13:19 71.71   145.29   69.58   89.04
15:14:22 72.16   155.41   69.69   89.60
15:15:25 72.39   157.66   69.69   90.16
15:16:28 72.61   146.07   69.80   90.61
15:17:31 72.84   151.59   70.03   90.95
15:18:34 73.06   129.65   70.14   91.18
15:19:37 72.39   120.88   70.03   91.06
15:20:41 71.04   121.66   69.91   90.61
15:21:44 70.03   120.76   69.91   90.28
15:22:47 70.93   126.16   69.91   90.16
15:23:50 71.94   139.44   69.80   90.50
15:24:53 72.28   151.36   70.14   90.95
15:25:56 72.61   159.12   70.25   91.51
15:26:59 72.84   146.30   70.36   91.85
15:28:02 73.06   122.23   70.36   92.08
15:29:05 72.61   114.24   70.14   91.74
15:30:08 71.26   115.36   70.25   91.40
15:31:12 70.14   114.91   70.25   91.18
15:32:15 69.58   112.44   70.25   90.84
15:33:18 69.01   112.78   70.03   90.72
15:34:21 71.38   134.26   70.14   90.84
15:35:24 71.94   148.21   70.14   91.29
15:36:27 72.39   156.99   70.25   91.85
15:37:30 72.72   141.35   70.36   92.30
15:38:33 72.84   119.98   70.36   92.30
15:39:37 71.49   120.42   70.36   92.08
15:40:40 70.36   120.42   70.25   91.85
15:41:43 69.69   120.31   70.36   91.62
15:42:47 69.12   120.76   70.25   91.29
15:43:50 68.79   119.08   70.14   91.18
15:44:53 68.45   117.28   70.14   90.95
15:45:57 70.36   126.28   70.14   90.95
15:46:59 71.60   140.90   70.25   91.29
15:48:02 72.16   152.38   70.47   91.85
15:49:05 72.50   143.38   70.47   92.30
15:50:08 72.84   117.50   70.59   92.41
15:51:12 72.05   113.56   70.70   92.30
15:52:15 70.81   114.69   70.59   91.96
15:53:18 70.03   113.11   70.36   91.74
15:54:22 69.46   114.46   70.36   91.51
15:55:25 69.01   113.79   70.47   91.40
15:56:28 68.68   112.78   70.36   91.29
15:57:32 68.34   111.54   70.36   91.06
15:58:35 68.11   109.74   70.36   90.95
15:59:38 68.00   108.16   70.36   90.84
16:00:42 67.89   106.59   70.36   90.72
16:01:45 67.78   105.35   70.36   90.72
16:02:48 67.66   104.11   70.36   90.50
16:03:52 67.55   102.65   70.25   90.50
16:04:55 67.44   101.86   70.36   90.39
16:05:58 67.44   100.40   70.36   90.28
16:07:02 67.33   99.50   70.25   90.16
16:08:05 67.33   98.71   70.25   90.05
16:09:08 67.21   98.04   70.25   89.94
16:10:12 67.21   96.80   70.25   106.03
16:11:15 67.21   96.24   70.25   106.48
16:12:19 67.10   95.34   70.25   105.91
16:13:22 67.10   94.44   70.36   104.90
16:14:25 67.10   93.88   70.36   103.78
16:15:29 66.99   93.65   70.25   102.99
16:16:32 66.99   92.97   70.36   101.98
16:17:35 66.99   92.53   70.25   101.19
16:18:39 66.99   92.30   70.25   100.40
16:19:42 66.88   91.85   70.36   99.84
16:20:45 66.88   91.40   70.36   99.28
16:21:49 66.88   91.18   70.36   98.60
16:22:52 66.88   90.28   70.47   98.15
16:23:55 66.88   90.16   70.36   97.59
16:24:59 66.76   89.83   70.25   97.14
16:26:02 66.65   89.60   70.36   96.69
16:27:05 66.65   89.26   70.36   96.35
16:28:09 66.65   88.93   70.36   95.90
16:29:12 66.54   88.93   70.36   95.56
16:30:15 66.54   88.81   70.47   95.11
16:31:19 66.54   88.36   70.47   94.89
16:32:22 66.54   88.36   70.47   94.55
16:33:25 66.43   88.25   70.47   94.21
16:34:29 66.43   87.91   70.36   93.88
16:35:32 66.43   87.69   70.47   93.65
16:36:35 66.43   87.69   70.47   93.31
16:37:39 66.43   87.24   70.36   93.09
16:38:42 66.31   87.35   70.47   92.75
16:39:45 66.31   87.35   70.47   92.41
16:40:49 66.31   87.24   70.47   92.19
16:41:52 66.31   86.90   70.47   91.96
16:42:55 66.31   87.12   70.36   91.62
16:43:59 66.31   86.68   70.59   91.51
16:45:02 66.31   86.45   70.47   91.29
16:46:06 66.31   86.22   70.47   91.06
16:47:09 66.31   86.11   70.47   90.84
16:48:12 66.31   86.00   70.59   90.72
16:49:16 66.31   86.00   70.93   90.61
16:50:19 66.31   86.00   70.81   90.28
16:51:22 66.31   86.11   70.70   90.05
16:52:26 66.31   85.89   70.70   89.94
16:53:29 66.31   85.89   70.70   89.71
16:54:32 66.31   85.66   70.81   89.60
16:55:36 66.31   85.55   70.81   89.38
16:56:39 66.31   85.44   70.70   89.15
16:57:42 66.31   85.55   70.81   89.04
16:58:46 66.20   85.33   70.81   88.93
16:59:49 66.31   85.21   70.81   88.81
17:00:52 66.20   85.21   70.93   88.59
17:01:56 66.20   85.33   70.81   88.47
17:02:59 66.20   85.21   70.81   88.36
17:04:02 66.20   85.44   70.81   88.14
17:05:06 66.20   85.33   70.81   88.03
17:06:09 66.20   84.99   70.81   87.91
17:07:12 66.20   84.76   70.81   87.69
17:08:16 66.20   84.99   70.93   87.58
17:09:19 66.20   84.88   71.04   87.46
17:10:22 66.20   85.10   71.04   87.35
17:11:26 66.20   84.88   71.04   87.24
17:12:29 66.20   84.76   70.93   87.12
17:13:32 66.20   84.65   70.93   87.01
17:14:36 66.20   84.54   71.04   87.01
17:15:39 66.20   84.65   70.93   86.90
17:16:43 66.20   84.76   71.04   86.79
17:17:46 66.20   84.76   71.04   86.68
17:18:49 66.20   84.76   71.15   86.56
17:19:53 66.20   84.76   71.15   86.45
17:20:56 66.09   84.76   71.15   86.34
17:21:59 66.20   84.43   71.26   86.22
17:23:03 66.20   84.65   71.26   86.22
17:24:06 66.20   84.65   71.15   86.11
17:25:09 66.09   84.20   71.15   86.00
17:26:13 66.20   84.54   71.26   85.89
17:27:16 66.20   84.43   71.26   85.78
17:28:19 66.09   84.43   71.15   85.66
17:29:23 66.20   84.43   71.15   85.66
17:30:26 66.20   84.31   71.04   85.55
17:31:29 66.20   84.43   71.04   85.44
17:32:33 66.20   84.31   71.04   85.44
17:33:36 66.20   84.31   71.04   85.33
17:34:39 66.20   84.31   70.93   85.21
17:35:43 66.20   84.20   70.93   85.10
17:36:46 66.20   84.31   70.93   85.10
17:37:49 66.20   84.54   70.81   84.99
17:38:53 66.20   84.31   70.93   84.99
17:39:56 66.20   83.97   70.93   84.76
17:40:59 66.20   84.09   70.81   84.65
17:42:03 66.20   84.31   70.70   84.65
17:43:06 66.09   84.43   70.81   84.54
17:44:09 66.20   84.20   70.70   102.65
17:45:13 66.20   84.31   70.59   106.70
17:46:16 66.09   84.20   70.59   107.38
17:47:19 66.20   84.43   70.47   107.26
17:48:23 66.20   84.20   70.59   106.70
17:49:26 66.20   83.97   70.47   106.03
17:50:29 66.20   84.31   70.36   105.35
17:51:33 66.09   84.31   70.47   104.56
17:52:36 66.20   84.54   70.47   103.89
17:53:40 66.20   84.20   70.36   103.21
17:54:43 66.20   84.20   70.36   102.54
17:55:46 66.20   84.20   70.36   101.64
17:56:50 66.20   84.09   70.36   100.96
17:57:53 66.31   84.20   70.25   100.29
17:58:56 66.31   84.20   70.25   99.73
18:00:00 66.31   84.20   70.25   99.16
18:01:03 66.31   84.31   70.25   98.60
18:02:06 66.31   84.09   70.25   98.04
18:03:10 66.31   83.86   70.25   97.48
18:04:13 66.20   83.86   70.25   97.14
18:05:16 66.20   84.09   70.25   96.69
18:06:20 66.20   83.97   70.25   96.35
18:07:23 66.20   84.20   70.25   95.90
18:08:26 66.20   83.86   70.25   95.56
18:09:30 66.20   83.86   70.25   95.22
18:10:33 66.20   84.20   70.25   94.89
18:11:36 66.20   83.86   70.25   94.55
18:12:40 66.20   83.86   70.36   94.33
18:13:43 66.09   83.97   70.25   93.99
18:14:46 66.20   83.75   70.36   93.65
18:15:50 66.09   83.86   70.36   93.43
18:16:53 66.09   83.97   70.25   93.09
18:17:56 66.09   83.97   70.36   92.86
18:19:00 66.09   83.75   70.36   92.64
18:20:03 66.09   83.75   70.36   92.30
18:21:06 66.09   83.75   70.36   93.43
18:22:10 66.09   83.86   70.25   98.94
18:23:13 66.09   83.75   70.25   101.98
18:24:16 66.09   83.86   70.25   101.19
18:25:20 66.09   83.86   70.25   100.06
18:26:23 66.09   83.97   70.25   98.94
18:27:27 66.09   83.97   70.25   98.15
18:28:30 66.09   83.75   70.25   97.59
18:29:33 66.09   83.64   70.36   108.28
18:30:37 66.09   83.64   70.36   110.08
18:31:40 66.09   83.75   70.36   110.30
18:32:43 66.09   83.86   70.25   110.64
18:33:47 66.09   83.75   70.25   110.86
18:34:50 66.09   84.09   70.36   110.86
18:35:53 66.09   83.97   70.47   110.75
18:36:57 66.09   83.86   70.59   110.53
18:38:00 66.09   83.86   70.59   110.30
18:39:03 66.09   83.75   70.47   109.62
18:40:07 66.20   83.97   70.47   109.06
18:41:10 66.20   84.09   70.36   108.39
18:42:13 66.20   83.97   70.36   107.71
18:43:17 66.20   83.97   70.47   107.04
18:44:20 66.20   84.09   70.36   106.36
18:45:23 66.20   84.09   70.36   105.69
18:46:27 66.20   84.43   70.36   104.90
18:47:30 66.20   84.09   70.25   104.34
18:48:33 66.20   84.09   70.25   103.66
18:49:37 66.20   83.97   70.25   103.10
18:50:40 66.20   83.97   70.25   102.54
18:51:43 66.20   83.86   70.36   102.09
18:52:47 66.31   83.97   70.25   101.53
18:53:50 66.20   84.09   70.36   101.08
18:54:53 66.20   84.09   70.36   100.62
18:55:57 66.31   83.86   70.36   100.17
18:57:00 66.20   84.20   70.36   99.84
18:58:03 66.20   84.09   70.36   99.28
18:59:07 66.20   83.97   70.25   99.05
19:00:10 66.20   84.20   70.36   98.60
19:01:14 66.31   84.20   70.36   98.26
19:02:17 66.31   84.20   70.36   97.92
19:03:20 66.31   84.20   70.36   97.81
19:04:24 66.31   83.97   70.47   97.48
19:05:27 66.31   84.09   70.47   97.25
19:06:30 66.31   83.86   70.47   96.91
19:07:34 66.31   83.86   70.47   96.46
19:08:37 66.31   83.86   70.47   96.12
19:09:40 66.31   83.75   70.47   95.90
19:10:44 66.31   83.86   70.47   114.35
19:11:47 66.31   83.86   70.47   118.29
19:12:50 66.31   83.97   70.47   117.95
19:13:54 66.31   83.64   70.25   116.60
19:14:57 66.31   83.53   70.36   114.91
19:16:00 66.31   83.53   70.36   113.34
19:17:04 66.20   83.64   70.47   111.76
19:18:07 66.20   83.64   70.47   110.53
19:19:10 66.20   83.64   70.47   109.40
19:20:14 66.20   83.53   70.47   108.28
19:21:17 66.20   83.64   70.47   107.26
19:22:20 66.20   83.64   70.47   106.48
19:23:24 66.09   83.64   70.36   105.69
19:24:27 66.20   83.64   70.36   104.90
19:25:30 66.20   83.53   70.36   104.00
19:26:34 66.20   83.53   70.36   103.33
19:27:37 66.20   83.64   70.36   102.65
19:28:40 66.20   83.75   70.36   101.98
19:29:44 66.09   83.64   70.36   101.41
19:30:47 66.09   83.53   70.36   100.85
19:31:51 66.09   83.64   70.36   100.29
19:32:54 66.09   83.64   70.25   99.84
19:33:57 66.09   83.64   70.25   99.28
19:35:01 66.09   83.41   70.25   98.83
19:36:04 66.09   83.41   70.25   98.38
19:37:07 66.09   83.53   70.25   97.81
19:38:11 66.09   83.53   70.25   97.48
19:39:14 66.09   83.41   70.25   96.91
19:40:17 66.09   83.19   70.25   96.46
19:41:21 66.09   83.53   70.25   96.12
19:42:24 66.09   83.53   70.25   95.68
19:43:27 66.09   83.41   70.14   95.22
19:44:31 66.09   83.41   70.14   94.89
19:45:34 66.09   83.41   70.25   94.66
19:46:37 65.97   83.19   70.25   94.33
19:47:41 65.97   83.19   70.25   93.88
19:48:44 66.09   83.30   70.25   93.65
19:49:47 66.09   83.19   70.14   93.31
19:50:51 66.09   83.19   70.14   92.97
19:51:54 66.09   83.08   70.14   92.64
19:52:57 66.09   83.19   70.14   92.30
19:54:01 66.09   83.30   70.14   92.08
19:55:04 66.09   83.19   70.14   91.85
19:56:07 65.97   83.08   70.14   91.74
19:57:11 65.97   82.85   70.14   91.51
19:58:14 65.97   83.19   70.14   91.29
19:59:17 65.97   83.08   70.03   90.95
20:00:21 65.97   83.19   70.03   90.84
20:01:24 65.97   83.19   70.03   90.61
20:02:27 65.97   83.64   70.03   90.39
20:03:31 65.97   83.19   70.03   90.28
20:04:34 65.97   83.08   70.14   90.05
20:05:38 65.97   83.19   70.03   89.83
20:06:41 65.97   83.19   70.03   89.60
20:07:44 66.09   82.96   70.03   89.38
20:08:48 66.09   83.19   70.03   89.26
20:09:51 65.97   83.19   70.03   89.15
20:10:54 65.97   82.96   69.91   89.04
20:11:58 65.97   83.08   69.91   88.81
20:13:01 65.97   83.19   69.91   88.59
20:14:04 65.97   83.19   69.91   88.36
20:15:08 65.97   83.08   69.91   88.14
20:16:11 65.97   82.96   69.91   88.14
20:17:14 65.97   83.19   69.91   88.03
20:18:18 65.97   82.85   69.91   87.91
20:19:21 65.97   82.85   69.91   87.80
20:20:24 65.97   82.85   69.91   87.58
20:21:28 65.97   82.96   69.91   87.46
20:22:31 65.97   82.85   69.91   87.24
20:23:34 65.97   82.74   69.91   87.12
20:24:38 65.97   82.96   69.91   87.01
20:25:41 65.97   82.74   69.91   86.90
20:26:44 65.97   82.74   69.91   86.79
20:27:48 65.97   82.85   69.80   86.68
20:28:51 65.97   82.85   69.91   86.56
20:29:54 65.97   82.74   69.91   86.45
20:30:58 65.97   82.74   69.91   86.34
20:32:01 65.97   82.62   69.80   86.34
20:33:04 65.97   82.85   69.80   86.22
20:34:08 65.97   82.62   69.80   86.11
20:35:11 65.97   82.85   69.80   85.89
20:36:14 65.97   82.62   69.80   85.89
20:37:18 65.97   82.62   69.80   85.78
20:38:21 65.97   82.74   69.69   85.66
20:39:25 65.97   82.85   69.80   85.78
20:40:28 65.97   82.74   69.80   85.66
20:41:31 65.97   82.62   69.80   85.55
20:42:35 65.97   82.85   69.80   85.33
20:43:38 65.97   82.74   69.80   85.33
20:44:41 65.97   82.74   69.80   85.21
20:45:45 65.97   82.51   69.80   85.10
20:46:48 65.97   82.40   69.80   84.99
20:47:51 65.97   82.40   69.80   84.99
20:48:55 65.97   82.74   69.69   84.88
20:49:58 65.97   82.62   69.69   84.76
20:51:01 65.97   82.40   69.80   84.76
20:52:05 65.97   82.29   69.69   84.65
20:53:08 65.97   82.40   69.69   84.65
20:54:11 65.97   82.62   69.69   84.65
20:55:15 65.97   82.62   69.69   84.54
20:56:18 65.86   82.85   69.69   84.43
20:57:21 65.97   82.62   69.69   84.31
20:58:25 65.86   82.74   69.69   84.31
20:59:28 65.86   82.62   69.69   84.31
21:00:31 65.86   82.85   69.69   84.31
21:01:35 65.97   82.74   69.69   84.31
21:02:38 65.86   82.74   69.69   84.20
21:03:41 65.97   82.51   69.58   84.20
21:04:45 65.97   82.74   69.58   84.09
21:05:48 65.86   82.40   69.58   84.20
21:06:51 65.97   82.62   69.69   83.97
21:07:55 65.86   82.40   69.80   83.86
21:08:58 65.97   82.40   69.80   83.86
21:10:01 65.86   82.40   69.80   83.75
21:11:05 65.97   82.40   69.69   83.86
21:12:08 65.97   82.18   69.69   83.75
21:13:12 65.86   82.18   69.58   83.75
21:14:15 65.97   82.18   69.69   83.64
21:15:18 65.86   82.29   69.80   83.64
21:16:22 65.86   82.51   69.69   83.75
21:17:25 65.86   82.29   69.69   83.75
21:18:28 65.86   82.29   69.69   83.53
21:19:32 65.86   82.18   69.80   83.41
21:20:35 65.86   82.40   69.69   83.41
21:21:38 65.86   82.29   69.69   107.15
21:22:42 65.86   82.40   69.69   110.64
21:23:45 65.86   82.29   69.69   111.20
21:24:48 65.86   82.18   69.69   111.31
21:25:52 65.86   82.06   69.69   111.31
21:26:55 65.86   82.18   69.69   111.20
21:27:58 65.86   82.29   69.69   110.98
21:29:02 65.86   82.29   69.69   110.64
21:30:05 65.86   82.29   69.69   110.08
21:31:08 65.86   82.18   69.69   109.62
21:32:12 65.86   82.29   69.58   109.29
21:33:15 65.86   82.29   69.69   108.73
21:34:18 65.75   82.40   69.58   108.16
21:35:22 65.86   82.29   69.58   107.26
21:36:25 65.86   82.18   69.58   106.70
21:37:28 65.86   82.40   69.58   106.03
21:38:32 65.86   82.40   69.58   105.35
21:39:35 65.86   82.51   69.58   104.67
21:40:38 65.86   82.29   69.58   104.00
21:41:42 65.86   82.40   69.58   103.44
21:42:45 65.86   82.40   69.58   102.76
21:43:48 65.86   82.06   69.58   102.09
21:44:52 65.86   82.18   69.58   101.53
21:45:55 65.86   82.18   69.58   100.96
21:46:59 65.86   82.40   69.58   100.51
21:48:02 65.86   82.40   69.46   99.95
21:49:05 65.86   82.29   69.58   99.39
21:50:09 65.86   82.29   69.58   99.05
21:51:12 65.86   82.40   69.46   108.50
21:52:15 65.97   82.29   69.58   112.89
21:53:19 65.97   82.51   69.46   115.25
21:54:22 66.09   82.29   69.58   115.14
21:55:25 66.09   82.51   69.58   114.46
21:56:29 65.97   82.51   69.58   113.45
21:57:32 65.97   82.06   69.58   113.45
21:58:35 65.97   82.18   69.58   115.59
21:59:39 65.97   82.06   69.46   117.61
22:00:42 65.97   82.06   69.46   117.28
22:01:45 65.97   82.18   69.58   116.71
22:02:49 65.97   82.18   69.46   117.61
22:03:52 66.09   81.95   69.46   116.94
22:04:55 66.09   81.84   69.46   117.16
22:05:59 66.09   81.95   69.46   117.28
22:07:02 66.09   82.18   69.46   116.38
22:08:05 66.20   81.95   69.35   115.48
22:09:09 66.20   82.06   69.46   114.58
22:10:12 66.20   82.06   69.46   113.67
22:11:15 66.20   81.95   69.35   112.78
22:12:19 66.20   81.95   69.35   111.76
22:13:22 66.20   81.95   69.35   110.86
22:14:25 66.09   82.18   69.46   109.96
22:15:29 66.09   81.95   69.46   109.06
22:16:32 66.09   81.95   69.35   108.39
22:17:35 66.09   81.84   69.35   107.49
22:18:39 65.97   81.84   69.35   106.81
22:19:42 65.97   81.72   69.35   106.25
22:20:45 65.97   81.61   69.46   105.58
22:21:49 65.97   81.50   69.46   104.90
22:22:52 65.86   81.28   69.46   104.34
22:23:56 65.86   81.39   69.46   103.66
22:24:59 65.86   81.39   69.35   103.10
22:26:02 65.86   81.50   69.46   102.54
22:27:06 65.86   81.50   69.46   101.98
22:28:09 65.86   81.39   69.46   101.41
22:29:12 65.86   81.28   69.35   100.96
22:30:16 65.86   81.39   69.24   100.40
22:31:19 65.86   81.72   69.35   99.73
22:32:22 65.75   81.50   69.24   99.28
22:33:26 65.75   81.50   69.24   98.83
22:34:29 65.75   81.50   69.35   98.38
22:35:32 65.75   81.50   69.24   97.92
22:36:36 65.75   81.28   69.24   97.48
22:37:39 65.75   81.28   69.24   97.03
22:38:42 65.75   81.39   69.24   96.58
22:39:46 65.75   81.39   69.24   96.24
22:40:49 65.75   81.28   69.12   95.68
22:41:52 65.75   81.39   69.24   95.45
22:42:56 65.75   81.28   69.24   95.11
22:43:59 65.75   81.28   69.24   94.66
22:45:02 65.75   81.28   69.24   94.33
22:46:06 65.75   81.16   69.24   93.88
22:47:09 65.75   81.39   69.24   93.65
22:48:12 65.75   81.39   69.24   93.20
22:49:16 65.75   81.28   69.24   92.97
22:50:19 65.75   81.39   69.24   92.64
22:51:22 65.64   81.39   69.24   92.30
22:52:26 65.75   81.16   69.24   92.08
22:53:29 65.75   81.39   69.12   91.85
22:54:32 65.75   81.28   69.12   91.51
22:55:36 65.75   81.50   69.12   91.29
22:56:39 65.75   81.50   69.12   90.84
22:57:42 65.75   81.16   69.12   90.61
22:58:46 65.75   80.94   69.12   90.39
22:59:49 65.75   81.16   69.12   90.16
23:00:52 65.64   81.28   69.01   89.83
23:01:56 65.64   81.05   69.01   89.71
23:02:59 65.75   81.28   69.01   89.49
23:04:02 65.75   81.16   69.12   89.26
23:05:06 65.64   81.28   69.12   88.93
23:06:09 65.64   81.16   69.01   88.81
23:07:13 65.64   81.05   69.01   88.70
23:08:16 65.64   80.94   69.01   88.47
23:09:19 65.75   80.94   69.12   88.36
23:10:23 65.75   80.94   69.01   88.14
23:11:26 65.75   80.71   69.12   87.91
23:12:29 65.75   80.83   69.12   87.80
23:13:33 65.64   81.05   69.01   87.58
23:14:36 65.64   81.16   69.01   87.58
23:15:39 65.64   80.83   69.01   87.35
23:16:43 65.64   81.05   69.01   87.12
23:17:46 65.64   80.94   68.90   87.01
23:18:49 65.64   81.16   69.01   86.90
23:19:53 65.64   80.83   68.90   86.68
23:20:56 65.75   81.16   69.01   86.68
23:21:59 65.64   80.83   69.01   86.34
23:23:03 65.64   81.28   68.90   86.22
23:24:06 65.64   81.16   69.01   86.11
23:25:09 65.75   81.05   68.90   86.00
23:26:13 65.64   81.05   69.01   85.78
23:27:16 65.75   81.05   69.01   85.66
23:28:19 65.64   81.16   69.01   85.55
23:29:23 65.64   81.05   68.90   85.44
23:30:26 65.75   80.71   68.90   85.44
23:31:29 65.75   80.83   68.90   85.21
23:32:33 65.75   80.83   68.90   85.21
23:33:36 65.75   80.83   68.90   84.99
23:34:39 65.75   80.71   68.90   84.99
23:35:43 65.75   80.83   68.90   84.76
23:36:46 65.75   80.83   68.79   84.76
23:37:49 65.64   80.71   68.90   84.65
23:38:53 65.75   80.71   68.79   84.65
23:39:56 65.75   80.71   68.79   84.54
23:40:59 65.75   80.71   68.79   84.43
23:42:03 65.64   80.94   68.90   84.31
23:43:06 65.75   80.71   68.90   84.20
23:44:09 65.75   80.94   68.79   84.31
23:45:13 65.75   80.71   68.90   84.20
23:46:16 65.75   80.94   68.79   84.09
23:47:20 65.75   80.60   68.79   84.20
23:48:23 65.75   80.71   68.79   84.09
23:49:26 65.75   80.60   68.79   83.86
23:50:30 65.64   80.71   68.79   83.75
23:51:33 65.75   80.60   68.68   83.75
23:52:36 65.75   80.49   68.79   83.64
23:53:40 65.75   80.60   68.79   83.64
23:54:43 65.75   80.60   68.68   83.53
23:55:46 65.75   80.60   68.79   83.41
23:56:50 65.75   80.49   68.68   83.41
23:57:53 65.75   80.38   68.68   83.19
23:58:56 65.75   80.83   68.79   83.19
