 Date  Furn_In  Furn_Out  Bsmnt   Water_Htr
00:00:36 66.88   81.05   69.91   94.66
00:01:39 66.88   80.83   69.91   94.21
00:02:43 66.88   81.16   69.91   93.76
00:03:46 66.88   81.16   69.91   93.54
00:04:49 66.88   81.16   69.91   93.09
00:05:53 66.88   80.83   69.91   92.75
00:06:56 66.88   81.05   69.91   92.30
00:07:59 66.88   81.28   69.91   92.08
00:09:03 66.88   80.94   69.80   91.62
00:10:06 66.88   81.16   69.80   91.29
00:11:09 66.88   81.16   69.80   91.06
00:12:13 66.88   80.94   69.80   90.61
00:13:16 66.88   81.05   69.80   90.28
00:14:19 66.76   80.71   69.80   89.94
00:15:23 66.88   80.94   69.80   89.83
00:16:26 66.76   81.05   69.80   89.49
00:17:29 66.76   81.05   69.80   89.26
00:18:33 66.76   80.71   69.80   89.04
00:19:36 66.76   80.94   69.80   88.70
00:20:40 66.76   80.94   69.80   88.59
00:21:43 66.76   80.94   69.80   88.25
00:22:46 66.76   80.94   69.69   88.03
00:23:50 66.76   80.83   69.69   87.91
00:24:53 66.76   81.05   69.69   87.80
00:25:56 66.76   81.05   69.69   87.58
00:27:00 66.76   81.72   69.69   87.35
00:28:03 67.44   105.69   69.69   87.24
00:29:06 69.01   140.79   69.69   87.24
00:30:09 69.58   135.05   69.69   87.69
00:31:12 69.91   112.44   69.69   88.03
00:32:15 69.24   110.86   69.69   88.03
00:33:19 68.68   108.73   69.80   87.69
00:34:22 68.22   110.53   69.80   87.58
00:35:25 67.89   107.38   69.80   87.35
00:36:29 67.66   106.48   69.80   87.12
00:37:32 67.55   104.45   69.80   86.90
00:38:35 67.44   102.76   69.80   86.79
00:39:39 67.33   101.75   69.80   86.56
00:40:42 67.33   99.50   69.80   86.45
00:41:45 67.21   98.15   69.80   86.22
00:42:49 67.21   97.03   69.80   86.11
00:43:52 67.10   95.79   69.80   86.00
00:44:55 67.10   94.55   69.69   85.89
00:45:59 67.10   93.65   69.69   85.78
00:47:02 67.10   92.53   69.69   85.66
00:48:05 66.99   91.85   69.69   85.66
00:49:09 66.99   90.61   69.69   85.55
00:50:12 66.99   89.71   69.69   85.44
00:51:15 66.88   89.60   69.69   85.33
00:52:19 66.88   88.59   69.69   85.21
00:53:22 66.88   88.14   69.69   85.10
00:54:26 66.88   87.58   69.69   84.99
00:55:29 66.88   87.12   69.69   84.88
00:56:32 66.88   87.01   69.69   84.88
00:57:36 67.10   98.04   69.58   84.76
00:58:39 68.90   137.19   69.69   84.76
00:59:42 69.46   148.55   69.69   85.44
01:00:44 69.91   125.71   69.69   86.11
01:01:48 69.91   111.99   69.69   86.11
01:02:51 69.12   111.54   69.69   86.00
01:03:54 68.56   108.95   69.69   85.89
01:04:58 68.22   106.48   69.80   85.78
01:06:01 67.89   107.83   69.69   85.55
01:07:04 67.78   106.92   69.69   85.33
01:08:08 67.55   105.01   69.69   85.21
01:09:11 67.44   103.55   69.69   84.88
01:10:14 67.33   101.86   69.80   84.88
01:11:18 67.33   100.51   69.69   84.88
01:12:21 67.21   99.05   69.69   84.76
01:13:24 67.21   97.36   69.69   84.76
01:14:28 67.10   96.24   69.69   84.76
01:15:31 67.10   94.89   69.69   84.65
01:16:35 67.10   94.10   69.69   84.65
01:17:38 67.10   93.31   69.69   84.54
01:18:41 67.10   92.30   69.69   84.43
01:19:45 66.99   91.40   69.69   84.31
01:20:48 66.99   90.95   69.69   84.20
01:21:51 67.66   109.74   69.69   84.31
01:22:54 69.12   139.66   69.69   84.43
01:23:57 69.69   149.11   69.69   84.99
01:25:00 70.03   125.94   69.69   85.55
01:26:03 70.03   112.55   69.69   85.78
01:27:07 69.12   112.33   69.80   85.66
01:28:10 68.56   112.66   69.80   85.44
01:29:13 68.22   110.98   69.80   85.21
01:30:17 68.00   109.40   69.80   85.10
01:31:20 67.78   108.50   69.80   84.99
01:32:23 67.66   105.69   69.80   85.10
01:33:27 67.55   104.56   69.80   84.88
01:34:30 67.44   102.31   69.80   84.88
01:35:33 67.33   101.19   69.80   84.76
01:36:37 67.33   99.50   69.80   84.65
01:37:40 67.21   98.94   69.69   84.54
01:38:43 67.21   97.03   69.80   84.54
01:39:47 67.10   95.56   69.80   84.43
01:40:50 67.10   95.45   69.69   84.43
01:41:53 68.34   121.44   69.80   84.43
01:42:56 69.46   143.26   69.80   84.76
01:43:59 69.91   141.69   69.80   85.55
01:45:02 70.25   116.26   69.80   85.89
01:46:06 69.80   112.55   69.80   86.00
01:47:09 69.01   111.42   69.80   85.66
01:48:12 68.56   108.95   69.80   85.55
01:49:16 68.22   108.73   69.80   85.44
01:50:19 68.00   108.39   69.80   85.33
01:51:22 67.78   107.04   69.80   85.21
01:52:26 67.66   105.01   69.80   85.10
01:53:29 67.55   104.11   69.80   85.10
01:54:32 67.44   102.65   69.80   84.88
01:55:36 67.33   100.96   69.80   84.88
01:56:39 67.33   99.61   69.80   84.65
01:57:42 67.21   98.04   69.80   84.54
01:58:46 67.21   96.80   69.80   84.76
01:59:49 67.10   95.56   69.80   84.76
02:00:52 67.10   94.66   69.80   84.65
02:01:56 67.10   94.33   69.80   84.54
02:02:59 68.22   118.74   69.80   84.43
02:04:02 69.35   142.14   69.80   84.76
02:05:05 69.91   145.51   69.80   85.44
02:06:08 70.14   120.09   69.80   85.89
02:07:11 69.91   112.33   69.80   85.89
02:08:15 69.12   111.65   69.91   85.78
02:09:18 68.56   111.88   69.80   85.66
02:10:21 68.22   110.98   69.91   85.44
02:11:25 68.00   109.17   69.91   85.44
02:12:28 67.78   107.60   69.91   85.33
02:13:31 67.66   106.14   69.91   85.21
02:14:35 67.55   104.56   69.91   85.21
02:15:38 67.44   103.33   69.91   84.99
02:16:41 67.44   100.96   69.80   84.99
02:17:45 67.33   99.73   69.80   84.88
02:18:48 67.21   98.60   69.80   84.88
02:19:51 67.21   96.80   69.80   84.99
02:20:55 67.21   95.56   69.80   84.88
02:21:58 67.10   94.55   69.80   84.76
02:23:01 67.10   93.65   69.80   84.76
02:24:05 67.10   93.31   69.80   84.54
02:25:08 67.10   92.19   69.80   84.54
02:26:11 66.99   94.78   69.80   84.54
02:27:15 68.68   129.65   69.80   84.65
02:28:18 69.58   147.09   69.80   85.21
02:29:20 70.03   133.14   69.80   85.89
02:30:24 70.25   112.33   69.80   86.22
02:31:27 69.46   111.76   69.80   86.11
02:32:30 68.79   109.74   69.91   85.78
02:33:34 68.34   110.41   69.91   85.66
02:34:37 68.00   109.17   69.91   85.44
02:35:40 67.78   107.71   69.91   85.33
02:36:44 67.66   106.36   69.91   85.21
02:37:47 67.55   104.79   69.80   85.10
02:38:50 67.55   103.10   69.80   84.99
02:39:54 67.33   101.30   69.80   84.99
02:40:57 67.33   100.29   69.80   84.99
02:42:00 67.33   98.49   69.80   84.88
02:43:04 67.21   97.25   69.80   84.88
02:44:07 67.10   96.12   69.80   84.88
02:45:10 67.10   95.56   69.80   84.76
02:46:14 67.10   94.21   69.80   84.76
02:47:17 67.10   93.09   69.80   84.65
02:48:20 67.10   92.19   69.80   84.65
02:49:24 67.10   91.40   69.80   84.54
02:50:27 66.99   90.84   69.80   84.43
02:51:31 66.99   90.39   69.69   84.20
02:52:34 66.99   89.15   69.69   84.31
02:53:37 66.99   88.47   69.69   84.31
02:54:41 66.99   88.59   69.80   84.09
02:55:44 66.88   91.40   69.69   84.09
02:56:47 68.56   128.98   69.69   84.20
02:57:50 69.35   147.20   69.69   84.65
02:58:53 69.80   137.41   69.69   85.44
02:59:56 70.14   113.34   69.69   85.78
03:00:59 69.46   112.21   69.69   85.78
03:02:03 68.79   110.75   69.80   85.66
03:03:06 68.34   111.65   69.69   85.44
03:04:09 68.00   110.53   69.80   85.21
03:05:13 67.78   108.50   69.80   85.10
03:06:16 67.66   107.04   69.80   85.10
03:07:19 67.55   105.01   69.80   84.99
03:08:23 67.44   103.55   69.69   84.99
03:09:26 67.44   102.20   69.69   84.88
03:10:29 67.33   100.96   69.69   84.88
03:11:33 67.33   99.28   69.69   84.76
03:12:36 67.21   98.04   69.69   84.65
03:13:40 67.21   96.69   69.69   84.65
03:14:43 67.10   95.79   69.69   84.54
03:15:46 67.21   94.44   69.69   84.54
03:16:50 67.10   93.31   69.69   84.43
03:17:53 67.10   92.64   69.69   84.43
03:18:56 67.10   91.62   69.69   84.43
03:20:00 66.99   90.95   69.69   84.31
03:21:03 66.99   94.10   69.69   84.20
03:22:06 68.68   129.99   69.69   84.31
03:23:09 69.35   147.20   69.69   84.76
03:24:12 69.80   137.75   69.69   85.55
03:25:15 70.14   113.56   69.69   85.89
03:26:18 69.46   112.10   69.69   85.89
03:27:22 68.90   110.30   69.69   85.66
03:28:25 68.45   111.65   69.69   85.44
03:29:28 68.11   110.41   69.69   85.21
03:30:32 67.89   108.73   69.69   85.21
03:31:35 67.78   107.38   69.69   84.99
03:32:38 67.66   105.91   69.69   84.88
03:33:42 67.55   103.21   69.69   84.88
03:34:45 67.33   102.09   69.69   84.88
03:35:48 67.33   100.40   69.69   84.88
03:36:52 67.21   98.83   69.69   84.76
03:37:55 67.21   97.14   69.69   84.76
03:38:59 67.10   96.91   69.69   84.76
03:40:02 67.10   95.56   69.69   84.76
03:41:05 67.10   94.21   69.69   84.65
03:42:09 66.99   95.11   69.69   84.54
03:43:12 68.45   124.59   69.58   84.54
03:44:15 69.24   144.50   69.69   84.88
03:45:18 69.80   145.85   69.69   85.66
03:46:21 70.03   119.30   69.69   86.22
03:47:24 69.69   112.78   69.69   86.22
03:48:27 68.90   112.66   69.69   85.89
03:49:31 68.45   111.54   69.69   85.78
03:50:34 68.11   111.99   69.69   85.55
03:51:37 67.78   109.62   69.69   85.44
03:52:41 67.66   107.83   69.69   85.33
03:53:44 67.55   106.14   69.69   85.21
03:54:47 67.44   104.90   69.69   85.21
03:55:51 67.33   102.99   69.69   85.10
03:56:54 67.33   101.53   69.69   84.99
03:57:57 67.21   100.29   69.69   84.88
03:59:01 67.10   98.49   69.69   84.76
04:00:04 67.10   96.91   69.69   84.88
04:01:07 66.99   96.01   69.69   84.76
04:02:11 66.99   94.89   69.58   84.76
04:03:14 66.99   93.65   69.69   84.65
04:04:17 66.99   95.90   69.58   84.65
04:05:21 68.56   128.86   69.58   84.76
04:06:24 69.35   146.07   69.58   85.21
04:07:26 69.80   139.78   69.69   86.00
04:08:30 70.14   114.46   69.69   86.34
04:09:33 69.46   112.33   69.69   86.22
04:10:36 68.79   111.20   69.69   86.00
04:11:40 68.22   112.44   69.69   85.78
04:12:43 68.00   111.09   69.69   85.66
04:13:46 67.78   108.84   69.69   85.55
04:14:50 67.55   107.60   69.69   85.44
04:15:53 67.44   105.91   69.69   85.21
04:16:56 67.33   104.45   69.69   85.33
04:18:00 67.21   102.65   69.69   85.21
04:19:03 67.21   101.86   69.69   85.21
04:20:06 67.10   99.95   69.69   85.10
04:21:10 67.10   98.60   69.69   84.99
04:22:13 67.10   96.91   69.69   84.88
04:23:16 66.99   95.45   69.58   84.88
04:24:20 66.99   94.66   69.58   84.76
04:25:23 66.99   97.36   69.69   84.76
04:26:26 68.68   131.56   69.58   84.76
04:27:29 69.35   147.43   69.58   85.33
04:28:32 69.80   140.23   69.58   86.11
04:29:35 70.03   114.35   69.69   86.34
04:30:38 69.46   112.66   69.69   86.34
04:31:42 68.79   112.55   69.69   86.11
04:32:45 68.22   109.51   69.69   86.00
04:33:48 68.00   108.50   69.69   85.78
04:34:52 67.66   109.51   69.69   85.66
04:35:55 67.55   108.61   69.69   85.66
04:36:58 67.44   106.03   69.69   85.55
04:38:02 67.33   104.00   69.69   85.55
04:39:05 67.21   102.31   69.69   85.44
04:40:08 67.21   101.30   69.69   85.33
04:41:12 67.10   99.73   69.69   85.21
04:42:15 66.99   97.92   69.58   85.21
04:43:19 66.99   97.03   69.58   85.10
04:44:22 66.99   96.24   69.58   85.10
04:45:25 66.99   99.16   69.58   84.99
04:46:28 68.68   133.03   69.58   85.10
04:47:31 69.35   148.32   69.69   85.55
04:48:34 69.69   137.30   69.69   86.22
04:49:37 70.03   113.56   69.69   86.56
04:50:41 69.35   112.89   69.69   86.56
04:51:44 68.56   111.76   69.69   86.34
04:52:47 68.22   112.21   69.69   86.22
04:53:51 67.89   110.98   69.69   86.00
04:54:54 67.66   109.51   69.69   85.89
04:55:57 67.55   107.38   69.69   85.78
04:57:01 67.44   106.03   69.69   85.66
04:58:04 67.33   104.45   69.69   85.55
04:59:07 67.21   102.76   69.58   85.55
05:00:11 67.10   101.19   69.58   85.55
05:01:14 67.10   99.73   69.58   85.44
05:02:17 66.99   98.49   69.58   101.64
05:03:21 66.99   97.36   69.58   106.25
05:04:24 66.99   96.24   69.58   107.38
05:05:27 67.78   115.81   69.58   108.05
05:06:30 69.12   141.01   69.58   108.95
05:07:33 69.58   150.57   69.58   109.85
05:08:36 69.91   127.96   69.58   110.41
05:09:39 69.91   112.55   69.58   110.41
05:10:43 69.12   113.00   69.58   110.64
05:11:46 68.56   111.54   69.69   111.31
05:12:50 68.11   111.42   69.69   111.31
05:13:53 67.89   110.19   69.69   111.65
05:14:56 67.66   109.06   69.69   111.76
05:16:00 67.55   106.36   69.69   111.31
05:17:03 67.44   105.69   69.69   110.64
05:18:06 67.33   103.55   69.69   109.85
05:19:10 67.33   102.09   69.69   109.06
05:20:13 67.21   100.85   69.58   108.39
05:21:16 67.21   99.28   69.58   107.60
05:22:20 67.10   97.70   69.58   106.81
05:23:23 67.10   96.91   69.58   106.03
05:24:26 66.99   98.60   69.58   105.35
05:25:30 68.79   130.21   69.58   109.06
05:26:32 69.69   147.43   69.58   110.30
05:27:35 70.03   142.03   69.58   110.41
05:28:38 70.36   115.36   69.58   109.96
05:29:42 69.80   112.66   69.58   109.17
05:30:45 69.91   128.64   69.58   108.28
05:31:48 70.47   146.98   69.58   107.83
05:32:51 70.70   156.99   69.69   107.60
05:33:54 71.04   144.84   69.69   107.38
05:34:57 71.26   149.45   69.80   107.26
05:35:59 71.49   138.76   69.80   106.92
05:37:03 71.60   114.69   69.80   106.59
05:38:06 70.81   114.91   69.80   105.91
05:39:09 69.80   115.36   69.91   105.12
05:40:13 69.12   116.71   69.91   112.44
05:41:16 68.68   115.03   69.91   112.10
05:42:19 68.34   113.45   69.91   110.98
05:43:23 68.11   111.54   69.91   109.96
05:44:26 68.11   115.92   69.91   108.73
05:45:29 70.25   136.51   69.91   108.05
05:46:32 70.59   149.90   69.91   107.71
05:47:35 70.93   157.10   69.91   107.60
05:48:38 71.26   134.26   69.91   107.38
05:49:41 71.38   114.24   69.91   107.04
05:50:44 70.36   114.80   70.03   106.25
05:51:47 69.46   113.79   70.03   105.24
05:52:51 68.90   112.78   70.03   104.56
05:53:54 68.45   111.42   70.03   103.78
05:54:58 68.22   111.76   70.03   103.21
05:56:01 68.00   110.98   70.03   102.65
05:57:04 67.89   108.39   70.03   102.09
05:58:08 67.66   106.92   70.03   101.64
05:59:11 67.55   106.48   70.03   101.08
06:00:14 69.24   127.29   70.03   100.74
06:01:17 70.25   144.73   69.91   100.74
06:02:20 70.70   152.94   70.03   101.08
06:03:23 71.04   129.20   69.91   101.19
06:04:26 71.04   113.34   70.03   100.96
06:05:29 69.91   113.79   70.03   100.51
06:06:33 69.12   112.55   70.03   99.95
06:07:36 68.68   110.75   70.03   99.39
06:08:40 68.34   111.99   70.03   98.94
06:09:43 68.00   110.86   70.03   98.49
06:10:46 67.89   109.06   70.03   98.15
06:11:50 67.66   107.60   70.03   97.81
06:12:53 67.55   106.48   70.03   97.48
06:13:56 67.44   104.67   70.03   97.03
06:15:00 67.44   102.99   70.03   96.69
06:16:03 67.33   101.64   70.03   96.24
06:17:06 67.33   100.29   69.91   96.01
06:18:10 67.21   99.05   70.03   95.79
06:19:13 67.21   97.81   70.03   95.45
06:20:16 67.10   96.69   70.03   95.22
06:21:20 67.10   96.01   69.91   95.00
06:22:23 67.10   95.00   69.91   94.66
06:23:26 67.10   93.88   69.91   94.44
06:24:30 66.99   93.20   69.91   93.99
06:25:33 66.99   92.19   69.91   93.76
06:26:36 66.99   91.74   69.91   93.54
06:27:40 66.99   91.06   69.80   93.31
06:28:43 66.88   90.72   69.80   93.09
06:29:46 66.88   90.16   69.80   92.86
06:30:50 66.88   89.71   69.80   92.53
06:31:53 66.88   89.26   69.80   92.30
06:32:56 66.88   89.04   69.69   100.74
06:34:00 66.76   88.47   69.80   111.65
06:35:03 66.76   88.36   69.69   112.78
06:36:06 66.76   88.03   69.69   112.55
06:37:10 66.76   87.35   69.69   112.44
06:38:13 66.76   87.12   69.69   112.44
06:39:16 66.76   87.01   69.69   112.66
06:40:20 66.76   86.79   69.69   112.66
06:41:23 66.76   86.79   69.58   112.44
06:42:27 66.76   86.56   69.58   112.21
06:43:30 66.65   86.22   69.58   111.88
06:44:33 66.65   86.11   69.58   111.42
06:45:37 66.76   85.89   69.58   110.75
06:46:40 66.76   85.89   69.58   110.08
06:47:43 66.76   85.55   69.46   111.88
06:48:47 66.65   85.33   69.46   111.99
06:49:50 66.65   85.33   69.46   112.66
06:50:53 66.65   84.99   69.46   113.45
06:51:57 66.65   85.10   69.46   113.79
06:53:00 66.65   84.76   69.35   113.23
06:54:03 66.65   85.10   69.46   112.44
06:55:07 66.65   84.54   69.35   111.65
06:56:10 66.65   84.43   69.35   110.86
06:57:13 66.65   84.20   69.35   109.96
06:58:17 66.65   84.09   69.35   109.06
06:59:20 66.54   84.20   69.35   108.95
07:00:23 66.54   84.31   69.35   108.39
07:01:27 66.54   83.97   69.35   107.94
07:02:30 66.54   84.09   69.24   107.38
07:03:33 66.65   83.86   69.24   106.92
07:04:37 66.65   83.97   69.24   106.25
07:05:40 66.54   83.97   69.35   105.69
07:06:43 66.54   83.97   69.24   105.12
07:07:47 66.54   83.86   69.24   104.56
07:08:50 66.54   83.64   69.24   104.00
07:09:53 66.54   84.09   69.24   103.55
07:10:57 67.10   102.99   69.24   103.21
07:12:00 69.01   140.56   69.24   113.79
07:13:03 69.58   143.04   69.24   120.31
07:14:06 70.03   116.94   69.24   119.98
07:15:09 69.46   111.76   69.24   118.51
07:16:12 68.56   110.41   69.35   116.71
07:17:16 68.11   110.08   69.35   114.91
07:18:19 67.78   111.42   69.24   113.34
07:19:22 67.55   108.61   69.35   117.73
07:20:26 67.33   106.59   69.35   117.16
07:21:29 67.21   105.24   69.35   115.92
07:22:32 67.10   103.66   69.35   114.58
07:23:36 67.10   101.75   69.35   113.34
07:24:39 66.99   100.40   69.24   112.21
07:25:43 66.88   98.60   69.24   111.09
07:26:46 66.88   97.25   69.24   110.08
07:27:49 66.76   96.24   69.24   109.17
07:28:53 66.76   95.11   69.24   108.16
07:29:56 66.76   94.21   69.24   107.49
07:30:59 66.65   93.54   69.24   106.70
07:32:03 66.65   92.41   69.24   105.91
07:33:06 66.65   91.62   69.24   105.12
07:34:09 66.54   91.06   69.24   104.45
07:35:13 66.54   90.50   69.24   103.78
07:36:16 66.54   89.71   69.24   103.21
07:37:19 66.54   89.38   69.24   102.65
07:38:23 66.54   88.59   69.24   101.98
07:39:26 66.54   87.80   69.24   101.53
07:40:29 66.43   87.12   69.12   100.96
07:41:33 66.43   87.12   69.12   100.40
07:42:36 66.43   86.68   69.12   99.84
07:43:39 66.43   86.22   69.12   99.39
07:44:43 66.43   85.89   69.12   98.94
07:45:46 66.43   85.55   69.12   98.49
07:46:49 66.43   85.55   69.12   98.04
07:47:53 66.88   103.44   69.12   97.59
07:48:56 68.56   140.11   69.12   97.48
07:49:59 69.24   144.16   69.12   97.70
07:51:02 69.58   118.06   69.12   97.92
07:52:05 69.12   111.88   69.12   97.70
07:53:08 68.34   111.20   69.12   97.14
07:54:12 67.78   108.16   69.12   96.69
07:55:15 67.44   110.41   69.12   96.24
07:56:18 67.33   108.28   69.12   95.90
07:57:22 67.10   106.81   69.12   95.45
07:58:25 66.99   104.67   69.12   95.11
07:59:28 66.88   103.44   69.12   94.78
08:00:32 66.76   101.75   69.12   94.55
08:01:35 66.76   100.06   69.12   94.21
08:02:38 66.65   98.60   69.12   93.88
08:03:42 66.65   97.48   69.12   93.65
08:04:45 66.54   96.24   69.12   93.31
08:05:48 66.54   95.45   69.01   92.97
08:06:52 66.54   93.99   69.01   92.75
08:07:55 66.54   93.31   69.01   92.53
08:08:59 67.66   117.73   69.01   92.41
08:10:01 68.79   142.81   69.01   92.30
08:11:04 69.35   150.24   69.12   92.86
08:12:07 69.80   125.38   69.12   93.20
08:13:11 69.69   112.66   69.12   93.20
08:14:14 68.79   113.23   69.12   92.97
08:15:17 68.11   110.64   69.12   92.53
08:16:21 67.78   111.09   69.24   92.19
08:17:24 67.44   109.62   69.24   91.96
08:18:27 67.21   107.94   69.24   91.74
08:19:31 67.10   106.14   69.12   91.51
08:20:34 66.99   104.34   69.12   91.40
08:21:37 66.88   102.20   69.12   91.06
08:22:41 66.76   101.30   69.12   90.84
08:23:44 66.76   100.06   69.12   90.72
08:24:47 66.65   98.83   69.12   90.50
08:25:51 66.65   97.36   69.12   90.28
08:26:54 66.54   99.28   69.12   90.16
08:27:57 68.56   131.34   69.12   90.16
08:29:00 69.24   147.88   69.12   90.39
08:30:03 69.69   142.93   69.12   91.06
08:31:06 70.03   115.81   69.24   91.40
08:32:09 69.35   113.00   69.24   91.40
08:33:13 68.56   112.21   69.24   91.06
08:34:16 68.00   113.90   69.24   90.72
08:35:19 67.66   112.66   69.24   90.50
08:36:23 67.44   110.53   69.24   90.28
08:37:26 67.21   108.50   69.24   90.05
08:38:29 67.10   106.25   69.24   89.94
08:39:33 66.99   104.79   69.24   89.71
08:40:36 66.88   102.88   69.24   89.60
08:41:40 66.88   101.30   69.24   89.38
08:42:43 66.76   100.06   69.24   89.26
08:43:46 66.76   98.83   69.24   89.15
08:44:50 66.65   97.48   69.24   89.04
08:45:53 66.65   101.75   69.24   89.04
08:46:56 68.79   135.16   69.24   89.04
08:47:59 69.35   149.68   69.24   89.49
08:49:02 69.80   141.57   69.24   90.05
08:50:05 70.14   115.14   69.24   90.16
08:51:08 69.46   113.23   69.24   90.16
08:52:12 68.68   112.55   69.35   89.94
08:53:15 68.11   112.33   69.35   89.60
08:54:18 67.78   111.76   69.35   89.38
08:55:22 67.44   110.53   69.35   89.26
08:56:25 67.21   108.84   69.35   89.04
08:57:28 67.21   106.70   69.35   88.93
08:58:32 66.99   105.01   69.35   88.81
08:59:35 66.88   103.21   69.35   88.70
09:00:38 66.88   101.64   69.35   88.59
09:01:42 66.88   100.62   69.35   88.59
09:02:45 66.76   99.16   69.35   88.47
09:03:48 66.76   98.04   69.35   88.25
09:04:52 66.65   97.03   69.24   88.14
09:05:55 67.89   118.85   69.24   88.25
09:06:58 69.12   142.70   69.35   88.36
09:08:01 69.69   147.65   69.35   89.15
09:09:04 70.03   122.34   69.35   89.60
09:10:07 69.69   112.66   69.35   89.71
09:11:10 68.79   112.78   69.46   89.49
09:12:14 68.22   113.67   69.46   89.15
09:13:17 67.78   112.66   69.46   88.93
09:14:20 67.55   110.30   69.46   88.70
09:15:24 67.33   108.28   69.46   88.59
09:16:27 67.21   106.36   69.46   88.59
09:17:30 67.10   104.56   69.35   88.25
09:18:34 66.99   102.54   69.46   88.25
09:19:37 66.88   101.75   69.46   88.14
09:20:41 66.88   100.51   69.46   88.03
09:21:44 66.76   99.50   69.35   88.03
09:22:47 66.76   97.59   69.46   87.91
09:23:51 66.76   96.46   69.35   87.91
09:24:54 66.76   95.34   69.35   87.69
09:25:57 66.65   94.44   69.35   87.69
09:27:01 66.65   93.43   69.35   87.58
09:28:04 66.65   92.53   69.35   87.46
09:29:07 66.54   96.35   69.35   87.35
09:30:10 68.56   133.36   69.35   87.46
09:31:13 69.35   149.23   69.35   87.80
09:32:16 69.80   139.32   69.35   88.47
09:33:19 70.14   114.01   69.35   88.70
09:34:23 69.35   112.66   69.35   88.70
09:35:26 68.56   111.88   69.46   88.59
09:36:29 68.11   110.75   69.46   88.47
09:37:33 67.66   111.88   69.46   88.36
09:38:36 67.44   109.51   69.46   88.14
09:39:39 67.33   107.60   69.46   87.91
09:40:43 67.10   106.36   69.46   87.91
09:41:46 67.10   104.11   69.46   87.80
09:42:49 66.99   102.76   69.46   87.69
09:43:53 66.99   101.64   69.46   87.58
09:44:56 66.88   99.39   69.46   87.58
09:45:59 66.76   98.71   69.46   87.46
09:47:03 66.76   97.14   69.46   87.35
09:48:06 66.76   96.24   69.46   87.24
09:49:09 66.65   95.11   69.35   87.12
09:50:13 66.65   94.21   69.35   87.01
09:51:16 66.65   93.43   69.35   86.90
09:52:19 66.54   92.64   69.35   87.01
09:53:23 66.54   91.51   69.35   86.90
09:54:26 66.54   90.84   69.35   86.79
09:55:29 66.54   90.39   69.35   86.79
09:56:33 66.54   89.83   69.35   86.56
09:57:36 66.54   95.90   69.35   86.56
09:58:39 68.56   135.61   69.24   86.68
09:59:42 69.24   150.57   69.35   87.24
10:00:45 69.80   132.80   69.35   87.91
10:01:48 69.91   112.55   69.35   88.14
10:02:52 69.01   112.55   69.35   88.03
10:03:55 68.34   110.53   69.46   87.80
10:04:58 67.89   110.41   69.46   87.80
10:06:02 67.55   109.96   69.46   87.58
10:07:05 67.33   108.84   69.46   87.58
10:08:08 67.21   107.38   69.46   87.24
10:09:12 67.10   105.46   69.46   87.24
10:10:15 66.99   103.21   69.46   87.24
10:11:18 66.88   101.98   69.46   87.24
10:12:22 66.88   100.62   69.46   87.01
10:13:25 66.88   99.84   69.46   86.79
10:14:28 66.76   98.26   69.46   86.56
10:15:32 66.76   97.14   69.46   86.56
10:16:35 66.65   96.35   69.46   86.56
10:17:38 66.65   94.78   69.46   86.56
10:18:42 66.65   94.10   69.35   86.56
10:19:45 66.54   93.09   69.35   86.56
10:20:48 66.54   92.53   69.35   86.45
10:21:52 66.65   91.51   69.35   86.45
10:22:55 66.54   90.95   69.35   86.34
10:23:58 66.54   90.61   69.35   86.22
10:25:02 66.54   89.71   69.35   86.11
10:26:05 66.54   89.26   69.35   86.11
10:27:08 66.43   88.81   69.35   86.00
10:28:12 66.43   88.25   69.35   85.89
10:29:15 66.43   87.69   69.35   85.78
10:30:18 66.43   87.46   69.35   85.66
10:31:22 66.43   86.79   69.24   85.66
10:32:25 66.43   90.72   69.24   85.66
10:33:28 68.34   129.76   69.24   85.89
10:34:31 69.12   148.32   69.24   86.11
10:35:34 69.58   129.31   69.24   86.79
10:36:37 69.58   111.88   69.35   87.01
10:37:41 68.79   111.65   69.35   86.90
10:38:44 68.11   109.17   69.35   86.79
10:39:47 67.66   108.50   69.35   86.68
10:40:51 67.44   109.06   69.35   86.56
10:41:54 67.21   107.38   69.35   86.45
10:42:57 67.10   106.36   69.35   86.34
10:44:01 66.99   104.45   69.35   86.22
10:45:04 66.99   102.88   69.35   86.11
10:46:07 66.88   101.08   69.35   86.00
10:47:11 66.76   100.06   69.35   86.00
10:48:14 66.76   98.60   69.35   85.89
10:49:18 66.76   97.25   69.35   85.78
10:50:21 66.65   96.35   69.35   85.78
10:51:24 66.65   95.34   69.35   85.89
10:52:28 66.65   94.21   69.35   85.89
10:53:31 66.54   93.20   69.35   85.78
10:54:34 66.54   92.64   69.35   85.78
10:55:38 66.54   91.40   69.35   85.78
10:56:41 66.54   91.18   69.24   85.66
10:57:44 66.54   90.05   69.24   85.66
10:58:48 66.54   89.49   69.24   85.55
10:59:51 66.43   89.04   69.24   85.44
11:00:54 66.43   88.36   69.24   85.44
11:01:58 66.43   87.80   69.24   85.33
11:03:01 66.43   87.24   69.24   85.33
11:04:04 66.43   87.24   69.24   85.21
11:05:08 66.43   86.68   69.24   85.10
11:06:11 66.43   88.14   69.12   84.99
11:07:14 68.00   122.23   69.24   85.10
11:08:17 69.01   145.85   69.24   85.44
11:09:20 69.46   140.68   69.24   86.11
11:10:23 69.80   114.35   69.24   86.56
11:11:27 69.24   111.99   69.24   86.56
11:12:30 68.34   110.98   69.35   86.34
11:13:33 67.89   109.17   69.35   86.34
11:14:37 67.55   109.96   69.35   86.22
11:15:40 67.33   108.84   69.35   86.22
11:16:43 67.21   107.26   69.35   86.00
11:17:47 66.99   105.12   69.35   86.11
11:18:50 66.99   103.78   69.35   86.11
11:19:53 66.88   102.20   69.35   86.00
11:20:57 66.88   100.74   69.35   86.00
11:22:00 66.76   98.94   69.35   85.89
11:23:03 66.76   98.15   69.24   85.78
11:24:07 66.65   96.80   69.35   85.66
11:25:10 66.65   95.68   69.35   85.66
11:26:13 66.65   94.55   69.35   85.55
11:27:17 66.65   93.76   69.35   85.55
11:28:20 66.54   92.53   69.24   85.44
11:29:23 66.54   92.19   69.24   85.33
11:30:27 66.54   91.29   69.35   85.21
11:31:30 66.54   90.72   69.24   85.10
11:32:33 66.54   89.71   69.24   85.10
11:33:37 66.54   88.93   69.24   85.10
11:34:40 66.43   88.81   69.24   85.10
11:35:43 66.43   88.25   69.24   85.10
11:36:47 66.43   87.80   69.24   84.99
11:37:50 66.43   87.58   69.24   84.99
11:38:53 66.43   87.24   69.24   84.99
11:39:57 66.43   86.90   69.24   84.88
11:41:00 66.43   86.22   69.24   84.76
11:42:03 66.43   86.22   69.24   84.76
11:43:07 66.43   85.89   69.24   84.76
11:44:10 66.43   85.66   69.24   84.65
11:45:13 66.31   85.55   69.12   84.65
11:46:17 66.31   85.55   69.12   84.54
11:47:20 66.43   84.99   69.24   84.43
11:48:23 66.31   84.99   69.12   84.43
11:49:27 66.43   84.76   69.12   84.31
11:50:30 66.31   84.54   69.12   84.43
11:51:34 66.31   89.71   69.12   84.31
11:52:37 68.45   132.80   69.12   84.54
11:53:40 69.12   146.64   69.12   84.99
11:54:43 69.58   123.24   69.12   85.55
11:55:46 69.46   111.65   69.24   85.78
11:56:49 68.56   110.86   69.24   85.66
11:57:53 68.00   110.53   69.24   85.55
11:58:56 67.66   109.96   69.24   85.33
11:59:59 67.33   108.05   69.24   85.21
12:01:03 67.21   106.92   69.24   85.21
12:02:06 67.10   105.12   69.24   85.21
12:03:09 66.88   103.66   69.24   85.10
12:04:13 66.88   101.75   69.24   84.99
12:05:16 66.76   100.62   69.24   84.99
12:06:19 66.76   99.28   69.24   84.88
12:07:23 66.65   97.92   69.24   84.88
12:08:26 66.65   96.58   69.35   84.88
12:09:29 66.65   96.01   69.35   84.76
12:10:33 66.65   95.00   69.24   84.88
12:11:36 66.54   93.88   69.35   84.76
12:12:39 66.54   93.43   69.24   84.76
12:13:43 66.54   91.85   69.24   84.54
12:14:46 66.43   91.62   69.24   84.54
12:15:49 66.43   90.95   69.24   84.43
12:16:53 66.43   89.83   69.24   84.43
12:17:56 66.43   89.60   69.24   84.31
12:18:59 66.43   89.15   69.24   84.20
12:20:03 66.43   88.36   69.24   84.20
12:21:06 66.43   88.25   69.24   84.09
12:22:09 66.43   87.46   69.24   84.20
12:23:13 66.43   86.90   69.24   84.20
12:24:16 66.43   86.56   69.24   84.09
12:25:19 66.31   86.45   69.12   84.09
12:26:23 66.31   86.00   69.24   83.97
12:27:26 66.43   93.88   69.12   83.97
12:28:29 68.68   136.62   69.12   84.09
12:29:32 69.24   147.31   69.12   84.65
12:30:35 69.69   122.67   69.12   85.21
12:31:38 69.46   112.10   69.12   85.55
12:32:42 68.68   110.98   69.24   85.33
12:33:45 68.11   110.53   69.24   85.33
12:34:48 67.66   110.30   69.24   85.33
12:35:52 67.44   108.95   69.35   85.10
12:36:55 67.21   107.38   69.35   85.10
12:37:59 67.10   105.01   69.35   85.10
12:39:02 66.99   104.56   69.35   84.99
12:40:05 66.88   102.88   69.35   84.88
12:41:09 66.76   100.74   69.35   84.76
12:42:12 66.76   99.50   69.35   84.76
12:43:15 66.76   98.04   69.35   84.76
12:44:19 66.65   96.91   69.35   84.76
12:45:22 66.65   96.24   69.35   84.76
12:46:25 66.65   95.11   69.35   84.65
12:47:29 66.54   93.76   69.24   84.54
12:48:32 66.54   92.75   69.24   84.54
12:49:35 66.54   92.41   69.24   84.54
12:50:39 66.54   91.51   69.24   84.54
12:51:42 66.54   90.72   69.24   84.65
12:52:45 66.54   90.05   69.24   84.54
12:53:49 66.43   89.26   69.24   84.31
12:54:52 66.43   88.81   69.24   84.31
12:55:55 66.43   88.59   69.24   84.20
12:56:59 66.43   88.03   69.24   84.20
12:58:02 66.43   87.24   69.24   84.09
12:59:05 66.43   87.12   69.24   84.20
13:00:09 66.43   86.56   69.24   84.09
13:01:12 66.43   86.68   69.24   84.09
13:02:15 66.43   86.11   69.24   84.09
13:03:19 66.31   86.22   69.24   83.97
13:04:22 66.31   85.89   69.12   83.75
13:05:25 66.31   85.78   69.24   83.75
13:06:29 66.43   85.21   69.12   83.75
13:07:32 66.31   85.33   69.24   83.64
13:08:35 66.31   85.21   69.12   83.64
13:09:39 66.43   84.76   69.12   83.53
13:10:42 66.31   84.76   69.12   83.64
13:11:45 66.31   84.54   69.12   83.64
13:12:49 66.31   84.43   69.12   83.53
13:13:52 66.31   84.09   69.12   83.41
13:14:56 66.31   84.09   69.12   83.41
13:15:59 66.31   84.09   69.12   83.41
13:17:02 66.31   83.86   69.12   83.41
13:18:06 66.31   83.75   69.12   83.41
13:19:09 66.31   83.53   69.12   83.30
13:20:12 66.31   83.41   69.01   83.30
13:21:16 66.31   83.53   69.01   83.19
13:22:19 66.31   83.19   69.01   83.19
13:23:22 66.31   83.08   69.01   83.08
13:24:26 66.31   83.30   69.01   82.96
13:25:29 66.20   82.96   69.01   82.96
13:26:32 66.31   82.96   69.01   82.96
13:27:36 66.31   82.85   69.01   82.96
13:28:39 66.31   82.74   69.01   82.96
13:29:42 66.31   82.74   69.01   82.96
13:30:46 66.31   91.74   69.01   82.85
13:31:49 68.56   137.07   68.90   83.08
13:32:52 69.12   149.45   69.01   83.64
13:33:55 69.58   125.94   69.01   84.43
13:34:58 69.69   112.21   69.01   84.65
13:36:01 68.79   112.10   69.01   84.54
13:37:05 68.11   112.44   69.12   84.54
13:38:08 67.66   110.98   69.12   84.43
13:39:11 67.44   109.40   69.12   84.20
13:40:15 67.21   107.60   69.12   84.20
13:41:18 67.10   105.80   69.12   84.09
13:42:21 66.99   104.11   69.24   84.09
13:43:25 66.88   102.42   69.24   84.09
13:44:28 66.76   101.08   69.24   84.09
13:45:31 66.76   99.73   69.24   83.97
13:46:35 66.65   98.49   69.24   83.86
13:47:38 66.65   96.58   69.24   83.86
13:48:41 66.65   96.01   69.24   83.86
13:49:45 66.65   94.66   69.24   83.75
13:50:48 66.54   93.88   69.24   83.75
13:51:51 66.54   92.75   69.24   83.75
13:52:55 66.54   92.08   69.12   83.64
13:53:58 66.54   91.62   69.12   83.64
13:55:01 66.54   90.50   69.24   83.64
13:56:05 66.43   89.94   69.24   83.64
13:57:08 66.43   89.49   69.12   83.64
13:58:11 66.43   89.04   69.12   83.64
13:59:15 66.43   88.93   69.12   83.64
14:00:18 66.43   88.03   69.12   83.41
14:01:22 66.43   87.46   69.12   83.30
14:02:25 66.43   87.35   69.12   83.30
14:03:28 66.43   86.79   69.12   83.30
14:04:32 66.43   86.45   69.12   83.30
14:05:35 66.43   86.45   69.12   83.30
14:06:38 66.31   85.78   69.12   83.19
14:07:42 66.31   85.78   69.12   83.19
14:08:45 66.43   85.55   69.12   83.08
14:09:48 66.31   85.21   69.12   83.08
14:10:52 66.31   84.99   69.12   82.96
14:11:55 66.31   84.43   69.01   82.85
14:12:58 66.31   84.65   69.01   82.96
14:14:02 66.31   84.20   69.01   82.96
14:15:05 66.31   84.09   69.01   82.96
14:16:08 66.31   83.97   69.01   82.85
14:17:12 66.31   84.09   69.01   82.96
14:18:15 66.31   84.20   69.01   82.96
14:19:18 66.31   83.97   69.01   82.85
14:20:22 66.31   83.53   69.01   82.74
14:21:25 66.31   83.64   69.01   82.85
14:22:28 66.31   83.64   69.01   82.85
14:23:32 66.31   83.53   69.01   82.74
14:24:35 66.31   83.53   69.01   82.62
14:25:38 66.31   83.30   68.90   82.74
14:26:42 66.31   83.41   69.01   82.74
14:27:45 66.20   83.19   69.01   82.62
14:28:48 66.31   83.19   68.90   82.62
14:29:52 66.31   83.19   69.01   82.51
14:30:55 66.31   82.96   68.90   82.51
14:31:58 66.31   82.85   68.90   82.51
14:33:02 66.31   82.74   68.90   82.29
14:34:05 66.31   82.51   68.90   82.18
14:35:09 66.20   82.40   68.90   82.06
14:36:12 66.20   82.51   68.90   82.06
14:37:15 66.20   82.06   68.90   82.18
14:38:19 66.20   82.51   68.90   82.06
14:39:22 66.20   82.62   68.90   82.06
14:40:25 66.20   82.51   68.90   81.95
14:41:29 66.20   82.06   68.79   81.95
14:42:32 66.20   82.29   68.79   81.84
14:43:35 66.20   82.29   68.79   81.84
14:44:39 66.20   82.18   68.79   81.84
14:45:42 66.20   82.18   68.79   81.95
14:46:45 66.20   82.18   68.68   81.84
14:47:49 66.20   81.95   68.68   81.84
14:48:52 66.20   82.06   68.68   81.72
14:49:55 66.20   82.18   68.79   81.72
14:50:59 66.20   82.06   68.68   81.72
14:52:02 66.20   81.72   68.68   81.61
14:53:05 66.20   81.72   68.68   81.61
14:54:09 66.20   81.84   68.68   81.61
14:55:12 66.20   81.95   68.68   81.50
14:56:15 66.09   82.40   68.68   81.50
14:57:19 66.20   81.95   68.68   81.39
14:58:22 66.20   81.95   68.68   81.39
14:59:25 66.20   81.72   68.68   81.39
15:00:29 66.09   81.84   68.68   81.39
15:01:32 66.20   81.72   68.68   81.39
15:02:35 66.20   81.84   68.68   81.39
15:03:39 66.09   81.84   68.68   81.28
15:04:42 66.20   89.38   68.68   81.28
15:05:45 68.56   135.05   68.68   81.39
15:06:48 69.46   151.70   68.68   82.06
15:07:51 70.03   143.94   68.68   82.85
15:08:54 70.36   146.86   68.79   83.41
15:09:57 70.81   155.98   68.79   83.97
15:11:00 71.15   147.43   68.90   84.54
15:12:03 71.49   123.24   69.01   84.88
15:13:06 70.93   115.14   69.01   84.76
15:14:09 69.80   115.25   69.12   84.54
15:15:13 68.90   113.00   69.24   84.20
15:16:16 68.45   113.90   69.24   84.09
15:17:19 68.11   113.00   69.35   83.86
15:18:23 69.80   129.31   69.35   83.86
15:19:25 70.70   145.29   69.46   84.31
15:20:28 71.15   155.64   69.46   84.88
15:21:31 71.49   147.31   69.46   85.66
15:22:34 71.83   125.26   69.58   85.89
15:23:37 71.49   114.12   69.69   85.89
15:24:41 70.25   114.91   69.69   85.55
15:25:44 69.35   113.45   69.69   85.33
15:26:48 68.79   114.69   69.80   85.10
15:27:51 68.45   113.45   69.80   84.99
15:28:54 68.11   112.78   69.80   84.99
15:29:57 70.14   130.10   69.91   84.99
15:31:00 71.04   145.74   69.91   85.44
15:32:03 71.49   156.20   69.91   86.11
15:33:06 71.83   144.95   70.03   86.79
15:34:09 72.16   117.50   70.03   87.01
15:35:12 71.26   114.46   70.14   86.90
15:36:16 70.25   115.14   70.14   86.56
15:37:19 69.35   115.92   70.25   86.34
15:38:22 68.90   115.03   70.25   86.11
15:39:26 68.45   112.89   70.25   86.00
15:40:29 68.22   111.99   70.25   85.89
15:41:32 70.03   126.84   70.25   85.89
15:42:35 71.15   143.71   70.25   86.34
15:43:38 71.71   155.07   70.36   87.01
15:44:41 72.05   150.35   70.36   87.58
15:45:44 72.28   122.00   70.47   99.84
15:46:47 71.71   114.24   70.47   109.29
15:47:51 70.47   114.58   70.59   109.17
15:48:54 69.69   115.36   70.59   107.38
15:49:57 69.12   115.14   70.59   105.80
15:51:01 68.79   113.67   70.59   104.34
15:52:04 68.45   111.99   70.70   103.10
15:53:07 68.22   110.53   70.70   101.98
15:54:11 68.00   108.73   70.70   101.08
15:55:14 67.89   107.49   70.70   100.17
15:56:17 69.58   123.58   70.70   99.61
15:57:20 71.04   143.26   70.59   99.16
15:58:23 71.60   154.85   70.70   99.05
15:59:26 72.05   143.38   70.70   99.05
16:00:29 72.39   116.60   70.70   98.83
16:01:33 71.60   113.79   70.81   98.49
16:02:36 70.47   114.24   70.81   97.81
16:03:39 69.69   112.10   70.81   97.25
16:04:43 69.12   113.67   70.93   96.69
16:05:46 68.79   113.00   70.93   96.24
16:06:49 68.45   111.42   70.93   95.90
16:07:53 68.22   109.51   70.93   95.56
16:08:56 68.11   107.26   70.93   95.11
16:09:59 68.00   106.03   70.93   94.66
16:11:03 67.89   104.67   70.93   94.44
16:12:06 67.78   103.44   70.93   93.99
16:13:09 67.66   101.86   70.93   93.76
16:14:13 67.66   100.62   70.93   93.43
16:15:16 67.55   99.39   70.81   93.20
16:16:19 67.44   98.15   70.93   92.97
16:17:23 67.55   98.71   70.93   92.75
16:18:26 69.91   128.19   70.93   92.64
16:19:29 71.15   147.54   70.81   92.75
16:20:32 71.71   139.21   70.93   93.20
16:21:35 72.16   114.01   70.93   93.31
16:22:38 71.26   112.44   70.93   93.20
16:23:42 70.25   111.99   71.04   92.97
16:24:45 69.69   112.10   71.04   92.53
16:25:48 69.12   111.99   71.15   92.30
16:26:52 68.79   111.09   71.15   91.96
16:27:55 68.56   109.17   71.15   91.74
16:28:58 68.34   107.38   71.26   91.51
16:30:02 68.22   106.03   71.26   91.40
16:31:05 68.11   104.34   71.15   91.29
16:32:08 68.00   102.88   71.26   91.06
16:33:12 67.89   101.98   71.15   90.84
16:34:15 67.78   100.74   71.26   90.61
16:35:18 67.66   100.06   71.15   90.50
16:36:22 67.44   98.94   71.04   90.28
16:37:25 67.21   97.81   70.93   90.16
16:38:28 67.10   97.03   70.81   89.94
16:39:32 66.88   96.01   70.70   89.71
16:40:35 66.88   95.11   70.59   89.49
16:41:38 66.76   94.33   70.59   89.26
16:42:42 66.76   93.65   70.47   89.15
16:43:45 66.65   93.09   70.47   88.93
16:44:48 66.65   92.41   70.47   88.93
16:45:52 66.65   91.74   70.47   88.81
16:46:55 66.65   90.95   70.47   88.47
16:47:58 66.76   90.95   70.47   88.36
16:49:02 66.76   90.50   70.59   88.25
16:50:05 66.88   89.83   70.59   88.14
16:51:09 66.88   89.49   70.70   88.14
16:52:12 66.88   89.04   70.70   88.03
16:53:15 66.99   88.70   70.70   87.91
16:54:19 66.88   88.47   70.70   87.69
16:55:22 66.88   88.36   70.70   87.58
16:56:25 66.99   88.47   70.81   87.58
16:57:29 66.99   87.46   70.81   87.46
16:58:32 66.99   87.12   70.81   87.35
16:59:35 66.99   87.12   70.81   87.24
17:00:39 66.99   87.24   70.81   87.12
17:01:42 66.99   86.90   70.93   87.01
17:02:45 66.99   86.45   70.81   87.01
17:03:49 66.99   86.56   70.81   86.79
17:04:52 66.88   86.22   70.81   86.68
17:05:55 66.99   86.22   70.70   86.56
17:06:59 66.99   86.34   70.70   86.45
17:08:02 66.99   86.11   70.70   86.45
17:09:05 66.99   85.89   70.59   86.34
17:10:09 66.99   85.89   70.59   86.22
17:11:12 66.99   86.00   70.47   86.11
17:12:15 66.99   85.66   70.59   86.11
17:13:19 66.99   85.78   70.59   86.11
17:14:22 66.99   85.55   70.59   86.00
17:15:25 66.99   85.66   70.59   85.89
17:16:29 66.99   85.44   70.47   85.89
17:17:32 66.99   85.10   70.47   85.78
17:18:35 66.88   85.21   70.59   85.78
17:19:39 66.99   85.33   70.47   85.66
17:20:42 66.88   84.99   70.47   85.55
17:21:45 66.88   85.10   70.47   85.44
17:22:49 66.88   85.44   70.47   101.41
17:23:52 66.88   84.99   70.47   101.86
17:24:56 66.88   84.88   70.47   100.62
17:25:59 66.99   84.99   70.59   99.16
17:27:02 66.88   84.99   70.47   98.04
17:28:06 66.88   84.54   70.59   97.03
17:29:09 66.88   84.54   70.47   96.12
17:30:12 66.88   84.43   70.47   95.34
17:31:16 66.88   84.76   70.47   94.78
17:32:19 66.88   84.43   70.36   94.10
17:33:22 66.88   84.54   70.47   93.65
17:34:26 66.99   84.54   70.47   93.09
17:35:29 66.99   84.43   70.47   92.64
17:36:32 66.99   84.43   70.36   92.19
17:37:36 66.99   84.09   70.36   91.74
17:38:39 66.99   84.31   70.36   91.40
17:39:42 66.88   84.20   70.47   91.06
17:40:46 66.99   84.20   70.47   90.72
17:41:49 66.99   84.43   70.47   90.50
17:42:52 66.99   84.20   70.47   90.28
17:43:56 66.99   84.20   70.47   89.94
17:44:59 66.99   84.09   70.47   89.71
17:46:02 66.99   83.86   70.47   89.49
17:47:06 66.99   83.86   70.36   89.38
17:48:09 66.99   84.20   70.36   89.04
17:49:12 66.99   84.43   70.36   88.81
17:50:16 66.99   83.97   70.36   88.70
17:51:19 67.10   83.86   70.25   88.47
17:52:22 67.10   83.86   70.25   88.36
17:53:26 67.10   83.97   70.25   88.25
17:54:29 67.10   83.97   70.14   88.03
17:55:32 67.10   83.86   70.14   87.80
17:56:36 66.99   83.41   70.14   100.40
17:57:39 67.10   83.64   70.14   106.59
17:58:43 67.10   83.64   70.14   107.71
17:59:46 67.10   83.53   70.14   107.94
18:00:49 66.99   83.64   70.14   108.39
18:01:53 67.10   84.31   70.14   107.71
18:02:56 67.66   102.09   70.14   108.61
18:03:59 69.80   139.78   70.03   108.95
18:05:02 70.70   140.45   70.14   109.17
18:06:05 71.26   115.48   70.14   110.08
18:07:08 70.59   111.42   70.14   110.98
18:08:12 69.69   109.96   70.25   110.75
18:09:15 69.12   110.19   70.25   109.51
18:10:18 68.79   110.19   70.25   108.28
18:11:22 68.45   108.73   70.25   111.09
18:12:25 68.22   107.04   70.25   112.33
18:13:28 68.11   105.46   70.25   111.76
18:14:32 68.00   103.89   70.25   110.98
18:15:35 67.89   102.20   70.25   109.74
18:16:38 67.78   101.19   70.25   108.39
18:17:42 67.66   100.17   70.25   107.04
18:18:45 67.66   98.38   70.25   105.91
18:19:48 67.55   97.36   70.25   104.79
18:20:52 67.55   96.46   70.25   103.89
18:21:55 67.44   95.22   70.25   102.99
18:22:58 67.44   94.10   70.25   102.31
18:24:02 67.44   93.09   70.25   101.53
18:25:05 67.44   92.75   70.25   100.85
18:26:08 67.44   92.19   70.25   102.42
18:27:12 67.33   91.85   70.14   101.98
18:28:15 67.33   90.84   70.14   101.30
18:29:18 67.33   90.72   70.25   100.51
18:30:22 67.33   90.28   70.14   99.84
18:31:25 67.33   89.83   70.14   99.28
18:32:28 67.21   89.15   70.14   98.71
18:33:32 67.21   88.47   70.14   98.15
18:34:35 67.21   88.36   70.14   97.70
18:35:39 67.21   88.03   70.14   97.25
18:36:42 67.21   87.80   70.14   96.69
18:37:45 67.21   87.69   70.14   96.24
18:38:49 67.10   87.35   70.14   95.79
18:39:52 67.21   87.24   70.14   105.58
18:40:55 67.21   86.79   70.14   109.06
18:41:59 67.10   86.79   70.14   109.17
18:43:02 67.10   86.68   70.14   107.94
18:44:05 67.10   86.34   70.03   106.36
18:45:09 67.10   86.00   70.14   105.12
18:46:12 67.10   85.89   70.03   103.89
18:47:15 67.10   85.78   70.03   102.65
18:48:19 66.99   85.55   70.03   101.64
18:49:22 67.10   85.66   70.03   100.74
18:50:25 67.10   85.33   70.03   99.95
18:51:29 67.10   84.88   70.03   99.16
18:52:32 66.99   85.21   70.03   98.60
18:53:35 67.10   84.76   69.91   97.81
18:54:39 66.99   84.99   70.03   97.25
18:55:42 66.99   84.76   69.91   96.80
18:56:45 66.99   84.31   69.91   96.24
18:57:49 66.99   84.43   69.91   95.68
18:58:52 66.99   84.31   69.91   95.22
18:59:55 66.99   84.20   69.91   94.89
19:00:59 66.99   84.31   69.80   94.55
19:02:02 66.99   84.20   69.80   94.10
19:03:05 66.88   83.86   69.80   93.65
19:04:09 66.88   84.09   69.80   93.31
19:05:12 66.88   83.97   69.80   92.86
19:06:16 66.88   83.75   69.80   92.41
19:07:19 66.99   83.97   69.80   92.19
19:08:22 66.88   83.75   69.80   91.85
19:09:26 66.88   83.64   69.80   91.51
19:10:29 66.88   83.75   69.80   91.18
19:11:32 66.88   83.75   69.69   90.95
19:12:36 66.88   83.53   69.69   90.72
19:13:39 66.88   83.41   69.80   90.50
19:14:42 66.88   83.30   69.69   90.28
19:15:46 66.76   83.30   69.69   89.94
19:16:49 66.76   83.30   69.69   89.71
19:17:52 66.88   83.19   69.69   89.49
19:18:56 66.76   83.19   69.69   89.26
19:19:59 66.76   83.19   69.69   89.04
19:21:02 66.76   83.08   69.69   101.98
19:22:06 66.76   83.30   69.58   107.94
19:23:09 66.76   82.96   69.69   108.84
19:24:12 66.88   83.19   69.69   108.95
19:25:16 66.88   83.08   69.69   108.61
19:26:19 66.88   83.08   69.69   107.94
19:27:22 66.88   83.19   69.69   107.26
19:28:26 66.99   83.30   69.69   106.70
19:29:29 66.88   82.96   69.69   106.03
19:30:32 66.88   82.96   69.69   105.35
19:31:36 66.88   83.08   69.69   104.67
19:32:39 66.99   82.96   69.69   104.00
19:33:42 66.99   83.08   69.69   103.33
19:34:46 66.99   83.08   69.69   102.65
19:35:49 66.99   83.08   69.69   101.98
19:36:52 66.99   82.96   69.69   101.41
19:37:56 66.99   83.30   69.69   100.96
19:38:59 66.99   83.08   69.69   100.51
19:40:03 66.99   82.74   69.69   99.95
19:41:06 66.99   82.96   69.69   99.39
19:42:09 66.99   83.08   69.69   99.05
19:43:13 66.99   82.96   69.69   98.60
19:44:16 66.99   83.08   69.69   98.26
19:45:19 66.88   83.08   69.58   97.81
19:46:23 66.76   83.19   69.35   97.48
19:47:26 66.65   83.08   69.35   97.14
19:48:29 66.54   82.85   69.24   96.80
19:49:33 66.43   82.85   69.24   96.58
19:50:36 66.43   82.85   69.24   96.35
19:51:39 66.31   82.85   69.12   96.01
19:52:43 66.31   82.96   69.12   95.90
19:53:46 66.20   82.85   69.01   95.68
19:54:49 66.20   82.62   69.01   95.56
19:55:53 66.20   82.74   69.01   95.34
19:56:56 66.09   82.51   69.01   95.22
19:57:59 66.09   82.40   68.90   95.00
19:59:03 66.09   82.62   68.90   94.55
20:00:06 66.09   82.51   68.90   94.33
20:01:09 65.97   82.96   68.90   94.10
20:02:13 65.97   82.51   68.90   93.76
20:03:16 65.97   82.40   68.79   93.54
20:04:19 65.97   82.40   68.79   93.31
20:05:23 65.97   82.62   68.79   93.20
20:06:26 65.75   82.74   68.68   92.86
20:07:29 65.41   82.62   68.34   92.53
20:08:33 65.08   82.40   68.00   97.25
20:09:36 65.08   82.18   68.00   115.48
20:10:39 65.08   81.95   68.22   118.40
20:11:43 65.30   81.95   68.34   118.74
20:12:46 65.30   81.95   68.45   116.83
20:13:50 65.53   81.84   68.56   112.78
20:14:53 65.64   81.95   68.56   111.31
20:15:56 65.64   82.06   68.56   110.53
20:17:00 65.64   82.06   68.56   109.85
20:18:03 65.64   81.84   68.56   109.29
20:19:06 65.64   82.06   68.56   108.73
20:20:10 65.64   81.72   68.56   108.05
20:21:13 65.75   81.84   68.56   107.49
20:22:16 65.75   81.84   68.56   106.92
20:23:20 65.75   82.18   68.56   106.25
20:24:23 65.75   82.06   68.68   105.69
20:25:26 65.86   82.18   68.68   105.12
20:26:30 65.86   82.06   68.68   104.56
20:27:33 65.86   81.84   68.68   104.00
20:28:36 65.86   81.95   68.68   103.44
20:29:40 65.86   81.72   68.68   102.99
20:30:43 65.97   81.84   68.68   102.42
20:31:46 65.97   81.84   68.79   101.86
20:32:50 65.97   81.72   68.79   101.41
20:33:53 65.97   81.84   68.79   100.96
20:34:56 65.97   81.84   68.79   100.51
20:36:00 66.09   82.06   68.79   99.95
20:37:03 66.09   81.84   68.79   99.50
20:38:06 66.20   81.72   68.79   99.05
20:39:10 66.20   81.72   68.79   98.60
20:40:13 66.31   81.61   68.79   98.15
20:41:16 66.31   81.72   68.79   97.81
20:42:20 66.31   81.72   68.79   107.38
20:43:23 66.31   81.72   68.79   113.45
20:44:26 66.31   81.72   68.79   113.90
20:45:30 66.31   81.72   68.79   114.01
20:46:33 66.31   81.61   68.79   113.90
20:47:37 66.43   81.61   68.79   113.67
20:48:40 66.43   81.61   68.79   113.56
20:49:43 66.31   81.72   68.79   113.23
20:50:47 66.43   81.72   68.79   112.89
20:51:50 66.43   81.61   68.79   112.55
20:52:53 66.43   81.84   68.79   112.21
20:53:57 66.43   81.61   68.79   111.76
20:55:00 66.43   81.72   68.79   111.09
20:56:03 66.54   81.72   68.79   110.41
20:57:07 66.43   81.84   68.79   109.74
20:58:10 66.43   81.84   68.79   108.95
20:59:13 66.54   84.09   68.79   108.28
21:00:17 68.45   119.19   68.79   107.60
21:01:20 70.03   144.95   68.79   107.15
21:02:22 70.81   129.65   69.01   107.04
21:03:26 71.04   111.65   69.12   106.81
21:04:29 69.80   111.20   69.24   106.25
21:05:32 69.01   109.62   69.24   105.58
21:06:36 68.56   109.51   69.24   104.90
21:07:39 68.11   108.28   69.24   104.45
21:08:42 67.89   106.59   69.35   103.66
21:09:46 67.78   105.01   69.24   103.21
21:10:49 67.55   103.44   69.35   102.65
21:11:52 67.44   101.98   69.35   102.20
21:12:56 67.33   100.29   69.24   101.75
21:13:59 67.33   98.83   69.35   101.30
21:15:02 67.21   97.92   69.35   100.96
21:16:06 67.21   96.80   69.35   100.51
21:17:09 67.10   95.90   69.35   100.17
21:18:13 67.10   94.55   69.35   99.84
21:19:16 67.10   93.54   69.24   99.39
21:20:19 67.10   92.86   69.24   99.05
21:21:23 66.99   91.96   69.24   98.71
21:22:26 66.99   91.29   69.24   98.26
21:23:29 66.99   90.39   69.24   97.92
21:24:33 66.99   89.94   69.24   97.59
21:25:36 66.99   89.49   69.24   97.25
21:26:39 66.88   88.70   69.24   96.91
21:27:43 66.88   88.36   69.24   96.80
21:28:46 66.88   88.03   69.24   96.35
21:29:49 66.88   87.46   69.24   96.01
21:30:53 66.88   87.46   69.24   95.79
21:31:56 66.76   86.68   69.24   95.56
21:32:59 66.76   86.34   69.24   95.22
21:34:03 66.76   86.22   69.24   94.89
21:35:06 66.76   85.89   69.12   94.66
21:36:09 66.76   85.44   69.12   94.44
21:37:13 66.76   85.33   69.12   94.10
21:38:16 66.76   89.26   69.12   93.99
21:39:19 69.12   129.09   69.12   93.88
21:40:22 70.25   145.74   69.12   93.99
21:41:25 70.93   124.14   69.12   94.44
21:42:28 70.59   111.42   69.24   94.66
21:43:32 69.58   110.75   69.35   94.44
21:44:35 68.90   108.61   69.35   94.10
21:45:38 68.34   106.70   69.35   93.65
21:46:42 68.00   106.03   69.35   93.43
21:47:45 67.78   105.80   69.24   93.20
21:48:48 67.66   104.90   69.35   92.97
21:49:52 67.55   103.33   69.35   92.64
21:50:55 67.33   102.20   69.24   92.41
21:51:59 67.33   100.06   69.35   92.19
21:53:02 67.21   98.38   69.35   92.08
21:54:05 67.10   97.36   69.24   91.85
21:55:09 67.10   96.12   69.24   91.62
21:56:12 67.10   95.11   69.35   91.40
21:57:15 66.99   94.44   69.24   91.29
21:58:19 66.99   93.54   69.24   91.06
21:59:22 66.99   92.86   69.24   90.84
22:00:25 66.88   92.08   69.24   90.72
22:01:29 66.88   91.18   69.24   90.61
22:02:32 66.88   90.50   69.24   90.28
22:03:35 66.76   89.83   69.24   90.05
22:04:39 66.76   89.04   69.24   90.05
22:05:42 66.76   89.15   69.24   89.94
22:06:45 66.76   88.47   69.24   89.71
22:07:49 66.76   88.14   69.12   89.60
22:08:52 66.76   87.58   69.24   89.38
22:09:55 66.65   87.58   69.12   89.15
22:10:59 66.76   86.90   69.12   89.04
22:12:02 66.65   86.45   69.12   88.93
22:13:05 66.65   86.45   69.12   88.81
22:14:09 66.76   85.89   69.12   88.70
22:15:12 66.65   85.78   69.12   88.59
22:16:15 66.65   85.55   69.01   88.36
22:17:19 66.65   85.33   69.01   88.25
22:18:22 66.65   84.99   69.01   88.25
22:19:25 66.65   84.88   69.01   88.25
22:20:29 66.65   84.54   69.01   88.03
22:21:32 66.65   84.43   69.01   88.03
22:22:35 66.65   84.20   69.01   87.91
22:23:39 66.65   84.31   69.01   87.58
22:24:42 66.54   83.97   69.01   87.46
22:25:46 66.54   83.64   68.90   87.35
22:26:49 66.54   83.64   69.01   87.35
22:27:52 66.54   83.41   69.01   87.24
22:28:56 66.54   83.41   69.01   87.12
22:29:59 66.54   83.53   68.90   86.90
22:31:02 66.54   83.41   68.90   86.68
22:32:06 66.54   83.19   68.90   86.56
22:33:09 66.54   83.08   68.90   86.56
22:34:12 66.54   83.08   68.90   86.56
22:35:16 66.54   82.96   68.90   86.56
22:36:19 66.54   82.85   68.90   86.34
22:37:22 66.54   82.74   68.79   86.22
22:38:26 66.54   82.62   68.79   86.11
22:39:29 66.54   82.62   68.79   86.22
22:40:32 66.54   82.62   68.79   86.11
22:41:36 66.54   82.51   68.79   86.11
22:42:39 66.54   82.62   68.79   85.89
22:43:42 66.54   82.62   68.79   85.89
22:44:46 66.43   82.62   68.79   85.78
22:45:49 66.43   82.62   68.79   85.78
22:46:52 66.43   82.51   68.68   85.66
22:47:56 66.43   82.29   68.68   85.55
22:48:59 66.54   82.29   68.68   85.44
22:50:02 66.43   82.40   68.68   85.33
22:51:06 66.43   82.40   68.68   85.21
22:52:09 66.43   82.29   68.68   85.21
22:53:12 66.43   81.95   68.68   84.99
22:54:16 66.43   81.84   68.68   84.99
22:55:19 66.43   81.95   68.56   84.88
22:56:22 66.43   81.84   68.68   84.88
22:57:26 66.43   81.95   68.68   84.76
22:58:29 66.43   81.95   68.56   84.76
22:59:33 66.43   81.84   68.68   84.65
23:00:36 66.43   81.95   68.56   84.65
23:01:39 66.43   81.72   68.56   84.76
23:02:43 66.43   81.72   68.56   84.65
23:03:46 66.43   81.84   68.56   84.65
23:04:49 66.43   81.72   68.56   84.54
23:05:53 66.31   81.50   68.56   84.54
23:06:56 66.43   81.72   68.56   84.54
23:07:59 66.43   81.39   68.56   84.43
23:09:03 66.31   81.50   68.56   84.31
23:10:06 66.31   81.61   68.56   84.20
23:11:09 66.31   81.72   68.45   84.20
23:12:13 66.43   81.72   68.45   84.09
23:13:16 66.43   81.61   68.45   83.97
23:14:19 66.43   81.61   68.45   83.97
23:15:23 66.31   81.61   68.45   83.86
23:16:26 66.31   81.50   68.45   83.86
23:17:29 66.31   81.50   68.45   83.86
23:18:33 66.31   81.50   68.45   83.75
23:19:36 66.31   81.61   68.45   83.64
23:20:39 66.31   81.61   68.45   83.64
23:21:43 66.31   81.61   68.34   83.64
23:22:46 66.31   81.39   68.34   83.75
23:23:49 66.31   81.72   68.34   83.53
23:24:53 66.31   81.39   68.34   83.53
23:25:56 66.31   81.61   68.34   83.53
23:26:59 66.31   81.50   68.34   106.59
23:28:03 66.31   81.39   68.34   113.45
23:29:06 66.31   81.39   68.34   114.80
23:30:09 66.20   81.50   68.34   115.25
23:31:13 66.31   81.16   68.34   114.69
23:32:16 66.31   81.28   68.34   113.79
23:33:20 66.31   80.94   68.34   112.66
23:34:23 66.31   81.16   68.22   111.54
23:35:26 66.31   81.05   68.22   110.19
23:36:30 66.20   81.16   68.22   109.06
23:37:33 66.20   80.83   68.22   108.16
23:38:36 66.31   80.71   68.22   107.15
23:39:40 66.20   80.94   68.22   106.25
23:40:43 66.20   80.94   68.22   105.24
23:41:46 66.20   81.05   68.11   104.45
23:42:50 66.20   81.05   68.22   103.66
23:43:53 66.20   81.16   68.11   102.88
23:44:56 66.20   80.71   68.11   102.09
23:46:00 66.20   81.05   68.11   101.41
23:47:03 66.20   80.71   68.11   100.74
23:48:06 66.20   80.83   68.11   100.17
23:49:10 66.20   80.71   68.11   99.50
23:50:13 66.20   81.16   68.11   98.94
23:51:16 66.20   80.94   68.11   98.26
23:52:20 66.20   80.60   68.11   97.81
23:53:23 66.09   80.83   68.11   97.25
23:54:26 66.20   80.60   68.00   96.69
23:55:30 66.20   80.60   68.00   96.24
23:56:33 66.20   80.71   68.00   95.79
23:57:36 66.09   80.83   68.00   95.45
23:58:40 66.20   80.83   68.00   95.00
23:59:43 66.09   80.38   68.00   94.44
