 Date  Furn_In  Furn_Out  Bsmnt   Water_Htr
00:00:02 65.97   81.95   70.25   91.06
00:01:06 65.97   81.95   70.25   90.84
00:02:09 65.97   82.06   70.14   90.50
00:03:13 65.97   81.95   70.25   90.28
00:04:16 65.86   81.61   70.25   90.16
00:05:19 65.86   81.50   70.14   89.83
00:06:23 65.97   81.39   70.14   89.60
00:07:26 65.97   81.61   70.14   89.38
00:08:29 65.97   81.84   70.03   89.15
00:09:33 65.86   81.61   70.14   89.04
00:10:36 65.97   81.50   70.03   88.81
00:11:39 65.86   81.61   70.03   88.59
00:12:43 65.97   81.72   70.03   88.36
00:13:46 65.86   81.61   70.03   88.25
00:14:49 65.86   81.84   70.03   88.03
00:15:53 65.86   81.84   70.14   87.91
00:16:56 65.86   81.61   70.03   87.80
00:17:59 65.86   81.61   70.03   87.58
00:19:03 65.86   81.72   70.03   87.46
00:20:06 65.86   81.72   70.03   87.24
00:21:09 65.86   81.50   70.03   87.12
00:22:13 65.86   81.39   70.03   87.01
00:23:16 65.86   81.28   70.03   86.79
00:24:19 65.86   81.28   70.03   86.68
00:25:23 65.86   81.50   70.03   86.45
00:26:26 65.75   81.50   70.03   86.34
00:27:29 65.86   81.39   70.03   86.22
00:28:33 65.86   81.28   69.91   86.00
00:29:36 65.86   81.61   70.03   86.00
00:30:39 65.86   81.61   69.91   85.78
00:31:43 65.86   81.39   70.03   85.55
00:32:46 65.75   81.16   70.03   85.55
00:33:49 65.86   81.28   69.91   85.55
00:34:53 65.86   81.39   69.91   85.44
00:35:56 65.86   81.39   69.91   85.21
00:37:00 65.75   81.39   69.91   85.10
00:38:03 65.75   81.05   69.80   84.99
00:39:06 65.75   81.28   69.91   84.88
00:40:10 65.75   81.28   69.91   84.65
00:41:13 65.86   81.16   69.91   84.54
00:42:16 65.86   81.28   69.80   84.54
00:43:20 65.75   81.16   69.91   84.43
00:44:23 65.75   81.16   69.91   84.31
00:45:26 65.75   81.72   69.91   84.31
00:46:30 65.75   81.39   69.91   84.31
00:47:33 65.86   81.28   69.91   84.09
00:48:36 65.75   81.28   69.91   83.97
00:49:40 65.75   81.16   69.91   83.97
00:50:43 65.75   80.94   69.91   83.97
00:51:46 65.75   80.83   69.91   84.09
00:52:50 65.75   81.05   69.91   83.97
00:53:53 65.75   80.94   69.80   83.86
00:54:56 65.75   81.28   69.80   83.75
00:56:00 65.86   80.83   69.80   83.64
00:57:03 65.75   80.94   69.80   83.53
00:58:06 65.75   81.05   69.91   83.30
00:59:10 65.75   81.05   69.91   83.30
01:00:13 65.75   81.05   69.80   83.19
01:01:16 65.75   80.94   69.80   83.08
01:02:20 65.75   81.05   69.80   83.08
01:03:23 65.75   81.16   69.80   82.96
01:04:26 65.75   81.05   69.80   82.96
01:05:30 65.75   80.94   69.69   82.85
01:06:33 65.75   80.94   69.69   82.74
01:07:36 65.75   80.94   69.69   82.74
01:08:40 65.75   81.16   69.69   82.74
01:09:43 65.75   80.94   69.80   82.74
01:10:46 65.75   80.71   69.69   82.62
01:11:50 65.75   80.83   69.69   82.62
01:12:53 65.75   80.49   69.69   82.62
01:13:56 65.75   80.60   69.69   82.62
01:15:00 65.75   80.60   69.69   82.40
01:16:03 65.75   80.83   69.69   82.40
01:17:06 65.75   80.60   69.58   82.51
01:18:10 65.75   80.60   69.69   82.51
01:19:13 65.75   80.71   69.58   82.40
01:20:16 65.75   80.83   69.69   82.29
01:21:20 65.75   80.60   69.69   82.29
01:22:23 65.75   80.49   69.69   82.29
01:23:27 65.75   80.49   69.69   82.18
01:24:30 65.75   80.49   69.58   82.18
01:25:33 65.75   80.71   69.69   82.18
01:26:37 65.75   80.83   69.69   82.18
01:27:40 65.75   80.60   69.58   82.06
01:28:43 65.75   80.71   69.58   82.18
01:29:47 65.75   80.71   69.58   82.06
01:30:50 65.75   80.49   69.58   81.95
01:31:53 65.75   80.26   69.58   81.95
01:32:57 65.75   80.49   69.58   81.95
01:34:00 65.75   80.49   69.46   81.95
01:35:03 65.75   80.49   69.46   81.84
01:36:07 65.75   80.71   69.46   81.72
01:37:10 65.75   80.38   69.46   81.61
01:38:13 65.75   80.60   69.46   81.61
01:39:17 65.64   80.26   69.46   81.72
01:40:20 65.64   80.49   69.46   81.61
01:41:23 65.64   80.38   69.46   81.72
01:42:27 65.75   80.04   69.46   81.61
01:43:30 65.64   80.15   69.46   81.72
01:44:33 65.64   80.38   69.46   81.61
01:45:37 65.64   79.93   69.46   81.61
01:46:40 65.64   80.15   69.46   81.61
01:47:43 65.64   80.38   69.35   81.50
01:48:47 65.64   80.15   69.35   81.50
01:49:50 65.64   80.49   69.35   81.50
01:50:53 65.64   80.04   69.35   81.50
01:51:57 65.64   80.04   69.35   81.50
01:53:00 65.64   80.15   69.35   81.39
01:54:03 65.64   80.15   69.46   81.50
01:55:07 65.64   80.26   69.35   81.39
01:56:10 65.64   80.26   69.35   81.39
01:57:13 65.75   86.00   69.24   81.39
01:58:17 68.00   129.65   69.35   81.50
01:59:20 68.90   148.44   69.24   82.06
02:00:22 69.46   131.45   69.35   82.62
02:01:26 69.58   112.21   69.35   82.96
02:02:29 68.68   111.54   69.46   82.96
02:03:32 68.11   108.28   69.46   82.96
02:04:36 67.66   109.85   69.35   82.85
02:05:39 67.33   108.61   69.46   82.74
02:06:42 67.10   107.26   69.46   82.62
02:07:46 66.88   105.58   69.46   82.62
02:08:49 66.76   103.33   69.58   82.51
02:09:52 66.65   101.53   69.58   82.62
02:10:56 66.54   100.17   69.46   82.40
02:11:59 66.43   98.60   69.46   82.40
02:13:02 66.43   97.14   69.46   82.29
02:14:06 66.31   95.79   69.46   82.29
02:15:09 66.31   94.66   69.35   82.40
02:16:12 66.31   93.31   69.35   82.29
02:17:16 66.20   92.75   69.35   82.06
02:18:19 67.33   114.24   69.35   82.18
02:19:22 68.79   140.68   69.24   82.40
02:20:25 69.46   151.81   69.35   83.19
02:21:28 69.80   132.35   69.46   83.75
02:22:31 70.03   112.55   69.46   84.09
02:23:34 69.12   112.44   69.58   83.97
02:24:38 68.34   110.98   69.58   83.75
02:25:41 67.89   108.61   69.46   83.64
02:26:44 67.55   109.62   69.58   83.53
02:27:48 67.21   108.61   69.58   83.41
02:28:51 67.10   107.04   69.46   83.41
02:29:54 66.99   105.46   69.46   83.30
02:30:58 66.88   103.66   69.46   83.19
02:32:01 66.65   101.64   69.58   83.19
02:33:05 66.65   100.85   69.58   83.19
02:34:08 66.54   99.05   69.46   83.08
02:35:11 66.54   97.48   69.46   83.19
02:36:15 66.65   105.35   69.46   83.08
02:37:18 68.90   136.40   69.35   83.19
02:38:20 69.46   149.79   69.35   83.86
02:39:23 69.91   141.12   69.46   84.65
02:40:26 70.36   114.58   69.35   84.99
02:41:30 69.58   112.21   69.58   84.99
02:42:33 68.79   111.99   69.69   84.76
02:43:36 68.11   109.74   69.58   84.65
02:44:40 67.78   110.41   69.69   84.43
02:45:43 67.44   109.96   69.69   84.31
02:46:47 67.21   107.71   69.69   84.20
02:47:50 67.10   106.14   69.80   84.09
02:48:53 66.99   104.45   69.69   84.09
02:49:57 66.76   102.99   69.58   83.97
02:51:00 66.76   100.51   69.69   83.86
02:52:03 66.65   100.85   69.58   83.97
02:53:07 68.34   124.59   69.58   84.20
02:54:09 69.35   143.60   69.46   84.65
02:55:12 69.91   149.11   69.69   85.21
02:56:15 70.25   124.14   69.58   85.66
02:57:19 69.69   117.95   69.69   85.66
02:58:22 68.90   117.05   69.69   85.44
02:59:25 68.22   118.51   69.69   85.44
03:00:29 67.78   116.49   69.80   85.33
03:01:32 67.55   113.67   69.80   85.21
03:02:35 67.33   111.65   69.80   85.10
03:03:39 67.21   110.53   69.80   85.10
03:04:42 66.99   107.83   69.80   85.10
03:05:45 66.99   106.14   69.80   84.99
03:06:49 66.88   104.11   69.69   84.99
03:07:52 66.76   102.42   69.80   85.10
03:08:55 66.76   101.30   69.69   84.99
03:09:59 68.45   124.03   69.80   84.99
03:11:02 69.46   143.04   69.58   85.21
03:12:04 70.03   149.79   69.58   85.89
03:13:07 70.36   125.38   69.46   86.45
03:14:11 70.25   112.21   69.58   86.56
03:15:14 69.24   112.89   69.80   86.34
03:16:17 68.68   110.30   69.80   86.11
03:17:21 68.22   108.05   69.80   86.00
03:18:24 67.89   109.17   69.80   85.89
03:19:27 67.66   108.16   69.80   85.78
03:20:31 67.44   106.70   69.91   85.78
03:21:34 67.21   105.12   69.80   85.66
03:22:37 67.10   103.44   69.91   85.44
03:23:41 66.99   102.31   69.80   85.44
03:24:44 66.99   101.08   69.80   85.44
03:25:47 66.88   99.16   69.80   85.44
03:26:51 66.76   97.81   69.80   85.33
03:27:54 66.76   99.73   69.80   85.33
03:28:57 68.79   129.65   69.69   85.33
03:30:00 69.69   146.75   69.46   85.78
03:31:03 70.03   139.10   69.46   86.34
03:32:06 70.47   113.90   69.46   86.79
03:33:10 69.69   111.76   69.69   86.56
03:34:13 68.79   111.54   69.91   86.56
03:35:16 68.34   112.21   69.80   86.22
03:36:20 67.89   111.31   69.80   86.00
03:37:23 67.66   109.51   69.91   86.00
03:38:26 67.44   107.94   69.91   85.89
03:39:30 67.21   106.92   69.91   85.78
03:40:33 67.10   104.79   69.91   85.78
03:41:36 66.99   102.99   69.91   85.66
03:42:40 66.88   102.09   69.91   85.66
03:43:43 66.76   100.62   69.80   85.66
03:44:46 66.65   99.05   69.80   85.66
03:45:50 66.65   97.81   69.80   85.66
03:46:53 66.54   96.24   69.80   85.66
03:47:56 66.54   95.79   69.80   85.55
03:49:00 66.54   94.44   69.80   85.55
03:50:03 66.43   93.54   69.80   85.55
03:51:06 66.43   92.53   69.80   85.44
03:52:10 66.43   91.74   69.80   85.33
03:53:13 66.43   90.95   69.80   85.21
03:54:16 66.31   90.28   69.69   85.21
03:55:20 66.31   97.59   69.69   85.21
03:56:23 68.79   136.74   69.58   85.21
03:57:26 69.46   144.95   69.46   85.66
03:58:29 69.91   120.42   69.58   86.22
03:59:32 69.58   111.31   69.69   86.56
04:00:35 68.79   110.19   69.80   86.45
04:01:39 68.11   109.29   70.03   86.22
04:02:42 67.78   109.96   69.80   86.22
04:03:45 67.44   108.28   69.80   85.89
04:04:49 67.21   107.15   69.80   85.78
04:05:52 67.10   105.35   69.80   85.89
04:06:56 66.99   103.66   69.80   85.66
04:07:59 66.76   102.31   69.80   85.66
04:09:02 66.76   100.96   69.80   85.55
04:10:06 66.65   99.50   69.80   85.55
04:11:09 66.54   98.49   69.80   85.44
04:12:12 66.54   96.91   69.69   85.44
04:13:16 66.43   95.90   69.69   85.44
04:14:19 66.43   94.55   69.69   85.44
04:15:22 66.43   93.65   69.69   85.33
04:16:26 66.31   92.86   69.69   85.21
04:17:29 66.31   91.96   69.69   85.21
04:18:32 66.31   91.62   69.69   85.10
04:19:36 66.31   90.61   69.69   84.99
04:20:39 66.31   91.06   69.69   84.88
04:21:42 67.66   116.71   69.69   84.99
04:22:45 69.01   142.59   69.35   85.33
04:23:48 69.58   144.61   69.35   86.00
04:24:51 69.91   118.85   69.35   86.45
04:25:54 69.58   111.76   69.58   86.45
04:26:58 68.68   110.75   69.80   86.22
04:28:01 68.11   109.29   69.80   86.11
04:29:05 67.66   110.08   69.80   86.00
04:30:08 67.44   108.61   69.80   85.89
04:31:11 67.21   107.26   69.80   85.89
04:32:15 66.99   106.36   69.80   85.66
04:33:18 66.88   104.67   69.80   85.66
04:34:21 66.76   102.76   69.69   85.55
04:35:25 66.65   101.53   69.80   85.55
04:36:28 66.54   99.84   69.80   85.55
04:37:31 66.54   98.15   69.69   85.55
04:38:35 66.54   97.48   69.69   85.33
04:39:38 66.43   96.46   69.69   85.33
04:40:41 66.31   95.11   69.69   85.21
04:41:45 66.31   93.88   69.69   85.10
04:42:48 66.31   93.20   69.58   85.10
04:43:51 66.31   93.99   69.58   84.99
04:44:55 68.11   125.38   69.58   85.10
04:45:58 69.12   145.40   69.12   85.44
04:47:00 69.69   144.95   69.35   86.22
04:48:03 70.03   118.29   69.58   86.68
04:49:07 69.58   112.21   69.58   86.68
04:50:10 68.79   112.55   69.69   86.45
04:51:13 68.11   111.76   69.80   86.34
04:52:17 67.66   111.20   69.69   86.11
04:53:20 67.44   109.17   69.69   86.11
04:54:23 67.21   108.50   69.69   85.89
04:55:27 66.99   106.03   69.80   85.78
04:56:30 66.88   104.34   69.80   85.78
04:57:33 66.76   102.76   69.69   85.66
04:58:37 66.65   101.30   69.80   85.66
04:59:40 66.54   100.06   69.69   85.66
05:00:44 66.54   99.16   69.69   85.66
05:01:47 66.54   97.70   69.69   85.44
05:02:50 66.43   96.58   69.69   85.44
05:03:54 66.31   95.11   69.69   85.33
05:04:57 66.31   94.33   69.69   85.21
05:06:00 66.31   93.31   69.69   85.21
05:07:04 66.20   92.64   69.69   85.10
05:08:07 66.20   96.69   69.58   84.99
05:09:10 68.45   132.12   69.46   85.21
05:10:13 69.12   148.66   69.24   85.66
05:11:16 69.69   138.76   69.24   86.34
05:12:19 70.03   113.56   69.35   86.68
05:13:22 69.24   112.21   69.58   86.79
05:14:26 68.34   111.31   69.69   86.45
05:15:29 67.89   112.21   69.69   86.34
05:16:32 67.55   110.64   69.69   86.22
05:17:36 67.33   109.62   69.69   86.11
05:18:39 67.10   107.04   69.69   85.89
05:19:42 66.88   105.24   69.58   85.89
05:20:46 66.76   103.78   69.69   85.78
05:21:49 66.65   102.54   69.69   85.66
05:22:52 66.54   100.85   69.58   85.55
05:23:56 66.54   99.73   69.58   85.55
05:24:59 66.43   98.26   69.69   85.55
05:26:02 66.43   97.36   69.58   85.33
05:27:06 66.31   96.12   69.58   85.33
05:28:09 66.31   95.11   69.58   85.21
05:29:12 66.31   98.94   69.58   85.21
05:30:16 68.68   135.28   69.24   85.33
05:31:19 69.24   149.56   69.24   85.89
05:32:21 69.69   157.10   69.24   86.68
05:33:24 70.14   144.84   69.35   87.35
05:34:27 70.47   147.99   69.35   87.80
05:35:30 70.70   156.31   69.46   88.25
05:36:33 71.15   154.40   69.69   88.70
05:37:36 71.26   135.73   69.58   88.81
05:38:39 71.38   114.12   69.69   88.70
05:39:42 70.36   114.58   69.91   88.47
05:40:46 69.35   114.91   69.80   88.03
05:41:49 68.68   112.55   69.91   87.80
05:42:52 68.22   110.53   70.03   87.69
05:43:56 69.58   128.07   69.80   87.69
05:44:58 70.36   143.82   69.69   88.03
05:46:01 70.70   153.95   69.69   88.59
05:47:04 71.04   157.10   69.69   89.15
05:48:07 71.26   136.18   69.91   89.60
05:49:10 71.49   114.35   70.03   89.49
05:50:14 70.36   114.69   70.14   89.26
05:51:17 69.35   115.36   70.14   88.93
05:52:20 68.79   112.89   70.03   88.70
05:53:24 68.22   115.92   70.03   88.47
05:54:27 70.14   133.48   69.91   88.47
05:55:30 70.81   146.98   70.03   88.93
05:56:33 71.04   155.75   70.03   89.60
05:57:35 71.38   153.28   70.03   90.16
05:58:38 71.60   124.92   70.03   90.39
05:59:42 71.26   114.24   70.14   90.16
06:00:45 70.03   115.25   70.03   89.94
06:01:48 69.12   114.69   70.25   89.60
06:02:52 68.68   115.36   70.14   89.38
06:03:55 68.22   116.38   70.25   89.15
06:04:58 70.36   134.94   70.14   89.26
06:06:01 70.93   147.99   70.14   89.83
06:07:04 71.26   156.54   70.25   90.39
06:08:07 71.60   148.78   70.36   90.95
06:09:10 71.83   121.44   70.25   91.18
06:10:13 70.81   120.99   70.36   90.95
06:11:16 69.80   120.76   70.36   90.61
06:12:20 69.01   118.29   70.36   90.28
06:13:23 68.56   115.81   70.47   90.05
06:14:26 68.11   117.61   70.36   89.94
06:15:30 67.89   117.16   70.25   89.83
06:16:33 70.36   132.91   70.14   89.83
06:17:36 70.93   146.30   70.14   90.39
06:18:39 71.26   154.40   70.25   90.95
06:19:42 71.60   132.57   70.14   91.29
06:20:45 71.26   119.41   70.36   91.40
06:21:48 70.03   120.20   70.36   91.18
06:22:51 69.35   119.08   70.47   90.84
06:23:55 68.68   118.29   70.36   90.50
06:24:58 68.34   117.61   70.59   90.39
06:26:01 68.00   116.04   70.25   90.28
06:27:05 67.78   113.90   70.36   90.16
06:28:08 67.55   112.33   70.14   89.94
06:29:11 67.44   113.67   70.47   89.83
06:30:15 70.14   134.60   70.14   89.94
06:31:17 70.81   147.65   70.14   90.39
06:32:20 71.04   148.44   70.25   91.06
06:33:23 71.49   122.23   70.25   91.29
06:34:27 70.70   118.51   70.36   91.29
06:35:30 69.80   118.74   70.47   90.95
06:36:33 69.01   115.70   70.59   90.72
06:37:37 68.45   113.67   70.59   90.61
06:38:40 68.11   114.80   70.36   90.39
06:39:43 67.78   113.56   70.36   90.28
06:40:47 67.66   112.33   70.36   90.05
06:41:50 67.44   109.96   70.47   89.94
06:42:53 67.33   108.28   70.36   89.94
06:43:57 67.21   106.92   70.14   89.83
06:45:00 67.10   105.46   70.25   89.71
06:46:03 66.99   103.55   70.25   89.49
06:47:07 66.99   101.86   70.25   89.38
06:48:10 66.88   100.85   70.36   89.26
06:49:13 66.76   99.61   70.25   89.15
06:50:17 67.21   108.50   70.25   89.15
06:51:20 69.80   138.09   70.14   89.38
06:52:23 70.47   150.12   70.14   89.83
06:53:26 70.81   130.21   70.14   90.39
06:54:29 70.93   111.65   70.25   90.50
06:55:32 69.91   112.21   70.25   90.39
06:56:36 69.12   112.33   70.25   90.16
06:57:39 68.45   109.62   70.36   89.94
06:58:42 68.11   108.05   70.47   89.71
06:59:46 67.78   106.59   70.59   89.60
07:00:49 67.55   107.38   70.36   89.49
07:01:52 67.44   107.04   70.25   89.38
07:02:56 67.21   105.24   70.25   89.26
07:03:59 67.10   103.66   70.36   89.15
07:05:02 66.99   102.88   70.25   89.04
07:06:06 66.99   101.41   70.25   88.81
07:07:09 66.88   99.95   70.25   88.81
07:08:12 66.76   98.38   70.03   88.81
07:09:16 66.76   97.92   70.03   88.70
07:10:19 66.65   96.58   70.25   88.59
07:11:22 66.54   95.90   70.25   88.47
07:12:26 66.54   95.00   70.25   88.36
07:13:29 66.54   93.99   70.36   88.36
07:14:32 66.54   92.97   70.36   88.14
07:15:36 66.54   92.30   70.14   88.03
07:16:39 66.43   91.62   70.14   88.03
07:17:42 66.43   91.18   70.25   87.91
07:18:46 66.43   95.11   70.25   91.62
07:19:49 69.12   133.48   70.03   93.31
07:20:52 69.91   149.68   69.80   93.43
07:21:55 70.47   157.55   69.91   93.76
07:22:58 70.81   144.28   70.03   94.10
07:24:00 71.15   149.56   70.14   94.21
07:25:03 71.49   157.89   70.36   94.55
07:26:06 71.83   149.45   70.36   94.66
07:27:09 72.05   148.32   70.59   94.78
07:28:12 72.28   156.65   70.47   94.89
07:29:15 72.50   154.51   70.47   95.11
07:30:18 72.61   147.20   70.70   95.11
07:31:21 72.84   155.41   70.81   95.11
07:32:24 72.84   160.14   70.81   95.34
07:33:27 73.06   135.28   70.70   95.45
07:34:30 72.84   120.99   70.93   95.22
07:35:33 71.38   122.34   70.93   94.78
07:36:36 70.14   122.79   70.93   94.33
07:37:39 71.26   129.20   70.93   94.10
07:38:42 72.05   142.48   71.04   94.21
07:39:45 72.39   153.39   70.93   94.55
07:40:48 72.61   160.25   71.04   95.00
07:41:51 72.95   146.30   70.93   95.34
07:42:54 73.18   151.48   71.26   95.45
07:43:57 73.29   152.94   71.15   95.68
07:45:00 73.29   126.84   71.26   95.68
07:46:03 72.84   114.46   71.15   95.45
07:47:06 71.38   116.26   71.26   95.00
07:48:10 70.47   117.50   71.49   94.55
07:49:13 71.83   134.38   71.38   94.33
07:50:16 72.50   149.00   71.49   94.66
07:51:19 72.84   158.34   71.38   95.00
07:52:22 73.06   149.23   71.49   95.45
07:53:24 73.29   147.99   71.60   95.68
07:54:27 73.62   128.64   71.60   95.79
07:55:31 73.06   120.42   71.60   95.68
07:56:34 71.49   121.10   71.71   95.22
07:57:37 70.36   120.42   71.60   94.78
07:58:41 70.81   123.58   71.60   94.55
07:59:44 72.28   138.31   71.60   94.66
08:00:46 72.84   151.36   71.71   95.00
08:01:49 73.06   150.24   71.71   95.45
08:02:52 73.29   123.69   71.71   95.68
08:03:56 72.95   113.67   71.71   95.45
08:04:59 71.49   114.91   71.71   95.11
08:06:02 70.47   114.58   71.94   94.66
08:07:06 69.80   116.04   71.71   94.44
08:08:09 69.24   115.03   71.83   94.21
08:09:12 68.90   113.90   71.71   105.58
08:10:16 68.56   112.33   71.60   109.51
08:11:19 68.34   110.75   71.60   110.30
08:12:22 68.11   109.40   71.71   110.53
08:13:26 67.89   107.60   71.49   111.20
08:14:29 67.89   106.36   71.49   111.42
08:15:32 67.78   104.90   71.38   111.09
08:16:36 67.66   104.11   71.38   112.21
08:17:39 67.55   102.65   71.60   112.21
08:18:42 67.44   101.41   71.49   112.44
08:19:46 67.44   100.40   71.49   112.66
08:20:49 67.33   99.50   71.49   112.55
08:21:52 67.33   98.83   71.49   111.99
08:22:56 67.21   98.04   71.71   111.54
08:23:59 67.21   97.14   71.60   110.75
08:25:02 67.10   96.80   71.60   110.19
08:26:06 67.21   95.90   71.60   112.55
08:27:09 67.10   95.22   71.49   113.67
08:28:13 67.10   94.66   71.49   113.11
08:29:16 66.99   93.88   71.49   112.33
08:30:19 67.10   93.54   71.49   111.54
08:31:23 67.10   93.31   71.49   115.92
08:32:26 66.99   92.53   71.49   115.36
08:33:29 66.99   92.08   71.49   114.46
08:34:33 66.99   91.62   71.49   113.45
08:35:36 66.99   91.40   71.49   112.44
08:36:39 66.99   91.29   71.49   111.54
08:37:43 66.88   90.84   71.38   110.53
08:38:46 66.88   90.50   71.38   109.74
08:39:49 66.88   90.39   71.38   116.38
08:40:53 66.88   90.16   71.26   115.59
08:41:56 66.76   89.71   71.15   114.46
08:42:59 66.76   89.71   71.15   113.11
08:44:03 66.76   89.49   71.04   111.99
08:45:06 66.65   89.38   71.04   110.98
08:46:09 66.65   89.04   70.93   109.96
08:47:13 66.65   88.93   70.93   109.17
08:48:16 66.65   88.47   70.93   108.28
08:49:19 66.54   88.47   70.93   107.60
08:50:23 66.43   87.91   70.81   106.70
08:51:26 66.54   88.03   70.93   106.14
08:52:29 66.43   88.03   70.81   105.46
08:53:33 66.43   87.69   70.81   104.79
08:54:36 66.43   87.46   70.81   104.23
08:55:39 66.43   87.58   70.81   103.78
08:56:43 66.31   87.35   70.70   103.21
08:57:46 66.31   87.35   70.93   102.76
08:58:50 66.31   87.12   70.81   102.20
08:59:53 66.31   87.12   70.70   101.64
09:00:56 66.31   87.01   70.70   101.19
09:02:00 66.31   86.68   70.70   100.85
09:03:03 66.31   86.90   70.59   100.51
09:04:06 66.31   86.68   70.59   100.06
09:05:10 66.31   86.68   70.59   99.61
09:06:13 66.20   86.56   70.59   99.16
09:07:16 66.20   86.34   70.70   98.83
09:08:20 66.20   86.34   70.59   98.49
09:09:23 66.20   86.22   70.59   98.04
09:10:26 66.20   86.00   70.59   97.81
09:11:30 66.20   86.22   70.59   97.36
09:12:33 66.20   86.11   70.59   97.03
09:13:36 66.09   85.89   70.59   96.80
09:14:40 66.09   85.78   70.47   96.58
09:15:43 66.09   85.78   70.47   96.24
09:16:46 66.09   85.66   70.47   95.90
09:17:50 66.09   85.78   70.47   95.56
09:18:53 66.09   85.66   70.47   95.34
09:19:56 66.09   85.66   70.47   95.11
09:21:00 66.09   85.55   70.47   94.78
09:22:03 66.09   85.33   70.47   94.55
09:23:06 66.09   85.44   70.47   94.21
09:24:10 66.09   85.44   70.36   93.99
09:25:13 66.09   85.66   70.47   93.99
09:26:16 66.09   85.33   70.36   93.54
09:27:20 66.09   85.21   70.36   93.31
09:28:23 65.97   85.10   70.36   93.09
09:29:26 65.97   85.33   70.36   92.86
09:30:30 65.97   85.10   70.36   92.64
09:31:33 65.97   85.21   70.25   92.41
09:32:37 65.97   85.21   70.47   92.30
09:33:40 65.97   85.44   70.36   92.19
09:34:43 65.97   85.33   70.36   91.96
09:35:47 65.97   84.99   70.25   91.85
09:36:50 65.97   84.88   70.36   91.62
09:37:53 65.97   84.88   70.36   91.40
09:38:57 65.97   84.76   70.36   91.06
09:40:00 65.97   84.88   70.25   91.06
09:41:03 65.97   84.76   70.25   90.72
09:42:07 65.97   84.65   70.25   90.72
09:43:10 65.97   84.54   70.36   90.50
09:44:13 65.97   84.54   70.25   90.39
09:45:17 65.97   84.54   70.25   90.28
09:46:20 65.97   84.54   70.14   90.28
09:47:23 65.97   84.43   70.14   90.05
09:48:27 65.97   84.43   70.14   90.05
09:49:30 65.97   84.65   70.25   89.83
09:50:33 65.86   84.43   70.25   89.71
09:51:37 65.86   84.31   70.25   89.60
09:52:40 65.86   84.43   70.36   89.38
09:53:43 65.86   84.20   70.14   89.26
09:54:47 65.86   84.31   70.14   89.04
09:55:50 65.97   84.20   70.25   88.93
09:56:53 65.97   84.20   70.14   88.81
09:57:57 65.86   84.20   70.03   88.70
09:59:00 65.86   84.09   70.03   88.59
10:00:03 65.86   83.97   70.03   88.59
10:01:07 65.86   83.97   69.80   88.47
10:02:10 65.86   83.86   69.80   88.36
10:03:13 65.86   83.97   69.80   88.14
10:04:17 65.86   84.20   69.80   88.03
10:05:20 65.86   83.97   69.80   87.91
10:06:24 65.86   83.97   69.80   87.80
10:07:27 65.86   83.86   69.69   87.80
10:08:30 65.86   83.86   69.69   105.24
10:09:34 65.86   83.86   69.69   111.76
10:10:37 65.86   83.86   69.69   111.42
10:11:40 65.86   83.75   69.69   109.74
10:12:44 65.86   83.86   69.58   108.05
10:13:47 65.86   83.64   69.58   106.25
10:14:50 65.75   83.53   69.58   105.01
10:15:54 65.75   83.75   69.58   103.66
10:16:57 65.75   83.75   69.58   102.54
10:18:00 65.86   83.75   69.58   101.64
10:19:04 65.75   83.41   69.58   100.74
10:20:07 65.75   83.30   69.58   100.06
10:21:10 65.75   83.53   69.46   99.39
10:22:14 65.75   83.41   69.58   98.71
10:23:17 65.75   83.64   69.46   97.92
10:24:20 65.86   83.53   69.46   97.48
10:25:24 65.75   83.41   69.46   97.03
10:26:27 65.75   83.53   69.35   96.58
10:27:30 65.75   83.53   69.35   96.01
10:28:34 65.75   83.53   69.35   95.45
10:29:37 65.75   83.19   69.35   95.11
10:30:40 65.75   83.19   69.35   94.78
10:31:44 65.75   82.96   69.35   94.33
10:32:47 65.75   83.08   69.35   93.99
10:33:50 65.75   83.19   69.35   93.54
10:34:54 65.75   83.19   69.35   93.31
10:35:57 65.75   83.30   69.35   92.97
10:37:00 65.75   83.08   69.35   92.86
10:38:04 65.75   83.08   69.24   92.64
10:39:07 65.75   82.85   69.24   92.30
10:40:10 65.75   82.85   69.24   91.96
10:41:14 65.75   82.85   69.24   91.74
10:42:17 65.75   82.96   69.24   91.51
10:43:20 65.75   83.08   69.24   91.29
10:44:24 65.75   82.96   69.24   90.95
10:45:27 65.75   83.19   69.24   90.72
10:46:30 65.75   82.96   69.35   90.39
10:47:34 65.75   82.85   69.12   90.16
10:48:37 65.64   82.85   69.12   89.94
10:49:40 65.64   82.96   69.12   108.95
10:50:44 65.75   83.08   69.12   111.42
10:51:47 65.64   82.85   69.01   111.99
10:52:50 65.64   82.85   69.01   112.10
10:53:54 65.75   82.74   69.01   112.33
10:54:57 65.75   82.96   69.01   112.44
10:56:01 65.75   82.85   68.90   112.21
10:57:04 65.75   82.85   68.90   111.99
10:58:07 65.75   82.85   68.90   111.54
10:59:11 65.75   82.74   68.90   110.86
11:00:14 65.75   82.74   68.90   111.76
11:01:17 65.75   86.34   68.79   112.10
11:02:21 68.45   126.16   68.90   112.44
11:03:23 69.91   148.44   69.01   113.00
11:04:26 70.59   150.91   69.01   113.00
11:05:29 71.04   144.28   69.12   112.78
11:06:32 71.49   153.61   69.12   114.24
11:07:35 71.94   156.31   69.24   117.28
11:08:38 72.28   143.94   69.35   117.39
11:09:41 72.61   123.35   69.46   116.83
11:10:44 71.94   113.90   69.58   115.92
11:11:47 70.36   114.80   69.58   114.91
11:12:51 69.24   113.67   69.58   113.90
11:13:54 68.56   111.42   69.58   112.78
11:14:58 68.11   112.21   69.58   111.76
11:16:01 70.36   126.84   69.58   111.09
11:17:04 71.60   143.94   69.69   110.75
11:18:07 72.16   155.19   69.69   110.53
11:19:09 72.61   149.45   69.69   110.30
11:20:12 72.72   128.53   69.80   120.09
11:21:16 72.84   113.00   69.91   119.86
11:22:19 71.15   114.24   69.91   118.62
11:23:22 69.91   113.90   69.91   117.28
11:24:26 69.12   114.24   69.91   116.38
11:25:29 68.45   113.45   69.91   116.60
11:26:32 68.11   114.24   69.91   115.92
11:27:35 71.49   135.95   69.91   115.36
11:28:38 72.28   150.12   70.03   115.03
11:29:41 72.61   158.90   70.14   114.69
11:30:44 73.06   139.10   70.14   114.35
11:31:47 73.18   120.31   70.25   113.79
11:32:51 71.38   120.65   70.14   112.89
11:33:54 70.14   119.53   70.25   111.99
11:34:57 69.35   116.71   70.14   111.20
11:36:01 68.68   117.84   70.14   110.41
11:37:04 68.34   116.71   70.14   109.62
11:38:07 71.15   128.75   70.25   109.29
11:39:10 72.28   144.05   70.25   108.95
11:40:13 72.95   155.53   70.36   108.84
11:41:16 73.29   150.12   70.47   108.84
11:42:19 73.62   122.34   70.47   108.50
11:43:22 72.28   120.31   70.47   108.05
11:44:25 70.70   120.42   70.47   107.38
11:45:29 69.80   117.84   70.47   106.70
11:46:32 69.12   118.85   70.47   106.14
11:47:35 68.56   117.39   70.36   116.71
11:48:39 68.22   115.59   70.36   118.85
11:49:42 67.89   114.24   70.36   117.50
11:50:45 67.78   111.99   70.36   116.04
11:51:49 67.55   110.30   70.36   114.80
11:52:52 67.44   109.96   70.36   113.56
11:53:55 71.15   133.03   70.47   112.55
11:54:58 72.28   148.32   70.47   111.99
11:56:01 72.84   147.65   70.59   111.76
11:57:04 73.18   121.44   70.70   111.31
11:58:07 72.61   112.89   70.70   110.53
11:59:11 70.93   113.56   70.59   109.74
12:00:14 69.91   114.01   70.59   108.84
12:01:17 69.24   114.01   70.47   108.05
12:02:21 68.68   112.44   70.47   107.38
12:03:24 68.34   111.42   70.47   106.70
12:04:27 68.00   109.51   70.59   106.14
12:05:31 67.89   109.06   70.47   105.46
12:06:34 67.66   106.92   70.47   104.90
12:07:37 67.44   105.24   70.47   104.34
12:08:41 67.33   103.55   70.47   103.78
12:09:44 67.21   102.42   70.36   103.33
12:10:47 67.21   101.30   70.47   102.76
12:11:51 67.10   99.84   70.36   102.31
12:12:54 66.99   99.05   70.36   101.86
12:13:58 66.99   97.92   70.36   101.53
12:15:01 66.99   97.36   70.36   115.59
12:16:04 66.88   96.12   70.36   115.14
12:17:08 66.88   95.34   70.36   114.24
12:18:11 66.76   94.89   70.36   113.34
12:19:14 66.76   94.10   70.25   112.44
12:20:18 66.76   93.54   70.25   111.31
12:21:21 66.76   93.09   70.25   110.64
12:22:24 66.76   92.75   70.25   110.08
12:23:28 66.76   92.41   70.36   109.51
12:24:31 66.76   92.08   70.25   108.84
12:25:34 66.76   91.40   70.36   108.28
12:26:38 66.76   90.84   70.36   107.71
12:27:41 66.76   90.61   70.36   107.04
12:28:44 66.76   90.61   70.36   106.48
12:29:48 66.76   90.28   70.36   105.91
12:30:51 66.76   89.71   70.36   105.35
12:31:54 66.76   89.60   70.36   104.90
12:32:58 66.76   89.60   70.25   104.34
12:34:01 66.76   89.60   70.36   103.89
12:35:04 66.76   89.04   70.36   103.55
12:36:08 66.76   88.81   70.36   102.99
12:37:11 66.76   88.70   70.36   102.65
12:38:14 66.76   88.47   70.36   102.20
12:39:18 66.76   88.14   70.36   101.86
12:40:21 66.76   88.14   70.25   101.64
12:41:24 66.76   87.80   70.36   101.30
12:42:28 66.76   87.69   70.25   100.96
12:43:31 66.76   87.58   70.36   100.62
12:44:35 66.76   87.35   70.36   100.40
12:45:38 66.76   87.24   70.36   100.17
12:46:41 66.76   87.35   70.25   99.95
12:47:45 66.76   87.35   70.36   99.84
12:48:48 66.76   87.12   70.36   99.73
12:49:51 66.76   86.90   70.36   99.39
12:50:55 66.76   87.01   70.36   99.16
12:51:58 66.76   86.79   70.36   98.83
12:53:01 66.76   86.68   70.36   98.60
12:54:05 66.76   86.79   70.36   98.26
12:55:08 66.65   86.68   70.25   98.04
12:56:11 66.76   86.45   70.36   97.70
12:57:15 66.76   86.22   70.25   97.36
12:58:18 66.76   86.11   70.25   97.14
12:59:21 66.65   86.22   70.25   97.03
13:00:25 66.65   86.11   70.25   96.69
13:01:28 66.65   86.34   70.25   96.46
13:02:31 66.65   85.78   70.25   96.35
13:03:35 66.65   85.78   70.25   96.12
13:04:38 66.54   85.66   70.14   96.01
13:05:41 66.54   85.55   70.14   95.68
13:06:45 66.54   85.55   70.14   95.45
13:07:48 66.54   85.44   70.14   95.34
13:08:51 66.43   85.55   70.14   95.11
13:09:55 66.43   85.78   70.14   94.89
13:10:58 66.43   85.66   70.14   94.66
13:12:01 66.31   85.33   70.14   94.55
13:13:05 66.31   85.33   70.14   94.21
13:14:08 66.31   85.44   70.14   93.99
13:15:11 66.31   85.44   70.14   93.76
13:16:15 66.31   85.21   70.14   93.76
13:17:18 66.31   85.10   70.14   93.43
13:18:22 66.31   84.99   70.14   93.20
13:19:25 66.31   85.10   70.14   92.97
13:20:28 66.31   84.99   70.14   92.86
13:21:32 66.31   84.99   70.14   92.75
13:22:35 66.20   85.10   70.14   92.53
13:23:38 66.20   84.99   70.14   92.41
13:24:42 66.20   84.88   70.14   92.19
13:25:45 66.20   84.99   70.03   92.08
13:26:48 66.20   85.10   70.03   91.85
13:27:52 66.20   84.76   70.03   91.62
13:28:55 66.20   84.76   70.03   91.62
13:29:58 66.20   84.65   70.03   91.51
13:31:02 66.20   84.65   70.03   91.29
13:32:05 66.20   84.76   70.03   91.06
13:33:08 66.09   84.65   70.03   91.06
13:34:12 66.09   84.65   70.03   90.95
13:35:15 66.09   84.54   70.03   90.72
13:36:18 66.09   84.54   70.03   90.61
13:37:22 66.09   84.43   69.91   90.50
13:38:25 66.09   84.65   70.03   90.28
13:39:28 66.09   84.43   70.03   90.28
13:40:32 66.20   84.54   70.03   90.05
13:41:35 66.09   84.43   70.03   89.94
13:42:38 66.20   84.43   70.03   89.71
13:43:42 66.20   84.54   69.91   89.60
13:44:45 66.20   84.31   69.91   89.49
13:45:48 66.20   84.65   69.91   89.38
13:46:52 66.20   84.54   69.91   89.26
13:47:55 66.20   84.43   69.80   89.26
13:48:58 66.20   84.43   69.80   89.04
13:50:02 66.09   84.43   69.80   89.04
13:51:05 66.09   84.43   69.80   88.93
13:52:09 66.09   84.43   69.80   88.70
13:53:12 66.09   84.31   69.80   88.59
13:54:15 66.09   84.31   69.91   88.47
13:55:19 66.09   84.20   69.91   88.47
13:56:22 66.09   83.97   69.91   88.36
13:57:25 66.09   84.09   69.91   88.36
13:58:29 66.09   84.31   69.91   88.14
13:59:32 66.09   84.20   69.91   88.03
14:00:35 66.09   83.97   69.91   88.03
14:01:39 66.09   83.97   69.80   87.80
14:02:42 66.09   83.97   69.91   87.69
14:03:45 66.09   83.64   69.91   87.80
14:04:49 66.09   83.97   69.91   87.69
14:05:52 66.09   84.09   69.80   87.69
14:06:55 66.09   84.20   69.80   87.58
14:07:59 66.09   83.86   69.80   87.35
14:09:02 66.09   83.97   69.80   87.35
14:10:05 66.09   83.97   69.80   87.24
14:11:09 66.09   83.97   69.80   87.01
14:12:12 66.09   83.97   69.91   87.01
14:13:15 66.09   83.86   69.91   87.01
14:14:19 66.09   83.75   69.91   86.79
14:15:22 66.09   83.86   69.91   86.90
14:16:25 66.09   83.75   69.80   86.68
14:17:29 66.09   83.86   69.80   86.56
14:18:32 66.09   83.86   69.80   86.56
14:19:35 66.09   83.86   69.69   86.45
14:20:39 66.09   83.97   69.80   86.34
14:21:42 66.09   83.97   69.91   86.34
14:22:45 66.09   83.86   69.91   86.22
14:23:49 66.09   83.86   69.80   86.22
14:24:52 66.09   84.09   69.91   86.22
14:25:55 66.09   83.86   69.91   86.00
14:26:59 65.97   83.86   69.80   86.00
14:28:02 66.09   83.75   69.91   85.89
14:29:06 66.09   83.75   69.91   85.89
14:30:09 65.97   83.97   69.91   85.89
14:31:12 65.97   83.64   69.91   85.89
14:32:16 65.97   83.64   70.03   85.78
14:33:19 66.09   83.86   70.03   85.66
14:34:22 66.09   83.75   70.03   85.78
14:35:26 66.09   83.75   70.03   85.55
14:36:29 65.97   83.53   69.91   85.44
14:37:32 66.09   83.64   69.91   85.55
14:38:36 66.09   83.86   70.03   85.44
14:39:39 66.09   83.75   70.03   85.44
14:40:42 66.09   83.64   70.03   85.44
14:41:46 66.09   83.64   70.03   85.33
14:42:49 66.09   83.86   70.03   110.08
14:43:52 66.09   84.09   70.03   112.33
14:44:56 66.09   83.75   70.03   111.31
14:45:59 66.09   83.64   70.03   110.75
14:47:02 66.09   83.64   70.14   110.19
14:48:06 66.09   83.64   70.14   109.74
14:49:09 66.09   83.86   70.14   109.06
14:50:12 66.09   83.86   70.14   108.28
14:51:16 66.09   84.09   70.14   107.49
14:52:19 66.09   83.97   70.14   106.70
14:53:22 66.09   83.97   70.03   105.91
14:54:26 66.09   83.97   70.03   105.12
14:55:29 66.09   84.09   69.91   104.45
14:56:32 66.09   84.20   69.91   103.78
14:57:36 66.09   84.20   69.91   103.10
14:58:39 65.97   84.09   69.91   102.65
14:59:42 65.97   83.86   70.03   102.09
15:00:46 66.09   84.09   70.03   101.41
15:01:49 65.97   84.09   70.03   100.96
15:02:53 66.09   84.09   70.14   100.62
15:03:56 66.09   84.31   70.03   100.17
15:04:59 66.09   84.43   70.03   99.73
15:06:03 66.09   84.20   70.14   99.61
15:07:06 66.09   84.43   70.14   99.39
15:08:09 66.09   84.31   70.14   99.16
15:09:13 66.09   84.09   70.03   98.83
15:10:16 66.09   84.31   70.03   98.49
15:11:19 66.09   84.43   70.03   98.04
15:12:23 66.09   84.43   70.14   97.81
15:13:26 66.09   84.31   70.03   97.48
15:14:29 66.09   84.31   70.14   97.14
15:15:33 66.09   84.09   70.14   96.91
15:16:36 66.09   84.09   70.14   111.65
15:17:39 66.09   83.86   70.03   113.67
15:18:43 66.09   83.97   70.03   112.21
15:19:46 66.09   83.97   70.03   110.30
15:20:49 66.09   84.09   70.14   108.61
15:21:53 65.97   84.09   70.14   107.26
15:22:56 66.09   84.20   70.14   106.14
15:23:59 66.09   84.09   70.14   105.24
15:25:03 66.09   84.09   70.25   104.23
15:26:06 66.20   83.86   70.25   103.33
15:27:09 66.20   83.97   70.25   102.65
15:28:13 66.20   83.86   70.25   102.09
15:29:16 66.31   83.64   70.25   101.41
15:30:19 66.31   83.75   70.25   100.85
15:31:23 66.31   83.97   70.14   100.29
15:32:26 66.31   83.86   70.14   99.84
15:33:30 66.31   83.86   70.14   99.28
15:34:33 66.31   83.86   70.14   98.71
15:35:36 66.31   84.20   70.14   98.38
15:36:40 66.31   83.75   70.14   97.81
15:37:43 66.20   83.64   70.14   97.48
15:38:46 66.20   83.86   70.14   96.91
15:39:50 66.20   84.09   70.25   96.35
15:40:53 66.31   83.75   70.25   96.01
15:41:56 66.31   83.75   70.25   95.68
15:43:00 66.31   83.75   70.25   95.34
15:44:03 66.31   83.86   70.14   95.00
15:45:06 66.20   83.75   70.25   94.78
15:46:10 66.20   83.75   70.25   94.33
15:47:13 66.20   83.97   70.25   93.99
15:48:16 66.20   83.86   70.25   93.76
15:49:20 66.20   83.86   70.25   93.54
15:50:23 66.20   83.64   70.25   93.20
15:51:26 66.20   83.86   70.25   92.86
15:52:30 66.20   83.75   70.25   92.64
15:53:33 66.20   83.75   70.25   92.41
15:54:36 66.20   83.97   70.25   92.19
15:55:40 66.20   83.64   70.25   91.96
15:56:43 66.20   83.86   70.25   91.62
15:57:46 66.20   83.86   70.25   91.40
15:58:50 66.20   83.75   70.25   91.29
15:59:53 66.20   83.64   70.25   91.06
16:00:56 66.20   83.64   70.14   90.84
16:02:00 66.20   83.53   70.25   90.72
16:03:03 66.20   83.86   70.14   90.61
16:04:06 66.20   83.53   70.25   90.28
16:05:10 66.20   83.53   70.25   90.16
16:06:13 66.20   83.53   70.14   90.05
16:07:16 66.20   83.64   70.14   89.83
16:08:20 66.20   83.64   70.14   89.60
16:09:23 66.20   83.64   70.14   89.49
16:10:27 66.20   83.75   70.14   89.26
16:11:30 66.20   83.53   70.14   89.26
16:12:33 66.20   83.64   70.14   89.04
16:13:37 66.20   83.64   70.14   88.81
16:14:40 66.20   83.53   70.14   88.81
16:15:43 66.20   83.53   70.14   88.70
16:16:47 66.20   83.64   70.14   88.59
16:17:50 66.20   83.30   70.14   88.36
16:18:53 66.20   83.64   70.03   88.14
16:19:57 66.20   83.41   70.14   88.14
16:21:00 66.20   83.30   70.03   87.91
16:22:03 66.20   83.19   70.14   88.03
16:23:07 66.31   83.53   70.14   87.80
16:24:10 66.20   83.64   70.14   87.69
16:25:13 66.20   83.53   70.14   87.69
16:26:17 66.20   83.30   70.14   87.46
16:27:20 66.20   83.53   70.14   87.46
16:28:23 66.20   83.41   70.14   87.35
16:29:27 66.20   83.64   70.14   87.12
16:30:30 66.20   83.53   70.14   87.12
16:31:33 66.20   83.41   70.14   86.90
16:32:37 66.20   83.53   70.14   86.90
16:33:40 66.20   83.64   70.14   86.68
16:34:43 66.20   83.41   70.14   86.56
16:35:47 66.20   83.41   70.14   86.56
16:36:50 66.20   83.30   70.14   86.45
16:37:53 66.20   83.19   70.14   86.34
16:38:57 66.20   83.19   70.14   86.22
16:40:00 66.20   83.41   70.25   86.11
16:41:03 66.20   83.30   70.14   86.11
16:42:07 66.20   83.08   70.14   86.00
16:43:10 66.20   83.41   70.14   86.00
16:44:14 66.20   83.41   70.14   85.89
16:45:17 66.20   83.64   70.14   86.00
16:46:20 66.20   83.41   70.14   85.78
16:47:24 66.20   83.30   70.14   85.78
16:48:27 66.20   83.30   70.14   85.89
16:49:30 66.20   83.41   70.14   85.66
16:50:34 66.20   83.41   70.14   85.55
16:51:37 66.20   83.64   70.03   85.55
16:52:40 66.20   83.30   70.14   85.44
16:53:44 66.20   83.41   70.14   85.44
16:54:47 66.20   83.19   70.14   85.44
16:55:50 66.20   83.08   70.03   85.44
16:56:54 66.20   83.30   70.03   85.44
16:57:57 66.20   83.30   70.14   85.33
16:59:00 66.20   83.30   70.14   85.33
17:00:04 66.20   83.19   70.14   85.21
17:01:07 66.20   83.19   70.14   85.10
17:02:10 66.20   83.30   70.14   84.99
17:03:14 66.20   83.30   70.03   84.88
17:04:17 66.20   83.19   70.03   84.99
17:05:20 66.20   83.19   70.03   84.76
17:06:24 66.20   83.19   70.03   84.76
17:07:27 66.20   83.19   70.03   84.88
17:08:30 66.20   83.08   70.03   84.76
17:09:34 66.20   82.96   70.03   84.76
17:10:37 66.20   83.08   70.03   84.65
17:11:40 66.20   83.19   70.03   84.65
17:12:44 66.20   83.41   70.03   84.54
17:13:47 66.20   83.08   70.03   84.43
17:14:50 66.20   83.41   70.03   84.54
17:15:54 66.20   83.41   70.03   84.54
17:16:57 66.20   83.08   70.03   84.43
17:18:01 66.20   83.30   70.03   84.43
17:19:04 66.20   83.30   70.03   84.43
17:20:07 66.20   83.19   69.91   84.31
17:21:11 66.20   83.19   69.91   84.43
17:22:14 66.20   83.41   70.03   84.31
17:23:17 66.20   83.19   69.91   84.31
17:24:21 66.20   82.96   69.91   84.20
17:25:24 66.20   82.96   69.91   84.31
17:26:27 66.20   83.41   70.03   84.31
17:27:31 66.20   83.08   70.03   84.20
17:28:34 66.20   83.30   70.03   84.20
17:29:37 66.20   83.41   70.03   84.09
17:30:41 66.20   83.30   70.03   83.97
17:31:44 66.20   83.64   70.14   83.86
17:32:47 66.20   83.30   70.03   83.86
17:33:51 66.20   83.19   70.03   83.86
17:34:54 66.20   83.19   70.03   83.86
17:35:57 66.20   83.30   70.03   83.97
17:37:01 66.20   83.30   70.03   83.97
17:38:04 66.20   83.30   70.14   83.97
17:39:07 66.20   83.30   70.25   83.97
17:40:11 66.20   83.30   70.25   83.97
17:41:14 66.20   83.08   70.25   83.86
17:42:17 66.20   82.85   70.14   83.97
17:43:21 66.20   83.19   70.14   83.86
17:44:24 66.20   83.30   70.14   83.86
17:45:27 66.20   83.08   70.14   83.75
17:46:31 66.20   83.30   70.14   83.75
17:47:34 66.31   83.30   70.14   83.86
17:48:37 66.31   82.96   70.03   83.86
17:49:41 66.20   82.96   70.14   83.86
17:50:44 66.31   83.19   70.03   83.75
17:51:48 66.31   83.19   70.14   83.86
17:52:51 66.31   83.19   70.14   83.64
17:53:54 66.31   83.19   70.14   83.64
17:54:58 66.20   82.85   70.14   83.64
17:56:01 66.20   82.96   70.03   83.53
17:57:04 66.20   83.08   70.03   83.64
17:58:08 66.20   83.08   70.03   83.53
17:59:11 66.20   83.19   70.03   83.41
18:00:14 66.20   82.85   70.03   83.53
18:01:18 66.20   83.08   70.03   83.53
18:02:21 66.20   82.96   70.03   83.41
18:03:24 66.20   82.96   70.03   83.30
18:04:28 66.20   83.08   70.03   83.30
18:05:31 66.20   83.08   70.03   83.30
18:06:34 66.20   83.19   70.03   83.30
18:07:38 66.20   82.96   70.03   83.19
18:08:41 66.20   83.41   70.03   83.30
18:09:44 66.20   83.30   70.03   83.19
18:10:48 66.20   83.41   70.03   83.19
18:11:51 66.20   83.19   70.03   83.30
18:12:54 66.20   83.08   70.03   83.30
18:13:58 66.20   83.19   69.91   83.30
18:15:01 66.20   83.30   70.03   83.41
18:16:04 66.20   83.19   70.03   83.30
18:17:08 66.20   83.19   70.03   83.30
18:18:11 66.20   83.19   70.03   83.30
18:19:14 66.20   83.19   70.03   83.08
18:20:18 66.20   83.41   70.03   83.08
18:21:21 66.20   83.08   70.03   83.08
18:22:24 66.20   83.41   70.03   83.19
18:23:28 66.20   83.41   70.25   83.08
18:24:31 66.20   83.30   70.36   83.08
18:25:35 66.20   83.41   70.36   83.08
18:26:38 66.20   83.41   70.36   83.08
18:27:41 66.20   83.41   70.47   82.96
18:28:45 66.20   83.19   70.36   82.96
18:29:48 66.20   82.96   70.36   82.96
18:30:51 66.20   83.08   70.36   82.96
18:31:55 66.20   83.19   70.36   82.85
18:32:58 66.20   83.08   70.25   82.85
18:34:01 66.20   83.41   70.14   82.96
18:35:05 66.20   83.64   70.25   82.96
18:36:08 66.20   83.30   70.14   82.85
18:37:11 66.20   83.53   70.25   82.74
18:38:15 66.20   83.30   70.25   82.85
18:39:18 66.20   83.30   70.14   82.74
18:40:21 66.20   83.30   70.25   82.62
18:41:25 66.20   83.41   70.25   82.51
18:42:28 66.09   83.53   70.25   82.51
18:43:31 66.20   83.19   70.25   82.62
18:44:35 66.20   83.08   70.25   82.62
18:45:38 66.20   83.53   70.25   82.74
18:46:41 66.20   83.41   70.14   104.45
18:47:45 66.20   83.41   70.14   110.19
18:48:48 66.20   83.19   70.14   108.95
18:49:51 66.20   83.19   70.25   107.04
18:50:55 66.20   83.64   70.25   105.12
18:51:58 66.20   83.41   70.14   103.55
18:53:01 66.20   83.64   70.14   102.09
18:54:05 66.20   83.86   70.25   100.85
18:55:08 66.20   83.86   70.25   99.84
18:56:11 66.20   83.97   70.14   98.71
18:57:15 66.20   83.75   70.25   107.71
18:58:18 66.20   83.64   70.25   111.54
18:59:22 66.20   83.41   70.14   112.78
19:00:25 66.20   83.53   70.25   113.56
19:01:28 66.20   83.75   70.25   113.67
19:02:32 66.20   83.86   70.25   113.11
19:03:35 66.20   83.64   70.36   112.21
19:04:38 66.20   83.75   70.14   110.98
19:05:42 66.09   83.86   70.14   109.96
19:06:45 66.09   83.86   70.25   108.73
19:07:48 66.20   83.97   70.25   107.71
19:08:52 66.09   83.64   70.25   106.70
19:09:55 66.20   83.75   70.25   105.69
19:10:58 66.20   83.75   70.36   104.79
19:12:02 66.09   83.86   70.25   110.08
19:13:05 66.20   83.75   70.25   112.21
19:14:08 66.09   83.64   70.25   111.99
19:15:12 66.09   83.75   70.25   111.09
19:16:15 66.09   83.53   70.25   109.96
19:17:18 66.09   83.75   70.25   108.84
19:18:22 66.20   83.86   70.25   107.83
19:19:25 66.20   83.86   70.25   106.92
19:20:28 66.20   83.97   70.25   105.91
19:21:32 66.20   83.75   70.36   104.90
19:22:35 66.20   83.86   70.25   103.89
19:23:38 66.20   83.75   70.25   102.99
19:24:42 66.20   83.86   70.25   102.20
19:25:45 66.20   83.53   70.25   101.41
19:26:48 66.20   83.53   70.25   100.74
19:27:52 66.20   83.53   70.25   100.06
19:28:55 66.20   83.53   70.25   99.39
19:29:58 66.20   83.41   70.36   104.34
19:31:02 66.20   83.64   70.36   113.23
19:32:05 66.20   83.53   70.36   113.00
19:33:09 66.20   83.64   70.36   111.76
19:34:12 66.20   83.64   70.25   110.19
19:35:15 66.20   83.41   70.25   108.73
19:36:19 66.31   83.19   70.36   107.38
19:37:22 66.20   83.53   70.36   105.91
19:38:25 66.20   83.64   70.36   104.90
19:39:29 66.20   83.75   70.36   103.89
19:40:32 66.31   83.75   70.36   102.88
19:41:35 66.20   83.41   70.36   101.98
19:42:39 66.20   83.41   70.36   101.19
19:43:42 66.20   83.53   70.36   100.62
19:44:45 66.20   83.19   70.36   99.84
19:45:49 66.20   83.08   70.36   99.28
19:46:52 66.31   83.19   70.36   98.71
19:47:55 66.20   83.30   70.36   98.04
19:48:59 66.20   83.53   70.36   97.59
19:50:02 66.20   83.53   70.36   97.14
19:51:05 66.20   83.53   70.36   96.69
19:52:09 66.20   83.64   70.36   96.12
19:53:12 66.20   83.53   70.36   95.79
19:54:15 66.20   83.19   70.36   95.34
19:55:19 66.20   83.19   70.36   94.89
19:56:22 66.20   83.53   70.36   94.55
19:57:25 66.20   83.30   70.47   94.21
19:58:29 66.20   83.19   70.36   93.88
19:59:32 66.20   83.19   70.25   93.43
20:00:35 66.20   83.41   70.25   92.97
20:01:39 66.20   83.30   70.14   92.75
20:02:42 66.20   83.19   70.25   92.41
20:03:46 66.20   83.19   70.36   91.96
20:04:49 66.20   83.30   70.47   91.74
20:05:52 66.20   83.19   70.36   91.40
20:06:56 66.20   83.19   70.36   91.18
20:07:59 66.20   83.08   70.47   91.06
20:09:02 66.20   83.08   70.47   90.84
20:10:06 66.20   83.08   70.36   90.50
20:11:09 66.20   82.85   70.36   90.28
20:12:12 66.20   83.30   70.36   90.05
20:13:16 66.20   83.19   70.47   89.71
20:14:19 66.31   82.85   70.47   89.60
20:15:22 66.20   83.08   70.47   89.38
20:16:26 66.20   82.96   70.36   89.26
20:17:29 66.20   83.19   70.36   89.04
20:18:32 66.09   83.19   70.03   88.70
20:19:36 66.20   83.30   70.14   88.59
20:20:39 66.20   83.30   70.03   88.59
20:21:42 66.20   83.19   69.91   88.25
20:22:46 66.20   83.30   69.91   88.03
20:23:49 66.20   83.19   69.91   87.91
20:24:52 66.20   83.08   69.91   87.69
20:25:56 66.09   82.96   69.91   87.58
20:26:59 66.20   83.19   69.80   87.46
20:28:02 66.09   83.30   69.80   87.35
20:29:06 66.09   82.96   69.69   87.24
20:30:09 66.09   83.08   69.80   87.12
20:31:12 66.09   83.19   69.91   87.01
20:32:16 66.09   83.30   69.91   86.79
20:33:19 65.97   83.19   69.80   86.68
20:34:22 65.97   83.41   69.69   86.56
20:35:26 65.97   83.08   69.91   86.34
20:36:29 65.97   83.30   69.91   86.22
20:37:33 65.97   82.96   69.80   86.22
20:38:36 65.97   83.08   69.80   86.22
20:39:39 65.86   82.96   69.80   86.00
20:40:43 65.86   82.96   69.80   86.00
20:41:46 65.97   82.96   69.80   85.89
20:42:49 65.86   82.85   69.80   85.66
20:43:53 65.86   82.96   69.80   85.66
20:44:56 65.86   82.85   69.80   85.55
20:45:59 65.86   82.96   69.80   85.44
20:47:03 65.86   82.85   69.69   85.21
20:48:06 65.86   82.85   69.69   85.21
20:49:09 65.86   82.96   69.80   85.21
20:50:13 65.86   82.85   69.69   85.10
20:51:16 65.86   82.96   69.80   84.99
20:52:19 65.86   82.85   69.80   84.88
20:53:23 65.86   82.96   69.69   84.88
20:54:26 65.86   82.62   69.58   84.76
20:55:29 65.86   82.74   69.69   84.65
20:56:33 65.86   82.74   69.69   84.54
20:57:36 65.86   83.08   69.58   84.54
20:58:39 65.75   82.62   69.69   84.43
20:59:43 65.75   82.85   69.58   84.43
21:00:46 65.86   82.74   69.58   84.31
21:01:49 65.86   82.74   69.58   84.31
21:02:53 65.75   82.85   69.58   84.20
21:03:56 65.75   82.85   69.58   84.09
21:04:59 65.75   82.62   69.58   84.20
21:06:03 65.75   82.51   69.35   84.09
21:07:06 65.75   82.74   69.35   84.09
21:08:09 65.75   82.40   69.46   84.09
21:09:13 65.75   82.62   69.46   84.09
21:10:16 65.75   82.85   69.46   83.97
21:11:19 65.75   82.74   69.35   83.86
21:12:23 65.75   82.51   69.46   83.86
21:13:26 65.75   82.62   69.58   83.64
21:14:29 65.75   82.74   69.46   83.64
21:15:33 65.75   82.51   69.58   83.64
21:16:36 65.75   82.51   69.46   83.53
21:17:39 65.75   82.62   69.35   83.53
21:18:43 65.64   82.40   69.35   83.53
21:19:46 65.64   82.40   69.46   83.41
21:20:50 65.75   82.51   69.46   83.41
21:21:53 65.75   82.62   69.46   83.41
21:22:56 65.75   82.29   69.35   83.30
21:24:00 65.75   82.06   69.35   83.30
21:25:03 65.75   82.18   69.35   83.30
21:26:06 65.75   82.29   69.46   83.08
21:27:10 65.75   82.40   69.46   83.08
21:28:13 65.75   82.51   69.35   83.08
21:29:16 65.75   82.51   69.35   82.96
21:30:20 65.64   82.40   69.46   83.08
21:31:23 65.75   82.29   69.46   83.08
21:32:26 65.75   82.51   69.35   82.96
21:33:30 65.75   82.40   69.35   95.68
21:34:33 65.75   82.40   69.58   109.06
21:35:36 65.75   82.29   69.69   110.86
21:36:40 65.75   82.18   69.58   111.76
21:37:43 65.86   82.29   69.58   112.33
21:38:46 65.86   82.51   69.46   112.33
21:39:50 65.86   82.62   69.58   112.33
21:40:53 65.86   82.51   69.69   112.10
21:41:56 65.86   82.51   69.69   111.88
21:43:00 65.86   82.29   69.58   111.42
21:44:03 65.86   82.40   69.58   111.09
21:45:06 65.86   82.40   69.58   110.75
21:46:10 65.86   82.51   69.69   110.30
21:47:13 65.97   82.62   69.69   109.85
21:48:16 65.97   82.18   69.69   109.29
21:49:20 65.86   82.29   69.58   108.73
21:50:23 65.97   82.51   69.69   108.05
21:51:26 65.97   82.51   69.69   107.26
21:52:30 65.97   82.62   69.58   106.36
21:53:33 65.97   82.40   69.58   105.46
21:54:36 65.97   82.29   69.69   104.90
21:55:40 65.97   82.18   69.69   104.34
21:56:43 65.97   82.29   69.80   103.78
21:57:46 65.97   82.40   69.69   103.10
21:58:50 66.09   82.40   69.69   102.54
21:59:53 66.09   82.29   69.58   101.98
22:00:57 66.09   82.40   69.69   101.30
22:02:00 66.09   82.51   69.69   100.74
22:03:03 66.09   82.40   69.69   100.17
22:04:07 66.09   82.51   69.58   99.73
22:05:10 66.09   82.29   69.58   99.28
22:06:13 66.09   82.40   69.58   98.83
22:07:17 66.09   82.40   69.69   98.38
22:08:20 66.09   82.18   69.69   107.38
22:09:23 66.09   82.18   69.58   111.54
22:10:27 66.09   82.40   69.58   111.09
22:11:30 66.09   82.29   69.58   109.62
22:12:33 66.09   82.06   69.58   108.50
22:13:37 66.09   82.06   69.69   108.39
22:14:40 66.09   82.18   69.58   107.83
22:15:43 66.09   82.18   69.58   107.94
22:16:47 66.09   82.29   69.58   107.71
22:17:50 66.09   82.29   69.58   106.92
22:18:53 66.09   82.40   69.58   106.25
22:19:57 66.09   82.18   69.58   105.35
22:21:00 66.09   82.29   69.58   104.67
22:22:03 66.09   82.29   69.46   104.00
22:23:07 66.09   82.29   69.46   103.21
22:24:10 66.09   82.40   69.58   102.54
22:25:13 66.20   82.29   69.58   101.98
22:26:17 66.09   82.40   69.58   101.30
22:27:20 66.20   82.40   69.46   100.74
22:28:23 66.09   82.18   69.46   100.29
22:29:27 66.20   82.29   69.58   99.95
22:30:30 66.20   82.40   69.58   99.50
22:31:34 66.20   82.62   69.69   99.05
22:32:37 66.31   82.29   69.58   98.60
22:33:40 66.31   82.18   69.58   98.26
22:34:44 66.31   82.29   69.46   108.05
22:35:47 66.31   82.18   69.58   108.50
22:36:50 66.31   82.51   69.58   110.41
22:37:54 66.20   82.18   69.46   110.08
22:38:57 66.20   82.51   69.46   108.73
22:40:00 66.20   82.40   69.46   107.38
22:41:04 66.20   82.18   69.46   106.03
22:42:07 66.20   82.29   69.46   104.90
22:43:10 66.09   82.40   69.35   103.78
22:44:14 66.09   82.29   69.35   102.88
22:45:17 66.09   82.06   69.46   102.09
22:46:20 66.09   81.95   69.46   101.30
22:47:24 66.09   82.06   69.46   100.62
22:48:27 66.09   81.95   69.35   99.95
22:49:30 66.09   81.95   69.35   99.28
22:50:34 66.09   82.18   69.35   98.71
22:51:37 66.09   82.18   69.46   98.15
22:52:40 66.09   82.18   69.46   97.59
22:53:44 66.09   81.95   69.46   97.03
22:54:47 65.97   82.29   69.46   96.58
22:55:50 65.97   82.06   69.24   96.24
22:56:54 65.97   81.95   69.35   95.68
22:57:57 65.97   81.84   69.46   95.22
22:59:00 65.97   82.06   69.35   94.89
23:00:04 65.97   81.72   69.35   94.55
23:01:07 65.97   81.72   69.35   94.21
23:02:10 65.97   82.06   69.24   93.65
23:03:14 65.97   81.84   69.35   93.20
23:04:17 65.97   81.95   69.46   92.86
23:05:20 65.97   81.95   69.35   92.53
23:06:24 65.97   82.06   69.24   92.30
23:07:27 65.97   82.18   69.12   91.96
23:08:30 65.97   81.95   69.12   91.62
23:09:34 65.97   81.84   69.35   91.40
23:10:37 65.97   81.72   69.35   91.18
23:11:41 65.97   82.06   69.24   90.95
23:12:44 65.86   81.95   69.24   90.61
23:13:47 65.86   82.06   69.12   90.39
23:14:51 65.86   81.61   69.12   90.05
23:15:54 65.86   81.84   69.35   89.83
23:16:57 65.86   81.84   69.35   89.71
23:18:01 65.86   81.95   69.12   89.38
23:19:04 65.86   82.06   69.12   89.26
23:20:07 65.86   81.84   69.01   89.04
23:21:11 65.86   81.72   69.01   88.70
23:22:14 65.86   81.84   69.24   90.50
23:23:17 65.86   81.61   69.12   90.39
23:24:21 65.86   81.61   69.12   90.16
23:25:24 65.86   81.95   69.12   90.05
23:26:27 65.86   81.95   69.12   89.83
23:27:31 65.86   81.61   69.12   89.38
23:28:34 65.86   81.84   69.24   89.26
23:29:37 65.86   81.84   69.24   105.91
23:30:41 65.97   81.84   69.01   107.60
23:31:44 65.86   81.72   69.01   107.26
23:32:47 65.86   81.95   69.01   105.91
23:33:51 65.86   81.84   69.12   104.90
23:34:54 65.86   81.50   69.01   107.49
23:35:57 65.86   81.61   69.01   107.71
23:37:01 65.86   81.39   68.90   107.94
23:38:04 65.86   81.50   69.01   107.60
23:39:07 65.86   81.16   69.24   107.60
23:40:11 65.86   81.50   69.12   108.73
23:41:14 65.86   81.50   69.01   109.62
23:42:17 65.97   81.50   69.01   109.51
23:43:21 66.09   81.39   69.12   108.95
23:44:24 66.09   81.61   69.24   108.28
23:45:28 66.20   81.72   69.12   107.60
23:46:31 66.20   81.50   69.01   106.92
23:47:34 66.20   81.39   69.01   106.25
23:48:38 66.31   81.39   69.01   105.58
23:49:41 66.20   81.28   69.12   104.79
23:50:44 66.20   81.50   69.24   103.89
23:51:48 66.20   81.50   69.01   103.21
23:52:51 66.20   81.50   68.90   102.42
23:53:54 66.20   81.50   68.79   101.86
23:54:58 66.09   81.39   68.79   101.30
23:56:01 66.09   81.39   68.90   100.62
23:57:04 66.09   81.50   68.90   100.06
23:58:08 66.09   81.39   68.79   99.50
23:59:11 66.09   81.39   68.68   98.94
