 Date  Furn_In  Furn_Out  Bsmnt   Water_Htr
00:00:51 62.83   78.01   64.62   93.88
00:01:54 62.83   78.01   64.62   93.43
00:02:57 62.83   77.79   64.62   93.09
00:04:01 62.83   77.90   64.51   92.64
00:05:04 62.71   77.90   64.51   92.19
00:06:07 62.71   78.01   64.40   91.85
00:07:11 62.71   77.56   64.40   91.40
00:08:14 62.71   77.68   64.29   91.06
00:09:17 62.71   77.79   64.40   90.72
00:10:21 62.71   83.75   64.40   90.50
00:11:24 65.41   128.98   64.51   90.28
00:12:27 66.76   147.65   64.29   90.61
00:13:30 67.33   129.54   64.62   90.95
00:14:33 67.44   111.20   64.62   91.06
00:15:36 66.09   110.64   64.62   90.95
00:16:40 65.08   107.71   64.62   90.50
00:17:43 64.51   107.26   64.51   90.16
00:18:46 64.18   106.48   64.51   89.71
00:19:50 63.84   104.23   64.51   89.38
00:20:53 63.61   102.65   64.40   89.04
00:21:57 63.50   100.96   64.40   88.81
00:23:00 63.39   98.94   64.40   88.47
00:24:03 63.28   101.30   64.40   88.25
00:25:06 66.09   130.55   64.40   88.14
00:26:09 67.10   145.85   64.40   88.59
00:27:12 67.66   147.31   64.62   89.15
00:28:15 68.11   119.98   64.62   89.38
00:29:19 67.33   112.55   64.62   89.26
00:30:22 65.97   111.88   64.74   88.93
00:31:25 65.19   113.67   64.62   88.47
00:32:29 64.62   112.78   64.62   88.25
00:33:32 64.18   109.17   64.62   87.91
00:34:35 63.84   106.48   64.62   87.58
00:35:39 63.73   104.67   64.62   87.46
00:36:42 64.62   115.48   64.51   87.24
00:37:45 66.99   137.41   64.29   87.46
00:38:48 67.66   149.56   64.51   87.91
00:39:51 68.00   156.09   64.74   88.47
00:40:54 68.34   132.69   64.62   88.93
00:41:57 68.45   113.00   64.62   88.81
00:43:00 66.99   113.79   64.85   88.59
00:44:04 65.86   112.55   64.85   88.25
00:45:07 65.08   109.96   64.85   87.91
00:46:10 64.62   110.64   64.85   87.58
00:47:14 64.18   108.50   64.74   87.35
00:48:17 64.85   117.50   64.74   87.24
00:49:20 67.10   137.07   64.51   87.35
00:50:23 67.89   149.23   64.74   87.80
00:51:26 68.34   157.10   64.85   88.36
00:52:29 68.68   137.98   64.74   88.81
00:53:32 68.79   113.79   64.96   88.93
00:54:35 67.33   113.79   64.96   88.70
00:55:38 66.20   113.34   64.96   88.25
00:56:42 65.41   114.12   65.08   87.91
00:57:45 64.85   114.35   65.08   87.69
00:58:49 64.51   110.53   64.96   87.46
00:59:52 64.74   116.49   64.96   87.24
01:00:55 67.33   136.40   64.74   87.35
01:01:58 68.11   148.55   64.85   87.91
01:03:01 68.56   156.54   64.96   88.59
01:04:04 68.79   137.53   64.96   89.04
01:05:07 69.01   113.79   65.08   89.04
01:06:10 67.44   113.67   65.08   88.81
01:07:13 66.31   113.90   65.19   88.36
01:08:17 65.53   114.80   65.19   88.14
01:09:20 64.96   112.55   65.08   87.91
01:10:23 64.62   110.86   65.08   87.69
01:11:27 65.64   120.54   65.08   87.35
01:12:30 67.66   138.65   64.85   87.58
01:13:33 68.34   150.24   65.08   88.25
01:14:36 68.68   156.65   65.19   88.81
01:15:38 69.01   133.25   65.19   89.26
01:16:42 68.90   114.01   65.19   89.26
01:17:45 67.33   114.69   65.30   88.93
01:18:48 66.31   114.58   65.30   88.59
01:19:52 65.41   115.48   65.41   88.25
01:20:55 64.96   113.56   65.41   88.03
01:21:58 64.51   111.88   65.30   88.03
01:23:02 64.96   117.16   65.08   87.80
01:24:05 67.55   136.18   65.08   88.03
01:25:08 68.34   148.78   65.19   88.47
01:26:11 68.68   151.48   65.19   89.04
01:27:14 68.90   124.59   65.19   89.26
01:28:17 68.45   113.11   65.41   89.38
01:29:20 66.99   113.90   65.41   89.04
01:30:24 65.97   113.34   65.41   88.70
01:31:27 65.30   112.78   65.41   88.47
01:32:30 64.85   111.88   65.30   88.25
01:33:34 64.51   109.74   65.19   88.03
01:34:37 65.19   117.84   65.19   87.91
01:35:40 67.66   137.30   65.08   88.14
01:36:43 68.34   149.56   65.19   88.70
01:37:46 68.68   155.30   65.30   89.26
01:38:49 68.90   129.99   65.41   89.71
01:39:52 68.68   113.23   65.41   89.71
01:40:55 67.21   114.12   65.53   89.49
01:41:59 66.20   113.34   65.53   89.04
01:43:02 65.53   111.20   65.53   88.81
01:44:05 65.08   109.29   65.41   88.59
01:45:09 64.62   109.40   65.41   88.25
01:46:12 64.40   107.71   65.30   88.14
01:47:15 64.18   106.14   65.30   88.03
01:48:19 65.86   121.89   65.30   87.91
01:49:22 67.78   140.90   65.19   88.25
01:50:24 68.34   151.70   65.30   88.93
01:51:27 68.79   145.74   65.41   89.38
01:52:30 69.01   117.50   65.41   89.60
01:53:34 67.89   113.23   65.53   89.38
01:54:37 66.65   113.90   65.53   89.15
01:55:40 65.86   113.34   65.64   88.81
01:56:44 65.30   114.46   65.64   88.59
01:57:47 64.85   112.44   65.53   88.36
01:58:50 64.51   109.62   65.41   88.25
01:59:54 64.29   107.04   65.41   88.25
02:00:57 64.06   104.79   65.30   88.03
02:02:01 63.95   106.03   65.41   87.91
02:03:04 66.99   131.56   65.30   87.91
02:04:07 68.00   146.30   65.30   88.36
02:05:09 68.45   150.57   65.41   89.04
02:06:12 68.79   124.14   65.41   89.38
02:07:16 68.34   112.89   65.41   89.49
02:08:19 66.88   113.56   65.53   89.26
02:09:22 65.97   111.42   65.53   88.93
02:10:26 65.30   109.17   65.64   88.70
02:11:29 64.74   110.98   65.41   88.47
02:12:32 64.51   108.95   65.41   88.14
02:13:36 64.29   107.26   65.41   88.14
02:14:39 64.06   105.35   65.41   87.91
02:15:42 63.84   103.44   65.41   87.80
02:16:46 63.95   109.51   65.41   87.69
02:17:49 67.21   135.95   65.19   87.80
02:18:52 68.00   148.89   65.30   88.36
02:19:55 68.45   140.11   65.41   88.93
02:20:58 68.79   113.79   65.30   89.15
02:22:01 67.55   112.55   65.41   89.15
02:23:05 66.31   112.44   65.41   88.93
02:24:08 65.53   109.96   65.53   88.70
02:25:11 64.96   110.53   65.53   88.36
02:26:15 64.62   110.30   65.41   88.14
02:27:18 64.29   107.83   65.41   88.03
02:28:21 64.06   106.03   65.30   87.80
02:29:25 63.95   103.89   65.19   87.69
02:30:28 63.84   102.20   65.19   87.58
02:31:31 63.73   101.30   65.30   87.35
02:32:35 66.31   127.29   65.30   87.35
02:33:37 67.66   144.16   65.19   87.80
02:34:40 68.11   146.98   65.30   88.47
02:35:43 68.45   120.42   65.30   88.81
02:36:47 67.78   112.89   65.41   88.81
02:37:50 66.43   112.89   65.41   88.59
02:38:53 65.64   110.86   65.53   88.25
02:39:57 64.96   108.16   65.53   88.14
02:41:00 64.62   105.80   65.41   87.91
02:42:03 64.29   106.70   65.30   87.80
02:43:07 64.06   105.24   65.41   87.69
02:44:10 63.95   104.45   65.30   87.46
02:45:13 63.73   102.99   65.30   87.46
02:46:17 63.61   100.85   65.30   87.24
02:47:20 63.50   100.96   65.30   87.01
02:48:23 66.20   127.85   65.30   87.12
02:49:26 67.55   145.06   65.08   87.46
02:50:29 68.00   151.36   65.30   88.14
02:51:32 68.45   126.28   65.30   88.59
02:52:35 68.00   112.66   65.30   88.59
02:53:39 66.65   113.11   65.41   88.47
02:54:42 65.64   111.88   65.41   88.14
02:55:45 65.08   112.78   65.41   87.91
02:56:49 64.62   112.10   65.30   87.80
02:57:52 64.29   109.29   65.30   87.58
02:58:55 64.06   107.15   65.30   87.46
02:59:59 63.95   105.01   65.19   87.35
03:01:02 63.84   103.21   65.19   87.12
03:02:05 63.61   101.30   65.30   87.12
03:03:09 63.84   108.28   65.19   86.90
03:04:12 66.88   136.06   65.08   87.12
03:05:15 67.66   149.23   65.19   87.69
03:06:18 68.11   138.88   65.19   88.36
03:07:21 68.45   113.56   65.19   88.70
03:08:24 67.10   112.33   65.30   88.47
03:09:27 65.97   112.10   65.30   88.14
03:10:31 65.30   112.55   65.41   87.91
03:11:34 64.74   110.19   65.30   87.80
03:12:38 64.40   106.81   65.30   87.58
03:13:41 64.06   107.15   65.30   87.46
03:14:44 63.95   105.46   65.19   87.24
03:15:48 63.84   103.21   65.08   87.12
03:16:51 63.61   103.33   65.19   87.01
03:17:54 66.20   128.19   65.08   86.90
03:18:57 67.55   144.39   65.08   87.35
03:20:00 67.89   152.15   65.19   88.14
03:21:03 68.34   128.07   65.19   88.59
03:22:06 68.11   113.23   65.08   88.59
03:23:09 66.76   113.90   65.30   88.36
03:24:13 65.75   112.66   65.41   88.25
03:25:16 65.08   114.01   65.41   87.91
03:26:19 64.62   111.42   65.41   87.69
03:27:23 64.29   108.95   65.30   87.46
03:28:26 64.06   107.60   65.30   87.46
03:29:30 63.84   104.90   65.19   87.24
03:30:33 63.73   103.44   65.19   87.24
03:31:36 65.53   121.55   65.19   87.12
03:32:39 67.21   140.79   64.96   87.46
03:33:42 68.00   151.70   65.19   88.14
03:34:45 68.34   136.29   65.30   88.59
03:35:48 68.56   113.34   65.19   88.81
03:36:51 67.21   113.45   65.30   88.59
03:37:55 65.97   113.67   65.30   88.25
03:38:58 65.19   114.12   65.41   88.03
03:40:01 64.74   111.99   65.41   87.80
03:41:05 64.40   109.74   65.30   87.58
03:42:08 64.18   107.94   65.30   87.46
03:43:12 63.95   105.91   65.19   87.24
03:44:15 63.73   104.00   65.19   87.12
03:45:18 65.41   120.54   65.19   87.12
03:46:21 67.21   140.11   65.08   87.46
03:47:24 67.89   151.59   65.08   87.91
03:48:27 68.34   141.12   65.19   88.70
03:49:30 68.56   114.46   65.19   88.81
03:50:33 67.33   113.45   65.30   88.59
03:51:37 66.20   113.79   65.30   88.25
03:52:40 65.30   110.86   65.41   88.03
03:53:43 64.74   108.84   65.30   87.80
03:54:47 64.40   110.19   65.30   87.58
03:55:50 64.18   108.05   65.30   87.46
03:56:53 63.95   106.03   65.30   87.35
03:57:57 63.84   104.34   65.19   87.24
03:59:00 65.86   123.58   65.19   87.12
04:00:03 67.44   141.91   64.96   87.58
04:01:06 67.89   152.60   65.08   88.14
04:02:09 68.22   137.53   65.19   88.70
04:03:12 68.45   113.56   65.19   88.81
04:04:15 67.10   113.34   65.30   88.81
04:05:19 65.97   113.45   65.30   88.47
04:06:22 65.19   110.86   65.41   88.25
04:07:25 64.74   108.05   65.30   88.03
04:08:29 64.40   109.62   65.30   87.91
04:09:32 64.06   108.61   65.30   87.69
04:10:35 63.84   106.70   65.19   87.46
04:11:39 63.73   108.84   65.19   87.35
04:12:42 66.99   134.60   65.08   87.58
04:13:45 67.78   147.76   65.19   88.14
04:14:48 68.11   152.04   65.19   88.70
04:15:51 68.56   125.71   65.19   89.04
04:16:54 68.00   113.45   65.08   89.15
04:17:57 66.65   113.90   65.30   88.81
04:19:01 65.64   113.11   65.41   88.59
04:20:04 64.96   109.96   65.53   88.25
04:21:07 64.51   112.44   65.41   88.03
04:22:11 64.29   110.19   65.30   87.91
04:23:14 64.06   108.05   65.30   87.69
04:24:17 63.84   105.58   65.30   87.58
04:25:21 65.41   120.65   65.19   87.46
04:26:24 67.33   140.11   65.08   87.80
04:27:26 67.89   151.03   65.19   88.59
04:28:29 68.22   136.74   65.19   89.04
04:29:33 68.34   113.23   65.08   89.15
04:30:36 66.99   113.23   65.30   88.93
04:31:39 65.97   113.00   65.30   88.81
04:32:43 65.19   110.64   65.41   88.47
04:33:46 64.74   108.95   65.30   88.25
04:34:49 64.29   109.06   65.30   88.03
04:35:53 64.06   107.83   65.30   87.91
04:36:56 63.84   105.80   65.30   87.69
04:37:59 64.96   117.50   65.19   87.69
04:39:02 67.21   138.31   65.19   87.91
04:40:05 67.89   150.01   65.19   88.47
04:41:08 68.34   147.09   65.30   89.04
04:42:11 68.56   119.19   65.30   89.26
04:43:14 67.55   113.56   65.30   89.26
04:44:18 66.31   114.01   65.41   88.93
04:45:21 65.53   112.78   65.41   88.70
04:46:24 64.96   109.62   65.53   88.47
04:47:28 64.51   110.98   65.30   88.25
04:48:31 64.18   109.51   65.41   88.03
04:49:34 63.95   107.15   65.30   87.80
04:50:38 63.84   105.35   65.30   87.69
04:51:41 63.61   105.91   65.30   87.58
04:52:44 66.54   130.21   65.19   87.69
04:53:47 67.55   145.62   65.08   88.14
04:54:50 68.11   154.40   65.19   88.81
04:55:53 68.34   134.04   65.30   89.26
04:56:56 68.45   113.34   65.30   89.38
04:58:00 66.99   113.90   65.41   89.26
04:59:03 65.86   113.00   65.41   88.93
05:00:06 65.19   110.53   65.53   88.70
05:01:10 65.41   116.49   65.41   88.59
05:02:13 67.66   136.96   65.19   88.70
05:03:16 68.22   149.34   65.41   89.38
05:04:18 68.56   157.44   65.41   89.83
05:05:21 68.90   144.84   65.30   90.28
05:06:24 69.12   148.10   65.41   90.50
05:07:27 69.35   156.54   65.53   90.72
05:08:30 69.58   152.26   65.64   91.18
05:09:33 69.69   146.41   65.75   91.29
05:10:36 70.03   154.74   65.75   91.51
05:11:39 70.03   159.01   65.86   91.85
05:12:42 70.14   145.29   65.86   111.99
05:13:44 70.25   152.15   65.86   115.03
05:14:47 70.47   159.69   65.97   115.92
05:15:50 70.59   147.54   65.97   116.26
05:16:53 70.70   149.11   66.09   116.38
05:17:56 70.81   157.10   66.09   116.26
05:18:59 70.70   156.88   66.09   116.26
05:20:02 70.93   146.53   66.09   116.71
05:21:05 71.04   154.18   66.20   117.28
05:22:08 70.93   137.75   66.20   117.39
05:23:11 70.47   120.76   66.31   117.39
05:24:14 68.68   122.00   66.43   117.28
05:25:17 68.11   125.15   66.54   116.49
05:26:20 69.91   137.19   66.31   115.92
05:27:23 70.36   149.56   66.31   115.59
05:28:26 70.47   157.66   66.43   115.25
05:29:29 70.81   153.16   66.54   115.03
05:30:32 70.93   146.53   66.54   114.58
05:31:35 71.04   154.74   66.65   114.12
05:32:38 71.26   161.04   66.65   113.79
05:33:41 71.38   145.74   66.65   113.45
05:34:44 71.49   122.34   66.76   112.89
05:35:47 70.03   122.00   66.88   112.10
05:36:50 68.22   123.01   66.88   111.20
05:37:54 67.33   123.46   66.99   110.53
05:38:57 70.14   134.15   66.76   113.34
05:40:00 70.59   147.31   66.76   117.39
05:41:02 70.81   156.54   66.88   117.28
05:42:05 71.04   155.19   66.88   116.71
05:43:08 71.26   146.30   66.88   116.04
05:44:11 71.49   154.29   66.99   123.01
05:45:14 71.60   142.48   66.99   123.35
05:46:17 71.38   120.31   67.10   122.11
05:47:20 69.58   121.55   67.21   120.65
05:48:24 68.00   122.34   67.21   119.19
05:49:27 66.99   119.41   67.21   117.84
05:50:30 69.69   131.11   66.99   116.94
05:51:33 70.47   144.95   67.10   116.26
05:52:36 70.93   154.96   67.10   120.31
05:53:39 71.04   157.89   67.10   120.65
05:54:42 71.49   141.69   67.21   119.86
05:55:45 71.49   120.65   67.33   118.96
05:56:48 69.69   120.65   67.33   117.73
05:57:52 68.00   121.44   67.10   116.38
05:58:55 66.76   118.51   66.88   115.14
05:59:58 66.09   120.09   66.99   114.01
06:01:02 67.78   124.36   66.99   113.11
06:02:05 69.80   137.41   66.76   112.66
06:03:07 70.36   149.79   66.88   112.44
06:04:10 70.70   157.78   66.99   112.10
06:05:13 71.04   136.96   66.88   111.88
06:06:16 70.59   120.20   66.99   111.31
06:07:20 68.68   121.10   67.21   110.53
06:08:23 67.44   120.54   67.21   109.74
06:09:26 66.54   117.61   67.21   108.84
06:10:30 65.97   117.39   67.21   108.05
06:11:33 65.53   118.40   67.10   107.49
06:12:36 68.90   131.23   66.99   107.04
06:13:39 69.91   144.95   66.88   106.92
06:14:42 70.36   154.74   66.88   106.92
06:15:45 70.70   139.32   66.88   106.92
06:16:48 70.81   114.24   66.99   106.70
06:17:51 69.12   114.35   67.21   106.14
06:18:55 67.78   115.70   67.21   116.49
06:19:58 66.88   113.90   67.21   117.28
06:21:02 66.20   113.00   67.21   116.04
06:22:05 65.64   113.23   67.10   114.58
06:23:08 65.30   111.99   67.10   113.23
06:24:12 65.08   109.96   66.88   111.99
06:25:15 64.85   109.06   66.88   116.38
06:26:18 67.66   127.40   66.76   115.92
06:27:21 69.46   144.28   66.99   115.25
06:28:24 70.14   151.59   67.10   114.58
06:29:27 70.47   127.17   67.10   113.79
06:30:30 69.69   119.08   67.21   112.78
06:31:34 67.78   118.85   67.21   111.54
06:32:37 66.76   116.83   67.21   110.53
06:33:40 66.09   114.80   67.10   109.51
06:34:44 65.64   113.23   67.10   108.73
06:35:47 65.19   110.98   67.10   107.94
06:36:50 64.96   111.65   67.10   107.15
06:37:54 64.74   109.96   66.99   106.48
06:38:57 64.51   108.61   66.88   105.69
06:40:00 64.40   106.59   66.88   104.90
06:41:04 64.29   104.79   66.88   104.23
06:42:07 64.18   102.99   66.88   103.66
06:43:10 64.18   101.75   66.76   103.21
06:44:14 64.06   99.95   66.76   102.76
06:45:17 63.95   98.83   66.20   102.31
06:46:20 63.95   97.81   66.09   101.64
06:47:24 63.84   96.91   65.97   114.35
06:48:27 63.84   95.56   65.97   115.59
06:49:30 63.84   94.44   66.09   115.59
06:50:34 63.84   93.65   65.97   115.36
06:51:37 63.73   94.78   65.86   115.14
06:52:40 66.31   121.55   65.75   115.03
06:53:43 68.34   144.39   65.64   115.36
06:54:46 69.01   140.34   65.75   115.59
06:55:49 69.46   114.12   65.75   115.48
06:56:53 68.22   111.99   65.75   115.14
06:57:56 66.88   112.21   65.75   114.58
06:58:59 65.86   109.85   65.53   113.67
07:00:03 65.30   108.16   65.41   112.89
07:01:06 64.96   107.83   65.41   113.67
07:02:09 64.62   108.28   65.30   114.01
07:03:13 64.40   106.25   65.30   114.35
07:04:16 64.29   104.67   65.30   114.46
07:05:19 64.06   103.10   65.41   114.69
07:06:23 63.95   100.62   65.19   114.01
07:07:26 63.84   99.73   65.19   113.23
07:08:29 63.73   98.60   65.30   112.33
07:09:33 63.73   97.25   65.08   111.54
07:10:36 63.61   95.79   65.08   110.75
07:11:39 63.61   94.78   65.08   109.96
07:12:43 63.61   93.88   65.19   109.17
07:13:46 63.50   93.54   64.96   108.39
07:14:50 65.41   114.91   65.08   111.09
07:15:53 68.11   141.80   65.19   111.42
07:16:55 68.90   151.36   65.30   111.42
07:17:58 69.35   128.19   65.08   111.31
07:19:02 69.12   112.78   65.19   110.75
07:20:05 67.33   113.34   65.30   110.08
07:21:08 66.20   112.10   65.08   109.17
07:22:12 65.53   109.40   65.08   108.39
07:23:15 65.08   110.30   65.08   107.83
07:24:18 64.74   109.51   64.96   119.75
07:25:22 64.51   107.49   64.96   120.42
07:26:25 64.29   105.91   65.08   118.96
07:27:28 64.18   103.89   64.96   122.79
07:28:32 64.06   101.64   64.85   122.79
07:29:35 63.95   100.74   64.96   121.21
07:30:38 63.84   99.28   64.96   119.41
07:31:42 63.73   97.81   64.96   117.84
07:32:45 63.73   96.24   65.08   116.15
07:33:48 63.61   95.34   64.96   121.10
07:34:52 63.61   94.44   64.85   121.33
07:35:55 63.50   93.54   64.85   119.86
07:36:58 63.50   92.41   64.85   118.06
07:38:02 63.39   91.40   64.85   116.60
07:39:05 63.39   90.84   64.85   115.03
07:40:09 63.39   89.71   64.85   113.79
07:41:12 63.28   89.38   64.96   112.44
07:42:15 63.28   88.93   65.08   113.00
07:43:19 63.28   88.14   65.19   114.12
07:44:22 63.16   87.80   65.08   113.23
07:45:25 63.28   87.01   64.96   112.21
07:46:29 63.16   86.68   65.08   111.31
07:47:32 63.16   86.34   65.08   110.19
07:48:35 63.16   85.66   64.96   109.29
07:49:39 63.16   85.44   65.08   108.28
07:50:42 63.16   85.10   65.19   107.49
07:51:45 63.05   84.76   65.19   106.70
07:52:49 63.05   84.54   65.30   105.80
07:53:52 63.05   84.65   65.41   105.01
07:54:55 63.05   84.43   65.30   104.23
07:55:59 63.05   84.20   65.30   103.55
07:57:02 63.05   83.64   65.30   102.76
07:58:05 63.05   83.41   65.30   102.20
07:59:09 62.94   83.30   65.30   101.41
08:00:12 62.94   83.41   65.30   100.96
08:01:15 62.94   82.96   65.41   100.29
08:02:19 63.05   82.74   65.30   99.84
08:03:22 62.94   82.40   65.30   99.39
08:04:25 62.94   82.40   65.19   98.83
08:05:29 62.94   82.40   65.30   98.26
08:06:32 62.94   82.40   65.30   97.81
08:07:35 62.94   81.95   65.19   97.36
08:08:39 62.94   82.06   65.30   96.91
08:09:42 62.94   82.18   65.30   96.46
08:10:46 62.83   81.84   65.19   96.01
08:11:49 62.83   81.72   65.19   95.68
08:12:52 62.94   81.50   65.30   95.22
08:13:56 62.83   81.28   65.19   94.89
08:14:59 62.83   81.39   65.19   94.55
08:16:02 62.83   81.16   65.19   94.10
08:17:06 62.83   81.16   65.08   93.76
08:18:09 62.83   81.16   65.19   93.43
08:19:12 62.71   80.94   65.19   93.09
08:20:16 62.83   80.94   65.08   92.86
08:21:19 62.83   80.94   65.08   92.64
08:22:22 62.83   80.71   65.08   92.30
08:23:26 62.71   80.60   65.08   91.96
08:24:29 62.83   80.71   65.08   91.74
08:25:32 62.71   89.38   64.96   91.51
08:26:35 66.20   135.28   64.96   91.51
08:27:38 67.21   150.80   64.85   91.85
08:28:41 67.78   132.69   65.08   92.30
08:29:45 68.00   112.33   64.96   92.53
08:30:48 66.43   111.99   65.19   92.30
08:31:51 65.41   110.08   65.19   91.85
08:32:55 64.74   108.16   65.08   91.51
08:33:58 64.29   109.29   65.19   91.18
08:35:01 63.95   108.50   65.08   90.95
08:36:05 63.84   106.36   65.08   90.72
08:37:08 63.61   103.44   65.08   90.39
08:38:11 63.50   101.64   65.08   90.05
08:39:15 63.39   100.85   65.08   89.83
08:40:18 65.86   124.70   65.08   89.83
08:41:21 67.33   143.26   64.96   90.05
08:42:24 68.00   153.28   65.19   90.50
08:43:27 68.45   133.93   65.19   90.95
08:44:30 68.56   112.78   65.08   90.95
08:45:33 66.99   112.89   65.30   90.84
08:46:37 65.86   111.76   65.30   90.50
08:47:40 65.08   113.56   65.19   90.16
08:48:43 64.62   112.10   65.19   89.94
08:49:47 64.29   108.73   65.30   89.71
08:50:50 63.95   106.92   65.19   89.49
08:51:53 63.84   106.36   65.19   89.15
08:52:56 66.88   130.44   65.19   89.15
08:53:59 67.89   145.51   65.08   89.60
08:55:02 68.34   150.69   65.30   90.16
08:56:05 68.79   124.70   65.30   90.39
08:57:09 68.22   112.55   65.30   90.50
08:58:12 66.76   113.56   65.41   90.28
08:59:15 65.75   111.88   65.30   89.94
09:00:19 65.08   112.78   65.30   89.60
09:01:22 64.62   110.64   65.41   89.38
09:02:25 64.29   108.61   65.41   89.15
09:03:29 64.06   109.40   65.30   89.04
09:04:32 67.33   133.70   65.30   89.04
09:05:35 68.11   147.43   65.30   89.49
09:06:38 68.68   155.86   65.41   90.05
09:07:40 69.01   136.29   65.30   90.50
09:08:44 69.12   113.56   65.41   90.61
09:09:47 67.66   113.90   65.53   90.39
09:10:50 66.43   114.01   65.64   90.05
09:11:54 65.64   111.20   65.64   89.71
09:12:57 64.96   111.88   65.53   89.38
09:14:00 64.62   110.64   65.41   89.15
09:15:04 64.29   108.84   65.41   88.93
09:16:07 66.65   125.60   65.53   88.93
09:17:10 68.22   142.25   65.30   89.26
09:18:13 68.79   151.36   65.64   89.83
09:19:16 69.12   128.75   65.64   90.28
09:20:19 68.90   112.66   65.53   90.28
09:21:22 67.21   113.23   65.75   90.05
09:22:26 66.09   112.55   65.64   89.83
09:23:29 65.41   109.96   65.75   89.60
09:24:32 64.96   110.53   65.75   89.38
09:25:36 64.51   109.29   65.64   89.15
09:26:39 64.29   109.51   65.64   88.93
09:27:42 67.55   132.91   65.53   89.04
09:28:45 68.56   146.86   65.41   89.49
09:29:48 69.01   155.07   65.75   90.05
09:30:51 69.24   133.36   65.75   90.50
09:31:54 69.24   113.56   65.64   90.50
09:32:57 67.55   114.01   65.86   90.39
09:34:01 66.43   114.24   65.86   90.05
09:35:04 65.64   111.54   65.86   89.71
09:36:07 65.08   110.98   65.86   89.60
09:37:11 64.74   110.64   65.75   89.26
09:38:14 64.51   108.61   65.75   89.04
09:39:17 64.18   106.59   65.86   88.93
09:40:21 66.54   123.80   65.75   88.93
09:41:24 68.22   141.80   65.64   89.26
09:42:27 68.79   152.49   65.75   89.83
09:43:30 69.24   134.38   65.86   90.28
09:44:33 69.35   113.11   65.75   90.39
09:45:36 67.66   113.23   65.86   90.28
09:46:39 66.54   112.66   65.97   90.05
09:47:43 65.75   109.96   66.09   89.71
09:48:46 65.08   111.09   65.97   89.49
09:49:49 64.74   110.19   65.86   89.26
09:50:53 64.51   108.50   65.86   89.15
09:51:56 64.29   106.59   65.86   88.93
09:52:59 64.06   105.01   65.86   88.70
09:54:03 66.09   121.21   65.86   88.70
09:55:06 68.22   140.79   65.75   88.93
09:56:09 68.79   151.93   65.86   89.60
09:57:12 69.35   141.46   65.97   90.28
09:58:15 69.58   114.46   65.97   90.50
09:59:18 68.22   113.34   66.09   90.39
10:00:21 66.88   113.67   66.09   90.16
10:01:25 65.86   112.44   66.20   89.71
10:02:28 65.41   113.00   66.20   89.49
10:03:31 64.96   111.20   66.09   89.38
10:04:35 64.62   109.17   65.97   89.26
10:05:38 64.40   107.49   65.97   89.04
10:06:41 64.18   105.91   66.09   88.81
10:07:45 64.06   103.66   65.97   88.59
10:08:48 63.95   102.20   65.97   88.59
10:09:51 63.84   100.85   65.86   88.36
10:10:55 63.73   102.31   65.97   88.36
10:11:58 67.33   132.24   65.97   88.47
10:13:01 68.45   147.65   65.86   88.93
10:14:04 69.01   147.43   66.20   89.60
10:15:07 69.35   120.42   66.09   89.94
10:16:10 68.56   113.11   65.97   89.94
10:17:13 66.99   113.67   66.09   89.83
10:18:17 66.09   111.20   66.20   89.49
10:19:20 65.41   111.31   66.20   89.38
10:20:23 64.96   111.09   66.09   89.04
10:21:27 64.62   109.17   66.09   88.81
10:22:30 64.40   107.60   66.09   88.59
10:23:34 64.29   105.12   65.97   88.59
10:24:37 64.06   103.78   66.09   88.36
10:25:40 63.95   101.86   65.97   88.25
10:26:44 63.84   100.29   65.97   88.14
10:27:47 63.84   98.94   65.97   88.03
10:28:50 63.73   97.25   65.97   87.91
10:29:54 63.61   96.69   65.97   87.80
10:30:57 63.50   97.36   65.97   87.69
10:32:00 66.65   127.29   65.97   87.91
10:33:03 68.11   145.85   65.86   88.25
10:34:06 68.79   143.26   66.09   89.04
10:35:09 69.12   116.15   66.20   89.38
10:36:12 68.22   112.44   66.09   89.38
10:37:16 66.76   112.21   66.20   89.15
10:38:19 65.86   113.56   66.31   88.93
10:39:22 65.30   112.21   66.31   88.81
10:40:26 64.85   110.19   66.20   88.59
10:41:29 64.62   108.28   66.09   88.36
10:42:32 64.40   106.48   66.09   88.14
10:43:36 64.18   104.79   66.09   88.03
10:44:39 64.06   102.76   65.97   87.80
10:45:43 63.95   101.30   65.97   87.80
10:46:46 63.84   99.95   65.97   87.80
10:47:49 63.73   98.38   65.86   87.69
10:48:53 63.61   96.91   65.97   87.58
10:49:56 63.61   96.12   65.97   87.35
10:50:59 63.50   95.11   65.97   87.24
10:52:03 63.50   93.88   65.97   87.24
10:53:06 63.50   95.90   65.97   87.12
10:54:09 66.76   129.76   65.97   87.35
10:55:12 68.22   147.76   65.86   87.80
10:56:15 68.79   139.44   65.97   88.36
10:57:18 69.12   113.67   66.09   88.81
10:58:21 67.89   112.10   66.20   88.70
10:59:25 66.65   111.99   66.09   88.36
11:00:28 65.75   111.88   66.20   88.25
11:01:31 65.19   111.20   66.20   88.03
11:02:35 64.74   109.06   66.20   87.91
11:03:38 64.51   107.38   66.09   87.80
11:04:41 64.29   105.69   66.20   87.58
11:05:45 64.18   103.66   66.09   87.58
11:06:48 64.06   101.86   66.20   87.46
11:07:51 63.84   100.74   66.20   87.35
11:08:55 63.84   99.05   65.97   87.24
11:09:58 63.73   97.92   65.97   87.12
11:11:02 63.73   96.58   65.97   87.01
11:12:05 63.61   95.34   65.97   87.01
11:13:08 63.61   93.88   65.97   86.90
11:14:12 63.50   96.35   65.97   86.79
11:15:15 66.76   128.07   65.97   86.90
11:16:18 68.11   146.75   65.86   87.35
11:17:21 68.90   138.54   65.97   87.91
11:18:24 69.12   113.56   66.09   88.25
11:19:27 67.78   112.33   66.20   88.25
11:20:30 66.54   112.21   66.31   88.03
11:21:34 65.75   110.08   66.31   87.80
11:22:37 65.19   110.19   66.20   87.69
11:23:40 64.74   108.84   66.20   87.46
11:24:44 64.51   107.15   66.20   87.35
11:25:47 64.29   105.91   66.20   87.12
11:26:51 64.18   103.78   66.20   87.01
11:27:54 64.06   102.65   66.20   86.90
11:28:57 63.95   100.40   66.09   86.90
11:30:01 63.84   99.16   66.09   86.79
11:31:04 63.84   97.81   65.97   86.68
11:32:07 63.73   96.35   66.09   86.45
11:33:11 63.61   95.22   66.09   86.45
11:34:14 63.61   94.10   65.97   86.34
11:35:17 63.50   98.04   65.97   86.45
11:36:20 67.33   134.71   65.97   86.45
11:37:23 68.45   146.75   65.86   87.01
11:38:26 69.01   123.80   66.20   87.46
11:39:30 68.56   111.54   66.31   87.69
11:40:33 67.21   111.99   66.31   87.58
11:41:36 66.09   109.17   66.31   87.35
11:42:40 65.41   111.09   66.31   87.24
11:43:43 64.96   108.84   66.31   87.12
11:44:46 64.62   107.04   66.31   87.01
11:45:50 64.40   105.80   66.20   86.79
11:46:53 64.18   104.11   66.20   86.68
11:47:56 64.06   102.09   66.20   86.45
11:49:00 63.95   100.62   66.09   86.34
11:50:03 63.84   99.73   66.09   86.34
11:51:06 63.84   98.04   66.09   86.22
11:52:10 63.73   96.69   66.09   86.11
11:53:13 63.61   95.34   66.09   86.00
11:54:16 63.61   94.10   66.09   85.89
11:55:20 63.61   93.09   65.97   85.89
11:56:23 64.74   109.40   65.97   86.00
11:57:26 67.66   139.32   65.97   86.34
11:58:29 68.56   151.81   65.97   86.90
11:59:32 69.12   132.69   66.31   87.58
12:00:35 69.12   112.78   66.31   87.80
12:01:38 67.55   112.89   66.31   87.58
12:02:42 66.43   111.09   66.31   87.35
12:03:45 65.64   113.34   66.43   87.24
12:04:49 65.19   111.31   66.31   87.01
12:05:52 64.85   108.95   66.20   86.79
12:06:55 64.51   107.71   66.20   86.68
12:07:59 64.40   105.69   66.31   86.34
12:09:02 64.18   104.11   66.31   86.22
12:10:05 64.06   101.98   66.20   86.22
12:11:09 63.95   100.85   66.20   86.00
12:12:12 63.84   99.39   66.20   86.11
12:13:15 63.84   97.92   66.09   86.00
12:14:19 63.73   96.35   66.20   86.00
12:15:22 63.73   95.45   66.20   85.89
12:16:25 63.61   94.33   66.09   85.89
12:17:29 63.61   93.31   66.09   85.89
12:18:32 63.61   92.30   66.09   85.66
12:19:35 64.74   108.95   66.09   85.66
12:20:38 67.78   140.11   65.97   85.89
12:21:41 68.68   148.55   66.09   86.68
12:22:44 69.12   123.80   66.31   87.24
12:23:48 68.68   111.76   66.31   87.24
12:24:51 67.21   111.88   66.43   87.12
12:25:54 66.20   109.74   66.43   86.90
12:26:58 65.53   109.85   66.43   86.68
12:28:01 65.08   109.06   66.43   86.68
12:29:04 64.74   107.60   66.31   86.34
12:30:08 64.51   106.25   66.20   86.22
12:31:11 64.29   104.67   66.31   86.22
12:32:14 64.18   102.99   66.31   86.22
12:33:18 64.06   100.96   66.31   86.11
12:34:21 63.95   99.50   66.31   86.00
12:35:24 63.95   97.92   66.31   86.00
12:36:28 63.84   96.69   66.20   85.89
12:37:31 63.73   95.34   66.20   85.78
12:38:34 63.73   94.21   66.20   85.66
12:39:38 63.73   93.09   66.20   85.66
12:40:41 63.61   92.75   66.09   85.66
12:41:44 63.61   91.62   66.09   85.55
12:42:48 63.61   91.96   66.09   85.33
12:43:51 66.09   118.96   66.09   85.55
12:44:54 68.00   143.49   65.97   85.89
12:45:57 68.79   139.10   66.20   86.56
12:47:00 69.24   113.23   66.43   86.90
12:48:03 68.00   110.86   66.54   87.01
12:49:07 66.76   110.19   66.43   86.79
12:50:10 65.86   111.54   66.43   86.45
12:51:13 65.30   109.96   66.43   86.22
12:52:17 64.96   107.94   66.43   86.22
12:53:20 64.62   106.59   66.31   86.11
12:54:23 64.51   104.79   66.31   85.89
12:55:27 64.29   103.33   66.43   85.78
12:56:30 64.18   101.41   66.31   85.78
12:57:33 64.06   99.84   66.31   85.55
12:58:37 63.95   99.39   66.20   85.44
12:59:40 63.95   97.25   66.20   85.55
13:00:43 63.84   96.01   66.20   85.55
13:01:47 63.84   95.00   66.20   85.44
13:02:50 63.73   93.88   66.20   85.33
13:03:54 63.73   92.86   66.20   85.33
13:04:57 63.61   91.85   66.20   85.21
13:06:00 63.61   91.06   66.09   85.10
13:07:04 63.61   90.61   66.20   84.99
13:08:07 63.61   92.86   66.09   84.99
13:09:10 66.99   128.98   66.20   85.21
13:10:13 68.22   147.76   65.97   85.55
13:11:16 69.01   136.74   66.20   86.34
13:12:19 69.24   113.34   66.43   86.56
13:13:22 67.78   112.21   66.43   86.56
13:14:26 66.65   110.75   66.43   86.34
13:15:29 65.86   111.99   66.43   86.11
13:16:32 65.30   110.53   66.43   85.89
13:17:36 64.96   108.28   66.54   85.78
13:18:39 64.62   107.15   66.43   85.66
13:19:43 64.40   105.58   66.31   85.66
13:20:46 64.29   103.66   66.31   85.44
13:21:49 64.18   102.20   66.43   85.33
13:22:53 64.06   99.84   66.43   85.21
13:23:56 63.95   98.60   66.31   85.21
13:24:59 63.84   97.70   66.31   85.21
13:26:03 63.84   96.12   66.31   85.10
13:27:06 63.84   95.45   66.31   84.99
13:28:09 63.73   94.55   66.31   84.99
13:29:13 63.73   93.31   66.20   84.88
13:30:16 63.73   92.53   66.20   84.88
13:31:19 63.61   91.51   66.20   84.76
13:32:23 63.61   90.72   66.20   84.65
13:33:26 63.61   89.83   66.20   84.65
13:34:29 63.61   89.60   66.20   84.54
13:35:33 63.50   88.93   66.09   84.43
13:36:36 63.50   88.59   66.20   84.43
13:37:39 64.85   106.92   66.20   84.54
13:38:42 67.89   140.45   66.09   84.76
13:39:45 68.79   138.54   65.97   85.55
13:40:48 69.24   113.11   66.31   85.78
13:41:52 67.89   110.98   66.43   85.89
13:42:55 66.65   110.41   66.43   85.78
13:43:58 65.97   109.06   66.43   85.66
13:45:02 65.30   109.29   66.54   85.44
13:46:05 64.96   107.49   66.54   85.21
13:47:08 64.74   105.69   66.54   85.10
13:48:12 64.51   103.55   66.31   85.10
13:49:15 64.29   102.54   66.31   84.99
13:50:19 64.18   100.96   66.31   84.99
13:51:22 64.06   100.29   66.31   84.88
13:52:25 64.06   98.26   66.31   84.76
13:53:29 63.95   96.69   66.31   84.76
13:54:32 63.84   95.56   66.31   84.65
13:55:35 63.73   94.89   66.20   84.54
13:56:39 63.73   93.31   66.20   84.54
13:57:42 63.73   92.64   66.09   84.43
13:58:45 63.73   91.74   66.20   84.43
13:59:49 63.61   90.95   66.09   84.31
14:00:52 63.61   90.50   66.09   84.20
14:01:55 63.61   89.49   66.09   84.20
14:02:59 63.61   88.81   66.20   84.20
14:04:02 63.50   90.61   66.09   84.09
14:05:05 66.76   125.60   66.20   84.31
14:06:08 68.34   146.86   65.97   84.76
14:07:11 69.12   155.64   66.20   85.55
14:08:14 69.69   143.04   66.43   86.11
14:09:17 70.14   149.34   66.31   86.68
14:10:20 70.47   157.78   66.54   87.24
14:11:23 70.93   143.71   66.76   87.58
14:12:26 71.15   115.81   66.88   87.69
14:13:29 69.69   114.91   66.88   87.46
14:14:32 68.11   115.36   66.88   87.12
14:15:36 67.10   115.81   66.99   86.79
14:16:39 66.31   114.69   66.76   86.56
14:17:42 67.78   124.70   66.88   86.45
14:18:45 69.69   141.24   66.65   86.79
14:19:48 70.59   152.82   66.88   87.35
14:20:51 70.81   156.99   66.99   88.03
14:21:54 71.15   130.78   67.10   88.36
14:22:57 70.93   113.90   66.99   88.36
14:24:01 69.12   114.80   67.10   88.03
14:25:04 67.78   114.46   67.21   87.69
14:26:07 66.88   114.58   67.21   87.46
14:27:11 66.20   113.67   67.10   87.24
14:28:14 65.75   112.10   66.99   87.12
14:29:17 65.41   111.65   67.10   87.01
14:30:21 68.90   131.00   66.99   87.12
14:31:23 70.14   145.96   66.99   87.80
14:32:26 70.70   155.75   67.10   88.47
14:33:29 71.15   147.88   67.33   89.04
14:34:32 71.38   119.64   67.33   89.15
14:35:36 70.36   114.46   67.33   88.93
14:36:39 68.56   115.48   67.21   88.59
14:37:42 67.44   113.67   67.10   88.36
14:38:46 66.76   114.35   67.21   88.14
14:39:49 66.31   113.67   67.10   88.03
14:40:52 65.86   112.33   67.33   87.91
14:41:56 65.64   109.85   67.21   87.80
14:42:59 65.64   112.66   67.21   87.69
14:44:02 69.58   136.62   67.10   87.80
14:45:05 70.59   150.01   67.21   88.36
14:46:08 71.15   149.79   67.21   88.93
14:47:11 71.49   122.90   67.33   89.38
14:48:14 70.70   113.79   67.44   89.26
14:49:17 69.01   114.46   67.55   89.15
14:50:21 67.89   113.45   67.44   88.93
14:51:24 67.10   114.46   67.21   88.70
14:52:27 66.54   112.78   67.21   88.59
14:53:31 66.09   111.20   67.21   88.36
14:54:34 65.86   109.40   67.21   88.25
14:55:37 65.64   108.05   67.10   88.14
14:56:41 65.41   106.03   67.21   88.14
14:57:44 65.19   104.67   67.10   87.91
14:58:48 65.08   102.65   67.21   87.80
14:59:51 64.96   101.19   67.21   87.80
15:00:54 64.96   99.84   67.33   87.58
15:01:58 64.85   103.10   67.33   87.46
15:03:01 69.01   133.48   67.33   87.69
15:04:04 70.36   149.11   67.33   88.14
15:05:07 71.15   132.24   67.44   88.81
15:06:10 71.26   112.44   67.55   88.93
15:07:13 69.58   112.33   67.66   88.81
15:08:16 68.11   111.65   67.55   88.81
15:09:20 67.33   109.74   67.55   88.59
15:10:23 66.65   110.75   67.55   88.25
15:11:26 66.20   109.85   67.33   88.14
15:12:30 65.97   108.61   67.44   88.03
15:13:33 65.64   107.04   67.55   87.91
15:14:37 65.53   105.35   67.66   87.80
15:15:40 65.30   103.33   67.66   87.69
15:16:43 65.19   102.09   67.44   87.58
15:17:47 65.08   100.96   67.44   87.46
15:18:50 65.08   99.50   67.44   87.35
15:19:53 64.96   98.15   67.33   106.25
15:20:57 64.85   97.25   67.33   109.06
15:22:00 64.74   96.35   67.44   108.84
15:23:03 64.74   95.34   67.44   108.16
15:24:07 64.62   94.66   67.44   107.15
15:25:10 64.62   93.88   67.55   106.14
15:26:13 64.51   92.75   67.44   105.35
15:27:17 64.51   92.08   67.55   104.45
15:28:20 64.51   91.18   67.44   103.66
15:29:23 64.51   90.95   67.33   102.88
15:30:27 64.40   90.28   67.44   102.20
15:31:30 64.40   89.71   67.33   101.41
15:32:33 64.40   89.26   67.33   100.85
15:33:37 64.40   89.26   67.33   100.17
15:34:40 64.40   88.70   67.44   99.61
15:35:43 64.29   88.14   67.33   99.05
15:36:47 64.29   87.58   67.33   98.49
15:37:50 64.29   87.24   67.33   98.04
15:38:53 64.29   87.24   67.21   97.59
15:39:57 64.29   87.01   67.21   97.03
15:41:00 64.29   86.68   67.33   96.58
15:42:03 64.29   86.68   67.33   96.24
15:43:07 64.29   86.45   67.10   95.79
15:44:10 64.18   86.00   67.10   95.45
15:45:13 64.18   85.78   67.21   95.11
15:46:17 64.18   85.78   67.33   94.66
15:47:20 64.18   85.66   67.21   94.33
15:48:24 64.18   85.33   67.10   94.10
15:49:27 64.18   85.21   67.21   93.76
15:50:30 64.18   85.21   67.21   93.54
15:51:34 64.18   84.99   67.10   93.20
15:52:37 64.06   84.65   67.21   92.86
15:53:40 64.06   84.31   67.10   92.64
15:54:44 64.06   84.09   67.21   92.30
15:55:47 64.06   84.20   67.21   91.96
15:56:50 64.06   84.09   67.21   91.74
15:57:54 64.06   83.97   67.10   91.51
15:58:57 64.06   83.97   67.10   91.29
16:00:00 64.06   83.75   66.99   91.06
16:01:04 64.06   83.75   66.99   90.84
16:02:07 64.06   83.86   67.10   90.72
16:03:10 64.06   83.64   67.10   90.39
16:04:14 64.06   83.53   67.21   90.16
16:05:17 63.95   83.64   67.21   89.83
16:06:20 64.06   83.53   67.10   89.71
16:07:24 63.95   83.30   66.99   89.49
16:08:27 63.95   83.30   66.99   89.26
16:09:30 63.95   83.41   67.10   89.15
16:10:34 63.95   83.41   67.10   88.81
16:11:37 64.06   83.30   67.10   88.70
16:12:40 63.95   83.08   67.10   88.47
16:13:44 63.95   82.96   67.10   88.25
16:14:47 63.95   82.96   66.99   88.14
16:15:50 63.95   82.85   66.99   87.91
16:16:54 63.95   82.96   66.99   87.80
16:17:57 63.95   82.85   67.10   87.69
16:19:00 63.95   82.96   67.10   87.46
16:20:04 63.95   82.74   66.99   87.35
16:21:07 63.95   85.89   66.99   87.35
16:22:10 67.44   124.92   66.99   87.35
16:23:13 69.46   148.10   66.99   87.69
16:24:16 70.25   137.75   66.99   88.36
16:25:19 70.70   113.23   67.21   88.70
16:26:23 69.12   111.65   67.33   88.70
16:27:26 67.89   110.98   67.33   88.47
16:28:29 66.99   112.44   67.21   88.14
16:29:33 66.43   109.85   67.10   87.80
16:30:36 65.97   108.16   67.21   87.69
16:31:39 65.75   106.36   67.33   87.46
16:32:43 65.41   104.56   67.21   87.24
16:33:46 65.19   102.42   67.33   87.12
16:34:49 64.96   101.75   67.10   87.01
16:35:53 64.85   100.51   67.10   86.90
16:36:56 64.74   99.73   67.10   86.79
16:37:59 64.62   97.92   67.21   86.68
16:39:03 64.51   96.24   67.21   86.45
16:40:06 64.40   95.56   67.21   86.45
16:41:10 64.40   94.21   67.21   86.34
16:42:13 64.29   93.20   67.21   86.22
16:43:16 64.62   102.76   67.10   86.22
16:44:19 68.90   137.86   67.10   86.34
16:45:22 69.91   151.59   67.21   87.01
16:46:25 70.47   134.15   67.33   87.58
16:47:28 70.70   112.78   67.44   87.80
16:48:32 69.01   112.44   67.55   87.80
16:49:35 67.66   110.64   67.55   87.58
16:50:38 66.76   109.62   67.66   87.46
16:51:42 66.20   110.75   67.66   87.12
16:52:45 65.75   109.17   67.55   87.01
16:53:48 65.41   107.49   67.44   86.90
16:54:52 65.19   106.03   67.44   86.79
16:55:55 64.96   104.34   67.44   86.68
16:56:58 64.85   102.76   67.44   86.56
16:58:02 64.74   100.29   67.44   86.45
16:59:05 64.62   99.61   67.44   86.34
17:00:08 64.51   98.49   67.33   86.22
17:01:12 64.40   96.91   67.44   86.11
17:02:15 64.40   95.79   67.44   86.22
17:03:18 65.41   109.17   67.33   86.22
17:04:22 69.01   139.10   67.33   86.34
17:05:24 70.03   151.81   67.33   87.01
17:06:27 70.70   133.25   67.55   87.58
17:07:31 70.81   112.66   67.66   87.80
17:08:34 69.12   112.33   67.66   87.58
17:09:37 67.78   111.54   67.66   87.35
17:10:41 66.88   112.21   67.66   87.12
17:11:44 66.31   111.42   67.66   87.01
17:12:47 65.75   109.51   67.78   86.79
17:13:51 65.53   107.49   67.66   86.68
17:14:54 65.30   105.69   67.66   86.68
17:15:57 65.08   104.45   67.66   86.45
17:17:01 64.96   103.21   67.55   86.45
17:18:04 64.74   101.41   67.66   86.22
17:19:07 64.62   99.95   67.66   86.11
17:20:11 64.62   98.71   67.66   86.00
17:21:14 64.51   97.36   67.55   86.00
17:22:17 64.40   96.35   67.55   86.00
17:23:21 65.64   110.19   67.55   85.89
17:24:24 69.12   139.89   67.33   86.11
17:25:27 70.14   152.04   67.44   86.79
17:26:29 70.81   132.46   67.55   87.35
17:27:33 70.81   112.55   67.44   87.46
17:28:36 69.01   112.44   67.66   87.35
17:29:39 67.78   111.65   67.78   87.12
17:30:43 66.88   111.54   67.78   86.90
17:31:46 66.31   110.98   67.78   86.79
17:32:49 65.86   109.74   67.78   86.68
17:33:53 65.53   107.94   67.66   86.68
17:34:56 65.30   106.36   67.78   86.68
17:35:59 65.08   104.56   67.66   94.33
17:37:03 64.96   102.65   67.78   107.04
17:38:06 64.85   101.53   67.66   109.06
17:39:10 64.74   99.84   67.66   109.17
17:40:13 64.62   98.26   67.55   108.84
17:41:16 64.51   97.03   67.66   108.28
17:42:20 64.51   95.79   67.55   107.49
17:43:23 64.40   95.22   67.66   106.70
17:44:26 64.40   94.21   67.66   111.31
17:45:30 64.40   93.09   67.66   111.20
17:46:33 64.40   92.53   67.55   110.41
17:47:36 64.29   91.85   67.44   110.08
17:48:40 64.29   91.51   67.44   113.45
17:49:43 64.29   90.72   67.55   112.89
17:50:46 64.29   90.16   67.55   111.88
17:51:50 64.18   90.05   67.55   110.75
17:52:53 64.18   89.15   67.44   109.62
17:53:56 64.18   88.70   67.44   108.73
17:55:00 64.18   88.36   67.55   107.71
17:56:03 64.18   87.80   67.44   106.92
17:57:06 64.18   87.35   67.44   106.03
17:58:10 64.18   87.24   67.44   105.24
17:59:13 64.06   86.68   67.44   104.56
18:00:16 64.06   86.68   67.44   103.78
18:01:20 64.06   86.34   67.44   103.21
18:02:23 64.06   86.00   67.44   102.54
18:03:26 64.06   86.00   67.44   101.86
18:04:30 64.06   85.66   67.44   101.19
18:05:33 64.06   85.55   67.33   100.74
18:06:36 63.95   85.10   67.44   100.29
18:07:40 64.06   85.10   67.33   99.61
18:08:43 63.95   84.88   67.44   99.16
18:09:46 63.95   84.54   67.44   98.60
18:10:50 63.95   84.54   67.44   98.15
18:11:53 63.95   84.76   67.33   97.70
18:12:56 63.95   84.54   67.21   97.36
18:14:00 63.95   84.31   67.21   96.91
18:15:03 63.95   84.31   67.33   96.35
18:16:07 63.95   83.97   67.33   96.12
18:17:10 63.95   84.09   67.21   95.68
18:18:13 63.95   84.09   67.21   95.34
18:19:17 63.95   83.86   67.21   94.78
18:20:20 63.84   83.86   67.21   94.55
18:21:23 63.84   83.64   67.21   94.21
18:22:27 63.84   83.64   67.10   104.00
18:23:30 63.84   83.64   67.10   109.17
18:24:33 63.84   83.41   67.21   108.61
18:25:37 63.84   83.30   67.21   107.15
18:26:40 63.84   83.41   67.21   105.80
18:27:43 63.84   83.41   67.21   104.56
18:28:47 63.84   83.30   67.21   103.44
18:29:50 63.84   83.30   67.21   102.20
18:30:53 63.84   83.53   67.10   102.76
18:31:57 63.84   83.41   67.21   109.29
18:33:00 63.84   83.64   67.21   109.51
18:34:03 63.84   83.75   67.21   108.50
18:35:07 63.84   83.53   67.21   107.26
18:36:10 63.84   83.30   67.10   107.26
18:37:13 63.84   83.30   67.10   106.48
18:38:17 63.84   83.08   67.21   105.24
18:39:20 63.84   82.62   67.21   104.11
18:40:23 63.84   82.40   67.21   102.99
18:41:27 63.84   82.62   67.10   102.09
18:42:30 63.84   82.62   67.21   101.19
18:43:33 63.84   82.40   67.21   100.40
18:44:37 63.84   82.29   67.21   99.73
18:45:40 63.84   82.51   67.21   99.05
18:46:44 63.95   82.40   67.33   98.26
18:47:47 63.84   82.29   67.21   97.59
18:48:50 63.84   82.51   67.21   97.03
18:49:54 63.84   82.18   67.21   96.58
18:50:57 63.84   82.29   66.99   96.12
18:52:00 63.84   82.40   66.99   95.56
18:53:04 63.84   82.29   66.99   95.11
18:54:07 63.84   82.29   67.10   94.66
18:55:10 63.73   82.29   67.10   94.44
18:56:14 63.84   82.06   67.10   93.88
18:57:17 63.73   82.29   66.99   93.43
18:58:20 63.73   82.29   66.99   93.20
18:59:24 63.84   81.95   66.99   92.75
19:00:27 63.73   82.06   66.99   92.41
19:01:30 63.73   82.18   66.99   91.96
19:02:34 63.73   82.18   66.99   91.74
19:03:37 63.73   81.95   66.99   91.40
19:04:40 63.73   82.18   66.88   91.06
19:05:44 63.73   82.06   66.88   90.72
19:06:47 63.73   82.06   66.88   90.50
19:07:50 63.73   81.95   66.88   90.16
19:08:54 63.73   81.72   66.88   101.53
19:09:57 63.73   81.95   66.88   108.61
19:11:00 63.73   81.84   66.88   110.08
19:12:04 63.73   81.72   66.88   110.41
19:13:07 63.73   81.95   66.88   110.19
19:14:10 63.73   81.72   66.88   109.29
19:15:14 63.73   81.95   66.76   108.16
19:16:17 63.73   81.95   66.88   107.15
19:17:20 63.73   81.95   66.76   105.91
19:18:24 63.84   82.06   66.76   104.79
19:19:27 63.73   81.72   66.76   103.66
19:20:31 63.84   81.84   66.76   102.76
19:21:34 63.84   81.72   66.76   101.64
19:22:37 63.84   82.06   66.76   100.74
19:23:41 63.84   81.95   66.76   99.84
19:24:44 63.84   81.95   66.76   99.05
19:25:47 63.84   81.72   66.65   98.49
19:26:51 63.84   81.50   66.76   97.81
19:27:54 63.84   81.50   66.76   97.36
19:28:57 63.84   81.50   66.76   96.69
19:30:01 63.73   81.39   66.76   96.12
19:31:04 63.73   81.39   66.76   95.56
19:32:07 63.73   81.39   66.76   95.11
19:33:11 63.73   81.61   66.65   94.66
19:34:14 63.73   81.72   66.65   94.21
19:35:17 63.73   81.39   66.65   93.76
19:36:21 63.73   81.16   66.65   93.43
19:37:24 63.73   81.61   66.65   92.97
19:38:27 63.73   81.28   66.65   92.75
19:39:31 63.73   81.28   66.65   92.41
19:40:34 63.73   81.39   66.76   91.96
19:41:37 63.73   81.05   66.65   91.74
19:42:41 63.73   80.94   66.54   91.40
19:43:44 63.73   80.83   66.54   91.06
19:44:47 63.73   80.94   66.54   90.72
19:45:51 63.73   81.05   66.54   90.50
19:46:54 63.73   81.16   66.65   90.28
19:47:57 63.73   81.16   66.54   90.05
19:49:01 63.73   80.94   66.54   89.71
19:50:04 63.73   80.71   66.54   89.60
19:51:07 63.73   80.94   66.54   89.26
19:52:11 63.73   80.94   66.54   89.04
19:53:14 63.73   80.83   66.54   88.70
19:54:18 63.61   81.05   66.54   88.47
19:55:21 63.61   81.28   66.54   88.14
19:56:24 63.61   81.16   66.65   88.03
19:57:28 63.73   80.94   66.65   87.80
19:58:31 63.61   81.16   66.76   87.69
19:59:34 63.73   80.94   66.76   87.58
20:00:38 63.73   81.05   66.88   87.35
20:01:41 63.73   80.83   66.88   87.24
20:02:44 63.61   80.71   66.88   87.01
20:03:48 63.61   80.83   66.88   86.79
20:04:51 63.61   80.71   66.88   86.68
20:05:54 63.61   80.83   66.88   86.45
20:06:58 63.61   80.49   66.99   86.22
20:08:01 63.61   81.05   66.99   86.11
20:09:04 63.61   80.83   66.88   86.11
20:10:08 63.61   80.71   66.88   85.89
20:11:11 63.61   80.71   66.76   85.78
20:12:14 63.73   80.71   66.88   85.66
20:13:18 63.61   80.71   66.88   85.55
20:14:21 63.61   80.60   66.88   85.33
20:15:24 63.61   80.60   66.76   85.10
20:16:28 63.73   80.71   66.88   85.10
20:17:31 63.61   80.83   66.88   84.88
20:18:34 63.73   80.60   66.88   84.76
20:19:38 63.61   80.71   66.99   84.54
20:20:41 63.61   80.71   66.76   84.43
20:21:44 63.61   80.60   66.88   84.43
20:22:48 63.61   80.49   66.88   84.31
20:23:51 63.61   80.26   66.88   84.31
20:24:55 63.61   80.26   66.88   84.31
20:25:58 63.61   80.26   66.88   84.20
20:27:01 63.61   80.49   66.99   84.09
20:28:05 63.61   80.49   66.99   83.97
20:29:08 63.61   80.60   66.99   83.86
20:30:11 63.61   80.49   66.99   83.86
20:31:15 63.61   80.26   66.99   83.64
20:32:18 63.61   80.26   66.99   83.64
20:33:21 63.61   80.49   66.88   83.53
20:34:25 63.61   80.26   66.99   83.41
20:35:28 63.61   80.26   67.10   83.41
20:36:31 63.61   80.26   66.99   83.30
20:37:35 63.61   80.26   67.10   83.30
20:38:38 63.61   80.38   66.99   83.19
20:39:41 63.61   80.38   66.99   83.08
20:40:45 63.61   80.38   66.99   83.08
20:41:48 63.61   80.49   66.99   82.96
20:42:51 63.61   80.49   67.10   82.96
20:43:55 63.61   80.38   66.99   82.96
20:44:58 63.61   80.26   67.10   82.96
20:46:01 63.61   80.15   66.99   82.85
20:47:05 63.61   80.38   66.99   82.85
20:48:08 63.61   80.38   66.99   82.62
20:49:11 63.61   80.26   66.99   82.74
20:50:15 63.61   80.04   66.99   82.62
20:51:18 63.61   80.15   67.10   82.51
20:52:21 63.61   80.26   66.99   82.51
20:53:25 63.61   80.38   66.88   82.51
20:54:28 63.61   80.38   66.76   82.40
20:55:31 63.73   80.26   66.99   82.40
20:56:35 63.61   80.49   66.99   82.40
20:57:38 63.73   80.26   66.99   82.40
20:58:42 63.73   80.26   67.10   104.79
20:59:45 63.73   80.26   66.99   109.74
21:00:48 63.73   80.38   66.88   110.75
21:01:52 63.73   80.26   66.88   111.54
21:02:55 63.73   80.26   66.88   111.88
21:03:58 63.84   80.38   66.88   111.99
21:05:02 63.84   80.38   66.88   111.99
21:06:05 63.84   80.38   66.76   111.88
21:07:08 63.84   80.60   66.76   111.65
21:08:12 63.84   84.88   66.76   111.42
21:09:15 67.55   124.70   66.76   111.31
21:10:18 69.46   147.88   66.54   111.42
21:11:21 70.14   153.95   66.76   111.42
21:12:24 71.04   143.38   66.99   111.20
21:13:27 71.60   134.82   67.10   110.86
21:14:30 71.71   113.56   67.10   110.30
21:15:33 69.91   113.00   67.21   109.40
21:16:36 68.45   111.88   67.33   108.50
21:17:40 67.44   112.44   67.33   107.49
21:18:43 66.65   111.65   67.21   106.59
21:19:46 66.20   109.40   67.33   105.80
21:20:50 65.86   107.60   67.33   105.12
21:21:53 65.64   105.69   67.33   104.34
21:22:56 66.43   114.12   67.21   103.78
21:23:59 69.91   137.75   67.21   103.33
21:25:02 70.93   150.80   67.33   103.33
21:26:05 71.60   147.20   67.66   103.33
21:27:08 71.94   120.42   67.66   103.21
21:28:12 70.81   113.23   67.66   102.88
21:29:15 69.01   113.90   67.66   102.31
21:30:18 68.00   111.65   67.66   101.86
21:31:22 67.21   111.65   67.66   101.30
21:32:25 66.65   110.86   67.66   100.85
21:33:28 66.31   108.61   67.66   100.40
21:34:32 65.97   106.59   67.55   116.38
21:35:35 65.75   104.79   67.66   116.83
21:36:38 65.53   105.24   67.66   115.48
21:37:42 69.35   130.55   67.66   114.01
21:38:44 70.81   146.86   67.44   113.11
21:39:47 71.38   155.86   67.66   112.21
21:40:50 71.83   134.82   68.00   111.65
21:41:53 72.05   113.79   68.11   110.64
21:42:57 70.14   113.56   68.11   109.62
21:44:00 68.68   112.89   68.11   108.39
21:45:03 67.78   112.33   68.11   107.49
21:46:07 67.10   112.10   68.00   106.59
21:47:10 66.65   110.41   68.00   105.91
21:48:13 66.20   108.84   67.89   105.01
21:49:17 65.97   107.15   67.89   107.49
21:50:20 66.20   111.20   68.00   107.60
21:51:23 70.03   136.62   67.89   107.15
21:52:26 70.93   150.01   67.89   107.04
21:53:29 71.60   147.31   68.22   106.92
21:54:32 72.16   120.20   68.34   106.59
21:55:35 71.15   113.45   68.22   105.91
21:56:39 69.35   113.56   68.34   105.01
21:57:42 68.11   113.79   68.34   104.23
21:58:45 67.44   113.79   68.34   103.55
21:59:49 66.88   110.98   68.22   102.88
22:00:52 66.54   109.51   68.22   102.20
22:01:55 66.20   108.16   68.22   101.64
22:02:59 65.97   106.59   68.22   101.08
22:04:02 65.75   104.67   68.11   100.62
22:05:05 65.64   103.10   68.22   100.06
22:06:09 65.41   101.75   68.22   99.61
22:07:12 65.30   100.29   68.11   99.16
22:08:16 65.19   98.83   68.11   98.71
22:09:19 65.19   97.59   68.11   98.38
22:10:22 65.08   96.58   68.11   97.92
22:11:26 64.96   95.79   68.00   97.59
22:12:29 64.96   94.55   68.00   97.14
22:13:32 64.85   93.31   68.00   96.58
22:14:36 64.85   92.97   68.00   96.24
22:15:39 64.85   92.30   68.00   95.79
22:16:42 64.74   91.51   68.00   95.45
22:17:46 64.74   90.84   68.00   95.22
22:18:49 64.74   90.39   67.89   94.89
22:19:52 64.74   89.94   67.89   94.55
22:20:56 64.62   89.38   68.00   94.33
22:21:59 64.62   89.04   68.00   93.99
22:23:02 64.62   88.59   67.89   93.76
22:24:06 64.62   88.59   67.89   93.43
22:25:09 64.62   87.69   67.89   93.09
22:26:12 64.51   87.46   67.89   93.09
22:27:16 64.51   87.24   67.89   94.44
22:28:19 64.51   86.79   68.00   97.59
22:29:22 64.51   86.68   67.89   114.01
22:30:26 64.51   86.45   67.89   117.28
22:31:29 64.51   86.00   67.78   117.95
22:32:32 64.40   85.33   67.78   117.95
22:33:36 64.40   85.33   67.78   117.39
22:34:39 64.40   85.33   67.78   116.71
22:35:42 64.40   84.99   67.78   115.92
22:36:46 64.40   84.99   67.78   114.91
22:37:49 64.40   84.76   67.66   113.90
22:38:52 64.40   84.65   67.66   112.89
22:39:56 64.40   84.43   67.78   111.88
22:40:59 64.40   84.20   67.66   110.86
22:42:03 64.40   83.97   67.66   109.85
22:43:06 64.40   84.09   67.66   108.95
22:44:09 64.29   83.86   67.66   108.05
22:45:13 64.29   83.75   67.55   107.26
22:46:16 64.29   83.86   67.66   106.48
22:47:19 64.29   83.53   67.66   105.58
22:48:23 64.29   83.64   67.66   104.79
22:49:26 64.29   83.53   67.55   104.11
22:50:29 64.29   83.30   67.66   103.33
22:51:33 64.29   83.08   67.55   102.76
22:52:36 64.18   82.85   67.55   102.20
22:53:39 64.18   82.96   67.55   101.53
22:54:43 64.29   83.08   67.55   100.96
22:55:46 64.29   82.74   67.44   112.55
22:56:49 64.18   82.62   67.44   114.91
22:57:53 64.18   82.74   67.55   115.03
22:58:56 64.18   82.51   67.44   114.24
22:59:59 64.18   82.74   67.44   113.23
23:01:03 64.18   82.40   67.44   112.21
23:02:06 64.18   82.29   67.55   111.31
23:03:09 64.18   82.29   67.44   110.30
23:04:13 64.18   82.18   67.44   109.40
23:05:16 64.18   82.06   67.44   108.39
23:06:19 64.06   82.18   67.44   107.49
23:07:23 64.18   81.95   67.44   106.59
23:08:26 64.06   81.95   67.44   105.80
23:09:29 64.18   82.18   67.33   104.90
23:10:33 64.18   81.95   67.33   104.11
23:11:36 64.18   81.84   67.21   103.44
23:12:39 64.06   81.84   67.33   102.65
23:13:43 64.06   81.72   67.33   102.09
23:14:46 64.06   81.72   67.33   101.41
23:15:50 64.06   81.61   67.33   100.85
23:16:53 64.06   81.61   67.33   100.06
23:17:56 64.06   81.61   67.33   99.50
23:19:00 64.06   81.50   67.33   98.94
23:20:03 64.06   81.61   67.33   98.38
23:21:06 64.06   81.50   67.33   97.81
23:22:10 64.06   81.28   67.21   97.48
23:23:13 64.06   81.39   67.33   97.03
23:24:16 64.06   81.28   67.21   96.58
23:25:20 64.06   81.39   67.21   96.12
23:26:23 64.06   81.28   67.21   95.56
23:27:26 64.06   81.39   67.10   95.22
23:28:30 64.06   81.16   67.10   94.78
23:29:33 64.06   81.16   67.10   94.33
23:30:36 64.06   81.05   67.10   93.99
23:31:40 64.06   81.28   67.10   93.54
23:32:43 64.06   81.28   67.10   93.31
23:33:46 64.06   81.05   67.21   92.86
23:34:50 64.06   80.94   67.10   92.53
23:35:53 64.06   81.05   67.10   92.19
23:36:56 64.06   80.94   67.10   91.85
23:38:00 64.06   80.83   66.99   91.62
23:39:03 64.06   80.94   67.10   91.29
23:40:06 64.06   80.83   66.99   90.95
23:41:10 64.06   80.83   66.99   90.72
23:42:13 63.95   80.83   66.99   90.39
23:43:16 63.95   80.60   66.99   90.16
23:44:20 63.95   80.49   66.99   89.83
23:45:23 63.95   80.71   66.99   89.49
23:46:26 63.95   80.60   66.99   89.38
23:47:30 63.95   80.71   66.99   89.15
23:48:33 63.95   80.60   66.99   88.81
23:49:36 63.95   80.94   66.99   88.70
23:50:40 63.95   80.71   66.99   88.47
23:51:43 63.95   80.60   66.99   88.25
23:52:47 63.95   80.38   66.99   87.91
23:53:50 63.95   80.38   66.99   87.80
23:54:53 63.95   80.49   66.88   87.58
23:55:57 63.95   80.49   66.88   87.35
23:57:00 63.95   80.49   66.76   87.24
23:58:03 63.95   80.15   66.88   87.01
23:59:07 63.95   80.26   66.76   86.90
