 Date  Furn_In  Furn_Out  Bsmnt   Water_Htr
00:00:28 65.19   81.50   68.68   96.24
00:01:31 65.19   81.39   68.68   95.79
00:02:34 65.19   81.28   68.68   95.45
00:03:38 65.19   81.39   68.68   95.00
00:04:41 65.19   81.28   68.68   94.78
00:05:44 65.19   81.05   68.68   94.33
00:06:48 65.19   81.05   68.68   93.99
00:07:51 65.19   81.16   68.68   93.65
00:08:54 65.19   81.28   68.68   93.43
00:09:58 65.19   81.16   68.68   93.20
00:11:01 65.08   81.05   68.68   92.86
00:12:04 65.19   80.94   68.68   92.53
00:13:08 65.08   81.05   68.68   92.30
00:14:11 65.08   80.94   68.68   91.96
00:15:15 65.08   81.05   68.68   91.74
00:16:18 65.08   81.16   68.68   91.29
00:17:21 65.08   81.16   68.68   91.06
00:18:25 65.08   80.94   68.68   90.84
00:19:28 65.08   80.94   68.68   90.50
00:20:31 65.19   81.05   68.68   90.28
00:21:35 65.08   80.94   68.68   90.05
00:22:38 65.08   81.16   68.68   89.83
00:23:41 65.08   81.05   68.68   89.71
00:24:45 65.08   81.05   68.68   89.49
00:25:48 65.08   81.05   68.68   89.26
00:26:51 65.08   80.60   68.68   89.15
00:27:55 65.08   80.83   68.68   88.81
00:28:58 65.08   81.16   68.68   88.47
00:30:01 65.08   81.05   68.56   88.36
00:31:05 65.08   80.83   68.56   88.25
00:32:08 65.08   80.83   68.56   88.14
00:33:11 65.08   80.83   68.56   87.91
00:34:15 65.08   80.94   68.56   87.69
00:35:18 65.08   80.94   68.56   87.46
00:36:21 65.08   81.05   68.56   87.24
00:37:25 65.08   80.83   68.56   87.12
00:38:28 65.08   80.83   68.56   87.12
00:39:31 65.08   80.71   68.56   86.90
00:40:35 65.08   80.60   68.45   86.68
00:41:38 65.08   80.83   68.56   86.68
00:42:41 65.08   80.60   68.56   86.45
00:43:45 65.08   80.49   68.56   86.34
00:44:48 65.08   80.83   68.56   86.34
00:45:51 65.08   80.83   68.56   86.11
00:46:55 65.08   80.83   68.56   86.00
00:47:58 65.08   80.94   68.56   86.00
00:49:02 65.08   80.60   68.45   85.89
00:50:05 65.08   80.60   68.56   85.78
00:51:08 65.08   80.71   68.56   85.66
00:52:12 65.08   80.83   68.45   85.44
00:53:15 65.08   80.60   68.45   85.44
00:54:18 65.08   80.49   68.45   85.33
00:55:22 65.08   80.49   68.45   85.21
00:56:25 65.08   80.60   68.45   84.99
00:57:28 65.08   80.60   68.45   84.88
00:58:32 65.08   80.71   68.45   84.99
00:59:35 65.08   80.71   68.45   84.99
01:00:38 65.08   80.71   68.45   84.76
01:01:42 65.08   80.60   68.45   84.65
01:02:45 65.08   80.49   68.45   84.43
01:03:48 65.08   80.49   68.45   84.43
01:04:52 65.08   80.60   68.56   84.31
01:05:55 65.08   80.49   68.45   84.09
01:06:58 65.08   80.71   68.45   84.09
01:08:02 65.08   80.71   68.45   84.09
01:09:05 65.08   80.60   68.34   83.97
01:10:08 65.08   80.49   68.34   83.97
01:11:12 65.08   80.49   68.34   83.75
01:12:15 65.08   80.49   68.34   83.75
01:13:18 65.08   80.26   68.34   83.75
01:14:22 65.08   80.60   68.34   83.75
01:15:25 65.08   80.60   68.34   83.64
01:16:28 65.08   80.49   68.45   83.64
01:17:32 65.08   80.38   68.45   83.64
01:18:35 65.08   80.49   68.34   83.53
01:19:38 65.08   80.49   68.34   83.41
01:20:42 65.08   80.49   68.34   83.53
01:21:45 65.08   80.60   68.34   83.41
01:22:49 65.08   80.71   68.34   83.30
01:23:52 65.08   80.60   68.34   83.30
01:24:55 65.08   80.71   68.34   83.19
01:25:59 65.08   80.60   68.34   83.19
01:27:02 65.08   80.49   68.34   83.08
01:28:05 65.08   80.49   68.34   83.19
01:29:09 65.08   80.38   68.34   82.96
01:30:12 65.08   80.71   68.22   82.96
01:31:15 65.08   80.38   68.22   82.96
01:32:19 65.08   80.38   68.22   82.74
01:33:22 65.08   80.38   68.22   82.62
01:34:25 65.08   80.38   68.22   82.62
01:35:29 65.08   80.49   68.22   82.62
01:36:32 65.08   80.04   68.22   82.74
01:37:35 65.08   80.38   68.22   82.62
01:38:39 65.08   80.49   68.22   82.62
01:39:42 65.08   80.04   68.22   82.62
01:40:45 65.08   80.15   68.22   82.62
01:41:49 65.08   80.38   68.22   82.51
01:42:52 65.08   80.15   68.22   82.51
01:43:55 65.08   80.15   68.11   82.40
01:44:59 65.08   80.26   68.11   82.40
01:46:02 65.08   79.93   68.22   82.40
01:47:05 65.08   79.81   68.11   82.29
01:48:09 65.08   80.15   68.11   82.40
01:49:12 65.08   80.15   68.22   82.40
01:50:15 65.08   80.38   68.22   82.18
01:51:19 65.08   80.49   68.11   82.18
01:52:22 65.08   80.38   68.00   82.06
01:53:25 65.08   80.15   68.00   82.06
01:54:29 65.08   79.93   68.11   81.95
01:55:32 65.08   80.04   68.11   82.06
01:56:36 65.08   80.15   68.22   82.06
01:57:39 65.08   80.04   68.11   81.84
01:58:42 65.08   80.38   68.11   81.84
01:59:46 65.08   80.38   68.11   81.84
02:00:49 65.08   80.15   68.11   81.84
02:01:52 65.08   79.93   68.00   81.84
02:02:56 65.08   79.93   68.11   81.95
02:03:59 65.08   80.26   68.11   81.95
02:05:02 65.08   80.04   68.11   81.95
02:06:06 65.08   80.04   68.11   81.84
02:07:09 65.08   80.04   68.11   81.95
02:08:12 65.08   84.88   68.00   81.84
02:09:16 67.55   127.51   68.00   81.84
02:10:18 68.79   146.86   68.00   82.40
02:11:21 69.35   128.19   68.11   82.96
02:12:25 69.35   111.31   68.22   83.41
02:13:28 68.22   110.08   68.22   83.41
02:14:31 67.55   107.26   68.22   83.19
02:15:35 66.99   109.40   68.34   83.08
02:16:38 66.65   107.49   68.22   82.85
02:17:41 66.31   106.03   68.22   82.74
02:18:45 66.20   104.23   68.22   82.74
02:19:48 66.09   102.99   68.22   82.74
02:20:51 65.97   101.08   68.22   82.74
02:21:55 65.86   99.73   68.22   82.74
02:22:58 65.75   98.26   68.22   82.74
02:24:01 65.64   96.80   68.22   82.62
02:25:05 65.64   95.56   68.22   82.74
02:26:08 65.64   94.55   68.11   82.74
02:27:11 65.53   93.43   68.22   82.74
02:28:15 65.53   92.75   68.22   82.74
02:29:18 65.41   91.62   68.11   82.51
02:30:21 65.41   90.72   68.11   82.40
02:31:25 65.41   90.05   68.11   82.51
02:32:28 65.86   101.41   68.11   82.51
02:33:31 68.34   137.64   68.11   82.74
02:34:34 69.24   150.12   68.11   83.41
02:35:37 69.69   128.86   68.22   84.09
02:36:40 69.69   112.33   68.34   84.31
02:37:44 68.56   112.21   68.45   84.09
02:38:47 67.89   108.73   68.45   83.97
02:39:50 67.33   107.49   68.45   83.86
02:40:54 66.88   108.61   68.34   83.86
02:41:57 66.54   107.26   68.45   83.64
02:43:00 66.31   105.80   68.34   83.64
02:44:04 66.20   103.89   68.45   83.64
02:45:07 66.09   102.54   68.45   83.64
02:46:10 65.97   100.96   68.34   83.41
02:47:14 65.97   99.50   68.34   83.41
02:48:17 65.86   98.26   68.34   83.41
02:49:20 65.75   96.58   68.34   83.41
02:50:24 65.75   95.90   68.34   83.41
02:51:27 65.64   94.44   68.22   83.30
02:52:30 65.64   94.89   68.34   83.19
02:53:34 67.78   124.48   68.34   83.41
02:54:37 69.01   144.84   68.22   83.75
02:55:40 69.69   142.36   68.34   84.43
02:56:43 70.03   115.81   68.45   84.88
02:57:46 69.35   111.65   68.56   84.88
02:58:49 68.34   110.98   68.56   84.76
02:59:53 67.66   109.51   68.56   84.76
03:00:56 67.21   110.08   68.68   84.65
03:01:59 66.88   108.61   68.56   84.54
03:03:03 66.65   107.26   68.56   84.54
03:04:06 66.43   105.46   68.56   84.43
03:05:09 66.31   104.00   68.56   84.43
03:06:13 66.20   102.42   68.56   84.43
03:07:16 66.09   101.30   68.56   84.31
03:08:19 65.97   99.28   68.45   84.20
03:09:23 65.97   98.15   68.45   84.20
03:10:26 65.86   96.69   68.45   84.20
03:11:29 65.86   95.11   68.45   84.20
03:12:33 65.86   94.55   68.45   84.09
03:13:36 65.86   93.65   68.45   84.20
03:14:39 65.75   92.30   68.45   84.09
03:15:43 65.75   91.51   68.45   83.97
03:16:46 65.75   91.74   68.45   83.86
03:17:49 67.55   119.75   68.56   83.97
03:18:52 69.12   143.71   68.34   84.31
03:19:55 69.69   143.71   68.45   84.99
03:20:58 70.03   117.61   68.56   85.44
03:22:02 69.46   111.99   68.68   85.55
03:23:05 68.45   111.20   68.68   85.44
03:24:08 67.78   109.40   68.68   85.21
03:25:12 67.44   110.30   68.68   84.99
03:26:15 67.10   109.06   68.68   84.99
03:27:18 66.76   107.49   68.68   84.76
03:28:22 66.54   105.69   68.68   84.65
03:29:25 66.43   104.00   68.68   84.65
03:30:28 66.31   102.09   68.68   84.65
03:31:32 66.20   101.19   68.68   84.65
03:32:35 66.09   99.05   68.68   84.76
03:33:38 66.09   98.49   68.56   84.65
03:34:42 65.97   97.14   68.56   84.65
03:35:45 65.86   95.56   68.56   84.54
03:36:48 65.86   94.33   68.56   84.54
03:37:52 65.86   93.65   68.56   84.43
03:38:55 65.75   92.75   68.56   84.31
03:39:58 65.75   92.08   68.56   84.31
03:41:02 65.75   90.72   68.56   84.31
03:42:05 65.64   90.05   68.56   84.31
03:43:08 65.64   89.26   68.56   84.20
03:44:12 65.64   89.15   68.56   84.09
03:45:15 65.64   88.81   68.56   84.09
03:46:19 65.64   87.91   68.56   83.97
03:47:22 65.53   87.69   68.56   83.97
03:48:25 65.53   87.01   68.45   83.97
03:49:29 65.53   86.90   68.45   83.86
03:50:32 65.53   86.79   68.45   83.86
03:51:35 65.53   85.89   68.56   83.97
03:52:39 65.53   85.78   68.45   83.75
03:53:42 65.53   85.33   68.45   83.75
03:54:45 65.53   85.10   68.45   83.86
03:55:49 65.53   84.99   68.45   83.75
03:56:52 65.53   84.54   68.45   83.64
03:57:55 65.41   85.55   68.45   83.64
03:58:59 66.99   112.66   68.45   83.75
04:00:02 68.68   142.81   68.34   83.97
04:01:04 69.35   143.94   68.56   84.65
04:02:07 69.69   117.61   68.56   84.99
04:03:11 69.12   111.65   68.68   85.10
04:04:14 68.22   110.53   68.68   85.10
04:05:18 67.55   108.05   68.68   84.99
04:06:21 67.10   109.29   68.68   84.88
04:07:24 66.76   108.28   68.68   84.76
04:08:28 66.54   107.04   68.79   84.76
04:09:31 66.43   105.12   68.68   84.65
04:10:34 66.31   103.44   68.68   84.43
04:11:38 66.09   101.86   68.68   84.43
04:12:41 66.09   100.40   68.68   84.43
04:13:44 65.97   99.16   68.56   84.43
04:14:48 65.97   97.81   68.56   84.31
04:15:51 65.86   96.91   68.56   84.43
04:16:54 65.86   95.22   68.56   84.43
04:17:58 65.75   94.21   68.45   84.43
04:19:01 65.75   92.75   68.45   84.43
04:20:04 65.75   92.41   68.45   84.31
04:21:08 65.64   91.85   68.56   84.31
04:22:11 65.64   91.18   68.56   84.20
04:23:14 65.64   90.72   68.45   84.20
04:24:18 65.64   89.26   68.45   84.20
04:25:21 65.64   88.81   68.56   84.20
04:26:24 65.64   88.47   68.45   83.97
04:27:28 65.64   87.80   68.56   83.97
04:28:31 65.53   87.46   68.45   83.86
04:29:34 65.53   87.80   68.34   83.86
04:30:38 66.99   114.46   68.45   83.97
04:31:41 68.68   142.59   68.34   84.09
04:32:44 69.35   141.80   68.45   84.76
04:33:47 69.80   115.81   68.56   85.21
04:34:50 69.01   111.76   68.68   85.44
04:35:53 68.11   110.19   68.68   85.21
04:36:57 67.55   109.17   68.68   85.10
04:38:00 67.10   109.96   68.68   84.88
04:39:03 66.88   108.39   68.68   84.76
04:40:07 66.65   106.59   68.68   84.65
04:41:10 66.43   105.80   68.68   84.54
04:42:13 66.31   104.23   68.68   84.54
04:43:17 66.20   102.42   68.56   84.54
04:44:20 66.09   100.62   68.56   84.54
04:45:23 65.97   99.28   68.56   84.54
04:46:27 65.97   97.81   68.56   84.54
04:47:30 65.86   96.69   68.56   84.54
04:48:34 65.86   95.34   68.45   84.43
04:49:37 65.86   94.33   68.56   84.31
04:50:40 65.75   93.54   68.56   84.31
04:51:44 65.75   92.75   68.56   84.31
04:52:47 65.75   91.29   68.56   84.20
04:53:50 65.75   90.61   68.56   84.20
04:54:54 65.64   90.05   68.45   84.09
04:55:57 65.64   91.62   68.56   84.09
04:57:00 67.78   125.04   68.56   84.20
04:58:03 69.01   145.74   68.45   84.43
04:59:06 69.58   155.19   68.56   85.21
05:00:09 70.03   147.31   68.68   86.00
05:01:12 70.36   146.30   68.56   86.45
05:02:15 70.70   155.07   68.68   86.90
05:03:18 71.04   157.10   68.79   87.35
05:04:20 71.38   145.51   68.90   87.69
05:05:23 71.60   153.39   69.01   88.14
05:06:26 71.71   160.14   69.01   88.47
05:07:29 71.94   145.85   69.12   88.81
05:08:32 72.16   151.36   69.24   88.93
05:09:35 72.39   159.35   69.24   89.26
05:10:38 72.50   150.12   69.24   89.60
05:11:41 72.50   124.70   69.35   102.88
05:12:44 71.49   121.78   69.46   112.78
05:13:47 70.03   122.67   69.46   114.24
05:14:51 69.12   120.20   69.46   114.46
05:15:54 70.14   126.73   69.46   114.35
05:16:57 71.26   140.00   69.35   114.80
05:18:00 71.71   151.48   69.46   115.25
05:19:03 71.94   159.01   69.46   115.36
05:20:05 72.28   147.99   69.58   115.36
05:21:08 72.50   149.00   69.58   117.05
05:22:11 72.61   148.78   69.69   117.39
05:23:14 72.72   123.12   69.91   118.06
05:24:18 71.60   121.10   69.80   118.06
05:25:21 70.25   121.21   69.80   117.50
05:26:24 69.69   121.55   69.80   116.71
05:27:27 71.60   135.28   69.80   116.15
05:28:30 72.16   148.44   69.80   115.70
05:29:33 72.50   157.21   69.91   115.36
05:30:36 72.50   153.39   69.91   115.03
05:31:39 72.84   147.31   70.03   114.69
05:32:42 72.95   131.68   70.03   114.12
05:33:45 72.61   120.31   70.14   113.45
05:34:48 71.04   120.99   70.14   112.55
05:35:52 69.91   119.75   70.14   111.65
05:36:55 69.12   121.21   70.14   110.86
05:37:58 71.26   127.62   70.14   116.15
05:39:01 72.05   141.57   70.14   116.94
05:40:04 72.50   152.82   70.03   116.60
05:41:07 72.72   160.25   70.25   115.92
05:42:10 73.06   140.90   70.25   115.36
05:43:13 72.95   120.65   70.36   114.58
05:44:16 71.38   121.44   70.36   113.56
05:45:19 70.14   121.10   70.47   112.55
05:46:23 69.35   120.76   70.36   111.65
05:47:26 68.79   120.76   70.36   110.86
05:48:30 68.45   121.55   70.36   110.19
05:49:33 71.60   134.04   70.25   109.74
05:50:35 72.16   147.65   70.36   109.74
05:51:38 72.61   156.88   70.47   115.59
05:52:41 72.95   138.99   70.47   121.10
05:53:44 72.84   120.09   70.47   120.54
05:54:48 71.26   120.88   70.59   118.96
05:55:51 70.03   118.96   70.59   117.50
05:56:54 69.35   120.88   70.59   116.04
05:57:58 68.79   119.53   70.47   120.65
05:59:01 68.34   117.73   70.47   119.64
06:00:04 68.00   116.04   70.25   118.40
06:01:08 67.78   114.24   70.36   117.05
06:02:11 67.55   112.33   70.36   115.81
06:03:14 67.44   110.86   70.36   114.58
06:04:18 69.80   125.94   70.25   113.67
06:05:21 71.49   142.81   70.36   113.23
06:06:23 71.94   153.39   70.36   112.89
06:07:26 72.39   134.04   70.36   112.55
06:08:30 72.16   119.08   70.36   111.99
06:09:33 70.70   119.53   70.59   110.98
06:10:36 69.69   117.95   70.47   113.00
06:11:40 68.90   119.19   70.59   118.74
06:12:43 68.45   118.06   70.59   118.29
06:13:46 68.11   115.92   70.59   117.28
06:14:50 67.78   114.01   70.59   116.38
06:15:53 67.66   112.21   70.47   115.36
06:16:56 67.44   110.86   70.36   114.46
06:18:00 67.33   108.73   70.36   113.45
06:19:03 67.21   106.81   70.25   112.55
06:20:06 67.10   105.91   70.25   111.54
06:21:10 66.99   104.34   70.14   110.75
06:22:13 66.99   102.88   70.14   109.85
06:23:16 66.88   101.53   70.14   109.51
06:24:20 66.76   100.06   70.14   115.03
06:25:23 66.76   99.39   70.25   114.35
06:26:26 66.76   98.38   70.25   113.11
06:27:30 66.65   97.14   70.14   111.88
06:28:33 66.65   96.35   70.14   110.75
06:29:36 66.65   95.45   70.14   109.74
06:30:40 66.54   94.66   70.14   108.84
06:31:43 66.54   94.21   70.14   108.05
06:32:47 66.54   93.65   70.14   107.26
06:33:50 66.54   93.20   70.03   110.53
06:34:53 66.54   92.64   70.03   117.16
06:35:57 66.43   92.08   70.14   117.05
06:37:00 66.54   91.74   70.03   116.71
06:38:03 66.43   91.40   70.03   116.71
06:39:07 66.43   90.95   70.03   116.26
06:40:10 66.43   90.50   69.91   116.15
06:41:13 66.43   90.39   70.03   115.81
06:42:17 66.43   90.05   69.91   115.36
06:43:20 66.43   89.83   69.91   114.91
06:44:23 66.43   89.15   69.80   114.46
06:45:27 66.43   89.15   69.58   114.01
06:46:30 66.43   89.15   69.46   113.45
06:47:33 66.43   88.59   69.69   112.89
06:48:37 66.43   88.36   69.58   112.10
06:49:40 66.43   88.36   69.58   113.23
06:50:43 66.43   87.91   69.69   113.00
06:51:47 66.43   87.69   69.69   112.55
06:52:50 66.43   87.69   69.58   114.58
06:53:53 66.43   87.46   69.58   114.24
06:54:57 66.43   87.24   69.58   113.56
06:56:00 66.43   87.01   69.58   112.78
06:57:03 66.43   86.90   69.58   111.88
06:58:07 66.43   86.79   69.58   111.54
06:59:10 66.43   86.68   69.58   110.98
07:00:13 66.43   86.79   69.46   110.53
07:01:17 66.43   86.56   69.58   109.85
07:02:20 66.43   86.56   69.46   109.29
07:03:24 66.43   86.45   69.46   108.61
07:04:27 66.43   86.34   69.46   108.16
07:05:30 66.43   86.11   69.58   107.60
07:06:34 66.43   86.22   69.46   107.04
07:07:37 66.43   86.00   69.46   106.48
07:08:40 66.43   86.00   69.58   106.03
07:09:44 66.43   86.11   69.46   105.58
07:10:47 66.43   86.00   69.46   105.01
07:11:50 66.43   85.89   69.46   118.51
07:12:54 66.43   85.55   69.35   119.64
07:13:57 66.43   85.55   69.46   118.29
07:15:00 66.43   85.44   69.46   116.71
07:16:04 66.43   85.33   69.35   115.36
07:17:07 66.43   85.21   69.46   114.24
07:18:10 66.43   85.21   69.58   119.53
07:19:14 66.43   85.21   69.35   118.51
07:20:17 66.43   85.10   69.46   117.05
07:21:20 66.43   85.33   69.46   115.70
07:22:24 66.43   85.21   69.46   114.58
07:23:27 66.43   85.21   69.46   113.34
07:24:30 66.43   84.76   69.58   112.10
07:25:34 66.31   84.65   69.69   111.20
07:26:37 66.31   84.76   69.69   110.30
07:27:40 66.31   84.76   69.69   109.40
07:28:44 66.31   84.54   69.80   108.73
07:29:47 66.31   84.54   69.69   107.94
07:30:50 66.31   84.43   69.80   107.15
07:31:54 66.31   84.43   69.69   106.48
07:32:57 66.31   84.31   69.69   105.80
07:34:00 66.31   84.31   69.69   105.01
07:35:04 66.20   83.86   69.69   104.34
07:36:07 66.20   84.31   69.69   103.89
07:37:11 66.20   83.97   69.69   103.33
07:38:14 66.20   84.09   69.69   102.88
07:39:17 66.20   83.97   69.69   102.42
07:40:21 66.20   84.09   69.69   101.86
07:41:24 66.20   83.97   69.69   101.30
07:42:27 66.09   84.09   69.58   100.62
07:43:31 66.20   83.97   69.58   100.17
07:44:34 66.09   83.97   69.58   99.73
07:45:37 66.09   83.86   69.58   99.39
07:46:41 66.09   83.53   69.58   98.83
07:47:44 66.09   83.97   69.69   98.49
07:48:47 66.09   83.97   69.58   98.15
07:49:51 66.09   83.75   69.58   97.70
07:50:54 66.09   83.64   69.46   97.25
07:51:57 66.09   83.53   69.58   96.91
07:53:01 66.09   83.41   69.46   96.58
07:54:04 66.09   83.53   69.58   96.24
07:55:07 66.09   83.64   69.46   96.01
07:56:11 66.09   83.75   69.58   95.68
07:57:14 65.97   83.53   69.58   95.34
07:58:17 65.97   83.30   69.46   95.11
07:59:21 65.97   83.64   69.46   94.78
08:00:24 65.97   83.64   69.46   94.44
08:01:27 65.97   83.30   69.46   94.21
08:02:31 65.97   83.41   69.46   93.88
08:03:34 65.97   83.41   69.46   93.65
08:04:37 65.97   83.53   69.35   93.20
08:05:41 65.97   83.30   69.35   93.09
08:06:44 65.97   82.96   69.46   92.86
08:07:47 65.97   83.08   69.35   92.53
08:08:51 65.97   82.96   69.35   92.19
08:09:54 65.86   83.19   69.46   91.96
08:10:58 65.86   83.19   69.35   91.74
08:12:01 65.97   83.19   69.24   91.62
08:13:04 65.86   83.08   69.35   91.40
08:14:08 65.86   83.19   69.35   91.18
08:15:11 65.86   82.96   69.24   91.06
08:16:14 65.86   83.08   69.24   90.95
08:17:18 65.86   82.96   69.24   90.72
08:18:21 65.86   82.96   69.24   90.50
08:19:24 65.86   82.85   69.24   90.39
08:20:28 65.86   82.96   69.24   90.16
08:21:31 65.86   91.29   69.24   90.05
08:22:34 69.35   138.20   69.12   90.16
08:23:37 70.36   147.09   69.01   90.39
08:24:40 70.93   122.00   69.24   90.84
08:25:43 70.47   111.88   69.46   90.84
08:26:47 69.24   110.98   69.46   90.72
08:27:50 68.45   108.50   69.35   90.50
08:28:53 68.00   109.51   69.46   90.28
08:29:57 67.55   108.28   69.46   90.16
08:31:00 67.33   107.15   69.46   89.94
08:32:03 67.10   105.69   69.46   89.71
08:33:07 66.88   104.11   69.46   89.60
08:34:10 66.76   101.75   69.35   89.49
08:35:13 66.65   100.85   69.35   89.38
08:36:17 66.54   99.28   69.35   89.26
08:37:20 66.54   98.26   69.35   89.15
08:38:23 66.43   96.80   69.35   88.93
08:39:27 66.31   96.12   69.35   88.81
08:40:30 66.20   95.22   69.24   88.81
08:41:33 67.78   113.79   69.24   88.70
08:42:36 70.03   141.91   69.12   88.81
08:43:39 70.81   153.05   69.24   89.26
08:44:42 71.26   131.11   69.35   89.83
08:45:45 71.38   112.89   69.46   89.94
08:46:49 70.03   113.11   69.46   90.05
08:47:52 69.01   110.98   69.58   89.71
08:48:55 68.34   112.44   69.58   89.60
08:49:59 68.00   111.09   69.58   89.26
08:51:02 67.55   109.06   69.58   89.04
08:52:05 67.33   107.83   69.58   88.81
08:53:09 67.21   106.36   69.58   88.81
08:54:12 66.99   104.11   69.58   88.59
08:55:15 66.88   102.54   69.58   88.36
08:56:19 66.76   101.64   69.46   88.36
08:57:22 66.65   100.06   69.46   88.25
08:58:25 66.54   98.83   69.46   88.14
08:59:29 68.00   115.14   69.46   88.14
09:00:32 70.25   141.12   69.35   88.25
09:01:35 71.04   151.14   69.46   89.04
09:02:38 71.60   128.07   69.46   89.49
09:03:41 71.49   112.66   69.58   89.83
09:04:44 70.14   112.78   69.58   89.49
09:05:48 69.24   111.31   69.69   89.38
09:06:51 68.45   109.85   69.69   89.15
09:07:54 68.00   107.83   69.69   89.04
09:08:58 67.78   109.06   69.69   88.93
09:10:01 67.44   107.38   69.69   88.70
09:11:04 67.21   106.36   69.69   88.59
09:12:08 67.10   104.56   69.69   88.47
09:13:11 66.99   102.88   69.58   88.36
09:14:14 66.88   101.75   69.58   88.36
09:15:18 66.76   100.17   69.69   88.36
09:16:21 66.65   98.83   69.58   88.36
09:17:24 66.54   97.70   69.58   88.14
09:18:28 66.54   96.35   69.46   88.03
09:19:31 66.54   95.34   69.58   87.91
09:20:34 66.54   94.10   69.46   87.80
09:21:38 66.43   93.54   69.46   87.80
09:22:41 66.31   92.75   69.46   87.80
09:23:44 66.31   92.08   69.46   87.80
09:24:48 66.31   91.40   69.46   87.58
09:25:51 66.31   90.84   69.46   87.58
09:26:54 66.20   90.50   69.46   87.46
09:27:58 66.20   89.49   69.46   87.35
09:29:01 66.20   89.49   69.35   87.12
09:30:04 66.20   89.26   69.35   87.01
09:31:08 66.20   88.93   69.35   87.01
09:32:11 66.20   88.14   69.35   87.01
09:33:15 66.09   87.69   69.35   86.90
09:34:18 66.20   87.35   69.35   86.90
09:35:21 66.09   86.90   69.35   86.79
09:36:25 66.09   86.68   69.35   86.79
09:37:28 66.09   86.90   69.35   86.68
09:38:31 66.09   86.68   69.35   86.68
09:39:35 66.09   86.45   69.35   86.56
09:40:38 66.09   86.00   69.24   86.56
09:41:41 66.09   85.78   69.35   86.56
09:42:45 66.09   85.78   69.35   86.34
09:43:48 66.09   85.66   69.24   86.34
09:44:51 65.97   85.55   69.35   86.11
09:45:55 65.97   85.21   69.24   86.11
09:46:58 65.97   84.99   69.24   86.22
09:48:01 65.97   85.10   69.24   86.11
09:49:05 65.97   84.99   69.24   86.00
09:50:08 65.97   84.99   69.24   85.89
09:51:11 65.97   84.76   69.24   85.89
09:52:15 65.97   84.65   69.24   85.78
09:53:18 65.86   84.54   69.24   85.66
09:54:21 65.97   84.31   69.24   85.55
09:55:25 65.97   84.09   69.24   85.55
09:56:28 65.86   84.20   69.24   85.44
09:57:31 65.86   84.20   69.24   85.44
09:58:35 65.86   83.86   69.24   85.44
09:59:38 65.97   83.97   69.24   85.44
10:00:41 65.97   83.97   69.12   85.44
10:01:45 65.86   83.75   69.24   85.21
10:02:48 65.86   83.64   69.24   85.21
10:03:51 65.86   83.41   69.12   85.21
10:04:55 65.86   83.53   69.12   85.10
10:05:58 65.86   83.53   69.12   85.10
10:07:01 65.86   83.41   69.12   84.99
10:08:05 65.86   83.30   69.12   84.99
10:09:08 65.86   83.53   69.12   84.99
10:10:12 65.86   83.41   69.12   84.88
10:11:15 65.86   83.53   69.01   84.88
10:12:18 65.86   83.19   69.01   84.76
10:13:22 65.86   83.30   69.01   84.65
10:14:25 65.86   83.19   69.01   84.65
10:15:28 65.86   83.19   69.01   84.54
10:16:32 65.86   83.08   69.01   84.54
10:17:35 65.86   82.74   69.01   84.54
10:18:38 65.86   82.96   69.01   84.43
10:19:42 65.75   82.74   69.01   84.43
10:20:45 65.86   82.85   68.90   84.31
10:21:48 65.75   82.85   69.01   84.31
10:22:52 65.75   82.74   68.90   84.43
10:23:55 65.75   82.85   68.90   84.43
10:24:58 65.75   82.51   68.90   84.31
10:26:02 65.75   82.62   68.90   84.31
10:27:05 65.75   82.62   68.90   84.31
10:28:08 65.75   82.74   68.90   84.43
10:29:12 65.75   82.51   68.90   84.31
10:30:15 65.75   82.85   68.90   84.20
10:31:18 65.75   82.62   68.90   84.20
10:32:22 65.75   82.51   68.90   84.09
10:33:25 65.75   82.51   68.90   84.20
10:34:28 65.75   82.51   68.79   84.09
10:35:32 65.75   82.40   68.90   84.09
10:36:35 65.75   82.40   68.79   84.09
10:37:38 65.75   82.40   68.79   84.09
10:38:42 65.75   82.29   68.79   83.97
10:39:45 65.75   82.51   68.79   83.86
10:40:48 65.75   82.51   68.79   83.97
10:41:52 65.75   82.29   68.79   83.75
10:42:55 65.75   82.40   68.79   83.75
10:43:58 65.75   82.40   68.79   83.75
10:45:02 65.75   82.40   68.79   83.75
10:46:05 65.75   82.06   68.79   83.64
10:47:08 65.75   81.95   68.79   83.64
10:48:12 65.75   82.06   68.79   83.64
10:49:15 65.64   81.84   68.79   83.53
10:50:18 65.75   82.06   68.79   83.53
10:51:22 65.75   82.06   68.79   83.64
10:52:25 65.75   81.84   68.79   83.53
10:53:29 65.75   81.95   68.79   83.53
10:54:32 65.75   81.84   68.79   83.53
10:55:35 65.64   81.95   68.79   83.41
10:56:39 65.64   81.95   68.68   83.41
10:57:42 65.64   81.72   68.68   83.30
10:58:45 65.64   81.72   68.68   83.19
10:59:49 65.64   81.72   68.68   83.30
11:00:52 65.64   81.84   68.79   83.19
11:01:55 65.64   81.72   68.68   83.19
11:02:59 65.64   81.95   68.68   83.30
11:04:02 65.64   81.84   68.79   83.19
11:05:05 65.64   81.84   68.68   83.41
11:06:09 65.64   81.72   68.79   83.19
11:07:12 65.64   81.84   68.68   83.08
11:08:15 65.64   81.61   68.56   83.08
11:09:19 65.64   81.72   68.56   83.08
11:10:22 65.64   81.50   68.56   82.96
11:11:25 65.64   81.72   68.56   82.96
11:12:29 65.64   81.61   68.56   82.85
11:13:32 65.64   81.39   68.56   82.85
11:14:35 65.64   81.72   68.56   82.96
11:15:39 65.64   81.84   68.56   82.96
11:16:42 65.64   81.50   68.56   82.85
11:17:45 65.64   81.50   68.56   82.85
11:18:49 65.64   81.28   68.68   82.74
11:19:52 65.64   81.61   68.68   82.74
11:20:55 65.64   81.72   68.56   82.74
11:21:59 65.64   81.84   68.68   82.74
11:23:02 65.64   81.72   68.56   82.62
11:24:06 65.64   81.39   68.56   82.62
11:25:09 65.64   81.61   68.56   82.74
11:26:12 65.53   81.39   68.56   82.74
11:27:16 65.53   81.39   68.56   82.74
11:28:19 65.64   81.28   68.56   82.62
11:29:22 65.53   81.61   68.56   82.62
11:30:26 65.64   81.39   68.56   82.51
11:31:29 65.64   81.39   68.56   82.40
11:32:32 65.64   81.28   68.56   82.40
11:33:36 65.53   81.72   68.56   82.40
11:34:39 65.53   81.50   68.56   82.40
11:35:42 65.53   81.72   68.45   82.29
11:36:46 65.53   81.50   68.45   82.29
11:37:49 65.53   81.61   68.45   82.18
11:38:52 65.53   81.61   68.45   82.18
11:39:56 65.53   81.72   68.45   82.18
11:40:59 65.53   81.50   68.45   82.06
11:42:02 65.53   81.61   68.45   82.18
11:43:06 65.53   81.72   68.56   82.29
11:44:09 65.53   81.50   68.56   82.29
11:45:12 65.53   81.50   68.45   82.29
11:46:16 65.53   81.61   68.45   82.29
11:47:19 65.53   81.50   68.45   82.29
11:48:22 65.53   81.61   68.45   82.06
11:49:26 65.53   81.39   68.45   82.06
11:50:29 65.53   81.28   68.45   81.95
11:51:32 65.53   81.28   68.45   81.95
11:52:36 65.53   81.28   68.45   81.95
11:53:39 65.53   81.39   68.45   81.84
11:54:42 65.53   81.28   68.45   81.95
11:55:46 65.53   81.39   68.45   81.84
11:56:49 65.53   80.94   68.45   81.84
11:57:53 65.53   81.05   68.45   81.95
11:58:56 65.53   81.16   68.45   81.95
11:59:59 65.53   81.05   68.34   82.06
12:01:03 65.53   81.16   68.34   81.95
12:02:06 65.41   81.39   68.34   81.95
12:03:09 65.53   81.28   68.34   81.84
12:04:13 65.53   81.28   68.34   81.84
12:05:16 65.53   81.05   68.45   81.95
12:06:19 65.53   81.16   68.45   81.95
12:07:23 65.53   81.05   68.34   81.84
12:08:26 65.53   81.39   68.45   81.95
12:09:29 65.53   81.16   68.45   81.84
12:10:33 65.53   81.16   68.34   81.84
12:11:36 65.53   81.16   68.34   81.84
12:12:39 65.41   80.83   68.34   81.72
12:13:43 65.53   81.05   68.34   81.84
12:14:46 65.41   81.16   68.34   81.72
12:15:49 65.53   81.16   68.45   81.72
12:16:53 65.41   81.28   68.34   81.72
12:17:56 65.41   81.16   68.34   81.61
12:18:59 65.41   81.28   68.34   81.50
12:20:03 65.41   81.05   68.34   81.50
12:21:06 65.41   80.83   68.22   81.61
12:22:09 65.41   81.16   68.34   81.50
12:23:13 65.41   80.94   68.34   81.61
12:24:16 65.41   81.05   68.22   81.61
12:25:19 65.53   80.94   68.34   81.61
12:26:23 65.41   81.05   68.34   81.61
12:27:26 65.41   80.83   68.34   81.39
12:28:29 65.41   80.83   68.22   81.50
12:29:33 65.41   80.94   68.34   81.50
12:30:36 65.41   80.83   68.34   81.39
12:31:40 65.41   80.94   68.34   81.50
12:32:43 65.41   80.94   68.34   81.50
12:33:46 65.53   80.83   68.22   81.39
12:34:50 65.41   81.16   68.22   81.50
12:35:53 65.41   81.05   68.22   81.50
12:36:56 65.41   80.71   68.22   81.39
12:38:00 65.41   80.71   68.22   81.61
12:39:03 65.41   80.94   68.34   81.61
12:40:06 65.41   81.28   68.34   81.50
12:41:10 65.41   80.83   68.22   81.39
12:42:13 65.41   81.16   68.22   81.39
12:43:16 65.41   80.94   68.22   81.39
12:44:20 65.41   81.16   68.11   81.50
12:45:23 65.41   80.94   68.22   81.39
12:46:26 65.41   81.05   68.11   81.28
12:47:30 65.41   81.05   68.22   81.16
12:48:33 65.41   80.94   68.22   81.16
12:49:36 65.41   80.83   68.22   81.16
12:50:40 65.41   80.83   68.22   81.16
12:51:43 65.41   80.83   68.22   81.28
12:52:46 65.41   80.94   68.22   81.28
12:53:50 65.41   80.94   68.22   81.28
12:54:53 65.41   80.83   68.22   81.28
12:55:56 65.41   80.94   68.22   81.16
12:57:00 65.41   80.71   68.22   81.16
12:58:03 65.41   80.83   68.22   81.28
12:59:06 65.41   80.60   68.11   81.16
13:00:10 65.41   80.83   68.11   81.39
13:01:13 65.41   80.94   68.11   81.28
13:02:17 65.30   80.94   68.11   81.28
13:03:20 65.41   80.94   68.22   81.16
13:04:23 65.41   81.05   68.22   81.16
13:05:27 65.41   80.94   68.22   81.28
13:06:30 65.41   80.71   68.11   81.28
13:07:33 65.41   80.71   68.11   81.05
13:08:37 65.41   80.94   68.11   81.05
13:09:40 65.41   80.71   68.11   80.94
13:10:43 65.41   80.71   68.11   80.83
13:11:47 65.41   80.71   68.11   80.83
13:12:50 65.41   80.71   68.11   80.83
13:13:53 65.30   80.83   68.11   80.83
13:14:57 65.30   80.94   68.11   80.83
13:16:00 65.30   80.94   68.11   80.94
13:17:03 65.41   81.05   68.11   80.83
13:18:07 65.30   80.94   68.11   80.83
13:19:10 65.30   80.83   68.11   80.83
13:20:13 65.30   80.94   68.11   80.83
13:21:17 65.30   80.71   68.11   80.94
13:22:20 65.30   80.60   68.11   80.83
13:23:23 65.30   80.83   68.11   80.71
13:24:27 65.30   80.71   68.00   80.83
13:25:30 65.41   80.83   68.11   80.83
13:26:33 65.41   80.71   68.00   80.71
13:27:37 65.30   80.94   68.11   80.83
13:28:40 65.30   80.94   68.11   80.83
13:29:43 65.30   80.71   68.00   80.71
13:30:47 65.30   80.71   68.11   80.71
13:31:50 65.41   80.83   68.00   80.83
13:32:53 65.41   80.60   68.00   80.71
13:33:57 65.41   80.71   68.00   80.71
13:35:00 65.30   80.60   67.89   80.71
13:36:04 65.41   80.60   68.00   80.71
13:37:07 65.41   80.49   68.00   80.71
13:38:10 65.30   80.83   68.00   80.60
13:39:14 65.30   80.60   68.00   80.60
13:40:17 65.30   80.71   68.00   80.60
13:41:20 65.30   80.60   67.89   80.49
13:42:24 65.41   80.71   68.00   80.60
13:43:27 65.30   80.94   68.00   80.71
13:44:30 65.30   80.83   68.00   80.71
13:45:34 65.30   80.94   68.00   80.71
13:46:37 65.30   80.83   68.00   80.71
13:47:40 65.30   80.94   68.00   80.60
13:48:44 65.30   80.83   68.00   80.60
13:49:47 65.30   80.94   68.00   80.60
13:50:50 65.30   80.94   68.00   80.49
13:51:54 65.30   80.94   68.00   80.60
13:52:57 65.30   80.83   68.00   80.49
13:54:00 65.30   80.71   68.00   80.49
13:55:04 65.30   80.60   67.89   80.49
13:56:07 65.30   80.71   68.00   80.60
13:57:10 65.30   80.94   68.00   80.60
13:58:14 65.30   80.83   67.89   80.60
13:59:17 65.30   80.83   67.89   80.60
14:00:20 65.30   80.83   68.00   80.49
14:01:24 65.30   80.71   67.89   80.49
14:02:27 65.30   80.94   67.89   80.49
14:03:30 65.30   80.83   67.89   80.38
14:04:34 65.30   80.71   67.89   80.49
14:05:37 65.19   80.71   68.00   80.49
14:06:40 65.30   80.83   67.89   80.49
14:07:44 65.30   80.94   67.89   80.38
14:08:47 65.30   80.83   67.89   80.38
14:09:51 65.30   80.83   67.89   80.49
14:10:54 65.30   80.71   67.89   80.26
14:11:57 65.30   80.71   67.89   80.26
14:13:01 65.30   80.49   67.89   80.26
14:14:04 65.30   80.94   67.89   80.38
14:15:07 65.30   81.28   67.89   80.38
14:16:11 65.30   80.94   67.89   80.38
14:17:14 65.30   80.83   67.89   80.49
14:18:17 65.30   80.83   67.89   80.38
14:19:21 65.30   80.94   67.89   80.26
14:20:24 65.19   80.94   67.89   80.26
14:21:27 65.19   80.83   67.89   80.26
14:22:31 65.19   80.83   67.89   80.26
14:23:34 65.19   80.71   67.89   80.26
14:24:37 65.19   80.83   67.78   80.15
14:25:41 65.30   80.94   67.78   80.26
14:26:44 65.30   80.83   67.78   80.15
14:27:47 65.19   80.83   67.89   80.15
14:28:51 65.30   80.94   67.89   80.15
14:29:54 65.19   80.71   67.89   80.26
14:30:57 65.30   80.83   67.89   80.15
14:32:01 65.30   80.71   67.89   80.15
14:33:04 65.30   80.49   67.89   80.38
14:34:07 65.30   80.71   67.89   80.26
14:35:11 65.30   80.83   67.89   80.38
14:36:14 65.30   80.94   67.89   80.26
14:37:17 65.30   80.83   67.89   80.26
14:38:21 65.30   80.94   68.00   80.15
14:39:24 65.30   80.83   67.89   80.15
14:40:27 65.19   80.83   67.89   80.15
14:41:31 65.19   80.94   67.89   80.26
14:42:34 65.19   80.83   67.89   80.15
14:43:38 65.19   80.83   67.89   80.15
14:44:41 65.19   80.83   68.00   80.15
14:45:44 65.19   80.49   68.00   80.15
14:46:48 65.19   80.71   67.89   80.04
14:47:51 65.19   80.83   67.89   80.04
14:48:54 65.19   80.71   68.00   79.93
14:49:58 65.19   80.94   68.00   79.93
14:51:01 65.08   80.71   68.00   79.93
14:52:04 65.19   84.09   68.00   80.15
14:53:08 68.22   123.80   68.00   80.26
14:54:10 69.80   148.10   67.89   80.71
14:55:13 70.59   147.20   67.89   81.61
14:56:16 71.26   145.18   68.22   82.29
14:57:19 71.60   154.96   68.34   83.08
14:58:22 72.05   150.91   68.45   83.75
14:59:25 72.39   147.54   68.34   84.20
15:00:28 72.72   156.99   68.45   84.54
15:01:31 73.06   151.59   68.68   84.99
15:02:34 73.40   148.10   68.90   85.21
15:03:36 73.51   130.66   69.12   85.44
15:04:40 73.40   113.67   69.12   85.21
15:05:43 71.60   114.46   69.01   84.88
15:06:46 70.14   113.79   69.01   84.54
15:07:50 69.35   114.91   69.01   84.31
15:08:53 71.04   128.53   68.90   84.31
15:09:56 72.39   145.29   68.90   84.76
15:10:59 72.72   156.54   69.24   85.44
15:12:02 73.18   147.65   69.35   86.00
15:13:05 73.40   141.01   69.35   102.88
15:14:08 73.62   118.06   69.46   103.21
15:15:11 72.61   113.56   69.58   101.86
15:16:14 71.15   114.12   69.58   100.17
15:17:18 70.03   114.69   69.46   98.60
15:18:21 69.24   114.12   69.46   97.25
15:19:24 68.79   116.71   69.35   96.58
15:20:27 71.94   137.30   69.35   95.79
15:21:30 72.61   151.36   69.46   95.68
15:22:33 73.06   158.90   69.69   95.79
15:23:36 73.40   135.50   69.80   95.79
15:24:39 73.62   114.01   69.80   95.56
15:25:43 72.05   114.24   69.80   95.00
15:26:46 70.59   114.46   69.80   94.44
15:27:49 69.69   115.48   69.80   93.99
15:28:53 69.12   114.58   69.80   93.65
15:29:56 68.56   112.89   69.69   93.20
15:30:59 68.22   111.54   69.69   92.86
15:32:02 70.93   130.66   69.69   92.64
15:33:05 72.28   147.09   69.69   98.04
15:34:08 72.84   157.10   69.91   103.21
15:35:11 73.29   139.32   70.14   102.99
15:36:14 73.29   119.64   70.14   102.09
15:37:18 71.60   119.53   70.14   100.85
15:38:21 70.36   119.30   70.14   99.84
15:39:24 69.58   120.20   70.14   98.83
15:40:28 69.01   118.40   70.03   98.04
15:41:31 68.56   116.94   70.03   97.48
15:42:34 68.22   114.46   70.03   96.91
15:43:38 68.00   112.55   70.03   96.46
15:44:41 67.78   110.41   70.03   96.01
15:45:44 67.55   108.61   70.03   95.56
15:46:48 67.44   106.92   70.03   95.11
15:47:51 67.33   104.79   70.03   94.66
15:48:54 67.21   103.55   70.03   94.33
15:49:58 67.10   102.31   70.03   93.99
15:51:01 66.99   100.85   69.91   93.76
15:52:04 66.99   99.50   70.03   93.43
15:53:08 66.99   98.60   70.03   93.09
15:54:11 66.99   97.70   70.03   92.75
15:55:14 66.88   96.46   69.91   92.41
15:56:18 66.76   95.90   69.91   92.19
15:57:21 66.76   95.00   69.91   91.85
15:58:24 66.76   94.10   69.91   91.74
15:59:28 66.65   93.99   70.03   91.40
16:00:31 66.65   93.09   70.14   91.18
16:01:34 66.65   92.08   70.14   90.95
16:02:38 66.54   91.40   70.14   90.72
16:03:41 66.54   91.18   70.03   90.61
16:04:45 66.54   90.72   70.03   90.39
16:05:48 66.43   90.05   70.03   90.05
16:06:51 66.43   89.71   70.14   89.94
16:07:55 66.43   89.83   70.14   89.71
16:08:58 66.31   89.38   70.14   89.49
16:10:01 66.31   88.93   70.36   89.49
16:11:05 66.20   88.47   70.25   89.26
16:12:08 66.20   88.36   70.14   89.04
16:13:11 66.09   88.36   70.25   88.81
16:14:15 66.09   87.80   70.25   88.59
16:15:18 65.97   87.46   70.25   88.47
16:16:21 65.97   87.24   70.25   88.25
16:17:25 65.97   87.46   70.25   88.03
16:18:28 65.97   87.01   70.36   87.80
16:19:31 65.97   87.12   70.36   87.80
16:20:35 65.97   86.34   70.47   87.69
16:21:38 65.97   86.34   70.36   87.58
16:22:41 65.97   86.34   70.59   87.46
16:23:45 65.97   86.11   70.47   87.35
16:24:48 65.97   86.11   70.36   87.24
16:25:51 65.97   85.78   70.36   87.12
16:26:55 65.97   85.89   70.36   86.90
16:27:58 65.97   85.78   70.36   86.79
16:29:01 65.97   85.78   70.36   86.68
16:30:05 65.86   85.66   70.25   86.56
16:31:08 65.97   85.55   70.25   86.56
16:32:11 65.97   85.44   70.47   86.45
16:33:15 65.97   85.55   70.36   86.34
16:34:18 65.86   85.33   70.36   86.22
16:35:21 65.86   85.33   70.25   86.00
16:36:25 65.86   85.44   70.36   85.89
16:37:28 65.86   85.21   70.47   85.89
16:38:32 65.86   85.10   70.47   85.89
16:39:35 65.86   84.99   70.25   85.66
16:40:38 65.86   84.65   70.25   85.66
16:41:42 65.86   84.76   70.25   85.55
16:42:45 65.86   84.65   70.25   85.44
16:43:48 65.86   84.99   70.25   85.33
16:44:52 65.86   84.65   70.36   85.44
16:45:55 65.86   84.65   70.36   85.21
16:46:58 65.86   84.43   70.59   85.10
16:48:02 65.86   84.54   70.36   85.21
16:49:05 65.86   84.43   70.47   84.99
16:50:08 65.86   84.43   70.47   84.99
16:51:12 65.86   84.43   70.47   84.88
16:52:15 65.75   84.20   70.36   84.76
16:53:18 65.75   84.09   70.47   84.65
16:54:22 65.75   83.97   70.47   84.65
16:55:25 65.86   84.09   70.59   84.65
16:56:28 65.86   83.97   70.59   84.54
16:57:32 65.75   84.09   70.59   84.43
16:58:35 65.75   84.09   70.59   84.43
16:59:38 65.75   84.31   70.47   84.31
17:00:42 65.86   84.31   70.59   84.31
17:01:45 65.75   84.20   70.47   84.31
17:02:48 65.86   84.09   70.59   84.09
17:03:52 65.86   83.97   70.70   84.09
17:04:55 65.75   83.97   70.59   84.20
17:05:58 65.75   83.97   70.59   97.81
17:07:02 65.86   83.97   70.59   98.71
17:08:05 65.86   84.09   70.59   97.70
17:09:08 65.75   83.53   70.59   96.46
17:10:12 65.75   83.64   70.59   95.45
17:11:15 65.86   83.75   70.70   94.33
17:12:18 65.75   83.86   70.70   93.54
17:13:22 65.75   84.09   70.59   92.86
17:14:25 65.86   83.75   70.81   92.30
17:15:29 65.75   83.86   70.81   91.62
17:16:32 65.75   83.75   70.70   91.29
17:17:35 65.75   83.53   70.81   90.84
17:18:39 65.75   83.75   70.81   90.39
17:19:42 65.75   83.64   70.81   90.16
17:20:45 65.75   83.53   70.81   89.94
17:21:49 65.75   83.64   70.81   89.60
17:22:52 65.86   84.09   70.93   89.26
17:23:55 65.75   83.64   70.93   88.93
17:24:59 65.75   83.53   70.93   88.70
17:26:02 65.75   83.75   70.81   88.47
17:27:05 65.75   83.53   70.81   88.25
17:28:09 65.86   83.64   70.81   87.91
17:29:12 65.75   83.41   70.81   87.80
17:30:15 65.75   83.64   70.81   87.58
17:31:19 65.75   83.75   70.81   87.35
17:32:22 65.75   83.41   70.93   87.12
17:33:25 65.75   83.30   70.81   86.90
17:34:29 65.75   83.41   70.81   86.79
17:35:32 65.75   83.64   70.81   86.56
17:36:35 65.75   83.64   70.81   86.34
17:37:39 65.75   83.53   70.81   86.11
17:38:42 65.75   83.41   70.70   86.11
17:39:45 65.75   83.08   70.70   86.00
17:40:49 65.75   83.19   70.81   86.00
17:41:52 65.86   83.41   70.81   85.89
17:42:55 65.75   83.19   70.81   85.66
17:43:59 65.75   83.19   70.70   85.55
17:45:02 65.75   83.41   70.70   85.33
17:46:05 65.75   83.53   70.70   85.33
17:47:09 65.75   83.53   70.70   85.21
17:48:12 65.75   83.30   70.59   104.45
17:49:15 65.75   83.41   70.59   107.49
17:50:19 65.75   82.96   70.70   107.71
17:51:22 65.75   83.19   70.59   107.26
17:52:25 65.75   83.19   70.59   106.48
17:53:29 65.75   83.41   70.59   105.58
17:54:32 65.75   83.30   70.59   107.49
17:55:35 65.75   83.19   70.59   107.71
17:56:39 65.64   82.96   70.59   107.26
17:57:42 65.75   83.30   70.59   106.48
17:58:45 65.75   83.08   70.59   107.71
17:59:49 65.75   83.08   70.59   108.16
18:00:52 65.75   82.96   70.59   107.94
18:01:56 65.75   83.19   70.47   107.49
18:02:59 65.75   83.19   70.47   106.92
18:04:02 65.75   83.08   70.47   106.48
18:05:06 65.75   82.96   70.47   109.29
18:06:09 65.75   83.41   70.47   110.08
18:07:12 65.75   83.19   70.47   109.85
18:08:16 65.75   83.08   70.47   109.29
18:09:19 65.75   82.96   70.47   108.50
18:10:22 65.75   83.08   70.47   107.49
18:11:26 65.75   83.19   70.36   106.70
18:12:29 65.75   83.41   70.36   106.03
18:13:32 65.75   83.19   70.36   105.46
18:14:36 65.75   83.08   70.36   104.67
18:15:39 65.75   83.19   70.36   104.11
18:16:42 65.75   83.08   70.36   103.44
18:17:46 65.75   82.96   70.25   102.76
18:18:49 65.75   83.19   70.36   102.20
18:19:52 65.75   83.19   70.25   101.64
18:20:56 65.75   83.08   70.25   100.96
18:21:59 65.86   83.19   70.25   100.51
18:23:02 65.86   83.19   70.25   99.95
18:24:06 65.86   83.30   70.25   99.61
18:25:09 65.86   82.96   70.25   99.05
18:26:12 65.86   82.96   70.25   98.60
18:27:16 65.86   83.19   70.25   98.26
18:28:19 65.86   83.30   70.25   98.04
18:29:22 65.86   82.85   70.25   97.81
18:30:26 65.86   82.74   70.14   97.36
18:31:29 65.86   83.08   70.14   97.03
18:32:32 65.86   83.08   70.14   96.69
18:33:36 65.86   82.74   70.25   96.35
18:34:39 65.86   83.08   70.14   96.24
18:35:42 65.86   83.08   70.03   96.01
18:36:46 65.86   82.96   70.14   105.01
18:37:49 65.86   82.74   70.14   105.69
18:38:52 65.97   82.74   70.14   104.67
18:39:56 65.97   82.85   70.14   103.55
18:40:59 65.97   82.74   70.14   102.76
18:42:03 66.09   82.96   70.03   102.09
18:43:06 66.09   82.96   70.03   116.49
18:44:09 66.09   83.08   70.03   118.17
18:45:13 65.97   83.19   70.03   116.15
18:46:16 65.97   82.96   70.03   114.01
18:47:19 65.86   82.85   70.03   113.23
18:48:23 65.86   82.96   70.03   119.64
18:49:26 65.86   82.85   70.03   120.20
18:50:29 65.86   82.96   70.03   117.84
18:51:33 65.86   82.62   70.03   115.70
18:52:36 65.86   82.74   70.03   114.46
18:53:39 65.86   82.74   70.03   113.11
18:54:43 65.86   82.74   69.91   111.65
18:55:46 65.86   82.85   70.03   110.41
18:56:49 65.75   82.96   70.03   109.17
18:57:53 65.75   82.85   70.03   108.05
18:58:56 65.75   82.62   70.03   107.04
18:59:59 65.75   82.85   70.03   106.03
19:01:03 65.75   82.85   69.91   111.20
19:02:06 65.75   82.96   70.03   112.10
19:03:09 65.75   82.85   69.91   113.00
19:04:13 65.75   82.96   69.91   113.00
19:05:16 65.75   83.08   69.91   111.88
19:06:19 65.75   82.96   69.91   110.64
19:07:23 65.75   82.85   69.91   109.51
19:08:26 65.64   82.85   69.80   108.50
19:09:29 65.64   82.85   69.91   107.38
19:10:33 65.64   82.85   69.80   106.36
19:11:36 65.64   83.08   69.91   105.46
19:12:39 65.64   82.96   69.91   104.45
19:13:43 65.64   83.08   69.80   103.55
19:14:46 65.75   82.96   69.80   102.76
19:15:50 65.64   83.08   69.80   101.98
19:16:53 65.64   82.96   69.80   101.30
19:17:56 65.64   83.08   69.80   100.40
19:19:00 65.75   82.74   69.80   99.84
19:20:03 65.64   82.96   69.80   99.28
19:21:06 65.75   83.08   69.80   98.60
19:22:10 65.75   83.08   69.80   98.15
19:23:13 65.64   82.85   69.80   105.01
19:24:16 65.64   83.08   69.69   105.80
19:25:20 65.64   82.85   69.69   104.67
19:26:23 65.64   82.74   69.69   103.55
19:27:26 65.64   82.62   69.69   102.65
19:28:30 65.64   83.08   69.69   101.64
19:29:33 65.64   82.85   69.69   100.74
19:30:36 65.64   82.85   69.69   99.95
19:31:40 65.64   82.96   69.80   99.39
19:32:43 65.64   82.51   69.69   101.86
19:33:46 65.64   82.74   69.69   111.65
19:34:50 65.64   82.51   69.69   113.00
19:35:53 65.64   82.51   69.69   113.11
19:36:56 65.64   82.51   69.69   113.45
19:38:00 65.64   82.74   69.69   113.34
19:39:03 65.53   82.96   69.69   112.10
19:40:06 65.64   82.51   69.69   110.53
19:41:10 65.64   82.29   69.91   108.95
19:42:11 65.64   82.29   70.25   107.71
19:43:15 65.64   82.62   70.14   106.25
19:44:18 65.64   82.85   69.91   105.24
19:45:21 65.64   82.74   69.80   104.23
19:46:25 65.64   82.51   69.80   103.21
19:47:28 65.64   82.51   69.80   102.31
19:48:31 65.64   82.62   69.80   101.41
19:49:35 65.64   82.62   69.69   100.74
19:50:38 65.64   82.62   69.69   100.06
19:51:41 65.64   82.74   69.69   99.39
19:52:45 65.64   82.51   69.69   98.71
19:53:48 65.64   82.62   69.80   98.15
19:54:52 65.64   82.62   69.91   97.59
19:55:55 65.64   82.74   69.91   97.03
19:56:58 65.64   82.74   69.91   96.58
19:58:02 65.64   82.51   69.91   96.12
19:59:05 65.64   82.62   69.80   95.68
20:00:08 65.64   82.40   69.91   95.11
20:01:12 65.64   82.51   69.91   94.55
20:02:15 65.64   82.40   69.91   94.21
20:03:18 65.64   82.18   69.91   93.88
20:04:22 65.64   82.40   69.80   93.43
20:05:25 65.64   82.40   69.80   93.09
20:06:28 65.64   82.18   69.80   92.75
20:07:32 65.64   82.29   69.91   92.41
20:08:35 65.64   82.18   69.80   91.96
20:09:38 65.64   82.18   69.80   91.74
20:10:42 65.64   82.06   69.91   91.51
20:11:45 65.64   82.18   69.91   91.18
20:12:48 65.64   82.29   69.80   90.84
20:13:52 65.64   82.06   69.91   90.50
20:14:55 65.64   82.29   69.91   90.28
20:15:58 65.53   81.95   69.91   90.05
20:17:02 65.64   82.06   69.80   89.94
20:18:05 65.64   82.40   69.91   89.60
20:19:08 65.53   82.18   69.91   89.49
20:20:12 65.53   82.18   69.91   89.15
20:21:15 65.53   82.18   69.91   88.81
20:22:18 65.53   82.29   69.91   88.59
20:23:22 65.53   82.06   69.91   88.47
20:24:25 65.64   82.06   69.91   88.25
20:25:28 65.64   82.06   69.91   88.14
20:26:32 65.64   82.18   69.91   88.03
20:27:35 65.53   82.18   70.03   94.10
20:28:39 65.53   82.18   69.91   106.14
20:29:42 65.64   82.29   70.03   106.92
20:30:45 65.53   82.18   70.03   105.91
20:31:49 65.64   82.06   70.03   104.79
20:32:52 65.64   82.29   70.03   107.04
20:33:55 65.64   82.29   70.03   106.36
20:34:59 65.53   82.18   70.03   105.24
20:36:02 65.53   82.18   70.03   104.00
20:37:05 65.53   82.29   70.03   102.99
20:38:09 65.64   82.18   70.03   101.86
20:39:12 65.53   82.51   70.14   100.85
20:40:15 65.53   82.18   70.03   100.06
20:41:19 65.64   82.40   70.14   99.28
20:42:22 65.64   82.29   70.03   98.60
20:43:25 65.64   82.40   70.14   97.81
20:44:29 65.64   82.40   70.14   97.25
20:45:32 65.64   82.06   70.14   96.58
20:46:35 65.64   82.29   70.14   96.12
20:47:39 65.64   82.18   70.14   95.56
20:48:42 65.64   82.06   70.14   95.11
20:49:45 65.64   82.29   70.36   94.66
20:50:49 65.64   82.40   70.36   94.21
20:51:52 65.64   82.06   70.36   93.76
20:52:55 65.64   82.29   70.25   93.43
20:53:59 65.64   82.51   70.25   93.09
20:55:02 65.64   82.51   70.25   92.64
20:56:05 65.64   82.29   70.25   92.30
20:57:09 65.64   82.18   70.25   92.08
20:58:12 65.64   82.18   70.25   91.74
20:59:16 65.64   82.18   70.25   91.29
21:00:19 65.64   82.18   70.25   90.95
21:01:22 65.64   82.18   70.36   90.72
21:02:26 65.64   82.18   70.47   90.39
21:03:29 65.64   82.06   70.36   90.16
21:04:32 65.64   82.18   70.36   89.94
21:05:36 65.64   82.18   70.36   89.71
21:06:39 65.64   81.95   70.25   89.38
21:07:42 65.64   81.95   70.25   89.15
21:08:46 65.64   81.95   70.25   88.93
21:09:49 65.64   82.40   70.25   88.81
21:10:52 65.64   82.06   70.25   88.59
21:11:56 65.64   81.84   70.25   106.81
21:12:59 65.64   82.06   70.14   109.62
21:14:02 65.64   82.06   70.14   110.41
21:15:06 65.64   82.18   70.14   110.98
21:16:09 65.64   82.06   70.14   111.20
21:17:12 65.64   82.29   70.03   111.09
21:18:16 65.64   82.06   70.03   111.09
21:19:19 65.75   82.40   70.03   110.86
21:20:22 65.75   82.29   70.03   110.64
21:21:26 65.75   82.29   70.03   109.96
21:22:29 65.75   82.29   70.03   109.29
21:23:32 65.75   82.29   70.03   108.50
21:24:36 65.75   82.29   70.03   107.71
21:25:39 65.75   82.29   70.03   107.04
21:26:42 65.75   82.29   70.03   106.14
21:27:46 65.75   82.40   69.91   105.35
21:28:49 65.75   82.18   70.03   104.67
21:29:52 65.75   82.06   69.91   104.00
21:30:56 65.75   81.95   69.91   103.33
21:31:59 65.75   82.29   69.91   102.76
21:33:02 65.75   82.18   69.91   102.20
21:34:06 65.75   82.18   69.91   101.64
21:35:09 65.75   82.06   69.91   101.08
21:36:13 65.75   82.29   69.91   100.51
21:37:16 65.75   82.40   69.91   100.06
21:38:19 65.75   82.29   69.91   99.61
21:39:23 65.75   82.18   69.91   99.28
21:40:26 65.75   82.40   69.91   98.83
21:41:29 65.75   82.18   69.91   98.38
21:42:33 65.75   82.40   69.91   98.04
21:43:36 65.75   82.18   69.91   97.70
21:44:39 65.86   82.06   69.91   97.36
21:45:43 65.86   82.18   70.03   96.80
21:46:46 65.86   82.18   69.91   96.46
21:47:49 65.75   82.18   69.91   96.01
21:48:53 65.86   82.06   69.91   95.79
21:49:56 65.86   82.06   69.91   95.34
21:50:59 65.86   81.95   69.91   95.11
21:52:03 65.86   81.84   70.03   94.89
21:53:06 65.86   82.06   69.80   94.66
21:54:09 65.75   82.06   69.80   94.33
21:55:13 65.75   82.06   69.91   94.10
21:56:16 65.86   82.18   69.80   93.88
21:57:19 65.75   81.95   70.03   101.19
21:58:23 65.75   82.06   69.91   102.54
21:59:26 65.75   81.84   69.91   101.86
22:00:29 65.75   82.06   69.80   100.96
22:01:33 65.75   81.84   69.91   99.95
22:02:36 65.75   81.95   69.91   99.39
22:03:39 65.75   81.84   69.91   98.71
22:04:43 65.75   81.84   69.80   97.92
22:05:46 65.64   81.95   69.80   97.48
22:06:49 65.64   81.84   69.80   97.03
22:07:53 65.64   81.72   69.80   96.58
22:08:56 65.64   81.95   69.80   96.12
22:09:59 65.64   81.95   69.80   95.79
22:11:03 65.64   81.84   69.69   95.45
22:12:06 65.64   81.84   69.69   94.78
22:13:09 65.64   81.84   69.69   94.44
22:14:13 65.64   81.84   69.69   93.88
22:15:16 65.64   81.84   69.80   93.76
22:16:19 65.64   81.95   69.69   93.31
22:17:23 65.64   81.95   69.80   92.86
22:18:26 65.64   81.84   69.69   92.75
22:19:30 65.64   81.84   69.69   97.36
22:20:33 65.64   81.84   69.69   99.95
22:21:36 65.64   81.72   69.69   99.61
22:22:40 65.64   81.72   69.69   98.94
22:23:43 65.64   81.61   69.69   98.26
22:24:46 65.64   81.72   69.58   97.48
22:25:50 65.64   81.72   69.69   96.91
22:26:53 65.64   81.61   69.69   96.46
22:27:56 65.64   81.84   69.58   95.79
22:29:00 65.64   81.72   69.69   95.22
22:30:03 65.64   81.72   69.58   94.78
22:31:06 65.64   81.84   69.69   94.44
22:32:10 65.64   81.61   69.58   93.99
22:33:13 65.64   81.84   69.58   93.65
22:34:16 65.53   81.72   69.46   93.31
22:35:20 65.53   81.50   69.58   92.64
22:36:23 65.53   81.72   69.58   92.30
22:37:26 65.53   81.61   69.58   92.08
22:38:30 65.53   81.50   69.58   91.74
22:39:33 65.53   81.39   69.58   91.29
22:40:36 65.64   81.72   69.58   91.06
22:41:40 65.53   81.61   69.46   90.84
22:42:43 65.53   81.61   69.46   90.72
22:43:46 65.53   81.50   69.46   90.39
22:44:50 65.53   81.50   69.46   90.16
22:45:53 65.53   81.50   69.46   104.11
22:46:56 65.53   81.61   69.46   114.01
22:48:00 65.53   81.72   69.46   114.91
22:49:03 65.53   81.84   69.46   114.69
22:50:06 65.53   81.50   69.46   115.14
22:51:10 65.53   81.50   69.35   114.35
22:52:13 65.53   81.39   69.35   113.67
22:53:17 65.53   81.39   69.46   115.70
22:54:20 65.53   81.39   69.46   115.03
22:55:23 65.53   81.28   69.35   114.01
22:56:27 65.53   81.39   69.46   113.00
22:57:30 65.53   81.28   69.46   111.99
22:58:33 65.53   81.61   69.46   110.86
22:59:37 65.53   81.50   69.35   109.85
23:00:40 65.53   81.39   69.35   108.73
23:01:43 65.53   81.28   69.46   107.83
23:02:47 65.53   81.28   69.35   107.04
23:03:50 65.53   81.39   69.35   106.14
23:04:53 65.53   81.16   69.35   105.24
23:05:57 65.53   81.16   69.46   104.45
23:07:00 65.53   81.28   69.24   103.66
23:08:03 65.53   81.05   69.35   112.55
23:09:07 65.53   80.94   69.24   114.35
23:10:10 65.53   81.28   69.35   114.01
23:11:13 65.53   81.16   69.24   113.23
23:12:17 65.53   81.05   69.35   112.33
23:13:20 65.53   80.94   69.35   111.20
23:14:23 65.53   80.94   69.24   110.30
23:15:27 65.53   81.16   69.24   109.29
23:16:30 65.53   81.16   69.24   108.39
23:17:33 65.53   80.83   69.35   107.49
23:18:37 65.53   81.16   69.35   106.48
23:19:40 65.53   80.94   69.35   105.69
23:20:43 65.41   81.05   69.24   104.79
23:21:47 65.53   81.05   69.24   104.11
23:22:50 65.53   80.94   69.24   103.33
23:23:53 65.41   81.05   69.24   102.54
23:24:57 65.41   81.28   69.24   101.86
23:26:00 65.41   80.83   69.24   101.08
23:27:04 65.41   80.94   69.24   100.51
23:28:07 65.41   81.05   69.24   99.95
23:29:10 65.41   80.83   69.24   99.28
23:30:14 65.41   80.83   69.12   98.71
23:31:17 65.41   80.83   69.24   98.26
23:32:20 65.41   80.83   69.24   97.59
23:33:24 65.41   80.71   69.24   97.14
23:34:27 65.41   80.71   69.24   96.69
23:35:30 65.41   80.83   69.24   96.24
23:36:34 65.41   80.83   69.24   95.90
23:37:37 65.41   80.71   69.24   95.45
23:38:40 65.41   80.83   69.12   94.89
23:39:44 65.41   80.83   69.01   94.55
23:40:47 65.41   80.60   69.01   94.21
23:41:50 65.41   80.94   69.12   93.76
23:42:54 65.41   80.83   69.12   93.43
23:43:57 65.41   80.71   69.01   93.09
23:45:00 65.41   80.83   69.12   92.75
23:46:04 65.41   80.49   69.12   92.53
23:47:07 65.41   80.49   69.12   92.08
23:48:10 65.41   80.83   69.24   91.74
23:49:14 65.41   80.60   69.12   91.51
23:50:17 65.41   80.83   69.12   91.18
23:51:20 65.41   80.83   69.12   90.95
23:52:24 65.41   80.71   69.12   90.72
23:53:27 65.41   80.83   69.12   90.50
23:54:30 65.41   80.38   69.12   90.05
23:55:34 65.41   80.71   69.12   89.83
23:56:37 65.41   80.60   69.01   89.60
23:57:41 65.41   80.71   69.01   89.26
23:58:44 65.41   80.71   69.12   89.15
23:59:47 65.41   80.71   69.12   88.93
