00:00:10 64.62   80.04   68.22   90.61
00:01:13 64.62   79.81   68.22   90.39
00:02:17 64.62   79.70   68.22   90.16
00:03:20 64.62   79.70   68.22   89.83
00:04:23 64.62   79.81   68.22   89.60
00:05:27 64.62   79.70   68.22   89.38
00:06:30 64.62   79.59   68.22   89.15
00:07:33 64.62   79.36   68.11   88.93
00:08:37 64.62   79.59   68.11   88.59
00:09:40 64.62   79.70   68.11   88.25
00:10:43 64.62   79.36   68.11   88.14
00:11:47 64.62   79.47   68.11   87.80
00:12:50 64.51   79.25   68.11   87.58
00:13:53 64.51   79.36   68.11   87.35
00:14:57 64.51   79.59   68.11   87.24
00:16:00 64.51   79.36   68.11   87.01
00:17:03 64.51   79.03   68.11   86.79
00:18:07 64.51   79.25   68.00   86.56
00:19:10 64.51   79.14   68.00   86.34
00:20:13 64.51   79.25   68.00   86.11
00:21:17 64.51   79.03   68.00   85.89
00:22:20 64.51   79.36   68.00   85.66
00:23:23 64.51   79.03   68.00   85.66
00:24:27 64.51   79.14   68.00   85.55
00:25:30 64.51   79.25   68.00   85.55
00:26:33 64.51   79.03   68.00   85.44
00:27:37 64.51   78.91   67.89   85.21
00:28:40 64.51   78.91   67.89   85.10
00:29:43 64.51   79.03   67.89   84.88
00:30:47 64.40   78.80   67.89   84.99
00:31:50 64.40   78.69   67.89   84.76
00:32:53 64.40   78.91   67.89   84.54
00:33:57 64.40   78.80   67.89   84.31
00:35:00 64.40   78.80   67.89   84.20
00:36:04 64.40   78.91   67.89   84.09
00:37:07 64.40   79.03   67.78   83.97
00:38:10 64.40   78.80   67.89   83.75
00:39:14 64.40   79.14   67.78   83.64
00:40:17 64.62   96.35   67.78   83.53
00:41:20 66.43   137.86   67.78   83.75
00:42:23 67.21   145.96   67.89   84.20
00:43:26 67.66   120.31   67.89   84.76
00:44:29 67.44   111.20   68.00   84.99
00:45:33 66.76   109.29   68.00   84.88
00:46:36 66.20   107.83   68.00   84.76
00:47:39 65.86   109.74   68.00   84.54
00:48:43 65.53   107.83   68.00   84.54
00:49:46 65.30   105.35   68.00   84.31
00:50:49 65.19   103.44   68.00   84.20
00:51:53 65.08   101.53   68.00   84.09
00:52:56 64.96   99.61   68.00   83.97
00:53:59 64.96   97.92   68.00   83.75
00:55:03 64.85   96.46   68.00   83.75
00:56:06 65.41   113.11   67.89   83.64
00:57:09 66.88   138.09   68.00   83.86
00:58:12 67.55   149.90   67.89   84.54
00:59:15 68.00   135.28   68.00   85.21
01:00:18 68.22   112.78   68.11   85.44
01:01:21 67.55   111.99   68.11   85.44
01:02:25 66.88   110.53   68.22   85.10
01:03:28 66.31   111.42   68.22   84.88
01:04:31 65.97   110.19   68.22   84.65
01:05:35 65.64   108.05   68.22   84.43
01:06:38 65.53   105.58   68.11   84.43
01:07:41 65.30   103.78   68.22   84.20
01:08:45 65.30   102.09   68.11   84.09
01:09:48 65.19   107.71   68.11   83.97
01:10:51 67.10   134.38   68.11   84.09
01:11:54 67.78   147.31   68.11   84.76
01:12:57 68.22   142.93   68.22   85.44
01:14:00 68.45   115.70   68.22   86.00
01:15:04 68.00   112.89   68.34   85.78
01:16:07 67.10   113.90   68.34   85.66
01:17:10 66.54   113.56   68.34   85.44
01:18:14 66.20   111.20   68.34   85.21
01:19:17 65.86   109.06   68.34   84.99
01:20:20 65.64   106.81   68.34   84.88
01:21:24 65.53   105.69   68.34   84.76
01:22:27 65.30   104.67   68.34   84.65
01:23:30 66.76   127.17   68.34   84.65
01:24:33 67.78   143.04   68.34   85.10
01:25:36 68.22   152.15   68.34   85.78
01:26:39 68.68   132.12   68.45   86.34
01:27:42 68.79   113.45   68.45   86.45
01:28:45 67.89   113.79   68.56   86.11
01:29:49 67.10   111.76   68.56   85.89
01:30:52 66.54   110.41   68.56   85.78
01:31:56 66.20   110.30   68.56   85.55
01:32:59 65.97   109.74   68.68   85.33
01:34:02 65.75   107.38   68.56   85.33
01:35:06 65.53   105.80   68.56   85.33
01:36:09 65.41   103.78   68.56   85.21
01:37:12 66.09   117.50   68.56   85.10
01:38:15 67.55   138.20   68.56   85.21
01:39:18 68.22   149.68   68.56   85.78
01:40:21 68.56   146.86   68.56   86.56
01:41:24 68.90   119.41   68.68   86.90
01:42:27 68.45   113.67   68.68   86.90
01:43:31 67.55   113.90   68.68   86.68
01:44:34 66.88   111.65   68.79   86.45
01:45:37 66.43   113.90   68.79   86.22
01:46:41 66.09   111.20   68.79   86.11
01:47:44 65.86   109.17   68.79   85.89
01:48:47 65.64   106.48   68.79   85.78
01:49:51 65.53   105.12   68.79   85.66
01:50:54 65.53   103.21   68.79   85.55
01:51:58 65.53   110.86   68.68   85.55
01:53:01 67.44   136.06   68.68   85.55
01:54:03 68.11   148.32   68.68   86.11
01:55:06 68.45   135.95   68.79   86.90
01:56:10 68.68   113.11   68.79   87.01
01:57:13 68.00   112.66   68.79   86.90
01:58:16 67.21   111.42   68.90   86.68
01:59:20 66.65   109.62   68.90   86.45
02:00:23 66.31   107.71   68.90   86.22
02:01:26 65.97   108.73   68.79   86.11
02:02:30 65.75   107.26   68.79   86.00
02:03:33 65.64   105.24   68.79   86.00
02:04:36 65.53   103.66   68.79   86.00
02:05:40 65.41   103.66   68.79   85.89
02:06:43 66.76   125.49   68.79   85.89
02:07:46 67.78   142.81   68.79   86.22
02:08:49 68.34   147.88   68.79   86.90
02:09:52 68.68   122.79   68.90   87.35
02:10:55 68.45   112.78   68.90   87.46
02:11:58 67.55   113.23   68.90   87.24
02:13:02 66.99   111.65   68.90   86.90
02:14:05 66.54   113.00   68.90   86.56
02:15:08 66.20   110.19   68.90   86.45
02:16:12 65.97   108.05   68.90   86.34
02:17:15 65.75   106.36   68.90   86.34
02:18:18 65.64   105.24   68.90   86.22
02:19:22 65.53   103.66   68.90   86.11
02:20:25 65.41   101.75   68.90   86.00
02:21:29 65.30   100.40   68.90   86.00
02:22:32 65.19   98.49   68.90   85.89
02:23:35 65.75   113.79   68.90   85.78
02:24:38 67.44   138.43   68.79   85.89
02:25:41 68.00   150.12   68.90   86.68
02:26:44 68.56   133.25   68.90   87.24
02:27:47 68.68   112.55   68.90   87.46
02:28:51 67.89   112.66   69.01   87.24
02:29:54 67.10   111.88   69.01   87.12
02:30:57 66.65   110.30   69.01   86.90
02:32:01 66.20   109.17   69.01   86.68
02:33:04 65.97   108.05   69.01   86.56
02:34:07 65.75   107.60   68.90   86.45
02:35:11 65.64   105.58   69.01   86.45
02:36:14 65.53   103.44   68.90   86.34
02:37:17 65.41   101.98   68.90   86.22
02:38:21 65.30   100.74   68.90   86.11
02:39:24 65.19   99.28   68.90   86.00
02:40:27 65.19   97.70   68.90   85.89
02:41:31 65.19   96.58   68.90   85.78
02:42:34 65.30   106.25   68.90   85.78
02:43:37 67.21   136.51   68.79   85.89
02:44:40 67.89   147.31   68.90   86.34
02:45:43 68.34   125.04   68.90   87.01
02:46:46 68.34   112.21   68.90   87.24
02:47:50 67.44   112.44   68.90   87.12
02:48:53 66.76   109.74   68.90   86.90
02:49:56 66.43   108.61   69.01   86.68
02:51:00 66.09   106.25   69.01   86.56
02:52:03 65.86   105.01   68.90   86.34
02:53:06 65.64   105.69   68.90   86.22
02:54:10 65.53   104.34   68.90   86.11
02:55:13 65.41   102.42   68.90   86.00
02:56:16 65.30   101.08   68.90   86.00
02:57:20 65.19   99.39   68.90   85.78
02:58:23 65.19   98.49   68.79   85.66
02:59:26 65.19   96.69   68.90   85.66
03:00:30 65.08   95.56   68.79   85.55
03:01:33 65.08   94.10   68.79   85.55
03:02:36 64.96   95.79   68.79   85.33
03:03:40 66.54   128.07   68.79   85.44
03:04:43 67.55   145.51   68.79   85.78
03:05:46 68.00   137.64   68.79   86.56
03:06:49 68.34   113.67   68.79   86.90
03:07:52 67.66   112.33   68.90   86.90
03:08:55 66.99   111.09   68.90   86.79
03:09:59 66.43   108.95   68.90   86.56
03:11:02 66.09   109.40   68.90   86.45
03:12:05 65.86   108.16   68.90   86.22
03:13:09 65.64   106.81   68.90   86.11
03:14:12 65.53   104.79   68.90   86.00
03:15:15 65.41   102.99   68.90   85.89
03:16:19 65.30   101.86   68.79   85.89
03:17:22 65.19   99.84   68.79   85.78
03:18:26 65.08   98.26   68.79   85.66
03:19:29 65.08   97.36   68.79   85.66
03:20:32 64.96   95.90   68.79   85.44
03:21:36 64.96   95.11   68.79   85.33
03:22:39 64.96   95.45   68.79   85.33
03:23:42 66.09   122.67   68.68   85.21
03:24:45 67.21   143.15   68.68   85.55
03:25:48 67.78   146.98   68.68   86.34
03:26:51 68.22   120.65   68.79   86.79
03:27:54 68.00   112.33   68.79   86.90
03:28:58 67.10   112.33   68.90   86.79
03:30:01 66.54   110.30   68.90   86.56
03:31:04 66.20   110.75   68.79   86.34
03:32:08 65.86   109.62   68.79   86.22
03:33:11 65.64   107.04   68.79   86.00
03:34:14 65.41   105.69   68.79   86.00
03:35:18 65.41   104.00   68.79   85.78
03:36:21 65.30   102.31   68.79   85.89
03:37:24 65.19   100.17   68.79   85.89
03:38:28 65.08   99.16   68.79   85.78
03:39:31 65.08   99.95   68.79   85.55
03:40:34 66.65   127.85   68.68   85.66
03:41:37 67.55   144.73   68.68   86.00
03:42:40 68.00   142.03   68.79   86.68
03:43:43 68.34   115.59   68.79   87.01
03:44:47 67.89   112.44   68.79   87.01
03:45:50 66.99   111.88   68.79   86.90
03:46:53 66.54   109.40   68.90   86.68
03:47:57 66.09   107.60   68.90   86.56
03:49:00 65.86   105.69   68.90   86.34
03:50:03 65.64   107.71   68.90   86.22
03:51:07 65.53   105.80   68.90   86.00
03:52:10 65.41   104.34   68.79   85.89
03:53:13 65.30   101.86   68.79   85.78
03:54:17 65.19   100.06   68.79   85.78
03:55:20 65.08   98.71   68.79   85.66
03:56:23 65.08   97.48   68.79   85.66
03:57:27 65.53   113.56   68.79   85.55
03:58:30 67.10   138.88   68.68   85.66
03:59:33 67.66   149.90   68.79   86.34
04:00:36 68.22   129.54   68.79   87.01
04:01:39 68.22   112.78   68.79   87.12
04:02:42 67.44   113.23   68.90   87.01
04:03:46 66.76   111.54   68.90   86.79
04:04:49 66.31   109.74   68.90   86.56
04:05:52 65.86   110.19   68.79   86.34
04:06:56 65.75   108.73   68.90   86.22
04:07:59 65.53   106.59   68.79   86.11
04:09:02 65.41   104.90   68.79   86.00
04:10:06 65.30   103.33   68.79   86.00
04:11:09 65.19   101.41   68.79   85.89
04:12:12 65.19   100.74   68.79   85.78
04:13:16 65.08   98.60   68.79   85.78
04:14:19 64.96   98.26   68.79   85.78
04:15:22 66.09   122.34   68.79   85.66
04:16:25 67.21   142.25   68.68   86.00
04:17:28 67.78   147.88   68.68   86.68
04:18:31 68.22   122.79   68.79   87.12
04:19:35 68.00   112.55   68.79   87.24
04:20:38 67.10   112.78   68.79   87.01
04:21:41 66.54   113.56   68.90   86.90
04:22:45 66.20   112.33   68.90   86.68
04:23:48 65.86   110.19   68.90   86.56
04:24:51 65.64   107.71   68.90   86.34
04:25:55 65.53   106.81   68.79   86.11
04:26:58 65.30   104.67   68.79   86.00
04:28:01 65.19   102.76   68.79   86.00
04:29:05 65.19   101.08   68.79   86.00
04:30:08 65.08   100.62   68.79   85.89
04:31:11 66.20   123.80   68.79   85.89
04:32:14 67.33   141.91   68.79   86.11
04:33:17 67.89   150.80   68.79   86.79
04:34:20 68.22   128.07   68.79   87.35
04:35:23 68.22   112.78   68.79   87.46
04:36:27 67.44   113.11   68.90   87.35
04:37:30 66.76   111.88   68.90   87.12
04:38:33 66.31   112.21   68.90   86.90
04:39:37 65.86   110.64   68.90   86.79
04:40:40 65.64   109.40   68.90   86.56
04:41:43 65.53   107.83   68.90   86.56
04:42:47 65.41   106.25   68.90   86.45
04:43:50 65.30   103.66   68.90   86.22
04:44:53 65.19   102.20   68.90   86.11
04:45:57 65.08   100.85   68.79   86.11
04:47:00 65.41   112.55   68.79   86.11
04:48:03 67.10   137.30   68.79   86.22
04:49:06 67.66   149.45   68.79   86.79
04:50:09 68.11   135.16   68.79   87.35
04:51:12 68.34   113.34   68.90   87.69
04:52:15 67.55   113.11   68.90   87.58
04:53:19 66.88   112.78   68.90   87.35
04:54:22 66.31   111.76   68.90   87.01
04:55:26 65.97   110.98   69.01   87.01
04:56:29 65.64   109.06   68.90   86.79
04:57:32 65.53   107.60   68.90   86.68
04:58:36 65.41   106.36   68.90   86.56
04:59:39 65.30   103.78   68.90   86.45
05:00:42 65.19   102.31   68.90   86.34
05:01:46 65.08   105.01   68.90   86.34
05:02:49 66.99   133.93   68.79   86.34
05:03:52 67.66   147.65   68.90   86.79
05:04:55 68.11   138.99   68.90   87.46
05:05:58 68.34   113.90   68.90   87.91
05:07:01 67.78   113.00   68.90   87.80
05:08:04 66.99   112.44   68.90   87.58
05:09:08 66.43   114.12   69.01   87.35
05:10:11 66.09   112.44   69.01   87.12
05:11:14 65.75   109.85   69.01   87.01
05:12:18 65.53   108.16   68.90   87.01
05:13:21 65.41   105.91   68.90   86.79
05:14:24 65.30   103.78   68.90   86.56
05:15:28 65.19   102.54   68.90   86.56
05:16:31 65.08   100.85   68.90   86.45
05:17:34 65.08   101.64   68.90   86.45
05:18:38 66.65   130.21   68.79   86.45
05:19:41 67.55   145.62   68.90   86.90
05:20:43 68.00   143.49   68.90   87.46
05:21:47 68.34   116.49   68.90   87.91
05:22:50 67.89   112.66   68.90   105.80
05:23:53 67.10   111.42   68.90   109.74
05:24:57 66.43   111.09   69.01   110.64
05:26:00 66.09   111.42   68.90   110.98
05:27:03 65.86   109.62   68.90   111.31
05:28:07 65.64   107.83   68.90   111.42
05:29:10 65.41   106.25   68.90   111.31
05:30:13 65.30   104.45   68.90   111.88
05:31:17 65.19   102.54   68.90   112.21
05:32:20 65.08   100.74   68.90   112.44
05:33:23 65.08   100.96   68.90   113.00
05:34:27 66.43   125.49   68.79   113.34
05:35:30 67.44   143.04   68.79   113.45
05:36:32 68.00   146.86   68.79   113.45
05:37:35 68.34   120.88   68.90   113.23
05:38:39 68.00   112.55   68.90   112.66
05:39:42 67.33   113.45   69.01   111.76
05:40:45 66.65   112.78   68.90   110.86
05:41:49 66.20   113.67   69.01   114.35
05:42:52 65.86   110.98   69.01   114.01
05:43:56 65.64   109.06   68.90   113.23
05:44:59 65.53   106.81   68.90   112.21
05:46:02 65.41   104.90   68.90   111.31
05:47:06 65.30   102.99   68.90   110.41
05:48:09 66.09   120.20   68.90   109.74
05:49:12 67.55   140.11   68.90   109.17
05:50:15 68.11   150.91   68.90   109.06
05:51:18 68.45   157.78   68.90   108.95
05:52:21 68.79   147.65   68.90   108.84
05:53:23 69.12   147.31   69.01   108.73
05:54:26 69.35   155.30   69.01   108.50
05:55:29 69.58   159.24   69.12   111.76
05:56:32 69.80   145.62   69.24   116.15
05:57:35 70.03   152.26   69.24   115.92
05:58:38 70.14   159.24   69.35   115.14
05:59:41 70.36   149.11   69.35   114.35
06:00:44 70.36   148.78   69.46   113.34
06:01:47 70.47   156.65   69.46   112.66
06:02:49 70.59   159.24   69.58   112.10
06:03:52 70.70   146.53   69.58   111.65
06:04:55 70.70   153.28   69.58   111.09
06:05:58 70.81   160.03   69.69   110.75
06:07:01 70.93   153.05   69.69   110.30
06:08:04 70.93   148.21   69.80   109.96
06:09:07 70.81   155.64   69.91   114.12
06:10:10 71.04   161.71   69.91   118.62
06:11:13 71.26   148.78   70.03   118.17
06:12:16 71.38   150.24   70.03   117.16
06:13:18 71.38   157.66   70.14   116.26
06:14:21 71.60   162.39   70.14   115.36
06:15:24 71.60   147.31   70.25   114.58
06:16:27 71.71   152.49   70.25   113.79
06:17:30 71.60   159.69   70.36   113.11
06:18:33 71.60   159.01   70.36   112.66
06:19:36 71.83   147.65   70.47   111.99
06:20:39 71.94   141.24   70.47   111.54
06:21:42 71.83   116.15   70.59   110.98
06:22:45 70.81   116.04   70.59   110.19
06:23:48 69.58   119.41   70.59   109.29
06:24:51 70.70   140.34   70.59   108.61
06:25:54 71.04   152.15   70.70   108.39
06:26:57 71.26   159.12   70.70   108.28
06:28:00 71.49   152.04   70.70   108.28
06:29:03 71.60   148.21   70.81   108.28
06:30:06 71.83   156.09   70.81   108.05
06:31:09 71.94   162.16   70.81   107.94
06:32:12 71.94   148.21   70.93   107.83
06:33:15 72.05   148.10   70.93   107.60
06:34:18 72.16   125.38   70.93   107.26
06:35:21 71.71   114.01   71.04   106.81
06:36:24 70.25   116.04   71.04   106.14
06:37:28 69.35   121.66   71.04   105.46
06:38:31 70.93   140.68   71.04   105.12
06:39:33 71.26   152.26   71.04   105.12
06:40:36 71.49   159.35   71.15   105.35
06:41:39 71.71   151.03   71.15   105.35
06:42:42 71.83   148.78   71.15   105.35
06:43:45 71.94   145.18   71.26   105.35
06:44:48 72.16   119.75   71.26   105.01
06:45:51 71.26   115.03   71.26   104.67
06:46:55 69.91   116.26   71.38   104.00
06:47:58 68.90   116.38   71.38   103.55
06:49:01 69.35   125.83   71.38   102.99
06:50:04 70.70   142.59   71.26   102.99
06:51:07 71.26   153.50   71.38   103.21
06:52:10 71.60   160.03   71.38   103.44
06:53:13 71.83   150.12   71.38   117.16
06:54:16 71.94   122.34   71.38   119.08
06:55:19 70.81   122.23   71.49   118.85
06:56:23 69.46   123.12   71.49   118.17
06:57:26 68.68   120.99   71.49   117.61
06:58:29 68.00   120.54   71.49   117.16
06:59:33 67.55   123.01   71.49   116.71
07:00:36 70.03   134.38   71.38   116.49
07:01:39 70.81   146.53   71.38   116.49
07:02:41 71.26   155.53   71.38   116.60
07:03:44 71.49   152.26   71.49   116.49
07:04:47 71.83   124.48   71.49   116.26
07:05:51 71.38   114.58   71.49   115.70
07:06:54 69.91   115.92   71.60   114.80
07:07:57 68.90   116.60   71.60   113.79
07:09:01 68.22   114.80   71.60   112.89
07:10:04 67.78   113.34   71.60   112.21
07:11:07 67.33   114.24   71.49   113.23
07:12:11 66.99   116.15   71.49   113.90
07:13:14 69.80   136.40   71.49   114.24
07:14:17 70.70   148.89   71.38   115.36
07:15:20 71.04   148.21   71.38   115.81
07:16:23 71.38   121.66   71.49   115.59
07:17:26 70.47   119.98   71.49   115.03
07:18:29 69.24   119.86   71.49   114.24
07:19:33 68.34   119.98   71.49   113.45
07:20:36 67.78   120.09   71.49   112.78
07:21:39 67.33   118.40   71.38   111.99
07:22:43 67.10   116.04   71.38   111.31
07:23:46 66.88   113.90   71.38   110.75
07:24:49 66.65   111.99   71.38   110.19
07:25:53 66.43   110.19   71.38   109.62
07:26:56 66.31   108.39   71.26   109.06
07:27:59 66.20   106.48   71.26   108.50
07:29:03 66.09   105.01   71.26   108.05
07:30:06 65.97   103.33   71.26   107.60
07:31:09 65.97   103.44   71.15   107.26
07:32:13 68.22   127.51   71.15   106.92
07:33:16 69.91   145.51   71.15   106.92
07:34:18 70.59   141.91   71.15   107.04
07:35:22 71.04   116.15   71.15   107.15
07:36:25 70.14   113.34   71.26   107.04
07:37:28 69.01   113.00   71.26   106.48
07:38:32 68.22   112.66   71.26   105.91
07:39:35 67.66   110.53   71.26   105.46
07:40:38 67.21   112.33   71.26   105.12
07:41:42 66.99   111.20   71.26   104.79
07:42:45 66.65   109.29   71.15   104.23
07:43:48 66.54   107.83   71.15   103.78
07:44:52 66.31   105.80   71.15   104.67
07:45:55 66.20   104.23   71.04   120.54
07:46:58 66.09   102.99   71.04   120.99
07:48:02 65.97   101.86   71.04   119.30
07:49:05 65.86   100.17   71.04   117.73
07:50:08 65.75   99.28   71.04   116.04
07:51:12 65.75   98.04   70.93   114.69
07:52:15 65.75   97.03   70.93   113.34
07:53:18 65.64   96.12   70.93   112.21
07:54:22 65.64   95.45   70.81   111.20
07:55:25 65.64   94.78   70.81   110.41
07:56:28 65.53   94.10   70.81   109.51
07:57:32 65.53   93.43   70.81   108.73
07:58:35 65.41   92.97   70.70   108.05
07:59:39 65.41   92.08   70.70   107.38
08:00:42 65.41   91.85   70.59   106.70
08:01:45 65.30   91.51   70.59   106.03
08:02:49 65.30   91.06   70.59   105.24
08:03:52 65.30   90.61   70.59   104.67
08:04:55 65.30   89.94   70.59   104.23
08:05:59 65.19   89.71   70.47   103.66
08:07:02 65.30   89.38   70.47   103.10
08:08:05 65.19   88.93   70.47   102.54
08:09:09 65.19   88.70   70.47   102.09
08:10:12 65.19   88.25   70.36   101.64
08:11:15 65.19   87.91   70.36   101.19
08:12:19 65.19   87.69   70.36   100.74
08:13:22 65.08   87.12   70.36   100.29
08:14:25 65.08   87.12   70.25   99.84
08:15:29 65.08   87.01   70.25   99.39
08:16:32 65.08   86.79   70.25   99.05
08:17:35 65.08   86.34   70.25   98.71
08:18:39 65.08   86.34   70.25   98.26
08:19:42 64.96   86.45   70.14   97.81
08:20:45 64.96   86.22   70.14   97.59
08:21:49 64.96   86.22   70.14   97.25
08:22:52 64.96   85.78   70.03   97.03
08:23:55 64.96   85.78   70.03   96.58
08:24:59 64.85   91.29   70.03   96.35
08:26:02 67.44   133.93   70.03   96.35
08:27:05 68.68   149.68   70.03   96.69
08:28:08 69.24   129.31   70.03   97.03
08:29:11 69.35   112.33   70.03   97.14
08:30:14 68.34   112.33   70.14   96.80
08:31:18 67.44   110.75   70.14   96.58
08:32:21 66.88   108.61   70.14   96.24
08:33:24 66.43   109.06   70.14   95.90
08:34:28 66.09   108.05   70.14   95.56
08:35:31 65.86   106.81   70.03   95.22
08:36:34 65.75   105.24   70.03   95.00
08:37:38 65.64   103.66   70.03   94.66
08:38:41 65.53   102.09   70.03   94.33
08:39:44 65.41   100.17   69.91   94.10
08:40:48 65.30   104.67   70.03   93.76
08:41:51 68.00   135.16   69.91   93.76
08:42:54 68.90   149.11   69.91   94.21
08:43:57 69.46   142.14   70.03   94.55
08:45:00 69.80   115.14   70.03   94.78
08:46:03 69.01   113.23   70.14   94.78
08:47:07 68.00   113.45   70.14   94.33
08:48:10 67.21   110.98   70.14   93.99
08:49:13 66.76   109.17   70.14   93.76
08:50:17 66.31   107.60   70.14   93.54
08:51:20 66.09   109.29   70.03   93.31
08:52:23 65.86   107.15   70.03   93.09
08:53:27 65.64   107.15   70.03   92.86
08:54:30 67.89   130.10   70.03   92.86
08:55:33 69.01   145.62   69.91   92.97
08:56:36 69.58   154.51   70.03   93.43
08:57:39 69.91   134.15   70.03   93.99
08:58:42 70.03   113.56   70.14   93.88
08:59:45 68.90   114.24   70.14   93.76
09:00:48 67.89   113.23   70.14   93.54
09:01:52 67.21   111.99   70.14   93.20
09:02:55 66.76   113.00   70.14   92.86
09:03:58 66.43   111.76   70.14   92.64
09:05:02 66.09   109.06   70.14   92.30
09:06:05 65.97   107.38   70.14   92.19
09:07:08 65.75   106.48   70.14   91.85
09:08:12 65.64   104.11   70.14   91.62
09:09:15 65.53   102.65   70.03   91.40
09:10:19 65.53   101.41   70.03   91.29
09:11:22 65.41   99.73   70.03   91.18
09:12:25 65.30   98.38   70.03   91.06
09:13:29 65.19   97.36   70.03   90.95
09:14:32 65.19   96.01   70.03   90.72
09:15:35 65.19   95.11   69.91   90.61
09:16:39 65.08   94.44   69.91   90.39
09:17:42 65.08   93.09   69.91   90.16
09:18:45 65.08   92.64   69.91   90.05
09:19:49 64.96   92.41   69.91   89.94
09:20:52 64.96   91.62   69.80   89.83
09:21:55 64.96   90.61   69.80   89.71
09:22:59 64.85   90.05   69.80   89.60
09:24:02 64.85   89.60   69.80   89.60
09:25:05 64.85   89.15   69.69   89.38
09:26:09 64.85   88.70   69.69   89.26
09:27:12 64.85   88.25   69.69   89.26
09:28:15 64.74   87.91   69.58   89.04
09:29:19 64.74   87.24   69.58   88.93
09:30:22 64.74   87.12   69.58   88.70
09:31:25 64.74   86.56   69.46   88.47
09:32:29 64.74   86.68   69.46   88.25
09:33:32 64.74   86.34   69.46   88.14
09:34:35 64.74   86.11   69.35   88.03
09:35:39 64.74   85.89   69.35   88.03
09:36:42 64.62   85.55   69.35   87.91
09:37:45 64.62   85.44   69.35   87.80
09:38:49 64.74   85.21   69.24   87.58
09:39:52 64.62   84.88   69.24   87.46
09:40:55 64.62   84.76   69.12   87.46
09:41:59 64.62   84.31   69.12   87.35
09:43:02 64.51   84.09   69.12   87.24
09:44:06 64.51   84.09   69.01   87.12
09:45:09 64.51   84.20   69.01   86.90
09:46:12 64.51   83.86   69.01   86.79
09:47:16 64.51   83.86   69.01   86.79
09:48:19 64.51   83.64   69.01   86.56
09:49:22 64.51   83.41   68.90   86.56
09:50:26 64.51   83.30   68.90   86.45
09:51:29 64.51   83.30   68.90   86.34
09:52:32 64.51   82.96   68.90   86.11
09:53:36 64.40   82.96   68.79   86.11
09:54:39 64.40   82.74   68.79   86.00
09:55:42 64.40   82.51   68.79   86.11
09:56:46 64.40   82.74   68.79   86.00
09:57:49 64.40   82.85   68.68   85.66
09:58:52 64.40   82.62   68.68   85.44
09:59:56 64.40   82.40   68.68   85.44
10:00:59 64.29   82.29   68.68   85.33
10:02:02 64.29   82.40   68.56   85.21
10:03:06 64.29   82.06   68.56   85.10
10:04:09 64.29   82.18   68.56   84.99
10:05:12 64.29   82.06   68.56   84.88
10:06:16 64.29   81.84   68.56   84.88
10:07:19 64.29   82.18   68.45   84.88
10:08:22 64.29   81.95   68.45   84.76
10:09:26 64.18   81.84   68.45   84.76
10:10:29 64.29   81.61   68.45   84.54
10:11:32 64.29   81.61   68.45   84.65
10:12:36 64.18   81.95   68.34   84.54
10:13:39 64.18   81.61   68.34   84.43
10:14:42 64.18   81.72   68.34   84.20
10:15:46 64.18   81.39   68.34   84.09
10:16:49 64.18   81.50   68.22   84.09
10:17:53 64.18   81.28   68.22   84.09
10:18:56 64.18   81.16   68.22   84.20
10:19:59 64.18   81.05   68.22   84.20
10:21:03 64.18   80.94   68.22   83.97
10:22:06 64.18   80.94   68.22   83.97
10:23:09 64.06   81.05   68.22   83.97
10:24:13 64.18   81.05   68.22   83.97
10:25:16 64.06   80.94   68.22   83.75
10:26:19 64.06   81.05   68.11   83.75
10:27:23 64.06   80.71   68.11   83.64
10:28:26 64.06   80.94   68.11   83.53
10:29:29 64.06   80.83   68.11   83.41
10:30:33 64.06   80.83   68.00   83.41
10:31:36 64.06   80.83   68.00   83.41
10:32:39 64.06   80.83   68.00   83.19
10:33:43 64.06   80.94   68.00   83.30
10:34:46 64.06   80.71   68.00   83.08
10:35:49 64.06   80.49   67.89   82.96
10:36:53 64.06   80.71   68.00   82.96
10:37:56 64.06   80.38   67.89   82.96
10:38:59 64.06   80.49   67.89   82.85
10:40:03 64.06   80.49   67.89   82.74
10:41:06 63.95   80.60   67.89   82.74
10:42:09 63.95   80.26   67.89   82.85
10:43:13 63.95   80.49   67.89   82.74
10:44:16 63.95   80.49   67.89   82.74
10:45:19 63.95   80.49   67.89   82.74
10:46:23 63.95   80.26   67.78   82.51
10:47:26 63.95   80.15   67.78   82.40
10:48:29 63.95   80.38   67.78   82.40
10:49:33 63.95   80.26   67.78   82.40
10:50:36 63.84   80.04   67.66   82.29
10:51:39 63.84   80.26   67.66   82.29
10:52:43 63.84   80.15   67.66   82.18
10:53:46 63.84   80.15   67.66   82.18
10:54:49 63.84   79.93   67.66   82.18
10:55:53 63.84   79.93   67.66   82.18
10:56:56 63.84   79.93   67.55   82.06
10:58:00 63.84   79.93   67.55   82.06
10:59:03 63.84   79.93   67.55   81.95
11:00:06 63.84   79.81   67.55   81.95
11:01:10 63.84   79.81   67.55   81.84
11:02:13 63.84   79.81   67.55   81.84
11:03:16 63.84   79.70   67.55   81.84
11:04:20 63.84   79.59   67.44   81.72
11:05:23 63.84   79.59   67.55   81.61
11:06:26 63.84   79.59   67.44   81.61
11:07:30 63.84   79.59   67.44   81.50
11:08:33 63.73   79.59   67.44   81.50
11:09:36 63.73   79.70   67.33   81.50
11:10:40 63.73   79.70   67.33   81.39
11:11:43 63.73   79.36   67.44   81.50
11:12:46 63.73   79.59   67.33   81.39
11:13:50 63.73   79.36   67.33   81.50
11:14:53 63.73   79.47   67.33   81.28
11:15:56 63.73   79.47   67.33   81.28
11:17:00 63.73   79.25   67.33   81.28
11:18:03 63.73   79.47   67.33   81.16
11:19:06 63.73   79.47   67.33   81.16
11:20:10 63.73   79.47   67.33   81.05
11:21:13 63.73   79.47   67.21   81.16
11:22:16 63.73   79.59   67.21   81.05
11:23:20 63.73   79.47   67.21   80.94
11:24:23 63.73   79.25   67.21   80.94
11:25:26 63.73   79.14   67.21   80.83
11:26:30 63.73   79.47   67.21   80.94
11:27:33 63.73   79.47   67.10   80.83
11:28:36 63.73   79.25   67.10   80.94
11:29:40 63.73   78.91   67.10   80.83
11:30:43 63.73   79.14   67.10   80.94
11:31:47 63.61   79.03   67.10   80.71
11:32:50 63.61   79.03   67.10   80.71
11:33:53 63.61   79.14   67.10   80.71
11:34:57 63.61   79.03   67.10   80.71
11:36:00 63.61   79.14   66.99   80.60
11:37:03 63.73   78.80   66.99   80.60
11:38:07 63.61   78.69   66.99   80.71
11:39:10 63.61   79.14   66.99   80.60
11:40:13 63.61   78.91   66.99   80.49
11:41:17 63.61   78.80   66.99   80.49
11:42:20 63.61   79.14   66.99   80.49
11:43:23 63.61   78.91   66.99   80.38
11:44:27 63.61   79.03   66.99   80.26
11:45:30 63.61   78.80   66.99   80.15
11:46:33 63.61   78.91   66.88   80.04
11:47:37 63.61   78.80   66.99   80.04
11:48:40 63.61   78.80   66.88   80.15
11:49:43 63.61   78.58   66.88   80.26
11:50:47 63.50   78.80   66.88   80.15
11:51:50 63.50   78.69   66.88   80.15
11:52:53 63.61   78.58   66.88   80.15
11:53:57 63.61   78.58   66.88   80.04
11:55:00 63.61   78.69   66.76   79.93
11:56:03 63.50   78.69   66.76   80.04
11:57:07 63.61   78.80   66.76   80.04
11:58:10 63.50   78.58   66.76   80.04
11:59:13 63.50   78.69   66.76   80.15
12:00:17 63.50   78.46   66.76   80.04
12:01:20 63.50   78.46   66.76   79.93
12:02:23 63.50   78.35   66.76   79.93
12:03:27 63.50   78.46   66.76   79.81
12:04:30 63.50   78.46   66.76   79.70
12:05:34 63.50   78.24   66.76   79.70
12:06:37 63.50   78.35   66.65   79.70
12:07:40 63.50   78.46   66.65   79.59
12:08:44 63.50   78.35   66.65   79.59
12:09:47 63.39   78.35   66.65   79.59
12:10:50 63.39   78.35   66.65   79.59
12:11:54 63.39   78.01   66.65   79.70
12:12:57 63.50   78.24   66.65   79.70
12:14:00 63.50   77.90   66.65   79.70
12:15:04 63.50   78.24   66.65   79.70
12:16:07 63.39   78.35   66.54   79.59
12:17:10 63.39   78.35   66.54   79.47
12:18:14 63.39   78.12   66.54   79.47
12:19:17 63.39   78.24   66.54   79.36
12:20:20 63.39   78.12   66.54   79.25
12:21:24 63.39   77.90   66.54   79.14
12:22:27 63.39   78.01   66.54   79.25
12:23:30 63.39   78.01   66.43   79.25
12:24:34 63.39   77.90   66.43   79.14
12:25:37 63.39   77.90   66.43   79.03
12:26:40 63.39   80.94   66.43   79.14
12:27:44 64.74   119.98   66.43   79.14
12:28:47 66.09   144.61   66.43   79.47
12:29:50 66.76   135.50   66.43   80.15
12:30:53 67.21   112.21   66.54   80.60
12:31:56 66.43   110.75   66.54   80.71
12:32:59 65.64   108.28   66.65   80.60
12:34:03 65.08   106.25   66.65   80.49
12:35:06 64.74   107.26   66.65   80.49
12:36:09 64.51   105.58   66.65   80.38
12:37:13 64.29   103.66   66.65   80.38
12:38:16 64.18   101.41   66.65   80.26
12:39:19 64.06   99.95   66.65   80.26
12:40:23 63.95   98.04   66.65   80.15
12:41:26 63.84   96.80   66.65   80.15
12:42:30 63.84   95.56   66.65   80.15
12:43:33 63.84   94.21   66.54   80.04
12:44:36 63.73   92.64   66.65   80.04
12:45:40 63.73   91.62   66.65   80.15
12:46:43 63.61   94.66   66.54   80.15
12:47:46 65.41   129.65   66.54   80.15
12:48:49 66.54   146.07   66.54   80.60
12:49:52 67.21   136.74   66.54   81.39
12:50:55 67.55   112.89   66.65   81.72
12:51:58 66.76   111.31   66.65   81.72
12:53:02 65.86   109.74   66.76   81.72
12:54:05 65.30   110.30   66.76   81.61
12:55:08 64.96   108.39   66.76   81.39
12:56:12 64.74   107.38   66.76   81.28
12:57:15 64.51   105.24   66.76   81.28
12:58:18 64.40   102.88   66.88   81.28
12:59:22 64.29   100.96   66.88   81.16
13:00:25 64.18   99.73   66.88   81.05
13:01:29 64.06   97.59   66.88   80.94
13:02:32 63.95   96.01   66.88   80.94
13:03:35 63.95   95.00   66.88   80.94
13:04:39 64.85   115.92   66.88   80.83
13:05:42 66.54   139.78   66.88   81.05
13:06:44 67.21   149.34   66.88   81.72
13:07:47 67.66   126.16   66.99   82.40
13:08:51 67.66   112.33   66.99   82.62
13:09:54 66.76   112.21   67.10   82.62
13:10:57 65.97   109.96   67.10   82.40
13:12:01 65.41   108.39   67.10   82.29
13:13:04 65.08   108.95   67.10   82.06
13:14:07 64.85   106.48   67.10   82.18
13:15:11 64.62   105.24   67.10   82.06
13:16:14 64.40   103.10   67.10   81.95
13:17:17 64.29   101.86   67.10   81.84
13:18:21 64.18   100.06   67.10   81.72
13:19:24 64.18   98.60   67.10   81.61
13:20:27 64.06   96.91   67.10   81.61
13:21:31 64.06   98.94   67.10   81.61
13:22:34 66.09   130.44   67.10   81.61
13:23:37 67.10   146.30   67.10   82.06
13:24:40 67.66   140.56   67.21   82.85
13:25:43 68.00   114.35   67.21   83.19
13:26:46 67.21   112.33   67.21   83.19
13:27:50 66.31   111.76   67.33   82.96
13:28:53 65.75   108.73   67.33   82.85
13:29:56 65.30   109.85   67.33   82.62
13:31:00 65.08   108.73   67.33   82.51
13:32:03 64.85   106.70   67.33   82.51
13:33:06 64.62   104.34   67.33   82.29
13:34:10 64.51   102.65   67.33   82.18
13:35:13 64.40   101.19   67.33   82.18
13:36:16 64.29   99.28   67.33   82.29
13:37:20 64.18   97.70   67.33   82.18
13:38:23 64.18   96.01   67.33   82.18
13:39:26 64.06   95.00   67.33   82.06
13:40:30 64.06   93.88   67.33   82.06
13:41:33 64.06   92.30   67.33   82.06
13:42:36 63.95   91.40   67.21   81.95
13:43:40 63.95   91.18   67.33   81.84
13:44:43 64.06   101.08   67.33   81.95
13:45:46 66.31   136.51   67.21   82.18
13:46:49 67.10   148.89   67.33   82.74
13:47:52 67.66   128.07   67.33   83.41
13:48:55 67.66   111.99   67.33   83.64
13:49:59 66.76   112.10   67.44   83.64
13:51:02 65.97   111.42   67.44   83.41
13:52:05 65.53   111.76   67.44   83.30
13:53:09 65.19   109.74   67.44   83.30
13:54:12 64.85   106.81   67.44   83.19
13:55:15 64.62   105.69   67.44   83.08
13:56:19 64.51   103.66   67.44   82.96
13:57:22 64.40   101.75   67.44   82.85
13:58:25 64.29   99.84   67.44   82.74
13:59:29 64.06   98.71   67.44   82.74
14:00:32 64.06   96.58   67.44   82.74
14:01:35 64.06   96.24   67.44   82.74
14:02:39 63.95   94.55   67.44   82.62
14:03:42 63.95   93.43   67.44   82.62
14:04:46 63.84   92.19   67.44   82.51
14:05:49 63.84   91.29   67.44   82.40
14:06:52 63.84   90.39   67.44   82.40
14:07:56 63.73   89.60   67.44   82.29
14:08:59 63.73   88.93   67.44   82.29
14:10:02 63.73   88.47   67.44   82.18
14:11:06 63.73   87.58   67.44   82.18
14:12:09 64.06   101.98   67.44   82.29
14:13:12 66.31   137.41   67.44   82.40
14:14:15 67.21   141.12   67.44   82.96
14:15:18 67.66   115.70   67.55   83.41
14:16:21 67.10   110.64   67.55   83.64
14:17:25 66.31   109.62   67.66   83.41
14:18:28 65.64   108.95   67.66   83.30
14:19:31 65.19   107.60   67.66   83.30
14:20:35 64.85   106.59   67.66   83.08
14:21:38 64.62   105.35   67.66   83.08
14:22:41 64.40   103.89   67.66   82.96
14:23:45 64.29   102.31   67.66   82.85
14:24:48 64.18   100.51   67.66   82.74
14:25:51 64.06   99.16   67.66   82.74
14:26:55 64.06   97.59   67.66   82.74
14:27:58 64.06   96.12   67.66   82.62
14:29:01 63.95   95.00   67.55   82.62
14:30:05 63.95   94.44   67.66   82.51
14:31:08 63.95   93.09   67.66   82.51
14:32:11 63.84   92.08   67.66   82.51
14:33:15 64.74   112.89   67.66   82.51
14:34:18 66.65   139.89   67.66   82.74
14:35:21 67.44   151.25   67.66   83.41
14:36:24 68.11   157.55   67.66   84.20
14:37:26 68.45   143.82   67.78   84.76
14:38:29 68.90   149.79   67.78   85.21
14:39:32 69.35   157.55   67.89   85.66
14:40:35 69.58   148.89   68.00   86.11
14:41:38 69.91   147.76   68.11   86.45
14:42:41 70.14   156.20   68.11   86.79
14:43:44 70.25   156.76   68.22   87.24
14:44:47 70.47   146.41   68.34   87.58
14:45:50 70.70   154.29   68.45   87.69
14:46:53 70.93   160.25   68.45   88.14
14:47:55 70.93   146.41   68.56   88.36
14:48:58 71.04   152.15   68.68   88.59
14:50:01 71.15   159.57   68.68   88.81
14:51:04 71.26   148.32   68.79   89.04
14:52:07 71.38   150.01   68.90   89.15
14:53:10 71.49   158.23   69.01   89.60
14:54:13 71.49   155.07   69.12   89.94
14:55:16 71.60   147.88   69.12   89.94
14:56:19 71.83   155.98   69.24   90.28
14:57:21 71.94   147.43   69.24   90.50
14:58:24 71.94   121.66   69.35   90.39
14:59:28 70.25   122.00   69.46   90.05
15:00:31 68.90   122.79   69.46   89.71
15:01:34 70.03   132.46   69.46   89.60
15:02:37 70.81   145.51   69.58   89.94
15:03:40 71.15   155.64   69.58   90.50
15:04:43 71.38   159.57   69.69   91.06
15:05:46 71.49   146.30   69.69   91.51
15:06:49 71.71   153.16   69.80   91.74
15:07:52 71.94   160.59   69.91   91.96
15:08:55 72.16   148.10   69.91   92.41
15:09:58 72.16   122.34   70.03   92.41
15:11:01 70.59   122.56   70.03   91.96
15:12:04 69.12   123.12   70.03   91.51
15:13:08 68.11   122.45   70.03   91.18
15:14:11 70.14   134.60   70.14   91.18
15:15:14 70.93   147.76   70.14   91.51
15:16:16 71.26   156.88   70.14   92.08
15:17:19 71.49   156.65   70.25   92.64
15:18:22 71.71   147.20   70.25   92.97
15:19:25 72.05   143.04   70.36   93.20
15:20:28 72.16   118.17   70.47   93.20
15:21:32 71.15   115.14   70.47   92.86
15:22:35 69.69   115.81   70.59   92.41
15:23:38 68.56   115.14   70.59   92.08
15:24:42 69.46   128.64   70.59   91.85
15:25:44 70.70   144.73   70.59   92.08
15:26:47 71.26   155.07   70.59   92.75
15:27:50 71.71   159.80   70.59   93.20
15:28:53 71.94   135.05   70.70   93.54
15:29:56 71.49   120.99   70.70   93.54
15:31:00 69.91   122.00   70.81   93.20
15:32:03 68.79   120.76   70.81   92.75
15:33:06 67.89   120.88   70.81   92.53
15:34:10 67.33   120.76   70.81   92.19
15:35:13 67.66   123.69   70.70   92.08
15:36:16 70.03   136.40   70.81   92.19
15:37:19 70.81   149.00   70.81   92.64
15:38:22 71.26   157.66   70.81   93.20
15:39:25 71.60   146.30   70.81   93.76
15:40:28 71.83   121.55   70.93   93.88
15:41:31 70.47   121.21   70.93   93.54
15:42:34 69.12   120.65   71.04   93.20
15:43:38 68.11   123.01   71.04   92.86
15:44:41 67.55   121.55   71.04   92.53
15:45:44 66.99   119.41   70.93   92.30
15:46:48 66.65   118.06   70.93   92.30
15:47:51 66.43   115.70   70.93   92.08
15:48:55 66.20   113.79   70.93   91.85
15:49:58 68.45   129.88   70.93   91.85
15:51:01 70.03   144.28   70.93   92.19
15:52:04 70.93   153.61   70.93   92.75
15:53:06 71.26   132.46   70.93   93.20
15:54:10 71.49   113.23   70.93   93.20
15:55:13 69.91   114.24   71.04   107.26
15:56:16 68.79   114.69   71.04   108.84
15:57:20 67.89   112.78   71.04   107.94
15:58:23 67.33   114.46   71.04   106.70
15:59:26 66.88   113.00   70.93   105.69
16:00:30 66.54   111.65   70.93   104.56
16:01:33 66.20   109.74   70.93   103.66
16:02:36 66.09   108.39   70.93   102.76
16:03:40 65.86   106.92   70.93   101.98
16:04:43 65.75   105.01   70.81   101.30
16:05:46 65.64   103.78   70.81   100.62
16:06:50 65.53   102.42   70.93   100.06
16:07:53 65.41   101.53   70.81   99.50
16:08:57 65.30   100.40   70.81   98.94
16:10:00 65.30   99.05   70.81   98.49
16:11:03 65.30   98.26   70.70   98.15
16:12:07 65.19   97.48   70.70   97.70
16:13:10 65.19   96.46   70.70   97.25
16:14:13 65.19   95.90   70.70   96.80
16:15:17 65.08   95.11   70.70   96.35
16:16:20 65.08   94.21   70.59   96.01
16:17:23 65.08   93.54   70.59   95.68
16:18:27 64.96   92.86   70.59   95.34
16:19:30 64.96   92.08   70.59   95.00
16:20:33 64.96   91.62   70.59   94.66
16:21:37 64.85   91.06   70.47   94.44
16:22:40 64.96   90.61   70.47   94.10
16:23:43 64.85   90.61   70.47   93.88
16:24:47 64.85   89.83   70.47   93.65
16:25:50 64.85   89.60   70.36   102.31
16:26:53 64.85   89.04   70.36   105.46
16:27:57 64.85   89.04   70.36   105.01
16:29:00 64.74   88.70   70.25   104.23
16:30:03 64.74   88.47   70.25   103.10
16:31:07 64.74   88.25   70.25   101.86
16:32:10 64.74   87.80   70.14   100.96
16:33:13 64.74   87.91   70.14   100.17
16:34:17 64.74   87.58   70.14   99.39
16:35:20 64.74   87.58   70.14   98.71
16:36:23 64.74   87.35   70.14   98.15
16:37:27 64.62   87.01   70.03   97.48
16:38:30 64.74   86.79   70.03   96.91
16:39:34 64.62   86.68   70.03   96.58
16:40:37 64.62   86.79   70.03   96.01
16:41:40 64.62   86.45   69.91   95.56
16:42:44 64.62   86.11   69.91   95.11
16:43:47 64.62   85.66   69.91   94.66
16:44:50 64.62   85.78   69.91   94.21
16:45:54 64.62   85.78   69.91   93.88
16:46:57 64.62   85.66   69.80   93.54
16:48:00 64.62   85.55   69.80   93.20
16:49:04 64.62   85.55   69.80   92.86
16:50:07 64.62   85.21   69.80   92.53
16:51:10 64.62   85.33   69.80   92.19
16:52:14 64.62   85.33   69.69   91.96
16:53:17 64.51   85.44   69.69   91.62
16:54:20 64.51   84.99   69.69   91.40
16:55:24 64.51   84.76   69.69   91.06
16:56:27 64.51   84.76   69.69   90.84
16:57:30 64.51   84.88   69.58   90.61
16:58:34 64.51   84.88   69.58   90.28
16:59:37 64.51   84.76   69.58   90.16
17:00:40 64.51   84.54   69.58   95.11
17:01:44 64.51   84.76   69.58   98.71
17:02:47 64.51   84.31   69.58   98.15
17:03:50 64.51   84.43   69.46   97.14
17:04:54 64.51   84.31   69.46   96.35
17:05:57 64.51   84.31   69.46   95.45
17:07:00 64.40   84.09   69.46   104.34
17:08:04 64.40   84.09   69.46   104.67
17:09:07 64.40   83.86   69.35   103.66
17:10:10 64.40   83.86   69.35   102.31
17:11:14 64.40   83.75   69.35   105.58
17:12:17 64.40   83.97   69.35   105.12
17:13:20 64.40   84.09   69.35   104.00
17:14:24 64.40   83.97   69.35   102.88
17:15:27 64.40   83.97   69.35   101.75
17:16:31 64.40   83.75   69.24   100.85
17:17:34 64.40   83.64   69.24   100.06
17:18:37 64.40   83.97   69.24   99.16
17:19:41 64.40   83.53   69.24   102.31
17:20:44 64.40   83.41   69.24   104.45
17:21:47 64.40   83.41   69.12   103.78
17:22:51 64.40   83.30   69.24   102.76
17:23:54 64.29   83.41   69.12   101.64
17:24:57 64.29   83.30   69.12   100.62
17:26:01 64.29   83.30   69.12   99.61
17:27:04 64.29   83.08   69.12   98.83
17:28:07 64.29   82.96   69.12   98.04
17:29:11 64.29   82.74   69.12   97.36
17:30:14 64.29   82.85   69.12   102.20
17:31:17 64.29   82.96   69.12   105.35
17:32:21 64.29   83.08   69.01   105.91
17:33:24 64.29   82.96   69.01   106.14
17:34:27 64.29   82.62   69.01   106.03
17:35:31 64.29   82.96   69.01   105.46
17:36:34 64.29   83.08   69.01   104.67
17:37:37 64.29   82.96   69.01   103.89
17:38:41 64.29   82.96   69.01   105.35
17:39:44 64.29   83.08   69.01   106.81
17:40:47 64.29   82.74   69.01   105.91
17:41:51 64.29   82.85   68.90   104.79
17:42:54 64.29   82.96   68.90   103.66
17:43:57 64.29   83.08   68.90   102.54
17:45:01 64.40   83.08   68.90   101.41
17:46:04 64.29   82.74   68.90   100.40
17:47:08 64.40   82.74   68.90   99.50
17:48:11 64.40   82.62   68.90   98.71
17:49:14 64.29   82.51   68.90   98.04
17:50:18 64.40   82.40   68.79   97.36
17:51:21 64.40   82.62   68.79   96.69
17:52:24 64.29   82.51   68.79   96.12
17:53:28 64.29   82.29   68.79   95.68
17:54:31 64.29   82.29   68.79   95.11
17:55:34 64.29   82.40   68.79   94.78
17:56:38 64.29   82.29   68.79   94.33
17:57:41 64.29   82.18   68.79   93.88
17:58:44 64.29   82.18   68.68   93.43
17:59:48 64.29   81.95   68.79   93.09
18:00:51 64.18   82.18   68.68   92.64
18:01:54 64.29   81.95   68.68   92.41
18:02:58 64.29   81.84   68.68   91.96
18:04:01 64.18   81.84   68.68   91.62
18:05:04 64.18   81.72   68.68   91.29
18:06:08 64.18   81.84   68.56   90.95
18:07:11 64.18   82.18   68.56   90.72
18:08:14 64.18   81.72   68.56   90.28
18:09:18 64.18   81.72   68.56   90.16
18:10:21 64.18   81.72   68.56   89.94
18:11:24 64.18   81.50   68.56   89.60
18:12:28 64.18   81.61   68.56   89.26
18:13:31 64.18   81.61   68.56   89.04
18:14:34 64.18   81.61   68.45   88.81
18:15:38 64.18   81.61   68.56   88.47
18:16:41 64.18   81.50   68.45   88.25
18:17:44 64.18   81.39   68.45   88.14
18:18:48 64.18   81.28   68.45   87.91
18:19:51 64.18   81.61   68.45   87.69
18:20:54 64.18   81.39   68.45   87.58
18:21:58 64.18   81.39   68.45   87.35
18:23:01 64.18   81.61   68.45   87.01
18:24:05 64.06   81.39   68.45   86.90
18:25:08 64.18   81.39   68.45   86.79
18:26:11 64.18   81.28   68.34   86.56
18:27:15 64.18   81.50   68.34   86.34
18:28:18 64.06   81.28   68.34   86.22
18:29:21 64.18   81.16   68.34   86.00
18:30:25 64.06   81.28   68.34   85.89
18:31:28 64.06   81.28   68.34   85.78
18:32:31 64.06   81.28   68.34   85.66
18:33:35 64.06   81.16   68.22   85.55
18:34:38 64.06   81.05   68.34   85.33
18:35:41 64.06   81.16   68.22   85.21
18:36:45 64.06   81.16   68.22   85.21
18:37:48 64.06   80.94   68.22   85.10
18:38:51 64.06   81.16   68.22   84.88
18:39:55 64.06   80.94   68.22   84.76
18:40:58 64.06   80.94   68.22   84.54
18:42:01 64.06   80.94   68.11   84.43
18:43:05 64.06   80.71   68.11   84.31
18:44:08 64.06   80.83   68.11   84.31
18:45:11 64.06   80.60   68.11   84.09
18:46:15 64.06   80.71   68.11   83.86
18:47:18 64.06   80.83   68.11   83.86
18:48:21 64.06   80.94   68.11   83.75
18:49:25 64.06   81.16   68.11   83.64
18:50:28 64.06   81.05   68.11   83.53
18:51:31 63.95   80.71   68.11   83.41
18:52:35 64.06   80.94   68.11   83.30
18:53:38 64.06   80.71   68.11   83.30
18:54:41 63.95   80.83   68.11   83.19
18:55:45 64.06   80.83   68.11   83.08
18:56:48 64.06   80.49   68.11   83.08
18:57:52 64.06   80.49   68.11   82.85
18:58:55 64.06   80.49   68.11   82.85
18:59:58 64.06   80.49   68.22   82.85
19:01:02 64.06   80.71   68.11   82.85
19:02:05 64.06   80.60   68.11   82.62
19:03:08 64.06   80.49   68.11   82.62
19:04:12 64.06   80.49   68.11   82.51
19:05:15 64.06   80.60   68.11   82.40
19:06:18 64.06   80.38   68.11   82.29
19:07:22 64.06   80.49   68.11   82.18
19:08:25 63.95   80.49   68.11   82.18
19:09:28 63.95   80.71   68.11   82.06
19:10:32 64.06   80.60   68.11   82.06
19:11:35 63.95   80.49   68.11   82.06
19:12:38 63.95   80.38   68.11   82.18
19:13:42 64.06   80.38   68.11   82.06
19:14:45 63.95   80.38   68.11   82.06
19:15:48 63.95   80.38   68.11   81.95
19:16:52 63.95   80.26   68.11   81.72
19:17:55 63.95   80.26   68.11   81.72
19:18:58 64.06   80.26   68.11   81.72
19:20:02 64.06   80.38   68.00   81.72
19:21:05 64.06   80.26   68.00   81.72
19:22:08 63.95   80.15   68.00   81.61
19:23:12 63.95   80.38   68.00   81.50
19:24:15 63.95   80.15   68.00   81.50
19:25:18 63.95   84.65   68.00   91.85
19:26:22 66.31   127.06   68.00   99.50
19:27:25 67.78   148.10   68.00   99.28
19:28:27 68.56   152.38   68.11   98.60
19:29:30 69.12   143.26   68.22   97.81
19:30:33 69.58   151.93   68.22   97.14
19:31:36 70.03   158.90   68.34   96.69
19:32:39 70.47   145.29   68.45   96.24
19:33:42 70.70   151.48   68.45   96.01
19:34:45 71.04   159.69   68.56   95.68
19:35:48 71.26   146.86   68.68   95.56
19:36:51 71.49   150.57   68.79   95.34
19:37:54 71.71   159.12   68.90   95.22
19:38:56 71.83   149.45   69.01   95.34
19:39:59 71.94   149.79   69.12   95.11
19:41:02 72.16   157.66   69.24   95.00
19:42:05 72.39   136.62   69.35   94.89
19:43:08 72.39   114.46   69.35   94.55
19:44:12 70.93   115.70   69.46   94.21
19:45:15 69.58   117.28   69.58   93.65
19:46:18 70.70   136.62   69.58   93.31
19:47:21 71.26   150.24   69.69   93.43
19:48:24 71.60   159.12   69.80   93.76
19:49:27 71.94   147.65   69.80   93.99
19:50:30 72.28   149.90   69.91   94.10
19:51:33 72.39   158.45   70.03   94.21
19:52:35 72.61   141.69   70.03   94.44
19:53:39 72.61   115.81   70.14   94.10
19:54:42 71.49   115.59   70.25   93.76
19:55:45 70.14   116.38   70.36   93.31
19:56:48 70.59   130.66   70.36   93.09
19:57:51 71.49   147.09   70.36   93.20
19:58:54 71.94   156.88   70.47   93.54
19:59:57 72.28   156.09   70.47   93.88
20:01:00 72.50   147.43   70.59   94.10
20:02:03 72.72   155.75   70.59   94.33
20:03:06 72.95   142.59   70.70   94.44
20:04:09 72.95   120.88   70.81   94.33
20:05:12 71.49   121.66   70.81   93.88
20:06:16 70.14   122.45   70.93   93.43
20:07:19 69.80   123.91   70.93   93.09
20:08:22 71.49   137.86   70.93   92.97
20:09:25 72.05   150.80   71.04   93.43
20:10:28 72.50   159.24   71.04   93.88
20:11:31 72.72   148.55   71.15   94.21
20:12:34 72.95   133.93   71.15   94.44
20:13:37 72.84   120.20   71.26   94.44
20:14:40 71.26   121.10   71.26   93.99
20:15:43 70.03   121.44   71.26   93.65
20:16:47 69.12   122.67   71.38   93.31
20:17:50 68.56   121.33   71.38   92.97
20:18:53 70.93   131.45   71.38   92.75
20:19:56 71.83   145.62   71.38   93.09
20:20:59 72.28   156.09   71.49   93.54
20:22:02 72.72   158.23   71.49   94.10
20:23:05 72.95   131.56   71.60   94.33
20:24:08 72.84   113.90   71.60   94.10
20:25:11 71.49   115.36   71.71   93.88
20:26:15 70.25   115.81   71.71   93.65
20:27:18 69.35   114.01   71.71   93.20
20:28:21 68.68   115.25   71.71   92.97
20:29:25 68.22   114.24   71.71   92.75
20:30:28 68.90   123.35   71.71   92.53
20:31:31 71.04   140.68   71.83   92.64
20:32:34 71.83   152.82   71.83   93.20
20:33:37 72.50   149.90   71.83   93.65
20:34:40 72.84   122.79   71.83   93.88
20:35:43 71.83   120.54   71.94   93.65
20:36:47 70.36   120.99   71.94   93.43
20:37:50 69.46   121.10   71.94   93.09
20:38:53 68.79   120.09   72.05   92.86
20:39:57 68.22   118.51   72.05   92.75
20:41:00 67.89   116.71   72.05   92.53
20:42:03 67.66   115.14   72.05   92.41
20:43:07 67.33   113.11   72.05   92.19
20:44:10 67.10   111.09   72.05   92.08
20:45:13 66.99   109.17   71.94   91.85
20:46:17 66.88   109.51   71.94   91.74
20:47:20 70.03   134.71   71.94   91.74
20:48:23 71.15   149.23   71.94   93.20
20:49:26 71.83   140.68   71.94   98.26
20:50:29 72.39   115.48   72.05   98.71
20:51:32 71.38   113.11   72.05   98.49
20:52:35 70.14   113.45   72.05   97.92
20:53:39 69.24   111.54   72.16   97.25
20:54:42 68.56   112.44   72.16   96.80
20:55:45 68.11   112.21   72.16   96.46
20:56:49 67.78   110.75   72.16   96.01
20:57:52 67.44   109.06   72.16   95.56
20:58:55 67.21   107.49   72.16   95.34
20:59:59 67.10   105.91   72.16   95.00
21:01:02 66.99   104.56   72.05   94.66
21:02:05 66.76   103.55   72.05   94.33
21:03:09 66.65   102.20   72.05   94.10
21:04:12 66.65   100.96   72.05   93.65
21:05:15 66.54   99.95   72.05   93.43
21:06:19 66.43   98.71   72.05   93.20
21:07:22 66.43   98.38   72.05   92.97
21:08:26 66.31   97.36   72.05   92.75
21:09:29 66.31   96.69   72.05   92.53
21:10:32 66.20   95.90   72.05   92.30
21:11:36 66.20   95.11   71.94   92.19
21:12:39 66.09   94.66   72.05   91.85
21:13:42 66.09   94.10   71.94   91.62
21:14:46 66.09   93.20   71.94   91.51
21:15:49 66.09   92.64   71.94   91.29
21:16:52 65.97   92.19   71.94   91.06
21:17:56 65.97   91.40   71.94   90.84
21:18:59 65.97   91.29   71.83   90.72
21:20:02 65.86   90.84   71.83   90.50
21:21:06 65.86   90.61   71.83   90.39
21:22:09 65.86   90.39   71.83   90.16
21:23:12 65.86   89.94   71.83   89.94
21:24:16 65.86   89.49   71.71   89.71
21:25:19 65.75   89.38   71.71   89.60
21:26:22 65.75   89.15   71.71   89.38
21:27:26 65.75   88.93   71.71   89.26
21:28:29 65.75   88.47   71.71   89.26
21:29:32 65.75   88.25   71.71   89.04
21:30:36 65.64   87.69   71.60   88.93
21:31:39 65.64   88.14   71.60   88.81
21:32:42 65.64   88.03   71.60   88.70
21:33:46 65.64   87.91   71.60   88.59
21:34:49 65.64   87.46   71.60   88.47
21:35:52 65.64   87.24   71.49   97.14
21:36:56 65.64   87.01   71.49   105.91
21:37:59 65.64   87.01   71.49   107.71
21:39:02 65.64   86.90   71.49   108.61
21:40:06 65.64   86.90   71.49   109.17
21:41:09 65.64   86.68   71.49   109.40
21:42:12 65.53   86.68   71.49   109.51
21:43:16 65.64   86.45   71.38   109.29
21:44:19 65.64   86.68   71.38   109.06
21:45:23 65.64   86.56   71.49   108.73
21:46:26 65.53   86.34   71.38   108.39
21:47:29 65.53   86.34   71.38   107.94
21:48:33 65.64   86.45   71.38   107.49
21:49:36 65.64   86.34   71.38   106.81
21:50:39 65.64   86.22   71.38   106.25
21:51:43 65.64   86.22   71.38   105.69
21:52:46 65.64   85.89   71.26   105.01
21:53:49 65.64   86.00   71.26   104.45
21:54:53 65.64   85.89   71.26   103.78
21:55:56 65.64   85.66   71.26   103.10
21:56:59 65.64   85.66   71.26   102.54
21:58:03 65.64   85.66   71.26   101.98
21:59:06 65.64   85.66   71.15   101.53
22:00:09 65.64   85.44   71.15   101.08
22:01:13 65.64   85.55   71.15   100.62
22:02:16 65.53   85.44   71.15   100.17
22:03:19 65.64   85.33   71.15   99.73
22:04:23 65.64   85.44   71.15   99.39
22:05:26 65.53   85.33   71.15   99.05
22:06:29 65.53   85.33   71.15   98.71
22:07:33 65.64   85.33   71.15   98.38
22:08:36 65.64   85.21   71.04   98.15
22:09:39 65.64   85.10   71.04   97.92
22:10:43 65.64   84.99   71.15   97.70
22:11:46 65.64   84.99   71.04   97.36
22:12:49 65.64   84.88   71.04   97.14
22:13:53 65.64   84.76   71.04   96.91
22:14:56 65.64   84.76   71.04   96.80
22:15:59 65.64   84.76   71.04   96.46
22:17:03 65.64   84.88   71.04   96.01
22:18:06 65.64   84.99   70.93   95.68
22:19:10 65.64   84.65   71.04   95.45
22:20:13 65.64   84.76   70.93   95.11
22:21:16 65.53   84.65   70.93   94.89
22:22:20 65.53   84.54   70.93   94.66
22:23:23 65.53   84.20   70.93   94.55
22:24:26 65.53   84.43   70.93   94.21
22:25:30 65.53   84.20   70.93   94.10
22:26:33 65.41   84.31   70.93   93.76
22:27:36 65.53   84.43   70.81   93.65
22:28:40 65.41   84.31   70.93   93.31
22:29:43 65.41   84.20   70.81   93.20
22:30:46 65.41   84.09   70.81   93.09
22:31:50 65.41   84.20   70.81   92.75
22:32:53 65.41   84.09   70.81   92.53
22:33:56 65.30   83.86   70.81   92.41
22:35:00 65.30   83.86   70.81   92.19
22:36:03 65.41   83.75   70.81   91.96
22:37:06 65.30   83.86   70.81   91.85
22:38:10 65.30   83.86   70.81   91.74
22:39:13 65.30   83.75   70.81   91.51
22:40:16 65.30   83.64   70.70   91.29
22:41:20 65.30   83.64   70.70   91.18
22:42:23 65.30   83.30   70.70   90.95
22:43:26 65.30   83.53   70.70   90.72
22:44:30 65.30   83.53   70.70   90.61
22:45:33 65.19   83.64   70.70   105.58
22:46:36 65.19   83.75   70.70   112.55
22:47:40 65.30   83.53   70.59   116.04
22:48:43 65.19   83.41   70.59   116.60
22:49:47 65.19   83.53   70.59   115.36
22:50:50 65.19   83.30   70.59   113.79
22:51:53 65.19   83.30   70.59   112.10
22:52:57 65.19   83.19   70.59   110.30
22:54:00 65.19   83.08   70.59   108.95
22:55:03 65.19   83.08   70.59   107.49
22:56:07 65.19   83.19   70.59   106.36
22:57:10 65.19   82.96   70.47   105.35
22:58:13 65.19   82.96   70.47   104.34
22:59:17 65.08   82.96   70.47   103.44
23:00:20 65.08   83.08   70.47   102.65
23:01:23 65.08   83.08   70.47   101.98
23:02:27 65.08   82.96   70.47   101.19
23:03:30 65.08   83.08   70.47   100.51
23:04:33 65.08   82.85   70.47   99.95
23:05:37 65.08   82.51   70.47   99.28
23:06:40 65.08   82.74   70.47   98.83
23:07:43 65.08   82.85   70.36   98.38
23:08:47 65.08   82.62   70.36   97.59
23:09:50 65.08   82.74   70.36   97.14
23:10:53 65.08   82.62   70.36   96.69
23:11:57 65.08   82.74   70.36   96.24
23:13:00 65.08   82.62   70.36   95.79
23:14:03 64.96   82.62   70.36   95.34
23:15:07 65.08   82.62   70.36   95.00
23:16:10 65.08   82.51   70.36   94.55
23:17:13 64.96   82.29   70.36   94.10
23:18:17 65.08   82.40   70.36   93.76
23:19:20 64.96   82.40   70.25   93.31
23:20:23 64.96   82.40   70.25   92.97
23:21:27 64.96   82.40   70.25   92.64
23:22:30 64.96   82.62   70.25   92.41
23:23:34 64.96   82.51   70.25   92.19
23:24:37 64.96   82.51   70.25   95.45
23:25:40 64.96   81.95   70.25   103.33
23:26:44 64.96   82.18   70.25   111.42
23:27:47 64.96   82.06   70.25   112.44
23:28:50 64.96   81.95   70.14   111.88
23:29:54 64.96   81.95   70.14   110.86
23:30:57 64.96   82.06   70.14   109.85
23:32:00 64.96   81.95   70.14   108.95
23:33:04 64.96   81.95   70.14   108.39
23:34:07 64.96   81.95   70.14   110.30
23:35:10 64.96   82.06   70.14   111.65
23:36:14 64.96   82.06   70.14   111.20
23:37:17 64.96   81.95   70.14   110.41
23:38:20 64.85   81.95   70.14   109.51
23:39:24 64.85   81.72   70.03   108.84
23:40:27 64.96   81.95   70.03   111.65
23:41:30 64.85   81.84   70.03   111.42
23:42:34 64.85   81.95   70.03   110.75
23:43:37 64.85   81.61   70.03   109.85
23:44:40 64.85   81.39   70.03   108.95
23:45:44 64.85   81.61   70.03   108.05
23:46:47 64.85   81.72   69.91   107.15
23:47:50 64.85   81.84   69.91   106.36
23:48:54 64.85   81.84   69.91   105.46
23:49:57 64.74   81.50   69.91   104.79
23:51:00 64.85   81.50   69.91   103.89
23:52:04 64.85   81.50   69.91   103.21
23:53:07 64.85   81.28   69.91   102.54
23:54:11 64.85   81.39   69.91   101.75
23:55:14 64.74   81.16   69.80   101.19
23:56:17 64.85   81.39   69.80   100.51
23:57:21 64.85   81.28   69.80   99.95
23:58:24 64.74   80.94   69.80   99.28
23:59:27 64.74   81.16   69.80   98.71
