 Date  Furn_In  Furn_Out  Bsmnt   Water_Htr
00:00:54 68.90   140.56   68.90   86.34
00:01:57 69.35   114.35   69.01   86.56
00:03:00 68.00   113.79   69.01   86.56
00:04:04 66.99   113.67   69.01   86.22
00:05:07 66.20   114.01   69.01   86.00
00:06:10 65.86   112.33   69.01   86.00
00:07:14 65.53   110.86   69.01   85.78
00:08:17 65.30   108.73   68.90   85.55
00:09:20 65.08   109.29   68.90   85.33
00:10:23 67.89   132.46   69.01   85.33
00:11:26 68.56   146.07   69.01   85.78
00:12:29 69.01   153.05   69.01   86.56
00:13:32 69.35   129.31   69.12   87.12
00:14:35 69.12   113.67   69.12   87.12
00:15:39 67.66   114.24   69.12   87.01
00:16:42 66.76   112.89   69.12   86.68
00:17:45 66.20   111.31   69.12   86.45
00:18:49 65.75   109.40   69.12   86.22
00:19:52 65.53   107.04   69.12   86.11
00:20:56 65.30   107.71   69.12   85.89
00:21:59 65.75   114.58   69.01   85.78
00:23:02 68.11   136.29   69.01   85.89
00:24:05 68.79   148.32   69.12   86.56
00:25:08 69.12   153.73   69.12   87.35
00:26:11 69.46   128.53   69.24   87.80
00:27:14 69.35   113.90   69.24   87.91
00:28:17 67.78   114.69   69.12   87.58
00:29:21 66.88   115.03   69.12   87.24
00:30:24 66.31   115.03   69.12   87.01
00:31:27 65.86   112.66   69.12   86.90
00:32:31 65.64   110.41   69.12   86.68
00:33:34 65.41   109.17   69.12   86.56
00:34:37 67.55   127.29   69.12   86.56
00:35:40 68.56   142.48   69.12   86.90
00:36:43 69.01   152.49   69.12   87.58
00:37:46 69.46   139.32   69.24   88.14
00:38:49 69.80   114.12   69.35   88.25
00:39:52 68.22   113.90   69.35   88.14
00:40:56 67.21   114.01   69.35   87.91
00:41:59 66.54   113.45   69.35   87.69
00:43:02 66.09   113.34   69.24   87.46
00:44:06 65.75   111.09   69.24   87.35
00:45:09 65.53   109.85   69.24   87.24
00:46:13 65.30   109.40   69.24   87.01
00:47:16 67.89   130.78   69.24   87.01
00:48:19 68.79   144.84   69.24   87.35
00:49:21 69.24   152.94   69.24   88.03
00:50:24 69.58   130.32   69.35   88.59
00:51:28 69.69   113.34   69.35   88.59
00:52:31 68.00   114.01   69.35   88.36
00:53:34 67.10   113.56   69.35   88.14
00:54:38 66.43   110.98   69.35   87.80
00:55:41 65.97   108.61   69.35   87.58
00:56:44 65.75   110.08   69.35   87.46
00:57:48 65.53   108.84   69.35   87.12
00:58:51 65.30   108.05   69.24   87.01
00:59:54 67.44   125.38   69.24   87.12
01:00:57 68.68   141.69   69.24   87.35
01:02:00 69.12   152.04   69.35   88.03
01:03:03 69.46   134.94   69.35   88.70
01:04:06 69.69   113.45   69.35   88.81
01:05:10 68.22   113.79   69.46   88.59
01:06:13 67.10   113.56   69.35   88.36
01:07:16 66.54   115.25   69.35   88.14
01:08:20 66.09   113.67   69.35   87.91
01:09:23 65.75   111.42   69.35   87.69
01:10:26 65.53   110.08   69.35   87.58
01:11:30 65.41   107.83   69.35   87.46
01:12:33 65.19   105.91   69.35   87.24
01:13:36 65.08   104.23   69.35   87.12
01:14:40 66.99   120.65   69.24   87.12
01:15:43 68.45   140.45   69.35   87.35
01:16:45 69.01   151.14   69.35   87.91
01:17:48 69.46   137.19   69.35   88.59
01:18:52 69.80   113.67   69.35   88.81
01:19:55 68.11   113.45   69.46   88.70
01:20:58 67.10   113.34   69.46   88.36
01:22:02 66.54   113.23   69.35   88.14
01:23:05 66.09   112.78   69.35   88.03
01:24:08 65.75   111.31   69.35   87.80
01:25:12 65.53   109.29   69.35   87.69
01:26:15 65.30   107.38   69.24   87.58
01:27:18 65.19   105.58   69.35   87.46
01:28:22 65.08   104.11   69.35   87.35
01:29:25 64.96   102.99   69.24   87.12
01:30:28 64.85   100.74   69.24   87.12
01:31:32 64.85   105.46   69.24   86.90
01:32:35 68.00   135.16   69.24   87.12
01:33:38 68.68   148.55   69.35   87.69
01:34:41 69.12   139.44   69.35   88.25
01:35:44 69.46   114.01   69.35   88.59
01:36:47 68.22   113.00   69.46   88.59
01:37:50 67.10   112.78   69.35   88.25
01:38:54 66.43   110.19   69.46   88.03
01:39:57 65.97   108.39   69.35   87.91
01:41:00 65.75   109.74   69.46   87.69
01:42:04 65.41   108.50   69.35   87.58
01:43:07 65.30   107.04   69.35   87.46
01:44:10 65.19   105.12   69.35   87.35
01:45:14 65.08   103.78   69.35   87.24
01:46:17 64.96   101.98   69.35   87.01
01:47:20 64.85   100.74   69.24   86.90
01:48:24 64.74   99.50   69.24   86.79
01:49:27 64.74   98.15   69.35   86.68
01:50:30 64.74   96.91   69.24   86.56
01:51:34 65.86   112.21   69.24   86.45
01:52:37 68.00   139.21   69.24   86.79
01:53:40 68.68   150.57   69.24   87.46
01:54:43 69.01   131.68   69.24   88.14
01:55:46 69.01   112.66   69.46   88.36
01:56:49 67.66   113.34   69.46   88.14
01:57:53 66.76   111.99   69.35   87.91
01:58:56 66.20   110.19   69.35   87.58
01:59:59 65.86   111.20   69.24   87.46
02:01:03 65.53   109.85   69.24   87.24
02:02:06 65.30   108.05   69.24   87.12
02:03:09 65.19   106.36   69.24   87.01
02:04:13 65.08   105.01   69.24   87.01
02:05:16 64.96   103.66   69.24   86.90
02:06:19 64.85   101.64   69.24   86.68
02:07:23 64.74   100.06   69.24   86.56
02:08:26 64.74   98.49   69.24   86.45
02:09:29 65.19   108.28   69.24   86.45
02:10:32 67.89   136.96   69.24   86.68
02:11:35 68.56   149.45   69.24   87.24
02:12:38 69.01   133.36   69.24   87.80
02:13:41 69.12   113.00   69.24   88.03
02:14:45 67.66   112.89   69.35   87.91
02:15:48 66.76   112.10   69.24   87.69
02:16:51 66.20   109.06   69.24   87.46
02:17:55 65.75   110.98   69.35   87.24
02:18:58 65.53   110.19   69.24   87.01
02:20:01 65.30   108.28   69.24   87.01
02:21:05 65.19   106.48   69.24   86.79
02:22:08 65.08   104.56   69.24   86.79
02:23:12 64.96   102.99   69.24   86.68
02:24:15 64.85   101.53   69.24   86.56
02:25:18 64.74   99.61   69.24   86.45
02:26:22 64.74   99.16   69.24   86.34
02:27:25 64.62   97.25   69.24   86.22
02:28:28 64.62   98.04   69.12   86.22
02:29:32 67.21   127.74   69.12   86.11
02:30:34 68.22   145.18   69.12   86.56
02:31:37 68.68   146.41   69.24   87.24
02:32:40 69.01   119.53   69.24   87.69
02:33:44 68.34   112.78   69.35   87.80
02:34:47 66.99   112.55   69.24   87.46
02:35:50 66.31   113.67   69.24   87.24
02:36:54 65.86   112.78   69.24   86.90
02:37:57 65.64   111.09   69.12   86.79
02:39:00 65.41   108.95   69.24   86.79
02:40:04 65.19   107.38   69.24   86.68
02:41:07 65.08   105.35   69.24   86.56
02:42:10 64.96   104.00   69.12   86.45
02:43:14 64.85   102.09   69.12   86.45
02:44:17 64.74   100.29   69.12   86.34
02:45:20 64.74   101.64   69.12   86.34
02:46:24 67.55   132.01   69.12   86.34
02:47:27 68.45   146.75   69.12   86.68
02:48:29 68.90   148.32   69.24   87.46
02:49:32 69.24   121.55   69.35   87.91
02:50:36 68.56   113.34   69.24   88.03
02:51:39 67.21   114.01   69.24   87.69
02:52:42 66.43   112.33   69.24   87.46
02:53:46 65.97   111.20   69.24   87.24
02:54:49 65.64   110.98   69.24   87.01
02:55:52 65.41   109.17   69.24   86.90
02:56:56 65.19   107.26   69.24   86.79
02:57:59 65.08   106.03   69.24   86.68
02:59:03 64.96   104.56   69.24   86.45
03:00:06 64.85   102.88   69.24   86.34
03:01:09 64.74   102.20   69.12   86.34
03:02:12 67.44   128.64   69.12   86.34
03:03:15 68.34   144.95   69.12   86.68
03:04:18 68.79   153.50   69.12   87.46
03:05:21 69.24   131.79   69.24   88.03
03:06:24 69.12   113.34   69.24   88.25
03:07:28 67.66   113.79   69.35   88.03
03:08:31 66.76   113.11   69.24   87.80
03:09:34 66.20   111.31   69.35   87.58
03:10:38 65.86   112.10   69.24   87.35
03:11:41 65.64   110.75   69.24   87.12
03:12:44 65.41   109.17   69.24   86.90
03:13:48 65.19   106.70   69.24   86.90
03:14:51 65.08   105.24   69.12   86.79
03:15:55 64.96   104.56   69.12   86.68
03:16:58 67.44   128.07   69.24   86.79
03:18:01 68.45   144.16   69.12   87.12
03:19:04 68.90   152.15   69.24   87.80
03:20:06 69.24   128.86   69.24   88.36
03:21:10 69.12   113.34   69.24   88.47
03:22:13 67.78   113.90   69.24   88.25
03:23:16 66.88   113.11   69.24   87.91
03:24:20 66.31   113.11   69.24   87.69
03:25:23 65.86   112.21   69.24   87.46
03:26:26 65.64   110.98   69.24   87.24
03:27:30 65.41   109.06   69.24   87.12
03:28:33 65.30   107.15   69.24   86.90
03:29:37 65.08   105.24   69.24   86.79
03:30:40 64.96   103.89   69.24   86.79
03:31:43 64.85   106.70   69.12   86.79
03:32:46 68.00   134.94   69.24   86.79
03:33:49 68.68   148.10   69.12   87.35
03:34:52 69.01   145.96   69.24   88.14
03:35:55 69.46   118.40   69.35   88.47
03:36:58 68.45   113.56   69.35   88.47
03:38:02 67.33   113.79   69.24   88.14
03:39:05 66.54   112.10   69.24   87.91
03:40:09 65.97   112.66   69.24   87.69
03:41:12 65.75   111.65   69.24   87.58
03:42:15 65.53   110.53   69.24   87.35
03:43:19 65.30   107.83   69.24   87.24
03:44:22 65.19   105.91   69.24   87.12
03:45:25 65.08   105.12   69.24   87.01
03:46:29 64.96   104.23   69.24   86.90
03:47:32 67.44   127.17   69.24   86.90
03:48:35 68.45   143.82   69.24   87.24
03:49:38 69.01   147.54   69.24   87.91
03:50:41 69.35   121.33   69.35   88.47
03:51:44 68.56   113.23   69.35   88.36
03:52:47 67.33   114.12   69.35   88.25
03:53:51 66.54   111.88   69.24   87.91
03:54:54 66.09   113.00   69.24   87.69
03:55:57 65.75   111.09   69.24   87.58
03:57:01 65.41   109.62   69.24   87.46
03:58:04 65.30   107.83   69.24   87.35
03:59:07 65.08   106.25   69.24   87.12
04:00:11 65.08   104.79   69.24   87.12
04:01:14 64.85   102.99   69.24   87.01
04:02:17 66.09   115.81   69.24   86.90
04:03:20 68.22   138.54   69.24   87.12
04:04:23 68.68   150.12   69.24   87.69
04:05:26 69.12   134.49   69.24   88.36
04:06:29 69.35   113.00   69.35   88.59
04:07:33 67.89   113.23   69.35   88.36
04:08:36 66.88   113.11   69.35   88.14
04:09:39 66.31   113.56   69.35   87.91
04:10:43 65.86   112.33   69.35   87.69
04:11:46 65.53   110.75   69.35   87.46
04:12:49 65.41   109.06   69.24   87.35
04:13:53 65.19   107.04   69.24   87.24
04:14:56 65.08   105.24   69.24   87.12
04:15:59 64.96   103.10   69.24   87.01
04:17:03 64.85   101.98   69.24   86.90
04:18:06 64.74   103.89   69.24   86.90
04:19:09 67.66   132.35   69.24   87.01
04:20:12 68.56   146.98   69.24   87.58
04:21:15 68.90   146.19   69.24   88.25
04:22:18 69.35   118.74   69.35   88.59
04:23:22 68.45   113.34   69.35   88.47
04:24:25 67.21   113.90   69.35   88.25
04:25:28 66.54   112.21   69.35   88.03
04:26:32 65.97   109.51   69.24   87.80
04:27:35 65.64   107.38   69.24   87.58
04:28:38 65.41   108.16   69.24   87.35
04:29:42 65.19   107.49   69.24   87.24
04:30:45 65.08   105.80   69.24   87.24
04:31:48 64.96   104.23   69.24   87.12
04:32:52 64.85   102.88   69.24   87.01
04:33:55 64.74   103.21   69.24   86.90
04:34:58 67.55   130.44   69.24   87.01
04:36:01 68.45   145.96   69.12   87.46
04:37:04 68.90   152.82   69.24   88.14
04:38:07 69.35   129.09   69.35   88.59
04:39:10 69.01   113.45   69.35   88.70
04:40:13 67.66   114.35   69.35   88.47
04:41:17 66.76   113.00   69.35   88.14
04:42:20 66.20   110.86   69.35   87.91
04:43:24 65.75   111.88   69.24   87.69
04:44:27 65.53   110.19   69.24   87.58
04:45:30 65.30   108.61   69.24   87.35
04:46:34 65.08   107.26   69.24   87.24
04:47:37 65.08   105.01   69.24   87.12
04:48:40 64.96   103.44   69.24   87.01
04:49:44 64.85   101.98   69.24   86.90
04:50:47 64.74   100.85   69.12   86.79
04:51:50 66.65   120.65   69.24   86.79
04:52:53 68.11   141.24   69.12   87.01
04:53:56 68.68   151.59   69.12   87.69
04:54:59 69.12   131.56   69.24   88.36
04:56:02 69.12   112.78   69.24   88.59
04:57:06 67.55   113.56   69.24   88.36
04:58:09 66.65   113.45   69.24   88.14
04:59:12 66.20   113.79   69.24   87.91
05:00:16 65.75   112.33   69.24   87.69
05:01:19 65.53   110.98   69.24   87.46
05:02:22 65.30   108.28   69.12   87.35
05:03:26 65.19   106.70   69.12   87.24
05:04:29 64.96   104.90   69.12   87.01
05:05:32 64.85   103.55   69.12   87.01
05:06:36 64.85   101.75   69.12   86.79
05:07:39 64.74   104.00   69.12   86.79
05:08:42 67.78   133.25   69.12   86.79
05:09:45 68.45   147.54   69.12   87.35
05:10:48 68.90   142.59   69.24   88.14
05:11:51 69.24   115.48   69.24   88.36
05:12:54 68.11   113.11   69.24   88.36
05:13:58 66.99   113.67   69.24   88.03
05:15:01 66.31   112.10   69.24   87.80
05:16:04 65.86   112.55   69.24   87.69
05:17:08 65.53   110.86   69.24   87.46
05:18:11 65.30   109.51   69.24   87.35
05:19:14 65.19   107.38   69.24   87.24
05:20:18 64.96   105.91   69.12   87.12
05:21:21 64.96   103.89   69.24   87.01
05:22:25 64.74   102.09   69.12   86.79
05:23:28 64.74   101.98   69.12   86.68
05:24:31 67.33   127.62   69.12   86.79
05:25:34 68.34   144.61   69.12   87.12
05:26:37 68.79   151.48   69.12   87.91
05:27:40 69.24   127.06   69.24   88.47
05:28:43 68.79   113.23   69.24   88.47
05:29:46 67.44   113.67   69.24   88.25
05:30:50 66.54   112.55   69.24   88.03
05:31:53 66.09   111.20   69.24   87.80
05:32:57 65.64   108.95   69.12   87.46
05:34:00 65.41   107.15   69.12   87.35
05:35:03 67.33   122.90   69.12   87.35
05:36:06 68.56   140.90   69.24   87.69
05:37:09 69.12   151.59   69.24   88.36
05:38:12 69.35   158.11   69.24   89.04
05:39:15 69.80   147.88   69.35   89.60
05:40:18 70.03   147.88   69.35   89.83
05:41:21 70.36   155.86   69.35   90.28
05:42:23 70.59   157.10   69.46   90.72
05:43:26 70.70   129.20   69.46   90.84
05:44:30 69.58   121.66   69.58   90.61
05:45:33 68.11   122.90   69.58   90.05
05:46:36 67.33   122.56   69.58   89.71
05:47:40 68.11   126.28   69.58   89.38
05:48:42 69.69   136.96   69.46   89.60
05:49:45 70.03   149.00   69.58   90.05
05:50:48 70.36   156.88   69.46   90.61
05:51:51 70.59   159.35   69.46   91.18
05:52:54 70.81   132.35   69.58   91.40
05:53:57 70.47   113.90   69.69   91.29
05:55:01 68.79   115.81   69.69   90.95
05:56:04 67.66   116.83   69.69   90.50
05:57:07 66.99   116.94   69.69   90.16
05:58:11 66.43   116.94   69.69   89.94
05:59:14 69.12   133.59   69.69   89.94
06:00:17 69.91   146.53   69.69   90.39
06:01:20 70.25   155.41   69.69   90.95
06:02:22 70.59   160.14   69.69   91.51
06:03:25 70.70   136.96   69.80   91.96
06:04:29 70.36   121.21   69.91   91.96
06:05:32 68.68   122.00   69.91   91.62
06:06:35 67.55   120.76   69.91   91.18
06:07:39 66.99   117.95   69.91   90.84
06:08:42 66.43   119.08   69.80   90.72
06:09:45 69.46   132.35   69.80   90.61
06:10:48 70.14   145.29   69.80   91.06
06:11:51 70.36   154.62   69.91   91.74
06:12:54 70.70   155.75   69.91   92.30
06:13:57 70.93   128.41   69.91   92.53
06:15:00 70.47   113.90   69.91   92.41
06:16:03 68.79   115.70   69.91   91.96
06:17:07 67.66   116.38   69.91   91.62
06:18:10 66.99   113.79   70.03   91.29
06:19:13 66.54   114.12   70.03   91.06
06:20:17 66.20   114.01   69.91   90.84
06:21:20 68.00   123.91   69.91   90.72
06:22:23 69.69   140.56   69.91   90.84
06:23:26 70.14   151.48   69.91   91.51
06:24:29 70.47   153.73   69.91   92.19
06:25:32 70.81   126.95   69.91   92.41
06:26:35 69.91   120.76   69.91   92.30
06:27:38 68.22   122.23   70.03   91.96
06:28:42 67.33   118.96   70.03   91.62
06:29:45 66.76   117.50   70.03   91.40
06:30:48 66.31   118.17   70.03   91.18
06:31:52 66.09   116.71   70.03   91.06
06:32:55 65.86   114.24   70.03   90.84
06:33:58 65.64   113.23   69.91   90.61
06:35:01 68.79   131.00   69.91   90.72
06:36:04 69.80   144.95   69.91   91.06
06:37:07 70.14   154.06   70.03   91.74
06:38:10 70.47   135.39   70.03   92.19
06:39:13 70.14   119.64   70.03   92.19
06:40:17 68.45   120.31   70.14   91.96
06:41:20 67.44   118.29   70.14   91.62
06:42:23 66.88   118.74   70.03   91.40
06:43:27 66.43   118.17   70.03   91.18
06:44:30 66.09   116.15   69.91   90.95
06:45:33 65.86   113.90   70.03   90.72
06:46:37 65.64   111.88   70.03   90.50
06:47:40 65.53   110.08   70.03   90.39
06:48:43 65.41   107.71   69.91   90.16
06:49:47 65.30   106.25   69.91   90.05
06:50:50 67.10   120.20   69.91   90.05
06:51:53 69.24   140.00   69.80   90.39
06:52:56 69.69   151.25   69.91   90.95
06:53:59 70.14   136.85   69.91   91.51
06:55:02 70.47   113.45   69.91   91.62
06:56:05 68.79   113.34   70.03   91.40
06:57:09 67.66   114.58   70.03   91.18
06:58:12 66.88   111.99   70.03   90.84
06:59:15 66.43   109.51   69.91   90.72
07:00:19 66.09   110.41   69.91   90.50
07:01:22 65.86   109.51   69.91   90.28
07:02:25 65.64   108.28   69.91   90.05
07:03:29 65.41   107.15   70.03   89.94
07:04:32 65.30   105.12   69.91   89.83
07:05:35 65.19   104.00   69.91   89.60
07:06:39 65.19   102.09   69.91   89.49
07:07:42 65.08   101.19   69.80   89.26
07:08:46 64.96   99.61   69.80   89.15
07:09:49 64.96   98.71   69.80   89.04
07:10:52 64.85   97.36   69.80   88.93
07:11:56 65.19   105.24   69.80   88.93
07:12:59 68.45   137.75   69.80   89.04
07:14:02 69.24   150.24   69.80   89.71
07:15:04 69.69   130.55   69.80   90.16
07:16:08 69.69   112.55   69.80   90.39
07:17:11 68.11   113.23   69.80   90.28
07:18:14 67.10   113.11   69.80   89.94
07:19:18 66.54   110.08   69.91   89.71
07:20:21 66.09   109.51   69.80   89.49
07:21:24 65.75   109.96   69.80   89.38
07:22:28 65.53   107.60   69.80   89.15
07:23:31 65.41   106.59   69.80   89.04
07:24:34 65.30   105.46   69.69   88.93
07:25:38 65.19   103.66   69.69   88.81
07:26:41 65.08   102.42   69.69   88.59
07:27:44 64.96   100.74   69.80   88.59
07:28:48 64.85   99.39   69.69   88.47
07:29:51 64.85   98.26   69.69   88.36
07:30:55 64.74   97.25   69.69   88.14
07:31:58 64.74   95.90   69.58   88.03
07:33:01 64.62   94.89   69.58   87.91
07:34:05 64.62   94.44   69.69   87.80
07:35:08 65.97   111.65   69.58   87.80
07:36:11 68.34   140.45   69.58   88.03
07:37:14 69.01   147.65   69.58   88.70
07:38:17 69.46   122.34   69.69   89.15
07:39:20 68.79   112.66   69.58   89.26
07:40:23 67.44   113.34   69.69   89.04
07:41:27 66.65   110.86   69.69   88.93
07:42:30 66.20   109.62   69.58   88.70
07:43:33 65.75   110.19   69.58   88.59
07:44:37 65.53   108.95   69.58   88.36
07:45:40 65.30   107.26   69.58   88.14
07:46:44 65.19   105.46   69.58   88.03
07:47:47 65.08   103.33   69.58   87.91
07:48:50 64.96   102.09   69.58   87.80
07:49:54 64.85   100.62   69.58   87.58
07:50:57 64.85   99.84   69.46   87.58
07:52:00 67.10   122.34   69.46   87.58
07:53:03 68.56   142.36   69.46   87.91
07:54:06 69.12   150.80   69.58   88.59
07:55:09 69.58   126.95   69.58   89.04
07:56:12 69.24   113.23   69.69   89.15
07:57:16 67.78   113.79   69.69   88.93
07:58:19 66.88   112.33   69.58   88.81
07:59:22 66.31   111.31   69.58   88.47
08:00:26 65.86   110.19   69.58   88.36
08:01:29 65.53   110.30   69.58   88.14
08:02:32 65.41   108.39   69.58   88.03
08:03:36 65.19   106.14   69.58   87.80
08:04:39 65.08   104.45   69.58   87.69
08:05:42 64.96   103.33   69.46   87.58
08:06:46 64.85   102.99   69.46   87.46
08:07:49 67.44   125.83   69.46   87.46
08:08:52 68.68   143.49   69.46   87.91
08:09:55 69.24   151.59   69.58   88.59
08:10:58 69.69   127.96   69.69   89.15
08:12:01 69.24   113.23   69.69   89.15
08:13:04 67.78   114.24   69.69   88.93
08:14:08 66.99   113.11   69.58   88.70
08:15:11 66.31   112.89   69.58   88.47
08:16:14 65.86   112.21   69.58   88.25
08:17:18 65.64   110.41   69.46   88.03
08:18:21 65.41   109.06   69.58   87.91
08:19:24 65.19   107.15   69.58   87.69
08:20:28 65.08   105.58   69.46   87.58
08:21:31 64.96   105.91   69.46   87.35
08:22:34 68.11   132.24   69.46   87.46
08:23:37 68.90   146.53   69.46   88.03
08:24:40 69.35   151.70   69.58   88.81
08:25:43 69.80   126.16   69.58   89.15
08:26:46 69.35   113.67   69.69   89.15
08:27:50 67.89   114.58   69.58   88.93
08:28:53 66.88   112.89   69.58   88.70
08:29:56 66.31   111.42   69.58   88.47
08:31:00 65.97   112.10   69.58   88.25
08:32:03 65.64   110.53   69.58   88.14
08:33:06 65.41   109.51   69.46   88.03
08:34:10 65.30   107.49   69.58   87.91
08:35:13 65.08   106.36   69.58   87.69
08:36:16 67.66   126.61   69.58   97.59
08:37:19 68.90   143.38   69.46   105.12
08:38:22 69.35   152.71   69.46   107.26
08:39:25 69.80   132.24   69.46   108.50
08:40:28 69.69   113.34   69.58   109.17
08:41:32 68.11   114.35   69.58   109.29
08:42:35 67.10   113.34   69.58   108.95
08:43:38 66.43   113.34   69.58   108.73
08:44:42 65.97   113.00   69.58   108.50
08:45:45 65.75   111.42   69.58   108.05
08:46:48 65.53   109.85   69.46   107.60
08:47:52 65.30   107.83   69.58   106.92
08:48:55 65.19   106.14   69.46   107.94
08:49:58 66.43   116.26   69.46   108.50
08:51:01 68.79   138.20   69.46   108.50
08:52:04 69.24   149.90   69.46   108.95
08:53:07 69.80   147.31   69.46   109.62
08:54:10 70.14   119.64   69.58   110.19
08:55:14 68.90   114.24   69.58   110.41
08:56:17 67.66   114.69   69.58   110.53
08:57:20 66.88   112.78   69.58   109.85
08:58:24 66.31   114.91   69.46   109.17
08:59:27 65.97   113.11   69.46   108.39
09:00:30 65.64   111.31   69.35   108.05
09:01:34 65.41   108.95   69.35   107.94
09:02:37 65.30   107.38   69.35   107.38
09:03:40 65.08   107.49   69.35   106.92
09:04:43 68.56   132.35   69.35   106.48
09:05:46 69.46   146.64   69.35   106.25
09:06:49 70.14   150.80   69.35   110.86
09:07:52 70.59   124.70   69.46   111.76
09:08:55 69.80   113.90   69.35   111.31
09:09:59 68.11   114.80   69.46   110.30
09:11:02 67.21   113.23   69.46   109.51
09:12:06 66.54   110.41   69.46   108.50
09:13:09 66.09   113.45   69.46   107.83
09:14:12 65.86   110.98   69.35   106.92
09:15:16 65.64   108.95   69.35   106.36
09:16:19 65.41   107.60   69.35   105.69
09:17:22 65.30   105.24   69.35   105.12
09:18:26 65.19   105.69   69.35   104.56
09:19:29 68.56   130.55   69.35   104.34
09:20:32 69.69   145.85   69.35   104.11
09:21:35 70.14   141.24   69.46   104.34
09:22:38 70.59   115.14   69.35   104.45
09:23:41 69.01   113.23   69.46   104.00
09:24:44 67.66   114.12   69.46   103.44
09:25:48 66.88   110.98   69.46   102.99
09:26:51 66.31   108.50   69.46   108.39
09:27:54 65.97   107.60   69.35   116.38
09:28:58 65.64   107.26   69.46   116.60
09:30:01 65.53   106.92   69.46   115.25
09:31:04 65.30   105.46   69.35   113.79
09:32:08 65.19   103.66   69.35   112.44
09:33:11 65.08   102.42   69.35   111.09
09:34:14 64.96   100.96   69.35   109.96
09:35:18 64.85   100.06   69.24   108.84
09:36:21 64.74   98.83   69.24   108.05
09:37:24 67.21   121.21   69.24   107.26
09:38:27 69.12   142.93   69.24   106.81
09:39:30 69.69   149.90   69.35   106.70
09:40:33 70.25   125.49   69.35   106.59
09:41:37 69.58   113.11   69.35   106.03
09:42:40 68.00   113.79   69.35   105.35
09:43:43 66.99   112.21   69.35   104.67
09:44:47 66.43   114.01   69.35   103.89
09:45:50 65.97   112.44   69.35   103.21
09:46:53 65.64   110.08   69.35   102.65
09:47:57 65.41   108.28   69.35   101.98
09:49:00 65.30   106.48   69.35   101.53
09:50:03 65.19   104.34   69.35   100.96
09:51:07 64.96   102.88   69.35   100.40
09:52:10 64.85   101.98   69.24   100.06
09:53:13 64.85   100.29   69.24   99.50
09:54:17 64.74   98.71   69.24   99.05
09:55:20 64.62   97.59   69.24   98.60
09:56:23 64.62   96.24   69.24   98.15
09:57:27 64.51   95.56   69.24   97.70
09:58:30 64.51   94.66   69.24   97.36
09:59:33 64.51   95.34   69.24   97.03
10:00:37 67.44   123.91   69.12   96.91
10:01:40 68.90   144.73   69.12   96.91
10:02:43 69.46   154.29   69.12   97.25
10:03:45 70.03   157.32   69.24   97.70
10:04:48 70.47   145.18   69.24   97.92
10:05:51 70.93   152.60   69.24   98.04
10:06:54 71.38   159.91   69.35   98.26
10:07:57 71.60   147.43   69.46   98.38
10:09:00 71.94   150.24   69.46   98.49
10:10:03 72.16   158.34   69.58   98.71
10:11:06 72.28   156.09   69.69   98.83
10:12:09 72.50   147.88   69.69   98.71
10:13:11 72.72   155.75   69.69   98.83
10:14:14 72.95   161.71   69.69   98.83
10:15:17 72.84   147.31   69.80   98.94
10:16:20 72.95   146.07   69.91   98.83
10:17:23 73.06   121.66   70.03   98.71
10:18:26 71.71   114.80   70.14   98.26
10:19:30 69.69   116.38   70.14   97.92
10:20:33 68.56   119.75   70.25   97.36
10:21:36 71.49   139.21   70.36   97.14
10:22:39 72.05   151.93   70.59   97.25
10:23:42 72.39   159.46   70.81   97.70
10:24:45 72.72   155.64   71.04   98.04
10:25:48 73.06   148.44   71.26   98.26
10:26:51 73.29   156.31   71.38   98.38
10:27:53 73.51   141.46   71.49   98.49
10:28:57 73.62   115.81   71.60   98.26
10:30:00 71.60   116.04   71.71   97.92
10:31:03 69.91   117.39   71.38   97.48
10:32:07 69.46   121.10   71.71   97.03
10:33:10 71.94   140.56   71.83   96.91
10:34:12 72.50   152.38   71.94   97.14
10:35:15 72.95   160.03   71.94   97.70
10:36:18 73.29   151.14   72.16   98.15
10:37:21 73.51   122.67   72.16   98.15
10:38:25 72.28   115.59   72.28   97.92
10:39:28 70.36   116.94   72.16   97.48
10:40:31 69.12   116.94   72.28   97.03
10:41:35 68.34   114.12   72.16   96.69
10:42:38 71.26   131.79   72.28   96.46
10:43:41 72.28   146.75   72.39   96.69
10:44:44 72.72   156.31   72.39   97.14
10:45:46 73.18   162.16   72.50   97.70
10:46:49 73.51   139.32   72.61   98.04
10:47:53 73.06   121.55   72.50   97.81
10:48:56 71.04   123.01   72.50   97.59
10:49:59 69.58   122.23   72.61   97.03
10:51:03 68.68   119.86   72.72   96.80
10:52:06 68.00   117.95   72.61   96.58
10:53:09 67.55   119.41   72.39   96.24
10:54:13 68.34   122.34   72.28   96.12
10:55:16 71.71   136.51   72.50   96.01
10:56:18 72.39   149.45   72.61   96.24
10:57:21 72.72   154.29   72.84   96.80
10:58:24 73.18   128.86   72.95   97.03
10:59:28 72.05   120.65   72.95   96.91
11:00:31 70.25   120.76   72.84   110.64
11:01:34 69.01   118.85   72.84   111.65
11:02:38 68.34   117.05   72.84   111.54
11:03:41 67.78   118.96   72.72   111.31
11:04:44 67.44   117.73   72.61   110.64
11:05:48 67.10   116.26   72.61   109.74
11:06:51 66.99   113.45   72.50   109.06
11:07:54 66.76   112.10   72.61   108.61
11:08:58 66.54   109.74   72.39   108.05
11:10:01 66.43   108.39   72.39   107.49
11:11:04 66.31   107.04   72.39   110.75
11:12:08 66.20   105.01   72.39   111.31
11:13:11 66.09   103.55   72.72   110.75
11:14:14 66.09   104.23   72.61   110.08
11:15:18 70.03   130.21   72.50   109.29
11:16:21 71.71   146.98   72.61   109.06
11:17:23 72.28   140.90   72.84   108.95
11:18:26 72.72   115.36   72.95   108.73
11:19:30 71.26   113.23   72.95   108.39
11:20:33 69.69   113.90   72.84   107.60
11:21:37 68.68   112.10   72.84   107.04
11:22:40 68.11   110.41   72.84   106.36
11:23:43 67.55   108.50   72.84   105.80
11:24:47 67.21   107.83   72.61   105.35
11:25:50 66.99   108.84   72.61   104.90
11:26:53 66.76   107.15   72.61   104.56
11:27:57 66.65   106.03   72.50   104.11
11:29:00 66.54   104.79   72.61   103.78
11:30:03 66.43   103.89   72.61   103.33
11:31:07 66.31   102.65   72.50   102.99
11:32:10 66.20   100.96   72.50   102.65
11:33:13 66.20   100.29   72.50   102.31
11:34:17 66.09   99.05   72.50   102.09
11:35:20 65.97   97.81   72.61   101.75
11:36:23 65.97   97.14   72.50   101.41
11:37:27 65.86   96.35   72.50   108.05
11:38:30 65.75   95.90   72.39   114.58
11:39:33 65.75   95.34   72.50   113.56
11:40:37 65.64   94.21   72.50   112.44
11:41:40 65.64   93.65   72.50   111.76
11:42:43 65.64   94.44   72.50   111.20
11:43:47 68.68   120.31   72.50   110.53
11:44:50 70.93   145.29   72.50   110.08
11:45:53 71.60   155.64   72.84   110.08
11:46:55 72.16   156.65   72.95   110.30
11:47:58 72.61   128.98   73.18   110.08
11:49:02 72.39   115.03   73.18   109.74
11:50:05 70.47   116.15   73.18   109.17
11:51:08 69.24   114.80   73.18   108.39
11:52:12 68.45   113.67   73.18   107.71
11:53:15 67.89   112.33   72.95   107.04
11:54:18 67.55   112.89   72.95   106.48
11:55:22 67.21   111.42   72.95   105.91
11:56:25 67.10   109.85   72.95   105.46
11:57:28 66.88   107.71   72.84   104.90
11:58:32 66.65   106.48   72.84   104.34
11:59:35 66.54   104.90   72.72   103.89
12:00:38 66.43   103.66   72.84   103.33
12:01:42 69.46   124.36   72.95   109.29
12:02:45 71.38   143.94   73.06   114.58
12:03:48 72.05   152.49   72.95   114.58
12:04:50 72.61   128.98   73.18   113.79
12:05:54 72.39   113.23   73.40   113.00
12:06:57 70.47   114.24   73.40   111.99
12:08:01 69.24   114.12   73.40   110.75
12:09:04 68.45   111.65   73.40   109.74
12:10:07 68.00   110.41   73.06   108.84
12:11:11 67.66   108.95   72.84   108.16
12:12:14 67.21   105.80   72.72   107.38
12:13:17 66.99   107.83   72.61   106.70
12:14:21 66.76   106.81   72.50   105.91
12:15:24 66.54   104.90   72.50   105.46
12:16:27 66.43   103.44   72.39   104.79
12:17:31 66.20   102.20   72.39   104.23
12:18:34 66.09   101.19   72.28   103.44
12:19:37 65.97   99.84   72.16   102.99
12:20:41 65.97   98.83   72.16   102.54
12:21:44 65.86   97.81   72.05   101.98
12:22:47 65.75   97.03   71.94   101.53
12:23:51 65.64   96.46   71.94   100.96
12:24:54 65.64   95.22   71.83   100.74
12:25:57 65.64   94.66   71.83   100.29
12:27:01 66.43   106.14   71.71   99.95
12:28:04 70.36   139.66   71.71   99.84
12:29:07 71.15   150.46   71.71   100.06
12:30:10 71.60   127.62   71.71   100.29
12:31:13 71.38   112.89   71.71   100.29
12:32:16 69.46   113.56   71.71   99.95
12:33:20 68.34   112.21   71.71   99.61
12:34:23 67.66   110.64   71.71   99.16
12:35:26 67.10   108.73   71.71   98.71
12:36:30 66.76   110.53   71.60   98.38
12:37:33 66.54   108.73   71.60   98.04
12:38:36 66.31   106.48   71.60   97.70
12:39:40 66.09   105.12   71.60   97.36
12:40:43 65.97   103.78   71.49   112.44
12:41:46 65.86   102.20   71.60   114.01
12:42:50 65.75   100.96   71.49   113.00
12:43:53 65.75   99.61   71.49   111.54
12:44:56 65.64   98.94   71.49   110.19
12:46:00 65.64   97.48   71.49   108.95
12:47:03 65.53   96.69   71.38   107.83
12:48:06 65.41   95.79   71.38   106.70
12:49:10 65.41   96.46   71.38   105.69
12:50:13 68.90   125.94   71.26   104.90
12:51:16 70.47   146.41   71.26   104.45
12:52:19 71.15   140.11   71.15   104.56
12:53:22 71.71   114.46   71.15   104.45
12:54:25 70.03   112.66   71.15   104.00
12:55:29 68.68   112.10   71.15   103.21
12:56:32 67.78   113.23   71.26   102.42
12:57:35 67.21   113.45   71.26   101.86
12:58:39 66.76   111.31   71.26   101.30
12:59:42 66.54   109.29   71.26   100.74
13:00:45 66.20   107.04   71.15   100.17
13:01:49 66.09   105.46   71.15   99.61
13:02:52 65.86   103.78   71.15   99.16
13:03:55 65.75   102.88   71.04   98.71
13:04:59 65.64   101.41   71.04   98.38
13:06:02 65.64   100.17   71.15   98.04
13:07:05 65.53   98.83   71.26   97.70
13:08:09 65.41   97.81   71.26   97.48
13:09:12 65.41   97.03   71.26   97.14
13:10:15 65.41   95.79   71.38   96.80
13:11:19 65.41   96.24   71.60   96.46
13:12:22 68.68   123.58   71.83   96.24
13:13:25 70.47   145.40   72.05   96.35
13:14:28 71.26   139.89   72.39   96.69
13:15:31 71.83   114.58   72.39   96.80
13:16:34 70.25   112.55   72.16   96.80
13:17:38 68.90   112.10   72.28   96.35
13:18:41 68.11   111.31   72.28   96.01
13:19:44 67.55   111.65   72.16   95.90
13:20:48 67.10   109.96   72.16   95.45
13:21:51 66.88   108.05   72.28   95.11
13:22:54 66.65   106.70   72.16   95.00
13:23:58 66.43   105.58   72.16   94.78
13:25:01 66.31   104.00   72.16   94.44
13:26:04 66.20   102.65   72.39   94.21
13:27:08 66.09   101.41   72.28   93.99
13:28:11 65.97   100.40   72.28   93.76
13:29:15 65.97   99.28   72.28   93.54
13:30:18 65.86   97.81   72.16   107.26
13:31:21 65.86   98.26   72.16   112.33
13:32:25 69.35   125.94   72.50   113.23
13:33:27 70.70   145.96   72.72   113.67
13:34:30 71.49   144.16   72.72   114.35
13:35:33 71.94   118.06   72.84   114.69
13:36:37 70.81   113.23   72.72   114.58
13:37:40 69.35   112.89   72.72   114.24
13:38:43 68.45   113.79   72.61   113.67
13:39:47 67.89   112.89   72.61   112.78
13:40:50 67.44   111.42   72.61   112.10
13:41:53 67.10   109.85   72.50   111.31
13:42:57 66.88   107.71   72.61   110.75
13:44:00 66.65   106.14   72.61   109.96
13:45:03 66.54   104.90   72.61   109.29
13:46:07 66.43   103.33   72.50   108.61
13:47:10 66.31   101.86   72.50   107.94
13:48:13 66.20   100.85   72.39   107.26
13:49:17 66.09   100.62   72.61   106.70
13:50:20 69.58   125.26   72.72   106.14
13:51:23 71.26   145.62   72.95   105.91
13:52:26 72.05   138.88   73.06   105.80
13:53:29 72.50   114.12   73.18   110.19
13:54:32 70.93   112.66   73.06   117.50
13:55:36 69.46   112.44   72.84   117.95
13:56:39 68.56   111.09   72.84   117.16
13:57:42 68.00   111.42   72.84   118.29
13:58:46 67.55   109.96   72.84   119.75
13:59:49 67.33   108.84   72.84   120.31
14:00:52 67.10   107.04   72.72   119.64
14:01:56 66.76   105.80   72.61   118.62
14:02:59 66.65   104.23   72.72   117.61
14:04:03 66.54   103.10   72.72   116.49
14:05:06 66.43   101.64   72.72   115.36
14:06:09 66.31   99.84   72.61   114.46
14:07:13 66.20   99.50   72.61   113.34
14:08:16 69.35   123.24   72.50   112.44
14:09:19 71.15   144.50   72.72   111.88
14:10:22 71.83   147.65   72.84   111.76
14:11:25 72.28   122.00   73.18   111.54
14:12:28 71.38   113.23   73.06   111.09
14:13:31 69.80   113.79   72.95   110.41
14:14:35 68.79   111.54   73.18   109.74
14:15:38 68.11   112.21   72.95   108.95
14:16:41 67.66   111.20   73.06   108.28
14:17:45 67.33   109.62   72.84   107.71
14:18:48 67.10   107.60   72.95   107.04
14:19:51 66.88   106.14   72.95   106.48
14:20:55 66.65   104.79   72.95   105.91
14:21:58 66.54   103.44   72.84   105.35
14:23:01 66.43   101.75   72.84   104.79
14:24:05 66.31   101.41   72.84   104.23
14:25:08 66.20   100.51   72.95   103.78
14:26:12 69.12   121.89   73.06   103.44
14:27:14 71.04   143.49   73.18   103.21
14:28:17 71.71   148.78   73.29   103.10
14:29:20 72.16   123.46   73.40   103.21
14:30:24 71.71   113.34   73.40   103.21
14:31:27 70.03   113.56   73.29   102.76
14:32:30 68.90   111.88   73.29   102.31
14:33:34 68.22   110.19   73.18   101.75
14:34:37 67.78   111.09   73.18   101.30
14:35:40 67.44   110.08   73.06   100.85
14:36:44 67.10   108.84   73.06   100.40
14:37:47 66.88   107.04   73.18   100.17
14:38:50 66.76   105.12   73.18   99.84
14:39:54 66.54   104.11   73.18   99.39
14:40:57 66.43   102.65   73.18   99.05
14:42:00 66.31   101.30   73.18   98.83
14:43:04 66.31   100.40   73.06   98.49
14:44:07 66.20   98.83   73.06   98.04
14:45:10 66.09   97.59   73.06   97.70
14:46:14 66.09   97.59   73.06   97.36
14:47:17 69.12   122.11   73.18   97.14
14:48:20 71.04   144.50   73.51   97.14
14:49:23 71.60   151.14   73.40   97.48
14:50:26 72.16   126.05   73.62   97.59
14:51:29 71.83   113.23   73.74   97.70
14:52:33 70.25   113.67   73.51   97.48
14:53:36 69.12   111.99   73.51   97.14
14:54:39 68.34   110.08   73.40   96.80
14:55:43 67.89   111.31   73.29   96.46
14:56:46 67.44   110.08   73.51   96.24
14:57:49 67.21   108.28   73.40   95.90
14:58:53 66.99   106.70   73.40   95.56
14:59:56 66.88   105.24   73.40   95.34
15:00:59 66.65   104.00   73.40   95.11
15:02:03 66.54   102.76   73.40   94.89
15:03:06 66.43   101.08   73.40   94.78
15:04:09 66.31   99.95   73.29   94.44
15:05:13 66.20   99.50   73.29   94.10
15:06:16 69.24   123.58   73.29   94.10
15:07:19 71.04   144.61   73.62   94.10
15:08:22 71.71   149.79   73.96   94.66
15:09:25 72.28   124.36   73.96   94.89
15:10:28 71.71   113.11   74.08   95.00
15:11:31 70.14   113.11   73.85   94.89
15:12:35 69.12   111.42   73.85   94.66
15:13:38 68.45   112.21   73.85   94.33
15:14:41 68.00   110.98   73.74   94.21
15:15:45 67.66   110.19   73.85   93.99
15:16:48 67.33   108.16   73.74   93.76
15:17:51 67.10   106.81   73.62   93.54
15:18:55 66.99   105.46   73.74   93.54
15:19:58 66.76   104.45   73.74   93.31
15:21:02 66.65   102.54   73.62   93.09
15:22:05 66.54   101.30   73.74   92.97
15:23:08 66.43   99.95   73.62   92.86
15:24:12 66.31   99.84   73.62   92.64
15:25:15 69.24   122.90   73.74   92.64
15:26:18 71.04   144.50   73.96   92.75
15:27:21 71.71   151.93   74.08   93.20
15:28:24 72.16   127.17   74.19   93.65
15:29:27 71.94   113.23   74.30   93.65
15:30:30 70.36   113.79   74.19   93.54
15:31:34 69.35   114.01   74.08   93.20
15:32:37 68.56   114.12   73.85   93.09
15:33:40 68.11   112.66   73.85   92.86
15:34:44 67.78   110.98   73.85   92.64
15:35:47 67.55   109.40   73.85   92.53
15:36:50 67.21   107.04   73.74   92.41
15:37:54 67.10   105.46   73.74   92.19
15:38:57 66.99   104.23   73.74   92.19
15:40:00 66.76   102.99   73.74   91.96
15:41:04 66.65   101.08   73.74   91.85
15:42:07 66.54   100.40   73.74   91.74
15:43:10 66.43   98.94   73.62   91.62
15:44:14 66.31   97.92   73.74   91.40
15:45:17 66.20   100.85   73.62   91.40
15:46:20 70.25   133.25   73.96   91.40
15:47:23 71.38   149.90   74.19   91.74
15:48:26 72.05   148.78   74.41   92.41
15:49:29 72.50   121.66   74.53   92.86
15:50:32 71.83   113.45   74.53   92.75
15:51:36 70.25   113.79   74.30   92.53
15:52:39 69.35   112.55   74.30   92.30
15:53:42 68.68   112.44   74.19   92.19
15:54:46 68.22   111.31   74.19   91.96
15:55:49 67.89   110.08   74.08   91.74
15:56:52 67.55   109.29   73.96   100.51
15:57:56 67.33   107.04   73.96   113.90
15:58:59 67.10   105.91   73.96   115.92
16:00:02 66.99   104.56   73.96   116.26
16:01:06 66.88   103.21   73.96   116.15
16:02:09 66.76   101.53   73.96   116.04
16:03:13 66.54   100.17   73.85   115.48
16:04:16 66.54   99.61   73.74   115.14
16:05:19 66.43   98.26   73.74   114.80
16:06:23 66.31   98.26   73.74   114.35
16:07:26 69.69   126.61   73.96   113.90
16:08:29 71.26   146.64   74.08   113.56
16:09:32 72.16   147.09   74.30   113.56
16:10:35 72.72   120.99   74.41   113.45
16:11:38 71.94   113.23   74.53   112.89
16:12:41 70.25   113.67   74.30   111.99
16:13:45 69.24   114.12   74.19   111.09
16:14:48 68.68   113.45   74.08   110.41
16:15:51 68.11   111.65   74.08   109.62
16:16:55 67.78   109.96   73.96   108.95
16:17:58 67.55   108.73   73.96   108.28
16:19:01 67.33   106.59   73.96   107.71
16:20:05 67.10   105.35   73.85   107.04
16:21:08 66.99   103.78   73.85   106.48
16:22:11 66.88   102.09   73.85   105.91
16:23:15 66.76   101.08   73.85   105.58
16:24:18 66.65   99.95   73.74   105.01
16:25:21 66.54   99.16   73.74   104.56
16:26:25 66.54   98.49   73.74   104.11
16:27:28 66.43   97.14   73.74   103.66
16:28:32 66.43   97.03   73.85   103.10
16:29:35 69.12   120.09   73.96   102.76
16:30:38 71.26   144.73   74.19   102.65
16:31:41 71.94   148.66   74.41   102.76
16:32:44 72.39   122.79   74.53   102.99
16:33:47 71.71   113.23   74.53   102.88
16:34:50 70.25   113.23   74.41   102.42
16:35:54 69.24   111.65   74.30   101.98
16:36:57 68.56   109.96   74.19   101.64
16:38:00 68.11   111.09   74.19   101.19
16:39:04 67.78   109.96   74.08   100.85
16:40:07 67.55   108.28   73.96   100.40
16:41:10 67.33   106.36   73.96   99.95
16:42:14 67.10   105.24   73.96   99.73
16:43:17 66.99   103.55   73.96   99.50
16:44:20 66.76   102.76   73.96   99.16
16:45:24 66.65   101.86   73.96   98.94
16:46:27 66.65   99.95   73.85   98.60
16:47:30 66.54   99.05   73.85   98.26
16:48:34 66.43   98.15   73.85   98.04
16:49:37 66.31   97.25   73.85   97.81
16:50:41 66.31   96.12   73.85   97.48
16:51:44 66.20   95.45   73.85   97.25
16:52:47 66.09   94.55   73.85   97.14
16:53:51 66.20   99.73   73.74   96.80
16:54:54 70.59   136.96   74.08   96.80
16:55:57 71.38   151.81   74.41   96.91
16:56:59 72.05   132.91   74.53   97.25
16:58:03 72.16   113.00   74.53   97.36
16:59:06 70.59   113.34   74.41   97.25
17:00:09 69.46   113.79   74.19   96.91
17:01:13 68.68   114.12   74.08   96.58
17:02:16 68.11   112.55   74.08   96.35
17:03:19 67.78   110.19   74.08   96.12
17:04:23 67.44   108.95   73.96   95.79
17:05:26 67.21   106.92   73.96   95.56
17:06:29 67.10   105.58   73.85   95.45
17:07:33 66.99   104.00   73.96   95.22
17:08:36 66.76   102.76   73.96   95.00
17:09:39 66.65   100.96   73.96   94.89
17:10:43 66.54   100.62   73.85   94.55
17:11:46 66.43   99.16   73.85   94.33
17:12:50 66.43   98.15   73.85   94.10
17:13:53 66.31   97.14   73.85   93.99
17:14:56 66.20   97.48   73.85   93.88
17:16:00 69.58   126.16   74.08   93.88
17:17:02 71.04   146.75   74.19   93.88
17:18:05 71.83   147.65   74.41   94.44
17:19:08 72.16   121.10   74.53   94.66
17:20:12 71.38   113.11   74.53   94.78
17:21:15 70.14   113.67   74.30   94.66
17:22:18 69.12   112.33   74.30   94.44
17:23:22 68.45   111.76   74.08   94.10
17:24:25 68.00   111.09   74.08   93.76
17:25:28 67.66   109.62   74.08   93.54
17:26:32 67.44   108.61   74.08   93.43
17:27:35 67.21   106.59   74.08   93.31
17:28:38 66.99   105.24   73.96   93.09
17:29:42 66.99   104.11   73.85   92.97
17:30:45 66.76   102.76   73.85   92.75
17:31:48 66.65   100.85   73.96   92.64
17:32:52 66.54   100.40   73.85   92.41
17:33:55 66.43   98.26   73.85   92.30
17:34:58 66.31   97.92   73.85   92.19
17:36:02 66.31   101.41   73.85   92.19
17:37:05 70.36   134.94   74.08   92.19
17:38:08 71.26   150.57   74.41   92.53
17:39:11 71.94   144.50   74.53   93.09
17:40:14 72.39   117.84   74.64   93.43
17:41:17 71.26   113.90   74.64   93.43
17:42:20 69.91   113.79   74.41   93.31
17:43:24 69.01   112.44   74.30   93.09
17:44:27 68.45   111.54   74.19   92.75
17:45:30 68.00   111.54   74.19   92.53
17:46:34 67.66   109.74   74.08   92.41
17:47:37 67.44   108.28   74.08   92.30
17:48:41 67.21   106.81   74.08   92.19
17:49:44 66.99   105.35   73.96   91.96
17:50:47 66.88   103.89   73.96   91.96
17:51:51 66.76   102.09   73.96   91.74
17:52:54 66.65   101.41   73.96   91.62
17:53:57 66.54   99.73   74.08   91.51
17:55:01 66.54   98.94   73.96   91.40
17:56:04 68.45   117.05   74.08   91.40
17:57:07 71.04   142.25   74.30   91.51
17:58:10 71.71   150.91   74.53   92.08
17:59:13 72.28   127.06   74.64   92.64
18:00:16 72.05   113.00   74.64   92.64
18:01:19 70.47   113.45   74.41   92.53
18:02:23 69.46   113.90   74.30   92.30
18:03:26 68.68   113.45   74.30   92.08
18:04:29 68.22   111.99   74.19   91.96
18:05:33 67.89   110.08   74.30   91.74
18:06:36 67.55   108.39   74.19   91.62
18:07:39 67.33   106.81   74.08   91.51
18:08:43 67.10   105.24   74.08   91.51
18:09:46 66.99   104.23   73.96   91.40
18:10:49 66.88   102.76   74.08   91.18
18:11:53 66.76   101.86   73.96   91.06
18:12:56 66.65   100.29   74.08   90.95
18:14:00 66.54   99.28   73.96   90.95
18:15:03 66.54   98.04   73.96   90.84
18:16:06 66.43   96.91   73.96   90.72
18:17:10 66.31   96.12   73.96   90.61
18:18:13 66.20   95.56   73.74   90.39
18:19:16 66.09   94.55   73.62   90.39
18:20:20 66.09   94.33   73.62   90.28
18:21:23 65.97   93.65   73.62   90.16
18:22:26 65.97   92.97   73.62   105.69
18:23:30 65.97   91.96   73.62   113.90
18:24:33 65.86   91.62   73.62   114.91
18:25:36 65.86   91.18   73.62   115.03
18:26:40 65.86   91.18   73.74   114.69
18:27:43 65.86   90.72   73.62   114.12
18:28:46 65.86   90.05   73.62   113.34
18:29:50 65.86   89.83   73.51   112.55
18:30:53 65.75   89.83   73.51   112.55
18:31:56 65.86   89.15   73.40   115.92
18:33:00 65.75   89.04   73.51   115.59
18:34:03 65.75   88.93   73.51   114.69
18:35:06 65.75   88.70   73.51   113.90
18:36:10 65.75   88.25   73.40   112.89
18:37:13 65.75   88.36   73.40   111.99
18:38:16 65.75   88.25   73.40   111.09
18:39:20 65.75   87.80   73.40   110.30
18:40:23 65.75   87.80   73.51   109.40
18:41:26 65.75   87.46   73.40   108.61
18:42:30 65.64   87.35   73.40   107.83
18:43:33 65.64   87.01   73.40   107.15
18:44:36 65.64   87.01   73.40   106.36
18:45:40 65.64   86.68   73.40   105.69
18:46:43 65.53   86.56   73.29   105.12
18:47:46 65.53   86.79   73.40   104.45
18:48:50 65.53   86.56   73.29   103.78
18:49:53 65.53   86.56   73.18   103.33
18:50:57 65.41   86.45   73.29   102.88
18:52:00 65.41   86.22   73.29   102.42
18:53:03 65.41   86.11   73.40   102.09
18:54:07 65.41   85.89   73.29   101.64
18:55:10 65.41   85.78   73.29   101.19
18:56:13 65.41   85.66   73.29   100.74
18:57:17 65.41   85.55   73.18   100.40
18:58:20 65.41   85.55   73.18   99.95
18:59:23 65.41   85.33   73.18   99.50
19:00:27 65.41   85.33   73.18   99.05
19:01:30 65.41   85.21   73.18   98.71
19:02:33 65.41   85.21   73.06   98.38
19:03:37 65.41   85.10   73.06   97.81
19:04:40 65.30   84.99   73.06   97.48
19:05:43 65.41   84.99   72.95   97.14
19:06:47 65.30   85.21   73.06   96.80
19:07:50 65.30   85.10   73.06   96.58
19:08:53 65.30   84.99   73.06   96.12
19:09:57 65.30   84.99   73.06   95.90
19:11:00 65.30   84.88   73.06   95.56
19:12:03 65.30   84.65   73.06   95.22
19:13:07 65.30   84.54   72.95   95.11
19:14:10 65.30   84.54   72.95   94.78
19:15:13 65.30   84.54   72.95   94.55
19:16:17 65.30   84.65   72.95   94.21
19:17:20 65.30   84.43   72.95   93.99
19:18:23 65.30   84.43   72.95   93.76
19:19:27 65.30   84.54   72.95   93.54
19:20:30 65.30   84.54   72.84   93.20
19:21:33 65.30   84.20   72.72   92.97
19:22:37 65.19   84.31   72.84   92.86
19:23:40 65.19   84.31   72.72   92.53
19:24:44 65.19   84.31   72.72   92.30
19:25:47 65.19   84.20   72.72   92.19
19:26:50 65.19   83.97   72.72   91.85
19:27:54 65.19   83.97   72.72   91.74
19:28:57 65.19   83.97   72.72   91.51
19:30:00 65.19   84.09   72.72   91.29
19:31:04 65.19   83.97   72.72   91.06
19:32:07 65.19   83.97   72.72   90.95
19:33:10 65.19   83.86   72.72   100.29
19:34:14 65.19   83.97   72.61   110.98
19:35:17 65.19   84.09   72.61   111.31
19:36:20 65.19   83.86   72.61   109.74
19:37:24 65.19   83.75   72.72   107.94
19:38:27 65.19   83.75   72.72   106.36
19:39:30 65.08   83.75   72.61   105.12
19:40:34 65.08   83.75   72.61   103.89
19:41:37 65.08   83.64   72.61   102.76
19:42:40 65.08   83.53   72.61   101.86
19:43:44 65.19   83.64   72.61   101.08
19:44:47 65.08   83.53   72.50   100.29
19:45:50 65.08   83.53   72.61   99.61
19:46:54 65.08   83.30   72.61   98.94
19:47:57 65.08   83.30   72.61   98.38
19:49:00 65.08   83.53   72.50   97.81
19:50:04 65.08   83.41   72.61   97.36
19:51:07 65.08   83.53   72.50   96.91
19:52:10 65.08   82.96   72.50   96.24
19:53:14 65.08   83.41   72.50   95.79
19:54:17 65.08   83.30   72.50   95.45
19:55:20 65.08   83.08   72.50   95.00
19:56:24 65.08   82.96   72.39   94.55
19:57:27 65.08   83.08   72.50   94.21
19:58:31 65.08   83.19   72.50   93.99
19:59:34 65.08   83.08   72.50   93.76
20:00:37 65.08   83.08   72.39   93.31
20:01:41 64.96   83.08   72.39   92.97
20:02:44 65.08   83.08   72.39   92.64
20:03:47 65.08   82.74   72.39   92.41
20:04:51 64.96   82.96   72.39   92.19
20:05:54 64.96   83.08   72.28   91.96
20:06:57 64.96   83.08   72.39   91.62
20:08:01 64.96   82.85   72.28   91.40
20:09:04 64.96   82.96   72.28   91.18
20:10:07 64.96   82.85   72.28   90.95
20:11:11 64.96   83.08   72.28   90.72
20:12:14 64.96   82.85   72.28   90.61
20:13:17 64.96   82.85   72.28   90.28
20:14:21 64.96   82.96   72.28   90.05
20:15:24 64.96   82.51   72.16   89.83
20:16:27 64.96   82.74   72.05   89.60
20:17:31 64.96   82.40   72.05   89.49
20:18:34 64.85   82.62   72.05   89.38
20:19:37 64.85   82.62   72.05   89.15
20:20:41 64.85   82.62   72.05   89.04
20:21:44 64.85   82.74   71.94   88.93
20:22:47 64.85   82.51   72.05   88.59
20:23:51 64.85   82.29   72.05   88.36
20:24:54 64.96   82.40   72.05   88.25
20:25:57 64.96   82.40   72.05   88.14
20:27:01 64.96   82.29   72.05   87.91
20:28:04 64.96   82.40   72.05   87.80
20:29:07 64.96   82.62   72.05   87.69
20:30:11 64.96   82.40   72.05   87.46
20:31:14 64.96   82.18   72.05   87.46
20:32:18 64.96   82.40   72.05   87.35
20:33:21 64.96   82.29   72.05   87.24
20:34:24 64.96   82.51   72.16   87.12
20:35:28 64.96   82.18   72.05   87.01
20:36:31 64.85   82.18   72.05   86.90
20:37:34 64.96   82.18   72.05   86.79
20:38:38 64.96   82.40   72.05   86.79
20:39:41 64.96   82.29   72.05   86.56
20:40:44 64.85   82.29   72.05   86.56
20:41:48 64.85   82.18   72.05   86.45
20:42:51 64.85   82.06   72.05   86.34
20:43:54 64.85   82.40   72.05   86.34
20:44:58 64.96   82.06   72.05   86.22
20:46:01 64.85   82.06   72.05   86.11
20:47:04 64.85   82.06   72.05   86.11
20:48:08 64.85   81.72   72.05   86.00
20:49:11 64.85   82.06   72.05   85.78
20:50:14 64.96   81.95   72.05   85.78
20:51:18 64.85   81.95   71.94   92.08
20:52:21 64.85   82.18   71.83   99.61
20:53:24 64.96   81.95   72.05   99.39
20:54:28 64.85   81.95   71.94   98.26
20:55:31 64.85   82.06   71.94   97.36
20:56:34 64.85   81.72   71.94   96.24
20:57:38 64.85   81.84   71.94   95.45
20:58:41 64.85   81.84   71.94   94.44
20:59:44 64.85   81.72   71.94   93.76
21:00:48 64.85   81.95   71.94   93.43
21:01:51 64.85   81.84   71.94   92.75
21:02:54 64.74   81.95   71.83   92.30
21:03:58 64.85   89.15   71.83   91.96
21:05:01 68.56   135.28   71.71   91.74
21:06:04 69.69   151.14   71.60   91.74
21:07:07 70.25   131.11   71.49   92.08
21:08:10 70.36   112.33   71.60   92.19
21:09:13 68.79   112.21   71.60   92.08
21:10:17 67.66   110.08   71.49   91.62
21:11:20 67.21   110.75   71.49   91.18
21:12:23 66.76   109.29   71.38   90.95
21:13:27 66.43   107.49   71.38   90.61
21:14:30 66.20   106.59   71.38   90.28
21:15:33 66.09   104.45   71.38   90.05
21:16:37 65.97   102.65   71.26   89.83
21:17:40 65.75   100.74   71.15   89.49
21:18:43 65.64   99.73   71.15   89.26
21:19:47 65.53   98.15   71.15   89.04
21:20:50 65.53   96.80   71.15   88.70
21:21:53 65.41   95.45   71.04   88.59
21:22:57 65.30   94.21   70.93   88.47
21:24:00 65.30   93.76   71.04   88.25
21:25:04 65.19   92.75   70.93   88.14
21:26:07 66.76   112.10   70.93   88.03
21:27:10 69.12   140.90   70.81   88.03
21:28:13 69.91   151.48   70.93   88.47
21:29:16 70.36   129.31   71.04   88.93
21:30:19 70.36   112.66   71.04   89.15
21:31:22 68.79   112.66   71.15   89.04
21:32:26 67.78   111.20   71.04   88.70
21:33:29 67.10   110.19   71.04   88.36
21:34:32 66.65   109.85   71.04   88.14
21:35:36 66.31   107.94   70.93   88.03
21:36:39 66.09   106.48   70.93   87.80
21:37:42 65.97   104.56   70.93   87.69
21:38:46 65.75   103.33   70.81   87.58
21:39:49 65.64   101.53   70.81   105.35
21:40:52 65.53   99.73   70.70   110.41
21:41:56 65.41   98.04   70.70   110.30
21:42:59 65.30   97.14   70.70   109.51
21:44:02 66.43   110.08   70.70   108.50
21:45:05 69.24   138.99   70.70   107.83
21:46:08 69.91   151.70   70.70   107.49
21:47:11 70.70   133.70   70.70   107.04
21:48:14 70.70   112.78   70.81   106.48
21:49:18 69.12   112.55   70.81   105.58
21:50:21 68.00   111.65   70.81   104.56
21:51:25 67.21   110.64   70.81   103.66
21:52:28 66.76   110.30   70.70   102.76
21:53:31 66.43   108.61   70.70   101.98
21:54:35 66.09   107.38   70.70   101.19
21:55:38 65.97   105.24   70.59   100.51
21:56:41 65.75   103.44   70.59   110.53
21:57:45 65.64   102.31   70.59   111.99
21:58:48 65.53   100.17   70.59   113.34
21:59:51 65.41   98.94   70.59   112.89
22:00:55 65.41   97.48   70.59   111.76
22:01:58 66.65   111.20   70.47   110.53
22:03:01 69.69   111.99   70.59   110.86
22:04:05 69.01   104.23   70.59   114.12
22:05:08 67.78   104.56   70.70   114.80
22:06:11 66.99   102.76   70.59   114.24
22:07:15 66.54   102.09   70.59   114.24
22:08:18 66.09   100.06   70.59   114.46
22:09:21 65.86   99.50   70.59   113.79
22:10:25 65.64   98.38   70.59   113.00
22:11:28 65.53   97.48   70.47   112.21
22:12:31 65.41   97.03   70.47   111.42
22:13:35 65.30   96.12   70.36   110.53
22:14:38 65.19   94.66   70.36   109.85
22:15:41 65.19   93.31   70.47   109.06
22:16:45 65.08   92.86   70.47   108.28
22:17:48 65.08   91.62   70.36   107.38
22:18:51 64.96   91.18   70.36   106.70
22:19:55 64.96   90.84   70.36   105.91
22:20:58 64.85   89.94   70.36   105.24
22:22:02 64.85   89.26   70.25   104.56
22:23:05 64.85   88.70   70.36   103.89
22:24:08 64.74   88.14   70.25   103.10
22:25:12 64.74   87.69   70.14   102.42
22:26:15 64.74   87.01   70.25   101.86
22:27:18 64.62   87.01   70.14   101.19
22:28:22 64.62   86.45   70.14   100.74
22:29:25 64.62   86.56   70.14   100.06
22:30:28 64.62   85.89   70.03   99.50
22:31:32 64.62   85.55   70.14   98.94
22:32:35 64.51   85.21   70.03   98.49
22:33:38 64.51   84.99   70.03   97.92
22:34:42 64.51   84.65   70.14   97.59
22:35:45 64.51   84.31   70.03   97.03
22:36:48 64.51   83.97   70.03   96.69
22:37:52 64.51   84.09   69.91   96.24
22:38:55 64.51   83.75   69.91   95.79
22:39:58 64.51   83.53   69.91   95.34
22:41:02 64.51   83.41   69.91   100.51
22:42:05 64.40   83.41   70.03   109.29
22:43:08 64.40   83.19   69.91   110.30
22:44:12 64.40   82.85   69.80   109.85
22:45:15 64.40   82.74   69.80   109.17
22:46:18 64.40   82.62   69.80   108.50
22:47:22 64.40   82.62   69.80   107.60
22:48:25 64.40   82.96   69.80   106.81
22:49:28 64.40   82.51   69.69   105.91
22:50:32 64.40   82.51   69.69   105.01
22:51:35 64.40   82.29   69.69   104.11
22:52:39 64.40   82.18   69.69   103.21
22:53:42 64.29   82.29   69.69   102.42
22:54:45 64.29   81.95   69.69   101.75
22:55:49 64.29   82.06   69.58   101.08
22:56:52 64.29   81.84   69.58   100.40
22:57:55 64.29   81.50   69.58   99.73
22:58:59 64.29   81.50   69.58   99.16
23:00:02 64.29   81.39   69.58   98.60
23:01:05 64.29   81.50   69.58   98.15
23:02:09 64.29   81.28   69.58   97.59
23:03:12 64.29   81.39   69.46   97.14
23:04:15 64.18   81.05   69.46   96.69
23:05:19 64.29   81.16   69.46   96.24
23:06:22 64.18   81.05   69.46   95.79
23:07:25 64.18   81.16   69.35   95.45
23:08:29 64.18   80.94   69.35   95.00
23:09:32 64.18   81.05   69.35   94.66
23:10:35 64.18   80.94   69.35   94.33
23:11:39 64.18   80.60   69.35   93.99
23:12:42 64.18   80.60   69.35   93.54
23:13:45 64.18   80.71   69.35   93.31
23:14:49 64.06   80.83   69.35   92.86
23:15:52 64.06   80.71   69.24   92.64
23:16:55 64.06   80.60   69.24   92.19
23:17:59 64.06   80.49   69.24   91.74
23:19:02 64.06   80.38   69.24   91.40
23:20:05 64.06   80.38   69.24   91.18
23:21:09 64.06   80.38   69.24   90.84
23:22:12 64.06   80.38   69.24   90.61
23:23:15 64.06   80.38   69.12   90.28
23:24:19 64.06   80.15   69.12   89.94
23:25:22 64.06   80.15   69.12   89.60
23:26:25 64.06   79.93   69.12   89.38
23:27:29 64.06   80.04   69.01   89.26
23:28:32 64.06   80.15   69.12   89.04
23:29:35 63.95   79.93   69.01   88.81
23:30:39 63.95   83.64   69.01   88.59
23:31:42 66.54   124.14   69.12   88.47
23:32:45 67.78   146.53   69.12   88.70
23:33:48 68.45   129.43   69.12   89.26
23:34:51 68.56   111.20   69.12   89.49
23:35:55 67.10   109.74   69.12   89.38
23:36:58 66.31   109.85   69.12   89.15
23:38:01 65.75   109.06   69.12   88.81
23:39:05 65.41   107.71   69.01   88.59
23:40:08 65.19   105.24   69.12   88.36
23:41:11 64.96   104.00   69.12   88.03
23:42:15 64.85   102.42   69.12   87.80
23:43:18 64.74   100.40   69.01   87.69
23:44:21 64.62   99.16   69.01   87.58
23:45:25 64.62   96.91   69.01   87.46
23:46:28 64.51   100.17   69.01   87.24
23:47:31 67.44   132.46   69.01   87.12
23:48:34 68.34   147.43   69.01   87.58
23:49:37 68.79   150.12   69.12   88.25
23:50:40 69.24   122.90   69.01   88.81
23:51:43 68.45   113.00   69.12   88.81
23:52:47 67.21   113.00   69.12   88.59
23:53:50 66.54   110.64   69.12   88.25
23:54:53 65.97   109.85   69.01   87.91
23:55:57 65.64   109.17   69.01   87.69
23:57:00 65.30   107.71   69.01   87.46
23:58:03 65.19   106.03   69.01   87.24
23:59:07 65.08   104.00   69.01   87.12
