00:01:03 66.31   83.41   71.38   88.70
00:02:06 66.31   83.30   71.38   88.59
00:03:09 66.31   83.53   71.38   88.36
00:04:13 66.31   83.53   71.38   88.25
00:05:16 66.31   83.41   71.38   88.03
00:06:19 66.31   83.53   71.38   87.91
00:07:23 66.31   83.53   71.49   87.80
00:08:26 66.31   83.53   71.38   87.69
00:09:29 66.31   83.64   71.49   87.46
00:10:33 66.31   83.19   71.38   87.35
00:11:36 66.31   83.41   71.38   87.24
00:12:39 66.31   83.41   71.38   87.24
00:13:43 66.31   83.30   71.38   87.12
00:14:46 66.31   83.64   71.38   87.01
00:15:50 66.31   83.53   71.49   86.79
00:16:53 66.31   83.86   71.49   86.79
00:17:56 66.31   83.75   71.49   86.56
00:19:00 66.31   83.53   71.38   86.56
00:20:03 66.31   83.41   71.49   86.34
00:21:06 66.31   83.41   71.38   86.34
00:22:10 66.31   83.64   71.38   86.22
00:23:13 66.31   83.41   71.38   86.11
00:24:16 66.31   83.53   71.38   85.89
00:25:20 66.31   83.41   71.38   85.89
00:26:23 66.31   83.75   71.38   85.89
00:27:26 66.31   83.41   71.38   85.78
00:28:30 66.31   83.64   71.26   85.89
00:29:33 66.31   83.53   71.38   85.66
00:30:36 66.31   83.53   71.38   85.66
00:31:40 66.31   83.64   71.38   85.55
00:32:43 66.31   83.41   71.38   85.33
00:33:46 66.31   83.75   71.49   85.21
00:34:50 66.31   83.30   71.49   85.21
00:35:53 66.31   83.53   71.38   85.10
00:36:56 66.31   83.30   71.49   85.10
00:38:00 66.31   83.30   71.38   85.10
00:39:03 66.31   83.30   71.38   84.99
00:40:06 66.31   83.53   71.49   84.88
00:41:10 66.31   83.53   71.38   84.88
00:42:13 66.31   83.41   71.38   84.88
00:43:16 66.31   83.41   71.38   84.65
00:44:20 66.31   83.41   71.38   84.65
00:45:23 66.31   83.08   71.26   84.54
00:46:26 66.31   83.41   71.38   84.65
00:47:30 66.43   83.41   71.38   84.43
00:48:33 66.31   83.30   71.49   84.43
00:49:37 66.31   83.41   71.38   84.43
00:50:40 66.31   83.19   71.38   84.20
00:51:43 66.31   83.30   71.38   84.31
00:52:47 66.31   83.53   71.38   84.20
00:53:50 66.31   83.19   71.38   84.09
00:54:53 66.31   83.53   71.38   84.09
00:55:57 66.31   83.41   71.38   83.97
00:57:00 66.31   83.53   71.26   83.97
00:58:03 66.43   83.41   71.38   83.97
00:59:07 66.43   83.64   71.38   83.97
01:00:10 66.43   83.53   71.26   83.97
01:01:13 66.43   83.41   71.38   83.86
01:02:17 66.31   83.41   71.38   83.75
01:03:20 66.43   83.19   71.38   83.75
01:04:23 66.31   83.30   71.38   83.75
01:05:27 66.31   83.19   71.38   83.64
01:06:30 66.43   83.41   71.38   83.64
01:07:33 66.31   83.30   71.26   83.64
01:08:37 66.43   83.19   71.26   83.75
01:09:40 66.43   83.30   71.38   83.64
01:10:43 66.43   82.74   71.26   83.64
01:11:47 66.43   83.19   71.26   83.53
01:12:50 66.43   82.96   71.38   83.53
01:13:53 66.43   83.30   71.38   83.53
01:14:57 66.43   83.19   71.38   83.53
01:16:00 66.43   83.08   71.26   83.41
01:17:03 66.43   83.30   71.38   83.41
01:18:07 66.43   83.19   71.26   83.30
01:19:10 66.43   83.19   71.38   83.30
01:20:13 66.43   83.30   71.38   83.19
01:21:17 66.43   83.30   71.26   83.08
01:22:20 66.43   83.41   71.38   83.08
01:23:24 66.43   82.96   71.26   82.96
01:24:27 66.43   83.08   71.38   82.96
01:25:30 66.43   83.30   71.38   82.85
01:26:34 66.43   83.30   71.26   82.85
01:27:37 66.43   83.19   71.26   82.74
01:28:40 66.43   83.30   71.26   82.85
01:29:44 66.43   83.30   71.26   82.85
01:30:47 66.43   83.19   71.26   82.85
01:31:50 66.43   83.30   71.26   82.74
01:32:54 66.43   83.08   71.26   82.74
01:33:57 66.43   82.96   71.38   82.74
01:35:00 66.43   83.08   71.26   82.74
01:36:04 66.43   83.19   71.26   82.74
01:37:07 66.43   82.96   71.15   82.74
01:38:10 66.43   83.08   71.26   82.62
01:39:14 66.43   83.08   71.26   82.51
01:40:17 66.43   83.08   71.38   82.62
01:41:20 66.43   83.19   71.26   82.62
01:42:24 66.43   83.19   71.26   82.74
01:43:27 66.43   83.19   71.15   82.62
01:44:30 66.43   83.08   71.15   82.62
01:45:34 66.43   83.19   71.15   82.74
01:46:37 66.43   83.08   71.15   82.62
01:47:40 66.43   82.96   71.26   82.62
01:48:44 66.43   82.96   71.15   82.62
01:49:47 66.43   82.74   71.15   82.51
01:50:50 66.43   83.19   71.15   82.51
01:51:54 66.43   82.96   71.15   82.40
01:52:57 66.43   82.85   71.15   82.51
01:54:00 66.43   82.96   71.15   82.51
01:55:04 66.43   83.08   71.15   82.51
01:56:07 66.43   83.08   71.04   82.51
01:57:10 66.43   82.85   71.15   82.40
01:58:14 66.43   82.85   71.04   82.51
01:59:17 66.43   82.85   71.15   82.51
02:00:21 66.43   82.85   71.04   82.40
02:01:24 66.43   82.85   71.04   82.51
02:02:27 66.43   83.30   71.04   82.40
02:03:31 66.43   82.96   71.15   82.40
02:04:34 66.43   83.08   71.04   82.29
02:05:37 66.43   83.08   71.04   82.29
02:06:41 66.43   82.74   71.04   82.29
02:07:44 66.43   82.96   70.93   82.40
02:08:47 66.31   82.74   71.04   82.18
02:09:51 66.43   82.51   71.04   82.29
02:10:54 66.43   82.62   71.04   82.29
02:11:57 66.43   82.85   71.04   82.29
02:13:01 66.43   82.85   71.04   82.29
02:14:04 66.43   82.74   71.04   82.40
02:15:07 66.31   82.74   71.04   82.40
02:16:11 66.31   82.74   71.15   82.40
02:17:14 66.43   82.51   71.15   82.29
02:18:17 66.43   82.85   71.04   82.18
02:19:21 66.43   83.08   71.04   82.18
02:20:24 66.31   82.74   71.04   82.18
02:21:27 66.31   82.40   71.04   82.29
02:22:31 66.31   82.62   71.04   82.18
02:23:34 66.31   82.74   71.04   82.18
02:24:37 66.31   82.62   71.04   82.06
02:25:41 66.31   82.51   70.93   81.95
02:26:44 66.31   82.85   70.93   82.06
02:27:47 66.31   82.62   70.93   81.95
02:28:51 66.31   82.85   71.04   81.95
02:29:54 66.31   82.74   71.04   81.84
02:30:57 66.31   82.62   71.04   81.95
02:32:01 66.31   82.62   70.93   81.95
02:33:04 66.31   82.51   70.93   81.95
02:34:08 66.31   82.74   70.93   82.06
02:35:11 66.31   82.74   70.93   81.95
02:36:14 66.31   82.74   70.93   82.06
02:37:18 66.31   82.51   70.93   81.95
02:38:21 66.31   82.74   70.93   81.95
02:39:24 66.31   82.62   70.93   81.84
02:40:28 66.31   82.29   70.81   81.95
02:41:31 66.31   82.51   70.93   81.84
02:42:34 66.31   82.51   70.93   82.06
02:43:38 66.31   82.51   70.81   82.06
02:44:41 66.31   82.51   70.93   82.18
02:45:44 66.31   82.62   70.81   82.06
02:46:48 66.31   82.40   70.81   81.95
02:47:51 66.31   82.40   70.81   81.84
02:48:54 66.31   82.51   70.93   81.84
02:49:58 66.31   82.51   70.81   81.84
02:51:01 66.31   82.62   70.81   81.72
02:52:04 66.31   82.74   70.81   81.72
02:53:08 66.31   82.51   70.81   81.72
02:54:11 66.31   82.51   70.81   81.84
02:55:14 66.31   82.40   70.81   81.84
02:56:18 66.31   82.29   70.81   81.84
02:57:21 66.31   82.51   70.81   81.84
02:58:24 66.31   82.29   70.81   81.84
02:59:28 66.31   82.51   70.81   81.84
03:00:31 66.31   82.29   70.81   81.72
03:01:34 66.31   82.29   70.70   81.72
03:02:38 66.31   82.40   70.70   81.84
03:03:41 66.31   82.29   70.59   81.84
03:04:44 66.31   82.29   70.70   81.72
03:05:48 66.31   82.29   70.70   81.72
03:06:51 66.31   82.51   70.70   81.72
03:07:55 66.31   82.51   70.59   81.72
03:08:58 66.31   82.29   70.70   81.72
03:10:01 66.31   82.18   70.81   81.72
03:11:05 66.31   82.29   70.70   81.84
03:12:08 66.31   82.18   70.70   81.72
03:13:11 66.31   82.29   70.70   81.72
03:14:15 66.31   82.62   70.59   81.61
03:15:18 66.31   82.29   70.70   81.50
03:16:21 66.31   82.40   70.59   81.50
03:17:25 66.31   82.06   70.70   81.61
03:18:28 66.31   82.29   70.59   81.50
03:19:31 66.31   82.29   70.70   81.61
03:20:35 66.31   82.29   70.59   81.50
03:21:38 66.31   82.29   70.47   81.61
03:22:41 66.31   82.18   70.47   81.61
03:23:45 66.31   82.06   70.59   81.50
03:24:48 66.31   82.18   70.59   81.61
03:25:51 66.31   82.18   70.59   81.61
03:26:55 66.31   82.40   70.59   81.50
03:27:58 66.31   82.06   70.47   81.50
03:29:01 66.31   81.84   70.47   81.50
03:30:05 66.31   82.18   70.47   81.61
03:31:08 66.31   82.18   70.59   81.50
03:32:11 66.31   81.95   70.59   81.39
03:33:15 66.31   82.18   70.59   81.39
03:34:18 66.31   82.06   70.59   81.39
03:35:21 66.31   81.95   70.59   81.28
03:36:25 66.31   82.06   70.47   81.39
03:37:28 66.31   81.95   70.59   81.28
03:38:31 66.20   82.18   70.47   81.28
03:39:35 66.31   82.06   70.59   81.28
03:40:38 66.31   82.06   70.47   81.39
03:41:42 66.31   81.95   70.47   81.50
03:42:45 66.31   82.18   70.47   81.39
03:43:48 66.31   81.84   70.36   81.28
03:44:52 66.20   81.84   70.47   81.39
03:45:55 66.20   81.95   70.47   81.39
03:46:58 66.20   81.84   70.47   81.39
03:48:02 66.20   81.84   70.36   81.28
03:49:05 66.20   81.61   70.36   81.28
03:50:08 66.20   81.84   70.47   81.39
03:51:12 66.20   81.84   70.47   81.50
03:52:15 66.20   81.95   70.36   81.50
03:53:18 66.20   81.84   70.36   81.39
03:54:22 66.31   82.18   70.36   81.50
03:55:25 66.20   82.18   70.36   81.50
03:56:28 66.20   81.95   70.36   81.39
03:57:32 66.20   81.95   70.25   81.28
03:58:35 66.20   82.06   70.25   81.39
03:59:38 66.20   81.72   70.36   81.39
04:00:42 66.20   81.84   70.36   81.39
04:01:45 66.20   81.72   70.14   81.28
04:02:48 66.20   81.61   70.36   81.16
04:03:52 66.31   81.50   70.36   81.16
04:04:55 66.31   81.61   70.25   81.16
04:05:58 66.31   81.61   70.25   81.16
04:07:02 66.31   81.61   70.25   81.16
04:08:05 66.20   81.72   70.36   81.16
04:09:08 66.20   81.72   70.25   81.16
04:10:12 66.20   81.61   70.25   81.28
04:11:15 66.20   81.50   70.25   81.16
04:12:18 66.31   81.72   70.25   81.16
04:13:22 66.31   81.72   70.14   81.16
04:14:25 66.31   81.50   70.25   81.39
04:15:28 66.31   81.84   70.36   81.28
04:16:32 66.31   81.84   70.14   81.28
04:17:35 66.31   81.72   70.14   81.16
04:18:39 66.31   81.61   70.14   81.16
04:19:42 66.31   81.50   70.14   81.28
04:20:45 66.31   81.72   70.14   81.28
04:21:49 66.31   81.72   70.14   81.16
04:22:52 66.31   81.61   70.25   81.28
04:23:55 66.31   81.61   70.14   81.28
04:24:59 66.31   81.39   70.14   81.16
04:26:02 66.31   81.39   70.14   81.05
04:27:05 66.31   81.50   70.14   81.05
04:28:09 66.31   81.39   70.25   81.16
04:29:12 66.43   81.84   70.14   81.16
04:30:15 66.43   81.72   70.03   81.16
04:31:19 66.43   81.61   70.03   81.05
04:32:22 66.43   81.72   70.03   81.05
04:33:25 66.43   81.61   70.03   81.05
04:34:29 66.43   81.28   70.03   81.05
04:35:32 66.43   81.39   70.03   81.05
04:36:35 66.43   81.50   70.03   81.05
04:37:39 66.43   81.39   70.03   81.05
04:38:42 66.43   81.50   70.03   80.94
04:39:45 66.43   81.28   70.14   80.94
04:40:49 66.31   81.84   70.03   80.94
04:41:52 66.43   81.61   70.03   80.83
04:42:55 66.43   81.39   70.03   80.71
04:43:59 66.31   81.39   70.03   80.83
04:45:02 66.31   81.39   70.03   80.83
04:46:05 66.43   81.50   69.91   80.83
04:47:09 66.43   81.39   69.91   80.83
04:48:12 66.31   81.39   70.03   80.83
04:49:16 66.31   81.16   69.91   80.71
04:50:19 66.43   81.39   69.91   80.83
04:51:22 66.43   81.28   69.91   80.83
04:52:26 66.43   81.28   69.91   80.83
04:53:29 66.31   82.51   69.91   80.83
04:54:32 67.21   112.55   69.91   80.83
04:55:35 68.56   142.81   69.91   81.28
04:56:38 69.24   132.35   69.91   82.06
04:57:41 69.58   111.76   70.14   82.51
04:58:45 69.01   110.53   70.14   82.51
04:59:48 68.79   116.83   70.25   82.51
05:00:51 69.69   138.76   70.14   82.85
05:01:54 70.14   151.14   70.25   83.41
05:02:57 70.47   158.45   70.36   99.05
05:04:00 70.81   145.62   70.47   107.94
05:05:03 71.15   150.12   70.36   110.30
05:06:05 71.38   157.78   70.47   111.42
05:07:08 71.60   154.40   70.59   112.10
05:08:11 71.83   147.31   70.70   112.66
05:09:14 71.94   155.19   70.81   112.89
05:10:17 72.16   161.49   70.93   112.89
05:11:20 72.39   148.32   71.04   113.79
05:12:23 72.50   150.57   71.15   114.46
05:13:26 72.61   132.91   71.15   115.03
05:14:29 72.28   120.65   71.26   115.25
05:15:32 71.15   121.44   71.38   115.14
05:16:36 70.36   120.09   71.38   114.58
05:17:39 71.26   131.34   71.49   113.90
05:18:42 71.83   144.84   71.38   113.45
05:19:45 72.05   154.85   71.49   113.23
05:20:47 72.39   160.93   71.60   112.89
05:21:50 72.50   147.31   71.60   112.66
05:22:53 72.72   151.48   71.60   113.79
05:23:56 72.84   150.24   71.71   116.49
05:24:59 72.95   124.36   71.94   116.38
05:26:02 72.72   114.24   71.94   115.48
05:27:06 71.60   115.48   72.05   114.46
05:28:09 70.70   116.26   72.05   113.45
05:29:12 71.71   134.94   71.94   112.55
05:30:15 72.39   148.78   72.05   112.10
05:31:18 72.61   157.66   72.05   111.88
05:32:21 72.84   159.35   72.05   111.76
05:33:24 73.06   141.24   72.16   111.54
05:34:27 73.06   121.44   72.16   110.98
05:35:30 72.16   121.78   72.39   110.19
05:36:34 71.15   120.88   72.39   111.88
05:37:37 70.47   119.86   72.28   118.17
05:38:40 70.03   123.58   72.39   118.29
05:39:43 71.71   133.03   72.28   117.39
05:40:46 72.39   146.64   72.28   116.83
05:41:49 72.72   156.20   72.39   116.15
05:42:52 73.06   159.69   72.50   115.59
05:43:55 73.18   134.04   72.61   115.03
05:44:58 73.18   114.35   72.72   114.35
05:46:01 72.16   115.70   72.72   113.23
05:47:05 71.15   116.83   72.84   112.21
05:48:08 70.47   114.46   72.72   111.20
05:49:12 69.91   115.81   72.72   110.30
05:50:15 69.46   117.05   72.72   109.51
05:51:18 71.49   135.73   72.61   109.06
05:52:21 72.28   149.11   72.61   108.95
05:53:24 72.61   155.07   72.72   108.95
05:54:27 72.95   131.34   72.72   108.73
05:55:30 72.61   120.54   72.84   108.39
05:56:33 71.60   121.21   72.84   107.71
05:57:37 70.70   119.41   72.95   107.04
05:58:40 70.03   120.88   72.84   106.36
05:59:43 69.58   119.75   72.84   105.69
06:00:47 69.24   117.61   72.84   105.24
06:01:50 69.01   116.38   72.84   104.67
06:02:53 68.79   113.56   72.72   104.34
06:03:57 68.56   111.99   72.72   103.78
06:05:00 68.45   112.33   72.72   103.44
06:06:03 70.70   132.57   72.61   103.10
06:07:06 71.71   146.75   72.72   102.99
06:08:09 72.16   150.01   72.61   103.33
06:09:12 72.50   124.81   72.72   103.44
06:10:15 71.94   119.86   72.84   103.21
06:11:19 71.04   119.30   72.84   102.76
06:12:22 70.25   118.96   72.95   102.31
06:13:25 69.69   119.53   72.84   101.86
06:14:29 69.35   117.61   72.84   101.53
06:15:32 69.01   115.92   72.84   101.08
06:16:35 68.79   114.24   72.84   100.74
06:17:39 68.56   112.33   72.72   100.40
06:18:42 68.45   110.75   72.72   99.95
06:19:45 68.34   109.51   72.72   99.61
06:20:49 68.22   107.71   72.61   99.28
06:21:52 68.11   105.80   72.61   98.94
06:22:55 68.11   104.23   72.61   98.60
06:23:59 68.00   103.44   72.61   98.38
06:25:02 67.89   102.20   72.61   98.04
06:26:05 67.89   100.51   72.61   97.81
06:27:09 67.78   99.95   72.61   97.48
06:28:12 67.78   98.83   72.50   97.25
06:29:15 67.78   97.59   72.50   97.03
06:30:19 67.78   97.03   72.61   96.80
06:31:22 67.78   96.12   72.50   96.46
06:32:25 67.66   95.45   72.50   96.35
06:33:29 67.66   95.11   72.28   96.01
06:34:32 67.66   94.33   72.28   95.79
06:35:35 67.66   93.54   72.16   95.56
06:36:39 67.66   93.31   72.16   95.34
06:37:42 67.66   92.75   72.16   95.00
06:38:46 67.55   92.19   72.05   94.78
06:39:49 67.55   92.08   72.05   94.66
06:40:52 67.55   91.62   72.05   94.44
06:41:56 67.44   91.06   72.05   94.33
06:42:59 67.44   90.61   72.05   94.10
06:44:02 67.44   90.28   71.94   93.99
06:45:06 67.44   90.05   71.94   93.76
06:46:09 67.44   89.83   72.05   93.54
06:47:12 67.44   89.38   71.83   93.31
06:48:16 67.33   89.49   71.83   93.09
06:49:19 67.44   89.15   71.94   92.86
06:50:22 67.33   89.04   71.94   92.75
06:51:26 67.33   88.70   71.83   92.53
06:52:29 67.33   88.36   71.83   92.41
06:53:32 67.33   88.47   71.71   92.19
06:54:36 67.21   88.36   71.71   91.96
06:55:39 67.33   88.14   71.71   91.85
06:56:42 67.33   87.80   71.71   91.62
06:57:46 67.21   87.91   71.71   91.62
06:58:49 67.21   87.46   71.71   91.51
06:59:52 67.21   87.35   71.60   91.29
07:00:56 67.21   87.12   71.71   91.18
07:01:59 67.10   87.24   71.60   98.49
07:03:02 67.21   87.12   71.60   110.86
07:04:06 67.10   86.68   71.60   112.44
07:05:09 67.10   86.90   71.60   112.78
07:06:12 67.10   86.79   71.49   112.89
07:07:16 67.10   86.68   71.38   112.89
07:08:19 67.10   86.45   71.49   113.00
07:09:22 67.21   86.56   71.49   112.78
07:10:26 67.10   86.68   71.38   112.55
07:11:29 67.10   86.90   71.49   112.21
07:12:33 67.10   86.45   71.38   111.76
07:13:36 67.10   86.11   71.26   111.31
07:14:39 67.10   86.34   71.38   110.53
07:15:43 67.10   86.22   71.26   111.31
07:16:46 67.10   86.22   71.26   111.54
07:17:49 67.10   86.11   71.26   112.10
07:18:53 67.10   86.11   71.26   112.21
07:19:56 67.10   86.00   71.15   113.23
07:20:59 67.10   85.66   71.15   113.79
07:22:03 67.10   85.66   71.15   113.90
07:23:06 67.10   85.66   71.15   113.56
07:24:09 67.10   85.66   71.04   112.78
07:25:13 67.10   85.55   71.15   111.99
07:26:16 67.10   85.55   71.04   111.09
07:27:19 67.10   85.44   71.04   111.42
07:28:23 67.10   85.33   71.04   111.54
07:29:26 66.99   85.44   71.04   110.98
07:30:29 67.10   85.33   71.04   110.30
07:31:33 67.10   85.33   71.04   109.62
07:32:36 66.99   85.21   71.04   108.95
07:33:39 67.10   85.33   70.93   108.16
07:34:43 66.99   85.21   70.93   107.71
07:35:46 67.10   85.33   70.93   107.04
07:36:49 66.99   85.44   70.93   106.59
07:37:53 67.10   85.10   70.93   106.03
07:38:56 66.99   84.99   70.81   105.46
07:39:59 67.10   84.99   70.81   105.01
07:41:03 66.99   84.88   70.93   104.45
07:42:06 66.99   84.88   70.81   103.89
07:43:10 67.10   84.76   70.70   103.33
07:44:13 66.99   85.10   70.81   102.76
07:45:16 66.99   84.76   70.81   102.31
07:46:20 66.99   84.65   70.81   101.86
07:47:23 66.99   84.65   70.70   101.41
07:48:26 66.99   84.54   70.70   101.08
07:49:30 66.99   84.31   70.81   100.51
07:50:33 66.99   84.20   70.70   100.17
07:51:36 66.99   84.65   70.70   99.73
07:52:40 66.88   84.31   70.70   99.39
07:53:43 66.88   84.65   70.70   99.05
07:54:46 66.88   84.43   70.70   98.71
07:55:50 66.88   84.09   70.70   98.38
07:56:53 66.88   84.20   70.70   98.04
07:57:56 66.88   84.43   70.70   97.59
07:59:00 66.88   84.31   70.70   97.25
08:00:03 66.76   84.09   70.59   97.03
08:01:06 66.76   84.09   70.47   96.69
08:02:10 66.76   83.86   70.47   114.69
08:03:13 66.76   83.86   70.59   116.60
08:04:16 66.76   83.97   70.59   115.36
08:05:20 66.76   83.97   70.59   113.45
08:06:23 66.76   84.09   70.47   111.76
08:07:26 66.76   83.75   70.59   110.19
08:08:30 66.76   83.97   70.59   108.73
08:09:33 66.65   83.86   70.47   107.49
08:10:36 66.65   83.97   70.47   106.48
08:11:40 66.65   84.09   70.36   105.58
08:12:43 66.76   84.09   70.36   104.90
08:13:46 66.76   83.97   70.47   104.00
08:14:50 66.65   83.86   70.36   103.21
08:15:53 66.65   83.86   70.25   102.42
08:16:57 66.65   83.97   70.36   101.86
08:18:00 66.65   83.86   70.47   101.30
08:19:03 66.65   83.86   70.47   100.62
08:20:07 66.65   83.75   70.25   100.17
08:21:10 66.65   83.64   70.25   99.61
08:22:13 66.54   83.64   70.36   99.16
08:23:17 66.54   83.41   70.36   98.71
08:24:20 66.65   83.53   70.36   98.15
08:25:23 66.54   83.53   70.25   97.70
08:26:27 66.54   83.64   70.14   97.25
08:27:30 66.54   83.64   70.25   96.69
08:28:33 66.54   83.41   70.25   96.35
08:29:37 66.54   83.30   70.25   96.12
08:30:40 66.54   83.19   70.25   95.56
08:31:43 66.54   83.41   70.14   95.22
08:32:47 66.54   83.41   70.14   94.89
08:33:50 66.54   83.30   70.25   94.55
08:34:53 66.54   83.41   70.14   94.33
08:35:57 66.43   83.41   70.25   93.99
08:37:00 66.54   82.85   70.14   93.65
08:38:03 66.54   83.08   70.14   93.31
08:39:07 66.43   83.08   70.14   93.09
08:40:10 66.54   92.30   70.14   92.86
08:41:13 69.01   137.41   70.14   92.75
08:42:16 69.91   151.03   70.25   92.97
08:43:19 70.47   128.98   70.36   93.43
08:44:22 70.70   112.66   70.36   93.43
08:45:26 69.69   112.21   70.59   93.43
08:46:29 69.01   110.53   70.70   93.20
08:47:32 68.45   108.39   70.59   92.86
08:48:36 68.11   107.04   70.59   92.41
08:49:39 67.89   107.60   70.47   92.19
08:50:42 67.66   106.14   70.59   91.96
08:51:46 67.44   105.24   70.59   91.85
08:52:49 67.33   103.21   70.59   91.62
08:53:52 67.21   101.75   70.47   91.40
08:54:56 67.21   100.06   70.47   91.18
08:55:59 67.10   99.05   70.36   90.95
08:57:02 66.99   98.15   70.47   90.72
08:58:06 66.99   96.69   70.47   90.50
08:59:09 66.99   98.49   70.25   90.39
09:00:12 68.90   130.66   70.47   90.28
09:01:15 69.91   147.88   70.47   90.39
09:02:18 70.59   144.61   70.59   90.95
09:03:21 71.04   118.29   70.59   91.40
09:04:25 70.59   113.00   70.81   91.51
09:05:28 69.69   113.56   70.93   91.29
09:06:31 69.01   110.86   70.81   91.06
09:07:35 68.56   113.00   70.81   90.84
09:08:38 68.22   110.53   70.81   90.50
09:09:41 68.00   108.84   70.81   90.16
09:10:45 67.78   107.38   70.81   90.16
09:11:48 67.55   105.58   70.81   89.94
09:12:51 67.44   104.00   70.81   89.71
09:13:55 67.44   102.65   70.81   89.60
09:14:58 67.33   100.85   70.81   89.49
09:16:01 67.21   99.39   70.70   89.26
09:17:05 67.10   97.70   70.81   89.15
09:18:08 67.10   97.03   70.70   89.04
09:19:11 66.99   96.01   70.81   89.04
09:20:15 66.99   95.00   70.81   88.93
09:21:18 66.99   94.10   70.81   88.70
09:22:21 66.88   93.43   70.70   88.59
09:23:25 66.88   92.53   70.81   88.59
09:24:28 66.88   91.85   70.81   88.36
09:25:31 66.88   91.51   70.70   88.14
09:26:35 66.76   90.84   70.70   88.03
09:27:38 66.76   90.28   70.70   87.91
09:28:41 66.76   89.60   70.70   87.91
09:29:45 66.76   88.93   70.70   87.69
09:30:48 66.76   88.70   70.70   87.58
09:31:51 66.76   88.14   70.70   87.58
09:32:55 66.76   87.91   70.70   87.46
09:33:58 66.65   87.46   70.70   87.35
09:35:02 66.65   87.35   70.70   87.35
09:36:05 66.65   87.01   70.59   87.24
09:37:08 66.65   86.68   70.70   87.12
09:38:12 66.65   86.22   70.70   86.90
09:39:15 66.65   86.11   70.59   86.68
09:40:18 66.65   86.00   70.59   86.68
09:41:22 66.65   85.89   70.59   86.68
09:42:25 66.65   85.55   70.59   86.56
09:43:28 66.54   85.44   70.59   86.56
09:44:32 66.54   85.21   70.59   86.45
09:45:35 66.54   85.21   70.59   86.22
09:46:38 66.65   84.99   70.47   86.34
09:47:42 66.54   85.10   70.47   86.22
09:48:45 66.54   84.88   70.47   86.11
09:49:48 66.54   84.65   70.59   86.11
09:50:52 66.54   84.54   70.47   86.00
09:51:55 66.54   84.54   70.59   85.89
09:52:58 66.54   84.31   70.59   85.66
09:54:02 66.54   84.65   70.59   85.55
09:55:05 66.54   84.31   70.59   85.55
09:56:08 66.54   84.31   70.47   85.44
09:57:12 66.43   83.86   70.47   85.44
09:58:15 66.54   83.86   70.59   85.44
09:59:18 66.54   83.75   70.36   85.44
10:00:22 66.43   83.86   70.47   85.21
10:01:25 66.43   83.86   70.59   85.21
10:02:28 66.54   83.64   70.47   85.10
10:03:32 66.43   83.64   70.47   84.99
10:04:35 66.43   83.86   70.47   84.99
10:05:38 66.43   83.64   70.47   84.88
10:06:42 66.54   83.30   70.47   84.88
10:07:45 66.43   83.30   70.47   84.88
10:08:49 66.54   83.53   70.36   84.88
10:09:52 66.43   83.30   70.47   84.88
10:10:55 66.43   83.08   70.47   84.76
10:11:59 66.43   83.19   70.47   84.76
10:13:02 66.43   82.96   70.36   84.65
10:14:05 66.43   82.96   70.25   84.43
10:15:09 66.43   83.30   70.36   84.43
10:16:12 66.43   83.08   70.36   84.31
10:17:15 66.43   83.08   70.36   84.31
10:18:19 66.43   82.74   70.36   84.31
10:19:22 66.43   82.85   70.36   84.31
10:20:25 66.43   82.74   70.36   84.31
10:21:29 66.43   82.85   70.36   84.31
10:22:32 66.43   82.62   70.25   84.31
10:23:35 66.43   82.85   70.25   84.31
10:24:39 66.31   82.62   70.36   84.31
10:25:42 66.31   82.74   70.36   84.20
10:26:45 66.43   82.85   70.36   84.20
10:27:49 66.31   82.85   70.25   84.09
10:28:52 66.43   82.40   70.25   84.09
10:29:55 66.31   82.51   70.25   84.09
10:30:59 66.43   82.40   70.25   83.86
10:32:02 66.31   82.51   70.14   83.75
10:33:05 66.31   82.29   70.14   83.75
10:34:09 66.31   82.40   70.14   83.64
10:35:12 66.31   82.51   70.14   83.53
10:36:15 66.31   82.29   70.14   83.53
10:37:19 66.31   82.29   70.03   83.41
10:38:22 66.31   82.40   70.03   83.41
10:39:25 66.31   82.18   70.14   83.53
10:40:29 66.31   82.29   70.14   83.64
10:41:32 66.31   82.29   70.25   83.41
10:42:36 66.31   82.18   70.14   83.53
10:43:39 66.31   82.29   70.03   83.41
10:44:42 66.31   82.29   70.14   83.30
10:45:46 66.31   82.29   70.14   83.08
10:46:49 66.31   82.29   70.03   83.19
10:47:52 66.31   82.18   70.03   83.08
10:48:56 66.31   82.29   70.03   83.19
10:49:59 66.31   82.18   70.03   83.30
10:51:02 66.31   82.18   70.03   83.19
10:52:06 66.31   82.29   70.14   83.19
10:53:09 66.20   82.06   70.03   83.19
10:54:12 66.31   82.18   70.03   83.19
10:55:16 66.31   82.06   70.03   83.19
10:56:19 66.31   82.06   70.03   83.19
10:57:22 66.31   82.06   69.91   82.96
10:58:26 66.20   81.84   69.91   82.85
10:59:29 66.31   81.95   70.03   82.96
11:00:32 66.20   82.18   70.03   82.85
11:01:36 66.31   81.84   70.03   82.96
11:02:39 66.20   81.95   69.91   82.85
11:03:42 66.20   81.95   69.91   82.74
11:04:46 66.20   82.06   69.91   82.74
11:05:49 66.20   81.95   69.91   82.74
11:06:52 66.20   81.95   69.91   82.74
11:07:56 66.20   81.84   69.91   82.85
11:08:59 66.20   81.95   69.91   82.62
11:10:02 66.20   82.06   69.91   82.74
11:11:06 66.20   81.95   69.91   82.74
11:12:09 66.20   81.72   69.91   82.62
11:13:12 66.20   81.84   69.91   82.62
11:14:16 66.20   81.61   69.91   82.62
11:15:19 66.20   81.50   69.91   82.62
11:16:22 66.20   81.61   69.80   82.62
11:17:26 66.20   81.72   69.80   82.51
11:18:29 66.20   81.84   69.80   82.51
11:19:33 66.20   82.06   69.80   82.40
11:20:36 66.20   81.95   69.80   82.40
11:21:39 66.20   81.50   69.91   82.40
11:22:43 66.20   81.61   69.91   82.40
11:23:46 66.20   81.84   69.80   82.29
11:24:49 66.20   81.84   69.91   82.29
11:25:53 66.09   81.72   69.80   82.18
11:26:56 66.20   81.84   69.80   82.29
11:27:59 66.09   81.61   69.80   82.40
11:29:03 66.20   81.72   69.91   82.18
11:30:06 66.20   81.61   69.69   82.40
11:31:09 66.20   81.39   69.80   82.40
11:32:13 66.20   81.72   69.80   82.40
11:33:16 66.09   81.39   69.91   82.40
11:34:19 66.20   81.61   69.80   82.29
11:35:23 66.20   81.61   69.69   82.18
11:36:26 66.20   81.39   69.69   82.06
11:37:29 66.09   81.50   69.69   82.18
11:38:33 66.09   81.50   69.69   82.06
11:39:36 66.09   81.39   69.69   82.06
11:40:39 66.20   81.50   69.69   82.06
11:41:43 66.09   81.61   69.69   81.95
11:42:46 66.09   81.50   69.80   81.95
11:43:49 66.09   81.61   69.69   81.84
11:44:53 66.09   81.39   69.69   81.84
11:45:56 66.09   81.28   69.69   81.84
11:46:59 66.20   81.16   69.69   81.72
11:48:03 66.09   81.28   69.58   81.72
11:49:06 66.09   81.16   69.46   81.95
11:50:09 66.09   81.28   69.46   81.84
11:51:13 66.09   81.16   69.35   81.95
11:52:16 66.09   81.28   69.35   81.95
11:53:20 66.09   81.16   69.46   81.84
11:54:23 66.09   81.28   69.35   81.84
11:55:26 66.09   81.28   69.35   81.95
11:56:30 66.09   81.39   69.46   81.84
11:57:33 66.09   81.16   69.46   81.84
11:58:36 66.09   81.28   69.46   81.84
11:59:40 66.09   81.39   69.35   81.84
12:00:43 66.09   81.16   69.24   81.84
12:01:46 66.09   81.16   69.35   81.72
12:02:50 66.09   81.05   69.35   81.72
12:03:53 66.09   81.05   69.35   81.61
12:04:56 66.09   80.94   69.24   81.72
12:06:00 66.09   81.05   69.24   81.72
12:07:03 66.09   81.05   69.24   81.61
12:08:06 66.09   80.71   69.12   81.61
12:09:10 66.09   80.94   69.12   81.61
12:10:13 66.09   80.94   69.12   81.61
12:11:16 66.09   81.05   69.12   81.50
12:12:20 66.09   80.94   69.12   81.50
12:13:23 65.97   80.71   69.01   81.50
12:14:26 65.97   80.83   69.12   81.39
12:15:30 65.97   80.83   68.90   81.39
12:16:33 65.97   80.83   69.01   81.28
12:17:36 65.97   80.60   69.01   81.39
12:18:40 65.97   80.71   69.01   81.39
12:19:43 65.97   80.83   68.90   81.39
12:20:46 65.97   80.71   68.90   81.39
12:21:50 65.97   80.60   69.01   81.28
12:22:53 65.97   80.83   69.01   81.28
12:23:56 65.97   80.60   68.90   81.16
12:25:00 65.97   80.60   68.90   81.16
12:26:03 65.97   80.71   68.79   81.28
12:27:07 65.97   80.49   68.79   81.28
12:28:10 65.97   80.60   68.90   81.28
12:29:13 65.97   80.83   68.90   81.28
12:30:17 65.97   80.83   68.90   81.16
12:31:20 65.97   80.94   68.90   81.28
12:32:23 65.97   80.83   68.90   81.28
12:33:27 65.97   80.83   68.90   81.28
12:34:30 65.97   80.83   68.79   81.16
12:35:33 65.97   80.94   68.90   81.16
12:36:37 65.97   80.71   68.79   81.05
12:37:40 65.86   80.83   68.90   81.16
12:38:43 65.86   80.60   68.79   81.16
12:39:47 65.86   80.71   68.79   81.05
12:40:50 65.86   80.60   68.79   81.16
12:41:53 65.86   80.83   68.68   81.05
12:42:57 65.86   80.49   68.79   81.05
12:44:00 65.86   80.49   68.68   80.94
12:45:03 65.86   80.60   68.56   80.83
12:46:07 65.86   80.71   68.68   80.94
12:47:10 65.86   80.38   68.68   81.05
12:48:13 65.86   80.26   68.56   80.94
12:49:17 65.86   80.60   68.56   80.71
12:50:20 65.86   80.38   68.68   80.71
12:51:23 65.86   80.38   68.56   80.83
12:52:27 65.86   80.60   68.68   81.05
12:53:30 65.86   80.38   68.56   80.94
12:54:33 65.86   80.49   68.45   80.94
12:55:37 65.86   80.26   68.56   80.94
12:56:40 65.86   80.26   68.56   80.94
12:57:43 65.75   80.26   68.56   81.05
12:58:47 65.86   80.04   68.45   80.94
12:59:50 65.75   80.38   68.45   80.83
13:00:53 65.75   80.49   68.45   80.83
13:01:57 65.75   80.26   68.45   80.83
13:03:00 65.75   80.26   68.34   80.94
13:04:04 65.75   80.15   68.45   80.94
13:05:07 65.75   80.04   68.56   80.94
13:06:10 65.75   80.26   68.34   80.94
13:07:14 65.75   80.15   68.34   80.94
13:08:17 65.75   80.26   68.34   80.83
13:09:20 65.75   80.04   68.34   80.83
13:10:24 65.75   79.93   68.45   80.83
13:11:27 65.75   80.38   68.22   80.83
13:12:30 65.75   80.49   68.34   80.94
13:13:34 65.75   80.15   68.34   80.83
13:14:37 65.75   80.26   68.22   80.71
13:15:40 65.75   80.15   68.11   80.71
13:16:44 65.75   80.15   68.22   80.71
13:17:47 65.64   80.04   68.34   80.71
13:18:50 65.64   79.81   68.22   80.83
13:19:54 65.64   80.49   68.00   80.71
13:20:57 65.64   79.81   68.11   80.71
13:22:00 65.64   79.93   68.11   80.60
13:23:04 65.64   80.15   68.22   80.71
13:24:07 65.64   80.15   68.00   80.83
13:25:10 65.64   80.15   68.11   80.71
13:26:14 65.64   80.04   68.00   80.71
13:27:17 65.64   79.93   68.00   80.60
13:28:20 65.64   80.04   67.89   80.49
13:29:24 65.64   80.38   68.00   80.49
13:30:27 65.64   80.04   68.11   80.49
13:31:30 65.64   80.26   67.78   80.38
13:32:34 65.64   79.81   67.89   80.38
13:33:37 65.64   79.93   67.89   80.26
13:34:40 65.53   79.70   67.89   80.26
13:35:44 65.53   79.81   67.89   80.26
13:36:47 65.53   80.15   67.89   80.38
13:37:50 65.53   79.93   67.78   80.26
13:38:54 65.53   79.70   67.89   80.38
13:39:57 65.53   79.81   67.89   80.26
13:41:00 65.53   79.93   67.78   80.26
13:42:04 65.53   79.70   67.78   80.26
13:43:07 65.53   80.04   67.78   80.26
13:44:11 65.53   79.93   67.66   80.26
13:45:14 65.53   79.59   67.66   80.15
13:46:17 65.53   79.70   67.55   80.15
13:47:21 65.41   79.59   67.66   80.26
13:48:24 65.41   79.59   67.55   80.26
13:49:27 65.53   79.81   67.66   80.26
13:50:31 65.41   79.70   67.66   80.15
13:51:34 65.53   79.70   67.66   80.15
13:52:37 65.41   79.81   67.55   80.15
13:53:41 65.41   79.81   67.55   80.04
13:54:44 65.41   79.47   67.44   80.15
13:55:47 65.41   79.59   67.55   80.15
13:56:51 65.41   79.59   67.66   80.15
13:57:54 65.41   79.59   67.44   80.15
13:58:57 65.41   79.70   67.66   80.26
14:00:01 65.41   79.47   67.55   80.26
14:01:04 65.41   79.47   67.55   80.15
14:02:07 65.41   79.47   67.44   80.15
14:03:11 65.41   79.25   67.44   80.15
14:04:14 65.41   79.47   67.33   80.15
14:05:17 65.41   79.70   67.33   80.15
14:06:21 65.30   79.36   67.33   80.04
14:07:24 65.30   79.36   67.33   80.04
14:08:27 65.30   79.25   67.33   79.93
14:09:31 65.30   79.47   67.44   79.81
14:10:34 65.30   79.36   67.33   79.93
14:11:37 65.30   79.25   67.33   79.81
14:12:41 65.30   79.14   67.33   79.81
14:13:44 65.30   79.03   67.33   79.70
14:14:47 65.30   79.25   67.33   79.70
14:15:51 65.30   79.36   67.33   79.70
14:16:54 65.30   79.47   67.33   79.81
14:17:57 65.30   79.14   67.33   79.81
14:19:01 65.30   79.36   67.33   79.81
14:20:04 65.30   86.22   67.33   79.81
14:21:07 67.10   132.80   67.33   79.93
14:22:10 68.00   149.11   67.33   80.38
14:23:13 68.56   156.54   67.33   81.16
14:24:16 69.01   144.73   67.55   82.06
14:25:19 69.46   147.76   67.55   82.74
14:26:22 69.91   155.75   67.66   83.30
14:27:25 70.25   157.44   67.78   83.86
14:28:28 70.59   145.96   68.00   84.09
14:29:30 70.93   153.05   68.00   86.22
14:30:33 71.15   159.91   68.34   87.12
14:31:36 71.26   148.10   68.34   87.58
14:32:39 71.38   149.90   68.45   87.91
14:33:42 71.60   157.78   68.56   88.25
14:34:45 71.83   157.78   68.68   88.81
14:35:48 71.94   147.31   68.79   88.81
14:36:51 72.05   154.51   68.90   89.04
14:37:54 72.16   161.15   69.01   89.38
14:38:56 72.28   150.24   69.12   89.71
14:39:59 72.28   150.01   69.12   89.71
14:41:02 72.28   157.66   69.24   90.05
14:42:05 72.39   161.94   69.46   90.39
14:43:08 72.61   147.43   69.46   90.50
14:44:11 72.72   153.28   69.58   90.61
14:45:14 72.72   157.55   69.69   90.84
14:46:17 72.72   132.35   69.69   91.06
14:47:20 72.61   114.69   69.80   90.84
14:48:23 71.38   116.83   69.91   90.39
14:49:27 70.81   126.84   69.91   89.94
14:50:30 71.83   144.28   69.80   90.05
14:51:32 72.05   154.51   69.91   90.50
14:52:35 72.28   160.81   70.03   91.06
14:53:38 72.50   150.12   70.14   91.51
14:54:41 72.72   150.01   70.25   91.74
14:55:44 72.95   157.78   70.36   92.08
14:56:47 72.95   146.19   70.36   92.30
14:57:50 73.18   119.19   70.47   92.30
14:58:53 72.16   116.83   70.47   91.96
14:59:57 70.93   117.73   70.47   91.51
15:01:00 71.38   131.45   70.47   91.29
15:02:03 72.16   146.41   70.59   91.51
15:03:06 72.50   155.75   70.70   91.85
15:04:09 72.72   161.60   70.70   92.41
15:05:11 72.95   147.99   70.81   92.75
15:06:14 73.18   144.84   70.81   93.09
15:07:17 73.18   121.55   70.81   92.97
15:08:21 72.61   115.92   70.81   92.75
15:09:24 71.26   116.94   70.93   92.41
15:10:27 70.47   121.55   70.93   92.19
15:11:30 71.94   140.11   70.93   92.19
15:12:33 72.50   152.04   71.04   92.64
15:13:36 72.72   159.35   71.15   93.09
15:14:39 72.95   157.21   71.15   93.65
15:15:42 73.29   135.73   71.26   93.88
15:16:45 73.29   114.35   71.26   93.76
15:17:48 72.05   115.59   71.26   93.31
15:18:52 70.81   116.60   71.38   92.97
15:19:55 69.91   115.48   71.38   92.64
15:20:58 69.46   117.05   71.38   92.53
15:22:02 71.71   137.64   71.15   102.54
15:23:04 72.50   150.24   71.38   110.41
15:24:07 72.95   158.34   71.38   112.10
15:25:10 73.29   156.54   71.49   112.78
15:26:13 73.62   128.86   71.60   113.23
15:27:16 72.84   121.89   71.60   113.23
15:28:20 71.49   122.23   71.60   112.66
15:29:23 70.47   121.89   71.60   112.10
15:30:26 69.69   122.23   71.49   111.54
15:31:30 70.14   125.60   71.49   110.98
15:32:33 72.05   137.19   71.38   110.53
15:33:36 72.84   149.45   71.49   110.41
15:34:38 73.18   157.21   71.49   110.30
15:35:41 73.51   135.84   71.60   109.85
15:36:45 73.74   114.12   71.49   109.17
15:37:48 72.50   114.91   71.60   108.39
15:38:51 71.15   116.15   71.60   107.71
15:39:55 70.25   113.79   71.60   107.04
15:40:58 69.58   111.88   71.49   106.48
15:42:01 69.01   113.79   71.49   105.91
15:43:05 68.79   112.89   71.49   105.46
15:44:08 68.45   111.65   71.49   104.90
15:45:11 68.22   109.74   71.38   104.34
15:46:15 68.11   108.16   71.26   103.89
15:47:18 69.01   120.99   71.26   103.55
15:48:21 71.49   140.90   71.15   103.44
15:49:24 72.50   152.04   71.26   103.44
15:50:27 73.06   132.80   71.38   103.66
15:51:30 72.72   119.30   71.38   103.55
15:52:33 71.38   119.86   71.49   103.21
15:53:37 70.36   117.95   71.38   102.76
15:54:40 69.69   118.96   71.26   102.31
15:55:43 69.12   117.84   71.38   101.98
15:56:47 68.79   116.26   71.38   101.64
15:57:50 68.45   114.58   71.26   101.41
15:58:53 68.22   112.33   71.26   100.96
15:59:57 68.00   110.75   71.15   100.74
16:01:00 67.89   108.39   71.15   100.51
16:02:03 67.78   107.49   71.15   100.29
16:03:07 67.66   105.69   71.15   100.06
16:04:10 67.55   104.67   71.04   99.84
16:05:13 67.44   103.44   71.15   99.61
16:06:17 67.44   102.09   71.15   99.39
16:07:20 67.33   100.85   71.04   99.28
16:08:24 67.33   99.28   70.93   99.05
16:09:27 67.33   98.60   71.04   98.83
16:10:30 67.21   97.59   71.04   98.71
16:11:34 67.21   96.80   70.93   98.60
16:12:37 67.21   96.01   70.81   98.38
16:13:40 67.21   95.34   70.81   98.15
16:14:44 67.10   94.44   70.81   97.92
16:15:47 67.10   94.44   70.81   97.59
16:16:50 67.10   93.54   70.81   97.48
16:17:54 66.99   93.20   70.70   97.25
16:18:57 66.99   92.75   70.70   106.81
16:20:00 66.99   92.41   70.81   116.83
16:21:04 66.99   91.85   70.70   117.05
16:22:07 66.99   91.62   70.59   115.48
16:23:10 66.88   90.95   70.47   113.67
16:24:14 66.88   90.50   70.59   111.99
16:25:17 66.88   90.16   70.47   110.75
16:26:20 66.76   90.05   70.47   109.51
16:27:24 66.76   89.83   70.47   108.28
16:28:27 66.76   89.49   70.36   107.38
16:29:30 66.76   89.15   70.36   106.48
16:30:34 66.76   89.15   70.25   105.69
16:31:37 66.65   88.81   70.36   105.01
16:32:40 66.65   88.47   70.25   104.34
16:33:44 66.65   88.03   70.25   103.78
16:34:47 66.65   87.69   70.25   103.10
16:35:50 66.65   87.58   70.25   102.42
16:36:54 66.65   87.58   70.14   101.98
16:37:57 66.54   87.35   70.14   101.41
16:39:01 66.65   87.01   70.14   100.96
16:40:04 66.54   87.01   70.14   100.40
16:41:07 66.54   87.01   70.03   99.95
16:42:11 66.54   86.79   69.91   99.50
16:43:14 66.54   86.68   69.91   99.16
16:44:17 66.43   86.56   70.03   98.60
16:45:21 66.43   86.56   69.91   98.38
16:46:24 66.43   86.34   69.80   98.04
16:47:27 66.43   85.89   69.91   97.59
16:48:31 66.43   85.78   69.80   97.25
16:49:34 66.43   85.89   69.80   96.91
16:50:37 66.43   85.78   69.69   96.58
16:51:41 66.43   85.78   69.58   96.24
16:52:44 66.31   85.66   69.80   96.01
16:53:47 66.31   85.89   69.69   95.56
16:54:51 66.31   85.78   69.69   95.34
16:55:54 66.31   85.55   69.69   94.89
16:56:57 66.31   85.44   69.69   94.66
16:58:01 66.31   85.33   69.58   94.44
16:59:04 66.31   85.21   69.58   94.21
17:00:07 66.31   85.21   69.58   93.88
17:01:11 66.31   85.21   69.58   93.54
17:02:14 66.31   85.10   69.46   93.43
17:03:17 66.20   85.10   69.46   93.09
17:04:21 66.20   84.76   69.46   92.86
17:05:24 66.20   84.76   69.46   92.64
17:06:27 66.20   84.88   69.46   98.26
17:07:31 66.20   84.88   69.35   110.41
17:08:34 66.20   84.88   69.35   110.64
17:09:37 66.20   84.54   69.35   109.85
17:10:41 66.09   84.54   69.35   109.29
17:11:44 66.20   84.54   69.35   108.84
17:12:48 66.20   84.65   69.24   108.16
17:13:51 66.20   84.54   69.24   107.60
17:14:54 66.20   84.65   69.24   106.92
17:15:58 66.09   84.54   69.24   106.25
17:17:01 66.20   84.65   69.24   110.53
17:18:04 66.20   84.76   69.24   111.65
17:19:08 66.20   84.65   69.24   111.09
17:20:11 66.20   84.43   69.12   110.19
17:21:14 66.20   84.31   69.01   109.29
17:22:18 66.09   84.43   69.24   108.28
17:23:21 66.09   84.20   69.01   107.49
17:24:24 66.20   84.09   69.01   106.59
17:25:28 66.09   84.09   69.01   105.80
17:26:31 66.09   84.20   69.01   105.01
17:27:34 66.09   84.09   69.01   104.34
17:28:38 66.09   83.97   69.01   103.66
17:29:41 66.09   83.86   69.01   102.99
17:30:44 66.09   83.97   69.01   102.31
17:31:48 66.09   83.64   68.90   101.75
17:32:51 65.97   83.86   68.79   101.19
17:33:54 66.09   83.53   68.90   100.74
17:34:58 65.97   83.75   68.79   100.17
17:36:01 65.97   83.64   68.68   99.73
17:37:04 65.97   83.75   68.68   99.16
17:38:08 65.97   83.53   68.68   98.83
17:39:11 65.97   83.53   68.68   109.40
17:40:14 65.97   83.41   68.68   110.53
17:41:18 65.97   83.41   68.79   109.74
17:42:21 65.97   83.19   68.68   108.61
17:43:25 65.86   83.19   68.68   107.38
17:44:28 65.86   83.08   68.68   106.14
17:45:31 65.86   83.19   68.68   105.12
17:46:35 65.86   83.08   68.68   104.23
17:47:38 65.86   83.19   68.56   103.33
17:48:41 65.86   83.08   68.56   107.38
17:49:45 65.86   83.19   68.56   109.17
17:50:48 65.86   82.96   68.56   109.96
17:51:51 65.86   82.96   68.56   109.06
17:52:55 65.86   82.85   68.45   107.94
17:53:58 65.86   83.08   68.34   106.70
17:55:01 65.86   83.08   68.45   105.91
17:56:05 65.86   82.96   68.45   105.24
17:57:08 65.75   82.85   68.45   104.34
17:58:11 65.75   82.85   68.45   104.34
17:59:15 65.75   82.85   68.34   103.78
18:00:18 65.75   82.40   68.34   102.99
18:01:21 65.75   82.51   68.45   102.09
18:02:25 65.75   82.51   68.34   101.30
18:03:28 65.75   82.62   68.22   100.62
18:04:31 65.75   82.85   68.22   99.95
18:05:35 65.75   82.62   68.22   99.16
18:06:38 65.75   82.62   68.34   98.49
18:07:41 65.75   82.62   68.22   97.92
18:08:45 65.75   82.51   68.34   97.36
18:09:48 65.64   82.40   68.22   106.81
18:10:51 65.75   82.29   68.11   107.49
18:11:55 65.64   82.51   68.22   106.36
18:12:58 65.64   82.51   68.11   105.01
18:14:01 65.64   82.51   68.11   103.78
18:15:05 65.64   82.62   68.11   107.83
18:16:08 65.64   82.29   68.11   110.41
18:17:11 65.64   82.40   68.11   110.19
18:18:15 65.64   82.29   68.00   109.29
18:19:18 65.64   82.29   68.11   108.05
18:20:22 65.64   82.40   68.56   106.70
18:21:25 65.64   82.29   68.68   105.46
18:22:28 65.64   82.18   68.79   104.34
18:23:32 65.64   82.18   68.90   103.44
18:24:35 65.64   82.06   68.90   102.42
18:25:38 65.64   82.29   69.01   101.53
18:26:42 65.64   82.29   69.01   100.74
18:27:45 65.64   82.18   69.12   99.95
18:28:48 65.64   81.95   69.12   99.28
18:29:52 65.64   81.84   69.12   98.60
18:30:55 65.64   82.29   69.24   97.92
18:31:58 65.64   81.84   69.24   97.36
18:33:02 65.64   81.84   69.24   96.80
18:34:05 65.64   81.72   69.24   96.24
18:35:08 65.75   81.84   69.24   95.79
18:36:12 65.75   81.84   69.24   95.22
18:37:15 65.75   82.06   69.24   94.78
18:38:18 65.75   81.95   69.24   94.33
18:39:22 65.75   81.72   69.24   93.99
18:40:25 65.75   81.61   69.24   93.65
18:41:28 65.75   81.61   69.24   93.31
18:42:32 65.64   81.61   69.24   92.86
18:43:35 65.64   81.72   69.24   92.53
18:44:38 65.64   81.50   69.24   92.19
18:45:42 65.64   81.61   69.24   91.85
18:46:45 65.64   81.50   69.24   91.40
18:47:48 65.53   81.50   69.24   91.06
18:48:52 65.53   81.84   69.24   90.72
18:49:55 65.53   81.50   69.24   90.39
18:50:58 65.53   81.50   69.24   90.16
18:52:02 65.53   81.50   69.24   89.94
18:53:05 65.53   81.61   69.24   89.71
18:54:09 65.53   81.61   69.24   89.49
18:55:12 65.41   81.50   69.24   89.26
18:56:15 65.41   81.50   69.12   89.04
18:57:19 65.41   81.39   69.12   88.81
18:58:22 65.41   81.16   69.12   88.47
18:59:25 65.41   81.39   69.12   88.25
19:00:29 65.41   81.50   69.12   88.03
19:01:32 65.41   81.28   69.12   87.69
19:02:35 65.30   81.05   69.12   87.58
19:03:39 65.41   81.16   69.12   87.35
19:04:42 65.30   81.16   69.12   87.12
19:05:45 65.30   81.16   69.12   87.01
19:06:49 65.30   81.05   69.12   86.90
19:07:52 65.30   81.05   69.12   86.68
19:08:55 65.30   80.94   69.01   86.56
19:09:59 65.30   81.05   69.01   86.45
19:11:02 65.30   80.94   69.01   86.34
19:12:05 65.30   80.83   69.01   86.11
19:13:09 65.30   80.94   69.01   85.89
19:14:12 65.30   80.94   69.01   85.89
19:15:15 65.19   81.05   69.01   85.78
19:16:19 65.19   81.05   69.01   85.44
19:17:22 65.19   80.83   69.01   85.44
19:18:25 65.19   80.71   69.01   85.21
19:19:29 65.19   82.62   69.01   85.21
19:20:32 66.43   112.89   68.90   85.21
19:21:35 68.45   143.60   69.01   85.33
19:22:38 69.24   142.59   69.01   85.89
19:23:41 69.91   116.26   69.01   86.34
19:24:44 69.24   111.54   69.12   86.45
19:25:48 68.22   109.96   69.12   86.22
19:26:51 67.44   111.09   69.12   86.00
19:27:54 66.99   109.85   69.12   85.78
19:28:58 66.65   108.16   69.12   85.66
19:30:01 66.43   106.70   69.12   85.55
19:31:04 66.20   104.23   69.12   85.44
19:32:08 66.09   102.31   69.12   85.33
19:33:11 65.97   100.74   69.12   85.21
19:34:15 65.86   98.94   69.12   85.10
19:35:18 65.75   97.25   69.12   85.10
19:36:21 65.75   96.58   69.12   84.88
19:37:25 65.64   95.34   69.12   84.99
19:38:28 66.31   111.99   69.01   84.88
19:39:31 68.56   139.55   69.01   84.99
19:40:34 69.35   149.00   69.12   85.44
19:41:37 69.91   125.71   69.12   85.89
19:42:40 69.80   112.44   69.24   86.00
19:43:43 68.68   112.33   69.24   85.89
19:44:47 67.89   110.64   69.24   85.66
19:45:50 67.33   111.42   69.24   94.10
19:46:53 66.88   109.62   69.24   99.28
19:47:57 66.65   107.94   69.35   98.49
19:49:00 66.43   106.14   69.35   97.14
19:50:03 66.20   104.67   69.35   96.01
19:51:07 66.09   102.65   69.35   94.89
19:52:10 65.97   100.96   69.35   94.10
19:53:14 65.86   99.16   69.35   93.31
19:54:17 65.86   99.16   69.35   92.75
19:55:20 67.33   122.11   69.35   92.30
19:56:23 68.90   142.59   69.46   92.08
19:57:26 69.80   152.60   69.46   92.19
19:58:29 70.36   131.00   69.46   92.30
19:59:32 70.36   112.78   69.58   102.99
20:00:36 69.24   113.11   69.69   106.14
20:01:39 68.34   111.65   69.69   105.01
20:02:42 67.66   111.88   69.69   103.55
20:03:46 67.21   111.88   69.69   102.09
20:04:49 66.99   109.29   69.69   100.96
20:05:52 66.65   106.92   69.69   99.73
20:06:56 66.54   105.12   69.69   98.83
20:07:59 66.31   103.89   69.69   97.92
20:09:02 66.20   102.31   69.69   97.14
20:10:06 66.09   100.85   69.69   96.46
20:11:09 65.97   98.94   69.69   95.90
20:12:12 65.97   97.81   69.69   95.34
20:13:16 65.86   96.46   69.69   94.78
20:14:19 65.86   96.80   69.69   94.21
20:15:22 67.33   120.99   69.69   93.88
20:16:25 69.12   143.15   69.69   93.65
20:17:28 69.91   145.96   69.80   93.76
20:18:31 70.36   120.09   69.80   93.99
20:19:35 69.91   112.33   69.80   93.88
20:20:38 68.90   111.88   69.91   93.65
20:21:41 68.00   112.78   69.91   93.31
20:22:45 67.44   111.54   69.91   92.86
20:23:48 67.10   109.85   69.91   92.41
20:24:51 66.76   107.71   69.91   92.08
20:25:55 66.54   105.58   69.91   91.74
20:26:58 66.43   104.79   69.91   91.40
20:28:01 66.31   103.10   69.91   91.18
20:29:05 66.20   101.41   69.91   90.95
20:30:08 65.97   100.29   69.91   90.61
20:31:11 65.97   98.94   69.91   90.39
20:32:15 65.86   97.59   69.91   90.05
20:33:18 65.86   96.24   69.91   89.83
20:34:21 65.86   94.89   69.80   89.71
20:35:25 65.75   93.88   69.80   89.60
20:36:28 65.75   92.97   69.80   89.26
20:37:31 65.64   92.30   69.80   89.04
20:38:35 65.64   91.51   69.80   88.93
20:39:38 65.64   91.18   69.80   88.59
20:40:41 65.64   90.72   69.80   88.47
20:41:45 65.53   93.20   69.80   88.25
20:42:48 68.00   130.21   69.80   88.25
20:43:51 69.12   148.21   69.80   88.47
20:44:54 69.91   136.06   69.80   88.93
20:45:57 70.25   113.23   69.91   89.15
20:47:00 69.24   112.44   69.91   89.15
20:48:04 68.22   111.20   69.91   88.93
20:49:07 67.66   112.33   69.91   88.70
20:50:10 67.21   109.96   69.91   88.47
20:51:14 66.88   108.61   69.91   88.36
20:52:17 66.65   107.38   69.91   88.03
20:53:20 66.43   105.58   69.91   87.80
20:54:24 66.31   103.33   69.91   87.80
20:55:27 66.20   101.86   69.91   87.58
20:56:30 66.09   100.29   69.91   99.61
20:57:34 65.97   98.83   69.91   106.92
20:58:37 65.86   97.36   69.91   107.83
20:59:40 65.86   96.69   69.91   106.92
21:00:44 65.86   95.34   69.91   105.58
21:01:47 65.75   94.33   69.91   104.11
21:02:50 65.64   93.88   69.80   102.76
21:03:54 65.75   92.64   69.80   101.64
21:04:57 65.64   91.74   69.80   100.62
21:06:00 65.64   91.18   69.80   99.84
21:07:04 65.75   101.98   69.80   99.05
21:08:07 68.45   137.86   69.80   98.49
21:09:10 69.35   150.69   69.80   98.26
21:10:13 70.03   130.21   69.91   98.15
21:11:16 70.14   112.55   69.91   97.92
21:12:19 69.01   112.21   70.03   97.48
21:13:23 68.22   110.75   70.03   96.91
21:14:26 67.55   109.29   70.03   96.24
21:15:29 67.10   110.08   69.91   95.79
21:16:33 66.88   108.50   69.91   95.22
21:17:36 66.65   106.70   69.91   94.78
21:18:39 66.43   105.12   69.91   94.44
21:19:43 66.20   103.21   70.03   93.99
21:20:46 66.09   101.53   69.91   99.84
21:21:49 65.97   100.40   69.91   106.92
21:22:53 65.97   98.94   69.91   108.50
21:23:56 65.86   97.70   69.91   109.40
21:25:00 65.75   96.58   69.91   109.62
21:26:03 66.31   108.95   69.91   109.62
21:27:06 68.68   138.54   69.91   109.51
21:28:09 69.46   150.91   69.91   109.74
21:29:12 70.14   130.78   70.03   109.96
21:30:15 70.36   112.55   70.03   109.96
21:31:18 69.24   112.44   70.03   109.40
21:32:22 68.34   113.23   70.14   108.73
21:33:25 67.66   112.66   70.14   108.05
21:34:28 67.33   110.64   70.14   107.26
21:35:32 66.99   108.61   70.14   106.36
21:36:35 66.76   107.38   70.03   105.46
21:37:38 66.54   105.12   70.03   104.45
21:38:42 66.31   103.78   70.03   103.66
21:39:45 66.20   102.09   70.03   103.10
21:40:48 66.20   100.96   70.03   102.65
21:41:52 66.09   99.28   70.03   102.20
21:42:55 65.97   98.04   70.03   101.64
21:43:58 65.97   97.03   70.03   101.19
21:45:02 65.86   95.45   70.03   100.74
21:46:05 65.86   94.89   70.03   100.17
21:47:09 65.86   93.99   69.91   100.74
21:48:12 65.86   92.86   69.91   104.00
21:49:15 65.75   92.41   69.91   107.49
21:50:19 65.75   91.62   69.91   107.60
21:51:22 65.75   90.84   69.80   109.29
21:52:25 65.75   90.28   69.80   109.51
21:53:29 65.64   89.83   69.80   109.06
21:54:32 65.64   89.38   69.80   108.39
21:55:35 65.64   88.93   69.80   107.71
21:56:39 65.64   88.47   69.80   107.04
21:57:42 65.53   87.91   69.69   106.36
21:58:45 65.64   87.46   69.80   105.80
21:59:49 65.53   87.12   69.69   105.12
22:00:52 65.53   87.01   69.80   104.45
22:01:55 65.53   86.68   69.69   104.00
22:02:59 65.53   86.45   69.69   103.44
22:04:02 65.53   86.11   69.69   102.88
22:05:05 65.53   85.78   69.69   102.42
22:06:09 65.53   85.78   69.69   101.98
22:07:12 65.53   85.66   69.58   101.53
22:08:15 65.53   85.21   69.58   101.08
22:09:19 65.41   84.99   69.58   100.74
22:10:22 65.53   84.76   69.58   100.29
22:11:25 65.53   84.65   69.58   99.95
22:12:29 65.53   84.54   69.58   99.50
22:13:32 65.41   84.31   69.58   99.16
22:14:35 65.41   84.31   69.58   100.85
22:15:39 65.53   84.20   69.58   111.65
22:16:42 65.41   83.86   69.46   111.54
22:17:45 65.41   83.75   69.46   110.86
22:18:49 65.41   83.53   69.46   109.85
22:19:52 65.41   83.53   69.46   108.61
22:20:56 65.41   83.41   69.46   109.74
22:21:59 65.41   83.53   69.46   110.41
22:23:02 65.30   83.19   69.46   110.30
22:24:06 65.30   83.08   69.35   109.74
22:25:09 65.30   82.85   69.35   109.06
22:26:12 65.30   82.74   69.35   109.51
22:27:16 65.30   82.74   69.35   109.17
22:28:19 65.30   82.51   69.35   108.50
22:29:22 65.30   82.51   69.35   108.05
22:30:26 65.19   82.29   69.24   107.49
22:31:29 65.30   82.40   69.24   106.92
22:32:32 65.19   82.29   69.24   106.36
22:33:36 65.19   82.40   69.24   105.69
22:34:39 65.19   82.40   69.24   105.01
22:35:42 65.19   82.51   69.24   104.45
22:36:46 65.19   82.40   69.24   103.78
22:37:49 65.19   82.51   69.24   103.10
22:38:52 65.19   82.29   69.12   102.31
22:39:56 65.19   82.06   69.24   101.64
22:40:59 65.19   81.95   69.12   101.08
22:42:02 65.19   81.84   69.12   100.29
22:43:06 65.19   82.06   69.12   99.84
22:44:09 65.19   81.61   69.12   99.28
22:45:12 65.19   81.61   69.12   98.71
22:46:16 65.19   81.84   69.12   98.15
22:47:19 65.08   81.50   69.01   97.70
22:48:22 65.08   81.72   69.01   97.25
22:49:26 65.08   81.50   69.01   96.80
22:50:29 65.08   81.50   69.01   96.24
22:51:32 65.08   81.50   69.01   95.90
22:52:36 65.08   81.28   69.01   95.45
22:53:39 65.08   81.28   69.01   95.11
22:54:43 65.08   81.50   69.01   94.66
22:55:46 65.08   81.28   69.01   94.33
22:56:49 64.96   81.16   69.01   93.99
22:57:53 64.96   81.05   69.01   93.65
22:58:56 64.96   81.16   68.90   93.20
22:59:59 64.96   80.94   68.90   92.86
23:01:03 64.96   81.05   68.90   92.64
23:02:06 64.96   81.05   68.90   92.30
23:03:09 64.96   80.83   68.90   91.96
23:04:13 64.96   81.16   68.90   91.62
23:05:16 64.96   80.83   68.79   91.40
23:06:19 64.85   80.94   68.79   91.06
23:07:23 64.96   80.83   68.79   90.84
23:08:26 64.96   80.94   68.79   90.50
23:09:29 64.85   80.83   68.79   90.16
23:10:33 64.96   80.83   68.79   89.94
23:11:36 64.96   81.05   68.79   89.60
23:12:39 64.85   80.71   68.79   89.38
23:13:43 64.85   80.83   68.79   89.15
23:14:46 64.85   80.38   68.79   98.26
23:15:49 64.85   80.71   68.79   107.38
23:16:53 64.85   80.38   68.79   109.51
23:17:56 64.85   80.49   68.68   110.30
23:18:59 64.85   80.38   68.68   110.19
23:20:03 64.85   80.38   68.68   109.96
23:21:06 64.85   80.38   68.68   109.51
23:22:09 64.85   80.38   68.68   108.73
23:23:13 64.85   80.26   68.68   108.05
23:24:16 64.85   80.49   68.56   107.60
23:25:20 64.85   80.49   68.56   107.04
23:26:23 64.85   80.38   68.56   106.59
23:27:26 64.85   80.38   68.56   105.91
23:28:30 64.85   80.49   68.56   105.35
23:29:33 64.85   80.38   68.56   104.67
23:30:36 64.85   80.26   68.56   104.00
23:31:40 64.85   80.60   68.56   103.21
23:32:43 64.85   80.38   68.56   102.42
23:33:46 64.85   80.15   68.56   101.75
23:34:50 64.85   80.15   68.56   101.08
23:35:53 64.85   80.26   68.56   100.40
23:36:56 64.85   80.15   68.56   99.84
23:38:00 64.85   80.38   68.56   99.39
23:39:03 64.74   80.26   68.45   98.83
23:40:06 64.74   80.15   68.45   98.26
23:41:10 64.85   80.04   68.45   97.81
23:42:13 64.74   80.15   68.45   97.36
23:43:16 64.74   80.26   68.45   96.80
23:44:20 64.74   80.04   68.45   96.35
23:45:23 64.74   79.81   68.34   95.90
23:46:26 64.74   80.15   68.45   95.34
23:47:30 64.74   80.15   68.34   95.00
23:48:33 64.74   79.93   68.34   94.55
23:49:36 64.74   79.93   68.34   94.10
23:50:40 64.74   79.81   68.34   93.76
23:51:43 64.74   79.93   68.34   93.31
23:52:46 64.74   79.81   68.34   92.97
23:53:50 64.74   79.81   68.34   92.64
23:54:53 64.62   79.81   68.34   92.30
23:55:56 64.74   79.70   68.34   91.96
23:57:00 64.62   79.70   68.34   91.62
23:58:03 64.62   79.81   68.34   91.29
23:59:06 64.62   79.59   68.22   90.95
