 Date  Furn_In  Furn_Out  Bsmnt   Water_Htr
00:00:05 65.08   80.60   68.00   85.55
00:01:08 65.08   80.71   68.00   85.33
00:02:12 65.08   80.71   67.89   85.21
00:03:15 65.08   80.49   67.89   84.99
00:04:18 65.19   80.49   67.89   84.88
00:05:22 65.19   80.26   67.89   84.65
00:06:25 65.19   80.38   67.89   84.65
00:07:28 65.19   80.60   67.89   84.54
00:08:32 65.08   80.60   67.89   84.43
00:09:35 65.08   80.60   67.78   84.31
00:10:38 65.08   80.26   67.89   84.20
00:11:42 65.08   80.38   67.89   84.09
00:12:45 65.19   80.15   67.89   83.86
00:13:48 65.19   80.26   67.78   83.75
00:14:52 65.19   80.49   67.78   83.64
00:15:55 65.19   80.71   67.89   83.41
00:16:58 65.08   80.49   67.78   83.41
00:18:02 65.19   80.60   67.78   83.30
00:19:05 65.08   80.49   67.78   83.19
00:20:08 65.08   80.60   67.78   83.08
00:21:12 65.19   80.26   67.78   82.96
00:22:15 65.19   80.26   67.89   82.85
00:23:18 65.08   80.26   67.78   82.74
00:24:22 65.08   80.38   67.78   82.62
00:25:25 65.08   80.26   67.78   82.51
00:26:28 65.08   80.38   67.78   82.40
00:27:32 65.08   80.15   67.78   82.29
00:28:35 65.08   80.26   67.78   82.29
00:29:38 65.08   80.15   67.78   82.18
00:30:42 65.08   80.26   67.78   82.18
00:31:45 65.08   80.38   67.78   82.06
00:32:48 65.08   80.38   67.78   81.95
00:33:52 65.08   80.49   67.78   81.95
00:34:55 65.08   80.38   67.78   81.84
00:35:59 65.08   80.26   67.78   81.72
00:37:02 65.08   80.60   67.78   81.61
00:38:05 65.08   80.26   67.78   81.61
00:39:09 65.08   80.38   67.66   81.50
00:40:12 65.08   80.38   67.66   81.50
00:41:15 65.08   80.38   67.78   81.50
00:42:19 65.08   80.60   67.78   81.50
00:43:22 65.08   80.26   67.78   81.50
00:44:25 65.08   80.04   67.78   81.39
00:45:29 65.08   80.38   67.66   81.39
00:46:32 65.08   80.38   67.66   81.28
00:47:35 65.08   80.38   67.66   81.16
00:48:39 65.08   80.26   67.66   81.05
00:49:42 65.08   80.15   67.66   81.05
00:50:45 65.08   80.15   67.66   80.94
00:51:49 65.08   80.04   67.66   80.94
00:52:52 65.08   80.04   67.66   80.94
00:53:55 65.08   80.15   67.66   80.83
00:54:59 65.08   79.93   67.66   80.83
00:56:02 65.08   80.26   67.55   80.71
00:57:05 65.08   79.93   67.55   80.60
00:58:09 65.08   80.15   67.66   80.71
00:59:12 65.08   80.26   67.66   80.71
01:00:15 65.08   80.04   67.66   80.60
01:01:19 65.08   80.04   67.66   80.49
01:02:22 65.08   80.04   67.66   80.49
01:03:25 65.08   80.04   67.66   80.49
01:04:29 65.08   79.81   67.66   80.38
01:05:32 65.08   80.04   67.55   80.49
01:06:35 65.08   80.15   67.55   80.38
01:07:39 65.08   80.04   67.55   80.38
01:08:42 65.08   79.93   67.66   80.38
01:09:45 65.08   79.81   67.55   80.38
01:10:49 65.08   79.81   67.66   80.49
01:11:52 65.08   79.93   67.55   80.38
01:12:55 65.08   79.93   67.55   80.38
01:13:59 65.08   79.93   67.55   80.38
01:15:02 65.08   79.93   67.55   80.26
01:16:06 65.08   79.93   67.55   80.26
01:17:09 65.08   80.15   67.44   80.15
01:18:12 64.96   80.15   67.55   80.15
01:19:16 65.08   80.15   67.55   80.15
01:20:19 64.96   79.93   67.55   80.15
01:21:22 65.08   80.04   67.55   80.15
01:22:26 65.08   79.93   67.55   80.04
01:23:29 64.96   79.81   67.55   80.04
01:24:32 65.08   80.04   67.55   80.04
01:25:36 65.08   79.81   67.55   80.04
01:26:39 64.96   79.93   67.55   79.93
01:27:42 64.96   80.04   67.44   79.81
01:28:46 65.08   80.04   67.44   79.81
01:29:49 65.08   79.93   67.44   79.93
01:30:52 65.08   87.35   67.55   80.04
01:31:55 67.78   133.48   67.44   80.15
01:32:58 68.79   144.61   67.55   80.83
01:34:01 69.35   120.31   67.55   81.50
01:35:05 69.01   110.86   67.55   81.61
01:36:08 68.00   109.51   67.55   81.50
01:37:11 67.33   111.31   67.66   81.39
01:38:15 66.88   109.06   67.66   81.39
01:39:18 66.65   106.81   67.78   81.28
01:40:21 66.31   105.58   67.66   81.16
01:41:25 66.20   104.23   67.66   81.05
01:42:28 66.09   102.20   67.66   81.05
01:43:31 65.97   101.08   67.78   81.05
01:44:35 65.97   98.94   67.78   81.05
01:45:38 65.86   97.36   67.78   81.05
01:46:41 65.75   96.24   67.78   81.05
01:47:45 65.64   95.34   67.66   80.94
01:48:48 65.64   93.76   67.66   80.94
01:49:51 65.64   92.53   67.66   80.94
01:50:55 66.09   105.91   67.66   80.94
01:51:58 68.45   137.75   67.78   81.05
01:53:01 69.12   150.01   67.78   81.72
01:54:04 69.69   129.31   67.89   82.40
01:55:07 69.69   111.88   67.89   82.62
01:56:10 68.56   111.76   67.89   82.62
01:57:14 67.89   109.17   67.89   82.40
01:58:17 67.33   109.62   68.00   82.29
01:59:20 66.99   109.17   68.00   82.18
02:00:24 66.76   107.38   68.00   82.06
02:01:27 66.43   105.69   68.00   81.95
02:02:30 66.31   103.89   68.00   81.84
02:03:34 66.20   101.75   67.89   81.84
02:04:37 66.09   100.40   68.00   81.72
02:05:40 66.09   99.28   68.00   81.61
02:06:44 65.97   97.92   68.00   81.72
02:07:47 65.86   96.58   68.00   81.72
02:08:50 65.86   99.50   68.00   81.72
02:09:54 68.34   132.69   68.00   81.84
02:10:56 69.24   147.99   68.11   82.40
02:11:59 69.80   137.75   68.11   83.19
02:13:02 70.14   113.11   68.11   83.53
02:14:06 69.12   112.21   68.22   83.41
02:15:09 68.34   111.54   68.22   83.19
02:16:12 67.66   112.44   68.22   82.96
02:17:16 67.21   110.98   68.22   82.85
02:18:19 66.99   109.06   68.22   82.74
02:19:23 66.65   106.92   68.22   82.62
02:20:26 66.54   105.12   68.22   82.62
02:21:29 66.43   103.21   68.22   82.62
02:22:33 66.31   102.20   68.22   82.62
02:23:36 66.20   100.51   68.22   82.62
02:24:39 66.09   99.39   68.22   82.51
02:25:43 65.97   97.81   68.22   82.40
02:26:46 65.97   96.46   68.22   82.40
02:27:49 66.31   106.48   68.22   82.51
02:28:52 68.79   136.96   68.22   82.62
02:29:55 69.46   149.90   68.34   83.53
02:30:58 69.91   132.01   68.34   84.20
02:32:01 70.14   112.44   68.45   84.31
02:33:05 69.01   112.33   68.45   84.31
02:34:08 68.11   110.86   68.45   83.97
02:35:11 67.66   111.65   68.45   83.86
02:36:15 67.21   110.75   68.45   83.64
02:37:18 66.99   108.84   68.45   83.64
02:38:21 66.76   106.59   68.45   83.53
02:39:25 66.54   105.46   68.45   83.53
02:40:28 66.43   103.55   68.45   83.41
02:41:31 66.31   101.64   68.45   83.41
02:42:35 66.20   100.62   68.45   83.30
02:43:38 66.20   99.39   68.45   83.30
02:44:41 66.09   98.15   68.45   83.19
02:45:45 66.09   96.35   68.45   83.19
02:46:48 65.97   95.11   68.45   83.30
02:47:52 65.97   94.44   68.45   83.19
02:48:55 65.86   94.10   68.45   83.08
02:49:58 67.55   119.64   68.45   83.08
02:51:01 69.12   143.04   68.45   83.41
02:52:04 69.69   142.70   68.45   84.20
02:53:07 70.14   116.94   68.56   84.76
02:54:10 69.46   112.33   68.56   84.76
02:55:14 68.56   112.21   68.56   84.43
02:56:17 67.89   108.39   68.56   84.20
02:57:20 67.44   107.60   68.56   84.09
02:58:24 67.10   107.26   68.56   83.97
02:59:27 66.88   106.81   68.68   83.86
03:00:30 66.65   105.58   68.56   83.97
03:01:34 66.54   104.00   68.68   83.86
03:02:37 66.43   102.76   68.68   83.75
03:03:41 66.31   101.64   68.68   83.64
03:04:44 66.20   100.17   68.56   83.64
03:05:47 66.20   98.38   68.56   83.53
03:06:51 66.09   96.91   68.56   83.53
03:07:54 66.09   96.01   68.68   83.41
03:08:57 66.09   94.89   68.56   83.30
03:10:01 65.97   93.76   68.56   83.19
03:11:04 65.97   92.86   68.56   83.19
03:12:07 65.97   91.85   68.56   83.19
03:13:11 65.86   91.06   68.56   83.19
03:14:14 65.86   90.61   68.56   83.08
03:15:17 65.86   89.94   68.56   83.19
03:16:21 65.86   89.26   68.56   82.96
03:17:24 65.86   89.04   68.56   82.96
03:18:27 65.75   88.59   68.45   82.85
03:19:31 65.75   87.69   68.45   82.85
03:20:34 65.75   87.12   68.34   82.85
03:21:37 65.75   90.72   68.45   82.96
03:22:41 68.11   129.65   68.45   83.08
03:23:43 69.12   147.43   68.45   83.64
03:24:46 69.58   128.75   68.56   84.31
03:25:50 69.69   111.54   68.56   84.43
03:26:53 68.79   111.54   68.56   84.31
03:27:56 68.00   111.54   68.68   84.20
03:29:00 67.55   110.64   68.68   84.09
03:30:03 67.10   109.51   68.68   83.97
03:31:06 66.99   107.38   68.68   83.86
03:32:10 66.76   105.58   68.68   83.86
03:33:13 66.54   104.34   68.68   83.75
03:34:16 66.54   103.44   68.68   83.75
03:35:20 66.31   101.19   68.68   83.64
03:36:23 66.31   99.84   68.68   83.64
03:37:26 66.20   98.49   68.68   83.53
03:38:30 66.09   97.25   68.56   83.53
03:39:33 66.09   96.24   68.56   83.41
03:40:36 65.97   95.11   68.56   83.41
03:41:40 65.97   93.88   68.56   83.41
03:42:43 65.97   93.09   68.56   83.19
03:43:46 65.86   92.19   68.56   83.19
03:44:50 65.86   91.51   68.56   83.19
03:45:53 65.86   90.84   68.56   83.08
03:46:57 65.75   90.16   68.56   82.96
03:48:00 65.75   89.38   68.56   83.08
03:49:03 65.75   89.60   68.45   82.96
03:50:07 66.76   110.19   68.45   82.96
03:51:10 68.68   140.56   68.45   83.19
03:52:12 69.24   146.53   68.56   83.97
03:53:15 69.80   121.55   68.56   84.65
03:54:19 69.46   111.99   68.56   102.76
03:55:22 68.45   111.42   68.68   105.80
03:56:25 67.78   111.09   68.68   106.48
03:57:29 67.33   110.64   68.68   107.15
03:58:32 66.99   109.29   68.79   107.49
03:59:35 66.88   108.28   68.68   107.71
04:00:39 66.65   106.03   68.68   107.26
04:01:42 66.54   104.56   68.68   108.39
04:02:45 66.43   102.42   68.68   108.73
04:03:49 66.31   101.53   68.68   109.06
04:04:52 66.31   99.61   68.79   109.51
04:05:56 66.20   98.71   68.68   109.29
04:06:59 66.09   96.80   68.68   108.73
04:08:02 66.09   95.45   68.68   108.05
04:09:06 66.09   94.89   68.68   107.38
04:10:09 65.97   93.88   68.68   106.70
04:11:12 65.97   92.86   68.68   106.14
04:12:16 65.97   91.96   68.68   105.35
04:13:19 65.97   91.51   68.56   104.67
04:14:22 65.97   90.50   68.56   104.00
04:15:26 65.86   90.84   68.56   103.33
04:16:29 66.88   108.50   68.56   107.49
04:17:32 68.90   139.66   68.56   108.28
04:18:35 69.58   149.00   68.56   108.50
04:19:38 70.14   125.49   68.68   108.28
04:20:41 70.14   112.55   68.68   107.71
04:21:44 69.01   111.76   68.79   106.59
04:22:48 68.22   110.53   68.68   105.58
04:23:51 67.66   107.71   68.79   104.90
04:24:54 67.33   108.95   68.79   104.23
04:25:58 67.10   108.28   68.79   103.44
04:27:01 66.88   106.70   68.79   102.88
04:28:05 66.76   105.12   68.79   102.31
04:29:08 66.54   103.21   68.79   101.75
04:30:11 66.43   101.86   68.79   101.19
04:31:15 66.31   100.62   68.79   100.74
04:32:18 66.31   99.39   68.79   100.17
04:33:21 66.31   97.36   68.79   99.73
04:34:25 66.20   96.24   68.79   106.36
04:35:28 66.09   95.34   68.68   108.50
04:36:31 66.09   93.99   68.79   107.60
04:37:35 66.09   93.09   68.68   106.48
04:38:38 65.97   92.86   68.68   105.24
04:39:41 65.86   91.85   68.68   104.11
04:40:45 65.86   90.95   68.68   103.10
04:41:48 65.86   90.50   68.68   102.31
04:42:51 65.86   89.94   68.68   101.53
04:43:55 65.86   89.38   68.68   106.70
04:44:58 65.75   88.59   68.56   110.75
04:46:01 65.75   88.14   68.56   109.96
04:47:05 65.75   87.46   68.56   108.61
04:48:08 65.75   87.35   68.56   107.26
04:49:11 65.64   87.01   68.56   106.14
04:50:15 65.64   86.56   68.45   104.90
04:51:18 65.64   86.34   68.45   104.00
04:52:21 65.64   86.11   68.56   102.99
04:53:25 65.64   85.66   68.45   102.09
04:54:28 65.64   85.66   68.45   101.41
04:55:31 65.64   85.21   68.45   100.74
04:56:35 65.53   84.99   68.45   100.06
04:57:38 65.53   84.88   68.45   99.39
04:58:41 65.53   84.88   68.45   98.83
04:59:45 65.53   84.54   68.45   98.26
05:00:48 65.53   84.31   68.45   97.70
05:01:52 65.53   84.09   68.56   97.14
05:02:55 65.53   83.86   68.45   96.69
05:03:58 65.53   83.97   68.45   96.24
05:05:02 65.75   95.79   68.45   96.01
05:06:05 68.34   137.53   68.45   95.79
05:07:08 69.12   151.48   68.34   96.01
05:08:10 69.69   152.94   68.56   96.35
05:09:13 70.14   144.16   68.56   96.58
05:10:16 70.47   152.38   68.56   96.80
05:11:19 70.93   159.24   68.68   96.91
05:12:22 71.15   145.18   68.79   97.03
05:13:25 71.49   150.80   68.90   97.03
05:14:28 71.71   158.79   69.01   97.14
05:15:31 71.94   148.55   69.01   97.25
05:16:34 72.16   149.00   69.12   97.14
05:17:36 72.39   157.44   69.24   97.36
05:18:39 72.39   156.09   69.24   97.48
05:19:42 72.50   127.85   69.35   97.25
05:20:46 71.71   121.66   69.46   96.91
05:21:49 70.25   122.23   69.58   96.35
05:22:52 69.35   122.00   69.58   95.79
05:23:55 70.93   132.46   69.58   95.45
05:24:58 71.60   145.96   69.58   95.56
05:26:01 71.83   155.75   69.69   95.90
05:27:04 72.16   155.30   69.58   96.35
05:28:07 72.39   146.53   69.69   96.58
05:29:10 72.50   149.79   69.80   96.69
05:30:13 72.61   125.60   69.91   96.69
05:31:16 72.39   113.11   70.03   96.46
05:32:19 70.81   114.58   70.03   96.01
05:33:23 69.69   116.49   70.14   95.45
05:34:26 71.49   137.64   70.14   95.34
05:35:29 72.05   150.91   70.14   95.56
05:36:31 72.39   158.90   70.14   96.01
05:37:34 72.61   146.19   70.14   96.35
05:38:37 72.84   148.21   70.25   96.58
05:39:40 73.06   126.61   70.36   96.69
05:40:43 72.28   120.76   70.36   96.46
05:41:47 70.81   120.88   70.47   96.01
05:42:50 69.69   118.96   70.47   95.68
05:43:53 69.58   120.54   70.59   95.34
05:44:56 71.60   134.49   70.47   95.22
05:45:59 72.16   147.88   70.47   95.68
05:47:02 72.39   157.21   70.47   96.01
05:48:05 72.72   152.26   70.47   96.46
05:49:08 72.84   124.59   70.59   96.46
05:50:11 71.94   121.10   70.59   96.24
05:51:15 70.59   121.89   70.70   95.79
05:52:18 69.69   119.64   70.81   95.34
05:53:21 69.01   121.10   70.81   95.11
05:54:25 68.56   119.53   70.81   94.78
05:55:28 70.93   130.10   70.81   94.78
05:56:31 71.83   143.82   70.81   95.00
05:57:34 72.28   154.51   70.81   95.56
05:58:37 72.61   158.68   70.81   96.01
05:59:39 72.84   133.03   70.81   96.35
06:00:43 72.84   113.56   70.81   96.24
06:01:46 71.38   114.80   70.93   95.90
06:02:49 70.25   115.48   71.04   95.45
06:03:53 69.46   116.60   71.15   95.11
06:04:56 68.90   116.26   71.04   94.78
06:05:59 68.56   115.03   71.04   94.55
06:07:03 68.22   114.46   71.04   94.33
06:08:06 71.04   135.28   71.04   94.33
06:09:09 71.83   148.89   71.04   94.78
06:10:12 72.28   155.30   71.04   95.45
06:11:15 72.61   131.23   70.93   95.79
06:12:18 72.16   120.09   71.04   95.79
06:13:21 70.70   121.10   71.15   95.45
06:14:24 69.80   118.40   71.15   95.00
06:15:28 69.12   118.17   71.15   94.55
06:16:31 68.68   118.85   71.15   94.33
06:17:34 68.34   116.83   71.15   94.10
06:18:38 68.11   115.03   71.26   93.88
06:19:41 67.78   113.11   71.15   93.76
06:20:44 67.66   110.98   71.15   93.65
06:21:48 67.55   108.95   71.15   93.54
06:22:51 67.44   107.71   71.15   93.31
06:23:55 67.33   106.25   71.15   93.20
06:24:58 67.21   104.56   71.04   92.97
06:26:01 68.34   116.26   71.04   92.97
06:27:04 70.70   140.45   71.04   93.09
06:28:07 71.38   151.81   71.04   93.76
06:29:10 71.94   130.66   71.04   94.21
06:30:13 71.94   112.33   71.04   94.33
06:31:17 70.70   113.00   71.04   94.10
06:32:20 69.69   112.66   71.15   93.88
06:33:23 69.01   110.98   71.15   93.54
06:34:27 68.56   109.96   71.15   93.31
06:35:30 68.22   111.09   71.15   93.09
06:36:33 67.89   109.74   71.15   92.97
06:37:37 67.66   108.84   71.15   92.75
06:38:40 67.55   107.26   71.15   92.75
06:39:43 67.44   106.25   71.04   92.53
06:40:47 67.33   104.11   71.04   92.41
06:41:50 67.21   102.88   71.15   92.19
06:42:53 67.10   101.64   71.04   92.19
06:43:57 66.99   100.62   71.04   92.08
06:45:00 66.99   99.61   71.04   91.85
06:46:03 66.88   98.71   71.04   91.74
06:47:07 66.88   97.70   71.04   91.62
06:48:10 66.76   96.80   71.04   91.40
06:49:13 66.76   96.46   71.04   91.40
06:50:17 66.76   95.45   71.04   108.16
06:51:20 66.65   94.55   70.93   110.53
06:52:23 66.65   93.76   70.93   110.86
06:53:27 66.65   93.31   70.93   111.42
06:54:30 66.65   92.64   70.93   111.65
06:55:33 66.65   92.53   70.81   111.76
06:56:37 66.54   92.08   70.81   111.65
06:57:40 66.54   91.74   70.70   111.42
06:58:44 66.54   91.06   70.70   110.98
06:59:47 66.54   90.72   70.70   110.64
07:00:50 66.54   90.28   70.70   110.08
07:01:54 66.43   90.28   70.70   109.51
07:02:57 66.54   89.94   70.70   108.95
07:04:00 66.43   89.83   70.70   108.28
07:05:04 66.43   89.38   70.70   109.85
07:06:07 66.43   89.04   70.59   110.53
07:07:10 66.43   88.93   70.59   110.41
07:08:14 66.43   88.81   70.59   110.86
07:09:17 66.43   88.36   70.59   111.42
07:10:20 66.43   88.14   70.59   111.20
07:11:24 66.31   88.14   70.59   112.21
07:12:27 66.31   88.03   70.47   112.10
07:13:30 66.31   87.69   70.47   111.54
07:14:34 66.31   87.58   70.47   110.86
07:15:37 66.31   87.35   70.47   110.19
07:16:40 66.31   87.12   70.47   109.51
07:17:44 66.31   87.35   70.47   109.74
07:18:47 66.31   86.90   70.36   109.29
07:19:50 66.31   86.56   70.36   108.84
07:20:54 66.31   86.68   70.36   108.28
07:21:57 66.31   86.56   70.36   107.60
07:23:00 66.31   86.34   70.36   107.04
07:24:04 66.31   86.56   70.36   106.59
07:25:07 66.31   86.45   70.36   106.03
07:26:10 66.31   86.34   70.25   105.58
07:27:14 66.31   86.11   70.25   105.01
07:28:17 66.31   86.11   70.25   104.67
07:29:21 66.31   86.11   70.25   104.23
07:30:24 66.31   86.00   70.25   103.78
07:31:27 66.31   86.11   70.25   103.33
07:32:31 66.31   86.11   70.25   102.88
07:33:34 66.31   86.11   70.25   102.54
07:34:37 66.31   86.00   70.25   102.20
07:35:41 66.31   85.89   70.14   101.75
07:36:44 66.31   85.78   70.14   101.30
07:37:47 66.31   85.44   70.14   100.96
07:38:51 66.20   85.44   70.14   100.51
07:39:54 66.20   85.33   70.03   100.06
07:40:57 66.20   85.33   70.14   99.61
07:42:01 66.20   85.10   70.14   99.39
07:43:04 66.20   84.99   70.03   98.94
07:44:07 66.20   84.88   70.03   104.67
07:45:11 66.20   84.76   70.03   117.16
07:46:14 66.09   84.65   70.03   117.28
07:47:17 66.09   84.76   70.03   115.59
07:48:21 66.09   84.88   69.91   113.79
07:49:24 65.97   84.65   69.91   112.21
07:50:27 65.97   84.54   69.91   110.86
07:51:31 65.97   84.43   69.91   109.62
07:52:34 65.97   84.43   69.91   109.74
07:53:37 65.97   84.31   69.91   109.06
07:54:41 65.97   83.97   69.91   108.16
07:55:44 65.97   84.31   69.80   107.38
07:56:47 65.97   84.31   69.80   106.48
07:57:51 65.97   84.31   69.80   105.80
07:58:54 65.97   84.43   69.80   105.01
07:59:58 65.97   84.20   69.69   104.23
08:01:01 65.86   84.20   69.69   103.55
08:02:04 65.86   84.09   69.69   102.88
08:03:08 65.97   84.88   69.69   102.31
08:04:11 67.10   106.36   69.69   101.64
08:05:14 69.46   142.48   69.58   101.53
08:06:17 70.14   143.04   69.69   101.75
08:07:20 70.70   116.83   69.69   101.86
08:08:23 70.03   111.65   69.80   101.53
08:09:27 69.01   111.09   69.80   100.85
08:10:30 68.22   108.95   69.80   100.29
08:11:33 67.78   109.85   69.80   99.73
08:12:37 67.55   108.61   69.80   99.28
08:13:40 67.33   106.25   69.69   98.83
08:14:43 67.10   105.24   69.69   98.38
08:15:47 66.99   104.00   69.69   97.81
08:16:50 66.76   102.54   69.69   97.36
08:17:53 66.65   101.86   69.69   97.03
08:18:57 66.54   100.40   69.69   96.58
08:20:00 66.54   98.15   69.69   96.24
08:21:03 66.43   97.25   69.69   95.90
08:22:07 66.43   96.24   69.69   95.68
08:23:10 66.31   95.34   69.58   95.34
08:24:13 66.31   96.46   69.58   95.00
08:25:17 68.68   128.53   69.58   94.89
08:26:20 69.91   147.54   69.58   95.22
08:27:22 70.59   149.00   69.69   95.45
08:28:25 71.04   122.23   69.69   95.79
08:29:29 70.59   112.89   69.69   95.68
08:30:32 69.35   113.11   69.69   95.34
08:31:35 68.56   113.23   69.80   94.89
08:32:39 68.00   112.33   69.80   94.44
08:33:42 67.66   110.86   69.80   94.21
08:34:45 67.44   109.62   69.80   93.88
08:35:49 67.21   107.49   69.80   93.65
08:36:52 66.99   106.14   69.80   93.31
08:37:55 66.99   104.11   69.69   93.09
08:38:59 66.76   102.88   69.69   92.86
08:40:02 66.65   101.19   69.69   92.64
08:41:05 66.65   102.76   69.69   92.41
08:42:09 69.35   133.48   69.69   92.41
08:43:12 70.25   149.23   69.69   92.75
08:44:14 70.81   144.05   69.69   93.20
08:45:17 71.15   117.39   69.80   93.43
08:46:21 70.47   112.89   69.80   93.31
08:47:24 69.35   112.89   69.80   93.09
08:48:27 68.56   110.86   69.80   92.75
08:49:31 68.11   108.84   69.80   92.41
08:50:34 67.78   109.51   69.80   92.19
08:51:38 67.44   108.61   69.91   91.96
08:52:41 67.33   107.71   69.91   91.74
08:53:44 67.10   106.03   69.80   91.62
08:54:48 66.99   104.45   69.80   91.51
08:55:51 66.88   102.65   69.80   91.29
08:56:54 66.76   101.64   69.80   91.18
08:57:58 66.65   100.51   69.80   90.95
08:59:01 68.22   118.51   69.69   90.84
09:00:04 70.03   141.80   69.69   91.06
09:01:07 70.70   153.16   69.69   91.62
09:02:10 71.04   133.59   69.80   92.08
09:03:13 71.26   113.34   69.80   92.19
09:04:16 69.91   113.56   69.91   91.96
09:05:20 69.01   112.66   69.91   91.74
09:06:23 68.34   111.42   69.91   91.51
09:07:26 68.00   111.99   69.91   91.29
09:08:30 67.66   111.09   69.91   90.95
09:09:33 67.44   109.74   69.91   90.84
09:10:36 67.21   107.38   69.91   90.61
09:11:40 66.99   106.03   69.91   90.50
09:12:43 66.99   104.11   69.91   90.28
09:13:46 66.88   102.42   69.91   90.28
09:14:50 66.76   101.41   69.80   90.05
09:15:53 66.65   100.17   69.91   89.83
09:16:56 66.54   99.05   69.80   89.71
09:18:00 66.54   97.59   69.80   89.60
09:19:03 66.43   96.24   69.80   89.49
09:20:06 66.43   95.45   69.69   89.38
09:21:10 66.31   94.55   69.80   89.38
09:22:13 66.31   93.99   69.69   89.04
09:23:16 66.31   92.86   69.69   88.93
09:24:20 66.20   92.41   69.69   88.93
09:25:23 66.20   91.62   69.58   88.81
09:26:26 66.20   90.95   69.69   88.70
09:27:30 66.20   90.16   69.69   88.59
09:28:33 66.09   90.05   69.69   88.47
09:29:36 66.09   89.26   69.58   88.36
09:30:40 66.09   88.93   69.58   88.36
09:31:43 66.09   88.59   69.58   88.14
09:32:47 66.09   88.36   69.58   88.03
09:33:50 66.09   88.03   69.58   88.03
09:34:53 65.97   88.14   69.46   87.91
09:35:57 65.97   87.46   69.46   87.80
09:37:00 65.97   87.12   69.46   87.80
09:38:03 65.97   87.01   69.46   87.58
09:39:07 65.97   86.56   69.46   87.58
09:40:10 65.97   86.34   69.35   87.46
09:41:13 65.97   86.11   69.46   87.35
09:42:17 65.97   86.00   69.35   87.24
09:43:20 65.86   85.89   69.35   87.12
09:44:23 65.86   85.66   69.35   87.24
09:45:27 65.97   85.55   69.35   87.12
09:46:30 65.86   85.21   69.35   87.01
09:47:33 65.86   84.99   69.35   86.90
09:48:37 65.86   84.88   69.35   86.79
09:49:40 65.86   84.99   69.35   86.68
09:50:43 65.86   84.76   69.24   86.68
09:51:47 65.86   84.54   69.24   86.56
09:52:50 65.86   84.54   69.24   86.34
09:53:53 65.86   84.54   69.24   86.34
09:54:57 65.86   84.09   69.24   86.45
09:56:00 65.86   84.43   69.12   86.34
09:57:03 65.75   84.31   69.12   86.22
09:58:07 65.75   83.97   69.12   86.11
09:59:10 65.75   83.97   69.12   86.00
10:00:13 65.75   83.97   69.12   86.00
10:01:17 65.75   84.31   69.12   85.78
10:02:20 65.75   83.64   69.01   85.78
10:03:23 65.75   83.75   69.01   85.78
10:04:27 65.75   83.75   69.01   85.66
10:05:30 65.75   83.41   69.01   85.55
10:06:33 65.75   83.53   69.01   85.55
10:07:37 65.75   83.41   69.01   85.55
10:08:40 65.64   83.64   68.90   85.33
10:09:43 65.64   83.30   69.01   85.33
10:10:47 65.64   83.30   68.90   85.21
10:11:50 65.64   83.41   69.01   85.21
10:12:53 65.64   83.30   68.90   85.10
10:13:57 65.64   83.19   68.90   84.88
10:15:00 65.64   83.19   68.90   84.88
10:16:04 65.64   83.08   68.79   84.88
10:17:07 65.64   83.08   68.90   84.88
10:18:10 65.64   82.96   68.79   84.76
10:19:14 65.64   82.96   68.79   84.76
10:20:17 65.64   82.85   68.68   84.65
10:21:20 65.64   82.74   68.79   84.54
10:22:24 65.53   82.74   68.79   84.65
10:23:27 65.64   82.74   68.79   84.54
10:24:30 65.53   82.74   68.79   84.54
10:25:34 65.64   82.96   68.79   84.54
10:26:37 65.53   82.74   68.68   84.65
10:27:40 65.53   82.74   68.68   84.54
10:28:44 65.53   82.62   68.68   84.54
10:29:47 65.53   82.51   68.68   84.43
10:30:50 65.53   82.40   68.68   84.31
10:31:54 65.53   82.62   68.56   84.31
10:32:57 65.53   82.40   68.56   84.20
10:34:00 65.53   82.51   68.56   84.20
10:35:04 65.53   82.29   68.56   84.20
10:36:07 65.53   82.18   68.56   84.20
10:37:10 65.53   82.40   68.56   84.20
10:38:14 65.53   82.29   68.45   84.09
10:39:17 65.53   82.18   68.56   83.97
10:40:20 65.53   82.29   68.45   83.97
10:41:24 65.53   82.29   68.45   83.86
10:42:27 65.41   82.18   68.45   83.75
10:43:30 65.41   82.29   68.45   83.64
10:44:34 65.53   81.95   68.45   83.64
10:45:37 65.41   82.29   68.45   83.64
10:46:41 65.41   81.84   68.34   83.53
10:47:44 65.41   81.95   68.34   83.64
10:48:47 65.41   82.06   68.34   83.53
10:49:51 65.41   81.84   68.45   83.64
10:50:54 65.41   81.84   68.34   83.64
10:51:57 65.41   81.95   68.34   83.53
10:53:01 65.41   82.06   68.34   83.53
10:54:04 65.41   82.06   68.34   83.41
10:55:07 65.41   81.84   68.22   83.30
10:56:11 65.41   81.84   68.22   83.30
10:57:14 65.41   81.95   68.22   83.19
10:58:17 65.41   81.72   68.22   83.19
10:59:21 65.41   81.72   68.34   83.19
11:00:24 65.41   81.50   68.22   83.19
11:01:27 65.41   81.61   68.22   83.19
11:02:31 65.41   81.72   68.22   83.08
11:03:34 65.41   81.50   68.22   83.08
11:04:37 65.30   81.50   68.22   82.96
11:05:41 65.41   81.61   68.22   82.85
11:06:44 65.41   81.72   68.11   82.96
11:07:47 65.41   81.61   68.11   83.08
11:08:51 65.41   81.50   68.11   82.96
11:09:54 65.30   81.28   68.11   82.85
11:10:57 65.41   81.50   68.11   82.96
11:12:01 65.30   81.50   68.11   82.96
11:13:04 65.30   81.39   68.11   82.74
11:14:07 65.30   81.50   68.11   82.74
11:15:11 65.30   81.50   68.11   82.62
11:16:14 65.30   81.28   68.11   82.62
11:17:17 65.30   81.28   68.00   82.51
11:18:21 65.30   81.39   68.00   82.62
11:19:24 65.30   81.39   68.00   82.51
11:20:28 65.30   81.39   68.00   82.51
11:21:31 65.30   81.28   68.00   82.51
11:22:34 65.30   81.39   68.00   82.51
11:23:38 65.30   81.72   68.00   82.51
11:24:41 65.30   81.50   67.89   82.40
11:25:44 65.30   81.50   68.00   82.51
11:26:48 65.30   81.39   67.89   82.51
11:27:51 65.30   81.05   68.00   82.51
11:28:54 65.30   81.05   67.89   82.40
11:29:58 65.30   81.16   67.89   82.40
11:31:01 65.30   81.16   67.89   82.40
11:32:04 65.19   81.05   67.89   82.29
11:33:08 65.19   81.05   67.89   82.40
11:34:11 65.19   81.05   67.78   82.29
11:35:14 65.19   81.05   67.78   82.29
11:36:18 65.19   80.71   67.78   82.29
11:37:21 65.19   80.71   67.78   82.18
11:38:24 65.19   81.16   67.78   82.06
11:39:28 65.19   80.94   67.89   82.06
11:40:31 65.19   80.83   67.89   82.06
11:41:34 65.19   80.83   67.78   82.06
11:42:38 65.19   81.05   67.78   82.06
11:43:41 65.19   81.05   67.78   82.06
11:44:44 65.19   80.94   67.78   81.95
11:45:48 65.19   81.05   67.78   81.84
11:46:51 65.19   80.83   67.78   81.84
11:47:54 65.19   80.94   67.66   81.84
11:48:58 65.19   80.71   67.66   81.95
11:50:01 65.19   80.94   67.66   81.95
11:51:04 65.19   80.94   67.66   81.95
11:52:08 65.19   80.83   67.66   81.95
11:53:11 65.19   80.83   67.66   81.95
11:54:15 65.19   80.71   67.66   81.72
11:55:18 65.19   81.05   67.66   81.72
11:56:21 65.19   80.83   67.66   81.72
11:57:25 65.19   80.71   67.55   81.72
11:58:28 65.19   80.83   67.66   81.61
11:59:31 65.19   80.60   67.66   81.61
12:00:35 65.08   80.49   67.55   81.72
12:01:38 65.19   80.49   67.55   81.72
12:02:41 65.19   80.60   67.55   81.72
12:03:45 65.19   80.83   67.55   81.61
12:04:48 65.08   80.60   67.55   81.72
12:05:51 65.19   80.71   67.55   81.61
12:06:55 65.19   80.71   67.55   81.61
12:07:58 65.08   80.71   67.55   81.61
12:09:01 65.08   80.60   67.55   81.50
12:10:05 65.08   80.49   67.55   81.61
12:11:08 65.08   80.26   67.55   81.39
12:12:11 65.08   80.49   67.55   81.39
12:13:15 65.08   80.26   67.55   81.39
12:14:18 65.08   80.60   67.55   81.39
12:15:21 65.08   80.60   67.55   81.16
12:16:25 65.08   80.38   67.55   81.16
12:17:28 65.08   80.49   67.44   81.28
12:18:31 65.08   80.38   67.44   81.16
12:19:35 65.08   80.49   67.44   81.16
12:20:38 65.08   80.38   67.44   81.05
12:21:41 65.08   80.60   67.44   81.05
12:22:45 65.08   80.38   67.44   81.05
12:23:48 65.08   80.60   67.44   81.16
12:24:51 65.08   80.26   67.44   81.16
12:25:55 65.08   80.60   67.44   81.05
12:26:58 65.08   80.38   67.44   81.05
12:28:01 65.08   80.26   67.44   81.16
12:29:05 65.08   80.38   67.33   81.05
12:30:08 65.08   80.49   67.44   81.05
12:31:12 65.08   80.26   67.33   80.94
12:32:15 65.08   79.93   67.44   81.05
12:33:18 65.08   80.15   67.33   81.05
12:34:22 65.08   80.26   67.33   81.16
12:35:25 65.08   80.26   67.33   81.16
12:36:28 65.08   80.26   67.33   81.16
12:37:32 65.08   80.38   67.33   81.05
12:38:35 65.08   80.26   67.33   81.16
12:39:38 64.96   80.26   67.33   81.05
12:40:42 64.96   80.26   67.33   81.05
12:41:45 64.96   80.26   67.33   81.05
12:42:48 65.08   80.38   67.33   80.94
12:43:52 64.96   80.71   67.33   80.94
12:44:55 65.08   80.49   67.21   80.83
12:45:58 64.96   80.15   67.33   80.71
12:47:02 64.96   80.15   67.33   80.71
12:48:05 64.96   80.15   67.33   80.60
12:49:08 64.96   80.04   67.33   80.60
12:50:12 64.96   80.26   67.21   80.71
12:51:15 64.96   79.93   67.33   80.71
12:52:18 64.96   79.93   67.21   80.71
12:53:22 64.96   79.81   67.21   80.60
12:54:25 64.96   79.70   67.21   80.71
12:55:28 64.96   79.70   67.33   80.60
12:56:32 64.96   79.70   67.21   80.49
12:57:35 64.96   79.93   67.21   80.49
12:58:38 64.96   80.26   67.10   80.49
12:59:42 64.96   79.81   67.21   80.49
13:00:45 64.96   80.15   67.21   80.49
13:01:48 64.96   79.93   67.21   80.49
13:02:52 64.96   79.93   67.21   80.49
13:03:55 64.96   80.04   67.10   80.49
13:04:58 64.96   80.04   67.21   80.60
13:06:02 64.96   80.04   67.21   80.83
13:07:05 64.96   80.04   67.21   80.60
13:08:09 64.96   79.81   67.21   80.60
13:09:12 64.96   79.70   67.10   80.49
13:10:15 64.96   79.59   67.21   80.60
13:11:19 64.96   79.81   67.21   80.38
13:12:22 64.96   79.93   67.10   80.38
13:13:25 64.96   79.93   67.10   80.49
13:14:29 64.96   79.93   67.10   80.38
13:15:32 64.96   79.81   67.10   80.38
13:16:35 64.96   79.93   67.10   80.38
13:17:39 64.96   79.81   67.10   80.38
13:18:42 64.96   79.93   67.10   80.38
13:19:45 64.96   79.59   67.10   80.38
13:20:49 64.96   79.81   67.10   80.26
13:21:52 64.85   79.70   67.10   80.15
13:22:55 64.96   79.59   67.10   80.04
13:23:59 64.96   79.70   67.10   80.26
13:25:02 64.96   79.81   67.10   80.15
13:26:05 64.96   80.04   67.10   80.26
13:27:09 64.96   79.81   67.10   80.15
13:28:12 64.96   79.81   67.10   80.15
13:29:15 64.85   79.81   67.10   80.15
13:30:19 64.85   80.15   66.99   80.26
13:31:22 64.96   79.59   66.99   80.38
13:32:25 64.96   79.70   67.10   80.26
13:33:29 64.96   79.59   67.10   80.38
13:34:32 64.96   79.59   66.99   80.38
13:35:35 64.85   79.81   66.99   80.26
13:36:39 64.85   79.93   66.99   80.26
13:37:42 64.85   79.93   67.10   80.15
13:38:45 64.85   79.70   67.10   80.26
13:39:49 64.96   79.47   67.10   80.15
13:40:52 64.96   79.59   67.10   80.04
13:41:56 64.85   79.59   67.10   80.04
13:42:59 64.96   79.59   66.99   79.93
13:44:02 64.85   79.70   66.99   79.93
13:45:06 64.85   79.59   67.10   79.93
13:46:09 64.85   79.59   66.99   79.93
13:47:12 64.85   79.59   66.99   79.93
13:48:16 64.85   79.59   66.99   79.93
13:49:19 64.85   79.36   66.99   79.93
13:50:22 64.85   79.59   66.99   79.81
13:51:26 64.85   79.36   66.99   80.04
13:52:29 64.85   79.47   66.99   80.04
13:53:32 64.85   79.59   66.99   80.04
13:54:36 64.85   79.70   66.99   79.93
13:55:39 64.85   79.81   66.99   80.04
13:56:42 64.85   79.59   66.99   79.93
13:57:46 64.85   79.70   66.99   79.93
13:58:49 64.85   79.59   66.88   79.93
13:59:52 64.85   79.70   66.99   79.81
14:00:56 64.85   79.70   66.99   79.81
14:01:59 64.85   79.59   66.99   79.81
14:03:02 64.85   79.47   66.88   79.70
14:04:06 64.85   79.70   66.88   79.81
14:05:09 64.85   79.47   66.99   79.70
14:06:12 64.85   79.70   66.88   79.70
14:07:16 64.85   79.36   66.88   79.70
14:08:19 64.85   79.59   66.88   79.70
14:09:22 64.85   79.59   66.88   79.70
14:10:26 64.85   79.47   66.88   79.81
14:11:29 64.85   79.47   66.88   79.81
14:12:32 64.85   79.70   66.88   79.70
14:13:36 64.85   79.81   66.88   79.81
14:14:39 64.85   79.70   66.88   79.70
14:15:43 64.85   79.25   66.88   79.70
14:16:46 64.85   79.70   66.88   79.70
14:17:49 64.85   79.59   66.88   79.70
14:18:53 64.85   79.36   66.88   79.70
14:19:56 64.85   79.47   66.88   79.70
14:20:59 64.85   79.36   66.88   79.70
14:22:03 64.85   79.36   66.88   79.81
14:23:06 64.85   79.59   66.88   79.70
14:24:09 64.85   79.36   66.88   79.70
14:25:13 64.85   79.36   66.76   79.70
14:26:16 64.74   79.70   66.76   79.59
14:27:19 64.85   79.47   66.88   79.59
14:28:23 64.85   79.36   66.88   79.59
14:29:26 64.85   79.36   66.76   79.59
14:30:29 64.74   79.47   66.76   79.59
14:31:33 64.85   82.40   66.88   79.59
14:32:36 66.54   123.12   66.76   79.81
14:33:39 67.66   146.19   66.65   96.91
14:34:42 68.22   150.24   66.76   102.88
14:35:45 68.79   142.36   66.88   103.55
14:36:48 69.24   151.14   66.99   103.21
14:37:50 69.69   156.76   66.99   102.76
14:38:53 70.03   144.05   67.21   102.09
14:39:56 70.36   151.59   67.21   101.41
14:40:59 70.47   158.56   67.33   100.85
14:42:02 70.93   144.84   67.44   100.29
14:43:05 71.04   151.59   67.55   99.84
14:44:08 71.26   159.46   67.66   99.50
14:45:11 71.38   145.74   67.78   99.05
14:46:14 71.49   151.36   67.78   98.71
14:47:17 71.60   159.57   67.89   98.49
14:48:19 71.83   146.86   68.00   98.26
14:49:22 71.94   150.69   68.11   98.04
14:50:25 72.05   159.24   68.22   97.81
14:51:28 72.16   148.32   68.34   97.70
14:52:31 72.16   150.01   68.45   97.59
14:53:34 72.39   158.56   68.56   97.48
14:54:37 72.50   149.79   68.56   97.48
14:55:40 72.50   122.45   68.68   97.14
14:56:43 71.26   121.21   68.68   96.58
14:57:46 69.91   122.00   68.79   95.90
14:58:49 71.04   133.59   68.79   95.45
14:59:52 71.60   147.54   68.79   95.45
15:00:55 71.94   156.99   68.90   95.68
15:01:58 72.16   149.79   69.01   95.90
15:03:01 72.28   147.99   69.01   96.01
15:04:04 72.50   156.99   69.01   96.01
15:05:07 72.61   155.41   69.24   96.12
15:06:10 72.72   127.40   69.24   96.12
15:07:13 71.83   121.33   69.35   95.79
15:08:16 70.36   122.23   69.46   95.22
15:09:20 69.46   120.54   69.46   94.66
15:10:23 70.70   128.53   69.46   94.44
15:11:26 71.60   142.48   69.46   94.33
15:12:29 72.05   154.06   69.46   94.66
15:13:32 72.28   157.44   69.58   95.11
15:14:34 72.50   146.19   69.58   95.22
15:15:37 72.84   151.59   69.69   95.45
15:16:40 72.95   129.20   69.69   95.45
15:17:44 72.28   120.65   69.69   95.22
15:18:47 70.70   121.21   69.80   94.78
15:19:50 69.69   119.98   69.91   94.21
15:20:54 69.12   122.90   69.91   93.88
15:21:57 71.38   134.26   69.91   93.76
15:22:59 71.94   147.88   69.91   94.10
15:24:02 72.39   157.44   69.91   94.55
15:25:05 72.61   146.98   69.91   94.89
15:26:08 72.95   119.53   70.03   94.89
15:27:12 72.05   114.46   70.03   94.66
15:28:15 70.59   115.25   70.14   94.21
15:29:18 69.69   114.91   70.25   93.88
15:30:22 69.01   114.58   70.14   93.54
15:31:25 68.45   114.69   70.14   93.20
15:32:28 69.80   125.04   70.25   93.09
15:33:31 71.38   142.03   70.14   93.20
15:34:34 71.94   153.61   70.14   93.65
15:35:37 72.39   156.65   70.14   94.21
15:36:40 72.61   130.21   70.25   94.44
15:37:43 72.16   120.20   70.36   94.21
15:38:46 70.70   120.31   70.36   93.88
15:39:50 69.69   118.74   70.36   93.54
15:40:53 69.01   116.83   70.36   93.20
15:41:57 68.56   118.06   70.36   92.97
15:43:00 68.11   117.50   70.36   92.75
15:44:03 67.89   115.70   70.47   92.53
15:45:07 67.66   114.01   70.47   92.30
15:46:10 67.44   112.10   70.36   92.08
15:47:13 67.33   110.30   70.36   91.85
15:48:17 67.21   108.61   70.25   91.74
15:49:20 67.10   106.81   70.25   96.91
15:50:23 68.11   117.28   70.25   106.03
15:51:26 70.59   140.34   70.36   107.26
15:52:29 71.38   151.93   70.36   107.49
15:53:32 72.05   131.56   70.36   107.26
15:54:35 72.16   112.44   70.36   106.70
15:55:39 70.81   112.66   70.47   106.03
15:56:42 69.69   111.99   70.47   105.12
15:57:45 69.01   111.09   70.47   104.34
15:58:49 68.56   109.29   70.47   103.66
15:59:52 68.11   108.61   70.47   102.88
16:00:55 67.89   109.51   70.47   102.20
16:01:59 67.66   108.50   70.59   101.64
16:03:02 67.55   107.15   70.59   101.08
16:04:05 67.44   106.14   70.70   100.62
16:05:09 67.33   104.56   70.70   100.06
16:06:12 67.21   103.66   70.81   99.61
16:07:15 67.10   102.42   70.81   99.16
16:08:19 66.99   101.19   70.93   98.71
16:09:22 66.99   100.29   70.93   98.26
16:10:25 66.88   99.16   71.04   97.92
16:11:29 66.76   98.04   71.04   97.48
16:12:32 66.65   97.14   71.15   97.14
16:13:36 66.54   96.35   71.15   96.80
16:14:39 66.54   95.90   71.15   96.46
16:15:42 66.54   95.22   71.15   96.12
16:16:46 66.43   94.55   71.26   95.79
16:17:49 66.43   93.76   71.26   95.45
16:18:52 66.43   93.54   71.26   95.11
16:19:56 66.43   93.20   71.26   94.89
16:20:59 66.31   92.41   71.26   94.44
16:22:02 66.31   92.08   71.26   94.21
16:23:06 66.31   92.08   71.26   93.99
16:24:09 66.31   91.51   71.38   93.76
16:25:12 66.31   91.06   71.38   93.54
16:26:16 66.31   90.72   71.38   93.20
16:27:19 66.31   90.61   71.38   92.97
16:28:22 66.20   90.39   71.38   92.86
16:29:26 66.31   90.28   71.38   92.53
16:30:29 66.20   90.05   71.38   92.30
16:31:32 66.20   89.38   71.49   92.08
16:32:36 66.20   89.26   71.49   91.85
16:33:39 66.20   89.15   71.38   91.74
16:34:42 66.20   88.93   71.49   91.51
16:35:46 66.20   88.70   71.49   91.29
16:36:49 66.20   88.81   71.49   91.06
16:37:52 66.20   88.59   71.49   90.95
16:38:56 66.09   88.36   71.49   90.72
16:39:59 66.09   88.14   71.49   90.61
16:41:02 66.09   88.03   71.60   90.39
16:42:06 66.09   87.69   71.49   90.28
16:43:09 66.09   87.58   71.60   90.16
16:44:12 66.09   87.58   71.60   89.94
16:45:16 66.09   87.35   71.60   89.83
16:46:19 66.09   87.12   71.49   89.71
16:47:22 66.09   87.12   71.60   89.60
16:48:26 66.09   87.24   71.60   89.49
16:49:29 66.09   86.90   71.60   100.06
16:50:33 66.09   86.90   71.60   104.23
16:51:36 66.09   86.79   71.60   103.89
16:52:39 66.09   86.45   71.60   102.76
16:53:43 66.09   86.68   71.60   101.64
16:54:46 66.09   86.56   71.60   104.23
16:55:49 66.09   86.45   71.60   105.46
16:56:53 66.09   86.45   71.60   106.92
16:57:56 66.09   86.34   71.60   106.70
16:58:59 66.09   86.45   71.60   106.14
17:00:03 66.09   86.34   71.60   105.46
17:01:06 66.09   86.00   71.60   104.90
17:02:09 66.09   86.00   71.60   104.23
17:03:13 66.09   86.00   71.60   103.66
17:04:16 66.09   86.00   71.60   102.99
17:05:19 66.09   86.00   71.60   102.42
17:06:23 66.09   86.11   71.60   101.86
17:07:26 66.09   86.00   71.60   101.19
17:08:29 66.09   85.78   71.60   100.62
17:09:33 66.09   85.78   71.60   99.95
17:10:36 66.09   85.78   71.60   99.39
17:11:39 66.09   85.66   71.71   98.94
17:12:43 66.09   85.44   71.71   98.38
17:13:46 66.09   85.66   71.71   97.92
17:14:49 66.09   85.78   71.71   97.48
17:15:53 66.09   85.44   71.83   96.91
17:16:56 66.09   85.55   71.83   96.46
17:17:59 66.09   85.78   71.94   96.12
17:19:03 66.09   85.55   71.94   95.68
17:20:06 66.09   85.44   71.94   95.34
17:21:09 66.09   85.44   71.94   95.00
17:22:13 66.09   85.55   72.05   94.66
17:23:16 66.09   85.44   72.05   94.33
17:24:20 66.09   85.55   72.05   93.88
17:25:23 66.09   85.66   72.05   93.65
17:26:26 66.09   85.33   72.05   93.31
17:27:30 66.09   85.55   72.05   93.09
17:28:33 66.09   85.21   72.05   92.75
17:29:36 66.09   85.33   72.05   92.41
17:30:40 66.09   85.55   72.16   92.30
17:31:43 66.09   85.10   72.05   91.96
17:32:46 66.09   85.21   72.16   91.74
17:33:50 66.09   84.88   72.16   91.40
17:34:53 66.09   85.21   72.16   91.18
17:35:56 66.09   85.33   72.16   90.95
17:37:00 66.09   84.99   72.16   98.15
17:38:03 66.09   85.33   72.16   102.65
17:39:06 66.09   85.21   72.05   102.31
17:40:10 66.09   85.44   72.05   101.19
17:41:13 66.09   85.21   72.05   105.12
17:42:16 66.09   85.21   71.94   104.67
17:43:20 66.09   85.33   72.05   103.55
17:44:23 66.09   85.21   72.05   105.01
17:45:26 66.09   85.21   72.05   105.24
17:46:30 66.09   85.44   72.05   104.67
17:47:33 66.09   85.21   72.16   103.55
17:48:36 65.97   85.10   72.16   102.65
17:49:40 66.09   85.44   72.16   103.21
17:50:43 66.09   85.33   72.05   105.58
17:51:46 66.09   85.33   72.05   105.12
17:52:50 66.09   85.33   71.94   104.11
17:53:53 66.09   85.21   71.94   106.14
17:54:57 65.97   85.10   72.05   106.48
17:56:00 65.97   84.99   72.05   106.03
17:57:03 65.97   85.10   72.05   106.25
17:58:07 65.97   85.33   72.05   105.91
17:59:10 65.97   85.55   72.05   105.01
18:00:13 65.97   85.33   72.05   105.12
18:01:17 65.97   85.10   72.05   104.45
18:02:20 65.97   84.99   72.05   103.55
18:03:23 65.86   85.10   72.05   102.65
18:04:27 65.86   85.10   72.05   101.64
18:05:30 65.86   85.10   72.05   100.85
18:06:33 65.86   85.21   72.05   100.06
18:07:37 65.86   85.21   72.05   104.90
18:08:40 65.86   85.44   71.94   105.91
18:09:43 65.86   85.10   71.83   105.69
18:10:47 65.86   85.21   71.83   105.01
18:11:50 65.86   85.21   71.83   104.23
18:12:53 65.86   85.44   71.83   103.44
18:13:57 65.86   85.44   71.83   102.76
18:15:00 65.86   85.33   71.83   101.86
18:16:03 65.86   85.33   71.71   108.84
18:17:07 65.97   85.33   71.71   109.85
18:18:10 65.97   85.66   71.71   110.19
18:19:13 65.97   85.33   71.71   110.30
18:20:17 65.97   85.21   71.60   109.96
18:21:20 65.97   85.21   71.60   109.17
18:22:23 65.97   85.44   71.60   108.28
18:23:27 66.09   85.44   71.60   107.26
18:24:30 65.97   85.33   71.60   106.36
18:25:34 65.97   85.44   71.60   105.69
18:26:37 65.97   85.21   71.60   104.79
18:27:40 65.97   85.21   71.60   111.99
18:28:44 66.09   85.33   71.49   112.44
18:29:47 66.09   85.21   71.49   111.42
18:30:50 66.09   85.21   71.49   110.30
18:31:54 66.09   84.99   71.49   108.84
18:32:57 66.09   84.99   71.60   107.49
18:34:00 66.09   84.99   71.60   106.25
18:35:04 66.09   85.10   71.60   105.24
18:36:07 66.09   85.10   71.71   104.23
18:37:10 66.09   85.21   71.83   103.44
18:38:14 66.09   85.10   71.83   103.10
18:39:17 66.09   84.99   71.83   107.94
18:40:20 66.09   84.99   71.83   107.38
18:41:24 66.09   84.88   71.83   106.25
18:42:27 66.09   84.99   71.83   105.24
18:43:30 66.09   84.99   71.83   104.11
18:44:34 66.09   85.21   71.94   103.21
18:45:37 66.09   84.99   71.94   102.31
18:46:40 66.09   84.88   71.94   101.75
18:47:44 65.97   84.76   72.05   101.08
18:48:47 65.97   84.99   72.05   100.40
18:49:50 66.09   84.99   72.05   99.73
18:50:54 66.09   84.99   72.16   99.16
18:51:57 66.09   84.76   72.16   98.49
18:53:00 65.97   84.76   72.16   109.85
18:54:04 65.97   84.99   72.05   110.53
18:55:07 66.09   85.10   72.16   109.29
18:56:11 66.09   85.21   72.16   107.71
18:57:14 66.09   85.33   72.16   106.48
18:58:17 66.09   85.89   72.16   105.35
18:59:21 66.09   85.89   72.16   104.00
19:00:24 66.09   85.55   72.16   105.58
19:01:27 66.09   85.44   72.16   108.39
19:02:31 65.97   85.66   72.16   107.83
19:03:34 66.09   85.44   72.05   106.59
19:04:37 66.09   85.33   72.05   105.46
19:05:41 65.97   85.55   72.05   104.23
19:06:44 65.97   85.33   72.05   103.21
19:07:47 66.09   85.21   71.94   102.31
19:08:51 66.09   85.10   71.94   101.53
19:09:54 66.09   85.21   71.94   100.62
19:10:57 66.09   85.44   71.83   99.95
19:12:01 66.09   85.44   71.83   99.39
19:13:04 66.09   85.21   71.83   98.71
19:14:07 66.09   85.10   71.83   98.15
19:15:11 65.97   84.99   71.71   97.59
19:16:14 66.09   85.10   71.60   97.03
19:17:17 66.09   84.88   71.71   96.58
19:18:21 66.09   84.76   71.60   96.24
19:19:24 66.09   84.99   71.49   104.90
19:20:27 66.09   84.99   71.60   110.19
19:21:31 66.09   84.76   71.49   109.85
19:22:34 66.09   84.99   71.49   111.31
19:23:37 66.09   85.33   71.49   112.44
19:24:41 65.97   85.33   71.49   112.44
19:25:44 66.09   85.21   71.38   112.10
19:26:47 65.97   85.10   71.49   111.54
19:27:51 65.97   84.99   71.38   110.64
19:28:54 66.09   84.99   71.38   109.40
19:29:58 66.09   85.21   71.26   108.28
19:31:01 66.09   85.10   71.26   107.15
19:32:04 66.20   85.21   71.49   106.14
19:33:08 66.20   85.10   71.38   105.24
19:34:11 66.20   84.88   71.38   104.45
19:35:14 66.20   84.99   71.38   103.55
19:36:18 66.31   84.88   71.26   102.65
19:37:21 66.31   84.99   71.26   101.75
19:38:24 66.31   84.99   71.26   112.21
19:39:28 66.31   84.76   71.26   113.00
19:40:31 66.31   84.88   71.26   111.54
19:41:34 66.31   84.76   71.26   109.85
19:42:38 66.31   84.76   71.26   108.50
19:43:41 66.31   84.88   71.26   107.15
19:44:44 66.31   84.88   71.26   105.91
19:45:48 66.31   84.99   71.26   105.01
19:46:51 66.31   84.88   71.26   104.00
19:47:54 66.31   84.65   71.26   102.99
19:48:58 66.20   84.65   71.26   102.31
19:50:01 66.20   84.88   71.26   101.41
19:51:04 66.20   84.65   71.26   100.85
19:52:08 66.31   84.88   71.26   100.17
19:53:11 66.20   84.76   71.26   99.73
19:54:14 66.20   84.65   71.26   99.16
19:55:18 66.20   84.76   71.26   98.71
19:56:21 66.31   84.54   71.26   102.54
19:57:24 66.20   84.65   71.26   109.51
19:58:28 66.20   84.76   71.26   109.06
19:59:31 66.20   84.65   71.38   107.71
20:00:35 66.20   84.76   71.26   106.25
20:01:38 66.20   84.54   71.26   104.79
20:02:41 66.20   84.65   71.26   103.78
20:03:45 66.20   84.65   71.26   102.65
20:04:48 66.20   84.65   71.26   101.75
20:05:51 66.20   84.54   71.26   100.96
20:06:55 66.20   84.43   71.15   100.06
20:07:58 66.20   84.43   71.15   99.39
20:09:01 66.20   84.43   71.15   98.71
20:10:05 66.20   84.54   71.26   98.15
20:11:08 66.20   84.20   71.26   97.70
20:12:11 66.20   84.31   71.26   97.14
20:13:15 66.20   84.43   71.26   96.58
20:14:18 66.20   84.43   71.15   96.01
20:15:21 66.20   84.31   71.15   95.56
20:16:25 66.20   84.43   71.15   95.34
20:17:28 66.20   84.20   71.15   95.00
20:18:31 66.20   84.43   71.15   94.55
20:19:35 66.20   84.31   71.15   94.21
20:20:38 66.20   84.20   71.15   93.88
20:21:41 66.20   84.20   71.26   93.65
20:22:45 66.20   84.31   71.04   93.20
20:23:48 66.20   84.31   71.15   92.86
20:24:51 66.20   84.65   71.15   92.53
20:25:55 66.20   84.54   71.15   96.69
20:26:58 66.20   84.54   71.15   97.25
20:28:01 66.20   84.31   71.15   96.69
20:29:05 66.20   84.31   71.15   96.24
20:30:08 66.20   84.31   71.04   95.79
20:31:11 66.20   84.31   71.04   95.22
20:32:15 66.20   84.54   71.04   94.89
20:33:18 66.20   84.20   71.04   94.44
20:34:21 66.20   84.09   71.04   93.99
20:35:25 66.20   84.20   71.04   93.65
20:36:28 66.20   84.20   71.04   102.31
20:37:31 66.20   84.20   71.04   110.86
20:38:35 66.20   84.20   71.04   111.65
20:39:38 66.20   84.20   71.04   110.41
20:40:42 66.20   84.09   70.93   108.84
20:41:45 66.20   84.20   70.93   107.26
20:42:48 66.09   84.43   70.93   105.80
20:43:52 66.20   84.20   70.93   104.67
20:44:55 66.09   84.09   71.04   103.44
20:45:58 66.20   83.97   71.04   102.42
20:47:02 66.09   84.31   70.93   101.41
20:48:05 66.20   84.09   70.93   100.51
20:49:08 66.20   84.20   70.93   99.61
20:50:12 66.20   83.97   70.93   98.94
20:51:15 66.20   84.09   70.93   98.38
20:52:18 66.20   83.97   71.04   97.70
20:53:22 66.09   84.20   70.93   97.25
20:54:25 66.09   84.20   70.93   96.69
20:55:28 66.09   84.09   71.04   96.35
20:56:32 66.09   83.75   70.93   95.90
20:57:35 66.20   83.64   70.93   95.34
20:58:38 66.09   84.09   70.93   94.89
20:59:42 66.09   83.86   70.93   94.55
21:00:45 66.09   83.86   70.93   94.21
21:01:48 66.09   83.97   70.93   93.88
21:02:52 66.09   83.75   70.93   93.31
21:03:55 66.09   83.75   70.93   92.97
21:04:58 66.09   83.75   70.81   92.75
21:06:02 66.09   83.86   70.81   92.41
21:07:05 66.09   83.97   70.81   92.19
21:08:08 66.09   83.75   70.81   91.74
21:09:12 66.09   83.86   70.81   91.40
21:10:15 66.09   83.86   70.81   91.18
21:11:18 66.09   83.86   70.81   90.84
21:12:22 66.09   83.75   70.81   90.50
21:13:25 66.09   83.86   70.81   90.28
21:14:29 66.09   83.97   70.81   90.05
21:15:32 66.09   83.64   70.81   89.83
21:16:35 66.09   83.64   70.70   89.60
21:17:39 66.09   83.53   70.70   89.60
21:18:42 66.09   83.64   70.70   89.38
21:19:45 66.09   83.53   70.70   89.04
21:20:49 66.09   83.53   70.70   88.81
21:21:52 66.09   83.41   70.70   88.59
21:22:55 66.09   83.53   70.59   88.47
21:23:59 66.09   83.41   70.59   88.25
21:25:02 66.09   83.30   70.59   88.14
21:26:05 66.09   83.30   70.70   87.91
21:27:09 66.09   83.41   70.70   87.80
21:28:12 66.09   83.30   70.70   87.69
21:29:15 66.09   83.30   70.70   87.58
21:30:19 66.09   83.30   70.59   87.46
21:31:22 66.09   83.30   70.70   87.24
21:32:25 66.09   83.53   70.59   87.12
21:33:29 66.09   83.30   70.59   87.01
21:34:32 66.09   83.41   70.59   86.79
21:35:35 66.09   83.53   70.59   86.79
21:36:39 66.09   83.53   70.59   86.68
21:37:42 66.09   83.53   70.59   86.56
21:38:45 66.09   83.64   70.59   86.45
21:39:49 66.09   83.53   70.59   86.34
21:40:52 66.09   83.64   70.70   86.22
21:41:55 66.09   83.41   70.59   86.22
21:42:59 66.09   83.41   70.59   86.00
21:44:02 66.09   83.19   70.59   85.89
21:45:06 66.09   83.53   70.59   85.89
21:46:09 66.09   83.64   70.59   85.78
21:47:12 66.09   83.75   70.59   85.66
21:48:16 66.09   83.41   70.59   85.66
21:49:19 66.09   83.30   70.59   85.44
21:50:22 66.09   83.41   70.47   85.44
21:51:26 66.09   83.30   70.47   85.33
21:52:29 66.09   83.19   70.47   85.21
21:53:32 66.09   83.41   70.47   104.11
21:54:36 66.09   83.19   70.59   109.74
21:55:39 66.09   83.30   70.47   110.41
21:56:42 66.09   83.08   70.47   109.17
21:57:46 66.09   82.96   70.47   107.71
21:58:49 66.09   82.96   70.47   109.62
21:59:52 66.09   82.85   70.47   111.09
22:00:56 66.09   83.30   70.47   110.98
22:01:59 66.09   83.08   70.36   110.53
22:03:02 66.09   82.96   70.47   109.96
22:04:06 66.09   83.08   70.36   109.74
22:05:09 66.09   83.19   70.47   114.12
22:06:12 66.09   83.08   70.47   114.46
22:07:16 66.09   83.19   70.47   114.01
22:08:19 66.09   83.41   70.47   113.23
22:09:22 66.20   83.41   70.59   112.44
22:10:26 66.20   83.41   70.47   111.42
22:11:29 66.20   83.41   70.47   110.53
22:12:32 66.20   83.41   70.47   109.51
22:13:36 66.20   83.53   70.47   108.61
22:14:39 66.20   83.86   70.47   107.71
22:15:43 66.20   83.53   70.47   106.81
22:16:46 66.31   83.30   70.47   106.03
22:17:49 66.31   83.08   70.47   105.24
22:18:53 66.31   83.19   70.47   104.56
22:19:56 66.20   83.08   70.47   103.78
22:20:59 66.20   83.08   70.47   103.10
22:22:03 66.31   83.30   70.47   102.54
22:23:06 66.31   82.96   70.36   101.98
22:24:09 66.31   83.30   70.36   101.30
22:25:13 66.31   83.41   70.36   100.85
22:26:16 66.20   83.08   70.36   100.29
22:27:19 66.20   83.41   70.36   99.84
22:28:23 66.20   83.30   70.36   99.39
22:29:26 66.20   83.30   70.25   98.94
22:30:29 66.20   83.19   70.36   98.38
22:31:33 66.20   83.30   70.36   97.92
22:32:36 66.20   83.41   70.36   97.48
22:33:39 66.20   83.19   70.36   97.03
22:34:43 66.20   83.19   70.36   96.69
22:35:46 66.20   82.96   70.36   96.24
22:36:49 66.20   83.19   70.36   95.90
22:37:53 66.20   82.96   70.36   95.56
22:38:56 66.20   83.08   70.25   95.22
22:39:59 66.20   83.30   70.36   94.89
22:41:03 66.20   83.19   70.36   94.55
22:42:06 66.20   83.19   70.36   94.21
22:43:09 66.20   83.30   70.25   93.99
22:44:13 66.20   83.19   70.36   93.65
22:45:16 66.20   83.08   70.25   93.31
22:46:19 66.20   83.08   70.25   92.97
22:47:23 66.20   83.19   70.25   92.75
22:48:26 66.20   83.19   70.25   92.53
22:49:30 66.20   83.30   70.25   92.19
22:50:33 66.20   83.41   70.25   92.08
22:51:36 66.20   83.08   70.25   98.83
22:52:40 66.20   83.08   70.25   111.20
22:53:43 66.20   83.19   70.25   112.66
22:54:46 66.20   83.08   70.25   114.35
22:55:50 66.20   83.30   70.25   114.24
22:56:53 66.20   83.08   70.25   114.91
22:57:56 66.20   83.08   70.25   114.69
22:59:00 66.20   83.19   70.25   113.90
23:00:03 66.20   83.30   70.25   113.23
23:01:06 66.20   82.96   70.14   112.33
23:02:10 66.20   83.19   70.14   111.42
23:03:13 66.20   83.19   70.25   110.53
23:04:16 66.20   83.19   70.14   109.74
23:05:20 66.20   82.85   70.25   108.84
23:06:23 66.20   82.85   70.25   108.05
23:07:26 66.20   83.08   70.14   107.26
23:08:30 66.20   83.08   70.25   106.48
23:09:33 66.20   83.19   70.25   105.80
23:10:36 66.20   83.08   70.14   105.12
23:11:40 66.20   82.96   70.14   104.45
23:12:43 66.20   83.08   70.25   103.66
23:13:46 66.09   82.96   70.14   102.99
23:14:50 66.20   82.74   70.14   102.31
23:15:53 66.09   82.85   70.14   101.75
23:16:56 66.20   83.19   70.25   101.19
23:18:00 66.09   82.96   70.14   100.62
23:19:03 66.20   83.19   70.14   100.06
23:20:07 66.20   83.19   70.14   99.61
23:21:10 66.20   83.30   70.14   99.16
23:22:13 66.20   83.19   70.14   98.60
23:23:17 66.09   83.30   70.14   98.26
23:24:20 66.20   83.30   70.14   97.70
23:25:23 66.20   83.08   70.14   97.25
23:26:27 66.20   83.08   70.14   96.91
23:27:30 66.09   83.30   70.03   96.46
23:28:33 66.09   83.30   70.14   96.01
23:29:37 66.09   83.41   70.14   95.68
23:30:40 66.20   83.19   70.03   95.34
23:31:43 66.20   82.96   70.03   95.00
23:32:47 66.20   82.96   70.14   94.66
23:33:50 66.09   83.08   70.14   94.33
23:34:53 66.20   82.85   70.14   93.99
23:35:57 66.09   83.19   70.14   93.54
23:37:00 66.20   82.96   70.14   93.20
23:38:03 66.20   83.08   70.14   92.86
23:39:07 66.20   82.85   70.14   92.53
23:40:10 66.20   83.08   70.14   92.30
23:41:13 66.20   82.96   70.14   91.96
23:42:17 66.20   83.08   70.14   91.74
23:43:20 66.09   82.74   70.14   91.51
23:44:23 66.20   82.74   70.03   91.29
23:45:27 66.20   82.96   70.03   90.95
23:46:30 66.20   82.96   70.14   90.72
23:47:33 66.09   82.96   70.03   90.50
23:48:37 66.09   82.96   70.14   90.28
23:49:40 66.20   82.96   70.14   90.05
23:50:43 66.20   82.96   70.14   89.83
23:51:47 66.20   83.19   70.14   89.71
23:52:50 66.20   83.08   70.03   89.49
23:53:54 66.20   82.51   70.14   89.26
23:54:57 66.20   82.85   70.14   89.04
23:56:00 66.20   82.85   70.03   88.93
23:57:04 66.20   82.40   70.03   88.81
23:58:07 66.20   82.40   70.03   88.59
23:59:10 66.09   82.51   70.03   88.36
