 Date  Furn_In  Furn_Out  Bsmnt   Water_Htr
00:00:24 65.19   80.94   68.90   96.01
00:01:27 65.19   80.83   68.90   95.45
00:02:30 65.19   80.71   68.79   95.11
00:03:34 65.19   80.94   68.79   94.66
00:04:37 65.19   80.71   68.79   94.21
00:05:40 65.19   80.71   68.79   93.76
00:06:44 65.19   80.83   68.79   93.43
00:07:47 65.08   80.83   68.79   92.97
00:08:50 65.19   80.83   68.79   92.64
00:09:54 65.08   80.60   68.79   92.19
00:10:57 65.19   80.71   68.68   91.85
00:12:00 65.08   80.83   68.68   91.51
00:13:04 65.19   80.49   68.68   91.29
00:14:07 65.08   80.71   68.68   91.06
00:15:10 65.08   80.60   68.68   90.72
00:16:14 65.08   80.60   68.56   90.39
00:17:17 65.08   80.60   68.68   90.28
00:18:20 65.08   80.38   68.68   90.05
00:19:24 65.08   80.60   68.56   89.71
00:20:27 65.08   80.49   68.56   89.49
00:21:31 65.08   80.60   68.56   89.15
00:22:34 65.08   80.49   68.56   88.93
00:23:37 65.08   80.38   68.56   88.70
00:24:41 65.08   80.26   68.56   88.59
00:25:44 65.08   80.38   68.45   88.25
00:26:47 65.08   80.26   68.56   88.14
00:27:51 65.08   80.26   68.45   87.91
00:28:54 65.08   80.38   68.56   87.80
00:29:57 65.08   80.26   68.45   87.46
00:31:01 65.08   80.26   68.45   87.35
00:32:04 65.08   80.38   68.56   87.01
00:33:07 65.08   80.15   68.45   87.01
00:34:11 65.08   80.38   68.45   86.79
00:35:14 65.08   80.15   68.45   86.56
00:36:17 65.08   79.93   68.45   86.45
00:37:21 65.08   80.26   68.45   86.22
00:38:24 65.08   80.26   68.34   86.11
00:39:27 64.96   80.15   68.45   86.00
00:40:31 64.96   79.93   68.34   85.78
00:41:34 64.96   80.04   68.34   85.55
00:42:37 64.96   80.15   68.34   85.44
00:43:41 64.96   80.04   68.34   85.33
00:44:44 64.96   80.38   68.34   85.10
00:45:47 64.96   80.15   68.34   84.99
00:46:51 64.96   80.15   68.22   84.76
00:47:54 64.96   80.04   68.22   84.65
00:48:57 64.96   80.04   68.22   84.65
00:50:01 64.96   80.04   68.22   84.43
00:51:04 64.96   80.15   68.22   84.54
00:52:07 64.96   80.15   68.22   84.31
00:53:11 64.96   79.93   68.22   84.20
00:54:14 64.96   80.04   68.22   84.20
00:55:17 64.96   80.15   68.22   84.09
00:56:21 64.96   80.26   68.22   84.09
00:57:24 64.96   80.15   68.22   83.97
00:58:28 64.96   79.93   68.22   83.86
00:59:31 64.85   79.81   68.11   83.75
01:00:34 64.85   80.04   68.11   83.64
01:01:38 64.96   79.93   68.11   83.53
01:02:41 64.96   79.93   68.11   83.41
01:03:44 64.85   80.04   68.11   83.41
01:04:48 64.85   79.81   68.11   83.19
01:05:51 64.85   79.81   68.11   83.19
01:06:54 64.85   79.93   68.11   83.19
01:07:58 64.85   79.70   68.11   83.08
01:09:01 64.85   79.70   68.11   83.08
01:10:04 64.85   79.81   68.11   82.96
01:11:08 64.85   79.70   68.00   82.96
01:12:11 64.85   79.81   68.00   82.96
01:13:14 64.85   79.59   68.00   82.85
01:14:18 64.85   79.59   68.00   82.62
01:15:21 64.85   82.62   67.89   82.62
01:16:24 66.76   120.31   68.00   82.51
01:17:27 68.11   146.07   68.00   82.96
01:18:30 68.79   139.10   68.00   83.75
01:19:33 69.24   112.89   68.11   84.09
01:20:37 68.34   110.86   68.11   84.20
01:21:40 67.44   109.40   68.11   83.97
01:22:43 66.88   109.85   68.11   83.75
01:23:47 66.43   108.50   68.11   83.64
01:24:50 66.09   106.70   68.11   83.64
01:25:53 65.97   105.24   68.11   83.53
01:26:57 65.86   102.99   68.11   83.41
01:28:00 65.64   101.64   68.11   83.41
01:29:03 65.64   99.95   68.11   83.30
01:30:07 65.53   98.15   68.00   83.19
01:31:10 65.41   96.80   68.00   83.08
01:32:13 65.41   95.11   68.00   82.96
01:33:17 65.30   93.76   68.00   82.96
01:34:20 65.30   96.01   68.00   82.96
01:35:23 67.55   128.98   68.11   82.96
01:36:26 68.45   146.98   68.11   83.41
01:37:29 69.12   141.69   68.11   84.20
01:38:32 69.58   115.25   68.11   84.54
01:39:36 68.68   112.21   68.11   84.65
01:40:39 67.78   111.54   68.22   84.43
01:41:42 67.10   110.98   68.22   84.20
01:42:46 66.65   109.74   68.22   83.97
01:43:49 66.31   108.39   68.22   83.97
01:44:52 66.09   106.59   68.22   83.97
01:45:56 65.97   104.67   68.11   83.86
01:46:59 65.86   102.99   68.11   83.75
01:48:02 65.75   101.98   68.11   83.64
01:49:06 65.64   100.62   68.11   83.64
01:50:09 67.66   126.39   68.22   83.64
01:51:12 68.79   144.61   68.22   84.09
01:52:15 69.24   149.11   68.22   84.76
01:53:18 69.80   123.35   68.34   85.33
01:54:21 69.35   112.44   68.34   85.44
01:55:24 68.22   112.78   68.34   85.21
01:56:28 67.55   111.09   68.34   84.88
01:57:31 66.99   111.42   68.34   84.76
01:58:34 66.65   110.08   68.34   84.76
01:59:38 66.31   108.39   68.34   84.65
02:00:41 66.20   106.48   68.34   84.54
02:01:44 65.97   105.01   68.34   84.31
02:02:48 65.86   102.76   68.34   84.31
02:03:51 65.86   102.09   68.34   84.20
02:04:54 67.55   125.04   68.34   84.20
02:05:57 68.79   143.82   68.34   84.76
02:07:00 69.46   150.46   68.45   85.55
02:08:03 69.80   125.26   68.45   86.00
02:09:06 69.58   112.66   68.45   86.11
02:10:10 68.45   113.34   68.45   85.89
02:11:13 67.66   111.31   68.56   85.66
02:12:16 67.10   111.65   68.56   85.55
02:13:20 66.76   110.41   68.45   85.33
02:14:23 66.43   108.73   68.45   85.21
02:15:26 66.31   107.26   68.45   85.10
02:16:30 66.09   105.24   68.45   84.99
02:17:33 65.97   102.99   68.45   84.88
02:18:36 65.86   101.41   68.45   84.88
02:19:40 65.75   100.96   68.45   84.76
02:20:43 67.66   124.14   68.45   84.76
02:21:46 68.90   143.60   68.45   85.10
02:22:49 69.46   153.16   68.56   85.89
02:23:52 69.91   131.11   68.56   86.45
02:24:55 69.91   112.66   68.56   86.68
02:25:58 68.79   113.11   68.56   86.56
02:27:02 67.89   111.54   68.68   86.22
02:28:05 67.21   111.99   68.68   86.00
02:29:08 66.88   111.76   68.56   85.89
02:30:12 66.54   109.40   68.68   85.66
02:31:15 66.43   108.39   68.68   85.55
02:32:18 66.20   106.36   68.56   85.55
02:33:22 66.09   104.11   68.56   85.44
02:34:25 65.97   102.31   68.56   85.44
02:35:28 65.86   100.62   68.56   85.44
02:36:32 65.86   99.16   68.56   85.33
02:37:35 65.75   97.48   68.56   85.21
02:38:38 65.64   96.46   68.56   85.21
02:39:42 65.64   95.90   68.56   85.21
02:40:45 65.64   96.12   68.45   85.21
02:41:49 67.33   122.23   68.56   85.21
02:42:51 68.68   144.05   68.56   85.55
02:43:54 69.35   152.60   68.56   86.22
02:44:57 69.80   128.53   68.56   86.79
02:46:00 69.80   112.66   68.68   86.90
02:47:04 68.68   113.11   68.68   86.79
02:48:07 67.78   111.31   68.68   86.45
02:49:11 67.21   111.65   68.68   86.22
02:50:14 66.88   110.98   68.68   86.00
02:51:17 66.54   109.51   68.68   86.00
02:52:21 66.31   107.26   68.68   85.89
02:53:24 66.20   106.14   68.68   85.89
02:54:27 66.09   104.56   68.68   85.66
02:55:31 65.97   102.54   68.56   85.78
02:56:34 65.86   100.74   68.56   85.66
02:57:37 65.75   99.39   68.56   85.66
02:58:41 65.75   98.26   68.56   85.55
02:59:44 65.64   96.58   68.56   85.44
03:00:47 65.64   95.45   68.56   85.33
03:01:51 65.64   94.44   68.56   85.21
03:02:54 65.53   93.88   68.56   85.10
03:03:57 65.53   92.75   68.45   85.10
03:05:01 66.54   111.42   68.45   85.10
03:06:04 68.45   141.12   68.56   85.33
03:07:07 69.24   146.64   68.56   86.00
03:08:10 69.69   121.44   68.68   86.56
03:09:13 69.24   112.10   68.68   86.68
03:10:16 68.34   111.54   68.68   86.45
03:11:20 67.55   109.74   68.68   86.34
03:12:23 67.10   109.51   68.68   86.11
03:13:26 66.76   109.06   68.68   85.89
03:14:30 66.43   107.83   68.68   85.78
03:15:33 66.31   105.58   68.68   85.78
03:16:36 66.20   104.34   68.68   85.66
03:17:40 66.09   102.42   68.68   85.55
03:18:43 65.97   101.08   68.56   85.55
03:19:46 65.86   99.84   68.56   85.55
03:20:50 65.86   98.04   68.56   85.44
03:21:53 65.75   96.69   68.56   85.33
03:22:56 65.75   95.56   68.56   85.33
03:24:00 65.64   94.66   68.56   85.21
03:25:03 65.64   93.76   68.56   85.21
03:26:06 65.64   92.97   68.56   85.21
03:27:10 65.53   92.19   68.56   85.10
03:28:13 65.53   91.29   68.45   84.99
03:29:16 65.53   90.50   68.45   84.88
03:30:20 65.41   89.83   68.56   84.76
03:31:23 65.41   91.74   68.45   84.76
03:32:26 67.55   127.85   68.45   84.88
03:33:29 68.56   147.20   68.56   85.21
03:34:32 69.24   132.35   68.56   86.00
03:35:35 69.46   112.21   68.56   86.45
03:36:39 68.45   111.76   68.56   86.34
03:37:42 67.66   110.64   68.56   86.22
03:38:45 66.99   110.86   68.56   86.00
03:39:49 66.65   108.95   68.56   85.89
03:40:52 66.43   107.94   68.56   85.66
03:41:55 66.20   105.58   68.56   85.66
03:42:59 66.09   104.45   68.56   85.66
03:44:02 65.97   102.76   68.45   85.44
03:45:05 65.86   100.85   68.45   85.44
03:46:09 65.75   99.50   68.45   85.33
03:47:12 65.64   97.92   68.56   85.21
03:48:16 65.64   97.25   68.45   85.33
03:49:19 65.64   96.12   68.45   85.21
03:50:22 65.53   94.89   68.45   85.10
03:51:26 65.53   93.99   68.34   84.99
03:52:29 65.53   92.86   68.34   84.99
03:53:32 65.41   91.85   68.45   84.88
03:54:36 65.41   91.29   68.34   84.88
03:55:39 65.41   96.69   68.45   84.88
03:56:42 68.00   135.50   68.45   84.88
03:57:45 68.79   150.01   68.56   85.55
03:58:48 69.35   131.00   68.56   86.22
03:59:51 69.46   111.99   68.56   86.45
04:00:54 68.34   112.10   68.56   86.34
04:01:58 67.55   110.19   68.56   86.11
04:03:01 67.10   111.54   68.56   85.78
04:04:04 66.65   110.08   68.56   85.66
04:05:08 66.43   108.50   68.56   85.44
04:06:11 66.20   106.14   68.56   85.44
04:07:15 66.09   105.01   68.56   85.44
04:08:18 65.86   103.44   68.45   85.33
04:09:21 65.86   101.08   68.45   85.33
04:10:25 65.75   99.61   68.45   85.21
04:11:28 65.64   98.04   68.45   85.10
04:12:31 65.64   97.36   68.34   84.99
04:13:35 65.53   96.80   68.45   85.10
04:14:38 65.53   95.34   68.45   85.10
04:15:41 65.53   93.65   68.34   84.88
04:16:45 65.41   93.20   68.34   84.99
04:17:48 65.41   92.19   68.45   84.88
04:18:51 66.09   107.71   68.34   84.76
04:19:54 68.11   139.44   68.45   84.88
04:20:57 68.90   150.69   68.45   85.55
04:22:00 69.35   128.19   68.45   86.22
04:23:03 69.35   112.44   68.56   86.45
04:24:07 68.22   112.33   68.56   86.34
04:25:10 67.44   110.64   68.56   86.11
04:26:13 66.99   111.99   68.56   86.00
04:27:17 66.54   110.30   68.56   85.89
04:28:20 66.31   108.61   68.45   85.78
04:29:23 66.20   106.70   68.45   85.66
04:30:27 66.09   104.67   68.45   85.55
04:31:30 65.86   103.33   68.45   85.44
04:32:34 65.75   101.53   68.45   85.44
04:33:37 65.75   100.29   68.45   85.33
04:34:40 65.64   98.49   68.45   85.33
04:35:44 65.64   97.81   68.45   85.21
04:36:47 65.53   96.12   68.45   85.10
04:37:50 65.53   94.89   68.45   85.10
04:38:54 65.53   94.33   68.34   84.99
04:39:57 66.54   114.35   68.34   84.99
04:41:00 68.34   141.57   68.45   85.21
04:42:03 69.01   148.10   68.45   86.00
04:43:06 69.46   123.01   68.45   86.56
04:44:09 69.12   112.44   68.56   86.68
04:45:12 68.00   112.10   68.56   86.45
04:46:16 67.33   109.51   68.56   86.22
04:47:19 66.88   110.75   68.56   86.00
04:48:22 66.54   109.17   68.56   85.89
04:49:26 66.31   108.05   68.56   85.89
04:50:29 66.20   106.59   68.56   85.66
04:51:32 65.97   105.12   68.56   85.55
04:52:36 65.86   102.88   68.56   85.44
04:53:39 65.75   101.30   68.56   85.33
04:54:43 65.75   99.61   68.45   85.21
04:55:46 65.64   98.60   68.45   85.21
04:56:49 65.64   97.36   68.45   85.10
04:57:53 65.53   96.01   68.34   85.10
04:58:56 65.53   95.11   68.45   84.99
04:59:59 66.88   116.60   68.45   85.33
05:01:02 68.45   141.91   68.45   85.55
05:02:05 69.01   153.28   68.56   92.41
05:03:08 69.46   150.12   68.56   108.39
05:04:11 69.91   145.51   68.56   111.54
05:05:14 70.25   154.51   68.56   112.66
05:06:17 70.59   156.88   68.68   113.11
05:07:20 70.81   145.40   68.68   113.45
05:08:22 71.04   153.39   68.79   113.23
05:09:25 71.26   159.69   68.79   114.58
05:10:28 71.38   145.51   68.90   114.91
05:11:31 71.38   152.04   68.90   115.25
05:12:34 71.49   159.80   69.01   115.70
05:13:37 71.83   146.86   69.01   116.04
05:14:40 72.05   150.91   69.12   115.70
05:15:43 72.16   159.12   69.12   115.25
05:16:46 72.28   148.78   69.24   114.80
05:17:49 72.28   120.31   69.24   114.12
05:18:52 71.49   115.03   69.35   113.23
05:19:55 70.03   116.15   69.35   112.10
05:20:59 69.91   124.14   69.46   111.20
05:22:02 71.15   142.59   69.46   110.64
05:23:04 71.49   154.18   69.46   110.41
05:24:07 71.94   158.11   69.58   115.14
05:25:10 72.16   145.62   69.46   115.25
05:26:13 72.28   153.50   69.58   114.80
05:27:16 72.50   159.69   69.69   114.24
05:28:19 72.61   135.39   69.69   116.71
05:29:22 72.50   114.01   69.69   120.65
05:30:25 71.04   115.59   69.80   120.09
05:31:29 69.80   116.26   69.80   118.51
05:32:32 70.81   132.24   69.80   117.50
05:33:35 71.71   148.21   69.80   116.83
05:34:38 72.05   157.66   69.91   116.38
05:35:41 72.28   147.65   69.91   115.81
05:36:43 72.50   148.78   69.91   115.36
05:37:46 72.61   131.56   69.91   117.73
05:38:50 72.05   119.98   70.03   117.16
05:39:53 70.59   120.76   70.03   115.70
05:40:56 69.46   119.41   70.03   114.46
05:42:00 68.79   119.41   70.14   113.45
05:43:03 70.03   125.83   70.03   112.55
05:44:06 71.38   140.00   70.03   112.10
05:45:09 71.83   152.26   70.14   111.88
05:46:12 72.05   158.79   70.14   111.65
05:47:14 72.39   134.82   70.14   111.31
05:48:18 71.94   120.20   70.14   110.75
05:49:21 70.36   120.76   70.25   109.96
05:50:24 69.35   120.31   70.25   109.17
05:51:28 68.68   118.29   70.25   108.50
05:52:31 68.22   116.60   70.25   107.71
05:53:34 67.78   117.95   70.25   107.04
05:54:38 70.03   129.09   70.14   106.48
05:55:40 71.26   143.60   70.14   106.48
05:56:43 71.71   154.74   70.14   106.48
05:57:46 72.05   151.03   70.25   106.70
05:58:49 72.39   123.24   70.25   106.59
05:59:53 71.83   113.67   70.25   106.14
06:00:56 70.36   114.69   70.25   105.35
06:01:59 69.35   114.58   70.36   104.67
06:03:03 68.68   116.49   70.36   104.11
06:04:06 68.11   115.36   70.36   103.55
06:05:09 67.78   113.56   70.36   103.10
06:06:13 67.44   111.99   70.36   102.65
06:07:16 67.33   110.53   70.36   102.20
06:08:19 67.10   108.95   70.25   101.64
06:09:23 69.01   124.25   70.25   101.30
06:10:26 70.70   143.38   70.14   101.41
06:11:28 71.49   151.03   70.14   101.64
06:12:31 71.83   127.29   70.25   101.75
06:13:35 71.15   118.51   70.36   101.64
06:14:38 69.80   118.29   70.25   101.19
06:15:41 68.90   119.30   70.36   100.74
06:16:45 68.34   118.74   70.36   100.29
06:17:48 67.89   117.05   70.36   99.84
06:18:51 67.55   115.36   70.36   99.39
06:19:55 67.33   112.89   70.25   98.94
06:20:58 67.10   111.20   70.25   98.60
06:22:01 66.99   109.40   70.25   98.26
06:23:05 66.88   107.60   70.25   98.04
06:24:08 66.76   106.48   70.14   97.59
06:25:11 66.65   104.67   70.14   97.25
06:26:15 66.54   103.33   70.14   97.03
06:27:18 66.54   101.86   70.14   96.80
06:28:21 66.54   100.62   70.14   96.46
06:29:25 66.43   99.61   70.14   96.12
06:30:28 66.43   98.49   70.14   95.90
06:31:32 66.31   97.25   70.03   95.68
06:32:35 66.31   96.24   70.03   95.45
06:33:38 66.20   95.45   70.03   95.11
06:34:42 66.20   94.66   70.03   94.89
06:35:45 66.20   94.21   69.91   94.66
06:36:48 66.20   93.20   69.91   94.44
06:37:52 66.20   92.86   69.91   94.21
06:38:55 66.09   91.85   69.91   93.88
06:39:58 66.20   91.40   69.91   93.76
06:41:02 66.09   91.18   69.91   93.43
06:42:05 66.09   90.84   69.91   93.31
06:43:08 66.09   90.61   69.91   93.09
06:44:12 66.09   89.83   69.91   92.86
06:45:15 65.97   89.60   69.80   92.64
06:46:18 65.97   89.26   69.80   92.41
06:47:22 65.97   89.15   69.80   92.19
06:48:25 65.97   88.81   69.80   92.08
06:49:28 65.97   88.47   69.80   91.85
06:50:32 65.97   88.25   69.80   91.74
06:51:35 65.97   87.91   69.80   91.51
06:52:38 65.86   87.58   69.69   91.29
06:53:42 65.97   87.46   69.69   91.18
06:54:45 65.86   87.01   69.69   90.95
06:55:48 65.86   87.12   69.69   90.72
06:56:52 65.86   86.90   69.69   90.61
06:57:55 65.86   86.90   69.58   90.50
06:58:58 65.86   86.56   69.58   90.39
07:00:02 65.86   86.45   69.58   90.16
07:01:05 65.86   86.22   69.58   90.05
07:02:08 65.86   86.00   69.58   89.94
07:03:12 65.75   86.00   69.58   89.71
07:04:15 65.75   85.89   69.58   89.71
07:05:18 65.75   86.00   69.58   106.36
07:06:22 65.75   85.89   69.58   111.65
07:07:25 65.75   85.66   69.58   112.33
07:08:29 65.75   85.44   69.58   112.66
07:09:32 65.75   85.55   69.46   112.89
07:10:35 65.75   85.44   69.46   112.89
07:11:39 65.75   85.55   69.46   112.66
07:12:42 65.75   85.21   69.46   112.44
07:13:45 65.75   85.55   69.46   112.10
07:14:49 65.75   85.55   69.35   111.76
07:15:52 65.75   85.33   69.35   111.20
07:16:55 65.75   85.21   69.35   110.86
07:17:59 65.75   85.10   69.35   110.19
07:19:02 65.64   85.33   69.35   109.62
07:20:05 65.75   85.33   69.35   110.41
07:21:09 65.75   85.10   69.24   110.86
07:22:12 65.75   84.88   69.24   110.53
07:23:15 65.75   84.76   69.24   111.42
07:24:19 65.75   84.65   69.24   112.10
07:25:22 65.64   84.54   69.24   112.44
07:26:25 65.64   84.43   69.24   111.88
07:27:29 65.64   84.43   69.12   111.20
07:28:32 65.75   84.31   69.12   110.41
07:29:35 65.64   84.54   69.12   109.62
07:30:39 65.64   84.43   69.24   109.06
07:31:42 65.64   84.31   69.12   108.50
07:32:45 65.75   84.31   69.12   110.75
07:33:49 65.64   84.54   69.12   114.35
07:34:52 65.64   84.31   69.12   114.01
07:35:55 65.64   84.20   69.12   113.11
07:36:59 65.64   84.43   69.12   112.10
07:38:02 65.64   84.09   69.12   111.09
07:39:05 65.64   84.20   69.01   110.19
07:40:09 65.64   83.97   69.01   109.40
07:41:12 65.64   84.09   69.01   108.61
07:42:15 65.64   83.97   69.01   107.94
07:43:19 65.64   84.09   69.01   115.25
07:44:22 65.64   83.86   69.01   117.84
07:45:25 65.64   83.75   69.01   116.94
07:46:29 65.64   83.64   69.01   115.48
07:47:32 65.75   83.86   69.01   118.06
07:48:36 65.64   83.53   69.01   119.30
07:49:39 65.64   83.75   68.90   118.40
07:50:42 65.64   83.64   68.90   117.16
07:51:46 65.64   83.53   68.90   115.92
07:52:49 65.64   83.41   68.90   114.58
07:53:52 65.64   83.41   68.90   113.23
07:54:56 65.64   83.30   68.90   112.10
07:55:59 65.53   83.19   68.90   111.09
07:57:02 65.64   83.08   68.90   109.96
07:58:06 65.64   83.30   68.90   109.06
07:59:09 65.53   83.19   68.90   108.28
08:00:12 65.53   83.08   68.90   107.38
08:01:16 65.53   82.96   68.90   106.70
08:02:19 65.53   82.96   68.90   105.91
08:03:22 65.53   82.96   68.90   105.24
08:04:26 65.53   83.08   68.90   104.56
08:05:29 65.53   82.85   68.90   103.89
08:06:32 65.53   82.62   68.90   103.44
08:07:36 65.53   82.96   68.90   102.76
08:08:39 65.41   82.85   68.90   102.20
08:09:42 65.41   82.62   68.90   101.64
08:10:46 65.41   82.85   68.90   101.19
08:11:49 65.41   82.74   68.90   100.62
08:12:52 65.41   82.62   68.90   100.06
08:13:56 65.41   82.62   68.90   99.50
08:14:59 65.41   82.74   68.90   99.05
08:16:03 65.41   82.74   68.90   98.60
08:17:06 65.41   82.62   68.90   98.26
08:18:09 65.41   82.62   68.90   97.81
08:19:13 65.41   82.51   68.90   97.36
08:20:16 65.41   82.51   68.90   96.91
08:21:19 65.41   82.29   68.90   96.46
08:22:23 65.41   82.62   68.90   96.24
08:23:26 65.41   82.62   68.90   95.79
08:24:29 65.41   82.40   68.90   95.45
08:25:33 65.30   82.29   68.79   95.11
08:26:36 65.41   82.51   68.79   94.78
08:27:39 65.30   82.40   68.79   94.44
08:28:43 65.30   82.29   68.79   94.10
08:29:46 65.41   89.38   68.79   93.76
08:30:49 68.45   135.50   68.79   93.88
08:31:52 69.35   151.48   68.79   94.10
08:32:55 69.91   131.68   68.90   94.44
08:33:58 70.14   112.33   68.90   94.66
08:35:02 68.90   111.99   68.90   94.44
08:36:05 68.00   109.62   69.01   93.99
08:37:08 67.33   108.16   69.01   93.65
08:38:12 66.99   108.95   69.01   93.20
08:39:15 66.65   107.60   69.01   92.97
08:40:18 66.43   105.35   69.01   92.75
08:41:22 66.31   104.34   69.01   92.53
08:42:25 66.20   102.65   69.01   92.30
08:43:28 66.09   101.30   69.01   91.96
08:44:32 65.97   99.50   69.01   91.85
08:45:35 65.97   98.26   69.01   91.51
08:46:38 65.86   98.49   69.01   91.18
08:47:42 68.22   126.16   69.01   91.18
08:48:44 69.58   145.96   69.01   91.29
08:49:47 70.14   147.09   69.01   91.85
08:50:50 70.59   120.65   69.12   92.19
08:51:54 69.91   112.66   69.12   92.08
08:52:57 68.79   112.21   69.12   91.85
08:54:00 68.00   111.09   69.12   91.51
08:55:04 67.44   111.76   69.24   91.29
08:56:07 67.10   110.19   69.12   91.18
08:57:10 66.76   108.39   69.24   90.84
08:58:14 66.54   106.81   69.24   90.61
08:59:17 66.43   105.12   69.24   90.39
09:00:20 66.31   103.10   69.24   90.28
09:01:24 66.20   101.64   69.24   90.05
09:02:27 66.09   100.29   69.24   89.94
09:03:30 66.09   98.94   69.24   89.83
09:04:34 65.97   98.26   69.24   89.49
09:05:37 65.97   96.46   69.24   89.38
09:06:41 65.86   95.68   69.12   89.15
09:07:44 65.86   94.33   69.24   89.15
09:08:47 65.86   93.09   69.24   88.93
09:09:51 65.86   92.64   69.12   88.93
09:10:54 65.75   91.96   69.12   88.81
09:11:57 65.75   91.18   69.12   88.59
09:13:01 65.75   90.50   69.24   88.47
09:14:04 65.64   90.16   69.24   88.36
09:15:07 65.64   89.94   69.12   88.25
09:16:11 65.64   89.26   69.12   88.14
09:17:14 65.64   88.93   69.12   87.91
09:18:17 65.64   88.14   69.12   87.80
09:19:21 65.64   87.91   69.12   87.80
09:20:24 65.64   87.80   69.12   87.69
09:21:27 65.64   87.24   69.12   87.58
09:22:31 65.64   86.68   69.12   87.46
09:23:34 65.53   86.45   69.12   87.35
09:24:37 65.64   86.11   69.01   87.24
09:25:41 65.53   85.89   69.12   87.12
09:26:44 65.53   85.89   69.12   86.90
09:27:47 65.53   85.55   69.01   86.90
09:28:51 65.53   85.44   69.01   86.79
09:29:54 65.53   85.21   69.01   86.79
09:30:57 65.53   84.99   69.01   86.68
09:32:01 65.53   84.88   69.01   86.68
09:33:04 65.53   84.65   69.01   86.68
09:34:07 65.53   84.31   69.01   86.56
09:35:11 65.53   84.31   69.01   86.34
09:36:14 65.41   84.31   69.01   86.34
09:37:17 65.41   84.20   69.01   86.22
09:38:21 65.41   83.97   69.01   86.11
09:39:24 65.41   83.86   69.01   86.11
09:40:28 65.53   83.97   69.01   86.00
09:41:31 65.41   83.64   69.01   85.89
09:42:34 65.41   83.75   69.01   85.89
09:43:38 65.53   83.41   69.01   85.66
09:44:41 65.41   83.53   69.01   85.55
09:45:44 65.41   83.30   69.01   85.55
09:46:48 65.41   83.30   69.01   85.44
09:47:51 65.41   83.19   69.01   85.33
09:48:54 65.41   83.41   69.01   85.21
09:49:58 65.41   83.30   69.01   85.21
09:51:01 65.41   83.19   68.90   85.10
09:52:04 65.41   83.19   68.90   85.10
09:53:08 65.41   83.08   69.01   84.88
09:54:11 65.41   83.08   68.90   84.99
09:55:14 65.41   82.96   68.90   84.88
09:56:18 65.41   82.96   68.90   84.88
09:57:21 65.41   82.85   68.90   84.88
09:58:24 65.41   82.51   68.90   84.76
09:59:28 65.41   82.51   68.90   84.76
10:00:31 65.41   82.51   68.90   84.65
10:01:34 65.41   82.40   68.90   84.65
10:02:38 65.30   82.51   68.90   84.65
10:03:41 65.41   82.51   68.90   84.43
10:04:44 65.41   82.74   68.90   84.31
10:05:48 65.41   82.85   68.90   84.31
10:06:51 65.41   82.51   68.90   84.31
10:07:54 65.41   82.51   68.90   84.31
10:08:58 65.41   82.51   68.90   84.20
10:10:01 65.41   82.40   68.90   84.20
10:11:05 65.41   82.40   68.90   84.09
10:12:08 65.41   82.29   68.90   83.97
10:13:11 65.41   82.62   68.90   83.86
10:14:15 65.30   82.40   68.90   83.75
10:15:18 65.30   82.62   68.90   83.86
10:16:21 65.30   82.29   68.90   83.86
10:17:25 65.30   82.18   68.90   83.86
10:18:28 65.30   82.18   68.90   83.86
10:19:31 65.30   82.29   68.90   83.75
10:20:35 65.41   82.40   68.90   83.64
10:21:38 65.30   82.18   68.90   83.53
10:22:41 65.30   81.84   68.90   83.53
10:23:45 65.30   82.06   68.90   83.53
10:24:48 65.30   82.06   68.90   83.41
10:25:51 65.30   82.06   68.79   83.41
10:26:55 65.30   82.06   68.90   83.41
10:27:58 65.30   81.84   68.79   83.41
10:29:01 65.30   81.95   68.79   83.41
10:30:05 65.30   82.18   68.90   83.41
10:31:08 65.30   82.06   68.90   83.30
10:32:11 65.30   81.95   68.79   83.30
10:33:15 65.30   81.84   68.79   83.30
10:34:18 65.30   81.84   68.90   83.19
10:35:21 65.30   81.84   68.90   83.08
10:36:25 65.30   81.95   68.90   83.19
10:37:28 65.30   81.95   68.79   83.08
10:38:31 65.30   82.06   68.79   83.19
10:39:35 65.30   81.72   68.79   83.08
10:40:38 65.30   81.72   68.79   83.08
10:41:41 65.30   81.84   68.79   82.96
10:42:45 65.30   81.72   68.79   82.96
10:43:48 65.30   81.72   68.79   82.85
10:44:52 65.30   81.61   68.79   82.74
10:45:55 65.30   81.61   68.79   82.74
10:46:58 65.30   81.84   68.79   82.85
10:48:02 65.30   81.84   68.79   82.74
10:49:05 65.30   81.84   68.79   82.74
10:50:08 65.30   81.72   68.79   82.74
10:51:12 65.30   81.84   68.79   82.62
10:52:15 65.30   81.72   68.79   82.62
10:53:18 65.30   81.95   68.79   82.62
10:54:22 65.30   81.72   68.79   82.62
10:55:25 65.30   81.61   68.79   82.62
10:56:28 65.30   81.72   68.79   82.62
10:57:32 65.30   81.61   68.79   82.51
10:58:35 65.30   81.72   68.79   82.62
10:59:38 65.30   81.84   68.79   82.51
11:00:42 65.30   81.61   68.79   82.40
11:01:45 65.30   81.61   68.79   82.40
11:02:48 65.19   81.50   68.79   82.29
11:03:52 65.30   81.61   68.79   82.18
11:04:55 65.30   81.84   68.79   82.18
11:05:58 65.30   81.50   68.79   82.18
11:07:02 65.30   81.61   68.79   82.18
11:08:05 65.30   81.61   68.79   82.18
11:09:08 65.30   81.50   68.79   82.18
11:10:12 65.19   81.50   68.79   82.18
11:11:15 65.19   81.39   68.79   82.18
11:12:18 65.19   81.39   68.79   82.06
11:13:22 65.30   81.16   68.79   82.18
11:14:25 65.30   81.39   68.79   82.18
11:15:28 65.19   81.50   68.79   82.18
11:16:32 65.19   81.61   68.79   82.18
11:17:35 65.19   81.39   68.79   82.06
11:18:39 65.19   81.39   68.79   82.06
11:19:42 65.19   81.28   68.79   82.06
11:20:45 65.19   81.39   68.79   82.06
11:21:49 65.19   81.50   68.79   82.06
11:22:52 65.19   81.50   68.79   81.95
11:23:55 65.19   81.61   68.79   81.95
11:24:59 65.19   81.61   68.79   81.84
11:26:02 65.19   81.50   68.79   81.84
11:27:05 65.30   81.61   68.79   81.84
11:28:09 65.19   81.39   68.79   81.95
11:29:12 65.19   81.50   68.79   81.95
11:30:15 65.19   81.39   68.79   81.84
11:31:19 65.19   81.05   68.79   81.84
11:32:22 65.19   81.28   68.79   81.84
11:33:25 65.19   81.28   68.79   81.95
11:34:29 65.19   81.50   68.79   81.84
11:35:32 65.19   81.39   68.79   81.84
11:36:35 65.19   81.28   68.79   81.84
11:37:39 65.19   81.28   68.79   81.72
11:38:42 65.19   81.50   68.79   81.72
11:39:45 65.19   81.28   68.79   81.61
11:40:49 65.19   81.39   68.79   81.61
11:41:52 65.19   81.39   68.79   81.61
11:42:55 65.19   81.28   68.79   81.61
11:43:59 65.19   81.39   68.79   81.61
11:45:02 65.19   81.50   68.79   81.50
11:46:05 65.19   81.39   68.79   81.50
11:47:09 65.19   81.50   68.79   81.50
11:48:12 65.19   81.50   68.79   81.50
11:49:16 65.19   81.50   68.79   81.50
11:50:19 65.19   81.72   68.79   81.50
11:51:22 65.19   81.39   68.79   81.50
11:52:26 65.19   81.16   68.79   81.61
11:53:29 65.19   81.50   68.79   81.50
11:54:32 65.19   81.28   68.79   81.39
11:55:36 65.19   81.39   68.79   81.50
11:56:39 65.19   81.50   68.79   81.39
11:57:42 65.19   81.28   68.79   81.50
11:58:46 65.19   81.16   68.79   81.50
11:59:49 65.19   81.39   68.79   81.50
12:00:52 65.19   81.28   68.79   81.50
12:01:56 65.19   81.05   68.79   81.39
12:02:59 65.19   81.05   68.79   81.39
12:04:02 65.19   81.39   68.79   81.39
12:05:06 65.19   81.28   68.79   81.39
12:06:09 65.19   81.16   68.79   81.28
12:07:12 65.19   81.28   68.79   81.28
12:08:16 65.19   81.05   68.79   81.39
12:09:19 65.19   81.39   68.79   81.39
12:10:22 65.19   81.16   68.79   81.28
12:11:26 65.19   81.28   68.79   81.28
12:12:29 65.19   81.16   68.79   81.39
12:13:32 65.19   81.28   68.79   81.28
12:14:36 65.19   81.28   68.90   81.16
12:15:39 65.19   81.28   68.79   81.16
12:16:42 65.19   81.16   68.90   81.16
12:17:46 65.19   81.39   68.79   81.16
12:18:49 65.19   81.39   68.90   81.16
12:19:53 65.19   81.50   68.79   81.16
12:20:56 65.19   81.28   68.90   81.28
12:21:59 65.19   81.28   68.79   81.28
12:23:03 65.19   81.28   68.90   81.28
12:24:06 65.19   81.16   68.79   81.28
12:25:09 65.19   80.94   68.90   81.28
12:26:13 65.19   81.28   68.79   81.16
12:27:16 65.19   81.39   68.90   81.05
12:28:19 65.19   81.39   68.79   81.16
12:29:23 65.19   81.28   68.79   81.16
12:30:26 65.19   81.50   68.90   81.05
12:31:29 65.19   81.16   68.79   81.05
12:32:33 65.19   81.61   68.90   81.05
12:33:36 65.19   81.39   68.90   81.05
12:34:39 65.19   81.05   68.79   81.05
12:35:43 65.19   81.05   68.90   81.05
12:36:46 65.19   81.16   68.90   81.16
12:37:49 65.19   80.94   68.90   81.05
12:38:53 65.19   81.16   68.90   81.05
12:39:56 65.19   81.16   68.90   80.94
12:40:59 65.19   81.16   68.90   80.94
12:42:03 65.19   80.94   68.90   80.94
12:43:06 65.19   81.16   68.90   80.94
12:44:09 65.19   81.28   68.90   80.94
12:45:13 65.19   81.39   68.90   80.94
12:46:16 65.19   81.28   68.90   80.94
12:47:19 65.19   81.16   68.90   80.83
12:48:23 65.19   81.16   68.90   80.94
12:49:26 65.08   81.39   68.90   80.94
12:50:29 65.08   81.50   68.90   80.94
12:51:33 65.19   81.16   68.90   80.94
12:52:36 65.19   81.61   68.90   80.94
12:53:40 65.19   81.72   68.90   80.83
12:54:43 65.19   81.61   68.90   80.83
12:55:46 65.19   81.61   68.90   80.83
12:56:50 65.19   81.39   68.90   80.83
12:57:53 65.19   81.61   68.90   80.94
12:58:56 65.19   81.50   68.90   80.94
13:00:00 65.19   81.28   68.90   80.94
13:01:03 65.19   81.28   68.90   80.83
13:02:06 65.19   81.16   68.90   80.83
13:03:10 65.19   81.28   68.90   80.83
13:04:13 65.19   81.16   68.90   80.71
13:05:16 65.19   81.39   68.90   80.71
13:06:20 65.19   81.28   69.01   80.60
13:07:23 65.19   81.61   69.01   80.60
13:08:26 65.19   81.61   68.90   80.71
13:09:30 65.19   81.39   69.01   80.60
13:10:33 65.19   81.39   68.90   80.71
13:11:36 65.19   81.50   68.90   80.71
13:12:40 65.19   81.39   69.01   80.83
13:13:43 65.19   81.39   68.90   80.83
13:14:46 65.19   81.28   69.01   80.83
13:15:50 65.19   81.39   69.01   80.71
13:16:53 65.19   81.39   69.01   80.83
13:17:56 65.19   81.39   69.01   80.71
13:19:00 65.19   81.61   69.01   80.71
13:20:03 65.19   81.28   69.01   80.71
13:21:06 65.19   81.50   69.01   80.71
13:22:10 65.19   81.50   69.01   80.83
13:23:13 65.19   81.39   69.01   80.71
13:24:17 65.19   81.28   69.01   80.71
13:25:20 65.19   81.28   69.01   80.71
13:26:23 65.19   81.39   69.01   80.83
13:27:27 65.19   81.50   69.01   80.71
13:28:30 65.19   81.61   69.01   80.71
13:29:33 65.19   81.61   69.01   80.71
13:30:37 65.19   81.50   69.01   80.71
13:31:40 65.19   81.39   69.01   80.71
13:32:43 65.19   81.50   69.01   80.60
13:33:47 65.19   81.39   69.01   80.71
13:34:50 65.19   81.50   69.01   80.60
13:35:53 65.19   81.28   69.01   80.49
13:36:57 65.19   81.39   69.01   80.49
13:38:00 65.19   81.28   69.01   80.60
13:39:03 65.19   81.05   69.01   80.49
13:40:07 65.19   81.39   69.01   80.49
13:41:10 65.19   81.39   69.01   80.49
13:42:13 65.19   81.39   69.01   80.60
13:43:17 65.19   81.72   69.01   80.60
13:44:20 65.19   81.50   69.01   80.60
13:45:23 65.19   81.61   69.01   80.60
13:46:27 65.30   81.50   69.01   80.49
13:47:30 65.30   81.61   69.01   80.60
13:48:33 65.30   81.61   69.12   80.71
13:49:37 65.19   81.61   69.01   80.71
13:50:40 65.30   81.61   69.01   80.60
13:51:43 65.30   81.28   69.12   80.60
13:52:47 65.30   81.72   69.12   80.60
13:53:50 65.30   81.39   69.12   80.60
13:54:54 65.19   81.84   69.01   80.71
13:55:57 65.19   81.72   69.01   80.71
13:57:00 65.19   81.61   69.12   80.60
13:58:04 65.19   81.72   69.12   80.60
13:59:07 65.19   81.50   69.12   80.60
14:00:10 65.19   81.61   69.12   80.60
14:01:14 65.19   81.72   69.12   80.49
14:02:17 65.30   81.61   69.12   80.49
14:03:20 65.30   81.39   69.12   80.49
14:04:24 65.30   81.50   69.12   80.38
14:05:27 65.30   81.50   69.12   80.26
14:06:30 65.30   81.50   69.12   80.38
14:07:34 65.30   81.50   69.12   80.38
14:08:37 65.30   81.61   69.12   80.49
14:09:40 65.19   81.72   69.12   80.49
14:10:44 65.30   81.50   69.12   80.49
14:11:47 65.19   81.50   69.12   80.49
14:12:50 65.19   81.28   69.12   80.38
14:13:54 65.30   81.50   69.12   80.38
14:14:57 65.30   81.39   69.12   80.38
14:16:00 65.30   81.39   69.12   80.38
14:17:04 65.19   81.50   69.12   80.38
14:18:07 65.30   81.50   69.12   80.38
14:19:10 65.30   81.61   69.12   80.49
14:20:14 65.30   81.61   69.12   80.49
14:21:17 65.30   81.61   69.12   80.49
14:22:20 65.30   81.61   69.12   80.49
14:23:24 65.30   81.84   69.12   80.49
14:24:27 65.19   81.72   69.12   80.60
14:25:30 65.30   81.72   69.12   80.49
14:26:34 65.30   81.61   69.24   80.60
14:27:37 65.30   81.61   69.12   80.49
14:28:41 65.30   81.72   69.12   80.49
14:29:44 65.30   81.84   69.12   80.49
14:30:47 65.30   81.95   69.12   80.49
14:31:51 65.30   82.06   69.12   80.38
14:32:54 65.30   82.06   69.24   80.49
14:33:57 65.30   82.18   69.24   80.49
14:35:01 65.30   81.95   69.24   80.49
14:36:04 65.30   82.06   69.24   80.60
14:37:07 65.30   82.18   69.24   80.49
14:38:11 65.30   82.18   69.24   80.49
14:39:14 65.30   82.06   69.24   80.49
14:40:17 65.30   81.84   69.24   80.49
14:41:21 65.30   82.18   69.24   80.60
14:42:24 65.30   81.95   69.24   80.49
14:43:27 65.30   81.72   69.24   80.60
14:44:31 65.30   81.95   69.24   80.49
14:45:34 65.30   81.95   69.24   80.49
14:46:37 65.30   81.72   69.24   80.38
14:47:41 65.30   81.84   69.24   80.38
14:48:44 65.30   81.72   69.24   80.49
14:49:47 65.30   81.95   69.24   80.38
14:50:51 65.30   82.18   69.24   80.49
14:51:54 65.30   82.06   69.24   80.49
14:52:57 65.30   81.95   69.24   80.49
14:54:01 65.30   81.72   69.24   80.49
14:55:04 65.30   81.84   69.24   80.49
14:56:07 65.30   81.95   69.24   80.49
14:57:11 65.30   82.06   69.24   80.49
14:58:14 65.30   81.72   69.24   80.49
14:59:17 65.30   82.18   69.24   80.49
15:00:21 65.30   82.06   69.24   80.38
15:01:24 65.30   82.18   69.24   80.38
15:02:28 65.30   82.06   69.24   80.49
15:03:31 65.30   81.84   69.24   80.49
15:04:34 65.30   81.72   69.24   80.38
15:05:38 65.30   81.95   69.24   80.38
15:06:41 65.30   81.95   69.24   80.26
15:07:44 65.30   81.95   69.35   80.26
15:08:48 65.30   82.51   69.24   80.26
15:09:51 65.30   81.84   69.24   80.26
15:10:54 65.30   82.18   69.24   80.38
15:11:58 65.30   82.18   69.35   80.38
15:13:01 65.30   81.95   69.24   80.26
15:14:04 65.30   81.95   69.24   80.15
15:15:08 65.30   81.95   69.35   80.26
15:16:11 65.30   81.72   69.35   80.26
15:17:14 65.30   81.72   69.35   80.26
15:18:18 65.30   81.61   69.24   80.26
15:19:21 65.30   81.84   69.35   80.15
15:20:24 65.30   81.95   69.35   80.15
15:21:28 65.30   82.06   69.35   80.26
15:22:31 65.30   81.95   69.35   80.38
15:23:34 65.30   81.95   69.35   80.26
15:24:38 65.30   81.95   69.35   80.26
15:25:41 65.30   81.84   69.35   80.38
15:26:44 65.30   81.95   69.35   80.26
15:27:48 65.30   81.72   69.35   80.26
15:28:51 65.30   81.95   69.35   80.26
15:29:54 65.30   81.61   69.35   80.26
15:30:58 65.30   81.95   69.35   80.26
15:32:01 65.30   81.72   69.35   80.38
15:33:04 65.30   81.84   69.35   80.38
15:34:08 65.30   81.95   69.35   80.26
15:35:11 65.30   82.06   69.35   80.26
15:36:14 65.30   81.95   69.35   80.15
15:37:18 65.30   81.84   69.35   80.15
15:38:21 65.30   82.06   69.46   80.15
15:39:24 65.41   81.84   69.35   80.15
15:40:28 65.30   81.61   69.46   80.26
15:41:31 65.30   81.84   69.35   80.26
15:42:34 65.30   81.95   69.46   80.38
15:43:38 65.30   82.06   69.35   80.26
15:44:41 65.30   81.72   69.46   80.26
15:45:44 65.30   81.95   69.46   97.92
15:46:48 65.30   82.18   69.46   102.20
15:47:51 65.30   81.84   69.46   101.19
15:48:54 65.30   82.06   69.46   99.28
15:49:58 65.30   81.61   69.46   98.04
15:51:01 65.30   81.72   69.46   99.95
15:52:05 65.30   82.06   69.46   106.03
15:53:08 65.30   81.84   69.46   105.91
15:54:11 65.30   81.84   69.46   104.90
15:55:15 65.30   81.84   69.46   106.70
15:56:18 65.30   81.84   69.46   106.59
15:57:21 65.30   82.29   69.46   107.49
15:58:25 65.30   81.95   69.46   107.71
15:59:28 65.30   82.18   69.46   107.49
16:00:31 65.30   81.95   69.46   106.81
16:01:35 65.30   82.18   69.46   105.80
16:02:38 65.30   82.18   69.46   104.79
16:03:41 65.41   82.18   69.46   103.55
16:04:45 65.30   82.18   69.46   102.65
16:05:48 65.41   81.95   69.46   101.64
16:06:51 65.41   82.18   69.46   100.62
16:07:55 65.41   82.18   69.46   99.61
16:08:58 65.41   82.29   69.46   107.04
16:10:01 65.41   82.40   69.46   110.53
16:11:05 65.41   82.29   69.58   110.75
16:12:08 65.41   82.40   69.46   109.74
16:13:11 65.53   82.18   69.46   108.28
16:14:15 65.53   82.29   69.46   106.92
16:15:18 65.41   82.18   69.58   105.46
16:16:21 65.41   82.29   69.58   104.23
16:17:25 65.41   82.06   69.58   103.10
16:18:28 65.41   82.18   69.69   101.98
16:19:31 65.53   82.29   69.69   101.08
16:20:35 65.41   81.95   69.58   100.06
16:21:38 65.53   82.18   69.58   99.28
16:22:42 65.53   82.06   69.58   98.49
16:23:45 65.41   82.29   69.69   97.81
16:24:48 65.41   82.29   69.69   97.25
16:25:52 65.53   81.84   69.69   96.69
16:26:55 65.41   81.95   69.80   96.12
16:27:58 65.53   81.95   69.80   95.45
16:29:02 65.41   82.06   69.91   95.00
16:30:05 65.53   82.18   69.80   94.44
16:31:08 65.53   82.18   69.91   93.99
16:32:12 65.53   82.06   69.91   93.54
16:33:15 65.53   81.95   70.03   93.20
16:34:18 65.53   82.06   69.91   92.75
16:35:22 65.41   82.40   69.91   92.41
16:36:25 65.53   82.29   70.03   92.08
16:37:28 65.53   82.29   70.03   91.74
16:38:32 65.53   82.18   70.03   91.29
16:39:35 65.53   82.51   70.03   90.95
16:40:38 65.53   82.29   70.14   90.61
16:41:42 65.53   82.40   70.14   90.39
16:42:45 65.53   82.40   70.14   90.05
16:43:48 65.53   82.18   70.14   89.83
16:44:52 65.53   82.29   70.14   89.49
16:45:55 65.53   82.40   70.14   89.15
16:46:58 65.53   82.29   70.14   88.81
16:48:02 65.53   82.62   70.03   88.59
16:49:05 65.53   82.29   70.14   88.47
16:50:08 65.64   82.06   70.14   88.25
16:51:12 65.53   82.18   70.14   88.03
16:52:15 65.64   82.18   70.25   87.80
16:53:18 65.64   82.18   70.25   87.69
16:54:22 65.53   82.29   70.25   87.46
16:55:25 65.64   82.29   70.25   87.24
16:56:29 65.53   82.40   70.25   87.12
16:57:32 65.53   82.29   70.25   86.90
16:58:35 65.53   82.51   70.36   86.68
16:59:39 65.64   82.18   70.25   92.41
17:00:42 65.53   82.29   70.25   105.80
17:01:45 65.64   82.51   70.25   108.28
17:02:49 65.53   82.62   70.25   109.29
17:03:52 65.64   82.51   70.25   109.17
17:04:55 65.64   82.51   70.36   108.39
17:05:59 65.64   82.62   70.25   107.26
17:07:02 65.64   82.96   70.36   105.91
17:08:05 65.64   82.85   70.36   104.67
17:09:09 65.64   82.85   70.36   103.55
17:10:12 65.64   82.74   70.36   102.54
17:11:15 65.75   82.74   70.36   101.53
17:12:19 65.75   82.96   70.36   100.51
17:13:22 65.75   82.96   70.36   99.73
17:14:25 65.75   82.85   70.36   98.83
17:15:29 65.75   82.85   70.36   98.15
17:16:32 65.75   83.08   70.36   97.59
17:17:35 65.75   82.85   70.36   96.91
17:18:39 65.75   82.62   70.36   96.24
17:19:42 65.75   82.62   70.36   95.79
17:20:45 65.75   82.62   70.36   95.22
17:21:49 65.75   82.62   70.36   94.66
17:22:52 65.75   82.74   70.36   94.21
17:23:55 65.75   82.51   70.25   93.88
17:24:59 65.75   82.85   70.36   93.54
17:26:02 65.75   82.62   70.36   93.31
17:27:05 65.75   82.62   70.36   92.86
17:28:09 65.75   82.62   70.36   92.53
17:29:12 65.75   82.74   70.36   92.30
17:30:15 65.75   82.85   70.36   91.96
17:31:19 65.75   82.74   70.36   91.74
17:32:22 65.75   82.96   70.36   91.29
17:33:25 65.75   83.08   70.36   91.06
17:34:29 65.75   83.08   70.25   90.72
17:35:32 65.75   82.96   70.25   90.50
17:36:36 65.75   82.74   70.36   90.16
17:37:39 65.75   82.85   70.36   90.05
17:38:42 65.75   83.08   70.36   95.79
17:39:46 65.75   82.96   70.25   108.50
17:40:49 65.75   82.96   70.25   108.73
17:41:52 65.75   83.19   70.25   107.15
17:42:56 65.86   82.85   70.25   105.58
17:43:59 65.86   83.08   70.36   104.00
17:45:02 65.75   83.30   70.25   102.65
17:46:06 65.75   83.19   70.25   101.41
17:47:09 65.86   82.96   70.25   100.40
17:48:12 65.75   82.96   70.25   99.50
17:49:16 65.75   83.41   70.25   100.96
17:50:19 65.75   82.96   70.25   110.53
17:51:22 65.75   82.96   70.25   111.88
17:52:26 65.75   83.19   70.25   112.21
17:53:29 65.75   83.19   70.25   112.21
17:54:32 65.86   83.08   70.25   111.31
17:55:36 65.75   83.41   70.25   109.96
17:56:39 65.75   83.53   70.14   108.61
17:57:42 65.75   83.41   70.14   107.15
17:58:46 65.75   83.30   70.14   105.91
17:59:49 65.75   83.19   70.25   104.79
18:00:52 65.75   83.19   70.25   103.78
18:01:56 65.75   83.19   70.14   102.76
18:02:59 65.75   83.41   70.14   101.75
18:04:02 65.75   83.53   70.14   100.96
18:05:06 65.75   83.30   70.25   100.17
18:06:09 65.75   83.19   70.14   99.39
18:07:12 65.75   83.64   70.14   98.60
18:08:16 65.75   83.86   70.25   102.88
18:09:19 65.75   83.86   70.25   108.28
18:10:22 65.75   83.75   70.14   109.51
18:11:26 65.75   83.97   70.25   108.28
18:12:29 65.75   83.75   70.14   106.81
18:13:32 65.75   83.75   70.14   105.46
18:14:36 65.75   84.09   70.14   106.70
18:15:39 65.75   84.09   70.14   110.19
18:16:42 65.75   84.54   70.14   110.08
18:17:46 65.75   84.20   70.14   110.75
18:18:49 65.75   83.86   70.14   109.96
18:19:52 65.75   83.53   70.25   108.50
18:20:56 65.75   83.53   70.25   107.15
18:21:59 65.75   83.30   70.14   105.80
18:23:03 65.75   83.41   70.14   104.56
18:24:06 65.75   83.30   70.14   103.44
18:25:09 65.75   83.64   70.25   102.54
18:26:13 65.75   83.30   70.14   101.53
18:27:16 65.75   83.41   70.14   100.51
18:28:19 65.75   83.30   70.14   99.73
18:29:23 65.75   83.08   70.14   99.05
18:30:26 65.75   83.08   70.14   107.04
18:31:29 65.75   83.08   70.14   107.38
18:32:33 65.75   82.85   70.14   106.25
18:33:36 65.75   82.74   70.25   105.01
18:34:39 65.75   82.62   70.14   103.66
18:35:43 65.75   82.74   70.14   102.54
18:36:46 65.75   82.51   70.14   101.30
18:37:49 65.75   82.85   70.14   100.29
18:38:53 65.75   82.62   70.14   99.50
18:39:56 65.75   82.62   70.14   98.60
18:40:59 65.75   82.62   70.03   97.81
18:42:03 65.75   82.96   70.03   97.03
18:43:06 65.75   82.62   70.03   96.46
18:44:09 65.75   82.85   70.14   96.01
18:45:13 65.75   82.85   70.03   95.34
18:46:16 65.75   82.62   70.14   94.89
18:47:19 65.75   82.62   70.03   94.44
18:48:23 65.75   82.85   70.14   93.99
18:49:26 65.75   82.62   70.03   93.43
18:50:29 65.75   82.51   70.14   92.97
18:51:33 65.75   82.40   70.14   92.53
18:52:36 65.75   82.40   70.03   92.19
18:53:39 65.75   81.95   70.03   91.96
18:54:43 65.75   82.06   70.03   91.51
18:55:46 65.75   81.61   70.03   91.18
18:56:49 65.75   81.95   70.03   90.84
18:57:53 65.75   81.95   70.03   90.50
18:58:56 65.75   81.95   70.03   90.16
18:59:59 65.75   82.06   70.03   89.94
19:01:03 65.75   81.95   70.03   89.60
19:02:06 65.75   82.18   70.03   89.38
19:03:09 65.86   82.40   70.03   89.04
19:04:13 65.75   82.29   70.03   88.81
19:05:16 65.75   82.18   70.03   88.47
19:06:19 65.75   82.29   70.03   101.19
19:07:23 65.75   82.29   70.03   107.60
19:08:26 65.75   81.95   70.03   109.40
19:09:29 65.86   81.72   70.03   110.08
19:10:33 65.86   82.06   70.03   110.41
19:11:36 65.75   81.84   70.03   110.86
19:12:40 65.86   82.06   70.14   111.42
19:13:43 65.86   82.18   70.14   111.31
19:14:46 65.97   81.95   70.14   110.64
19:15:50 65.97   82.18   70.14   109.29
19:16:53 65.97   82.06   70.14   109.17
19:17:56 65.97   82.29   70.14   112.66
19:19:00 65.97   82.29   70.14   112.10
19:20:03 66.09   82.51   70.14   110.64
19:21:06 66.09   82.40   70.14   109.29
19:22:10 66.09   82.29   70.14   107.71
19:23:13 66.09   82.29   70.14   106.59
19:24:16 66.09   82.29   70.25   105.46
19:25:20 66.20   82.29   70.25   104.34
19:26:23 66.09   82.18   70.25   103.21
19:27:26 66.20   82.18   70.14   102.20
19:28:30 66.20   81.95   70.25   101.19
19:29:33 66.20   82.29   70.25   100.51
19:30:36 66.20   82.06   70.36   99.84
19:31:40 66.20   82.40   70.25   99.28
19:32:43 66.09   82.29   70.36   98.60
19:33:46 66.20   82.40   70.36   98.04
19:34:50 66.09   82.40   70.47   97.48
19:35:53 66.09   82.18   70.47   96.80
19:36:56 66.20   82.18   70.47   101.86
19:38:00 66.20   82.29   70.47   101.53
19:39:03 66.09   82.29   70.59   100.96
19:40:06 66.09   81.95   70.59   100.06
19:41:10 66.09   82.06   70.59   99.16
19:42:13 66.09   82.06   70.59   98.38
19:43:17 66.09   82.18   70.59   97.59
19:44:20 66.09   81.95   70.70   97.14
19:45:23 66.09   82.06   70.70   96.58
19:46:27 66.09   82.06   70.70   96.12
19:47:30 66.09   82.18   70.70   108.28
19:48:33 66.20   82.62   70.70   111.65
19:49:37 66.09   82.51   70.70   110.86
19:50:40 66.09   82.62   70.81   109.06
19:51:43 66.09   82.74   70.70   107.26
19:52:47 66.09   82.51   70.70   105.69
19:53:50 66.09   82.40   70.81   104.56
19:54:53 66.09   82.51   70.81   103.33
19:55:57 66.09   83.08   70.81   102.31
19:57:00 66.09   82.96   70.81   101.41
19:58:03 66.09   82.96   70.81   100.51
19:59:07 66.09   82.96   70.81   99.73
20:00:10 66.09   82.74   70.93   98.94
20:01:13 66.09   82.74   70.93   99.16
20:02:17 66.09   82.85   70.93   98.71
20:03:20 66.09   83.08   70.93   107.60
20:04:23 66.09   82.96   71.04   113.11
20:05:27 66.09   83.64   71.04   114.69
20:06:30 66.09   83.41   71.04   114.80
20:07:33 66.09   83.19   71.04   114.91
20:08:37 66.09   83.19   71.04   114.58
20:09:40 66.09   83.41   71.04   113.11
20:10:43 66.09   83.08   71.04   111.42
20:11:47 66.09   83.19   71.04   109.96
20:12:50 66.09   83.41   71.15   108.50
20:13:53 66.20   82.96   71.15   107.26
20:14:57 66.20   82.85   71.15   106.03
20:16:00 66.09   82.96   71.15   104.90
20:17:04 66.20   82.85   71.26   103.89
20:18:07 66.20   83.08   71.26   102.99
20:19:10 66.20   83.30   71.26   102.09
20:20:14 66.20   83.19   71.26   101.30
20:21:17 66.20   83.19   71.26   100.40
20:22:20 66.20   83.41   71.26   99.73
20:23:24 66.20   82.96   71.26   98.94
20:24:27 66.20   83.30   71.26   98.49
20:25:30 66.20   83.19   71.26   97.92
20:26:34 66.20   83.41   71.26   97.48
20:27:37 66.20   83.41   71.26   96.80
20:28:40 66.20   83.19   71.26   96.24
20:29:44 66.20   83.08   71.26   95.79
20:30:47 66.20   83.30   71.26   95.34
20:31:50 66.20   83.30   71.26   95.00
20:32:54 66.20   83.08   71.26   94.44
20:33:57 66.20   82.96   71.38   93.99
20:35:00 66.20   83.08   71.38   93.65
20:36:04 66.20   83.08   71.38   105.80
20:37:07 66.20   83.19   71.38   111.42
20:38:10 66.31   83.30   71.38   112.44
20:39:14 66.20   83.41   71.38   112.89
20:40:17 66.31   83.41   71.38   113.00
20:41:20 66.20   83.64   71.38   113.11
20:42:24 66.31   83.53   71.38   112.55
20:43:27 66.31   83.53   71.38   111.88
20:44:30 66.31   83.53   71.38   111.09
20:45:34 66.31   83.86   71.38   110.41
20:46:37 66.31   83.53   71.38   109.51
20:47:41 66.43   83.30   71.38   108.73
20:48:44 66.43   83.30   71.38   107.94
20:49:47 66.31   83.30   71.38   107.15
20:50:51 66.43   83.64   71.38   106.48
20:51:54 66.43   83.64   71.38   105.80
20:52:57 66.43   83.64   71.38   105.01
20:54:01 66.54   83.41   71.26   104.45
20:55:04 66.43   83.64   71.26   114.46
20:56:07 66.54   83.64   71.38   116.26
20:57:11 66.54   83.53   71.26   116.60
20:58:14 66.54   83.53   71.26   116.38
20:59:17 66.54   83.64   71.26   115.92
21:00:21 66.54   83.53   71.26   115.36
21:01:24 66.54   83.53   71.26   114.91
21:02:27 66.54   83.75   71.26   114.35
21:03:31 66.54   83.97   71.26   113.79
21:04:34 66.54   83.86   71.26   113.23
21:05:37 66.54   83.86   71.15   112.55
21:06:41 66.54   83.75   71.26   111.88
21:07:44 66.54   83.41   71.15   111.20
21:08:47 66.54   83.64   71.15   110.41
21:09:51 66.65   83.53   71.26   109.74
21:10:54 66.65   83.64   71.26   108.95
21:11:57 66.65   83.75   71.15   108.16
21:13:01 66.65   83.64   71.15   107.15
21:14:04 66.54   83.75   71.15   106.14
21:15:07 66.65   83.53   71.26   105.12
21:16:11 66.54   83.53   71.26   104.34
21:17:14 66.54   83.53   71.26   103.89
21:18:17 66.54   83.86   71.26   103.21
21:19:21 66.54   83.64   71.26   102.65
21:20:24 66.65   83.75   71.26   102.09
21:21:28 66.65   83.41   71.26   101.53
21:22:31 66.65   83.53   71.26   101.08
21:23:34 66.65   83.53   71.26   100.51
21:24:38 66.65   83.53   71.26   100.06
21:25:41 66.65   83.64   71.26   99.50
21:26:44 66.65   83.86   71.26   99.05
21:27:48 66.65   83.53   71.26   98.71
21:28:51 66.65   83.64   71.26   98.15
21:29:54 66.65   83.53   71.26   97.81
21:30:58 66.65   83.64   71.26   97.59
21:32:01 66.65   83.64   71.26   97.14
21:33:04 66.65   83.75   71.26   96.91
21:34:08 66.65   83.75   71.26   96.58
21:35:11 66.65   83.75   71.26   96.35
21:36:14 66.65   83.86   71.26   96.12
21:37:18 66.76   83.53   71.26   95.79
21:38:21 66.76   83.64   71.26   95.45
21:39:24 66.76   83.75   71.26   95.22
21:40:28 66.76   83.64   71.26   95.00
21:41:31 66.76   83.75   71.26   94.89
21:42:34 66.76   83.64   71.26   94.55
21:43:38 66.76   83.75   71.26   94.44
21:44:41 66.76   83.75   71.38   94.44
21:45:44 66.76   83.64   71.26   94.21
21:46:48 66.76   83.75   71.38   93.99
21:47:51 66.76   83.97   71.26   93.88
21:48:54 66.88   83.86   71.38   93.76
21:49:58 66.88   83.86   71.38   93.54
21:51:01 66.88   83.86   71.38   93.20
21:52:04 66.88   83.86   71.38   92.86
21:53:08 66.76   83.64   71.38   92.75
21:54:11 66.88   83.75   71.49   92.41
21:55:14 66.88   83.53   71.49   92.30
21:56:18 66.76   83.75   71.38   92.19
21:57:21 66.76   83.86   71.49   92.08
21:58:24 66.76   83.64   71.49   91.96
21:59:28 66.76   83.75   71.49   101.30
22:00:31 66.76   83.97   71.49   112.55
22:01:35 66.76   83.97   71.49   113.34
22:02:38 66.88   83.86   71.49   112.55
22:03:41 66.76   83.64   71.49   111.42
22:04:45 66.76   83.97   71.49   110.30
22:05:48 66.76   83.75   71.49   109.17
22:06:51 66.76   83.86   71.49   108.05
22:07:55 66.76   83.97   71.49   107.04
22:08:58 66.76   83.75   71.49   106.14
22:10:01 66.76   83.97   71.49   105.24
22:11:05 66.76   83.75   71.49   104.34
22:12:08 66.76   83.75   71.49   103.44
22:13:11 66.65   83.75   71.49   102.76
22:14:15 66.65   83.86   71.49   102.09
22:15:18 66.76   83.75   71.49   106.59
22:16:21 66.65   83.75   71.49   112.10
22:17:25 66.65   83.75   71.49   112.21
22:18:28 66.65   83.86   71.49   111.31
22:19:31 66.65   83.86   71.49   110.30
22:20:35 66.65   83.97   71.49   109.40
22:21:38 66.65   83.97   71.49   108.28
22:22:41 66.65   83.75   71.49   107.38
22:23:45 66.65   83.64   71.49   111.31
22:24:48 66.65   83.53   71.49   112.21
22:25:51 66.65   83.64   71.49   111.42
22:26:55 66.65   83.64   71.49   110.75
22:27:58 66.65   83.53   71.49   109.96
22:29:01 66.54   83.53   71.49   109.06
22:30:05 66.65   83.30   71.38   110.41
22:31:08 66.54   83.75   71.49   109.51
22:32:11 66.54   83.64   71.38   108.95
22:33:15 66.65   83.64   71.49   108.50
22:34:18 66.54   83.41   71.38   107.94
22:35:22 66.65   83.53   71.38   110.53
22:36:25 66.65   83.64   71.49   111.09
22:37:28 66.65   83.53   71.38   110.64
22:38:32 66.65   83.53   71.49   110.08
22:39:35 66.65   83.53   71.49   109.40
22:40:38 66.76   83.64   71.49   108.61
22:41:42 66.76   83.41   71.38   107.94
22:42:45 66.76   83.53   71.38   107.15
22:43:48 66.76   83.64   71.49   106.25
22:44:52 66.76   83.64   71.38   105.58
22:45:55 66.76   83.41   71.49   104.79
22:46:58 66.76   83.64   71.49   104.11
22:48:02 66.76   83.75   71.49   103.44
22:49:05 66.76   83.64   71.49   102.76
22:50:08 66.76   83.53   71.38   102.20
22:51:12 66.76   83.41   71.38   101.64
22:52:15 66.76   83.41   71.49   101.08
22:53:18 66.76   83.41   71.38   100.51
22:54:22 66.76   83.08   71.38   100.06
22:55:25 66.76   83.41   71.38   99.50
22:56:28 66.76   83.53   71.38   99.05
22:57:32 66.76   83.19   71.49   98.60
22:58:35 66.76   83.19   71.38   98.15
22:59:38 66.76   83.41   71.38   97.70
23:00:42 66.65   83.19   71.38   97.25
23:01:45 66.76   83.30   71.38   96.80
23:02:48 66.65   83.53   71.38   96.35
23:03:52 66.65   82.96   71.38   95.90
23:04:55 66.65   83.08   71.38   95.68
23:05:59 66.65   83.19   71.38   95.22
23:07:02 66.65   83.19   71.38   94.89
23:08:05 66.65   83.41   71.38   94.55
23:09:09 66.65   83.30   71.38   94.21
23:10:12 66.65   83.30   71.38   93.88
23:11:15 66.65   83.19   71.38   93.65
23:12:19 66.76   83.41   71.38   93.31
23:13:22 66.65   83.30   71.38   93.09
23:14:25 66.65   83.19   71.38   92.75
23:15:29 66.65   83.30   71.38   92.41
23:16:32 66.65   83.53   71.38   92.19
23:17:35 66.65   83.53   71.38   91.85
23:18:39 66.65   83.19   71.38   91.51
23:19:42 66.65   83.30   71.38   91.18
23:20:45 66.65   83.30   71.38   91.06
23:21:49 66.65   83.30   71.38   90.84
23:22:52 66.65   83.30   71.38   90.61
23:23:55 66.65   83.30   71.38   90.50
23:24:59 66.65   83.19   71.38   90.28
23:26:02 66.65   83.08   71.38   106.81
23:27:05 66.65   83.19   71.38   109.74
23:28:09 66.65   83.53   71.38   111.76
23:29:12 66.76   83.19   71.38   111.88
23:30:15 66.65   83.53   71.38   111.20
23:31:19 66.65   83.19   71.38   109.96
23:32:22 66.76   83.53   71.38   108.61
23:33:25 66.65   83.19   71.38   107.26
23:34:29 66.76   83.30   71.38   106.03
23:35:32 66.65   83.19   71.38   104.90
23:36:35 66.76   83.08   71.38   103.89
23:37:39 66.65   82.85   71.38   102.88
23:38:42 66.65   83.19   71.38   102.20
23:39:46 66.76   83.19   71.38   101.30
23:40:49 66.76   83.30   71.38   100.51
23:41:52 66.76   83.19   71.38   99.84
23:42:56 66.65   83.30   71.38   99.28
23:43:59 66.76   83.19   71.38   98.60
23:45:02 66.76   82.96   71.38   98.04
23:46:06 66.76   83.19   71.38   97.59
23:47:09 66.65   83.19   71.38   96.91
23:48:12 66.76   83.30   71.38   96.46
23:49:16 66.65   83.19   71.38   96.01
23:50:19 66.65   83.19   71.38   95.56
23:51:22 66.65   83.30   71.38   95.11
23:52:26 66.76   83.19   71.38   94.78
23:53:29 66.65   83.19   71.38   94.21
23:54:32 66.65   83.41   71.38   93.99
23:55:36 66.76   83.53   71.38   93.65
23:56:39 66.65   83.30   71.38   93.31
23:57:42 66.65   83.30   71.38   92.97
23:58:46 66.76   83.41   71.38   92.64
23:59:49 66.76   83.53   71.38   92.41
