00:00:35 64.51   81.39   68.00   85.66
00:01:39 64.51   81.28   68.00   85.55
00:02:42 64.51   81.28   67.89   85.44
00:03:45 64.51   81.28   67.89   85.33
00:04:49 64.51   81.28   68.00   85.21
00:05:52 64.51   81.16   68.11   85.10
00:06:55 64.51   81.16   68.11   85.10
00:07:59 64.51   81.05   68.00   84.99
00:09:02 64.51   81.16   67.89   84.76
00:10:05 64.51   80.94   68.00   84.65
00:11:09 64.51   81.16   68.00   84.43
00:12:12 64.51   81.05   67.89   84.31
00:13:15 64.51   81.16   67.89   84.31
00:14:19 64.51   81.05   67.89   84.31
00:15:22 64.51   81.28   67.89   84.20
00:16:25 64.51   80.83   67.89   84.09
00:17:29 64.51   80.71   67.89   83.97
00:18:32 64.51   80.94   67.78   83.86
00:19:35 64.51   81.05   67.89   83.75
00:20:39 64.51   81.05   67.89   83.64
00:21:42 64.51   81.05   67.89   83.53
00:22:45 64.51   80.94   67.89   83.41
00:23:49 64.51   80.83   67.89   83.41
00:24:52 64.51   80.83   67.78   83.30
00:25:55 64.51   80.94   67.78   83.19
00:26:59 64.51   81.16   67.78   83.19
00:28:02 64.51   80.83   67.78   83.19
00:29:05 64.51   80.83   67.78   83.08
00:30:09 64.40   81.05   67.78   82.96
00:31:12 64.40   80.94   67.66   82.85
00:32:15 64.40   80.83   67.66   82.85
00:33:19 64.40   80.94   67.66   82.74
00:34:22 64.40   80.94   67.66   82.74
00:35:26 64.51   80.94   67.66   82.62
00:36:29 64.40   80.94   67.78   82.51
00:37:32 64.40   80.60   67.78   82.51
00:38:36 64.40   80.60   67.66   82.40
00:39:39 64.40   80.60   67.78   82.29
00:40:42 64.40   80.60   67.66   82.40
00:41:46 64.40   80.71   67.55   82.29
00:42:49 64.40   80.49   67.66   82.18
00:43:52 64.40   80.60   67.66   82.06
00:44:56 64.40   80.49   67.66   82.18
00:45:59 64.40   80.60   67.66   81.95
00:47:02 64.40   80.26   67.66   81.95
00:48:06 64.40   80.26   67.66   81.84
00:49:09 64.40   80.49   67.55   81.84
00:50:12 64.40   80.26   67.55   81.72
00:51:16 64.40   80.38   67.66   81.72
00:52:19 64.40   80.26   67.55   81.72
00:53:22 64.40   80.38   67.66   81.61
00:54:26 64.40   80.26   67.55   81.50
00:55:29 64.40   80.38   67.66   81.39
00:56:32 64.29   80.04   67.66   81.39
00:57:36 64.40   80.38   67.55   81.50
00:58:39 64.40   80.26   67.55   81.50
00:59:42 64.40   83.53   67.44   81.39
01:00:46 66.09   120.09   67.55   81.50
01:01:49 67.55   144.95   67.66   81.95
01:02:52 68.22   136.62   67.78   82.74
01:03:55 68.56   112.89   67.78   83.19
01:04:58 67.89   111.42   67.89   83.19
01:06:01 67.10   109.29   67.78   83.08
01:07:05 66.43   109.17   67.89   82.96
01:08:08 66.09   108.50   67.78   82.74
01:09:11 65.75   107.26   67.89   82.74
01:10:15 65.64   105.80   67.78   82.74
01:11:18 65.41   103.78   67.78   82.51
01:12:21 65.30   102.20   67.66   82.40
01:13:25 65.19   100.74   67.78   82.40
01:14:28 65.08   98.71   67.66   82.40
01:15:31 64.96   97.25   67.66   82.29
01:16:35 64.96   96.24   67.78   82.29
01:17:38 64.96   94.89   67.66   82.18
01:18:42 64.85   97.48   67.55   82.29
01:19:45 66.88   129.43   67.78   82.29
01:20:48 68.11   146.07   67.89   82.74
01:21:51 68.68   136.74   68.00   83.53
01:22:54 69.01   113.23   67.89   83.86
01:23:57 68.11   111.99   68.00   83.86
01:25:00 67.33   110.41   68.00   83.75
01:26:04 66.65   108.50   68.00   83.53
01:27:07 66.31   108.16   67.89   83.41
01:28:10 65.97   107.26   67.89   83.30
01:29:14 65.75   106.36   67.89   83.19
01:30:17 65.53   104.56   67.89   83.19
01:31:20 65.41   102.65   67.89   83.08
01:32:24 65.30   101.19   67.89   82.96
01:33:27 65.19   100.51   67.89   82.96
01:34:31 65.19   98.49   68.00   82.85
01:35:34 65.08   99.28   67.89   82.74
01:36:37 66.99   127.17   67.89   82.85
01:37:40 68.22   144.61   68.00   83.19
01:38:43 68.79   142.36   68.11   83.97
01:39:46 69.24   116.04   68.11   84.54
01:40:49 68.56   112.44   68.11   84.54
01:41:53 67.66   111.99   68.34   84.31
01:42:56 66.99   112.66   68.22   84.20
01:43:59 66.54   111.54   68.22   83.97
01:45:03 66.20   110.08   68.22   83.86
01:46:06 65.97   107.83   68.11   83.97
01:47:09 65.75   106.14   68.11   83.86
01:48:13 65.64   104.45   68.11   83.75
01:49:16 65.53   102.76   68.11   83.64
01:50:19 65.41   101.08   68.00   83.53
01:51:23 65.30   99.84   68.00   83.64
01:52:26 66.43   119.41   68.00   83.64
01:53:29 68.11   140.34   68.11   83.97
01:54:32 68.79   148.32   68.11   84.65
01:55:35 69.24   124.92   68.34   85.10
01:56:38 69.12   112.33   68.45   85.33
01:57:42 68.11   112.78   68.45   85.10
01:58:45 67.33   109.62   68.45   84.88
01:59:48 66.76   109.62   68.45   84.76
02:00:52 66.43   109.96   68.45   84.54
02:01:55 66.09   108.61   68.45   84.43
02:02:58 65.86   107.15   68.34   84.43
02:04:02 65.75   105.12   68.34   84.43
02:05:05 65.64   103.78   68.34   84.43
02:06:08 65.53   102.09   68.45   84.31
02:07:12 65.41   100.85   68.34   84.20
02:08:15 65.30   99.28   68.22   84.20
02:09:18 65.30   98.26   68.34   84.09
02:10:22 66.54   120.54   68.34   84.09
02:11:25 68.11   141.80   68.34   84.43
02:12:28 68.79   150.35   68.34   85.21
02:13:30 69.24   127.51   68.45   85.78
02:14:34 69.24   112.78   68.56   85.89
02:15:37 68.22   113.23   68.68   85.78
02:16:41 67.44   113.45   68.56   85.55
02:17:44 66.88   112.55   68.56   85.44
02:18:47 66.54   111.20   68.56   85.33
02:19:51 66.20   108.95   68.56   85.21
02:20:54 65.97   107.94   68.56   84.99
02:21:57 65.86   106.14   68.56   84.88
02:23:01 65.75   104.56   68.56   84.76
02:24:04 65.64   102.99   68.56   84.65
02:25:07 65.53   101.19   68.56   84.65
02:26:11 65.41   99.28   68.56   84.65
02:27:14 65.41   98.38   68.45   84.54
02:28:17 65.30   97.25   68.45   84.43
02:29:21 65.19   96.58   68.56   84.43
02:30:24 66.54   119.98   68.45   84.54
02:31:27 68.11   142.14   68.45   84.88
02:32:30 68.90   137.53   68.56   85.44
02:33:33 69.24   112.78   68.56   85.78
02:34:36 68.56   111.20   68.68   85.78
02:35:40 67.66   110.98   68.68   85.55
02:36:43 67.10   108.73   68.56   85.44
02:37:46 66.65   110.19   68.56   85.44
02:38:50 66.31   108.61   68.68   85.33
02:39:53 66.09   107.26   68.56   85.10
02:40:56 65.86   105.80   68.56   84.99
02:42:00 65.75   104.00   68.56   84.99
02:43:03 65.64   102.65   68.56   84.99
02:44:06 65.53   101.30   68.56   84.88
02:45:10 65.41   99.84   68.56   84.76
02:46:13 65.41   98.71   68.56   84.76
02:47:16 65.30   97.25   68.45   84.65
02:48:20 65.19   96.01   68.45   84.65
02:49:23 65.19   94.66   68.45   84.54
02:50:27 65.19   94.33   68.45   84.43
02:51:30 65.19   97.14   68.34   84.43
02:52:33 67.44   132.12   68.45   84.54
02:53:36 68.45   147.54   68.56   84.99
02:54:39 69.01   130.89   68.56   85.78
02:55:42 69.12   112.21   68.68   86.00
02:56:45 68.22   112.10   68.79   85.89
02:57:49 67.44   110.30   68.68   85.78
02:58:52 66.88   111.54   68.56   85.55
02:59:56 66.54   110.08   68.68   85.44
03:00:59 66.20   108.73   68.79   85.33
03:02:02 65.97   107.49   68.68   85.21
03:03:06 65.86   105.46   68.68   84.99
03:04:09 65.75   103.89   68.68   85.10
03:05:12 65.64   102.09   68.56   84.99
03:06:16 65.53   100.74   68.68   84.99
03:07:19 65.41   99.39   68.68   84.88
03:08:22 65.41   97.59   68.56   84.76
03:09:26 65.30   96.91   68.56   84.65
03:10:29 65.30   95.79   68.45   84.65
03:11:32 65.30   95.00   68.56   84.65
03:12:36 65.19   93.99   68.68   84.54
03:13:39 65.19   92.86   68.56   84.43
03:14:42 65.19   92.19   68.45   84.43
03:15:46 65.19   91.40   68.34   84.43
03:16:49 65.19   91.06   68.34   84.31
03:17:52 65.08   89.94   68.45   84.31
03:18:56 65.08   89.15   68.45   84.31
03:19:59 65.08   89.04   68.34   84.20
03:21:02 65.08   88.59   68.34   84.20
03:22:06 65.08   88.14   68.34   84.09
03:23:09 65.08   87.69   68.34   83.97
03:24:12 65.30   100.06   68.45   83.97
03:25:16 67.66   137.64   68.45   84.20
03:26:18 68.45   147.43   68.56   84.88
03:27:21 69.01   123.69   68.56   85.55
03:28:25 68.90   111.99   68.68   85.66
03:29:28 67.89   112.44   68.68   85.55
03:30:31 67.21   113.11   68.68   85.33
03:31:35 66.76   112.78   68.68   85.10
03:32:38 66.43   109.85   68.68   85.10
03:33:41 66.20   108.28   68.56   84.99
03:34:45 65.97   106.36   68.56   84.88
03:35:48 65.86   105.12   68.56   84.88
03:36:51 65.75   103.55   68.56   84.65
03:37:55 65.64   101.98   68.56   84.65
03:38:58 65.53   100.29   68.56   84.54
03:40:02 65.41   98.94   68.56   84.31
03:41:05 65.41   97.59   68.45   84.31
03:42:08 65.30   96.24   68.56   84.43
03:43:12 65.30   95.56   68.45   84.31
03:44:15 65.19   94.44   68.45   84.31
03:45:18 65.19   93.65   68.56   84.20
03:46:22 65.19   92.41   68.45   84.31
03:47:25 65.08   91.74   68.34   84.20
03:48:28 65.08   90.50   68.45   84.20
03:49:32 65.08   92.41   68.45   84.09
03:50:35 66.65   121.55   68.45   84.20
03:51:38 68.00   144.05   68.56   84.43
03:52:41 68.68   133.14   68.56   85.10
03:53:44 69.01   111.99   68.68   85.44
03:54:47 68.22   111.20   68.68   85.44
03:55:51 67.44   109.96   68.79   85.21
03:56:54 66.88   108.73   68.79   85.10
03:57:57 66.43   109.51   68.68   84.99
03:59:01 66.20   107.49   68.68   84.88
04:00:04 65.97   106.25   68.68   84.76
04:01:07 65.86   104.90   68.68   84.65
04:02:11 65.75   103.55   68.56   84.65
04:03:14 65.53   102.20   68.56   84.65
04:04:17 65.53   100.51   68.56   84.65
04:05:21 65.41   99.39   68.45   84.54
04:06:24 65.30   97.36   68.45   84.43
04:07:27 65.30   96.35   68.45   84.31
04:08:31 65.30   95.90   68.56   84.20
04:09:34 66.43   120.20   68.56   84.31
04:10:37 68.11   142.25   68.68   84.65
04:11:40 68.79   148.55   68.79   85.44
04:12:43 69.24   124.03   68.79   86.00
04:13:46 69.01   112.78   68.79   86.11
04:14:50 68.11   113.11   68.90   86.00
04:15:53 67.33   113.00   68.90   85.78
04:16:56 66.88   112.44   68.79   85.55
04:18:00 66.54   110.64   68.90   85.33
04:19:03 66.31   108.61   68.90   85.21
04:20:06 66.09   107.38   68.90   85.10
04:21:10 65.97   105.91   68.79   85.10
04:22:13 65.75   103.89   68.68   85.10
04:23:16 65.64   102.65   68.79   84.99
04:24:20 65.53   101.08   68.79   84.99
04:25:23 65.53   99.95   68.68   84.88
04:26:26 65.41   98.60   68.68   84.76
04:27:30 65.41   97.14   68.68   84.65
04:28:33 65.30   95.90   68.56   84.54
04:29:36 65.30   94.66   68.56   84.65
04:30:40 65.30   93.88   68.68   84.54
04:31:43 65.19   94.89   68.68   84.43
04:32:46 66.88   124.14   68.68   84.54
04:33:49 68.22   144.61   68.68   84.88
04:34:52 68.90   137.86   68.79   85.66
04:35:55 69.35   113.45   68.79   86.00
04:36:59 68.56   111.76   68.79   86.00
04:38:02 67.66   110.75   68.90   85.89
04:39:05 67.10   109.40   68.90   85.66
04:40:09 66.65   106.59   68.90   85.44
04:41:12 66.43   107.60   68.90   85.44
04:42:16 66.20   106.70   68.79   85.33
04:43:19 65.97   105.80   68.90   85.21
04:44:22 65.86   104.45   68.79   85.10
04:45:26 65.75   102.54   68.79   84.99
04:46:29 65.64   101.19   68.79   84.99
04:47:32 65.53   99.39   68.79   84.99
04:48:36 65.53   98.71   68.68   84.88
04:49:39 65.41   97.59   68.68   84.88
04:50:42 65.41   96.01   68.68   84.65
04:51:46 65.30   95.11   68.68   84.65
04:52:49 65.30   93.99   68.68   84.65
04:53:52 65.30   93.20   68.79   84.54
04:54:56 65.19   92.53   68.68   84.54
04:55:59 65.19   91.85   68.79   84.43
04:57:02 65.19   91.62   68.68   84.43
04:58:06 65.19   91.18   68.56   84.31
04:59:09 65.86   110.30   68.68   84.31
05:00:12 67.89   140.56   68.68   84.65
05:01:15 68.56   151.93   68.79   85.33
05:02:18 69.12   158.34   68.79   86.22
05:03:21 69.58   145.51   69.01   100.96
05:04:24 69.91   148.89   69.01   106.81
05:05:27 70.25   156.65   69.01   108.50
05:06:29 70.47   158.90   69.12   109.62
05:07:32 70.81   146.19   69.12   110.19
05:08:35 71.04   152.94   69.35   110.53
05:09:38 71.15   159.69   69.35   110.53
05:10:41 71.38   152.04   69.46   111.65
05:11:44 71.49   148.66   69.58   112.10
05:12:47 71.71   156.31   69.69   112.66
05:13:50 71.83   156.65   69.69   113.11
05:14:53 71.94   129.31   69.80   113.45
05:15:56 71.26   122.00   69.91   112.89
05:16:59 69.91   122.90   69.91   111.99
05:18:03 69.01   122.90   69.91   111.09
05:19:06 70.81   135.39   69.91   110.41
05:20:08 71.26   147.76   70.03   110.08
05:21:11 71.49   156.09   70.14   109.96
05:22:14 71.71   161.38   70.14   112.33
05:23:17 71.94   147.31   70.36   114.12
05:24:20 72.05   136.74   70.25   113.79
05:25:23 72.16   114.35   70.36   113.11
05:26:27 71.04   115.03   70.36   112.33
05:27:30 69.91   116.15   70.47   111.42
05:28:33 69.12   115.81   70.47   110.53
05:29:36 70.36   132.01   70.47   109.74
05:30:39 71.15   146.53   70.47   109.51
05:31:42 71.60   155.64   70.59   109.40
05:32:45 71.94   161.04   70.70   109.29
05:33:48 72.05   147.20   70.70   114.46
05:34:51 72.28   133.48   70.70   115.81
05:35:54 72.05   120.65   70.81   115.25
05:36:57 70.59   121.78   70.81   113.90
05:38:01 69.58   120.09   70.81   112.66
05:39:04 68.79   121.78   70.81   111.65
05:40:08 69.12   124.81   70.81   110.53
05:41:11 70.81   135.28   70.81   109.96
05:42:13 71.38   148.10   70.81   109.85
05:43:16 71.71   156.43   70.93   109.51
05:44:19 71.94   149.79   70.93   109.40
05:45:22 72.16   122.00   70.93   109.17
05:46:26 71.71   114.46   70.93   108.61
05:47:29 70.36   115.92   71.04   107.83
05:48:32 69.35   116.04   71.04   107.15
05:49:36 68.68   116.94   71.04   106.48
05:50:39 68.22   115.70   71.04   105.80
05:51:42 67.78   114.12   71.04   105.24
05:52:46 67.55   113.11   71.04   104.67
05:53:49 69.12   127.06   71.04   104.34
05:54:52 70.59   142.93   70.93   104.23
05:55:55 71.26   153.28   71.04   104.34
05:56:58 71.60   152.82   71.15   104.56
05:58:01 71.94   125.94   71.15   104.45
05:59:04 71.26   120.88   71.04   104.23
06:00:07 70.03   121.55   71.15   103.66
06:01:11 69.12   122.23   71.15   103.10
06:02:14 68.56   121.78   71.15   102.54
06:03:17 68.00   120.20   71.04   101.98
06:04:21 67.66   117.61   71.04   101.64
06:05:24 67.44   116.26   71.04   101.19
06:06:27 67.21   113.34   71.04   100.96
06:07:31 66.99   112.44   71.15   100.51
06:08:34 66.88   110.41   71.04   100.06
06:09:37 66.76   107.83   71.04   99.73
06:10:41 66.65   106.59   71.04   99.39
06:11:44 66.54   105.12   71.04   99.16
06:12:47 66.54   104.00   70.93   98.71
06:13:51 66.43   102.54   70.81   98.49
06:14:54 66.31   101.41   70.93   98.15
06:15:57 66.31   100.29   70.81   97.92
06:17:01 66.31   99.39   70.81   97.59
06:18:04 66.20   98.38   70.81   97.25
06:19:07 66.20   97.03   70.70   97.03
06:20:11 66.09   96.69   70.59   96.69
06:21:14 66.09   95.56   70.70   96.46
06:22:17 66.09   95.00   70.81   96.24
06:23:21 66.09   94.33   70.70   95.90
06:24:24 65.97   93.76   70.70   95.79
06:25:27 65.97   93.43   70.59   95.45
06:26:31 65.97   92.86   70.59   95.22
06:27:34 65.97   92.41   70.47   95.00
06:28:38 65.86   91.62   70.47   94.66
06:29:41 65.86   91.40   70.47   94.55
06:30:44 65.86   90.95   70.47   94.33
06:31:48 65.86   90.39   70.47   94.10
06:32:51 65.86   89.94   70.36   105.35
06:33:54 65.75   89.49   70.47   110.19
06:34:58 65.75   89.49   70.36   109.40
06:36:01 65.75   89.60   70.36   108.05
06:37:04 65.75   89.15   70.36   106.81
06:38:08 65.75   89.04   70.59   105.58
06:39:11 65.75   88.47   70.47   104.45
06:40:14 65.75   88.25   70.36   103.55
06:41:18 65.64   88.14   70.36   102.65
06:42:21 65.64   88.25   70.36   101.98
06:43:24 65.75   87.91   70.36   101.30
06:44:28 65.64   87.58   70.25   100.51
06:45:31 65.64   87.58   70.25   99.95
06:46:34 65.64   87.35   70.25   99.39
06:47:38 65.64   87.24   70.25   98.94
06:48:41 65.64   87.12   70.14   98.38
06:49:44 65.64   87.01   70.14   97.92
06:50:48 65.64   86.90   70.03   109.40
06:51:51 65.64   87.01   70.03   110.75
06:52:54 65.64   86.56   70.14   110.86
06:53:58 65.64   86.68   70.03   111.31
06:55:01 65.64   86.34   70.03   111.42
06:56:04 65.64   86.34   70.03   111.54
06:57:08 65.64   86.45   70.14   111.42
06:58:11 65.64   86.11   70.03   111.31
06:59:14 65.64   86.22   70.03   110.98
07:00:18 65.53   86.00   69.91   110.64
07:01:21 65.64   86.11   70.03   110.19
07:02:25 65.53   85.78   70.03   109.85
07:03:28 65.53   86.11   69.91   109.51
07:04:31 65.64   86.11   69.80   108.95
07:05:35 65.64   85.78   69.91   108.16
07:06:38 65.64   85.78   69.91   107.60
07:07:41 65.53   85.78   69.91   109.06
07:08:45 65.64   85.89   69.91   109.40
07:09:48 65.53   85.78   69.80   109.74
07:10:51 65.53   85.78   69.80   110.19
07:11:55 65.53   85.44   69.91   110.64
07:12:58 65.53   85.44   69.80   110.41
07:14:01 65.53   85.33   69.80   109.96
07:15:05 65.53   85.33   69.80   110.75
07:16:08 65.53   85.33   69.80   110.19
07:17:11 65.53   85.33   69.69   111.31
07:18:15 65.53   85.21   69.80   110.64
07:19:18 65.53   84.88   69.69   111.65
07:20:21 65.53   84.76   69.69   111.09
07:21:25 65.53   84.76   69.58   110.30
07:22:28 65.53   84.76   69.58   109.62
07:23:31 65.53   84.99   69.69   108.95
07:24:35 65.53   84.99   69.69   108.16
07:25:38 65.53   84.65   69.46   107.38
07:26:41 65.53   84.88   69.46   106.81
07:27:45 65.53   84.88   69.46   106.14
07:28:48 65.53   84.99   69.46   105.69
07:29:51 65.53   84.88   69.46   105.12
07:30:55 65.64   84.54   69.58   104.56
07:31:58 65.53   84.76   69.58   104.11
07:33:02 65.53   84.76   69.58   103.55
07:34:05 65.53   84.65   69.69   103.10
07:35:08 65.64   84.76   69.58   102.76
07:36:12 65.64   84.76   69.46   102.42
07:37:15 65.64   84.88   69.46   102.09
07:38:18 65.64   84.65   69.46   101.64
07:39:22 65.64   84.65   69.46   101.30
07:40:25 65.64   84.65   69.35   100.74
07:41:28 65.53   84.31   69.35   100.29
07:42:32 65.53   84.65   69.35   99.73
07:43:35 65.53   84.31   69.35   112.21
07:44:38 65.53   84.43   69.35   117.84
07:45:42 65.53   84.31   69.35   117.05
07:46:45 65.53   84.20   69.35   115.48
07:47:48 65.53   84.09   69.35   113.79
07:48:52 65.53   83.97   69.35   112.10
07:49:55 65.41   83.97   69.35   110.64
07:50:58 65.41   84.09   69.35   109.29
07:52:02 65.41   83.75   69.46   108.05
07:53:05 65.41   83.86   69.46   107.15
07:54:08 65.41   83.86   69.24   106.25
07:55:12 65.41   83.53   69.35   105.46
07:56:15 65.41   83.64   69.35   104.67
07:57:18 65.41   83.75   69.46   104.00
07:58:22 65.30   83.41   69.35   103.21
07:59:25 65.30   83.64   69.24   102.76
08:00:28 65.30   83.30   69.24   102.09
08:01:32 65.30   83.64   69.24   101.53
08:02:35 65.30   83.64   69.24   100.96
08:03:38 65.30   83.53   69.24   100.51
08:04:42 65.30   83.41   69.24   99.95
08:05:45 65.30   83.41   69.24   99.39
08:06:48 65.19   83.41   69.12   98.83
08:07:52 65.30   83.08   69.12   98.38
08:08:55 65.19   83.41   69.12   97.81
08:09:59 65.19   83.30   69.24   97.48
08:11:02 65.19   83.30   69.12   97.03
08:12:05 65.30   83.19   69.24   96.69
08:13:09 65.19   83.19   69.12   96.35
08:14:12 65.19   83.08   69.24   95.90
08:15:15 65.19   83.08   69.12   95.56
08:16:19 65.19   83.08   69.12   95.11
08:17:22 65.19   83.19   69.12   94.78
08:18:25 65.19   82.96   69.01   94.44
08:19:29 65.19   83.08   68.90   94.21
08:20:32 65.19   82.96   69.01   93.76
08:21:35 65.19   83.19   69.12   93.43
08:22:39 65.19   82.85   69.01   93.20
08:23:42 65.08   85.55   69.01   92.97
08:24:45 67.10   122.79   68.90   92.97
08:25:48 68.68   147.09   69.01   92.97
08:26:51 69.46   133.36   69.12   93.31
08:27:54 69.80   112.21   69.24   93.54
08:28:58 68.90   111.54   69.24   93.54
08:30:01 68.00   109.40   69.24   93.20
08:31:04 67.33   108.61   69.24   92.75
08:32:08 66.99   108.84   69.24   92.53
08:33:11 66.65   107.94   69.12   92.30
08:34:14 66.43   106.70   69.12   91.96
08:35:18 66.20   104.11   69.01   91.85
08:36:21 66.09   102.99   69.01   91.51
08:37:24 65.97   101.08   69.01   91.29
08:38:28 65.86   99.50   69.01   91.06
08:39:31 65.75   98.83   69.01   90.95
08:40:35 65.75   97.59   68.90   90.72
08:41:38 65.64   96.80   68.90   90.61
08:42:41 66.99   119.98   68.90   90.50
08:43:44 68.79   142.70   69.12   90.50
08:44:47 69.58   153.05   69.24   90.95
08:45:50 70.14   132.24   69.24   91.51
08:46:53 70.25   112.78   69.35   91.74
08:47:57 69.12   112.66   69.35   91.51
08:49:00 68.22   111.54   69.35   91.18
08:50:03 67.66   109.62   69.35   90.95
08:51:07 67.21   108.95   69.35   90.72
08:52:10 66.88   107.49   69.24   90.50
08:53:13 66.54   108.16   69.24   90.39
08:54:17 66.43   106.92   69.12   90.16
08:55:20 66.31   105.24   69.24   90.05
08:56:23 66.09   103.78   69.24   89.83
08:57:27 66.09   101.64   69.24   89.71
08:58:30 65.86   101.75   69.12   89.49
08:59:33 68.00   127.96   69.24   89.38
09:00:36 69.35   145.85   69.35   89.71
09:01:39 69.91   150.24   69.35   90.28
09:02:42 70.47   124.25   69.46   90.72
09:03:45 70.14   113.56   69.58   90.72
09:04:49 69.01   114.24   69.46   90.61
09:05:52 68.22   112.10   69.46   90.28
09:06:55 67.66   113.79   69.46   90.05
09:07:59 67.21   111.42   69.58   89.94
09:09:02 66.88   109.96   69.46   89.71
09:10:05 66.65   108.61   69.35   89.49
09:11:09 66.43   107.26   69.46   89.49
09:12:12 66.31   104.90   69.35   89.26
09:13:15 66.20   103.66   69.46   89.04
09:14:19 66.09   101.64   69.35   88.93
09:15:22 65.97   100.96   69.24   88.81
09:16:25 65.86   99.61   69.35   88.70
09:17:29 65.86   98.83   69.24   88.47
09:18:32 65.75   97.14   69.12   88.36
09:19:36 65.75   95.79   69.24   88.36
09:20:39 65.64   95.45   69.12   88.25
09:21:42 65.64   94.33   69.24   88.14
09:22:46 65.64   93.20   69.24   88.03
09:23:49 65.64   92.30   69.12   88.03
09:24:52 65.53   91.40   69.12   87.80
09:25:56 65.53   90.95   69.12   87.80
09:26:59 65.53   90.39   69.12   87.69
09:28:02 65.53   90.05   69.24   87.58
09:29:06 65.41   89.60   69.12   87.46
09:30:09 65.41   89.15   69.12   87.24
09:31:12 65.41   88.70   69.24   87.24
09:32:16 65.41   88.70   69.12   87.12
09:33:19 65.41   88.25   69.01   87.12
09:34:22 65.41   87.80   69.01   86.90
09:35:26 65.41   87.35   69.01   87.01
09:36:29 65.41   87.12   69.01   86.90
09:37:32 65.41   86.68   69.01   86.68
09:38:36 65.30   86.79   69.01   86.56
09:39:39 65.41   86.22   69.01   86.56
09:40:42 65.30   86.45   68.90   86.45
09:41:46 65.30   85.89   68.79   86.34
09:42:49 65.30   85.55   68.90   86.34
09:43:52 65.30   85.78   68.90   86.11
09:44:56 65.30   85.44   69.01   86.00
09:45:59 65.30   85.44   69.01   85.89
09:47:02 65.30   85.44   68.90   85.78
09:48:06 65.30   85.21   69.01   85.78
09:49:09 65.30   84.88   68.90   85.78
09:50:12 65.19   84.76   69.01   85.78
09:51:16 65.30   84.54   69.01   85.55
09:52:19 65.19   84.54   68.90   85.55
09:53:23 65.19   84.43   68.68   85.44
09:54:26 65.19   84.20   68.79   85.44
09:55:29 65.19   84.20   68.68   85.44
09:56:33 65.19   84.09   68.68   85.33
09:57:36 65.19   83.86   68.45   85.33
09:58:39 65.19   83.97   68.45   85.21
09:59:43 65.19   83.64   68.68   84.99
10:00:46 65.19   83.64   68.68   84.88
10:01:49 65.19   83.64   68.68   84.88
10:02:53 65.19   83.30   68.79   84.76
10:03:56 65.19   83.30   68.68   84.76
10:04:59 65.08   83.41   68.68   84.65
10:06:03 65.08   83.41   68.68   84.65
10:07:06 65.19   83.53   68.79   84.65
10:08:09 65.08   83.30   68.79   84.65
10:09:13 65.08   83.19   68.79   84.65
10:10:16 65.08   83.53   68.90   84.65
10:11:19 65.08   83.08   68.79   84.54
10:12:23 65.08   83.30   68.79   84.54
10:13:26 65.08   83.08   68.90   84.31
10:14:29 65.08   83.08   68.79   84.31
10:15:33 65.08   83.08   68.79   84.20
10:16:36 65.08   83.08   68.90   84.09
10:17:39 65.08   82.85   68.90   84.09
10:18:43 65.08   82.85   68.90   83.97
10:19:46 65.08   82.62   68.90   83.97
10:20:49 65.08   82.85   68.90   83.97
10:21:53 65.08   82.74   68.90   83.97
10:22:56 65.08   82.74   68.90   83.97
10:23:59 65.08   82.62   69.01   83.97
10:25:03 65.08   82.40   68.90   83.86
10:26:06 65.08   82.62   68.90   83.75
10:27:10 65.08   82.51   69.01   83.75
10:28:13 65.08   82.51   69.01   83.64
10:29:16 65.08   82.74   69.01   83.53
10:30:20 65.08   82.62   69.01   83.53
10:31:23 65.08   82.62   69.01   83.53
10:32:26 65.08   82.62   69.01   83.64
10:33:30 64.96   82.62   69.01   83.64
10:34:33 65.08   82.62   69.01   83.64
10:35:36 64.96   82.40   69.12   83.53
10:36:40 64.96   82.18   69.01   83.53
10:37:43 65.08   82.18   69.01   83.53
10:38:46 64.96   82.40   69.01   83.41
10:39:50 64.96   82.29   69.01   83.41
10:40:53 64.96   82.06   69.01   83.30
10:41:56 65.08   82.29   69.01   83.19
10:43:00 64.96   82.18   69.01   83.19
10:44:03 64.96   82.40   69.12   83.08
10:45:06 64.96   82.29   69.01   83.08
10:46:10 64.96   82.18   69.01   83.08
10:47:13 64.96   82.29   69.01   83.19
10:48:16 64.96   82.29   69.01   83.08
10:49:20 64.96   82.29   69.12   83.08
10:50:23 64.96   82.51   69.01   83.08
10:51:26 64.96   82.18   69.01   83.08
10:52:30 64.96   82.40   69.12   83.08
10:53:33 64.96   82.06   69.12   82.96
10:54:36 64.96   82.29   69.12   82.85
10:55:40 64.96   82.29   69.12   82.74
10:56:43 64.96   82.29   69.12   82.62
10:57:47 64.96   82.18   69.12   82.62
10:58:50 64.96   82.29   69.12   82.62
10:59:53 64.96   82.29   69.12   82.74
11:00:57 64.96   82.18   69.12   82.74
11:02:00 64.96   82.06   69.12   82.74
11:03:03 64.96   82.18   69.24   82.62
11:04:07 64.96   82.06   69.24   82.51
11:05:10 64.96   82.29   69.12   82.40
11:06:13 64.96   82.18   69.01   82.51
11:07:17 64.96   82.18   69.12   82.62
11:08:20 64.96   82.06   69.12   82.51
11:09:23 64.96   82.29   69.12   82.40
11:10:27 64.96   82.06   69.12   82.40
11:11:30 64.96   81.95   69.12   82.51
11:12:33 64.96   81.95   69.12   82.51
11:13:37 64.96   82.18   69.12   82.51
11:14:40 64.96   81.84   69.12   82.51
11:15:43 64.96   81.95   69.24   82.40
11:16:47 64.96   82.06   69.24   82.29
11:17:50 64.96   81.84   69.12   82.18
11:18:53 64.96   81.84   69.24   82.18
11:19:57 64.96   81.84   69.24   82.18
11:21:00 64.96   81.95   69.24   82.18
11:22:03 64.96   81.95   69.24   82.18
11:23:07 64.96   81.72   69.12   82.18
11:24:10 64.96   81.84   69.24   82.18
11:25:13 64.96   81.72   69.12   82.29
11:26:17 64.85   81.72   69.12   82.29
11:27:20 64.85   81.72   69.24   82.18
11:28:23 64.96   81.95   69.24   82.29
11:29:27 64.96   81.72   69.12   82.06
11:30:30 64.96   81.72   69.24   82.06
11:31:34 64.96   81.61   69.24   82.06
11:32:37 64.96   81.61   69.24   82.06
11:33:40 64.96   81.84   69.24   81.95
11:34:44 64.96   81.61   69.24   82.06
11:35:47 64.85   81.61   69.24   81.84
11:36:50 64.96   81.50   69.24   81.84
11:37:54 64.96   81.61   69.24   81.84
11:38:57 64.96   81.72   69.24   81.72
11:40:00 64.96   81.72   69.24   81.72
11:41:04 64.96   81.72   69.35   81.72
11:42:07 64.96   81.84   69.24   81.84
11:43:10 65.08   81.84   69.24   81.72
11:44:14 64.96   81.72   69.12   81.84
11:45:17 64.96   81.84   69.24   81.84
11:46:20 64.96   82.18   69.24   81.84
11:47:24 64.96   81.84   69.24   81.84
11:48:27 64.96   81.72   69.24   81.84
11:49:30 64.96   81.72   69.24   81.84
11:50:34 64.96   81.72   69.24   81.84
11:51:37 64.96   81.61   69.24   81.72
11:52:40 64.96   81.61   69.24   81.72
11:53:44 64.96   81.50   69.24   81.61
11:54:47 64.96   81.61   69.35   81.61
11:55:50 65.08   81.39   69.35   81.72
11:56:54 64.96   81.61   69.24   81.72
11:57:57 64.96   81.50   69.35   81.72
11:59:00 64.96   81.61   69.24   81.72
12:00:04 64.96   81.61   69.35   81.72
12:01:07 64.96   81.61   69.24   81.61
12:02:10 64.96   81.50   69.24   81.50
12:03:14 64.96   81.95   69.35   81.61
12:04:17 64.96   81.50   69.35   81.50
12:05:21 64.96   81.61   69.24   81.50
12:06:24 65.08   82.18   69.12   81.50
12:07:27 64.96   81.61   69.12   81.61
12:08:31 64.96   81.72   69.12   81.61
12:09:34 64.96   81.39   69.12   81.61
12:10:37 65.08   81.50   69.12   81.61
12:11:41 65.08   81.50   69.12   81.50
12:12:44 64.96   81.72   69.12   81.61
12:13:47 64.96   81.72   69.12   81.61
12:14:51 64.96   81.61   69.12   81.61
12:15:54 64.96   81.72   69.24   81.61
12:16:57 64.96   81.39   69.24   81.61
12:18:01 64.96   81.61   69.12   81.50
12:19:04 64.85   81.50   69.01   81.50
12:20:07 64.96   81.61   69.12   81.50
12:21:11 64.96   81.72   69.12   81.50
12:22:14 64.96   81.61   69.01   81.50
12:23:17 64.96   81.61   69.01   81.39
12:24:21 64.85   81.61   69.01   81.28
12:25:24 64.96   81.61   69.01   81.28
12:26:27 64.96   81.50   69.12   81.16
12:27:31 64.96   81.72   68.90   81.28
12:28:34 64.96   81.50   69.01   81.28
12:29:37 64.96   81.61   68.90   81.28
12:30:41 64.96   81.39   68.90   81.28
12:31:44 64.96   81.16   68.79   81.16
12:32:47 64.96   81.50   68.90   81.16
12:33:51 64.96   81.28   68.79   81.28
12:34:54 64.96   81.50   68.90   81.16
12:35:57 64.96   81.39   68.79   81.16
12:37:01 64.96   81.50   68.79   81.16
12:38:04 64.96   81.72   68.79   81.28
12:39:08 64.96   81.61   68.68   81.39
12:40:11 64.96   81.28   68.79   81.28
12:41:14 64.96   81.50   68.79   81.28
12:42:18 64.96   81.50   68.68   81.28
12:43:21 64.96   81.50   68.79   81.28
12:44:24 64.96   81.28   68.79   81.05
12:45:28 64.96   81.39   68.90   81.05
12:46:31 64.96   81.50   68.79   81.05
12:47:34 64.96   81.50   68.79   81.05
12:48:38 64.96   81.39   68.90   80.94
12:49:41 64.96   81.39   68.79   81.05
12:50:44 64.96   81.50   68.79   81.05
12:51:48 64.96   81.39   68.79   81.05
12:52:51 64.96   81.39   68.79   80.94
12:53:54 64.96   81.39   68.79   80.94
12:54:58 64.96   81.28   68.68   80.94
12:56:01 64.96   81.50   68.90   81.05
12:57:04 64.96   81.50   68.90   81.05
12:58:08 64.96   81.39   68.79   81.16
12:59:11 64.96   81.61   68.79   81.05
13:00:14 64.96   81.61   68.79   81.05
13:01:18 64.96   81.50   68.90   81.05
13:02:21 64.96   81.50   68.90   81.05
13:03:24 64.96   81.50   68.68   81.05
13:04:28 64.96   81.50   68.79   80.94
13:05:31 65.08   81.05   68.79   80.94
13:06:34 65.08   81.28   68.90   80.94
13:07:38 65.08   81.39   68.90   81.05
13:08:41 65.08   81.28   68.79   80.94
13:09:45 64.96   81.28   68.68   81.05
13:10:48 65.08   81.28   68.79   80.94
13:11:51 65.08   81.28   68.90   80.94
13:12:55 65.08   81.16   68.79   80.94
13:13:58 65.08   81.39   68.68   80.83
13:15:01 64.96   81.28   68.79   80.94
13:16:05 64.96   81.28   68.68   80.83
13:17:08 64.96   81.50   68.68   80.83
13:18:11 64.96   81.16   68.79   80.94
13:19:15 65.08   81.05   68.68   80.83
13:20:18 65.08   81.50   68.68   80.83
13:21:21 64.96   81.16   68.68   80.83
13:22:25 64.96   81.28   68.68   80.83
13:23:28 65.08   81.39   68.79   80.83
13:24:31 64.96   81.16   68.79   80.94
13:25:35 65.08   81.28   68.79   80.94
13:26:38 65.08   81.28   68.79   80.83
13:27:41 65.08   81.39   68.79   80.94
13:28:45 64.96   81.28   68.79   80.83
13:29:48 64.96   81.28   68.79   80.71
13:30:51 64.96   81.28   68.79   80.71
13:31:55 64.96   81.39   68.79   80.60
13:32:58 64.96   81.16   68.90   80.60
13:34:01 64.96   81.50   68.90   80.60
13:35:05 64.96   81.28   68.90   80.71
13:36:08 64.96   81.28   68.90   80.71
13:37:11 64.96   81.16   68.90   80.83
13:38:15 64.96   81.28   68.90   80.94
13:39:18 64.96   81.28   68.90   80.83
13:40:22 64.96   81.39   68.90   80.83
13:41:25 65.08   81.50   69.01   80.83
13:42:28 65.08   81.39   68.90   80.71
13:43:32 65.08   81.28   68.90   80.71
13:44:35 65.08   81.28   68.79   80.71
13:45:38 65.08   81.50   68.90   80.71
13:46:42 64.96   81.39   68.90   80.71
13:47:45 64.96   81.16   68.90   80.71
13:48:48 64.96   81.39   68.90   80.60
13:49:52 64.96   81.28   69.01   80.60
13:50:55 64.96   81.28   68.90   80.60
13:51:58 64.96   81.50   68.90   80.71
13:53:02 64.96   81.16   69.01   80.71
13:54:05 64.96   81.28   69.01   80.60
13:55:08 64.96   81.28   69.01   80.60
13:56:12 64.96   81.16   69.01   80.60
13:57:15 64.96   81.28   69.01   80.71
13:58:18 64.96   81.16   68.90   80.60
13:59:22 64.96   81.28   68.79   80.49
14:00:25 64.96   81.16   68.79   80.49
14:01:28 65.08   81.16   68.90   80.60
14:02:32 65.08   81.50   68.79   80.49
14:03:35 65.08   81.50   69.01   80.49
14:04:38 65.08   81.50   68.90   80.60
14:05:42 64.96   81.50   69.01   80.60
14:06:45 64.96   81.39   69.01   80.49
14:07:48 64.96   81.72   69.01   80.49
14:08:52 64.96   81.39   69.01   80.49
14:09:55 64.96   81.50   69.01   80.38
14:10:58 64.96   81.50   69.01   80.38
14:12:02 64.96   81.50   69.01   80.26
14:13:05 64.96   81.16   68.90   80.26
14:14:09 64.96   81.28   68.90   80.26
14:15:12 64.96   81.28   68.90   80.26
14:16:15 64.96   81.61   69.01   80.26
14:17:19 64.96   81.50   68.90   80.26
14:18:22 64.96   81.61   68.90   80.26
14:19:25 64.96   80.94   68.90   80.26
14:20:29 64.96   81.50   68.79   80.26
14:21:32 64.96   81.72   68.90   80.26
14:22:35 64.96   81.39   68.90   80.26
14:23:39 65.08   81.72   68.90   80.26
14:24:42 65.08   81.72   69.01   80.26
14:25:45 65.08   81.61   68.90   80.15
14:26:49 64.96   81.05   68.90   80.26
14:27:52 64.96   81.16   69.01   80.26
14:28:55 65.08   81.16   68.90   80.26
14:29:59 64.96   81.39   68.90   80.26
14:31:02 64.96   81.50   68.90   80.26
14:32:05 65.08   81.61   68.90   80.26
14:33:09 65.08   81.61   68.90   80.26
14:34:12 64.96   81.50   68.90   80.26
14:35:15 64.96   81.28   69.01   80.15
14:36:19 64.96   81.61   69.01   80.04
14:37:22 65.08   81.50   69.01   80.04
14:38:25 64.96   81.50   69.01   80.04
14:39:29 64.96   81.39   69.01   80.04
14:40:32 64.96   81.50   68.90   79.93
14:41:35 64.96   81.39   68.90   79.93
14:42:39 64.96   81.50   69.01   79.93
14:43:42 64.96   81.50   68.90   80.04
14:44:45 64.96   81.39   68.90   80.15
14:45:49 64.96   81.16   69.01   80.04
14:46:52 64.96   81.50   69.01   80.15
14:47:56 64.96   81.39   69.01   80.15
14:48:59 64.96   81.39   68.90   80.15
14:50:02 64.96   81.39   68.79   80.26
14:51:06 64.96   81.39   68.90   80.15
14:52:09 65.08   81.16   68.90   80.15
14:53:12 65.08   81.50   68.90   80.15
14:54:16 65.08   81.39   68.79   80.15
14:55:19 64.96   81.50   68.90   80.15
14:56:22 64.96   81.28   68.90   80.15
14:57:26 64.96   81.39   69.01   80.26
14:58:29 64.96   81.50   69.01   80.15
14:59:32 65.08   81.72   68.90   80.15
15:00:36 65.08   81.28   68.79   80.04
15:01:39 65.08   81.28   68.79   80.15
15:02:42 64.96   81.16   68.90   80.04
15:03:46 65.08   81.39   68.79   80.04
15:04:49 64.96   81.39   68.79   80.04
15:05:52 64.96   81.61   68.79   80.04
15:06:56 64.96   81.50   68.68   80.15
15:07:59 64.96   81.39   68.79   80.15
15:09:02 64.96   81.50   68.90   80.15
15:10:06 65.08   89.04   68.68   80.26
15:11:09 67.66   133.93   68.90   80.26
15:12:12 68.68   150.35   68.90   81.05
15:13:15 69.35   151.81   68.90   81.95
15:14:18 69.91   144.05   69.12   82.51
15:15:20 70.36   129.65   69.24   83.08
15:16:24 70.36   113.00   69.35   83.19
15:17:27 69.35   113.11   69.35   83.08
15:18:30 68.56   111.42   69.35   82.85
15:19:34 67.89   113.00   69.46   82.62
15:20:37 67.44   111.76   69.35   82.62
15:21:40 67.10   110.41   69.46   82.51
15:22:44 66.88   108.73   69.35   82.40
15:23:47 66.65   106.70   69.46   82.18
15:24:50 66.54   105.58   69.46   82.06
15:25:54 66.43   107.71   69.46   82.18
15:26:57 68.79   133.81   69.35   82.18
15:28:00 69.69   147.76   69.46   82.96
15:29:03 70.25   147.43   69.58   83.64
15:30:06 70.70   121.44   69.58   84.20
15:31:09 70.36   113.23   69.69   84.20
15:32:12 69.35   113.34   69.80   83.97
15:33:16 68.56   113.56   69.80   83.86
15:34:19 68.00   113.67   69.80   83.64
15:35:22 67.55   112.10   69.69   83.64
15:36:26 67.33   110.41   69.80   83.53
15:37:29 66.99   108.16   69.80   83.41
15:38:32 66.88   107.38   69.80   83.41
15:39:36 66.65   105.80   69.69   83.41
15:40:39 66.54   103.89   69.80   83.41
15:41:43 66.43   102.31   69.80   83.41
15:42:46 66.31   101.41   69.69   83.41
15:43:49 66.31   99.84   69.69   83.30
15:44:53 66.20   98.38   69.69   83.08
15:45:56 66.20   100.51   69.69   83.08
15:46:59 68.45   130.89   69.80   83.19
15:48:02 69.69   147.31   69.80   83.75
15:49:05 70.25   135.84   69.80   84.43
15:50:08 70.59   112.89   70.03   84.88
15:51:11 69.80   112.10   70.03   84.88
15:52:15 68.90   111.31   70.03   84.65
15:53:18 68.22   111.31   70.03   84.54
15:54:21 67.78   111.65   70.14   84.43
15:55:25 67.44   110.53   70.14   84.43
15:56:28 67.21   109.29   70.03   84.31
15:57:32 66.99   106.92   70.03   84.20
15:58:35 66.88   105.91   70.03   84.20
15:59:38 66.65   104.23   69.91   84.09
16:00:42 66.54   102.88   69.91   83.97
16:01:45 66.43   101.19   69.91   83.97
16:02:48 66.43   100.40   70.03   83.97
16:03:52 66.43   99.16   70.14   83.97
16:04:55 66.31   98.04   70.14   83.97
16:05:58 66.31   96.46   70.03   83.86
16:07:02 66.20   95.79   70.03   83.86
16:08:05 66.20   95.22   70.14   83.86
16:09:08 66.20   93.88   70.03   83.75
16:10:12 66.20   93.20   70.14   83.75
16:11:15 66.09   92.64   70.14   83.64
16:12:18 66.09   91.85   70.14   83.64
16:13:22 66.09   91.40   70.14   83.53
16:14:25 66.09   90.61   70.03   83.53
16:15:28 65.97   90.16   70.14   95.34
16:16:32 65.97   89.83   70.25   102.54
16:17:35 65.97   89.38   70.14   102.42
16:18:38 65.97   88.70   70.14   100.96
16:19:42 65.97   88.70   70.25   99.61
16:20:45 65.97   88.14   70.25   98.38
16:21:48 65.86   87.69   70.14   97.48
16:22:52 65.86   87.58   70.25   96.58
16:23:55 65.86   87.35   70.25   95.68
16:24:58 65.86   87.35   70.25   95.00
16:26:02 65.86   86.79   70.25   94.33
16:27:05 65.86   86.68   70.25   93.88
16:28:08 65.75   86.56   70.25   93.31
16:29:12 65.75   86.34   70.25   92.86
16:30:15 65.75   86.22   70.25   92.41
16:31:18 65.64   85.66   70.25   92.08
16:32:22 65.64   85.44   70.25   91.74
16:33:25 65.64   85.33   70.36   91.51
16:34:29 65.64   85.33   70.25   91.06
16:35:32 65.64   85.33   70.36   90.72
16:36:35 65.53   85.10   70.36   90.39
16:37:39 65.53   84.88   70.25   90.16
16:38:42 65.64   85.21   70.36   89.83
16:39:45 65.53   85.10   70.25   89.71
16:40:49 65.64   84.99   70.25   89.38
16:41:52 65.64   84.76   70.25   89.15
16:42:55 65.53   84.65   70.14   88.81
16:43:59 65.53   84.54   70.25   88.59
16:45:02 65.53   84.65   70.25   88.36
16:46:05 65.53   84.54   70.25   88.25
16:47:09 65.53   84.54   70.25   88.14
16:48:12 65.53   84.31   70.25   87.91
16:49:15 65.53   84.43   70.25   87.80
16:50:19 65.53   84.09   70.25   87.69
16:51:22 65.53   84.09   70.25   87.46
16:52:25 65.53   84.09   70.25   87.24
16:53:29 65.53   84.09   70.25   87.12
16:54:32 65.53   84.20   70.25   87.01
16:55:35 65.53   83.97   70.25   86.90
16:56:39 65.53   83.97   70.25   86.68
16:57:42 65.64   83.75   70.25   86.56
16:58:45 65.53   83.86   70.14   86.45
16:59:49 65.53   83.75   70.14   86.34
17:00:52 65.53   83.97   70.14   86.22
17:01:55 65.53   83.97   70.25   86.11
17:02:59 65.53   84.09   70.25   85.89
17:04:02 65.53   83.97   70.25   85.78
17:05:05 65.53   83.97   70.25   85.66
17:06:09 65.53   83.75   70.14   85.55
17:07:12 65.53   83.75   70.25   85.44
17:08:16 65.53   83.86   70.25   85.33
17:09:19 65.53   83.86   70.14   85.21
17:10:22 65.53   83.53   70.25   85.21
17:11:26 65.53   83.64   70.25   85.10
17:12:29 65.53   83.64   70.25   84.99
17:13:32 65.53   83.64   70.25   84.88
17:14:36 65.53   83.64   70.25   84.88
17:15:39 65.53   83.41   70.25   84.88
17:16:42 65.53   83.41   70.25   84.76
17:17:46 65.53   83.41   70.25   84.76
17:18:49 65.53   83.53   70.25   84.65
17:19:52 65.53   83.30   70.14   84.54
17:20:56 65.53   83.41   70.25   84.43
17:21:59 65.53   83.19   70.25   84.31
17:23:02 65.53   83.30   70.25   84.20
17:24:06 65.53   83.19   70.25   84.09
17:25:09 65.53   83.19   70.25   84.09
17:26:12 65.53   83.41   70.25   83.97
17:27:16 65.53   83.19   70.14   83.86
17:28:19 65.53   83.30   70.14   83.86
17:29:22 65.53   83.41   70.25   83.75
17:30:26 65.53   83.30   70.14   83.75
17:31:29 65.53   83.41   70.25   83.75
17:32:32 65.53   83.19   70.25   83.64
17:33:36 65.53   83.41   70.25   83.64
17:34:39 65.53   83.19   70.25   83.53
17:35:42 65.53   83.30   70.25   83.64
17:36:46 65.53   83.53   70.14   83.53
17:37:49 65.53   83.30   70.25   83.53
17:38:52 65.41   83.19   70.25   83.53
17:39:56 65.53   83.30   70.36   83.41
17:40:59 65.41   83.08   70.47   83.30
17:42:03 65.41   82.85   70.47   83.19
17:43:06 65.41   83.19   70.47   83.30
17:44:09 65.41   83.41   70.47   83.41
17:45:13 65.41   83.08   70.47   83.30
17:46:16 65.41   83.08   70.59   83.08
17:47:19 65.41   83.19   70.59   94.89
17:48:23 65.41   83.19   70.59   102.31
17:49:26 65.41   83.41   70.59   102.31
17:50:29 65.41   83.75   70.47   103.66
17:51:33 65.41   83.53   70.47   102.88
17:52:36 65.41   83.64   70.70   101.53
17:53:39 65.41   83.41   70.59   100.17
17:54:43 65.41   83.53   70.70   99.16
17:55:46 65.41   83.75   70.70   98.15
17:56:49 65.41   83.75   70.59   97.03
17:57:53 65.41   83.30   70.70   96.35
17:58:56 65.41   83.41   70.70   95.68
17:59:59 65.53   83.30   70.70   94.89
18:01:03 65.53   83.30   70.70   94.21
18:02:06 65.41   83.30   70.70   99.39
18:03:09 65.53   83.30   70.59   102.88
18:04:13 65.53   83.30   70.59   103.10
18:05:16 65.53   83.30   70.70   103.21
18:06:19 65.53   83.19   70.59   104.90
18:07:23 65.53   83.41   70.70   104.23
18:08:26 65.53   83.30   70.81   103.10
18:09:29 65.41   83.41   70.70   101.98
18:10:33 65.41   83.53   70.70   100.96
18:11:36 65.53   83.53   70.59   99.95
18:12:40 65.41   83.64   70.70   99.05
18:13:43 65.53   83.53   70.70   98.15
18:14:46 65.41   83.53   70.81   100.74
18:15:50 65.53   83.41   70.81   101.98
18:16:53 65.53   83.75   70.81   101.19
18:17:56 65.41   83.75   70.81   99.95
18:19:00 65.41   83.75   70.81   98.94
18:20:03 65.53   83.75   70.81   103.78
18:21:06 65.53   83.86   70.81   105.12
18:22:10 65.53   83.64   70.93   105.69
18:23:13 65.41   83.86   70.81   105.91
18:24:16 65.53   83.86   70.93   105.80
18:25:20 65.53   83.75   70.81   105.35
18:26:23 65.53   83.97   70.93   106.70
18:27:26 65.53   83.86   70.93   106.25
18:28:30 65.53   83.97   70.93   105.12
18:29:33 65.64   83.86   70.93   104.11
18:30:36 65.64   83.86   70.70   103.21
18:31:40 65.64   84.20   70.81   102.09
18:32:43 65.64   83.86   70.81   101.30
18:33:46 65.64   84.20   70.81   100.51
18:34:50 65.75   83.97   70.81   99.73
18:35:53 65.75   84.09   70.81   98.94
18:36:56 65.75   84.20   70.93   98.26
18:38:00 65.75   84.31   70.93   97.59
18:39:03 65.75   84.20   71.04   96.91
18:40:06 65.75   84.31   70.93   96.35
18:41:10 65.75   84.09   70.93   96.01
18:42:13 65.75   83.97   71.04   95.56
18:43:16 65.75   84.43   71.04   95.11
18:44:20 65.75   84.09   70.93   94.66
18:45:23 65.75   84.20   71.04   94.21
18:46:27 65.75   84.09   71.04   93.88
18:47:30 65.75   84.31   71.04   93.54
18:48:33 65.75   83.86   70.93   93.09
18:49:37 65.75   83.97   71.04   92.75
18:50:40 65.75   83.97   71.04   92.41
18:51:43 65.75   84.09   71.04   92.08
18:52:47 65.75   84.09   71.15   91.85
18:53:50 65.75   84.20   70.93   91.51
18:54:53 65.64   84.31   71.04   91.18
18:55:57 65.64   83.97   71.04   90.95
18:57:00 65.64   84.09   71.04   90.72
18:58:03 65.64   84.20   71.04   90.61
18:59:07 65.64   84.20   71.04   90.28
19:00:10 65.64   84.20   71.04   90.05
19:01:13 65.64   83.97   71.04   89.94
19:02:17 65.64   84.20   70.93   89.71
19:03:20 65.64   83.97   71.04   89.60
19:04:23 65.64   84.09   70.93   89.38
19:05:27 65.64   84.09   70.93   89.15
19:06:30 65.64   84.43   71.04   88.93
19:07:33 65.64   84.31   70.93   88.70
19:08:37 65.64   84.43   70.93   88.47
19:09:40 65.64   84.31   70.93   88.25
19:10:43 65.64   84.20   70.93   88.14
19:11:47 65.64   84.20   70.93   88.03
19:12:50 65.64   84.09   70.93   87.91
19:13:53 65.64   84.31   70.93   87.80
19:14:57 65.64   84.20   70.93   87.69
19:16:00 65.64   84.31   71.04   87.46
19:17:03 65.64   84.54   70.81   87.35
19:18:07 65.64   84.09   70.93   87.24
19:19:10 65.64   84.20   70.81   87.12
19:20:14 65.64   84.09   70.81   95.79
19:21:17 65.64   84.09   70.81   105.46
19:22:20 65.64   84.20   70.93   107.60
19:23:24 65.64   84.09   70.81   109.17
19:24:27 65.64   84.09   70.81   109.06
19:25:30 65.64   84.31   70.81   109.40
19:26:34 65.64   84.09   70.81   108.95
19:27:37 65.64   83.97   70.81   107.94
19:28:40 65.64   84.09   70.93   106.59
19:29:44 65.64   84.20   70.93   106.92
19:30:47 65.64   84.09   70.93   108.84
19:31:50 65.64   83.97   70.93   109.06
19:32:54 65.64   84.43   70.81   108.61
19:33:57 65.64   84.43   70.93   107.71
19:35:00 65.64   84.31   70.81   106.48
19:36:04 65.75   84.20   70.93   105.35
19:37:07 65.64   84.31   70.93   104.34
19:38:10 65.75   84.20   70.93   103.44
19:39:14 65.75   84.31   70.81   102.42
19:40:17 65.75   84.31   70.93   101.64
19:41:20 65.75   84.43   70.93   109.74
19:42:24 65.75   84.20   70.81   112.89
19:43:27 65.86   84.20   70.81   112.89
19:44:30 65.86   84.43   70.81   111.76
19:45:34 65.86   84.20   70.93   110.19
19:46:37 65.86   84.09   70.93   108.73
19:47:40 65.86   84.09   70.93   107.38
19:48:44 65.86   84.09   70.93   106.14
19:49:47 65.86   83.97   70.93   105.01
19:50:50 65.86   84.09   70.81   104.00
19:51:54 65.86   84.09   70.81   103.10
19:52:57 65.86   84.09   70.93   102.20
19:54:01 65.75   83.86   70.93   101.41
19:55:04 65.75   84.09   70.93   100.62
19:56:07 65.86   83.86   70.93   99.84
19:57:11 65.86   84.09   70.93   99.28
19:58:14 65.75   83.86   70.93   98.60
19:59:17 65.75   84.09   70.93   98.04
20:00:21 65.75   83.97   70.93   97.59
20:01:24 65.75   83.64   70.93   97.03
20:02:27 65.75   83.64   70.93   96.58
20:03:31 65.75   84.31   70.93   96.12
20:04:34 65.75   83.97   70.93   95.68
20:05:37 65.75   83.75   70.93   95.22
20:06:41 65.75   83.64   70.93   94.66
20:07:44 65.75   83.97   71.04   94.44
20:08:47 65.75   83.86   70.93   93.99
20:09:51 65.75   84.09   70.93   93.65
20:10:54 65.75   84.20   70.81   93.20
20:11:57 65.75   83.86   70.81   92.86
20:13:01 65.75   83.64   70.93   92.53
20:14:04 65.75   83.75   70.93   92.30
20:15:07 65.75   83.75   70.93   100.74
20:16:11 65.75   83.64   70.93   104.23
20:17:14 65.75   83.53   70.93   103.21
20:18:17 65.75   83.75   70.93   101.98
20:19:21 65.75   83.75   70.93   100.74
20:20:24 65.75   83.64   70.81   99.61
20:21:27 65.75   83.53   70.81   98.49
20:22:31 65.75   83.75   70.93   97.70
20:23:34 65.75   83.75   70.93   96.91
20:24:37 65.75   83.64   70.93   96.12
20:25:41 65.75   83.64   70.93   95.56
20:26:44 65.75   83.64   71.04   95.00
20:27:47 65.75   83.75   71.04   94.55
20:28:51 65.75   83.64   70.93   93.99
20:29:54 65.75   83.53   70.93   93.54
20:30:57 65.75   83.64   70.93   93.09
20:32:01 65.64   83.75   71.04   100.62
20:33:04 65.75   83.64   71.04   108.39
20:34:07 65.75   83.75   71.04   110.41
20:35:11 65.75   83.41   71.04   111.20
20:36:14 65.75   83.41   71.04   110.98
20:37:17 65.75   83.75   71.04   110.19
20:38:21 65.75   83.75   71.04   108.95
20:39:24 65.75   83.86   71.04   107.60
20:40:27 65.75   83.75   71.04   106.25
20:41:31 65.86   83.53   71.04   105.01
20:42:34 65.86   83.64   71.04   103.89
20:43:38 65.86   83.64   71.04   102.99
20:44:41 65.86   83.97   71.04   101.98
20:45:44 65.86   83.64   71.15   101.19
20:46:48 65.97   83.75   71.04   100.29
20:47:51 65.97   83.86   71.15   99.61
20:48:54 65.97   84.09   71.04   99.05
20:49:58 65.86   83.86   71.15   98.38
20:51:01 65.97   83.75   71.15   97.81
20:52:04 65.97   83.86   71.15   97.36
20:53:08 65.97   83.75   71.15   96.80
20:54:11 65.86   83.75   71.15   96.35
20:55:14 65.97   83.75   71.15   95.90
20:56:18 65.86   83.53   71.15   95.45
20:57:21 65.86   83.97   71.26   95.11
20:58:24 65.97   83.86   71.26   94.66
20:59:28 65.86   84.09   71.38   94.33
21:00:31 65.97   83.97   71.26   93.99
21:01:34 65.86   83.97   71.26   93.65
21:02:38 65.86   84.09   71.26   93.31
21:03:41 65.97   84.09   71.26   93.09
21:04:44 65.97   83.86   71.38   92.86
21:05:48 65.97   83.97   71.38   92.53
21:06:51 65.97   84.09   71.26   92.19
21:07:54 65.97   83.86   71.26   91.96
21:08:58 65.97   84.20   71.26   91.74
21:10:01 65.97   84.09   71.26   91.51
21:11:04 65.97   83.97   71.26   91.29
21:12:08 65.97   83.75   71.26   90.95
21:13:11 65.97   84.09   71.38   90.61
21:14:14 65.97   84.43   71.26   90.39
21:15:18 65.97   84.09   71.26   90.16
21:16:21 65.86   84.20   71.38   89.94
21:17:24 65.97   84.09   71.38   89.83
21:18:28 65.86   84.09   71.38   89.60
21:19:31 65.97   84.09   71.38   89.38
21:20:35 65.97   83.86   71.26   89.15
21:21:38 65.97   83.64   71.38   89.04
21:22:41 65.97   83.86   71.38   88.93
21:23:45 65.97   83.97   71.38   88.70
21:24:48 65.97   84.09   71.26   88.59
21:25:51 65.97   84.09   71.26   88.36
21:26:55 65.97   83.97   71.26   88.25
21:27:58 65.97   83.97   71.38   88.14
21:29:01 65.97   84.09   71.38   87.91
21:30:05 65.97   83.97   71.38   87.80
21:31:08 65.97   83.86   71.38   87.58
21:32:11 65.97   83.86   71.49   107.49
21:33:15 65.97   84.20   71.49   108.84
21:34:18 65.97   84.09   71.60   107.38
21:35:21 65.97   84.09   71.49   110.64
21:36:25 65.97   84.20   71.49   110.98
21:37:28 65.97   84.09   71.60   109.51
21:38:31 66.09   84.20   71.60   107.94
21:39:35 65.97   83.97   71.60   106.59
21:40:38 65.97   83.86   71.60   105.12
21:41:41 65.97   84.09   71.60   103.89
21:42:45 65.97   84.20   71.60   102.65
21:43:48 65.97   83.97   71.60   101.75
21:44:51 65.97   84.09   71.60   100.85
21:45:55 65.97   84.09   71.60   99.95
21:46:58 65.97   84.09   71.60   99.28
21:48:01 65.97   84.20   71.60   98.60
21:49:05 65.97   84.09   71.60   97.92
21:50:08 66.09   84.09   71.60   97.48
21:51:11 65.97   83.97   71.60   96.80
21:52:15 65.97   83.97   71.60   96.24
21:53:18 66.09   84.31   71.71   95.68
21:54:21 65.97   83.97   71.60   95.22
21:55:25 66.09   84.09   71.60   94.89
21:56:28 66.09   84.20   71.60   94.44
21:57:32 66.09   84.20   71.71   93.99
21:58:35 66.09   84.09   71.60   93.76
21:59:38 66.09   84.09   71.60   93.43
22:00:42 66.09   83.97   71.71   92.97
22:01:45 66.09   83.86   71.71   92.64
22:02:48 66.09   84.09   71.60   92.41
22:03:52 66.09   84.20   71.60   92.08
22:04:55 66.09   83.97   71.71   91.85
22:05:58 66.09   83.97   71.83   91.62
22:07:02 66.09   84.31   71.71   91.29
22:08:05 66.09   84.31   71.71   90.95
22:09:08 66.09   84.31   71.71   90.72
22:10:12 66.09   84.20   71.60   90.50
22:11:15 66.09   84.20   71.60   90.16
22:12:18 66.09   84.20   71.60   89.94
22:13:22 66.09   84.20   71.71   89.71
22:14:25 66.09   84.54   71.60   89.60
22:15:28 66.09   84.20   71.60   89.38
22:16:32 66.09   84.09   71.60   89.15
22:17:35 66.09   84.20   71.71   89.04
22:18:38 66.09   84.09   71.71   88.81
22:19:42 66.09   84.09   71.71   88.70
22:20:45 66.09   83.97   71.60   88.47
22:21:48 66.09   84.31   71.71   88.36
22:22:52 66.09   83.86   71.60   88.25
22:23:55 66.09   84.09   71.60   88.25
22:24:58 66.09   84.09   71.60   88.03
22:26:02 66.09   83.97   71.60   87.91
22:27:05 66.09   84.09   71.60   87.80
22:28:08 66.09   84.09   71.60   87.69
22:29:12 66.09   84.09   71.60   87.58
22:30:15 66.09   83.86   71.60   87.35
22:31:19 66.09   83.86   71.60   87.24
22:32:22 66.20   83.75   71.60   87.24
22:33:25 66.09   83.75   71.60   87.12
22:34:29 66.20   83.97   71.71   87.01
22:35:32 66.09   84.09   71.71   86.79
22:36:35 66.09   83.97   71.60   86.79
22:37:39 66.09   83.86   71.60   86.56
22:38:42 66.09   83.86   71.60   86.56
22:39:45 66.09   83.86   71.60   86.45
22:40:49 66.09   84.09   71.49   86.34
22:41:52 66.09   83.86   71.49   86.22
22:42:55 66.09   84.09   71.60   86.22
22:43:59 66.20   84.09   71.49   86.00
22:45:02 66.20   83.97   71.49   86.00
22:46:05 66.20   83.75   71.49   86.34
22:47:09 66.20   83.86   71.49   106.36
22:48:12 66.20   84.09   71.49   110.19
22:49:15 66.20   84.09   71.49   111.31
22:50:19 66.20   84.09   71.60   110.86
22:51:22 66.20   84.09   71.49   110.19
22:52:25 66.20   84.09   71.49   109.17
22:53:29 66.20   84.20   71.60   108.28
22:54:32 66.20   84.09   71.60   107.26
22:55:35 66.20   84.31   71.49   106.48
22:56:39 66.20   84.31   71.49   105.58
22:57:42 66.20   84.20   71.49   104.79
22:58:45 66.20   84.09   71.38   110.08
22:59:49 66.20   84.09   71.49   110.64
23:00:52 66.20   84.20   71.49   110.08
23:01:55 66.20   84.09   71.49   110.64
23:02:59 66.20   83.97   71.38   111.54
23:04:02 66.20   83.86   71.38   111.09
23:05:06 66.20   84.09   71.49   110.53
23:06:09 66.20   83.97   71.49   109.85
23:07:12 66.20   83.97   71.49   109.06
23:08:16 66.20   83.97   71.38   108.39
23:09:19 66.20   83.97   71.38   107.71
23:10:22 66.20   84.31   71.38   106.92
23:11:26 66.20   83.75   71.38   106.25
23:12:29 66.20   83.86   71.49   105.58
23:13:32 66.20   83.86   71.49   104.90
23:14:36 66.20   83.86   71.49   104.23
23:15:39 66.20   83.86   71.49   103.66
23:16:42 66.20   83.75   71.49   102.99
23:17:46 66.20   83.75   71.38   102.42
23:18:49 66.20   83.97   71.38   101.86
23:19:52 66.20   83.86   71.49   101.30
23:20:56 66.20   83.41   71.38   100.62
23:21:59 66.20   83.75   71.38   100.06
23:23:02 66.20   83.86   71.26   99.61
23:24:06 66.20   83.75   71.38   99.16
23:25:09 66.20   83.86   71.38   98.71
23:26:12 66.20   83.53   71.38   98.15
23:27:16 66.20   83.41   71.49   97.70
23:28:19 66.20   83.53   71.38   97.25
23:29:22 66.20   83.41   71.49   96.80
23:30:26 66.20   83.41   71.38   96.46
23:31:29 66.20   83.86   71.38   96.01
23:32:32 66.20   83.64   71.38   95.56
23:33:36 66.20   83.75   71.38   95.22
23:34:39 66.20   83.64   71.49   94.89
23:35:42 66.20   83.64   71.38   94.55
23:36:46 66.20   83.30   71.49   94.33
23:37:49 66.20   83.41   71.38   93.88
23:38:53 66.20   83.30   71.49   93.54
23:39:56 66.20   83.64   71.38   93.20
23:40:59 66.20   83.41   71.38   92.86
23:42:03 66.20   83.75   71.38   92.64
23:43:06 66.31   83.75   71.38   92.41
23:44:09 66.31   83.75   71.38   92.08
23:45:13 66.20   83.64   71.38   91.85
23:46:16 66.20   83.64   71.38   91.51
23:47:19 66.20   83.41   71.38   91.29
23:48:23 66.20   83.53   71.38   91.06
23:49:26 66.20   83.64   71.38   90.84
23:50:29 66.20   83.86   71.38   90.61
23:51:33 66.20   83.64   71.38   90.39
23:52:36 66.20   83.41   71.38   90.05
23:53:39 66.31   83.53   71.38   89.94
23:54:43 66.31   83.53   71.38   89.83
23:55:46 66.31   83.64   71.38   89.60
23:56:49 66.20   83.64   71.38   89.38
23:57:53 66.31   83.75   71.38   89.15
23:58:56 66.31   83.64   71.38   89.04
23:59:59 66.31   83.30   71.38   88.93
