 Date  Furn_In  Furn_Out  Bsmnt   Water_Htr
00:00:14 66.09   82.85   70.03   88.14
00:01:17 66.20   82.62   70.03   88.14
00:02:20 66.09   82.51   70.14   87.91
00:03:24 66.20   82.62   70.03   87.80
00:04:27 66.09   82.74   70.03   87.69
00:05:30 66.20   82.96   70.03   87.58
00:06:34 66.20   82.96   70.03   87.46
00:07:37 66.20   82.85   70.03   87.46
00:08:40 66.20   82.74   70.03   87.35
00:09:44 66.20   82.85   70.03   87.24
00:10:47 66.20   82.85   70.03   87.01
00:11:50 66.09   82.85   70.03   86.79
00:12:54 66.20   82.74   70.03   86.56
00:13:57 66.20   82.62   70.03   86.56
00:15:00 66.20   82.51   70.03   86.56
00:16:04 66.20   82.85   70.03   86.34
00:17:07 66.09   82.74   70.03   86.22
00:18:10 66.20   82.74   69.91   86.00
00:19:14 66.20   82.62   69.91   85.89
00:20:17 66.09   82.51   69.91   85.78
00:21:20 66.20   82.51   70.03   85.78
00:22:24 66.20   82.51   70.03   85.66
00:23:27 66.20   82.96   70.03   85.55
00:24:30 66.20   82.85   70.03   85.55
00:25:34 66.09   82.74   70.03   85.44
00:26:37 66.20   82.62   69.91   85.33
00:27:41 66.20   82.74   69.91   85.33
00:28:44 66.20   82.51   69.91   85.33
00:29:47 66.20   82.51   69.91   85.21
00:30:51 66.20   82.51   69.91   84.99
00:31:54 66.20   82.51   70.03   84.88
00:32:57 66.09   82.51   69.91   84.99
00:34:01 66.20   82.62   70.03   84.76
00:35:04 66.20   82.74   70.03   84.76
00:36:07 66.09   82.74   69.91   84.65
00:37:11 66.20   82.62   69.91   84.54
00:38:14 66.20   82.40   69.91   84.43
00:39:17 66.20   82.40   69.91   84.43
00:40:21 66.20   82.40   69.91   84.31
00:41:24 66.20   82.51   69.91   84.43
00:42:27 66.20   82.51   69.91   84.43
00:43:31 66.20   82.51   69.91   84.31
00:44:34 66.20   82.40   69.91   84.09
00:45:37 66.20   82.29   69.91   84.09
00:46:41 66.20   82.62   69.91   83.97
00:47:44 66.20   82.62   69.91   84.09
00:48:47 66.20   82.40   69.91   83.97
00:49:51 66.20   82.74   69.91   83.86
00:50:54 66.20   82.40   69.91   83.75
00:51:57 66.20   82.74   69.91   83.75
00:53:01 66.20   82.74   69.91   83.75
00:54:04 66.20   82.40   69.91   83.64
00:55:07 66.20   82.51   69.91   83.64
00:56:11 66.20   82.62   69.91   83.64
00:57:14 66.20   82.40   69.91   83.64
00:58:17 66.20   82.62   69.91   83.53
00:59:21 66.20   82.51   69.91   83.41
01:00:24 66.20   82.62   69.91   83.53
01:01:28 66.20   82.51   69.91   83.53
01:02:31 66.20   82.62   69.91   83.41
01:03:34 66.20   82.40   69.91   83.30
01:04:38 66.20   82.62   69.91   83.30
01:05:41 66.20   82.85   69.91   83.19
01:06:44 66.20   82.74   69.91   83.08
01:07:48 66.20   82.62   69.80   83.08
01:08:51 66.20   82.62   69.91   83.08
01:09:54 66.20   82.40   69.91   83.08
01:10:58 66.20   82.29   69.91   82.96
01:12:01 66.20   82.29   69.91   83.08
01:13:04 66.20   82.51   69.91   82.96
01:14:08 66.20   82.51   69.91   82.85
01:15:11 66.20   82.51   69.80   82.85
01:16:14 66.20   82.18   69.80   82.85
01:17:18 66.20   82.29   69.80   82.85
01:18:21 66.20   82.40   69.91   82.85
01:19:24 66.20   82.51   69.91   82.96
01:20:28 66.20   82.29   69.91   82.85
01:21:31 66.20   82.29   69.80   82.74
01:22:34 66.20   82.29   69.91   82.62
01:23:38 66.20   82.29   69.91   82.62
01:24:41 66.20   82.18   69.91   82.62
01:25:44 66.20   82.29   69.91   82.74
01:26:48 66.20   82.29   69.91   82.62
01:27:51 66.20   82.40   69.80   82.62
01:28:54 66.20   82.40   69.91   82.74
01:29:58 66.20   82.40   69.80   82.62
01:31:01 66.20   82.06   69.80   82.51
01:32:04 66.20   82.18   69.80   82.51
01:33:08 66.20   82.18   69.80   82.51
01:34:11 66.20   82.51   69.91   82.51
01:35:15 66.20   82.29   69.91   82.51
01:36:18 66.20   82.06   69.91   82.51
01:37:21 66.20   82.40   69.91   82.40
01:38:25 66.20   82.29   69.80   82.51
01:39:28 66.20   82.29   69.80   82.51
01:40:31 66.20   82.40   69.91   82.51
01:41:35 66.20   82.29   69.80   82.51
01:42:38 66.20   82.06   69.80   82.40
01:43:41 66.20   81.95   69.80   82.29
01:44:45 66.20   82.29   69.91   82.51
01:45:48 66.20   82.40   69.80   82.29
01:46:51 66.20   82.40   69.80   82.40
01:47:55 66.20   82.29   69.91   82.29
01:48:58 66.20   82.06   69.91   82.29
01:50:01 66.20   82.06   69.80   82.29
01:51:05 66.20   82.06   69.80   82.40
01:52:08 66.20   82.51   69.91   82.29
01:53:11 66.20   82.18   69.80   82.40
01:54:15 66.20   82.18   69.80   82.40
01:55:18 66.20   82.29   69.80   82.40
01:56:21 66.20   82.51   69.80   82.40
01:57:25 66.20   82.62   69.80   82.29
01:58:28 66.20   82.29   69.80   82.18
01:59:31 66.20   82.40   69.80   82.18
02:00:35 66.20   82.06   69.80   82.06
02:01:38 66.31   82.06   69.80   82.06
02:02:41 66.20   82.29   69.80   82.18
02:03:45 66.20   82.29   69.80   82.29
02:04:48 66.20   82.29   69.91   82.18
02:05:51 66.20   82.29   69.80   82.06
02:06:55 66.20   82.40   69.80   82.06
02:07:58 66.20   82.40   69.91   82.18
02:09:01 66.20   82.29   69.91   82.06
02:10:05 66.20   82.18   69.80   82.06
02:11:08 66.20   82.18   69.80   82.06
02:12:12 66.20   82.51   69.80   81.95
02:13:15 66.20   82.40   69.80   81.84
02:14:18 66.20   82.18   69.91   82.06
02:15:22 66.20   82.18   69.91   82.06
02:16:25 66.20   82.18   69.80   81.95
02:17:28 66.20   82.51   69.91   81.95
02:18:32 66.20   82.40   69.91   81.95
02:19:35 66.20   82.29   69.91   81.95
02:20:38 66.20   82.06   69.80   81.95
02:21:42 66.20   82.18   69.80   82.06
02:22:45 66.20   82.29   69.80   81.95
02:23:48 66.20   82.06   69.80   81.95
02:24:52 66.20   82.29   69.80   81.95
02:25:55 66.20   82.06   69.80   81.84
02:26:58 66.20   82.18   69.80   81.95
02:28:02 66.20   82.18   69.80   81.95
02:29:05 66.31   82.06   69.91   81.95
02:30:08 66.31   82.06   69.80   81.84
02:31:12 66.20   82.40   69.80   81.95
02:32:15 66.20   82.29   69.80   81.84
02:33:18 66.20   82.18   69.91   81.84
02:34:22 66.20   82.29   69.91   81.84
02:35:25 66.20   82.40   69.80   81.84
02:36:28 66.31   82.06   69.80   81.84
02:37:32 66.31   82.18   69.91   81.95
02:38:35 66.31   82.18   69.91   81.95
02:39:38 66.31   82.40   69.91   82.06
02:40:42 66.31   82.18   69.80   81.95
02:41:45 66.31   82.06   69.80   81.72
02:42:48 66.31   82.06   69.80   81.72
02:43:52 66.31   82.06   69.80   81.72
02:44:55 66.31   82.18   69.80   81.50
02:45:58 66.31   82.18   69.80   81.61
02:47:02 66.31   82.06   69.91   81.61
02:48:05 66.31   82.18   69.80   81.84
02:49:08 66.31   82.06   69.80   81.84
02:50:12 66.31   81.95   69.80   81.72
02:51:15 66.31   81.95   69.91   81.72
02:52:19 66.20   82.18   69.80   81.61
02:53:22 66.31   81.95   69.91   81.72
02:54:25 66.20   82.06   69.80   81.61
02:55:29 66.31   81.95   69.91   81.72
02:56:32 66.31   82.18   69.80   81.84
02:57:35 66.31   82.29   69.80   81.84
02:58:39 66.31   82.18   69.80   81.84
02:59:42 66.31   82.18   69.80   81.72
03:00:45 66.20   82.18   69.91   81.84
03:01:49 66.31   82.29   69.91   81.72
03:02:52 66.31   82.18   69.91   81.61
03:03:55 66.31   82.18   69.91   81.61
03:04:59 66.31   82.18   69.91   81.61
03:06:02 66.31   82.18   69.91   81.50
03:07:05 66.31   82.29   69.91   81.50
03:08:09 66.31   82.29   69.91   81.61
03:09:12 66.31   82.18   69.91   81.61
03:10:15 66.31   82.18   69.91   81.61
03:11:19 66.31   81.95   69.91   81.61
03:12:22 66.31   82.29   69.80   81.61
03:13:25 66.31   82.18   69.91   81.61
03:14:29 66.31   82.18   69.91   81.61
03:15:32 66.31   82.29   69.91   81.72
03:16:35 66.31   82.29   69.91   81.72
03:17:39 66.31   82.06   69.80   81.61
03:18:42 66.43   81.95   69.91   81.61
03:19:45 66.31   82.06   69.91   81.50
03:20:49 66.31   82.18   69.91   81.50
03:21:52 66.31   82.18   69.91   81.50
03:22:55 66.31   82.29   69.91   81.61
03:23:59 66.31   81.84   69.91   81.72
03:25:02 66.31   81.95   69.91   81.61
03:26:06 66.31   82.06   69.91   81.72
03:27:09 66.31   82.40   69.91   81.84
03:28:12 66.31   82.18   69.91   81.84
03:29:16 66.31   82.29   69.91   81.72
03:30:19 66.43   82.18   69.91   81.61
03:31:22 66.31   81.84   69.91   81.61
03:32:26 66.43   82.29   69.91   81.61
03:33:29 66.31   82.40   69.91   81.61
03:34:32 66.43   82.29   69.91   81.50
03:35:36 66.43   82.18   69.91   81.39
03:36:39 66.31   82.29   69.91   81.28
03:37:42 66.43   82.06   69.91   81.28
03:38:46 66.43   82.06   69.91   81.50
03:39:49 66.31   82.18   69.91   81.50
03:40:52 66.31   82.29   69.80   81.50
03:41:56 66.43   82.40   69.80   81.50
03:42:59 66.43   82.18   69.91   81.50
03:44:02 66.31   82.29   69.91   81.50
03:45:06 66.31   82.18   69.91   81.50
03:46:09 66.31   82.40   69.91   81.50
03:47:12 66.31   82.18   69.91   81.50
03:48:16 66.31   82.18   69.91   81.39
03:49:19 66.31   82.29   69.91   81.39
03:50:22 66.31   82.29   69.91   81.50
03:51:26 66.31   82.40   69.91   81.50
03:52:29 66.31   82.29   69.91   81.50
03:53:32 66.31   82.29   69.91   81.39
03:54:36 66.31   82.06   69.91   81.39
03:55:39 66.31   82.06   69.80   81.50
03:56:42 66.31   82.29   69.91   81.50
03:57:46 66.31   82.51   69.91   81.50
03:58:49 66.31   81.95   69.91   81.50
03:59:53 66.31   82.06   69.91   81.50
04:00:56 66.31   81.84   69.91   81.50
04:01:59 66.31   81.84   70.03   81.50
04:03:03 66.31   82.18   69.91   81.50
04:04:06 66.31   82.29   69.91   81.39
04:05:09 66.31   81.95   69.91   81.39
04:06:13 66.31   82.06   69.91   81.39
04:07:16 66.31   82.29   69.91   81.50
04:08:19 66.31   82.06   69.91   81.39
04:09:23 66.31   82.06   69.91   81.39
04:10:26 66.31   82.29   69.91   81.28
04:11:29 66.31   82.29   69.91   81.28
04:12:33 66.31   81.84   69.91   81.39
04:13:36 66.31   82.06   69.91   81.50
04:14:39 66.31   82.29   69.91   81.50
04:15:43 66.31   82.18   69.91   81.28
04:16:46 66.31   81.84   69.91   81.28
04:17:49 66.31   82.06   69.91   81.28
04:18:53 66.31   82.18   69.91   81.16
04:19:56 66.31   82.06   69.91   81.28
04:20:59 66.31   81.95   69.91   81.39
04:22:03 66.31   82.29   69.91   81.39
04:23:06 66.43   82.29   69.91   81.39
04:24:09 66.43   82.18   69.91   81.39
04:25:13 66.31   82.18   69.91   81.50
04:26:16 66.31   82.18   70.03   81.39
04:27:19 66.31   82.29   69.91   81.61
04:28:23 66.31   82.18   70.03   81.61
04:29:26 66.31   82.29   69.91   81.50
04:30:29 66.31   82.06   70.03   81.50
04:31:33 66.31   82.18   70.03   81.39
04:32:36 66.31   82.18   70.03   81.28
04:33:40 66.31   81.95   70.03   81.39
04:34:43 66.31   82.18   69.91   81.28
04:35:46 66.31   81.95   69.91   81.28
04:36:50 66.31   82.18   70.03   81.39
04:37:53 66.31   82.29   69.91   81.39
04:38:56 66.31   82.06   69.91   81.39
04:40:00 66.31   82.18   70.03   81.39
04:41:03 66.31   82.06   70.03   81.50
04:42:06 66.31   82.06   70.03   81.50
04:43:10 66.31   82.06   70.03   81.39
04:44:13 66.31   82.06   70.03   81.50
04:45:16 66.31   81.95   70.03   81.50
04:46:20 66.31   82.06   70.03   81.50
04:47:23 66.31   82.29   70.03   81.39
04:48:26 66.31   81.95   70.03   81.28
04:49:30 66.31   81.95   70.03   81.39
04:50:33 66.43   82.06   70.03   81.50
04:51:36 66.31   81.95   70.03   81.39
04:52:40 66.31   82.18   70.03   81.50
04:53:43 66.31   82.51   70.03   81.50
04:54:46 66.31   81.95   70.03   81.39
04:55:50 66.31   82.06   70.03   81.28
04:56:53 66.43   81.95   70.03   81.28
04:57:56 66.31   81.84   70.03   81.28
04:59:00 66.31   81.95   70.03   81.39
05:00:03 66.31   82.06   69.91   81.28
05:01:06 66.31   82.29   69.91   81.39
05:02:10 66.31   82.18   70.03   82.29
05:03:13 66.31   82.18   70.03   104.45
05:04:16 66.31   82.29   70.03   108.05
05:05:20 66.31   82.62   70.03   109.17
05:06:23 66.31   82.29   70.03   109.74
05:07:27 66.31   82.18   70.03   110.41
05:08:30 66.43   82.40   70.03   110.53
05:09:33 66.43   82.51   70.03   110.08
05:10:37 66.31   82.51   69.91   111.09
05:11:40 66.43   82.62   70.03   111.54
05:12:43 66.43   82.74   70.03   112.10
05:13:47 66.43   82.62   70.03   112.21
05:14:50 66.43   82.51   69.91   112.10
05:15:53 66.43   82.62   69.91   111.54
05:16:57 66.43   82.74   70.03   110.75
05:18:00 66.43   82.62   69.91   109.85
05:19:03 66.54   82.51   70.03   108.95
05:20:07 66.54   82.51   70.03   108.16
05:21:10 66.43   82.62   70.03   107.26
05:22:13 66.54   82.51   70.03   106.48
05:23:17 66.54   82.62   70.03   107.71
05:24:20 66.43   82.74   70.03   107.83
05:25:23 66.54   82.74   70.03   107.26
05:26:27 66.54   82.74   70.03   106.59
05:27:30 66.54   82.62   70.03   106.03
05:28:33 66.54   82.62   70.03   107.26
05:29:37 66.54   82.62   70.03   107.71
05:30:40 66.54   82.96   70.14   107.04
05:31:43 66.54   82.74   70.14   106.25
05:32:47 66.54   82.74   70.14   105.46
05:33:50 66.65   82.74   70.03   104.79
05:34:53 66.54   82.62   70.03   104.23
05:35:57 66.54   82.51   70.03   104.90
05:37:00 66.65   82.96   70.03   109.62
05:38:04 66.99   97.14   70.14   109.17
05:39:07 69.12   138.65   70.03   113.00
05:40:09 70.14   153.16   70.14   113.90
05:41:12 70.70   143.38   70.14   113.23
05:42:15 71.15   147.76   70.25   112.44
05:43:18 71.49   136.29   70.36   111.54
05:44:21 71.83   113.56   70.47   110.53
05:45:25 71.04   113.00   70.47   109.40
05:46:28 70.14   112.66   70.47   108.16
05:47:31 69.46   113.11   70.59   107.15
05:48:35 69.12   113.11   70.59   106.25
05:49:38 68.79   111.76   70.59   105.35
05:50:41 68.56   109.62   70.59   104.45
05:51:45 68.34   108.28   70.59   103.89
05:52:48 68.22   106.92   70.59   103.33
05:53:51 69.80   124.70   70.59   102.76
05:54:54 70.93   142.70   70.70   102.54
05:55:57 71.49   153.84   70.70   102.54
05:57:00 71.94   139.21   70.81   102.65
05:58:03 72.16   114.46   70.93   102.42
05:59:07 71.49   113.00   70.81   101.98
06:00:10 70.47   112.89   70.93   101.19
06:01:13 69.80   112.33   71.04   100.62
06:02:17 69.35   112.78   70.93   100.06
06:03:20 69.01   112.10   71.04   99.39
06:04:23 68.79   110.41   71.04   98.94
06:05:27 68.56   108.73   71.04   98.60
06:06:30 68.45   107.26   71.04   98.15
06:07:33 68.22   105.91   71.04   97.81
06:08:37 68.11   104.34   71.04   97.36
06:09:40 68.11   102.99   71.04   97.03
06:10:43 68.00   101.53   71.04   96.69
06:11:47 67.89   100.74   71.04   96.35
06:12:50 67.89   99.50   71.04   96.01
06:13:53 67.78   100.62   71.04   95.68
06:14:57 70.25   131.79   71.04   95.56
06:15:59 71.15   148.55   71.15   95.68
06:17:02 71.60   137.41   71.15   96.12
06:18:05 72.05   113.79   71.26   96.12
06:19:09 71.15   112.44   71.26   96.01
06:20:12 70.36   112.55   71.26   95.68
06:21:15 69.69   110.41   71.38   95.22
06:22:19 69.35   111.09   71.26   94.78
06:23:22 69.01   110.41   71.26   94.44
06:24:26 68.79   108.95   71.26   94.21
06:25:29 68.56   107.71   71.26   93.99
06:26:32 68.45   106.25   71.38   93.65
06:27:36 68.34   105.24   71.38   93.54
06:28:39 68.11   103.66   71.38   93.31
06:29:42 68.11   102.31   71.26   92.97
06:30:46 68.00   101.41   71.38   92.86
06:31:49 68.00   100.29   71.38   92.75
06:32:52 67.89   99.39   71.38   92.64
06:33:56 67.89   98.15   71.38   92.30
06:34:59 67.78   97.03   71.38   92.08
06:36:02 67.78   96.24   71.38   91.85
06:37:06 67.78   95.34   71.38   91.62
06:38:09 67.66   94.78   71.38   91.51
06:39:12 67.66   93.99   71.26   91.29
06:40:16 67.66   93.65   71.38   91.18
06:41:19 67.55   92.75   71.38   91.06
06:42:22 67.55   91.96   71.38   90.84
06:43:26 67.55   91.74   71.38   90.72
06:44:29 67.44   91.18   71.38   90.50
06:45:32 67.33   90.72   71.38   90.50
06:46:36 67.33   90.61   71.38   90.28
06:47:39 67.21   90.05   71.38   90.05
06:48:42 67.10   89.49   71.38   89.94
06:49:46 67.10   89.26   71.38   89.71
06:50:49 67.10   89.15   71.38   89.60
06:51:52 67.10   88.47   71.38   89.38
06:52:56 66.99   88.25   71.26   92.53
06:53:59 66.99   88.03   71.38   92.75
06:55:02 66.99   87.91   71.38   92.75
06:56:06 67.10   87.80   71.38   92.64
06:57:09 66.99   87.46   71.38   92.41
06:58:13 67.10   87.24   71.26   92.30
06:59:16 66.99   87.24   71.26   92.08
07:00:19 66.99   87.12   71.26   91.85
07:01:23 66.99   86.79   71.26   91.51
07:02:26 66.99   86.68   71.26   91.40
07:03:29 66.99   86.56   71.26   91.06
07:04:33 66.99   86.56   71.26   90.95
07:05:36 66.99   86.56   71.26   90.61
07:06:39 66.99   86.34   71.26   90.39
07:07:43 66.88   86.11   71.26   90.16
07:08:46 66.88   86.11   71.26   90.05
07:09:49 66.88   86.45   71.26   89.83
07:10:53 66.88   86.11   71.26   89.60
07:11:56 66.88   85.89   71.26   89.49
07:12:59 66.88   85.66   71.26   89.26
07:14:03 66.99   85.55   71.15   89.04
07:15:06 66.88   85.66   71.26   88.93
07:16:09 66.88   85.33   71.26   88.81
07:17:13 66.88   85.44   71.26   88.70
07:18:16 66.88   85.21   71.26   88.59
07:19:19 66.99   85.10   71.26   88.59
07:20:23 66.88   85.21   71.26   88.36
07:21:26 66.88   85.33   71.26   91.62
07:22:29 66.88   85.44   71.15   103.66
07:23:33 66.88   85.33   71.26   111.88
07:24:36 66.88   85.44   71.26   113.00
07:25:39 66.88   85.44   71.26   113.11
07:26:43 66.88   85.21   71.26   113.00
07:27:46 66.88   85.21   71.26   112.89
07:28:49 66.88   85.10   71.15   112.89
07:29:53 66.88   84.99   71.26   112.89
07:30:56 66.88   84.99   71.26   112.21
07:32:00 66.88   85.10   71.26   111.54
07:33:03 66.99   84.99   71.26   112.66
07:34:06 66.99   85.21   71.26   112.89
07:35:10 66.99   85.10   71.26   113.00
07:36:13 66.99   84.88   71.26   112.44
07:37:16 66.99   85.21   71.26   111.76
07:38:20 66.99   85.21   71.26   110.75
07:39:23 66.99   85.21   71.26   109.96
07:40:26 66.99   84.88   71.26   109.17
07:41:30 66.99   85.10   71.26   108.39
07:42:33 66.99   85.33   71.26   107.71
07:43:36 67.10   85.21   71.26   106.92
07:44:40 67.10   84.99   71.26   106.36
07:45:43 66.99   85.10   71.26   105.58
07:46:46 66.99   85.10   71.26   105.12
07:47:50 67.10   85.44   71.26   104.45
07:48:53 67.10   85.33   71.26   104.00
07:49:56 66.99   85.21   71.26   103.55
07:51:00 67.10   85.33   71.26   102.99
07:52:03 67.10   85.33   71.26   102.42
07:53:06 67.10   85.21   71.26   102.09
07:54:10 67.10   85.21   71.26   101.64
07:55:13 67.10   85.21   71.26   101.19
07:56:16 67.10   85.21   71.26   100.62
07:57:20 67.10   85.10   71.26   100.17
07:58:23 67.10   84.99   71.26   99.61
07:59:26 67.10   84.99   71.26   99.28
08:00:30 67.10   84.88   71.38   98.83
08:01:33 67.10   84.76   71.38   98.60
08:02:37 67.10   84.65   71.26   98.38
08:03:40 67.10   84.88   71.38   97.92
08:04:43 66.99   84.88   71.26   97.59
08:05:47 67.10   84.65   71.26   97.25
08:06:50 66.99   84.65   71.38   96.91
08:07:53 66.99   84.76   71.26   96.69
08:08:57 67.10   84.99   71.26   96.35
08:10:00 66.99   84.76   71.26   96.12
08:11:03 66.99   84.88   71.26   95.79
08:12:07 66.99   84.76   71.26   95.56
08:13:10 66.99   84.65   71.26   95.34
08:14:13 66.99   84.65   71.38   95.00
08:15:17 66.99   84.76   71.26   94.78
08:16:20 66.99   84.88   71.26   94.66
08:17:23 66.99   84.65   71.26   94.33
08:18:27 66.99   84.76   71.26   94.10
08:19:30 66.99   84.54   71.26   93.88
08:20:33 66.88   84.76   71.26   93.54
08:21:37 66.99   84.88   71.26   93.43
08:22:40 66.88   84.76   71.26   93.09
08:23:43 66.99   84.43   71.26   92.97
08:24:47 66.88   84.20   71.38   92.75
08:25:50 66.99   84.65   71.38   92.53
08:26:53 66.99   84.31   71.26   92.41
08:27:57 66.88   84.43   71.26   92.30
08:29:00 66.88   83.97   71.26   91.96
08:30:03 66.88   84.20   71.26   91.85
08:31:07 66.88   84.31   71.38   91.51
08:32:10 66.88   84.20   71.26   91.40
08:33:13 66.99   84.65   71.26   91.18
08:34:17 66.88   84.43   71.26   91.06
08:35:20 66.88   84.31   71.38   90.95
08:36:24 66.88   84.54   71.26   90.61
08:37:27 66.88   84.65   71.38   90.50
08:38:30 66.88   84.76   71.38   90.28
08:39:34 66.88   84.54   71.26   90.16
08:40:37 66.88   84.31   71.26   90.05
08:41:40 66.88   84.31   71.26   90.05
08:42:44 66.88   84.43   71.26   89.83
08:43:47 66.88   84.43   71.38   89.71
08:44:50 66.88   84.31   71.26   89.49
08:45:54 66.88   84.09   71.38   89.26
08:46:57 66.88   84.31   71.26   89.15
08:48:00 66.88   84.31   71.26   89.04
08:49:04 66.88   84.43   71.26   88.93
08:50:07 66.88   84.20   71.26   88.81
08:51:10 66.88   84.43   71.26   88.81
08:52:14 66.88   84.43   71.26   88.70
08:53:17 66.88   84.31   71.26   88.70
08:54:20 66.88   84.31   71.38   88.47
08:55:24 66.88   84.31   71.26   88.47
08:56:27 66.88   84.31   71.26   88.36
08:57:30 66.88   84.43   71.26   88.14
08:58:34 66.88   84.43   71.26   88.03
08:59:37 66.88   84.43   71.26   88.03
09:00:40 66.88   84.43   71.38   87.80
09:01:44 66.88   84.43   71.26   87.69
09:02:47 66.88   84.54   71.26   87.80
09:03:50 66.88   84.54   71.26   87.69
09:04:54 66.88   84.31   71.26   87.46
09:05:57 66.88   84.20   71.26   87.46
09:07:00 66.88   84.31   71.26   87.35
09:08:04 66.88   84.20   71.26   87.35
09:09:07 66.88   84.09   71.26   87.35
09:10:11 66.88   84.09   71.26   87.24
09:11:14 66.88   84.31   71.26   87.12
09:12:17 66.88   84.31   71.26   87.12
09:13:21 66.88   84.09   71.26   87.12
09:14:24 66.88   84.20   71.26   87.01
09:15:27 66.88   84.54   71.26   86.90
09:16:31 66.88   84.09   71.26   86.90
09:17:34 66.88   84.20   71.26   86.90
09:18:37 66.88   84.31   71.26   86.68
09:19:41 66.88   84.43   71.26   86.68
09:20:44 66.88   84.43   71.26   86.56
09:21:47 66.88   84.43   71.26   86.56
09:22:51 66.88   84.54   71.26   86.56
09:23:54 66.88   84.54   71.26   86.45
09:24:57 66.88   84.31   71.26   86.45
09:26:01 66.88   84.31   71.26   86.45
09:27:04 66.88   84.20   71.26   86.34
09:28:07 66.88   84.20   71.26   86.34
09:29:11 66.88   84.20   71.26   86.34
09:30:14 66.88   84.20   71.26   86.11
09:31:17 66.88   84.20   71.26   86.22
09:32:21 66.88   84.20   71.26   86.11
09:33:24 66.88   84.31   71.26   86.11
09:34:27 66.88   84.31   71.26   86.11
09:35:31 66.88   84.31   71.26   86.22
09:36:34 66.88   84.20   71.38   86.22
09:37:37 66.88   84.09   71.26   86.11
09:38:41 66.88   83.97   71.26   86.00
09:39:44 66.88   83.75   71.26   86.00
09:40:47 66.88   84.20   71.26   85.89
09:41:51 66.88   84.20   71.26   85.78
09:42:54 66.88   84.20   71.38   85.89
09:43:58 66.88   84.31   71.26   85.78
09:45:01 66.88   84.09   71.26   85.78
09:46:04 66.88   84.20   71.26   85.78
09:47:08 66.88   84.43   71.26   85.78
09:48:11 66.88   84.43   71.26   85.66
09:49:14 66.88   84.20   71.26   85.55
09:50:18 66.88   84.31   71.26   85.66
09:51:21 66.88   84.09   71.26   85.55
09:52:24 66.88   84.20   71.26   85.66
09:53:28 66.88   84.31   71.26   85.55
09:54:31 66.88   84.54   71.38   85.55
09:55:34 66.88   84.09   71.38   85.55
09:56:38 66.88   84.31   71.38   85.44
09:57:41 66.88   84.43   71.38   85.33
09:58:44 66.88   84.20   71.38   85.21
09:59:48 66.88   84.20   71.38   85.21
10:00:51 66.88   84.43   71.38   85.33
10:01:54 66.88   84.43   71.38   85.21
10:02:58 66.88   84.09   71.26   85.33
10:04:01 66.88   84.20   71.38   85.21
10:05:04 66.88   84.09   71.38   85.21
10:06:08 66.88   84.20   71.38   85.21
10:07:11 66.88   84.31   71.38   85.10
10:08:14 66.88   84.20   71.38   85.10
10:09:18 66.88   84.20   71.38   85.10
10:10:21 66.88   84.54   71.38   84.99
10:11:24 66.88   84.31   71.38   84.99
10:12:28 66.88   84.31   71.38   84.99
10:13:31 66.88   84.31   71.38   84.88
10:14:34 66.88   83.97   71.38   84.88
10:15:38 66.88   84.43   71.38   84.99
10:16:41 66.88   84.54   71.38   84.88
10:17:45 66.88   84.20   71.38   84.99
10:18:48 66.88   84.20   71.38   84.99
10:19:51 66.88   84.31   71.49   84.88
10:20:55 66.88   84.43   71.49   84.99
10:21:58 66.88   84.54   71.38   84.99
10:23:01 66.88   84.31   71.38   84.88
10:24:05 66.99   84.20   71.38   84.76
10:25:08 66.88   84.31   71.38   84.76
10:26:11 66.88   84.20   71.38   84.76
10:27:15 66.88   84.43   71.38   84.76
10:28:18 66.88   84.54   71.49   84.76
10:29:21 66.88   84.31   71.38   84.76
10:30:25 66.88   84.43   71.38   84.76
10:31:28 66.88   83.97   71.49   84.76
10:32:31 66.88   84.31   71.38   84.65
10:33:35 66.88   84.20   71.38   84.76
10:34:38 66.99   84.20   71.38   84.65
10:35:41 66.88   84.09   71.49   84.76
10:36:45 66.88   84.09   71.38   84.65
10:37:48 66.88   84.43   71.49   84.65
10:38:51 66.88   84.20   71.49   84.76
10:39:55 66.88   83.97   71.49   84.76
10:40:58 66.88   84.09   71.49   84.65
10:42:01 66.88   84.09   71.49   84.65
10:43:05 66.88   84.31   71.49   84.65
10:44:08 66.88   84.31   71.49   84.65
10:45:11 66.88   83.97   71.49   84.65
10:46:15 66.88   84.20   71.49   84.54
10:47:18 66.88   84.09   71.49   84.54
10:48:21 66.99   83.97   71.49   84.54
10:49:25 66.99   84.31   71.49   84.65
10:50:28 66.99   84.20   71.49   84.65
10:51:32 66.88   84.20   71.49   84.65
10:52:35 66.88   84.43   71.49   84.65
10:53:38 66.88   84.20   71.49   84.54
10:54:42 66.99   84.31   71.49   84.54
10:55:45 66.99   84.20   71.49   84.65
10:56:48 66.99   84.31   71.49   84.54
10:57:52 66.88   84.43   71.60   84.43
10:58:55 66.99   84.43   71.49   84.54
10:59:58 66.99   84.54   71.49   84.43
11:01:02 66.88   84.43   71.49   84.54
11:02:05 66.99   84.43   71.49   84.54
11:03:08 66.99   84.09   71.60   84.43
11:04:12 66.99   84.20   71.60   84.43
11:05:15 66.99   84.20   71.49   84.43
11:06:18 66.99   84.54   71.60   84.43
11:07:22 66.99   84.43   71.49   84.54
11:08:25 66.99   84.54   71.60   84.54
11:09:28 66.99   84.31   71.49   84.43
11:10:32 66.88   84.43   71.49   84.31
11:11:35 66.99   84.31   71.49   84.31
11:12:38 66.99   84.43   71.60   84.43
11:13:42 66.99   84.54   71.49   84.43
11:14:45 66.99   84.20   71.60   84.31
11:15:48 66.99   84.31   71.60   84.31
11:16:52 66.99   84.31   71.60   84.31
11:17:55 66.99   84.31   71.60   84.31
11:18:58 66.99   84.20   71.60   84.20
11:20:02 66.99   84.43   71.60   84.31
11:21:05 66.99   84.31   71.60   84.43
11:22:09 66.99   84.43   71.60   84.43
11:23:12 66.99   84.43   71.60   84.43
11:24:15 66.99   84.43   71.60   84.31
11:25:19 66.88   84.65   71.71   84.31
11:26:22 66.99   85.55   71.60   84.43
11:27:25 68.79   110.98   71.60   84.54
11:28:28 71.49   144.16   71.71   84.76
11:29:31 72.39   147.20   71.71   85.33
11:30:34 72.84   122.00   71.83   86.00
11:31:37 72.50   112.33   71.83   86.11
11:32:41 71.38   111.88   71.83   86.11
11:33:44 70.59   109.74   71.83   86.00
11:34:47 70.03   111.09   71.83   85.78
11:35:51 69.58   110.08   71.94   85.78
11:36:54 69.35   109.29   71.94   85.66
11:37:57 69.12   107.15   71.94   85.66
11:39:01 69.01   105.46   71.94   85.66
11:40:04 68.79   104.11   71.94   85.66
11:41:07 68.68   103.21   71.94   85.55
11:42:11 68.68   102.20   71.94   85.44
11:43:14 68.56   100.85   71.94   85.44
11:44:18 68.45   99.50   72.05   85.33
11:45:21 68.45   98.60   72.05   85.55
11:46:24 68.34   97.81   71.94   85.55
11:47:28 68.22   96.46   72.05   85.44
11:48:31 68.22   95.90   72.05   85.33
11:49:34 68.22   95.11   72.05   85.21
11:50:38 68.11   94.10   72.05   85.33
11:51:41 68.11   93.31   72.05   85.33
11:52:44 68.00   92.64   71.94   85.33
11:53:48 67.78   92.30   71.94   85.21
11:54:51 67.66   91.96   71.94   85.33
11:55:54 67.55   91.51   72.05   85.33
11:56:58 67.55   90.95   72.05   85.33
11:58:01 67.44   90.50   72.05   85.33
11:59:04 67.44   90.28   72.05   85.33
12:00:08 67.44   89.83   72.05   85.33
12:01:11 67.44   89.60   72.05   85.33
12:02:14 67.44   89.38   72.05   85.44
12:03:18 67.44   89.04   72.05   85.44
12:04:21 67.33   88.47   72.05   85.33
12:05:24 67.33   88.47   72.05   85.33
12:06:28 67.33   88.36   72.05   85.21
12:07:31 67.33   87.91   72.05   85.21
12:08:34 67.33   88.03   72.05   85.21
12:09:38 67.33   87.69   72.05   85.10
12:10:41 67.33   87.46   72.05   85.10
12:11:44 67.33   87.24   72.05   84.99
12:12:48 67.33   87.24   71.94   84.99
12:13:51 67.33   87.01   72.05   85.10
12:14:54 67.33   87.12   72.05   85.10
12:15:58 67.33   86.90   72.05   85.10
12:17:01 67.33   86.79   72.05   105.91
12:18:05 67.21   86.56   72.05   111.09
12:19:08 67.21   86.56   72.05   111.65
12:20:11 67.33   86.68   72.05   110.86
12:21:15 67.21   86.56   72.05   109.74
12:22:18 67.21   86.56   72.05   108.84
12:23:21 67.21   86.22   72.05   107.94
12:24:25 67.21   86.34   72.05   107.04
12:25:28 67.21   86.45   72.05   106.03
12:26:31 67.21   86.34   72.05   105.12
12:27:35 67.21   86.11   72.05   104.34
12:28:38 67.21   86.34   72.05   103.66
12:29:41 67.21   86.00   72.05   102.88
12:30:45 67.21   86.00   72.05   102.20
12:31:48 67.21   86.22   71.94   101.64
12:32:51 67.21   86.22   72.05   100.96
12:33:55 67.21   85.89   72.05   100.29
12:34:58 67.21   85.89   71.94   99.73
12:36:01 67.21   85.66   72.05   99.28
12:37:05 67.21   85.66   71.94   98.83
12:38:08 67.21   85.55   72.05   98.38
12:39:11 67.21   85.66   72.05   97.92
12:40:15 67.21   85.78   72.05   97.48
12:41:18 67.21   85.33   71.94   97.03
12:42:21 67.21   85.33   72.05   96.58
12:43:25 67.21   85.55   71.94   96.24
12:44:28 67.21   85.33   71.94   95.90
12:45:31 67.21   85.66   71.94   95.68
12:46:35 67.21   85.33   72.05   95.22
12:47:38 67.21   85.44   71.94   94.89
12:48:41 67.21   85.33   71.94   94.66
12:49:45 67.21   84.99   72.05   94.10
12:50:48 67.21   85.33   71.94   93.88
12:51:52 67.21   85.33   71.94   93.65
12:52:55 67.21   85.44   71.94   93.43
12:53:58 67.21   85.66   71.94   93.20
12:55:02 67.21   85.33   72.05   92.86
12:56:05 67.21   85.55   71.94   92.64
12:57:08 67.21   85.21   71.94   92.30
12:58:12 67.21   85.10   71.94   92.08
12:59:15 67.21   85.21   71.94   91.74
13:00:18 67.21   85.21   71.94   91.62
13:01:22 67.10   85.10   71.94   91.51
13:02:25 67.21   84.99   71.94   91.29
13:03:28 67.10   85.21   71.94   91.06
13:04:32 67.10   85.21   71.94   90.84
13:05:35 67.10   85.10   71.94   90.61
13:06:38 67.21   85.21   71.94   90.50
13:07:42 67.21   85.21   71.94   90.28
13:08:45 67.10   84.99   71.94   90.28
13:09:48 67.21   84.88   71.94   89.94
13:10:52 67.21   84.99   71.94   89.83
13:11:55 67.10   84.88   71.94   89.60
13:12:58 67.10   84.99   72.05   89.60
13:14:02 67.21   84.99   71.94   89.26
13:15:05 67.21   85.10   71.94   89.04
13:16:08 67.10   84.99   71.94   88.93
13:17:12 67.21   85.10   72.05   88.81
13:18:15 67.21   85.10   71.94   88.59
13:19:18 67.21   85.10   71.94   88.36
13:20:22 67.21   85.21   71.94   88.25
13:21:25 67.10   84.88   71.94   88.25
13:22:29 67.21   85.21   71.94   88.03
13:23:32 67.21   84.99   71.94   87.91
13:24:35 67.21   84.88   71.94   87.91
13:25:39 67.10   85.10   71.94   87.80
13:26:42 67.21   84.99   71.94   87.69
13:27:45 67.10   85.10   71.94   87.69
13:28:49 67.21   84.88   71.94   87.46
13:29:52 67.21   85.10   71.94   87.35
13:30:55 67.21   85.10   71.94   87.35
13:31:59 67.21   84.76   71.94   87.35
13:33:02 67.10   84.65   71.94   87.35
13:34:05 67.10   84.99   71.94   87.12
13:35:09 67.21   85.21   71.83   87.01
13:36:12 67.21   84.99   71.94   86.90
13:37:15 67.21   84.88   71.94   86.79
13:38:19 67.21   85.21   71.94   86.68
13:39:22 67.21   84.76   71.94   86.68
13:40:25 67.10   84.88   72.05   86.56
13:41:29 67.21   84.65   71.94   86.45
13:42:32 67.21   84.99   71.94   86.22
13:43:35 67.21   85.21   71.94   86.22
13:44:39 67.10   84.88   71.94   86.11
13:45:42 67.21   84.99   71.94   86.22
13:46:45 67.21   84.88   71.94   86.00
13:47:49 67.21   84.88   71.94   86.00
13:48:52 67.21   84.99   71.94   86.00
13:49:55 67.21   84.99   71.94   86.11
13:50:59 67.10   84.76   71.83   85.89
13:52:02 67.21   84.76   71.94   85.89
13:53:05 67.21   84.54   71.94   85.89
13:54:09 67.10   84.65   71.94   85.78
13:55:12 67.21   84.76   71.94   85.66
13:56:16 67.21   84.76   71.94   85.66
13:57:19 67.10   84.54   71.94   85.78
13:58:22 67.21   84.65   71.94   85.66
13:59:26 67.21   84.54   71.94   85.66
14:00:29 67.21   84.54   71.94   85.55
14:01:32 67.10   84.54   71.94   85.44
14:02:36 67.21   84.76   71.94   85.44
14:03:39 67.21   84.76   71.94   85.44
14:04:42 67.21   84.65   71.83   85.33
14:05:46 67.10   84.88   71.94   85.21
14:06:49 67.10   84.65   71.83   85.10
14:07:52 67.21   84.88   71.83   85.21
14:08:56 67.10   84.65   71.83   85.21
14:09:59 67.10   84.65   71.94   85.10
14:11:02 67.21   84.65   71.83   85.10
14:12:06 67.21   84.54   71.94   85.10
14:13:09 67.21   84.43   71.83   85.10
14:14:12 67.21   84.65   71.94   84.99
14:15:16 67.21   84.54   71.83   85.10
14:16:19 67.21   84.76   71.83   84.99
14:17:22 67.21   84.76   71.83   84.88
14:18:26 67.10   84.54   71.94   84.88
14:19:29 67.21   84.54   71.83   84.99
14:20:32 67.21   84.54   71.94   84.88
14:21:36 67.21   84.54   71.83   84.99
14:22:39 67.10   84.20   71.83   84.88
14:23:42 67.21   84.43   71.83   84.76
14:24:46 67.10   84.43   71.83   84.88
14:25:49 67.21   84.31   71.83   84.76
14:26:53 67.21   84.54   71.83   84.76
14:27:56 67.21   84.31   71.83   84.65
14:28:59 67.21   84.54   71.83   84.76
14:30:03 67.21   84.76   71.83   84.65
14:31:06 67.21   84.76   71.83   84.54
14:32:09 67.21   84.65   71.83   84.54
14:33:13 67.21   84.54   71.83   84.54
14:34:16 67.21   84.43   71.94   84.43
14:35:19 67.21   84.31   71.83   84.43
14:36:23 67.21   84.65   71.83   84.31
14:37:26 67.21   84.76   71.83   84.31
14:38:29 67.21   84.76   71.83   84.31
14:39:33 67.21   84.88   71.83   84.09
14:40:36 67.21   84.99   71.83   83.97
14:41:39 67.21   84.65   71.94   83.97
14:42:43 67.21   84.88   71.94   84.09
14:43:46 67.21   84.54   71.83   84.20
14:44:49 67.21   84.31   71.94   83.97
14:45:53 67.21   84.54   71.83   83.97
14:46:56 67.10   84.54   71.83   83.97
14:47:59 67.10   84.31   71.83   83.86
14:49:03 67.10   84.43   71.83   83.86
14:50:06 67.10   84.65   71.83   101.41
14:51:09 67.10   84.65   71.83   106.59
14:52:13 67.10   84.65   71.83   105.46
14:53:16 67.10   84.76   71.83   103.78
14:54:19 67.10   84.54   71.83   102.09
14:55:23 67.10   84.65   71.83   100.85
14:56:26 67.10   84.65   71.83   99.50
14:57:30 67.10   84.43   71.83   98.38
14:58:33 67.10   84.43   71.94   97.48
14:59:36 67.10   84.54   71.83   96.46
15:00:40 67.10   84.43   71.83   95.68
15:01:43 67.10   84.43   71.94   95.11
15:02:46 67.10   84.54   71.94   94.55
15:03:50 67.10   84.54   71.83   94.21
15:04:53 67.10   84.43   71.94   93.76
15:05:56 67.10   84.54   71.94   93.31
15:07:00 67.10   84.31   71.94   92.86
15:08:03 67.10   84.31   71.83   92.41
15:09:06 67.10   83.97   71.83   92.75
15:10:10 67.10   84.31   71.83   107.83
15:11:13 67.10   84.09   71.83   108.28
15:12:16 67.10   84.09   71.94   106.70
15:13:20 67.10   84.43   71.94   104.90
15:14:23 67.10   84.20   71.94   103.44
15:15:26 67.10   84.20   71.94   102.31
15:16:30 67.10   84.20   71.94   101.19
15:17:33 67.10   84.20   71.83   100.06
15:18:36 67.10   84.09   71.83   99.16
15:19:40 67.10   84.09   71.94   98.38
15:20:43 67.10   84.31   71.83   97.59
15:21:46 67.10   84.54   71.83   96.91
15:22:50 67.10   84.54   71.83   96.35
15:23:53 67.10   84.09   71.83   95.90
15:24:56 66.99   84.31   71.83   95.45
15:26:00 67.10   84.09   71.94   95.00
15:27:03 67.10   84.20   71.94   94.55
15:28:06 67.10   84.31   71.94   94.10
15:29:10 66.99   84.09   71.94   93.76
15:30:13 67.10   83.86   71.83   93.31
15:31:17 67.10   84.20   71.83   92.97
15:32:20 67.10   84.09   71.83   92.64
15:33:23 67.10   83.97   71.83   92.30
15:34:27 67.10   83.97   71.94   91.96
15:35:30 67.10   83.97   71.83   91.62
15:36:33 67.10   84.20   71.83   91.40
15:37:37 66.99   83.97   71.94   91.18
15:38:40 67.10   83.97   71.94   90.95
15:39:43 67.10   84.31   71.83   90.72
15:40:47 67.10   84.09   71.83   90.39
15:41:50 67.10   84.43   71.94   90.16
15:42:53 66.99   84.31   71.83   89.83
15:43:57 67.10   83.97   71.94   89.60
15:45:00 67.10   83.86   71.83   89.49
15:46:03 67.10   84.20   71.83   89.26
15:47:07 67.10   84.09   71.83   89.04
15:48:10 67.10   84.31   71.83   88.93
15:49:13 66.99   84.09   71.83   88.70
15:50:17 67.10   84.09   71.83   88.59
15:51:20 67.10   84.43   71.83   88.36
15:52:23 67.10   84.20   71.83   88.14
15:53:27 67.10   84.43   71.94   88.14
15:54:30 67.10   84.20   71.83   87.91
15:55:33 67.10   84.09   71.94   87.80
15:56:37 67.10   84.09   71.83   87.80
15:57:40 67.10   84.20   71.83   87.58
15:58:43 67.10   84.31   71.83   87.46
15:59:47 67.10   84.09   71.83   87.24
16:00:50 67.10   84.20   71.94   87.24
16:01:54 67.10   84.31   71.83   87.12
16:02:57 67.10   84.43   71.83   87.01
16:04:00 66.99   84.31   71.94   86.90
16:05:04 67.10   84.09   71.83   86.79
16:06:07 67.10   84.31   71.83   86.68
16:07:10 67.10   84.43   71.83   86.45
16:08:14 67.10   84.20   71.83   86.45
16:09:17 67.10   84.31   71.94   86.22
16:10:20 67.10   84.43   71.83   86.11
16:11:24 67.10   84.20   71.83   86.11
16:12:27 67.10   84.31   71.83   86.11
16:13:30 67.10   84.20   71.94   86.00
16:14:34 67.10   84.20   71.83   85.89
16:15:37 66.99   84.09   71.83   85.78
16:16:40 67.10   83.97   71.83   85.78
16:17:44 67.10   84.20   71.83   85.66
16:18:47 67.10   83.97   71.83   85.55
16:19:50 67.10   84.31   71.83   85.55
16:20:54 67.10   83.97   71.94   85.55
16:21:57 67.10   84.20   71.83   85.33
16:23:00 67.10   84.31   71.83   85.33
16:24:04 67.10   84.20   71.83   85.33
16:25:07 66.99   84.31   71.83   85.21
16:26:10 67.10   84.09   71.94   85.10
16:27:14 67.10   84.09   71.94   84.99
16:28:17 67.10   84.09   71.94   84.99
16:29:20 67.10   84.09   71.94   84.99
16:30:24 67.10   84.31   71.94   84.99
16:31:27 67.10   84.20   71.94   84.76
16:32:30 67.10   84.20   71.94   84.76
16:33:34 67.10   84.31   71.94   84.65
16:34:37 67.10   84.20   71.94   84.65
16:35:41 67.10   84.20   71.94   84.54
16:36:44 66.99   83.97   71.94   84.54
16:37:47 67.10   83.86   71.94   84.43
16:38:51 66.99   84.31   71.94   84.43
16:39:54 66.99   84.09   71.94   84.43
16:40:57 66.99   84.20   71.94   84.43
16:42:01 67.10   83.86   71.94   84.31
16:43:04 67.10   84.20   72.05   84.31
16:44:07 67.10   84.20   72.05   84.20
16:45:11 67.10   84.09   71.94   83.97
16:46:14 66.99   83.86   71.94   84.09
16:47:17 67.10   84.09   72.05   84.09
16:48:21 67.10   84.09   71.94   83.97
16:49:24 66.99   83.75   72.05   83.97
16:50:27 66.99   83.97   72.05   83.97
16:51:31 66.99   84.09   71.94   83.97
16:52:34 67.10   84.09   71.94   83.97
16:53:37 66.99   84.20   72.05   83.86
16:54:41 66.99   83.86   71.94   83.75
16:55:44 66.99   84.09   71.94   83.75
16:56:47 67.10   84.09   71.94   83.75
16:57:51 67.10   83.75   71.94   83.64
16:58:54 67.10   83.86   71.94   83.64
16:59:57 66.99   83.75   71.94   83.53
17:01:01 67.10   84.09   71.94   83.41
17:02:04 66.99   83.86   71.94   83.41
17:03:07 67.10   83.97   71.94   83.53
17:04:11 67.10   83.97   71.94   83.53
17:05:14 67.10   83.75   71.83   83.41
17:06:17 66.99   83.86   71.71   83.53
17:07:21 67.10   83.75   71.71   83.64
17:08:24 67.10   84.20   71.71   83.53
17:09:28 66.99   83.97   71.71   83.53
17:10:31 67.10   83.86   71.71   83.41
17:11:34 66.99   83.97   72.05   83.41
17:12:38 67.10   83.97   72.39   83.41
17:13:41 67.10   83.86   72.50   83.41
17:14:44 67.10   84.09   72.28   83.41
17:15:48 66.99   83.97   72.28   83.41
17:16:51 67.10   83.97   72.16   83.41
17:17:54 67.10   83.86   72.16   83.30
17:18:58 67.10   83.97   72.16   83.41
17:20:01 66.99   83.86   72.16   83.30
17:21:04 66.99   83.75   72.05   83.30
17:22:08 67.10   83.97   72.16   96.35
17:23:11 66.99   83.97   72.16   105.35
17:24:14 66.99   83.75   72.16   106.25
17:25:18 66.99   83.86   72.05   107.94
17:26:21 66.99   83.86   72.05   109.85
17:27:24 66.99   83.75   72.05   109.62
17:28:28 66.99   83.86   72.05   108.84
17:29:31 66.99   83.75   72.05   107.94
17:30:34 66.99   83.86   72.05   107.15
17:31:38 66.99   83.64   72.05   106.25
17:32:41 66.99   83.75   72.05   105.35
17:33:44 66.99   83.53   71.94   104.45
17:34:48 66.99   83.75   72.05   103.66
17:35:51 66.99   83.86   71.94   102.88
17:36:54 66.99   83.64   72.05   102.20
17:37:58 66.99   83.64   71.94   101.41
17:39:01 66.99   83.75   71.94   100.85
17:40:04 66.99   83.86   71.94   100.06
17:41:08 66.88   83.86   71.94   99.50
17:42:11 66.88   84.09   71.94   98.94
17:43:15 66.88   83.97   71.94   98.49
17:44:18 66.99   83.97   71.94   97.81
17:45:21 66.88   83.64   71.83   97.36
17:46:25 66.88   83.86   71.83   96.91
17:47:28 66.88   83.53   71.83   96.58
17:48:31 66.88   83.75   71.83   96.12
17:49:35 66.88   83.86   71.83   95.68
17:50:38 66.88   83.64   71.71   95.34
17:51:41 66.88   83.75   71.60   94.89
17:52:45 66.99   83.86   71.71   94.55
17:53:48 66.88   83.86   71.71   94.10
17:54:51 66.88   83.75   71.71   93.76
17:55:55 66.88   83.41   71.71   93.31
17:56:58 66.88   83.53   71.71   93.09
17:58:01 66.88   83.64   71.71   92.64
17:59:05 66.88   83.41   71.71   92.41
18:00:08 66.88   83.41   71.71   92.19
18:01:11 66.88   83.41   71.83   91.85
18:02:15 66.88   83.64   71.71   91.51
18:03:18 66.99   83.53   71.71   91.29
18:04:21 66.88   83.53   71.71   91.06
18:05:25 66.88   83.53   71.71   90.61
18:06:28 66.88   83.41   71.71   90.50
18:07:31 66.99   83.30   71.71   90.28
18:08:35 66.99   83.53   71.71   90.16
18:09:38 66.88   83.41   71.71   89.83
18:10:41 66.99   83.41   71.71   89.60
18:11:45 66.88   83.53   71.71   89.38
18:12:48 66.88   83.53   71.71   89.15
18:13:51 66.88   83.08   71.71   88.81
18:14:55 66.88   83.30   71.60   88.70
18:15:58 66.99   83.30   71.71   88.59
18:17:02 66.99   83.41   71.60   88.36
18:18:05 66.88   83.30   71.71   88.14
18:19:08 66.88   83.41   71.60   88.03
18:20:12 66.99   83.53   71.60   87.80
18:21:15 66.99   83.41   71.60   87.80
18:22:18 66.99   83.30   71.60   87.69
18:23:22 66.88   83.53   71.60   87.46
18:24:25 66.88   83.08   71.60   87.35
18:25:28 66.88   83.41   71.49   87.24
18:26:32 66.88   83.53   71.49   87.12
18:27:35 66.99   83.19   71.49   86.90
18:28:38 66.99   83.30   71.49   86.79
18:29:42 66.99   83.19   71.49   86.56
18:30:45 66.99   83.30   71.49   86.56
18:31:48 66.88   83.41   71.49   86.45
18:32:52 66.88   83.08   71.49   86.34
18:33:55 66.99   83.30   71.49   86.22
18:34:58 66.88   83.08   71.49   86.11
18:36:02 66.88   83.19   71.49   85.89
18:37:05 66.88   83.19   71.49   85.89
18:38:08 66.88   83.19   71.49   85.66
18:39:12 66.88   83.41   71.49   85.55
18:40:15 66.88   83.19   71.49   85.44
18:41:18 66.88   83.19   71.49   85.44
18:42:22 66.88   83.41   71.49   85.44
18:43:25 66.88   83.19   71.49   85.33
18:44:28 66.88   83.19   71.49   85.21
18:45:32 66.88   83.19   71.49   85.10
18:46:35 66.88   83.41   71.38   85.10
18:47:38 66.88   83.41   71.38   84.99
18:48:42 66.88   83.19   71.38   84.88
18:49:45 66.88   83.19   71.38   84.88
18:50:49 66.88   83.41   71.38   84.76
18:51:52 66.88   83.53   71.38   84.65
18:52:55 66.88   83.64   71.38   84.54
18:53:59 66.88   83.30   71.38   84.43
18:55:02 66.88   83.30   71.38   84.31
18:56:05 66.88   83.19   71.26   84.31
18:57:09 66.88   83.08   71.26   84.31
18:58:12 66.88   83.53   71.04   84.31
18:59:15 66.88   83.53   70.93   84.20
19:00:19 66.88   83.53   70.81   84.09
19:01:22 66.88   83.53   70.81   84.09
19:02:25 66.88   83.30   70.70   83.97
19:03:29 66.76   83.30   70.70   83.86
19:04:32 66.76   83.19   70.70   83.86
19:05:35 66.76   82.96   70.70   83.86
19:06:39 66.76   83.19   70.59   83.75
19:07:42 66.76   83.19   70.70   83.75
19:08:45 66.76   83.08   70.59   83.75
19:09:49 66.76   83.19   70.59   83.75
19:10:52 66.65   83.30   70.59   83.53
19:11:55 66.65   83.08   70.59   83.53
19:12:59 66.65   83.19   70.47   83.53
19:14:02 66.65   83.08   70.59   83.64
19:15:05 66.65   83.19   70.59   83.53
19:16:09 66.65   83.08   70.59   83.41
19:17:12 66.65   83.30   70.47   83.41
19:18:15 66.65   83.30   70.47   83.30
19:19:19 66.65   83.19   70.47   83.30
19:20:22 66.65   83.19   70.47   83.30
19:21:25 66.65   83.19   70.47   83.19
19:22:29 66.65   83.53   70.47   83.19
19:23:32 66.65   83.08   70.47   83.30
19:24:36 66.54   82.96   70.47   83.30
19:25:39 66.65   82.85   70.47   83.19
19:26:42 66.65   83.08   70.47   83.19
19:27:46 66.65   82.85   70.47   83.08
19:28:49 66.65   82.74   70.36   82.96
19:29:52 66.65   82.85   70.36   83.08
19:30:56 66.65   83.08   70.36   82.96
19:31:59 66.65   82.96   70.36   82.85
19:33:02 66.65   82.96   70.36   82.96
19:34:06 66.65   83.19   70.36   82.96
19:35:09 66.54   82.96   70.36   82.74
19:36:12 66.54   82.74   70.36   82.85
19:37:16 66.65   82.74   70.36   82.74
19:38:19 66.54   82.96   70.36   82.74
19:39:22 66.65   82.74   70.25   82.62
19:40:26 66.54   82.85   70.36   82.51
19:41:29 66.54   83.19   70.25   82.51
19:42:32 66.54   82.96   70.25   82.51
19:43:36 66.54   82.74   70.25   82.51
19:44:39 66.54   82.74   70.25   82.29
19:45:42 66.54   82.85   70.25   82.40
19:46:46 66.54   82.85   70.25   82.29
19:47:49 66.54   82.62   70.25   82.40
19:48:52 66.54   82.85   70.25   82.29
19:49:56 66.54   82.62   70.25   82.29
19:50:59 66.54   82.96   70.25   82.18
19:52:02 66.54   82.74   70.14   82.18
19:53:06 66.54   82.74   70.25   82.29
19:54:09 66.54   82.85   70.25   82.18
19:55:13 66.54   82.74   70.25   82.18
19:56:16 66.54   82.74   70.25   98.60
19:57:19 66.54   82.85   70.25   100.62
19:58:23 66.54   82.74   70.25   99.39
19:59:26 66.54   82.74   70.25   97.92
20:00:29 66.54   82.74   70.25   96.46
20:01:33 66.54   82.74   70.25   95.34
20:02:36 66.54   82.51   70.25   94.33
20:03:39 66.54   82.40   70.25   93.65
20:04:43 66.54   82.51   70.25   92.86
20:05:46 66.54   82.51   70.25   92.30
20:06:49 66.54   82.40   70.36   91.74
20:07:53 66.54   82.62   70.25   91.29
20:08:56 66.54   82.62   70.25   90.84
20:09:59 66.54   82.40   70.36   90.50
20:11:03 66.54   82.51   70.36   90.16
20:12:06 66.54   82.29   70.25   89.71
20:13:09 66.54   82.74   70.25   89.38
20:14:13 66.54   82.51   70.36   88.93
20:15:16 66.54   82.62   70.36   88.81
20:16:19 66.54   82.62   70.36   88.47
20:17:23 66.54   82.74   70.36   88.14
20:18:26 66.54   82.62   70.36   88.03
20:19:29 66.54   82.62   70.36   87.69
20:20:33 66.54   82.51   70.36   87.58
20:21:36 66.54   82.74   70.36   87.24
20:22:39 66.54   82.51   70.47   87.01
20:23:43 66.54   82.62   70.47   86.79
20:24:46 66.54   82.74   70.47   86.68
20:25:49 66.54   82.62   70.47   86.45
20:26:53 66.54   82.74   70.47   86.22
20:27:56 66.54   82.62   70.47   86.11
20:29:00 66.54   82.62   70.47   86.11
20:30:03 66.54   82.74   70.47   85.89
20:31:06 66.54   82.40   70.47   85.78
20:32:10 66.54   82.40   70.47   85.66
20:33:13 66.54   82.51   70.47   85.44
20:34:16 66.54   82.51   70.47   85.33
20:35:20 66.54   82.51   70.47   85.21
20:36:23 66.54   82.29   70.47   85.10
20:37:26 66.54   82.51   70.47   84.99
20:38:30 66.54   82.51   70.59   84.88
20:39:33 66.54   82.29   70.59   84.65
20:40:36 66.54   82.51   70.59   84.65
20:41:40 66.65   82.40   70.59   84.43
20:42:43 66.54   82.51   70.59   84.31
20:43:46 66.65   82.51   70.59   84.20
20:44:50 66.65   82.74   70.59   84.20
20:45:53 66.54   82.62   70.47   84.09
20:46:56 66.54   82.51   70.59   83.97
20:48:00 66.54   82.51   70.59   83.97
20:49:03 66.54   82.51   70.59   83.97
20:50:06 66.65   82.51   70.59   83.75
20:51:10 66.65   82.29   70.59   83.64
20:52:13 66.54   82.51   70.59   83.53
20:53:16 66.65   82.74   70.59   83.53
20:54:20 66.65   82.62   70.59   83.41
20:55:23 66.54   82.62   70.59   83.41
20:56:26 66.65   82.40   70.47   83.41
20:57:30 66.54   82.51   70.59   83.30
20:58:33 66.54   82.29   70.59   83.19
20:59:37 66.54   82.29   70.47   83.08
21:00:40 66.54   82.40   70.59   82.96
21:01:43 66.54   82.51   70.47   82.96
21:02:47 66.54   82.51   70.47   82.85
21:03:50 66.54   82.29   70.47   82.85
21:04:53 66.54   82.51   70.36   82.74
21:05:57 66.54   82.40   70.36   82.62
21:07:00 66.54   82.51   70.36   82.62
21:08:03 66.54   82.40   70.25   102.76
21:09:07 66.54   82.74   70.36   106.03
21:10:10 66.54   82.74   70.25   107.38
21:11:13 66.54   82.62   70.25   107.71
21:12:17 66.54   82.62   70.25   107.83
21:13:20 66.54   82.62   70.25   107.94
21:14:23 66.54   82.51   70.25   107.71
21:15:27 66.54   82.74   70.14   107.38
21:16:30 66.54   82.85   70.14   107.04
21:17:33 66.54   82.74   70.25   106.70
21:18:37 66.54   82.74   70.25   106.25
21:19:40 66.65   82.51   70.14   105.91
21:20:43 66.65   82.85   70.14   105.24
21:21:47 66.65   82.74   70.14   104.67
21:22:50 66.65   82.62   70.14   104.00
21:23:53 66.65   82.62   70.14   103.21
21:24:57 66.65   82.62   70.14   102.42
21:26:00 66.65   82.40   70.14   101.30
21:27:03 66.65   82.51   70.03   100.06
21:28:07 66.65   82.62   70.03   98.60
21:29:10 66.76   82.62   70.03   97.59
21:30:14 66.76   82.51   70.03   97.48
21:31:17 66.76   82.51   70.03   97.14
21:32:20 66.88   82.62   69.91   96.69
21:33:24 66.88   82.62   70.03   96.35
21:34:27 66.88   82.74   69.91   95.90
21:35:30 66.88   82.74   69.91   95.56
21:36:34 66.88   82.85   69.91   95.11
21:37:37 66.88   82.74   69.91   94.78
21:38:40 66.88   82.40   69.91   94.33
21:39:44 66.99   82.62   69.91   93.99
21:40:47 66.99   82.29   69.91   93.65
21:41:50 66.88   82.18   69.91   93.20
21:42:54 66.88   82.40   69.91   92.97
21:43:57 66.99   82.29   69.91   92.64
21:45:00 66.88   82.40   69.80   92.53
21:46:04 66.99   82.51   69.91   92.30
21:47:07 66.88   82.40   69.80   92.08
21:48:10 66.88   82.40   69.69   91.85
21:49:14 66.99   82.40   69.80   91.74
21:50:17 66.99   82.51   69.69   91.40
21:51:20 66.99   82.51   69.69   91.29
21:52:24 66.99   82.29   69.69   91.06
21:53:27 66.99   82.62   69.69   90.95
21:54:30 66.99   82.62   69.69   90.84
21:55:34 66.99   82.85   69.69   90.72
21:56:37 66.99   82.62   69.58   90.50
21:57:40 66.99   82.40   69.58   90.39
21:58:44 66.99   82.40   69.58   90.28
21:59:47 66.99   82.40   69.58   90.16
22:00:50 66.99   82.51   69.58   89.94
22:01:54 66.99   82.51   69.58   89.94
22:02:57 66.99   82.51   69.58   89.94
22:04:01 66.99   82.74   69.46   89.71
22:05:04 66.99   82.51   69.46   89.60
22:06:07 66.99   82.40   69.46   89.49
22:07:11 66.99   82.74   69.46   89.49
22:08:14 66.99   82.40   69.46   89.38
22:09:17 66.99   82.51   69.46   89.26
22:10:21 66.99   82.51   69.46   89.15
22:11:24 66.99   82.51   69.46   89.15
22:12:27 66.99   82.18   69.46   88.93
22:13:31 66.99   82.29   69.35   88.70
22:14:34 66.99   82.29   69.35   88.59
22:15:37 66.99   82.29   69.35   88.25
22:16:41 66.99   82.29   69.35   88.03
22:17:44 66.88   82.18   69.35   87.80
22:18:47 66.88   82.18   69.35   87.69
22:19:51 66.88   81.95   69.35   87.46
22:20:54 66.88   82.18   69.35   87.35
22:21:57 66.88   82.06   69.35   87.12
22:23:01 66.88   82.29   69.35   87.01
22:24:04 66.88   82.06   69.35   87.01
22:25:07 66.88   82.29   69.24   86.79
22:26:11 66.76   82.18   69.24   86.68
22:27:14 66.76   82.06   69.24   86.45
22:28:17 66.76   82.06   69.24   86.34
22:29:21 66.76   82.18   69.12   92.53
22:30:24 66.76   81.84   69.24   104.34
22:31:27 66.76   82.18   69.12   106.36
22:32:31 66.76   81.84   69.24   107.38
22:33:34 66.76   82.06   69.12   107.83
22:34:37 66.76   82.40   69.12   108.05
22:35:41 66.76   82.06   69.12   108.05
22:36:44 66.76   82.06   69.12   108.05
22:37:47 66.76   82.06   69.12   107.94
22:38:51 66.76   82.18   69.12   107.60
22:39:54 66.76   82.40   69.12   107.26
22:40:58 66.76   82.18   69.12   106.70
22:42:01 66.76   82.06   69.01   106.14
22:43:04 66.76   81.95   69.01   105.46
22:44:08 66.76   82.18   69.12   104.79
22:45:11 66.76   82.18   69.01   104.11
22:46:14 66.76   82.18   69.01   103.33
22:47:18 66.76   82.06   69.01   102.65
22:48:21 66.76   82.06   69.01   101.98
22:49:24 66.65   82.06   69.01   101.30
22:50:28 66.76   82.06   69.01   100.74
22:51:31 66.76   82.18   69.01   100.29
22:52:34 66.76   82.06   68.90   99.61
22:53:38 66.76   81.95   68.90   99.16
22:54:41 66.76   82.18   68.90   98.71
22:55:44 66.76   82.06   68.90   98.26
22:56:48 66.76   82.06   68.90   97.92
22:57:51 66.76   82.29   68.90   97.59
22:58:54 66.76   82.29   68.90   97.14
22:59:58 66.76   81.84   68.90   96.69
23:01:01 66.76   81.95   68.79   96.35
23:02:04 66.76   82.06   68.90   96.01
23:03:08 66.76   81.95   68.79   95.79
23:04:11 66.76   82.06   68.79   95.56
23:05:14 66.76   82.06   68.79   95.22
23:06:18 66.76   81.95   68.79   95.00
23:07:21 66.76   82.06   68.68   94.78
23:08:24 66.76   82.06   68.79   94.55
23:09:28 66.76   82.06   68.68   94.33
23:10:31 66.76   81.84   68.68   101.53
23:11:34 66.76   81.95   68.68   109.51
23:12:38 66.76   81.72   68.79   108.84
23:13:41 66.76   81.61   68.68   107.49
23:14:45 66.65   81.61   68.68   106.03
23:15:48 66.65   81.61   68.68   104.79
23:16:51 66.65   81.72   68.56   103.33
23:17:55 66.65   81.84   68.56   102.42
23:18:58 66.65   81.84   68.56   101.53
23:20:01 66.65   81.72   68.56   100.62
23:21:05 66.65   81.84   68.56   99.84
23:22:08 66.65   81.61   68.56   99.28
23:23:11 66.65   81.72   68.56   98.60
23:24:15 66.54   81.39   68.56   106.25
23:25:18 66.65   81.61   68.56   115.48
23:26:21 66.54   81.61   68.56   116.04
23:27:25 66.54   81.50   68.56   115.70
23:28:28 66.54   81.50   68.56   114.80
23:29:31 66.54   81.61   68.56   113.90
23:30:35 66.54   81.61   68.56   112.78
23:31:38 66.54   81.39   68.56   111.65
23:32:41 66.54   81.28   68.56   110.75
23:33:45 66.54   81.28   68.45   109.74
23:34:48 66.43   81.50   68.56   108.84
23:35:51 66.43   81.16   68.45   107.83
23:36:55 66.43   81.05   68.45   106.92
23:37:58 66.43   81.05   68.45   106.14
23:39:01 66.43   81.39   68.45   105.35
23:40:05 66.43   81.39   68.45   104.56
23:41:08 66.43   81.16   68.34   103.89
23:42:11 66.43   81.39   68.34   103.21
23:43:15 66.43   81.05   68.34   102.54
23:44:18 66.43   81.16   68.34   101.86
23:45:22 66.31   81.16   68.34   101.19
23:46:25 66.31   80.83   68.34   100.62
23:47:28 66.43   80.83   68.22   100.06
23:48:32 66.43   81.28   68.22   99.50
23:49:35 66.31   81.50   68.22   98.94
23:50:38 66.31   81.16   68.22   98.38
23:51:42 66.31   80.94   68.22   97.81
23:52:45 66.31   81.05   68.22   97.36
23:53:48 66.31   81.16   68.22   96.91
23:54:52 66.31   80.94   68.22   96.35
23:55:55 66.31   81.16   68.22   95.90
23:56:58 66.31   81.16   68.22   95.56
23:58:02 66.31   81.16   68.22   95.00
23:59:05 66.31   81.16   68.22   94.55
