 Date  Furn_In  Furn_Out  Bsmnt   Water_Htr
00:00:26 65.64   81.39   68.79   93.76
00:01:29 65.64   81.39   68.79   93.43
00:02:33 65.64   81.16   68.79   93.09
00:03:36 65.64   81.39   68.79   92.86
00:04:40 65.64   81.39   68.79   92.41
00:05:43 65.64   81.39   68.79   92.19
00:06:46 65.64   81.28   68.79   91.85
00:07:50 65.64   81.28   68.68   91.62
00:08:53 65.64   81.28   68.79   91.29
00:09:56 65.64   81.28   68.68   91.18
00:11:00 65.64   81.28   68.68   90.84
00:12:03 65.64   81.16   68.68   90.50
00:13:06 65.64   81.16   68.68   90.16
00:14:10 65.64   80.94   68.68   90.05
00:15:13 65.53   80.94   68.68   89.71
00:16:16 65.53   80.94   68.68   89.38
00:17:20 65.64   80.71   68.68   89.15
00:18:23 65.53   81.05   68.68   89.04
00:19:26 65.53   81.05   68.56   88.93
00:20:30 65.53   80.94   68.56   88.59
00:21:33 65.53   80.83   68.56   88.36
00:22:36 65.53   81.16   68.56   88.25
00:23:40 65.53   81.16   68.56   87.91
00:24:43 65.53   80.94   68.56   87.69
00:25:46 65.53   80.83   68.56   87.46
00:26:50 65.53   80.83   68.56   87.35
00:27:53 65.53   80.83   68.56   87.24
00:28:56 65.53   80.83   68.56   87.12
00:30:00 65.53   80.83   68.45   86.90
00:31:03 65.53   80.71   68.56   86.79
00:32:06 65.53   80.83   68.56   86.68
00:33:10 65.53   80.38   68.56   86.45
00:34:13 65.41   80.83   68.45   86.45
00:35:17 65.41   80.60   68.45   86.22
00:36:20 65.41   80.60   68.45   86.11
00:37:23 65.41   80.71   68.45   85.89
00:38:27 65.41   80.71   68.34   85.78
00:39:30 65.41   80.38   68.34   85.78
00:40:33 65.41   80.60   68.34   85.55
00:41:37 65.41   80.60   68.34   85.55
00:42:40 65.41   80.60   68.34   85.33
00:43:43 65.41   80.38   68.34   85.21
00:44:47 65.41   80.49   68.34   85.10
00:45:50 65.41   80.49   68.34   84.99
00:46:53 65.41   80.49   68.34   84.88
00:47:57 65.41   80.38   68.34   84.76
00:49:00 65.41   80.60   68.34   84.76
00:50:03 65.41   80.49   68.34   84.54
00:51:07 65.41   80.38   68.22   84.43
00:52:10 65.41   80.38   68.22   84.20
00:53:13 65.30   80.38   68.22   84.09
00:54:17 65.41   80.15   68.22   84.09
00:55:20 65.41   80.38   68.22   83.97
00:56:23 65.30   80.38   68.22   83.86
00:57:27 65.30   80.26   68.22   83.75
00:58:30 65.30   80.49   68.11   83.75
00:59:33 65.41   80.49   68.11   83.64
01:00:37 65.30   80.38   68.11   83.64
01:01:40 65.41   80.15   68.11   83.64
01:02:43 65.30   80.38   68.11   83.53
01:03:47 65.30   80.15   68.00   83.30
01:04:50 65.30   80.04   68.11   83.30
01:05:53 65.30   79.93   68.11   83.30
01:06:57 65.30   80.26   68.00   83.19
01:08:00 65.30   80.15   68.11   83.19
01:09:04 65.30   80.26   68.00   83.08
01:10:07 65.30   80.04   68.00   82.96
01:11:10 65.30   80.04   68.00   82.85
01:12:14 65.30   79.59   68.00   82.74
01:13:17 65.30   80.04   68.00   82.74
01:14:20 65.30   80.26   68.00   82.62
01:15:24 65.30   80.26   68.00   82.62
01:16:27 65.30   80.26   67.89   82.51
01:17:30 65.30   80.15   68.00   82.40
01:18:34 65.30   80.26   67.89   82.40
01:19:37 65.19   80.04   67.89   82.29
01:20:40 65.19   80.04   67.89   82.18
01:21:44 65.30   79.59   67.89   82.18
01:22:47 65.19   79.59   67.89   82.06
01:23:50 65.19   79.70   67.89   82.06
01:24:54 65.19   79.93   67.78   82.06
01:25:57 65.19   79.59   67.89   82.06
01:27:00 65.19   79.93   67.89   82.06
01:28:04 65.19   79.81   67.78   82.06
01:29:07 65.19   79.59   67.78   82.06
01:30:10 65.19   79.59   67.78   81.95
01:31:14 65.19   79.81   67.78   81.95
01:32:17 65.19   80.04   67.78   81.84
01:33:20 65.19   79.93   67.78   81.72
01:34:24 65.19   80.04   67.78   81.72
01:35:27 65.19   82.40   67.78   81.72
01:36:30 66.99   123.12   67.78   81.84
01:37:33 68.11   146.30   67.78   82.18
01:38:36 68.68   139.55   67.78   82.96
01:39:39 69.01   113.34   67.78   83.30
01:40:43 68.22   111.20   67.89   83.41
01:41:46 67.44   109.51   67.89   83.30
01:42:49 66.88   107.49   67.89   83.08
01:43:53 66.54   107.83   67.89   82.96
01:44:56 66.31   106.59   67.89   82.85
01:45:59 66.09   105.01   67.89   82.74
01:47:03 65.97   103.44   67.89   82.62
01:48:06 65.86   101.86   67.89   82.62
01:49:09 65.86   99.95   67.78   82.62
01:50:13 65.75   98.04   67.78   82.62
01:51:16 65.75   97.14   67.78   82.40
01:52:19 65.64   96.12   67.78   82.40
01:53:23 65.64   94.33   67.78   82.40
01:54:26 65.53   99.28   67.78   82.40
01:55:29 67.89   134.60   67.78   82.62
01:56:32 68.68   149.34   67.78   83.19
01:57:35 69.01   143.38   67.78   84.09
01:58:38 69.35   115.92   67.89   84.43
01:59:41 68.68   112.66   67.89   84.31
02:00:45 67.78   112.66   67.89   83.97
02:01:48 67.21   109.85   67.89   83.64
02:02:51 66.76   110.75   67.89   83.64
02:03:55 66.54   109.29   67.89   83.53
02:04:58 66.31   107.83   67.89   83.53
02:06:02 66.20   105.91   68.00   83.53
02:07:05 66.09   103.66   67.89   83.41
02:08:08 65.97   102.31   67.89   83.41
02:09:12 65.86   100.62   67.89   83.30
02:10:15 65.75   101.08   68.00   83.19
02:11:18 67.78   128.86   67.89   83.30
02:12:21 68.68   146.07   67.89   83.86
02:13:24 69.12   152.38   67.89   84.54
02:14:27 69.46   127.06   68.00   85.10
02:15:30 69.35   113.11   68.00   85.21
02:16:33 68.34   113.67   68.00   84.99
02:17:37 67.55   111.54   68.00   84.65
02:18:40 67.10   108.50   68.00   84.54
02:19:44 66.76   107.60   68.11   84.43
02:20:47 66.54   108.84   68.11   84.20
02:21:50 66.31   107.26   68.00   84.20
02:22:54 66.20   104.79   68.00   84.09
02:23:57 66.09   103.89   68.00   84.20
02:25:00 65.97   101.86   68.00   84.09
02:26:04 65.86   103.10   68.00   83.97
02:27:07 68.22   132.24   68.00   84.09
02:28:10 68.90   147.76   68.00   84.76
02:29:13 69.35   143.38   68.00   85.55
02:30:16 69.69   116.49   68.00   85.89
02:31:19 69.01   112.89   68.11   85.89
02:32:22 68.00   112.44   68.11   85.66
02:33:26 67.33   111.88   68.11   85.44
02:34:29 66.99   111.65   68.11   85.21
02:35:32 66.65   110.30   68.22   84.99
02:36:36 66.43   108.28   68.22   84.99
02:37:39 66.31   106.70   68.22   84.88
02:38:42 66.20   105.12   68.11   84.88
02:39:46 66.09   103.33   68.11   84.88
02:40:49 65.97   101.98   68.11   84.65
02:41:52 65.86   100.29   68.11   84.54
02:42:56 67.21   118.74   68.11   84.54
02:43:59 68.68   141.35   68.11   84.88
02:45:02 69.24   151.36   68.11   85.55
02:46:04 69.46   129.20   68.11   86.22
02:47:08 69.46   112.55   68.22   86.34
02:48:11 68.34   112.78   68.22   86.22
02:49:14 67.66   110.98   68.22   86.00
02:50:18 67.10   108.84   68.22   85.66
02:51:21 66.88   110.08   68.22   85.66
02:52:24 66.54   108.84   68.22   85.55
02:53:28 66.31   106.92   68.22   85.44
02:54:31 66.20   105.46   68.22   85.33
02:55:34 66.09   104.11   68.22   85.21
02:56:38 65.97   102.76   68.22   85.10
02:57:41 65.97   100.85   68.22   84.99
02:58:44 65.86   99.84   68.22   84.99
02:59:48 67.21   120.42   68.11   84.99
03:00:51 68.68   142.03   68.11   85.33
03:01:54 69.24   151.25   68.11   86.00
03:02:57 69.58   128.30   68.22   86.68
03:04:00 69.58   113.11   68.22   86.79
03:05:03 68.45   113.00   68.22   86.56
03:06:07 67.66   111.20   68.22   86.45
03:07:10 67.21   108.84   68.22   86.11
03:08:13 66.88   110.86   68.22   85.89
03:09:17 66.65   108.61   68.22   85.78
03:10:20 66.43   108.05   68.22   85.78
03:11:23 66.31   106.36   68.22   85.55
03:12:27 66.20   104.11   68.22   85.55
03:13:30 66.09   102.65   68.22   85.44
03:14:33 65.97   100.96   68.22   85.33
03:15:37 65.97   99.39   68.22   85.33
03:16:40 65.86   98.26   68.11   85.21
03:17:43 65.86   97.14   68.22   85.10
03:18:47 66.31   108.95   68.11   85.21
03:19:50 68.45   138.54   68.11   85.44
03:20:53 69.01   150.35   68.11   86.00
03:21:55 69.46   128.19   68.11   86.68
03:22:59 69.46   112.21   68.22   86.90
03:24:02 68.45   112.10   68.22   86.79
03:25:05 67.66   110.53   68.22   86.68
03:26:09 67.21   108.73   68.22   86.45
03:27:12 66.76   107.26   68.22   86.34
03:28:15 66.54   108.39   68.22   86.11
03:29:19 66.31   107.15   68.22   86.00
03:30:22 66.20   105.01   68.22   86.00
03:31:26 66.09   103.78   68.22   86.00
03:32:29 66.09   102.31   68.22   85.78
03:33:32 65.97   100.51   68.22   85.78
03:34:36 65.86   99.16   68.22   85.78
03:35:39 65.86   97.59   68.22   85.66
03:36:42 65.75   96.35   68.11   85.55
03:37:46 65.75   95.56   68.11   85.44
03:38:49 65.64   94.21   68.11   85.21
03:39:52 65.64   96.46   68.11   85.33
03:40:55 67.89   131.34   68.11   85.33
03:41:58 68.68   148.21   68.11   85.78
03:43:01 69.12   139.21   68.11   86.56
03:44:04 69.46   113.67   68.11   86.90
03:45:08 68.56   112.21   68.11   86.90
03:46:11 67.78   111.88   68.22   86.68
03:47:14 67.21   109.51   68.11   86.34
03:48:18 66.76   110.08   68.22   86.22
03:49:21 66.54   109.17   68.22   86.11
03:50:24 66.31   107.26   68.22   86.00
03:51:28 66.20   105.35   68.22   86.00
03:52:31 66.09   104.11   68.11   85.89
03:53:34 65.97   102.65   68.11   85.78
03:54:38 65.86   101.53   68.11   85.55
03:55:41 65.86   99.39   68.11   85.55
03:56:45 65.75   98.26   68.11   85.55
03:57:48 65.75   96.58   68.11   85.33
03:58:51 65.64   95.90   68.11   85.33
03:59:55 65.64   94.33   68.00   85.33
04:00:58 65.64   93.43   68.00   85.21
04:02:01 66.54   112.44   68.00   85.21
04:03:04 68.22   140.56   68.00   85.44
04:04:07 68.90   148.44   68.00   86.11
04:05:10 69.24   123.80   68.00   86.79
04:06:13 68.90   112.33   68.11   86.90
04:07:17 68.00   112.55   68.00   86.68
04:08:20 67.33   109.17   68.11   86.56
04:09:23 66.88   111.42   68.11   86.34
04:10:27 66.54   110.30   68.11   86.11
04:11:30 66.31   108.61   68.11   86.00
04:12:33 66.20   106.48   68.11   85.89
04:13:37 65.97   104.79   68.11   85.89
04:14:40 65.86   102.88   68.00   85.66
04:15:43 65.86   101.75   68.00   85.66
04:16:47 65.75   100.29   68.00   85.66
04:17:50 65.75   98.94   68.00   85.55
04:18:53 65.64   97.25   68.00   85.44
04:19:57 65.64   96.35   68.00   85.33
04:21:00 65.64   95.00   68.00   85.21
04:22:04 65.53   93.76   67.89   85.10
04:23:07 65.53   97.14   67.89   85.10
04:24:10 67.66   131.00   67.89   85.21
04:25:13 68.56   147.88   67.89   85.78
04:26:16 69.01   139.21   67.89   86.56
04:27:19 69.35   113.67   68.00   86.90
04:28:22 68.45   112.21   68.00   86.79
04:29:26 67.66   111.88   68.00   86.45
04:30:29 66.99   112.55   68.00   86.34
04:31:32 66.65   111.42   68.11   86.11
04:32:36 66.43   109.85   68.11   86.00
04:33:39 66.20   107.71   68.00   85.78
04:34:42 66.09   106.14   68.00   85.66
04:35:46 65.97   104.23   68.00   85.55
04:36:49 65.86   102.54   68.00   85.44
04:37:52 65.75   101.19   68.00   85.44
04:38:56 65.64   99.73   68.00   85.44
04:39:59 65.64   97.81   68.00   85.21
04:41:02 65.53   96.35   67.89   85.21
04:42:06 65.53   96.69   67.89   85.10
04:43:09 67.21   122.79   67.89   85.21
04:44:12 68.34   143.94   67.89   85.55
04:45:15 68.79   149.11   67.89   86.45
04:46:18 69.12   123.01   67.89   86.90
04:47:21 68.90   112.78   68.00   86.90
04:48:25 67.89   112.66   68.00   86.79
04:49:28 67.21   110.86   68.00   86.56
04:50:31 66.76   111.76   68.00   86.34
04:51:35 66.43   110.30   68.00   86.11
04:52:38 66.20   108.50   68.00   86.11
04:53:41 66.09   107.26   68.00   86.00
04:54:45 65.86   104.90   68.00   85.78
04:55:48 65.86   103.33   68.00   85.66
04:56:51 65.75   101.98   68.00   85.66
04:57:55 65.64   100.29   68.00   85.66
04:58:58 65.64   99.61   67.89   85.44
05:00:01 66.99   121.21   67.89   85.44
05:01:04 68.45   142.48   67.89   85.78
05:02:07 69.01   153.50   67.89   92.30
05:03:10 69.35   150.80   67.89   108.05
05:04:13 69.58   145.06   67.89   111.31
05:05:16 69.91   153.84   67.89   112.44
05:06:19 70.14   156.88   67.89   113.11
05:07:22 70.36   145.06   68.00   113.67
05:08:24 70.59   152.82   68.00   114.12
05:09:27 70.81   159.91   68.11   114.12
05:10:30 71.04   145.74   68.11   113.79
05:11:33 71.15   151.03   68.22   115.36
05:12:36 71.38   159.01   68.22   115.92
05:13:39 71.49   149.23   68.34   116.49
05:14:42 71.60   148.89   68.34   116.83
05:15:45 71.71   157.21   68.45   116.83
05:16:48 71.83   158.56   68.45   116.60
05:17:51 71.94   130.89   68.56   116.15
05:18:54 71.15   121.89   68.56   115.25
05:19:57 69.69   122.79   68.68   114.12
05:21:00 68.79   121.66   68.68   113.11
05:22:04 70.47   132.35   68.68   112.33
05:23:06 71.04   145.85   68.79   111.88
05:24:09 71.26   155.53   68.79   111.76
05:25:12 71.49   156.54   68.90   111.54
05:26:15 71.71   145.96   68.90   114.69
05:27:18 71.83   153.84   69.01   117.73
05:28:21 72.05   160.81   69.01   117.39
05:29:24 72.16   141.12   69.12   116.60
05:30:27 72.28   115.92   69.12   115.59
05:31:30 70.93   116.83   69.24   114.46
05:32:34 69.69   117.61   69.24   113.34
05:33:37 70.36   129.20   69.24   112.44
05:34:40 71.38   145.51   69.24   111.88
05:35:43 71.71   155.64   69.24   111.76
05:36:46 71.83   153.39   69.35   111.65
05:37:48 72.05   146.98   69.35   111.42
05:38:51 72.16   145.51   69.46   117.61
05:39:54 72.28   120.31   69.46   117.84
05:40:58 71.49   114.58   69.58   116.71
05:42:01 70.03   115.48   69.58   115.36
05:43:04 69.12   114.91   69.58   114.12
05:44:08 69.69   123.91   69.58   113.00
05:45:11 71.15   142.03   69.46   112.33
05:46:13 71.60   153.50   69.46   111.99
05:47:16 71.83   158.00   69.46   111.88
05:48:19 72.16   140.45   69.58   111.65
05:49:22 72.16   120.09   69.69   110.98
05:50:26 70.70   120.42   69.69   110.30
05:51:29 69.58   119.98   69.69   109.29
05:52:32 68.79   117.28   69.69   108.50
05:53:36 68.22   120.42   69.69   107.71
05:54:39 67.78   119.98   69.69   107.04
05:55:42 70.47   132.24   69.69   106.59
05:56:45 71.26   145.85   69.58   106.59
05:57:48 71.49   155.86   69.69   106.70
05:58:51 71.83   152.26   69.69   106.70
05:59:54 72.05   123.91   69.80   106.59
06:00:57 71.04   120.99   69.80   106.14
06:02:00 69.69   121.33   69.80   105.46
06:03:04 68.79   119.08   69.80   104.79
06:04:07 68.22   120.31   69.91   104.23
06:05:10 67.78   119.30   69.80   103.66
06:06:14 67.55   116.94   69.80   103.10
06:07:17 67.33   115.03   69.80   102.65
06:08:20 69.35   126.84   69.69   102.31
06:09:23 70.81   142.25   69.69   102.31
06:10:26 71.15   153.61   69.69   102.54
06:11:29 71.60   149.00   69.69   102.76
06:12:32 71.83   121.55   69.80   102.88
06:13:35 70.70   120.09   69.80   102.54
06:14:39 69.46   120.20   69.80   101.98
06:15:42 68.68   118.17   69.80   101.41
06:16:45 68.11   115.70   69.91   100.96
06:17:49 67.66   117.28   69.80   100.51
06:18:52 67.44   115.70   69.80   100.06
06:19:55 67.21   114.24   69.80   99.73
06:20:59 66.99   111.99   69.80   99.39
06:22:02 66.88   109.96   69.69   99.05
06:23:06 66.65   108.73   69.69   98.71
06:24:09 66.65   107.26   69.69   98.38
06:25:12 66.54   104.90   69.69   98.04
06:26:16 66.43   103.78   69.69   97.70
06:27:19 66.43   102.20   69.58   97.48
06:28:22 66.31   100.85   69.58   97.36
06:29:26 66.43   107.26   69.58   97.03
06:30:29 69.69   138.43   69.58   97.03
06:31:32 70.59   150.80   69.46   97.48
06:32:34 71.04   129.43   69.46   97.81
06:33:38 71.04   112.66   69.58   97.70
06:34:41 69.69   113.00   69.58   97.48
06:35:44 68.68   112.89   69.58   97.14
06:36:48 68.00   113.45   69.58   96.69
06:37:51 67.55   112.89   69.58   96.24
06:38:54 67.21   111.54   69.58   95.90
06:39:58 66.99   109.74   69.58   95.56
06:41:01 66.76   107.94   69.46   95.34
06:42:04 66.65   106.70   69.46   95.11
06:43:08 66.54   104.45   69.46   94.89
06:44:11 66.43   103.10   69.46   94.66
06:45:15 66.31   101.98   69.46   94.55
06:46:18 66.31   100.74   69.35   94.21
06:47:21 66.20   99.16   69.35   93.99
06:48:25 66.20   98.04   69.35   93.76
06:49:28 66.09   97.36   69.24   93.54
06:50:31 66.09   96.01   69.24   93.31
06:51:35 65.97   95.22   69.24   93.09
06:52:38 65.97   94.55   69.24   92.97
06:53:41 65.86   93.54   69.12   92.75
06:54:45 65.86   92.75   69.12   92.53
06:55:48 65.86   92.30   69.12   92.41
06:56:51 65.86   91.96   69.12   92.19
06:57:55 65.75   91.06   69.01   91.96
06:58:58 65.75   90.72   69.01   91.85
07:00:01 65.75   90.39   69.01   91.62
07:01:05 65.75   90.05   69.01   91.40
07:02:08 65.75   89.38   68.90   91.29
07:03:11 65.64   89.04   68.90   91.18
07:04:15 65.64   88.93   68.90   90.95
07:05:18 65.64   88.47   68.90   90.72
07:06:21 65.64   88.25   68.90   90.61
07:07:25 65.64   87.91   68.90   90.39
07:08:28 65.64   87.91   68.79   90.28
07:09:31 65.64   87.01   68.79   90.16
07:10:35 65.64   86.90   68.68   108.61
07:11:38 65.53   86.79   68.68   113.23
07:12:41 65.53   86.56   68.68   113.79
07:13:45 65.53   86.34   68.68   114.01
07:14:48 65.53   86.34   68.68   114.01
07:15:51 65.53   86.11   68.68   114.01
07:16:55 65.53   86.00   68.56   113.90
07:17:58 65.53   85.66   68.56   113.56
07:19:02 65.41   85.66   68.56   113.23
07:20:05 65.53   85.66   68.45   112.78
07:21:08 65.53   85.21   68.56   112.33
07:22:12 65.41   85.33   68.45   111.88
07:23:15 65.41   85.33   68.45   111.31
07:24:18 65.41   85.10   68.45   110.53
07:25:22 65.41   84.99   68.45   109.96
07:26:25 65.41   84.99   68.34   109.29
07:27:28 65.41   84.88   68.34   111.09
07:28:32 65.41   84.65   68.34   113.11
07:29:35 65.41   84.54   68.34   113.90
07:30:38 65.41   84.54   68.34   113.56
07:31:42 65.30   84.54   68.22   113.00
07:32:45 65.30   84.20   68.22   113.67
07:33:48 65.30   83.97   68.22   113.23
07:34:52 65.30   84.20   68.22   112.55
07:35:55 65.30   83.97   68.22   111.76
07:36:58 65.30   83.86   68.11   110.98
07:38:02 65.30   83.75   68.11   110.75
07:39:05 65.30   83.53   68.11   110.75
07:40:08 65.30   83.64   68.11   110.30
07:41:12 65.30   83.75   68.11   109.62
07:42:15 65.30   83.75   68.11   108.95
07:43:18 65.30   83.53   68.00   108.39
07:44:22 65.30   83.53   68.00   107.71
07:45:25 65.19   83.30   68.00   107.15
07:46:28 65.30   83.41   68.00   106.48
07:47:32 65.30   83.53   68.00   106.03
07:48:35 65.30   83.64   68.00   105.46
07:49:39 65.30   83.30   68.00   105.01
07:50:42 65.30   83.41   67.89   104.45
07:51:45 65.30   83.41   67.89   104.00
07:52:49 65.30   83.41   67.89   103.55
07:53:52 65.30   83.41   67.89   103.10
07:54:55 65.30   83.19   67.89   102.76
07:55:59 65.30   83.30   67.78   103.10
07:57:02 65.19   83.19   67.78   105.91
07:58:05 65.19   83.30   67.78   119.41
07:59:09 65.19   82.96   67.78   119.64
08:00:12 65.19   82.85   67.78   117.95
08:01:15 65.19   82.85   67.66   115.92
08:02:19 65.19   82.51   67.78   114.35
08:03:22 65.19   82.74   67.66   112.66
08:04:25 65.19   82.51   67.66   111.31
08:05:29 65.19   82.29   67.66   112.33
08:06:32 65.19   82.40   67.66   114.91
08:07:35 65.19   82.18   67.66   114.01
08:08:39 65.08   82.40   67.66   112.78
08:09:42 65.08   81.95   67.66   111.65
08:10:45 65.08   82.18   67.66   110.53
08:11:49 65.08   82.29   67.55   109.40
08:12:52 65.08   82.29   67.55   108.39
08:13:55 64.96   82.06   67.55   107.49
08:14:59 64.96   81.95   67.55   106.70
08:16:02 64.96   81.95   67.66   105.69
08:17:05 64.96   81.84   67.55   105.01
08:18:09 64.96   82.18   67.55   104.23
08:19:12 64.96   81.84   67.55   103.33
08:20:15 64.96   81.95   67.55   102.76
08:21:19 64.96   81.50   67.55   101.98
08:22:22 64.96   81.61   67.66   101.41
08:23:26 64.96   81.50   67.66   100.85
08:24:29 64.96   81.61   67.55   100.17
08:25:32 64.96   81.61   67.66   99.61
08:26:36 64.85   81.72   67.55   99.16
08:27:39 64.96   81.72   67.55   98.49
08:28:42 64.96   81.39   67.55   98.04
08:29:46 64.96   81.28   67.55   97.48
08:30:49 64.85   81.39   67.55   96.91
08:31:52 64.96   81.39   67.55   96.69
08:32:56 64.85   81.61   67.55   96.12
08:33:59 64.85   81.39   67.55   95.79
08:35:02 64.85   81.50   67.55   95.34
08:36:06 64.85   81.28   67.44   95.00
08:37:09 64.85   81.39   67.55   94.66
08:38:12 64.85   81.72   67.44   94.33
08:39:16 64.85   81.39   67.44   93.99
08:40:19 64.85   81.39   67.44   93.65
08:41:22 64.85   81.16   67.44   93.31
08:42:26 64.85   80.94   67.44   92.97
08:43:29 64.74   81.28   67.44   92.64
08:44:32 64.74   81.28   67.44   92.41
08:45:36 64.85   81.16   67.44   91.96
08:46:39 64.85   81.16   67.44   91.74
08:47:42 64.74   80.83   67.44   91.51
08:48:46 64.74   81.05   67.44   91.18
08:49:49 64.74   81.05   67.33   90.95
08:50:52 64.74   80.83   67.33   90.61
08:51:56 64.74   80.71   67.33   90.50
08:52:59 64.74   80.94   67.33   90.16
08:54:02 64.74   80.83   67.33   89.83
08:55:06 64.74   80.71   67.33   89.60
08:56:09 64.74   80.60   67.33   89.49
08:57:12 64.74   80.83   67.21   89.26
08:58:16 64.74   80.83   67.21   89.04
08:59:19 64.74   80.94   67.21   88.81
09:00:23 64.74   80.71   67.21   88.70
09:01:26 64.62   80.49   67.21   88.36
09:02:29 64.62   80.83   67.21   88.25
09:03:33 64.74   80.60   67.21   88.14
09:04:36 64.62   80.49   67.21   88.03
09:05:39 64.74   80.60   67.21   87.80
09:06:43 64.74   80.60   67.10   87.58
09:07:46 64.62   80.49   67.10   87.35
09:08:49 64.62   80.49   67.21   87.01
09:09:53 64.62   80.49   67.10   87.01
09:10:56 64.62   80.38   67.10   87.01
09:11:59 64.62   81.05   67.10   86.79
09:13:03 65.30   100.06   67.10   86.79
09:14:06 67.78   139.55   67.10   86.79
09:15:09 68.68   142.81   67.10   87.24
09:16:12 69.12   116.49   67.10   87.58
09:17:15 68.45   110.86   67.21   87.80
09:18:18 67.33   109.40   67.21   87.69
09:19:22 66.65   109.96   67.21   87.58
09:20:25 66.20   108.95   67.21   87.24
09:21:28 65.86   107.26   67.21   87.12
09:22:32 65.64   105.46   67.21   87.01
09:23:35 65.53   103.21   67.21   86.79
09:24:38 65.41   101.86   67.21   86.68
09:25:42 65.30   100.06   67.21   86.34
09:26:45 65.19   98.60   67.21   86.34
09:27:48 65.19   97.14   67.21   86.34
09:28:52 65.08   95.68   67.21   86.11
09:29:55 65.08   94.33   67.21   86.11
09:30:58 64.96   93.20   67.21   85.89
09:32:02 64.96   93.09   67.21   85.89
09:33:05 66.65   118.06   67.21   85.89
09:34:08 68.34   142.93   67.10   86.22
09:35:11 69.12   148.44   67.21   86.79
09:36:14 69.58   122.79   67.21   87.35
09:37:17 69.12   112.21   67.21   87.35
09:38:21 67.78   111.20   67.21   87.12
09:39:24 66.99   109.96   67.33   87.01
09:40:27 66.54   110.41   67.33   86.79
09:41:31 66.20   108.50   67.33   86.45
09:42:34 65.86   107.04   67.33   86.34
09:43:37 65.75   105.01   67.33   86.34
09:44:41 65.64   103.89   67.33   86.22
09:45:44 65.41   101.86   67.33   86.00
09:46:47 65.41   100.06   67.33   85.89
09:47:51 65.30   98.83   67.33   85.78
09:48:54 65.19   97.14   67.33   85.89
09:49:57 65.19   96.24   67.33   85.78
09:51:01 66.76   118.51   67.33   85.78
09:52:04 68.56   142.14   67.33   85.89
09:53:07 69.24   149.56   67.33   86.56
09:54:10 69.58   124.59   67.33   86.90
09:55:13 69.24   112.66   67.33   87.12
09:56:16 68.00   112.33   67.44   87.01
09:57:20 67.21   113.56   67.44   86.79
09:58:23 66.65   113.90   67.44   86.56
09:59:26 66.31   109.96   67.44   86.34
10:00:30 65.97   108.39   67.44   86.22
10:01:33 65.86   105.91   67.44   86.11
10:02:36 65.64   103.78   67.44   86.11
10:03:40 65.53   102.42   67.44   85.89
10:04:43 65.41   100.85   67.44   85.78
10:05:46 65.30   99.05   67.44   85.66
10:06:50 65.30   97.70   67.44   85.55
10:07:53 65.30   96.35   67.44   85.44
10:08:56 66.65   116.83   67.44   85.55
10:09:59 68.56   141.35   67.44   86.00
10:11:02 69.35   149.00   67.44   86.68
10:12:05 69.69   124.25   67.44   87.12
10:13:08 69.35   112.44   67.44   87.24
10:14:12 68.11   112.21   67.44   87.01
10:15:15 67.21   109.40   67.55   86.79
10:16:19 66.76   108.61   67.55   86.56
10:17:22 66.31   108.73   67.55   86.56
10:18:25 66.09   107.71   67.55   86.34
10:19:29 65.86   105.35   67.55   86.34
10:20:32 65.75   104.23   67.55   86.11
10:21:35 65.64   101.64   67.55   86.00
10:22:39 65.41   100.74   67.55   86.00
10:23:42 65.41   99.73   67.55   85.89
10:24:45 65.30   98.26   67.55   86.00
10:25:49 65.30   97.14   67.55   85.89
10:26:52 65.19   96.01   67.55   85.78
10:27:55 65.19   94.78   67.44   85.66
10:28:59 65.08   93.65   67.44   85.55
10:30:02 65.08   92.86   67.44   85.44
10:31:05 65.08   91.51   67.44   85.33
10:32:09 65.08   92.30   67.55   85.33
10:33:12 67.10   120.88   67.44   85.44
10:34:15 68.56   144.61   67.44   85.55
10:35:18 69.35   144.16   67.44   86.34
10:36:21 69.80   117.61   67.44   86.79
10:37:24 68.90   112.10   67.55   86.79
10:38:28 67.78   111.54   67.55   86.56
10:39:31 67.10   109.62   67.55   86.34
10:40:34 66.54   107.49   67.55   86.34
10:41:38 66.20   105.01   67.55   86.11
10:42:41 65.97   103.89   67.55   86.11
10:43:44 65.75   104.23   67.55   86.00
10:44:48 65.64   103.33   67.55   86.00
10:45:51 65.53   101.75   67.55   85.78
10:46:54 65.41   99.95   67.55   85.66
10:47:58 65.41   98.49   67.55   85.66
10:49:01 65.30   97.14   67.55   85.66
10:50:04 65.19   96.35   67.55   85.55
10:51:08 65.19   95.11   67.55   85.44
10:52:11 65.19   94.21   67.55   85.33
10:53:14 65.19   93.65   67.55   85.33
10:54:18 65.08   92.86   67.55   85.21
10:55:21 65.08   92.08   67.44   85.21
10:56:24 65.08   91.18   67.44   85.21
10:57:28 64.96   90.39   67.44   85.10
10:58:31 64.96   89.60   67.44   84.99
10:59:34 64.96   89.04   67.44   84.99
11:00:38 64.96   88.25   67.44   84.99
11:01:41 64.85   88.03   67.44   84.88
11:02:44 64.85   87.35   67.44   84.76
11:03:48 64.85   95.90   67.33   84.88
11:04:51 68.00   137.07   67.33   84.99
11:05:54 68.90   149.79   67.33   85.55
11:06:57 69.46   127.17   67.33   86.11
11:08:00 69.35   111.99   67.44   86.34
11:09:03 68.11   112.21   67.44   86.22
11:10:07 67.10   109.74   67.44   86.11
11:11:10 66.54   111.31   67.44   85.89
11:12:13 66.20   109.62   67.55   85.89
11:13:17 65.97   107.15   67.44   85.78
11:14:20 65.75   105.80   67.55   85.66
11:15:23 65.64   103.89   67.55   85.55
11:16:27 65.53   101.86   67.55   85.44
11:17:30 65.41   101.08   67.55   85.33
11:18:33 65.30   99.50   67.55   85.33
11:19:37 65.30   97.70   67.55   85.21
11:20:40 65.19   96.58   67.55   85.21
11:21:43 65.19   95.56   67.55   85.10
11:22:47 65.08   94.44   67.55   84.99
11:23:50 65.08   93.09   67.44   84.88
11:24:53 65.08   92.19   67.44   84.88
11:25:57 65.08   91.29   67.44   84.76
11:27:00 64.96   90.95   67.44   84.76
11:28:03 64.96   90.05   67.44   84.65
11:29:07 64.96   88.93   67.44   84.54
11:30:10 64.96   88.70   67.44   84.54
11:31:13 64.85   87.91   67.44   84.43
11:32:17 64.85   87.46   67.33   84.43
11:33:20 64.85   86.79   67.33   84.31
11:34:23 64.85   86.79   67.33   84.31
11:35:27 64.85   86.68   67.33   84.20
11:36:30 64.85   86.11   67.33   84.20
11:37:34 64.74   85.44   67.33   84.09
11:38:37 64.74   85.44   67.33   83.97
11:39:40 64.74   85.10   67.21   83.86
11:40:44 64.74   84.88   67.21   83.86
11:41:47 64.74   84.76   67.21   83.86
11:42:50 64.74   84.09   67.21   83.75
11:43:54 64.74   85.10   67.21   83.75
11:44:57 66.54   114.24   67.21   83.64
11:46:00 68.34   143.71   67.21   83.97
11:47:03 69.12   141.46   67.21   84.65
11:48:06 69.58   115.25   67.21   85.21
11:49:09 68.56   111.42   67.21   85.33
11:50:13 67.55   110.98   67.33   85.21
11:51:16 66.76   112.21   67.33   84.88
11:52:19 66.31   110.30   67.33   84.76
11:53:23 65.97   107.15   67.33   84.65
11:54:26 65.75   105.80   67.33   84.65
11:55:29 65.64   103.66   67.33   84.54
11:56:33 65.41   102.42   67.33   84.54
11:57:36 65.41   100.62   67.33   84.54
11:58:39 65.30   99.39   67.33   84.43
11:59:43 65.19   98.15   67.33   84.43
12:00:46 65.19   97.03   67.33   84.43
12:01:49 65.08   96.01   67.33   84.43
12:02:53 65.08   94.66   67.33   84.31
12:03:56 64.96   93.54   67.33   84.20
12:04:59 64.96   92.41   67.33   84.20
12:06:03 64.96   91.29   67.33   84.20
12:07:06 64.85   90.72   67.33   84.20
12:08:09 64.96   89.94   67.33   83.97
12:09:13 64.85   89.38   67.21   83.86
12:10:16 64.85   88.70   67.21   83.75
12:11:19 64.85   88.25   67.21   83.75
12:12:23 64.85   87.58   67.21   83.64
12:13:26 64.85   87.24   67.21   83.75
12:14:29 64.85   86.90   67.21   83.75
12:15:33 64.74   86.34   67.21   83.53
12:16:36 64.74   85.78   67.21   83.53
12:17:39 64.74   85.33   67.21   83.41
12:18:43 64.74   85.21   67.10   83.41
12:19:46 64.74   84.99   67.10   83.41
12:20:50 64.74   84.65   67.10   83.30
12:21:53 64.74   84.54   67.10   83.30
12:22:56 64.74   84.09   67.10   83.30
12:24:00 64.74   83.75   67.10   83.30
12:25:03 64.62   83.64   67.10   83.19
12:26:06 64.62   84.65   67.10   83.08
12:27:10 66.20   111.54   67.10   83.19
12:28:13 68.22   142.70   66.99   83.64
12:29:15 69.12   139.78   67.10   84.31
12:30:19 69.58   114.01   67.10   84.54
12:31:22 68.56   111.31   67.10   84.54
12:32:25 67.33   110.53   67.10   84.43
12:33:29 66.76   110.86   67.21   84.31
12:34:32 66.31   109.29   67.21   84.09
12:35:35 65.97   107.71   67.21   84.09
12:36:39 65.75   105.69   67.21   83.86
12:37:42 65.53   103.89   67.21   83.86
12:38:45 65.41   102.42   67.21   83.86
12:39:49 65.30   100.29   67.21   83.86
12:40:52 65.19   98.83   67.33   83.64
12:41:55 65.19   97.70   67.21   83.75
12:42:59 65.08   96.58   67.33   83.75
12:44:02 65.08   95.11   67.21   83.64
12:45:05 64.96   94.44   67.21   83.64
12:46:09 64.96   93.20   67.21   83.53
12:47:12 64.96   91.96   67.21   83.64
12:48:15 64.96   91.29   67.21   83.64
12:49:19 64.85   90.28   67.21   83.64
12:50:22 64.85   89.83   67.21   83.53
12:51:25 64.85   89.71   67.10   83.41
12:52:29 64.85   88.47   67.21   83.41
12:53:32 64.85   88.03   67.10   83.30
12:54:35 64.74   87.58   67.21   83.30
12:55:39 64.74   87.01   67.10   83.19
12:56:42 64.74   86.90   67.10   83.08
12:57:46 64.74   86.45   67.10   83.08
12:58:49 64.74   85.78   67.10   82.96
12:59:52 64.74   85.55   67.10   82.85
13:00:56 64.74   85.10   67.10   82.74
13:01:59 64.74   84.54   67.10   82.62
13:03:02 64.74   84.20   67.10   82.62
13:04:06 64.74   84.31   66.99   82.62
13:05:09 64.62   84.20   66.99   82.62
13:06:12 64.62   83.64   66.99   82.51
13:07:16 64.62   83.53   66.99   82.51
13:08:19 64.62   85.55   66.99   82.51
13:09:22 66.99   121.44   66.99   82.62
13:10:25 68.56   146.19   66.99   82.96
13:11:28 69.24   134.60   66.99   83.75
13:12:31 69.58   112.10   67.10   84.20
13:13:35 68.22   111.20   67.10   84.20
13:14:38 67.21   108.95   67.10   83.97
13:15:41 66.54   106.48   67.10   83.75
13:16:45 66.09   106.48   67.10   83.75
13:17:48 65.86   106.48   67.21   83.64
13:18:51 65.64   104.45   67.21   83.64
13:19:55 65.53   103.55   67.21   83.64
13:20:58 65.41   101.41   67.21   83.64
13:22:01 65.30   100.06   67.21   83.53
13:23:05 65.19   98.60   67.21   83.41
13:24:08 65.08   97.48   67.21   83.53
13:25:11 65.08   96.01   67.21   83.30
13:26:15 64.96   94.66   67.10   83.41
13:27:18 64.96   93.54   67.10   83.41
13:28:21 64.96   92.86   67.10   83.19
13:29:25 64.85   92.41   67.10   83.08
13:30:28 64.85   91.62   67.10   82.96
13:31:31 64.85   90.61   67.10   82.96
13:32:35 64.85   89.83   67.10   82.96
13:33:38 64.74   89.49   67.10   82.96
13:34:42 64.74   88.59   67.10   82.85
13:35:45 64.74   87.91   67.10   82.85
13:36:48 64.74   87.46   67.10   82.85
13:37:52 64.74   86.79   66.99   82.74
13:38:55 64.74   86.45   67.10   82.74
13:39:58 64.74   86.00   66.99   82.74
13:41:02 64.62   85.55   66.99   82.74
13:42:05 64.62   84.99   66.99   82.74
13:43:08 64.62   84.88   66.99   82.62
13:44:12 64.62   84.76   66.99   82.51
13:45:15 64.62   84.43   66.99   82.40
13:46:18 64.62   84.20   66.99   82.29
13:47:22 64.62   83.86   66.88   82.29
13:48:25 64.62   83.64   66.88   82.29
13:49:28 64.62   83.41   66.88   82.06
13:50:32 64.51   83.30   66.99   82.06
13:51:35 64.51   83.08   66.88   82.06
13:52:38 64.51   82.74   66.88   81.95
13:53:42 64.51   82.85   66.88   81.84
13:54:45 64.51   82.62   66.88   81.84
13:55:48 64.51   82.40   66.88   81.95
13:56:52 64.51   82.40   66.88   81.84
13:57:55 64.51   82.51   66.88   81.84
13:58:58 65.08   99.16   66.88   81.95
14:00:01 68.00   139.55   66.76   82.29
14:01:04 69.01   141.35   66.88   82.85
14:02:07 69.46   121.89   66.88   83.30
14:03:10 69.91   135.05   66.88   83.86
14:04:13 70.25   149.56   66.99   84.31
14:05:16 70.47   155.98   66.99   84.99
14:06:19 70.93   144.16   67.10   85.44
14:07:22 71.15   139.21   67.10   85.78
14:08:25 71.49   115.03   67.21   85.89
14:09:28 70.14   113.23   67.33   85.66
14:10:32 68.68   113.56   67.33   85.33
14:11:35 67.66   114.80   67.44   85.10
14:12:38 67.10   112.89   67.44   84.99
14:13:42 66.65   111.09   67.44   84.76
14:14:45 66.76   115.81   67.44   84.65
14:15:48 69.69   136.62   67.55   84.88
14:16:51 70.36   150.01   67.55   85.55
14:17:54 70.93   157.66   67.55   86.34
14:18:57 71.26   135.05   67.55   86.90
14:20:00 70.93   119.53   67.66   86.90
14:21:03 69.24   119.75   67.66   86.56
14:22:07 68.11   120.20   67.78   86.22
14:23:10 67.44   119.41   67.78   86.00
14:24:13 66.88   116.94   67.78   85.89
14:25:17 66.54   114.35   67.78   85.78
14:26:20 66.31   112.55   67.78   85.55
14:27:23 68.56   125.71   67.89   85.55
14:28:26 70.14   141.69   67.78   86.00
14:29:29 70.81   153.50   67.89   86.79
14:30:32 71.26   150.01   67.89   87.46
14:31:35 71.60   122.11   68.00   87.80
14:32:38 70.81   113.45   68.00   87.69
14:33:42 69.24   114.24   68.00   87.35
14:34:45 68.22   111.88   68.00   87.12
14:35:48 67.55   110.64   68.11   86.90
14:36:52 67.10   111.54   68.11   86.68
14:37:55 66.65   110.30   68.11   86.56
14:38:58 66.43   108.61   68.11   86.45
14:40:02 66.20   106.92   68.00   86.34
14:41:05 66.09   105.35   68.00   86.22
14:42:09 65.86   104.00   68.00   86.11
14:43:12 65.86   105.35   68.00   86.00
14:44:15 69.46   134.82   68.00   86.11
14:45:18 70.47   149.90   68.00   86.79
14:46:21 71.04   145.85   68.00   87.46
14:47:24 71.49   118.74   68.11   87.91
14:48:27 70.59   112.89   68.11   87.80
14:49:30 69.12   113.11   68.11   87.58
14:50:34 68.11   114.46   68.11   87.35
14:51:37 67.44   113.45   68.11   87.12
14:52:40 66.99   111.42   68.22   87.12
14:53:44 66.76   110.08   68.11   87.01
14:54:47 66.43   108.39   68.11   86.90
14:55:50 66.20   106.81   68.11   86.79
14:56:54 66.09   104.56   68.11   86.56
14:57:57 65.97   102.88   68.11   86.45
14:59:01 65.86   101.53   68.11   86.45
15:00:04 65.86   100.17   68.11   86.34
15:01:07 65.75   98.83   68.11   86.34
15:02:11 65.64   98.04   68.11   86.22
15:03:14 65.64   96.69   68.11   86.11
15:04:17 65.53   95.45   68.11   86.00
15:05:21 65.53   94.89   68.11   86.00
15:06:24 65.41   94.10   68.11   86.00
15:07:27 65.41   93.09   68.11   85.89
15:08:31 65.41   92.08   68.11   85.89
15:09:34 65.41   91.62   68.11   85.78
15:10:37 65.30   91.29   68.11   85.78
15:11:41 65.30   90.61   68.11   85.55
15:12:44 65.30   90.28   68.11   85.44
15:13:47 65.30   89.83   68.11   85.44
15:14:51 65.30   89.38   68.11   85.33
15:15:54 65.19   88.93   68.00   85.33
15:16:57 65.19   88.36   68.00   85.21
15:18:01 65.19   88.14   68.00   85.21
15:19:04 65.19   87.80   68.00   85.10
15:20:07 65.19   87.35   68.00   84.99
15:21:11 65.19   87.58   68.00   84.99
15:22:14 65.19   87.12   68.00   84.99
15:23:17 65.19   86.56   68.00   84.88
15:24:21 65.19   86.68   68.00   84.88
15:25:24 65.08   86.34   68.00   84.65
15:26:27 65.08   86.00   68.00   84.65
15:27:31 65.08   86.00   67.89   84.54
15:28:34 65.08   86.00   67.89   84.54
15:29:37 65.08   85.66   67.89   84.43
15:30:41 65.08   85.66   67.89   84.31
15:31:44 65.08   85.21   67.89   84.31
15:32:48 65.08   85.10   67.89   84.31
15:33:51 65.08   84.76   67.89   84.20
15:34:54 65.08   84.54   67.89   84.09
15:35:58 65.08   84.43   67.89   83.97
15:37:01 65.08   84.43   67.78   83.97
15:38:04 65.08   84.31   67.89   83.97
15:39:08 65.08   83.97   67.89   83.86
15:40:11 64.96   83.97   67.78   83.86
15:41:14 64.96   84.09   67.89   83.86
15:42:18 64.96   84.09   67.78   83.86
15:43:21 64.96   84.09   67.78   83.64
15:44:24 64.96   83.75   67.78   83.64
15:45:28 64.96   83.75   67.78   83.64
15:46:31 64.96   83.53   67.78   83.53
15:47:34 64.96   83.53   67.78   83.64
15:48:38 64.96   83.30   67.78   83.53
15:49:41 64.96   83.19   67.78   83.53
15:50:44 64.96   83.08   67.78   83.41
15:51:48 64.96   83.19   67.78   83.30
15:52:51 64.96   83.08   67.78   83.19
15:53:54 64.96   83.08   67.78   83.08
15:54:58 64.96   83.30   67.78   82.96
15:56:01 64.96   82.96   67.78   82.96
15:57:04 64.96   82.96   67.66   83.08
15:58:08 64.96   82.85   67.66   83.08
15:59:11 64.85   82.85   67.66   82.85
16:00:14 64.85   83.08   67.66   103.33
16:01:18 64.85   82.62   67.66   106.36
16:02:21 64.85   82.62   67.66   107.04
16:03:24 64.85   82.85   67.66   107.15
16:04:28 64.85   82.85   67.66   106.81
16:05:31 64.96   82.62   67.66   106.36
16:06:35 64.85   82.51   67.55   105.80
16:07:38 64.85   82.51   67.55   105.12
16:08:41 64.85   82.29   67.55   104.45
16:09:45 64.96   82.40   67.55   103.66
16:10:48 64.96   82.51   67.55   102.88
16:11:51 64.96   82.62   67.55   102.09
16:12:55 64.96   82.40   67.55   101.41
16:13:58 64.96   82.51   67.66   100.74
16:15:01 64.96   82.51   67.55   100.06
16:16:05 64.96   82.29   67.55   99.50
16:17:08 64.96   82.51   67.44   99.16
16:18:11 64.96   82.62   67.44   98.60
16:19:15 64.96   82.51   67.55   98.15
16:20:18 64.96   82.18   67.55   97.70
16:21:21 64.96   82.18   67.55   97.25
16:22:25 64.96   82.06   67.55   96.91
16:23:28 64.96   82.18   67.66   96.58
16:24:31 64.96   82.18   67.55   96.24
16:25:35 65.08   82.06   67.55   95.90
16:26:38 65.08   81.95   67.55   95.56
16:27:41 65.08   82.06   67.44   95.34
16:28:45 65.08   82.06   67.55   95.00
16:29:48 64.96   82.18   67.55   94.78
16:30:51 64.74   82.06   67.44   94.66
16:31:55 64.62   82.29   67.33   94.44
16:32:58 64.51   82.18   67.33   94.10
16:34:01 64.29   81.95   67.21   93.65
16:35:05 64.29   82.06   66.99   93.43
16:36:08 64.18   81.84   66.99   93.09
16:37:11 64.06   82.06   66.88   92.86
16:38:15 64.06   81.84   66.88   92.53
16:39:18 64.06   81.50   66.88   92.41
16:40:21 63.95   81.72   66.88   92.08
16:41:25 63.95   81.61   66.88   91.85
16:42:28 63.95   81.39   66.76   91.62
16:43:31 63.84   81.39   66.76   91.40
16:44:35 63.84   81.61   66.76   90.95
16:45:38 63.84   81.39   66.76   90.84
16:46:42 63.73   81.39   66.88   90.72
16:47:45 63.73   81.39   66.76   90.39
16:48:48 63.73   81.28   66.76   90.28
16:49:52 63.73   89.83   66.76   90.16
16:50:55 67.78   136.29   66.65   90.16
16:51:58 69.01   146.19   66.65   90.61
16:53:01 69.58   120.76   66.65   91.06
16:54:04 68.68   111.42   66.76   91.18
16:55:07 67.10   110.19   66.76   90.95
16:56:11 66.31   108.50   66.88   90.61
16:57:14 65.86   107.38   66.99   90.39
16:58:17 65.53   107.60   66.99   90.16
16:59:21 65.41   105.91   66.99   89.83
17:00:24 65.30   104.56   67.10   89.60
17:01:27 65.19   103.10   67.21   89.26
17:02:31 65.19   101.30   67.21   89.15
17:03:34 65.08   99.61   67.33   88.93
17:04:37 65.08   98.15   67.21   88.70
17:05:41 65.08   97.03   67.44   88.59
17:06:44 65.08   95.79   67.44   88.36
17:07:47 64.96   94.78   67.55   88.14
17:08:51 64.96   93.43   67.55   88.25
17:09:54 64.96   92.64   67.55   88.03
17:10:57 64.96   91.74   67.55   87.91
17:12:01 64.85   90.95   67.55   87.80
17:13:04 64.85   90.05   67.55   87.58
17:14:07 64.85   94.55   67.66   87.46
17:15:11 68.34   134.26   67.66   87.58
17:16:13 69.46   150.24   67.66   88.03
17:17:16 70.03   132.57   67.78   88.47
17:18:20 70.25   112.44   67.78   88.81
17:19:23 68.90   112.21   67.78   88.59
17:20:26 67.78   110.53   67.78   88.47
17:21:30 67.21   108.16   67.78   88.25
17:22:33 66.65   106.81   67.89   87.91
17:23:36 66.43   107.49   67.89   87.80
17:24:40 66.09   106.25   67.89   87.69
17:25:43 65.86   104.56   67.89   87.58
17:26:46 65.75   102.76   68.00   87.35
17:27:50 65.75   100.85   68.00   87.24
17:28:53 65.53   99.50   68.00   87.24
17:29:56 65.53   98.26   68.11   87.01
17:31:00 65.53   97.14   68.11   86.90
17:32:03 65.53   95.90   68.22   86.79
17:33:06 65.41   94.89   68.22   86.79
17:34:10 65.41   93.43   68.22   86.56
17:35:13 65.41   92.97   68.34   86.56
17:36:16 65.41   92.30   68.34   86.56
17:37:20 65.41   91.18   68.45   86.45
17:38:23 65.30   90.72   68.45   86.34
17:39:26 65.30   91.62   68.45   86.34
17:40:30 67.44   118.40   68.45   86.45
17:41:33 69.24   143.60   68.56   86.56
17:42:36 70.03   146.64   68.56   87.12
17:43:39 70.59   120.65   68.56   87.69
17:44:42 70.03   112.44   68.68   87.80
17:45:45 69.01   112.10   68.79   87.58
17:46:49 68.22   112.21   68.79   87.46
17:47:52 67.66   111.09   68.90   87.24
17:48:55 67.21   108.84   68.90   87.24
17:49:59 66.99   107.38   69.01   87.12
17:51:02 66.76   105.91   69.01   87.01
17:52:05 66.54   104.67   69.01   87.01
17:53:09 66.43   102.76   69.12   86.79
17:54:12 66.31   101.53   69.12   86.79
17:55:15 66.31   100.06   69.12   86.56
17:56:19 66.09   98.71   69.12   86.56
17:57:22 66.09   97.36   69.12   86.45
17:58:25 66.09   96.01   69.12   86.34
17:59:29 65.97   95.45   69.24   86.34
18:00:32 65.86   94.44   69.24   86.11
18:01:35 65.86   93.54   69.24   86.11
18:02:39 65.86   92.41   69.24   86.11
18:03:42 65.75   91.74   69.24   86.00
18:04:45 65.75   91.18   69.24   86.00
18:05:49 66.20   103.55   69.35   86.00
18:06:52 69.24   138.65   69.35   86.22
18:07:55 69.91   144.61   69.35   86.68
18:08:58 70.47   119.53   69.35   87.12
18:10:01 70.14   111.76   69.46   87.24
18:11:04 69.12   111.31   69.46   87.24
18:12:08 68.34   108.73   69.58   87.01
18:13:11 67.78   109.74   69.58   101.41
18:14:14 67.44   108.61   69.58   112.10
18:15:18 67.10   106.70   69.58   112.55
18:16:21 66.88   105.46   69.58   110.86
18:17:25 66.76   103.78   69.69   109.06
18:18:28 66.65   102.42   69.69   107.49
18:19:31 66.54   100.74   69.69   105.91
18:20:35 66.43   99.95   69.69   104.67
18:21:38 66.31   98.04   69.69   103.44
18:22:41 66.31   97.25   69.80   102.54
18:23:45 66.20   96.35   69.69   101.75
18:24:48 66.09   94.89   69.80   100.74
18:25:51 65.97   94.21   69.80   99.95
18:26:55 65.97   93.54   69.80   102.88
18:27:58 65.86   93.09   69.80   103.89
18:29:01 65.75   92.19   69.80   103.10
18:30:05 65.75   91.62   69.80   102.20
18:31:08 65.75   90.61   69.80   101.30
18:32:11 65.75   90.39   69.80   100.40
18:33:15 65.64   89.71   69.91   99.50
18:34:18 65.64   89.71   69.80   98.71
18:35:21 65.64   89.04   69.91   98.15
18:36:25 65.64   88.59   69.91   97.59
18:37:28 65.53   88.36   69.91   96.91
18:38:31 65.53   88.25   69.91   96.46
18:39:35 65.64   87.58   69.91   96.01
18:40:38 65.53   87.69   69.91   95.56
18:41:41 65.64   86.79   70.03   95.00
18:42:45 65.64   86.56   69.91   94.55
18:43:48 65.75   86.56   69.91   94.10
18:44:51 65.64   86.45   69.91   93.65
18:45:55 65.41   86.11   69.80   93.31
18:46:58 65.30   85.78   69.80   92.97
18:48:01 65.41   85.44   69.69   92.64
18:49:05 65.41   85.21   69.69   92.30
18:50:08 65.41   85.10   69.80   91.96
18:51:12 65.41   84.76   69.80   91.62
18:52:15 65.41   84.65   69.80   91.40
18:53:18 65.53   84.76   69.80   91.18
18:54:22 65.53   84.31   69.80   90.95
18:55:25 65.53   84.20   69.69   91.06
18:56:28 65.53   84.20   69.69   90.84
18:57:32 65.41   83.86   69.69   90.39
18:58:35 65.41   84.09   69.69   90.16
18:59:38 65.41   83.75   69.69   89.94
19:00:42 65.41   83.75   69.80   89.71
19:01:45 65.41   83.75   69.80   89.38
19:02:48 65.30   83.53   69.80   89.15
19:03:52 65.41   83.41   69.80   89.04
19:04:55 65.30   83.19   69.80   88.81
19:05:58 65.30   83.53   69.80   88.59
19:07:02 65.30   83.19   69.80   88.25
19:08:05 65.30   83.19   69.91   88.14
19:09:08 65.30   83.30   69.91   87.91
19:10:12 65.30   83.08   69.91   87.69
19:11:15 65.30   83.19   69.91   87.69
19:12:18 65.30   82.96   69.91   100.74
19:13:22 65.19   83.08   69.91   106.59
19:14:25 65.30   82.96   69.91   110.86
19:15:28 65.30   82.85   69.91   110.98
19:16:32 65.30   82.74   70.03   109.62
19:17:35 65.19   82.96   69.91   107.83
19:18:38 65.19   82.96   70.03   106.25
19:19:42 65.19   82.62   70.03   104.90
19:20:45 65.19   82.62   70.03   103.33
19:21:48 65.19   82.85   70.03   102.42
19:22:52 65.30   82.96   70.03   101.30
19:23:55 65.19   82.85   70.03   100.40
19:24:59 65.30   82.62   70.03   99.50
19:26:02 65.30   82.85   70.14   98.83
19:27:05 65.30   82.62   70.03   98.04
19:28:09 65.30   82.74   70.14   97.36
19:29:12 65.30   82.62   70.14   96.69
19:30:15 65.30   82.51   70.14   96.01
19:31:19 65.30   82.74   70.14   95.56
19:32:22 65.30   82.74   70.14   95.11
19:33:25 65.30   82.74   70.25   94.66
19:34:29 65.19   82.74   70.14   94.10
19:35:32 65.30   82.51   70.25   93.76
19:36:35 65.19   82.29   70.25   93.31
19:37:39 65.30   82.51   70.25   92.86
19:38:42 65.19   82.51   70.25   92.53
19:39:45 65.19   82.40   70.25   92.08
19:40:49 65.30   82.51   70.25   91.74
19:41:52 65.30   82.74   70.25   91.40
19:42:55 65.30   82.74   70.25   91.18
19:43:59 65.30   82.40   70.25   90.84
19:45:02 65.30   82.62   70.25   90.50
19:46:05 65.30   82.51   70.25   90.16
19:47:09 65.30   82.40   70.36   90.05
19:48:12 65.30   82.18   70.36   89.83
19:49:15 65.30   82.51   70.36   89.60
19:50:19 65.30   82.74   70.36   89.26
19:51:22 65.30   82.62   70.36   89.15
19:52:25 65.30   82.51   70.36   88.93
19:53:29 65.30   82.74   70.36   88.70
19:54:32 65.30   82.51   70.36   88.36
19:55:36 65.19   82.40   70.36   88.14
19:56:39 65.19   82.51   70.36   87.91
19:57:42 65.30   82.40   70.36   87.80
19:58:46 65.30   82.40   70.36   87.58
19:59:49 65.30   82.18   70.36   87.46
20:00:52 65.30   82.29   70.36   87.24
20:01:56 65.30   82.29   70.47   87.01
20:02:59 65.30   82.51   70.47   86.79
20:04:02 65.30   82.29   70.47   86.68
20:05:06 65.19   82.29   70.47   105.12
20:06:09 65.30   82.18   70.47   108.73
20:07:12 65.30   82.18   70.47   109.29
20:08:16 65.30   87.12   70.59   109.17
20:09:19 68.79   129.99   70.59   108.84
20:10:22 70.25   150.24   70.59   108.73
20:11:25 70.93   149.23   70.70   108.84
20:12:28 71.60   146.07   70.81   108.84
20:13:30 72.16   155.53   70.81   108.73
20:14:33 72.50   154.85   70.93   108.73
20:15:36 72.95   126.73   71.04   108.39
20:16:40 72.61   114.69   71.15   107.94
20:17:43 71.26   115.25   71.26   107.15
20:18:46 70.36   115.59   71.38   106.14
20:19:50 69.69   114.46   71.38   105.35
20:20:53 69.12   113.11   71.38   104.67
20:21:56 68.79   111.31   71.38   104.00
20:23:00 69.58   120.42   71.49   103.55
20:24:03 71.49   140.11   71.49   103.33
20:25:05 72.16   152.82   71.49   103.33
20:26:08 72.72   156.43   71.60   103.44
20:27:11 72.95   129.54   71.60   103.44
20:28:15 72.84   114.01   71.71   103.10
20:29:18 71.49   114.80   71.71   102.65
20:30:21 70.47   114.01   71.71   101.98
20:31:25 69.80   112.10   71.71   101.41
20:32:28 69.12   112.44   71.71   100.96
20:33:31 68.68   111.65   71.71   100.40
20:34:35 68.45   109.85   71.83   99.95
20:35:38 70.03   124.14   71.83   99.73
20:36:41 71.60   142.81   71.83   99.61
20:37:44 72.39   154.62   71.71   99.73
20:38:47 72.84   144.05   71.71   100.06
20:39:50 73.18   117.05   71.71   100.06
20:40:53 72.16   114.24   71.71   99.84
20:41:56 70.93   114.80   71.71   99.28
20:43:00 70.03   112.33   71.83   98.83
20:44:03 69.35   113.79   71.83   98.38
20:45:06 68.90   112.33   71.94   98.04
20:46:10 68.56   110.98   71.94   97.59
20:47:13 68.22   109.62   71.83   97.14
20:48:16 68.00   107.83   71.83   96.91
20:49:20 67.66   106.14   71.83   96.58
20:50:23 67.55   104.90   71.83   96.35
20:51:26 68.90   118.96   71.83   96.12
20:52:29 71.04   141.46   71.71   106.92
20:53:32 71.83   152.15   71.71   113.23
20:54:35 72.39   130.21   71.60   114.46
20:55:38 72.50   112.78   71.49   115.14
20:56:42 71.15   113.34   71.60   115.14
20:57:45 70.14   111.99   71.60   115.03
20:58:48 69.24   112.21   71.71   114.91
20:59:52 68.79   111.99   71.71   114.69
21:00:55 68.34   110.98   71.60   114.58
21:01:59 68.11   109.29   71.60   114.35
21:03:02 67.78   107.60   71.60   114.12
21:04:05 67.66   106.25   71.60   113.90
21:05:09 67.44   104.90   71.60   113.56
21:06:12 67.33   102.88   71.60   113.34
21:07:15 67.21   101.86   71.60   112.78
21:08:19 67.10   100.51   71.60   111.99
21:09:22 66.99   99.39   71.49   111.31
21:10:25 66.99   98.26   71.49   110.64
21:11:29 66.99   97.48   71.49   109.96
21:12:32 66.99   96.35   71.49   109.17
21:13:35 66.88   95.56   71.49   108.50
21:14:39 66.88   95.00   71.49   107.83
21:15:42 66.76   93.99   71.38   107.26
21:16:45 66.76   93.43   71.38   106.70
21:17:49 66.76   92.75   71.38   106.03
21:18:52 66.76   92.41   71.38   105.46
21:19:55 66.65   91.96   71.38   104.90
21:20:59 66.65   91.51   71.26   104.34
21:22:02 66.65   91.29   71.26   104.00
21:23:05 66.65   90.95   71.26   103.44
21:24:09 66.54   90.28   71.26   102.99
21:25:12 66.54   90.05   71.26   102.54
21:26:15 66.54   89.94   71.15   102.20
21:27:19 66.54   89.49   71.15   101.75
21:28:22 66.54   89.49   71.15   101.41
21:29:25 66.54   88.93   71.15   100.96
21:30:29 66.43   88.93   71.04   100.74
21:31:32 66.43   88.59   71.04   100.17
21:32:35 66.43   88.47   71.04   99.73
21:33:39 66.43   88.14   71.04   99.39
21:34:42 66.31   87.80   71.04   99.16
21:35:46 66.31   87.46   71.04   98.83
21:36:49 66.31   87.35   71.04   98.49
21:37:52 66.20   87.12   71.04   98.26
21:38:56 66.20   87.01   71.04   98.04
21:39:59 66.20   86.90   71.04   113.79
21:41:02 66.09   86.56   70.93   118.29
21:42:06 66.09   86.79   70.93   118.62
21:43:09 66.09   86.45   70.93   117.84
21:44:12 66.09   86.22   70.93   116.71
21:45:16 65.97   86.22   70.81   115.70
21:46:19 65.97   86.11   70.81   114.58
21:47:22 65.97   85.89   70.81   118.85
21:48:26 65.97   85.78   70.81   119.19
21:49:29 65.97   85.66   70.81   118.85
21:50:32 65.86   85.33   70.70   118.06
21:51:36 65.86   85.55   70.81   117.05
21:52:39 65.86   85.33   70.81   115.92
21:53:42 65.86   85.44   70.81   114.91
21:54:46 65.86   85.10   70.70   113.90
21:55:49 65.86   85.10   70.81   112.89
21:56:52 65.86   85.10   70.70   111.99
21:57:56 65.86   84.88   70.70   110.98
21:58:59 65.75   84.76   70.70   109.96
22:00:02 65.75   84.65   70.59   109.17
22:01:06 65.75   84.54   70.70   108.39
22:02:09 65.75   84.76   70.59   107.60
22:03:12 65.75   84.54   70.59   106.81
22:04:16 65.64   84.43   70.59   106.14
22:05:19 65.75   84.31   70.47   105.24
22:06:22 65.64   84.31   70.47   104.67
22:07:26 65.64   84.43   70.59   103.89
22:08:29 65.75   84.31   70.47   103.44
22:09:33 65.64   84.20   70.47   102.76
22:10:36 65.64   83.97   70.47   102.09
22:11:39 65.64   83.97   70.47   101.64
22:12:43 65.64   83.86   70.47   100.96
22:13:46 65.64   83.75   70.36   100.51
22:14:49 65.64   83.86   70.47   100.06
22:15:53 65.64   83.97   70.36   99.50
22:16:56 65.53   83.75   70.36   98.94
22:17:59 65.64   83.64   70.36   98.49
22:19:03 65.64   83.75   70.36   98.04
22:20:06 65.64   83.75   70.36   97.70
22:21:09 65.53   83.75   70.36   97.25
22:22:13 65.53   83.64   70.25   99.84
22:23:16 65.64   83.86   70.25   102.20
22:24:19 65.64   83.64   70.25   101.86
22:25:23 65.64   83.53   70.25   101.30
22:26:26 65.64   83.41   70.25   100.74
22:27:29 65.53   83.30   70.25   100.06
22:28:33 65.64   83.08   70.25   99.39
22:29:36 65.53   83.30   70.14   98.83
22:30:39 65.53   83.19   70.14   98.15
22:31:43 65.53   83.30   70.14   97.59
22:32:46 65.41   83.30   70.14   97.14
22:33:49 65.53   83.19   70.14   96.58
22:34:53 65.53   83.41   70.03   96.24
22:35:56 65.41   83.08   70.03   95.90
22:36:59 65.41   83.08   70.03   95.45
22:38:03 65.41   82.85   70.03   95.00
22:39:06 65.41   82.96   70.03   94.78
22:40:09 65.41   82.85   69.91   94.33
22:41:13 65.41   82.96   70.03   93.88
22:42:16 65.41   82.96   69.91   93.65
22:43:20 65.41   82.85   69.91   93.31
22:44:23 65.30   82.96   69.80   92.97
22:45:26 65.41   82.74   69.80   92.53
22:46:30 65.41   82.74   69.80   92.30
22:47:33 65.30   82.74   69.80   91.96
22:48:36 65.30   82.74   69.80   91.96
22:49:40 65.30   82.51   69.80   91.51
22:50:43 65.30   82.40   69.80   91.18
22:51:46 65.30   82.29   69.80   109.62
22:52:50 65.30   82.51   69.80   113.79
22:53:53 65.30   82.40   69.69   115.36
22:54:56 65.30   82.62   69.69   115.03
22:56:00 65.30   82.51   69.69   114.24
22:57:03 65.30   82.62   69.69   113.23
22:58:06 65.30   82.51   69.69   112.21
22:59:10 65.30   82.18   69.69   111.09
23:00:13 65.30   82.18   69.69   109.96
23:01:16 65.30   82.06   69.69   108.95
23:02:20 65.30   82.06   69.69   107.94
23:03:23 65.30   81.72   69.58   107.15
23:04:26 65.30   81.95   69.58   106.36
23:05:30 65.30   82.18   69.58   105.46
23:06:33 65.30   81.95   69.58   104.56
23:07:36 65.19   82.06   69.58   103.89
23:08:40 65.30   82.18   69.46   103.10
23:09:43 65.30   81.95   69.46   102.42
23:10:46 65.19   81.95   69.46   101.75
23:11:50 65.19   82.06   69.46   101.19
23:12:53 65.19   81.95   69.46   100.51
23:13:57 65.19   81.72   69.46   99.84
23:15:00 65.19   81.95   69.46   99.39
23:16:03 65.19   81.84   69.46   98.94
23:17:07 65.19   81.95   69.46   98.38
23:18:10 65.19   82.06   69.46   97.81
23:19:13 65.19   81.84   69.46   97.36
23:20:17 65.19   82.06   69.35   96.91
23:21:20 65.19   81.95   69.35   96.46
23:22:23 65.19   81.61   69.35   96.01
23:23:27 65.19   81.72   69.35   95.56
23:24:30 65.19   81.72   69.35   95.22
23:25:33 65.19   81.72   69.35   94.78
23:26:37 65.19   81.72   69.35   94.44
23:27:40 65.19   81.72   69.35   94.10
23:28:43 65.19   81.61   69.24   93.76
23:29:47 65.19   81.61   69.24   93.43
23:30:50 65.30   81.61   69.24   93.09
23:31:53 65.19   81.61   69.24   92.75
23:32:57 65.30   81.72   69.24   107.38
23:34:00 65.30   81.39   69.24   111.54
23:35:03 65.30   81.72   69.24   113.34
23:36:07 65.30   81.84   69.24   112.89
23:37:10 65.30   81.61   69.12   112.10
23:38:13 65.19   81.50   69.24   111.09
23:39:17 65.30   81.50   69.12   110.08
23:40:20 65.19   81.39   69.12   109.06
23:41:23 65.19   81.61   69.12   107.94
23:42:27 65.19   81.39   69.12   107.04
23:43:30 65.19   81.16   69.01   106.03
23:44:33 65.19   81.28   69.01   105.12
23:45:37 65.19   81.28   69.01   104.34
23:46:40 65.19   81.16   69.01   103.55
23:47:43 65.19   81.28   69.01   102.76
23:48:47 65.19   81.05   69.01   102.09
23:49:50 65.19   81.28   69.01   101.30
23:50:54 65.19   81.16   69.01   100.62
23:51:57 65.19   80.94   69.01   99.95
23:53:00 65.19   81.05   69.01   99.39
23:54:04 65.19   80.83   69.01   98.83
23:55:07 65.19   80.94   68.90   98.26
23:56:10 65.19   80.94   68.90   97.81
23:57:14 65.19   81.05   68.90   97.36
23:58:17 65.19   80.94   68.90   96.91
23:59:20 65.19   80.94   68.79   96.46
