 Date  Furn_In  Furn_Out  Bsmnt   Water_Htr
00:00:08 66.31   80.94   68.22   94.33
00:01:12 66.31   81.16   68.11   93.99
00:02:15 66.31   81.16   68.11   93.65
00:03:18 66.31   80.83   68.11   93.31
00:04:22 66.31   81.05   68.11   92.97
00:05:25 66.31   80.60   68.11   92.53
00:06:28 66.31   80.83   68.11   92.30
00:07:32 66.31   80.94   68.11   91.85
00:08:35 66.31   80.83   68.11   91.62
00:09:38 66.20   80.83   68.11   91.40
00:10:42 66.20   80.71   68.11   91.06
00:11:45 66.20   80.83   68.11   90.84
00:12:48 66.20   80.71   68.00   90.39
00:13:52 66.20   80.71   68.00   90.16
00:14:55 66.20   80.49   68.00   89.94
00:15:58 66.20   80.71   68.00   89.71
00:17:02 66.20   80.71   68.00   89.49
00:18:05 66.20   80.60   68.00   89.26
00:19:09 66.20   80.83   68.00   89.15
00:20:12 66.31   80.71   67.89   88.93
00:21:15 66.20   80.83   67.89   88.70
00:22:19 66.20   80.60   67.89   88.47
00:23:22 66.20   80.49   67.89   88.14
00:24:25 66.20   80.60   67.89   88.03
00:25:29 66.20   80.83   67.89   87.80
00:26:32 66.20   80.60   68.00   87.69
00:27:35 66.20   80.60   67.89   87.35
00:28:39 66.20   80.38   67.89   87.24
00:29:42 66.20   80.71   67.89   87.12
00:30:45 66.20   80.71   67.89   87.01
00:31:49 66.20   80.71   67.89   86.90
00:32:52 66.20   80.71   67.89   86.68
00:33:55 66.20   80.49   67.78   86.45
00:34:59 66.20   80.38   67.78   86.34
00:36:02 66.20   80.38   67.78   86.22
00:37:05 66.09   80.38   67.89   86.11
00:38:09 66.09   80.15   67.78   85.89
00:39:12 66.09   80.60   67.78   85.78
00:40:15 66.20   80.04   67.78   85.55
00:41:19 66.09   80.38   67.66   85.33
00:42:22 66.09   80.38   67.66   85.21
00:43:25 66.09   80.49   67.66   85.21
00:44:29 66.09   80.49   67.66   84.99
00:45:32 66.09   80.49   67.66   84.88
00:46:35 66.09   80.49   67.66   84.76
00:47:39 66.09   80.38   67.66   84.65
00:48:42 66.09   80.49   67.66   84.65
00:49:45 66.09   80.15   67.66   84.54
00:50:49 66.09   80.38   67.66   84.20
00:51:52 66.09   80.26   67.66   84.09
00:52:56 66.09   80.15   67.55   84.09
00:53:59 66.09   80.38   67.66   84.09
00:55:02 66.09   80.49   67.55   83.97
00:56:06 66.09   80.15   67.55   83.97
00:57:09 66.09   80.15   67.55   83.86
00:58:12 66.09   80.15   67.55   83.75
00:59:16 66.09   80.04   67.55   83.64
01:00:19 66.09   80.15   67.55   83.41
01:01:22 65.97   80.38   67.55   83.30
01:02:26 66.09   80.26   67.44   83.41
01:03:29 65.97   80.26   67.55   83.41
01:04:32 65.97   80.26   67.44   83.30
01:05:36 65.97   80.26   67.55   83.19
01:06:39 65.97   80.38   67.55   83.19
01:07:42 65.97   80.15   67.44   82.96
01:08:46 65.97   80.38   67.44   82.85
01:09:49 65.97   80.26   67.55   82.85
01:10:52 65.97   80.15   67.44   82.74
01:11:56 65.97   79.93   67.44   82.74
01:12:59 65.97   80.04   67.44   82.85
01:14:02 65.97   79.93   67.44   82.74
01:15:06 65.86   79.70   67.44   82.74
01:16:09 65.97   79.93   67.33   82.62
01:17:12 65.97   79.93   67.33   82.62
01:18:16 65.97   79.81   67.33   82.62
01:19:19 65.97   79.70   67.33   82.51
01:20:22 65.86   79.70   67.33   82.40
01:21:26 65.97   79.93   67.33   82.29
01:22:29 65.86   79.93   67.33   82.18
01:23:32 65.86   79.81   67.33   82.18
01:24:36 65.86   80.04   67.33   82.18
01:25:39 65.97   79.93   67.33   82.18
01:26:42 65.86   79.93   67.33   82.06
01:27:46 65.86   79.93   67.21   82.06
01:28:49 65.86   79.81   67.33   82.06
01:29:52 65.86   79.93   67.33   81.95
01:30:56 65.86   80.04   67.33   82.06
01:31:59 65.86   79.81   67.21   81.95
01:33:03 65.86   80.04   67.21   81.95
01:34:06 65.86   80.04   67.21   81.84
01:35:09 65.86   79.81   67.21   81.72
01:36:13 65.86   79.59   67.21   81.72
01:37:16 65.86   79.70   67.21   81.61
01:38:19 65.86   79.93   67.21   81.72
01:39:23 65.86   79.81   67.21   81.72
01:40:26 65.86   79.81   67.21   81.50
01:41:29 65.86   79.93   67.10   81.50
01:42:33 65.86   83.41   67.10   81.39
01:43:36 67.78   123.80   67.21   81.39
01:44:39 68.90   145.51   67.21   81.95
01:45:42 69.58   127.62   67.33   82.62
01:46:45 69.58   111.20   67.44   82.96
01:47:48 68.68   110.08   67.44   83.08
01:48:52 68.00   106.92   67.44   82.85
01:49:55 67.55   108.50   67.44   82.85
01:50:58 67.21   107.49   67.44   82.74
01:52:02 66.99   106.36   67.44   82.74
01:53:05 66.88   103.78   67.44   82.74
01:54:08 66.76   102.20   67.44   82.62
01:55:12 66.65   99.95   67.44   82.62
01:56:15 66.54   98.60   67.44   82.51
01:57:18 66.54   97.48   67.44   82.29
01:58:22 66.43   96.69   67.44   82.40
01:59:25 66.43   95.11   67.44   82.29
02:00:28 66.31   94.21   67.33   82.29
02:01:32 66.31   92.53   67.33   82.29
02:02:35 66.20   94.33   67.33   82.18
02:03:38 68.22   127.96   67.33   82.29
02:04:41 69.12   146.19   67.44   82.62
02:05:44 69.69   143.49   67.55   83.53
02:06:47 70.03   116.94   67.66   83.97
02:07:51 69.46   112.10   67.66   83.97
02:08:54 68.56   110.98   67.66   83.75
02:09:57 68.00   111.65   67.66   83.64
02:11:01 67.66   110.53   67.66   83.53
02:12:04 67.33   108.16   67.78   83.53
02:13:07 67.10   106.70   67.78   83.41
02:14:11 66.99   105.35   67.66   83.41
02:15:14 66.88   103.44   67.66   83.30
02:16:17 66.76   101.41   67.66   83.19
02:17:21 66.65   100.06   67.66   82.96
02:18:24 66.54   98.94   67.66   82.85
02:19:27 66.54   97.14   67.66   82.85
02:20:31 67.66   117.61   67.66   82.85
02:21:34 69.12   140.79   67.66   83.08
02:22:36 69.80   151.93   67.78   84.20
02:23:39 70.14   133.70   67.89   84.65
02:24:43 70.25   112.89   67.89   84.76
02:25:46 69.35   112.55   68.00   84.76
02:26:49 68.56   110.86   68.00   84.54
02:27:53 68.00   108.84   68.00   84.43
02:28:56 67.66   107.26   68.00   84.31
02:29:59 67.33   108.16   68.00   84.20
02:31:03 67.10   106.70   68.00   83.97
02:32:06 66.99   104.56   68.00   83.97
02:33:09 66.88   103.33   68.00   83.97
02:34:13 66.76   102.54   67.89   83.86
02:35:16 66.76   100.51   68.00   83.75
02:36:19 66.65   98.83   67.89   83.75
02:37:23 66.54   100.06   67.89   83.64
02:38:26 68.68   129.65   67.89   83.86
02:39:29 69.58   146.19   68.00   84.31
02:40:32 70.03   146.64   68.11   85.10
02:41:35 70.36   120.09   68.11   85.66
02:42:38 69.91   112.89   68.11   85.66
02:43:41 68.90   112.66   68.22   85.44
02:44:45 68.34   110.64   68.22   85.21
02:45:48 67.89   111.42   68.22   84.99
02:46:51 67.55   109.85   68.22   84.99
02:47:55 67.33   108.50   68.11   84.88
02:48:58 67.10   106.70   68.11   84.76
02:50:01 66.99   105.24   68.22   84.54
02:51:05 66.88   103.44   68.22   84.54
02:52:08 66.88   101.41   68.11   84.43
02:53:11 66.76   99.73   68.11   84.43
02:54:15 66.65   98.60   68.11   84.43
02:55:18 68.00   119.86   68.00   84.54
02:56:21 69.35   141.57   68.11   84.88
02:57:24 69.91   150.24   68.22   85.55
02:58:27 70.25   127.40   68.22   86.00
02:59:30 70.25   112.44   68.22   86.11
03:00:33 69.24   112.55   68.34   86.00
03:01:37 68.56   111.20   68.34   85.89
03:02:40 68.11   108.50   68.34   85.66
03:03:44 67.78   109.06   68.34   85.55
03:04:47 67.44   108.39   68.34   85.33
03:05:50 67.33   107.38   68.34   85.33
03:06:54 67.10   105.58   68.34   85.21
03:07:57 67.10   103.21   68.34   85.21
03:09:00 66.99   101.53   68.22   84.99
03:10:04 66.88   100.51   68.22   84.99
03:11:07 66.76   98.94   68.34   84.99
03:12:10 66.76   97.48   68.22   84.99
03:13:14 66.65   99.05   68.22   84.88
03:14:17 68.79   129.43   68.22   84.88
03:15:20 69.58   146.53   68.22   85.44
03:16:23 70.14   144.05   68.34   86.11
03:17:26 70.47   117.73   68.34   86.45
03:18:29 69.80   112.55   68.45   86.56
03:19:32 69.01   112.21   68.45   86.34
03:20:36 68.34   110.30   68.45   86.11
03:21:39 67.89   110.98   68.45   86.00
03:22:42 67.66   110.41   68.45   85.89
03:23:46 67.44   108.28   68.45   85.78
03:24:49 67.21   106.92   68.45   85.66
03:25:52 67.10   105.01   68.34   85.55
03:26:56 66.99   103.33   68.34   85.44
03:27:59 66.88   100.96   68.34   85.44
03:29:02 66.88   100.17   68.34   85.33
03:30:06 66.76   98.71   68.34   85.21
03:31:09 66.65   97.59   68.34   85.21
03:32:12 66.65   96.58   68.34   85.21
03:33:16 66.54   95.00   68.22   85.21
03:34:19 66.54   94.33   68.34   85.10
03:35:22 66.54   93.43   68.22   84.99
03:36:26 66.43   92.64   68.22   84.88
03:37:29 66.43   91.96   68.22   84.88
03:38:33 66.43   90.95   68.22   84.76
03:39:36 66.31   93.99   68.22   84.76
03:40:39 68.45   129.54   68.22   84.88
03:41:42 69.35   147.43   68.22   85.33
03:42:45 69.80   138.43   68.22   86.11
03:43:48 70.14   113.67   68.34   86.45
03:44:51 69.35   112.10   68.34   86.34
03:45:55 68.56   110.64   68.45   86.22
03:46:58 68.00   111.54   68.45   86.00
03:48:01 67.66   110.41   68.45   85.78
03:49:05 67.33   108.50   68.34   85.66
03:50:08 67.21   107.04   68.34   85.55
03:51:11 66.99   105.01   68.34   85.44
03:52:15 66.88   103.21   68.34   85.44
03:53:18 66.76   102.31   68.34   85.44
03:54:21 66.76   100.62   68.34   85.44
03:55:25 66.65   98.94   68.34   85.33
03:56:28 66.65   97.70   68.22   85.21
03:57:31 66.54   96.58   68.22   85.21
03:58:35 66.54   95.56   68.22   85.10
03:59:38 66.43   94.66   68.22   85.10
04:00:42 66.43   93.65   68.22   85.10
04:01:45 66.31   92.53   68.22   85.10
04:02:48 66.31   91.85   68.22   84.99
04:03:52 66.31   91.06   68.11   84.99
04:04:55 66.31   90.28   68.11   84.99
04:05:58 66.99   106.59   68.11   84.99
04:07:01 68.79   139.44   68.11   84.99
04:08:04 69.46   148.10   68.11   85.66
04:09:07 69.80   124.14   68.22   86.22
04:10:10 69.69   112.55   68.34   86.34
04:11:14 68.79   112.44   68.34   86.22
04:12:17 68.11   109.62   68.34   86.11
04:13:20 67.66   108.73   68.34   86.00
04:14:24 67.44   109.06   68.34   85.89
04:15:27 67.21   107.26   68.34   85.89
04:16:30 66.99   106.48   68.34   85.66
04:17:34 66.88   104.23   68.34   85.55
04:18:37 66.76   102.31   68.34   85.44
04:19:41 66.76   101.30   68.22   85.33
04:20:44 66.65   99.95   68.22   85.33
04:21:47 66.54   98.83   68.22   85.21
04:22:51 66.54   97.70   68.22   85.21
04:23:54 66.43   96.01   68.22   85.21
04:24:57 66.43   94.44   68.11   85.21
04:26:01 66.31   93.65   68.11   84.99
04:27:04 66.31   92.53   68.11   84.99
04:28:07 66.31   92.86   68.11   84.88
04:29:11 67.66   118.29   68.11   84.88
04:30:14 69.01   142.93   68.11   85.21
04:31:16 69.46   144.84   68.22   86.00
04:32:19 69.91   119.08   68.22   86.56
04:33:23 69.46   112.10   68.22   86.56
04:34:26 68.68   111.42   68.34   86.45
04:35:29 68.00   112.89   68.22   86.22
04:36:33 67.66   110.86   68.22   86.00
04:37:36 67.33   109.29   68.22   85.78
04:38:40 67.10   107.49   68.22   85.78
04:39:43 66.99   105.91   68.22   85.66
04:40:46 66.88   104.45   68.22   85.66
04:41:50 66.76   102.76   68.22   85.55
04:42:53 66.65   101.19   68.22   85.44
04:43:56 66.54   99.28   68.22   85.33
04:45:00 66.54   97.92   68.22   85.21
04:46:03 66.43   96.80   68.22   85.21
04:47:06 66.43   95.45   68.11   85.10
04:48:10 66.43   94.78   68.11   85.10
04:49:13 66.31   93.76   68.11   84.99
04:50:16 66.31   92.86   68.11   84.88
04:51:20 66.31   93.76   68.11   84.88
04:52:23 68.11   125.15   68.11   84.99
04:53:26 69.01   145.29   68.11   85.33
04:54:29 69.58   140.34   68.22   86.11
04:55:32 69.91   114.46   68.22   86.45
04:56:35 69.24   111.76   68.34   86.45
04:57:38 68.45   111.20   68.34   86.22
04:58:42 67.89   108.16   68.22   86.00
04:59:45 67.44   110.08   68.22   85.89
05:00:49 67.21   108.84   68.22   85.78
05:01:52 66.99   106.70   68.22   85.78
05:02:55 66.88   104.79   68.22   85.66
05:03:59 66.76   103.44   68.22   85.66
05:05:02 66.65   101.86   68.22   85.55
05:06:05 66.65   101.08   68.22   85.55
05:07:09 66.54   99.28   68.11   85.44
05:08:12 66.43   97.81   68.11   85.44
05:09:15 66.43   96.58   68.11   85.21
05:10:19 66.43   95.22   68.11   85.10
05:11:22 66.31   95.56   68.00   85.10
05:12:25 68.11   125.83   68.11   85.21
05:13:28 69.01   145.06   68.11   85.55
05:14:31 69.58   143.82   68.22   86.34
05:15:34 69.91   117.84   68.22   86.68
05:16:37 69.46   112.44   68.22   86.79
05:17:41 68.56   111.76   68.34   86.56
05:18:44 68.00   111.42   68.34   86.45
05:19:47 67.55   110.98   68.34   86.22
05:20:51 67.33   109.51   68.34   86.11
05:21:54 67.10   107.26   68.34   85.89
05:22:57 66.88   106.25   68.22   85.89
05:24:01 66.76   104.45   68.22   85.78
05:25:04 66.65   102.65   68.22   85.66
05:26:07 66.65   100.62   68.22   85.55
05:27:11 66.54   99.84   68.22   85.55
05:28:14 66.54   98.94   68.22   85.44
05:29:18 66.43   97.48   68.22   85.33
05:30:21 66.31   95.90   68.11   85.21
05:31:24 66.31   97.14   68.11   85.10
05:32:27 68.22   128.30   68.11   85.10
05:33:30 69.24   146.30   68.22   85.66
05:34:33 69.58   155.07   68.22   86.56
05:35:36 70.03   150.24   68.34   87.01
05:36:39 70.36   145.85   68.34   87.46
05:37:42 70.70   154.06   68.45   88.03
05:38:45 70.93   159.12   68.56   88.59
05:39:48 71.15   144.95   68.68   88.93
05:40:51 71.38   125.83   68.68   89.15
05:41:54 71.04   113.67   68.79   88.93
05:42:57 69.91   114.69   68.79   88.47
05:44:01 69.01   113.45   68.90   88.14
05:45:04 68.45   115.36   68.79   87.80
05:46:07 69.46   127.40   68.90   87.80
05:47:10 70.36   143.15   68.90   88.14
05:48:13 70.81   153.61   68.90   88.81
05:49:16 71.04   155.53   68.90   89.26
05:50:19 71.26   135.50   69.01   89.71
05:51:22 71.38   114.01   69.12   89.83
05:52:25 70.47   114.12   69.12   89.38
05:53:29 69.35   114.58   69.12   89.04
05:54:32 68.68   113.23   69.12   88.81
05:55:35 68.22   112.55   69.12   88.59
05:56:38 70.14   134.04   69.12   88.70
05:57:41 70.81   148.10   69.24   89.15
05:58:44 71.04   157.10   69.24   89.83
05:59:47 71.38   143.82   69.24   90.28
06:00:50 71.49   116.71   69.35   90.39
06:01:53 70.70   114.69   69.46   90.16
06:02:57 69.69   114.80   69.46   89.83
06:04:00 68.90   114.69   69.46   89.38
06:05:03 68.45   115.14   69.46   89.15
06:06:07 68.34   118.62   69.35   89.04
06:07:10 70.36   136.96   69.35   89.26
06:08:13 70.93   149.90   69.46   89.71
06:09:16 71.15   158.11   69.46   90.50
06:10:19 71.49   141.35   69.46   90.84
06:11:22 71.60   114.91   69.58   90.95
06:12:25 70.59   114.58   69.69   90.72
06:13:28 69.58   116.04   69.69   90.39
06:14:32 68.90   113.11   69.69   90.16
06:15:35 68.45   114.80   69.69   89.94
06:16:38 68.11   114.46   69.58   89.83
06:17:41 70.03   130.44   69.69   89.71
06:18:44 70.81   145.51   69.58   90.16
06:19:47 71.15   155.64   69.69   90.84
06:20:50 71.49   143.71   69.69   91.29
06:21:53 71.60   120.20   69.80   91.40
06:22:57 70.47   119.75   69.80   91.29
06:24:00 69.46   118.17   69.80   90.95
06:25:03 68.79   120.54   69.80   90.61
06:26:07 68.45   119.19   69.80   90.39
06:27:10 68.00   117.50   69.80   90.16
06:28:13 67.78   115.03   69.80   89.94
06:29:17 67.55   113.23   69.80   89.94
06:30:20 68.45   119.98   69.69   89.83
06:31:23 70.25   137.75   69.80   90.05
06:32:26 70.81   150.35   69.80   90.61
06:33:29 71.26   148.78   69.80   91.18
06:34:32 71.49   121.55   69.91   91.40
06:35:35 70.59   118.96   69.91   91.40
06:36:38 69.58   118.62   69.91   91.06
06:37:42 68.79   119.64   69.91   90.84
06:38:45 68.45   118.62   69.91   90.50
06:39:48 68.11   116.83   69.91   90.39
06:40:52 67.78   114.80   69.91   90.16
06:41:55 67.55   112.33   69.91   89.94
06:42:58 67.44   110.41   69.80   89.83
06:44:02 67.33   109.06   69.80   89.71
06:45:05 67.21   106.59   69.80   89.60
06:46:08 67.10   105.35   69.69   89.49
06:47:12 66.99   103.33   69.69   89.38
06:48:15 66.99   102.20   69.69   89.38
06:49:19 66.99   107.15   69.69   89.26
06:50:22 69.69   136.85   69.69   89.38
06:51:24 70.47   150.57   69.69   89.94
06:52:27 70.81   134.15   69.69   90.50
06:53:31 70.81   117.61   69.69   90.84
06:54:34 69.69   117.84   69.69   90.50
06:55:37 68.90   115.14   69.80   90.28
06:56:41 68.34   113.90   69.80   90.05
06:57:44 68.00   113.79   69.69   89.94
06:58:47 67.66   112.89   69.69   89.71
06:59:51 67.44   111.42   69.69   89.71
07:00:54 67.33   109.29   69.69   89.49
07:01:57 67.10   107.49   69.69   89.38
07:03:01 67.10   106.25   69.58   89.15
07:04:04 66.99   104.34   69.58   89.04
07:05:07 66.88   102.76   69.58   88.93
07:06:11 66.88   101.53   69.58   88.93
07:07:14 66.76   100.17   69.58   88.81
07:08:17 66.76   99.28   69.58   88.70
07:09:21 66.65   98.04   69.46   88.59
07:10:24 66.65   97.03   69.46   88.47
07:11:27 66.65   95.90   69.35   88.36
07:12:31 66.65   95.34   69.35   88.25
07:13:34 66.54   94.44   69.35   88.14
07:14:37 66.54   92.86   69.35   88.14
07:15:41 66.54   92.41   69.24   88.03
07:16:44 66.43   91.96   69.24   87.91
07:17:47 66.43   91.18   69.24   87.91
07:18:51 66.43   90.72   69.24   87.80
07:19:54 66.31   90.39   69.12   87.69
07:20:57 66.43   89.94   69.12   87.58
07:22:01 66.31   89.15   69.12   87.46
07:23:04 66.31   88.93   69.12   87.46
07:24:08 66.31   88.36   69.12   87.24
07:25:11 66.31   89.38   69.01   87.24
07:26:14 67.89   116.26   69.01   87.24
07:27:17 69.24   144.50   69.01   87.58
07:28:20 69.80   140.11   69.12   88.25
07:29:23 70.36   114.35   69.12   88.59
07:30:26 69.69   111.76   69.12   88.59
07:31:30 68.79   110.98   69.24   88.47
07:32:33 68.11   109.29   69.12   88.25
07:33:37 67.66   109.96   69.12   88.03
07:34:40 67.44   108.50   69.12   87.91
07:35:43 67.21   107.71   69.12   87.80
07:36:47 66.99   105.91   69.12   87.69
07:37:50 66.99   103.89   69.01   87.58
07:38:53 66.76   102.88   69.01   87.46
07:39:57 66.76   101.41   69.01   87.24
07:41:00 66.65   99.73   69.01   87.12
07:42:03 66.65   99.28   69.01   87.12
07:43:07 66.54   97.92   69.01   86.90
07:44:10 66.54   96.80   69.01   87.01
07:45:13 66.43   95.34   68.90   86.90
07:46:17 66.43   94.44   68.90   86.79
07:47:20 66.31   93.65   68.90   86.68
07:48:23 66.31   92.86   68.90   86.68
07:49:27 66.31   92.19   68.79   86.56
07:50:30 66.31   91.29   68.79   86.45
07:51:33 66.20   90.72   68.79   86.34
07:52:37 66.20   89.71   68.79   86.22
07:53:40 66.20   94.66   68.79   86.22
07:54:43 68.68   134.15   68.79   86.45
07:55:46 69.46   150.12   68.90   87.01
07:56:49 69.91   133.25   68.90   87.69
07:57:52 70.14   112.44   68.90   88.03
07:58:56 69.12   112.21   68.90   87.91
07:59:59 68.34   110.86   69.01   87.58
08:01:02 67.89   108.73   68.90   87.35
08:02:06 67.55   106.59   68.90   87.12
08:03:09 67.21   108.28   68.90   87.01
08:04:12 67.10   106.92   68.90   86.79
08:05:16 66.88   105.46   68.90   86.79
08:06:19 66.76   103.44   68.90   86.79
08:07:22 66.76   102.20   68.79   86.68
08:08:26 66.65   101.08   68.79   86.68
08:09:29 66.54   99.95   68.79   86.56
08:10:32 66.54   98.26   68.79   86.34
08:11:36 66.43   97.03   68.79   86.22
08:12:39 66.31   96.24   68.79   86.22
08:13:42 66.31   102.20   68.79   86.34
08:14:45 68.90   136.85   68.79   86.34
08:15:48 69.69   150.91   68.79   86.90
08:16:51 70.14   137.41   68.90   87.58
08:17:54 70.36   113.56   68.90   88.03
08:18:58 69.46   112.66   68.90   88.03
08:20:01 68.68   112.33   68.90   87.69
08:21:04 68.00   111.20   69.01   87.46
08:22:08 67.66   108.39   68.90   87.35
08:23:11 67.44   109.06   68.90   87.12
08:24:14 67.10   107.83   68.90   87.01
08:25:18 66.99   106.03   68.90   86.90
08:26:21 66.88   104.79   68.90   86.90
08:27:25 66.76   103.10   68.90   86.79
08:28:28 66.65   101.75   68.79   86.56
08:29:31 66.65   99.73   68.79   86.56
08:30:35 66.54   99.16   68.79   86.56
08:31:38 66.54   103.66   68.79   86.45
08:32:41 69.01   136.29   68.90   86.56
08:33:44 69.69   150.24   68.90   87.24
08:34:47 70.25   136.96   68.90   87.80
08:35:50 70.47   113.90   69.01   88.14
08:36:53 69.46   113.11   69.01   88.03
08:37:57 68.68   111.99   69.01   87.69
08:39:00 68.11   112.78   69.01   87.46
08:40:03 67.66   111.88   69.01   87.24
08:41:07 67.44   110.08   68.90   87.12
08:42:10 67.21   109.06   68.90   87.12
08:43:13 66.99   107.15   68.90   87.01
08:44:17 66.88   105.24   68.90   86.90
08:45:20 66.76   104.00   68.90   86.79
08:46:23 66.65   101.86   68.90   86.68
08:47:27 66.65   100.74   68.90   86.56
08:48:30 66.54   99.39   68.90   86.56
08:49:33 66.88   107.71   68.90   86.45
08:50:36 69.12   137.75   68.90   86.68
08:51:39 69.80   151.03   68.90   87.35
08:52:42 70.25   144.95   68.90   88.03
08:53:45 70.70   117.61   69.01   88.36
08:54:49 70.03   113.23   69.12   88.25
08:55:52 69.01   114.35   69.01   87.91
08:56:55 68.34   114.91   69.01   87.69
08:57:59 67.89   113.11   69.01   87.46
08:59:02 67.55   111.31   69.01   87.35
09:00:05 67.33   109.74   69.01   87.24
09:01:09 67.10   108.28   69.01   104.00
09:02:12 66.99   106.03   69.01   107.04
09:03:15 66.88   104.34   69.01   107.83
09:04:19 66.76   103.21   69.01   108.16
09:05:22 66.65   101.30   68.90   107.94
09:06:25 66.65   100.62   68.90   109.06
09:07:29 66.54   99.16   68.90   109.51
09:08:32 68.11   119.19   68.90   110.08
09:09:35 69.58   142.48   68.90   110.75
09:10:38 70.14   148.55   69.01   111.09
09:11:41 70.59   124.03   69.01   111.09
09:12:44 70.25   112.55   69.12   110.64
09:13:48 69.35   113.00   69.12   109.85
09:14:51 68.56   111.09   69.12   108.95
09:15:54 68.11   108.95   69.12   109.62
09:16:58 67.78   110.19   69.01   112.10
09:18:01 67.55   109.06   69.12   111.76
09:19:04 67.33   107.26   69.01   110.86
09:20:08 67.21   106.14   69.01   110.08
09:21:11 67.10   104.45   68.90   109.29
09:22:14 66.99   103.10   68.90   108.50
09:23:18 66.88   101.30   68.90   107.71
09:24:21 66.76   99.84   68.90   106.81
09:25:24 66.76   98.83   68.79   106.03
09:26:28 66.65   97.48   68.79   105.35
09:27:31 66.54   96.24   68.79   104.67
09:28:34 66.54   95.45   68.79   107.83
09:29:38 66.54   94.66   68.79   113.23
09:30:41 66.54   93.31   68.79   113.23
09:31:44 66.43   99.73   68.79   114.58
09:32:48 69.24   136.85   68.79   114.35
09:33:50 69.91   148.55   68.90   114.91
09:34:53 70.47   125.94   68.90   115.03
09:35:57 70.25   112.55   69.01   114.12
09:37:00 69.24   112.44   68.90   112.89
09:38:03 68.45   110.41   69.01   111.65
09:39:07 68.00   109.51   68.90   110.64
09:40:10 67.66   110.19   68.90   109.62
09:41:13 67.44   109.17   68.90   108.61
09:42:17 67.21   106.81   69.01   107.71
09:43:20 66.99   105.58   68.90   106.92
09:44:23 66.88   103.66   68.90   106.14
09:45:27 66.76   102.76   68.90   105.35
09:46:30 66.65   100.74   68.79   104.67
09:47:33 66.65   99.39   68.90   104.00
09:48:37 66.54   98.38   68.79   103.33
09:49:40 66.54   96.91   68.79   102.76
09:50:43 66.43   96.12   68.79   102.09
09:51:47 66.43   95.22   68.79   101.53
09:52:50 66.43   94.66   68.68   100.96
09:53:53 66.31   93.88   68.68   100.51
09:54:57 66.31   92.86   68.79   100.06
09:56:00 66.31   91.96   68.68   99.50
09:57:04 66.31   91.29   68.68   99.05
09:58:07 66.20   90.61   68.68   98.60
09:59:10 66.20   90.39   68.68   98.15
10:00:14 66.20   90.16   68.56   97.70
10:01:17 66.20   89.71   68.68   97.36
10:02:20 66.20   89.15   68.56   96.80
10:03:24 66.20   88.70   68.56   96.35
10:04:27 66.09   88.14   68.56   101.19
10:05:30 66.09   88.25   68.56   110.08
10:06:34 66.09   87.91   68.45   110.98
10:07:37 66.09   87.58   68.45   111.09
10:08:40 66.09   87.24   68.45   111.31
10:09:44 66.09   86.90   68.45   111.65
10:10:47 66.09   86.79   68.45   111.65
10:11:50 65.97   86.68   68.45   111.54
10:12:54 65.97   86.45   68.34   111.31
10:13:57 66.09   86.11   68.34   110.75
10:15:00 65.97   86.34   68.45   110.19
10:16:04 66.09   85.78   68.34   109.51
10:17:07 65.97   85.78   68.34   109.74
10:18:10 65.97   85.44   68.34   112.21
10:19:14 65.97   85.21   68.34   112.78
10:20:17 65.97   85.10   68.34   112.33
10:21:20 65.97   84.99   68.34   111.65
10:22:24 65.97   84.88   68.34   110.98
10:23:27 65.97   84.88   68.34   110.86
10:24:30 65.97   84.99   68.22   112.78
10:25:34 65.97   84.76   68.22   111.99
10:26:37 65.97   84.43   68.22   111.20
10:27:40 65.97   84.43   68.22   110.30
10:28:44 65.97   84.20   68.22   109.51
10:29:47 65.97   84.31   68.11   108.61
10:30:51 65.97   84.43   68.11   107.94
10:31:54 65.97   84.09   68.11   107.15
10:32:57 65.97   83.97   68.00   106.36
10:34:01 65.97   84.09   68.00   105.69
10:35:04 65.97   83.86   68.00   105.01
10:36:07 65.97   83.75   68.00   104.45
10:37:11 65.97   83.75   68.00   104.00
10:38:14 65.97   83.64   67.89   103.33
10:39:17 65.97   83.75   67.89   102.65
10:40:21 65.97   83.64   67.89   102.09
10:41:24 65.97   83.30   67.89   101.64
10:42:27 65.97   83.53   67.89   101.19
10:43:31 65.97   83.53   67.89   100.74
10:44:34 65.86   83.41   67.78   100.17
10:45:37 65.86   83.41   67.78   99.73
10:46:41 65.86   83.19   67.78   99.16
10:47:44 65.86   82.96   67.78   98.71
10:48:47 65.86   82.85   67.78   98.38
10:49:51 65.86   82.85   67.89   98.04
10:50:54 65.75   82.85   67.78   97.70
10:51:57 65.86   82.96   67.78   97.25
10:53:01 65.86   82.85   67.66   96.91
10:54:04 65.75   82.85   67.78   96.46
10:55:07 65.75   82.40   67.78   96.12
10:56:11 65.75   82.40   67.66   95.79
10:57:14 65.75   82.62   67.66   95.34
10:58:17 65.75   82.40   67.66   94.89
10:59:21 65.75   82.62   67.55   94.66
11:00:24 65.75   82.62   67.55   94.33
11:01:27 65.75   82.51   67.66   93.99
11:02:31 65.75   82.40   67.66   93.65
11:03:34 65.75   82.40   67.66   93.31
11:04:37 65.75   82.18   67.55   93.09
11:05:41 65.75   82.06   67.55   92.86
11:06:44 65.75   82.29   67.55   92.53
11:07:48 65.64   82.18   67.66   92.30
11:08:51 65.64   82.29   67.66   91.96
11:09:54 65.64   82.40   67.55   91.74
11:10:58 65.64   82.40   67.55   91.51
11:12:01 65.64   82.18   67.55   91.40
11:13:04 65.64   82.29   67.55   91.06
11:14:08 65.64   82.29   67.44   90.84
11:15:11 65.64   82.18   67.55   90.61
11:16:14 65.64   81.72   67.44   90.39
11:17:18 65.64   81.95   67.44   90.28
11:18:21 65.64   81.72   67.44   90.05
11:19:24 65.64   81.84   67.44   89.94
11:20:28 65.53   81.95   67.33   89.71
11:21:31 65.64   81.84   67.33   89.49
11:22:34 65.53   81.84   67.44   89.15
11:23:38 65.64   81.95   67.44   88.93
11:24:41 65.64   81.61   67.33   88.81
11:25:44 65.64   82.06   67.33   88.70
11:26:48 65.53   81.84   67.33   88.47
11:27:51 65.53   81.84   67.33   88.36
11:28:54 65.53   81.61   67.33   88.25
11:29:58 65.53   81.61   67.33   88.03
11:31:01 65.53   81.61   67.33   87.91
11:32:04 65.53   81.61   67.33   87.69
11:33:08 65.53   81.39   67.21   87.58
11:34:11 65.53   81.61   67.33   87.58
11:35:14 65.53   81.39   67.33   87.35
11:36:18 65.53   81.28   67.21   87.24
11:37:21 65.53   81.50   67.33   87.12
11:38:24 65.53   81.50   67.33   86.90
11:39:28 65.41   81.39   67.21   86.68
11:40:31 65.53   81.61   67.21   86.45
11:41:35 65.41   81.50   67.21   86.34
11:42:38 65.41   81.39   67.21   86.34
11:43:41 65.41   81.16   67.21   86.34
11:44:45 65.41   81.28   67.21   86.11
11:45:48 65.41   81.39   67.10   86.00
11:46:51 65.41   81.28   67.10   86.00
11:47:55 65.41   81.16   67.21   85.78
11:48:58 65.41   81.28   67.10   85.78
11:50:01 65.41   81.28   67.10   85.66
11:51:05 65.41   81.28   67.10   85.66
11:52:08 65.41   81.50   66.99   85.55
11:53:11 65.41   81.28   67.10   85.44
11:54:15 65.41   81.05   67.10   85.44
11:55:18 65.41   81.05   66.99   85.33
11:56:21 65.41   80.94   66.99   85.21
11:57:25 65.30   81.16   67.10   85.10
11:58:28 65.41   81.05   66.99   84.99
11:59:31 65.41   81.28   66.99   84.88
12:00:35 65.41   80.94   66.99   84.65
12:01:38 65.30   80.71   66.99   84.65
12:02:41 65.30   80.71   66.99   84.54
12:03:45 65.30   80.83   66.99   84.43
12:04:48 65.30   80.94   66.99   84.43
12:05:51 65.30   80.94   66.99   84.43
12:06:55 65.30   80.94   66.88   84.31
12:07:58 65.30   81.28   66.88   84.31
12:09:01 65.30   80.94   66.88   84.09
12:10:05 65.30   80.94   66.88   83.97
12:11:08 65.30   80.94   66.88   83.86
12:12:11 65.30   80.94   66.88   83.75
12:13:15 65.30   80.71   66.88   83.75
12:14:18 65.30   80.71   66.88   83.75
12:15:22 65.30   80.94   66.88   83.64
12:16:25 65.30   80.71   66.88   83.64
12:17:28 65.30   80.71   66.76   83.53
12:18:32 65.30   80.71   66.88   83.41
12:19:35 65.30   80.71   66.88   83.41
12:20:38 65.30   80.49   66.76   83.30
12:21:42 65.30   80.38   66.76   83.19
12:22:45 65.30   86.90   66.88   83.19
12:23:48 67.89   131.56   66.88   83.30
12:24:51 69.01   146.07   66.88   83.86
12:25:54 69.46   122.56   66.88   84.43
12:26:57 69.35   110.86   66.99   84.76
12:28:01 68.22   109.40   66.99   84.76
12:29:04 67.55   106.48   66.99   84.65
12:30:07 67.10   105.24   66.99   84.43
12:31:11 66.76   106.70   66.99   84.31
12:32:14 66.54   105.46   67.10   84.20
12:33:17 66.31   104.56   67.10   84.20
12:34:21 66.20   102.31   66.99   83.97
12:35:24 66.09   100.85   67.10   83.86
12:36:27 65.97   98.94   66.99   83.97
12:37:31 65.97   98.38   67.10   83.97
12:38:34 65.86   96.91   67.10   83.97
12:39:37 65.86   95.56   66.99   83.86
12:40:41 65.86   94.66   66.99   83.75
12:41:44 65.75   93.31   67.10   83.75
12:42:47 65.75   92.64   67.10   83.64
12:43:51 65.75   91.40   66.99   83.64
12:44:54 65.75   90.61   66.99   83.64
12:45:57 65.64   90.39   66.99   83.64
12:47:01 65.64   89.49   66.99   83.53
12:48:04 65.64   88.47   66.99   83.64
12:49:08 65.64   87.91   66.99   83.53
12:50:11 65.53   87.58   66.99   83.41
12:51:14 65.53   86.90   66.99   83.30
12:52:18 65.53   86.56   66.99   83.19
12:53:21 65.53   85.89   66.99   83.19
12:54:24 65.53   85.66   66.99   83.19
12:55:28 65.53   85.66   66.99   83.19
12:56:31 65.53   85.44   66.99   83.08
12:57:34 65.53   85.10   66.99   83.08
12:58:38 65.53   84.88   66.88   82.96
12:59:41 65.41   84.65   66.88   82.96
13:00:44 65.41   84.43   66.88   82.85
13:01:48 65.41   83.97   66.99   82.96
13:02:51 65.41   83.86   66.88   82.85
13:03:54 65.41   83.64   66.88   82.85
13:04:58 65.41   83.41   66.88   82.96
13:06:01 65.41   83.30   66.88   83.08
13:07:04 65.41   83.19   66.88   82.96
13:08:08 65.41   83.08   66.88   82.85
13:09:11 65.41   82.85   66.88   82.85
13:10:14 65.41   82.85   66.88   82.85
13:11:18 65.41   82.62   66.88   82.85
13:12:21 65.41   82.51   66.88   82.85
13:13:24 65.30   82.40   66.88   82.62
13:14:28 65.30   82.18   66.88   82.51
13:15:31 65.41   82.29   66.88   82.51
13:16:34 65.41   82.40   66.88   82.62
13:17:38 65.30   82.06   66.88   82.51
13:18:41 65.30   81.72   66.88   82.29
13:19:44 65.30   81.95   66.76   82.29
13:20:48 65.41   89.15   66.76   82.29
13:21:51 68.22   133.70   66.76   82.51
13:22:54 69.12   145.51   66.88   83.08
13:23:57 69.80   121.55   66.88   83.75
13:25:00 69.58   111.09   66.99   83.75
13:26:04 68.34   110.41   66.99   83.64
13:27:07 67.66   111.31   66.99   83.75
13:28:10 67.21   109.74   66.99   83.64
13:29:14 66.76   108.16   66.99   83.53
13:30:17 66.54   106.36   66.99   83.53
13:31:20 66.43   104.56   66.99   83.53
13:32:24 66.31   102.65   66.99   83.53
13:33:27 66.20   101.08   67.10   83.53
13:34:30 66.09   99.73   67.10   83.53
13:35:34 65.97   98.71   67.10   83.30
13:36:37 65.97   97.59   67.10   83.19
13:37:40 65.86   96.12   66.99   83.30
13:38:44 65.86   94.66   67.10   83.19
13:39:47 65.75   93.76   66.99   83.19
13:40:50 65.75   92.75   67.10   83.19
13:41:54 65.75   91.74   66.99   83.08
13:42:57 65.75   90.84   66.99   82.96
13:44:00 65.75   90.39   66.99   83.08
13:45:04 65.64   89.94   66.99   83.08
13:46:07 65.64   89.49   66.99   83.08
13:47:10 65.64   88.59   66.99   83.08
13:48:14 65.64   88.14   66.99   82.96
13:49:17 65.64   87.69   66.99   82.96
13:50:20 65.53   87.24   66.99   82.96
13:51:24 65.53   86.90   66.99   82.85
13:52:27 65.53   86.56   66.99   82.85
13:53:30 65.53   86.11   66.99   82.74
13:54:34 65.53   85.66   66.88   82.74
13:55:37 65.53   85.55   66.88   82.74
13:56:40 65.53   85.21   66.88   82.62
13:57:44 65.41   85.10   66.88   82.74
13:58:47 65.53   84.65   66.99   82.74
13:59:51 65.41   84.43   66.88   82.62
14:00:54 65.41   84.09   66.88   82.40
14:01:57 65.53   84.20   66.88   82.40
14:03:01 65.41   83.75   66.99   82.40
14:04:04 65.41   83.86   66.99   82.29
14:05:07 65.41   83.53   66.88   82.29
14:06:11 65.41   83.19   66.88   82.29
14:07:14 65.41   83.19   66.88   82.40
14:08:17 65.41   82.85   66.88   82.29
14:09:21 65.41   82.96   66.88   89.49
14:10:24 65.41   82.74   66.88   107.83
14:11:27 65.41   82.62   66.88   108.50
14:12:31 65.41   82.62   66.76   106.59
14:13:34 65.41   82.51   66.76   104.79
14:14:37 65.41   82.29   66.76   103.10
14:15:41 65.41   82.40   66.76   101.53
14:16:44 65.41   82.29   66.76   100.17
14:17:47 65.41   82.51   66.76   99.16
14:18:51 65.41   82.29   66.88   98.15
14:19:54 65.41   82.40   66.76   97.25
14:20:57 65.30   81.95   66.88   96.46
14:22:01 65.41   82.18   66.88   95.56
14:23:04 65.41   81.84   66.76   95.00
14:24:07 65.41   82.29   66.76   94.44
14:25:11 65.41   81.95   66.76   93.76
14:26:14 65.41   81.95   66.76   93.43
14:27:17 65.30   81.95   66.76   92.97
14:28:21 65.30   81.61   66.76   92.53
14:29:24 65.30   81.61   66.76   92.08
14:30:27 65.30   81.50   66.76   91.62
14:31:31 65.30   81.72   66.76   91.29
14:32:34 65.30   81.61   66.76   90.84
14:33:38 65.30   81.61   66.76   90.61
14:34:41 65.30   81.61   66.76   90.28
14:35:44 65.30   81.61   66.65   90.05
14:36:48 65.30   81.84   66.76   89.71
14:37:51 65.30   81.72   66.76   89.38
14:38:54 65.30   81.84   66.76   89.04
14:39:58 65.30   81.72   66.76   88.81
14:41:01 65.30   81.61   66.76   88.59
14:42:04 65.30   81.61   66.65   88.36
14:43:08 65.30   81.28   66.76   88.14
14:44:11 65.30   81.28   66.65   87.91
14:45:14 65.30   81.61   66.76   87.69
14:46:18 65.30   81.50   66.76   87.58
14:47:21 65.30   81.28   66.88   87.24
14:48:24 65.30   81.28   66.88   87.01
14:49:28 65.30   81.39   66.88   86.90
14:50:31 65.30   81.28   66.99   86.90
14:51:34 65.30   81.39   67.10   86.68
14:52:38 65.30   81.28   66.99   97.81
14:53:41 65.30   81.39   66.99   107.04
14:54:44 65.19   81.39   66.99   106.70
14:55:48 65.19   81.28   66.99   104.90
14:56:51 65.19   81.84   66.99   103.33
14:57:54 65.19   81.39   66.99   101.75
14:58:58 65.19   81.39   66.99   100.17
15:00:01 65.19   81.28   66.99   109.96
15:01:04 65.19   81.50   66.99   111.09
15:02:08 65.19   81.61   66.99   109.85
15:03:11 65.19   81.39   66.99   108.16
15:04:15 65.19   81.39   66.99   106.59
15:05:18 65.19   81.39   66.99   105.12
15:06:21 65.19   81.39   66.99   103.55
15:07:25 65.19   81.05   66.99   102.42
15:08:28 65.19   81.50   66.99   101.19
15:09:31 65.19   81.61   66.99   100.17
15:10:35 65.19   81.39   66.99   102.76
15:11:38 65.19   81.39   66.99   110.19
15:12:41 65.19   81.50   66.99   110.64
15:13:45 65.19   81.16   66.99   110.08
15:14:48 65.19   81.39   66.99   109.62
15:15:51 65.19   81.39   67.10   109.06
15:16:55 65.19   81.61   67.21   108.39
15:17:58 65.19   81.50   67.21   107.71
15:19:01 65.30   81.28   67.33   107.15
15:20:05 65.19   81.28   67.33   106.48
15:21:08 65.30   81.39   67.44   105.80
15:22:11 65.30   81.50   67.44   105.12
15:23:15 65.30   81.72   67.33   104.56
15:24:18 65.30   81.50   67.33   103.89
15:25:21 65.30   81.50   67.33   103.21
15:26:25 65.30   81.50   67.33   102.54
15:27:28 65.30   81.39   67.33   101.98
15:28:31 65.41   81.61   67.33   101.41
15:29:35 65.41   81.50   67.33   100.96
15:30:38 65.41   81.39   67.33   100.29
15:31:41 65.41   81.39   67.33   99.84
15:32:45 65.41   81.50   67.33   99.39
15:33:48 65.41   81.50   67.21   99.05
15:34:52 65.41   81.28   67.21   98.60
15:35:55 65.41   81.39   67.21   98.26
15:36:58 65.41   81.61   67.21   97.81
15:38:02 65.41   81.50   67.21   97.48
15:39:05 65.41   81.39   67.33   97.14
15:40:08 65.41   81.61   67.33   96.91
15:41:12 65.41   81.39   67.33   96.58
15:42:15 65.41   81.61   67.44   96.24
15:43:18 65.41   81.61   67.55   96.12
15:44:22 65.53   81.39   67.55   95.79
15:45:25 65.53   81.50   67.66   95.56
15:46:28 65.53   81.50   67.66   95.45
15:47:32 65.53   81.50   67.66   95.22
15:48:35 65.53   81.39   67.66   95.00
15:49:38 65.53   81.50   67.55   94.66
15:50:42 65.53   81.61   67.55   94.21
15:51:45 65.53   81.61   67.55   93.99
15:52:48 65.53   81.61   67.55   93.43
15:53:52 65.53   81.28   67.55   93.20
15:54:55 65.53   81.39   67.55   93.09
15:55:58 65.53   81.28   67.55   92.86
15:57:02 65.53   81.39   67.55   92.64
15:58:05 65.53   81.28   67.55   92.41
15:59:08 65.53   81.16   67.55   92.19
16:00:12 65.53   81.28   67.66   91.96
16:01:15 65.53   81.50   67.78   91.85
16:02:18 65.41   81.50   67.78   91.51
16:03:22 65.53   81.39   67.78   91.51
16:04:25 65.53   81.39   67.78   91.18
16:05:28 65.53   81.39   67.78   90.84
16:06:32 65.53   81.50   67.89   90.61
16:07:35 65.53   81.28   67.89   90.50
16:08:39 65.41   81.39   67.89   90.16
16:09:42 65.41   81.39   67.78   90.05
16:10:45 65.53   81.50   67.78   89.83
16:11:49 65.41   81.39   67.78   89.49
16:12:52 65.41   81.39   67.89   89.38
16:13:55 65.41   81.50   67.78   89.26
16:14:59 65.41   81.28   67.78   89.04
16:16:02 65.41   81.50   67.78   88.93
16:17:05 65.41   81.50   67.78   88.70
16:18:09 65.41   81.50   67.89   88.47
16:19:12 65.41   81.16   67.78   88.36
16:20:15 65.41   81.28   67.89   88.25
16:21:19 65.41   81.28   67.78   88.14
16:22:22 65.41   81.39   67.78   88.03
16:23:25 65.41   81.28   67.78   112.33
16:24:29 65.41   81.39   67.78   113.45
16:25:32 65.30   81.39   67.78   111.42
16:26:35 65.41   81.61   67.78   109.51
16:27:39 65.41   81.28   67.78   107.60
16:28:42 65.30   81.05   67.89   105.91
16:29:45 65.41   81.16   67.78   104.34
16:30:49 65.30   81.16   67.78   102.99
16:31:52 65.41   81.16   67.78   101.86
16:32:55 65.30   81.16   67.78   100.85
16:33:59 65.30   81.61   67.78   99.95
16:35:02 65.30   81.39   67.78   99.16
16:36:05 65.30   81.50   67.78   98.49
16:37:09 65.30   81.16   67.78   97.81
16:38:12 65.30   81.16   67.78   97.25
16:39:15 65.30   81.16   67.78   96.69
16:40:19 65.41   80.83   67.78   96.12
16:41:22 65.30   81.28   67.78   95.56
16:42:26 65.41   81.05   67.78   95.00
16:43:29 65.30   81.39   67.78   94.44
16:44:32 65.30   81.05   67.78   94.10
16:45:36 65.41   80.94   67.66   93.65
16:46:39 65.30   80.94   67.78   93.31
16:47:42 65.30   80.71   67.78   92.86
16:48:46 65.41   80.94   67.78   92.64
16:49:49 65.41   80.83   67.78   92.19
16:50:52 65.41   81.16   67.78   91.74
16:51:56 65.30   81.05   67.78   91.51
16:52:59 65.30   80.94   67.78   91.29
16:54:02 65.30   80.83   67.78   90.95
16:55:06 65.30   80.94   67.66   90.61
16:56:09 65.30   80.94   67.78   90.39
16:57:12 65.30   80.83   67.78   90.16
16:58:16 65.30   81.05   67.78   89.83
16:59:19 65.30   80.94   67.78   89.71
17:00:22 65.30   80.83   67.78   89.38
17:01:26 65.30   80.83   67.78   89.15
17:02:29 65.30   80.94   67.78   88.93
17:03:32 65.30   80.94   67.78   88.70
17:04:36 65.30   81.05   67.78   88.47
17:05:39 65.41   80.83   67.78   88.25
17:06:42 65.30   81.05   67.78   88.03
17:07:46 65.30   80.94   67.78   87.91
17:08:49 65.41   81.05   67.66   87.69
17:09:52 65.30   81.05   67.78   87.46
17:10:56 65.30   81.05   67.66   87.35
17:11:59 65.30   80.94   67.78   87.12
17:13:02 65.30   80.83   67.66   86.90
17:14:06 65.30   81.16   67.66   86.79
17:15:09 65.30   80.94   67.78   86.56
17:16:13 65.30   80.83   67.66   86.34
17:17:16 65.30   81.05   67.78   86.22
17:18:19 65.30   80.94   67.66   86.00
17:19:23 65.30   80.83   67.66   85.89
17:20:26 65.30   80.94   67.66   85.78
17:21:29 65.41   80.83   67.66   85.66
17:22:33 65.30   80.71   67.78   85.66
17:23:36 65.41   80.60   67.66   85.44
17:24:39 65.30   80.83   67.66   85.44
17:25:43 65.30   80.83   67.66   85.33
17:26:46 65.30   80.94   67.66   85.21
17:27:49 65.30   80.60   67.66   84.99
17:28:53 65.30   80.94   67.66   84.88
17:29:56 65.30   80.94   67.66   84.76
17:30:59 65.30   80.71   67.66   84.65
17:32:03 65.30   80.60   67.66   84.54
17:33:06 65.30   81.28   67.66   84.43
17:34:09 66.43   104.90   67.66   84.54
17:35:12 69.01   140.90   67.78   84.65
17:36:15 69.91   153.50   67.78   85.44
17:37:18 70.47   143.15   67.89   86.11
17:38:21 71.04   148.21   67.89   86.56
17:39:24 71.49   156.99   68.00   87.12
17:40:27 71.94   148.10   68.11   87.58
17:41:30 72.28   125.04   68.22   87.69
17:42:33 71.71   114.12   68.34   87.58
17:43:36 70.36   114.58   68.34   87.35
17:44:40 69.24   112.66   68.45   87.01
17:45:43 68.56   112.21   68.45   86.68
17:46:46 68.00   111.65   68.45   86.56
17:47:50 67.66   111.76   68.45   93.20
17:48:53 70.14   131.45   68.56   98.38
17:49:56 71.15   146.30   68.56   98.26
17:50:59 71.71   155.98   68.56   113.45
17:52:02 72.05   150.46   68.68   116.71
17:53:05 72.39   122.56   68.79   117.39
17:54:08 71.71   114.01   68.90   116.26
17:55:11 70.36   114.58   68.90   114.24
17:56:15 69.35   114.46   68.90   112.21
17:57:18 68.68   114.69   69.01   110.30
17:58:21 68.22   112.78   69.01   108.84
17:59:25 67.89   110.75   69.01   112.21
18:00:28 67.55   109.17   69.01   113.45
18:01:31 67.33   107.04   69.01   112.10
18:02:35 67.10   105.69   69.01   110.53
18:03:38 66.99   103.78   69.01   109.85
18:04:41 66.88   102.09   69.01   108.50
18:05:45 66.76   100.62   69.01   107.26
18:06:48 66.65   99.28   69.01   106.03
18:07:51 66.54   98.04   69.01   105.01
18:08:55 66.54   97.25   69.01   104.00
18:09:58 66.54   95.79   69.01   103.21
18:11:01 66.43   95.45   69.01   102.31
18:12:05 66.31   94.10   69.01   101.41
18:13:08 66.31   93.31   68.90   100.74
18:14:11 66.31   92.97   68.90   100.06
18:15:15 66.20   92.41   68.90   99.39
18:16:18 66.20   91.40   68.90   98.83
18:17:22 66.20   91.18   68.90   98.26
18:18:25 66.09   90.28   68.90   97.70
18:19:28 66.09   89.83   68.90   97.25
18:20:32 66.09   89.49   68.90   96.69
18:21:35 65.97   89.38   68.90   96.24
18:22:38 65.97   88.81   68.90   95.79
18:23:42 65.97   88.36   68.90   95.45
18:24:45 65.97   88.14   68.90   95.00
18:25:48 65.97   88.03   68.90   94.66
18:26:52 65.97   87.58   68.90   94.33
18:27:55 65.97   87.35   68.90   93.99
18:28:58 65.86   86.90   68.90   93.65
18:30:02 65.86   86.79   68.90   93.20
18:31:05 65.97   86.79   68.79   92.86
18:32:08 65.97   86.68   68.79   92.53
18:33:12 65.86   86.45   68.79   92.19
18:34:15 65.86   86.22   68.79   91.85
18:35:18 65.86   86.00   68.79   91.62
18:36:22 65.86   85.66   68.79   91.40
18:37:25 65.86   85.55   68.79   91.29
18:38:28 65.86   85.33   68.79   94.33
18:39:32 65.86   85.33   68.79   94.55
18:40:35 65.86   84.99   68.79   94.55
18:41:38 65.86   85.21   68.79   109.74
18:42:42 65.86   84.88   68.79   111.76
18:43:45 65.86   84.43   68.79   111.88
18:44:48 65.86   84.65   68.79   112.21
18:45:52 65.86   84.65   68.79   111.76
18:46:55 65.86   84.20   68.79   110.98
18:47:58 65.86   84.20   68.79   110.08
18:49:02 65.86   84.43   68.79   108.84
18:50:05 65.97   84.31   68.79   107.60
18:51:09 65.97   84.31   68.79   106.48
18:52:12 65.97   84.43   68.79   105.46
18:53:15 65.97   84.54   68.79   104.45
18:54:19 65.97   84.09   68.79   103.66
18:55:22 65.97   84.09   68.79   102.76
18:56:25 65.97   84.43   68.79   102.09
18:57:29 65.97   84.20   68.79   101.30
18:58:32 65.97   83.86   68.79   100.40
18:59:35 65.97   83.97   68.79   99.73
19:00:39 65.97   84.09   68.79   99.05
19:01:42 65.86   83.75   68.79   98.38
19:02:45 65.86   83.75   68.79   97.70
19:03:49 65.86   83.75   68.90   97.14
19:04:52 65.86   83.75   68.79   96.58
19:05:55 65.86   83.64   68.90   96.24
19:06:59 65.86   83.53   68.90   95.79
19:08:02 65.86   83.41   68.90   95.34
19:09:05 65.86   83.41   68.90   94.89
19:10:09 65.86   83.30   68.90   94.55
19:11:12 65.86   83.53   68.90   94.33
19:12:15 65.86   83.19   68.90   93.88
19:13:19 65.75   83.19   68.90   93.54
19:14:22 65.86   83.08   68.90   93.20
19:15:25 65.86   83.08   68.90   92.86
19:16:29 65.75   83.08   68.90   92.64
19:17:32 65.86   83.08   68.90   92.30
19:18:35 65.86   83.19   68.90   92.08
19:19:39 65.75   82.96   68.90   91.62
19:20:42 65.75   83.19   68.90   91.51
19:21:45 65.75   82.96   68.90   91.29
19:22:49 65.75   83.08   68.90   90.95
19:23:52 65.75   82.96   68.90   90.61
19:24:55 65.75   83.08   68.90   90.50
19:25:59 65.75   83.08   68.90   90.28
19:27:02 65.75   82.62   68.90   89.94
19:28:06 65.75   82.62   68.90   89.60
19:29:09 65.75   82.85   68.90   89.49
19:30:12 65.86   82.96   69.01   89.49
19:31:16 65.86   82.96   68.90   89.26
19:32:19 65.75   82.96   68.90   89.04
19:33:22 65.75   82.85   68.90   88.59
19:34:26 65.75   82.74   68.90   88.47
19:35:29 65.75   82.85   69.01   88.36
19:36:32 65.75   82.85   69.01   88.03
19:37:36 65.75   82.85   69.01   87.91
19:38:39 65.75   82.74   69.01   87.91
19:39:42 65.75   82.62   69.01   87.69
19:40:46 65.75   82.51   69.01   87.58
19:41:49 65.75   82.40   69.01   87.46
19:42:52 65.75   82.62   69.01   87.35
19:43:56 65.75   82.40   69.01   87.12
19:44:59 65.75   82.74   69.01   87.01
19:46:02 65.75   82.51   69.01   86.90
19:47:06 65.75   82.29   69.01   86.79
19:48:09 65.75   82.62   69.01   86.68
19:49:12 65.75   82.62   69.01   86.56
19:50:16 65.75   82.62   69.01   86.34
19:51:19 65.75   82.40   69.01   86.34
19:52:22 65.75   82.62   69.01   86.11
19:53:26 65.75   82.62   69.01   86.11
19:54:29 65.75   82.18   69.01   86.00
19:55:32 65.75   82.51   69.01   85.89
19:56:36 65.75   82.29   69.01   85.78
19:57:39 65.75   82.18   69.01   85.66
19:58:42 65.75   82.18   69.12   85.55
19:59:46 65.75   82.40   69.01   85.44
20:00:49 65.75   82.29   69.01   85.33
20:01:52 65.75   82.18   69.01   85.21
20:02:56 65.75   82.29   69.01   85.10
20:03:59 65.75   82.18   69.01   85.10
20:05:02 65.75   82.29   69.01   84.99
20:06:06 65.75   82.40   69.01   84.88
20:07:09 65.75   82.74   68.90   84.76
20:08:12 65.75   82.51   68.90   84.65
20:09:16 65.75   82.62   69.01   84.65
20:10:19 65.75   82.51   68.90   84.65
20:11:22 65.75   82.40   68.90   84.65
20:12:26 65.64   82.40   68.90   84.43
20:13:29 65.64   82.29   68.90   84.43
20:14:33 65.64   82.40   68.90   84.31
20:15:36 65.64   82.40   68.90   84.20
20:16:39 65.64   82.29   68.90   84.31
20:17:43 65.64   82.29   68.79   84.20
20:18:46 65.64   82.51   68.79   84.09
20:19:49 65.64   81.95   68.79   83.86
20:20:53 65.64   81.95   68.79   83.75
20:21:56 65.64   82.18   68.79   83.86
20:22:59 65.64   81.84   68.79   83.75
20:24:03 65.64   81.84   68.79   83.75
20:25:06 65.64   81.95   68.79   83.75
20:26:09 65.64   81.95   68.79   83.75
20:27:13 65.64   82.18   68.68   83.64
20:28:16 65.64   82.18   68.79   83.64
20:29:19 65.64   81.95   68.68   83.53
20:30:23 65.64   81.84   68.68   83.41
20:31:26 65.64   81.72   68.68   83.30
20:32:29 65.64   81.84   68.68   83.19
20:33:33 65.64   81.95   68.56   83.19
20:34:36 65.64   81.84   68.68   83.08
20:35:39 65.64   81.84   68.56   83.08
20:36:43 65.64   81.84   68.56   83.08
20:37:46 65.64   81.61   68.56   83.08
20:38:49 65.53   81.72   68.56   82.85
20:39:53 65.53   81.95   68.56   82.85
20:40:56 65.64   81.84   68.45   82.74
20:41:59 65.53   81.50   68.45   82.74
20:43:03 65.53   81.72   68.45   82.74
20:44:06 65.53   81.72   68.45   82.74
20:45:09 65.53   81.39   68.45   82.74
20:46:13 65.53   81.39   68.45   82.62
20:47:16 65.53   81.84   68.45   82.62
20:48:19 65.53   81.84   68.45   82.62
20:49:23 65.53   81.72   68.45   82.51
20:50:26 65.53   81.61   68.45   82.51
20:51:30 65.53   81.50   68.45   82.40
20:52:33 65.53   81.61   68.34   82.29
20:53:36 65.53   81.50   68.34   82.40
20:54:40 65.53   81.50   68.34   82.29
20:55:43 65.53   81.61   68.34   82.29
20:56:46 65.53   81.61   68.34   82.29
20:57:50 65.53   81.84   68.34   82.29
20:58:53 65.53   81.50   68.34   82.18
20:59:56 65.53   81.39   68.34   82.06
21:01:00 65.53   81.72   68.34   82.06
21:02:03 65.53   81.72   68.34   82.06
21:03:06 65.53   81.61   68.34   82.06
21:04:10 65.53   81.61   68.34   81.95
21:05:13 65.53   81.39   68.22   82.06
21:06:16 65.53   81.39   68.34   81.95
21:07:20 65.53   81.50   68.22   81.95
21:08:23 65.53   81.61   68.34   81.84
21:09:26 65.53   81.39   68.22   81.84
21:10:30 65.53   81.39   68.22   81.84
21:11:33 65.41   81.39   68.22   81.95
21:12:36 65.53   81.28   68.22   81.95
21:13:40 65.41   81.28   68.22   82.06
21:14:43 65.41   81.28   68.22   81.84
21:15:46 65.41   81.39   68.22   81.72
21:16:50 65.41   81.39   68.11   81.72
21:17:53 65.53   81.50   68.11   81.84
21:18:56 65.53   81.16   68.11   83.08
21:20:00 65.41   81.28   68.11   86.90
21:21:03 65.53   81.28   68.11   87.46
21:22:06 65.41   81.50   68.11   87.12
21:23:10 65.41   81.28   68.11   87.01
21:24:13 65.41   81.39   68.11   86.68
21:25:17 65.41   81.28   68.11   86.56
21:26:20 65.41   81.05   68.00   86.22
21:27:23 65.41   81.16   68.11   86.00
21:28:27 65.41   81.05   68.00   85.78
21:29:30 65.41   80.94   68.00   85.55
21:30:33 65.41   81.16   68.11   85.33
21:31:37 65.41   81.05   68.00   85.10
21:32:40 65.41   80.94   68.00   84.99
21:33:43 65.41   80.83   68.00   84.88
21:34:47 65.41   81.05   68.00   84.65
21:35:50 65.41   81.05   68.00   84.43
21:36:53 65.41   81.05   68.00   84.20
21:37:57 65.41   81.05   68.00   84.20
21:39:00 65.41   81.05   68.00   83.97
21:40:03 65.41   81.28   68.00   83.97
21:41:07 65.41   80.94   67.89   83.86
21:42:10 65.41   81.05   67.89   83.75
21:43:13 65.41   81.05   67.89   83.64
21:44:17 65.41   80.83   67.89   83.41
21:45:20 65.41   83.64   67.89   83.41
21:46:23 67.66   118.06   67.89   83.30
21:47:26 69.46   144.61   68.00   83.53
21:48:29 70.36   130.21   68.00   84.20
21:49:32 70.59   111.31   68.11   84.54
21:50:36 69.24   110.30   68.11   84.54
21:51:39 68.34   108.05   68.11   84.43
21:52:42 67.66   106.48   68.22   84.31
21:53:46 67.21   107.15   68.11   84.09
21:54:49 66.99   105.91   68.11   84.09
21:55:53 66.76   104.11   68.11   84.09
21:56:56 66.65   102.99   68.22   83.97
21:57:59 66.43   101.08   68.22   83.86
21:59:03 66.31   99.50   68.22   83.86
22:00:06 66.31   98.26   68.11   83.75
22:01:09 66.20   96.80   68.22   83.53
22:02:13 66.09   95.79   68.11   83.41
22:03:16 66.09   94.78   68.11   83.19
22:04:19 66.09   93.99   68.11   83.19
22:05:23 65.97   93.20   68.11   83.19
22:06:26 65.97   91.96   68.11   83.19
22:07:29 65.97   90.95   68.11   83.08
22:08:33 65.86   90.05   68.11   82.96
22:09:36 65.86   89.71   68.11   82.96
22:10:39 65.86   89.38   68.11   82.96
22:11:43 65.86   88.47   68.00   82.85
22:12:46 65.75   87.80   68.00   82.85
22:13:49 65.75   87.35   68.00   82.85
22:14:53 65.75   86.79   68.00   82.74
22:15:56 65.75   86.79   68.00   86.34
22:16:59 65.75   86.22   68.11   89.94
22:18:03 65.75   86.11   68.00   104.79
22:19:06 65.64   85.44   68.00   107.71
22:20:09 65.64   85.33   68.00   107.26
22:21:13 65.64   84.76   68.00   106.36
22:22:16 65.64   84.31   68.00   105.24
22:23:19 65.64   84.09   67.89   104.23
22:24:23 65.53   84.20   67.89   103.33
22:25:26 65.64   83.86   67.89   102.31
22:26:29 65.64   83.75   67.89   101.53
22:27:33 65.53   83.53   67.89   100.62
22:28:36 65.53   83.53   67.89   99.95
22:29:39 65.53   83.08   67.89   99.16
22:30:43 65.53   83.08   67.89   98.49
22:31:46 65.53   82.96   67.89   97.81
22:32:50 65.53   82.62   67.78   97.14
22:33:53 65.53   82.51   67.78   96.58
22:34:56 65.53   82.62   67.89   96.01
22:36:00 65.53   82.62   67.89   95.68
22:37:03 65.53   82.29   67.78   95.34
22:38:06 65.53   82.06   67.78   95.00
22:39:10 65.53   82.06   67.78   94.55
22:40:13 65.53   81.72   67.78   94.10
22:41:16 65.53   81.84   67.78   93.65
22:42:20 65.41   81.84   67.78   93.20
22:43:23 65.41   81.50   67.78   92.86
22:44:26 65.41   81.61   67.66   92.41
22:45:30 65.41   81.61   67.66   92.08
22:46:33 65.41   81.72   67.66   91.74
22:47:36 65.41   81.61   67.66   91.29
22:48:40 65.41   81.61   67.66   90.95
22:49:43 65.41   81.28   67.66   90.61
22:50:46 65.41   81.50   67.66   90.28
22:51:50 65.41   81.50   67.66   89.94
22:52:53 65.41   81.28   67.66   89.71
22:53:56 65.30   81.28   67.55   89.60
22:55:00 65.41   81.28   67.66   89.26
22:56:03 65.41   80.94   67.55   88.93
22:57:06 65.41   81.16   67.55   88.70
22:58:10 65.30   81.28   67.55   88.47
22:59:13 65.30   81.16   67.55   88.14
23:00:16 65.30   81.16   67.55   87.91
23:01:20 65.30   80.94   67.55   87.69
23:02:23 65.30   80.83   67.55   87.46
23:03:26 65.30   80.71   67.55   87.24
23:04:30 65.30   80.83   67.55   87.12
23:05:33 65.30   80.71   67.44   86.90
23:06:36 65.30   80.83   67.44   86.79
23:07:40 65.30   80.83   67.44   86.56
23:08:43 65.30   80.83   67.44   86.45
23:09:47 65.30   80.60   67.44   86.22
23:10:50 65.30   80.60   67.44   86.00
23:11:53 65.30   80.83   67.44   85.78
23:12:57 65.30   80.60   67.33   85.55
23:14:00 65.30   80.71   67.44   85.44
23:15:03 65.30   80.83   67.44   85.33
23:16:07 65.30   80.60   67.44   85.10
23:17:10 65.30   80.71   67.33   84.88
23:18:13 65.30   80.83   67.33   101.30
23:19:17 65.30   80.71   67.33   108.05
23:20:20 65.30   80.71   67.33   109.17
23:21:23 65.19   80.71   67.33   109.06
23:22:27 65.19   80.60   67.33   109.62
23:23:30 65.30   80.49   67.33   109.74
23:24:33 65.19   80.26   67.33   110.19
23:25:37 65.19   80.38   67.21   109.96
23:26:40 65.30   80.38   67.21   109.51
23:27:43 65.19   80.49   67.21   108.84
23:28:47 65.30   80.26   67.21   108.16
23:29:50 65.30   80.26   67.21   112.33
23:30:53 65.30   80.38   67.21   113.23
23:31:57 65.30   80.38   67.21   112.78
23:33:00 65.30   80.26   67.21   112.10
23:34:03 65.30   80.26   67.21   111.31
23:35:07 65.30   80.15   67.21   110.30
23:36:10 65.30   80.49   67.10   109.51
23:37:13 65.30   80.26   67.10   108.50
23:38:17 65.30   80.15   67.10   107.49
23:39:20 65.30   80.15   67.21   106.59
23:40:24 65.30   80.26   67.10   105.80
23:41:27 65.30   80.15   67.10   104.90
23:42:30 65.30   79.93   67.10   104.00
23:43:34 65.30   79.81   67.10   103.33
23:44:37 65.30   79.93   67.10   102.54
23:45:40 65.30   79.93   66.99   101.86
23:46:44 65.30   79.81   67.10   101.19
23:47:47 65.30   79.93   66.99   100.51
23:48:50 65.19   79.93   67.10   100.06
23:49:54 65.19   79.93   67.10   99.39
23:50:57 65.19   79.93   67.10   98.83
23:52:00 65.19   80.04   66.99   98.26
23:53:04 65.19   79.93   67.10   97.81
23:54:07 65.19   79.59   66.99   97.25
23:55:10 65.19   79.81   66.99   96.80
23:56:14 65.19   79.70   66.99   96.24
23:57:17 65.19   79.81   66.99   95.90
23:58:20 65.19   79.59   66.99   95.34
23:59:24 65.19   79.70   66.99   94.89
