 Date  Furn_In  Furn_Out  Bsmnt   Water_Htr
00:00:27 65.19   79.47   66.99   94.55
00:01:30 65.19   79.59   66.88   94.10
00:02:34 65.19   79.59   66.99   93.76
00:03:37 65.19   79.47   66.88   93.43
00:04:40 65.08   79.47   66.99   92.97
00:05:44 65.19   79.81   66.99   92.64
00:06:47 65.08   79.70   66.88   92.30
00:07:50 65.08   79.47   66.88   92.08
00:08:54 65.08   79.59   66.88   91.62
00:09:57 65.08   79.70   66.88   91.29
00:11:01 65.08   79.36   66.88   90.95
00:12:04 65.08   79.47   66.88   90.61
00:13:07 65.08   79.47   66.88   90.39
00:14:11 65.08   79.36   66.88   90.16
00:15:14 65.08   79.59   66.88   89.94
00:16:17 65.08   79.81   66.88   89.71
00:17:21 65.08   79.59   66.88   89.49
00:18:24 65.08   79.25   66.88   89.15
00:19:27 65.08   79.47   66.88   101.98
00:20:31 65.08   79.36   66.88   110.41
00:21:34 65.08   79.36   66.76   112.66
00:22:37 65.08   79.36   66.88   113.45
00:23:41 65.08   79.14   66.76   112.89
00:24:44 65.08   79.25   66.76   111.54
00:25:47 65.08   79.36   66.76   110.08
00:26:51 65.08   79.25   66.76   108.50
00:27:54 65.08   79.25   66.76   107.15
00:28:57 65.08   79.36   66.76   105.91
00:30:01 65.08   79.59   66.76   104.45
00:31:04 65.08   79.36   66.65   103.21
00:32:07 65.08   79.47   66.76   102.31
00:33:11 64.96   79.47   66.76   101.19
00:34:14 64.96   79.36   66.76   100.29
00:35:17 64.96   79.14   66.65   99.61
00:36:21 64.96   81.84   66.65   98.83
00:37:24 66.76   117.73   66.65   98.26
00:38:27 68.22   144.50   66.76   97.92
00:39:30 68.90   139.89   66.76   98.04
00:40:33 69.35   113.79   66.88   98.04
00:41:36 68.56   110.98   66.99   97.70
00:42:40 67.55   110.41   66.99   97.03
00:43:43 66.99   111.54   66.99   96.69
00:44:46 66.54   109.06   67.10   96.12
00:45:50 66.31   106.59   66.99   95.56
00:46:53 66.09   104.56   67.10   95.11
00:47:56 65.97   102.65   67.10   94.66
00:49:00 65.86   101.75   66.99   94.21
00:50:03 65.75   100.06   66.99   93.76
00:51:06 65.64   98.83   66.99   93.43
00:52:10 65.64   96.80   66.99   92.97
00:53:13 65.53   102.76   66.88   92.75
00:54:16 68.22   135.39   66.99   92.41
00:55:19 69.01   149.45   67.10   92.64
00:56:22 69.46   135.28   67.21   92.97
00:57:25 69.69   112.78   67.33   92.97
00:58:29 68.68   112.10   67.33   92.75
00:59:32 67.78   111.09   67.33   92.41
01:00:35 67.21   111.09   67.44   91.85
01:01:39 66.76   109.40   67.44   91.62
01:02:42 66.54   107.71   67.44   91.29
01:03:45 66.31   106.03   67.44   90.95
01:04:49 66.09   104.23   67.44   90.72
01:05:52 65.97   102.99   67.44   90.50
01:06:55 65.86   100.96   67.33   90.28
01:07:59 65.86   100.29   67.33   90.05
01:09:02 67.33   121.21   67.33   89.94
01:10:05 68.79   142.36   67.44   90.05
01:11:08 69.46   151.81   67.44   90.50
01:12:11 69.80   130.10   67.55   90.72
01:13:14 69.80   113.11   67.66   90.84
01:14:17 68.68   113.11   67.66   90.72
01:15:21 67.78   111.31   67.78   90.28
01:16:24 67.21   111.76   67.78   89.83
01:17:27 66.88   110.75   67.78   89.49
01:18:31 66.54   108.50   67.78   89.38
01:19:34 66.31   106.70   67.78   89.15
01:20:37 66.20   105.12   67.66   88.93
01:21:41 66.09   102.88   67.66   88.70
01:22:44 65.97   101.64   67.66   100.62
01:23:47 65.86   101.64   67.55   108.39
01:24:51 68.00   128.07   67.66   109.06
01:25:53 69.01   145.06   67.78   108.84
01:26:56 69.58   152.94   67.78   108.73
01:27:59 70.03   129.20   67.89   108.28
01:29:03 69.80   112.55   68.00   107.60
01:30:06 68.79   112.78   68.00   106.48
01:31:09 67.78   111.99   68.00   105.35
01:32:13 67.33   112.33   68.00   104.45
01:33:16 66.99   110.64   68.00   103.55
01:34:19 66.65   109.40   68.00   102.76
01:35:23 66.43   106.70   68.00   101.98
01:36:26 66.31   105.69   68.00   101.19
01:37:29 66.20   104.00   67.89   100.62
01:38:33 66.09   101.98   67.89   100.06
01:39:36 65.97   99.95   67.89   99.39
01:40:39 65.86   99.50   67.89   98.83
01:41:43 67.55   121.10   67.78   98.49
01:42:46 69.01   142.48   67.89   98.26
01:43:48 69.58   150.91   67.89   98.49
01:44:51 69.91   127.40   68.00   98.60
01:45:55 69.91   112.33   68.11   98.49
01:46:58 68.68   112.66   68.11   98.04
01:48:01 67.89   110.86   68.22   97.36
01:49:05 67.33   112.89   68.22   96.80
01:50:08 66.99   110.53   68.22   96.35
01:51:11 66.65   108.61   68.11   95.90
01:52:15 66.54   106.81   68.11   95.45
01:53:18 66.31   105.12   68.11   95.11
01:54:21 66.20   103.44   68.11   94.78
01:55:25 66.09   101.86   68.11   94.44
01:56:28 65.97   100.40   68.00   94.10
01:57:31 65.97   98.83   68.00   93.88
01:58:35 65.86   97.81   68.00   93.54
01:59:38 65.75   100.17   68.00   93.43
02:00:41 68.34   133.81   68.00   93.20
02:01:44 69.24   149.00   68.00   93.43
02:02:47 69.69   140.23   68.11   93.76
02:03:50 70.03   114.12   68.22   93.88
02:04:54 69.12   112.33   68.22   93.76
02:05:57 68.11   112.21   68.22   93.31
02:07:00 67.55   110.08   68.34   92.86
02:08:04 67.10   108.28   68.22   92.64
02:09:07 66.76   108.28   68.22   92.30
02:10:10 66.54   107.26   68.34   91.96
02:11:14 66.31   105.58   68.22   91.85
02:12:17 66.20   104.56   68.22   91.51
02:13:20 66.20   102.76   68.22   91.29
02:14:24 66.09   100.85   68.11   91.06
02:15:27 65.97   99.61   68.11   90.84
02:16:30 65.86   98.15   68.00   90.61
02:17:34 65.86   97.14   68.11   90.50
02:18:37 65.75   95.79   68.11   90.16
02:19:40 65.75   94.66   68.11   90.05
02:20:44 65.86   102.20   68.00   89.94
02:21:47 68.45   136.96   68.00   89.94
02:22:50 69.12   150.01   68.11   90.39
02:23:53 69.69   130.10   68.11   90.84
02:24:56 69.80   112.21   68.22   90.95
02:25:59 68.68   112.21   68.22   90.84
02:27:02 67.89   110.30   68.22   90.50
02:28:06 67.33   108.50   68.22   90.28
02:29:09 66.88   107.38   68.22   89.94
02:30:12 66.65   106.70   68.22   89.60
02:31:16 66.54   105.80   68.22   89.49
02:32:19 66.31   104.79   68.22   89.38
02:33:23 66.20   103.55   68.22   89.15
02:34:26 66.09   102.20   68.22   89.04
02:35:29 65.97   100.17   68.11   88.93
02:36:33 65.97   98.83   68.11   88.81
02:37:36 65.86   97.70   68.11   88.59
02:38:39 65.75   96.12   68.11   88.36
02:39:43 65.75   94.78   68.00   88.14
02:40:46 65.75   93.43   68.00   88.03
02:41:49 65.75   92.75   68.00   87.91
02:42:53 65.64   91.74   68.00   87.80
02:43:56 65.64   91.29   67.89   87.69
02:44:59 65.64   91.18   68.00   87.58
02:46:03 66.76   112.10   67.89   87.58
02:47:06 68.45   141.01   68.00   87.58
02:48:09 69.12   147.09   68.00   88.14
02:49:11 69.58   121.78   68.11   88.70
02:50:15 69.24   112.33   68.11   88.81
02:51:18 68.22   111.88   68.22   88.59
02:52:22 67.55   109.29   68.22   88.25
02:53:25 67.10   108.95   68.22   88.03
02:54:28 66.76   108.95   68.11   87.91
02:55:32 66.43   107.60   68.11   87.80
02:56:35 66.31   105.91   68.11   87.58
02:57:38 66.20   104.23   68.11   87.46
02:58:42 66.09   102.88   68.00   87.46
02:59:45 65.97   101.08   68.11   87.35
03:00:48 65.97   99.95   68.11   87.24
03:01:52 65.86   98.26   68.00   87.12
03:02:55 65.86   97.36   68.00   87.01
03:03:58 65.86   95.90   68.00   86.79
03:05:02 65.75   94.78   68.00   86.79
03:06:05 65.75   93.65   68.00   86.68
03:07:08 65.75   93.09   68.00   86.56
03:08:12 65.75   92.97   67.89   86.56
03:09:15 67.44   122.23   67.89   86.56
03:10:18 68.56   144.50   68.00   86.79
03:11:21 69.24   143.38   68.00   87.46
03:12:24 69.58   116.94   68.11   87.91
03:13:27 69.01   111.99   68.11   87.91
03:14:31 68.11   111.31   68.11   87.69
03:15:34 67.44   110.41   68.11   87.46
03:16:37 66.99   110.53   68.11   87.24
03:17:41 66.76   109.17   68.11   87.12
03:18:44 66.54   107.49   68.11   87.01
03:19:47 66.43   105.58   68.11   86.90
03:20:51 66.20   104.11   68.11   86.90
03:21:54 66.09   102.42   68.00   86.68
03:22:57 66.09   100.62   68.11   86.56
03:24:01 65.97   99.84   68.00   86.45
03:25:04 65.86   98.49   68.00   86.34
03:26:07 65.86   97.03   68.00   86.22
03:27:11 65.75   95.90   68.00   86.22
03:28:14 65.75   96.58   68.00   86.00
03:29:17 67.66   125.71   68.00   86.11
03:30:20 68.68   145.40   68.00   86.45
03:31:23 69.12   145.18   68.11   87.24
03:32:26 69.58   118.29   68.11   87.69
03:33:29 69.01   112.44   68.22   87.69
03:34:33 68.11   112.21   68.22   87.35
03:35:36 67.44   112.10   68.22   87.12
03:36:39 66.99   111.20   68.22   87.01
03:37:43 66.76   109.17   68.11   86.79
03:38:46 66.54   107.83   68.22   86.68
03:39:49 66.31   106.14   68.22   86.79
03:40:53 66.20   104.79   68.11   86.68
03:41:56 66.09   103.21   68.11   86.45
03:42:59 65.97   101.08   68.11   86.34
03:44:03 65.86   99.16   68.11   86.34
03:45:06 65.86   98.15   68.11   86.22
03:46:10 65.75   98.15   68.00   86.11
03:47:13 67.66   124.48   68.11   86.22
03:48:16 68.79   144.61   68.11   86.56
03:49:19 69.24   146.53   68.11   87.12
03:50:22 69.58   120.20   68.22   87.58
03:51:25 69.24   112.44   68.22   87.58
03:52:28 68.11   112.66   68.34   87.46
03:53:32 67.55   110.30   68.34   87.24
03:54:35 67.10   108.28   68.34   87.12
03:55:38 66.76   108.95   68.34   87.01
03:56:42 66.54   107.15   68.34   86.79
03:57:45 66.31   105.91   68.22   86.56
03:58:48 66.20   104.79   68.11   86.45
03:59:52 66.09   102.99   68.22   86.45
04:00:55 65.97   101.19   68.22   86.34
04:01:58 65.97   99.39   68.22   86.34
04:03:02 65.86   98.60   68.22   86.11
04:04:05 65.86   97.48   68.11   86.00
04:05:08 65.75   97.25   68.11   85.89
04:06:12 67.44   124.25   68.11   86.00
04:07:15 68.68   144.61   68.11   86.45
04:08:18 69.24   147.20   68.22   87.01
04:09:20 69.58   120.88   68.22   87.46
04:10:24 69.24   112.78   68.22   87.58
04:11:27 68.22   113.00   68.34   87.35
04:12:31 67.55   110.08   68.22   87.01
04:13:34 66.99   111.99   68.34   86.79
04:14:37 66.76   110.19   68.22   86.68
04:15:41 66.54   108.95   68.22   86.56
04:16:44 66.31   106.92   68.22   86.56
04:17:47 66.20   104.90   68.34   86.45
04:18:51 66.09   103.10   68.22   86.34
04:19:54 65.97   101.64   68.22   86.22
04:20:57 65.97   99.73   68.22   86.11
04:22:01 65.86   98.26   68.22   86.00
04:23:04 65.86   97.36   68.22   85.89
04:24:07 66.65   113.56   68.11   85.89
04:25:10 68.45   140.00   68.22   86.22
04:26:13 69.01   151.81   68.22   86.90
04:27:16 69.46   131.90   68.34   87.58
04:28:19 69.58   112.78   68.34   87.69
04:29:23 68.56   112.66   68.34   87.46
04:30:26 67.78   111.54   68.34   87.24
04:31:29 67.21   109.40   68.34   87.12
04:32:33 66.88   107.38   68.34   86.90
04:33:36 66.65   106.36   68.34   86.90
04:34:39 66.43   106.59   68.34   86.68
04:35:43 66.31   105.80   68.34   86.56
04:36:46 66.09   104.00   68.22   86.45
04:37:49 65.97   101.98   68.22   86.45
04:38:53 65.97   101.30   68.22   86.34
04:39:56 65.86   99.28   68.22   86.34
04:40:59 65.86   98.60   68.22   86.22
04:42:03 66.99   117.95   68.22   86.22
04:43:06 68.56   141.35   68.22   86.45
04:44:09 69.12   151.59   68.22   87.01
04:45:12 69.58   129.09   68.34   87.69
04:46:15 69.46   112.66   68.34   87.80
04:47:18 68.45   112.89   68.45   87.69
04:48:21 67.66   111.65   68.45   87.46
04:49:25 67.21   109.74   68.45   87.12
04:50:28 66.88   110.75   68.45   87.01
04:51:32 66.65   109.06   68.45   86.90
04:52:35 66.43   107.94   68.45   86.79
04:53:38 66.31   106.03   68.34   86.68
04:54:42 66.09   104.34   68.34   86.68
04:55:45 65.97   102.88   68.34   86.45
04:56:48 65.97   100.62   68.34   86.34
04:57:52 65.86   99.73   68.34   86.34
04:58:55 66.99   117.28   68.22   86.45
04:59:58 68.56   141.01   68.34   86.56
05:01:01 69.24   150.69   68.34   87.24
05:02:04 69.58   127.85   68.34   87.80
05:03:07 69.46   112.33   68.34   87.91
05:04:10 68.45   112.78   68.45   87.69
05:05:14 67.66   110.64   68.45   87.46
05:06:17 67.21   109.29   68.45   87.35
05:07:20 66.88   107.15   68.45   87.12
05:08:24 66.54   105.91   68.45   87.01
05:09:27 66.43   106.70   68.45   87.01
05:10:30 66.20   105.46   68.34   86.90
05:11:34 66.09   103.55   68.34   86.79
05:12:37 66.09   101.98   68.34   86.68
05:13:40 65.97   100.74   68.34   86.68
05:14:44 65.86   98.71   68.22   86.56
05:15:47 65.75   97.70   68.34   86.45
05:16:50 66.54   112.21   68.34   86.34
05:17:53 68.45   139.55   68.34   86.56
05:18:56 69.01   150.69   68.34   87.35
05:19:59 69.46   129.65   68.34   87.80
05:21:03 69.46   112.21   68.45   87.91
05:22:06 68.45   112.44   68.45   87.80
05:23:09 67.66   111.09   68.45   87.46
05:24:13 67.10   109.85   68.45   87.24
05:25:16 66.76   110.53   68.45   87.12
05:26:19 66.65   108.28   68.45   87.01
05:27:23 66.31   107.26   68.34   86.90
05:28:26 66.20   105.01   68.45   86.79
05:29:29 66.09   103.44   68.34   86.68
05:30:33 65.97   102.42   68.34   86.56
05:31:36 65.86   101.19   68.34   86.45
05:32:39 65.86   99.39   68.34   86.34
05:33:43 66.20   108.95   68.34   86.34
05:34:46 68.34   137.86   68.34   86.45
05:35:49 69.01   150.91   68.34   87.24
05:36:51 69.46   156.31   68.34   88.03
05:37:54 69.80   143.71   68.34   88.47
05:38:57 70.14   151.25   68.45   88.81
05:40:00 70.47   159.01   68.56   89.38
05:41:03 70.70   145.29   68.68   89.71
05:42:06 70.81   150.01   68.68   90.05
05:43:09 71.04   130.21   68.90   90.16
05:44:12 70.93   113.11   68.90   90.05
05:45:15 69.69   114.69   68.90   89.71
05:46:19 68.68   114.69   69.01   89.26
05:47:22 68.00   115.70   69.01   88.93
05:48:25 69.35   130.32   69.01   88.81
05:49:28 70.14   145.85   69.01   89.26
05:50:31 70.47   155.64   69.01   89.94
05:51:34 70.70   150.24   69.12   90.50
05:52:37 71.04   132.01   69.12   90.84
05:53:40 70.70   119.64   69.24   90.72
05:54:43 69.35   120.54   69.35   90.39
05:55:47 68.45   121.66   69.35   90.05
05:56:50 67.89   121.33   69.35   89.83
05:57:53 68.22   123.12   69.35   89.60
05:58:56 69.91   134.60   69.24   89.83
05:59:59 70.36   147.99   69.35   90.39
06:01:02 70.70   157.21   69.35   91.06
06:02:05 70.93   146.86   69.35   91.51
06:03:08 71.15   121.55   69.35   91.62
06:04:11 70.25   119.98   69.46   91.40
06:05:15 69.01   120.88   69.58   91.06
06:06:18 68.34   118.17   69.58   90.72
06:07:21 67.78   119.30   69.69   90.50
06:08:25 67.44   117.73   69.58   90.28
06:09:28 69.35   128.07   69.58   90.16
06:10:31 70.25   142.48   69.46   90.61
06:11:34 70.59   153.28   69.58   91.18
06:12:37 70.81   157.55   69.58   91.74
06:13:40 71.04   131.11   69.58   92.08
06:14:43 70.59   120.42   69.69   92.08
06:15:46 69.35   121.44   69.80   91.62
06:16:49 68.56   120.20   69.80   91.29
06:17:53 67.89   120.88   69.80   90.95
06:18:56 67.55   119.08   69.80   90.84
06:20:00 67.21   117.05   69.80   90.61
06:21:03 69.12   127.85   69.80   90.50
06:22:06 70.25   142.25   69.69   92.19
06:23:09 70.70   153.16   69.69   92.75
06:24:11 71.04   143.26   69.69   93.43
06:25:14 71.26   116.26   69.80   93.54
06:26:18 70.36   113.79   69.80   93.31
06:27:21 69.12   114.91   69.91   92.97
06:28:25 68.45   112.55   69.91   92.64
06:29:28 67.89   114.01   69.91   92.30
06:30:31 67.55   113.11   69.91   91.96
06:31:35 67.21   111.31   69.91   91.74
06:32:38 66.99   109.29   69.80   91.62
06:33:41 66.88   108.16   69.91   91.40
06:34:45 66.65   106.59   69.80   91.29
06:35:48 66.65   104.79   69.80   91.18
06:36:51 66.43   107.26   69.69   91.06
06:37:54 69.24   136.06   69.69   91.06
06:38:57 70.03   149.45   69.69   91.40
06:40:00 70.47   136.40   69.69   92.08
06:41:03 70.70   113.00   69.69   92.19
06:42:07 69.69   113.11   69.80   92.08
06:43:10 68.68   113.34   69.91   91.74
06:44:13 68.00   111.54   69.80   91.40
06:45:17 67.55   111.88   69.80   91.18
06:46:20 67.21   111.42   69.80   91.06
06:47:23 66.99   109.62   69.80   90.95
06:48:27 66.76   107.94   69.69   90.72
06:49:30 66.65   106.59   69.69   90.61
06:50:33 66.54   104.34   69.69   90.39
06:51:37 66.43   103.33   69.58   90.28
06:52:40 66.31   101.86   69.58   90.05
06:53:43 66.31   100.51   69.58   89.94
06:54:47 66.20   99.73   69.46   89.83
06:55:50 66.09   98.04   69.46   89.83
06:56:53 66.09   97.48   69.46   89.60
06:57:57 66.09   96.35   69.46   89.38
06:59:00 65.97   94.89   69.46   89.38
07:00:04 65.97   93.99   69.46   89.26
07:01:07 65.97   93.31   69.35   89.04
07:02:10 65.97   92.97   69.35   88.93
07:03:14 65.86   92.08   69.35   88.81
07:04:17 65.86   91.40   69.24   88.70
07:05:20 65.86   90.84   69.12   88.59
07:06:24 65.75   90.05   69.12   88.59
07:07:27 65.75   90.16   69.12   88.36
07:08:30 65.75   89.60   69.12   88.25
07:09:34 65.75   89.26   69.01   88.14
07:10:37 65.75   88.81   69.01   88.03
07:11:40 65.75   88.25   69.01   87.80
07:12:44 65.64   88.25   69.01   87.80
07:13:47 65.64   87.80   69.01   87.69
07:14:50 65.64   87.35   68.90   87.58
07:15:54 65.64   87.01   68.90   87.35
07:16:57 65.64   86.90   68.90   87.24
07:18:00 65.64   86.90   68.79   87.24
07:19:04 65.64   86.79   68.79   87.12
07:20:07 65.64   86.45   68.79   86.90
07:21:10 65.53   86.22   68.79   87.01
07:22:14 65.53   85.89   68.79   86.90
07:23:17 65.53   85.89   68.68   86.90
07:24:20 65.53   85.55   68.68   86.79
07:25:24 65.53   85.44   68.68   86.68
07:26:27 65.53   85.10   68.56   86.56
07:27:30 65.53   85.21   68.56   86.45
07:28:34 65.53   84.99   68.56   86.45
07:29:37 65.53   84.88   68.56   86.34
07:30:40 65.41   84.88   68.45   86.22
07:31:44 65.41   84.65   68.45   98.94
07:32:47 65.41   86.68   68.45   100.85
07:33:51 67.44   122.11   68.45   100.29
07:34:53 68.79   146.75   68.45   99.73
07:35:56 69.46   154.40   68.56   99.50
07:36:59 69.91   142.70   68.68   99.05
07:38:02 70.14   151.03   68.68   98.83
07:39:05 70.70   158.90   68.79   98.38
07:40:08 70.93   144.95   68.90   98.15
07:41:11 71.26   150.46   69.01   97.92
07:42:14 71.38   159.24   69.01   97.81
07:43:17 71.49   146.86   69.12   97.70
07:44:19 71.71   139.32   69.12   97.48
07:45:23 71.83   115.48   69.24   97.14
07:46:26 70.70   114.80   69.35   96.80
07:47:29 69.35   115.70   69.35   96.24
07:48:33 68.56   116.15   69.35   95.56
07:49:36 69.91   129.99   69.35   95.11
07:50:39 70.81   145.62   69.35   95.11
07:51:42 71.15   155.53   69.46   95.34
07:52:44 71.49   152.04   69.35   95.79
07:53:47 71.71   146.98   69.46   95.90
07:54:50 71.83   139.21   69.58   96.01
07:55:53 71.94   119.75   69.58   95.90
07:56:57 70.36   120.42   69.69   95.45
07:58:00 69.24   121.21   69.80   95.00
07:59:03 68.45   122.23   69.91   94.55
08:00:06 70.47   130.66   69.80   94.33
08:01:09 71.15   144.50   69.80   94.66
08:02:12 71.49   147.43   69.80   95.00
08:03:15 71.71   122.11   69.80   95.11
08:04:18 71.15   112.78   69.91   94.89
08:05:22 69.91   113.79   69.91   94.55
08:06:25 68.79   112.78   70.03   94.10
08:07:29 68.22   114.01   70.03   93.76
08:08:32 67.78   112.89   70.03   93.43
08:09:35 67.44   111.20   70.03   93.20
08:10:39 67.10   109.51   70.03   92.97
08:11:42 66.88   108.16   69.91   92.75
08:12:45 66.76   106.48   69.91   92.53
08:13:49 66.65   105.35   69.91   92.30
08:14:52 66.54   103.89   69.91   92.19
08:15:55 66.43   102.20   69.91   91.96
08:16:59 66.31   101.19   69.80   91.74
08:18:02 66.31   99.95   69.80   91.51
08:19:05 66.20   98.83   69.80   91.29
08:20:09 66.20   97.70   69.80   91.18
08:21:12 66.09   96.35   69.69   97.92
08:22:15 66.09   95.68   69.69   107.15
08:23:19 66.09   95.11   69.69   108.95
08:24:22 65.97   94.21   69.69   109.51
08:25:25 65.97   93.76   69.58   109.85
08:26:29 65.97   93.09   69.58   109.62
08:27:32 65.97   92.64   69.58   110.30
08:28:35 65.86   91.96   69.58   111.09
08:29:39 65.86   91.51   69.46   111.42
08:30:42 65.86   90.95   69.46   111.88
08:31:45 65.86   90.28   69.46   111.88
08:32:49 65.86   89.94   69.46   111.31
08:33:52 65.86   89.83   69.46   110.64
08:34:55 65.75   89.38   69.35   109.96
08:35:59 65.75   89.04   69.35   109.17
08:37:02 65.75   89.04   69.24   108.50
08:38:05 65.75   88.81   69.35   107.60
08:39:09 65.75   88.25   69.35   107.26
08:40:12 65.75   88.03   69.24   106.59
08:41:15 65.75   87.58   69.24   106.03
08:42:19 65.75   87.58   69.12   105.46
08:43:22 65.75   87.58   69.12   104.90
08:44:26 65.75   87.12   69.12   104.23
08:45:29 65.75   87.01   69.12   103.55
08:46:32 65.64   86.90   69.12   103.21
08:47:36 65.64   86.68   69.01   102.54
08:48:39 65.75   86.68   69.01   101.98
08:49:42 65.64   86.11   69.01   101.64
08:50:46 65.64   86.22   69.01   101.19
08:51:49 65.64   85.78   68.90   100.74
08:52:52 65.64   85.78   68.90   100.29
08:53:56 65.64   85.55   68.90   99.73
08:54:59 65.64   85.44   68.90   99.28
08:56:02 65.53   85.33   68.90   99.28
08:57:06 65.53   85.33   68.79   99.05
08:58:09 65.53   84.99   68.79   98.60
08:59:12 65.53   84.76   68.90   98.26
09:00:16 65.53   84.88   68.90   98.04
09:01:19 65.53   84.65   68.79   97.70
09:02:22 65.53   84.65   68.79   97.36
09:03:26 65.53   84.65   68.79   96.91
09:04:29 65.53   84.54   68.79   96.46
09:05:32 65.53   84.20   68.79   96.24
09:06:36 65.53   84.54   68.68   95.90
09:07:39 65.41   84.20   68.68   95.56
09:08:42 65.41   83.97   68.68   95.11
09:09:46 65.41   83.97   68.68   94.78
09:10:49 65.41   83.97   68.68   94.44
09:11:52 65.41   84.09   68.68   94.21
09:12:56 65.41   83.97   68.68   93.88
09:13:59 65.41   83.97   68.56   93.54
09:15:03 65.41   83.75   68.56   93.31
09:16:06 65.30   83.86   68.56   93.09
09:17:09 65.41   83.97   68.45   93.99
09:18:13 65.41   83.86   68.56   93.88
09:19:16 65.30   83.64   68.45   93.76
09:20:19 65.30   83.53   68.45   93.54
09:21:23 65.30   83.53   68.45   93.20
09:22:26 65.30   83.41   68.45   92.97
09:23:29 65.30   83.30   68.34   92.75
09:24:33 65.30   83.30   68.34   92.53
09:25:36 65.30   83.30   68.34   92.30
09:26:39 65.30   83.30   68.45   91.96
09:27:43 65.30   83.30   68.34   91.74
09:28:46 65.19   83.19   68.34   91.40
09:29:49 65.30   83.19   68.34   91.18
09:30:53 65.30   83.19   68.34   90.95
09:31:56 65.30   83.08   68.22   90.72
09:32:59 65.19   82.96   68.22   90.39
09:34:03 65.30   82.85   68.22   90.16
09:35:06 65.19   82.85   68.22   89.94
09:36:09 65.19   82.74   68.22   89.83
09:37:13 65.19   82.74   68.11   89.60
09:38:16 65.19   82.96   68.11   89.49
09:39:19 65.19   82.74   68.11   89.26
09:40:23 65.19   82.96   68.11   89.04
09:41:26 65.19   82.62   68.11   88.93
09:42:29 65.19   82.62   68.11   88.70
09:43:33 65.19   82.29   68.11   88.47
09:44:36 65.19   82.51   68.00   88.36
09:45:39 65.19   82.40   68.11   90.28
09:46:43 65.19   82.51   68.00   90.72
09:47:46 65.19   82.51   68.00   90.61
09:48:50 65.08   82.51   68.00   90.39
09:49:53 65.19   82.51   68.00   90.16
09:50:56 65.19   82.29   67.89   90.16
09:52:00 65.19   82.29   67.89   89.94
09:53:03 65.08   82.29   67.89   89.71
09:54:06 65.08   82.29   67.89   89.49
09:55:10 65.08   82.29   67.89   89.15
09:56:13 65.08   82.06   67.89   88.81
09:57:16 65.08   82.06   67.89   88.59
09:58:20 65.08   82.18   67.89   88.36
09:59:23 65.08   82.06   67.89   88.25
10:00:26 65.08   81.95   67.89   88.14
10:01:30 65.08   81.95   67.78   87.91
10:02:33 65.08   82.06   67.78   87.80
10:03:36 65.08   81.95   67.78   87.69
10:04:40 65.08   81.72   67.66   87.46
10:05:43 65.08   81.95   67.66   87.35
10:06:46 65.08   81.84   67.66   87.24
10:07:50 65.08   81.72   67.66   86.90
10:08:53 65.08   81.61   67.66   86.68
10:09:56 65.08   81.84   67.66   86.56
10:11:00 65.08   81.72   67.66   86.34
10:12:03 65.08   81.61   67.66   86.34
10:13:06 65.08   81.39   67.66   86.22
10:14:10 64.96   81.61   67.55   86.00
10:15:13 64.96   81.61   67.55   85.89
10:16:16 65.08   81.72   67.55   85.78
10:17:20 64.96   81.50   67.55   85.55
10:18:23 64.96   81.61   67.55   85.55
10:19:26 64.96   81.50   67.55   85.44
10:20:30 64.96   81.39   67.55   85.44
10:21:33 64.96   81.50   67.44   85.21
10:22:36 64.96   81.39   67.44   84.99
10:23:40 64.96   81.28   67.44   92.41
10:24:43 64.96   81.16   67.44   102.88
10:25:47 64.96   81.39   67.44   102.76
10:26:50 64.96   81.39   67.44   101.19
10:27:53 64.96   81.28   67.44   99.61
10:28:57 64.96   81.28   67.44   98.38
10:30:00 64.96   81.39   67.44   97.36
10:31:03 64.85   81.39   67.44   96.24
10:32:07 64.85   80.83   67.44   95.34
10:33:10 64.85   81.05   67.44   94.44
10:34:13 64.85   80.83   67.33   93.65
10:35:17 64.85   80.83   67.33   93.76
10:36:20 64.85   80.71   67.44   93.76
10:37:23 64.85   80.71   67.44   93.20
10:38:27 64.74   80.38   67.33   92.53
10:39:30 64.74   80.71   67.33   91.96
10:40:33 64.74   80.26   67.33   91.40
10:41:37 64.74   80.60   67.33   90.95
10:42:40 64.74   80.49   67.21   90.61
10:43:43 64.74   80.71   67.33   90.39
10:44:47 64.74   80.71   67.33   89.94
10:45:50 64.74   80.26   67.33   89.49
10:46:53 64.74   80.49   67.33   89.15
10:47:57 64.74   80.26   67.21   88.81
10:49:00 64.74   80.49   67.33   88.70
10:50:03 64.74   80.26   67.33   88.25
10:51:07 64.74   80.38   67.33   88.03
10:52:10 64.74   80.38   67.21   87.91
10:53:13 64.74   80.49   67.21   87.69
10:54:17 64.74   80.49   67.21   87.35
10:55:20 64.74   80.71   67.21   87.24
10:56:23 64.74   80.49   67.21   86.90
10:57:27 64.74   80.71   67.21   86.68
10:58:30 64.74   80.60   67.21   86.56
10:59:34 64.74   80.49   67.21   86.34
11:00:37 64.74   80.83   67.21   86.11
11:01:40 64.62   80.60   67.10   85.89
11:02:44 64.62   80.49   67.10   85.78
11:03:47 64.74   80.26   67.10   85.55
11:04:50 64.74   80.38   67.10   85.44
11:05:54 64.62   80.49   67.10   85.21
11:06:57 64.62   80.26   67.10   85.10
11:08:00 64.74   80.49   67.10   84.99
11:09:04 64.62   80.71   66.99   84.88
11:10:07 64.62   80.60   67.10   84.76
11:11:10 64.62   80.71   66.99   84.76
11:12:14 64.62   80.71   66.99   84.43
11:13:17 64.62   80.60   66.99   84.20
11:14:20 64.62   80.49   66.99   84.09
11:15:24 64.62   80.49   66.99   83.86
11:16:27 64.62   80.49   66.99   83.75
11:17:30 64.62   80.49   66.99   83.75
11:18:34 64.62   80.26   66.99   83.53
11:19:37 64.62   80.04   66.99   83.53
11:20:40 64.62   80.26   66.99   83.30
11:21:44 64.62   80.15   66.99   83.30
11:22:47 64.62   80.15   66.99   82.96
11:23:50 64.62   80.38   66.99   82.96
11:24:54 64.62   80.26   66.99   82.85
11:25:57 64.62   80.15   66.99   82.85
11:27:00 64.62   80.83   66.99   82.74
11:28:04 65.30   99.73   66.99   82.85
11:29:07 67.89   139.44   66.99   82.85
11:30:10 68.79   146.53   67.10   83.53
11:31:13 69.35   120.99   67.21   83.97
11:32:16 68.79   111.54   67.21   84.09
11:33:19 67.66   110.19   67.44   84.09
11:34:23 66.99   111.09   67.55   84.09
11:35:26 66.43   110.19   67.66   83.86
11:36:29 66.09   107.83   67.66   83.97
11:37:33 65.86   105.91   67.66   83.86
11:38:36 65.75   104.11   67.78   83.64
11:39:39 65.53   102.20   67.66   83.53
11:40:43 65.53   100.85   67.78   83.41
11:41:46 65.41   98.71   67.78   83.41
11:42:50 65.30   97.70   67.66   83.30
11:43:53 65.30   96.46   67.78   83.30
11:44:56 65.19   95.11   67.78   83.19
11:46:00 65.19   93.88   67.78   83.08
11:47:03 65.19   93.09   67.78   82.96
11:48:06 65.08   91.85   67.78   82.96
11:49:10 65.08   91.06   67.78   82.96
11:50:13 64.96   90.50   67.78   82.85
11:51:16 64.96   89.83   67.78   82.74
11:52:20 64.96   93.31   67.78   82.74
11:53:23 67.78   131.45   67.78   82.85
11:54:26 68.79   148.32   67.78   83.41
11:55:29 69.35   133.36   67.89   84.09
11:56:32 69.69   112.33   67.89   84.43
11:57:35 68.45   111.99   67.89   84.43
11:58:39 67.55   110.19   68.00   84.31
11:59:42 66.88   107.15   68.00   84.09
12:00:45 66.43   109.17   68.00   83.86
12:01:49 66.20   107.60   68.00   83.64
12:02:52 65.97   106.25   68.00   83.53
12:03:55 65.75   104.45   68.00   83.64
12:04:59 65.64   102.65   68.00   83.64
12:06:02 65.64   100.96   68.00   83.53
12:07:05 65.53   99.84   68.00   83.41
12:08:09 65.41   98.26   68.00   100.96
12:09:12 65.41   96.80   68.00   108.73
12:10:15 65.30   95.79   68.00   110.08
12:11:19 65.30   94.66   68.00   110.75
12:12:22 65.30   93.65   68.00   111.20
12:13:25 65.30   92.86   67.89   111.31
12:14:29 65.19   91.51   68.00   111.42
12:15:32 65.30   90.72   68.00   111.20
12:16:35 65.19   90.28   68.11   110.86
12:17:39 65.19   93.65   68.11   110.30
12:18:42 68.22   131.45   68.22   109.96
12:19:45 69.24   148.66   68.34   111.65
12:20:48 69.91   136.96   68.34   111.99
12:21:51 70.25   113.45   68.45   111.76
12:22:54 69.12   112.21   68.56   111.09
12:23:58 68.11   111.20   68.68   110.19
12:25:01 67.55   111.99   68.68   109.29
12:26:04 67.10   110.64   68.79   108.39
12:27:08 66.88   108.61   68.79   107.49
12:28:11 66.54   106.81   68.79   106.70
12:29:14 66.43   105.58   68.79   105.91
12:30:18 66.31   103.78   68.90   105.24
12:31:21 66.20   101.75   68.90   104.56
12:32:24 66.09   100.40   68.90   103.89
12:33:28 66.09   99.16   68.90   103.33
12:34:31 66.09   98.04   68.90   102.76
12:35:34 65.97   96.46   69.01   102.20
12:36:38 65.97   95.11   69.01   101.75
12:37:41 65.86   94.78   69.01   101.30
12:38:44 65.86   93.54   69.01   100.74
12:39:48 65.86   92.64   69.01   100.40
12:40:51 65.86   92.41   69.12   99.95
12:41:54 65.86   91.40   69.12   99.50
12:42:58 65.86   90.95   69.12   99.16
12:44:01 65.75   90.16   69.24   98.71
12:45:04 65.75   89.71   69.12   98.38
12:46:08 65.75   89.49   69.24   98.04
12:47:11 65.64   88.81   69.24   97.70
12:48:14 65.64   88.03   69.24   97.25
12:49:18 65.53   87.91   69.24   96.91
12:50:21 65.53   87.58   69.24   96.58
12:51:24 65.53   87.01   69.24   96.35
12:52:28 65.53   86.56   69.24   95.90
12:53:31 65.41   86.34   69.35   95.68
12:54:35 65.41   85.89   69.35   95.34
12:55:38 65.41   86.11   69.35   95.11
12:56:41 65.41   85.89   69.35   94.89
12:57:45 65.41   85.78   69.35   94.55
12:58:48 65.41   85.33   69.35   94.21
12:59:51 65.41   85.10   69.35   93.99
13:00:55 65.30   84.99   69.35   93.65
13:01:58 65.30   84.43   69.35   93.43
13:03:01 65.41   84.54   69.46   93.09
13:04:05 65.41   84.65   69.46   92.86
13:05:08 65.41   84.54   69.46   92.64
13:06:11 65.30   84.09   69.46   92.53
13:07:15 65.30   83.97   69.46   92.19
13:08:18 65.30   83.97   69.46   91.96
13:09:21 65.30   83.86   69.46   91.85
13:10:25 65.30   83.86   69.46   91.51
13:11:28 65.30   83.75   69.46   91.18
13:12:31 65.30   83.97   69.46   90.95
13:13:35 65.30   83.75   69.46   90.84
13:14:38 65.30   83.41   69.46   90.72
13:15:41 65.30   83.41   69.46   90.50
13:16:45 65.30   83.30   69.46   90.16
13:17:48 65.30   83.53   69.46   89.94
13:18:51 65.30   83.08   69.58   89.71
13:19:55 65.30   82.96   69.58   89.49
13:20:58 65.30   82.96   69.58   89.26
13:22:01 65.30   83.30   69.58   89.26
13:23:05 65.19   83.19   69.58   89.15
13:24:08 65.30   82.96   69.58   89.04
13:25:11 65.30   82.85   69.58   88.81
13:26:15 65.30   82.96   69.69   88.70
13:27:18 65.19   82.74   69.69   88.70
13:28:21 65.30   82.85   69.69   88.36
13:29:25 65.30   82.62   69.69   88.36
13:30:28 65.30   82.85   69.69   88.25
13:31:32 65.30   82.51   69.69   88.03
13:32:35 65.30   82.62   69.69   87.80
13:33:38 65.30   82.51   69.69   87.69
13:34:42 65.19   82.40   69.69   87.46
13:35:45 65.30   82.74   69.69   87.35
13:36:48 65.30   82.62   69.69   87.24
13:37:52 65.30   82.62   69.69   87.12
13:38:55 65.30   82.74   69.69   87.12
13:39:58 65.19   82.51   69.69   87.01
13:41:02 65.30   82.62   69.80   86.90
13:42:05 65.30   82.40   69.80   86.79
13:43:08 65.19   82.18   69.80   86.68
13:44:12 65.30   82.18   69.80   86.45
13:45:15 65.19   82.18   69.80   86.34
13:46:18 65.19   82.40   69.80   86.34
13:47:22 65.19   82.18   69.80   86.22
13:48:25 65.30   82.40   69.80   86.11
13:49:28 65.19   82.40   69.80   86.00
13:50:32 65.30   82.29   69.80   86.00
13:51:35 65.30   81.95   69.80   85.89
13:52:38 65.30   82.40   69.80   85.89
13:53:42 65.30   82.18   69.80   85.66
13:54:45 65.19   82.29   69.91   85.66
13:55:48 65.19   82.29   69.80   85.44
13:56:52 65.30   82.40   69.91   85.44
13:57:55 65.30   82.40   69.91   85.33
13:58:58 65.19   82.29   69.91   85.21
14:00:02 65.30   82.51   69.91   85.10
14:01:05 65.30   82.51   69.91   85.10
14:02:08 65.30   82.40   69.91   85.10
14:03:12 65.19   82.51   69.91   85.10
14:04:15 65.30   82.51   69.91   84.99
14:05:19 65.19   82.51   69.91   84.99
14:06:22 65.30   82.29   69.91   84.76
14:07:25 65.30   82.40   69.91   84.65
14:08:29 65.30   82.06   69.91   84.65
14:09:32 65.30   82.18   69.91   84.54
14:10:35 65.30   82.06   70.03   84.65
14:11:39 65.30   81.95   70.03   84.54
14:12:42 65.30   82.51   70.03   84.54
14:13:45 65.30   82.40   70.03   84.43
14:14:49 65.19   82.29   70.03   84.43
14:15:52 65.30   82.29   70.03   84.31
14:16:55 65.30   82.51   70.03   84.31
14:17:59 65.30   82.18   70.03   84.20
14:19:02 65.30   82.18   70.03   84.31
14:20:05 65.30   82.18   70.03   84.31
14:21:09 65.30   82.29   70.03   84.20
14:22:12 65.30   82.18   70.03   83.97
14:23:15 65.30   81.95   70.03   83.86
14:24:19 65.30   82.06   70.14   83.86
14:25:22 65.30   82.29   70.03   83.75
14:26:25 65.30   82.06   70.14   83.64
14:27:29 65.30   82.06   70.03   83.64
14:28:32 65.30   81.95   70.03   83.53
14:29:35 65.30   82.06   70.03   83.41
14:30:39 65.30   82.29   70.14   83.41
14:31:42 65.30   81.95   70.14   83.19
14:32:45 65.30   82.18   70.03   83.19
14:33:49 65.30   81.95   70.03   83.08
14:34:52 65.30   82.06   70.14   83.19
14:35:55 65.30   82.40   70.14   83.19
14:36:59 65.30   81.84   70.14   82.96
14:38:02 65.30   81.95   70.14   82.85
14:39:06 65.30   82.18   70.14   82.85
14:40:09 65.30   81.84   70.14   82.85
14:41:12 65.30   82.18   70.14   82.74
14:42:16 65.30   82.06   70.14   82.74
14:43:19 65.30   82.06   70.14   82.74
14:44:22 65.30   81.84   70.14   82.74
14:45:26 65.30   81.84   70.14   82.74
14:46:29 65.30   81.95   70.14   82.96
14:47:32 65.41   81.72   70.14   82.85
14:48:36 65.41   81.72   70.14   82.96
14:49:39 65.41   81.84   70.14   82.85
14:50:42 65.41   82.06   70.14   82.85
14:51:46 65.41   82.06   70.14   82.85
14:52:49 65.41   81.95   70.14   82.74
14:53:52 65.53   81.72   70.14   82.74
14:54:56 65.53   82.06   70.14   82.62
14:55:59 65.53   81.95   70.14   82.51
14:57:02 65.53   82.06   70.14   82.51
14:58:06 65.53   81.95   70.14   82.51
14:59:09 65.53   81.61   70.25   82.51
15:00:12 65.53   81.84   70.25   82.51
15:01:16 65.53   81.84   70.25   82.29
15:02:19 65.53   81.84   70.25   82.51
15:03:22 65.53   82.06   70.25   82.40
15:04:26 65.53   82.06   70.25   82.18
15:05:29 65.53   81.95   70.25   82.29
15:06:32 65.53   82.06   70.25   82.29
15:07:36 65.53   81.84   70.25   82.18
15:08:39 65.53   81.84   70.25   82.18
15:09:42 65.53   81.95   70.25   82.18
15:10:46 65.53   81.84   70.25   82.18
15:11:49 65.53   81.95   70.25   82.18
15:12:52 65.53   81.72   70.25   82.18
15:13:56 65.53   81.95   70.25   82.06
15:14:59 65.53   82.06   70.25   82.06
15:16:03 65.64   81.84   70.25   82.06
15:17:06 65.53   81.95   70.36   82.06
15:18:09 65.53   81.95   70.36   81.95
15:19:13 65.53   81.95   70.36   81.95
15:20:16 65.53   81.84   70.36   81.95
15:21:19 65.64   82.06   70.36   81.72
15:22:23 65.53   81.84   70.36   81.84
15:23:26 65.53   82.06   70.36   81.95
15:24:29 65.64   82.06   70.36   81.84
15:25:33 65.53   82.06   70.36   81.95
15:26:36 65.53   82.06   70.36   81.84
15:27:39 65.53   82.06   70.36   81.95
15:28:43 65.53   82.06   70.36   82.06
15:29:46 65.53   81.95   70.36   81.95
15:30:49 65.53   81.84   70.36   81.84
15:31:53 65.64   81.95   70.36   81.84
15:32:56 65.53   82.06   70.36   81.84
15:33:59 65.53   82.18   70.36   81.95
15:35:03 65.64   81.72   70.47   81.95
15:36:06 65.53   81.95   70.36   81.95
15:37:09 65.53   81.95   70.36   81.95
15:38:13 65.53   81.72   70.47   81.95
15:39:16 65.53   81.84   70.47   81.84
15:40:19 65.53   81.50   70.47   81.61
15:41:23 65.53   81.84   70.47   81.72
15:42:26 65.53   81.72   70.47   81.84
15:43:29 65.53   81.72   70.47   81.72
15:44:33 65.53   81.84   70.47   81.72
15:45:36 65.53   81.95   70.47   81.72
15:46:39 65.53   81.72   70.47   81.61
15:47:43 65.53   82.06   70.47   81.61
15:48:46 65.53   81.72   70.47   81.61
15:49:49 65.53   82.18   70.47   81.61
15:50:53 65.53   82.06   70.47   81.61
15:51:56 65.53   82.06   70.47   82.51
15:53:00 65.53   81.84   70.47   107.94
15:54:03 65.53   81.84   70.47   111.09
15:55:06 65.53   81.84   70.47   110.98
15:56:10 65.53   81.95   70.47   110.19
15:57:13 65.53   82.18   70.47   108.95
15:58:16 65.53   82.18   70.47   107.83
15:59:20 65.53   81.84   70.47   106.70
16:00:23 65.53   81.84   70.47   105.69
16:01:26 65.53   81.84   70.59   104.79
16:02:30 65.53   81.95   70.47   103.78
16:03:33 65.53   82.06   70.47   102.99
16:04:36 65.53   82.06   70.47   101.98
16:05:40 65.53   82.06   70.47   101.19
16:06:43 65.53   82.06   70.47   100.51
16:07:46 65.53   88.59   70.59   99.95
16:08:50 68.68   134.60   70.59   99.50
16:09:52 69.69   146.30   70.47   99.39
16:10:55 70.36   122.23   70.59   99.28
16:11:59 70.14   111.42   70.70   99.16
16:13:02 69.24   110.64   70.70   98.71
16:14:05 68.68   108.50   70.70   98.15
16:15:09 68.11   107.49   70.81   97.59
16:16:12 67.89   107.26   70.81   97.03
16:17:15 67.55   106.25   70.81   96.58
16:18:19 67.33   105.35   70.81   96.12
16:19:22 67.21   103.89   70.81   95.79
16:20:25 66.99   102.42   70.81   95.34
16:21:29 66.99   100.51   70.81   99.73
16:22:32 66.76   99.61   70.81   102.88
16:23:35 66.65   97.81   70.81   102.31
16:24:39 66.54   97.03   70.81   101.53
16:25:42 66.43   95.79   70.81   100.74
16:26:45 66.31   94.78   70.81   99.95
16:27:49 66.31   93.99   70.81   98.94
16:28:52 66.20   93.20   70.81   98.26
16:29:56 66.09   92.30   70.81   97.48
16:30:59 66.09   91.40   70.81   96.91
16:32:02 66.09   90.39   70.81   96.35
16:33:06 66.09   90.28   70.81   95.90
16:34:09 65.97   89.71   70.81   95.45
16:35:12 65.97   89.15   70.81   95.11
16:36:16 65.97   88.81   70.81   94.55
16:37:19 65.97   88.14   70.81   107.26
16:38:22 65.97   87.58   70.81   110.98
16:39:26 65.86   87.12   70.81   111.09
16:40:29 65.86   90.16   70.81   110.41
16:41:32 68.56   129.20   70.81   109.74
16:42:35 69.80   149.00   70.81   109.29
16:43:38 70.36   153.50   70.93   109.06
16:44:41 70.81   144.16   70.93   108.73
16:45:44 71.26   153.28   71.04   108.39
16:46:47 71.71   157.21   71.04   107.94
16:47:50 72.05   145.74   71.15   107.49
16:48:52 72.28   154.18   71.26   107.04
16:49:55 72.50   157.66   71.26   106.70
16:50:58 72.84   146.64   71.38   106.36
16:52:01 72.95   155.30   71.38   105.80
16:53:04 73.18   157.32   71.49   105.58
16:54:07 73.29   147.31   71.60   105.24
16:55:10 73.40   136.62   71.71   104.90
16:56:13 73.29   119.64   71.71   104.45
16:57:16 72.05   120.42   71.83   103.66
16:58:20 70.81   119.86   71.83   102.88
16:59:23 70.14   122.34   71.94   102.20
17:00:26 71.94   134.26   71.94   101.75
17:01:29 72.39   148.55   71.94   101.75
17:02:32 72.72   158.56   72.05   101.75
17:03:35 72.95   146.53   72.16   101.86
17:04:38 73.18   150.91   72.16   101.86
17:05:40 73.51   150.69   72.28   101.86
17:06:43 73.74   124.25   72.28   101.75
17:07:47 73.29   114.01   72.39   101.30
17:08:50 71.94   115.59   72.39   100.74
17:09:53 70.93   114.80   72.39   100.06
17:10:57 71.60   127.51   72.50   99.73
17:12:00 72.61   145.40   72.50   99.61
17:13:02 72.95   156.65   72.50   99.73
17:14:05 73.18   150.80   72.50   100.06
17:15:08 73.51   146.86   72.61   100.17
17:16:11 73.74   126.95   72.61   100.06
17:17:14 73.18   120.20   72.72   99.84
17:18:18 71.83   120.31   72.84   99.39
17:19:21 70.81   118.74   72.84   98.94
17:20:24 70.14   116.49   72.84   98.49
17:21:28 72.05   129.09   72.84   98.15
17:22:31 72.84   144.16   72.95   98.26
17:23:33 73.06   155.53   73.06   98.38
17:24:36 73.40   156.99   73.06   98.71
17:25:39 73.74   129.99   73.18   98.83
17:26:42 73.51   113.56   73.18   98.71
17:27:46 72.28   115.03   73.29   98.26
17:28:49 71.15   115.25   73.18   97.70
17:29:53 70.47   116.38   73.29   97.48
17:30:56 69.91   116.26   73.18   97.14
17:31:59 69.69   119.64   73.18   96.80
17:33:02 71.71   137.75   73.18   100.17
17:34:05 72.50   150.91   73.18   111.54
17:35:08 72.95   158.79   73.18   113.11
17:36:11 73.29   137.19   73.29   112.66
17:37:14 73.18   119.98   73.29   115.03
17:38:17 72.05   120.76   73.29   115.25
17:39:21 71.04   119.19   73.29   115.14
17:40:24 70.36   120.88   73.40   114.12
17:41:27 69.80   120.76   73.29   112.89
17:42:31 69.46   119.19   73.29   114.12
17:43:34 69.12   117.16   73.29   113.67
17:44:37 68.90   115.25   73.29   112.66
17:45:41 69.58   120.65   73.29   111.65
17:46:44 71.60   137.98   73.29   110.98
17:47:47 72.50   150.91   73.29   110.64
17:48:50 73.06   148.44   73.29   110.30
17:49:53 73.40   121.89   73.29   109.62
17:50:56 72.61   120.09   73.40   108.95
17:51:59 71.49   119.64   73.40   108.05
17:53:03 70.59   117.05   73.40   107.26
17:54:06 70.14   119.86   73.40   106.48
17:55:09 69.69   118.40   73.40   105.80
17:56:13 69.24   116.71   73.40   105.12
17:57:16 69.01   115.03   73.51   104.56
17:58:19 68.79   112.66   73.51   104.00
17:59:23 68.68   111.42   73.40   103.66
18:00:26 68.45   109.74   73.40   111.76
18:01:29 68.34   108.16   73.51   111.88
18:02:33 68.22   106.92   73.40   110.98
18:03:36 68.11   105.35   73.40   109.85
18:04:39 68.11   104.00   73.40   108.84
18:05:43 68.00   102.88   73.40   107.71
18:06:46 67.89   101.75   73.40   106.92
18:07:49 67.78   100.96   73.40   108.05
18:08:53 67.78   99.84   73.40   110.75
18:09:56 67.66   98.83   73.40   110.19
18:10:59 67.55   98.38   73.40   109.29
18:12:03 67.44   97.48   73.40   108.05
18:13:06 67.33   96.69   73.40   107.04
18:14:09 67.21   95.90   73.29   106.14
18:15:13 67.33   95.00   73.18   105.24
18:16:16 67.21   94.44   73.06   104.45
18:17:19 67.10   93.76   72.95   103.78
18:18:23 66.99   93.09   72.95   107.38
18:19:26 66.99   92.64   72.95   107.94
18:20:30 66.99   92.19   72.95   107.15
18:21:33 66.88   91.85   73.06   106.14
18:22:36 66.88   91.29   73.06   105.12
18:23:40 66.88   91.18   73.06   104.23
18:24:43 66.88   91.18   73.06   103.66
18:25:46 66.76   90.84   73.18   102.76
18:26:50 66.76   90.50   73.18   102.09
18:27:53 66.76   90.61   73.18   101.41
18:28:56 66.76   90.39   73.18   100.85
18:30:00 66.76   90.16   73.18   100.29
18:31:03 66.76   89.71   73.18   105.12
18:32:06 66.76   89.60   73.18   110.53
18:33:10 66.65   89.49   73.18   111.76
18:34:13 66.65   89.38   73.18   111.88
18:35:16 66.65   89.26   73.18   111.31
18:36:20 66.65   89.26   73.18   113.00
18:37:23 66.65   88.93   73.29   113.00
18:38:26 66.65   89.04   73.18   112.33
18:39:30 66.65   88.59   73.29   111.31
18:40:33 66.65   88.59   73.18   110.08
18:41:36 66.65   88.36   73.29   109.06
18:42:40 66.65   88.25   73.18   108.28
18:43:43 66.65   88.47   73.29   107.26
18:44:46 66.76   88.36   73.29   106.36
18:45:50 66.76   88.25   73.29   105.46
18:46:53 66.76   88.25   73.29   104.67
18:47:56 66.76   88.03   73.29   103.89
18:49:00 66.76   87.69   73.29   103.21
18:50:03 66.76   87.80   73.29   102.54
18:51:06 66.76   87.69   73.29   101.98
18:52:10 66.76   87.69   73.18   101.53
18:53:13 66.76   87.46   73.18   100.85
18:54:17 66.76   87.46   73.18   100.40
18:55:20 66.76   87.58   73.18   99.84
18:56:23 66.76   87.35   73.18   99.39
18:57:27 66.65   87.24   73.18   99.05
18:58:30 66.65   87.12   73.29   98.60
18:59:33 66.65   87.01   73.18   98.26
19:00:37 66.65   87.12   73.18   97.92
19:01:40 66.65   87.46   73.18   97.59
19:02:43 66.65   87.01   73.18   97.14
19:03:47 66.65   87.01   73.29   96.80
19:04:50 66.65   87.12   73.18   96.58
19:05:53 66.65   87.12   73.29   96.12
19:06:57 66.65   87.12   73.18   95.90
19:08:00 66.65   87.01   73.18   95.45
19:09:03 66.65   86.90   73.18   95.22
19:10:07 66.65   86.79   73.18   94.89
19:11:10 66.65   86.68   73.18   94.66
19:12:13 66.65   86.45   73.18   94.33
19:13:17 66.54   86.68   73.18   94.10
19:14:20 66.65   86.45   73.18   93.88
19:15:23 66.65   86.56   73.18   93.54
19:16:27 66.65   86.68   73.18   93.31
19:17:30 66.65   86.45   73.18   93.20
19:18:33 66.54   86.56   73.18   93.09
19:19:37 66.54   86.45   73.18   92.75
19:20:40 66.54   86.34   73.18   92.53
19:21:43 66.54   86.34   73.18   92.41
19:22:47 66.54   86.22   73.18   92.30
19:23:50 66.54   86.22   73.18   92.08
19:24:53 66.54   86.22   73.18   91.96
19:25:57 66.54   86.34   73.18   91.74
19:27:00 66.54   86.22   73.06   91.51
19:28:04 66.54   86.22   73.18   91.29
19:29:07 66.54   86.11   73.18   91.18
19:30:10 66.54   85.89   73.18   91.06
19:31:14 66.54   86.00   73.18   90.84
19:32:17 66.54   86.00   73.18   90.72
19:33:20 66.54   86.11   73.18   90.61
19:34:24 66.54   86.11   73.18   90.50
19:35:27 66.54   86.11   73.06   90.28
19:36:30 66.54   85.89   73.06   90.05
19:37:34 66.54   85.78   73.06   89.94
19:38:37 66.54   86.00   73.06   89.71
19:39:40 66.54   85.89   73.06   89.71
19:40:44 66.54   85.78   73.06   89.49
19:41:47 66.54   85.66   73.06   89.38
19:42:50 66.54   85.55   73.06   89.26
19:43:54 66.54   85.89   73.06   89.26
19:44:57 66.54   85.89   73.06   89.04
19:46:00 66.54   85.89   73.06   88.93
19:47:04 66.54   85.66   73.06   88.81
19:48:07 66.54   85.55   73.06   88.70
19:49:10 66.54   85.89   73.06   88.59
19:50:14 66.54   85.66   73.06   88.47
19:51:17 66.54   85.55   73.06   88.47
19:52:20 66.54   85.55   73.06   88.36
19:53:24 66.54   85.78   73.06   88.25
19:54:27 66.54   85.78   73.06   88.14
19:55:30 66.54   85.66   73.06   88.03
19:56:34 66.54   85.55   73.06   88.03
19:57:37 66.43   85.66   73.06   87.91
19:58:40 66.54   85.55   73.06   87.69
19:59:44 66.54   85.66   73.06   87.69
20:00:47 66.43   85.44   73.06   87.58
20:01:51 66.54   85.44   73.06   87.58
20:02:54 66.54   85.44   73.06   87.46
20:03:57 66.43   85.44   73.06   87.46
20:05:01 66.43   85.33   73.06   87.35
20:06:04 66.43   85.44   73.06   87.24
20:07:07 66.54   85.55   73.06   87.12
20:08:11 66.43   85.33   73.06   87.01
20:09:14 66.43   85.55   73.06   86.90
20:10:17 66.54   85.33   73.06   86.90
20:11:21 66.43   85.10   73.06   86.90
20:12:24 66.43   85.44   73.06   86.79
20:13:27 66.43   85.21   72.95   86.79
20:14:31 66.54   85.55   72.95   104.23
20:15:34 66.54   85.55   72.95   110.53
20:16:37 66.43   85.33   72.84   111.88
20:17:41 66.54   85.44   72.84   112.21
20:18:44 66.54   85.44   72.84   112.10
20:19:47 66.43   85.33   72.72   111.42
20:20:51 66.43   85.10   72.72   110.53
20:21:54 66.43   84.88   72.72   109.74
20:22:57 66.43   84.99   72.72   108.73
20:24:01 66.43   85.10   72.61   107.94
20:25:04 66.43   84.99   72.61   107.04
20:26:07 66.43   84.88   72.61   106.25
20:27:11 66.43   84.99   72.50   105.46
20:28:14 66.43   84.88   72.50   104.67
20:29:17 66.43   84.88   72.50   104.00
20:30:21 66.43   84.76   72.50   103.21
20:31:24 66.43   84.99   72.50   102.54
20:32:27 66.31   84.88   72.50   101.86
20:33:31 66.31   84.76   72.50   101.30
20:34:34 66.31   84.65   72.39   100.74
20:35:38 66.43   84.76   72.39   100.17
20:36:41 66.43   84.76   72.39   99.61
20:37:44 66.43   84.76   72.39   99.16
20:38:48 66.31   84.76   72.39   98.60
20:39:51 66.31   84.88   72.39   98.15
20:40:54 66.31   84.76   72.39   97.70
20:41:58 66.31   84.76   72.39   97.25
20:43:01 66.31   84.20   72.28   96.80
20:44:04 66.31   84.31   72.28   96.46
20:45:08 66.31   84.31   72.28   96.01
20:46:11 66.31   84.09   72.28   95.79
20:47:14 66.31   84.20   72.16   95.34
20:48:18 66.31   84.09   72.28   95.00
20:49:21 66.31   84.09   72.28   94.55
20:50:24 66.31   84.09   72.16   94.21
20:51:28 66.31   84.31   72.16   93.88
20:52:31 66.31   84.31   72.16   93.54
20:53:34 66.31   84.43   72.16   93.31
20:54:38 66.31   84.09   72.16   92.97
20:55:41 66.31   84.20   72.16   92.64
20:56:44 66.31   84.20   72.16   92.41
20:57:48 66.31   84.31   72.05   92.19
20:58:51 66.31   84.20   72.05   91.96
20:59:54 66.20   84.31   72.05   91.62
21:00:58 66.31   84.20   71.94   91.40
21:02:01 66.20   84.31   71.94   91.06
21:03:04 66.31   84.31   71.94   90.84
21:04:08 66.20   84.20   71.83   90.72
21:05:11 66.20   83.97   71.83   107.04
21:06:14 66.31   84.09   71.83   109.85
21:07:18 66.20   83.86   71.71   110.86
21:08:21 66.20   83.86   71.71   111.20
21:09:25 66.20   83.97   71.71   111.31
21:10:28 66.20   84.09   71.60   111.09
21:11:31 66.20   83.97   71.60   110.98
21:12:35 66.20   83.97   71.49   110.64
21:13:38 66.20   83.75   71.49   110.19
21:14:41 66.20   84.20   71.49   109.62
21:15:45 66.20   84.09   71.38   108.95
21:16:48 66.20   84.09   71.38   108.16
21:17:51 66.20   83.75   71.26   107.38
21:18:55 66.20   83.97   71.26   106.59
21:19:58 66.20   83.97   71.26   105.91
21:21:01 66.20   84.09   71.26   105.24
21:22:05 66.20   83.86   71.15   109.62
21:23:08 66.31   83.97   71.15   112.10
21:24:11 66.31   84.09   71.15   112.21
21:25:15 66.31   83.75   71.15   111.76
21:26:18 66.31   83.75   71.15   111.20
21:27:21 66.31   83.75   71.04   110.41
21:28:25 66.31   83.97   71.04   109.74
21:29:28 66.31   83.64   71.04   108.84
21:30:31 66.31   83.64   71.04   107.94
21:31:35 66.31   83.53   71.04   106.92
21:32:38 66.31   83.41   70.93   105.58
21:33:41 66.31   83.30   70.93   104.34
21:34:45 66.31   83.30   70.93   102.88
21:35:48 66.31   83.41   70.93   101.53
21:36:51 66.31   83.19   70.93   100.29
21:37:55 66.31   83.41   70.93   99.61
21:38:58 66.31   83.41   70.81   99.05
21:40:01 66.31   83.53   70.81   98.60
21:41:05 66.31   83.53   70.81   98.26
21:42:08 66.31   83.19   70.81   97.81
21:43:12 66.31   83.41   70.81   97.36
21:44:15 66.31   83.53   70.70   96.91
21:45:18 66.31   83.41   70.70   96.58
21:46:22 66.31   83.41   70.70   96.12
21:47:25 66.31   83.30   70.70   95.79
21:48:28 66.31   83.19   70.70   95.45
21:49:32 66.31   83.19   70.59   95.00
21:50:35 66.31   83.19   70.59   94.78
21:51:38 66.31   83.08   70.59   94.44
21:52:42 66.31   83.19   70.59   94.21
21:53:45 66.31   83.19   70.59   93.99
21:54:48 66.31   82.96   70.59   93.76
21:55:52 66.31   83.19   70.59   93.43
21:56:55 66.31   83.30   70.59   93.31
21:57:58 66.43   83.08   70.47   93.09
21:59:02 66.43   83.19   70.47   92.97
22:00:05 66.43   83.08   70.47   92.75
22:01:08 66.43   83.08   70.47   92.53
22:02:12 66.43   83.08   70.47   92.30
22:03:15 66.43   82.96   70.47   92.19
22:04:18 66.43   83.19   70.47   92.08
22:05:22 66.43   83.08   70.36   91.85
22:06:25 66.43   83.08   70.36   91.74
22:07:28 66.43   83.19   70.36   91.62
22:08:32 66.43   83.08   70.36   91.51
22:09:35 66.43   83.30   70.36   91.40
22:10:38 66.43   82.96   70.36   91.29
22:11:42 66.31   83.08   70.25   91.06
22:12:45 66.31   83.08   70.25   90.72
22:13:49 66.31   82.96   70.25   90.50
22:14:52 66.31   82.85   70.25   90.28
22:15:55 66.31   82.74   70.25   90.05
22:16:59 66.31   82.96   70.25   94.21
22:18:02 66.31   82.85   70.25   106.59
22:19:05 66.31   82.85   70.25   107.94
22:20:09 66.31   82.62   70.25   107.71
22:21:12 66.20   82.85   70.25   106.70
22:22:15 66.20   82.74   70.14   105.46
22:23:19 66.20   82.51   70.14   104.23
22:24:22 66.20   82.18   70.14   103.10
22:25:25 66.20   82.62   70.14   102.09
22:26:29 66.20   82.18   70.14   106.36
22:27:32 66.09   82.29   70.14   107.49
22:28:35 66.09   82.29   70.03   107.71
22:29:39 66.09   82.51   70.03   107.60
22:30:42 66.09   82.51   70.03   107.26
22:31:45 66.09   82.29   70.03   106.81
22:32:49 66.09   82.29   70.03   106.25
22:33:52 66.09   82.29   70.03   105.80
22:34:55 66.09   82.40   69.91   105.24
22:35:59 66.09   82.40   69.91   104.67
22:37:02 66.09   82.29   69.91   104.11
22:38:05 66.09   82.40   69.91   106.25
22:39:09 66.09   82.74   69.91   105.91
22:40:12 66.09   82.62   69.91   105.12
22:41:15 66.09   82.40   69.91   104.45
22:42:19 66.09   82.62   69.91   103.66
22:43:22 66.09   82.51   69.80   102.88
22:44:26 66.09   82.40   69.80   102.20
22:45:29 66.09   82.29   69.69   101.64
22:46:32 66.09   82.18   69.69   100.96
22:47:36 65.97   82.40   69.80   100.40
22:48:39 65.97   82.29   69.69   99.73
22:49:42 65.97   82.06   69.69   99.16
22:50:46 65.97   82.29   69.69   98.71
22:51:49 65.97   82.18   69.69   98.26
22:52:52 65.97   81.95   69.69   97.70
22:53:56 65.97   82.18   69.58   97.25
22:54:59 65.86   82.06   69.58   96.69
22:56:02 65.97   81.95   69.58   96.24
22:57:06 65.97   81.95   69.58   95.79
22:58:09 65.97   82.06   69.58   95.45
22:59:12 65.97   81.95   69.58   95.00
23:00:16 65.97   81.72   69.58   94.66
23:01:19 65.97   81.95   69.58   94.21
23:02:22 65.86   81.95   69.46   93.88
23:03:26 65.86   81.72   69.46   93.43
23:04:29 65.86   81.72   69.46   93.09
23:05:32 65.86   81.72   69.46   92.75
23:06:36 65.86   81.61   69.46   92.53
23:07:39 65.86   81.95   69.46   92.19
23:08:42 65.86   81.72   69.46   91.74
23:09:46 65.86   81.84   69.46   91.51
23:10:49 65.86   81.84   69.35   91.06
23:11:52 65.86   81.72   69.35   90.84
23:12:56 65.86   81.72   69.35   90.61
23:13:59 65.75   81.84   69.35   90.39
23:15:02 65.86   81.61   69.35   90.16
23:16:06 65.75   81.84   69.35   89.94
23:17:09 65.75   81.72   69.35   89.71
23:18:12 65.75   81.50   69.24   89.49
23:19:16 65.75   81.50   69.24   89.26
23:20:19 65.86   81.72   69.24   103.78
23:21:22 65.75   81.61   69.24   107.94
23:22:26 65.75   81.61   69.24   109.74
23:23:29 65.86   81.28   69.24   110.08
23:24:33 65.75   81.39   69.24   110.08
23:25:36 65.86   81.50   69.24   109.51
23:26:39 65.75   81.28   69.24   109.85
23:27:43 65.75   81.50   69.12   110.41
23:28:46 65.75   81.50   69.24   109.96
23:29:49 65.86   81.61   69.12   109.40
23:30:53 65.86   81.72   69.12   108.84
23:31:56 65.75   81.61   69.12   108.16
23:32:59 65.86   81.84   69.12   107.49
23:34:03 65.86   81.84   69.12   106.81
23:35:06 65.86   81.72   69.12   106.03
23:36:09 65.86   81.72   69.12   105.35
23:37:13 65.86   81.72   69.12   104.56
23:38:16 65.86   81.61   69.01   103.89
23:39:19 65.86   81.72   69.01   103.21
23:40:23 65.86   81.61   69.01   102.54
23:41:26 65.86   81.72   69.01   101.86
23:42:29 65.86   81.61   69.01   101.30
23:43:33 65.75   81.61   69.01   100.74
23:44:36 65.75   81.50   69.01   100.29
23:45:39 65.75   81.39   69.01   99.73
23:46:43 65.75   81.61   69.01   99.16
23:47:46 65.75   81.72   68.90   98.71
23:48:49 65.75   81.39   68.90   98.26
23:49:53 65.75   81.50   68.90   97.81
23:50:56 65.75   81.39   68.90   97.48
23:51:59 65.75   81.61   68.90   97.03
23:53:03 65.75   81.39   68.90   96.69
23:54:06 65.75   81.39   68.90   96.12
23:55:09 65.75   81.39   68.90   95.68
23:56:13 65.75   81.39   68.90   95.34
23:57:16 65.75   81.61   68.90   95.00
23:58:19 65.75   81.39   68.79   94.55
23:59:23 65.75   81.16   68.90   94.10
