 Date  Furn_In  Furn_Out  Bsmnt   Water_Htr
00:00:01 64.96   80.49   67.66   91.62
00:01:05 64.85   80.38   67.66   91.29
00:02:08 64.85   80.38   67.66   90.95
00:03:11 64.85   80.38   67.66   90.72
00:04:15 64.85   80.26   67.66   90.50
00:05:18 64.85   80.38   67.66   90.16
00:06:21 64.85   80.38   67.66   89.83
00:07:25 64.85   80.04   67.66   89.49
00:08:28 64.85   80.26   67.55   89.26
00:09:31 64.85   80.38   67.66   88.93
00:10:35 64.85   80.38   67.66   88.81
00:11:38 64.85   80.15   67.66   88.59
00:12:41 64.85   80.38   67.66   88.25
00:13:45 64.85   80.38   67.55   88.03
00:14:48 64.85   80.04   67.55   87.80
00:15:51 64.85   80.15   67.55   87.58
00:16:55 64.85   80.15   67.55   87.35
00:17:58 64.85   80.04   67.66   87.24
00:19:01 64.85   80.15   67.44   87.12
00:20:05 64.85   79.93   67.55   87.01
00:21:08 64.85   80.04   67.55   86.90
00:22:11 64.85   79.93   67.44   86.68
00:23:15 64.85   80.04   67.44   86.56
00:24:18 64.85   79.93   67.55   86.22
00:25:22 64.85   79.93   67.55   86.00
00:26:25 64.85   80.04   67.44   85.78
00:27:28 64.85   79.93   67.55   85.66
00:28:32 64.85   79.81   67.55   85.55
00:29:35 64.85   79.93   67.55   85.33
00:30:38 64.85   80.04   67.55   85.33
00:31:42 64.85   80.26   67.55   85.21
00:32:45 64.85   79.70   67.44   85.10
00:33:48 64.85   79.81   67.44   84.99
00:34:52 64.85   79.93   67.55   84.76
00:35:55 64.85   80.15   67.55   84.65
00:36:58 64.85   79.93   67.55   84.54
00:38:02 64.85   80.15   67.44   84.43
00:39:05 64.85   79.81   67.44   84.31
00:40:08 64.85   79.70   67.44   84.31
00:41:12 64.85   79.93   67.55   84.09
00:42:15 64.85   80.04   67.44   83.97
00:43:18 64.85   80.15   67.44   83.75
00:44:22 64.85   80.15   67.44   83.64
00:45:25 64.85   80.04   67.44   83.53
00:46:28 64.85   80.15   67.44   83.53
00:47:32 64.85   80.15   67.44   83.53
00:48:35 64.85   79.93   67.44   83.41
00:49:38 64.85   80.15   67.44   83.30
00:50:42 64.85   79.93   67.44   83.30
00:51:45 64.85   80.15   67.33   83.19
00:52:48 64.85   79.93   67.44   82.96
00:53:52 64.85   79.81   67.44   83.08
00:54:55 64.85   79.81   67.44   82.96
00:55:58 64.85   79.81   67.33   82.96
00:57:02 64.85   79.70   67.33   82.85
00:58:05 64.74   79.70   67.44   82.74
00:59:08 64.85   79.81   67.44   82.85
01:00:12 64.85   79.93   67.33   82.74
01:01:15 64.85   79.81   67.33   82.62
01:02:18 64.74   79.70   67.33   82.51
01:03:22 64.85   79.81   67.44   82.40
01:04:25 64.74   79.81   67.33   82.29
01:05:29 64.85   79.93   67.33   82.18
01:06:32 64.74   79.81   67.33   82.29
01:07:35 64.74   79.93   67.33   82.06
01:08:39 64.74   79.70   67.33   82.06
01:09:42 64.85   84.43   67.33   82.18
01:10:45 67.33   127.74   67.33   82.18
01:11:48 68.56   148.21   67.33   82.51
01:12:51 69.12   133.14   67.44   83.19
01:13:54 69.46   112.10   67.44   83.53
01:14:57 68.34   111.54   67.44   83.64
01:16:01 67.55   111.99   67.55   83.41
01:17:04 66.99   110.41   67.55   83.41
01:18:08 66.65   108.16   67.55   83.19
01:19:11 66.31   106.70   67.55   83.08
01:20:14 66.09   105.24   67.55   83.08
01:21:18 65.97   102.99   67.55   82.96
01:22:21 65.86   101.53   67.55   82.96
01:23:24 65.75   100.06   67.55   82.85
01:24:28 65.64   98.83   67.55   82.85
01:25:31 65.64   96.58   67.55   82.62
01:26:34 65.53   96.35   67.55   82.74
01:27:38 65.53   94.66   67.55   82.74
01:28:41 65.41   93.65   67.55   82.62
01:29:44 65.41   92.41   67.55   82.62
01:30:48 65.41   97.14   67.55   82.51
01:31:51 68.11   135.05   67.66   82.62
01:32:54 68.90   149.45   67.55   83.30
01:33:56 69.46   136.06   67.66   83.97
01:35:00 69.69   112.89   67.78   84.31
01:36:03 68.68   112.21   67.78   84.20
01:37:06 67.89   110.41   67.78   84.09
01:38:10 67.21   111.42   67.89   83.97
01:39:13 66.88   110.19   67.78   83.75
01:40:16 66.54   108.16   67.78   83.64
01:41:20 66.31   107.26   67.89   83.41
01:42:23 66.20   104.67   67.89   83.41
01:43:26 66.09   103.10   67.78   83.30
01:44:30 65.97   101.75   67.89   83.19
01:45:33 65.86   99.73   67.78   83.19
01:46:36 65.75   98.26   67.78   83.19
01:47:40 65.75   97.59   67.78   83.08
01:48:43 66.99   115.81   67.78   83.08
01:49:46 68.79   140.34   67.89   83.53
01:50:49 69.35   149.68   68.00   84.20
01:51:52 69.80   126.50   68.00   84.76
01:52:55 69.69   112.33   68.00   84.88
01:53:58 68.68   112.21   68.00   84.76
01:55:02 67.89   110.08   68.11   84.54
01:56:05 67.33   111.42   68.11   84.43
01:57:09 66.88   110.08   68.11   84.20
01:58:12 66.65   108.28   68.11   84.20
01:59:15 66.43   106.36   68.11   84.09
02:00:19 66.20   104.56   68.11   84.09
02:01:22 66.09   103.33   68.11   83.86
02:02:25 65.97   101.53   68.00   83.86
02:03:29 65.97   99.84   68.00   83.86
02:04:32 65.86   98.38   68.00   83.86
02:05:35 65.75   97.03   67.89   83.86
02:06:39 65.75   99.28   68.00   83.75
02:07:42 68.34   131.90   68.00   83.75
02:08:45 69.24   147.54   68.11   84.31
02:09:48 69.69   144.50   68.11   85.10
02:10:51 70.14   117.61   68.22   85.44
02:11:54 69.35   112.55   68.22   85.44
02:12:57 68.34   112.33   68.34   85.33
02:14:01 67.66   111.20   68.34   85.10
02:15:04 67.10   111.31   68.22   85.10
02:16:07 66.88   110.53   68.34   84.99
02:17:11 66.65   108.05   68.34   84.88
02:18:14 66.43   106.59   68.34   84.76
02:19:17 66.31   104.56   68.22   84.65
02:20:21 66.20   103.33   68.34   84.54
02:21:24 66.09   101.64   68.34   84.54
02:22:27 65.97   100.17   68.22   84.54
02:23:31 65.86   98.83   68.22   84.43
02:24:34 65.86   98.04   68.22   84.31
02:25:37 65.75   96.69   68.11   84.20
02:26:41 65.75   95.22   68.22   84.20
02:27:44 65.75   94.10   68.22   84.20
02:28:47 65.64   93.88   68.11   84.20
02:29:51 67.10   116.38   68.11   84.20
02:30:54 68.79   142.14   68.22   84.65
02:31:57 69.35   150.12   68.34   85.33
02:33:00 69.91   125.60   68.34   86.00
02:34:03 69.69   112.21   68.34   86.00
02:35:06 68.56   111.99   68.45   85.89
02:36:10 67.89   111.20   68.45   85.66
02:37:13 67.33   111.20   68.45   85.44
02:38:16 66.99   109.74   68.45   85.44
02:39:20 66.65   108.28   68.45   85.33
02:40:23 66.54   106.70   68.45   85.21
02:41:26 66.31   105.35   68.45   85.21
02:42:30 66.20   103.33   68.45   85.21
02:43:33 66.09   101.53   68.34   85.10
02:44:36 65.97   99.95   68.34   84.88
02:45:40 65.97   99.16   68.45   84.76
02:46:43 65.86   97.48   68.45   84.88
02:47:46 65.75   96.46   68.45   84.88
02:48:50 65.75   95.00   68.34   84.65
02:49:53 65.75   94.21   68.34   84.65
02:50:56 65.64   93.20   68.34   84.54
02:52:00 65.64   92.64   68.22   84.43
02:53:03 65.64   91.62   68.34   84.43
02:54:06 65.53   90.95   68.34   84.43
02:55:10 65.53   90.28   68.34   84.31
02:56:13 65.53   89.94   68.34   84.20
02:57:16 65.41   89.15   68.22   84.20
02:58:20 65.53   89.60   68.34   84.09
02:59:23 67.33   121.10   68.22   84.20
03:00:26 68.68   144.61   68.34   84.54
03:01:29 69.35   142.03   68.34   85.21
03:02:32 69.80   115.48   68.45   85.66
03:03:35 69.12   111.76   68.45   85.89
03:04:39 68.11   110.86   68.56   85.78
03:05:42 67.55   109.85   68.45   85.55
03:06:45 67.10   107.26   68.45   85.55
03:07:49 66.76   107.15   68.45   85.44
03:08:52 66.54   106.25   68.56   85.33
03:09:55 66.43   105.24   68.45   85.21
03:10:59 66.31   104.79   68.45   85.10
03:12:02 66.20   102.76   68.45   84.99
03:13:05 66.09   101.41   68.45   84.88
03:14:09 65.97   99.73   68.45   84.88
03:15:12 65.97   98.60   68.45   84.76
03:16:15 65.86   96.91   68.45   84.65
03:17:19 65.86   96.24   68.34   84.65
03:18:22 65.75   94.89   68.34   84.65
03:19:25 65.75   93.65   68.34   84.54
03:20:29 65.75   92.75   68.45   84.54
03:21:32 65.75   91.40   68.45   84.43
03:22:35 65.64   91.18   68.34   84.43
03:23:39 65.64   90.05   68.34   84.31
03:24:42 65.64   89.60   68.34   84.31
03:25:46 65.64   89.15   68.34   84.43
03:26:49 65.53   90.72   68.34   84.31
03:27:52 67.55   123.12   68.22   84.31
03:28:55 68.79   145.51   68.34   84.65
03:29:58 69.35   142.81   68.34   85.44
03:31:01 69.80   116.15   68.34   86.00
03:32:04 69.12   112.21   68.45   86.11
03:33:08 68.11   111.42   68.45   85.78
03:34:11 67.55   112.89   68.56   85.55
03:35:14 67.10   111.09   68.45   85.33
03:36:18 66.76   109.62   68.56   85.33
03:37:21 66.65   107.26   68.56   85.21
03:38:24 66.43   105.58   68.45   85.21
03:39:28 66.31   104.00   68.56   85.10
03:40:31 66.20   102.88   68.56   84.99
03:41:34 66.09   100.85   68.45   84.88
03:42:38 65.97   99.39   68.56   84.88
03:43:41 65.86   98.26   68.45   84.76
03:44:44 65.86   97.25   68.56   84.65
03:45:48 65.75   95.90   68.45   84.65
03:46:51 65.75   94.66   68.45   84.54
03:47:54 65.64   93.43   68.34   84.54
03:48:58 65.64   92.97   68.34   84.54
03:50:01 65.64   91.85   68.45   84.43
03:51:05 65.53   91.51   68.34   84.31
03:52:08 66.76   112.44   68.34   84.31
03:53:11 68.56   141.35   68.45   84.65
03:54:14 69.24   146.86   68.34   85.44
03:55:17 69.69   121.78   68.45   86.11
03:56:20 69.35   112.10   68.45   86.11
03:57:23 68.22   111.65   68.56   85.89
03:58:27 67.66   112.33   68.56   85.66
03:59:30 67.10   111.31   68.45   85.66
04:00:33 66.76   109.17   68.45   85.55
04:01:37 66.54   107.15   68.56   85.33
04:02:40 66.43   105.58   68.45   85.10
04:03:43 66.31   104.23   68.56   85.10
04:04:47 66.09   102.76   68.56   84.99
04:05:50 66.09   101.64   68.56   84.99
04:06:53 65.97   100.17   68.56   84.99
04:07:57 65.86   98.49   68.56   84.99
04:09:00 65.86   96.91   68.45   84.88
04:10:04 65.75   96.12   68.45   84.76
04:11:07 65.64   95.00   68.45   84.65
04:12:10 65.64   93.76   68.45   84.65
04:13:14 65.64   92.41   68.45   84.65
04:14:17 65.64   91.62   68.45   84.65
04:15:20 65.53   90.95   68.45   84.54
04:16:24 65.53   92.19   68.34   84.54
04:17:27 67.55   124.92   68.45   84.54
04:18:30 68.79   145.74   68.45   84.76
04:19:33 69.35   140.56   68.45   85.55
04:20:36 69.80   114.12   68.45   86.00
04:21:39 68.90   111.76   68.45   86.00
04:22:42 68.00   111.20   68.56   85.78
04:23:46 67.33   110.98   68.56   85.66
04:24:49 66.99   110.08   68.56   85.55
04:25:52 66.76   108.39   68.56   85.44
04:26:56 66.43   107.04   68.56   85.44
04:27:59 66.31   105.46   68.56   85.44
04:29:03 66.20   104.45   68.56   85.33
04:30:06 66.09   102.54   68.56   85.21
04:31:09 65.97   100.96   68.45   85.10
04:32:13 65.86   99.16   68.45   85.10
04:33:16 65.86   97.59   68.45   84.99
04:34:19 65.75   96.58   68.45   84.88
04:35:23 65.75   95.34   68.45   84.88
04:36:26 65.75   94.66   68.45   84.76
04:37:29 65.64   93.76   68.34   84.65
04:38:33 65.64   92.75   68.45   84.65
04:39:36 65.64   95.56   68.45   84.65
04:40:39 68.00   131.23   68.45   84.65
04:41:42 68.90   147.76   68.34   85.21
04:42:45 69.46   135.39   68.45   85.89
04:43:48 69.69   112.10   68.56   86.22
04:44:51 68.68   111.65   68.56   86.11
04:45:55 67.89   110.30   68.56   85.89
04:46:58 67.33   108.95   68.56   85.78
04:48:01 66.99   109.17   68.56   85.66
04:49:05 66.65   108.05   68.56   85.44
04:50:08 66.54   106.48   68.56   85.44
04:51:12 66.31   105.46   68.56   85.44
04:52:15 66.20   103.66   68.68   85.33
04:53:18 66.09   101.86   68.56   85.33
04:54:22 65.97   100.62   68.56   85.21
04:55:25 65.86   98.94   68.56   85.10
04:56:28 65.86   98.04   68.56   84.99
04:57:32 65.75   96.58   68.56   84.88
04:58:35 65.75   95.22   68.45   84.88
04:59:38 65.75   97.92   68.56   84.88
05:00:41 68.22   133.14   68.56   84.88
05:01:44 69.01   148.32   68.45   85.44
05:02:47 69.46   156.54   68.56   104.45
05:03:50 69.91   144.84   68.56   109.62
05:04:53 70.25   148.21   68.68   111.20
05:05:56 70.59   156.43   68.68   111.99
05:06:59 70.81   153.28   68.90   112.44
05:08:02 71.15   146.75   68.90   112.66
05:09:05 71.38   155.07   68.90   112.66
05:10:07 71.60   159.80   69.01   113.90
05:11:10 71.71   145.96   69.12   114.12
05:12:13 71.94   152.82   69.24   114.58
05:13:16 72.05   160.03   69.35   115.14
05:14:19 72.16   148.66   69.35   115.25
05:15:22 72.39   149.90   69.46   115.03
05:16:25 72.50   147.31   69.46   114.58
05:17:28 72.50   121.66   69.58   113.90
05:18:31 71.26   121.10   69.58   113.00
05:19:34 70.03   122.00   69.69   111.99
05:20:38 70.59   126.50   69.69   110.98
05:21:41 71.49   140.23   69.80   110.41
05:22:44 71.83   152.04   69.80   110.19
05:23:46 72.16   159.69   69.80   110.08
05:24:49 72.28   147.20   69.91   109.85
05:25:52 72.50   150.01   69.91   109.62
05:26:55 72.72   157.55   70.03   114.01
05:27:58 72.84   135.84   70.14   114.01
05:29:01 72.50   121.10   70.14   113.34
05:30:04 70.93   122.11   70.03   112.21
05:31:08 69.80   120.88   70.25   111.09
05:32:11 71.15   130.21   70.25   110.30
05:33:14 71.83   144.39   70.36   110.08
05:34:17 72.28   154.96   70.36   109.96
05:35:20 72.50   157.78   70.36   109.96
05:36:22 72.72   146.30   70.47   109.85
05:37:25 72.95   143.04   70.59   109.51
05:38:28 72.95   120.65   70.59   109.17
05:39:32 71.60   120.65   70.59   117.61
05:40:35 70.25   121.66   70.59   118.29
05:41:38 69.35   120.09   70.70   116.94
05:42:42 69.12   123.01   70.70   115.70
05:43:45 71.49   133.93   70.70   114.69
05:44:48 72.05   147.31   70.70   114.12
05:45:51 72.39   156.76   70.70   113.67
05:46:53 72.61   153.28   70.70   113.34
05:47:56 72.84   125.38   70.81   112.89
05:49:00 72.39   114.35   70.81   111.99
05:50:03 70.93   115.59   70.81   110.98
05:51:06 69.91   115.36   70.93   110.08
05:52:10 69.12   113.56   70.93   109.17
05:53:13 68.56   112.55   70.93   108.50
05:54:16 68.22   113.67   70.81   107.83
05:55:20 67.89   115.92   70.81   107.15
05:56:23 71.04   136.29   70.70   106.81
05:57:26 71.83   149.45   70.81   106.92
05:58:29 72.16   150.01   70.81   106.92
05:59:31 72.61   123.80   70.93   106.81
06:00:35 71.49   119.98   70.81   106.36
06:01:38 70.25   120.20   70.93   105.80
06:02:41 69.35   117.50   70.93   105.12
06:03:45 68.79   119.86   70.93   104.56
06:04:48 68.34   118.74   70.93   103.89
06:05:52 68.00   117.05   70.93   103.44
06:06:55 67.66   114.46   70.81   102.99
06:07:58 67.44   112.33   70.81   102.54
06:09:02 67.33   110.98   70.81   102.09
06:10:05 67.21   108.84   70.70   101.75
06:11:08 66.99   107.15   70.81   101.19
06:12:12 66.99   104.90   70.70   100.74
06:13:15 66.88   103.66   70.70   100.40
06:14:18 66.88   102.31   70.70   100.06
06:15:22 66.76   101.19   70.70   99.73
06:16:25 66.65   100.17   70.59   99.39
06:17:28 66.65   99.16   70.59   99.05
06:18:32 66.54   98.38   70.59   98.71
06:19:35 66.54   97.14   70.59   98.38
06:20:38 66.43   96.46   70.59   98.15
06:21:42 66.43   95.22   70.47   97.81
06:22:45 66.31   94.44   70.47   97.36
06:23:48 66.31   94.10   70.47   97.14
06:24:52 66.31   93.54   70.36   96.80
06:25:55 66.31   92.86   70.36   96.58
06:26:58 66.20   92.53   70.36   96.12
06:28:02 66.20   92.19   70.36   96.01
06:29:05 66.09   91.74   70.36   95.68
06:30:08 66.20   91.06   70.25   95.45
06:31:12 66.09   90.61   70.25   95.11
06:32:15 66.09   90.39   70.25   94.89
06:33:18 66.09   89.94   70.25   94.66
06:34:22 66.09   89.71   70.25   94.33
06:35:25 66.09   89.38   70.14   94.21
06:36:29 65.97   89.04   70.14   104.00
06:37:32 65.97   88.70   70.14   111.54
06:38:35 65.97   88.25   70.03   112.33
06:39:39 65.97   88.47   70.14   112.44
06:40:42 65.97   88.25   70.03   112.78
06:41:45 65.97   88.03   70.03   112.78
06:42:49 65.97   87.80   70.03   112.78
06:43:52 65.97   88.14   70.03   112.55
06:44:55 65.97   87.69   70.03   112.33
06:45:59 65.97   87.69   69.91   112.10
06:47:02 65.97   87.69   69.80   111.88
06:48:05 65.97   87.24   69.80   111.54
06:49:09 65.97   87.12   69.91   110.98
06:50:12 65.97   86.90   69.91   110.30
06:51:15 65.97   86.90   69.80   111.65
06:52:19 65.97   86.68   69.80   111.42
06:53:22 65.86   86.68   69.80   112.10
06:54:25 65.86   86.34   69.80   112.55
06:55:29 65.86   86.34   69.80   112.66
06:56:32 65.86   86.00   69.69   111.99
06:57:35 65.86   86.11   69.69   111.31
06:58:39 65.86   85.78   69.69   110.53
06:59:42 65.86   85.78   69.58   109.74
07:00:45 65.86   85.89   69.46   109.85
07:01:49 65.86   85.66   69.69   109.51
07:02:52 65.86   85.44   69.58   108.95
07:03:55 65.86   85.44   69.58   108.28
07:04:59 65.86   85.21   69.46   107.60
07:06:02 65.75   85.44   69.35   107.15
07:07:05 65.75   85.21   69.46   106.59
07:08:09 65.86   84.99   69.35   105.91
07:09:12 65.75   85.10   69.46   105.46
07:10:16 65.75   85.10   69.35   105.01
07:11:19 65.75   85.10   69.35   104.45
07:12:22 65.75   85.21   69.35   104.00
07:13:26 65.86   84.99   69.35   103.55
07:14:29 65.75   84.99   69.24   103.21
07:15:32 65.75   84.88   69.24   102.76
07:16:36 65.75   84.88   69.24   102.42
07:17:39 65.75   84.76   69.24   101.98
07:18:42 65.75   84.88   69.24   101.53
07:19:46 65.75   84.65   69.24   100.96
07:20:49 65.75   84.76   69.12   100.62
07:21:52 65.75   84.54   69.12   100.06
07:22:56 65.75   84.20   69.12   99.61
07:23:59 65.75   84.31   69.01   99.39
07:25:02 65.64   84.20   69.01   98.94
07:26:06 65.64   84.20   69.01   98.49
07:27:09 65.64   84.09   69.01   98.15
07:28:12 65.64   84.31   69.12   97.81
07:29:16 65.64   84.09   69.01   97.59
07:30:19 65.64   84.20   68.90   97.14
07:31:22 65.64   84.09   68.90   96.91
07:32:26 65.53   83.86   69.01   96.58
07:33:29 65.53   83.75   69.01   108.50
07:34:32 65.53   83.64   69.01   115.25
07:35:36 65.53   83.53   68.90   118.29
07:36:39 65.53   83.64   68.90   118.17
07:37:42 65.53   83.64   68.79   118.62
07:38:46 65.41   83.75   68.79   117.95
07:39:49 65.53   83.86   68.79   116.83
07:40:52 65.41   83.64   68.79   115.70
07:41:56 65.41   83.64   68.79   114.46
07:42:59 65.41   83.30   68.79   113.34
07:44:02 65.41   83.30   68.79   112.10
07:45:06 65.41   83.30   68.79   110.98
07:46:09 65.41   83.30   68.79   109.85
07:47:13 65.41   82.96   68.79   108.84
07:48:16 65.41   83.19   68.79   107.83
07:49:19 65.41   83.19   68.79   106.92
07:50:23 65.30   83.19   68.79   106.14
07:51:26 65.41   83.08   68.68   105.35
07:52:29 65.41   83.08   68.68   104.56
07:53:33 65.41   82.96   68.68   103.89
07:54:36 65.30   83.08   68.68   103.33
07:55:39 65.30   82.85   68.68   102.54
07:56:43 65.30   82.85   68.56   101.98
07:57:46 65.30   82.74   68.56   101.41
07:58:49 65.30   82.51   68.56   100.74
07:59:53 65.30   82.74   68.56   100.17
08:00:56 65.30   90.05   68.68   99.84
08:01:59 68.34   135.73   68.68   99.61
08:03:02 69.35   150.46   68.68   99.73
08:04:05 69.91   129.99   68.68   99.84
08:05:08 70.03   112.33   68.79   99.84
08:06:12 68.90   111.76   68.79   99.28
08:07:15 68.00   110.19   68.79   98.71
08:08:18 67.44   111.99   68.90   98.15
08:09:22 66.99   110.41   68.90   97.70
08:10:25 66.76   107.94   68.79   97.14
08:11:28 66.54   106.36   68.79   96.80
08:12:32 66.31   104.79   68.79   96.35
08:13:35 66.20   102.88   68.79   96.01
08:14:38 66.09   101.08   68.79   95.68
08:15:42 66.09   99.50   68.79   95.34
08:16:45 66.20   107.26   68.79   95.00
08:17:48 69.01   136.74   68.79   94.89
08:18:51 69.80   149.90   68.79   95.11
08:19:54 70.25   137.53   68.79   95.56
08:20:57 70.59   113.56   68.90   95.56
08:22:00 69.35   112.66   69.01   95.34
08:23:04 68.45   112.55   69.01   95.00
08:24:07 67.78   110.08   69.01   94.66
08:25:10 67.33   109.51   68.90   94.10
08:26:14 66.99   109.06   69.01   93.76
08:27:17 66.76   107.49   69.01   93.54
08:28:20 66.54   106.25   69.01   93.20
08:29:24 66.43   104.90   69.01   92.97
08:30:27 68.22   122.79   68.90   92.75
08:31:30 69.58   141.80   69.01   92.86
08:32:33 70.25   152.94   69.01   93.31
08:33:36 70.59   143.60   69.12   93.88
08:34:39 71.15   116.15   69.12   93.99
08:35:42 70.14   113.45   69.24   93.88
08:36:46 69.01   114.12   69.24   93.54
08:37:49 68.22   111.54   69.24   93.20
08:38:52 67.66   110.53   69.24   92.75
08:39:56 67.33   107.94   69.24   92.53
08:40:59 66.99   107.83   69.24   92.30
08:42:02 66.76   107.26   69.24   92.08
08:43:06 67.21   114.46   69.24   91.96
08:44:09 69.69   137.30   69.24   91.85
08:45:11 70.36   150.01   69.24   92.19
08:46:14 70.81   147.31   69.35   92.75
08:47:17 71.26   120.09   69.35   92.97
08:48:21 70.59   113.56   69.46   92.97
08:49:24 69.35   114.46   69.46   92.75
08:50:27 68.45   113.34   69.46   92.41
08:51:31 67.89   113.79   69.46   92.08
08:52:34 67.44   112.10   69.46   91.85
08:53:37 67.10   110.75   69.46   91.62
08:54:41 66.99   108.95   69.46   91.51
08:55:44 67.33   115.14   69.46   91.29
08:56:47 69.69   137.07   69.46   91.40
08:57:50 70.59   150.01   69.58   91.85
08:58:53 71.04   150.35   69.58   92.41
08:59:56 71.38   123.01   69.69   92.64
09:00:59 70.81   113.67   69.69   92.64
09:02:03 69.58   114.12   69.69   92.30
09:03:06 68.68   112.10   69.69   92.08
09:04:09 68.11   112.21   69.69   91.74
09:05:13 67.66   111.88   69.69   91.51
09:06:16 67.33   111.31   69.69   91.40
09:07:19 66.99   109.06   69.69   91.18
09:08:23 66.88   107.26   69.69   90.95
09:09:26 66.65   105.46   69.69   90.72
09:10:29 66.54   104.23   69.69   90.50
09:11:33 66.43   102.76   69.58   90.39
09:12:36 66.31   101.19   69.58   90.28
09:13:39 66.31   100.29   69.58   90.16
09:14:43 66.20   98.60   69.58   90.05
09:15:46 66.20   97.59   69.58   89.83
09:16:49 66.09   96.58   69.58   89.71
09:17:53 66.09   95.34   69.46   89.60
09:18:56 65.97   94.66   69.58   89.60
09:19:59 65.97   93.65   69.46   89.60
09:21:03 65.86   93.09   69.58   89.49
09:22:06 65.86   92.41   69.46   89.26
09:23:09 65.86   91.62   69.46   89.26
09:24:13 65.86   91.18   69.35   89.04
09:25:16 65.86   90.50   69.35   89.04
09:26:19 65.75   90.28   69.35   88.93
09:27:23 65.75   89.94   69.35   88.70
09:28:26 65.75   89.49   69.35   88.59
09:29:29 65.75   89.26   69.35   88.59
09:30:33 65.75   88.93   69.35   88.47
09:31:36 65.64   88.59   69.24   88.36
09:32:39 65.64   88.14   69.35   88.36
09:33:43 65.64   87.58   69.35   88.14
09:34:46 65.64   87.58   69.24   88.03
09:35:50 65.64   87.46   69.12   87.80
09:36:53 65.64   86.79   69.12   87.69
09:37:56 65.64   86.56   69.12   87.69
09:39:00 65.53   86.22   69.12   87.58
09:40:03 65.53   86.00   69.12   87.58
09:41:06 65.53   86.00   69.12   87.46
09:42:10 65.53   86.22   69.12   87.35
09:43:13 65.53   85.89   69.12   87.24
09:44:16 65.53   85.44   69.01   87.12
09:45:20 65.53   85.44   69.01   87.01
09:46:23 65.53   84.99   69.01   87.01
09:47:26 65.41   85.10   68.90   86.90
09:48:30 65.53   85.33   69.01   86.90
09:49:33 65.41   84.88   69.01   86.79
09:50:36 65.53   84.88   69.01   86.68
09:51:40 65.41   84.65   69.01   86.56
09:52:43 65.41   84.54   69.01   86.56
09:53:46 65.41   84.43   69.01   86.56
09:54:50 65.41   84.43   68.90   86.45
09:55:53 65.41   84.20   68.90   86.34
09:56:56 65.41   83.86   68.79   86.22
09:58:00 65.41   84.09   68.79   86.22
09:59:03 65.41   83.86   68.79   86.11
10:00:06 65.41   83.75   68.68   86.11
10:01:10 65.41   83.75   68.79   86.00
10:02:13 65.41   83.97   68.79   85.89
10:03:16 65.30   83.75   68.90   85.89
10:04:20 65.41   83.64   68.79   85.78
10:05:23 65.41   83.53   68.79   85.66
10:06:26 65.30   83.53   68.79   85.55
10:07:30 65.30   83.30   68.68   85.55
10:08:33 65.30   83.19   68.68   85.44
10:09:37 65.30   83.41   68.68   85.44
10:10:40 65.30   83.30   68.68   85.44
10:11:43 65.30   83.30   68.68   85.33
10:12:47 65.30   83.08   68.68   85.21
10:13:50 65.30   83.30   68.68   85.21
10:14:53 65.30   83.08   68.68   85.21
10:15:57 65.30   82.96   68.56   85.21
10:17:00 65.30   82.96   68.56   85.10
10:18:03 65.30   83.08   68.56   85.10
10:19:07 65.30   82.74   68.56   84.99
10:20:10 65.30   82.74   68.56   84.88
10:21:13 65.19   82.96   68.45   84.88
10:22:17 65.30   82.62   68.56   84.76
10:23:20 65.19   82.96   68.56   84.76
10:24:23 65.19   82.51   68.45   84.76
10:25:27 65.19   82.40   68.45   84.65
10:26:30 65.19   82.51   68.45   84.65
10:27:33 65.19   82.74   68.45   84.54
10:28:37 65.19   82.74   68.45   84.65
10:29:40 65.19   82.40   68.45   84.54
10:30:43 65.19   82.51   68.45   84.43
10:31:47 65.19   82.62   68.45   84.31
10:32:50 65.19   82.51   68.45   84.31
10:33:53 65.19   82.40   68.45   84.20
10:34:57 65.19   82.29   68.34   84.31
10:36:00 65.19   82.06   68.34   84.31
10:37:03 65.19   81.95   68.34   84.20
10:38:07 65.19   82.18   68.45   84.20
10:39:10 65.19   82.06   68.45   84.09
10:40:13 65.19   82.06   68.34   83.97
10:41:17 65.19   82.06   68.34   83.86
10:42:20 65.19   82.18   68.34   83.86
10:43:24 65.19   82.06   68.34   83.86
10:44:27 65.19   82.18   68.34   83.86
10:45:30 65.19   82.06   68.34   83.64
10:46:34 65.19   81.95   68.22   83.64
10:47:37 65.19   81.95   68.34   83.64
10:48:40 65.19   82.18   68.22   83.75
10:49:44 65.08   82.18   68.34   83.64
10:50:47 65.08   81.95   68.22   83.53
10:51:50 65.08   81.95   68.22   83.41
10:52:54 65.08   81.72   68.22   83.41
10:53:57 65.08   81.84   68.22   83.30
10:55:00 65.08   81.72   68.22   83.30
10:56:04 65.08   81.72   68.22   83.30
10:57:07 65.08   81.84   68.22   83.30
10:58:10 65.08   81.61   68.22   83.19
10:59:14 65.08   81.61   68.22   83.30
11:00:17 65.08   81.50   68.11   83.30
11:01:20 65.08   81.50   68.22   83.19
11:02:24 65.08   81.61   68.22   83.30
11:03:27 65.08   81.72   68.22   83.30
11:04:30 65.08   81.84   68.11   83.30
11:05:34 65.08   81.61   68.11   83.30
11:06:37 65.08   81.50   68.22   83.19
11:07:40 65.08   81.39   68.22   83.19
11:08:44 65.08   81.61   68.11   83.08
11:09:47 65.08   81.50   68.11   83.08
11:10:50 64.96   81.28   68.11   82.96
11:11:54 65.08   81.39   68.11   82.96
11:12:57 65.08   81.28   68.11   82.85
11:14:00 65.08   81.16   68.11   82.85
11:15:04 64.96   81.61   68.11   82.74
11:16:07 65.08   81.39   68.11   82.51
11:17:11 64.96   81.39   68.11   82.62
11:18:14 64.96   81.39   68.11   82.62
11:19:17 64.96   81.16   68.11   82.62
11:20:21 64.96   81.39   68.11   82.51
11:21:24 64.96   81.39   68.11   82.51
11:22:27 64.96   81.28   68.11   82.62
11:23:31 64.96   81.28   68.00   82.51
11:24:34 64.96   81.05   68.00   82.62
11:25:37 64.96   81.28   68.00   82.62
11:26:41 64.96   80.94   68.00   82.51
11:27:44 64.96   81.16   68.00   82.62
11:28:47 64.96   80.94   68.00   82.62
11:29:51 64.96   80.94   68.00   82.51
11:30:54 64.96   81.05   68.00   82.29
11:31:57 64.96   80.94   67.89   82.40
11:33:01 64.96   81.05   67.89   82.29
11:34:04 64.96   81.16   67.89   82.40
11:35:07 64.96   81.05   68.00   82.40
11:36:11 64.96   81.16   68.00   82.18
11:37:14 64.96   81.05   67.89   82.18
11:38:17 64.96   81.05   68.00   82.18
11:39:21 64.96   80.83   68.00   82.18
11:40:24 64.96   81.05   67.89   82.06
11:41:27 64.96   81.05   67.89   81.95
11:42:31 64.96   81.16   67.89   81.95
11:43:34 64.96   80.94   67.89   81.84
11:44:37 64.96   81.16   67.89   81.84
11:45:41 64.85   80.83   67.89   81.84
11:46:44 64.96   80.83   67.89   81.84
11:47:47 64.96   81.05   67.89   81.84
11:48:51 64.85   80.94   67.78   81.84
11:49:54 64.85   81.05   67.89   81.72
11:50:58 64.85   80.94   67.89   81.72
11:52:01 64.96   80.83   67.78   81.72
11:53:04 64.96   80.71   67.78   81.61
11:54:08 64.96   80.83   67.78   81.72
11:55:11 64.85   80.94   67.78   81.84
11:56:14 64.85   80.94   67.78   81.84
11:57:18 64.85   80.83   67.78   81.95
11:58:21 64.85   80.94   67.78   81.84
11:59:24 64.85   80.71   67.78   81.72
12:00:28 64.85   80.71   67.78   81.72
12:01:31 64.85   80.83   67.66   81.61
12:02:34 64.85   80.71   67.78   81.61
12:03:38 64.85   80.83   67.78   81.61
12:04:41 64.85   80.71   67.78   81.61
12:05:44 64.85   80.60   67.78   81.50
12:06:48 64.85   80.83   67.78   81.61
12:07:51 64.85   80.60   67.78   81.50
12:08:54 64.85   80.60   67.78   81.50
12:09:58 64.85   80.49   67.66   81.50
12:11:01 64.85   80.60   67.66   81.39
12:12:04 64.85   80.94   67.78   81.39
12:13:08 64.85   80.49   67.78   81.39
12:14:11 64.85   80.60   67.66   81.28
12:15:14 64.85   80.49   67.66   81.28
12:16:18 64.85   80.71   67.78   81.28
12:17:21 64.85   80.49   67.66   81.28
12:18:24 64.74   80.60   67.66   81.28
12:19:28 64.85   80.49   67.66   81.16
12:20:31 64.85   80.60   67.66   81.28
12:21:34 64.85   80.71   67.66   81.16
12:22:38 64.85   80.83   67.78   81.16
12:23:41 64.85   80.38   67.66   81.16
12:24:45 64.85   80.49   67.66   81.16
12:25:48 64.85   80.38   67.66   81.28
12:26:51 64.85   80.49   67.66   81.16
12:27:55 64.85   80.49   67.66   81.16
12:28:58 64.74   80.60   67.66   81.16
12:30:01 64.74   80.71   67.66   81.16
12:31:05 64.74   80.60   67.66   81.16
12:32:08 64.74   80.38   67.55   81.16
12:33:11 64.74   80.49   67.55   81.16
12:34:15 64.85   80.04   67.55   81.16
12:35:18 64.74   80.49   67.66   81.28
12:36:21 64.74   80.49   67.55   81.16
12:37:25 64.85   80.38   67.55   81.05
12:38:28 64.74   80.38   67.55   80.94
12:39:31 64.74   80.38   67.55   80.94
12:40:35 64.74   80.15   67.55   81.05
12:41:38 64.74   80.26   67.55   81.05
12:42:41 64.74   80.26   67.55   81.05
12:43:45 64.85   80.38   67.55   81.05
12:44:48 64.74   80.38   67.55   81.05
12:45:51 64.85   80.49   67.55   81.16
12:46:55 64.74   80.49   67.55   81.05
12:47:58 64.74   80.38   67.55   80.94
12:49:01 64.74   80.15   67.66   80.94
12:50:05 64.74   80.04   67.55   80.94
12:51:08 64.85   80.04   67.55   80.83
12:52:11 64.74   80.15   67.55   80.83
12:53:15 64.74   80.15   67.44   80.71
12:54:18 64.74   80.15   67.55   80.71
12:55:21 64.74   80.38   67.55   80.71
12:56:25 64.74   80.38   67.55   80.60
12:57:28 64.74   80.26   67.44   80.60
12:58:31 64.74   80.04   67.44   80.49
12:59:35 64.74   80.15   67.44   80.49
13:00:38 64.74   80.04   67.55   80.60
13:01:41 64.74   80.04   67.55   80.49
13:02:45 64.74   80.04   67.55   80.60
13:03:48 64.74   80.04   67.44   80.60
13:04:51 64.74   80.04   67.44   80.49
13:05:55 64.74   80.15   67.44   80.49
13:06:58 64.74   80.26   67.44   80.49
13:08:02 64.74   80.04   67.44   80.49
13:09:05 64.74   80.26   67.44   80.49
13:10:08 64.74   80.26   67.55   80.49
13:11:12 64.74   80.04   67.44   80.49
13:12:15 64.74   80.15   67.44   80.49
13:13:18 64.74   80.04   67.33   80.38
13:14:22 64.74   80.26   67.44   80.49
13:15:25 64.74   80.26   67.33   80.38
13:16:28 64.74   80.26   67.44   80.38
13:17:32 64.74   80.04   67.44   80.38
13:18:35 64.74   80.15   67.44   80.38
13:19:38 64.74   79.93   67.44   80.38
13:20:42 64.74   80.15   67.44   80.38
13:21:45 64.74   80.38   67.44   80.38
13:22:48 64.74   80.04   67.44   80.26
13:23:52 64.74   80.04   67.33   80.26
13:24:55 64.74   80.26   67.44   80.38
13:25:58 64.74   79.93   67.44   80.38
13:27:02 64.74   79.93   67.44   80.38
13:28:05 64.74   80.04   67.33   80.38
13:29:08 64.74   80.15   67.44   80.38
13:30:12 64.74   80.04   67.44   80.38
13:31:15 64.74   80.26   67.33   80.38
13:32:18 64.62   80.15   67.33   80.38
13:33:22 64.74   79.93   67.33   80.26
13:34:25 64.74   79.81   67.33   80.26
13:35:28 64.74   79.81   67.33   80.26
13:36:32 64.74   79.93   67.33   80.26
13:37:35 64.74   79.93   67.33   80.26
13:38:38 64.74   80.04   67.33   80.26
13:39:42 64.74   79.81   67.44   80.15
13:40:45 64.74   79.81   67.33   80.15
13:41:49 64.74   79.93   67.33   80.15
13:42:52 64.74   80.04   67.33   80.15
13:43:55 64.74   80.04   67.21   80.15
13:44:59 64.62   80.15   67.33   80.15
13:46:02 64.62   79.93   67.33   80.26
13:47:05 64.74   79.93   67.33   80.15
13:48:09 64.62   79.70   67.33   80.15
13:49:12 64.62   79.70   67.33   80.15
13:50:15 64.62   79.81   67.21   80.15
13:51:19 64.62   79.70   67.21   80.15
13:52:22 64.62   79.81   67.33   80.15
13:53:25 64.62   80.04   67.21   80.15
13:54:29 64.74   79.70   67.33   80.04
13:55:32 64.62   79.81   67.33   80.15
13:56:35 64.62   79.81   67.33   80.15
13:57:39 64.62   79.81   67.21   80.04
13:58:42 64.62   79.70   67.21   80.04
13:59:45 64.62   79.70   67.21   79.93
14:00:49 64.62   79.70   67.21   80.04
14:01:52 64.62   80.15   67.21   80.04
14:02:55 64.62   80.04   67.21   80.04
14:03:59 64.62   79.70   67.21   80.04
14:05:02 64.62   79.93   67.21   79.93
14:06:05 64.62   79.81   67.21   79.93
14:07:09 64.62   79.81   67.21   79.93
14:08:12 64.62   80.04   67.21   79.93
14:09:15 64.62   79.81   67.33   79.93
14:10:19 64.62   80.04   67.21   79.93
14:11:22 64.62   79.93   67.10   79.81
14:12:25 64.62   80.04   67.21   79.93
14:13:29 64.62   79.93   67.21   79.93
14:14:32 64.62   79.70   67.21   79.81
14:15:36 64.62   79.81   67.21   79.81
14:16:39 64.62   79.81   67.21   79.81
14:17:42 64.62   79.70   67.21   79.70
14:18:46 64.62   79.70   67.21   79.70
14:19:49 64.62   79.47   67.21   79.70
14:20:52 64.62   79.70   67.33   79.70
14:21:56 64.62   79.70   67.21   79.81
14:22:59 64.62   79.47   67.21   79.81
14:24:02 64.62   79.81   67.21   79.93
14:25:06 64.62   80.26   67.21   79.93
14:26:09 65.30   98.94   67.10   79.93
14:27:12 67.66   138.76   67.10   80.15
14:28:15 68.45   152.15   67.21   80.94
14:29:18 69.01   146.86   67.21   81.84
14:30:21 69.46   144.84   67.33   82.62
14:31:24 69.91   153.84   67.44   83.30
14:32:26 70.25   154.18   67.55   83.75
14:33:29 70.59   145.62   67.66   84.09
14:34:32 70.93   153.73   67.78   84.54
14:35:35 71.15   158.45   67.89   84.88
14:36:38 71.38   145.51   68.00   85.21
14:37:41 71.49   152.71   68.00   85.33
14:38:44 71.71   160.25   68.11   85.78
14:39:47 71.94   146.53   68.11   86.11
14:40:50 72.05   151.25   68.22   86.22
14:41:53 72.16   159.35   68.34   86.68
14:42:55 72.39   148.89   68.45   87.01
14:43:58 72.50   149.56   68.45   87.24
14:45:01 72.50   158.00   68.56   87.58
14:46:04 72.61   155.53   68.68   88.03
14:47:07 72.72   147.76   68.79   88.25
14:48:10 72.84   154.18   68.90   88.47
14:49:13 72.84   132.01   69.01   88.70
14:50:16 72.61   113.56   69.12   88.36
14:51:19 71.04   115.14   69.01   87.91
14:52:23 70.36   122.34   69.12   87.69
14:53:26 71.71   142.48   69.12   87.80
14:54:28 72.05   153.84   69.24   88.25
14:55:31 72.39   157.44   69.24   88.81
14:56:34 72.61   145.96   69.35   89.26
14:57:37 72.72   153.84   69.46   89.71
14:58:40 72.95   161.04   69.58   90.05
14:59:43 73.06   147.31   69.58   90.28
15:00:46 73.29   130.10   69.69   90.39
15:01:49 72.72   113.90   69.69   90.28
15:02:52 71.26   116.71   69.80   89.83
15:03:56 69.91   117.61   69.80   89.38
15:04:59 71.60   134.94   69.80   89.38
15:06:02 72.28   149.23   69.80   89.83
15:07:05 72.50   158.23   69.91   90.39
15:08:08 72.84   149.34   70.03   90.95
15:09:10 73.06   149.11   70.14   91.18
15:10:13 73.40   157.55   70.14   91.51
15:11:16 73.40   156.54   70.25   91.96
15:12:19 73.62   128.41   70.36   92.08
15:13:22 72.72   122.23   70.36   91.74
15:14:26 71.04   123.01   70.36   91.40
15:15:29 69.91   121.33   70.36   90.95
15:16:32 72.05   131.90   70.47   90.95
15:17:35 72.72   145.96   70.47   91.29
15:18:38 73.06   156.20   70.47   91.85
15:19:41 73.40   155.53   70.47   92.41
15:20:44 73.62   141.01   70.59   92.75
15:21:47 73.74   118.06   70.70   92.75
15:22:50 72.72   114.24   70.81   92.53
15:23:53 71.15   115.36   70.70   92.08
15:24:57 70.03   114.91   70.81   91.74
15:26:00 69.24   112.10   70.81   91.51
15:27:04 68.68   113.34   70.81   91.29
15:28:07 71.71   135.84   70.70   91.29
15:29:09 72.61   149.90   70.70   91.74
15:30:12 72.95   158.68   70.70   92.41
15:31:15 73.29   146.41   70.81   92.97
15:32:18 73.40   121.21   70.93   93.20
15:33:22 71.94   120.99   71.04   92.86
15:34:25 70.59   122.00   71.04   92.64
15:35:28 69.69   119.19   71.04   92.30
15:36:32 69.01   120.54   71.04   92.08
15:37:35 68.45   119.75   71.04   91.96
15:38:38 68.22   118.06   71.04   91.74
15:39:42 67.89   115.48   70.93   91.62
15:40:45 67.66   115.70   70.93   91.40
15:41:48 71.15   133.93   70.93   91.40
15:42:51 72.28   147.99   70.93   91.96
15:43:54 72.84   153.05   71.04   92.64
15:44:57 73.18   127.96   71.04   93.09
15:46:00 73.06   112.89   71.15   93.09
15:47:03 71.38   113.79   71.15   92.75
15:48:07 70.14   113.79   71.15   92.41
15:49:10 69.35   113.23   71.15   92.19
15:50:13 68.79   114.24   71.15   91.96
15:51:17 68.34   113.34   71.15   91.85
15:52:20 68.11   111.99   71.15   91.62
15:53:23 67.78   110.75   71.15   91.51
15:54:27 67.66   108.84   71.15   91.40
15:55:30 67.44   107.71   71.04   91.29
15:56:33 67.33   106.25   71.04   91.18
15:57:37 67.21   105.01   71.04   91.06
15:58:40 67.10   103.89   71.04   90.95
15:59:44 66.99   102.31   71.04   90.72
16:00:47 66.99   101.08   70.93   90.50
16:01:50 66.88   99.84   71.04   90.39
16:02:54 66.76   99.50   70.93   90.28
16:03:57 66.76   98.26   70.93   90.16
16:05:00 66.65   97.70   70.93   90.05
16:06:04 66.65   96.80   70.93   90.05
16:07:07 66.54   95.90   70.81   89.94
16:08:10 66.54   95.34   70.81   89.83
16:09:14 66.54   94.55   70.81   89.71
16:10:17 66.43   94.21   70.70   89.49
16:11:20 66.43   93.76   70.70   89.49
16:12:24 66.43   93.31   70.70   89.26
16:13:27 66.43   92.64   70.70   89.26
16:14:30 66.31   92.30   70.59   89.26
16:15:34 66.31   91.85   70.59   89.15
16:16:37 66.31   91.40   70.59   89.04
16:17:40 66.31   91.29   70.59   88.93
16:18:44 66.31   90.84   70.59   88.81
16:19:47 66.20   90.61   70.59   88.81
16:20:50 66.20   90.39   70.47   88.70
16:21:54 66.20   89.71   70.36   88.47
16:22:57 66.09   89.60   70.47   88.47
16:24:00 66.09   89.38   70.47   88.36
16:25:04 66.09   89.04   70.59   88.36
16:26:07 65.97   88.81   70.47   88.25
16:27:10 65.97   88.36   70.47   88.93
16:28:14 65.97   88.47   70.47   88.93
16:29:17 65.86   88.36   70.59   88.81
16:30:21 65.97   88.36   70.59   88.81
16:31:24 65.86   88.03   70.36   88.70
16:32:27 65.86   87.91   70.47   88.47
16:33:31 65.86   87.46   70.47   88.36
16:34:34 65.86   87.24   70.47   88.47
16:35:37 65.75   87.24   70.47   88.36
16:36:41 65.86   87.24   70.47   88.25
16:37:44 65.86   87.01   70.36   88.25
16:38:47 65.75   86.79   70.47   88.14
16:39:51 65.75   86.90   70.47   87.91
16:40:54 65.75   86.90   70.36   87.80
16:41:57 65.75   86.79   70.36   87.69
16:43:01 65.75   86.68   70.36   87.58
16:44:04 65.86   86.56   70.36   87.46
16:45:07 65.86   86.11   70.36   87.46
16:46:11 65.86   86.11   70.25   87.46
16:47:14 65.86   86.22   70.36   87.24
16:48:17 65.75   86.00   70.36   87.24
16:49:21 65.75   85.89   70.36   87.12
16:50:24 65.75   86.11   70.36   86.90
16:51:27 65.75   85.55   70.36   86.79
16:52:31 65.75   85.55   70.36   86.79
16:53:34 65.75   85.55   70.36   86.68
16:54:37 65.75   85.55   70.25   86.68
16:55:41 65.75   85.66   70.36   86.68
16:56:44 65.75   85.44   70.36   86.45
16:57:47 65.75   85.55   70.25   86.45
16:58:51 65.75   85.66   70.25   86.45
16:59:54 65.75   85.44   70.14   86.22
17:00:57 65.75   85.44   70.25   86.22
17:02:01 65.75   85.33   70.25   86.00
17:03:04 65.75   85.10   70.14   85.89
17:04:07 65.75   85.33   70.36   85.89
17:05:11 65.75   85.33   70.25   85.78
17:06:14 65.75   85.10   70.25   85.78
17:07:17 65.75   85.10   70.25   85.66
17:08:21 65.75   84.88   70.25   85.55
17:09:24 65.75   84.99   70.25   85.44
17:10:27 65.75   84.88   70.25   85.44
17:11:31 65.75   84.76   70.36   85.33
17:12:34 65.64   84.65   70.25   85.21
17:13:37 65.75   84.65   70.25   85.10
17:14:41 65.75   84.76   70.25   85.10
17:15:44 65.64   84.65   70.14   85.10
17:16:48 65.75   84.76   70.25   84.99
17:17:51 65.75   84.76   70.25   84.99
17:18:54 65.75   84.54   70.14   84.88
17:19:58 65.75   84.54   70.36   84.99
17:21:01 65.75   84.31   70.25   84.99
17:22:04 65.64   84.65   70.36   84.88
17:23:08 65.64   84.54   70.36   84.76
17:24:11 65.64   84.43   70.25   84.76
17:25:14 65.64   84.54   70.25   84.65
17:26:18 65.64   84.43   70.14   84.65
17:27:21 65.64   84.65   70.14   103.44
17:28:24 65.64   84.43   70.25   106.14
17:29:28 65.64   84.31   70.25   106.92
17:30:31 65.64   84.43   70.14   106.92
17:31:34 65.64   84.43   70.14   106.59
17:32:38 65.64   84.31   70.03   105.80
17:33:41 65.64   84.43   70.03   105.24
17:34:44 65.64   84.43   70.03   104.67
17:35:48 65.64   84.43   69.91   104.11
17:36:51 65.75   84.43   70.03   103.44
17:37:54 65.75   84.65   70.03   102.88
17:38:58 65.75   84.43   69.80   102.31
17:40:01 65.75   84.54   69.91   101.64
17:41:04 65.75   84.54   69.91   101.08
17:42:08 65.75   84.54   69.91   100.51
17:43:11 65.75   84.76   69.91   99.95
17:44:14 65.75   84.54   69.80   99.50
17:45:18 65.75   84.43   69.91   99.05
17:46:21 65.86   84.43   69.80   98.71
17:47:24 65.75   84.31   69.91   98.38
17:48:28 65.75   84.43   69.80   98.04
17:49:31 65.86   84.31   69.91   97.70
17:50:34 65.75   84.43   69.80   97.36
17:51:38 65.86   84.43   69.80   97.14
17:52:41 65.86   84.31   69.80   96.80
17:53:45 65.86   84.31   69.80   96.58
17:54:48 65.86   84.20   69.80   96.12
17:55:51 65.75   84.31   69.69   96.01
17:56:55 65.75   84.09   69.69   95.79
17:57:58 65.86   84.20   69.69   95.56
17:59:01 65.86   84.20   69.69   95.56
18:00:05 65.86   84.20   69.69   104.90
18:01:08 65.86   84.09   69.58   113.34
18:02:11 65.86   84.09   69.69   114.69
18:03:15 65.75   84.09   69.69   115.81
18:04:18 65.75   84.09   69.69   115.59
18:05:21 65.75   83.97   69.69   116.49
18:06:25 65.75   83.97   69.69   116.15
18:07:28 65.75   84.09   69.69   115.59
18:08:31 65.75   84.09   69.80   114.80
18:09:35 65.75   83.97   69.80   113.79
18:10:38 65.75   83.97   69.80   112.89
18:11:41 65.75   83.97   69.80   112.10
18:12:45 65.64   83.86   69.80   111.31
18:13:48 65.64   83.97   69.80   110.41
18:14:51 65.64   83.64   69.80   110.41
18:15:55 65.64   83.64   69.80   114.35
18:16:58 65.64   83.86   69.69   114.91
18:18:01 65.64   83.75   69.80   115.36
18:19:05 65.64   83.64   69.69   115.59
18:20:08 65.64   83.75   69.69   114.80
18:21:11 65.64   83.75   69.69   113.79
18:22:15 65.53   83.64   69.69   112.66
18:23:18 65.53   83.75   69.80   114.24
18:24:21 65.64   83.53   69.69   114.24
18:25:25 65.64   83.86   69.69   113.56
18:26:28 65.53   83.86   69.69   112.78
18:27:31 65.53   83.64   69.69   111.76
18:28:35 65.53   83.75   69.69   110.64
18:29:38 65.53   83.75   69.69   109.74
18:30:42 65.53   83.41   69.69   108.73
18:31:45 65.53   83.53   69.69   107.83
18:32:48 65.53   83.64   69.69   110.64
18:33:52 65.53   83.53   69.69   110.08
18:34:55 65.53   83.75   69.69   109.74
18:35:58 65.53   83.64   69.69   109.74
18:37:02 65.41   83.75   69.69   109.29
18:38:05 65.41   83.64   69.69   108.73
18:39:08 65.53   83.86   69.69   108.28
18:40:12 65.41   84.09   69.69   107.71
18:41:15 65.41   83.97   69.69   107.15
18:42:18 65.41   84.09   69.69   106.59
18:43:22 65.53   83.86   69.69   105.91
18:44:25 65.53   83.97   69.69   105.46
18:45:28 65.53   84.09   69.69   108.28
18:46:32 65.53   84.20   69.69   113.56
18:47:35 65.53   84.20   69.69   114.24
18:48:38 65.53   84.09   69.69   113.79
18:49:42 65.53   83.97   69.69   112.89
18:50:45 65.53   83.97   69.69   111.99
18:51:48 65.53   83.97   69.69   110.86
18:52:52 65.64   83.86   69.69   109.96
18:53:55 65.64   84.20   69.69   109.06
18:54:58 65.64   84.09   69.69   108.28
18:56:02 65.64   84.09   69.69   107.49
18:57:05 65.75   83.97   69.69   106.70
18:58:08 65.64   84.09   69.69   106.03
18:59:12 65.75   84.09   69.69   105.35
19:00:15 65.64   83.97   69.69   104.56
19:01:19 65.64   83.86   69.69   103.89
19:02:22 65.64   83.97   69.58   103.21
19:03:25 65.64   83.86   69.58   102.65
19:04:29 65.64   83.86   69.58   108.73
19:05:32 65.64   83.64   69.58   115.92
19:06:35 65.53   83.75   69.58   116.04
19:07:39 65.64   83.64   69.69   116.60
19:08:42 65.53   83.75   69.58   117.05
19:09:45 65.53   83.86   69.58   115.92
19:10:49 65.53   83.86   69.58   114.35
19:11:52 65.53   83.75   69.58   112.89
19:12:55 65.53   83.75   69.58   111.54
19:13:59 65.53   83.86   69.58   110.19
19:15:02 65.53   83.53   69.58   109.17
19:16:05 65.53   83.41   69.46   108.05
19:17:09 65.53   83.41   69.46   107.15
19:18:12 65.53   83.41   69.46   106.14
19:19:15 65.53   83.41   69.46   105.24
19:20:19 65.41   83.53   69.58   104.45
19:21:22 65.41   83.53   69.46   103.55
19:22:25 65.41   83.30   69.46   102.88
19:23:29 65.41   83.30   69.58   102.09
19:24:32 65.41   83.41   69.58   101.41
19:25:35 65.41   83.30   69.46   100.96
19:26:39 65.41   83.53   69.46   100.51
19:27:42 65.41   83.41   69.46   99.95
19:28:45 65.41   83.53   69.46   99.39
19:29:49 65.41   83.30   69.46   98.94
19:30:52 65.41   83.30   69.46   98.38
19:31:56 65.41   83.30   69.46   97.92
19:32:59 65.41   83.30   69.46   97.36
19:34:02 65.41   83.53   69.46   96.91
19:35:06 65.41   83.41   69.46   96.46
19:36:09 65.41   83.08   69.46   98.04
19:37:12 65.41   83.30   69.46   112.10
19:38:16 65.41   83.30   69.35   114.46
19:39:19 65.41   83.08   69.46   115.14
19:40:22 65.41   83.30   69.46   114.69
19:41:26 65.41   83.30   69.46   113.67
19:42:29 65.41   83.30   69.35   112.10
19:43:32 65.41   83.53   69.35   110.86
19:44:36 65.41   83.41   69.35   109.51
19:45:39 65.41   83.41   69.46   108.28
19:46:42 65.41   83.53   69.46   107.15
19:47:46 65.41   83.41   69.46   106.14
19:48:49 65.30   83.30   69.46   105.01
19:49:52 65.30   83.19   69.46   104.11
19:50:56 65.30   83.41   69.35   103.21
19:51:59 65.41   83.19   69.46   102.54
19:53:02 65.30   83.19   69.35   101.86
19:54:06 65.30   82.96   69.46   101.08
19:55:09 65.30   82.96   69.46   100.51
19:56:12 65.30   83.08   69.46   99.84
19:57:16 65.30   83.19   69.46   99.16
19:58:19 65.30   82.74   69.46   98.71
19:59:22 65.30   83.08   69.46   98.15
20:00:26 65.30   83.41   69.46   97.70
20:01:29 65.30   83.08   69.46   97.14
20:02:32 65.30   83.30   69.35   96.80
20:03:36 65.30   83.30   69.35   96.35
20:04:39 65.30   83.41   69.35   95.90
20:05:42 65.30   83.30   69.35   95.45
20:06:46 65.30   83.30   69.35   95.11
20:07:49 65.30   83.08   69.35   94.66
20:08:53 65.30   82.96   69.46   94.33
20:09:56 65.30   83.19   69.35   93.99
20:10:59 65.30   83.08   69.35   93.65
20:12:03 65.30   83.08   69.35   93.43
20:13:06 65.30   83.19   69.46   92.97
20:14:09 65.30   83.19   69.35   92.75
20:15:13 65.30   83.19   69.35   92.41
20:16:16 65.30   83.08   69.35   92.19
20:17:19 65.30   83.19   69.35   91.85
20:18:23 65.30   83.08   69.35   91.51
20:19:26 65.30   83.30   69.35   91.29
20:20:29 65.30   83.08   69.35   91.06
20:21:33 65.30   83.08   69.35   90.72
20:22:36 65.30   82.96   69.35   90.50
20:23:39 65.30   82.96   69.35   90.28
20:24:43 65.30   82.85   69.35   90.05
20:25:46 65.30   82.96   69.35   89.83
20:26:49 65.30   82.85   69.35   89.60
20:27:53 65.30   82.85   69.24   89.38
20:28:56 65.30   82.85   69.35   89.15
20:29:59 65.30   82.74   69.35   88.93
20:31:03 65.30   82.74   69.24   88.81
20:32:06 65.30   82.96   69.24   88.70
20:33:09 65.30   82.85   69.24   88.47
20:34:13 65.30   82.74   69.24   88.36
20:35:16 65.30   82.74   69.24   88.14
20:36:19 65.30   82.85   69.24   87.91
20:37:23 65.30   82.85   69.24   87.80
20:38:26 65.30   82.85   69.12   87.69
20:39:29 65.30   82.51   69.24   87.58
20:40:33 65.30   82.62   69.24   87.46
20:41:36 65.30   82.62   69.24   87.24
20:42:39 65.30   82.62   69.24   87.12
20:43:43 65.30   82.62   69.12   87.01
20:44:46 65.30   82.74   69.24   87.01
20:45:49 65.30   82.74   69.12   86.79
20:46:53 65.30   82.85   69.24   86.68
20:47:56 65.30   82.62   69.24   86.68
20:49:00 65.30   82.40   69.12   86.56
20:50:03 65.30   82.62   69.12   86.45
20:51:06 65.30   82.74   69.12   86.34
20:52:10 65.30   82.62   69.12   86.22
20:53:13 65.19   82.51   69.12   86.00
20:54:16 65.30   82.62   69.12   85.89
20:55:20 65.19   82.40   69.01   85.78
20:56:23 65.19   82.40   69.12   85.55
20:57:26 65.30   82.40   69.12   85.66
20:58:30 65.19   82.29   69.01   85.55
20:59:33 65.30   82.18   69.01   85.33
21:00:36 65.19   82.51   69.01   85.10
21:01:40 65.30   82.62   69.12   85.10
21:02:43 65.30   82.74   69.01   84.99
21:03:46 65.30   82.51   69.01   84.99
21:04:50 65.30   82.51   69.01   84.99
21:05:53 65.30   82.40   69.01   84.88
21:06:56 65.30   82.18   69.01   84.88
21:08:00 65.30   82.29   69.01   87.69
21:09:03 65.30   82.51   69.01   94.89
21:10:06 65.30   82.74   69.01   95.11
21:11:10 65.19   82.40   69.01   94.55
21:12:13 65.30   82.40   69.01   93.65
21:13:16 65.30   82.51   68.90   92.97
21:14:20 65.30   82.40   68.90   92.19
21:15:23 65.30   82.51   69.01   91.74
21:16:26 65.30   82.62   68.90   91.18
21:17:30 65.30   82.62   68.90   90.84
21:18:33 65.30   82.62   68.90   103.89
21:19:37 65.30   82.74   68.90   109.62
21:20:40 65.30   82.62   68.79   109.96
21:21:43 65.30   82.62   68.90   108.61
21:22:47 65.30   82.29   68.90   107.04
21:23:50 65.30   82.51   68.79   105.46
21:24:53 65.30   82.40   68.79   103.89
21:25:57 65.30   82.18   68.90   102.54
21:27:00 65.30   82.18   68.79   101.41
21:28:03 65.30   82.29   68.79   100.40
21:29:07 65.19   82.06   68.90   99.39
21:30:10 65.19   82.40   68.79   98.71
21:31:13 65.30   82.29   68.79   97.92
21:32:17 65.30   82.18   68.79   97.25
21:33:20 65.30   82.29   68.79   96.69
21:34:23 65.30   82.29   68.79   96.01
21:35:27 65.30   82.40   68.68   95.34
21:36:30 65.30   82.40   68.79   94.89
21:37:33 65.30   82.18   68.79   94.44
21:38:37 65.30   81.95   68.79   93.88
21:39:40 65.19   82.18   68.79   93.43
21:40:43 65.19   82.06   68.79   93.09
21:41:47 65.19   82.06   68.79   100.74
21:42:50 65.19   82.18   68.79   108.28
21:43:53 65.19   82.06   68.79   109.62
21:44:57 65.19   82.18   68.79   110.19
21:46:00 65.30   81.95   68.79   110.30
21:47:03 65.30   82.18   68.79   110.08
21:48:07 65.30   82.18   68.79   109.96
21:49:10 65.30   82.18   68.79   109.74
21:50:13 65.30   82.29   68.79   109.40
21:51:17 65.41   82.06   68.79   109.06
21:52:20 65.41   82.29   68.79   108.61
21:53:24 65.41   82.29   68.68   108.16
21:54:27 65.30   82.06   68.68   107.49
21:55:30 65.41   82.18   68.68   106.81
21:56:34 65.41   82.06   68.79   106.03
21:57:37 65.41   82.18   68.68   105.24
21:58:40 65.41   82.18   68.68   104.11
21:59:44 65.41   82.40   68.68   102.99
22:00:47 65.41   82.29   68.68   101.53
22:01:50 65.41   81.95   68.68   99.84
22:02:54 65.41   81.95   68.68   97.92
22:03:57 65.41   81.95   68.68   96.01
22:05:00 65.41   81.84   68.68   95.11
22:06:04 65.41   81.84   68.68   94.66
22:07:07 65.41   81.95   68.68   94.33
22:08:10 65.41   81.84   68.68   93.99
22:09:14 65.41   81.84   68.56   93.65
22:10:17 65.41   81.95   68.56   93.31
22:11:20 65.41   81.84   68.56   92.97
22:12:24 65.41   81.84   68.68   92.75
22:13:27 65.53   81.72   68.56   98.26
22:14:30 65.41   82.06   68.56   98.38
22:15:34 65.53   81.95   68.68   98.15
22:16:37 65.53   81.95   68.56   97.81
22:17:40 65.53   81.61   68.56   97.36
22:18:44 65.53   81.72   68.56   99.39
22:19:47 65.53   81.61   68.56   99.61
22:20:50 65.53   81.61   68.56   99.28
22:21:54 65.53   81.84   68.56   98.71
22:22:57 65.53   81.72   68.56   98.15
22:24:01 65.53   81.61   68.56   97.70
22:25:04 65.53   81.72   68.56   97.25
22:26:07 65.53   81.61   68.56   96.69
22:27:11 65.53   81.61   68.45   96.24
22:28:14 65.53   81.61   68.45   95.90
22:29:17 65.53   81.50   68.45   95.45
22:30:21 65.53   81.61   68.45   95.22
22:31:24 65.53   81.72   68.45   94.78
22:32:27 65.53   81.50   68.45   94.55
22:33:31 65.53   81.61   68.45   94.21
22:34:34 65.53   81.72   68.45   93.88
22:35:37 65.53   81.61   68.45   93.65
22:36:41 65.53   81.61   68.45   93.31
22:37:44 65.53   81.61   68.45   93.09
22:38:47 65.53   81.50   68.45   92.86
22:39:51 65.53   81.61   68.45   92.64
22:40:54 65.53   81.61   68.34   92.53
22:41:57 65.64   81.61   68.45   92.19
22:43:01 65.53   81.72   68.45   91.85
22:44:04 65.53   81.72   68.56   91.62
22:45:07 65.53   81.84   68.45   91.40
22:46:11 65.64   81.61   68.45   91.29
22:47:14 65.53   81.72   68.45   91.06
22:48:17 65.53   81.50   68.45   90.61
22:49:21 65.64   81.61   68.45   90.39
22:50:24 65.53   81.50   68.34   89.94
22:51:27 65.53   81.50   68.34   89.60
22:52:31 65.53   81.61   68.34   89.38
22:53:34 65.53   81.39   68.34   89.04
22:54:37 65.53   81.39   68.34   88.81
22:55:41 65.53   81.39   68.34   88.59
22:56:44 65.53   81.50   68.34   88.47
22:57:48 65.53   81.39   68.34   88.36
22:58:51 65.41   81.39   68.34   88.03
22:59:54 65.41   81.50   68.34   87.80
23:00:58 65.41   81.39   68.34   87.58
23:02:01 65.41   81.50   68.34   87.35
23:03:04 65.41   81.39   68.34   87.24
23:04:08 65.41   81.16   68.34   96.69
23:05:11 65.41   81.16   68.22   104.23
23:06:14 65.30   81.28   68.22   105.12
23:07:18 65.41   81.05   68.34   106.03
23:08:21 65.30   81.16   68.22   106.03
23:09:24 65.30   81.16   68.22   105.46
23:10:28 65.30   81.16   68.22   104.67
23:11:31 65.30   81.05   68.22   103.78
23:12:34 65.30   80.83   68.22   102.99
23:13:38 65.30   81.28   68.22   102.09
23:14:41 65.30   81.28   68.11   101.19
23:15:44 65.30   81.16   68.22   100.51
23:16:48 65.30   81.05   68.11   99.73
23:17:51 65.19   80.94   68.11   99.05
23:18:54 65.19   81.05   68.11   98.38
23:19:58 65.19   81.28   68.11   97.70
23:21:01 65.19   81.28   68.11   97.14
23:22:04 65.19   81.16   68.11   96.58
23:23:08 65.19   80.94   68.11   96.01
23:24:11 65.19   81.05   68.22   95.45
23:25:14 65.19   80.83   68.11   95.00
23:26:18 65.19   80.94   68.11   94.55
23:27:21 65.19   80.94   68.11   93.99
23:28:25 65.19   80.71   68.11   93.54
23:29:28 65.19   81.05   68.11   93.20
23:30:31 65.19   80.94   68.11   92.75
23:31:35 65.19   80.71   68.11   92.41
23:32:38 65.19   80.71   68.11   91.96
23:33:41 65.19   80.94   68.00   91.62
23:34:45 65.19   81.05   68.11   91.18
23:35:48 65.19   80.83   68.00   90.84
23:36:51 65.19   80.71   68.00   90.50
23:37:55 65.19   80.83   68.11   90.28
23:38:58 65.19   80.94   68.11   89.94
23:40:01 65.19   81.05   68.11   89.60
23:41:05 65.19   80.94   68.11   89.38
23:42:08 65.19   80.94   68.11   89.15
23:43:11 65.19   80.83   68.00   88.81
23:44:15 65.19   80.71   68.00   88.59
23:45:18 65.19   80.83   68.00   88.25
23:46:21 65.19   80.71   68.00   88.03
23:47:25 65.19   80.94   68.00   87.80
23:48:28 65.19   80.94   67.89   87.69
23:49:31 65.19   80.83   68.00   87.46
23:50:35 65.19   80.71   67.89   87.24
23:51:38 65.08   80.60   67.89   87.01
23:52:41 65.19   80.60   68.00   86.68
23:53:45 65.19   80.49   68.00   86.45
23:54:48 65.08   80.49   67.89   86.22
23:55:51 65.19   80.60   67.89   86.11
23:56:55 65.08   80.38   67.89   86.00
23:57:58 65.08   80.71   68.00   85.78
23:59:01 65.08   80.49   68.00   85.66
