 Date  Furn_In  Furn_Out  Bsmnt   Water_Htr
00:00:10 65.41   111.65   69.01   87.01
00:01:13 68.00   136.29   69.01   87.01
00:02:16 68.79   149.23   69.12   87.58
00:03:19 69.12   154.06   69.24   88.25
00:04:22 69.46   127.96   69.24   88.81
00:05:25 69.12   113.34   69.24   88.70
00:06:28 67.66   114.35   69.24   88.47
00:07:32 66.88   112.21   69.12   88.14
00:08:35 66.31   109.17   69.12   87.91
00:09:38 65.86   111.09   69.12   87.46
00:10:42 65.53   109.51   69.12   87.24
00:11:45 65.30   107.49   69.12   87.12
00:12:49 65.19   108.39   69.12   86.90
00:13:52 68.22   133.81   69.12   86.90
00:14:55 68.90   147.65   69.12   87.46
00:15:57 69.35   153.39   69.12   88.25
00:17:00 69.69   128.07   69.12   88.70
00:18:04 69.35   113.11   69.24   88.81
00:19:07 67.89   113.79   69.24   88.59
00:20:10 66.99   111.99   69.24   88.14
00:21:14 66.31   110.98   69.24   87.80
00:22:17 65.86   110.75   69.24   87.58
00:23:20 65.64   109.74   69.24   87.46
00:24:24 65.41   107.94   69.24   87.35
00:25:27 65.30   105.91   69.12   87.24
00:26:30 65.19   106.48   69.12   87.24
00:27:34 68.11   132.57   69.24   87.24
00:28:36 68.90   147.20   69.24   87.69
00:29:39 69.35   155.75   69.35   88.47
00:30:42 69.69   137.30   69.35   88.93
00:31:45 69.91   114.01   69.35   89.04
00:32:49 68.34   114.01   69.35   88.81
00:33:52 67.33   114.46   69.35   88.47
00:34:55 66.54   111.54   69.24   88.14
00:35:59 66.09   110.41   69.24   87.91
00:37:02 65.75   110.98   69.24   87.69
00:38:05 65.53   109.06   69.24   87.46
00:39:09 65.41   106.81   69.24   87.35
00:40:12 66.99   120.99   69.24   87.24
00:41:15 68.68   140.00   69.24   87.58
00:42:18 69.24   151.25   69.35   88.25
00:43:21 69.69   141.01   69.46   89.04
00:44:24 69.91   114.01   69.46   89.26
00:45:27 68.56   113.11   69.46   89.04
00:46:31 67.44   113.79   69.35   88.81
00:47:34 66.65   111.09   69.35   88.36
00:48:37 66.20   111.65   69.35   88.03
00:49:41 65.86   110.53   69.35   87.91
00:50:44 65.53   109.17   69.35   87.80
00:51:47 65.41   107.26   69.24   87.69
00:52:51 65.30   105.80   69.24   87.58
00:53:54 66.54   117.61   69.24   87.58
00:54:57 68.68   138.76   69.24   87.69
00:56:00 69.24   150.91   69.35   88.36
00:57:03 69.69   134.04   69.35   89.04
00:58:06 69.80   112.66   69.35   89.15
00:59:09 68.34   113.00   69.46   89.04
01:00:13 67.21   112.21   69.35   88.59
01:01:16 66.54   111.88   69.35   88.47
01:02:19 66.09   112.10   69.35   88.25
01:03:23 65.75   109.85   69.35   88.03
01:04:26 65.53   108.16   69.24   87.80
01:05:29 65.30   106.36   69.24   87.69
01:06:33 65.19   104.45   69.24   87.46
01:07:36 65.08   103.21   69.24   87.24
01:08:40 64.96   105.35   69.24   87.35
01:09:43 68.22   134.60   69.24   87.35
01:10:46 69.12   148.44   69.24   88.03
01:11:48 69.46   137.64   69.35   88.70
01:12:52 69.80   113.45   69.35   89.04
01:13:55 68.45   112.66   69.35   88.93
01:14:58 67.33   113.00   69.35   88.70
01:16:02 66.65   113.67   69.35   88.47
01:17:05 66.09   111.76   69.35   88.25
01:18:08 65.86   110.19   69.24   88.03
01:19:12 65.53   108.39   69.24   87.91
01:20:15 65.41   106.59   69.24   87.80
01:21:18 65.19   104.45   69.24   87.69
01:22:22 65.08   103.21   69.24   87.58
01:23:25 64.96   101.53   69.24   87.46
01:24:28 64.85   99.61   69.24   87.24
01:25:32 64.85   98.26   69.24   87.12
01:26:35 64.74   96.80   69.24   87.01
01:27:38 65.19   105.91   69.12   87.01
01:28:41 68.22   137.41   69.24   87.12
01:29:44 68.90   150.24   69.24   87.80
01:30:47 69.35   131.56   69.24   88.36
01:31:51 69.35   112.33   69.24   88.59
01:32:54 67.89   112.55   69.24   88.47
01:33:57 66.88   110.86   69.24   88.14
01:35:01 66.31   108.95   69.24   87.91
01:36:04 65.86   107.26   69.24   87.80
01:37:07 65.64   108.61   69.24   87.58
01:38:11 65.41   107.71   69.24   87.46
01:39:14 65.30   106.14   69.24   87.35
01:40:17 65.08   104.23   69.12   87.35
01:41:21 64.96   102.65   69.12   87.24
01:42:24 64.85   100.62   69.12   87.12
01:43:27 64.85   98.83   69.01   87.12
01:44:31 64.74   97.70   69.01   87.01
01:45:34 64.62   96.24   69.12   86.90
01:46:37 65.97   112.21   69.12   86.79
01:47:40 68.11   139.55   69.12   87.01
01:48:43 68.90   148.66   69.12   87.69
01:49:46 69.35   124.81   69.24   88.14
01:50:50 68.90   112.21   69.24   88.25
01:51:53 67.44   112.78   69.24   88.14
01:52:56 66.65   112.78   69.24   87.80
01:54:00 66.09   112.44   69.12   87.69
01:55:03 65.75   109.62   69.12   87.58
01:56:06 65.41   108.16   69.12   87.46
01:57:10 65.30   106.92   69.12   87.35
01:58:13 65.19   104.56   69.12   87.24
01:59:16 65.08   103.10   69.12   87.12
02:00:20 64.96   101.41   69.01   87.01
02:01:23 64.85   99.73   69.01   86.90
02:02:26 64.74   98.60   69.01   86.79
02:03:30 64.62   97.14   69.01   86.68
02:04:33 64.62   96.24   69.01   86.56
02:05:36 64.62   94.78   69.01   86.45
02:06:40 65.97   112.21   69.01   86.45
02:07:43 68.11   139.89   69.01   86.68
02:08:46 68.79   149.68   69.01   87.46
02:09:48 69.24   125.94   69.01   88.03
02:10:52 68.90   112.33   69.12   88.14
02:11:55 67.44   112.55   69.12   88.03
02:12:59 66.65   110.64   69.12   87.69
02:14:02 66.09   111.20   69.12   87.46
02:15:05 65.75   109.85   69.01   87.35
02:16:09 65.41   108.73   69.01   87.12
02:17:12 65.30   106.48   69.01   87.01
02:18:15 65.08   104.90   69.01   87.01
02:19:19 64.96   103.33   69.01   86.90
02:20:22 64.85   101.75   69.01   86.68
02:21:25 64.85   99.84   69.01   86.56
02:22:29 64.74   98.71   68.90   86.45
02:23:32 64.62   97.14   68.90   86.34
02:24:35 64.62   96.01   68.90   86.22
02:25:39 64.51   94.78   68.90   86.11
02:26:42 64.51   94.33   68.90   86.11
02:27:45 66.76   121.55   68.90   86.11
02:28:48 68.22   143.71   68.90   86.56
02:29:51 68.79   150.01   69.01   87.24
02:30:54 69.24   124.48   69.12   87.69
02:31:57 68.79   112.66   69.01   87.80
02:33:01 67.33   113.11   69.01   87.58
02:34:04 66.54   112.21   69.01   87.46
02:35:07 66.09   111.99   69.01   87.12
02:36:11 65.64   110.08   69.01   87.01
02:37:14 65.41   108.73   69.01   86.90
02:38:17 65.19   106.48   68.90   86.79
02:39:21 65.08   104.45   68.90   86.56
02:40:24 64.85   103.10   68.90   86.56
02:41:28 64.85   101.64   68.90   86.45
02:42:31 64.74   99.84   68.90   86.22
02:43:34 65.64   111.65   68.90   86.22
02:44:37 68.00   137.86   68.90   86.45
02:45:40 68.56   149.45   68.90   87.01
02:46:43 69.01   128.53   69.01   87.69
02:47:46 69.01   112.21   69.01   87.80
02:48:50 67.55   112.33   69.01   87.69
02:49:53 66.65   111.20   69.01   87.35
02:50:56 66.09   110.64   68.90   87.24
02:52:00 65.75   110.19   69.01   87.01
02:53:03 65.41   109.17   68.90   86.79
02:54:06 65.19   106.92   68.90   86.68
02:55:10 65.08   104.34   68.90   86.68
02:56:13 64.96   103.44   68.90   86.56
02:57:16 64.85   101.30   68.90   86.45
02:58:20 64.74   99.95   68.90   86.34
02:59:23 64.62   100.40   68.79   86.22
03:00:26 67.44   127.85   68.79   86.34
03:01:29 68.45   145.29   68.90   86.79
03:02:32 68.90   146.41   68.90   87.58
03:03:35 69.35   119.75   68.90   87.91
03:04:39 68.56   112.55   69.01   88.03
03:05:42 67.21   112.89   69.01   87.69
03:06:45 66.54   113.34   69.01   87.35
03:07:49 65.97   112.55   69.01   87.35
03:08:52 65.64   110.19   69.01   87.12
03:09:55 65.41   108.28   68.90   87.01
03:10:59 65.19   106.14   68.90   86.90
03:12:02 65.08   104.79   68.90   86.79
03:13:05 64.96   103.55   68.90   86.68
03:14:09 64.85   101.53   68.90   86.68
03:15:12 64.74   99.39   68.79   86.56
03:16:15 64.74   99.16   68.90   86.34
03:17:19 67.10   124.03   68.90   86.34
03:18:22 68.34   143.60   68.90   86.68
03:19:24 68.90   152.82   68.90   87.35
03:20:27 69.35   130.44   68.90   88.03
03:21:31 69.24   112.55   68.90   88.14
03:22:34 67.78   113.11   69.01   87.91
03:23:37 66.88   112.10   69.01   87.80
03:24:41 66.20   112.55   69.01   87.46
03:25:44 65.86   111.42   68.90   87.12
03:26:47 65.64   109.29   68.90   87.01
03:27:51 65.41   108.39   68.90   86.90
03:28:54 65.19   106.70   68.90   86.79
03:29:57 65.08   104.56   68.90   86.79
03:31:01 64.96   102.99   68.90   86.56
03:32:04 64.85   101.19   68.90   86.45
03:33:07 64.74   100.85   68.90   86.45
03:34:11 67.21   125.94   68.90   86.56
03:35:14 68.45   144.16   68.90   86.90
03:36:17 68.90   150.12   68.90   87.80
03:37:19 69.35   124.48   68.90   88.25
03:38:23 68.79   112.66   68.90   88.36
03:39:26 67.44   112.89   69.01   88.25
03:40:29 66.65   111.99   68.90   88.03
03:41:33 66.09   112.89   68.90   87.80
03:42:36 65.75   111.09   68.90   87.46
03:43:39 65.41   108.95   68.90   87.35
03:44:43 65.30   107.15   68.90   87.35
03:45:46 65.08   104.79   68.90   87.12
03:46:50 64.96   103.33   68.90   86.90
03:47:53 64.85   101.98   68.90   86.90
03:48:56 64.74   100.29   68.90   86.68
03:50:00 64.62   99.16   68.79   86.56
03:51:03 66.20   116.26   68.79   86.68
03:52:06 68.22   140.11   68.90   86.90
03:53:09 68.79   150.69   69.12   87.58
03:54:12 69.24   129.76   69.01   88.25
03:55:15 69.12   112.21   69.01   88.47
03:56:18 67.66   113.00   69.01   88.25
03:57:22 66.65   111.99   69.01   88.03
03:58:25 66.09   112.78   69.01   87.69
03:59:28 65.75   111.20   69.01   87.46
04:00:32 65.53   109.29   69.01   87.24
04:01:35 65.30   107.94   68.90   87.12
04:02:38 65.08   105.69   68.90   87.12
04:03:42 64.96   103.78   68.90   87.01
04:04:45 64.85   102.31   68.90   86.79
04:05:48 64.74   100.40   68.90   86.68
04:06:52 66.65   119.41   68.90   86.68
04:07:55 68.22   141.12   68.90   86.90
04:08:58 68.79   151.59   68.90   87.58
04:10:01 69.24   130.78   68.90   88.14
04:11:04 69.24   112.55   69.01   88.47
04:12:07 67.78   112.89   69.12   88.25
04:13:10 66.76   111.76   69.01   88.03
04:14:14 66.20   110.19   69.01   87.80
04:15:17 65.75   109.74   69.01   87.58
04:16:21 65.53   108.95   68.90   87.46
04:17:24 65.30   107.94   68.90   87.35
04:18:27 65.08   105.80   68.90   87.24
04:19:31 64.96   103.55   68.90   87.01
04:20:34 64.85   102.09   68.90   86.90
04:21:37 64.74   100.85   68.90   86.79
04:22:41 64.62   103.55   68.79   86.68
04:23:44 67.89   134.15   68.79   86.79
04:24:47 68.79   148.21   68.90   87.35
04:25:49 69.12   139.55   68.90   88.14
04:26:53 69.46   113.67   68.90   88.47
04:27:56 68.11   112.44   68.90   88.36
04:28:59 66.99   112.33   69.01   88.03
04:30:03 66.31   110.86   68.90   87.80
04:31:06 65.86   110.19   68.90   87.69
04:32:09 65.53   109.85   68.90   87.58
04:33:13 65.30   108.39   68.90   87.46
04:34:16 65.08   106.14   68.90   87.24
04:35:19 64.96   104.79   68.90   87.12
04:36:23 64.85   102.76   68.90   87.01
04:37:26 64.74   101.41   68.90   86.90
04:38:29 64.74   99.84   68.90   86.90
04:39:33 64.62   98.60   68.90   86.68
04:40:36 64.51   97.36   68.90   86.56
04:41:39 65.08   107.71   68.79   86.45
04:42:43 67.89   137.64   68.90   86.68
04:43:45 68.56   150.46   69.01   87.35
04:44:48 69.01   136.18   69.01   88.03
04:45:51 69.24   113.23   69.01   88.25
04:46:55 67.89   112.78   69.01   88.25
04:47:58 66.88   112.10   69.01   87.91
04:49:02 66.20   109.62   69.01   87.69
04:50:05 65.75   110.75   69.01   87.58
04:51:08 65.53   109.74   68.90   87.35
04:52:12 65.30   107.83   68.90   87.24
04:53:15 65.08   106.81   68.90   87.12
04:54:18 64.96   104.23   68.90   87.01
04:55:22 64.85   102.31   68.90   86.79
04:56:25 64.74   101.08   68.90   86.68
04:57:28 64.62   99.61   68.79   86.56
04:58:32 64.62   97.70   68.79   86.45
04:59:35 65.30   109.06   68.90   86.34
05:00:38 68.00   137.64   68.90   86.56
05:01:41 68.68   150.46   68.90   87.35
05:02:44 69.12   157.55   69.01   105.24
05:03:47 69.46   143.71   69.01   111.65
05:04:50 69.80   149.56   69.01   113.34
05:05:52 70.14   157.44   69.01   114.01
05:06:55 70.47   149.34   69.01   114.69
05:07:58 70.70   147.31   69.12   115.03
05:09:01 70.81   155.64   69.35   115.25
05:10:04 70.93   158.23   69.46   115.25
05:11:07 71.26   145.85   69.46   116.26
05:12:10 71.49   153.28   69.46   116.83
05:13:13 71.49   160.25   69.58   117.50
05:14:16 71.60   146.98   69.46   117.95
05:15:19 71.71   150.69   69.58   118.06
05:16:21 71.94   150.69   69.46   117.95
05:17:24 72.05   123.46   69.58   117.39
05:18:28 71.15   113.90   69.58   116.60
05:19:31 69.35   115.25   69.58   115.48
05:20:34 69.01   123.69   69.69   114.35
05:21:37 70.36   141.91   69.69   113.79
05:22:40 70.93   153.16   69.80   113.45
05:23:43 71.26   159.69   69.69   113.34
05:24:46 71.60   145.51   69.69   113.00
05:25:49 71.83   151.14   69.69   112.55
05:26:52 71.94   158.79   69.80   112.33
05:27:55 72.28   152.15   69.91   111.99
05:28:58 72.28   123.01   70.14   111.54
05:30:01 71.26   114.91   70.03   115.03
05:31:04 69.46   116.38   70.14   115.70
05:32:08 68.34   116.94   70.03   114.58
05:33:11 70.36   130.78   70.03   113.67
05:34:14 70.36   145.74   70.03   113.11
05:35:17 71.04   155.53   70.14   121.21
05:36:20 71.38   156.76   70.25   122.23
05:37:22 71.83   146.07   70.25   121.55
05:38:25 71.94   143.82   70.25   120.54
05:39:28 72.16   120.65   70.14   119.53
05:40:32 70.36   120.65   70.14   118.17
05:41:35 68.79   120.99   70.25   116.83
05:42:38 67.89   118.85   70.25   115.70
05:43:42 70.47   130.66   70.25   116.04
05:44:45 71.26   145.06   70.36   117.16
05:45:47 71.71   155.41   70.47   117.05
05:46:50 71.83   156.99   70.25   116.60
05:47:53 72.05   144.28   70.25   116.04
05:48:56 72.05   122.90   70.25   115.36
05:50:00 71.26   113.45   70.36   114.46
05:51:03 69.46   115.03   70.36   113.34
05:52:06 68.34   115.81   70.36   112.33
05:53:10 67.44   113.56   70.36   111.42
05:54:13 66.99   114.80   70.36   110.75
05:55:16 69.46   127.29   70.36   109.96
05:56:19 70.81   143.26   70.25   109.74
05:57:22 71.38   153.84   70.36   109.74
05:58:25 71.60   158.56   70.47   109.74
05:59:28 71.94   133.25   70.47   109.51
06:00:31 71.38   120.20   70.47   109.06
06:01:34 69.58   121.10   70.47   108.39
06:02:38 68.34   119.64   70.36   107.60
06:03:41 67.55   121.44   70.36   106.81
06:04:44 67.10   119.98   70.36   106.25
06:05:48 66.65   118.29   70.36   105.69
06:06:51 67.78   122.23   70.36   105.24
06:07:54 70.47   136.96   70.36   105.01
06:08:57 71.15   149.56   70.36   105.12
06:10:00 71.60   150.57   70.47   105.24
06:11:03 71.71   123.69   70.47   105.24
06:12:06 70.93   113.45   70.36   104.90
06:13:10 69.24   114.58   70.47   104.23
06:14:13 68.22   114.69   70.47   103.66
06:15:16 67.44   112.21   70.47   103.10
06:16:20 66.99   110.41   70.47   102.54
06:17:23 66.65   112.21   70.47   101.98
06:18:26 66.31   110.98   70.36   101.53
06:19:30 66.09   109.96   70.36   101.19
06:20:33 65.86   107.49   70.36   100.85
06:21:36 65.75   105.91   70.25   100.29
06:22:40 68.34   122.34   70.25   100.17
06:23:43 70.25   142.48   70.25   100.29
06:24:45 70.81   152.49   70.25   100.62
06:25:48 71.15   130.66   70.36   100.74
06:26:52 71.15   112.44   70.36   100.74
06:27:55 69.46   113.45   70.36   100.51
06:28:58 68.11   113.34   70.36   100.06
06:30:02 67.33   113.23   70.36   99.61
06:31:05 66.88   113.34   70.36   99.16
06:32:08 66.43   111.65   70.25   98.71
06:33:12 66.20   109.96   70.25   98.38
06:34:15 65.97   108.61   70.25   98.15
06:35:18 65.86   106.81   70.25   97.81
06:36:22 65.64   105.80   70.14   97.48
06:37:25 65.53   103.89   70.14   97.14
06:38:28 65.53   101.98   70.25   96.91
06:39:32 65.30   100.62   70.14   96.58
06:40:35 65.30   99.95   70.14   96.24
06:41:38 65.30   98.60   70.14   96.12
06:42:42 65.19   97.81   70.03   95.79
06:43:45 65.19   96.80   70.03   95.56
06:44:48 65.08   95.56   70.03   95.34
06:45:52 65.08   95.00   70.03   95.00
06:46:55 64.96   94.21   70.03   94.89
06:47:58 64.96   93.54   70.03   94.66
06:49:02 64.96   92.64   69.91   94.44
06:50:05 64.85   92.30   69.91   94.33
06:51:09 64.85   91.62   69.91   93.99
06:52:12 64.85   91.74   69.91   93.76
06:53:15 66.99   115.03   69.91   93.65
06:54:18 69.35   143.15   69.91   93.99
06:55:21 70.14   136.74   69.91   94.44
06:56:24 70.36   113.00   70.03   94.78
06:57:28 68.79   111.76   70.03   94.66
06:58:31 67.66   111.54   70.03   94.44
06:59:34 66.99   109.17   70.03   94.10
07:00:38 66.43   111.09   70.03   93.88
07:01:41 66.09   109.51   69.91   93.54
07:02:44 65.86   107.94   69.91   93.43
07:03:48 65.64   106.25   69.91   93.20
07:04:51 65.53   104.56   69.91   93.09
07:05:54 65.41   102.65   69.91   92.75
07:06:58 65.30   102.09   69.80   92.53
07:08:01 65.19   100.17   69.80   92.53
07:09:04 65.08   99.05   69.80   92.41
07:10:08 65.08   98.04   69.80   92.08
07:11:11 64.96   96.69   69.80   91.85
07:12:14 64.96   95.56   69.80   91.85
07:13:18 64.96   95.00   69.80   110.53
07:14:21 64.85   93.65   69.80   114.12
07:15:24 64.85   92.97   69.69   114.35
07:16:28 64.74   92.64   69.69   114.58
07:17:31 64.74   91.85   69.69   114.58
07:18:34 64.74   91.29   69.69   114.35
07:19:38 64.74   91.06   69.69   114.01
07:20:41 64.74   90.28   69.69   113.67
07:21:44 64.62   96.46   69.69   113.34
07:22:48 68.56   136.06   69.69   113.23
07:23:51 69.58   150.91   69.69   113.34
07:24:53 70.03   137.07   69.80   113.45
07:25:57 70.36   113.79   69.80   113.23
07:27:00 68.68   113.11   69.80   112.66
07:28:03 67.55   112.33   69.69   111.65
07:29:07 66.88   110.75   69.69   110.86
07:30:10 66.43   108.84   69.69   110.08
07:31:13 66.09   109.62   69.69   109.51
07:32:17 65.86   108.95   69.69   112.89
07:33:20 65.64   106.70   69.58   112.66
07:34:23 65.53   105.46   69.58   114.12
07:35:27 65.30   103.66   69.58   114.01
07:36:30 65.30   101.75   69.58   113.45
07:37:33 65.19   100.17   69.58   113.00
07:38:37 65.08   98.94   69.58   114.69
07:39:40 65.08   97.92   69.58   114.91
07:40:43 64.96   96.46   69.58   114.24
07:41:47 64.96   95.45   69.58   113.56
07:42:50 64.85   94.55   69.46   112.78
07:43:53 64.85   93.76   69.46   111.88
07:44:57 64.74   92.86   69.46   110.98
07:46:00 64.85   92.64   69.46   110.19
07:47:03 64.74   91.51   69.46   110.08
07:48:07 64.74   90.72   69.46   114.35
07:49:10 64.74   90.39   69.46   117.39
07:50:14 64.62   90.05   69.46   117.28
07:51:17 64.62   89.60   69.46   116.49
07:52:20 64.62   89.04   69.35   115.36
07:53:24 64.62   88.59   69.35   114.35
07:54:27 64.62   88.03   69.35   113.34
07:55:30 64.62   87.91   69.35   112.33
07:56:34 64.62   87.24   69.35   111.42
07:57:37 64.51   87.24   69.35   110.64
07:58:40 64.51   86.79   69.24   109.85
07:59:44 64.51   86.45   69.24   109.17
08:00:47 64.51   86.45   69.24   108.39
08:01:50 64.51   86.11   69.24   107.60
08:02:54 64.51   85.66   69.24   106.92
08:03:57 64.51   85.55   69.24   106.25
08:05:00 64.40   85.33   69.24   105.46
08:06:04 64.40   85.21   69.24   104.79
08:07:07 64.40   85.10   69.24   104.34
08:08:10 64.40   84.99   69.24   103.78
08:09:14 64.40   84.65   69.24   103.10
08:10:17 64.40   84.54   69.24   102.54
08:11:20 64.40   84.31   69.12   102.09
08:12:24 64.40   84.43   69.12   101.53
08:13:27 64.29   84.20   69.12   101.08
08:14:30 64.29   84.09   69.12   100.62
08:15:34 64.29   83.97   69.12   100.17
08:16:37 64.29   83.86   69.12   99.73
08:17:40 64.29   83.75   69.12   99.39
08:18:44 64.29   83.41   69.12   98.94
08:19:47 64.18   83.53   69.01   98.49
08:20:50 64.29   83.30   69.01   98.04
08:21:54 64.18   83.30   69.01   97.59
08:22:57 64.18   83.30   69.01   97.14
08:24:01 64.18   82.96   69.01   96.69
08:25:04 64.18   83.08   69.01   96.35
08:26:07 64.18   82.96   69.01   96.12
08:27:11 64.18   82.74   69.01   95.79
08:28:14 64.18   82.62   69.01   95.45
08:29:17 64.18   82.74   68.90   95.11
08:30:21 64.06   82.40   69.01   94.78
08:31:24 64.18   82.51   68.90   94.44
08:32:27 64.06   82.62   68.90   94.10
08:33:31 64.06   82.51   68.90   93.76
08:34:34 64.06   82.40   68.90   93.43
08:35:37 64.06   82.29   68.90   93.20
08:36:41 64.06   82.40   68.90   92.97
08:37:44 64.06   82.29   68.90   92.64
08:38:47 64.06   82.18   68.79   92.30
08:39:51 64.06   82.06   68.79   92.19
08:40:54 63.95   82.18   68.79   91.85
08:41:57 63.95   81.84   68.79   91.62
08:43:01 63.95   81.72   68.79   91.29
08:44:04 63.95   85.78   68.79   112.33
08:45:07 67.33   127.40   68.79   114.01
08:46:10 68.56   148.66   68.79   113.00
08:47:13 69.24   149.68   68.79   111.88
08:48:16 69.80   143.71   68.79   110.75
08:49:19 70.25   153.16   68.79   109.62
08:50:22 70.59   156.20   68.90   116.71
08:51:25 70.93   144.95   69.01   118.40
08:52:28 71.15   153.28   69.12   117.73
08:53:30 71.49   158.56   69.12   116.49
08:54:33 71.60   145.29   69.24   115.03
08:55:36 71.83   152.60   69.35   113.90
08:56:39 72.16   159.80   69.35   112.78
08:57:42 72.16   145.85   69.35   111.99
08:58:45 72.28   152.71   69.46   111.09
08:59:48 72.39   160.59   69.46   110.41
09:00:51 72.72   146.53   69.58   113.56
09:01:54 72.72   127.40   69.58   114.80
09:02:57 71.26   120.88   69.69   113.90
09:04:00 69.24   121.89   69.69   112.55
09:05:04 69.58   124.25   69.69   111.09
09:06:07 71.38   137.86   69.58   110.41
09:07:09 71.83   150.69   69.69   109.85
09:08:12 72.05   159.12   69.80   109.62
09:09:15 72.28   145.62   69.91   109.29
09:10:18 72.61   150.91   69.91   108.84
09:11:21 72.61   159.35   69.91   108.39
09:12:24 72.72   146.07   69.91   108.05
09:13:27 72.84   118.51   69.91   107.60
09:14:30 71.26   115.14   69.91   106.81
09:15:34 69.46   116.15   69.91   105.91
09:16:37 70.81   130.32   69.91   105.12
09:17:40 71.83   146.86   70.03   104.90
09:18:43 72.16   156.76   70.14   104.90
09:19:46 72.61   148.55   70.25   104.79
09:20:48 72.84   148.66   70.25   104.79
09:21:51 72.84   157.55   70.14   104.67
09:22:54 73.18   153.95   70.14   104.67
09:23:57 73.29   125.71   70.14   104.34
09:25:01 72.39   114.46   70.25   104.00
09:26:04 70.25   116.04   70.25   103.21
09:27:07 68.79   118.17   70.25   102.65
09:28:10 71.60   137.19   70.25   102.20
09:29:13 72.39   151.14   70.36   102.31
09:30:16 72.50   159.12   70.47   102.54
09:31:19 72.95   145.96   70.47   102.54
09:32:22 73.06   151.81   70.47   102.54
09:33:25 73.29   152.71   70.47   102.54
09:34:28 73.51   126.05   70.47   102.42
09:35:31 72.50   114.01   70.47   102.20
09:36:34 70.47   115.48   70.47   101.53
09:37:38 69.12   116.04   70.59   100.85
09:38:41 70.59   127.51   70.59   100.40
09:39:44 72.16   144.84   70.59   100.40
09:40:47 72.50   155.64   70.70   100.62
09:41:50 72.95   153.84   70.70   100.96
09:42:53 73.18   125.71   70.59   100.85
09:43:56 71.71   120.99   70.70   100.62
09:44:59 69.91   121.55   70.81   100.17
09:46:03 68.79   119.19   70.81   99.73
09:47:06 68.00   118.62   70.70   99.16
09:48:09 70.36   126.84   70.70   98.83
09:49:12 71.94   141.35   70.70   98.83
09:50:15 72.28   153.28   70.81   99.28
09:51:18 72.72   159.24   70.93   99.61
09:52:21 73.18   134.82   70.93   99.73
09:53:24 73.06   113.90   71.04   99.73
09:54:27 70.81   115.03   71.04   99.39
09:55:31 69.46   116.15   70.93   98.83
09:56:34 68.45   114.46   70.81   98.38
09:57:37 67.78   112.55   70.93   98.04
09:58:41 67.21   110.41   70.93   97.59
09:59:44 69.80   125.49   70.81   97.48
10:00:47 71.71   143.15   70.81   97.59
10:01:50 72.28   154.74   70.93   97.92
10:02:53 72.72   145.40   70.93   98.38
10:03:56 72.95   120.20   71.04   98.49
10:04:59 71.04   119.64   70.93   98.26
10:06:02 69.35   120.20   70.93   97.81
10:07:06 68.45   118.06   70.93   97.36
10:08:09 67.66   119.30   70.93   97.03
10:09:13 67.21   118.17   70.93   96.69
10:10:16 66.88   115.70   70.93   96.46
10:11:19 66.65   114.46   70.93   96.01
10:12:23 66.43   114.35   70.81   95.79
10:13:26 70.36   132.12   70.81   95.79
10:14:29 71.60   146.64   70.81   96.12
10:15:31 72.16   154.18   70.93   96.69
10:16:34 72.50   129.88   70.93   97.03
10:17:38 72.28   112.78   70.93   97.03
10:18:41 70.14   113.90   70.93   96.69
10:19:44 69.01   115.03   70.93   96.35
10:20:48 68.11   113.79   70.93   96.01
10:21:51 67.55   114.35   70.93   95.68
10:22:54 67.10   112.66   70.93   95.34
10:23:58 66.76   111.42   70.93   95.11
10:25:01 66.54   109.51   70.93   94.89
10:26:04 66.31   108.05   70.93   94.66
10:27:08 66.20   106.48   70.93   94.44
10:28:11 66.09   104.79   70.81   94.33
10:29:14 65.86   103.21   70.81   94.10
10:30:18 65.75   101.86   70.81   93.88
10:31:21 65.75   100.85   70.81   93.76
10:32:25 65.64   100.06   70.81   93.54
10:33:28 65.53   98.60   70.81   93.31
10:34:31 65.53   97.70   70.81   93.09
10:35:35 65.41   96.58   70.70   92.97
10:36:38 65.41   95.90   70.70   92.75
10:37:41 65.41   95.45   70.70   92.53
10:38:45 65.30   94.89   70.70   92.41
10:39:48 65.30   93.99   70.70   92.30
10:40:51 65.30   93.31   70.59   92.19
10:41:55 65.30   92.64   70.59   92.08
10:42:58 65.19   91.96   70.59   91.85
10:44:01 65.08   91.62   70.59   91.62
10:45:05 65.19   91.62   70.59   91.40
10:46:08 65.19   90.84   70.47   91.29
10:47:11 65.08   90.50   70.47   91.18
10:48:15 65.08   90.05   70.47   91.06
10:49:18 65.08   89.83   70.47   90.95
10:50:21 65.08   89.71   70.36   90.72
10:51:25 64.96   89.38   70.47   90.61
10:52:28 64.96   89.15   70.36   90.50
10:53:31 64.96   88.93   70.36   90.39
10:54:35 64.96   88.47   70.36   90.16
10:55:38 64.96   87.91   70.36   90.05
10:56:41 64.96   87.69   70.36   89.94
10:57:45 64.85   87.58   70.36   89.83
10:58:48 64.85   87.46   70.36   89.71
10:59:51 64.85   87.35   70.36   89.49
11:00:55 64.85   87.01   70.25   89.49
11:01:58 64.85   87.12   70.36   89.38
11:03:01 64.85   87.01   70.25   89.26
11:04:05 64.85   86.68   70.25   89.15
11:05:08 64.85   86.79   70.25   89.04
11:06:12 64.74   86.45   70.25   88.93
11:07:15 64.74   86.11   70.25   89.49
11:08:18 64.74   86.22   70.25   89.60
11:09:22 64.74   86.11   70.14   89.49
11:10:25 64.74   85.78   70.14   89.38
11:11:28 64.74   85.66   70.14   89.38
11:12:32 64.74   85.33   70.14   89.26
11:13:35 64.74   85.44   70.14   89.04
11:14:38 64.74   88.70   70.03   88.81
11:15:42 68.22   126.95   70.14   88.93
11:16:44 69.80   147.76   70.14   89.26
11:17:47 70.47   128.86   70.14   89.83
11:18:51 70.36   111.88   70.25   90.05
11:19:54 68.56   111.76   70.14   90.05
11:20:57 67.55   109.96   70.14   89.94
11:22:01 66.99   109.51   70.14   89.60
11:23:04 66.43   109.85   70.14   89.49
11:24:07 66.09   108.16   70.14   89.15
11:25:11 65.86   106.81   70.14   88.93
11:26:14 65.75   105.24   70.14   88.93
11:27:17 65.64   103.78   70.03   88.81
11:28:21 65.41   102.20   70.03   88.70
11:29:24 65.30   100.40   70.03   88.59
11:30:27 65.30   99.16   70.03   88.36
11:31:31 65.19   98.04   70.03   88.25
11:32:34 65.19   97.14   70.03   88.14
11:33:37 65.08   96.01   70.03   88.03
11:34:41 64.96   94.44   69.91   87.91
11:35:44 64.96   99.73   70.03   87.91
11:36:47 69.01   134.38   70.03   88.03
11:37:50 70.03   150.01   70.03   88.59
11:38:53 70.59   136.74   70.14   89.15
11:39:56 70.93   113.34   70.14   89.49
11:41:00 69.12   112.55   70.14   89.38
11:42:03 68.00   111.88   70.14   89.15
11:43:06 67.21   110.08   70.14   88.81
11:44:10 66.65   106.81   70.14   88.59
11:45:13 66.31   108.50   70.14   88.36
11:46:16 66.09   107.49   70.03   88.25
11:47:20 65.86   106.25   70.03   88.14
11:48:23 65.64   105.01   70.03   88.03
11:49:26 65.53   103.33   70.03   87.80
11:50:30 65.41   101.75   70.03   87.69
11:51:33 65.30   100.29   70.03   87.58
11:52:36 65.30   101.86   70.03   87.58
11:53:40 69.12   133.03   70.03   87.69
11:54:42 70.14   148.89   70.03   88.36
11:55:45 70.70   140.23   70.14   88.93
11:56:48 71.15   114.35   70.14   89.26
11:57:52 69.58   112.66   70.14   89.15
11:58:55 68.22   112.10   70.25   88.93
11:59:59 67.33   113.34   70.14   88.70
12:01:02 66.88   112.44   70.25   88.47
12:02:05 66.43   110.30   70.14   88.36
12:03:09 66.09   109.06   70.14   88.14
12:04:12 65.86   107.60   70.14   88.03
12:05:15 65.75   105.58   70.03   87.91
12:06:19 65.64   104.00   70.03   87.80
12:07:22 65.53   104.00   70.03   87.80
12:08:25 69.01   129.43   70.14   87.80
12:09:28 70.25   146.41   70.14   88.25
12:10:31 70.81   152.26   70.25   89.04
12:11:34 71.26   126.95   70.14   89.38
12:12:37 70.70   113.00   70.14   89.49
12:13:41 69.01   113.79   70.14   89.26
12:14:44 68.00   112.78   70.14   89.04
12:15:47 67.33   110.30   70.25   88.70
12:16:51 66.76   111.88   70.14   88.47
12:17:54 66.43   109.96   70.14   88.25
12:18:57 66.09   108.73   70.14   88.25
12:20:01 65.97   106.92   70.14   88.25
12:21:04 65.75   105.35   70.14   88.03
12:22:07 65.64   104.90   70.03   87.91
12:23:11 68.90   128.41   70.03   88.03
12:24:13 70.25   145.74   70.03   88.47
12:25:16 70.93   153.28   70.14   89.15
12:26:19 71.38   129.09   70.14   89.71
12:27:23 71.15   113.11   70.14   89.83
12:28:26 69.35   113.45   70.25   89.60
12:29:29 68.11   112.33   70.25   89.15
12:30:33 67.33   110.75   70.25   88.93
12:31:36 66.88   108.05   70.14   88.70
12:32:39 66.54   110.41   70.25   88.59
12:33:43 66.20   108.73   70.25   88.47
12:34:46 65.97   107.04   70.14   88.25
12:35:49 65.86   105.91   70.14   88.14
12:36:53 66.88   114.80   70.14   88.14
12:37:56 69.91   138.20   70.14   88.36
12:38:59 70.81   151.14   70.25   89.04
12:40:01 71.26   138.43   70.36   89.60
12:41:05 71.60   113.79   70.25   89.83
12:42:08 70.03   113.23   70.25   89.71
12:43:11 68.56   113.34   70.25   89.38
12:44:15 67.66   112.78   70.25   89.15
12:45:18 67.10   113.11   70.25   88.93
12:46:21 66.65   111.42   70.25   88.70
12:47:25 66.31   110.08   70.25   88.59
12:48:28 66.09   108.16   70.25   88.47
12:49:31 65.86   106.59   70.25   88.36
12:50:35 65.75   104.79   70.25   88.25
12:51:38 65.64   102.88   70.25   88.14
12:52:41 67.89   119.41   70.14   88.14
12:53:44 70.14   141.57   70.14   88.36
12:54:47 70.81   152.71   70.25   88.93
12:55:50 71.26   132.46   70.36   89.60
12:56:53 71.38   113.00   70.36   89.71
12:57:57 69.46   113.11   70.36   89.49
12:59:00 68.22   112.55   70.36   89.38
13:00:03 67.55   111.99   70.36   89.04
13:01:07 66.99   113.34   70.25   88.93
13:02:10 66.54   110.98   70.25   88.70
13:03:13 66.20   109.51   70.25   88.59
13:04:17 65.97   107.83   70.25   88.47
13:05:20 65.86   105.35   70.25   88.25
13:06:23 65.75   103.89   70.25   88.14
13:07:27 65.64   102.31   70.25   88.14
13:08:30 65.53   104.11   70.25   88.03
13:09:33 69.24   132.01   70.25   88.14
13:10:36 70.47   148.21   70.25   88.59
13:11:39 70.93   152.15   70.36   89.38
13:12:42 71.49   126.39   70.36   89.83
13:13:45 70.81   113.34   70.36   89.83
13:14:49 69.24   114.01   70.36   89.49
13:15:52 68.00   114.12   70.36   89.26
13:16:55 67.33   114.69   70.36   89.04
13:17:59 66.88   113.11   70.47   88.93
13:19:02 66.54   111.42   70.36   88.70
13:20:05 66.20   108.95   70.36   88.47
13:21:09 65.97   107.38   70.25   88.47
13:22:12 65.86   105.46   70.25   88.36
13:23:15 65.75   104.00   70.36   88.14
13:24:19 67.21   116.04   70.25   88.14
13:25:22 70.03   140.00   70.36   88.36
13:26:25 70.70   152.26   70.36   89.04
13:27:28 71.38   138.31   70.47   89.71
13:28:31 71.60   113.90   70.36   89.94
13:29:34 70.03   113.11   70.36   89.94
13:30:37 68.56   113.67   70.47   89.60
13:31:41 67.66   111.99   70.47   89.38
13:32:44 67.10   113.90   70.47   89.04
13:33:47 66.65   111.88   70.36   88.81
13:34:51 66.31   110.08   70.47   88.70
13:35:54 66.09   108.28   70.36   88.59
13:36:57 65.86   106.81   70.36   88.47
13:38:01 65.75   104.90   70.36   88.25
13:39:04 65.64   103.66   70.36   88.25
13:40:07 65.53   101.64   70.36   88.14
13:41:11 68.00   119.86   70.36   88.25
13:42:14 70.14   142.48   70.25   88.47
13:43:17 70.81   153.95   70.36   89.15
13:44:20 71.26   141.24   70.47   89.83
13:45:23 71.60   114.69   70.59   90.16
13:46:26 70.03   113.56   70.59   89.94
13:47:29 68.56   113.90   70.47   89.71
13:48:33 67.78   111.54   70.47   89.38
13:49:36 67.10   109.85   70.47   89.15
13:50:39 66.76   110.19   70.47   88.93
13:51:43 66.43   110.30   70.47   88.81
13:52:46 66.20   108.95   70.47   88.70
13:53:49 65.97   106.59   70.47   88.59
13:54:53 65.75   105.35   70.36   88.47
13:55:56 65.75   103.21   70.36   88.36
13:56:59 65.53   101.98   70.36   88.25
13:58:03 65.53   100.62   70.36   88.14
13:59:06 67.78   119.41   70.36   88.14
14:00:09 70.03   142.25   70.36   88.47
14:01:12 70.93   152.26   70.47   89.15
14:02:15 71.38   130.10   70.47   89.71
14:03:18 71.26   112.66   70.47   89.83
14:04:21 69.46   113.23   70.47   89.71
14:05:25 68.22   112.44   70.47   89.49
14:06:28 67.44   111.42   70.47   89.15
14:07:32 66.88   112.21   70.36   88.93
14:08:35 66.43   110.75   70.36   88.59
14:09:38 66.20   108.95   70.36   88.47
14:10:42 66.09   107.94   70.25   88.70
14:11:45 65.86   106.03   70.25   106.14
14:12:48 65.75   104.67   70.25   108.16
14:13:52 65.64   102.76   70.25   108.73
14:14:55 65.53   101.30   70.14   108.84
14:15:58 65.53   100.62   70.25   108.50
14:17:02 68.22   121.55   70.14   108.05
14:18:05 70.25   143.26   70.14   107.94
14:19:07 70.93   153.61   70.25   107.83
14:20:10 71.38   133.25   70.36   107.60
14:21:14 71.60   113.34   70.36   107.26
14:22:17 69.69   113.45   70.36   106.48
14:23:20 68.45   113.00   70.36   105.80
14:24:24 67.66   110.75   70.36   105.01
14:25:27 67.21   111.76   70.36   104.34
14:26:30 66.76   110.86   70.36   103.66
14:27:34 66.54   109.29   70.47   103.21
14:28:37 66.31   108.16   70.47   102.65
14:29:40 66.09   106.14   70.47   102.20
14:30:44 66.09   104.34   70.47   101.75
14:31:47 65.97   102.99   70.47   101.19
14:32:50 65.86   102.09   70.36   100.74
14:33:54 65.75   100.62   70.36   100.17
14:34:57 65.64   99.39   70.36   99.73
14:36:00 65.64   98.38   70.47   99.39
14:37:04 65.53   97.03   70.47   98.94
14:38:07 65.53   95.90   70.47   98.60
14:39:10 65.53   95.22   70.47   98.26
14:40:14 65.41   94.44   70.47   98.04
14:41:17 65.41   93.31   70.36   97.70
14:42:20 65.30   92.75   70.36   97.48
14:43:24 65.30   92.19   70.47   97.14
14:44:27 65.30   91.74   70.47   96.91
14:45:30 65.19   91.29   70.47   96.58
14:46:34 65.19   90.72   70.47   96.24
14:47:37 65.19   90.28   70.47   95.90
14:48:41 65.19   89.83   70.47   95.68
14:49:44 65.08   89.38   70.47   95.34
14:50:47 65.08   89.15   70.47   95.11
14:51:51 65.08   88.93   70.47   94.78
14:52:54 65.08   88.14   70.47   94.55
14:53:57 64.96   87.91   70.47   94.21
14:55:01 64.96   87.91   70.36   93.99
14:56:04 64.96   87.58   70.36   93.65
14:57:07 64.96   87.01   70.36   93.43
14:58:11 64.96   87.24   70.36   93.20
14:59:14 64.96   87.01   70.36   92.97
15:00:17 64.96   86.68   70.36   92.75
15:01:21 64.85   86.56   70.47   92.53
15:02:24 64.85   86.11   70.47   92.19
15:03:27 64.85   86.11   70.36   91.96
15:04:31 64.85   85.89   70.36   91.74
15:05:34 64.85   85.55   70.36   91.62
15:06:37 64.85   85.55   70.36   91.40
15:07:41 64.85   85.55   70.36   91.29
15:08:44 64.85   85.44   70.36   91.18
15:09:47 64.85   85.10   70.14   90.95
15:10:51 64.74   85.10   70.14   90.72
15:11:54 64.74   84.88   70.14   90.61
15:12:57 64.74   84.65   70.14   90.50
15:14:01 64.74   84.54   70.03   90.28
15:15:04 64.74   84.43   70.03   90.05
15:16:07 64.74   84.54   70.03   89.83
15:17:11 64.74   84.20   69.91   89.60
15:18:14 64.74   84.43   69.91   89.38
15:19:17 64.74   84.20   70.03   89.26
15:20:21 64.74   84.09   69.91   89.15
15:21:24 64.62   83.86   69.91   88.93
15:22:27 64.62   83.86   69.91   88.81
15:23:31 64.62   83.75   69.91   88.70
15:24:34 64.62   83.86   69.80   88.59
15:25:38 64.62   83.75   69.80   88.47
15:26:41 64.62   83.53   69.80   88.25
15:27:44 64.51   83.41   69.80   88.03
15:28:48 64.62   83.30   69.80   87.91
15:29:51 64.62   83.30   69.80   87.91
15:30:54 64.62   83.19   69.80   87.69
15:31:58 64.51   83.30   69.80   87.58
15:33:01 64.51   83.30   69.80   87.58
15:34:04 64.62   83.19   69.69   87.46
15:35:08 64.51   82.96   69.69   87.46
15:36:11 64.51   83.19   69.69   87.12
15:37:14 64.51   83.19   69.69   86.90
15:38:18 64.51   83.08   69.69   86.79
15:39:21 64.51   82.96   69.69   86.68
15:40:24 64.51   82.96   69.69   86.68
15:41:28 64.51   82.74   69.69   86.45
15:42:31 64.51   82.62   69.58   86.34
15:43:34 64.51   82.62   69.58   86.11
15:44:38 64.51   82.85   69.69   86.00
15:45:41 64.40   82.74   69.69   86.00
15:46:44 64.51   82.74   69.58   86.00
15:47:48 64.40   82.62   69.58   86.00
15:48:51 64.40   82.40   69.58   85.89
15:49:54 64.40   82.40   69.58   85.78
15:50:58 64.40   82.51   69.46   85.78
15:52:01 64.40   82.40   69.46   85.78
15:53:04 64.40   82.18   69.46   85.55
15:54:08 64.40   82.29   69.46   85.55
15:55:11 64.40   82.29   69.46   85.44
15:56:14 64.40   82.40   69.46   85.33
15:57:18 64.40   82.18   69.46   85.21
15:58:21 64.40   82.06   69.46   85.21
15:59:25 64.40   84.09   69.35   85.21
16:00:28 66.88   115.25   69.35   85.21
16:01:31 68.90   144.39   69.24   85.55
16:02:34 69.69   146.86   69.35   86.22
16:03:37 70.25   120.42   69.46   86.79
16:04:40 69.35   112.21   69.46   86.90
16:05:43 68.00   111.65   69.46   86.68
16:06:47 67.10   109.06   69.46   86.45
16:07:50 66.54   107.83   69.46   95.45
16:08:53 66.20   108.05   69.46   107.49
16:09:57 65.86   106.92   69.46   107.60
16:11:00 65.64   104.67   69.46   106.25
16:12:03 65.41   103.33   69.46   104.56
16:13:07 65.30   101.98   69.35   102.88
16:14:10 65.19   100.51   69.46   101.41
16:15:13 65.19   98.83   69.35   100.40
16:16:17 65.08   97.92   69.35   99.39
16:17:20 64.96   96.35   69.35   98.49
16:18:23 64.96   95.45   69.35   97.81
16:19:27 64.85   95.00   69.35   97.03
16:20:30 67.33   119.30   69.35   96.46
16:21:33 69.35   143.49   69.24   96.35
16:22:36 69.91   150.69   69.35   96.46
16:23:39 70.36   125.60   69.35   96.46
16:24:42 70.03   112.78   69.46   96.35
16:25:46 68.45   112.78   69.58   95.90
16:26:49 67.44   111.65   69.46   95.34
16:27:52 66.88   112.10   69.69   94.78
16:28:56 66.54   110.19   69.69   94.33
16:29:59 66.31   107.94   69.69   93.99
16:31:02 66.09   106.70   69.69   93.43
16:32:06 66.09   104.90   69.80   93.20
16:33:09 65.86   103.78   69.80   92.97
16:34:12 65.75   101.86   69.91   92.64
16:35:16 65.64   100.85   70.03   92.41
16:36:19 65.53   98.83   70.14   92.08
16:37:22 65.53   97.81   70.25   91.85
16:38:26 65.41   96.91   70.36   91.74
16:39:29 65.30   95.56   70.36   91.51
16:40:32 65.19   94.55   70.36   91.40
16:41:36 65.08   96.58   70.25   91.06
16:42:39 68.56   130.55   70.14   91.06
16:43:42 69.58   148.21   70.14   91.18
16:44:45 70.36   137.19   70.36   91.62
16:45:48 70.81   113.34   70.93   91.74
16:46:51 69.35   112.21   70.47   91.74
16:47:55 67.89   111.42   70.47   91.40
16:48:58 67.10   110.98   70.70   91.18
16:50:01 66.76   110.75   70.36   90.95
16:51:05 66.43   109.17   70.47   90.72
16:52:08 66.31   107.38   70.81   90.50
16:53:11 66.20   105.91   70.25   90.28
16:54:15 65.97   104.00   70.25   90.16
16:55:18 65.86   102.99   70.03   89.94
16:56:21 65.86   101.41   70.14   89.71
16:57:25 65.75   100.17   70.59   89.49
16:58:28 65.64   98.94   70.36   89.38
16:59:31 65.41   97.48   70.36   89.26
17:00:35 65.08   96.46   69.80   89.04
17:01:38 64.62   95.45   69.35   88.93
17:02:41 64.29   94.55   69.01   88.70
17:03:45 64.06   93.88   68.90   88.47
17:04:48 63.84   93.09   69.01   88.25
17:05:51 63.73   91.85   69.01   88.14
17:06:55 63.84   91.18   69.24   88.03
17:07:58 64.62   100.85   69.69   88.03
17:09:01 68.90   137.98   70.59   88.14
17:10:04 69.91   150.24   70.93   88.70
17:11:07 70.59   127.85   71.38   89.26
17:12:10 70.59   112.21   71.49   89.38
17:13:14 69.12   112.44   71.60   89.26
17:14:17 68.11   110.41   71.60   89.04
17:15:20 67.44   109.17   71.38   88.81
17:16:24 66.99   109.85   71.38   88.70
17:17:27 66.76   108.84   71.15   88.47
17:18:30 66.43   107.04   71.26   88.47
17:19:34 66.31   105.58   70.93   88.25
17:20:37 66.09   103.55   71.04   88.14
17:21:40 65.97   102.54   71.15   88.03
17:22:44 65.86   100.74   71.15   87.91
17:23:47 65.75   99.39   71.04   87.80
17:24:50 65.64   98.49   71.15   87.69
17:25:54 65.53   97.03   70.93   87.58
17:26:57 65.41   96.24   70.59   87.46
17:28:00 65.41   95.22   70.81   87.35
17:29:04 65.30   94.10   70.81   87.24
17:30:07 65.30   93.76   71.38   87.24
17:31:11 65.19   92.97   71.04   87.12
17:32:14 65.19   92.19   70.81   87.01
17:33:17 65.08   91.18   70.59   87.01
17:34:21 65.08   90.95   71.04   87.01
17:35:24 65.08   90.28   71.26   86.79
17:36:27 64.96   89.60   71.49   86.79
17:37:31 64.96   89.38   71.71   86.56
17:38:34 64.96   88.70   71.60   86.56
17:39:37 64.96   88.36   71.60   86.45
17:40:41 64.96   91.85   71.49   86.45
17:41:44 68.79   130.78   71.83   86.56
17:42:47 70.14   149.00   71.94   87.01
17:43:50 70.70   130.78   71.71   87.46
17:44:53 70.93   112.10   71.60   87.80
17:45:56 69.46   111.88   71.26   87.80
17:47:00 68.45   112.66   71.15   87.69
17:48:03 67.78   113.45   70.93   87.46
17:49:06 67.21   110.86   70.93   87.24
17:50:10 66.88   108.50   70.81   87.24
17:51:13 66.65   107.04   70.59   89.15
17:52:16 66.43   106.03   70.36   105.01
17:53:20 66.20   104.34   70.14   109.51
17:54:23 65.97   102.42   70.03   110.75
17:55:26 65.86   100.62   69.91   111.31
17:56:30 65.75   99.61   69.91   111.42
17:57:33 65.75   98.49   70.03   110.75
17:58:36 65.64   96.91   69.80   110.86
17:59:40 65.53   96.01   69.80   110.19
18:00:43 65.53   95.22   69.91   108.95
18:01:46 65.41   94.66   69.80   109.85
18:02:50 65.30   93.76   69.80   109.17
18:03:53 65.30   93.09   69.80   108.95
18:04:56 65.19   92.08   69.69   110.19
18:06:00 65.19   91.62   69.69   109.40
18:07:03 65.08   90.84   69.69   109.85
18:08:06 65.08   90.72   69.58   110.19
18:09:10 65.08   90.05   69.69   109.29
18:10:13 65.08   89.83   69.69   110.19
18:11:17 64.96   89.04   69.58   110.41
18:12:20 64.96   88.81   69.69   109.96
18:13:23 64.96   88.36   69.69   109.06
18:14:27 64.85   87.91   69.58   107.94
18:15:30 64.96   87.58   69.58   109.51
18:16:33 64.96   87.58   69.58   109.51
18:17:37 64.85   87.01   70.03   108.84
18:18:40 64.96   86.68   69.80   107.83
18:19:43 64.85   86.79   69.69   107.04
18:20:47 64.85   86.68   69.69   106.25
18:21:50 64.96   86.11   69.58   105.24
18:22:53 64.85   86.22   69.58   104.45
18:23:57 64.85   85.78   69.58   103.66
18:25:00 64.85   85.78   69.69   102.76
18:26:03 64.85   85.66   69.58   101.86
18:27:07 64.85   85.78   69.58   101.08
18:28:10 64.85   85.66   69.46   100.40
18:29:13 64.85   85.44   69.58   99.73
18:30:17 64.85   85.10   69.58   99.16
18:31:20 64.85   85.21   69.58   98.49
18:32:23 64.85   84.88   69.58   98.04
18:33:27 64.85   84.76   69.46   97.48
18:34:30 64.74   84.88   69.46   97.03
18:35:33 64.74   84.54   69.69   96.69
18:36:37 64.85   84.54   69.58   96.12
18:37:40 64.74   84.31   69.58   95.68
18:38:43 64.74   84.20   69.58   95.22
18:39:47 64.74   84.09   69.46   94.89
18:40:50 64.74   83.97   69.46   94.44
18:41:53 64.74   83.86   69.58   94.21
18:42:57 64.74   83.86   69.46   93.88
18:44:00 64.74   84.09   69.46   93.54
18:45:04 64.74   83.75   69.46   93.20
18:46:07 64.62   83.75   69.46   92.86
18:47:10 64.74   83.64   69.46   92.64
18:48:14 64.62   83.53   69.35   92.30
18:49:17 64.62   83.41   69.35   92.08
18:50:20 64.62   83.30   69.35   91.74
18:51:24 64.62   83.53   69.24   91.51
18:52:27 64.62   83.53   69.24   91.29
18:53:30 64.62   83.41   69.24   91.06
18:54:34 64.62   83.41   69.24   90.84
18:55:37 64.62   83.19   69.35   90.61
18:56:40 64.62   83.19   69.24   90.39
18:57:44 64.62   83.19   69.35   90.28
18:58:47 64.51   83.08   69.46   90.05
18:59:50 64.62   82.96   69.24   89.83
19:00:54 64.62   82.85   69.24   89.60
19:01:57 64.51   82.74   69.24   89.26
19:03:00 64.51   82.96   69.35   89.15
19:04:04 64.51   82.85   69.24   89.04
19:05:07 64.51   82.85   69.46   88.70
19:06:10 64.51   82.85   69.35   88.59
19:07:14 64.51   82.85   69.35   88.59
19:08:17 64.51   83.08   69.24   88.36
19:09:20 64.51   82.96   69.24   88.14
19:10:24 64.51   82.74   69.24   88.14
19:11:27 64.51   82.62   69.35   87.91
19:12:30 64.51   82.51   69.12   87.69
19:13:34 64.62   82.40   69.12   105.46
19:14:37 64.51   82.40   69.12   110.19
19:15:40 64.51   82.40   69.12   111.20
19:16:44 64.51   82.51   69.24   111.54
19:17:47 64.51   82.51   69.12   111.42
19:18:50 64.51   82.40   69.12   111.42
19:19:54 64.51   82.51   69.12   111.42
19:20:57 64.51   82.29   69.12   111.65
19:22:01 64.51   82.51   69.12   111.09
19:23:04 64.51   82.74   69.01   112.55
19:24:07 64.51   82.40   69.12   114.01
19:25:11 64.51   82.29   69.12   114.46
19:26:14 64.51   82.40   69.46   113.90
19:27:17 64.62   82.62   69.58   112.78
19:28:21 64.51   82.29   69.69   111.42
19:29:24 64.62   82.51   69.80   110.30
19:30:27 64.62   82.40   70.03   108.95
19:31:31 64.62   82.29   70.03   107.71
19:32:34 64.62   82.51   70.14   106.48
19:33:37 64.62   82.29   70.25   105.35
19:34:41 64.62   82.29   70.25   109.51
19:35:44 64.62   82.18   70.25   114.91
19:36:47 64.62   82.06   70.25   115.25
19:37:51 64.62   82.40   70.47   114.46
19:38:54 64.62   82.06   70.47   113.11
19:39:57 64.62   82.18   70.47   111.76
19:41:01 64.62   82.29   70.70   110.30
19:42:04 64.62   81.95   70.59   108.95
19:43:07 64.62   81.95   70.59   107.71
19:44:11 64.62   82.06   70.59   106.70
19:45:14 64.62   82.18   70.59   105.46
19:46:17 64.62   82.06   70.47   104.56
19:47:21 64.62   82.18   70.47   103.78
19:48:24 64.62   82.06   70.47   102.88
19:49:27 64.62   82.18   70.59   101.98
19:50:31 64.62   82.06   70.47   101.30
19:51:34 64.62   82.06   70.47   100.74
19:52:38 64.62   82.18   70.36   100.06
19:53:41 64.62   82.18   70.81   99.28
19:54:44 64.62   82.06   70.93   98.83
19:55:48 64.62   82.06   71.38   98.15
19:56:51 64.62   82.18   71.49   97.59
19:57:54 64.62   81.95   71.49   97.14
19:58:58 64.62   82.18   71.38   96.58
20:00:01 64.62   82.18   71.15   96.24
20:01:04 64.62   82.18   70.93   95.68
20:02:08 64.62   81.95   71.04   95.22
20:03:11 64.62   82.29   71.60   94.89
20:04:14 64.62   82.18   71.71   94.44
20:05:18 64.62   82.29   71.26   94.10
20:06:21 64.62   82.18   71.38   93.65
20:07:24 64.62   82.18   71.26   93.31
20:08:28 64.62   82.18   71.04   92.86
20:09:31 64.62   82.06   70.93   92.64
20:10:34 64.62   82.06   71.15   92.30
20:11:38 64.62   82.18   71.15   91.96
20:12:41 64.62   82.18   71.04   91.74
20:13:44 64.62   82.18   70.93   91.40
20:14:48 64.62   82.40   71.38   91.06
20:15:51 64.62   82.06   71.38   90.84
20:16:54 64.62   82.18   71.94   90.61
20:17:58 64.62   82.06   71.38   90.28
20:19:01 64.62   82.06   71.71   90.05
20:20:04 64.62   82.06   71.71   89.83
20:21:08 64.74   82.06   71.04   89.49
20:22:11 64.62   82.29   71.26   89.38
20:23:14 64.62   82.29   71.26   89.26
20:24:18 64.62   82.18   71.38   88.93
20:25:21 64.62   82.18   71.83   88.81
20:26:24 64.62   82.18   72.05   107.49
20:27:28 64.74   82.18   71.83   111.09
20:28:31 64.62   82.06   72.16   113.00
20:29:35 64.62   82.06   72.28   113.23
20:30:38 64.62   82.29   72.61   112.55
20:31:41 64.74   82.40   73.51   111.09
20:32:45 64.74   82.40   72.39   109.74
20:33:48 64.74   82.62   72.39   108.39
20:34:51 64.74   82.74   71.83   107.04
20:35:55 64.74   82.62   71.94   105.91
20:36:58 64.85   82.62   72.39   104.90
20:38:01 64.85   82.74   71.83   103.78
20:39:05 64.85   82.62   71.60   102.99
20:40:08 64.96   82.74   71.71   101.86
20:41:11 64.96   82.62   71.71   101.08
20:42:15 64.85   82.40   71.60   100.40
20:43:18 64.85   82.74   71.60   99.73
20:44:21 64.96   82.51   71.71   99.16
20:45:25 64.85   82.51   71.60   113.23
20:46:28 64.85   82.51   71.38   114.58
20:47:31 64.85   82.74   71.38   114.80
20:48:35 64.96   82.51   71.49   115.36
20:49:38 64.96   82.29   71.60   115.48
20:50:41 64.85   82.51   71.60   115.48
20:51:45 64.96   82.74   71.60   115.36
20:52:48 64.85   82.85   71.60   115.36
20:53:51 64.96   82.96   71.60   115.14
20:54:55 64.96   82.74   71.60   115.03
20:55:58 64.96   83.08   71.38   114.91
20:57:01 65.08   82.85   71.49   114.58
20:58:05 64.96   82.85   71.38   114.35
20:59:08 64.96   82.74   71.38   114.12
21:00:12 64.96   83.08   71.38   113.79
21:01:15 64.96   82.85   71.60   113.56
21:02:18 64.96   82.85   71.71   113.11
21:03:22 64.96   82.74   71.71   112.66
21:04:25 64.96   82.85   71.60   111.99
21:05:28 65.08   82.85   71.38   111.31
21:06:32 65.08   82.85   71.49   110.64
21:07:35 64.96   82.96   71.38   109.96
21:08:38 64.96   82.74   71.26   109.29
21:09:42 65.08   82.96   71.15   108.50
21:10:45 65.08   82.96   71.15   107.83
21:11:48 65.08   82.96   71.04   107.15
21:12:52 65.08   82.85   71.04   106.48
21:13:55 65.08   82.96   70.93   105.80
21:14:58 65.08   83.08   70.93   105.24
21:16:02 65.19   82.96   70.81   104.67
21:17:05 65.19   82.85   70.93   104.11
21:18:08 65.19   82.74   70.81   103.55
21:19:12 65.19   82.85   70.70   102.99
21:20:15 65.19   82.96   70.81   102.42
21:21:18 65.19   82.85   71.04   101.86
21:22:22 65.19   82.74   71.15   101.53
21:23:25 65.08   82.62   71.26   101.08
21:24:28 65.08   82.51   71.15   100.62
21:25:32 65.08   82.74   71.49   100.40
21:26:35 65.08   82.74   71.26   100.06
21:27:38 65.08   82.62   71.60   99.61
21:28:42 65.08   82.85   71.71   99.39
21:29:45 65.08   82.96   71.94   99.05
21:30:48 65.08   82.96   71.38   98.71
21:31:52 65.08   82.74   71.38   109.06
21:32:55 65.08   82.74   71.60   114.69
21:33:59 65.08   82.85   71.60   114.01
21:35:02 65.08   82.74   71.49   112.55
21:36:05 65.08   82.74   71.49   111.31
21:37:09 65.08   82.62   71.38   110.53
21:38:12 65.19   82.74   71.60   109.96
21:39:15 65.08   82.62   71.49   109.51
21:40:19 65.19   82.74   71.49   109.40
21:41:22 65.19   82.74   71.49   108.84
21:42:25 65.08   82.74   71.49   108.28
21:43:29 65.19   82.62   71.49   107.71
21:44:32 65.19   82.62   71.60   107.15
21:45:35 65.19   82.74   71.71   106.59
21:46:39 65.19   82.74   71.60   105.91
21:47:42 65.19   82.85   71.49   105.35
21:48:45 65.19   83.08   71.49   104.79
21:49:49 65.19   82.96   71.49   104.23
21:50:52 65.19   82.96   71.49   103.78
21:51:55 65.19   83.08   71.49   103.21
21:52:59 65.19   82.96   71.49   102.65
21:54:02 65.19   82.85   71.60   102.20
21:55:05 65.19   82.85   71.60   101.75
21:56:09 65.19   82.74   71.49   101.30
21:57:12 65.08   82.85   71.71   100.85
21:58:15 65.19   82.85   71.49   100.51
21:59:19 65.19   82.85   71.60   100.17
22:00:22 65.19   82.85   71.49   99.84
22:01:25 65.19   82.96   71.71   99.50
22:02:29 65.19   82.74   71.71   99.05
22:03:32 65.19   82.96   71.49   98.60
22:04:36 65.19   82.85   71.60   98.26
22:05:39 65.19   82.85   71.60   97.81
22:06:42 65.19   82.96   71.71   97.48
22:07:46 65.19   82.85   71.60   111.09
22:08:49 65.19   82.62   71.83   114.58
22:09:52 65.19   82.51   71.60   114.24
22:10:56 65.19   82.85   71.60   113.23
22:11:59 65.19   82.62   71.71   112.33
22:13:02 65.19   82.74   71.83   111.20
22:14:06 65.19   82.96   71.83   110.19
22:15:09 65.19   82.62   71.60   109.17
22:16:12 65.08   82.51   71.60   108.28
22:17:16 65.08   82.62   71.60   107.38
22:18:19 65.08   82.51   72.16   106.59
22:19:22 65.08   82.62   71.71   105.69
22:20:26 65.08   82.62   71.71   105.01
22:21:29 65.08   82.51   71.60   104.34
22:22:32 65.08   82.74   71.60   103.55
22:23:36 65.08   82.62   71.38   102.88
22:24:39 65.08   82.62   71.26   102.20
22:25:42 65.08   82.74   71.26   101.75
22:26:46 65.08   82.51   71.26   101.08
22:27:49 65.08   82.40   71.26   111.76
22:28:52 65.19   82.62   71.15   115.03
22:29:56 65.08   82.62   71.04   115.70
22:30:59 65.08   82.96   70.93   115.14
22:32:02 65.08   82.62   70.93   114.46
22:33:06 65.08   82.40   70.93   113.79
22:34:09 65.08   82.40   70.93   112.89
22:35:13 65.08   82.40   70.93   112.21
22:36:16 65.08   82.51   70.93   111.42
22:37:19 65.08   82.40   70.81   110.64
22:38:23 65.08   82.51   70.81   109.96
22:39:26 65.08   82.74   70.81   109.17
22:40:29 65.08   82.62   70.81   108.39
22:41:33 65.08   82.51   70.70   107.71
22:42:36 65.08   82.74   70.70   106.92
22:43:39 65.08   82.40   70.70   106.25
22:44:43 65.08   82.18   70.70   105.46
22:45:46 65.08   82.62   70.70   104.79
22:46:49 65.08   82.40   70.70   104.23
22:47:53 65.08   82.51   70.59   103.55
22:48:56 65.08   82.40   70.59   102.88
22:49:59 65.08   82.29   70.47   102.31
22:51:03 65.08   82.06   70.59   101.75
22:52:06 65.08   81.95   70.47   101.19
22:53:09 65.08   82.06   70.59   100.62
22:54:13 65.08   82.18   70.47   99.95
22:55:16 65.08   82.18   70.59   99.50
22:56:19 65.08   81.95   70.47   98.94
22:57:23 64.96   82.06   70.47   98.49
22:58:26 64.96   82.06   70.47   97.92
22:59:29 65.08   81.84   70.47   97.48
23:00:33 64.96   81.84   70.47   96.91
23:01:36 65.08   81.72   70.36   96.58
23:02:39 64.96   81.84   70.36   96.24
23:03:43 64.96   81.84   70.36   95.79
23:04:46 64.96   81.72   70.25   95.45
23:05:50 64.96   81.72   70.36   95.00
23:06:53 64.96   81.61   70.36   94.66
23:07:56 64.96   81.72   70.36   94.33
23:09:00 64.96   81.72   70.25   93.99
23:10:03 64.96   81.84   70.25   93.65
23:11:06 64.96   81.61   70.25   93.31
23:12:10 64.96   81.72   70.25   95.45
23:13:13 64.96   81.39   70.25   105.91
23:14:16 64.96   81.50   70.25   106.48
23:15:20 64.96   81.61   70.14   111.20
23:16:23 64.96   81.84   70.14   111.31
23:17:26 64.96   81.61   70.14   110.64
23:18:30 64.96   81.72   70.14   109.62
23:19:33 64.96   81.61   70.14   108.73
23:20:36 64.96   81.39   70.14   107.60
23:21:40 64.96   81.28   70.14   106.70
23:22:43 64.96   81.50   70.03   105.80
23:23:46 64.96   81.50   70.03   105.01
23:24:50 64.96   81.28   70.03   104.11
23:25:53 64.96   81.39   70.03   103.33
23:26:56 64.96   81.39   69.91   102.65
23:28:00 64.96   81.50   69.91   101.86
23:29:03 64.96   81.28   69.91   101.19
23:30:06 64.96   81.50   69.91   100.51
23:31:10 64.96   81.28   69.91   99.84
23:32:13 64.96   81.16   70.03   99.28
23:33:16 64.96   81.16   69.91   98.71
23:34:20 64.96   81.28   69.91   98.15
23:35:23 64.96   81.28   69.80   97.70
23:36:26 64.96   81.50   69.80   97.14
23:37:30 64.96   81.05   69.80   96.69
23:38:33 64.85   81.16   69.80   96.12
23:39:37 64.85   81.28   69.80   95.79
23:40:40 64.85   81.16   69.80   95.34
23:41:43 64.85   81.05   69.80   94.89
23:42:47 64.85   81.05   69.80   94.44
23:43:50 64.85   81.16   69.80   94.10
23:44:53 64.85   81.28   69.80   93.65
23:45:57 64.85   81.28   69.69   93.43
23:47:00 64.85   80.94   69.69   92.97
23:48:03 64.85   81.05   69.69   92.64
23:49:07 64.85   81.05   69.69   92.30
23:50:10 64.96   81.16   69.69   91.96
23:51:13 64.85   80.83   69.69   91.62
23:52:17 64.85   80.94   69.58   91.40
23:53:20 64.85   80.83   69.58   91.06
23:54:23 64.85   81.16   69.58   90.84
23:55:27 64.85   80.83   69.58   90.39
23:56:30 64.85   81.05   69.58   90.16
23:57:33 64.85   81.05   69.58   90.05
23:58:37 64.85   80.83   69.58   89.60
23:59:40 64.85   80.83   69.58   89.26
