 Date  Furn_In  Furn_Out  Water_Htr   Bsmnt
22:43:25 64.18   84.99   71.04   86.68
22:44:28 64.06   84.99   71.04   86.56
22:45:32 64.06   84.76   70.93   86.34
22:46:35 64.06   84.54   70.81   86.22
22:47:38 64.06   84.76   70.59   86.11
22:48:42 64.06   84.31   70.70   86.00
22:49:45 64.06   83.86   70.70   85.89
22:50:48 64.06   84.09   70.59   85.78
22:51:52 64.06   83.97   70.70   85.78
22:52:55 64.06   83.86   70.70   98.71
22:53:58 63.95   83.64   70.70   103.55
22:55:02 64.06   83.64   70.70   104.90
22:56:05 63.95   83.64   70.70   105.12
22:57:08 63.95   83.53   70.70   104.90
22:58:12 63.95   83.64   70.70   104.79
22:59:15 64.06   83.19   70.59   106.70
23:00:18 63.95   83.41   70.70   107.26
23:01:22 63.95   83.19   70.59   107.04
23:02:25 63.95   83.08   70.47   106.59
23:03:28 63.95   83.53   70.47   105.91
23:04:32 64.06   83.19   70.47   105.35
23:05:35 63.95   83.19   70.47   108.61
23:06:38 64.06   82.96   70.47   109.85
23:07:42 63.95   82.74   70.47   109.51
23:08:45 64.06   83.08   70.36   108.84
23:09:48 64.06   82.74   70.47   107.94
23:10:52 64.06   82.74   70.36   107.15
23:11:55 63.95   82.40   70.36   106.25
23:12:58 63.95   82.40   70.36   105.35
23:14:02 63.95   82.29   70.25   104.56
23:15:05 63.95   82.40   70.25   103.89
23:16:08 63.95   82.18   70.25   103.10
23:17:12 63.95   82.40   70.25   102.42
23:18:15 63.95   82.40   70.25   101.75
23:19:19 63.84   82.06   70.25   101.08
23:20:22 63.84   81.84   70.14   100.40
23:21:25 63.84   81.84   70.14   99.73
23:22:29 63.84   81.72   70.03   99.16
23:23:32 63.84   81.95   70.03   98.60
23:24:35 63.84   81.72   70.14   98.04
23:25:39 63.84   81.61   70.03   97.48
23:26:42 63.84   81.50   70.03   96.91
23:27:45 63.73   81.61   70.03   96.46
23:28:49 63.73   81.39   70.03   96.01
23:29:52 63.73   81.39   69.91   95.56
23:30:55 63.73   81.39   69.91   95.11
23:31:59 63.73   81.39   70.03   94.66
23:33:02 63.73   81.16   70.03   94.33
23:34:05 63.73   81.28   70.03   93.88
23:35:09 63.73   80.94   69.91   93.54
23:36:12 63.61   81.05   69.80   93.09
23:37:15 63.61   81.05   69.80   92.64
23:38:19 63.61   80.94   69.80   92.41
23:39:22 63.61   81.05   69.80   92.08
23:40:25 63.61   80.71   69.69   91.62
23:41:29 63.61   80.71   69.69   91.29
23:42:32 63.61   81.05   69.80   90.95
23:43:35 63.61   80.83   69.69   90.61
23:44:39 63.61   80.83   69.69   90.28
23:45:42 63.61   80.49   69.69   90.05
23:46:45 63.61   80.71   69.69   89.83
23:47:49 63.61   80.60   69.58   89.49
23:48:52 63.61   80.71   69.58   89.15
23:49:55 63.61   80.60   69.58   88.93
23:50:59 63.61   80.38   69.58   88.70
23:52:02 63.50   80.60   69.58   88.47
23:53:06 63.50   80.49   69.58   88.25
23:54:09 63.61   80.60   69.58   88.03
23:55:12 63.50   80.26   69.58   87.80
23:56:16 63.50   80.04   69.58   87.46
23:57:19 63.50   80.04   69.46   87.35
23:58:22 63.50   80.15   69.46   96.12
23:59:26 63.50   79.93   69.46   104.56
