 Date  Furn_In  Furn_Out  Bsmnt   Water_Htr
00:00:43 64.85   80.83   69.58   89.15
00:01:47 64.85   80.94   69.46   88.93
00:02:50 64.85   80.94   69.58   88.59
00:03:53 64.85   80.94   69.46   88.36
00:04:57 64.85   80.83   69.46   88.14
00:06:00 64.85   80.71   69.46   88.03
00:07:03 64.85   80.83   69.46   87.80
00:08:07 64.74   80.71   69.46   87.58
00:09:10 64.74   80.94   69.46   87.46
00:10:13 64.74   80.71   69.46   87.24
00:11:17 64.74   80.71   69.46   87.12
00:12:20 64.74   80.60   69.35   87.01
00:13:24 64.74   80.83   69.46   86.79
00:14:27 64.74   80.49   69.35   86.68
00:15:30 64.74   80.60   69.35   86.34
00:16:34 64.74   80.60   69.35   86.22
00:17:37 64.74   80.71   69.35   86.00
00:18:40 64.74   80.71   69.35   85.89
00:19:44 64.74   80.60   69.35   85.78
00:20:47 64.74   80.49   69.35   85.66
00:21:50 64.74   80.38   69.24   85.33
00:22:54 64.74   80.60   69.24   85.21
00:23:57 64.74   80.26   69.24   85.10
00:25:00 64.74   80.26   69.24   85.10
00:26:04 64.74   80.38   69.24   84.88
00:27:07 64.74   80.60   69.24   84.76
00:28:10 64.74   80.49   69.24   84.65
00:29:14 64.74   80.26   69.12   84.65
00:30:17 64.74   80.49   69.24   84.43
00:31:20 64.74   80.26   69.24   84.31
00:32:24 64.74   80.15   69.12   84.20
00:33:27 64.74   80.49   69.12   84.09
00:34:30 64.74   80.26   69.24   83.97
00:35:34 64.74   80.26   69.12   83.86
00:36:37 64.74   80.49   69.12   83.86
00:37:40 64.74   80.38   69.12   83.86
00:38:44 64.74   80.71   69.12   83.75
00:39:47 64.74   80.26   69.12   83.53
00:40:50 64.74   80.49   69.12   83.41
00:41:54 64.74   80.26   69.12   83.41
00:42:57 64.74   80.38   69.12   83.30
00:44:00 64.62   80.26   69.12   83.19
00:45:04 64.74   80.26   69.01   83.19
00:46:07 64.62   80.04   69.12   83.08
00:47:10 64.62   80.15   69.12   83.08
00:48:14 64.74   80.26   69.12   82.85
00:49:17 64.62   80.04   69.01   82.85
00:50:21 64.62   80.26   69.01   82.85
00:51:24 64.62   79.93   69.01   82.85
00:52:27 64.62   80.04   69.01   82.62
00:53:31 64.62   80.26   69.01   82.51
00:54:34 64.62   82.96   69.01   82.51
00:55:37 66.99   120.76   68.90   82.51
00:56:40 68.34   145.96   68.79   82.85
00:57:43 68.90   137.64   69.01   83.53
00:58:46 69.35   112.78   69.01   83.97
00:59:50 68.34   111.31   69.01   83.97
01:00:53 67.44   109.29   69.12   83.86
01:01:56 66.76   106.59   69.12   83.64
01:03:00 66.43   108.61   69.24   83.53
01:04:03 66.20   107.49   69.24   83.41
01:05:06 65.97   105.91   69.24   83.53
01:06:10 65.86   103.89   69.24   83.53
01:07:13 65.75   101.98   69.24   83.30
01:08:16 65.64   100.85   69.24   83.30
01:09:20 65.53   99.39   69.12   83.19
01:10:23 65.41   97.59   69.12   83.08
01:11:26 65.41   96.12   69.12   83.08
01:12:30 65.30   94.55   69.12   83.08
01:13:33 65.30   96.80   69.12   82.96
01:14:36 67.89   129.99   69.01   82.96
01:15:39 68.79   147.20   69.01   83.41
01:16:42 69.24   140.56   69.35   84.31
01:17:45 69.69   114.69   69.58   84.54
01:18:48 68.68   112.44   69.24   84.65
01:19:52 67.66   111.42   69.24   84.43
01:20:55 67.10   111.76   69.24   84.31
01:21:58 66.76   110.41   69.24   84.09
01:23:02 66.43   109.40   69.24   84.09
01:24:05 66.20   107.38   69.35   83.97
01:25:08 66.09   105.69   69.35   83.86
01:26:12 65.97   104.34   69.35   83.86
01:27:15 65.86   102.99   69.35   83.64
01:28:19 65.75   100.85   69.35   83.64
01:29:22 65.64   99.39   69.35   83.53
01:30:25 66.65   113.11   69.35   83.64
01:31:28 68.68   138.43   69.12   83.86
01:32:31 69.24   150.57   69.35   84.54
01:33:34 69.69   130.89   69.46   85.21
01:34:37 69.80   112.44   69.58   85.44
01:35:41 68.56   112.33   69.35   85.33
01:36:44 67.78   110.98   69.46   84.99
01:37:47 67.21   112.10   69.35   84.88
01:38:51 66.88   110.53   69.46   84.76
01:39:54 66.54   108.84   69.46   84.65
01:40:57 66.31   107.26   69.46   84.54
01:42:01 66.20   105.46   69.46   84.54
01:43:04 66.09   103.89   69.46   84.43
01:44:07 65.97   102.76   69.46   84.20
01:45:11 65.86   100.96   69.46   84.09
01:46:14 65.75   99.05   69.46   84.09
01:47:17 65.64   98.04   69.46   83.97
01:48:21 65.64   96.46   69.46   83.97
01:49:24 65.53   95.90   69.46   83.75
01:50:27 66.31   109.29   69.46   83.97
01:51:30 68.56   138.65   69.35   84.09
01:52:33 69.24   151.25   69.46   84.88
01:53:36 69.69   132.57   69.69   85.55
01:54:39 69.91   112.44   69.46   85.89
01:55:43 68.68   112.21   69.46   85.89
01:56:46 67.78   110.64   69.58   85.55
01:57:49 67.33   108.39   69.58   85.33
01:58:53 66.88   109.96   69.69   85.21
01:59:56 66.65   109.29   69.58   85.10
02:00:59 66.43   107.83   69.58   85.10
02:02:03 66.20   105.46   69.58   84.99
02:03:06 66.09   103.89   69.58   84.76
02:04:10 65.97   102.54   69.58   84.76
02:05:13 65.86   100.85   69.69   84.76
02:06:16 65.75   99.73   69.58   84.54
02:07:20 65.75   98.26   69.58   84.54
02:08:23 65.64   97.36   69.58   84.43
02:09:26 65.64   96.24   69.58   84.31
02:10:30 65.64   94.78   69.58   84.31
02:11:33 65.53   93.43   69.58   84.20
02:12:36 65.53   95.90   69.58   84.20
02:13:39 68.22   130.89   69.46   84.31
02:14:42 69.12   147.99   69.58   84.99
02:15:45 69.58   136.29   69.69   85.66
02:16:48 69.91   113.11   69.58   86.00
02:17:52 68.79   111.88   69.46   86.00
02:18:55 67.89   111.09   69.58   85.78
02:19:58 67.21   109.29   69.58   85.66
02:21:02 66.88   110.53   69.58   85.44
02:22:05 66.65   109.17   69.58   85.44
02:23:09 66.43   107.94   69.58   85.21
02:24:12 66.31   105.58   69.58   85.10
02:25:15 66.09   103.78   69.58   84.99
02:26:19 65.97   102.54   69.58   84.99
02:27:22 65.86   101.08   69.69   84.99
02:28:25 65.86   99.50   69.58   84.88
02:29:29 65.75   97.70   69.58   84.76
02:30:32 65.64   96.91   69.69   84.65
02:31:35 65.64   95.90   69.69   84.65
02:32:39 65.53   95.22   69.58   84.65
02:33:42 65.53   94.10   69.58   84.65
02:34:45 65.53   92.64   69.58   84.65
02:35:49 65.41   92.41   69.58   84.54
02:36:52 65.41   91.51   69.58   84.54
02:37:55 65.41   90.39   69.58   84.43
02:38:59 65.41   90.05   69.58   84.43
02:40:02 65.30   89.15   69.58   84.31
02:41:05 65.30   88.70   69.58   84.31
02:42:09 65.30   88.36   69.58   84.20
02:43:12 65.30   87.91   69.58   84.20
02:44:15 65.19   87.46   69.58   84.09
02:45:19 65.19   87.35   69.58   83.97
02:46:22 65.19   87.24   69.58   83.97
02:47:25 65.19   86.56   69.46   84.09
02:48:29 65.86   100.96   69.46   83.97
02:49:32 68.34   138.76   69.35   84.20
02:50:35 69.01   148.44   69.24   84.88
02:51:38 69.58   124.36   69.35   85.44
02:52:41 69.24   111.88   69.80   85.55
02:53:44 68.11   111.88   69.58   85.44
02:54:48 67.44   109.06   69.58   85.21
02:55:51 66.99   110.98   69.58   84.99
02:56:54 66.65   109.74   69.58   84.99
02:57:58 66.43   107.83   69.58   84.88
02:59:01 66.20   105.35   69.58   84.76
03:00:04 66.09   104.11   69.58   84.65
03:01:08 65.97   102.88   69.69   84.65
03:02:11 65.86   101.41   69.69   84.54
03:03:14 65.75   99.84   69.58   84.65
03:04:18 65.75   98.49   69.58   84.54
03:05:21 65.64   97.25   69.58   84.54
03:06:24 65.64   96.58   69.58   84.43
03:07:28 65.53   94.89   69.58   84.31
03:08:31 65.53   93.88   69.58   84.31
03:09:34 65.53   92.64   69.58   84.20
03:10:38 65.53   92.08   69.58   84.20
03:11:41 65.53   91.06   69.58   84.09
03:12:44 65.41   90.61   69.58   83.97
03:13:48 65.41   89.71   69.58   83.86
03:14:51 65.41   89.26   69.58   83.86
03:15:55 65.41   88.70   69.46   83.86
03:16:58 65.41   87.91   69.46   83.86
03:18:01 65.30   87.46   69.46   83.75
03:19:05 65.30   87.24   69.46   83.75
03:20:08 65.30   87.24   69.58   83.86
03:21:11 65.75   99.39   69.58   83.86
03:22:14 68.34   138.43   69.35   84.09
03:23:17 69.12   147.20   69.35   84.76
03:24:20 69.46   122.79   69.58   85.21
03:25:23 69.24   111.88   69.58   85.44
03:26:27 68.11   110.86   69.58   85.33
03:27:30 67.55   112.44   69.58   85.10
03:28:34 66.99   111.09   69.58   84.99
03:29:37 66.76   109.51   69.58   84.88
03:30:40 66.54   108.16   69.69   84.76
03:31:44 66.31   105.69   69.69   84.76
03:32:47 66.20   103.78   69.58   84.65
03:33:50 66.09   102.31   69.58   84.65
03:34:54 65.97   100.85   69.58   84.54
03:35:57 65.86   99.61   69.58   84.54
03:37:00 65.75   97.92   69.69   84.54
03:38:04 65.64   96.80   69.58   84.43
03:39:07 65.64   95.56   69.58   84.31
03:40:10 65.64   94.66   69.46   84.31
03:41:14 65.53   93.76   69.58   84.31
03:42:17 65.53   92.75   69.46   84.31
03:43:20 65.53   91.74   69.46   84.09
03:44:24 65.41   91.18   69.58   84.09
03:45:27 65.41   90.61   69.46   84.09
03:46:30 65.30   89.83   69.46   84.09
03:47:34 65.30   89.26   69.58   83.97
03:48:37 65.30   92.30   69.46   83.97
03:49:40 67.89   128.98   69.91   84.09
03:50:43 68.79   147.76   69.58   84.65
03:51:46 69.35   135.73   69.58   85.33
03:52:49 69.69   112.89   69.35   85.66
03:53:53 68.68   112.10   69.46   85.66
03:54:56 67.78   110.53   69.46   85.44
03:55:59 67.21   108.95   69.58   85.21
03:57:03 66.76   106.81   69.58   85.10
03:58:06 66.54   107.94   69.58   85.10
03:59:09 66.31   107.04   69.58   84.99
04:00:13 66.20   105.58   69.58   84.99
04:01:16 66.09   104.23   69.58   84.88
04:02:19 65.97   102.65   69.58   84.76
04:03:23 65.86   101.08   69.69   84.65
04:04:26 65.86   99.73   69.69   84.54
04:05:29 65.75   98.04   69.69   84.54
04:06:33 65.64   97.03   69.58   84.43
04:07:36 65.64   95.45   69.58   84.31
04:08:39 65.53   94.66   69.58   84.31
04:09:43 65.41   93.54   69.58   84.31
04:10:46 65.41   92.53   69.58   84.31
04:11:49 65.41   91.96   69.58   84.09
04:12:53 65.41   90.72   69.58   84.09
04:13:56 65.41   90.05   69.58   84.09
04:14:59 65.30   89.60   69.58   83.97
04:16:03 65.30   88.93   69.58   83.97
04:17:06 65.30   88.70   69.58   83.97
04:18:10 66.54   110.19   69.46   84.09
04:19:13 68.45   140.79   69.35   84.31
04:20:15 69.12   142.93   69.46   85.10
04:21:18 69.58   117.28   69.58   85.55
04:22:22 68.90   111.54   69.46   85.66
04:23:25 67.89   111.09   69.58   85.55
04:24:28 67.33   108.84   69.58   85.44
04:25:32 66.88   110.30   69.69   85.21
04:26:35 66.54   108.95   69.69   84.99
04:27:39 66.43   107.38   69.58   84.99
04:28:42 66.20   105.46   69.58   84.99
04:29:45 66.09   103.55   69.58   84.88
04:30:49 65.97   101.53   69.58   84.76
04:31:52 65.86   100.62   69.58   84.65
04:32:55 65.75   99.16   69.58   84.65
04:33:59 65.64   97.92   69.58   84.65
04:35:02 65.64   96.80   69.58   84.54
04:36:05 65.64   95.56   69.58   84.54
04:37:09 65.53   94.78   69.58   84.43
04:38:12 65.53   93.76   69.58   84.31
04:39:15 65.41   92.97   69.58   84.31
04:40:19 65.41   94.89   69.58   84.31
04:41:22 68.00   129.43   69.46   84.31
04:42:25 68.90   147.65   69.58   84.76
04:43:28 69.46   137.41   70.03   85.55
04:44:31 69.80   113.23   69.69   86.00
04:45:34 68.79   111.99   69.58   86.00
04:46:37 67.89   110.64   69.69   85.78
04:47:41 67.21   110.98   69.58   85.66
04:48:44 66.88   110.98   69.58   85.66
04:49:48 66.65   108.28   69.58   85.44
04:50:51 66.43   106.70   69.69   85.33
04:51:54 66.20   105.24   69.58   85.10
04:52:58 66.09   104.00   69.58   85.10
04:54:01 65.97   102.76   69.69   84.99
04:55:04 65.86   101.08   69.69   84.88
04:56:08 65.75   99.61   69.80   84.76
04:57:11 65.75   98.26   69.69   84.65
04:58:14 65.75   97.14   69.69   84.76
04:59:18 65.64   96.01   69.69   84.65
05:00:21 65.64   94.55   69.58   84.65
05:01:24 65.53   95.22   69.69   84.54
05:02:28 67.89   126.05   69.69   95.68
05:03:30 68.90   146.19   69.46   106.14
05:04:33 69.46   155.53   69.80   108.95
05:05:36 69.91   143.82   69.69   110.08
05:06:39 70.14   147.65   69.58   110.86
05:07:42 70.59   156.54   69.58   111.54
05:08:45 70.93   150.46   69.58   111.88
05:09:48 71.26   146.86   69.91   111.88
05:10:51 71.38   155.41   70.81   112.78
05:11:54 71.71   156.88   70.47   113.67
05:12:57 71.83   146.19   70.36   114.12
05:13:59 72.05   154.18   70.25   114.46
05:15:02 72.16   160.70   70.36   114.80
05:16:05 72.16   146.30   70.93   114.58
05:17:08 72.28   148.89   71.15   114.24
05:18:11 72.28   126.28   71.15   113.56
05:19:14 71.49   120.31   70.70   112.78
05:20:18 70.14   121.10   70.47   111.76
05:21:21 69.12   119.64   70.70   110.75
05:22:24 71.15   132.01   70.93   110.08
05:23:27 71.71   145.96   71.15   109.74
05:24:30 71.94   155.98   70.93   109.74
05:25:33 72.16   152.26   71.04   109.62
05:26:36 72.50   147.09   71.94   109.40
05:27:39 72.61   155.41   71.71   109.29
05:28:41 72.72   136.29   71.60   108.95
05:29:45 72.50   120.20   70.93   108.39
05:30:48 70.93   121.10   71.15   107.60
05:31:51 69.69   120.99   71.04   106.81
05:32:55 70.14   125.83   71.26   106.14
05:33:57 71.71   138.20   71.04   105.80
05:35:00 72.16   150.80   71.26   105.80
05:36:03 72.39   159.01   71.71   106.03
05:37:06 72.61   145.85   71.94   106.36
05:38:09 72.84   143.71   71.60   106.36
05:39:12 72.95   120.88   71.15   106.25
05:40:15 71.71   120.20   71.49   105.69
05:41:19 70.25   120.76   71.49   105.01
05:42:22 69.46   118.51   71.26   104.34
05:43:25 68.79   118.06   71.38   103.78
05:44:29 68.34   119.30   71.04   103.21
05:45:32 70.93   130.21   70.81   102.99
05:46:35 71.60   144.39   71.26   102.99
05:47:38 72.05   154.85   72.16   103.21
05:48:41 72.39   153.61   72.05   103.44
05:49:43 72.50   125.71   71.38   103.44
05:50:47 72.16   113.67   71.26   103.21
05:51:50 70.70   115.03   71.49   102.65
05:52:54 69.69   115.59   71.49   102.20
05:53:57 69.01   115.59   71.04   101.64
05:55:00 68.45   115.59   70.93   101.19
05:56:04 68.00   113.90   70.93   100.74
05:57:07 67.78   115.92   70.81   100.29
05:58:10 70.93   136.74   70.93   100.29
05:59:13 71.71   150.01   71.04   100.51
06:00:16 72.05   156.99   71.83   100.96
06:01:19 72.28   133.59   71.71   101.08
06:02:22 72.05   119.75   71.15   100.96
06:03:25 70.59   120.54   71.26   100.51
06:04:29 69.58   119.19   71.38   100.06
06:05:32 68.79   120.20   70.93   99.61
06:06:35 68.22   119.64   70.93   99.16
06:07:39 68.00   117.16   70.93   98.83
06:08:42 67.66   115.48   70.93   98.60
06:09:45 67.44   113.79   70.93   98.15
06:10:49 67.33   111.54   70.81   97.81
06:11:52 67.10   109.85   70.81   97.59
06:12:55 66.99   107.94   70.81   99.61
06:13:59 66.88   106.59   70.70   99.50
06:15:02 66.88   104.79   70.81   99.39
06:16:05 66.76   103.21   70.59   99.05
06:17:09 66.65   105.69   70.70   98.83
06:18:12 70.36   135.61   70.70   98.83
06:19:15 71.04   149.00   70.81   99.05
06:20:18 71.60   128.86   71.83   99.28
06:21:21 71.60   111.99   71.38   99.39
06:22:24 70.36   112.33   70.93   99.05
06:23:28 69.24   112.10   70.93   98.60
06:24:31 68.56   110.75   70.81   98.15
06:25:34 68.11   111.20   70.81   97.70
06:26:38 67.78   110.75   70.81   97.48
06:27:41 67.44   109.96   70.81   97.14
06:28:44 67.33   108.16   70.70   96.80
06:29:48 67.10   107.15   70.81   96.46
06:30:51 66.99   105.35   70.81   96.24
06:31:54 66.88   103.66   70.70   95.90
06:32:58 66.76   102.76   70.70   95.56
06:34:01 66.76   101.41   70.70   95.34
06:35:04 66.65   100.40   70.70   95.22
06:36:08 66.54   98.94   70.70   95.00
06:37:11 66.54   98.26   70.70   94.66
06:38:14 66.43   97.48   70.70   94.44
06:39:18 66.43   96.24   70.70   94.21
06:40:21 66.31   95.56   70.81   93.99
06:41:24 66.31   94.66   70.70   93.76
06:42:28 66.31   94.44   70.81   93.65
06:43:31 66.31   93.88   70.81   93.43
06:44:34 66.20   93.20   70.81   93.31
06:45:38 66.20   92.41   70.81   93.09
06:46:41 66.09   92.08   70.81   92.86
06:47:44 66.09   91.62   70.70   92.64
06:48:48 66.09   90.95   70.70   92.41
06:49:51 66.09   90.61   70.70   92.19
06:50:54 66.09   90.84   70.59   92.08
06:51:58 66.09   90.28   70.59   91.85
06:53:01 65.97   89.83   70.47   91.74
06:54:05 65.97   89.38   70.47   96.58
06:55:08 65.97   89.15   70.47   110.53
06:56:11 65.97   88.93   70.47   111.99
06:57:15 65.97   88.70   70.47   112.10
06:58:18 65.97   88.59   70.47   112.33
06:59:21 65.97   88.03   70.47   112.55
07:00:25 65.86   87.91   70.36   112.66
07:01:28 65.97   87.91   70.36   112.55
07:02:31 65.97   87.58   70.36   112.21
07:03:35 65.97   87.35   70.36   111.88
07:04:38 65.86   87.24   70.36   111.54
07:05:41 65.86   87.35   70.25   111.09
07:06:45 65.86   87.12   70.25   110.75
07:07:48 65.86   87.01   70.25   110.30
07:08:51 65.86   86.90   70.25   109.62
07:09:55 65.86   86.79   70.36   110.86
07:10:58 65.86   86.68   70.36   110.75
07:12:01 65.86   86.79   70.25   110.30
07:13:05 65.86   86.45   70.36   111.88
07:14:08 65.86   86.34   70.25   112.44
07:15:11 65.86   86.11   70.25   112.89
07:16:15 65.86   86.11   70.25   112.44
07:17:18 65.86   86.11   70.14   111.76
07:18:21 65.86   86.00   70.25   110.86
07:19:25 65.86   85.78   70.25   110.08
07:20:28 65.86   85.89   70.25   109.29
07:21:31 65.86   85.78   70.25   108.50
07:22:35 65.86   85.66   70.25   107.83
07:23:38 65.86   85.55   70.14   107.15
07:24:42 65.86   85.44   70.25   106.59
07:25:45 65.86   85.55   70.14   106.03
07:26:48 65.86   85.55   70.14   105.46
07:27:52 65.75   85.55   70.14   105.01
07:28:55 65.75   85.55   70.14   104.45
07:29:58 65.86   85.33   70.14   104.00
07:31:02 65.86   85.10   70.14   103.66
07:32:05 65.86   85.21   70.14   105.01
07:33:08 65.86   85.21   70.14   105.24
07:34:12 65.86   85.10   70.25   105.01
07:35:15 65.86   85.10   70.14   114.46
07:36:18 65.86   84.99   70.14   115.59
07:37:22 65.75   85.10   70.14   114.46
07:38:25 65.75   84.99   70.14   113.00
07:39:28 65.75   84.99   70.14   111.65
07:40:32 65.75   84.99   70.03   110.30
07:41:35 65.75   84.99   70.14   114.69
07:42:38 65.75   84.76   70.14   114.35
07:43:42 65.75   84.76   70.14   113.23
07:44:45 65.75   84.65   70.25   111.88
07:45:48 65.75   84.65   70.25   110.86
07:46:52 65.64   84.43   70.36   109.74
07:47:55 65.64   84.65   70.36   108.61
07:48:58 65.64   84.43   70.36   107.83
07:50:02 65.64   84.54   70.47   106.92
07:51:05 65.64   84.43   70.47   106.14
07:52:08 65.53   84.31   70.36   105.46
07:53:12 65.53   84.31   70.36   104.79
07:54:15 65.53   83.97   70.36   104.11
07:55:18 65.64   83.97   70.36   103.55
07:56:22 65.53   83.75   70.25   102.99
07:57:25 65.53   83.86   70.14   102.31
07:58:29 65.53   83.97   70.14   101.75
07:59:32 65.53   83.86   70.14   101.30
08:00:35 65.53   83.86   70.14   100.74
08:01:39 65.53   83.86   70.14   100.17
08:02:42 65.53   83.86   70.14   99.73
08:03:45 65.53   83.75   70.03   99.16
08:04:49 65.53   83.86   70.03   98.60
08:05:52 65.53   83.64   70.03   98.26
08:06:55 65.53   83.75   70.03   97.70
08:07:59 65.53   83.41   70.03   97.36
08:09:02 65.41   83.53   69.91   96.80
08:10:05 65.41   83.64   69.91   96.35
08:11:09 65.41   83.53   69.91   96.12
08:12:12 65.41   83.30   69.91   95.79
08:13:15 65.41   83.41   69.91   95.45
08:14:19 65.41   83.41   69.80   95.00
08:15:22 65.41   83.19   69.80   94.66
08:16:25 65.41   83.30   69.80   94.44
08:17:29 65.41   83.19   69.80   94.21
08:18:32 65.41   82.85   69.80   93.76
08:19:35 65.41   83.19   69.80   93.43
08:20:39 65.30   83.19   69.80   93.20
08:21:42 65.30   83.19   69.69   92.97
08:22:45 65.30   82.96   69.80   92.64
08:23:49 65.30   82.96   69.69   92.30
08:24:52 65.30   83.08   69.69   92.19
08:25:55 65.30   82.96   69.69   91.85
08:26:59 65.30   82.85   69.69   91.62
08:28:02 65.30   82.85   69.69   91.40
08:29:05 65.30   82.85   69.69   91.06
08:30:09 65.30   82.74   69.69   90.84
08:31:12 65.30   82.74   69.58   90.72
08:32:16 65.30   82.96   69.69   90.61
08:33:19 65.30   82.74   69.69   90.28
08:34:22 65.30   82.74   69.58   90.16
08:35:26 65.30   82.85   69.58   89.94
08:36:29 65.19   82.96   69.58   89.71
08:37:32 65.30   82.62   69.58   89.49
08:38:36 65.19   82.74   69.46   89.38
08:39:39 65.19   82.74   69.58   89.26
08:40:42 65.19   82.62   69.58   89.15
08:41:46 65.30   82.62   69.58   88.93
08:42:49 65.19   82.62   69.46   88.59
08:43:52 65.19   82.40   69.46   88.47
08:44:56 65.19   82.62   69.46   88.14
08:45:59 65.19   90.84   69.46   88.14
08:47:02 68.56   136.06   69.35   88.25
08:48:05 69.46   146.53   69.35   88.70
08:49:08 70.14   122.23   69.35   89.15
08:50:11 69.69   111.54   69.46   89.49
08:51:15 68.56   110.64   69.46   89.26
08:52:18 67.78   108.50   69.46   89.04
08:53:21 67.21   106.81   69.58   88.93
08:54:25 66.76   106.03   69.58   88.70
08:55:28 66.65   106.70   69.58   88.59
08:56:31 66.43   105.58   69.58   88.36
08:57:35 66.31   103.78   69.58   88.25
08:58:38 66.09   101.86   69.58   88.03
08:59:41 66.09   100.62   69.69   88.03
09:00:45 65.97   99.05   69.58   87.80
09:01:48 65.86   98.04   69.46   87.69
09:02:51 65.75   96.80   69.58   87.58
09:03:55 65.75   95.68   69.58   87.46
09:04:58 65.64   94.44   69.58   87.35
09:06:01 65.64   93.65   69.46   87.24
09:07:05 65.64   92.75   69.46   87.24
09:08:08 65.64   91.96   69.46   87.12
09:09:11 65.53   91.18   69.46   87.01
09:10:15 65.53   90.84   69.46   86.90
09:11:18 65.53   89.71   69.46   86.79
09:12:22 65.41   89.04   69.46   86.56
09:13:25 65.41   88.47   69.58   86.45
09:14:28 65.41   88.14   69.35   86.45
09:15:32 65.41   87.46   69.35   86.45
09:16:35 65.30   87.12   69.46   86.22
09:17:38 65.30   87.12   69.35   86.11
09:18:42 65.30   86.56   69.46   86.00
09:19:45 65.30   86.22   69.35   85.89
09:20:48 65.30   85.78   69.35   85.89
09:21:52 65.30   85.44   69.35   85.78
09:22:55 65.30   85.33   69.35   85.66
09:23:58 65.30   85.44   69.24   85.55
09:25:02 65.19   85.10   69.24   85.44
09:26:05 65.19   84.76   69.24   85.33
09:27:08 65.19   84.65   69.24   85.33
09:28:12 65.19   84.54   69.24   85.44
09:29:15 65.19   84.31   69.24   85.33
09:30:18 65.19   84.20   69.24   85.10
09:31:22 65.19   84.09   69.24   85.10
09:32:25 65.19   83.75   69.24   84.88
09:33:28 65.19   83.75   69.24   84.88
09:34:32 65.19   83.41   69.12   84.88
09:35:35 65.19   83.53   69.24   84.88
09:36:38 65.08   83.53   69.12   84.76
09:37:42 65.08   83.30   69.12   84.65
09:38:45 65.19   83.30   69.12   84.54
09:39:48 65.19   83.19   69.24   84.54
09:40:52 65.08   82.96   69.12   84.54
09:41:55 65.08   83.08   69.12   84.54
09:42:58 65.08   82.96   69.12   84.54
09:44:02 65.08   82.96   69.12   84.43
09:45:05 65.08   83.19   69.01   84.43
09:46:08 65.08   82.62   69.12   84.31
09:47:12 65.08   82.40   69.12   84.20
09:48:15 65.08   82.74   69.12   84.09
09:49:19 65.08   82.62   69.01   84.09
09:50:22 65.08   82.51   69.12   84.09
09:51:25 65.08   82.74   69.12   83.97
09:52:29 65.08   82.62   69.12   83.97
09:53:32 64.96   82.40   69.12   83.97
09:54:35 65.08   82.40   69.12   83.86
09:55:39 64.96   82.29   69.01   83.86
09:56:42 65.08   82.29   69.01   83.86
09:57:45 65.08   82.29   69.01   83.75
09:58:49 64.96   82.18   68.90   83.53
09:59:52 64.96   82.40   69.01   83.64
10:00:55 64.96   82.06   69.01   83.64
10:01:59 64.96   81.95   69.01   83.64
10:03:02 64.96   81.95   69.01   83.53
10:04:05 64.96   81.84   69.01   83.41
10:05:09 65.08   81.61   68.90   83.41
10:06:12 64.96   81.61   69.01   83.30
10:07:15 64.96   81.61   68.90   83.30
10:08:19 64.96   81.95   69.01   83.19
10:09:22 64.96   81.61   69.01   83.08
10:10:25 64.96   81.61   68.90   83.19
10:11:29 64.96   81.95   68.90   83.19
10:12:32 64.96   81.61   69.01   83.08
10:13:35 64.96   81.72   68.90   83.19
10:14:39 64.96   81.39   69.01   83.08
10:15:42 64.96   81.39   68.90   83.08
10:16:45 64.96   81.61   68.90   83.08
10:17:49 64.96   81.61   68.90   82.96
10:18:52 64.96   81.61   68.90   82.74
10:19:55 64.96   81.61   68.90   82.74
10:20:59 64.96   81.72   69.01   82.74
10:22:02 64.96   81.61   68.90   82.62
10:23:06 64.96   81.72   68.90   82.62
10:24:09 64.96   81.50   68.90   82.62
10:25:12 64.85   81.50   68.90   82.51
10:26:16 64.96   81.39   68.90   82.51
10:27:19 64.96   81.28   68.79   82.51
10:28:22 64.96   81.61   69.12   82.62
10:29:26 64.96   81.50   68.90   82.62
10:30:29 64.96   81.39   68.79   82.51
10:31:32 64.96   81.39   68.79   82.62
10:32:36 64.85   81.28   68.79   82.51
10:33:39 64.96   81.16   68.90   82.40
10:34:42 64.96   81.39   68.90   82.29
10:35:46 64.96   81.50   68.90   82.29
10:36:49 64.96   81.50   68.90   82.40
10:37:52 64.96   81.61   68.90   82.29
10:38:56 64.96   81.50   68.90   82.18
10:39:59 64.85   81.39   68.90   82.18
10:41:02 64.85   81.50   68.79   82.29
10:42:06 64.85   81.39   68.79   82.18
10:43:09 64.96   81.16   68.79   82.18
10:44:12 64.85   81.28   68.79   82.29
10:45:16 64.85   81.50   68.90   82.29
10:46:19 64.85   80.94   68.79   82.29
10:47:22 64.96   80.83   68.79   82.18
10:48:26 64.85   81.16   68.79   82.06
10:49:29 64.96   81.05   68.79   82.06
10:50:32 64.85   81.05   68.79   82.06
10:51:36 64.85   81.16   68.79   82.06
10:52:39 64.85   80.94   68.79   81.95
10:53:43 64.85   80.94   68.79   81.84
10:54:46 64.85   81.16   68.79   81.95
10:55:49 64.85   81.05   68.79   81.95
10:56:53 64.85   81.28   68.79   81.95
10:57:56 64.85   81.16   68.79   81.95
10:58:59 64.85   80.94   68.79   81.84
11:00:03 64.85   81.05   68.79   81.84
11:01:06 64.85   80.94   68.79   81.84
11:02:09 64.85   80.94   68.79   81.72
11:03:13 64.85   80.83   68.68   81.72
11:04:16 64.85   80.94   68.79   81.72
11:05:19 64.85   80.71   68.79   81.84
11:06:23 64.85   80.83   68.79   81.84
11:07:26 64.85   80.83   68.79   81.72
11:08:29 64.85   80.83   68.79   81.72
11:09:33 64.85   80.71   68.79   81.61
11:10:36 64.85   80.83   68.79   81.61
11:11:39 64.85   80.83   68.79   81.50
11:12:43 64.85   80.60   68.79   81.50
11:13:46 64.85   80.83   68.79   81.50
11:14:49 64.85   80.83   68.79   81.39
11:15:53 64.85   80.60   68.79   81.50
11:16:56 64.85   80.83   68.68   81.50
11:17:59 64.85   80.71   68.68   81.50
11:19:03 64.85   80.71   68.68   81.39
11:20:06 64.85   80.71   68.68   81.39
11:21:09 64.85   80.71   68.68   81.39
11:22:13 64.85   80.60   68.79   81.50
11:23:16 64.85   80.71   68.68   81.50
11:24:19 64.85   80.60   68.68   81.50
11:25:23 64.85   80.60   68.68   81.39
11:26:26 64.85   80.94   68.68   81.39
11:27:30 64.85   80.94   68.68   81.39
11:28:33 64.85   80.71   68.68   81.28
11:29:36 64.74   80.60   68.68   81.16
11:30:40 64.85   80.60   68.68   81.28
11:31:43 64.85   80.71   68.68   81.16
11:32:46 64.85   80.83   68.68   81.16
11:33:50 64.85   81.05   68.68   81.28
11:34:53 64.85   80.94   68.68   81.28
11:35:56 64.85   80.83   68.68   81.16
11:37:00 64.85   80.60   68.68   81.16
11:38:03 64.85   80.71   68.68   81.16
11:39:06 64.85   80.71   68.68   81.16
11:40:10 64.85   80.83   68.68   81.16
11:41:13 64.85   80.60   68.68   81.16
11:42:16 64.85   80.83   68.79   81.16
11:43:20 64.85   80.83   68.68   81.05
11:44:23 64.74   80.71   68.68   81.16
11:45:26 64.85   80.60   68.68   81.05
11:46:30 64.85   80.71   68.68   80.94
11:47:33 64.85   80.71   68.68   80.94
11:48:36 64.74   80.71   68.68   81.05
11:49:40 64.85   80.71   68.68   81.05
11:50:43 64.85   80.60   68.68   80.94
11:51:46 64.74   80.71   68.68   80.94
11:52:50 64.74   80.49   68.68   80.94
11:53:53 64.74   80.38   68.68   81.05
11:54:56 64.85   80.71   68.56   80.94
11:56:00 64.85   80.49   68.68   80.94
11:57:03 64.85   80.60   68.68   80.83
11:58:06 64.74   80.49   68.68   80.71
11:59:10 64.74   80.49   68.68   80.83
12:00:13 64.85   80.60   68.68   80.83
12:01:17 64.85   80.60   68.79   80.83
12:02:20 64.74   80.60   68.56   80.71
12:03:23 64.74   80.83   68.56   80.83
12:04:27 64.74   80.60   68.68   80.83
12:05:30 64.74   80.38   68.68   80.71
12:06:33 64.74   80.60   68.68   80.71
12:07:37 64.74   80.71   68.68   80.71
12:08:40 64.74   80.49   68.68   80.71
12:09:43 64.74   80.83   68.68   80.83
12:10:47 64.74   80.60   68.68   80.60
12:11:50 64.74   80.60   68.68   80.60
12:12:53 64.74   80.49   68.68   80.49
12:13:57 64.74   80.60   68.56   80.49
12:15:00 64.85   80.49   68.68   80.60
12:16:03 64.74   80.38   68.68   80.60
12:17:07 64.74   80.38   68.56   80.60
12:18:10 64.74   80.49   68.56   80.49
12:19:13 64.85   80.38   68.56   80.38
12:20:17 64.74   80.49   68.56   80.49
12:21:20 64.74   80.60   68.56   80.38
12:22:23 64.74   80.71   68.45   80.38
12:23:27 64.74   80.49   68.56   80.26
12:24:30 64.74   80.49   68.56   80.26
12:25:33 64.74   80.38   68.45   80.38
12:26:37 64.74   80.60   68.56   80.38
12:27:40 64.85   80.49   68.56   80.38
12:28:43 64.74   80.60   68.56   80.38
12:29:47 64.74   80.49   68.68   80.49
12:30:50 64.74   80.26   68.56   80.49
12:31:53 64.74   80.49   68.56   80.49
12:32:57 64.74   80.38   68.56   80.60
12:34:00 64.74   80.04   68.56   80.60
12:35:04 64.74   80.26   68.68   80.71
12:36:07 64.74   80.60   68.56   80.60
12:37:10 64.74   80.60   68.56   80.49
12:38:14 64.74   80.38   68.56   80.38
12:39:17 64.74   80.60   68.56   80.49
12:40:20 64.74   80.71   68.56   80.38
12:41:24 64.74   80.49   68.56   80.38
12:42:27 64.74   80.49   68.56   80.49
12:43:30 64.74   80.38   68.56   80.49
12:44:34 64.74   80.38   68.56   80.49
12:45:37 64.74   80.26   68.56   80.38
12:46:40 64.74   80.38   68.56   80.49
12:47:44 64.74   80.49   68.56   80.38
12:48:47 64.74   80.38   68.56   80.38
12:49:50 64.74   80.38   68.56   80.38
12:50:54 64.74   80.26   68.56   80.38
12:51:57 64.74   80.38   68.56   80.38
12:53:00 64.74   80.38   68.56   80.26
12:54:04 64.74   80.38   68.68   80.15
12:55:07 64.74   80.49   68.68   80.26
12:56:10 64.74   80.04   68.56   80.38
12:57:14 64.74   80.15   68.56   80.38
12:58:17 64.74   80.38   68.56   80.38
12:59:20 64.74   80.38   68.56   80.38
13:00:24 64.74   80.71   68.68   80.26
13:01:27 64.74   80.26   68.56   80.26
13:02:30 64.74   80.15   68.68   80.15
13:03:34 64.74   80.26   68.45   80.15
13:04:37 64.74   80.38   68.45   80.15
13:05:40 64.74   80.26   68.56   80.26
13:06:44 64.74   80.49   68.56   80.26
13:07:47 64.74   80.15   68.56   80.15
13:08:51 64.74   80.38   68.68   80.26
13:09:54 64.74   80.15   68.56   80.26
13:10:57 64.74   80.26   68.56   80.26
13:12:01 64.74   80.49   68.56   80.26
13:13:04 64.74   80.26   68.56   80.26
13:14:07 64.74   80.26   68.56   80.15
13:15:11 64.74   80.15   68.56   80.15
13:16:14 64.74   80.26   68.45   80.26
13:17:17 64.74   80.15   68.56   80.15
13:18:21 64.74   80.15   68.56   80.26
13:19:24 64.74   80.04   68.45   80.26
13:20:27 64.74   80.04   68.56   80.26
13:21:31 64.74   80.49   68.45   80.15
13:22:34 64.74   80.26   68.45   80.15
13:23:37 64.74   80.15   68.45   80.04
13:24:41 64.74   80.15   68.56   80.15
13:25:44 64.74   80.38   68.68   80.04
13:26:47 64.74   80.26   68.56   80.15
13:27:51 64.74   80.15   68.45   80.15
13:28:54 64.74   80.15   68.45   80.15
13:29:57 64.74   80.38   68.45   80.04
13:31:01 64.74   80.26   68.45   79.93
13:32:04 64.74   80.04   68.56   80.04
13:33:07 64.74   80.04   68.56   80.04
13:34:11 64.74   79.93   68.56   80.04
13:35:14 64.74   80.26   68.56   79.93
13:36:17 64.74   80.26   68.45   79.81
13:37:21 64.74   79.93   68.56   79.93
13:38:24 64.74   80.15   68.45   79.93
13:39:27 64.74   80.04   68.45   79.93
13:40:31 64.74   80.38   68.45   79.93
13:41:34 64.74   80.38   68.45   79.93
13:42:37 64.62   80.60   68.45   79.93
13:43:41 64.74   80.15   68.45   79.81
13:44:44 64.74   80.26   68.45   79.93
13:45:47 64.74   79.93   68.45   79.93
13:46:51 64.74   80.38   68.56   79.93
13:47:54 64.74   80.15   68.45   79.93
13:48:58 64.74   80.26   68.45   79.81
13:50:01 64.74   80.15   68.45   79.81
13:51:04 64.74   80.26   68.45   79.93
13:52:08 64.74   80.26   68.56   79.93
13:53:11 64.74   80.15   68.56   79.93
13:54:14 64.74   80.15   68.45   79.93
13:55:18 64.74   80.26   68.45   79.93
13:56:21 64.74   80.26   68.45   79.93
13:57:24 64.74   80.15   68.56   79.93
13:58:28 64.74   80.15   68.45   79.81
13:59:31 64.74   80.15   68.56   79.93
14:00:34 64.74   80.15   68.45   79.81
14:01:38 64.74   80.15   68.45   79.81
14:02:41 64.74   80.15   68.45   79.93
14:03:44 64.74   79.93   68.56   79.93
14:04:48 64.74   80.04   68.45   79.81
14:05:51 64.62   80.26   68.45   79.70
14:06:54 64.62   79.93   68.45   79.70
14:07:58 64.74   79.93   68.45   79.81
14:09:01 64.62   80.38   68.56   79.81
14:10:04 64.74   80.26   68.45   79.81
14:11:08 64.62   80.26   68.45   79.70
14:12:11 64.62   80.15   68.45   79.70
14:13:14 64.62   80.38   68.56   79.70
14:14:18 64.62   80.15   68.45   79.59
14:15:21 64.62   79.93   68.45   79.59
14:16:24 64.62   80.04   68.34   79.59
14:17:28 64.62   80.26   68.45   79.59
14:18:31 64.74   80.15   68.45   79.59
14:19:34 64.74   80.38   68.45   79.59
14:20:38 64.74   80.26   68.45   79.59
14:21:41 64.62   80.15   68.45   79.59
14:22:45 64.62   80.26   68.45   79.70
14:23:48 64.62   80.38   68.45   79.81
14:24:51 64.62   80.15   68.45   79.70
14:25:55 64.62   80.04   68.34   79.70
14:26:58 64.62   80.04   68.56   79.70
14:28:01 64.62   80.04   68.45   79.70
14:29:05 64.62   80.04   68.45   79.59
14:30:08 64.62   80.04   68.45   79.59
14:31:11 64.62   80.04   68.45   79.70
14:32:15 64.62   80.26   68.45   79.59
14:33:18 64.62   80.26   68.45   79.59
14:34:21 64.62   80.26   68.45   79.70
14:35:25 64.62   80.38   68.45   79.59
14:36:28 64.62   80.15   68.34   79.59
14:37:31 64.62   80.49   68.45   79.59
14:38:35 64.62   80.26   68.34   79.59
14:39:38 64.74   79.81   68.45   79.47
14:40:41 64.62   79.93   68.45   79.47
14:41:45 64.62   80.15   68.34   79.59
14:42:48 64.62   80.04   68.34   79.59
14:43:51 64.62   80.15   68.34   79.47
14:44:55 64.62   80.15   68.45   79.59
14:45:58 64.62   80.26   68.45   79.59
14:47:01 64.62   80.15   68.45   79.47
14:48:05 64.62   80.04   68.45   79.47
14:49:08 64.62   80.04   68.56   79.47
14:50:11 64.62   79.93   68.45   79.47
14:51:15 64.62   79.81   68.45   79.47
14:52:18 64.62   79.93   68.45   79.47
14:53:21 64.62   80.04   68.45   79.59
14:54:25 64.62   80.04   68.45   79.59
14:55:28 64.62   79.93   68.45   79.59
14:56:31 64.62   80.04   68.45   79.59
14:57:35 64.62   83.41   68.45   79.47
14:58:38 67.10   123.01   68.34   79.59
14:59:41 68.45   146.41   68.22   80.04
15:00:44 69.24   151.81   68.34   80.83
15:01:47 69.58   142.70   68.45   81.72
15:02:50 70.14   151.48   68.79   82.51
15:03:53 70.47   157.32   68.56   83.19
15:04:56 71.04   144.61   68.79   83.53
15:05:58 71.26   151.93   69.12   83.86
15:07:01 71.60   158.90   69.35   84.43
15:08:04 71.83   144.95   69.69   84.65
15:09:07 72.05   125.26   69.12   84.65
15:10:10 71.49   113.67   69.24   84.54
15:11:14 70.03   114.80   69.58   84.20
15:12:17 68.90   112.78   69.69   83.86
15:13:20 68.11   111.99   69.58   83.64
15:14:24 68.90   121.44   69.58   83.53
15:15:27 70.59   139.89   69.35   83.75
15:16:30 71.04   152.26   69.35   84.43
15:17:33 71.49   156.43   69.35   85.21
15:18:35 71.83   144.84   69.69   85.78
15:19:38 72.05   130.66   69.91   86.00
15:20:42 72.05   112.78   69.80   86.00
15:21:45 70.47   113.79   69.91   85.66
15:22:48 69.24   113.11   69.80   85.33
15:23:52 68.45   114.69   69.69   85.10
15:24:55 68.11   117.61   69.80   84.99
15:25:58 70.59   136.74   70.03   85.21
15:27:01 71.26   150.12   70.14   85.89
15:28:04 71.71   158.45   69.80   86.45
15:29:07 72.05   137.86   69.80   87.12
15:30:10 72.28   114.69   69.80   87.24
15:31:13 70.81   114.35   70.03   87.01
15:32:16 69.58   115.59   70.25   86.68
15:33:20 68.68   116.26   70.36   86.45
15:34:23 68.11   115.14   70.25   86.22
15:35:26 67.66   114.12   70.03   86.22
15:36:30 69.12   123.80   70.25   86.11
15:37:33 70.93   140.79   70.25   86.45
15:38:36 71.49   152.60   70.36   87.01
15:39:39 71.94   156.54   70.14   87.80
15:40:41 72.28   130.44   70.03   88.14
15:41:45 72.28   113.67   70.14   88.14
15:42:48 70.70   114.69   70.25   87.91
15:43:51 69.46   114.80   70.25   87.58
15:44:55 68.68   113.56   70.25   87.46
15:45:58 68.11   114.46   70.47   87.24
15:47:01 67.78   113.23   70.47   87.01
15:48:05 67.44   111.99   70.47   86.90
15:49:08 67.21   110.19   70.36   86.68
15:50:11 66.99   108.28   70.36   86.68
15:51:15 67.21   112.78   70.59   86.68
15:52:18 70.47   136.96   70.59   86.90
15:53:21 71.26   150.57   70.70   87.58
15:54:24 71.83   149.23   70.70   88.25
15:55:27 72.28   122.45   70.59   88.59
15:56:30 71.60   113.45   70.47   88.70
15:57:33 70.14   113.56   70.70   88.47
15:58:37 69.12   112.10   70.93   88.36
15:59:40 68.45   112.10   70.81   88.03
16:00:43 68.00   112.78   70.93   87.80
16:01:47 67.66   112.10   70.59   87.69
16:02:50 67.33   110.08   70.59   87.58
16:03:53 67.21   108.39   70.70   87.35
16:04:57 66.99   106.92   70.70   87.24
16:06:00 66.88   105.35   70.59   87.12
16:07:03 66.76   103.78   70.47   87.12
16:08:07 66.65   102.65   70.47   87.01
16:09:10 66.54   101.19   70.59   86.90
16:10:13 66.43   99.84   70.70   86.90
16:11:17 66.43   98.26   70.59   86.79
16:12:20 66.31   97.48   70.36   86.79
16:13:23 66.31   96.69   70.47   86.79
16:14:27 66.20   95.68   70.47   86.68
16:15:30 66.20   94.78   70.47   86.56
16:16:33 66.20   93.99   70.36   86.45
16:17:37 66.09   93.88   70.36   86.34
16:18:40 66.09   93.20   70.36   86.34
16:19:43 65.97   92.19   70.47   86.22
16:20:47 65.97   91.62   70.36   86.11
16:21:50 65.97   90.95   70.36   86.00
16:22:53 65.97   90.39   70.25   86.00
16:23:57 65.97   90.16   70.36   85.89
16:25:00 65.86   89.83   70.47   85.89
16:26:04 65.86   89.38   70.36   85.78
16:27:07 65.86   88.93   70.59   85.66
16:28:10 65.86   88.70   70.47   85.55
16:29:14 65.86   88.47   70.59   85.44
16:30:17 65.75   88.14   70.81   85.44
16:31:20 65.75   87.91   70.36   85.44
16:32:24 65.64   87.35   70.36   85.44
16:33:27 65.64   87.58   70.47   85.33
16:34:30 65.64   87.24   70.70   85.33
16:35:34 65.64   87.12   71.04   85.33
16:36:37 65.53   87.12   70.70   85.21
16:37:40 65.53   86.56   70.59   85.21
16:38:44 65.53   86.45   70.59   85.21
16:39:47 65.53   86.34   70.36   85.10
16:40:50 65.53   86.00   70.93   84.99
16:41:54 65.64   86.11   71.15   84.88
16:42:57 65.53   86.00   71.38   84.76
16:44:00 65.53   86.00   70.81   93.99
16:45:04 65.53   85.66   71.04   104.79
16:46:07 65.53   85.89   71.26   106.92
16:47:10 65.30   85.66   70.70   107.83
16:48:14 65.30   85.78   70.25   108.28
16:49:17 65.30   85.66   70.14   108.39
16:50:20 65.30   85.21   70.59   108.50
16:51:24 65.41   85.44   70.59   108.50
16:52:27 65.41   85.44   71.15   108.16
16:53:30 65.41   85.33   70.59   107.60
16:54:34 65.41   85.10   70.47   107.04
16:55:37 65.41   85.33   70.36   106.48
16:56:40 65.53   85.21   70.36   105.80
16:57:44 65.53   84.99   70.36   105.12
16:58:47 65.53   85.10   70.59   104.34
16:59:51 65.53   84.99   70.47   103.55
17:00:54 65.53   85.21   70.47   102.99
17:01:57 65.64   84.88   70.59   102.31
17:03:01 65.53   84.99   70.47   101.86
17:04:04 65.64   84.88   70.70   101.41
17:05:07 65.64   84.99   70.59   100.85
17:06:11 65.64   84.88   70.81   100.40
17:07:14 65.64   84.88   71.15   99.95
17:08:17 65.64   84.76   71.38   99.50
17:09:21 65.64   84.88   71.04   99.05
17:10:24 65.64   84.76   70.93   98.60
17:11:27 65.64   84.88   71.15   98.26
17:12:31 65.64   84.88   70.93   98.04
17:13:34 65.75   84.54   70.81   97.70
17:14:37 65.75   84.54   70.47   97.36
17:15:41 65.75   84.65   69.91   97.14
17:16:44 65.75   84.54   69.80   96.80
17:17:47 65.75   84.65   69.69   96.46
17:18:51 65.75   84.43   69.58   96.12
17:19:54 65.86   84.31   69.46   95.68
17:20:57 65.75   84.65   69.46   95.45
17:22:01 65.86   84.43   69.46   95.11
17:23:04 65.86   84.54   69.35   94.78
17:24:07 65.86   84.31   69.46   94.55
17:25:11 65.75   84.09   69.58   94.10
17:26:14 65.75   84.09   69.58   93.88
17:27:17 65.75   84.09   69.46   93.65
17:28:21 65.75   84.20   69.46   93.43
17:29:24 65.75   84.09   69.46   93.31
17:30:27 65.75   84.09   69.35   92.97
17:31:31 65.75   84.09   69.46   92.86
17:32:34 65.75   83.97   69.46   92.64
17:33:37 65.75   83.97   69.46   92.41
17:34:41 65.64   83.75   69.46   92.19
17:35:44 65.75   84.09   69.46   91.96
17:36:47 65.64   83.75   69.35   91.74
17:37:51 65.64   83.53   69.35   91.51
17:38:54 65.75   83.86   69.35   91.29
17:39:58 65.64   83.64   69.35   91.06
17:41:01 65.64   83.86   69.35   90.95
17:42:04 65.64   83.86   69.46   90.72
17:43:08 65.64   83.53   69.46   90.50
17:44:11 65.64   83.41   69.35   90.39
17:45:14 65.64   83.30   69.46   90.28
17:46:18 65.64   83.19   69.46   90.05
17:47:21 65.53   83.30   69.46   89.83
17:48:24 65.53   83.64   69.35   89.60
17:49:28 65.53   83.53   69.35   89.49
17:50:31 65.53   83.75   69.24   89.26
17:51:34 65.53   83.64   69.46   89.15
17:52:38 65.53   83.30   69.35   88.93
17:53:41 65.53   83.53   69.35   88.81
17:54:44 65.53   83.41   69.35   88.70
17:55:48 65.53   83.53   69.35   88.59
17:56:51 65.41   83.19   69.46   88.47
17:57:54 65.41   83.19   69.46   95.68
17:58:58 65.41   83.30   69.46   108.95
18:00:01 65.41   83.64   69.46   108.84
18:01:04 65.41   83.19   69.46   107.26
18:02:08 65.41   83.41   69.35   105.46
18:03:11 65.41   83.30   69.46   104.00
18:04:14 65.41   83.41   69.46   102.54
18:05:18 65.30   83.41   69.35   102.31
18:06:21 65.30   83.19   69.46   112.21
18:07:24 65.30   83.19   69.46   114.58
18:08:28 65.41   83.08   69.35   114.24
18:09:31 65.41   83.19   69.46   114.35
18:10:34 65.30   83.30   69.46   114.35
18:11:38 65.30   83.08   69.46   112.89
18:12:41 65.41   83.30   69.46   111.31
18:13:44 65.30   82.96   69.35   109.74
18:14:48 65.30   83.41   69.35   108.28
18:15:51 65.30   83.30   69.35   107.04
18:16:55 65.30   83.19   69.35   105.91
18:17:58 65.30   83.30   69.35   104.79
18:19:01 65.30   83.41   69.46   105.58
18:20:05 65.30   83.19   69.35   108.39
18:21:08 65.30   83.08   69.35   111.09
18:22:11 65.30   82.74   69.35   110.08
18:23:15 65.30   83.08   69.35   108.61
18:24:18 65.30   83.19   69.35   107.26
18:25:21 65.30   83.08   69.35   105.91
18:26:25 65.30   82.96   69.35   104.79
18:27:28 65.30   83.08   69.35   103.66
18:28:31 65.30   83.08   69.35   102.76
18:29:35 65.30   82.96   69.35   101.98
18:30:38 65.30   83.30   69.24   101.19
18:31:41 65.30   83.08   69.24   100.40
18:32:45 65.30   83.08   69.24   99.73
18:33:48 65.30   83.19   69.24   103.44
18:34:51 65.19   83.19   69.24   102.99
18:35:55 65.19   83.41   69.35   102.31
18:36:58 65.19   83.19   69.35   101.30
18:38:01 65.19   83.53   69.35   100.40
18:39:05 65.19   83.41   69.24   99.50
18:40:08 65.19   83.08   69.35   98.83
18:41:11 65.19   82.96   69.35   98.04
18:42:15 65.19   83.19   69.24   97.48
18:43:18 65.19   82.85   69.24   99.28
18:44:21 65.19   83.08   69.24   98.94
18:45:25 65.19   82.85   69.24   98.38
18:46:28 65.19   82.96   69.24   97.70
18:47:31 65.19   83.08   69.12   97.03
18:48:35 65.19   82.74   69.24   96.46
18:49:38 65.30   82.74   69.12   95.90
18:50:41 65.19   82.74   69.24   95.34
18:51:45 65.19   82.51   69.24   94.89
18:52:48 65.19   82.29   69.12   94.44
18:53:52 65.19   82.51   69.12   93.99
18:54:55 65.19   82.85   69.12   93.54
18:55:58 65.19   82.51   69.12   93.20
18:57:02 65.19   82.74   69.12   92.86
18:58:05 65.19   82.62   69.12   92.53
18:59:08 65.19   82.51   69.01   92.30
19:00:12 65.19   82.40   69.01   92.08
19:01:15 65.19   82.62   69.01   91.62
19:02:18 65.19   82.62   69.01   91.40
19:03:22 65.19   82.62   69.01   90.95
19:04:25 65.19   82.62   69.01   90.72
19:05:28 65.19   82.62   69.01   95.00
19:06:32 65.19   82.85   69.01   108.05
19:07:35 65.19   82.51   69.01   110.98
19:08:38 65.19   82.62   69.01   111.88
19:09:42 65.19   82.40   69.01   111.99
19:10:45 65.19   82.29   69.01   111.99
19:11:48 65.19   82.51   69.01   111.99
19:12:52 65.19   82.29   69.01   111.65
19:13:55 65.19   82.51   69.01   110.86
19:14:58 65.19   82.51   69.01   109.85
19:16:02 65.19   82.40   68.90   108.50
19:17:05 65.19   82.74   69.01   107.26
19:18:08 65.30   82.74   69.01   106.14
19:19:12 65.30   82.85   68.90   105.35
19:20:15 65.30   82.62   69.01   104.34
19:21:18 65.30   82.62   69.01   103.33
19:22:22 65.30   82.40   69.01   102.31
19:23:25 65.30   82.40   69.01   101.30
19:24:29 65.30   82.40   69.01   100.51
19:25:32 65.30   82.40   69.01   99.84
19:26:35 65.30   82.40   69.24   99.05
19:27:39 65.30   82.40   69.12   98.49
19:28:42 65.30   82.29   69.24   97.92
19:29:45 65.30   82.29   69.24   97.36
19:30:49 65.30   82.51   69.24   96.80
19:31:52 65.30   82.51   69.12   96.35
19:32:55 65.30   82.29   69.12   95.90
19:33:59 65.30   82.51   69.12   95.45
19:35:02 65.30   82.29   69.12   95.00
19:36:05 65.30   82.29   69.01   94.55
19:37:09 65.30   82.18   69.01   94.21
19:38:12 65.30   82.18   69.01   93.76
19:39:15 65.30   81.95   69.01   93.43
19:40:19 65.19   82.06   69.01   93.09
19:41:22 65.19   82.29   69.01   92.75
19:42:25 65.19   82.18   69.01   92.41
19:43:29 65.30   82.29   68.90   92.19
19:44:32 65.19   82.06   69.01   91.85
19:45:35 65.19   82.18   69.01   91.51
19:46:39 65.19   81.95   68.90   91.29
19:47:42 65.19   82.18   68.90   91.06
19:48:45 65.19   82.40   68.79   90.84
19:49:49 65.19   82.51   68.68   90.50
19:50:52 65.19   82.18   68.79   90.39
19:51:55 65.19   82.40   68.79   90.16
19:52:59 65.19   82.29   68.79   89.83
19:54:02 65.19   82.06   68.79   89.49
19:55:05 65.19   82.29   68.79   89.38
19:56:09 65.08   82.18   68.68   89.15
19:57:12 65.08   82.06   68.79   88.93
19:58:16 65.08   81.95   68.79   88.81
19:59:19 65.19   81.95   68.79   88.59
20:00:22 65.08   82.06   68.79   88.47
20:01:26 65.08   81.95   68.79   88.25
20:02:29 65.08   82.18   68.79   88.14
20:03:32 65.08   82.06   68.79   89.60
20:04:36 65.08   82.40   68.79   92.64
20:05:39 65.08   82.06   68.79   92.75
20:06:42 65.19   82.06   68.79   92.41
20:07:46 65.08   81.95   68.79   92.08
20:08:49 65.08   81.95   68.79   91.62
20:09:52 65.08   82.06   68.79   91.40
20:10:56 65.08   82.06   68.68   90.95
20:11:59 65.19   82.06   68.68   90.61
20:13:02 65.19   81.95   68.68   90.39
20:14:06 65.08   82.29   68.79   90.05
20:15:09 65.08   82.18   68.68   89.83
20:16:12 65.08   82.06   68.68   89.49
20:17:16 65.08   82.06   68.68   89.38
20:18:19 65.08   81.84   68.68   89.04
20:19:22 65.19   82.29   68.68   88.70
20:20:26 65.08   82.06   68.68   88.59
20:21:29 65.08   81.95   68.68   88.25
20:22:32 65.08   81.72   68.68   88.03
20:23:36 65.08   82.06   68.68   87.80
20:24:39 65.08   82.06   68.68   87.46
20:25:42 65.08   81.95   68.68   87.35
20:26:46 65.08   81.95   68.56   87.24
20:27:49 65.19   81.95   68.56   87.24
20:28:52 65.08   81.95   68.68   87.01
20:29:56 65.08   81.95   68.56   86.90
20:30:59 65.08   81.84   68.56   86.79
20:32:02 65.08   81.61   68.45   86.68
20:33:06 65.08   81.72   68.56   86.56
20:34:09 65.19   82.18   68.56   86.45
20:35:13 65.08   81.95   68.56   86.22
20:36:16 65.08   82.06   68.45   86.22
20:37:19 65.08   82.06   68.45   86.00
20:38:23 65.08   81.95   68.56   85.78
20:39:26 65.08   81.95   68.45   85.66
20:40:29 65.08   81.95   68.56   85.55
20:41:33 65.08   81.84   68.45   85.44
20:42:36 65.08   81.72   68.45   85.33
20:43:39 65.08   81.84   68.45   85.21
20:44:43 65.08   81.50   68.45   85.21
20:45:46 65.08   81.50   68.45   85.10
20:46:49 65.08   81.72   68.45   84.99
20:47:53 65.08   81.72   68.45   84.88
20:48:56 65.08   81.72   68.45   84.76
20:49:59 65.08   81.72   68.34   84.65
20:51:03 65.08   81.95   68.45   84.54
20:52:06 65.08   81.61   68.45   84.43
20:53:09 65.08   81.61   68.34   84.43
20:54:13 65.08   81.61   68.34   84.31
20:55:16 65.08   81.61   68.34   84.20
20:56:19 65.08   81.72   68.34   84.09
20:57:23 65.08   81.72   68.34   84.09
20:58:26 65.08   81.95   68.45   84.09
20:59:29 65.08   81.84   68.34   84.09
21:00:33 65.08   81.50   68.34   87.01
21:01:36 65.08   81.72   68.34   92.86
21:02:39 65.08   81.50   68.34   93.09
21:03:43 65.08   81.72   68.34   92.53
21:04:46 65.08   81.95   68.34   92.08
21:05:49 65.08   81.61   68.34   91.51
21:06:53 65.08   81.50   68.34   90.72
21:07:56 65.08   81.84   68.34   90.39
21:09:00 65.08   81.61   68.22   89.94
21:10:03 65.08   81.84   68.34   89.49
21:11:06 65.08   81.72   68.34   89.04
21:12:10 65.08   81.61   68.34   88.70
21:13:13 65.08   81.72   68.34   88.47
21:14:16 65.08   81.61   68.34   88.25
21:15:20 65.08   81.50   68.34   87.91
21:16:23 65.08   81.50   68.34   87.46
21:17:26 65.08   81.39   68.22   87.24
21:18:30 65.08   81.61   68.22   87.01
21:19:33 65.08   81.39   68.22   86.90
21:20:36 65.08   81.61   68.22   86.56
21:21:40 65.08   81.39   68.22   86.34
21:22:43 65.08   81.39   68.22   86.22
21:23:46 65.08   81.61   68.22   107.04
21:24:50 65.08   81.61   68.22   109.85
21:25:53 65.08   81.39   68.22   110.64
21:26:56 65.08   81.72   68.34   111.20
21:28:00 65.19   81.39   68.22   111.42
21:29:03 65.19   81.72   68.22   111.20
21:30:06 65.19   81.50   68.22   111.09
21:31:10 65.19   81.39   68.22   110.75
21:32:13 65.19   81.39   68.11   110.41
21:33:16 65.19   81.28   68.11   110.08
21:34:20 65.19   81.50   68.22   109.62
21:35:23 65.30   81.50   68.11   108.84
21:36:26 65.30   81.50   68.11   108.28
21:37:30 65.30   81.50   68.11   107.49
21:38:33 65.19   81.72   68.11   106.70
21:39:37 65.30   81.61   68.22   105.91
21:40:40 65.30   81.61   68.22   105.01
21:41:43 65.30   81.50   68.22   104.34
21:42:47 65.30   81.39   68.22   103.66
21:43:50 65.30   81.39   68.11   103.10
21:44:53 65.30   81.61   68.22   102.42
21:45:57 65.30   81.95   68.22   101.75
21:47:00 65.30   81.61   68.22   101.08
21:48:03 65.30   81.61   68.11   100.62
21:49:07 65.30   81.72   68.22   100.06
21:50:10 65.30   81.72   68.22   99.61
21:51:13 65.30   81.61   68.22   99.16
21:52:17 65.41   81.50   68.22   98.83
21:53:20 65.41   81.39   68.22   98.38
21:54:23 65.41   81.61   68.22   97.92
21:55:27 65.41   81.61   68.11   97.59
21:56:30 65.30   81.61   68.11   97.25
21:57:33 65.41   81.50   68.11   96.91
21:58:37 65.41   81.50   68.11   96.58
21:59:40 65.41   81.84   68.11   96.35
22:00:43 65.41   81.84   68.11   96.12
22:01:47 65.41   81.84   68.11   95.90
22:02:50 65.41   81.84   68.11   95.68
22:03:53 65.41   81.84   68.11   95.34
22:04:57 65.41   81.72   68.11   95.22
22:06:00 65.41   81.84   68.11   94.89
22:07:03 65.41   81.50   68.11   94.55
22:08:07 65.41   81.50   68.11   94.10
22:09:10 65.41   81.50   68.11   93.76
22:10:14 65.30   81.61   68.00   111.88
22:11:17 65.41   81.61   68.11   116.60
22:12:20 65.30   81.72   68.11   115.25
22:13:24 65.30   81.72   68.11   113.34
22:14:27 65.30   81.61   68.11   111.42
22:15:30 65.30   81.61   68.11   109.62
22:16:34 65.30   81.39   68.11   107.94
22:17:37 65.30   81.39   68.11   106.70
22:18:40 65.30   81.28   68.00   105.46
22:19:44 65.30   81.39   68.11   104.34
22:20:47 65.30   81.39   68.11   103.55
22:21:50 65.30   81.50   68.11   102.88
22:22:54 65.19   81.50   68.11   101.98
22:23:57 65.19   81.39   68.00   101.41
22:25:00 65.19   81.61   68.00   100.74
22:26:04 65.19   81.50   68.11   99.95
22:27:07 65.19   81.61   68.11   99.61
22:28:10 65.19   81.50   68.00   98.94
22:29:14 65.19   81.84   68.00   98.26
22:30:17 65.19   81.50   68.00   97.70
22:31:20 65.19   81.50   68.00   97.25
22:32:24 65.19   81.61   68.00   96.80
22:33:27 65.19   81.50   68.00   96.46
22:34:30 65.19   81.50   68.00   96.01
22:35:34 65.19   81.50   68.00   95.56
22:36:37 65.08   81.50   68.00   95.22
22:37:40 65.08   81.72   68.00   94.78
22:38:44 65.08   81.28   68.00   94.44
22:39:47 65.08   81.50   68.00   94.10
22:40:50 65.08   81.28   68.00   93.65
22:41:54 65.08   81.28   68.00   93.43
22:42:57 65.08   81.05   68.00   92.86
22:44:01 65.08   81.16   67.89   92.64
22:45:04 65.08   81.50   68.00   92.41
22:46:07 65.08   81.50   68.00   92.08
22:47:11 65.08   81.39   68.00   91.85
22:48:14 65.08   81.28   67.89   91.62
22:49:17 65.08   81.39   67.89   91.40
22:50:21 65.08   81.50   67.89   91.18
22:51:24 65.08   81.39   67.89   108.84
22:52:27 65.08   81.28   67.89   114.12
22:53:31 65.08   81.39   67.89   114.12
22:54:34 65.08   81.28   68.00   113.34
22:55:37 65.08   81.28   67.89   112.21
22:56:41 65.08   81.05   68.00   111.20
22:57:44 65.08   81.16   68.00   110.08
22:58:47 65.08   81.39   68.00   108.95
22:59:51 65.08   81.39   67.89   107.83
23:00:54 65.08   81.28   68.00   111.42
23:01:57 65.08   81.28   68.00   115.70
23:03:01 65.08   81.16   67.89   116.83
23:04:04 65.08   81.16   67.89   116.60
23:05:07 64.96   81.28   67.89   115.70
23:06:11 64.96   81.05   67.89   114.69
23:07:14 64.96   81.16   67.89   113.56
23:08:17 64.96   81.39   68.00   112.55
23:09:21 64.96   81.05   67.89   111.54
23:10:24 64.96   80.83   67.89   110.53
23:11:27 64.96   81.16   67.89   109.51
23:12:31 64.96   80.83   67.89   108.73
23:13:34 64.96   81.05   67.89   107.71
23:14:38 64.96   80.94   67.89   106.70
23:15:41 64.96   80.94   67.89   106.03
23:16:44 64.96   81.05   67.89   105.12
23:17:48 64.96   81.16   67.78   104.34
23:18:51 64.96   80.71   67.89   103.66
23:19:54 64.96   80.94   67.78   111.54
23:20:58 64.96   80.71   67.78   114.12
23:22:01 64.96   80.94   67.78   114.01
23:23:04 64.96   80.83   67.78   113.23
23:24:08 64.96   80.71   67.78   112.33
23:25:11 64.96   80.60   67.89   111.42
23:26:14 64.96   80.83   67.78   110.30
23:27:18 64.96   80.94   67.89   109.29
23:28:21 64.96   80.83   67.78   108.39
23:29:24 64.96   80.83   67.78   107.49
23:30:28 64.96   80.71   67.78   106.59
23:31:31 64.96   80.71   67.78   105.69
23:32:34 64.96   80.60   67.89   104.90
23:33:38 64.96   80.60   67.89   104.11
23:34:41 64.96   80.83   67.78   103.33
23:35:44 64.96   80.60   67.78   102.54
23:36:48 64.96   80.38   67.78   101.86
23:37:51 64.85   80.49   67.78   101.19
23:38:54 64.96   80.49   67.66   100.62
23:39:58 64.85   80.49   67.66   99.95
23:41:01 64.85   80.60   67.66   99.39
23:42:04 64.96   80.71   67.66   98.94
23:43:08 64.85   80.49   67.78   98.26
23:44:11 64.85   80.60   67.78   97.70
23:45:15 64.85   80.60   67.78   97.25
23:46:18 64.85   80.49   67.78   96.69
23:47:21 64.96   80.71   67.78   96.12
23:48:25 64.96   80.60   67.66   95.79
23:49:28 64.85   80.60   67.78   95.34
23:50:31 64.96   80.60   67.66   94.89
23:51:35 64.96   80.49   67.66   94.55
23:52:38 64.85   80.04   67.66   94.21
23:53:41 64.85   80.38   67.78   93.76
23:54:45 64.96   80.15   67.78   93.31
23:55:48 64.96   80.15   67.78   92.86
23:56:51 64.96   80.49   67.66   92.64
23:57:55 64.96   80.38   67.66   92.30
23:58:58 64.85   80.38   67.66   91.85
