20:04:36 66.09   104.56   69.35   86.22
20:05:40 65.97   103.89   69.46   86.22
20:12:38 65.30   95.45   69.35   85.78
20:13:42 65.30   97.25   69.35   85.89
20:14:45 68.11   129.99   69.35   86.00
20:15:48 69.46   147.54   69.35   86.34
20:16:51 70.25   130.44   69.58   87.01
20:17:54 70.59   112.10   69.58   87.24
20:18:58 69.24   111.88   69.58   87.12
20:20:01 68.22   110.64   69.69   87.01
20:21:04 67.55   110.53   69.69   86.79
20:22:08 66.99   110.41   69.58   86.68
20:23:11 66.65   108.84   69.58   86.56
20:24:14 66.43   106.92   69.69   86.45
20:25:18 66.20   105.91   69.58   86.34
20:26:21 66.09   104.34   69.58   86.34
20:27:24 65.86   102.31   69.58   86.34
20:28:28 65.75   100.96   69.58   86.34
20:29:31 65.64   99.50   69.58   86.22
20:30:34 65.64   98.26   69.58   86.22
20:31:38 65.53   97.36   69.46   86.11
20:32:41 65.41   96.58   69.46   86.00
20:33:44 65.41   95.22   69.46   86.00
20:34:48 65.30   94.21   69.46   85.89
20:35:51 65.30   93.54   69.46   85.78
20:36:54 65.30   93.20   69.46   85.78
20:37:58 65.30   92.19   69.46   85.78
20:39:01 65.19   91.51   69.46   85.66
20:40:04 65.30   99.61   69.46   85.66
20:41:08 68.45   137.30   69.46   85.89
20:42:10 69.80   145.62   69.58   86.34
20:43:13 70.59   121.33   69.69   86.79
20:44:17 70.14   111.54   69.69   87.01
20:45:20 68.90   111.88   69.80   86.90
20:46:23 68.00   110.53   69.80   86.79
20:47:27 67.44   110.75   69.69   86.68
20:48:30 66.99   108.95   69.69   86.56
20:49:33 66.65   107.60   69.80   86.45
20:50:37 66.31   106.25   69.69   86.34
20:51:40 66.20   105.01   69.69   86.34
20:52:43 65.97   103.44   69.69   86.34
20:53:47 65.86   102.09   69.80   89.15
20:54:50 65.75   100.85   69.80   90.39
20:55:54 65.75   99.50   69.80   90.50
20:56:57 65.64   98.15   69.69   90.05
20:58:00 65.53   96.91   69.69   89.83
20:59:04 65.53   95.90   69.58   89.60
21:00:07 65.41   95.11   69.58   97.92
21:01:10 65.41   94.21   69.58   107.38
21:02:14 65.41   93.65   69.46   108.95
21:03:17 65.30   92.53   69.46   109.62
21:04:20 65.30   92.08   69.46   109.96
21:05:24 65.30   91.51   69.46   109.85
21:06:27 65.19   90.95   69.46   109.74
21:07:30 65.19   90.61   69.46   109.51
21:08:34 65.19   91.62   69.46   109.17
21:09:37 67.33   122.79   69.46   108.84
21:10:40 69.24   145.29   69.58   108.73
21:11:43 70.14   141.69   69.80   108.84
21:12:46 70.70   115.59   69.80   108.84
21:13:49 69.91   112.33   69.80   108.39
21:14:53 68.68   111.99   69.69   107.60
21:15:56 67.89   109.40   69.69   106.81
21:16:59 67.44   110.75   69.69   105.91
21:18:03 66.99   109.74   69.80   105.24
21:19:06 66.65   107.60   69.69   104.79
21:20:09 66.43   106.48   69.80   104.11
21:21:13 66.20   104.79   69.69   103.66
21:22:16 66.09   103.44   69.69   102.99
21:23:19 65.97   101.64   69.58   102.54
21:24:23 65.86   100.29   69.58   101.98
21:25:26 65.75   98.94   69.58   101.53
21:26:29 65.75   98.15   69.35   100.96
21:27:33 65.64   96.91   69.46   100.51
21:28:36 65.53   95.45   69.46   99.95
21:29:39 65.53   94.78   69.58   99.50
21:30:43 65.41   93.99   69.46   99.05
21:31:46 65.41   93.31   69.35   98.71
21:32:49 65.41   92.75   69.35   98.38
21:33:53 65.41   91.85   69.35   97.92
21:34:56 65.41   91.62   69.46   97.70
21:35:59 65.41   95.79   69.46   97.36
21:37:03 68.68   134.82   69.35   97.36
21:38:06 69.91   150.35   69.46   97.25
21:39:08 70.81   133.93   69.58   97.70
21:40:12 71.15   112.89   69.58   97.81
21:41:15 69.80   112.66   69.58   97.81
21:42:18 68.68   111.54   69.69   97.59
21:43:22 67.89   111.65   69.58   97.25
21:44:25 67.33   111.31   69.58   97.03
21:45:28 66.99   109.51   69.58   96.91
21:46:32 66.76   107.71   69.58   96.58
21:47:35 66.54   106.14   69.58   96.35
21:48:38 66.31   105.12   69.58   96.24
21:49:42 66.09   103.66   69.46   96.01
21:50:45 66.09   101.98   69.46   95.79
21:51:48 65.97   100.96   69.46   95.68
21:52:52 65.86   99.05   69.46   95.45
21:53:55 65.75   97.81   69.46   95.11
21:54:58 65.75   97.03   69.46   94.89
21:56:02 65.86   105.58   69.58   94.66
21:57:05 69.12   137.86   69.46   94.78
21:58:08 70.25   150.35   69.58   94.89
21:59:11 71.04   130.44   69.58   95.34
22:00:14 70.93   112.55   69.69   95.56
22:01:17 69.69   112.78   69.69   95.45
22:02:21 68.68   112.89   69.80   95.11
22:03:24 68.00   114.69   69.91   98.15
22:04:27 67.44   111.76   69.80   98.83
22:05:31 67.10   110.30   69.69   98.71
22:06:34 66.76   108.84   69.69   98.26
22:07:37 66.54   106.48   69.69   98.04
22:08:41 66.31   104.56   69.58   97.59
22:09:44 66.20   103.21   69.58   97.36
22:10:47 65.97   101.98   69.69   96.91
22:11:51 65.86   100.85   69.58   96.58
22:12:54 65.86   99.16   69.46   96.12
22:13:57 65.75   98.04   69.58   95.79
22:15:01 65.64   97.14   69.58   95.45
22:16:04 65.64   96.01   69.58   95.22
22:17:07 65.53   94.78   69.58   94.89
22:18:11 65.53   94.55   69.58   94.66
22:19:14 65.53   93.76   69.35   94.44
22:20:18 65.41   92.86   69.46   94.21
22:21:21 65.41   92.30   69.35   93.88
22:22:24 65.41   91.74   69.35   93.54
22:23:28 65.30   90.95   69.35   93.31
22:24:31 65.30   90.28   69.46   93.09
22:25:34 65.30   89.83   69.35   92.75
22:26:38 65.30   89.60   69.35   92.53
22:27:41 65.19   89.15   69.24   92.30
22:28:44 65.19   88.59   69.24   91.96
22:29:48 65.19   88.14   69.12   91.74
22:30:51 65.19   88.03   69.24   91.51
22:31:54 65.19   87.80   69.35   91.18
22:32:58 65.19   87.58   69.35   91.06
22:34:01 65.19   87.24   69.35   90.84
22:35:04 65.08   87.01   69.24   90.84
22:36:08 65.08   86.79   69.24   90.61
22:37:11 65.08   86.45   69.24   90.39
22:38:14 65.08   86.45   69.24   90.16
22:39:18 65.08   86.34   69.12   90.05
22:40:21 65.08   86.22   69.12   89.83
22:41:24 65.08   86.00   69.01   89.71
22:42:28 65.08   85.44   69.01   89.49
22:43:31 65.08   85.44   69.12   89.49
22:44:34 64.96   85.44   69.12   89.26
22:45:38 64.96   85.44   69.01   89.04
22:46:41 64.96   85.21   69.01   88.81
22:47:44 64.96   84.88   69.01   88.59
22:48:48 64.96   84.76   69.01   107.38
22:49:51 64.96   84.43   69.01   111.20
22:50:54 64.96   84.20   69.01   111.99
22:51:58 64.96   83.97   69.01   111.88
22:53:01 64.96   83.97   68.90   111.42
22:54:04 64.85   83.97   68.90   110.64
22:55:08 64.96   83.86   68.90   109.74
22:56:11 64.85   84.20   68.90   108.84
22:57:15 64.85   84.20   68.79   107.94
22:58:18 64.85   83.97   68.79   107.04
22:59:21 64.85   83.86   68.90   106.14
23:00:25 64.85   83.86   68.79   105.35
23:01:28 64.85   83.86   68.68   104.56
23:02:31 64.85   83.41   68.68   103.78
23:03:35 64.85   83.53   68.68   103.10
23:04:38 64.74   83.53   68.68   102.42
23:05:41 64.85   83.41   68.68   101.75
23:06:45 64.85   83.30   68.68   101.08
23:07:48 64.74   82.96   68.68   100.51
23:08:51 64.74   83.08   68.68   99.84
23:09:55 64.74   83.08   68.56   99.28
23:10:58 64.74   82.96   68.68   98.71
23:12:01 64.74   82.96   68.68   98.26
23:13:05 64.74   82.74   68.45   97.70
23:14:08 64.74   82.62   68.45   97.25
23:15:11 64.74   82.62   68.56   96.80
23:16:15 64.74   82.40   68.68   96.24
23:17:18 64.74   82.74   68.56   95.90
23:18:21 64.74   82.51   68.56   95.45
23:19:25 64.74   82.62   68.45   95.11
23:20:28 64.74   82.51   68.56   94.66
23:21:31 64.62   82.40   68.45   94.21
23:22:35 64.74   82.40   68.45   93.88
23:23:38 64.62   82.18   68.45   93.65
23:24:41 64.74   82.29   68.45   93.20
23:25:45 64.74   82.29   68.34   92.75
23:26:48 64.74   82.06   68.45   92.53
23:27:52 64.74   82.06   68.45   92.19
23:28:55 64.62   81.95   68.45   91.96
23:29:58 64.62   81.84   68.45   91.62
23:31:02 64.62   82.18   68.45   91.40
23:32:05 64.62   82.06   68.34   91.18
23:33:08 64.62   81.95   68.34   90.72
23:34:12 64.62   82.06   68.34   90.50
23:35:15 64.62   81.95   68.34   90.28
23:36:18 64.62   81.95   68.22   90.16
23:37:22 64.62   81.84   68.34   89.83
23:38:25 64.62   81.84   68.34   89.60
23:39:28 64.62   81.50   68.34   89.38
23:40:32 64.62   81.72   68.22   89.15
23:41:35 64.62   81.95   68.34   88.93
23:42:38 64.62   81.72   68.22   88.81
23:43:42 64.62   81.50   68.22   88.59
23:44:45 64.62   81.72   68.22   88.36
23:45:48 64.62   81.72   68.22   88.14
23:46:52 64.51   81.72   68.11   88.03
23:47:55 64.62   81.72   68.22   87.80
23:48:58 64.62   81.50   68.11   87.58
23:50:02 64.51   81.39   68.11   87.35
23:51:05 64.51   81.50   68.11   87.24
23:52:08 64.51   81.50   68.11   87.01
23:53:12 64.62   81.50   68.11   86.90
23:54:15 64.62   81.61   68.11   86.68
23:55:18 64.51   81.50   68.11   86.45
23:56:22 64.51   81.61   68.11   86.34
23:57:25 64.62   81.61   68.11   86.22
23:58:28 64.51   81.39   68.00   86.00
23:59:32 64.51   81.61   68.00   85.89
