00:00:30 75.10   58.87   75.50   90.94
00:01:41 75.08   58.84   75.39   90.61
00:02:51 75.08   58.81   75.41   90.26
00:04:02 75.07   58.90   75.41   89.99
00:05:12 75.06   58.84   75.42   89.64
00:06:22 75.01   58.63   75.40   89.42
00:07:33 75.01   58.72   75.42   89.12
00:08:43 75.00   58.70   75.45   88.76
00:09:54 74.99   58.75   75.27   88.46
00:11:04 74.96   58.64   75.32   88.18
00:12:14 74.94   58.63   75.27   87.86
00:13:25 74.94   58.70   75.30   87.64
00:14:35 74.92   58.62   75.31   87.37
00:15:45 74.90   58.83   75.34   87.09
00:16:56 74.86   58.61   75.32   86.80
00:18:06 74.86   58.71   75.22   86.54
00:19:17 74.86   58.67   75.25   86.37
00:20:27 74.85   58.68   75.23   86.11
00:21:37 74.86   58.62   75.18   85.92
00:22:48 74.82   58.69   75.17   85.87
00:23:58 74.81   58.65   75.21   85.67
00:25:08 74.73   58.54   75.25   85.46
00:26:19 74.76   58.51   75.14   85.30
00:27:29 74.75   58.45   75.05   85.13
00:28:40 74.74   58.49   75.13   84.92
00:29:50 74.74   58.64   75.07   84.88
00:31:00 74.73   58.56   75.07   84.77
00:32:11 74.70   58.50   75.14   84.67
00:33:21 74.72   58.48   75.12   84.48
00:34:31 74.74   58.27   74.97   84.23
00:35:42 74.67   58.35   75.05   84.06
00:36:52 74.72   58.33   75.10   83.94
00:38:03 74.65   58.29   75.08   83.86
00:39:13 74.65   58.44   74.95   83.72
00:40:23 74.64   58.49   74.92   83.60
00:41:34 74.64   58.45   75.00   83.53
00:42:44 74.63   58.50   74.98   83.36
00:43:55 74.62   58.58   74.95   83.23
00:45:05 74.63   58.45   74.92   83.15
00:46:15 74.62   58.44   74.97   83.06
00:47:26 74.59   58.47   74.97   82.86
00:48:36 74.56   58.34   74.97   82.65
00:49:46 74.53   58.45   74.94   82.55
00:50:57 74.50   58.31   74.89   82.51
00:52:07 74.49   58.13   74.90   82.43
00:53:18 74.51   58.08   74.92   82.40
00:54:28 74.49   58.17   74.83   82.39
00:55:38 74.51   58.16   74.89   82.37
00:56:49 74.44   57.94   74.87   82.34
00:57:59 74.49   57.68   74.85   82.20
00:59:09 74.42   57.95   74.86   81.98
01:00:20 74.41   58.13   74.82   81.95
01:01:30 74.43   58.12   74.77   81.86
01:02:41 74.42   57.93   74.78   81.74
01:03:51 74.41   57.95   74.75   81.73
01:05:01 74.38   57.89   74.72   81.78
01:06:12 74.33   57.89   74.66   81.75
01:07:22 74.36   57.89   74.78   81.69
01:08:33 74.33   57.73   74.75   81.54
01:09:43 74.33   57.75   74.71   81.44
01:10:53 74.30   57.93   74.72   81.28
01:12:04 74.29   58.05   74.73   81.32
01:13:14 74.28   57.82   74.72   81.30
01:14:24 74.27   57.89   74.62   81.18
01:15:35 74.27   57.81   74.60   81.13
01:16:45 74.25   57.90   74.58   81.02
01:17:56 74.25   57.87   74.60   80.93
01:19:06 74.20   57.86   74.64   80.89
01:20:16 74.22   57.75   74.67   80.95
01:21:27 74.23   57.85   74.63   80.86
01:22:37 74.19   57.85   74.62   80.91
01:23:48 74.19   57.68   74.58   80.79
01:24:58 74.19   57.79   74.54   80.70
01:26:08 74.19   57.75   74.47   80.61
01:27:19 74.19   57.56   74.43   80.60
01:28:29 74.17   57.71   74.34   80.60
01:29:39 74.19   57.58   74.44   80.56
01:30:50 74.13   57.52   74.47   80.47
01:32:00 74.08   57.28   74.43   80.45
01:33:11 74.09   57.43   74.43   80.41
01:34:21 74.04   57.43   74.41   80.38
01:35:31 74.07   57.37   74.35   80.38
01:36:42 74.07   57.60   74.41   80.29
01:37:52 74.05   57.62   74.27   80.26
01:39:02 74.02   57.39   74.24   80.29
01:40:13 73.98   57.35   74.33   80.27
01:41:23 73.96   57.48   74.33   80.25
01:42:34 73.96   57.37   74.32   80.24
01:43:44 73.97   57.38   74.42   80.15
01:44:54 73.93   57.30   74.41   80.12
01:46:05 73.91   57.45   74.34   80.05
01:47:15 73.92   57.42   74.21   80.09
01:48:26 73.91   57.23   74.29   80.13
01:49:36 73.95   57.37   74.30   80.04
01:50:46 73.91   57.43   74.19   80.04
01:51:57 73.89   57.40   74.27   79.90
01:53:07 73.87   57.36   74.28   79.85
01:54:17 73.84   57.30   74.32   79.73
01:55:28 73.81   57.25   74.31   79.70
01:56:38 73.84   57.20   74.27   79.77
01:57:49 73.84   57.30   74.26   79.80
01:58:59 73.82   57.32   74.23   79.82
02:00:09 73.85   57.01   74.23   79.81
02:01:20 73.75   56.93   74.18   79.75
02:02:30 73.77   56.99   74.15   79.67
02:03:41 73.75   56.90   74.19   79.59
02:04:51 73.77   57.07   74.15   79.69
02:06:01 73.74   57.20   74.11   79.59
02:07:12 73.76   57.29   74.11   79.47
02:08:22 73.74   57.24   74.05   79.47
02:09:32 73.74   57.25   73.91   79.56
02:10:43 73.81   57.14   74.06   79.54
02:11:53 73.75   57.22   74.06   79.45
02:13:04 73.75   57.24   74.04   79.35
02:14:14 73.83   57.16   74.07   79.36
02:15:24 73.79   57.16   74.06   79.36
02:16:35 73.74   57.18   74.05   79.35
02:17:45 73.74   56.69   74.04   79.35
02:18:55 73.74   56.86   74.08   79.40
02:20:06 73.70   56.90   74.06   79.44
02:21:16 73.65   56.83   73.99   79.47
02:22:27 73.63   57.03   74.00   79.47
02:23:37 73.63   56.83   74.01   79.45
02:24:47 73.63   56.64   74.04   79.51
02:25:58 73.59   56.81   73.96   79.55
02:27:08 73.60   56.73   73.96   79.42
02:28:19 73.53   56.73   73.97   79.31
02:29:29 73.52   56.85   73.95   79.09
02:30:39 73.51   56.63   73.90   79.05
02:31:50 73.51   56.67   73.98   79.14
02:33:00 73.46   56.69   73.93   79.20
02:34:10 73.51   56.65   73.93   79.15
02:35:21 73.48   56.44   73.96   79.25
02:36:31 73.49   56.29   73.92   79.26
02:37:42 73.48   56.40   73.98   79.32
02:38:52 73.43   56.78   73.95   79.36
02:40:02 73.46   56.70   73.87   79.23
02:41:13 73.40   56.40   73.86   79.14
02:42:23 73.40   56.58   73.84   79.20
02:43:34 73.34   56.49   73.83   79.15
02:44:44 73.33   56.23   73.77   79.10
02:45:54 73.37   56.18   73.83   79.13
02:47:05 73.33   56.22   73.81   79.19
02:48:15 73.33   56.48   73.74   79.16
02:49:25 73.29   56.49   73.75   79.08
02:50:36 73.30   56.45   73.71   79.12
02:51:46 73.28   56.58   73.77   79.01
02:52:57 73.28   56.10   73.75   78.83
02:54:07 73.29   56.51   73.68   78.93
02:55:17 73.25   56.37   73.73   79.01
02:56:28 73.29   56.10   73.75   78.92
02:57:38 73.27   56.33   73.68   78.80
02:58:48 73.29   56.16   73.63   78.80
02:59:59 73.27   55.99   73.62   78.87
03:01:09 73.26   56.42   73.65   78.91
03:02:20 73.29   56.34   73.54   78.89
03:03:30 73.28   56.25   73.60   78.65
03:04:40 73.25   56.20   73.60   78.68
03:05:51 73.29   56.12   73.60   78.79
03:07:01 73.32   56.13   73.62   78.86
03:08:11 73.25   56.31   73.65   78.84
03:09:22 73.26   56.23   73.65   78.80
03:10:32 73.23   56.11   73.61   78.80
03:11:43 73.15   56.10   73.57   78.80
03:12:53 73.16   55.90   73.55   78.89
03:14:03 73.16   56.13   73.62   78.91
03:15:14 73.14   55.95   73.54   78.87
03:16:24 73.11   56.15   73.55   78.75
03:17:35 73.09   61.20   73.46   78.74
03:18:45 73.21   65.76   73.54   78.80
03:19:55 73.34   67.25   73.54   78.86
03:21:06 73.45   68.03   73.52   78.87
03:22:16 73.50   68.82   73.62   79.01
03:23:26 73.55   69.32   73.70   79.03
03:24:37 73.68   67.85   73.81   79.07
03:25:47 73.70   59.66   73.75   79.02
03:26:58 73.61   56.56   73.85   78.96
03:28:08 73.51   55.96   73.84   78.94
03:29:18 73.45   55.79   73.75   78.82
03:30:29 73.36   55.77   73.57   78.78
03:31:39 73.34   56.05   73.56   78.80
03:32:50 73.28   56.31   73.71   78.80
03:34:00 73.26   56.54   73.73   78.79
03:35:10 73.20   56.65   73.68   78.77
03:36:21 73.15   56.46   73.64   78.73
03:37:31 73.16   56.53   73.65   78.77
03:38:41 73.17   63.50   73.62   78.87
03:39:52 73.34   66.66   73.63   78.96
03:41:02 73.50   68.74   73.62   78.95
03:42:13 73.49   69.51   73.66   78.90
03:43:23 73.56   69.69   73.74   78.91
03:44:33 73.64   70.44   73.75   78.87
03:45:44 73.74   71.38   73.83   78.86
03:46:54 73.80   72.16   73.88   78.84
03:48:04 73.88   66.58   73.97   78.89
03:49:15 73.87   58.44   74.05   78.94
03:50:25 73.75   56.70   74.08   78.95
03:51:36 73.66   56.24   74.07   79.03
03:52:46 73.55   56.29   73.89   79.03
03:53:56 73.46   56.49   73.85   78.97
03:55:07 73.41   57.05   73.88   78.91
03:56:17 73.37   57.19   73.87   78.89
03:57:28 73.33   63.77   73.94   78.81
03:58:38 73.46   66.86   73.84   78.88
03:59:48 73.59   68.42   73.73   78.91
04:00:59 73.58   68.97   73.73   78.91
04:02:09 73.73   70.24   73.78   78.91
04:03:19 73.77   72.10   73.87   78.91
04:04:30 73.84   73.52   73.96   78.87
04:05:40 73.88   74.44   74.06   78.95
04:06:51 73.99   75.04   74.04   79.06
04:08:01 74.07   75.35   74.09   79.11
04:09:11 74.17   75.62   74.09   79.13
04:10:22 74.20   75.81   74.08   79.08
04:11:32 74.30   75.93   74.12   79.23
04:12:43 74.32   75.13   74.08   79.36
04:13:53 74.33   62.62   74.09   79.36
04:15:03 74.26   57.99   74.08   79.36
04:16:14 74.15   57.17   74.19   79.36
04:17:24 73.96   56.79   74.20   79.35
04:18:34 73.82   56.76   74.18   79.28
04:19:45 73.76   61.06   74.17   79.36
04:20:55 73.81   66.92   74.20   79.46
04:22:06 73.89   68.30   74.18   79.47
04:23:16 73.95   69.99   74.16   79.47
04:24:26 73.99   72.36   74.19   79.54
04:25:37 74.09   74.50   74.20   79.58
04:26:47 74.18   75.48   74.29   79.59
04:27:58 74.25   75.89   74.25   79.55
04:29:08 74.36   76.13   74.35   79.68
04:30:18 74.41   76.22   74.31   79.76
04:31:29 74.48   76.33   74.29   79.82
04:32:39 74.54   76.43   74.33   79.90
04:33:49 74.62   76.55   74.32   79.92
04:35:00 74.64   76.57   74.24   79.96
04:36:10 74.65   76.66   74.26   80.01
04:37:21 74.67   76.68   74.35   80.05
04:38:31 74.72   76.75   74.29   80.14
04:39:41 74.76   76.78   74.27   84.07
04:40:52 74.82   76.87   74.30   101.14
04:42:02 74.83   76.89   74.36   105.69
04:43:12 74.86   76.91   74.32   106.80
04:44:23 74.86   76.96   74.32   107.23
04:45:33 74.92   77.00   74.31   107.66
04:46:44 74.97   77.04   74.32   107.56
04:47:54 75.04   77.11   74.33   108.70
04:49:04 75.08   77.14   74.40   109.66
04:50:15 75.10   77.22   74.38   110.26
04:51:25 75.20   77.23   74.49   110.67
04:52:36 75.20   77.34   74.62   110.41
04:53:46 75.23   77.34   74.58   109.73
04:54:56 75.26   77.38   74.71   108.81
04:56:07 75.33   77.45   74.64   107.91
04:57:17 75.31   77.45   74.68   106.97
04:58:27 75.31   77.49   74.64   106.10
04:59:38 75.32   77.56   74.72   105.15
05:00:48 75.36   77.56   74.81   104.16
05:01:59 75.31   77.57   74.77   103.33
05:03:09 75.32   77.56   74.76   104.20
05:04:19 75.38   77.56   74.86   105.46
05:05:30 75.37   77.58   74.79   104.96
05:06:40 75.42   77.65   74.93   104.24
05:07:50 75.45   77.67   75.01   103.44
05:09:01 75.52   77.67   75.04   102.78
05:10:11 75.54   77.71   74.99   102.12
05:11:22 75.54   77.79   74.97   101.55
05:12:32 75.54   77.79   75.14   100.88
05:13:42 75.54   77.79   75.12   101.04
05:14:53 75.59   77.82   75.19   104.77
05:16:03 75.55   77.88   75.26   104.82
05:17:14 75.62   77.90   75.20   103.91
05:18:24 75.65   77.90   75.22   102.87
05:19:34 75.68   77.94   75.31   102.04
05:20:45 75.73   77.98   75.35   101.32
05:21:55 75.73   78.01   75.27   101.64
05:23:05 75.76   78.01   75.40   105.77
05:24:16 75.76   78.01   75.41   105.58
05:25:26 75.79   78.02   75.51   104.34
05:26:37 75.81   78.08   75.49   103.17
05:27:47 75.86   78.12   75.45   102.27
05:28:57 75.88   78.12   75.44   101.29
05:30:08 75.88   78.13   75.48   100.50
05:31:18 75.93   78.13   75.54   99.87
05:32:29 75.90   78.13   75.59   99.28
05:33:39 75.95   78.14   75.53   98.66
05:34:49 75.99   78.19   75.61   98.11
05:36:00 75.99   78.21   75.74   97.59
05:37:10 75.99   78.23   75.66   97.12
05:38:20 75.99   78.23   75.61   96.47
05:39:31 76.08   78.24   75.63   95.96
05:40:41 76.10   78.30   75.73   97.03
05:41:52 76.13   78.35   75.71   108.26
05:43:02 76.19   78.37   75.77   111.29
05:44:12 76.21   78.43   75.91   111.48
05:45:23 76.21   78.46   75.80   111.21
05:46:33 76.24   78.49   75.89   111.13
05:47:44 76.33   78.58   75.91   111.53
05:48:54 76.33   78.60   75.88   112.07
05:50:04 76.37   78.69   75.91   112.20
05:51:15 76.41   78.74   76.03   111.64
05:52:25 76.44   78.80   76.12   110.91
05:53:35 76.45   78.85   76.04   110.07
05:54:46 76.54   78.92   76.03   109.23
05:55:56 76.54   78.92   76.07   108.45
05:57:07 76.55   78.97   76.13   107.66
05:58:17 76.56   79.03   76.06   106.92
05:59:27 76.61   79.05   76.07   106.14
06:00:38 76.66   79.12   76.11   105.41
06:01:48 76.66   78.09   76.09   104.67
06:02:59 76.66   65.12   76.25   103.85
06:04:09 76.57   60.93   76.12   103.05
06:05:19 76.40   60.23   76.12   102.30
06:06:30 76.23   60.09   76.11   101.63
06:07:40 76.04   59.91   76.11   101.03
06:08:50 75.96   64.09   76.22   100.50
06:10:01 75.99   69.52   76.17   99.95
06:11:11 75.96   71.12   76.09   99.52
06:12:22 76.01   72.39   76.14   99.11
06:13:32 76.03   73.25   76.07   98.70
06:14:42 76.09   74.93   76.05   98.18
06:15:53 76.21   76.92   75.96   97.80
06:17:03 76.28   78.11   76.02   97.47
06:18:13 76.33   78.59   76.06   97.05
06:19:24 76.40   78.78   76.23   96.67
06:20:34 76.52   78.84   76.29   96.38
06:21:45 76.53   78.91   76.20   96.02
06:22:55 76.55   79.00   76.14   95.69
06:24:05 76.59   79.03   76.16   95.37
06:25:16 76.66   79.05   76.26   95.07
06:26:26 76.66   79.13   76.23   94.83
06:27:37 76.76   69.50   76.21   94.43
06:28:47 76.63   61.92   76.21   94.07
06:29:57 76.48   60.89   76.31   93.78
06:31:08 76.33   60.54   76.25   93.50
06:32:18 76.16   60.79   76.20   93.17
06:33:28 76.11   61.23   76.22   92.82
06:34:39 75.98   60.98   76.31   92.42
06:35:49 75.84   63.26   76.25   92.09
06:37:00 75.89   69.24   76.21   91.91
06:38:10 75.90   71.05   76.25   91.76
06:39:20 75.99   72.11   76.23   91.54
06:40:31 75.99   73.15   76.21   91.30
06:41:41 76.03   73.91   76.23   91.07
06:42:51 76.08   74.82   76.25   90.83
06:44:02 76.15   76.08   76.19   90.58
06:45:12 76.25   77.43   76.12   90.34
06:46:23 76.39   72.15   76.23   90.16
06:47:33 76.33   62.76   76.21   89.99
06:48:43 76.22   61.06   76.30   89.77
06:49:54 76.11   60.47   76.17   89.52
06:51:04 75.98   60.24   76.11   89.25
06:52:15 75.91   60.81   76.13   89.00
06:53:25 75.81   61.28   76.22   88.78
06:54:35 75.76   61.18   76.12   88.64
06:55:46 75.70   61.04   76.14   88.55
06:56:56 75.67   65.67   76.17   88.42
06:58:06 75.78   69.66   76.24   88.27
06:59:17 75.84   71.81   76.17   88.20
07:00:27 75.81   72.66   76.11   88.12
07:01:38 75.88   73.10   76.18   87.97
07:02:48 75.91   73.58   76.22   87.74
07:03:58 75.96   74.31   76.15   87.64
07:05:09 76.05   72.17   76.22   87.51
07:06:19 76.03   64.16   76.21   96.39
07:07:30 75.98   61.56   76.07   110.64
07:08:40 75.87   60.65   76.16   112.62
07:09:50 75.83   60.63   76.07   112.75
07:11:01 75.77   60.65   76.13   112.74
07:12:11 75.70   60.94   76.17   113.13
07:13:21 75.67   61.01   76.07   113.44
07:14:32 75.67   60.88   76.13   113.65
07:15:42 75.66   60.73   76.03   113.88
07:16:53 75.64   60.59   76.13   114.04
07:18:03 75.63   60.17   76.11   113.66
07:19:13 75.62   60.43   76.04   112.92
07:20:24 75.64   60.53   76.10   112.09
07:21:34 75.58   60.74   76.08   114.18
07:22:45 75.61   65.45   75.98   115.38
07:23:55 75.72   69.33   75.99   115.00
07:25:05 75.84   71.14   76.00   114.09
07:26:16 75.90   72.15   76.04   113.09
07:27:26 75.98   72.63   76.08   112.11
07:28:36 76.03   71.57   75.99   111.09
07:29:47 76.09   65.51   76.00   110.09
07:30:57 76.00   62.58   76.11   108.93
07:32:08 75.91   63.79   76.20   107.90
07:33:18 75.92   69.72   75.99   107.00
07:34:28 75.99   71.48   76.00   106.23
07:35:39 76.00   73.26   75.79   112.77
07:36:49 76.12   74.08   75.86   115.15
07:38:00 76.18   74.82   76.00   114.19
07:39:10 76.21   75.60   76.06   112.81
07:40:20 76.30   76.43   76.13   111.55
07:41:31 76.35   77.16   76.04   110.35
07:42:41 76.43   77.76   76.20   109.25
07:43:51 76.46   78.19   76.24   108.25
07:45:02 76.51   78.52   76.27   107.32
07:46:12 76.56   75.94   76.36   106.50
07:47:23 76.61   64.98   76.28   105.71
07:48:33 76.48   62.05   76.38   104.93
07:49:43 76.33   61.43   76.22   104.20
07:50:54 76.23   61.05   76.22   103.40
07:52:04 76.12   61.00   76.33   102.67
07:53:14 76.02   61.21   76.31   102.00
07:54:25 75.95   61.33   76.31   101.36
07:55:35 75.88   64.98   76.21   100.75
07:56:46 75.96   69.83   76.25   100.16
07:57:56 75.99   71.49   76.21   99.70
07:59:06 76.06   72.49   76.26   99.26
08:00:17 76.09   72.87   76.34   98.82
08:01:27 76.16   73.26   76.32   98.35
08:02:38 76.17   73.92   76.32   97.90
08:03:48 76.25   75.05   76.33   97.46
08:04:58 76.36   76.56   76.31   96.97
08:06:09 76.44   77.68   76.36   96.57
08:07:19 76.49   77.25   76.44   96.21
08:08:29 76.55   65.65   76.43   95.79
08:09:40 76.49   61.78   76.30   95.44
08:10:50 76.38   61.07   76.33   95.11
08:12:01 76.29   60.91   76.26   94.66
08:13:11 76.15   60.98   76.11   94.26
08:14:21 76.07   61.29   76.18   93.88
08:15:32 76.02   61.34   76.20   93.51
08:16:42 76.01   61.26   75.98   93.10
08:17:53 75.97   65.21   76.17   92.74
08:19:03 76.03   69.91   76.29   92.46
08:20:13 76.18   71.66   76.29   92.23
08:21:24 76.23   72.75   76.33   93.26
08:22:34 76.21   73.06   76.39   94.80
08:23:44 76.30   73.25   76.33   94.83
08:24:55 76.44   73.59   76.31   94.53
08:26:05 76.48   74.48   76.26   94.13
08:27:16 76.54   71.48   76.27   93.79
08:28:26 76.51   62.68   76.45   93.52
08:29:36 76.39   61.17   76.40   93.18
08:30:47 76.33   61.13   76.35   92.86
08:31:57 76.25   61.55   76.40   92.52
08:33:07 76.18   61.71   76.28   92.11
08:34:18 76.04   61.56   76.30   91.75
08:35:28 76.03   61.44   76.26   91.44
08:36:39 75.98   61.26   76.20   91.06
08:37:49 75.93   61.11   76.14   90.71
08:38:59 75.93   65.27   76.14   90.42
08:40:10 76.04   69.82   76.15   90.17
08:41:20 76.10   71.48   76.20   90.00
08:42:31 76.14   72.47   76.25   89.85
08:43:41 76.22   72.88   76.21   89.68
08:44:51 76.29   73.20   76.23   89.59
08:46:02 76.33   73.50   76.19   89.40
08:47:12 76.34   74.15   76.26   89.20
08:48:22 76.42   68.01   76.36   88.93
08:49:33 76.36   62.77   76.42   88.72
08:50:43 76.32   61.90   76.44   88.49
08:51:54 76.18   61.64   76.38   88.33
08:53:04 76.13   61.30   76.23   88.21
08:54:14 76.11   61.51   76.27   88.05
08:55:25 76.08   61.50   76.31   87.83
08:56:35 75.99   61.28   76.27   87.63
08:57:46 75.94   61.44   76.17   87.32
08:58:56 75.94   61.09   76.27   87.16
09:00:06 75.88   61.15   76.22   86.96
09:01:17 75.88   60.83   76.28   86.80
09:02:27 75.87   64.74   76.28   86.63
09:03:37 75.93   69.64   76.21   86.51
09:04:48 76.05   71.31   76.28   86.43
09:05:58 76.08   72.43   76.30   86.45
09:07:09 76.12   72.72   76.23   86.33
09:08:19 76.19   72.98   76.09   86.34
09:09:29 76.25   73.36   76.21   86.19
09:10:40 76.33   67.55   76.31   86.05
09:11:50 76.31   62.93   76.42   85.94
09:13:01 76.24   61.94   76.29   85.76
09:14:11 76.16   61.81   76.33   85.70
09:15:21 76.13   61.82   76.23   85.71
09:16:32 76.10   61.72   76.25   85.62
09:17:42 76.04   61.62   76.21   85.45
09:18:52 75.99   61.25   76.19   85.29
09:20:03 75.95   61.18   76.11   85.27
09:21:13 75.88   60.79   76.10   85.24
09:22:24 75.90   60.85   76.19   85.20
09:23:34 75.89   60.54   76.14   85.09
09:24:44 75.86   60.35   76.13   85.05
09:25:55 75.85   60.35   76.11   84.96
09:27:05 75.84   60.30   76.00   84.84
09:28:15 75.79   63.06   75.95   84.68
09:29:26 75.86   69.14   76.01   84.69
09:30:36 75.96   70.72   76.12   84.75
09:31:47 75.99   72.04   76.12   84.65
09:32:57 76.09   72.55   76.10   84.50
09:34:07 76.19   72.93   76.16   84.44
09:35:18 76.21   69.54   76.13   84.42
09:36:28 76.22   63.90   76.07   84.32
09:37:39 76.19   62.48   76.06   84.18
09:38:49 76.12   62.01   76.05   84.10
09:39:59 76.05   61.78   76.03   84.11
09:41:10 76.03   61.13   76.05   84.05
09:42:20 76.00   61.12   75.99   84.05
09:43:30 75.94   60.68   75.99   84.05
09:44:41 75.95   60.59   76.07   84.01
09:45:51 75.91   60.59   76.04   83.96
09:47:02 75.88   60.06   76.09   83.91
09:48:12 75.88   60.24   76.02   83.76
09:49:22 75.88   59.97   75.91   83.70
09:50:33 75.82   59.71   75.96   83.63
09:51:43 75.83   59.56   75.91   83.63
09:52:54 75.80   59.72   75.83   83.53
09:54:04 75.80   59.60   75.88   83.56
09:55:14 75.77   59.50   75.98   83.43
09:56:25 75.73   59.37   75.88   83.32
09:57:35 75.76   59.36   75.93   83.27
09:58:45 75.74   58.86   75.90   83.20
09:59:56 75.69   59.13   75.85   83.33
10:01:06 75.68   59.27   75.84   83.41
10:02:17 75.75   59.23   75.86   83.41
10:03:27 75.66   59.08   75.87   83.37
10:04:37 75.65   58.99   75.89   83.40
10:05:48 75.69   59.08   75.85   83.28
10:06:58 75.65   58.74   75.75   83.19
10:08:08 75.59   58.74   75.74   83.19
10:09:19 75.62   58.65   75.78   83.08
10:10:29 75.64   63.36   75.79   82.97
10:11:40 75.71   68.33   75.72   82.85
10:12:50 75.77   69.45   75.72   82.84
10:14:00 75.84   70.44   75.72   82.87
10:15:11 75.92   71.02   75.79   82.96
10:16:21 76.00   69.30   75.86   82.90
10:17:32 75.99   63.63   75.85   82.96
10:18:42 75.99   61.80   75.87   82.86
10:19:52 75.98   61.41   75.88   82.86
10:21:03 75.90   61.30   75.93   82.75
10:22:13 75.88   60.58   75.96   82.66
10:23:23 75.88   60.10   75.88   82.52
10:24:34 75.80   59.88   75.66   82.53
10:25:44 75.76   59.02   75.66   82.52
10:26:55 75.76   59.35   75.71   82.48
10:28:05 75.73   59.47   75.67   82.57
10:29:15 75.76   58.92   75.76   82.65
10:30:26 75.75   58.98   75.75   82.63
10:31:36 75.72   58.87   75.72   82.67
10:32:47 75.68   58.95   75.66   82.57
10:33:57 75.68   59.28   75.67   82.51
10:35:07 75.65   58.62   75.68   82.43
10:36:18 75.65   58.30   75.76   82.41
10:37:28 75.59   58.26   75.70   82.29
10:38:38 75.55   58.54   75.58   82.21
10:39:49 75.56   58.46   75.68   82.26
10:40:59 75.54   58.23   75.61   82.29
10:42:10 75.57   58.04   75.66   82.18
10:43:20 75.55   57.62   75.56   82.17
10:44:30 75.57   57.47   75.54   82.17
10:45:41 75.54   57.84   75.57   82.17
10:46:51 75.58   57.53   75.51   82.16
10:48:01 75.57   57.67   75.49   82.13
10:49:12 75.55   57.40   75.49   82.08
10:50:22 75.58   57.57   75.57   82.06
10:51:33 75.54   57.78   75.53   82.05
10:52:43 75.54   57.85   75.41   82.01
10:53:53 75.54   57.61   75.44   81.96
10:55:04 75.55   57.16   75.42   82.00
10:56:14 75.53   57.28   75.42   81.94
10:57:25 75.51   57.39   75.42   81.96
10:58:35 75.51   57.66   75.37   81.95
10:59:45 75.50   57.42   75.41   81.89
11:00:56 75.50   57.20   75.41   88.82
11:02:06 75.53   57.23   75.39   105.59
11:03:16 75.51   57.31   75.42   106.36
11:04:27 75.53   57.73   75.42   104.28
11:05:37 75.50   58.00   75.41   102.23
11:06:48 75.46   57.60   75.35   100.51
11:07:58 75.49   57.62   75.40   98.99
11:09:08 75.45   57.04   75.37   97.59
11:10:19 75.44   57.28   75.39   96.48
11:11:29 75.44   57.07   75.34   95.72
11:12:40 75.44   56.95   75.33   94.82
11:13:50 75.42   56.94   75.34   93.99
11:15:00 75.42   56.77   75.36   93.30
11:16:11 75.42   57.08   75.30   92.76
11:17:21 75.42   56.91   75.28   92.19
11:18:31 75.43   56.78   75.30   91.69
11:19:42 75.42   56.68   75.27   91.33
11:20:52 75.42   56.76   75.30   90.94
11:22:03 75.42   57.16   75.26   90.50
11:23:13 75.43   57.30   75.24   90.20
11:24:23 75.41   57.20   75.17   89.90
11:25:34 75.44   56.97   75.15   89.54
11:26:44 75.42   57.26   75.16   89.27
11:27:54 75.42   57.44   75.18   88.99
11:29:05 75.40   57.37   75.18   88.61
11:30:15 75.41   57.16   75.12   88.32
11:31:26 75.42   57.35   75.17   88.16
11:32:36 75.42   57.34   75.17   87.95
11:33:46 75.39   57.28   75.12   87.73
11:34:57 75.41   57.47   75.09   87.43
11:36:07 75.41   57.48   75.17   87.06
11:37:18 75.38   57.53   75.05   86.82
11:38:28 75.36   57.30   75.06   86.55
11:39:38 75.33   57.45   75.08   86.38
11:40:49 75.35   57.54   75.09   86.21
11:41:59 75.35   57.12   75.09   85.98
11:43:09 75.32   57.37   75.03   85.79
11:44:20 75.32   57.39   75.07   98.50
11:45:30 75.30   57.39   75.10   103.88
11:46:41 75.31   57.77   75.04   103.33
11:47:51 75.31   57.85   74.94   101.82
11:49:01 75.34   57.70   74.81   100.35
11:50:12 75.41   58.00   74.90   99.03
11:51:22 75.39   58.05   74.99   97.72
11:52:33 75.35   57.85   74.85   96.67
11:53:43 75.30   57.88   74.98   95.71
11:54:53 75.31   57.95   74.94   94.89
11:56:04 75.27   57.83   74.99   94.18
11:57:14 75.30   57.57   75.00   93.49
11:58:24 75.30   57.36   75.03   92.86
11:59:35 75.28   57.32   75.03   92.27
12:00:45 75.28   57.87   75.00   91.80
12:01:56 75.27   57.65   75.01   91.37
12:03:06 75.27   57.46   74.99   90.97
12:04:16 75.26   57.85   74.91   90.53
12:05:27 75.26   57.74   74.90   90.09
12:06:37 75.24   57.82   74.91   89.76
12:07:47 75.22   57.79   74.88   89.32
12:08:58 75.19   57.94   74.93   89.03
12:10:08 75.20   57.61   74.94   88.65
12:11:19 75.18   57.31   74.93   88.37
12:12:29 75.19   57.55   74.99   88.13
12:13:39 75.19   57.35   75.05   87.82
12:14:50 75.19   57.44   74.96   87.52
12:16:00 75.19   57.14   74.92   87.33
12:17:11 75.20   56.90   74.87   87.13
12:18:21 75.18   57.20   74.91   87.00
12:19:31 75.20   56.99   74.93   86.65
12:20:42 75.19   57.02   74.85   86.34
12:21:52 75.18   56.81   74.78   86.07
12:23:02 75.19   56.94   74.75   85.82
12:24:13 75.18   57.01   74.76   85.60
12:25:23 75.18   57.07   74.76   85.50
12:26:34 75.12   56.89   74.75   85.30
12:27:44 75.14   56.92   74.76   85.20
12:28:54 75.16   56.88   74.65   85.04
12:30:05 75.21   56.80   74.67   84.92
12:31:15 75.21   56.81   74.63   84.72
12:32:25 75.13   56.98   74.74   84.56
12:33:36 75.18   56.85   74.73   84.41
12:34:46 75.10   56.58   74.67   84.28
12:35:57 75.14   56.78   74.60   84.10
12:37:07 75.17   56.99   74.68   83.93
12:38:17 75.16   57.20   74.65   83.63
12:39:28 75.19   56.73   74.65   83.53
12:40:38 75.17   56.71   74.62   83.49
12:41:49 75.10   56.83   74.60   83.49
12:42:59 75.09   56.64   74.65   83.38
12:44:09 75.07   56.56   74.67   83.27
12:45:20 75.08   56.52   74.73   83.14
12:46:30 75.08   56.85   74.68   83.04
12:47:40 75.08   56.90   74.64   82.95
12:48:51 75.07   56.77   74.64   82.77
12:50:01 75.07   57.01   74.54   82.72
12:51:12 75.05   56.73   74.63   82.64
12:52:22 75.02   56.53   74.62   82.50
12:53:32 75.00   57.36   74.64   82.40
12:54:43 75.04   57.06   74.69   82.40
12:55:53 75.00   57.12   74.65   82.30
12:57:03 75.04   57.21   74.61   82.28
12:58:14 75.08   57.41   74.42   82.24
12:59:24 75.05   57.50   74.41   82.19
13:00:35 75.05   57.49   74.51   82.03
13:01:45 75.03   57.60   74.62   81.95
13:02:55 74.99   57.61   74.64   81.97
13:04:06 74.99   57.65   74.61   81.89
13:05:16 74.97   57.63   74.60   81.68
13:06:27 74.99   57.46   74.67   81.64
13:07:37 74.97   57.22   74.63   81.67
13:08:47 74.97   56.65   74.62   81.52
13:09:58 74.96   56.29   74.62   81.39
13:11:08 74.95   56.72   74.46   81.36
13:12:18 74.96   56.67   74.44   81.28
13:13:29 74.95   56.75   74.58   81.28
13:14:39 74.97   56.95   74.46   81.21
13:15:50 74.94   57.02   74.52   81.21
13:17:00 74.97   64.77   74.51   81.20
13:18:10 75.12   67.44   74.45   81.20
13:19:21 75.17   68.22   74.53   81.15
13:20:31 75.24   68.96   74.59   81.12
13:21:41 75.31   69.81   74.53   81.16
13:22:52 75.37   70.64   74.60   81.28
13:24:02 75.49   71.41   74.56   81.37
13:25:13 75.58   72.85   74.67   81.28
13:26:23 75.75   74.28   74.81   81.27
13:27:33 75.85   75.57   74.71   81.25
13:28:44 75.92   76.44   74.78   81.30
13:29:54 75.99   76.99   74.75   81.36
13:31:05 76.09   77.42   74.81   81.38
13:32:15 76.16   77.63   74.91   81.39
13:33:25 76.21   77.79   74.89   81.39
13:34:36 76.26   77.96   74.92   81.39
13:35:46 76.31   78.05   75.08   81.39
13:36:56 76.38   78.15   74.88   81.39
13:38:07 76.44   78.27   74.87   81.42
13:39:17 76.48   78.36   74.97   81.50
13:40:28 76.50   78.42   75.03   81.51
13:41:38 76.55   78.52   75.25   81.57
13:42:48 76.56   78.58   75.20   81.62
13:43:59 76.63   78.68   74.99   81.59
13:45:09 76.66   78.73   75.09   81.69
13:46:20 76.66   78.77   75.20   81.91
13:47:30 76.67   78.83   75.33   81.95
13:48:40 76.70   78.91   75.33   81.92
13:49:51 76.78   78.94   75.37   81.87
13:51:01 76.78   79.00   75.35   81.98
13:52:11 76.84   74.20   75.28   81.98
13:53:22 76.80   61.97   75.18   81.95
13:54:32 76.62   59.71   75.27   81.95
13:55:43 76.47   59.44   75.41   81.91
13:56:53 76.28   59.42   75.48   81.90
13:58:03 76.17   62.41   75.50   81.81
13:59:14 76.10   69.00   75.55   81.74
14:00:24 76.11   70.41   75.32   81.72
14:01:34 76.16   71.65   75.36   81.80
14:02:45 76.18   73.57   75.43   81.83
14:03:55 76.29   76.08   75.55   81.83
14:05:06 76.41   77.75   75.55   81.84
14:06:16 76.52   78.45   75.58   81.84
14:07:26 76.63   78.78   75.56   81.80
14:08:37 76.71   78.90   75.51   81.76
14:09:47 76.79   79.01   75.62   81.83
14:10:58 76.88   79.10   75.64   81.89
14:12:08 76.92   79.14   75.57   82.02
14:13:18 76.97   79.24   75.62   82.06
14:14:29 77.01   79.28   75.58   82.06
14:15:39 77.08   79.36   75.68   82.09
14:16:49 77.11   79.43   75.62   82.12
14:18:00 77.19   79.47   75.71   82.14
14:19:10 77.22   79.51   75.78   82.20
14:20:21 77.25   79.59   75.70   82.12
14:21:31 77.25   79.59   75.66   82.15
14:22:41 77.31   79.66   75.89   82.19
14:23:52 77.33   79.69   75.87   82.29
14:25:02 77.35   79.71   75.86   82.34
14:26:12 77.38   79.77   76.05   82.40
14:27:23 77.42   79.81   75.91   82.40
14:28:33 77.45   79.81   75.86   82.44
14:29:44 77.45   79.86   75.93   82.52
14:30:54 77.46   79.92   75.87   82.56
14:32:04 77.46   76.46   76.00   82.57
14:33:15 77.44   63.40   76.01   82.53
14:34:25 77.29   60.56   75.98   82.54
14:35:36 77.12   60.05   76.12   82.51
14:36:46 76.95   60.02   76.04   82.51
14:37:56 76.83   60.34   76.07   82.48
14:39:07 76.71   60.91   75.96   82.35
14:40:17 76.62   61.60   76.00   82.29
14:41:27 76.49   61.33   75.99   82.21
14:42:38 76.40   61.23   76.09   82.20
14:43:48 76.35   61.24   76.02   82.23
14:44:59 76.30   61.20   76.00   82.15
14:46:09 76.27   61.11   76.03   82.06
14:47:19 76.31   65.95   75.99   82.06
14:48:30 76.39   69.67   75.99   82.12
14:49:40 76.39   71.60   76.04   82.10
14:50:51 76.45   72.44   75.93   82.11
14:52:01 76.56   72.97   75.99   82.06
14:53:11 76.59   73.45   76.03   82.10
14:54:22 76.63   73.96   76.09   82.20
14:55:32 76.70   74.69   75.83   82.29
14:56:42 76.78   69.69   75.79   82.29
14:57:53 76.70   62.94   75.90   82.25
14:59:03 76.63   61.27   76.12   82.17
15:00:14 76.53   60.70   76.02   82.16
15:01:24 76.42   60.30   75.90   82.00
15:02:34 76.34   60.40   75.91   81.96
15:03:45 76.27   60.97   76.00   81.99
15:04:55 76.20   60.67   75.91   82.02
15:06:05 76.13   60.71   75.89   82.01
15:07:16 76.10   60.75   75.94   81.96
15:08:26 76.09   60.98   75.88   82.01
15:09:37 76.04   61.22   75.84   81.87
15:10:47 76.09   67.90   75.80   81.71
15:11:57 76.19   70.16   75.81   81.68
15:13:08 76.24   71.88   75.79   81.83
15:14:18 76.31   72.32   75.88   81.80
15:15:29 76.40   72.66   75.86   81.84
15:16:41 76.43   73.21   75.89   81.87
15:17:51 76.44   69.10   75.95   81.94
15:19:01 76.44   62.72   76.01   81.87
15:20:12 76.38   60.36   75.94   85.12
15:21:22 76.25   60.58   75.89   101.71
15:22:32 76.23   60.67   75.90   103.44
15:23:43 76.17   60.54   75.85   101.70
15:24:53 76.12   60.59   75.80   99.90
15:26:04 76.08   60.74   75.82   98.24
15:27:14 76.01   60.72   75.87   96.81
15:28:24 76.01   60.52   75.95   95.70
15:29:35 75.99   60.58   76.02   94.70
15:30:45 75.97   60.74   76.14   93.88
15:31:56 75.97   60.65   76.09   93.06
15:33:06 75.97   60.65   76.00   92.34
15:34:16 75.98   60.43   75.93   91.85
15:35:27 75.98   60.29   75.98   91.37
15:36:37 75.93   60.50   76.09   90.91
15:37:47 75.91   60.50   76.03   90.42
15:38:58 75.88   60.45   76.01   90.05
15:40:08 75.87   60.43   76.08   89.66
15:41:19 75.88   60.36   76.14   89.30
15:42:29 75.87   60.23   76.09   88.94
15:43:39 75.79   60.28   76.04   88.58
15:44:50 75.82   60.07   76.01   88.27
15:46:00 75.81   60.01   75.93   88.03
15:47:11 75.80   60.07   76.04   87.73
15:48:21 75.79   60.24   76.20   87.57
15:49:31 75.77   60.11   76.20   87.31
15:50:42 75.81   60.17   76.18   87.06
15:51:52 75.76   60.15   76.07   86.80
15:53:02 75.72   60.25   76.23   86.61
15:54:13 75.76   60.14   76.12   86.38
15:55:23 75.76   60.19   76.11   86.16
15:56:34 75.76   60.17   76.13   85.93
15:57:44 75.75   60.09   76.11   85.68
15:58:54 75.74   60.19   76.31   85.42
16:00:05 75.75   59.85   76.24   85.26
16:01:15 75.74   59.94   76.25   85.14
16:02:25 75.69   59.97   76.26   85.05
16:03:36 75.66   59.89   76.17   84.95
16:04:46 75.68   59.89   76.30   84.71
16:05:57 75.68   60.04   76.24   84.65
16:07:07 75.71   60.00   76.35   84.54
16:08:17 75.72   59.98   76.43   84.40
16:09:28 75.68   59.89   76.39   84.21
16:10:38 75.68   59.98   76.21   84.07
16:11:49 75.68   60.04   76.31   83.90
16:12:59 75.71   60.04   76.50   83.68
16:14:09 75.67   60.04   76.23   83.60
16:15:20 75.64   59.94   76.33   83.45
16:16:30 75.65   60.06   76.46   83.30
16:17:40 75.59   59.92   76.33   83.30
16:18:51 75.64   59.85   76.37   83.22
16:20:01 75.62   59.85   76.52   83.03
16:21:12 75.61   60.06   76.39   82.88
16:22:22 75.62   59.74   76.31   82.79
16:23:32 75.57   59.78   76.33   82.60
16:24:43 75.60   59.84   76.47   82.51
16:25:53 75.54   59.68   76.56   82.51
16:27:04 75.56   59.74   76.47   82.52
16:28:14 75.54   59.87   76.51   91.53
16:29:24 75.56   59.79   76.50   104.20
16:30:35 75.53   59.67   76.42   104.36
16:31:45 75.48   59.69   76.39   102.50
16:32:55 75.48   59.69   76.39   100.59
16:34:06 75.51   59.58   76.33   98.89
16:35:16 75.46   59.60   76.29   97.43
16:36:27 75.45   59.64   76.31   96.39
16:37:37 75.44   59.55   76.30   95.34
16:38:47 75.40   59.51   76.26   94.53
16:39:58 75.42   59.43   76.26   93.75
16:41:08 75.38   59.38   76.31   93.04
16:42:18 75.34   59.34   76.30   92.38
16:43:29 75.41   59.41   76.24   91.97
16:44:39 75.45   59.46   76.33   91.42
16:45:50 75.42   59.44   76.25   90.92
16:47:00 75.42   59.29   76.17   90.51
16:48:10 75.41   59.26   76.07   90.03
16:49:21 75.37   58.98   76.13   89.70
16:50:31 75.33   59.03   76.16   89.37
16:51:42 75.30   59.17   76.07   89.01
16:52:52 75.29   58.97   76.16   89.25
16:54:02 75.24   58.93   76.07   100.73
16:55:13 75.23   59.01   76.07   106.73
16:56:23 75.31   58.95   76.10   106.20
16:57:33 75.35   59.04   76.12   104.44
16:58:44 75.35   59.03   76.07   102.74
16:59:54 75.40   59.13   76.09   101.13
17:01:05 75.37   59.25   76.09   99.80
17:02:15 75.30   59.32   76.09   98.64
17:03:25 75.28   59.07   76.06   97.44
17:04:36 75.27   58.72   75.92   96.64
17:05:46 75.29   58.83   76.01   95.82
17:06:57 75.30   58.92   76.02   95.03
17:08:07 75.20   58.95   75.94   94.25
17:09:17 75.17   58.94   75.77   93.59
17:10:28 75.13   58.71   75.77   93.00
17:11:38 75.10   58.62   75.86   92.49
17:12:48 75.09   58.64   75.88   91.98
17:13:59 75.03   58.65   75.82   91.48
17:15:09 74.99   58.66   75.81   90.96
17:16:20 75.02   58.25   75.87   90.47
17:17:30 75.04   58.17   75.90   90.06
17:18:40 74.99   58.25   75.73   89.68
17:19:51 74.97   58.25   75.82   90.06
17:21:01 74.91   58.29   75.94   102.28
17:22:11 74.90   58.08   75.84   105.53
17:23:22 74.89   58.31   75.87   104.39
17:24:32 74.94   58.25   75.90   102.58
17:25:43 74.92   58.36   75.58   100.94
17:26:53 74.96   58.42   75.70   99.51
17:28:03 74.99   58.35   75.65   98.21
17:29:14 74.99   57.99   75.70   97.68
17:30:24 74.94   58.25   75.60   102.99
17:31:35 74.91   58.24   75.71   103.51
17:32:45 74.94   58.31   75.72   102.09
17:33:55 74.86   58.33   75.57   104.46
17:35:06 74.90   58.72   75.59   107.64
17:36:16 74.97   58.70   75.60   107.71
17:37:26 75.00   58.48   75.58   106.72
17:38:37 75.04   58.83   75.63   107.31
17:39:47 75.09   58.72   75.64   106.45
17:40:58 75.03   58.80   75.54   104.98
17:42:08 75.00   58.73   75.50   103.47
17:43:18 74.98   58.76   75.55   102.10
17:44:29 74.99   58.81   75.73   100.86
17:45:39 74.98   58.79   75.59   99.70
17:46:50 74.99   58.66   75.49   98.76
17:48:00 75.03   58.53   75.44   98.05
17:49:10 75.05   58.83   75.54   104.57
17:50:21 74.99   58.84   75.58   106.28
17:51:31 75.04   59.06   75.58   105.21
17:52:41 75.10   59.06   75.42   103.69
17:53:52 75.09   59.19   75.58   102.18
17:55:02 75.12   59.29   75.55   100.80
17:56:13 75.09   59.34   75.62   99.71
17:57:23 75.18   59.50   75.50   98.68
17:58:33 75.27   59.46   75.53   97.58
17:59:44 75.20   59.52   75.54   96.74
18:00:54 75.18   59.43   75.50   95.98
18:02:05 75.14   59.60   75.53   95.28
18:03:15 75.11   59.58   75.49   94.54
18:04:25 75.10   59.56   75.46   93.83
18:05:36 75.11   59.44   75.55   93.19
18:06:46 75.09   59.29   75.45   92.56
18:07:56 75.11   59.37   75.52   92.07
18:09:07 75.16   59.38   75.54   91.66
18:10:17 75.20   59.32   75.54   95.70
18:11:28 75.20   59.44   75.54   105.09
18:12:38 75.19   59.29   75.51   107.24
18:13:48 75.17   59.13   75.53   107.20
18:14:59 75.10   59.19   75.50   106.06
18:16:09 75.09   59.20   75.61   104.44
18:17:19 75.17   59.20   75.58   102.90
18:18:30 75.18   59.06   75.53   101.60
18:19:40 75.20   59.25   75.59   100.30
18:20:51 75.19   59.34   75.54   99.19
18:22:01 75.20   59.11   75.45   98.18
18:23:11 75.20   59.32   75.52   97.30
18:24:22 75.23   59.39   75.44   96.51
18:25:32 75.30   59.42   75.53   95.73
18:26:43 75.36   59.38   75.55   95.05
18:27:53 75.34   59.48   75.55   94.30
18:29:03 75.32   59.57   75.49   93.72
18:30:14 75.28   59.56   75.43   93.14
18:31:24 75.26   59.45   75.54   92.55
18:32:34 75.24   59.47   75.48   92.04
18:33:45 75.21   59.53   75.44   91.54
18:34:55 75.21   59.47   75.39   91.10
18:36:06 75.20   59.35   75.36   90.69
18:37:16 75.18   59.38   75.42   90.20
18:38:26 75.17   59.36   75.48   89.76
18:39:37 75.16   59.36   75.54   89.46
18:40:47 75.13   59.29   75.50   89.13
18:41:58 75.12   59.37   75.49   88.77
18:43:08 75.15   59.39   75.50   88.39
18:44:18 75.10   59.12   75.51   88.08
18:45:29 75.09   59.04   75.44   87.79
18:46:39 75.09   59.08   75.41   87.37
18:47:49 75.08   59.11   75.39   87.16
18:49:00 75.03   59.01   75.40   86.99
18:50:10 75.08   58.98   75.31   86.75
18:51:21 75.05   59.04   75.35   86.52
18:52:31 75.05   58.90   75.34   86.24
18:53:41 75.04   58.91   75.32   86.09
18:54:52 75.08   58.91   75.35   96.55
18:56:02 75.04   58.84   75.30   104.69
18:57:13 75.02   58.97   75.28   105.43
18:58:23 75.09   59.02   75.25   104.76
18:59:33 75.00   58.77   75.31   103.76
19:00:44 74.99   58.75   75.19   102.77
19:01:54 74.97   58.82   75.01   101.77
19:03:04 75.01   58.77   74.97   100.79
19:04:15 74.98   58.84   75.24   99.95
19:05:25 74.92   58.75   75.18   99.15
19:06:36 74.92   58.76   75.12   98.29
19:07:46 74.92   58.79   75.20   97.53
19:08:56 75.03   58.74   75.30   96.84
19:10:07 75.00   58.74   75.41   96.19
19:11:17 75.01   58.83   75.14   95.57
19:12:27 74.89   58.82   75.04   94.89
19:13:38 74.94   58.85   75.05   94.33
19:14:48 74.93   58.90   75.14   93.84
19:15:59 75.03   58.97   75.27   93.36
19:17:09 75.08   59.02   75.24   92.83
19:18:19 75.09   59.10   75.25   92.36
19:19:30 75.09   59.08   75.27   91.92
19:20:40 75.06   59.08   75.27   91.51
19:21:51 75.00   59.02   75.21   91.10
19:23:01 75.00   58.83   75.28   90.72
19:24:11 74.96   58.99   75.35   90.30
19:25:22 74.92   59.03   75.37   89.89
19:26:32 74.96   58.99   75.38   89.55
19:27:42 74.97   58.89   75.26   89.27
19:28:53 74.96   58.75   75.26   88.92
19:30:03 74.95   58.89   75.22   88.55
19:31:14 74.95   58.74   75.39   88.25
19:32:24 74.88   58.73   75.26   87.93
19:33:34 74.86   58.72   75.42   87.61
19:34:45 74.88   58.67   75.45   87.37
19:35:55 74.87   58.71   75.51   87.10
19:37:05 74.86   58.71   75.52   86.81
19:38:16 74.87   58.68   75.49   86.52
19:39:26 74.87   58.63   75.49   86.26
19:40:37 74.88   58.63   75.58   86.60
19:41:47 75.03   58.76   75.63   88.99
19:42:57 75.01   58.80   75.46   91.69
19:44:08 74.97   58.67   75.43   91.96
19:45:18 74.97   58.56   75.51   91.30
19:46:29 74.95   58.62   75.59   90.66
19:47:39 74.86   58.58   75.51   90.16
19:48:49 74.84   58.55   75.46   89.53
19:50:00 74.85   58.59   75.43   89.09
19:51:10 74.85   58.55   75.44   88.69
19:52:20 74.80   58.45   75.53   88.37
19:53:31 74.92   58.46   75.57   88.12
19:54:41 74.87   58.57   75.65   87.69
19:55:52 74.87   58.36   75.75   87.28
19:57:02 74.86   58.47   75.60   86.93
19:58:12 74.90   58.49   75.36   86.67
19:59:23 74.90   58.47   75.49   86.47
20:00:33 74.80   58.30   75.33   86.26
20:01:43 74.77   58.29   75.49   86.03
20:02:54 74.77   58.35   75.42   85.77
20:04:04 74.77   58.40   75.20   85.44
20:05:15 74.82   58.38   75.27   85.19
20:06:25 74.83   58.29   75.16   84.94
20:07:35 74.76   58.18   75.33   84.76
20:08:46 74.73   57.99   75.05   84.59
20:09:56 74.72   58.13   75.10   84.40
20:11:06 74.68   58.23   74.88   84.21
20:12:17 74.67   58.22   74.94   83.97
20:13:27 74.67   58.20   74.79   83.80
20:14:38 74.63   58.15   74.90   83.68
20:15:48 74.63   58.17   74.59   83.60
20:16:58 74.62   58.26   74.82   83.45
20:18:09 74.62   58.15   74.87   83.37
20:19:19 74.68   58.24   74.88   83.18
20:20:30 74.63   58.14   75.04   82.96
20:21:40 74.64   58.08   75.05   82.78
20:22:50 74.64   57.95   75.05   82.65
20:24:01 74.61   57.99   74.97   82.45
20:25:11 74.54   57.88   74.85   82.33
20:26:21 74.53   57.93   74.71   82.24
20:27:32 74.53   58.01   74.69   82.23
20:28:42 74.47   57.84   74.91   82.14
20:29:53 74.43   57.82   74.85   82.05
20:31:03 74.47   58.03   74.86   81.94
20:32:13 74.41   57.77   74.88   81.88
20:33:24 74.41   57.59   74.85   81.75
20:34:34 74.41   57.85   74.85   81.73
20:35:45 74.39   57.85   74.83   81.63
20:36:55 74.41   57.71   74.81   81.45
20:38:05 74.40   57.68   74.72   81.28
20:39:16 74.34   57.71   74.76   81.16
20:40:26 74.33   57.84   74.75   81.03
20:41:36 74.31   57.54   74.67   80.98
20:42:47 74.29   57.70   74.69   81.07
20:43:57 74.30   57.68   74.74   81.05
20:45:08 74.27   57.53   74.74   81.04
20:46:18 74.24   57.71   74.69   80.93
20:47:28 74.20   57.53   74.66   80.84
20:48:39 74.20   57.30   74.59   80.75
20:49:49 74.19   57.39   74.57   80.71
20:50:59 74.19   57.40   74.60   80.62
20:52:10 74.19   57.44   74.53   80.50
20:53:20 74.19   57.38   74.49   80.49
20:54:31 74.16   57.52   74.58   80.49
20:55:41 74.18   57.50   74.58   80.42
20:56:51 74.14   57.39   74.53   80.29
20:58:02 74.13   57.10   74.41   80.15
20:59:12 74.13   57.26   74.39   80.20
21:00:23 74.12   57.38   74.42   80.10
21:01:33 74.10   57.17   74.46   79.99
21:02:43 74.07   57.48   74.41   79.92
21:03:54 74.08   57.16   74.43   79.91
21:05:04 74.08   57.25   74.42   79.95
21:06:14 74.08   57.00   74.41   80.05
21:07:25 74.08   57.21   74.36   80.02
21:08:35 74.04   57.18   74.38   79.92
21:09:46 74.05   57.01   74.36   79.84
21:10:56 74.06   57.20   74.34   79.74
21:12:06 74.07   57.33   74.33   79.63
21:13:17 74.06   57.13   74.42   79.59
21:14:27 74.06   57.12   74.37   79.58
21:15:38 74.07   57.19   74.38   79.60
21:16:48 74.02   57.13   74.29   79.56
21:17:58 73.97   57.00   74.23   79.60
21:19:09 74.04   57.23   74.31   79.58
21:20:19 74.04   57.30   74.36   79.59
21:21:29 73.99   57.29   74.37   79.63
21:22:40 74.01   57.10   74.33   86.35
21:23:50 73.99   56.90   74.25   98.89
21:25:01 74.01   56.98   74.29   100.78
21:26:11 74.09   57.37   74.32   100.63
21:27:21 74.02   57.27   74.33   99.96
21:28:32 73.98   57.41   74.30   99.13
21:29:42 73.96   57.01   74.29   98.23
21:30:52 73.95   56.96   74.14   97.32
21:32:03 73.91   57.05   74.15   96.42
21:33:13 73.87   56.98   74.08   95.56
21:34:24 73.86   56.70   74.04   94.75
21:35:34 73.83   56.86   74.07   93.97
21:36:44 73.86   56.88   74.08   93.28
21:37:55 73.85   56.99   74.06   92.66
21:39:05 73.84   56.95   74.04   92.01
21:40:16 73.84   56.97   74.09   91.43
21:41:26 73.85   57.05   74.06   90.88
21:42:36 73.81   56.83   73.99   90.42
21:43:47 73.83   56.43   74.06   89.98
21:44:57 73.76   56.96   74.01   89.48
21:46:07 73.75   56.77   73.99   89.06
21:47:18 73.75   56.78   74.08   88.63
21:48:28 73.76   56.57   73.99   88.31
21:49:39 73.74   56.41   73.97   87.95
21:50:49 73.74   56.43   73.96   87.54
21:51:59 73.73   56.61   73.87   87.17
21:53:10 73.73   56.22   73.92   86.82
21:54:20 73.72   56.35   73.96   86.45
21:55:31 73.69   56.61   73.87   86.20
21:56:41 73.64   56.58   73.92   85.85
21:57:51 73.63   56.58   73.89   85.59
21:59:02 73.70   56.45   73.90   85.30
22:00:12 73.67   56.58   73.92   84.97
22:01:22 73.64   56.50   73.83   87.48
22:02:33 73.61   56.65   73.84   100.28
22:03:43 73.60   56.60   73.85   103.78
22:04:54 73.52   56.54   73.82   103.88
22:06:04 73.57   56.36   73.77   103.04
22:07:14 73.51   56.60   73.85   101.89
22:08:25 73.51   56.26   73.82   100.83
22:09:35 73.48   56.66   73.70   99.84
22:10:45 73.49   56.72   73.66   98.93
22:11:56 73.47   56.64   73.69   98.03
22:13:06 73.49   56.24   73.64   97.22
22:14:17 73.45   56.28   73.59   96.45
22:15:27 73.41   56.50   73.63   95.69
22:16:37 73.41   56.42   73.66   94.98
22:17:48 73.42   56.40   73.74   94.42
22:18:58 73.40   56.27   73.78   93.81
22:20:09 73.39   56.43   73.76   93.21
22:21:19 73.40   56.45   73.71   92.69
22:22:29 73.36   56.32   73.65   92.11
22:23:40 73.32   56.22   73.72   91.57
22:24:50 73.32   56.06   73.68   91.12
22:26:00 73.30   56.12   73.61   90.67
22:27:11 73.31   56.04   73.66   90.27
22:28:21 73.31   56.15   73.67   90.80
22:29:32 73.31   55.95   73.60   91.59
22:30:42 73.29   56.23   73.56   91.29
22:31:52 73.29   55.94   73.56   90.83
22:33:03 73.28   56.04   73.63   90.46
22:34:13 73.27   56.35   73.56   90.09
22:35:24 73.22   56.29   73.56   89.71
22:36:34 73.22   56.01   73.48   89.39
22:37:44 73.22   55.83   73.47   88.92
22:38:55 73.21   55.87   73.50   88.54
22:40:05 73.21   56.21   73.53   88.14
22:41:15 73.18   55.84   73.52   87.81
22:42:26 73.17   55.66   73.49   87.56
22:43:36 73.16   55.97   73.54   87.22
22:44:47 73.12   55.91   73.51   86.89
22:45:57 73.16   55.77   73.41   86.48
22:47:07 73.16   55.63   73.41   86.22
22:48:18 73.14   55.73   73.49   85.76
22:49:28 73.11   55.67   73.52   85.44
22:50:39 73.10   55.75   73.51   85.14
22:51:49 73.07   55.81   73.45   84.93
22:52:59 73.07   55.79   73.43   84.63
22:54:10 73.06   55.80   73.45   84.46
22:55:20 73.07   55.93   73.50   84.20
22:56:30 73.05   55.96   73.42   84.06
22:57:41 73.03   55.79   73.37   83.93
22:58:51 72.99   55.59   73.38   83.68
23:00:02 73.06   55.63   73.35   83.40
23:01:12 72.98   55.55   73.23   83.13
23:02:22 72.95   55.86   73.25   82.97
23:03:33 72.96   55.69   73.26   82.80
23:04:43 72.96   55.65   73.29   82.63
23:05:53 72.92   55.43   73.26   82.45
23:07:04 72.90   55.42   73.23   82.32
23:08:14 72.89   55.60   73.24   82.11
23:09:25 72.87   55.79   73.23   81.94
23:10:35 72.85   55.75   73.17   81.83
23:11:45 72.91   55.50   73.13   81.72
23:12:56 72.84   55.36   73.17   81.61
23:14:06 72.84   55.54   73.13   86.24
23:15:17 72.83   55.64   73.18   100.14
23:16:27 72.83   55.59   73.05   102.50
23:17:37 72.74   55.28   73.06   101.96
23:18:48 72.74   55.19   73.06   101.00
23:19:58 72.72   55.30   73.05   99.83
23:21:08 72.70   55.27   73.06   98.75
23:22:19 72.72   55.51   73.05   97.80
23:23:29 72.69   55.28   73.04   96.93
23:24:40 72.70   55.14   73.04   96.08
23:25:50 72.63   55.12   73.10   95.28
23:27:00 72.63   55.05   72.91   94.51
23:28:11 72.61   55.04   73.01   93.81
23:29:21 72.62   54.99   73.03   93.14
23:30:31 72.58   55.06   72.99   92.44
23:31:42 72.57   55.24   72.98   91.92
23:32:52 72.56   55.16   72.97   91.41
23:34:03 72.57   55.12   72.92   90.89
23:35:13 72.51   54.76   72.88   90.44
23:36:23 72.50   54.68   72.91   89.98
23:37:34 72.49   54.88   72.89   89.54
23:38:44 72.48   54.78   72.87   89.10
23:39:55 72.51   54.54   72.82   88.72
23:41:05 72.49   54.57   72.89   88.35
23:42:15 72.49   54.55   72.86   88.04
23:43:26 72.50   54.66   72.74   87.65
23:44:36 72.44   54.60   72.80   87.25
23:45:46 72.40   54.66   72.84   86.85
23:46:57 72.39   54.65   72.91   86.42
23:48:07 72.39   54.69   72.91   86.10
23:49:18 72.38   54.71   72.82   85.79
23:50:28 72.41   54.50   72.78   85.54
23:51:38 72.35   54.42   72.74   85.30
23:52:49 72.31   54.63   72.68   84.93
23:53:59 72.30   55.99   72.69   84.70
23:55:10 72.42   63.70   72.69   84.45
23:56:20 72.53   65.50   72.73   84.28
23:57:30 72.63   66.93   72.75   84.03
23:58:41 72.71   67.68   72.79   83.83
23:59:51 72.79   68.34   72.89   83.64
