00:00:01 72.31   52.67   72.87   78.50
00:01:11 72.27   52.64   72.84   78.46
00:02:21 72.28   52.59   72.71   78.45
00:03:32 72.21   52.70   72.83   78.37
00:04:42 72.22   52.31   72.76   78.33
00:05:53 72.18   52.58   72.72   78.34
00:07:03 72.17   52.60   72.69   78.32
00:08:13 72.16   52.54   72.73   78.24
00:09:24 72.11   52.46   72.78   78.16
00:10:34 72.09   52.64   72.80   78.11
00:11:44 72.08   52.63   72.71   78.01
00:12:55 72.08   52.43   72.66   78.01
00:14:05 72.07   52.37   72.58   78.08
00:15:16 72.07   52.45   72.61   78.06
00:16:26 72.04   52.43   72.62   77.98
00:17:36 72.00   52.57   72.65   77.90
00:18:47 72.02   52.51   72.58   77.91
00:19:57 72.01   52.44   72.62   77.96
00:21:08 71.96   52.28   72.65   77.92
00:22:18 71.94   52.34   72.63   77.80
00:23:28 71.96   52.54   72.61   77.86
00:24:39 71.99   52.35   72.58   77.88
00:25:49 71.94   52.42   72.60   77.79
00:26:59 71.92   52.32   72.65   77.69
00:28:10 71.93   52.31   72.52   77.65
00:29:20 71.93   52.40   72.54   77.61
00:30:31 71.92   52.23   72.54   77.59
00:31:41 71.91   52.31   72.45   77.62
00:32:51 71.92   52.23   72.46   77.64
00:34:02 71.88   52.06   72.48   77.52
00:35:12 71.86   52.28   72.39   77.47
00:36:23 71.82   52.13   72.49   77.50
00:37:33 71.82   52.45   72.51   77.54
00:38:43 71.81   52.13   72.44   77.47
00:39:54 71.83   58.20   72.39   77.41
00:41:04 72.00   63.65   72.36   77.36
00:42:14 72.14   64.68   72.42   77.34
00:43:25 72.13   65.67   72.28   77.38
00:44:35 72.29   66.38   72.31   77.44
00:45:46 72.36   67.24   72.42   77.39
00:46:56 72.44   61.74   72.47   77.45
00:48:06 72.37   56.51   72.47   77.55
00:49:17 72.26   55.25   72.56   77.50
00:50:27 72.18   54.63   72.51   77.46
00:51:37 72.15   53.98   72.40   77.57
00:52:48 72.13   53.81   72.45   77.58
00:53:58 72.04   53.29   72.52   77.51
00:55:09 72.00   53.29   72.55   77.48
00:56:19 71.93   52.92   72.50   77.54
00:57:29 71.85   52.65   72.57   77.48
00:58:40 71.84   52.51   72.53   77.47
00:59:50 71.80   58.02   72.48   77.44
01:01:01 71.97   63.99   72.48   77.46
01:02:11 72.16   65.51   72.43   77.45
01:03:21 72.21   66.73   72.42   77.40
01:04:32 72.29   67.69   72.42   77.45
01:05:42 72.42   68.83   72.53   77.45
01:06:52 72.44   69.94   72.62   77.45
01:08:03 72.51   71.25   72.69   77.54
01:09:13 72.68   72.45   72.74   77.56
01:10:24 72.81   66.78   72.67   77.64
01:11:34 72.79   57.43   72.77   77.69
01:12:44 72.65   55.46   72.72   77.69
01:13:55 72.50   55.11   72.84   77.79
01:15:05 72.39   54.36   72.84   77.74
01:16:16 72.29   53.98   72.80   77.70
01:17:26 72.25   53.53   72.74   77.67
01:18:36 72.15   57.00   72.86   77.67
01:19:47 72.26   64.44   72.79   77.67
01:20:57 72.39   66.22   72.69   77.68
01:22:07 72.38   68.11   72.65   77.69
01:23:18 72.48   70.10   72.65   77.79
01:24:28 72.58   72.43   72.78   77.78
01:25:39 72.68   73.57   72.83   77.77
01:26:49 72.78   74.12   72.81   77.79
01:27:59 72.89   74.42   72.87   77.91
01:29:10 72.97   74.68   72.97   78.01
01:30:20 73.06   74.88   72.98   78.01
01:31:30 73.15   75.00   72.98   78.01
01:32:41 73.22   75.10   73.06   78.01
01:33:51 73.27   75.21   73.15   78.02
01:35:02 73.29   75.19   73.02   78.08
01:36:12 73.34   75.22   73.07   78.13
01:37:22 73.40   67.33   73.12   78.15
01:38:33 73.32   57.82   73.10   78.18
01:39:43 73.18   55.91   73.08   78.14
01:40:54 72.96   55.48   73.14   78.23
01:42:04 72.81   55.51   73.15   78.15
01:43:14 72.69   62.04   73.16   78.13
01:44:25 72.80   66.13   72.99   78.03
01:45:35 72.85   68.47   73.19   78.01
01:46:45 72.93   71.63   73.13   78.02
01:47:56 72.95   73.83   73.13   78.09
01:49:06 73.05   74.67   73.28   78.20
01:50:17 73.15   74.98   73.27   78.33
01:51:27 73.24   75.16   73.24   78.45
01:52:37 73.32   75.30   73.21   78.49
01:53:48 73.40   75.40   73.33   78.61
01:54:58 73.43   75.47   73.30   78.61
01:56:09 73.51   75.54   73.34   78.63
01:57:19 73.57   75.59   73.43   78.63
01:58:29 73.61   75.66   73.25   78.67
01:59:40 73.64   75.75   73.30   78.69
02:00:50 73.68   75.77   73.28   78.61
02:02:00 73.74   75.84   73.17   78.66
02:03:11 73.78   75.88   73.16   78.72
02:04:21 73.82   75.90   73.24   78.79
02:05:32 73.75   75.98   73.23   78.81
02:06:42 73.81   75.99   73.20   78.82
02:07:52 73.87   76.00   73.47   78.94
02:09:03 73.91   76.04   73.58   78.96
02:10:13 73.96   76.09   73.47   78.82
02:11:23 73.93   76.10   73.40   78.97
02:12:34 73.96   76.11   73.43   79.03
02:13:44 73.94   76.11   73.51   79.13
02:14:55 73.96   76.18   73.45   79.21
02:16:05 73.96   76.20   73.60   79.25
02:17:15 73.96   76.21   73.58   79.27
02:18:26 73.97   76.21   73.55   79.24
02:19:36 74.01   76.21   73.56   79.19
02:20:47 73.97   76.22   73.58   79.23
02:21:57 74.05   76.22   73.60   79.26
02:23:07 74.06   76.28   73.87   79.41
02:24:18 74.07   76.32   73.70   79.42
02:25:28 74.08   76.33   73.69   79.36
02:26:38 74.08   76.33   73.85   79.36
02:27:49 74.08   76.33   73.86   79.42
02:28:59 74.10   76.34   73.92   79.53
02:30:10 74.15   76.36   73.86   79.58
02:31:20 74.16   76.40   73.77   79.57
02:32:30 74.16   76.42   73.87   79.59
02:33:41 74.18   76.44   73.99   79.60
02:34:51 74.19   76.44   73.94   79.66
02:36:02 74.20   76.44   74.01   79.70
02:37:12 74.23   76.44   74.10   79.68
02:38:22 74.30   76.44   74.06   79.70
02:39:33 74.30   76.44   74.13   79.81
02:40:43 74.29   76.46   74.06   79.87
02:41:53 74.31   76.49   74.11   79.91
02:43:04 74.31   76.53   74.08   80.04
02:44:14 74.32   76.54   74.08   80.04
02:45:25 74.36   76.55   74.16   80.12
02:46:35 74.31   76.55   74.15   80.07
02:47:45 74.36   76.57   74.15   80.16
02:48:56 74.40   76.61   74.21   80.16
02:50:06 74.41   76.65   74.19   80.12
02:51:16 74.41   76.65   74.14   80.22
02:52:27 74.45   76.66   74.11   80.33
02:53:37 74.44   76.66   74.18   80.32
02:54:48 74.51   76.72   74.14   80.29
02:55:58 74.50   76.77   74.23   80.38
02:57:08 74.51   76.78   74.37   80.32
02:58:19 74.53   76.78   74.28   80.22
02:59:29 74.53   76.78   74.36   80.21
03:00:40 74.58   76.80   74.41   80.26
03:01:50 74.58   76.83   74.42   80.34
03:03:00 74.62   76.87   74.50   80.31
03:04:11 74.64   76.89   74.38   80.38
03:05:21 74.65   76.89   74.42   80.38
03:06:31 74.64   76.92   74.49   80.45
03:07:42 74.66   76.98   74.54   80.54
03:08:52 74.69   77.00   74.56   80.57
03:10:03 74.75   77.00   74.46   80.49
03:11:13 74.68   77.02   74.49   80.50
03:12:23 74.73   77.01   74.62   80.65
03:13:34 74.67   77.08   74.62   80.72
03:14:44 74.73   77.11   74.65   80.74
03:15:54 74.71   77.11   74.67   80.71
03:17:05 74.75   77.11   74.61   80.71
03:18:15 74.75   77.11   74.60   80.71
03:19:26 74.75   77.11   74.56   80.71
03:20:36 74.74   77.11   74.71   80.80
03:21:46 74.76   77.15   74.62   80.74
03:22:57 74.77   77.14   74.66   80.76
03:24:07 74.75   77.13   74.67   80.72
03:25:18 74.79   77.21   74.67   80.77
03:26:28 74.77   77.22   74.65   80.71
03:27:38 74.78   77.22   74.72   80.71
03:28:49 74.80   77.22   74.75   80.67
03:29:59 74.81   77.24   74.81   80.75
03:31:09 74.83   77.32   74.76   80.83
03:32:20 74.85   77.34   74.69   80.86
03:33:30 74.82   77.35   74.76   80.92
03:34:41 74.81   77.37   74.77   80.94
03:35:51 74.86   77.33   74.81   80.94
03:37:01 74.86   77.33   74.86   80.94
03:38:12 74.87   77.34   74.90   80.94
03:39:22 74.90   77.34   74.89   80.90
03:40:32 74.92   77.34   74.96   80.88
03:41:43 74.95   77.35   74.88   80.88
03:42:53 74.95   77.39   74.87   80.92
03:44:04 74.96   77.43   74.96   80.93
03:45:14 74.97   77.45   74.99   81.00
03:46:24 74.98   77.46   75.00   81.05
03:47:35 74.99   77.52   75.00   81.05
03:48:45 74.97   77.56   75.07   81.05
03:49:56 74.97   77.57   75.07   81.05
03:51:06 74.98   77.61   75.13   81.05
03:52:16 74.97   77.66   75.04   81.06
03:53:27 74.97   77.67   75.01   81.05
03:54:37 75.00   77.67   75.09   81.06
03:55:47 75.04   77.67   75.12   81.16
03:56:58 75.00   77.69   75.04   81.19
03:58:08 74.98   77.67   75.11   81.31
03:59:19 75.00   77.73   75.19   81.37
04:00:29 75.01   77.68   75.27   81.29
04:01:39 75.08   77.73   75.12   81.20
04:02:50 75.07   77.76   75.21   81.08
04:04:00 75.09   77.75   75.21   81.06
04:05:10 75.08   77.79   75.24   81.09
04:06:21 75.09   77.76   75.22   81.19
04:07:31 75.07   77.75   75.28   81.20
04:08:42 75.09   77.73   75.18   81.17
04:09:52 75.09   77.71   75.21   81.16
04:11:02 75.10   77.76   75.21   81.26
04:12:13 75.09   77.73   75.32   81.36
04:13:23 75.12   77.78   75.32   81.28
04:14:34 75.17   77.79   75.37   81.35
04:15:44 75.17   77.80   75.34   81.49
04:16:54 75.15   77.85   75.41   81.56
04:18:05 75.18   77.87   75.51   81.61
04:19:15 75.19   77.89   75.58   81.61
04:20:25 75.20   77.89   75.48   81.66
04:21:36 75.20   77.91   75.53   81.68
04:22:46 75.19   77.90   75.48   81.65
04:23:57 75.22   67.63   75.54   81.72
04:25:07 75.12   61.55   75.57   81.69
04:26:17 74.96   60.00   75.72   81.53
04:27:28 74.72   59.75   75.79   81.36
04:28:38 74.54   59.30   75.70   81.37
04:29:49 74.44   63.90   75.53   81.39
04:30:59 74.49   68.05   75.49   81.39
04:32:09 74.52   70.41   75.26   81.34
04:33:20 74.56   72.49   75.38   81.37
04:34:30 74.59   74.38   75.45   81.30
04:35:40 74.63   76.06   75.33   81.34
04:36:51 74.67   76.90   75.49   81.39
04:38:01 74.74   77.24   75.40   81.39
04:39:12 74.75   77.38   75.47   81.45
04:40:22 74.85   77.45   75.55   81.49
04:41:32 74.95   77.51   75.44   81.48
04:42:43 74.96   77.56   75.35   81.50
04:43:53 74.97   77.57   75.37   81.49
04:45:04 75.06   77.64   75.52   81.40
04:46:14 75.08   77.67   75.46   81.35
04:47:24 75.09   77.67   75.54   81.38
04:48:35 75.11   77.76   75.49   81.39
04:49:45 75.15   77.79   75.52   81.39
04:50:55 75.19   77.79   75.59   81.43
04:52:06 75.21   77.79   75.64   81.49
04:53:16 75.19   77.82   75.67   81.43
04:54:27 75.21   73.83   75.67   81.51
04:55:37 75.19   62.18   75.68   81.60
04:56:47 75.01   59.96   75.75   81.52
04:57:58 74.85   59.37   75.85   81.40
04:59:08 74.60   59.10   75.84   81.39
05:00:18 74.46   58.94   75.77   81.38
05:01:29 74.34   60.76   75.60   81.27
05:02:39 74.35   67.22   75.55   81.20
05:03:50 74.42   69.20   75.47   81.18
05:05:00 74.43   71.02   75.46   81.27
05:06:10 74.50   72.53   75.57   81.28
05:07:21 74.59   74.45   75.46   81.28
05:08:31 74.62   76.12   75.46   81.33
05:09:42 74.72   76.91   75.34   81.33
05:10:52 74.78   77.24   75.44   81.28
05:12:02 74.83   77.39   75.44   81.28
05:13:13 74.84   77.46   75.57   81.28
05:14:23 74.94   77.56   75.57   81.29
05:15:33 74.97   77.59   75.55   81.38
05:16:44 75.03   77.67   75.66   81.39
05:17:54 75.08   77.68   75.57   81.38
05:19:05 75.09   76.93   75.62   81.43
05:20:15 75.09   64.67   75.64   85.95
05:21:25 74.95   60.25   75.70   100.24
05:22:36 74.78   59.43   75.70   103.61
05:23:46 74.64   59.04   75.72   104.39
05:24:57 74.47   58.93   75.67   104.86
05:26:07 74.36   58.90   75.66   105.42
05:27:17 74.33   60.25   75.64   105.48
05:28:28 74.34   66.86   75.60   106.08
05:29:38 74.44   68.91   75.58   107.33
05:30:48 74.52   70.72   75.50   108.09
05:31:59 74.60   71.83   75.46   108.46
05:33:09 74.72   73.32   75.53   108.63
05:34:20 74.81   75.19   75.42   108.26
05:35:30 74.86   76.61   75.46   107.55
05:36:40 74.94   77.33   75.53   106.81
05:37:51 75.04   77.64   75.59   109.14
05:39:01 75.10   77.76   75.62   110.90
05:40:11 75.21   76.27   75.51   110.64
05:41:22 75.27   64.23   75.58   110.18
05:42:32 75.17   60.85   75.68   111.24
05:43:43 75.02   60.09   75.71   110.97
05:44:53 74.85   60.01   75.65   110.27
05:46:03 74.65   59.52   75.66   110.91
05:47:14 74.56   59.32   75.61   110.35
05:48:24 74.46   59.23   75.54   109.70
05:49:35 74.36   59.22   75.50   111.00
05:50:45 74.27   59.01   75.51   110.91
05:51:55 74.22   60.78   75.47   110.20
05:53:06 74.32   67.15   75.41   109.11
05:54:16 74.40   69.42   75.40   108.02
05:55:27 74.44   70.99   75.43   107.84
05:56:37 74.55   71.46   75.34   109.16
05:57:47 74.69   71.76   75.34   108.46
05:58:58 74.68   72.61   75.31   107.40
06:00:08 74.67   67.10   75.35   106.29
06:01:18 74.62   61.27   75.35   105.21
06:02:29 74.54   59.53   75.18   104.21
06:03:39 74.40   59.28   75.10   103.19
06:04:50 74.31   59.26   75.13   102.32
06:06:00 74.20   59.20   75.21   101.51
06:07:10 74.17   59.07   75.32   100.72
06:08:21 74.15   58.93   75.34   99.97
06:09:31 74.12   58.61   75.27   99.25
06:10:41 74.04   58.48   75.12   98.62
06:11:52 73.97   58.21   75.09   97.99
06:13:02 73.88   58.26   75.11   97.29
06:14:13 73.88   65.03   75.19   96.76
06:15:23 74.03   67.59   75.20   96.25
06:16:33 74.13   69.42   75.13   95.75
06:17:44 74.19   69.55   75.13   95.25
06:18:54 74.26   70.10   75.21   94.84
06:20:05 74.30   67.59   75.20   94.45
06:21:15 74.36   61.48   75.18   94.05
06:22:25 74.23   59.23   75.04   93.60
06:23:36 74.07   59.02   74.89   93.17
06:24:46 74.04   58.94   74.77   92.79
06:25:56 73.97   58.66   74.95   92.36
06:27:07 73.89   58.50   74.97   91.98
06:28:17 73.77   58.50   75.08   91.52
06:29:28 73.78   58.17   75.09   91.10
06:30:38 73.73   57.77   75.05   90.78
06:31:48 73.65   58.38   75.07   90.52
06:32:59 73.62   58.08   75.08   90.19
06:34:09 73.56   57.95   74.97   89.80
06:35:20 73.52   57.90   74.96   89.54
06:36:30 73.55   57.94   74.96   91.72
06:37:40 73.52   57.82   74.91   104.32
06:38:51 73.50   57.77   74.89   107.61
06:40:01 73.46   57.68   74.84   108.74
06:41:11 73.39   57.72   74.87   108.42
06:42:22 73.40   57.93   74.87   107.25
06:43:32 73.35   57.57   74.84   105.77
06:44:43 73.32   57.54   74.76   104.23
06:45:53 73.36   57.42   74.83   102.88
06:47:03 73.31   57.27   74.77   101.78
06:48:14 73.29   57.23   74.77   100.75
06:49:24 73.31   57.28   74.73   99.73
06:50:34 73.27   57.26   74.64   98.77
06:51:45 73.24   57.35   74.63   97.93
06:52:55 73.19   57.05   74.56   97.08
06:54:06 73.25   57.04   74.60   96.28
06:55:16 73.24   56.79   74.55   95.62
06:56:26 73.21   56.82   74.50   94.99
06:57:37 73.17   56.83   74.53   94.39
06:58:47 73.15   56.79   74.46   97.08
06:59:58 73.13   56.45   74.45   105.80
07:01:08 73.13   56.43   74.50   107.77
07:02:18 73.16   56.78   74.46   108.73
07:03:29 73.14   56.57   74.38   109.45
07:04:39 73.17   56.33   74.42   109.72
07:05:49 73.12   56.63   74.42   109.94
07:07:00 73.20   56.53   74.43   110.14
07:08:10 73.16   56.47   74.38   110.28
07:09:21 73.19   56.60   74.27   110.13
07:10:31 73.16   56.47   74.30   109.57
07:11:41 73.17   56.66   74.35   110.10
07:12:52 73.17   56.85   74.32   110.43
07:14:02 73.12   56.64   74.26   111.37
07:15:13 73.17   56.63   74.25   112.15
07:16:23 73.17   56.65   74.14   111.72
07:17:33 73.15   56.58   74.15   110.91
07:18:44 73.23   56.48   74.16   109.95
07:19:54 73.30   56.92   74.23   109.68
07:21:04 73.30   56.99   74.26   111.06
07:22:15 73.29   56.80   74.31   110.43
07:23:25 73.29   57.12   74.25   109.47
07:24:36 73.28   56.86   74.20   108.35
07:25:46 73.23   56.85   74.10   107.36
07:26:56 73.20   56.60   74.12   106.34
07:28:07 73.17   56.81   73.99   105.44
07:29:17 73.19   57.01   74.10   104.61
07:30:28 73.12   56.70   74.18   103.78
07:31:38 73.14   56.33   74.05   103.04
07:32:48 73.11   56.40   74.07   102.26
07:33:59 73.23   56.73   74.09   101.48
07:35:09 73.19   56.23   74.06   100.79
07:36:19 73.16   56.32   74.04   100.18
07:37:30 73.12   56.72   74.09   99.53
07:38:40 73.10   56.32   74.01   98.89
07:39:51 73.07   56.02   73.96   98.30
07:41:01 73.07   56.11   73.93   97.71
07:42:11 73.05   56.11   73.92   97.15
07:43:22 72.97   56.10   74.00   96.55
07:44:32 73.02   56.27   74.01   96.05
07:45:42 72.98   56.19   73.88   95.64
07:46:53 72.94   56.17   73.92   95.17
07:48:03 72.93   56.09   73.98   94.75
07:49:14 72.86   55.86   74.01   94.23
07:50:24 72.85   55.55   73.93   93.78
07:51:34 72.91   55.83   73.87   93.27
07:52:45 72.94   55.91   73.92   92.83
07:53:55 72.87   55.86   73.85   92.40
07:55:06 72.91   55.54   73.82   92.06
07:56:16 72.89   55.09   73.84   91.64
07:57:26 72.88   55.25   73.87   91.26
07:58:37 72.85   54.93   73.86   90.89
07:59:47 72.85   54.89   73.79   90.49
08:00:57 72.80   55.18   73.71   90.21
08:02:08 72.81   55.02   73.74   89.88
08:03:18 72.85   54.71   73.68   91.56
08:04:29 72.80   54.73   73.69   92.15
08:05:39 72.76   54.61   73.70   92.04
08:06:49 72.72   54.03   73.49   91.69
08:08:00 72.72   54.07   73.54   91.19
08:09:10 72.72   54.17   73.55   90.78
08:10:20 72.67   54.20   73.59   90.35
08:11:31 72.61   53.44   73.62   89.98
08:12:41 72.67   53.54   73.64   89.67
08:13:52 72.61   53.73   73.55   89.47
08:15:02 72.68   53.45   73.46   89.10
08:16:12 72.76   53.65   73.34   88.84
08:17:23 72.70   53.18   73.40   88.54
08:18:33 72.64   53.45   73.54   88.21
08:19:44 72.61   53.31   73.55   87.90
08:20:54 72.53   52.92   73.53   87.61
08:22:04 72.51   52.84   73.55   87.33
08:23:15 72.49   52.69   73.45   87.09
08:24:25 72.49   52.44   73.54   86.76
08:25:35 72.44   52.66   73.50   86.57
08:26:46 72.43   52.41   73.41   86.40
08:27:56 72.44   52.32   73.43   86.17
08:29:07 72.46   52.45   73.37   85.94
08:30:17 72.40   52.22   73.39   85.58
08:31:27 72.38   52.60   73.43   85.35
08:32:38 72.35   52.36   73.43   85.13
08:33:48 72.30   52.18   73.41   84.99
08:34:59 72.29   52.19   73.42   84.82
08:36:09 72.29   51.97   73.36   84.58
08:37:19 72.31   52.01   73.39   84.38
08:38:30 72.25   51.89   73.34   84.20
08:39:40 72.29   51.90   73.38   84.09
08:40:50 72.22   51.92   73.36   83.99
08:42:01 72.20   52.05   73.31   83.86
08:43:11 72.20   51.95   73.22   83.72
08:44:22 72.24   51.88   73.27   83.43
08:45:32 72.25   52.00   73.30   83.30
08:46:42 72.19   51.86   73.34   83.19
08:47:53 72.16   51.87   73.25   83.02
08:49:03 72.21   51.88   73.26   82.79
08:50:13 72.21   51.73   73.29   82.69
08:51:24 72.16   51.74   73.28   82.62
08:52:34 72.14   51.76   73.28   82.48
08:53:45 72.16   51.73   73.22   82.41
08:54:55 72.15   51.69   73.21   82.29
08:56:05 72.09   51.75   73.12   82.17
08:57:16 72.07   51.69   73.11   82.06
08:58:26 72.04   51.67   73.13   81.96
08:59:37 72.06   51.73   73.09   81.87
09:00:47 72.06   51.74   73.03   81.78
09:01:57 72.03   51.80   73.02   81.72
09:03:08 72.08   60.60   73.05   81.71
09:04:18 72.22   63.69   73.07   81.74
09:05:28 72.35   64.34   73.04   81.61
09:06:39 72.38   64.98   73.08   81.52
09:07:49 72.49   65.74   73.03   81.50
09:09:00 72.56   66.95   73.00   81.51
09:10:10 72.70   68.36   73.03   81.47
09:11:20 72.79   69.91   73.23   81.50
09:12:31 72.88   71.30   73.28   81.43
09:13:41 72.98   72.38   73.24   81.48
09:14:52 73.07   73.22   73.38   81.50
09:16:02 73.14   73.79   73.35   81.48
09:17:12 73.25   74.23   73.26   81.45
09:18:23 73.33   74.56   73.48   81.42
09:19:33 73.40   74.78   73.39   81.39
09:20:43 73.46   74.99   73.42   81.39
09:21:54 73.53   75.13   73.43   81.31
09:23:04 73.61   75.22   73.43   81.29
09:24:15 73.71   75.32   73.35   81.39
09:25:25 73.74   75.42   73.41   81.47
09:26:35 73.74   75.51   73.66   81.44
09:27:46 73.78   75.59   73.59   81.38
09:28:56 73.84   75.68   73.51   81.28
09:30:06 73.85   75.75   73.60   81.21
09:31:17 73.91   75.80   73.61   81.24
09:32:27 73.92   75.85   73.53   81.27
09:33:38 73.96   75.91   73.54   81.28
09:34:48 73.97   75.98   73.53   81.40
09:35:58 74.00   76.05   73.61   81.35
09:37:09 74.02   76.11   73.90   81.28
09:38:19 74.09   76.15   73.82   81.33
09:39:30 74.08   76.21   73.95   81.33
09:40:40 74.09   76.22   73.98   81.43
09:41:50 74.15   76.28   73.89   81.48
09:43:01 74.18   76.33   73.84   81.41
09:44:11 74.19   76.32   73.83   81.39
09:45:21 74.19   76.33   73.95   81.42
09:46:32 74.19   76.33   73.95   81.38
09:47:42 74.19   76.33   74.10   81.45
09:48:53 74.25   76.33   74.10   81.52
09:50:03 74.26   76.38   74.19   81.46
09:51:13 74.30   76.44   74.13   81.39
09:52:24 74.32   76.44   74.22   81.44
09:53:34 74.32   76.44   74.14   81.51
09:54:45 74.31   76.47   74.23   81.54
09:55:55 74.33   76.54   74.36   81.52
09:57:05 74.41   76.55   74.38   81.47
09:58:16 74.41   76.57   74.27   81.50
09:59:26 74.42   76.59   74.37   81.56
10:00:36 74.45   76.66   74.36   81.57
10:01:47 74.51   76.66   74.29   81.69
10:02:57 74.53   76.66   74.20   81.61
10:04:08 74.53   76.67   74.22   81.62
10:05:18 74.53   76.72   74.37   81.65
10:06:28 74.59   76.77   74.39   81.72
10:07:39 74.64   76.78   74.34   81.66
10:08:49 74.64   76.78   74.40   81.62
10:09:59 74.64   76.83   74.39   81.64
10:11:10 74.65   76.87   74.41   81.69
10:12:20 74.71   76.89   74.46   81.72
10:13:31 74.75   76.89   74.53   81.72
10:14:41 74.75   76.91   74.58   81.78
10:15:51 74.76   76.99   74.66   81.93
10:17:02 74.79   77.00   74.64   81.94
10:18:12 74.81   77.03   74.64   81.85
10:19:23 74.83   77.07   74.69   81.87
10:20:33 74.87   77.11   74.65   81.84
10:21:43 74.86   77.11   74.58   81.81
10:22:54 74.88   77.12   74.72   81.76
10:24:04 74.97   77.17   74.81   81.84
10:25:14 74.97   77.21   74.79   81.88
10:26:25 74.97   77.22   74.91   82.00
10:27:35 74.97   77.22   74.95   81.97
10:28:46 74.97   77.24   74.81   82.01
10:29:56 75.00   77.29   75.03   82.05
10:31:06 75.08   77.33   74.98   82.14
10:32:17 75.03   77.33   74.99   82.06
10:33:27 75.07   77.34   75.00   82.07
10:34:37 75.08   77.34   74.94   81.98
10:35:48 75.08   77.35   75.13   82.01
10:36:58 75.09   77.41   75.06   82.12
10:38:09 75.09   77.44   75.07   82.19
10:39:19 75.12   77.45   75.22   82.29
10:40:29 75.09   77.43   75.22   82.40
10:41:40 75.09   77.39   75.27   82.39
10:42:50 75.16   77.46   75.17   82.39
10:44:01 75.16   77.50   75.17   82.35
10:45:11 75.20   77.55   75.23   82.28
10:46:21 75.20   77.53   75.35   82.28
10:47:32 75.21   77.54   75.36   82.32
10:48:42 75.21   77.56   75.40   82.35
10:49:52 75.21   77.56   75.41   82.29
10:51:03 75.30   77.56   75.33   82.32
10:52:13 75.31   77.58   75.33   82.58
10:53:24 75.31   77.62   75.26   82.56
10:54:34 75.31   77.67   75.31   82.61
10:55:44 75.31   77.66   75.40   82.63
10:56:55 75.31   77.67   75.41   82.62
10:58:05 75.31   77.67   75.50   82.55
10:59:16 75.36   77.67   75.49   82.57
11:00:26 75.40   77.69   75.57   82.63
11:01:36 75.42   77.78   75.65   82.63
11:02:47 75.42   77.79   75.62   82.63
11:03:57 75.43   77.88   75.65   82.65
11:05:07 75.45   77.90   75.69   82.79
11:06:18 75.53   77.91   75.58   82.74
11:07:28 75.50   77.93   75.58   82.74
11:08:39 75.53   77.92   75.64   82.82
11:09:49 75.54   78.00   75.69   82.79
11:10:59 75.54   78.00   75.72   82.82
11:12:10 75.59   78.01   75.64   82.83
11:13:20 75.62   78.01   75.67   82.85
11:14:31 75.64   78.02   75.75   82.85
11:15:41 75.64   78.10   75.72   82.85
11:16:51 75.65   78.10   75.79   82.86
11:18:02 75.67   78.11   75.77   82.84
11:19:12 75.67   78.12   75.82   82.80
11:20:22 75.67   78.11   75.78   82.78
11:21:33 75.67   78.13   75.81   82.85
11:22:43 75.69   78.13   75.85   82.86
11:23:54 75.69   78.15   75.95   82.92
11:25:04 75.73   78.23   75.91   82.96
11:26:14 75.76   78.24   75.86   83.01
11:27:25 75.76   78.15   75.89   83.08
11:28:35 75.76   78.13   75.93   83.08
11:29:45 75.77   78.19   76.04   83.08
11:30:56 75.77   78.22   76.07   83.13
11:32:06 75.80   78.23   76.16   83.09
11:33:17 75.81   78.24   76.08   83.17
11:34:27 75.87   78.29   76.15   83.10
11:35:37 75.86   78.34   76.13   83.17
11:36:48 75.88   78.35   76.12   83.19
11:37:58 75.88   78.35   76.14   83.19
11:39:09 75.88   78.41   76.10   83.19
11:40:19 75.91   78.46   76.25   83.21
11:41:29 75.93   78.54   76.22   83.20
11:42:40 75.94   78.58   76.32   83.20
11:43:50 75.93   78.58   76.25   83.24
11:45:00 75.99   78.61   76.27   83.26
11:46:11 75.99   78.67   76.22   83.23
11:47:21 76.00   78.68   76.35   83.23
11:48:32 76.05   78.69   76.34   83.23
11:49:42 76.09   78.70   76.39   83.29
11:50:52 76.10   78.73   76.44   83.29
11:52:03 76.10   78.80   76.40   83.38
11:53:13 76.13   78.80   76.43   83.49
11:54:24 76.21   78.80   76.38   83.41
11:55:34 76.21   78.84   76.42   83.40
11:56:44 76.21   78.86   76.50   83.31
11:57:55 76.21   78.89   76.58   83.27
11:59:05 76.23   78.91   76.63   83.31
12:00:15 76.23   78.91   76.59   83.38
12:01:26 76.27   78.91   76.57   83.36
12:02:36 76.30   78.93   76.58   83.31
12:03:47 76.30   78.95   76.54   83.40
12:04:57 76.32   79.00   76.60   83.31
12:06:07 76.32   79.02   76.56   83.27
12:07:18 76.33   79.03   76.63   83.28
12:08:28 76.34   79.03   76.65   83.33
12:09:38 76.36   79.03   76.70   83.37
12:10:49 76.38   79.03   76.75   83.31
12:11:59 76.38   79.05   76.69   83.34
12:13:10 76.41   79.04   76.66   83.45
12:14:20 76.44   79.06   76.78   83.52
12:15:30 76.44   79.13   76.83   83.54
12:16:41 76.44   79.14   76.74   83.68
12:17:51 76.44   79.14   76.66   83.65
12:19:02 76.44   79.14   76.75   83.64
12:20:12 76.44   79.14   76.82   83.64
12:21:22 76.44   79.14   76.83   83.64
12:22:33 76.46   79.15   76.82   83.64
12:23:43 76.54   79.15   76.81   83.64
12:24:53 76.54   79.23   76.83   83.55
12:26:04 76.55   79.25   76.88   83.64
12:27:14 76.55   79.25   76.89   83.76
12:28:25 76.54   79.25   76.99   83.85
12:29:35 76.55   79.25   76.93   83.92
12:30:45 76.56   79.27   76.94   83.98
12:31:56 76.63   79.29   76.93   84.07
12:33:06 76.66   79.35   76.99   83.98
12:34:16 76.66   79.36   77.09   84.04
12:35:27 76.66   79.36   77.15   84.03
12:36:37 76.66   79.36   77.10   83.97
12:37:48 76.70   79.37   77.06   83.97
12:38:58 76.71   79.38   77.18   83.90
12:40:08 76.77   79.41   77.08   83.91
12:41:19 76.77   79.46   77.18   83.96
12:42:29 76.78   79.47   77.11   83.99
12:43:40 76.78   79.47   77.25   84.06
12:44:50 76.79   79.48   77.29   84.01
12:46:00 76.82   79.53   77.30   84.04
12:47:11 76.88   79.58   77.42   84.09
12:48:21 76.87   79.59   77.46   84.09
12:49:31 76.89   79.59   77.34   84.14
12:50:42 76.89   79.59   77.34   84.13
12:51:52 76.89   79.59   77.35   84.19
12:53:03 76.89   79.59   77.37   84.22
12:54:13 76.89   79.66   77.40   84.23
12:55:23 76.90   79.67   77.46   84.17
12:56:34 76.96   79.69   77.44   84.15
12:57:44 76.96   79.70   77.43   84.19
12:58:55 76.97   79.70   77.43   84.09
13:00:05 76.99   79.71   77.56   84.09
13:01:15 76.99   79.71   77.57   84.09
13:02:26 77.00   79.74   77.56   84.07
13:03:36 77.01   79.76   77.55   84.05
13:04:46 77.04   79.79   77.61   84.09
13:05:57 77.05   79.81   77.58   84.09
13:07:07 77.03   79.81   77.56   84.19
13:08:18 77.09   79.81   77.52   84.20
13:09:28 77.11   79.81   77.63   84.20
13:10:38 77.11   79.82   77.69   84.24
13:11:49 77.11   79.84   77.68   84.28
13:12:59 77.11   79.88   77.73   84.25
13:14:09 77.11   79.89   77.65   84.28
13:15:20 77.11   79.92   77.69   84.20
13:16:30 77.12   79.90   77.69   84.24
13:17:41 77.20   79.92   77.65   84.22
13:18:51 77.21   79.93   77.67   84.20
13:20:01 77.22   79.92   77.73   84.21
13:21:12 77.22   78.22   77.71   84.29
13:22:22 77.22   66.62   77.68   84.36
13:23:33 77.11   63.46   77.68   84.23
13:24:43 76.91   62.42   77.66   84.10
13:25:53 76.74   61.91   77.60   84.09
13:27:04 76.55   61.69   77.50   84.04
13:28:14 76.46   67.56   77.25   84.08
13:29:24 76.45   70.66   77.47   84.09
13:30:35 76.44   72.80   77.53   84.07
13:31:45 76.54   74.43   77.53   84.03
13:32:56 76.62   76.12   77.56   84.09
13:34:06 76.70   77.79   77.56   84.19
13:35:16 76.84   78.91   77.46   84.13
13:36:27 76.88   79.40   77.47   84.08
13:37:37 76.89   79.57   77.38   84.09
13:38:48 76.96   79.66   77.46   84.00
13:39:58 77.00   79.72   77.30   83.97
13:41:08 77.10   79.80   77.34   84.08
13:42:19 77.10   79.81   77.52   84.18
13:43:29 77.13   79.84   77.60   84.12
13:44:39 77.15   79.92   77.59   84.16
13:45:50 77.22   79.92   77.64   84.09
13:47:00 77.22   79.94   77.61   84.23
13:48:11 77.22   80.01   77.61   84.26
13:49:21 77.23   76.97   77.64   84.21
13:50:31 77.24   65.10   77.84   84.19
13:51:42 77.11   62.58   77.80   84.14
13:52:52 76.92   62.09   77.60   84.03
13:54:03 76.77   61.77   77.54   83.90
13:55:13 76.57   61.58   77.46   83.87
13:56:23 76.45   61.49   77.25   83.87
13:57:34 76.37   66.20   77.41   83.85
13:58:44 76.43   70.15   77.52   83.85
13:59:54 76.40   72.20   77.61   83.93
14:01:05 76.44   73.23   77.57   83.96
14:02:15 76.54   74.16   77.51   83.91
14:03:26 76.57   75.81   77.51   83.86
14:04:36 76.65   77.58   77.38   83.92
14:05:46 76.75   78.82   77.34   83.97
14:06:57 76.85   79.39   77.43   83.94
14:08:07 76.90   79.58   77.41   83.99
14:09:17 76.97   79.71   77.44   84.09
14:10:28 77.02   79.79   77.50   84.08
14:11:38 77.08   71.83   77.50   83.99
14:12:49 77.06   63.71   77.57   83.96
14:13:59 76.89   62.25   77.50   83.90
14:15:09 76.72   61.86   77.39   83.85
14:16:20 76.58   61.66   77.36   83.73
14:17:30 76.45   61.53   77.31   83.63
14:18:41 76.37   61.42   77.35   83.54
14:19:51 76.31   66.45   77.25   83.53
14:21:01 76.29   70.16   77.30   83.63
14:22:12 76.34   72.17   77.26   83.64
14:23:22 76.40   73.08   77.43   83.62
14:24:32 76.43   73.82   77.40   83.53
14:25:43 76.48   75.22   77.36   83.55
14:26:53 76.56   76.93   77.44   83.55
14:28:04 76.63   78.35   77.51   83.53
14:29:14 76.72   79.18   77.37   83.63
14:30:24 76.79   76.13   77.39   83.64
14:31:35 76.88   64.84   77.35   83.74
14:32:45 76.75   62.43   77.42   83.71
14:33:55 76.61   61.80   77.37   83.58
14:35:06 76.50   61.57   77.34   83.52
14:36:16 76.38   61.40   77.37   83.52
14:37:27 76.30   61.24   77.42   83.40
14:38:37 76.20   61.08   77.30   83.30
14:39:47 76.13   60.73   77.19   83.24
14:40:58 76.10   59.77   77.24   83.16
14:42:08 76.03   59.61   77.20   83.08
14:43:19 75.96   59.17   77.18   83.05
14:44:29 75.90   59.10   77.11   83.08
14:45:39 75.98   59.07   77.15   83.01
14:46:50 75.90   58.82   77.16   82.96
14:48:00 75.88   59.27   77.15   82.96
14:49:10 75.84   58.84   77.11   82.96
14:50:21 75.82   58.76   77.00   82.89
14:51:31 75.80   58.32   76.92   82.88
14:52:42 75.79   57.86   76.97   82.91
14:53:52 75.77   57.49   77.02   82.86
14:55:02 75.73   57.81   76.96   82.78
14:56:13 75.72   58.15   77.00   82.73
14:57:23 75.75   57.50   76.96   82.63
14:58:34 75.70   57.17   76.94   82.54
14:59:44 75.68   57.04   76.79   82.57
15:00:54 75.66   57.18   76.80   82.51
15:02:05 75.63   57.58   76.74   82.51
15:03:15 75.64   57.42   76.68   82.51
15:04:25 75.58   57.78   76.76   82.55
15:05:36 75.54   57.92   76.78   82.55
15:06:46 75.53   57.46   76.84   82.57
15:07:57 75.54   57.70   76.72   82.52
15:09:07 75.49   57.01   76.69   82.51
15:10:17 75.49   56.97   76.71   82.50
15:11:28 75.42   57.09   76.61   82.41
15:12:38 75.42   57.08   76.64   82.34
15:13:48 75.42   57.05   76.56   82.29
15:14:59 75.41   57.36   76.56   82.29
15:16:09 75.36   57.38   76.49   82.20
15:17:20 75.32   56.92   76.51   82.11
15:18:30 75.31   57.05   76.42   82.06
15:19:40 75.33   57.19   76.36   82.06
15:20:51 75.28   56.83   76.44   82.13
15:22:01 75.28   56.70   76.33   82.17
15:23:12 75.21   56.95   76.33   82.16
15:24:22 75.24   56.78   76.36   82.06
15:25:32 75.21   56.82   76.31   82.01
15:26:43 75.21   56.95   76.21   81.92
15:27:53 75.21   56.81   76.18   81.92
15:29:03 75.18   56.73   76.22   81.95
15:30:14 75.19   56.73   76.26   81.96
15:31:24 75.21   56.67   76.14   82.02
15:32:35 75.17   56.74   76.30   81.95
15:33:45 75.12   56.69   76.13   81.88
15:34:55 75.11   56.80   76.10   81.74
15:36:06 75.09   56.54   76.12   81.65
15:37:16 75.09   56.61   76.18   81.72
15:38:26 75.09   56.45   76.08   81.72
15:39:37 75.07   56.56   75.95   81.74
15:40:47 75.08   56.47   76.04   81.78
15:41:58 75.07   56.20   76.02   81.82
15:43:08 75.06   56.15   76.09   81.72
15:44:18 75.04   56.18   76.09   81.71
15:45:29 74.98   56.09   75.99   81.65
15:46:39 75.00   56.14   75.96   81.61
15:47:50 74.95   56.14   75.95   81.61
15:49:00 74.97   55.98   75.90   81.61
15:50:10 74.92   55.80   75.90   81.58
15:51:21 74.96   55.95   75.83   81.50
15:52:31 74.95   55.76   75.85   81.44
15:53:41 74.92   55.69   75.80   81.35
15:54:52 74.86   55.71   75.82   81.36
15:56:02 74.81   55.75   75.76   81.38
15:57:13 74.86   55.73   75.70   81.36
15:58:23 74.83   55.70   75.77   81.19
15:59:33 74.85   55.72   75.68   81.28
16:00:44 74.79   55.74   75.69   81.20
16:01:54 74.82   55.79   75.72   81.11
16:03:05 74.83   55.70   75.63   80.97
16:04:15 74.80   55.77   75.72   80.94
16:05:25 74.77   55.79   75.68   80.94
16:06:36 74.77   55.65   75.66   80.89
16:07:46 74.73   55.83   75.54   80.83
16:08:56 74.72   55.71   75.47   80.89
16:10:07 74.74   55.60   75.53   80.93
16:11:17 74.69   55.64   75.49   80.91
16:12:28 74.64   55.67   75.51   80.87
16:13:38 74.64   55.61   75.44   80.89
16:14:48 74.64   55.58   75.42   81.07
16:15:59 74.64   55.54   75.50   81.05
16:17:09 74.64   55.49   75.53   81.05
16:18:19 74.65   55.68   75.51   80.95
16:19:30 74.64   55.62   75.46   80.86
16:20:40 74.65   55.49   75.31   80.88
16:21:51 74.62   55.56   75.32   80.88
16:23:01 74.64   55.58   75.44   80.89
16:24:11 74.63   55.54   75.30   80.94
16:25:22 74.56   55.45   75.34   80.96
16:26:32 74.59   55.48   75.36   80.95
16:27:43 74.60   55.39   75.34   80.85
16:28:53 74.53   55.47   75.32   80.80
16:30:03 74.60   55.33   75.32   80.82
16:31:14 74.54   55.34   75.24   80.76
16:32:24 74.51   55.39   75.29   80.80
16:33:34 74.71   55.28   75.28   80.74
16:34:45 74.63   55.32   75.30   80.76
16:35:55 74.58   55.30   75.28   80.82
16:37:06 74.57   55.27   75.07   80.83
16:38:16 74.61   55.20   75.14   80.75
16:39:26 74.54   55.34   75.19   80.62
16:40:37 74.54   55.24   75.09   80.49
16:41:47 74.50   55.31   75.18   80.49
16:42:58 74.52   55.35   75.25   80.52
16:44:08 74.54   55.22   75.09   80.56
16:45:18 74.55   55.41   74.95   80.48
16:46:29 74.52   55.30   75.07   80.38
16:47:39 74.50   55.26   75.07   80.38
16:48:49 74.46   55.22   75.09   80.36
16:50:00 74.47   55.19   74.99   80.35
16:51:10 74.52   55.35   74.99   80.39
16:52:21 74.51   55.35   74.97   80.38
16:53:31 74.53   55.22   75.17   80.30
16:54:41 74.50   55.16   75.17   80.32
16:55:52 74.54   55.37   75.28   80.26
16:57:02 74.53   55.41   75.44   80.26
16:58:13 74.53   55.55   75.44   80.25
16:59:23 74.56   55.34   75.47   80.26
17:00:33 74.62   55.49   75.27   80.31
17:01:44 74.55   55.54   75.19   80.29
17:02:54 74.54   55.48   75.23   80.27
17:04:04 74.54   55.46   75.31   80.26
17:05:15 74.55   55.64   75.37   80.27
17:06:25 74.52   55.54   75.47   80.35
17:07:36 74.53   55.38   75.45   80.27
17:08:46 74.55   55.65   75.50   80.27
17:09:56 74.57   55.52   75.39   80.24
17:11:07 74.59   55.49   75.47   80.16
17:12:17 74.53   55.50   75.57   80.26
17:13:27 74.53   55.52   75.40   80.21
17:14:38 74.54   55.61   75.25   80.25
17:15:48 74.53   55.59   75.32   80.12
17:16:59 74.53   55.56   75.32   80.12
17:18:09 74.52   55.73   75.36   80.15
17:19:19 74.52   55.60   75.41   80.22
17:20:30 74.53   55.63   75.37   80.26
17:21:40 74.49   55.68   75.33   80.16
17:22:51 74.49   55.58   75.25   80.12
17:24:01 74.43   55.52   75.32   80.04
17:25:11 74.41   55.46   75.32   80.09
17:26:22 74.40   55.37   75.17   80.06
17:27:32 74.40   55.37   75.19   80.03
17:28:42 74.33   55.23   75.15   80.03
17:29:53 74.40   55.23   75.08   80.10
17:34:25 74.42   55.39   75.08   79.99
17:35:35 74.46   55.45   75.01   91.11
17:36:45 74.47   55.31   75.11   103.23
17:37:56 74.47   55.42   75.12   103.36
17:39:06 74.43   55.60   75.03   104.25
17:40:17 74.41   55.32   75.09   105.68
17:41:27 74.41   55.38   75.13   104.17
17:42:37 74.39   55.50   75.09   102.27
17:43:48 74.41   55.44   75.05   104.81
17:44:58 74.39   55.50   75.05   106.42
17:46:09 74.41   55.31   74.88   105.21
17:47:19 74.47   55.35   75.04   103.56
17:48:29 74.51   55.50   74.85   101.94
17:49:40 74.47   55.61   74.94   100.48
17:50:50 74.47   55.57   74.90   102.46
17:52:00 74.52   56.14   74.92   105.70
17:53:11 74.50   55.99   74.98   104.85
17:54:21 74.51   56.08   74.90   103.33
17:55:32 74.55   56.23   74.88   101.86
17:56:42 74.53   56.52   74.83   100.49
17:57:52 74.59   56.39   74.94   99.24
17:59:03 74.61   56.38   75.07   98.08
18:00:13 74.63   56.47   75.04   97.05
18:01:24 74.55   56.30   75.04   96.20
18:02:34 74.54   56.34   74.98   95.40
18:03:44 74.53   56.50   75.01   94.68
18:04:55 74.54   56.45   75.06   93.99
18:06:05 74.56   56.26   74.95   93.48
18:07:15 74.53   56.42   74.94   93.85
18:08:26 74.52   56.27   74.97   103.39
18:09:36 74.55   56.20   74.86   105.94
18:10:47 74.53   56.22   74.97   106.85
18:11:57 74.56   56.41   74.97   106.70
18:13:15 74.84   56.41   74.90   106.66
18:14:26 74.77   56.41   74.69   106.53
18:15:36 74.71   56.27   74.90   105.22
18:16:46 74.59   56.19   75.05   103.74
18:17:57 74.58   56.29   75.08   102.36
18:19:07 74.53   56.20   75.09   101.22
18:20:18 74.53   56.05   75.01   100.03
18:21:28 74.54   56.05   74.96   99.08
18:22:38 74.53   55.96   74.99   98.18
18:23:49 74.53   56.04   74.97   97.29
18:24:59 74.51   55.94   74.93   96.35
18:26:09 74.50   55.82   74.97   95.59
18:27:20 74.49   55.93   74.97   94.92
18:28:30 74.52   55.98   74.94   94.21
18:29:41 74.48   55.70   75.04   93.52
18:30:51 74.43   55.54   74.96   92.94
18:32:01 74.46   55.75   74.97   92.42
18:33:12 74.41   55.82   74.90   91.97
18:34:22 74.42   55.59   74.89   91.56
18:35:33 74.41   55.39   74.81   91.14
18:36:43 74.41   55.39   74.88   90.69
18:37:53 74.41   55.46   74.89   90.23
18:39:04 74.41   55.43   74.95   89.81
18:40:14 74.38   55.57   74.87   89.47
18:41:24 74.41   55.48   74.87   89.12
18:42:35 74.39   55.35   74.95   88.68
18:43:45 74.38   55.41   74.89   88.37
18:44:56 74.36   55.64   74.84   88.07
18:46:06 74.32   55.46   74.85   87.84
