00:00:50 75.31   58.44   76.66   84.65
00:01:54 75.31   58.33   76.66   84.54
00:02:57 75.43   58.10   76.66   84.31
00:04:00 75.43   58.33   76.78   84.20
00:05:04 75.31   58.44   76.78   84.20
00:06:07 75.31   58.33   76.78   84.20
00:07:10 75.20   58.55   76.78   84.09
00:08:14 75.20   58.10   76.78   84.09
00:09:17 75.20   58.44   76.78   84.09
00:10:20 75.31   58.10   76.78   84.09
00:11:24 75.20   58.33   76.78   83.86
00:12:27 75.20   58.33   76.66   83.75
00:13:30 75.20   58.44   76.78   83.64
00:14:34 75.20   57.99   76.66   83.53
00:15:37 75.20   58.21   76.55   83.41
00:16:41 75.20   58.33   76.55   83.41
00:17:44 75.09   58.21   76.66   83.30
00:18:47 75.09   57.99   76.66   83.19
00:19:51 75.09   58.10   76.66   83.19
00:20:54 75.09   57.88   76.66   83.08
00:21:57 75.09   58.10   76.66   83.08
00:23:01 75.09   57.99   76.66   82.96
00:24:04 75.09   58.10   76.66   82.96
00:25:07 75.09   58.10   76.55   82.74
00:26:11 75.09   58.10   76.55   82.74
00:27:14 74.97   57.65   76.55   82.63
00:28:17 74.97   58.10   76.55   82.63
00:29:21 75.09   57.76   76.55   82.40
00:30:24 74.97   58.21   76.44   82.29
00:31:27 74.97   57.76   76.33   82.29
00:32:31 75.09   58.10   76.44   82.29
00:33:34 74.86   57.76   76.44   82.29
00:34:37 74.97   57.99   76.55   82.18
00:35:41 74.97   57.65   76.55   82.06
00:36:44 74.97   57.65   76.55   81.84
00:37:47 74.97   58.10   76.55   81.84
00:38:51 74.97   57.88   76.55   81.84
00:39:54 74.97   57.76   76.44   81.95
00:40:57 74.86   57.76   76.44   81.84
00:42:01 74.86   57.99   76.44   81.84
00:43:04 74.86   57.65   76.44   81.72
00:44:07 74.86   57.99   76.44   81.72
00:45:11 74.86   57.99   76.33   81.72
00:46:14 74.86   57.65   76.33   81.72
00:47:17 74.86   57.54   76.21   81.61
00:48:21 74.75   57.54   76.44   81.61
00:49:24 74.75   57.31   76.44   81.61
00:50:28 74.75   57.31   76.33   81.61
00:51:31 74.86   57.42   76.44   81.50
00:52:34 74.86   57.31   76.44   81.39
00:53:38 74.75   57.54   76.33   81.39
00:54:41 74.75   57.54   76.21   81.39
00:55:44 74.75   57.54   76.33   81.28
00:56:48 74.75   57.09   76.33   81.39
00:57:51 74.64   57.31   76.33   81.28
00:58:54 74.75   57.42   76.44   81.16
00:59:58 74.64   57.20   76.33   81.16
01:01:01 74.75   57.31   76.10   81.16
01:02:04 74.75   57.31   75.99   81.05
01:03:08 74.64   57.20   76.21   81.05
01:04:11 74.64   57.42   76.10   81.16
01:05:14 74.64   57.20   76.21   81.16
01:06:18 74.64   57.09   76.33   81.05
01:07:21 74.64   56.86   76.21   80.94
01:08:24 74.64   56.75   76.10   80.83
01:09:28 74.53   56.75   76.21   80.71
01:10:31 74.53   56.75   76.21   80.83
01:11:34 74.64   57.09   76.21   80.71
01:12:38 74.64   56.75   76.21   80.71
01:13:41 74.53   56.19   76.10   80.83
01:14:44 74.53   56.86   76.10   80.71
01:15:48 74.53   56.64   76.10   80.71
01:16:51 74.41   56.98   76.10   80.60
01:17:54 74.53   56.75   76.21   80.71
01:18:58 74.41   56.75   76.21   80.60
01:20:01 74.53   56.53   75.88   80.60
01:21:04 74.41   56.75   76.10   80.60
01:22:08 74.41   56.75   76.10   80.60
01:23:11 74.30   56.30   75.99   80.60
01:24:15 74.30   56.30   75.99   80.60
01:25:18 74.41   56.41   76.10   80.60
01:26:21 74.30   56.30   75.99   80.71
01:27:25 74.30   56.30   76.10   80.60
01:28:28 74.41   56.30   75.99   80.71
01:29:31 74.41   56.64   75.88   80.49
01:30:35 74.41   56.75   75.99   80.38
01:31:38 74.30   56.64   75.99   80.26
01:32:41 74.30   56.53   75.99   80.38
01:33:45 74.30   56.30   75.99   80.38
01:34:48 74.30   56.19   76.10   80.38
01:35:51 74.30   56.08   76.10   80.49
01:36:55 74.30   56.64   76.10   80.38
01:37:58 74.19   55.96   75.99   80.26
01:39:01 74.30   56.53   75.88   80.15
01:40:05 74.30   56.41   75.88   80.15
01:41:08 74.30   55.85   75.99   80.38
01:42:11 74.19   56.30   75.88   80.15
01:43:15 74.19   55.96   75.76   80.15
01:44:18 74.19   55.85   75.88   80.04
01:45:21 74.19   56.08   75.76   80.04
01:46:25 74.19   55.96   75.99   80.15
01:47:28 74.19   55.85   75.99   80.04
01:48:31 74.19   55.85   75.88   80.04
01:49:35 74.19   56.19   75.88   80.04
01:50:38 74.19   55.85   75.88   79.93
01:51:41 74.08   55.63   75.65   80.04
01:52:45 74.08   55.85   75.65   80.04
01:53:48 74.19   55.74   75.65   80.04
01:54:51 74.08   55.63   75.76   79.93
01:55:55 74.08   55.40   75.65   79.93
01:56:58 74.08   56.08   75.76   79.93
01:58:02 73.96   55.40   75.76   79.93
01:59:05 74.08   55.96   75.76   79.81
02:00:08 74.08   55.51   75.76   79.93
02:01:12 73.96   55.51   75.76   79.93
02:02:15 73.96   55.85   75.65   79.93
02:03:18 74.08   55.06   75.76   79.93
02:04:22 74.08   55.06   75.65   80.04
02:05:25 73.96   55.96   75.76   79.93
02:06:28 73.96   55.29   75.65   79.81
02:07:32 73.96   55.85   75.76   79.93
02:08:35 73.96   55.74   75.54   79.81
02:09:38 73.96   55.51   75.65   79.70
02:10:42 73.96   55.63   75.54   79.70
02:11:45 73.96   55.85   75.65   79.81
02:12:48 73.96   55.40   75.54   79.70
02:13:52 73.85   55.74   75.54   79.70
02:14:55 73.96   55.06   75.65   79.59
02:15:58 73.85   55.74   75.54   79.59
02:17:02 73.85   55.51   75.54   79.59
02:18:05 73.85   55.74   75.54   79.59
02:19:08 73.85   55.85   75.54   79.59
02:20:12 73.85   55.51   75.43   79.59
02:21:15 73.85   55.29   75.65   79.59
02:22:18 73.85   55.63   75.54   79.47
02:23:22 73.74   55.51   75.43   79.59
02:24:25 73.74   55.29   75.54   79.59
02:25:28 73.85   55.40   75.54   79.59
02:26:32 73.74   55.63   75.43   79.47
02:27:35 73.74   55.96   75.31   79.36
02:28:39 73.74   55.63   75.31   79.36
02:29:42 73.74   55.63   75.54   79.36
02:30:45 73.74   55.51   75.31   79.36
02:31:49 73.74   55.40   75.43   79.36
02:32:52 73.74   55.74   75.31   79.25
02:33:55 73.74   55.40   75.43   79.36
02:34:59 73.74   55.40   75.43   79.47
02:36:02 73.74   55.40   75.54   79.47
02:37:05 73.63   55.63   75.54   79.47
02:38:09 73.63   55.29   75.43   79.36
02:39:12 73.51   55.51   75.20   79.36
02:40:15 73.51   54.95   75.31   79.36
02:41:19 73.63   55.51   75.43   79.25
02:42:22 73.51   55.17   75.43   79.36
02:43:25 73.63   55.63   75.43   79.36
02:44:29 73.51   55.17   75.31   79.36
02:45:32 73.51   55.96   75.43   79.36
02:46:35 73.51   56.08   75.31   79.25
02:47:39 73.51   55.85   75.31   79.14
02:48:42 73.51   55.85   75.20   79.03
02:49:45 73.51   55.63   75.31   78.91
02:50:49 73.51   55.74   75.31   78.91
02:51:52 73.51   55.63   75.20   78.80
02:52:55 73.51   55.51   75.09   78.91
02:53:59 73.40   55.17   75.20   78.91
02:55:02 73.40   55.51   75.20   78.91
02:56:05 73.40   55.40   75.20   78.80
02:57:09 73.51   55.17   75.09   78.91
02:58:12 73.40   55.06   75.20   78.91
02:59:16 73.51   55.17   75.20   78.91
03:00:19 73.40   54.95   75.20   79.03
03:01:22 73.40   55.51   75.09   79.03
03:02:26 73.51   55.63   75.09   79.14
03:03:29 73.51   55.29   75.09   79.03
03:04:32 73.40   55.29   74.86   79.03
03:05:36 73.40   55.29   74.86   78.91
03:06:39 73.51   55.51   75.09   78.91
03:07:42 73.40   55.40   74.86   79.03
03:08:46 73.40   55.40   74.86   79.03
03:09:49 73.40   55.51   74.86   78.91
03:10:52 73.29   55.06   74.97   79.03
03:11:56 73.29   55.40   74.86   78.91
03:12:59 73.29   55.06   74.97   79.03
03:14:02 73.29   54.95   74.97   79.03
03:15:06 73.29   55.06   74.97   78.91
03:16:09 73.29   55.29   74.97   79.03
03:17:12 73.18   54.95   75.09   79.03
03:18:16 73.29   54.50   74.97   79.03
03:19:19 73.29   55.17   75.09   79.14
03:20:22 73.18   54.95   75.09   79.14
03:21:26 73.29   54.84   74.97   78.91
03:22:29 73.18   54.84   74.97   78.80
03:23:32 73.18   55.17   74.97   78.69
03:24:36 73.06   55.06   75.09   78.69
03:25:39 73.06   54.95   75.09   78.69
03:26:42 73.06   55.29   74.97   78.58
03:27:46 73.06   55.06   74.97   78.69
03:28:49 73.18   54.84   74.97   78.58
03:29:52 73.06   54.95   74.97   78.58
03:30:56 73.06   54.73   74.97   78.58
03:31:59 73.18   54.84   74.86   78.69
03:33:02 73.18   55.06   74.97   78.69
03:34:06 73.06   55.17   74.86   78.69
03:35:09 73.06   55.06   74.86   78.58
03:36:13 72.95   54.84   74.86   78.58
03:37:16 72.95   54.61   74.86   78.69
03:38:19 72.95   54.95   74.86   78.69
03:39:23 72.95   54.39   74.97   78.69
03:40:26 73.06   54.84   74.97   78.69
03:41:29 72.95   54.39   74.97   78.69
03:42:33 72.95   54.95   74.75   78.58
03:43:36 72.95   54.50   74.75   78.69
03:44:39 72.95   54.61   74.75   78.58
03:45:43 72.95   54.84   74.75   78.46
03:46:46 72.95   54.73   74.75   78.58
03:47:49 72.95   54.61   74.86   78.46
03:48:53 72.84   54.39   74.86   78.35
03:49:56 72.84   54.73   74.75   78.35
03:50:59 72.84   54.73   74.75   78.35
03:52:03 72.84   53.94   74.75   78.35
03:53:06 72.84   54.73   74.75   78.24
03:54:09 72.84   54.28   74.75   78.35
03:55:13 72.84   54.28   74.75   78.24
03:56:16 72.84   54.28   74.75   78.24
03:57:19 72.84   53.94   74.75   78.35
03:58:23 72.84   54.28   74.75   78.46
03:59:26 72.72   54.39   74.64   78.46
04:00:29 72.84   54.39   74.64   78.35
04:01:33 72.84   54.61   74.53   78.24
04:02:36 72.84   54.16   74.53   78.24
04:03:39 72.72   54.39   74.64   78.35
04:04:43 72.61   54.50   74.64   78.35
04:05:46 72.72   54.50   74.41   78.35
04:06:49 72.84   54.61   74.64   78.35
04:07:53 72.72   54.39   74.64   78.35
04:08:56 72.72   54.16   74.64   78.35
04:09:59 72.72   54.50   74.64   78.24
04:11:03 72.61   53.94   74.64   78.24
04:12:06 72.72   54.39   74.41   78.24
04:13:09 72.61   54.28   74.53   78.24
04:14:13 72.61   54.39   74.41   78.24
04:15:16 72.61   54.05   74.30   78.24
04:16:20 72.72   53.71   74.41   78.35
04:17:23 72.61   54.16   74.41   78.35
04:18:26 72.61   53.94   74.41   78.35
04:19:30 72.61   54.05   74.41   78.24
04:20:33 72.61   54.39   74.53   78.24
04:21:36 72.61   53.71   74.53   78.35
04:22:40 72.61   53.49   74.41   78.24
04:23:43 72.61   53.71   74.53   78.35
04:24:46 72.50   54.05   74.53   78.35
04:25:50 72.61   53.94   74.53   78.35
04:26:53 72.50   53.83   74.30   78.35
04:27:56 72.50   53.60   74.30   78.24
04:29:00 72.50   53.60   74.41   78.13
04:30:03 72.50   53.49   74.41   78.24
04:31:06 72.39   53.38   74.53   78.24
04:32:10 72.39   53.49   74.30   78.35
04:33:13 72.50   53.94   74.41   78.35
04:34:16 72.50   54.05   74.30   78.24
04:35:20 72.39   53.38   74.41   78.35
04:36:23 72.50   53.71   74.30   78.35
04:37:26 72.50   60.91   74.41   78.24
04:38:30 72.72   64.63   74.30   78.24
04:39:33 72.84   65.75   74.30   78.13
04:40:36 72.84   66.88   74.41   78.13
04:41:40 73.06   67.21   74.41   78.13
04:42:43 73.18   67.89   74.41   78.01
04:43:46 73.06   63.39   74.53   78.01
04:44:50 73.18   57.09   74.41   78.01
04:45:53 73.06   55.40   74.53   78.13
04:46:56 72.95   55.06   74.53   78.13
04:48:00 72.72   54.95   74.41   78.24
04:49:03 72.72   54.84   74.41   78.24
04:50:07 72.72   54.84   74.41   78.24
04:51:10 72.72   54.95   74.30   78.35
04:52:13 72.61   54.95   74.41   78.24
04:53:17 72.50   54.61   74.53   78.24
04:54:20 72.61   54.61   74.41   78.13
04:55:23 72.39   54.84   74.41   78.13
04:56:27 72.50   54.28   74.41   78.24
04:57:30 72.39   54.61   74.41   78.24
04:58:33 72.50   62.83   74.41   78.24
04:59:37 72.61   65.30   74.41   78.13
05:00:40 72.84   66.99   74.41   78.13
05:01:43 72.95   68.00   74.41   78.13
05:02:47 73.06   68.56   74.41   78.13
05:03:50 73.06   69.24   74.64   78.13
05:04:53 73.06   70.25   74.53   78.13
05:05:57 73.29   71.49   74.53   78.24
05:07:00 73.29   66.09   74.53   78.35
05:08:03 73.40   58.33   74.64   78.35
05:09:07 73.18   56.08   74.75   78.35
05:10:10 73.06   55.51   74.64   78.35
05:11:13 72.95   55.40   74.64   78.35
05:12:17 72.95   54.95   74.53   78.35
05:13:20 72.95   54.95   74.64   78.24
05:14:23 72.72   54.50   74.30   78.24
05:15:27 72.72   55.17   74.64   78.35
05:16:30 72.72   60.46   74.41   78.35
05:17:33 72.84   65.41   74.41   78.35
05:18:37 72.95   66.88   74.53   78.35
05:19:40 73.06   68.34   74.64   78.46
05:20:43 73.06   69.80   74.64   78.46
05:21:47 73.29   71.71   74.53   78.46
05:22:50 73.29   73.18   74.53   78.46
05:23:53 73.40   74.08   74.64   78.58
05:24:57 73.51   74.64   74.75   78.46
05:26:00 73.51   74.97   74.86   78.58
05:27:04 73.63   75.20   74.86   78.58
05:28:07 73.74   75.43   74.97   78.58
05:29:10 73.85   60.35   74.97   78.58
05:30:14 73.63   56.75   74.97   78.58
05:31:17 73.51   56.08   74.86   78.80
05:32:20 73.29   55.96   74.75   78.80
05:33:24 73.18   55.63   74.75   78.80
05:34:27 73.06   55.63   74.75   78.80
05:35:30 73.06   58.44   74.86   78.69
05:36:34 72.95   65.75   74.86   78.58
05:37:37 73.29   66.99   74.86   78.69
05:38:40 73.29   68.90   74.86   78.80
05:39:44 73.40   71.71   74.86   78.91
05:40:47 73.51   73.85   74.97   78.91
05:41:50 73.51   74.86   74.86   78.91
05:42:54 73.63   75.20   74.97   78.91
05:43:57 73.63   75.43   75.09   79.03
05:45:00 73.74   75.65   75.20   79.03
05:46:04 73.96   75.76   75.20   79.03
05:47:07 73.96   75.76   75.09   79.14
05:48:10 73.96   75.88   75.20   79.25
05:49:14 74.08   75.99   75.31   79.36
05:50:17 74.08   76.10   75.31   79.36
05:51:20 74.08   76.21   75.31   79.36
05:52:24 74.19   76.21   75.31   79.36
05:53:27 74.19   76.33   75.20   79.36
05:54:30 74.19   76.33   75.09   79.36
05:55:34 74.30   76.33   75.20   79.36
05:56:37 74.30   76.44   75.31   79.47
05:57:41 74.30   76.44   75.31   79.59
05:58:44 74.41   76.55   75.31   79.59
05:59:47 74.41   76.55   75.43   79.47
06:00:51 74.41   76.55   75.43   79.47
06:01:54 74.41   76.55   75.54   79.47
06:02:57 74.41   76.66   75.54   79.59
06:04:01 74.53   76.66   75.54   79.47
06:05:04 74.41   76.66   75.54   79.70
06:06:07 74.53   76.66   75.65   79.81
06:07:11 74.53   76.78   75.65   79.81
06:08:14 74.53   76.78   75.76   79.81
06:09:17 74.53   76.78   75.76   79.81
06:10:21 74.64   76.89   75.76   79.93
06:11:24 74.64   76.89   75.76   79.93
06:12:27 74.64   76.89   75.88   80.04
06:13:31 74.75   76.89   75.88   80.04
06:14:34 74.75   76.89   75.99   80.04
06:15:37 74.75   76.89   75.99   80.04
06:16:41 74.75   77.00   75.99   80.04
06:17:44 74.75   77.00   75.99   80.15
06:18:47 74.75   77.00   75.99   80.15
06:19:51 74.75   77.11   76.10   80.15
06:20:54 74.86   77.11   76.10   80.26
06:21:57 74.86   77.11   75.99   80.26
06:23:01 74.86   77.11   76.10   80.38
06:24:04 74.86   77.11   76.10   80.38
06:25:07 74.86   77.11   76.21   80.38
06:26:11 74.75   77.22   76.21   80.49
06:27:14 74.86   77.22   76.21   80.60
06:28:17 74.86   77.22   76.21   80.49
06:29:21 74.86   77.22   76.33   80.60
06:30:24 74.86   77.22   76.33   80.60
06:31:27 74.86   77.22   76.21   80.60
06:32:31 74.86   77.22   76.33   80.60
06:33:34 74.86   77.22   76.33   80.60
06:34:38 74.97   77.34   76.44   80.60
06:35:41 74.97   77.34   76.44   80.71
06:36:44 74.97   77.34   76.33   80.83
06:37:48 74.97   77.34   76.33   80.83
06:38:51 74.97   77.34   76.44   80.83
06:39:54 74.97   77.34   76.44   80.94
06:40:58 74.97   77.34   76.33   80.94
06:42:01 75.09   77.34   76.33   81.05
06:43:04 75.09   77.34   76.33   81.05
06:44:08 75.09   77.34   76.44   81.16
06:45:11 75.09   77.34   76.44   81.16
06:46:14 75.09   77.45   76.44   81.28
06:47:18 75.20   77.45   76.44   81.16
06:48:21 75.20   77.45   76.44   80.94
06:49:24 75.20   77.45   76.66   81.05
06:50:28 75.20   77.56   76.66   81.16
06:51:31 75.31   77.56   76.66   81.05
06:52:34 75.31   77.56   76.66   81.05
06:53:38 75.20   77.56   76.66   81.05
06:54:41 75.20   77.56   76.78   81.28
06:55:44 75.20   77.56   76.78   81.28
06:56:48 75.20   77.56   76.66   81.28
06:57:51 75.20   77.68   76.78   81.28
06:58:54 75.31   77.68   76.78   81.28
06:59:58 75.31   77.68   76.78   81.39
07:01:01 75.31   77.68   76.78   81.39
07:02:04 75.20   77.68   76.89   81.50
07:03:08 75.31   77.79   76.78   81.50
07:04:11 75.31   77.79   76.78   81.50
07:05:14 75.31   77.68   76.78   81.50
07:06:18 75.43   77.79   76.89   81.50
07:07:21 75.43   77.79   76.89   81.61
07:08:25 75.43   77.79   76.89   81.61
07:09:28 75.43   77.79   77.00   81.61
07:10:31 75.54   77.79   76.89   81.61
07:11:35 75.54   77.79   77.00   81.61
07:12:38 75.65   77.90   77.11   81.72
07:13:41 75.65   77.90   77.11   81.72
07:14:45 75.65   78.01   77.11   81.61
07:15:48 75.54   78.01   77.00   81.61
07:16:51 75.54   78.01   77.11   81.72
07:17:55 75.65   78.01   77.22   81.72
07:18:58 75.65   78.01   77.11   81.84
07:20:01 75.76   78.13   77.11   81.84
07:21:05 75.65   78.13   77.22   81.84
07:22:08 75.76   78.13   77.22   81.84
07:23:11 75.76   78.13   77.22   81.84
07:24:15 75.76   78.13   77.22   81.72
07:25:18 75.76   78.24   77.34   81.72
07:26:21 75.76   78.24   77.34   81.72
07:27:25 75.76   78.24   77.34   81.95
07:28:28 75.88   78.24   77.34   81.84
07:29:31 75.88   78.24   77.34   81.84
07:30:35 75.76   78.24   77.34   81.84
07:31:38 75.88   78.24   77.34   81.84
07:32:41 75.88   78.35   77.34   81.84
07:33:45 75.88   78.35   77.34   81.95
07:34:48 75.99   78.46   77.34   81.84
07:35:51 75.88   78.46   77.45   81.95
07:36:55 75.88   78.46   77.45   82.06
07:37:58 75.88   78.46   77.45   81.95
07:39:01 75.99   78.35   77.45   81.84
07:40:05 75.88   78.35   77.34   81.84
07:41:08 75.88   78.35   77.45   81.95
07:42:12 75.99   78.46   77.56   81.95
07:43:15 76.10   78.46   77.56   82.06
07:44:18 76.10   78.46   77.45   82.06
07:45:22 75.99   78.46   77.45   82.06
07:46:25 76.10   78.46   77.45   82.06
07:47:28 76.10   78.58   77.56   82.06
07:48:32 75.99   78.58   77.68   82.06
07:49:35 75.99   78.69   77.68   82.18
07:50:38 76.10   78.69   77.56   82.18
07:51:42 76.10   78.69   77.56   82.06
07:52:45 76.21   78.80   77.68   82.18
07:53:48 76.33   78.91   77.79   82.29
07:54:52 76.33   78.91   77.68   82.40
07:55:55 76.33   79.03   77.68   82.40
07:56:58 76.44   79.03   77.68   82.40
07:58:02 76.33   79.03   77.79   82.40
07:59:05 76.44   79.14   77.79   82.40
08:00:08 76.44   79.14   77.79   82.29
08:01:12 76.55   79.14   77.79   82.40
08:02:15 76.33   79.14   77.90   82.40
08:03:18 76.33   79.14   77.90   82.51
08:04:22 76.33   79.25   77.79   83.97
08:05:25 76.33   79.14   77.90   92.08
08:06:28 76.44   79.14   77.90   92.19
08:07:32 76.44   79.14   77.90   91.51
08:08:35 76.44   79.14   78.01   90.72
08:09:38 76.44   79.14   77.90   90.16
08:10:42 76.33   79.14   77.90   89.71
08:11:45 76.44   79.25   77.90   89.26
08:12:49 76.44   79.14   78.01   88.93
08:13:52 76.55   79.14   78.01   88.59
08:14:55 76.44   79.14   78.01   101.19
08:15:59 76.55   79.14   78.01   105.80
08:17:02 76.55   79.25   78.13   106.93
08:18:05 76.66   79.36   78.13   107.15
08:19:09 76.66   79.36   78.13   107.49
08:20:12 76.78   79.47   78.01   108.28
08:21:15 76.78   79.47   78.13   108.84
08:22:19 76.66   79.47   78.01   109.06
08:23:22 76.78   79.59   78.13   108.61
08:24:25 76.89   79.70   78.13   109.40
08:25:29 76.89   79.70   78.24   110.64
08:26:32 77.00   79.70   78.24   110.98
08:27:35 77.00   79.81   78.24   110.86
08:28:39 77.11   79.81   78.24   110.41
08:29:42 77.00   79.81   78.24   110.53
08:30:45 77.00   79.93   78.24   112.33
08:31:49 77.11   79.93   78.35   112.66
08:32:52 77.11   79.93   78.24   113.00
08:33:55 77.11   80.04   78.35   112.89
08:34:59 77.22   80.04   78.46   112.33
08:36:02 77.22   80.04   78.35   111.76
08:37:05 77.34   80.15   78.46   111.09
08:38:09 77.34   80.15   78.46   110.30
08:39:12 77.34   80.15   78.46   109.51
08:40:15 77.34   80.26   78.46   108.73
08:41:19 77.34   80.26   78.46   107.83
08:42:22 77.34   80.26   78.46   107.38
08:43:26 77.45   80.26   78.46   106.93
08:44:29 77.45   80.26   78.58   107.04
08:45:32 77.45   80.38   78.69   106.59
08:46:36 77.45   80.38   78.58   108.05
08:47:39 77.56   80.38   78.69   112.55
08:48:42 77.56   80.38   78.69   112.44
08:49:46 77.56   80.38   78.69   111.65
08:50:49 77.56   80.49   78.69   110.64
08:51:52 77.56   80.49   78.80   109.63
08:52:56 77.68   80.49   78.80   108.73
08:53:59 77.68   80.49   78.80   107.83
08:55:02 77.68   80.49   78.80   107.04
08:56:06 77.68   80.60   78.80   106.36
08:57:09 77.68   80.60   78.80   105.69
08:58:12 77.68   80.49   78.80   105.01
08:59:16 77.68   80.60   78.91   104.34
09:00:19 77.79   80.60   78.91   103.78
09:01:22 77.79   80.60   78.91   103.21
09:02:26 77.79   69.91   78.91   102.65
09:03:29 77.68   65.30   78.91   102.09
09:04:32 77.45   63.73   78.91   101.53
09:05:36 77.45   63.05   78.91   100.96
09:06:39 77.34   62.83   78.91   100.51
09:07:42 77.22   62.60   78.80   99.95
09:08:46 77.00   62.26   78.69   99.39
09:09:49 77.11   69.91   78.80   99.05
09:10:52 77.22   71.26   78.80   98.49
09:11:56 77.11   73.85   78.80   98.15
09:12:59 77.11   75.09   78.69   97.81
09:14:02 77.22   75.99   78.80   97.36
09:15:06 77.22   77.45   78.80   97.03
09:16:09 77.34   78.80   78.80   96.69
09:17:13 77.34   79.59   78.69   96.35
09:18:16 77.56   80.04   78.91   96.01
09:19:19 77.45   80.26   78.91   102.65
09:20:23 77.68   80.38   78.91   108.73
09:21:26 77.79   80.49   78.91   108.50
09:22:29 77.79   67.89   78.91   107.15
09:23:33 77.79   63.73   78.91   106.03
09:24:36 77.68   62.94   79.03   104.79
09:25:39 77.56   62.26   79.14   103.66
09:26:43 77.34   62.15   79.03   102.65
09:27:46 77.34   62.04   78.69   101.75
09:28:49 77.11   62.04   78.69   100.96
09:29:53 77.00   61.92   78.80   100.29
09:30:56 77.00   61.81   78.91   108.84
09:31:59 76.89   65.08   78.69   110.08
09:33:03 76.89   70.03   78.80   109.85
09:34:06 77.00   72.28   78.69   109.74
09:35:09 77.11   73.40   78.69   109.40
09:36:13 77.22   73.96   78.80   108.95
09:37:16 77.34   74.97   78.91   108.50
09:38:19 77.34   76.10   78.91   107.94
09:39:23 77.45   77.56   78.91   107.38
09:40:26 77.56   72.61   79.03   106.70
09:41:29 77.56   64.29   79.03   106.14
09:42:33 77.56   63.05   78.80   105.46
09:43:36 77.56   62.60   79.03   104.90
09:44:39 77.34   62.49   79.14   104.45
09:45:43 77.34   62.26   78.91   104.11
09:46:46 77.34   62.04   79.03   103.66
09:47:50 77.22   62.15   78.91   103.10
09:48:53 77.22   62.15   78.69   102.54
09:49:56 77.22   62.15   78.69   101.86
09:51:00 77.11   61.92   78.80   101.41
09:52:03 77.11   61.59   78.69   100.85
09:53:06 76.89   61.70   78.80   100.40
09:54:10 77.00   61.59   78.69   99.84
09:55:13 77.00   61.25   78.80   99.39
09:56:16 76.89   61.03   78.69   98.94
09:57:20 76.78   61.14   78.69   98.60
09:58:23 76.89   61.36   78.58   98.15
09:59:26 76.89   61.36   78.69   97.70
10:00:30 76.89   61.25   78.58   97.48
10:01:33 76.89   61.36   78.69   97.03
10:02:36 76.78   61.25   78.58   96.58
10:03:40 76.89   60.69   78.46   96.35
10:04:43 76.78   60.80   78.69   96.01
10:05:46 76.78   60.91   78.69   95.68
10:06:50 76.66   60.46   78.80   95.34
10:07:53 76.78   60.46   78.80   95.00
10:08:56 76.66   60.80   78.69   94.78
10:10:00 76.66   60.80   78.69   94.33
10:11:03 76.78   60.24   78.69   94.10
10:12:06 76.66   60.35   78.80   93.88
10:13:10 76.44   59.90   78.58   93.65
10:14:13 76.55   60.35   78.46   93.43
10:15:16 76.33   60.24   78.35   93.09
10:16:20 76.33   60.24   78.35   92.75
10:17:23 76.33   60.13   78.46   92.53
10:18:26 76.33   59.90   78.35   92.19
10:19:30 76.21   59.45   78.35   91.85
10:20:33 76.21   58.89   78.46   91.63
10:21:37 76.21   59.45   78.35   91.40
10:22:40 76.21   59.67   78.46   91.18
10:23:43 76.21   59.34   78.46   90.72
10:24:47 76.10   59.56   78.35   90.61
10:25:50 76.10   59.56   78.35   90.39
10:26:53 76.10   58.89   78.35   90.16
10:27:57 76.21   59.56   78.35   89.94
10:29:00 75.99   59.34   78.24   89.71
10:30:03 76.10   59.11   78.24   89.49
10:31:07 75.99   59.00   78.01   89.26
10:32:10 75.99   59.11   78.24   89.15
10:33:13 75.99   59.11   78.24   88.93
10:34:17 75.88   59.23   78.13   88.70
10:35:20 75.76   59.11   78.13   88.59
10:36:23 75.88   59.11   78.01   88.47
10:37:27 75.76   59.00   78.01   88.25
10:38:30 75.76   58.89   78.01   88.03
10:39:33 75.76   58.55   78.01   88.03
10:40:37 75.76   58.78   77.90   87.69
10:41:40 75.65   58.78   77.90   87.58
10:42:43 75.65   58.78   77.90   87.46
10:43:47 75.65   58.33   77.79   87.24
10:44:50 75.65   58.66   77.90   87.13
10:45:53 75.54   58.55   77.90   87.01
10:46:57 75.65   58.44   77.79   86.90
10:48:00 75.54   58.21   77.79   86.90
10:49:03 75.65   58.44   77.68   86.68
10:50:07 75.65   57.88   77.68   86.56
10:51:10 75.65   58.33   77.68   86.45
10:52:13 75.54   58.21   77.79   86.34
10:53:17 75.54   57.88   77.68   86.22
10:54:20 75.43   57.88   77.56   86.11
10:55:24 75.54   57.09   77.56   86.00
10:56:27 75.43   57.31   77.56   85.89
10:57:30 75.43   57.76   77.56   85.78
10:58:34 75.43   57.76   77.56   85.66
10:59:37 75.43   57.65   77.56   85.55
11:00:40 75.43   57.20   77.45   85.55
11:01:44 75.43   56.30   77.45   85.44
11:02:47 75.43   57.20   77.00   85.33
11:03:50 75.31   57.20   77.22   85.21
11:04:54 75.31   57.20   77.45   84.99
11:05:57 75.31   56.19   77.34   84.88
11:07:00 75.31   57.20   77.34   84.99
11:08:04 75.20   56.86   77.34   84.88
11:09:07 75.31   56.64   77.34   84.76
11:10:10 75.31   56.98   77.45   84.65
11:11:14 75.31   56.75   77.34   84.65
11:12:17 75.20   56.41   77.34   84.54
11:13:20 75.31   56.41   77.22   84.43
11:14:24 75.20   56.86   77.22   84.31
11:15:27 75.20   56.75   77.22   84.31
11:16:30 75.20   56.19   77.22   84.20
11:17:34 75.09   56.75   77.11   84.31
11:18:37 75.20   56.41   77.22   84.09
11:19:40 75.09   56.19   77.11   84.09
11:20:44 75.09   56.08   77.11   84.09
11:21:47 75.09   56.30   77.11   83.97
11:22:50 75.09   55.63   77.00   83.86
11:23:54 75.09   55.74   77.00   83.75
11:24:57 74.97   55.29   77.00   83.75
11:26:00 75.09   56.08   77.11   83.64
11:27:04 75.09   55.96   77.00   83.64
11:28:07 75.09   55.51   77.00   83.64
11:29:11 74.97   55.63   76.89   83.53
11:30:14 75.09   55.40   76.89   83.53
11:31:17 74.97   55.74   77.00   83.41
11:32:21 74.97   55.06   76.78   83.19
11:33:24 74.97   55.29   76.78   83.19
11:34:27 74.97   55.51   76.78   83.08
11:35:31 74.97   55.51   76.89   82.96
11:36:34 74.97   54.95   76.89   82.96
11:37:37 74.97   55.17   76.78   82.96
11:38:41 75.31   54.95   76.66   82.96
11:39:44 75.09   55.29   76.78   82.96
11:40:47 75.09   55.06   76.89   82.96
11:41:51 75.09   54.95   76.78   82.96
11:42:54 74.97   55.29   76.89   82.96
11:43:57 74.97   55.17   76.89   82.96
11:45:01 75.09   54.95   76.89   82.96
11:46:04 75.09   54.84   77.00   82.85
11:47:07 74.97   54.95   77.00   82.74
11:48:11 74.97   55.17   77.00   82.74
11:49:14 74.97   54.95   77.00   82.63
11:50:17 74.97   54.95   77.00   82.51
11:51:21 75.09   54.95   77.00   82.63
11:52:24 75.09   55.29   76.78   82.63
11:53:27 75.20   54.84   76.78   82.51
11:54:31 75.09   55.17   76.78   82.40
11:55:34 74.97   55.17   76.89   82.51
11:56:37 75.09   54.73   76.89   82.40
11:57:41 74.97   54.95   76.78   82.29
11:58:44 74.97   54.95   76.78   82.29
11:59:47 74.97   54.61   76.89   82.29
12:00:51 74.97   54.84   76.89   82.29
12:01:54 74.97   54.84   77.00   82.18
12:02:58 74.86   54.73   76.89   82.29
12:04:01 74.86   55.06   76.89   82.40
12:05:04 74.86   54.95   76.89   82.40
12:06:08 74.97   54.95   76.89   82.29
12:07:11 74.97   54.84   76.78   82.18
12:08:14 74.86   54.73   76.66   82.06
12:09:18 74.86   55.06   76.78   82.06
12:10:21 74.86   54.84   76.78   81.95
12:11:24 74.86   54.73   76.78   81.84
12:12:28 74.86   54.84   76.89   81.95
12:13:31 74.86   54.61   76.78   81.84
12:14:34 74.75   54.50   76.78   81.84
12:15:38 74.75   54.84   76.78   81.95
12:16:41 74.86   54.73   76.66   82.06
12:17:44 74.75   54.84   76.55   81.84
12:18:48 74.75   54.61   76.78   81.84
12:19:51 74.64   54.61   76.78   81.84
12:20:54 74.86   54.84   76.66   81.84
12:21:58 74.75   54.61   76.66   81.72
12:23:01 74.75   54.61   76.66   81.72
12:24:04 74.75   54.61   76.78   81.72
12:25:08 74.75   54.61   76.78   81.61
12:26:11 74.75   54.50   76.55   81.50
12:27:14 74.75   54.50   76.66   81.50
12:28:18 74.86   54.50   76.66   81.39
12:29:21 74.75   54.61   76.66   81.39
12:30:24 74.75   54.39   76.78   81.39
12:31:28 74.64   54.50   76.66   81.39
12:32:31 74.75   54.39   76.55   81.28
12:33:34 74.75   54.50   76.44   81.39
12:34:38 74.75   54.73   76.55   81.28
12:35:41 74.64   54.50   76.55   81.28
12:36:44 74.64   54.50   76.66   81.39
12:37:48 74.64   54.39   76.55   81.39
12:38:51 74.75   54.61   76.66   81.39
12:39:54 74.53   54.50   76.66   81.28
12:40:58 74.64   54.39   76.66   81.28
12:42:01 74.64   54.50   76.66   81.16
12:43:05 74.64   54.50   76.55   81.05
12:44:08 74.64   54.39   76.44   81.05
12:45:11 74.75   54.39   76.55   81.05
12:46:15 74.75   54.61   76.55   81.16
12:47:18 74.75   54.50   76.66   81.28
12:48:21 74.86   54.50   76.55   81.39
12:49:25 74.86   54.50   76.55   81.28
12:50:28 74.75   54.50   76.55   81.28
12:51:31 74.75   54.39   76.55   81.28
12:52:35 74.75   54.50   76.66   81.16
12:53:38 74.75   54.50   76.55   81.05
12:54:41 74.64   54.50   76.66   81.05
12:55:45 74.64   54.50   76.55   80.94
12:56:48 74.75   54.39   76.55   81.05
12:57:51 74.75   54.39   76.44   81.05
12:58:55 74.64   54.39   76.55   80.94
12:59:58 74.64   54.61   76.55   80.94
13:01:01 74.75   54.39   76.55   80.94
13:02:05 74.64   54.39   76.55   80.94
13:03:08 74.64   54.39   76.55   80.83
13:04:11 74.75   54.39   76.33   80.83
13:05:15 74.64   54.39   76.33   80.60
13:06:18 74.64   54.39   76.33   80.49
13:07:21 74.64   54.50   76.44   80.49
13:08:25 74.75   54.39   76.33   80.49
13:09:28 74.64   54.28   76.33   80.60
13:10:31 74.64   54.50   76.55   80.71
13:11:35 74.64   64.51   76.44   80.71
13:12:38 74.86   66.20   76.44   80.71
13:13:41 74.97   66.65   76.55   80.71
13:14:45 74.97   67.21   76.33   80.71
13:15:48 75.09   68.00   76.44   80.71
13:16:51 75.20   69.24   76.66   80.83
13:17:55 75.20   63.95   76.66   80.83
13:18:58 75.31   59.23   76.66   80.94
13:20:01 75.09   57.99   76.66   80.94
13:21:05 75.09   56.98   76.55   80.94
13:22:08 75.09   56.30   76.66   80.71
13:23:12 74.97   55.63   76.55   80.71
13:24:15 75.09   55.63   76.55   80.71
13:25:18 74.97   55.40   76.55   80.71
13:26:22 74.97   55.40   76.55   80.60
13:27:25 74.86   55.29   76.55   80.60
13:28:28 74.86   55.06   76.33   80.60
13:29:32 74.86   55.06   76.21   80.60
13:30:35 74.86   54.95   76.44   80.60
13:31:38 74.75   54.73   76.44   80.60
13:32:42 74.75   54.61   76.44   80.60
13:33:45 74.86   54.39   76.66   80.60
13:34:48 74.97   59.56   76.33   80.60
13:35:52 74.86   65.64   76.21   80.60
13:36:55 75.09   66.76   76.44   80.71
13:37:58 75.20   67.66   76.55   80.83
13:39:02 75.09   68.56   76.55   80.71
13:40:05 75.20   69.46   76.55   80.60
13:41:08 75.31   71.04   76.66   80.71
13:42:12 75.43   72.50   76.66   80.83
13:43:15 75.43   64.06   76.78   80.94
13:44:18 75.43   59.67   76.78   80.94
13:45:22 75.43   58.66   76.78   80.83
13:46:25 75.31   57.42   76.78   80.71
13:47:28 75.20   56.64   76.78   80.71
13:48:32 75.20   56.41   76.78   80.71
13:49:35 75.20   55.96   76.55   80.71
13:50:38 75.20   55.74   76.55   80.71
13:51:42 75.09   55.29   76.55   80.71
13:52:45 75.09   55.29   76.66   80.71
13:53:48 74.97   55.29   76.44   80.83
13:54:52 75.09   64.51   76.55   80.83
13:55:55 75.20   66.88   76.66   80.83
13:56:58 75.31   68.22   76.78   80.94
13:58:02 75.43   69.80   76.66   80.94
13:59:05 75.43   71.71   76.78   81.05
14:00:08 75.43   73.29   76.78   81.05
14:01:12 75.54   74.64   76.89   80.94
14:02:15 75.76   75.65   76.89   80.94
14:03:19 75.76   76.44   77.00   80.94
14:04:22 75.88   70.47   76.89   80.83
14:05:25 75.88   61.48   76.89   80.94
14:06:29 75.88   59.45   76.89   80.94
14:07:32 75.65   58.10   77.00   80.94
14:08:35 75.65   57.31   76.89   80.83
14:09:39 75.54   56.86   77.00   80.83
14:10:42 75.54   56.53   77.00   80.83
14:11:45 75.43   56.53   76.89   80.71
14:12:49 75.31   56.19   76.89   80.71
14:13:52 75.31   65.53   76.89   80.71
14:14:55 75.43   67.78   76.89   80.71
14:15:59 75.65   69.58   76.89   80.71
14:17:02 75.65   71.71   76.89   80.94
14:18:05 75.76   74.19   77.00   80.94
14:19:09 75.76   76.10   77.11   80.94
14:20:12 75.99   77.00   77.11   81.05
14:21:15 76.10   77.68   77.11   81.16
14:22:19 76.21   77.90   77.11   81.16
14:23:22 76.33   78.13   77.11   81.16
14:24:25 76.44   78.35   77.11   81.28
14:25:29 76.44   75.88   77.11   81.28
14:26:32 76.44   62.38   77.22   81.28
14:27:35 76.33   59.79   77.11   81.16
14:28:39 76.21   58.66   77.11   81.28
14:29:42 76.10   57.65   77.00   81.28
14:30:45 75.99   57.42   77.11   81.39
14:31:49 75.88   57.09   77.22   81.28
14:32:52 75.76   57.09   77.22   81.16
14:33:56 75.76   57.20   77.22   81.05
14:34:59 75.76   67.10   77.22   81.05
14:36:02 75.88   68.68   77.11   81.16
14:37:06 75.99   70.59   77.22   81.28
14:38:09 75.99   73.29   77.22   81.39
14:39:12 76.10   75.76   77.34   81.28
14:40:16 76.10   77.34   77.34   81.39
14:41:19 76.21   78.01   77.45   81.28
14:42:22 76.44   78.35   77.34   81.39
14:43:26 76.44   78.46   77.34   81.39
14:44:29 76.55   78.58   77.34   81.39
14:45:32 76.55   78.69   77.34   81.39
14:46:36 76.66   78.80   77.45   81.50
14:47:39 76.66   78.91   77.56   81.50
14:48:42 76.78   79.03   77.45   81.61
14:49:46 76.78   78.80   77.45   81.61
14:50:49 76.78   63.39   77.45   81.72
14:51:52 76.78   60.35   77.56   81.61
14:52:56 76.66   59.56   77.56   81.61
14:53:59 76.33   58.55   77.45   81.50
14:55:02 76.33   57.99   77.11   81.61
14:56:06 76.33   57.88   77.56   81.61
14:57:09 76.21   61.14   77.56   81.61
14:58:12 76.21   68.34   77.45   81.61
14:59:16 76.33   70.03   77.56   81.61
15:00:19 76.33   72.39   77.56   81.72
15:01:22 76.44   75.54   77.56   81.72
15:02:26 76.44   77.56   77.56   81.72
15:03:29 76.66   78.46   77.68   81.72
15:04:32 76.66   78.80   77.56   81.72
15:05:36 76.89   79.03   77.68   81.84
15:06:39 76.89   79.14   77.68   81.84
15:07:43 76.89   79.25   77.68   81.84
15:08:46 77.00   79.25   77.79   81.84
15:09:49 77.11   79.36   77.79   81.84
15:10:53 77.11   79.36   77.79   81.84
15:11:56 77.11   79.47   77.56   81.84
15:12:59 77.34   73.40   77.79   82.06
15:14:03 77.34   62.26   77.79   93.20
15:15:06 77.11   60.24   77.90   101.30
15:16:09 77.00   59.67   77.90   101.53
15:17:13 76.78   59.34   78.13   100.29
15:18:16 76.78   58.66   78.13   98.94
15:19:19 76.66   58.44   78.01   97.92
15:20:23 76.66   63.39   78.24   97.03
15:21:26 76.78   69.24   78.24   96.01
15:22:29 76.78   70.81   78.13   95.22
15:23:33 76.89   73.29   78.13   94.44
15:24:36 76.78   76.21   78.24   93.99
15:25:39 77.00   78.13   78.24   93.43
15:26:43 77.11   79.03   78.35   92.86
15:27:46 77.11   79.36   78.35   92.41
15:28:49 77.34   79.59   78.35   91.96
15:29:53 77.45   79.70   78.35   91.63
15:30:56 77.45   79.81   78.24   91.29
15:31:59 77.68   79.93   78.13   90.95
15:33:03 77.68   74.53   78.13   90.61
15:34:06 77.56   63.05   78.24   90.28
15:35:09 77.45   60.91   78.24   89.94
15:36:13 77.34   60.24   78.24   89.60
15:37:16 77.22   60.01   78.13   89.38
15:38:19 77.11   59.56   78.35   89.04
15:39:23 77.11   58.89   78.35   88.81
15:40:26 77.00   58.66   78.46   88.47
15:41:29 77.00   58.44   78.35   88.25
15:42:33 76.89   58.89   78.35   88.03
15:43:36 76.89   66.76   78.35   87.91
15:44:39 77.00   69.58   78.35   87.69
15:45:43 77.00   71.38   78.24   87.58
15:46:46 77.11   72.50   78.35   87.46
15:47:49 77.11   74.08   78.58   87.35
15:48:53 77.22   76.10   78.58   87.13
15:49:56 77.34   78.13   78.69   87.01
15:50:59 77.56   79.25   78.58   86.90
15:52:03 77.68   79.70   78.69   86.79
15:53:06 77.68   71.38   78.69   86.79
15:54:09 77.68   62.71   78.58   86.56
15:55:13 77.56   60.69   78.46   86.34
15:56:16 77.45   60.35   78.46   86.22
15:57:19 77.34   59.67   78.35   86.11
15:58:23 77.22   59.56   78.46   86.00
15:59:26 77.11   59.45   78.46   85.78
16:00:29 77.11   59.11   78.46   85.78
16:01:33 77.11   59.45   78.58   85.66
16:02:36 77.00   59.23   78.58   85.55
16:03:40 76.89   59.45   78.58   85.55
16:04:43 77.00   59.23   78.69   85.44
16:05:46 76.89   59.00   78.58   85.44
16:06:50 76.89   58.55   78.58   85.21
16:07:53 76.78   58.89   78.58   85.21
16:08:56 76.89   68.00   78.58   88.70
16:10:00 77.00   69.69   78.58   93.54
16:11:03 77.11   71.38   78.46   93.43
16:12:06 77.34   72.50   78.46   92.64
16:13:10 77.34   73.18   78.46   91.85
16:14:13 77.34   73.74   78.58   91.18
16:15:16 77.45   74.41   78.58   90.72
16:16:20 77.56   65.30   78.58   90.28
16:17:23 77.45   61.70   78.69   89.94
16:18:26 77.45   61.03   78.58   89.38
16:19:30 77.34   60.80   78.58   88.93
16:20:33 77.22   60.69   78.69   88.59
16:21:36 77.22   60.91   78.69   88.47
16:22:40 77.22   60.35   78.69   88.25
16:23:43 77.00   60.46   78.69   87.91
16:24:46 77.11   60.35   78.58   87.58
16:25:50 77.11   60.24   78.58   87.24
16:26:53 77.22   59.67   78.58   90.50
16:27:56 77.11   59.00   78.58   97.25
16:29:00 77.22   59.00   78.46   96.91
16:30:03 77.11   58.78   78.58   96.01
16:31:06 77.00   58.44   78.58   94.89
16:32:10 77.00   58.66   78.69   94.21
16:33:13 77.00   58.21   78.58   93.43
16:34:16 77.00   57.99   78.69   92.86
16:35:20 76.89   57.76   78.58   92.19
16:36:23 76.89   58.33   78.58   91.40
16:37:27 77.00   57.99   78.69   90.95
16:38:30 77.00   57.88   78.46   90.61
16:39:33 76.89   57.65   78.58   90.28
16:40:37 76.89   57.54   78.58   89.94
16:41:40 76.89   57.76   78.58   89.71
16:42:43 76.78   57.31   78.58   89.26
16:43:47 76.89   57.76   78.58   89.15
16:44:50 76.89   57.42   78.58   88.70
16:45:53 76.89   57.54   78.46   88.36
16:46:57 77.00   57.09   78.46   88.03
16:48:00 76.89   57.31   78.46   87.80
16:49:03 76.89   57.20   78.58   87.69
16:50:07 76.89   56.98   78.58   87.46
16:51:10 77.00   57.65   78.46   87.24
16:52:13 77.00   57.31   78.46   87.01
16:53:17 76.89   57.88   78.46   86.79
16:54:20 76.78   56.98   78.46   86.56
16:55:23 76.89   57.09   78.58   86.56
16:56:27 76.89   56.98   78.46   86.34
16:57:30 76.89   57.54   78.46   86.22
16:58:33 77.00   56.98   78.46   86.00
16:59:37 76.78   56.86   78.35   85.66
17:00:40 76.89   56.86   78.35   85.55
17:01:43 76.78   56.98   78.35   85.44
17:02:47 76.89   56.75   78.46   85.33
17:03:50 76.89   56.98   78.35   85.21
17:04:53 76.89   56.86   78.46   85.10
17:05:57 76.89   57.09   78.46   84.99
17:07:00 76.89   57.09   78.46   84.99
17:08:03 76.78   56.86   78.58   84.88
17:09:07 76.66   56.75   78.46   84.76
17:10:10 76.78   57.54   78.46   84.65
17:11:13 76.78   57.42   78.46   84.43
17:12:17 76.78   57.42   78.35   84.43
17:13:20 76.78   57.54   78.35   84.31
17:14:24 76.66   57.31   78.35   84.09
17:15:27 76.78   57.31   78.24   83.97
17:16:30 76.89   57.42   78.35   83.75
17:17:34 76.89   57.09   78.35   83.64
17:18:37 76.78   56.86   78.46   83.64
17:19:40 76.66   57.31   78.35   83.41
17:20:44 76.66   56.98   78.35   83.41
17:21:47 76.78   57.31   78.35   83.30
17:22:50 76.89   57.42   78.35   83.19
17:23:54 76.89   57.20   78.35   95.90
17:24:57 76.89   57.09   78.46   97.03
17:26:00 76.89   57.42   78.46   96.24
17:27:04 76.89   57.09   78.46   97.81
17:28:07 77.00   57.09   78.46   104.68
17:29:10 76.89   57.09   78.46   104.68
17:30:14 77.00   57.31   78.46   104.11
17:31:17 76.89   57.54   78.46   106.03
17:32:20 76.89   57.42   78.46   107.04
17:33:24 77.00   57.88   78.35   105.69
17:34:27 77.00   57.88   78.35   104.11
17:35:30 77.11   57.76   78.46   107.04
17:36:34 77.11   57.76   78.46   107.15
17:37:37 77.11   58.21   78.46   105.80
17:38:40 77.11   58.21   78.35   106.03
17:39:44 77.11   57.99   78.46   107.60
17:40:47 77.00   57.76   78.35   106.59
17:41:50 77.00   58.10   78.24   105.24
17:42:54 77.00   57.88   78.35   103.89
17:43:57 77.00   57.65   78.24   102.65
17:45:00 77.00   57.99   78.35   101.41
17:46:04 77.00   57.65   78.35   100.40
17:47:07 77.00   57.88   78.13   106.48
17:48:10 77.00   57.76   78.24   108.16
17:49:14 77.00   57.65   78.35   108.05
17:50:17 77.00   57.99   78.35   107.04
17:51:21 77.00   57.76   78.35   106.14
17:52:24 77.11   57.99   78.35   105.01
17:53:27 77.00   57.76   78.13   103.78
17:54:31 77.00   57.76   78.24   102.65
17:55:34 77.00   57.76   78.46   101.64
17:56:37 77.00   57.65   78.35   100.63
17:57:41 77.00   57.54   78.46   99.61
17:58:44 76.89   57.65   78.46   98.94
17:59:47 76.89   57.76   78.46   98.04
18:00:51 77.00   57.42   78.13   97.36
18:01:54 76.89   57.54   78.35   96.69
18:02:57 77.00   57.76   78.46   96.13
18:04:01 77.00   57.42   78.35   95.56
18:05:04 77.00   57.31   78.35   95.00
18:06:07 77.22   57.42   78.46   94.55
18:07:11 77.11   57.76   78.46   94.10
18:08:14 77.00   57.76   78.58   93.65
18:09:17 77.00   57.65   78.46   93.09
18:10:21 77.00   57.88   78.58   92.64
18:11:24 76.89   57.65   78.58   92.30
18:12:27 76.89   57.76   78.46   91.85
18:13:31 76.89   57.76   78.58   91.63
18:14:34 77.00   57.31   78.58   91.18
18:15:37 76.89   57.76   78.46   90.95
18:16:40 76.89   58.10   78.46   90.61
18:17:44 76.78   57.76   78.46   90.39
18:18:47 76.89   57.54   78.46   90.05
18:19:50 76.89   57.76   78.46   89.94
18:20:54 76.89   57.76   78.46   89.49
18:21:57 76.89   57.99   78.58   89.15
18:23:00 76.89   57.65   78.46   88.93
18:24:04 76.89   57.54   78.46   88.70
18:25:07 76.89   57.88   78.46   88.47
18:26:10 76.89   57.76   78.46   88.14
18:27:14 76.89   57.88   78.46   87.91
18:28:17 76.89   57.54   78.46   87.69
18:29:20 76.89   57.76   78.46   87.46
18:30:24 76.89   58.10   78.46   87.35
18:31:27 76.89   57.65   78.46   87.24
18:32:30 77.00   58.21   78.35   87.01
18:33:34 76.66   57.76   78.24   87.01
18:34:37 76.66   57.88   77.90   86.79
18:35:40 76.78   57.99   78.24   86.56
18:36:44 76.78   57.54   78.35   86.34
18:37:47 76.66   57.42   78.24   86.34
18:38:51 76.78   57.99   78.24   86.11
18:39:54 76.78   58.10   78.24   86.00
18:40:57 76.78   57.76   78.24   85.89
18:42:01 76.89   57.99   78.24   85.78
18:43:04 76.89   57.88   78.24   85.44
18:44:07 76.89   58.55   78.24   85.33
18:45:11 76.89   58.44   78.01   85.21
18:46:14 76.78   58.78   78.13   84.99
18:47:17 76.78   58.33   78.24   84.99
18:48:21 76.66   58.55   78.24   84.88
18:49:24 76.66   58.33   78.35   84.88
18:50:27 76.66   58.44   78.24   84.76
18:51:31 76.66   58.55   78.24   84.65
18:52:34 76.66   58.44   78.24   84.54
18:53:37 76.66   58.55   78.24   84.54
18:54:41 76.66   58.55   78.24   84.43
18:55:44 76.66   58.89   78.24   84.31
18:56:47 76.66   58.78   78.24   84.20
18:57:51 76.66   58.55   78.35   83.97
18:58:54 76.66   58.55   78.24   83.86
18:59:57 76.66   58.78   78.24   83.75
19:01:01 76.66   58.78   78.24   83.64
19:02:04 76.66   58.78   78.13   83.53
19:03:07 76.55   58.78   78.13   83.41
19:04:11 76.66   58.55   78.24   83.41
19:05:14 76.66   58.33   78.24   83.41
19:06:17 76.55   58.21   78.24   83.30
19:07:21 76.44   58.10   78.24   83.30
19:08:24 76.55   58.33   78.24   83.08
19:09:27 76.44   58.55   78.13   83.08
19:10:31 76.44   58.44   78.24   82.96
19:11:34 76.44   58.21   78.13   82.96
19:12:37 76.55   58.78   78.13   82.96
19:13:41 76.55   58.21   78.13   82.85
19:14:44 76.55   57.88   78.13   82.74
19:15:48 76.44   58.78   78.13   82.74
19:16:51 76.55   57.99   78.24   82.74
19:17:54 76.44   57.99   78.13   82.63
19:18:58 76.55   58.21   78.13   82.51
19:20:01 76.55   58.55   78.13   82.40
19:21:04 76.44   58.44   78.13   82.40
19:22:08 76.55   58.10   78.13   82.40
19:23:11 76.55   58.44   78.13   82.29
19:24:14 76.44   58.66   78.13   82.29
19:25:18 76.44   58.21   78.13   82.18
19:26:21 76.44   58.78   78.01   82.18
19:27:24 76.55   58.89   77.90   82.29
19:28:28 76.55   58.89   78.01   95.00
19:29:31 76.55   58.89   78.01   99.73
19:30:34 76.55   59.11   77.90   100.06
19:31:38 76.55   58.89   78.13   98.71
19:32:41 76.55   59.11   78.01   97.25
19:33:44 76.55   59.00   78.01   96.13
19:34:48 76.55   59.11   78.13   95.11
19:35:51 76.66   58.89   78.01   94.10
19:36:54 76.55   58.89   78.13   93.20
19:37:58 76.55   59.11   78.01   92.41
19:39:01 76.55   59.23   78.13   91.96
19:40:04 76.55   59.11   78.01   91.40
19:41:08 76.66   58.89   78.01   90.95
19:42:11 76.66   58.89   78.13   90.50
19:43:14 76.66   59.00   78.01   90.16
19:44:18 76.66   59.23   78.01   89.94
19:45:21 76.66   59.00   78.01   89.60
19:46:24 76.66   59.11   78.01   89.26
19:47:28 76.55   59.00   77.90   88.81
19:48:31 76.66   59.00   77.90   88.59
19:49:34 76.55   59.00   77.90   88.14
19:50:38 76.55   59.34   77.90   87.91
19:51:41 76.66   59.34   77.90   87.58
19:52:44 76.55   59.23   77.90   87.35
19:53:48 76.66   59.23   77.90   87.24
19:54:51 76.55   59.23   77.90   88.25
19:55:55 76.55   59.34   77.90   88.36
19:56:58 76.66   59.23   78.01   88.03
19:58:01 76.66   59.23   77.90   87.80
19:59:05 76.55   59.11   78.01   87.58
20:00:08 76.55   59.11   77.90   87.35
20:01:11 76.55   59.00   77.79   87.24
20:02:15 76.55   59.00   77.90   86.90
20:03:18 76.55   59.00   77.90   86.68
20:04:21 76.55   59.00   77.79   86.45
20:05:25 76.55   59.00   77.79   86.22
20:06:28 76.55   59.11   77.90   86.00
20:07:31 76.55   59.11   77.79   85.89
20:08:35 76.55   58.78   77.90   85.66
20:09:38 76.66   59.11   77.90   85.55
20:10:41 76.55   59.00   77.79   85.33
20:11:45 76.55   59.00   77.79   85.33
20:12:48 76.55   58.55   77.79   85.21
20:13:51 76.55   59.00   77.79   84.99
20:14:55 76.55   58.89   77.79   84.76
20:15:58 76.55   58.44   77.90   84.54
20:17:01 76.55   58.89   77.90   84.43
20:18:05 76.44   58.89   77.79   84.31
20:19:08 76.44   58.89   77.90   84.20
20:20:11 76.44   58.89   77.79   84.20
20:21:15 76.44   58.78   77.79   84.99
20:22:18 76.55   58.66   77.79   84.76
20:23:21 76.55   58.78   77.79   84.65
20:24:25 76.55   58.66   77.90   84.65
20:25:28 76.55   58.89   77.90   84.43
20:26:31 76.55   58.66   77.90   84.31
20:27:35 76.44   58.89   77.68   84.20
20:28:38 76.44   58.78   77.68   84.09
20:29:41 76.44   59.00   77.45   83.97
20:30:45 76.55   58.78   77.79   83.97
20:31:48 76.44   58.78   77.79   83.86
20:32:51 76.44   58.55   77.90   83.75
20:33:55 76.44   58.78   78.01   83.53
20:34:58 76.55   59.00   78.01   83.64
20:36:01 76.44   58.66   77.90   83.53
20:37:05 76.33   58.78   78.01   83.41
20:38:08 76.33   58.55   78.01   83.30
20:39:12 76.33   58.55   78.01   83.19
20:40:15 76.44   58.66   78.01   83.08
20:41:18 76.33   58.78   77.90   83.08
20:42:22 76.33   58.78   77.68   82.85
20:43:25 76.44   58.78   77.79   82.85
20:44:28 76.21   58.55   77.90   82.74
20:45:32 76.33   58.89   77.90   82.63
20:46:35 76.33   58.44   77.79   82.63
20:47:38 76.44   58.78   77.79   82.63
20:48:42 76.44   58.89   77.79   82.63
20:49:45 76.33   58.44   77.79   82.51
20:50:48 76.33   58.78   77.79   82.40
20:51:52 76.21   58.78   77.79   82.18
20:52:55 76.33   58.55   77.79   82.18
20:53:58 76.33   58.78   77.79   82.18
20:55:02 76.33   58.33   77.68   82.18
20:56:05 76.33   58.66   77.68   82.18
20:57:08 76.33   58.66   77.68   82.18
20:58:12 76.33   58.55   77.68   82.18
20:59:15 76.33   58.55   77.68   82.18
21:00:18 76.44   58.78   77.68   82.29
21:01:22 76.33   58.33   77.79   82.06
21:02:25 76.33   58.66   77.68   81.95
21:03:28 76.21   58.55   77.68   81.95
21:04:32 76.21   58.78   77.68   82.06
21:05:35 76.21   58.55   77.34   81.95
21:06:38 76.21   58.44   77.56   81.84
21:07:42 76.21   58.66   77.56   81.72
21:08:45 76.33   58.55   77.68   81.72
21:09:48 76.33   58.44   77.79   81.61
21:10:52 76.33   58.78   77.79   81.61
21:11:55 76.21   58.44   77.68   81.50
21:12:59 76.21   58.55   77.56   81.50
21:14:02 76.10   58.21   77.45   81.50
21:15:05 76.10   58.33   77.56   81.50
21:16:09 75.99   58.44   77.68   81.39
21:17:12 76.10   58.10   77.79   81.39
21:18:15 76.10   58.33   77.68   81.28
21:19:19 76.10   58.66   77.68   81.39
21:20:22 76.10   58.44   77.68   81.39
21:21:25 76.21   58.55   77.56   81.39
21:22:29 76.21   58.44   77.56   81.28
21:23:32 76.21   58.78   77.68   81.28
21:24:35 76.21   58.33   77.79   81.28
21:25:39 76.21   58.89   77.79   81.28
21:26:42 76.21   58.55   77.79   81.28
21:27:45 76.21   58.78   77.56   81.16
21:28:49 76.10   58.78   77.68   81.28
21:29:52 75.99   58.55   77.68   81.28
21:30:55 76.10   58.78   77.79   81.16
21:31:59 76.10   58.66   77.79   81.16
21:33:02 76.10   58.44   77.79   81.16
21:34:05 76.10   58.55   77.90   81.16
21:35:09 76.10   58.44   77.79   81.16
21:36:12 76.10   58.21   77.90   81.05
21:37:15 76.10   58.55   77.79   81.05
21:38:19 75.99   58.33   77.68   80.94
21:39:22 76.10   58.44   77.79   80.94
21:40:25 76.10   58.33   77.79   80.94
21:41:29 75.99   58.44   77.79   80.94
21:42:32 75.99   58.55   77.79   81.05
21:43:35 75.99   58.21   77.79   80.94
21:44:39 76.10   58.21   77.90   80.83
21:45:42 75.99   58.44   77.90   80.71
21:46:46 75.88   58.33   77.90   80.60
21:47:49 75.99   58.44   77.79   80.71
21:48:52 75.99   58.44   77.90   80.71
21:49:56 75.99   58.44   78.01   80.71
21:50:59 76.10   58.55   77.68   80.71
21:52:02 75.99   58.55   77.79   80.71
21:53:06 75.99   58.66   77.79   80.60
21:54:09 76.21   58.21   77.79   80.60
21:55:12 76.10   58.55   77.90   85.10
21:56:16 76.21   58.66   77.79   100.40
21:57:19 76.21   58.66   77.90   104.79
21:58:22 75.99   58.78   77.90   105.58
21:59:26 76.21   58.78   77.79   105.35
22:00:29 76.21   58.66   77.79   104.90
22:01:32 76.21   58.55   77.79   104.23
22:02:36 75.99   58.66   77.90   103.55
22:03:39 75.99   58.66   77.79   102.99
22:04:42 75.99   58.44   77.68   102.31
22:05:46 75.88   58.55   77.79   101.64
22:06:49 75.88   57.99   77.90   100.96
22:07:52 75.88   58.33   77.90   100.29
22:08:56 75.88   58.55   77.79   99.61
22:09:59 75.99   58.33   77.79   99.05
22:11:02 75.88   58.44   77.79   98.38
22:12:06 75.88   58.44   77.90   97.81
22:13:09 75.88   58.66   77.90   97.25
22:14:13 75.88   58.55   77.68   96.69
22:15:16 75.99   58.66   77.79   96.13
22:16:19 75.88   58.55   77.68   95.56
22:17:23 75.76   58.33   77.79   95.11
22:18:26 75.88   58.44   77.68   94.66
22:19:29 75.88   58.44   77.79   94.10
22:20:33 75.88   58.33   77.68   93.76
22:21:36 75.99   58.44   77.79   93.31
22:22:39 75.99   58.33   77.56   92.86
22:23:43 75.88   58.55   77.34   92.53
22:24:46 75.88   58.44   77.34   92.08
22:25:49 75.88   58.33   77.45   91.85
22:26:53 75.76   57.99   77.68   91.40
22:27:56 75.76   58.21   77.79   90.95
22:28:59 75.88   58.10   77.56   90.61
22:30:03 75.88   57.76   77.68   90.39
22:31:06 75.99   58.10   77.79   90.05
22:32:09 75.88   57.99   77.45   89.71
22:33:13 75.88   58.10   77.56   89.49
22:34:16 75.88   57.54   77.56   89.49
22:35:19 75.76   57.76   77.56   99.61
22:36:23 75.65   57.99   77.56   104.23
22:37:26 75.65   57.42   77.56   105.80
22:38:29 75.54   57.09   77.56   106.03
22:39:33 75.54   57.31   77.56   105.91
22:40:36 75.54   57.42   77.56   105.35
22:41:39 75.43   57.31   77.56   104.68
22:42:43 75.43   57.20   77.45   104.00
22:43:46 75.43   57.20   77.34   103.10
22:44:50 75.43   57.31   77.34   102.20
22:45:53 75.31   57.54   77.45   101.53
22:46:56 75.20   57.20   77.45   100.74
22:48:00 75.31   56.98   77.22   100.06
22:49:03 75.31   57.20   77.22   99.39
22:50:06 75.31   57.42   77.22   98.60
22:51:10 75.31   56.64   77.22   98.04
22:52:13 75.31   56.53   77.34   97.36
22:53:16 75.20   57.20   77.22   96.80
22:54:20 75.20   57.09   77.22   96.35
22:55:23 75.20   56.75   77.11   95.68
22:56:26 75.20   56.75   77.11   95.22
22:57:30 75.20   56.75   77.22   94.78
22:58:33 75.20   57.20   77.11   94.21
22:59:36 75.20   57.54   77.11   93.76
23:00:40 75.09   56.53   77.00   93.31
23:01:43 75.09   56.98   77.00   92.97
23:02:46 75.09   57.09   77.00   92.53
23:03:50 75.09   57.31   76.89   92.19
23:04:53 74.97   56.53   76.89   91.85
23:05:56 74.97   56.75   77.00   91.51
23:07:00 75.09   57.09   77.00   91.06
23:08:03 74.97   56.64   77.00   90.72
23:09:06 74.97   56.30   77.00   90.39
23:10:10 74.97   56.41   77.00   90.05
23:11:13 74.97   56.86   76.89   89.71
23:12:16 74.97   56.75   76.89   89.49
23:13:20 74.86   56.75   76.66   89.26
23:14:23 74.97   55.96   76.78   88.93
23:15:26 74.86   56.98   76.89   88.70
23:16:30 74.86   56.64   76.78   88.36
23:17:33 74.86   56.19   76.89   88.14
23:18:37 74.75   56.41   76.78   87.91
23:19:40 74.97   56.64   76.78   87.58
23:20:43 74.86   56.53   76.66   87.46
23:21:47 74.86   56.41   76.44   87.24
23:22:50 74.75   56.41   76.66   86.90
23:23:53 74.86   57.09   76.66   86.56
23:24:57 74.75   56.86   76.66   86.45
23:26:00 74.86   56.98   76.55   86.22
23:27:03 74.86   56.86   76.55   85.89
23:28:07 74.75   56.75   76.66   85.78
23:29:10 74.75   56.30   76.55   85.66
23:30:13 74.86   56.75   76.55   85.33
23:31:17 74.75   56.41   76.66   85.21
23:32:20 74.64   56.30   76.66   85.10
23:33:23 74.64   56.30   76.44   84.99
23:34:27 74.64   56.08   76.55   84.88
23:35:30 74.64   56.30   76.55   84.76
23:36:33 74.64   56.41   76.44   84.54
23:37:37 74.64   56.86   76.44   84.43
23:38:40 74.53   56.41   76.44   84.20
23:39:43 74.53   55.96   76.33   84.09
23:40:47 74.64   56.30   76.21   84.09
23:41:50 74.64   56.53   76.44   83.86
23:42:53 74.41   56.30   76.33   83.75
23:43:57 74.53   56.53   76.44   83.53
23:45:00 74.41   56.41   76.33   83.53
23:46:03 74.53   56.30   76.44   83.41
23:47:07 74.53   55.51   76.33   83.08
23:48:10 74.41   55.51   76.21   82.96
23:49:13 74.53   56.41   76.21   82.96
23:50:17 74.41   56.41   76.10   82.85
23:51:20 74.41   56.53   76.33   82.74
23:52:23 74.41   56.30   76.21   82.63
23:53:27 74.41   56.41   76.33   82.63
23:54:30 74.41   55.85   76.21   82.51
23:55:34 74.30   55.85   76.21   82.51
23:56:37 74.30   56.53   76.21   82.29
23:57:40 74.30   56.19   76.10   82.29
23:58:44 74.30   56.41   76.10   82.18
23:59:47 74.30   56.64   75.99   81.95
