00:01:01 72.84   68.82   72.93   83.58
00:02:12 72.93   61.88   72.92   83.46
00:03:22 72.87   56.45   72.96   83.31
00:04:33 72.79   55.54   72.92   83.11
00:05:43 72.72   55.22   72.97   82.93
00:06:53 72.60   55.26   73.04   82.70
00:08:04 72.56   55.47   72.90   82.48
00:09:14 72.54   55.51   72.89   82.27
00:10:24 72.49   55.56   72.97   82.12
00:11:35 72.47   55.38   72.78   82.00
00:12:45 72.43   55.75   72.84   81.80
00:13:56 72.45   63.06   72.84   81.65
00:15:06 72.60   65.74   72.89   81.58
00:16:16 72.71   67.45   72.92   81.44
00:17:27 72.74   68.40   72.87   81.38
00:18:37 72.76   69.06   72.94   81.28
00:19:48 72.88   70.05   72.94   81.25
00:20:58 72.95   71.34   72.96   81.18
00:22:08 73.06   72.39   73.06   81.07
00:23:19 73.16   73.34   73.14   80.94
00:24:29 73.28   74.00   73.12   80.94
00:25:39 73.36   66.33   73.25   80.82
00:26:50 73.29   57.72   73.26   80.71
00:28:00 73.14   56.22   73.12   80.70
00:29:11 73.03   55.73   73.11   80.53
00:30:21 72.91   55.45   73.14   80.40
00:31:31 72.81   55.73   73.07   80.29
00:32:42 72.79   56.49   73.02   80.24
00:33:52 72.73   63.97   73.05   80.16
00:35:02 72.83   66.38   73.10   80.10
00:36:13 72.90   67.84   72.96   80.04
00:37:23 72.96   69.16   73.01   79.99
00:38:34 72.99   71.34   73.05   79.98
00:39:44 73.13   73.33   73.07   79.95
00:40:54 73.25   74.33   73.29   79.99
00:42:05 73.30   74.77   73.26   79.87
00:43:15 73.37   74.96   73.33   79.73
00:44:26 73.47   75.10   73.45   79.77
00:45:36 73.51   75.20   73.43   79.82
00:46:46 73.56   75.27   73.41   79.80
00:47:57 73.64   75.37   73.51   79.81
00:49:07 73.67   75.46   73.46   79.81
00:50:17 73.72   75.55   73.53   79.86
00:51:28 73.78   75.63   73.56   79.91
00:52:38 73.82   75.68   73.58   79.90
00:53:49 73.85   75.77   73.56   79.80
00:54:59 73.88   75.86   73.64   79.73
00:56:09 73.92   75.88   73.54   79.69
00:57:20 73.91   75.99   73.68   79.72
00:58:30 73.96   75.99   73.74   79.77
00:59:41 73.99   76.02   73.75   79.71
01:00:51 74.04   76.09   73.70   79.62
01:02:01 74.08   76.11   73.74   79.61
01:03:12 74.09   76.14   73.70   79.72
01:04:22 74.10   76.20   73.67   79.71
01:05:32 74.16   76.21   73.80   79.74
01:06:43 74.19   76.24   73.80   79.77
01:07:53 74.19   76.29   73.90   79.80
01:09:04 74.19   76.32   74.00   79.82
01:10:14 74.19   76.33   74.00   79.93
01:11:24 74.26   76.33   74.00   80.04
01:12:35 74.27   76.35   74.13   80.04
01:13:45 74.29   76.40   74.00   80.04
01:14:56 74.31   76.44   74.10   80.00
01:16:06 74.30   76.44   74.12   80.01
01:17:16 74.32   76.45   74.14   80.14
01:18:27 74.37   76.47   74.08   80.14
01:19:37 74.41   76.50   74.15   80.15
01:20:47 74.42   76.54   74.27   80.18
01:21:58 74.45   76.55   74.23   80.20
01:23:08 74.41   76.55   74.37   80.20
01:24:19 74.43   76.59   74.39   80.22
01:25:29 74.43   76.65   74.36   80.17
01:26:39 74.47   76.65   74.41   80.26
01:27:50 74.51   76.66   74.44   80.26
01:29:00 74.53   76.66   74.51   80.25
01:30:10 74.54   76.67   74.53   80.27
01:31:21 74.58   76.74   74.46   80.26
01:32:31 74.58   76.78   74.51   80.26
01:33:42 74.58   76.78   74.46   80.36
01:34:52 74.62   76.80   74.52   80.41
01:36:02 74.62   76.84   74.41   80.43
01:37:13 74.63   76.89   74.44   80.38
01:38:23 74.64   76.88   74.38   80.38
01:39:34 74.65   76.89   74.48   80.38
01:40:44 74.64   76.89   74.61   80.37
01:41:54 74.69   76.89   74.51   80.37
01:43:05 74.66   76.90   74.51   80.44
01:44:15 74.71   76.92   74.52   80.38
01:45:25 74.71   76.94   74.53   80.37
01:46:36 74.67   76.98   74.59   80.36
01:47:46 74.71   77.00   74.60   80.41
01:48:57 74.73   77.00   74.70   80.46
01:50:07 74.74   77.00   74.67   80.49
01:51:17 74.74   77.00   74.68   80.49
01:52:28 74.76   77.00   74.61   80.57
01:53:38 74.77   77.00   74.69   80.56
01:54:48 74.77   77.02   74.73   80.52
01:55:59 74.81   77.01   74.72   80.58
01:57:09 74.79   77.02   74.77   80.54
01:58:20 74.82   77.08   74.82   80.60
01:59:30 74.80   77.02   74.83   80.66
02:00:40 74.87   77.03   74.85   80.71
02:01:51 74.86   77.11   74.95   80.68
02:03:01 74.86   77.11   74.83   80.71
02:04:11 74.86   77.13   74.82   80.76
02:05:22 74.88   77.21   74.83   80.81
02:06:32 74.88   77.22   74.79   80.71
02:07:43 74.94   77.22   74.86   80.71
02:08:53 74.99   77.24   74.85   80.72
02:10:03 74.96   77.27   75.04   80.71
02:11:14 74.95   77.30   74.84   80.71
02:12:24 74.97   77.34   74.88   80.71
02:13:35 74.99   77.34   74.98   80.74
02:14:45 74.97   77.34   75.13   80.70
02:15:55 74.99   77.34   75.12   80.71
02:17:06 74.99   77.34   75.16   80.79
02:18:16 74.99   77.35   75.17   80.86
02:19:26 75.08   77.40   75.20   80.94
02:20:37 75.06   77.45   75.13   80.93
02:21:47 75.04   77.45   75.10   80.98
02:22:58 75.08   77.45   75.25   80.98
02:24:08 75.09   77.45   75.21   81.04
02:25:18 75.09   77.45   75.12   81.01
02:26:29 75.09   77.54   75.19   81.06
02:27:39 75.10   77.56   75.17   81.10
02:28:50 75.10   77.48   75.31   81.05
02:30:00 75.09   77.45   75.45   81.14
02:31:10 75.09   77.45   75.39   81.10
02:32:21 75.09   77.46   75.42   81.10
02:33:31 75.15   77.46   75.46   81.11
02:34:41 75.14   77.52   75.41   81.05
02:35:52 75.17   77.54   75.35   81.08
02:37:02 75.18   77.55   75.48   81.15
02:38:13 75.20   77.56   75.48   81.14
02:39:23 75.20   77.57   75.34   81.16
02:40:33 75.19   77.58   75.41   81.17
02:41:44 75.19   77.67   75.49   81.16
02:42:54 75.20   77.69   75.39   81.16
02:44:04 75.20   77.78   75.41   81.16
02:45:15 75.20   77.79   75.47   81.16
02:46:25 75.20   77.82   75.44   81.18
02:47:36 75.23   77.87   75.57   81.20
02:48:46 75.29   77.89   75.49   81.25
02:49:56 75.30   77.90   75.58   81.29
02:51:07 75.30   77.91   75.61   81.33
02:52:17 75.31   77.91   75.67   81.29
02:53:28 75.31   78.00   75.67   81.39
02:54:38 75.31   78.01   75.59   81.42
02:55:48 75.31   78.01   75.77   81.31
02:56:59 75.31   78.01   75.69   81.28
02:58:09 75.32   78.01   75.73   81.38
02:59:19 75.33   78.01   75.81   81.36
03:00:30 75.33   78.02   75.83   81.40
03:01:40 75.40   78.02   75.77   81.41
03:02:51 75.42   78.02   75.70   81.42
03:04:01 75.42   78.01   75.65   81.39
03:05:11 75.43   78.06   75.70   81.39
03:06:22 75.46   78.11   75.66   81.48
03:07:32 75.49   78.13   75.71   81.54
03:08:43 75.53   78.13   75.76   81.49
03:09:53 75.53   78.13   75.74   81.50
03:11:03 75.54   78.13   75.81   81.57
03:12:14 75.51   78.13   75.91   81.58
03:13:24 75.54   78.14   75.95   81.50
03:14:34 75.54   78.14   75.84   81.50
03:15:45 75.53   78.15   75.77   81.47
03:16:55 75.50   78.15   75.81   81.43
03:18:06 75.55   78.14   75.82   81.50
03:19:16 75.54   78.19   75.94   81.50
03:20:26 75.52   78.18   75.92   81.62
03:21:37 75.54   78.23   75.81   81.65
03:22:47 75.55   78.23   75.80   81.61
03:23:58 75.54   78.24   75.83   81.66
03:25:08 75.59   78.24   75.91   81.65
03:26:18 75.58   78.24   75.95   81.69
03:27:29 75.62   78.24   76.11   81.73
03:28:39 75.62   78.24   76.03   81.69
03:29:49 75.64   78.24   75.94   81.61
03:31:00 75.64   78.24   76.03   81.70
03:32:10 75.66   78.24   76.03   81.75
03:33:21 75.64   78.25   76.27   81.69
03:34:31 75.65   78.24   76.13   81.74
03:35:41 75.66   78.28   76.14   81.72
03:36:52 75.67   78.29   76.18   81.70
03:38:02 75.65   78.30   76.00   81.66
03:39:13 75.67   78.30   76.11   81.72
03:40:23 75.70   78.34   75.97   81.72
03:41:33 75.71   78.33   76.04   81.82
03:42:44 75.72   78.34   76.01   81.92
03:43:54 75.69   78.35   76.05   81.94
03:45:04 75.66   78.34   76.03   81.85
03:46:15 75.70   78.30   75.94   81.94
03:47:25 75.73   78.24   76.11   81.95
03:48:36 75.74   78.26   76.03   81.94
03:49:46 75.76   78.30   76.10   81.95
03:50:56 75.72   78.31   76.14   81.95
03:52:07 75.76   78.33   76.26   81.95
03:53:17 75.76   78.35   76.12   81.95
03:54:27 75.76   78.35   76.18   81.95
03:55:38 75.76   78.34   76.17   82.00
03:56:48 75.76   78.35   76.08   81.97
03:57:59 75.76   78.35   76.22   81.89
03:59:09 75.77   78.36   76.20   81.92
04:00:19 75.77   78.37   76.26   81.95
04:01:30 75.77   78.38   76.21   81.98
04:02:40 75.76   78.37   76.33   82.03
04:03:50 75.77   78.42   76.48   82.06
04:05:01 75.78   78.44   76.44   82.06
04:06:11 75.84   78.46   76.38   82.06
04:07:22 75.84   78.46   76.39   82.06
04:08:32 75.83   78.46   76.43   82.08
04:09:42 75.80   78.46   76.27   82.06
04:10:53 75.80   78.46   76.39   82.06
04:12:03 75.84   78.49   76.26   82.07
04:13:13 75.88   78.47   76.44   82.12
04:14:24 75.88   73.29   76.40   82.17
04:15:34 75.76   64.00   76.50   82.10
04:16:45 75.60   61.85   76.47   82.03
04:17:55 75.46   60.93   76.45   81.97
04:19:05 75.28   60.54   76.36   81.86
04:20:16 75.13   63.38   76.33   81.75
04:21:26 75.12   68.70   76.31   81.77
04:22:37 75.16   70.72   76.30   81.84
04:23:47 75.17   72.57   76.38   81.84
04:24:57 75.23   73.66   76.30   81.84
04:26:08 75.23   75.01   76.26   81.82
04:27:18 75.28   76.49   76.25   81.79
04:28:28 75.33   77.47   76.31   81.73
04:29:39 75.42   77.91   76.27   81.72
04:30:49 75.47   78.12   76.37   81.72
04:32:00 75.52   78.21   76.33   81.72
04:33:10 75.59   78.24   76.35   81.72
04:34:20 75.64   78.27   76.34   81.72
04:35:31 75.67   78.34   76.39   81.72
04:36:41 75.74   78.35   76.37   81.72
04:37:52 75.76   78.38   76.44   81.73
04:39:02 75.76   78.46   76.53   81.85
04:40:12 75.77   78.46   76.50   81.95
04:41:23 75.78   78.47   76.56   81.98
04:42:33 75.86   78.51   76.40   81.95
04:43:43 75.87   78.54   76.41   81.94
04:44:54 75.88   77.62   76.47   81.87
04:46:04 75.88   65.02   76.30   81.89
04:47:15 75.77   61.42   76.30   81.89
04:48:25 75.53   60.65   76.45   81.84
04:49:35 75.37   60.30   76.38   81.83
04:50:46 75.21   60.17   76.43   81.83
04:51:56 75.08   60.52   76.35   81.74
04:53:06 75.07   67.03   76.35   81.68
04:54:17 75.11   69.38   76.34   81.71
04:55:27 75.16   71.27   76.35   81.64
04:56:38 75.11   72.10   76.34   81.71
04:57:48 75.20   73.16   76.36   81.72
04:58:58 75.21   74.70   76.45   81.72
05:00:09 75.28   76.30   76.35   81.72
05:01:19 75.32   77.41   76.22   81.72
05:02:30 75.33   77.93   76.34   81.73
05:03:40 75.41   78.09   76.39   81.82
05:04:50 75.45   78.17   76.44   81.78
05:06:01 75.52   78.24   76.42   81.72
05:07:11 75.57   78.24   76.40   81.63
05:08:21 75.66   78.30   76.38   81.71
05:09:32 75.67   78.34   76.46   81.72
05:10:42 75.69   78.20   76.42   81.72
05:11:53 75.75   66.98   76.45   81.71
05:13:03 75.61   61.67   76.54   81.71
05:14:13 75.46   60.88   76.43   81.65
05:15:24 75.24   60.46   76.44   81.53
05:16:34 75.11   60.19   76.38   81.49
05:17:44 75.01   60.16   76.38   81.44
05:18:55 74.83   61.98   76.31   81.40
05:20:05 74.86   68.16   76.20   87.52
05:21:16 74.95   70.04   76.26   100.38
05:22:26 74.98   71.45   76.30   103.16
05:23:36 75.04   72.10   76.31   103.96
05:24:47 75.11   73.02   76.22   104.48
05:25:57 75.18   74.40   76.26   104.74
05:27:08 75.25   75.95   76.24   104.74
05:28:18 75.32   77.17   76.12   106.02
05:29:28 75.41   77.88   76.13   107.00
05:30:39 75.51   78.16   76.12   107.41
05:31:49 75.60   78.26   76.26   107.87
05:32:59 75.68   78.38   76.20   107.75
05:34:10 75.77   74.06   76.23   107.14
05:35:20 75.80   63.07   76.20   106.32
05:36:31 75.71   60.84   76.35   105.49
05:37:41 75.62   60.38   76.26   105.22
05:38:51 75.47   60.15   76.25   105.32
05:40:02 75.33   60.26   76.21   104.76
05:41:12 75.21   60.19   76.18   106.46
05:42:23 75.13   60.11   76.20   107.41
05:43:33 75.05   59.79   76.21   106.54
05:44:43 74.97   64.23   76.21   105.50
05:45:54 75.11   68.73   76.18   107.88
05:47:04 75.16   70.91   76.25   108.33
05:48:14 75.21   71.83   76.26   107.32
05:49:25 75.31   72.19   76.21   106.21
05:50:35 75.33   72.49   76.22   105.16
05:51:46 75.42   73.11   76.09   104.22
05:52:56 75.46   72.24   76.12   103.36
05:54:06 75.52   64.13   76.16   104.88
05:55:17 75.45   61.19   76.04   105.91
05:56:27 75.39   60.55   76.22   108.39
05:57:38 75.30   60.43   76.18   109.82
05:58:48 75.17   60.35   76.18   109.39
05:59:58 75.07   60.14   76.11   108.42
06:01:09 75.01   59.88   75.95   107.24
06:02:19 74.96   59.53   75.94   106.08
06:03:29 74.85   59.22   75.86   104.91
06:04:40 74.76   59.51   75.85   103.84
06:05:50 74.72   59.33   75.88   102.85
06:07:01 74.68   58.92   75.84   103.13
06:08:11 74.64   64.03   75.89   107.80
06:09:21 74.73   68.30   75.79   108.65
06:10:32 74.84   70.31   75.82   108.05
06:11:42 74.93   71.32   75.96   106.89
06:12:53 74.97   71.75   75.95   105.70
06:14:03 74.98   71.55   75.82   104.55
06:15:13 75.05   65.15   75.76   103.51
06:16:24 74.98   61.46   75.71   102.49
06:17:34 74.87   60.62   75.59   101.60
06:18:44 74.77   60.33   75.64   100.72
06:19:55 74.69   60.11   75.72   99.89
06:21:05 74.63   59.95   75.77   99.10
06:22:16 74.54   59.85   75.77   98.47
06:23:26 74.54   59.69   75.82   97.87
06:24:36 74.51   59.33   75.71   98.94
06:25:47 74.47   59.43   75.70   106.06
06:26:57 74.43   59.30   75.76   107.82
06:28:07 74.40   59.21   75.67   108.74
06:29:18 74.34   59.11   75.62   109.38
06:30:28 74.34   58.97   75.62   109.74
06:31:39 74.35   58.84   75.67   110.06
06:32:49 74.36   58.80   75.60   110.28
06:33:59 74.36   58.74   75.52   110.29
06:35:10 74.31   58.95   75.53   109.66
06:36:20 74.31   58.90   75.56   108.96
06:37:31 74.32   59.08   75.53   110.53
06:38:41 74.34   58.89   75.53   111.35
06:39:51 74.30   58.81   75.45   112.04
06:41:02 74.27   58.87   75.39   112.88
06:42:12 74.27   58.72   75.42   112.85
06:43:22 74.26   59.66   75.29   112.12
06:44:33 74.37   66.31   75.30   111.18
06:45:43 74.47   68.35   75.36   110.18
06:46:54 74.63   69.99   75.28   109.17
06:48:04 74.64   70.55   75.35   108.27
06:49:14 74.73   68.73   75.32   107.32
06:50:25 74.77   62.86   75.37   106.46
06:51:35 74.68   60.30   75.19   112.05
06:52:46 74.61   59.87   75.28   114.18
06:53:56 74.47   59.73   75.28   113.28
06:55:06 74.42   59.71   75.29   112.00
06:56:17 74.34   59.47   75.23   110.70
06:57:27 74.29   59.19   75.25   109.48
06:58:37 74.24   59.06   75.28   108.82
06:59:48 74.22   58.99   75.27   113.24
07:00:58 74.19   58.93   75.27   114.37
07:02:09 74.17   58.94   75.27   114.24
07:03:19 74.18   58.90   75.27   113.30
07:04:29 74.18   58.77   75.21   112.23
07:05:40 74.08   58.53   75.25   111.03
07:06:50 74.09   58.56   75.22   109.80
07:08:01 74.08   58.45   75.21   108.70
07:09:11 74.04   58.38   75.18   107.54
07:10:21 74.05   58.30   75.21   106.46
07:11:32 73.98   58.16   75.20   105.43
07:12:42 73.96   58.14   75.15   104.45
07:13:52 73.92   58.23   75.04   103.56
07:15:03 73.93   58.07   74.99   102.63
07:16:13 73.97   58.23   75.01   101.81
07:17:24 73.96   58.02   75.01   101.02
07:18:34 73.92   58.08   75.00   100.35
07:19:44 73.84   58.10   74.99   99.62
07:20:55 73.85   58.05   75.00   98.95
07:22:05 73.85   57.94   75.00   98.40
07:23:16 73.80   57.85   74.94   97.91
07:24:26 73.75   57.95   74.88   97.32
07:25:36 73.74   57.80   74.92   96.71
07:26:47 73.72   57.76   74.97   96.15
07:27:57 73.71   57.66   74.97   95.61
07:29:07 73.69   57.81   74.90   95.08
07:30:18 73.63   57.79   74.82   94.61
07:31:28 73.60   57.69   74.80   94.15
07:32:39 73.61   57.59   74.85   93.60
07:33:49 73.59   57.37   74.86   93.21
07:34:59 73.56   57.40   74.85   92.76
07:36:10 73.55   57.52   74.81   92.33
07:37:20 73.54   57.42   74.78   91.92
07:38:30 73.51   57.44   74.75   91.52
07:39:41 73.50   57.43   74.67   91.09
07:40:51 73.49   57.28   74.63   90.74
07:42:02 73.45   57.29   74.60   90.39
07:43:12 73.46   57.24   74.44   90.03
07:44:22 73.46   57.34   74.47   97.76
07:45:33 73.49   57.08   74.57   107.15
07:46:43 73.37   56.98   74.54   107.17
07:47:54 73.37   56.81   74.53   105.76
07:49:04 73.44   57.11   74.45   104.00
07:50:14 73.37   57.13   74.42   104.98
07:51:25 73.32   57.11   74.50   105.82
07:52:35 73.29   56.79   74.40   107.20
07:53:45 73.26   56.68   74.30   106.77
07:54:56 73.26   56.57   74.31   105.73
07:56:06 73.30   56.49   74.32   104.58
07:57:17 73.30   56.75   74.39   103.42
07:58:27 73.29   57.03   74.21   102.33
07:59:37 73.28   56.74   74.25   101.28
08:00:48 73.25   56.71   74.32   100.33
08:01:58 73.21   56.78   74.31   99.33
08:03:09 73.19   56.67   74.28   98.50
08:04:19 73.19   56.78   74.24   97.74
08:05:29 73.17   56.75   74.28   97.09
08:06:40 73.16   56.54   74.27   96.43
08:07:50 73.13   56.39   74.27   95.78
08:09:00 73.14   56.44   74.29   95.08
08:10:11 73.08   56.28   74.26   94.45
08:11:21 73.08   56.33   74.22   93.88
08:12:32 73.06   56.41   74.19   93.37
08:13:42 73.14   56.40   74.08   92.82
08:14:52 73.10   56.49   74.06   92.36
08:16:03 73.06   56.49   74.03   91.92
08:17:13 72.96   55.92   74.03   91.45
08:18:23 72.99   55.97   74.06   91.01
08:19:34 72.94   56.00   74.06   90.64
08:20:44 72.95   56.20   73.99   90.25
08:21:55 72.90   56.09   73.98   89.91
08:23:05 72.89   55.84   73.93   89.48
08:24:15 72.90   55.56   73.89   89.04
08:25:26 72.84   54.94   73.87   88.76
08:26:36 72.84   55.83   73.94   88.47
08:27:47 72.80   55.79   73.92   88.20
08:28:57 72.82   55.71   73.87   87.83
08:30:07 72.83   55.81   73.79   87.55
08:31:18 72.76   55.69   73.81   87.31
08:32:28 72.75   55.28   73.80   86.94
08:33:38 72.70   55.12   73.80   86.64
08:34:49 72.72   55.61   73.75   86.48
08:35:59 72.69   55.23   73.74   86.25
08:37:10 72.71   55.19   73.78   86.03
08:38:20 72.69   55.32   73.72   85.88
08:39:30 72.62   55.23   73.64   85.56
08:40:41 72.66   55.14   73.60   85.28
08:41:51 72.61   55.27   73.50   85.12
08:43:02 72.58   55.14   73.50   85.00
08:44:12 72.59   54.81   73.58   84.80
08:45:22 72.59   55.19   73.61   84.59
08:46:33 72.58   54.85   73.55   84.35
08:47:43 72.49   54.82   73.57   84.09
08:48:53 72.48   54.89   73.47   83.99
08:50:04 72.49   54.58   73.52   83.91
08:51:14 72.49   54.76   73.52   83.68
08:52:25 72.49   54.99   73.50   83.50
08:53:35 72.44   54.80   73.40   83.36
08:54:45 72.44   54.43   73.43   83.20
08:55:56 72.39   54.10   73.45   83.04
08:57:06 72.42   54.48   73.44   82.98
08:58:16 72.39   54.55   73.42   82.96
08:59:27 72.39   54.44   73.40   82.82
09:00:37 72.39   54.71   73.41   82.63
09:01:48 72.34   54.79   73.45   82.67
09:02:58 72.43   62.75   73.38   82.45
09:04:08 72.56   65.24   73.38   82.30
09:05:19 72.70   66.70   73.43   82.18
09:06:29 72.76   67.48   73.29   82.01
09:07:40 72.89   67.91   73.26   82.01
09:08:50 72.98   68.39   73.37   81.88
09:10:00 73.06   69.32   73.39   81.91
09:11:11 73.16   70.78   73.46   81.95
09:12:21 73.24   72.01   73.41   81.96
09:13:31 73.34   72.94   73.52   81.96
09:14:42 73.42   73.60   73.59   81.89
09:15:52 73.52   74.13   73.61   81.80
09:17:03 73.56   74.42   73.69   81.72
09:18:13 73.63   74.64   73.61   81.80
09:19:23 73.73   74.85   73.60   81.84
09:20:34 73.75   75.04   73.64   81.88
09:21:44 73.83   75.18   73.73   81.84
09:22:54 73.85   75.28   73.71   81.89
09:24:05 73.92   75.40   73.88   81.76
09:25:15 73.96   75.51   73.86   81.72
09:26:26 73.97   75.55   73.89   81.71
09:27:36 74.05   75.65   74.01   81.63
09:28:46 74.08   75.75   74.02   81.72
09:29:57 74.14   75.86   74.05   81.72
09:31:07 74.19   75.93   74.13   81.72
09:32:18 74.19   75.98   74.08   81.70
09:33:28 74.19   76.03   74.14   81.69
09:34:38 74.28   76.09   74.18   81.63
09:35:49 74.30   76.18   74.22   81.71
09:36:59 74.30   76.21   74.23   81.71
09:38:09 74.38   76.23   74.18   81.68
09:39:20 74.41   76.29   74.15   81.76
09:40:30 74.41   76.31   74.23   81.74
09:41:41 74.41   76.33   74.28   81.76
09:42:51 74.49   76.37   74.31   81.84
09:44:01 74.51   76.43   74.38   81.84
09:45:12 74.49   76.44   74.36   81.80
09:46:22 74.51   76.44   74.50   81.75
09:47:33 74.51   76.45   74.34   81.73
09:48:43 74.53   76.50   74.30   81.84
09:49:53 74.55   76.50   74.49   81.74
09:51:04 74.57   76.53   74.53   81.74
09:52:14 74.60   76.55   74.36   81.74
09:53:24 74.62   76.57   74.58   81.79
09:54:35 74.64   76.58   74.53   81.84
09:55:45 74.64   76.58   74.52   81.80
09:56:56 74.66   76.65   74.70   81.80
09:58:06 74.69   76.67   74.74   81.85
09:59:16 74.71   76.67   74.71   81.87
10:00:27 74.71   76.74   74.71   81.88
10:01:37 74.75   76.78   74.74   81.85
10:02:47 74.75   76.78   74.67   81.84
10:03:58 74.78   76.78   74.76   81.80
10:05:08 74.84   76.84   74.75   81.83
10:06:19 74.83   76.87   74.85   81.84
10:07:29 74.86   76.89   74.85   81.87
10:08:39 74.86   76.89   74.79   81.96
10:09:50 74.86   76.89   74.85   81.96
10:11:00 74.88   76.90   74.82   81.99
10:12:11 74.88   76.97   74.85   82.03
10:13:21 74.90   77.00   74.87   82.07
10:14:31 74.97   77.00   74.86   82.12
10:15:42 74.97   77.00   74.82   82.20
10:16:52 74.97   77.06   74.99   82.17
10:18:02 74.97   77.10   75.02   82.15
10:19:13 74.97   77.11   75.08   82.07
10:20:23 74.99   77.11   75.05   82.06
10:21:34 75.05   77.12   75.05   82.12
10:22:44 75.09   77.13   75.01   82.11
10:23:54 75.09   77.19   75.03   82.17
10:25:05 75.09   77.22   75.07   82.17
10:26:15 75.16   77.22   75.08   82.28
10:27:25 75.16   77.24   75.15   82.29
10:28:36 75.19   77.25   75.17   82.32
10:29:46 75.21   77.32   75.13   82.34
10:30:57 75.21   77.34   75.27   82.34
10:32:07 75.21   77.34   75.18   82.33
10:33:17 75.25   77.34   75.21   82.34
10:34:28 75.30   77.35   75.23   82.34
10:35:38 75.30   77.38   75.28   82.40
10:36:49 75.31   77.42   75.30   82.41
10:37:59 75.32   77.44   75.30   82.51
10:39:09 75.31   77.45   75.39   82.52
10:40:20 75.31   77.44   75.30   82.59
10:41:30 75.36   77.45   75.37   82.56
10:42:40 75.40   77.46   75.40   82.51
10:43:51 75.40   77.46   75.51   82.51
10:45:01 75.42   77.55   75.51   82.45
10:46:12 75.42   77.54   75.49   82.48
10:47:22 75.42   77.55   75.46   82.35
10:48:32 75.48   77.56   75.54   82.46
10:49:43 75.46   77.57   75.55   82.51
10:50:53 75.53   77.61   75.63   82.59
10:52:04 75.53   77.65   75.59   82.60
10:53:14 75.54   77.67   75.64   82.61
10:54:24 75.54   77.67   75.58   82.67
10:55:35 75.54   77.68   75.64   82.71
10:56:45 75.54   77.67   75.66   82.63
10:57:55 75.54   77.69   75.61   82.63
10:59:06 75.57   77.76   75.64   82.71
11:00:16 75.54   77.78   75.72   82.75
11:01:27 75.58   77.78   75.81   82.87
11:02:37 75.59   77.79   75.74   82.91
11:03:47 75.62   77.80   75.73   82.92
11:04:58 75.62   77.84   75.77   82.96
11:06:08 75.65   77.89   75.76   82.92
11:07:18 75.65   77.90   75.72   82.90
11:08:29 75.66   77.90   75.77   82.91
11:09:39 75.66   77.91   75.79   82.87
11:10:50 75.67   77.99   75.79   82.90
11:12:00 75.72   78.01   75.86   82.86
11:13:10 75.73   78.01   75.94   83.03
11:14:21 75.73   78.01   75.86   83.18
11:15:31 75.76   78.06   75.86   83.06
11:16:42 75.76   78.08   75.91   83.03
11:17:52 75.78   78.08   75.96   83.08
11:19:02 75.76   78.11   75.93   83.08
11:20:13 75.77   78.13   76.04   83.02
11:21:23 75.79   78.13   75.99   82.96
11:22:33 75.84   78.13   76.06   82.94
11:23:44 75.88   78.16   75.99   82.94
11:24:54 75.88   78.22   75.95   82.97
11:26:05 75.88   78.24   76.03   82.96
11:27:15 75.88   78.25   76.09   82.97
11:28:25 75.88   78.31   76.12   83.06
11:29:36 75.89   78.33   76.18   83.23
11:30:46 75.95   78.24   76.14   83.29
11:31:57 75.98   78.25   76.24   83.15
11:33:07 75.96   78.29   76.27   83.08
11:34:17 75.99   78.29   76.14   83.09
11:35:28 76.04   78.30   76.16   83.11
11:36:38 76.09   78.35   76.20   83.10
11:37:48 76.10   78.35   76.27   83.06
11:38:59 76.09   78.40   76.24   83.08
11:40:09 76.09   78.46   76.18   83.08
11:41:20 76.10   78.46   76.26   83.13
11:42:30 76.10   78.48   76.26   83.20
11:43:40 76.13   78.57   76.23   83.24
11:44:51 76.17   78.58   76.22   83.19
11:46:01 76.21   78.67   76.42   83.30
11:47:11 76.21   78.69   76.36   83.34
11:48:22 76.21   78.75   76.36   83.34
11:49:32 76.21   78.80   76.37   83.30
11:50:43 76.26   78.81   76.36   83.31
11:51:53 76.30   78.81   76.39   83.47
11:53:03 76.31   78.83   76.41   83.51
11:54:14 76.33   78.91   76.38   83.42
11:55:24 76.33   78.91   76.44   83.45
11:56:35 76.33   78.91   76.48   83.41
11:57:45 76.34   78.91   76.42   83.52
11:58:55 76.39   78.93   76.53   83.42
12:00:06 76.43   78.97   76.52   83.46
12:01:16 76.43   78.99   76.46   83.45
12:02:26 76.44   79.02   76.45   83.54
12:03:37 76.44   79.01   76.48   83.58
12:04:47 76.44   79.03   76.54   83.65
12:05:58 76.44   79.03   76.49   83.75
12:07:08 76.45   79.04   76.47   83.69
12:08:18 76.48   79.08   76.54   83.64
12:09:29 76.50   79.11   76.58   83.68
12:10:39 76.47   79.10   76.51   83.59
12:11:50 76.52   79.13   76.57   83.62
12:13:00 76.53   79.14   76.60   83.64
12:14:10 76.54   79.14   76.55   83.64
12:15:21 76.55   79.14   76.57   83.64
12:16:31 76.55   79.14   76.57   83.69
12:17:41 76.56   79.15   76.63   83.73
12:18:52 76.55   79.21   76.67   83.63
12:20:02 76.61   79.25   76.69   83.53
12:21:13 76.62   79.25   76.78   83.53
12:22:23 76.65   79.25   76.73   83.62
12:23:33 76.66   79.26   76.73   83.62
12:24:44 76.66   79.28   76.67   83.70
12:25:54 76.66   79.31   76.66   83.74
12:27:04 76.66   79.35   76.70   83.74
12:28:15 76.67   79.36   76.87   83.77
12:29:25 76.67   79.36   76.80   83.83
12:30:36 76.70   79.36   76.85   83.81
12:31:46 76.77   79.37   76.92   83.86
12:32:56 76.77   79.41   76.82   83.83
12:34:07 76.78   79.45   76.84   83.75
12:35:17 76.78   79.46   76.90   83.82
12:36:27 76.78   79.47   76.99   84.00
12:37:38 76.78   79.47   76.92   84.09
12:38:48 76.81   79.48   77.10   84.09
12:39:59 76.87   79.49   77.08   84.10
12:41:09 76.87   79.48   77.14   84.09
12:42:19 76.86   79.48   77.17   84.06
12:43:30 76.89   79.51   77.13   84.04
12:44:40 76.89   79.54   77.10   84.09
12:45:51 76.89   79.59   77.12   84.09
12:47:01 76.89   79.59   77.22   84.09
12:48:11 76.95   79.59   77.10   84.07
12:49:22 76.97   79.59   77.19   84.04
12:50:32 77.00   79.61   77.14   84.02
12:51:42 77.00   79.67   77.11   84.01
12:52:53 77.00   79.69   77.10   83.99
12:54:03 77.01   79.70   77.22   84.06
12:55:14 77.02   79.70   77.24   84.09
12:56:24 77.10   79.70   77.30   84.22
12:57:34 77.08   79.71   77.26   84.23
12:58:45 77.11   79.75   77.33   84.20
12:59:55 77.11   79.79   77.29   84.20
13:01:06 77.11   79.81   77.20   84.19
13:02:16 77.12   75.26   77.27   84.16
13:03:26 77.12   65.62   77.39   84.05
13:04:37 76.98   63.11   77.26   83.97
13:05:47 76.81   62.20   77.23   83.99
13:06:57 76.62   61.68   77.21   83.99
13:08:08 76.49   61.67   77.13   83.94
13:09:18 76.44   68.20   77.20   83.86
13:10:29 76.44   70.74   77.17   83.74
13:11:39 76.44   72.81   77.33   83.64
13:12:49 76.52   74.18   77.37   83.73
13:14:00 76.57   75.46   77.32   83.91
13:15:10 76.65   77.00   77.29   83.95
13:16:20 76.78   78.40   77.35   83.97
13:17:31 76.83   79.09   77.20   83.97
13:18:41 76.90   79.38   77.21   83.90
13:19:52 76.98   79.49   77.34   83.96
13:21:02 76.99   79.59   77.33   84.08
13:22:12 77.00   79.60   77.29   83.98
13:23:23 77.08   79.69   77.31   83.94
13:24:33 77.11   79.79   77.32   83.96
13:25:44 77.11   79.81   77.33   83.97
13:26:54 77.15   79.85   77.42   84.06
13:28:04 77.22   76.45   77.32   84.01
13:29:15 77.22   64.60   77.33   84.09
13:30:25 77.08   62.15   77.51   84.05
13:31:35 76.91   61.67   77.52   83.97
13:32:46 76.75   61.26   77.36   83.86
13:33:56 76.60   60.39   77.43   83.73
13:35:07 76.44   60.08   77.40   83.65
13:36:17 76.39   64.06   77.32   83.63
13:37:27 76.43   69.66   77.32   83.53
13:38:38 76.45   71.43   77.34   83.52
13:39:48 76.48   72.84   77.31   83.51
13:40:59 76.55   73.65   77.38   83.56
13:42:09 76.60   75.07   77.30   83.65
13:43:19 76.69   76.90   77.29   83.75
13:44:30 76.75   78.43   77.27   83.71
13:45:40 76.82   79.21   77.42   83.64
13:46:50 76.92   79.46   77.37   83.73
13:48:01 77.01   76.85   77.29   83.75
13:49:11 77.02   65.04   77.39   83.74
13:50:22 76.89   62.37   77.30   83.75
13:51:32 76.77   61.88   77.28   83.75
13:52:42 76.62   61.46   77.32   83.64
13:53:53 76.52   60.71   77.40   83.49
13:55:03 76.39   60.65   77.21   83.43
13:56:13 76.33   60.07   77.34   83.47
13:57:24 76.32   62.17   77.30   83.53
13:58:34 76.31   69.20   77.24   83.49
13:59:45 76.36   70.92   77.38   83.44
14:00:55 76.43   72.52   77.35   83.54
14:02:05 76.46   73.12   77.37   83.64
14:03:16 76.52   73.77   77.45   83.58
14:04:26 76.62   74.95   77.47   83.53
14:05:37 76.70   76.55   77.43   83.60
14:06:47 76.78   78.03   77.38   83.62
14:07:57 76.88   69.51   77.45   83.59
14:09:08 76.85   62.90   77.33   83.54
14:10:18 76.71   61.97   77.35   83.64
14:11:28 76.57   61.62   77.30   83.59
14:12:39 76.48   61.02   77.32   83.53
14:13:49 76.41   60.33   77.26   83.53
14:15:00 76.33   60.88   77.37   83.53
14:16:10 76.26   59.89   77.27   83.43
14:17:20 76.22   59.61   77.26   83.36
14:18:31 76.19   59.45   77.13   83.30
14:19:41 76.14   61.51   77.21   83.27
14:20:52 76.18   68.66   77.20   83.19
14:22:02 76.25   70.33   77.21   83.28
14:23:12 76.35   71.90   77.08   83.19
14:24:23 76.41   72.75   77.11   83.19
14:25:33 76.44   73.15   77.10   83.19
14:26:43 76.52   73.55   77.08   83.28
14:27:54 76.55   67.73   76.98   83.25
14:29:04 76.52   62.76   77.05   83.18
14:30:15 76.41   61.81   76.98   83.08
14:31:25 76.33   61.31   77.06   82.99
14:32:35 76.27   60.45   77.07   82.96
14:33:46 76.21   60.21   77.00   82.92
14:34:56 76.13   59.53   77.02   82.75
14:36:06 76.12   59.11   77.04   82.74
14:37:17 76.05   59.16   77.10   82.73
14:38:27 76.00   59.27   77.08   82.63
14:39:38 76.02   58.98   77.03   82.63
14:40:48 75.98   58.90   76.92   82.68
14:41:58 75.96   59.16   76.98   82.73
14:43:09 75.91   58.89   76.99   82.70
14:44:19 75.90   60.48   77.03   82.69
14:45:30 75.95   67.85   76.88   82.63
14:46:40 76.02   69.27   76.88   82.59
14:47:50 76.15   70.44   76.92   82.61
14:49:01 76.19   71.15   76.90   82.66
14:50:11 76.22   71.73   76.89   82.68
14:51:21 76.33   69.43   76.87   82.66
14:52:32 76.30   63.30   76.93   82.63
14:53:42 76.28   61.70   76.93   82.65
14:54:53 76.18   61.00   77.01   82.62
14:56:03 76.10   60.54   76.86   82.57
14:57:13 76.09   59.76   76.71   82.54
14:58:24 75.99   59.56   76.79   82.63
14:59:34 75.95   58.62   76.82   82.56
15:00:45 75.93   58.19   76.88   82.46
15:01:55 75.90   57.98   76.89   82.35
15:03:05 75.86   57.66   76.74   82.30
15:04:16 75.85   57.76   76.72   82.40
15:05:26 75.88   57.44   76.81   82.39
15:06:36 75.76   57.54   76.77   82.30
15:07:47 75.76   57.59   76.73   82.22
15:08:57 75.76   57.42   76.63   82.25
15:10:08 75.76   57.50   76.66   82.29
15:11:18 75.76   57.63   76.58   82.32
15:12:28 75.72   57.32   76.65   82.40
15:13:39 75.73   57.09   76.62   82.29
15:14:49 75.67   57.17   76.62   82.22
15:15:59 75.66   56.92   76.49   82.17
15:17:10 75.65   56.92   76.54   82.09
15:18:20 75.64   56.77   76.56   82.01
15:19:31 75.60   57.00   76.58   82.15
15:20:41 75.58   56.68   76.56   82.17
15:21:51 75.61   56.69   76.49   82.20
15:23:02 75.63   56.66   76.43   82.16
15:24:12 75.57   56.82   76.47   82.15
15:25:23 75.57   56.50   76.47   82.10
15:26:33 75.54   56.55   76.52   82.00
15:27:43 75.51   56.58   76.47   81.98
15:28:54 75.55   56.60   76.44   82.05
15:30:04 75.51   56.51   76.39   81.97
15:31:14 75.51   56.62   76.30   82.01
15:32:25 75.52   56.47   76.25   81.96
15:33:35 75.52   56.47   76.19   82.00
15:34:46 75.45   56.39   76.28   81.98
15:35:56 75.46   56.34   76.34   81.94
15:37:06 75.43   56.38   76.29   81.87
15:38:17 75.42   56.47   76.30   81.81
15:39:27 75.42   56.20   76.30   81.67
15:40:37 75.40   56.15   76.23   81.71
15:41:48 75.40   56.20   76.12   81.74
15:42:58 75.38   56.35   76.09   81.80
15:44:09 75.34   56.13   76.09   81.83
15:45:19 75.32   56.08   76.14   81.88
15:46:29 75.34   56.31   76.13   81.85
15:47:40 75.31   56.18   76.07   81.76
15:48:50 75.31   56.29   76.00   81.72
15:50:01 75.28   56.03   76.00   81.67
15:51:11 75.25   56.13   76.05   81.69
15:52:21 75.29   56.11   75.93   81.61
15:53:32 75.27   56.02   75.98   81.61
15:54:42 75.27   56.05   76.01   81.61
15:55:52 75.22   56.09   75.99   81.51
15:57:03 75.20   55.95   76.04   81.44
15:58:13 75.18   55.88   76.03   81.37
15:59:24 75.19   56.05   75.90   81.36
16:00:34 75.17   55.97   75.88   81.37
16:01:44 75.16   55.99   75.92   81.39
16:02:55 75.18   55.87   75.93   81.28
16:04:05 75.17   55.72   75.85   81.19
16:05:16 75.12   55.77   75.79   81.17
16:06:26 75.18   55.90   75.87   81.16
16:07:36 75.18   56.02   75.89   81.20
16:08:47 75.09   55.88   75.84   81.28
16:09:57 75.08   55.91   75.77   81.28
16:11:07 75.09   55.74   75.76   81.16
16:12:18 75.09   55.81   75.68   81.11
16:13:28 75.09   55.77   75.76   81.15
16:14:39 75.07   55.59   75.67   81.15
16:15:49 75.06   55.88   75.68   81.16
16:16:59 75.16   55.75   75.73   81.07
16:18:10 75.16   56.01   75.64   81.06
16:19:20 75.18   55.88   75.77   81.16
16:20:30 75.19   55.98   75.76   81.16
16:21:41 75.20   55.84   75.79   81.07
16:22:51 75.25   55.74   75.88   81.07
16:24:02 75.26   56.07   75.79   80.97
16:25:12 75.20   55.47   75.71   80.90
16:26:22 75.14   55.85   75.65   80.83
16:27:33 75.13   55.63   75.46   80.72
16:28:43 75.15   55.49   75.42   80.75
16:29:54 75.17   55.66   75.48   80.75
16:31:04 75.16   55.63   75.51   80.72
16:32:14 75.17   55.77   75.41   80.82
16:33:25 75.09   55.75   75.40   80.85
16:34:35 75.09   55.63   75.48   80.83
16:35:45 75.02   55.39   75.53   80.79
16:36:56 75.00   55.58   75.42   80.83
16:38:06 74.98   55.61   75.43   80.74
16:39:17 74.97   55.40   75.37   80.66
16:40:27 74.99   55.55   75.44   80.68
16:41:37 74.96   55.45   75.46   80.82
16:42:48 74.97   55.53   75.43   80.83
16:43:58 74.94   55.54   75.40   80.84
16:45:09 74.97   55.47   75.35   80.82
16:46:19 74.97   55.58   75.39   80.74
16:47:29 74.96   55.37   75.39   80.78
16:48:40 74.88   55.48   75.41   80.75
16:49:50 74.94   55.39   75.36   80.68
16:51:00 74.91   55.35   75.35   80.68
16:52:11 74.90   55.42   75.31   80.62
16:53:21 74.89   55.50   75.29   80.65
16:54:32 74.90   55.32   75.32   80.63
16:55:42 74.87   55.59   75.35   80.43
16:56:52 74.86   55.50   75.31   80.40
16:58:03 74.83   55.31   75.30   80.38
16:59:13 74.86   55.43   75.31   80.38
17:00:24 74.85   55.25   75.26   80.41
17:01:34 74.79   55.20   75.20   80.38
17:02:44 74.85   55.42   75.21   80.38
17:03:55 74.83   55.27   75.23   80.41
17:05:05 74.78   55.08   75.23   80.52
17:06:15 74.76   55.36   75.16   80.59
17:07:26 74.76   55.30   75.15   80.52
17:08:36 74.75   54.87   75.20   80.46
17:09:47 74.74   55.34   75.21   80.48
17:10:57 74.72   55.14   75.25   80.38
17:12:07 74.76   54.96   75.09   80.26
17:13:18 74.72   54.74   75.17   80.26
17:14:28 74.75   54.96   75.12   80.26
17:15:38 74.69   55.00   75.09   80.33
17:16:49 74.72   54.95   75.09   80.45
17:17:59 74.74   54.90   75.10   80.46
17:19:10 74.70   55.07   75.11   80.48
17:20:20 74.65   55.10   75.06   80.32
17:21:30 74.65   55.02   75.09   80.29
17:22:41 74.67   55.03   75.00   80.35
17:23:51 74.64   54.98   74.99   80.41
17:25:01 74.64   55.11   75.01   80.40
17:26:12 74.64   55.06   74.99   80.20
17:27:22 74.62   54.89   74.96   80.08
17:28:33 74.60   54.78   74.99   80.04
17:29:43 74.63   54.64   74.94   80.04
17:30:53 74.63   54.74   74.99   79.98
17:32:04 74.55   54.85   74.93   80.05
17:33:14 74.54   54.79   74.90   80.15
17:34:25 74.57   54.80   74.88   80.04
17:35:35 74.55   54.56   74.95   79.94
17:36:45 74.55   54.66   74.92   79.93
17:37:56 74.59   54.67   74.88   79.94
17:39:06 74.58   54.73   74.84   79.92
17:40:16 74.59   54.78   74.75   80.03
17:41:27 74.57   54.58   74.88   80.02
17:42:37 74.55   54.54   74.78   80.12
17:43:48 74.58   54.57   74.79   80.09
17:44:58 74.56   54.65   74.92   80.13
17:46:08 74.53   54.69   74.86   80.00
17:47:19 74.56   54.68   74.84   79.94
17:48:29 74.54   54.77   74.85   79.92
17:49:40 74.55   54.55   74.76   79.98
17:50:50 74.68   54.58   74.72   79.95
17:52:00 74.66   54.60   74.79   80.01
17:53:11 74.63   54.70   74.82   80.00
17:54:21 74.62   54.57   74.63   79.92
17:55:31 74.60   54.76   74.64   79.94
17:56:42 74.59   54.64   74.73   79.98
17:57:52 74.54   54.46   74.66   79.89
17:59:03 74.53   54.65   74.69   79.83
18:00:13 74.54   54.64   74.71   79.81
18:01:31 74.53   54.42   74.59   79.88
18:02:41 74.53   54.47   74.60   80.01
18:03:52 74.53   54.53   74.65   80.03
18:05:02 74.54   54.39   74.66   80.12
18:06:13 74.53   54.53   74.67   80.91
18:07:23 74.53   54.60   74.67   97.45
18:08:33 74.53   54.57   74.67   104.16
18:09:44 74.53   54.53   74.61   105.38
18:10:54 74.56   54.63   74.61   104.70
18:12:05 74.61   54.55   74.63   103.17
18:13:15 74.54   54.47   74.64   103.87
18:14:25 74.56   54.66   74.55   105.07
18:15:36 74.63   54.77   74.61   104.05
18:16:46 74.69   55.03   74.58   102.47
18:17:57 74.83   55.14   74.60   101.00
18:19:07 74.95   55.34   74.64   102.07
18:20:17 74.98   55.44   74.59   105.10
18:21:28 75.06   55.52   74.59   104.73
18:22:38 75.01   55.88   74.64   103.40
18:23:49 74.99   56.11   74.56   102.04
18:24:59 74.97   56.06   74.64   100.85
18:26:09 74.98   56.38   74.53   99.68
18:27:20 74.97   56.50   74.57   98.66
18:28:30 75.00   56.89   74.44   98.25
18:29:41 75.05   56.93   74.52   104.78
18:30:51 75.09   57.50   74.55   106.34
18:32:01 75.09   57.23   74.49   105.24
18:33:12 75.10   57.09   74.42   103.80
18:34:22 75.10   56.83   74.46   102.27
18:35:33 75.12   57.58   74.46   100.75
18:36:43 75.09   57.77   74.58   99.47
18:37:53 75.09   57.22   74.54   98.86
18:39:04 75.09   56.98   74.56   106.48
18:40:14 75.18   57.07   74.59   108.95
18:41:25 75.18   56.95   74.54   108.35
18:42:35 75.10   57.13   74.50   106.69
18:43:45 75.10   57.44   74.51   104.95
18:44:56 75.09   56.92   74.57   103.50
18:46:06 75.09   56.82   74.61   102.12
18:47:16 75.07   56.91   74.62   100.92
18:48:27 75.08   56.78   74.64   99.78
18:49:37 75.09   56.63   74.59   98.74
18:50:48 75.04   56.61   74.54   97.89
18:51:58 75.00   56.44   74.44   97.14
18:53:09 75.03   56.32   74.58   96.45
18:54:19 75.07   56.31   74.55   96.02
18:55:29 75.09   56.23   74.67   98.55
18:56:40 75.08   56.21   74.62   106.80
18:57:50 75.04   56.06   74.65   109.07
18:59:01 75.05   56.17   74.65   108.80
19:00:11 75.05   56.26   74.63   107.50
19:01:21 75.01   55.97   74.64   105.99
19:02:32 75.00   56.02   74.61   104.49
19:03:42 74.98   56.00   74.51   102.97
19:04:52 74.97   55.95   74.62   101.79
19:06:03 74.97   55.88   74.64   100.78
19:07:13 74.97   55.83   74.62   99.76
19:08:24 74.97   55.82   74.64   98.81
19:09:34 74.97   55.67   74.62   97.96
19:10:44 74.97   55.80   74.50   97.10
19:11:55 74.92   55.73   74.64   96.38
19:13:05 74.94   55.75   74.65   95.61
19:14:16 74.95   55.74   74.52   94.98
19:15:26 74.97   55.73   74.43   94.37
19:16:36 74.98   55.59   74.48   93.68
19:17:47 74.97   55.52   74.45   93.19
19:18:57 74.95   55.58   74.51   92.76
19:20:08 74.95   55.60   74.49   92.34
19:21:18 74.95   55.60   74.50   91.91
19:22:28 74.88   55.54   74.53   91.47
19:23:39 74.86   55.40   74.42   90.97
19:24:49 74.83   55.27   74.42   90.54
19:26:00 74.82   55.25   74.42   90.14
19:27:10 74.86   55.39   74.45   91.23
19:28:20 74.83   55.24   74.55   100.23
19:29:31 74.77   55.24   74.56   101.20
19:30:41 74.77   55.12   74.45   99.98
19:31:52 74.78   55.11   74.49   98.72
19:33:02 74.76   55.29   74.42   97.60
19:34:12 74.75   55.45   74.49   96.51
19:35:23 74.75   55.08   74.55   95.57
19:36:33 74.76   55.03   74.46   96.57
19:37:43 74.83   55.15   74.37   105.14
19:38:54 74.77   55.06   74.46   106.43
19:40:04 74.78   55.23   74.43   105.30
19:41:15 74.76   55.31   74.41   103.72
19:42:25 74.79   55.50   74.31   102.26
19:43:36 74.82   55.45   74.40   100.99
19:44:46 74.86   55.74   74.37   99.76
19:45:56 74.86   55.50   74.39   98.65
19:47:07 74.86   55.42   74.41   97.65
19:48:17 74.86   55.42   74.40   96.73
19:49:28 74.86   55.56   74.34   95.85
19:50:38 74.93   55.88   74.24   95.20
19:51:48 74.95   56.19   74.26   94.55
19:52:59 74.94   56.46   74.41   94.00
19:54:09 74.97   56.54   74.38   93.35
19:55:20 74.91   56.05   74.41   92.99
19:56:30 74.88   56.37   74.46   92.78
19:57:41 74.90   56.87   74.54   92.37
19:58:51 74.96   56.72   74.62   91.92
20:00:01 74.88   57.12   74.65   91.48
20:01:12 74.95   57.06   74.64   91.91
20:02:22 74.96   57.05   74.71   102.78
20:03:33 74.96   57.00   74.42   106.72
20:04:43 74.95   56.86   74.48   107.25
20:05:53 74.96   56.72   74.57   108.02
20:07:04 74.92   56.80   74.49   107.75
20:08:14 74.88   57.03   74.65   108.07
20:09:25 74.91   57.15   74.69   107.97
20:10:35 74.90   57.01   74.60   107.41
20:11:45 74.86   56.79   74.68   106.09
20:12:56 74.88   56.23   74.67   104.58
20:14:06 75.02   56.94   74.68   103.25
20:15:17 75.02   56.86   74.67   101.94
20:16:27 74.96   56.81   74.71   100.69
20:17:37 74.91   57.06   74.74   99.59
20:18:48 74.86   56.95   74.73   98.58
20:19:58 74.85   56.70   74.85   97.75
20:21:09 74.81   56.53   74.83   96.82
20:22:19 74.79   56.52   74.86   96.14
20:23:29 74.78   56.21   74.67   95.51
20:24:40 74.81   56.59   74.77   94.88
20:25:50 74.79   56.40   74.73   94.22
20:27:01 74.85   56.48   74.72   93.60
20:28:11 74.86   56.75   74.70   93.05
20:29:21 74.87   56.48   74.83   92.60
20:30:32 74.85   56.76   74.73   92.11
20:31:42 74.83   56.78   74.66   91.73
20:32:53 74.91   56.48   74.69   91.28
20:34:03 75.00   56.84   74.56   90.75
20:35:13 75.00   56.78   74.60   90.31
20:36:24 74.97   56.78   74.72   89.95
20:37:34 74.97   56.60   74.70   89.60
20:38:45 74.97   56.28   74.77   89.15
20:39:55 74.97   56.46   74.66   88.84
20:41:06 74.97   56.41   74.62   88.49
20:42:16 74.97   56.76   74.68   88.24
20:43:26 74.97   56.92   74.63   87.92
20:44:37 74.97   56.81   74.64   87.67
20:45:47 74.96   55.71   74.76   87.48
20:46:58 74.97   55.92   74.64   87.23
20:48:08 74.97   55.74   74.69   86.95
20:49:18 74.98   56.40   74.55   86.69
20:50:29 74.97   56.56   74.69   86.46
20:51:39 74.95   56.54   74.67   86.31
20:52:50 74.99   55.82   74.65   86.08
20:54:00 75.09   55.53   74.62   85.77
20:55:10 75.05   55.43   74.76   85.53
20:56:21 74.97   55.64   74.68   85.34
20:57:31 74.95   56.43   74.79   85.17
20:58:42 74.94   55.78   74.71   84.98
20:59:52 74.95   56.35   74.69   84.79
21:01:02 74.88   56.55   74.84   84.58
21:02:13 74.87   56.13   74.70   84.50
21:03:23 74.88   55.95   74.75   84.42
21:04:34 74.92   56.13   74.74   84.30
21:05:44 74.90   56.63   74.72   84.12
21:06:54 74.91   56.40   74.62   83.92
21:08:05 74.86   56.32   74.72   83.78
21:09:15 74.86   56.02   74.73   83.68
21:10:26 74.88   56.58   74.73   83.60
21:11:36 74.89   56.08   74.76   83.45
21:12:47 74.91   56.20   74.61   83.26
21:13:57 74.97   56.33   74.56   83.18
21:15:07 74.96   56.08   74.69   83.00
21:16:18 74.96   56.27   74.66   82.84
21:17:28 74.94   56.46   74.55   82.78
21:18:39 74.88   56.39   74.59   82.65
21:19:49 74.87   56.02   74.46   82.60
21:20:59 74.86   56.40   74.62   82.48
21:22:10 74.86   56.13   74.60   82.41
21:23:20 74.86   56.44   74.62   82.40
21:24:31 74.86   56.28   74.55   82.25
21:25:41 74.85   56.44   74.43   82.08
21:26:51 74.87   55.87   74.58   82.06
21:28:02 74.86   56.04   74.54   81.97
21:29:12 74.85   56.03   74.54   81.92
21:30:22 74.83   55.89   74.39   81.85
21:31:33 74.83   56.23   74.54   81.76
21:32:43 74.78   56.64   74.55   81.72
21:33:54 74.76   56.34   74.41   81.63
21:35:04 74.74   56.40   74.46   81.44
21:36:14 74.74   55.95   74.53   81.33
21:37:25 74.74   56.14   74.47   81.33
21:38:35 74.75   56.59   74.62   81.31
21:39:46 74.73   56.14   74.67   81.32
21:40:56 74.67   56.45   74.62   81.29
21:42:06 74.72   56.46   74.58   81.25
21:43:17 74.69   55.93   74.55   81.16
21:44:27 74.67   55.69   74.58   81.14
21:45:38 74.67   55.51   74.60   81.05
21:46:48 74.66   55.96   74.46   80.93
21:47:58 74.64   56.40   74.56   80.81
21:49:09 74.64   56.09   74.62   80.83
21:50:19 74.67   56.47   74.56   80.83
21:51:30 74.69   56.32   74.58   80.83
21:52:40 74.64   56.02   74.69   80.81
21:53:50 74.65   55.73   74.62   80.66
21:55:01 74.64   55.43   74.59   80.63
21:56:11 74.64   55.73   74.40   80.63
21:57:22 74.64   55.74   74.32   80.60
21:58:32 74.63   56.26   74.45   80.59
21:59:43 74.63   56.41   74.41   80.51
22:00:53 74.63   56.26   74.34   80.41
22:02:03 74.63   56.37   74.40   80.38
22:03:14 74.61   55.78   74.49   80.38
22:04:24 74.64   55.80   74.31   80.45
22:05:35 74.64   55.98   74.38   80.38
22:06:45 74.64   56.16   74.36   80.32
22:07:55 74.63   56.28   74.22   80.38
22:09:06 74.63   56.20   74.32   80.27
22:10:16 74.64   56.18   74.47   80.26
22:11:27 74.69   56.38   74.43   80.25
22:12:37 74.66   56.67   74.42   80.20
22:13:47 74.65   56.46   74.39   80.19
22:14:58 74.62   55.91   74.46   88.22
22:16:08 74.57   55.68   74.29   102.94
22:17:19 74.64   55.81   74.37   106.05
22:18:29 74.82   56.15   74.47   107.31
22:19:39 74.90   56.93   74.24   108.14
22:20:50 74.86   56.66   74.33   108.56
22:22:00 74.86   56.73   74.25   108.76
22:23:11 74.81   56.60   74.17   109.02
22:24:21 74.80   57.05   74.28   109.23
22:25:31 74.77   56.91   74.33   109.26
22:26:42 74.73   56.77   74.34   109.30
22:27:52 74.69   56.88   74.46   109.29
22:29:03 74.69   56.92   74.48   109.30
22:30:13 74.67   56.84   74.38   109.23
22:31:23 74.65   56.98   74.24   109.11
22:32:34 74.63   57.09   74.29   109.14
22:33:44 74.64   57.54   74.25   108.61
22:34:55 74.87   59.19   74.31   107.86
22:36:05 74.92   60.33   74.34   107.02
22:37:15 74.91   60.18   74.32   106.17
22:38:26 74.87   59.80   74.28   105.29
22:39:36 74.83   59.47   74.37   104.42
22:40:46 74.82   59.27   74.27   103.55
22:41:57 74.81   59.23   74.25   102.82
22:43:07 74.83   59.16   74.20   102.03
22:44:18 74.81   58.81   74.33   101.34
22:45:28 74.78   58.95   74.28   104.39
22:46:38 74.75   58.41   74.34   110.91
22:47:49 74.69   57.87   74.29   110.90
22:48:59 74.64   57.77   74.25   109.75
22:50:10 74.55   57.37   74.31   108.52
22:51:20 74.51   57.21   74.25   107.32
22:52:31 74.43   57.23   74.32   106.22
22:53:41 74.41   57.22   74.34   105.20
22:54:51 74.40   56.70   74.22   104.24
22:56:02 74.31   57.07   74.20   103.31
22:57:12 74.25   56.97   74.31   102.49
22:58:23 74.23   56.70   74.35   101.71
22:59:33 74.19   56.52   74.10   100.99
23:00:43 74.18   56.46   74.24   100.18
23:01:54 74.13   56.06   74.22   99.46
23:03:04 74.15   56.37   74.23   98.84
23:04:15 74.11   56.80   74.21   98.17
23:05:25 74.11   55.94   74.18   97.56
23:06:35 74.05   56.32   74.20   96.93
23:07:46 74.08   56.21   74.19   96.34
23:08:56 74.07   56.23   74.17   95.76
23:10:07 74.01   55.88   74.17   95.26
23:11:17 74.00   56.00   74.04   94.70
23:12:27 74.02   55.99   74.08   94.18
23:13:38 74.00   56.15   74.14   93.67
23:14:48 73.98   55.38   74.11   93.20
23:15:59 73.96   55.50   74.11   92.79
23:17:09 73.95   56.00   74.11   92.32
23:18:19 73.95   56.04   74.12   91.74
23:19:30 73.89   56.00   74.04   91.29
23:20:40 73.93   55.59   74.06   90.95
23:21:51 73.91   55.46   74.06   90.57
23:23:01 73.89   55.72   74.05   90.09
23:24:11 73.86   55.92   74.14   89.79
23:25:22 73.85   55.72   74.05   89.44
23:26:32 73.84   55.59   74.03   89.10
23:27:43 73.83   55.42   73.97   88.79
23:28:53 73.74   55.38   74.03   88.59
23:30:03 73.74   55.66   74.04   88.25
23:31:14 73.75   55.67   74.11   87.99
23:32:24 73.70   55.69   73.99   87.72
23:33:35 73.70   55.64   74.02   87.47
23:34:45 73.71   55.60   74.00   87.23
23:35:55 73.69   55.51   74.05   86.98
23:37:06 73.64   55.41   73.99   86.73
23:38:16 73.63   55.57   73.95   86.46
23:39:27 73.63   55.30   73.96   86.25
23:40:37 73.61   55.42   73.92   86.01
23:41:47 73.59   55.26   73.92   85.74
23:42:58 73.55   54.88   73.94   85.59
23:44:08 73.55   55.03   73.82   85.36
23:45:19 73.52   55.33   73.86   85.22
23:46:29 73.51   54.99   73.86   84.96
23:47:39 73.54   54.96   73.80   84.79
23:48:50 73.49   54.98   73.77   84.50
23:50:00 73.49   54.93   73.74   84.31
23:51:11 73.43   54.94   73.72   84.15
23:52:21 73.50   55.02   73.75   83.95
23:53:31 73.46   54.91   73.75   83.86
23:54:42 73.42   55.01   73.72   83.71
23:55:52 73.42   55.17   73.75   83.47
23:57:03 73.37   54.62   73.74   83.27
23:58:13 73.38   54.50   73.80   83.19
23:59:23 73.38   54.94   73.79   83.01
