00:00:09 74.88   56.94   76.70   90.43
00:01:19 74.87   56.79   76.83   90.02
00:02:29 74.87   56.94   76.77   89.75
00:03:40 74.85   56.59   76.52   89.42
00:04:50 74.85   56.67   76.61   89.05
00:06:01 74.86   56.86   76.75   88.73
00:07:11 74.76   56.36   76.62   88.35
00:08:21 74.78   56.79   76.56   88.10
00:09:32 74.85   56.55   76.46   87.84
00:10:42 74.80   56.59   76.49   87.58
00:11:52 74.76   56.80   76.51   87.33
00:13:03 74.75   56.64   76.43   87.09
00:14:13 74.78   56.42   76.46   86.82
00:15:24 74.74   56.50   76.69   86.60
00:16:34 74.71   56.56   76.53   86.31
00:17:44 74.73   56.56   76.63   86.01
00:18:55 74.72   56.40   76.60   85.80
00:20:05 74.65   56.63   76.78   85.59
00:21:15 74.65   56.58   76.68   85.44
00:22:26 74.64   56.80   76.62   85.25
00:23:36 74.67   56.40   76.57   85.07
00:24:47 74.64   56.26   76.48   84.89
00:25:57 74.59   56.24   76.62   84.71
00:27:07 74.60   56.56   76.57   84.55
00:28:18 74.63   56.27   76.57   84.41
00:29:28 74.61   56.27   76.67   84.20
00:30:39 74.59   56.34   76.74   83.98
00:31:49 74.54   56.41   76.59   83.77
00:32:59 74.54   56.21   76.67   83.73
00:34:10 74.55   56.10   76.65   83.55
00:35:20 74.54   56.24   76.67   83.46
00:36:30 74.53   56.28   76.68   83.34
00:37:41 74.51   56.12   76.52   83.16
00:38:51 74.50   56.25   76.57   83.10
00:40:02 74.45   56.08   76.52   83.00
00:41:12 74.44   56.49   76.49   82.85
00:42:22 74.43   56.24   76.35   82.83
00:43:33 74.41   56.42   76.41   82.66
00:44:43 74.40   56.27   76.56   82.51
00:45:53 74.40   56.11   76.40   82.36
00:47:04 74.38   56.16   76.29   82.29
00:48:14 74.36   56.09   76.39   82.23
00:49:25 74.36   56.13   76.55   82.11
00:50:35 74.29   56.31   76.36   82.03
00:51:45 74.28   56.20   76.27   81.89
00:52:56 74.29   56.32   76.13   81.64
00:54:06 74.25   56.15   76.36   81.63
00:55:17 74.27   55.92   76.47   81.49
00:56:27 74.20   56.06   76.42   81.39
00:57:37 74.19   55.79   76.50   81.31
00:58:48 74.21   55.86   76.22   81.28
00:59:58 74.18   55.64   76.51   81.29
01:01:08 74.19   55.74   76.49   81.19
01:02:19 74.18   55.59   76.43   81.15
01:03:29 74.19   55.68   76.42   81.07
01:04:40 74.19   55.83   76.41   80.98
01:05:50 74.13   55.68   76.37   81.00
01:07:00 74.13   55.60   76.31   80.94
01:08:11 74.12   55.61   76.43   80.90
01:09:21 74.06   55.38   76.54   80.82
01:10:31 74.08   55.32   76.18   80.76
01:11:42 74.11   55.36   76.10   80.71
01:12:52 74.08   55.36   76.23   80.70
01:14:03 74.06   55.55   76.20   80.67
01:15:13 74.06   55.41   76.27   80.61
01:16:23 74.06   55.19   76.39   80.53
01:17:34 74.06   55.41   76.25   80.50
01:18:44 74.01   55.38   76.30   80.32
01:19:55 74.02   55.47   76.30   80.31
01:21:05 73.99   55.69   76.22   80.23
01:22:15 73.98   55.47   76.24   80.11
01:23:26 73.98   55.54   76.30   80.23
01:24:36 73.93   55.28   76.30   80.16
01:25:46 73.96   55.07   76.39   80.05
01:26:57 73.88   55.47   76.36   80.08
01:28:07 73.91   55.29   76.43   80.13
01:29:18 73.92   55.22   76.10   80.15
01:30:28 73.88   55.18   75.94   80.06
01:31:38 73.86   55.07   76.16   79.94
01:32:49 73.91   55.19   76.27   79.92
01:33:59 73.88   55.00   76.17   79.90
01:35:10 73.86   55.29   76.03   79.82
01:36:20 73.84   55.07   76.03   79.82
01:37:30 73.86   54.80   76.02   79.81
01:38:41 73.84   55.01   75.93   79.81
01:39:51 73.84   55.00   76.17   79.78
01:41:01 73.78   55.10   76.08   79.73
01:42:12 73.77   54.78   76.17   79.70
01:43:22 73.74   54.97   76.20   79.70
01:44:33 73.74   54.98   76.09   79.62
01:45:43 73.73   55.05   75.79   79.59
01:46:53 73.73   55.05   76.13   79.58
01:48:04 73.70   54.99   75.86   79.42
01:49:14 73.69   55.05   76.04   79.51
01:50:24 73.71   54.76   76.05   79.58
01:51:35 73.63   54.73   75.79   79.64
01:52:45 73.64   54.57   75.73   79.71
01:53:56 73.64   54.92   75.80   79.60
01:55:06 73.65   54.71   75.97   79.51
01:56:16 73.60   54.68   76.00   79.35
01:57:27 73.61   54.75   76.07   79.29
01:58:37 73.61   54.71   76.12   79.33
01:59:48 73.60   54.72   76.13   79.23
02:00:58 73.56   54.90   75.91   79.14
02:02:08 73.56   54.75   76.27   79.15
02:03:19 73.57   54.63   76.18   79.24
02:04:29 73.61   54.60   75.99   79.25
02:05:39 73.52   54.83   75.88   79.20
02:06:50 73.50   54.70   75.98   79.25
02:08:00 73.52   54.38   76.08   79.19
02:09:11 73.48   54.77   75.81   79.10
02:10:21 73.50   54.80   75.77   79.03
02:11:31 73.49   54.47   75.83   79.03
02:12:42 73.51   54.58   75.80   79.00
02:13:52 73.51   54.44   75.82   78.91
02:15:03 73.47   54.67   75.97   78.86
02:16:13 73.47   54.56   75.81   78.87
02:17:23 73.45   54.25   75.62   78.82
02:18:34 73.42   54.60   75.76   78.71
02:19:44 73.45   54.48   75.77   78.69
02:20:54 73.43   54.43   76.13   78.69
02:22:05 73.41   54.52   76.21   78.77
02:23:15 73.39   54.28   75.97   78.79
02:24:26 73.39   54.34   75.72   78.70
02:25:36 73.36   54.33   75.89   78.58
02:26:46 73.30   54.35   75.76   78.51
02:27:57 73.29   54.00   75.68   78.64
02:29:07 73.29   54.46   75.61   78.64
02:30:17 73.30   54.16   75.66   78.63
02:31:28 73.28   54.27   75.67   78.69
02:32:38 73.27   54.11   75.68   78.69
02:33:49 73.27   54.08   75.65   78.69
02:34:59 73.31   53.93   75.67   78.69
02:36:09 73.28   53.97   75.66   78.70
02:37:20 73.23   54.13   75.66   78.75
02:38:30 73.21   54.33   75.68   78.80
02:39:41 73.27   54.02   75.60   78.74
02:40:51 73.24   54.03   75.61   78.69
02:42:01 73.24   54.00   75.51   78.68
02:43:12 73.20   53.81   75.56   78.62
02:44:22 73.20   54.08   75.53   78.62
02:45:32 73.15   54.09   75.57   78.67
02:46:43 73.14   53.86   75.59   78.64
02:47:53 73.14   53.78   75.59   78.56
02:49:04 73.08   53.68   75.77   78.51
02:50:14 73.12   53.83   75.68   78.47
02:51:24 73.11   53.55   75.42   78.47
02:52:35 73.06   53.57   75.43   78.51
02:53:45 73.07   53.59   75.67   78.59
02:54:56 73.08   53.61   75.51   78.58
02:56:06 73.06   53.45   75.58   78.58
02:57:16 73.06   53.78   75.76   78.42
02:58:27 73.03   53.57   75.69   78.39
02:59:37 73.05   53.64   75.37   78.28
03:00:47 73.03   53.63   75.75   78.21
03:01:58 73.04   53.73   75.68   78.14
03:03:08 73.06   53.68   75.61   78.14
03:04:19 73.06   53.79   75.63   78.16
03:05:29 73.06   53.86   75.34   78.24
03:06:39 73.05   53.60   75.43   78.33
03:07:50 73.06   53.73   75.55   78.36
03:09:00 73.03   53.72   75.39   78.36
03:10:10 73.02   53.71   75.70   78.47
03:11:21 72.95   53.70   75.58   78.39
03:12:31 72.96   53.38   75.46   78.36
03:13:42 72.94   53.44   75.36   78.40
03:14:52 72.95   53.54   75.50   78.45
03:16:02 72.90   53.48   75.57   78.37
03:17:13 72.91   53.56   75.75   78.24
03:18:23 72.93   53.52   75.62   78.24
03:19:33 72.93   53.58   75.39   78.24
03:20:44 72.91   53.41   75.18   78.22
03:21:54 72.82   53.36   75.50   78.20
03:23:05 72.84   53.34   75.25   78.16
03:24:15 72.82   53.35   75.25   78.23
03:25:25 72.83   53.53   75.34   78.24
03:26:36 72.76   53.34   75.32   78.16
03:27:46 72.75   53.37   75.48   78.12
03:28:57 72.74   53.59   75.43   78.07
03:30:07 72.72   53.54   75.40   78.02
03:31:17 72.72   53.31   75.16   78.02
03:32:28 72.70   53.39   75.34   78.01
03:33:38 72.72   53.15   75.27   78.01
03:34:48 72.71   53.35   75.16   78.02
03:35:59 72.65   53.23   74.96   78.00
03:37:09 72.69   53.21   75.07   78.01
03:38:20 72.67   53.25   75.03   78.01
03:39:30 72.66   53.20   75.15   78.01
03:40:40 72.65   53.15   75.08   77.89
03:41:51 72.65   53.20   75.36   77.89
03:43:01 72.67   53.23   75.23   77.96
03:44:12 72.60   53.06   75.23   78.00
03:45:22 72.63   52.90   75.35   77.95
03:46:32 72.60   53.04   75.51   78.02
03:47:43 72.60   52.90   75.24   78.02
03:48:53 72.56   53.03   75.15   77.93
03:50:03 72.58   52.94   75.09   77.91
03:51:14 72.54   52.90   75.16   77.90
03:52:24 72.51   53.03   75.04   77.80
03:53:35 72.54   52.83   75.06   77.92
03:54:45 72.51   52.83   74.82   77.98
03:55:55 72.50   52.81   75.19   77.97
03:57:06 72.49   52.68   75.18   78.01
03:58:16 72.47   56.01   75.16   78.00
03:59:27 72.61   63.91   75.04   78.06
04:00:37 72.76   64.96   75.34   78.04
04:01:47 72.83   65.74   75.25   77.96
04:02:58 72.85   66.49   75.13   77.96
04:04:08 72.94   67.46   75.18   78.01
04:05:18 73.03   66.61   75.32   77.87
04:06:29 73.06   59.04   75.30   77.76
04:07:39 73.03   56.36   75.15   77.78
04:08:50 72.92   55.81   75.00   77.82
04:10:00 72.84   55.10   75.49   77.84
04:11:10 72.81   54.48   75.32   77.90
04:12:21 72.75   54.46   75.03   77.88
04:13:31 72.72   54.19   75.09   77.91
04:14:41 72.67   54.25   75.07   77.95
04:15:52 72.63   54.10   75.09   77.97
04:17:02 72.63   53.61   75.06   77.92
04:18:13 72.60   53.72   75.36   77.89
04:19:23 72.57   53.67   75.12   77.80
04:20:33 72.61   60.43   75.02   77.86
04:21:44 72.73   64.87   75.26   77.99
04:22:54 72.85   66.18   75.28   77.98
04:24:05 72.85   67.24   75.20   78.09
04:25:15 72.93   67.92   75.18   78.04
04:26:25 73.01   68.83   75.27   78.11
04:27:36 73.09   70.04   75.48   78.04
04:28:46 73.19   70.62   75.16   78.11
04:29:56 73.25   62.18   75.15   78.13
04:31:07 73.17   57.63   75.05   78.17
04:32:17 73.01   56.48   75.19   78.23
04:33:28 72.95   55.82   75.32   78.26
04:34:38 72.93   55.20   75.40   78.24
04:35:48 72.84   55.01   75.22   78.24
04:36:59 72.80   54.82   75.17   78.12
04:38:09 72.72   54.99   75.36   78.01
04:39:20 72.74   63.16   75.41   78.05
04:40:30 72.90   65.95   75.36   78.10
04:41:40 72.96   67.49   75.33   78.24
04:42:51 73.02   68.83   75.16   78.24
04:44:01 73.05   70.45   75.11   78.28
04:45:11 73.17   72.16   75.56   78.36
04:46:22 73.30   73.30   75.28   78.29
04:47:32 73.42   74.11   75.37   78.30
04:48:43 73.52   74.56   75.40   78.35
04:49:53 73.61   74.90   75.20   78.36
04:51:03 73.66   75.12   75.13   78.46
04:52:14 73.72   65.32   75.26   78.52
04:53:24 73.67   58.14   75.30   78.49
04:54:34 73.49   56.83   75.37   78.58
04:55:45 73.38   56.43   75.25   78.57
04:56:55 73.23   56.20   75.54   78.57
04:58:06 73.11   56.14   75.90   78.49
04:59:16 73.07   60.19   75.52   78.46
05:00:26 73.12   66.19   75.42   78.46
05:01:37 73.17   67.56   75.34   78.52
05:02:47 73.21   69.25   75.33   78.58
05:03:58 73.26   71.45   75.53   78.62
05:05:08 73.33   73.63   75.76   78.58
05:06:18 73.43   74.70   75.71   78.59
05:07:29 73.56   75.13   75.62   78.76
05:08:39 73.68   75.35   75.50   78.90
05:09:49 73.74   75.52   75.37   78.92
05:11:00 73.79   75.62   75.27   78.85
05:12:10 73.84   75.70   75.41   78.91
05:13:21 73.89   75.81   75.46   78.95
05:14:31 73.96   75.88   75.38   79.03
05:15:41 73.96   75.95   75.54   79.03
05:16:52 74.01   76.01   75.68   79.03
05:18:02 74.05   76.08   75.75   79.14
05:19:12 74.09   76.10   75.77   79.06
05:20:23 74.11   76.18   75.80   79.03
05:21:33 74.18   76.21   75.82   79.13
05:22:44 74.22   76.31   75.89   79.18
05:23:54 74.29   76.33   75.89   79.35
05:25:04 74.30   76.35   75.92   79.51
05:26:15 74.33   76.44   75.88   79.61
05:27:25 74.32   76.45   75.99   79.60
05:28:36 74.38   76.52   76.04   79.71
05:29:46 74.41   76.55   76.08   79.81
05:30:56 74.41   76.57   76.08   79.86
05:32:07 74.46   76.59   76.22   79.90
05:33:17 74.52   76.65   76.23   79.81
05:34:27 74.50   76.66   76.21   79.82
05:35:38 74.53   76.67   76.21   79.81
05:36:48 74.53   76.69   76.09   79.85
05:37:59 74.54   76.73   76.21   79.98
05:39:09 74.58   76.76   76.01   80.04
05:40:19 74.59   76.78   76.04   80.02
05:41:30 74.63   76.78   76.09   80.04
05:42:40 74.63   76.79   76.13   80.11
05:43:51 74.64   76.85   76.37   80.19
05:45:01 74.65   76.88   76.49   80.14
05:46:11 74.64   76.89   76.40   80.16
05:47:22 74.69   76.90   76.30   80.15
05:48:32 74.74   76.92   76.27   80.24
05:49:42 74.75   76.97   76.33   87.81
05:50:53 74.77   76.98   76.31   103.18
05:52:03 74.79   77.00   76.43   106.35
05:53:14 74.81   77.00   76.34   107.07
05:54:24 74.86   77.03   76.40   107.59
05:55:34 74.88   77.06   76.46   108.11
05:56:45 74.86   77.11   76.40   108.34
05:57:55 74.97   77.12   76.47   109.52
05:59:05 74.98   77.22   76.37   110.18
06:00:16 75.04   77.22   76.40   110.77
06:01:26 75.01   77.24   76.39   111.01
06:02:37 75.06   77.34   76.38   110.61
06:03:47 75.09   77.34   76.50   109.90
06:04:57 75.09   77.37   76.49   109.07
06:06:08 75.13   77.45   76.61   108.20
06:07:18 75.20   77.45   76.64   111.58
06:08:29 75.26   77.50   76.67   113.20
06:09:39 75.23   77.56   76.71   112.64
06:10:49 75.26   77.57   76.73   111.53
06:12:00 75.31   77.59   76.78   110.39
06:13:10 75.31   77.64   76.75   109.28
06:14:20 75.31   77.66   76.67   109.98
06:15:31 75.32   77.67   76.65   113.34
06:16:41 75.32   77.67   76.78   113.77
06:17:52 75.32   77.66   76.78   113.23
06:19:02 75.32   77.67   76.80   112.36
06:20:12 75.33   77.67   76.87   111.99
06:21:23 75.45   77.73   76.83   113.09
06:22:33 75.42   77.79   76.84   112.63
06:23:44 75.44   77.79   76.82   112.16
06:24:54 75.53   77.83   77.11   112.74
06:26:04 75.54   77.88   77.22   112.05
06:27:15 75.59   77.90   77.12   111.05
06:28:25 75.55   77.90   77.15   110.06
06:29:35 75.57   77.90   77.11   109.14
06:30:46 75.62   77.90   77.11   108.23
06:31:56 75.62   77.95   77.15   107.36
06:33:07 75.64   78.00   77.15   106.56
06:34:17 75.65   78.01   77.21   105.74
06:35:27 75.66   78.01   77.22   104.95
06:36:38 75.67   78.02   77.25   104.20
06:37:48 75.73   78.02   77.28   103.49
06:38:59 75.73   78.09   77.31   102.83
06:40:09 75.73   78.12   77.21   102.20
06:41:19 75.76   78.13   77.30   101.57
06:42:30 75.76   78.13   77.50   100.91
06:43:40 75.76   78.13   77.52   100.34
06:44:50 75.79   78.13   77.56   99.77
06:46:01 75.82   78.15   77.47   99.23
06:47:11 75.77   78.18   77.45   98.75
06:48:22 75.76   78.16   77.47   98.34
06:49:32 75.76   78.23   77.42   97.88
06:50:42 75.79   78.23   77.47   97.46
06:51:53 75.80   78.24   77.44   97.02
06:53:03 75.85   78.24   77.48   96.59
06:54:14 75.84   78.25   77.56   96.20
06:55:24 75.88   78.33   77.59   95.80
06:56:34 75.88   78.34   77.71   95.47
06:57:45 75.90   78.35   77.68   95.01
06:58:55 75.96   78.36   77.81   94.66
07:00:05 75.98   78.39   77.84   94.32
07:01:16 75.98   78.46   77.78   93.98
07:02:26 75.99   78.46   77.78   93.66
07:03:37 75.99   78.36   77.76   93.40
07:04:47 75.98   78.35   77.71   93.09
07:05:57 76.02   78.36   77.69   92.74
07:07:08 76.00   78.37   77.79   92.43
07:08:18 75.99   78.40   77.78   92.21
07:09:28 75.99   78.46   77.80   91.97
07:10:39 76.00   78.46   77.90   91.79
07:11:49 75.99   78.46   77.88   91.49
07:13:00 76.03   78.46   77.88   91.17
07:14:10 76.07   78.52   77.84   90.97
07:15:20 76.02   78.57   77.87   90.80
07:16:31 76.06   78.58   77.94   90.60
07:17:41 76.10   78.66   78.04   90.37
07:18:52 76.10   78.68   78.05   90.11
07:20:02 76.10   78.70   77.97   89.98
07:21:12 76.10   78.76   78.00   89.75
07:22:23 76.12   78.80   78.00   89.61
07:23:33 76.18   78.80   78.01   89.45
07:24:43 76.20   78.80   78.02   89.26
07:25:54 76.21   78.81   78.00   89.08
07:27:04 76.21   78.84   78.11   88.95
07:28:15 76.21   78.86   78.07   88.81
07:29:25 76.21   78.90   78.12   88.69
07:30:35 76.22   78.91   78.04   88.51
07:31:46 76.24   78.91   78.05   88.53
07:32:56 76.29   78.91   78.14   88.37
07:34:07 76.29   78.92   78.12   88.24
07:35:17 76.25   78.95   78.18   88.07
07:36:27 76.27   78.94   78.14   87.96
07:37:38 76.27   78.98   78.18   87.87
07:38:48 76.29   79.01   78.23   87.76
07:39:58 76.31   79.01   78.20   87.71
07:41:09 76.32   79.03   78.24   87.68
07:42:19 76.33   79.03   78.24   87.52
07:43:30 76.33   79.03   78.41   87.43
07:44:40 76.33   79.05   78.30   87.35
07:45:50 76.33   79.06   78.34   87.35
07:47:01 76.36   79.09   78.27   87.21
07:48:11 76.42   79.12   78.34   87.13
07:49:21 76.40   79.14   78.27   87.09
07:50:32 76.41   71.22   78.43   86.92
07:51:42 76.37   63.38   78.48   86.87
07:52:53 76.20   61.77   78.36   86.78
07:54:03 75.99   61.30   78.25   86.57
07:55:13 75.84   60.92   78.47   86.36
07:56:24 75.74   61.93   78.50   86.13
07:57:34 75.66   68.55   78.61   86.12
07:58:45 75.67   70.45   78.53   86.03
07:59:55 75.71   72.40   78.38   85.89
08:01:05 75.73   73.89   78.32   85.89
08:02:16 75.78   75.57   78.27   85.85
08:03:26 75.90   77.28   78.29   85.78
08:04:36 75.98   78.23   78.18   85.72
08:05:47 76.04   78.59   78.32   85.67
08:06:57 76.11   78.70   78.22   85.74
08:08:08 76.11   78.79   78.30   85.78
08:09:18 76.17   78.82   78.27   85.87
08:10:28 76.21   78.87   78.27   85.84
08:11:39 76.22   78.91   78.24   85.70
08:12:49 76.31   78.94   78.27   85.66
08:13:59 76.32   79.01   78.25   85.67
08:15:10 76.34   79.03   78.32   85.63
08:16:20 76.34   79.03   78.34   85.54
08:17:31 76.40   79.06   78.34   85.45
08:18:41 76.44   79.13   78.31   85.34
08:19:51 76.45   79.14   78.29   85.33
08:21:02 76.53   79.14   78.36   85.33
08:22:12 76.53   79.17   78.41   85.23
08:23:23 76.55   79.22   78.42   85.14
08:24:33 76.55   79.25   78.46   85.21
08:25:43 76.61   79.25   78.43   85.22
08:26:54 76.62   79.26   78.46   85.18
08:28:04 76.65   79.27   78.41   85.13
08:29:14 76.66   79.29   78.55   85.13
08:30:25 76.66   79.35   78.56   85.17
08:31:35 76.70   79.36   78.49   85.21
08:32:46 76.70   79.37   78.63   85.20
08:33:56 76.69   79.37   78.56   85.24
08:35:06 76.74   79.37   78.61   85.23
08:36:17 76.74   79.40   78.67   85.21
08:37:27 76.78   79.46   78.64   85.21
08:38:37 76.77   79.47   78.75   85.18
08:39:48 76.78   79.47   78.77   85.16
08:40:58 76.81   79.47   78.81   85.21
08:42:09 76.79   79.47   78.75   85.18
08:43:19 76.81   79.53   78.75   85.14
08:44:29 76.85   79.60   78.76   85.23
08:45:40 76.88   79.65   78.70   85.20
08:46:50 76.89   79.65   78.79   85.17
08:48:01 76.89   79.64   78.81   85.18
08:49:11 76.92   79.66   78.82   85.10
08:50:21 76.92   79.70   78.82   85.09
08:51:32 76.96   79.69   78.81   85.07
08:52:42 76.99   79.70   78.82   84.98
08:53:52 77.00   79.70   78.86   84.98
08:55:03 76.99   79.70   78.86   85.00
08:56:13 76.99   79.70   78.94   85.10
08:57:24 77.00   79.71   78.91   85.10
08:58:34 77.01   79.72   78.98   85.14
08:59:44 77.07   79.73   79.01   85.11
09:00:55 77.11   79.77   78.93   85.10
09:02:05 77.11   79.80   79.04   85.10
09:03:16 77.14   79.82   78.99   88.19
09:04:26 77.22   79.89   79.08   105.13
09:05:36 77.22   79.92   79.07   109.56
09:06:47 77.26   79.92   79.01   110.36
09:07:57 77.26   79.98   79.10   110.51
09:09:07 77.33   80.03   79.03   110.72
09:10:18 77.35   74.85   79.04   111.30
09:11:28 77.40   64.56   79.06   111.74
09:12:39 77.29   63.08   79.23   111.90
09:13:49 77.20   62.56   79.18   112.04
09:14:59 77.07   62.32   79.12   112.21
09:16:10 76.95   62.26   79.07   112.37
09:17:20 76.89   65.91   79.26   112.53
09:18:31 77.00   70.80   79.32   112.13
09:19:41 77.27   73.48   79.49   111.43
09:20:51 77.33   74.78   79.30   110.62
09:22:02 77.33   75.59   79.15   109.77
09:23:12 77.32   76.72   79.10   108.89
09:24:22 77.38   78.30   79.23   108.03
09:25:33 77.48   79.53   79.16   107.24
09:26:43 77.51   80.08   79.24   107.70
09:27:54 77.54   80.28   79.16   111.79
09:29:04 77.56   80.37   79.10   115.86
09:30:14 77.65   78.45   79.09   115.45
09:31:25 77.67   66.96   79.12   114.11
09:32:35 77.61   64.06   79.04   112.70
09:33:46 77.47   63.22   79.16   111.41
09:34:56 77.32   62.92   79.28   110.20
09:36:06 77.22   62.81   79.23   109.24
09:37:17 77.08   62.64   79.29   108.28
09:38:27 77.04   62.65   79.26   107.47
09:39:37 77.06   62.54   79.33   106.60
09:40:48 76.98   62.88   79.27   105.86
09:41:58 76.94   69.43   79.54   105.18
09:43:09 77.00   71.69   79.32   104.55
09:44:19 77.05   73.50   79.10   103.93
09:45:29 77.11   73.91   79.01   103.24
09:46:40 77.13   74.22   79.14   102.58
09:47:50 77.21   74.67   79.17   102.01
09:49:01 77.24   70.66   79.20   101.45
09:50:11 77.22   64.86   79.08   100.88
09:51:21 77.12   63.43   78.95   100.30
09:52:32 77.10   63.09   79.02   99.72
09:53:42 77.06   62.97   79.06   99.25
09:54:52 76.98   62.75   79.15   98.80
09:56:03 76.92   62.54   79.19   98.25
09:57:13 76.87   62.26   79.23   97.69
09:58:24 76.83   62.09   79.23   97.25
09:59:34 76.81   61.91   79.42   96.79
10:00:44 76.78   61.80   79.31   96.34
10:01:55 76.77   61.38   79.33   95.96
10:03:05 76.71   61.63   79.35   106.71
10:04:16 76.66   61.60   79.13   112.35
10:05:26 76.66   61.52   79.28   112.63
10:06:36 76.64   61.25   79.32   112.21
10:07:47 76.62   61.05   79.15   111.89
10:08:57 76.66   61.11   79.29   111.99
10:10:07 76.66   60.70   79.26   112.27
10:11:18 76.66   61.22   79.15   112.49
10:12:28 76.66   61.23   79.27   112.67
10:13:39 76.65   61.37   79.10   112.83
10:14:49 76.76   61.56   79.17   112.93
10:15:59 76.76   61.58   79.01   112.50
10:17:10 76.67   61.60   79.03   111.81
10:18:20 76.73   61.67   79.10   112.37
10:19:30 76.67   62.00   79.23   113.98
10:20:41 76.68   61.79   79.28   114.95
10:21:51 76.77   62.01   79.17   115.64
10:23:02 76.78   61.91   79.09   116.13
10:24:12 76.78   62.02   79.14   115.88
10:25:22 76.76   61.95   78.93   115.18
10:26:33 76.78   61.87   79.23   114.43
10:27:43 76.75   61.68   78.92   113.54
10:28:54 76.71   61.69   79.12   112.61
10:30:04 76.71   61.85   79.23   111.65
10:31:14 76.66   61.63   79.29   110.68
10:32:25 76.66   61.65   79.47   109.66
10:33:35 76.63   61.48   79.31   108.70
10:34:45 76.59   61.48   79.13   107.86
10:35:56 76.55   61.44   79.13   107.05
10:37:06 76.56   61.23   79.22   106.30
10:38:17 76.58   61.36   79.04   105.51
10:39:27 76.55   61.38   79.35   104.80
10:40:37 76.50   61.34   79.37   104.12
10:41:48 76.48   61.18   79.33   103.48
10:42:58 76.45   61.14   79.17   102.85
10:44:09 76.44   61.23   79.40   102.25
10:45:19 76.44   60.99   79.23   101.69
10:46:29 76.44   61.00   79.22   101.08
10:47:40 76.42   60.96   79.08   100.51
10:48:50 76.41   60.95   79.06   99.97
10:50:00 76.41   60.92   79.12   99.49
10:51:11 76.41   60.98   79.10   98.95
10:52:21 76.45   60.88   79.12   98.41
10:53:32 76.36   60.73   79.19   97.96
10:54:42 76.33   60.84   79.18   97.48
10:55:52 76.33   60.82   78.97   96.98
10:57:03 76.33   60.70   78.91   96.63
10:58:13 76.38   60.74   78.92   96.17
10:59:24 76.36   60.54   79.15   95.76
11:00:34 76.38   60.46   79.04   97.01
11:01:44 76.39   60.50   79.12   108.45
11:02:55 76.34   60.32   79.08   110.78
11:04:05 76.33   60.46   79.16   111.93
11:05:15 76.26   60.44   78.97   110.89
11:06:26 76.22   60.39   79.12   109.37
11:07:36 76.21   60.42   78.70   108.01
11:08:47 76.24   60.32   78.55   106.70
11:09:57 76.21   60.32   78.41   105.58
11:11:07 76.22   60.32   78.55   104.64
11:12:18 76.22   60.20   78.48   103.62
11:13:28 76.21   60.12   78.55   102.67
11:14:38 76.18   60.01   78.86   101.89
11:15:49 76.21   60.04   78.59   101.18
11:16:59 76.18   59.96   78.83   100.44
11:18:10 76.18   59.92   78.57   99.76
11:19:20 76.21   59.82   78.50   99.04
11:20:30 76.20   59.65   78.56   98.49
11:21:41 76.14   59.31   78.65   97.85
11:22:51 76.20   59.87   78.29   97.35
11:24:02 76.30   59.84   78.43   96.79
11:25:12 76.30   59.51   78.49   96.28
11:26:22 76.19   59.71   78.75   95.83
11:27:33 76.15   59.52   78.87   95.35
11:28:43 76.21   59.59   78.81   94.90
11:29:53 76.16   59.62   78.76   94.51
11:31:04 76.13   58.95   78.71   94.05
11:32:14 76.21   58.84   78.75   93.64
11:33:25 76.22   58.94   78.50   93.31
11:34:35 76.25   58.56   78.59   92.87
11:35:45 76.20   58.56   78.47   92.52
11:36:56 76.21   58.58   78.47   92.17
11:38:06 76.23   58.36   78.47   91.84
11:39:17 76.21   57.86   78.68   91.56
11:40:27 76.21   58.16   78.52   91.23
11:41:37 76.21   58.23   78.57   90.96
11:42:48 76.25   57.62   78.54   90.68
11:43:58 76.24   57.99   78.46   90.44
11:45:08 76.21   58.52   78.70   90.15
11:46:19 76.21   58.54   78.65   89.89
11:47:29 76.20   58.81   78.39   89.70
11:48:40 76.15   58.85   78.40   89.34
11:49:50 76.16   58.77   78.46   89.09
11:51:00 76.11   58.64   78.47   88.92
11:52:11 76.11   58.86   78.42   88.67
11:53:21 76.11   59.02   78.47   88.41
11:54:32 76.11   59.13   78.25   88.19
11:55:42 76.10   58.95   78.55   87.97
11:56:52 76.10   58.71   78.45   87.77
11:58:03 76.08   58.96   78.64   87.59
11:59:13 76.08   58.67   78.50   87.33
12:00:23 76.05   57.84   78.32   87.18
12:01:34 76.05   57.89   78.42   87.02
12:02:44 76.05   58.31   78.50   86.82
12:03:55 76.08   58.50   78.58   86.67
12:05:05 76.09   58.26   78.45   86.52
12:06:15 76.10   57.66   78.44   86.38
12:07:26 76.05   57.63   78.45   86.20
12:08:36 76.03   58.02   78.34   86.11
12:09:46 76.08   57.59   78.45   85.96
12:10:57 76.04   57.98   78.55   85.82
12:12:07 76.06   57.76   78.51   85.66
12:13:18 76.09   57.80   78.49   85.53
12:14:28 76.02   57.44   78.11   85.44
12:15:38 76.02   57.68   77.98   85.37
12:16:49 75.99   57.61   78.23   85.25
12:17:59 76.00   57.86   78.25   85.18
12:19:10 76.03   57.46   78.41   100.86
12:20:20 75.99   57.59   78.26   108.23
12:21:30 75.99   57.58   78.36   109.35
12:22:41 75.98   57.66   78.46   111.33
12:23:51 76.02   57.44   78.41   110.81
12:25:01 76.08   57.99   78.40   109.63
12:26:12 76.00   57.80   78.02   108.41
12:27:22 75.99   57.78   78.06   107.24
12:28:33 75.98   58.04   78.19   106.13
12:29:43 75.98   57.91   78.27   105.09
12:30:53 75.92   58.07   78.35   104.04
12:32:04 75.92   58.09   78.30   103.01
12:33:14 75.96   58.11   78.47   101.98
12:34:24 75.89   58.05   78.47   101.11
12:35:35 75.93   58.15   78.31   100.17
12:36:45 75.99   58.31   78.24   99.39
12:37:56 75.91   57.90   78.27   98.61
12:39:06 75.95   57.87   78.35   97.91
12:40:16 75.93   58.14   78.52   97.21
12:41:27 75.94   57.88   78.16   96.54
12:42:37 75.92   57.73   78.13   96.05
12:43:48 75.98   58.09   78.25   95.57
12:44:58 75.99   57.85   78.12   95.12
12:46:08 75.95   57.71   78.27   94.56
12:47:19 75.92   58.16   78.28   94.08
12:48:29 75.88   58.35   77.83   93.62
12:49:39 75.88   57.66   77.78   93.14
12:50:50 75.88   57.67   77.71   92.71
12:52:00 75.87   58.05   77.76   92.38
12:53:11 75.85   58.16   78.03   92.00
12:54:21 75.86   58.00   77.97   91.65
12:55:31 75.85   57.96   78.08   91.35
12:56:42 75.88   58.14   77.92   90.93
12:57:52 75.88   57.97   78.20   90.59
12:59:03 75.87   57.62   77.94   90.37
13:00:13 75.85   57.92   78.05   89.99
13:01:23 75.88   57.98   78.04   89.61
13:02:34 75.88   57.90   78.14   89.32
13:03:44 75.85   57.84   78.07   89.02
13:04:54 75.84   57.59   78.10   88.70
13:06:05 75.86   57.87   78.04   88.42
13:07:15 75.86   57.75   77.90   88.20
13:08:26 75.85   57.44   77.97   87.95
13:09:36 75.84   57.92   77.90   87.72
13:10:46 75.85   57.50   77.82   87.43
13:11:57 75.82   57.80   77.71   87.21
13:13:07 75.99   57.44   77.82   86.98
13:14:17 76.02   57.80   77.98   86.85
13:15:28 75.96   57.04   77.62   86.64
13:16:38 75.93   57.09   77.66   86.46
13:17:49 75.88   57.27   77.71   86.30
13:18:59 75.88   57.10   78.24   86.06
13:20:09 75.95   57.21   77.96   85.92
13:21:20 75.89   57.25   77.66   99.25
13:22:30 75.86   56.87   77.55   108.23
13:23:41 75.84   57.00   77.75   107.94
13:24:51 75.86   57.19   77.85   106.15
13:26:01 75.84   57.40   77.59   104.33
13:27:12 75.78   57.14   77.49   102.65
13:28:22 75.73   56.86   77.62   101.18
13:29:32 75.68   56.78   77.78   100.00
13:30:43 75.66   56.90   78.12   98.91
13:31:53 75.65   56.76   77.88   98.03
13:33:04 75.64   56.70   77.69   97.24
13:34:14 75.63   56.72   77.35   96.45
13:35:24 75.62   56.77   77.49   95.78
13:36:35 75.62   56.88   77.46   95.21
13:37:45 75.58   56.80   77.48   94.62
13:38:56 75.54   56.55   77.47   94.07
13:40:06 75.54   56.67   77.26   93.55
13:41:16 75.54   56.45   77.42   93.04
13:42:27 75.54   56.46   77.44   92.52
13:43:37 75.58   56.38   77.40   92.00
13:44:47 75.54   56.40   77.60   91.59
13:45:58 75.54   56.31   77.49   91.15
13:47:08 75.54   56.39   77.26   90.76
13:48:19 75.54   56.37   77.29   90.46
13:49:29 75.54   56.26   77.22   90.26
13:50:39 75.54   56.22   77.29   89.91
13:51:50 75.54   56.24   77.34   89.52
13:53:00 75.54   56.17   77.54   89.25
13:54:10 75.52   56.07   77.45   89.02
13:55:21 75.46   56.11   77.30   88.69
13:56:31 75.50   56.19   77.33   88.33
13:57:42 75.52   56.19   77.29   88.05
13:58:52 75.46   56.13   77.21   87.72
14:00:02 75.46   56.10   77.15   87.45
14:01:13 75.45   56.07   77.26   87.30
14:02:23 75.43   56.13   77.24   87.16
14:03:34 75.42   56.11   77.20   86.95
14:04:44 75.46   56.17   77.15   86.78
14:05:54 75.44   56.24   77.20   86.60
14:07:05 75.42   56.09   77.12   86.43
14:08:15 75.42   56.11   77.35   86.27
14:09:25 75.42   56.13   77.32   86.05
14:10:36 75.41   56.11   77.27   85.85
14:11:46 75.41   56.18   77.18   85.71
14:12:57 75.41   56.14   77.34   85.58
14:14:07 75.42   56.03   77.33   85.36
14:15:17 75.42   56.18   77.22   85.27
14:16:28 75.40   56.19   77.09   85.13
14:17:38 75.36   56.13   77.03   84.93
14:18:49 75.38   56.07   77.08   84.73
14:19:59 75.39   56.06   77.20   84.67
14:21:09 75.42   56.07   77.25   84.51
14:22:20 75.41   56.01   77.23   84.35
14:23:30 75.42   56.11   77.02   84.29
14:24:40 75.42   56.09   77.20   84.09
14:25:51 75.42   56.08   77.21   83.94
14:27:01 75.43   56.06   77.08   83.83
14:28:12 75.43   56.07   77.04   83.76
14:29:22 75.40   56.09   77.11   83.72
14:30:32 75.40   56.18   77.07   83.59
14:31:43 75.39   56.18   77.01   83.46
14:32:53 75.37   56.18   77.12   83.36
14:34:04 75.32   56.15   77.55   83.22
14:35:14 75.33   56.09   77.35   83.18
14:36:24 75.36   56.08   77.37   83.13
14:37:35 75.31   56.17   77.09   83.08
14:38:45 75.32   56.14   77.08   82.97
14:39:55 75.31   56.09   77.11   82.92
14:41:06 75.32   56.06   76.98   82.82
14:42:16 75.34   56.12   77.02   82.70
14:43:27 75.32   56.22   77.28   82.74
14:44:37 75.33   56.11   77.16   82.71
14:45:47 75.33   56.04   77.00   82.63
14:46:58 75.36   56.16   77.12   82.53
14:48:08 75.35   56.15   77.16   82.51
14:49:19 75.37   56.13   77.20   82.45
14:50:29 75.35   56.19   77.12   82.30
14:51:39 75.35   56.09   77.03   82.29
14:52:50 75.34   56.15   77.12   82.23
14:54:00 75.31   56.13   76.98   82.25
14:55:10 75.35   56.10   77.07   82.13
14:56:21 75.35   56.11   77.17   82.06
14:57:31 75.32   56.11   77.16   82.06
14:58:42 75.32   56.16   77.30   82.04
14:59:52 75.32   56.14   77.08   82.02
15:01:02 75.31   56.14   76.95   82.02
15:02:13 75.31   56.08   76.88   81.86
15:03:23 75.31   56.11   76.94   81.82
15:04:33 75.31   56.13   77.18   81.73
15:05:44 75.31   56.08   77.10   81.67
15:06:54 75.31   56.02   76.94   81.68
15:08:05 75.31   56.05   76.93   81.81
15:09:15 75.31   56.03   77.01   81.75
15:10:25 75.31   56.12   77.11   81.62
15:11:36 75.31   56.04   77.07   81.61
15:12:46 75.31   56.15   76.96   81.61
15:13:57 75.31   56.19   76.89   81.58
15:15:07 75.31   56.13   76.76   81.43
15:16:17 75.31   56.12   76.89   81.35
15:17:28 75.31   56.07   76.90   81.29
15:18:38 75.31   56.08   76.85   81.35
15:19:48 75.30   56.04   77.08   81.37
15:20:59 75.30   56.04   77.08   81.30
15:22:09 75.30   56.05   77.16   81.26
15:23:20 75.31   56.01   77.20   81.22
15:24:30 75.30   56.08   76.96   81.21
15:25:40 75.31   56.14   77.08   81.17
15:26:51 75.31   56.18   77.02   81.16
15:28:01 75.31   56.09   77.07   81.22
15:29:12 75.31   56.08   76.99   81.25
15:30:22 75.33   56.00   77.07   81.33
15:31:32 75.31   56.09   76.94   81.29
15:32:43 75.32   56.04   76.93   81.17
15:33:53 75.31   56.06   77.03   81.16
15:35:03 75.31   56.14   77.03   81.18
15:36:14 75.31   56.00   76.97   81.14
15:37:24 75.31   56.15   76.90   81.00
15:38:35 75.31   56.09   76.85   80.95
15:39:45 75.31   56.06   76.84   80.94
15:40:55 75.30   56.15   77.00   80.96
15:42:06 75.30   56.19   76.85   80.89
15:43:16 75.31   56.14   76.80   81.00
15:44:26 75.30   56.01   76.93   80.89
15:45:37 75.31   56.16   77.01   80.81
15:46:47 75.33   56.18   76.83   80.83
15:47:58 75.31   56.14   76.90   80.72
15:49:08 75.31   56.19   76.94   80.83
15:50:18 75.31   56.16   76.90   80.83
15:51:29 75.32   56.13   76.81   80.76
15:52:39 75.32   56.09   76.72   80.71
15:53:50 75.31   56.19   76.90   80.76
15:55:00 75.32   56.19   76.90   80.74
15:56:10 75.31   56.13   76.83   80.74
15:57:21 75.32   56.09   76.80   80.83
15:58:31 75.31   56.19   76.81   80.83
15:59:41 75.33   56.10   76.82   80.67
16:00:52 75.31   56.15   76.95   80.62
16:02:02 75.31   56.18   76.83   80.62
16:03:13 75.31   56.18   77.22   80.71
16:04:23 75.31   56.19   77.11   80.72
16:05:33 75.31   56.13   76.94   80.79
16:06:44 75.32   56.15   77.01   80.83
16:07:54 75.31   56.23   76.84   80.80
16:09:05 75.31   56.18   76.78   80.72
16:10:15 75.31   56.10   76.79   80.70
16:11:25 75.31   56.14   76.85   80.66
16:12:36 75.30   56.17   76.84   80.60
16:13:46 75.30   56.10   76.87   80.65
16:14:56 75.27   56.06   76.87   80.63
16:16:07 75.28   56.08   76.75   80.59
16:17:17 75.31   56.11   77.03   80.66
16:18:28 75.26   56.08   77.06   80.69
16:19:38 75.30   56.08   77.00   80.54
16:20:48 75.31   56.04   76.67   80.50
16:21:59 75.23   56.05   76.72   80.43
16:23:09 75.23   56.06   76.89   80.49
16:24:20 75.31   56.05   76.90   80.49
16:25:30 75.28   56.08   76.84   80.41
16:26:40 75.25   56.05   76.76   80.45
16:27:51 75.25   56.11   76.80   80.49
16:29:01 75.30   56.00   77.16   80.53
16:30:11 75.30   56.02   77.15   80.54
16:31:22 75.30   56.11   76.88   80.62
16:32:32 75.27   56.06   76.84   80.64
16:33:43 75.30   56.05   76.98   80.61
16:34:53 75.29   56.06   76.93   80.59
16:36:03 75.30   56.08   76.70   80.42
16:37:14 75.31   56.07   76.74   80.50
16:38:24 75.30   56.05   76.76   80.53
16:39:34 75.27   56.09   77.07   80.49
16:40:45 75.22   56.08   76.90   80.34
16:41:55 75.24   56.00   76.70   80.19
16:43:06 75.28   56.00   76.79   80.16
16:44:16 75.23   56.06   76.92   80.26
16:45:26 75.22   56.13   76.71   80.37
16:46:37 75.22   56.10   76.71   80.46
16:47:47 75.21   56.03   76.80   80.48
16:48:58 75.23   56.04   76.79   80.38
16:50:08 75.20   56.04   76.69   80.35
16:51:18 75.24   56.10   76.83   80.35
16:52:29 75.20   56.08   76.79   80.25
16:53:39 75.27   55.99   76.75   80.21
16:54:49 75.25   56.01   76.74   80.34
16:56:00 75.27   56.01   76.86   80.38
16:57:10 75.22   56.09   76.83   80.34
16:58:21 75.25   56.05   76.83   80.34
16:59:31 75.25   56.01   76.80   80.36
17:00:41 75.25   56.00   76.70   80.29
17:01:52 75.25   56.01   76.76   80.38
17:03:02 75.25   55.96   76.74   80.38
17:04:12 75.25   56.06   76.78   80.39
17:05:23 75.28   56.08   76.92   80.34
17:06:33 75.25   56.08   76.88   80.35
17:07:44 75.21   56.00   76.81   80.38
17:08:54 75.21   56.00   76.67   80.39
17:10:04 75.20   55.97   76.61   80.29
17:11:15 75.20   56.01   76.63   80.33
17:12:25 75.21   56.01   76.70   80.22
17:13:36 75.21   56.01   76.68   80.23
17:14:46 75.22   55.96   76.68   80.38
17:15:56 75.22   56.04   76.71   80.39
17:17:07 75.21   56.05   76.73   80.41
17:18:17 75.21   56.11   76.78   80.31
17:19:27 75.19   56.01   76.74   80.27
17:20:38 75.20   56.11   76.74   80.29
17:21:48 75.20   55.96   76.61   80.32
17:22:59 75.21   56.04   76.77   80.27
17:24:09 75.18   55.95   76.76   80.26
17:25:19 75.21   56.04   76.74   80.26
17:26:30 75.20   56.02   76.76   80.29
17:27:40 75.21   55.98   76.68   80.31
17:28:51 75.20   55.96   76.61   80.26
17:30:01 75.19   55.95   76.68   80.16
17:31:11 75.17   55.94   76.78   80.17
17:32:22 75.19   55.87   76.65   80.25
17:33:32 75.17   55.95   76.53   80.21
17:34:42 75.19   56.00   76.59   80.14
17:35:53 75.19   56.01   76.42   80.11
17:37:03 75.19   56.01   76.58   80.20
17:38:14 75.19   55.93   76.57   80.18
17:39:24 75.20   56.03   76.98   80.10
17:40:34 75.18   55.96   76.90   80.05
17:41:45 75.18   56.01   76.87   80.08
17:42:55 75.20   55.96   76.78   80.15
17:44:05 75.19   56.03   76.72   80.03
17:45:16 75.21   55.95   76.69   79.98
17:46:26 75.20   55.96   76.74   79.92
17:47:37 75.19   55.96   76.83   79.92
17:48:47 75.16   55.88   76.79   79.94
17:49:57 75.20   55.96   76.71   80.03
17:51:08 75.18   55.91   76.81   80.00
17:52:18 75.17   55.87   76.62   79.89
17:53:29 75.19   55.86   76.59   79.82
17:54:39 75.19   55.86   76.70   79.86
17:55:49 75.09   55.91   76.60   79.98
17:57:00 75.15   55.97   76.85   79.94
17:58:10 75.13   55.93   77.06   79.94
17:59:20 75.26   55.99   76.84   81.22
18:00:31 75.29   56.00   76.80   82.28
18:01:41 75.36   56.01   76.70   82.37
18:02:52 75.38   56.08   76.62   82.19
18:04:02 75.31   56.09   76.57   82.26
18:05:12 75.36   56.12   76.62   82.14
18:06:23 75.31   56.09   76.70   82.07
18:07:33 75.31   56.06   76.97   82.17
18:08:43 75.31   56.02   76.92   82.05
18:09:54 75.35   56.11   77.06   81.92
18:11:04 75.35   56.09   77.33   81.76
18:12:15 75.35   56.07   77.02   81.72
18:13:25 75.33   56.11   76.86   81.72
18:14:35 75.33   56.14   76.87   81.49
18:15:46 75.34   56.16   76.93   81.49
18:16:56 75.31   56.04   77.00   81.48
18:18:07 75.32   56.07   76.97   81.39
18:19:17 75.31   56.20   76.99   81.39
18:20:27 75.36   56.09   77.04   81.39
18:21:38 75.34   56.08   77.07   81.32
18:22:48 75.33   56.09   77.26   81.28
18:23:58 75.34   56.19   77.46   81.17
18:25:09 75.32   56.11   77.29   81.11
18:26:19 75.31   56.16   77.21   81.06
18:27:30 75.32   56.18   77.46   81.06
18:28:40 75.31   56.15   77.32   80.98
18:29:50 75.32   56.25   77.19   80.96
18:31:01 75.32   56.16   77.33   80.90
18:32:11 75.31   56.19   77.41   80.84
18:33:21 75.32   56.13   77.35   80.80
18:34:32 75.31   56.18   77.37   80.73
18:35:42 75.36   56.22   77.38   80.68
18:36:53 75.33   56.27   77.52   80.55
18:38:03 75.32   56.23   77.46   80.51
18:39:13 75.37   56.11   77.56   80.59
18:40:24 75.35   56.25   77.47   80.54
18:41:34 75.33   56.28   77.66   80.56
18:42:45 75.37   56.25   77.47   80.58
18:43:55 75.39   56.27   77.49   80.45
18:45:05 75.43   56.31   77.35   80.45
18:46:16 75.42   56.31   77.47   80.47
18:47:26 75.40   56.12   77.58   80.48
18:48:36 75.38   56.59   77.39   80.45
18:49:47 75.42   56.34   77.42   80.40
18:50:57 75.40   56.31   77.51   80.38
18:52:08 75.44   56.24   77.53   80.37
18:53:18 75.44   56.20   77.61   80.26
18:54:28 75.45   56.49   77.37   80.18
18:55:39 75.43   56.44   77.50   80.19
18:56:49 75.44   56.40   77.58   80.26
18:58:00 75.43   56.33   77.59   80.26
18:59:10 75.46   56.22   77.41   80.26
19:00:20 75.49   56.31   77.57   80.24
19:01:31 75.48   56.37   77.57   80.17
19:02:41 75.53   56.46   77.38   80.16
19:03:51 75.53   56.37   77.52   80.20
19:05:02 75.50   56.32   77.50   80.20
19:06:12 75.48   56.51   77.48   80.16
19:07:23 75.48   56.37   77.67   80.08
19:08:33 75.46   56.42   77.67   80.03
19:09:43 75.45   56.34   77.55   80.03
19:10:54 75.46   56.47   77.77   79.98
19:12:04 75.50   56.48   77.53   80.17
19:13:15 75.48   56.37   77.47   80.22
19:14:25 75.46   56.58   77.76   80.10
19:15:35 75.49   56.58   77.69   80.00
19:16:46 75.53   56.57   77.69   79.91
19:17:56 75.54   56.71   77.76   79.92
19:19:06 75.54   56.61   77.76   79.92
19:20:17 75.54   56.56   78.25   79.93
19:21:27 75.49   56.79   77.83   80.03
19:22:38 75.45   56.58   77.76   80.12
19:23:48 75.51   56.72   77.68   80.12
19:24:58 75.48   56.52   77.64   80.04
19:26:09 75.46   56.50   77.61   79.96
19:27:19 75.50   56.74   77.71   80.03
19:28:29 75.42   56.51   77.76   79.99
19:29:40 75.48   56.57   77.97   79.93
19:30:50 75.46   56.72   77.83   79.98
19:32:01 75.46   56.73   77.65   80.11
19:33:11 75.51   56.67   77.74   80.17
19:34:21 75.45   56.74   77.96   80.19
19:35:32 75.48   56.73   77.69   80.08
19:36:42 75.50   56.94   77.85   80.04
19:37:53 75.51   56.85   77.75   80.04
19:39:03 75.54   56.84   77.50   80.01
19:40:13 75.54   56.78   77.54   79.92
19:41:24 75.63   56.92   77.70   79.82
19:42:34 75.58   57.05   77.67   79.78
19:43:44 75.60   56.88   77.62   79.72
19:44:55 75.63   56.98   77.56   79.73
19:46:05 75.63   56.92   77.79   79.82
19:47:15 75.67   57.04   77.93   79.98
19:48:26 75.62   56.94   77.84   80.04
19:49:36 75.67   56.93   78.11   80.02
19:50:47 75.69   57.20   78.19   80.08
19:51:57 75.72   57.02   77.97   80.07
19:53:07 75.64   56.81   77.73   80.09
19:54:18 75.65   57.03   77.73   80.06
19:55:28 75.70   57.15   77.87   79.97
19:56:38 75.68   56.99   77.82   79.98
19:57:49 75.67   57.18   78.13   80.03
19:58:59 75.75   57.12   78.22   79.96
20:00:10 75.70   56.87   78.05   79.90
20:01:20 75.76   57.07   78.01   79.92
20:02:30 75.71   56.98   78.13   79.92
20:03:41 75.70   56.71   77.92   79.92
20:04:51 75.71   56.80   78.12   79.89
20:06:01 75.70   56.98   78.43   79.80
20:07:12 75.65   56.75   78.44   79.77
20:08:22 75.60   56.94   78.14   79.89
20:09:33 75.59   56.75   77.94   79.95
20:10:43 75.62   56.75   78.17   80.00
20:11:53 75.65   56.65   78.09   79.97
20:13:04 75.62   56.96   77.92   79.92
20:14:14 75.55   57.01   77.90   79.88
20:15:25 75.54   56.99   77.83   79.92
20:16:35 75.56   56.85   78.04   80.03
20:17:45 75.54   56.97   78.18   80.04
20:18:56 75.53   57.05   78.25   80.04
20:20:06 75.61   56.96   78.08   80.04
20:21:16 75.57   57.09   78.00   79.94
20:22:27 75.55   57.22   77.95   80.01
20:23:37 75.54   57.19   77.95   79.92
20:24:48 75.54   57.26   77.96   79.90
20:25:58 75.55   57.34   77.91   79.92
20:27:08 75.59   57.25   77.96   79.88
20:28:19 75.55   57.32   77.97   79.95
20:29:29 75.51   57.36   77.91   79.86
20:30:40 75.50   57.40   78.02   79.82
20:31:50 75.50   57.51   77.97   79.92
20:33:00 75.53   57.39   78.02   80.04
20:34:11 75.56   57.23   78.04   80.01
20:35:21 75.53   57.37   77.84   79.87
20:36:31 75.49   57.46   77.92   79.77
20:37:42 75.50   57.40   77.96   79.81
20:38:52 75.57   57.34   77.93   79.85
20:40:03 75.55   57.50   78.38   79.80
20:41:13 75.57   57.55   78.25   79.80
20:42:23 75.59   57.56   78.19   79.92
20:43:34 75.56   57.67   78.16   79.81
20:44:44 75.58   57.61   78.10   79.86
20:45:55 75.55   57.28   77.97   79.81
20:47:05 75.55   57.27   77.95   79.82
20:48:15 75.54   57.40   77.96   79.83
20:49:26 75.53   57.62   78.08   79.88
20:50:36 75.54   57.66   78.04   79.90
20:51:46 75.55   57.50   78.02   79.97
20:52:57 75.54   57.43   77.90   79.92
20:54:07 75.54   57.53   78.07   79.82
20:55:18 75.54   57.52   77.99   79.81
20:56:28 75.54   57.62   77.95   79.71
20:57:38 75.55   57.48   78.08   79.77
20:58:49 75.55   57.63   78.06   79.81
20:59:59 75.57   57.53   78.24   79.81
21:01:09 75.56   57.63   78.25   79.81
21:02:20 75.59   57.40   78.27   79.80
21:03:30 75.55   57.52   78.34   79.81
21:04:41 75.53   57.29   78.07   79.80
21:05:51 75.59   57.10   78.07   79.77
21:07:01 75.63   57.49   78.09   79.71
21:08:12 75.62   57.45   78.05   79.74
21:09:22 75.61   57.21   78.13   79.71
21:10:33 75.62   57.70   78.17   79.80
21:11:43 75.63   57.76   78.15   79.81
21:12:53 75.47   57.32   78.11   79.76
21:14:04 75.54   57.41   78.26   79.73
21:15:14 75.57   57.58   78.14   82.36
21:16:24 75.58   57.26   78.11   83.76
21:17:35 75.53   57.59   78.19   83.85
21:18:45 75.50   57.41   78.23   83.86
21:19:56 75.45   57.54   78.02   83.75
21:21:06 75.46   57.48   78.45   83.55
21:22:16 75.44   57.55   78.19   83.31
21:23:27 75.46   57.43   78.26   83.28
21:24:37 75.52   57.35   78.20   83.08
21:25:48 75.48   57.34   78.14   82.83
21:26:58 75.48   57.62   78.02   82.70
21:28:08 75.46   57.60   78.00   82.52
21:29:19 75.49   57.50   78.00   82.40
21:30:29 75.45   57.27   78.07   82.37
21:31:39 75.51   57.58   78.29   82.34
21:32:50 75.51   57.53   78.32   82.21
21:34:00 75.53   57.77   78.36   82.10
21:35:11 75.45   57.68   78.18   81.94
21:36:21 75.48   57.65   78.33   81.83
21:37:31 75.48   57.50   78.25   81.73
21:38:42 75.51   57.36   78.24   81.61
21:39:52 75.55   57.52   78.12   81.40
21:41:02 75.51   57.68   78.41   81.20
21:42:13 75.51   57.84   78.38   81.16
21:43:23 75.53   57.79   78.47   81.17
21:44:34 75.48   57.50   78.11   81.16
21:45:44 75.54   57.87   77.97   81.08
21:46:54 75.58   57.73   78.20   80.97
21:48:05 75.55   57.66   78.16   80.83
21:49:15 75.47   57.59   78.18   80.89
21:50:26 75.44   57.89   78.10   80.94
21:51:36 75.41   57.77   78.26   80.94
21:52:46 75.42   57.82   78.15   80.90
21:53:57 75.38   57.71   78.03   80.83
21:55:07 75.37   57.73   78.05   80.85
21:56:17 75.35   57.86   78.27   80.84
21:57:28 75.39   57.58   77.93   80.72
21:58:38 75.40   57.37   77.80   80.71
21:59:49 75.36   57.76   78.00   80.61
22:00:59 75.35   57.58   77.77   80.55
22:02:09 75.35   57.66   77.81   80.49
22:03:20 75.33   57.69   77.81   80.43
22:04:30 75.33   57.67   77.71   80.38
22:05:41 75.31   57.64   77.77   80.46
22:06:51 75.35   57.88   77.71   80.47
22:08:01 75.38   57.86   78.03   80.32
22:09:12 75.35   57.89   77.79   80.29
22:10:22 75.32   57.75   77.60   80.32
22:11:32 75.32   57.80   77.66   80.28
22:12:43 75.40   57.91   77.46   80.36
22:13:53 75.39   57.90   77.46   80.39
22:15:04 75.35   57.77   77.35   80.46
22:16:14 75.32   57.48   77.59   80.48
22:17:24 75.31   57.54   77.51   80.68
22:18:35 75.32   57.42   77.71   92.56
22:19:45 75.32   56.90   77.62   95.56
22:20:55 75.31   56.96   77.65   94.33
22:22:06 75.32   57.41   77.45   92.90
22:23:16 75.30   57.53   77.50   91.76
22:24:27 75.28   57.75   77.43   90.73
22:25:37 75.23   57.39   77.26   89.84
22:26:47 75.25   57.55   77.33   89.21
22:27:58 75.21   57.53   77.32   88.69
22:29:08 75.22   57.48   77.55   91.20
22:30:19 75.19   57.55   77.53   91.73
22:31:29 75.20   57.19   77.46   91.15
22:32:39 75.17   57.43   77.61   90.62
22:33:50 75.26   57.50   77.46   89.99
22:35:00 75.27   57.72   77.55   89.36
22:36:10 75.31   57.73   77.49   88.81
22:37:21 75.26   57.98   77.46   88.25
22:38:31 75.25   57.91   77.58   87.87
22:39:42 75.23   57.80   77.37   87.52
22:40:52 75.25   57.75   77.29   87.23
22:42:02 75.20   57.81   77.39   86.93
22:43:13 75.20   57.75   77.30   86.61
22:44:23 75.20   57.72   77.42   86.28
22:45:34 75.17   57.58   77.39   86.02
22:46:44 75.20   57.49   77.34   85.69
22:47:54 75.17   57.25   77.25   85.53
22:49:05 75.14   57.34   77.28   85.30
22:50:15 75.12   57.46   77.15   85.04
22:51:25 75.16   57.72   77.33   84.79
22:52:36 75.08   57.91   77.30   84.63
22:53:46 75.09   57.54   77.16   84.49
22:54:57 75.10   57.55   77.27   84.26
22:56:07 75.09   57.64   77.42   84.05
22:57:17 75.09   57.53   77.26   83.94
22:58:28 75.09   57.67   77.11   83.75
22:59:38 75.05   57.42   77.00   83.50
23:00:49 75.08   57.72   77.07   83.40
23:01:59 75.07   57.66   77.40   83.34
23:03:09 75.06   57.68   77.32   83.12
23:04:20 75.03   57.54   77.43   82.90
23:05:30 75.02   57.53   77.14   82.76
23:06:40 75.01   57.58   77.02   82.74
23:07:51 75.00   57.30   77.04   82.68
23:09:01 74.98   57.50   77.08   82.54
23:10:12 74.96   57.54   77.39   82.41
23:11:22 74.95   57.59   77.33   82.28
23:12:32 74.95   57.59   76.92   82.15
23:13:43 74.96   57.71   76.97   82.08
23:14:53 74.97   57.72   77.24   94.76
23:16:03 74.96   57.50   77.01   104.67
23:17:14 75.00   57.52   77.05   106.59
23:18:24 75.07   57.59   77.07   106.23
23:19:35 75.00   57.55   77.12   105.43
23:20:45 74.97   57.63   77.06   106.92
23:21:55 74.97   57.50   76.93   107.45
23:23:06 74.94   57.60   77.00   107.12
23:24:16 74.88   57.64   77.01   106.56
23:25:27 74.89   57.55   77.06   106.78
23:26:37 74.86   57.69   77.10   106.70
23:27:47 74.81   57.64   77.01   107.37
23:28:58 74.81   57.35   76.92   107.17
23:30:08 74.85   57.45   77.22   106.58
23:31:18 74.82   57.53   77.01   105.88
23:32:29 74.81   57.50   77.45   105.20
23:33:39 74.87   57.63   77.19   104.52
23:34:50 74.86   57.26   77.01   103.76
23:36:00 74.86   57.56   77.19   103.00
23:37:10 74.86   57.63   77.05   102.21
23:38:21 74.92   57.40   76.97   101.38
23:39:31 74.88   57.31   77.01   100.58
23:40:42 74.86   57.40   77.03   99.81
23:41:52 74.82   57.64   76.94   99.14
23:43:02 74.79   57.67   76.98   98.49
23:44:13 74.77   57.36   76.90   97.86
23:45:23 74.77   57.49   76.85   97.30
23:46:33 74.75   57.65   77.01   96.69
23:47:44 74.76   57.45   76.97   96.11
23:48:54 74.73   57.46   77.02   95.65
23:50:05 74.74   57.03   77.33   95.18
23:51:15 74.74   57.41   77.11   94.65
23:52:25 74.74   57.55   77.25   94.12
23:53:36 74.71   57.53   77.17   93.68
23:54:46 74.71   57.43   77.20   93.30
23:55:56 74.66   57.45   76.94   92.86
23:57:07 74.64   57.32   76.96   92.41
23:58:17 74.64   57.22   77.04   92.14
23:59:28 74.64   57.37   76.88   91.76
