20:42:35 76.38   58.55   77.56   91.42
20:43:45 76.36   58.63   77.58   91.16
20:44:56 76.34   58.81   77.62   90.90
20:46:06 76.39   58.66   77.48   90.62
20:47:17 76.38   58.73   77.55   90.34
20:48:27 76.38   58.63   77.68   90.11
20:49:37 76.44   58.81   77.77   89.78
20:50:48 76.43   58.86   77.83   89.48
20:51:58 76.43   58.74   77.83   89.25
20:53:08 76.44   58.87   77.85   89.04
20:54:19 76.44   58.99   77.81   88.76
20:55:29 76.43   58.66   77.93   88.51
20:56:40 76.45   58.74   77.94   88.29
20:57:50 76.44   59.01   77.95   88.10
20:59:00 76.44   59.06   77.91   87.78
21:00:11 76.44   59.04   77.91   87.44
21:01:21 76.43   59.05   78.02   87.24
21:02:32 76.43   58.96   78.02   87.07
21:03:42 76.53   59.01   77.94   86.93
21:04:52 76.48   59.15   77.96   86.64
21:06:03 76.45   59.24   77.90   86.49
21:07:13 76.44   59.15   78.02   86.39
21:08:23 76.44   59.20   78.09   86.22
21:09:34 76.39   58.93   78.02   86.17
21:10:44 76.40   58.34   78.03   86.11
21:11:55 76.34   59.03   78.10   85.94
21:13:05 76.34   58.80   78.34   85.76
21:14:15 76.33   58.58   78.25   85.70
21:15:26 76.33   58.68   78.07   85.65
21:16:36 76.34   58.38   78.05   85.48
21:17:47 76.34   58.51   78.10   88.25
21:18:57 76.35   58.74   78.08   106.86
21:20:07 76.33   58.68   78.14   111.72
21:21:18 76.32   58.61   77.99   111.97
21:22:28 76.33   58.43   77.90   111.18
21:23:38 76.31   58.47   77.89   110.05
21:24:49 76.33   58.77   77.85   108.92
21:25:59 76.36   58.80   77.79   107.83
21:27:10 76.43   58.81   77.73   106.69
21:28:20 76.40   58.92   77.72   105.69
21:29:30 76.33   58.56   77.85   104.78
21:30:41 76.34   58.83   77.65   103.82
21:31:51 76.34   58.83   77.66   102.98
21:33:01 76.31   58.95   77.67   102.19
21:34:12 76.33   58.81   77.77   101.33
21:35:22 76.29   58.95   77.71   100.55
21:36:33 76.31   59.09   77.84   99.85
21:37:43 76.32   59.09   77.66   99.16
21:38:53 76.31   59.13   77.58   98.53
21:40:04 76.25   59.12   77.64   97.98
21:41:14 76.28   58.96   77.61   97.46
21:42:25 76.29   58.92   77.75   96.80
21:43:35 76.30   59.19   77.76   96.28
21:44:45 76.24   59.21   77.56   95.70
21:45:56 76.26   58.97   77.66   95.12
21:47:06 76.24   59.01   77.74   94.70
21:48:16 76.21   59.13   77.69   94.26
21:49:27 76.25   58.99   77.67   93.80
21:50:37 76.21   59.03   77.63   93.29
21:51:48 76.24   59.10   77.77   92.88
21:52:58 76.21   59.05   77.65   92.53
21:54:08 76.23   59.11   77.58   92.16
21:55:19 76.21   58.98   77.60   91.89
21:56:29 76.22   58.72   77.53   91.63
21:57:40 76.20   58.77   77.57   91.27
21:58:50 76.20   58.96   77.76   90.87
22:00:00 76.21   58.89   77.86   90.49
22:01:11 76.20   59.08   77.56   90.17
22:02:21 76.21   59.02   77.53   89.88
22:03:31 76.22   58.92   77.67   89.54
22:04:42 76.17   59.16   77.84   89.28
22:05:52 76.11   59.11   77.94   91.39
22:07:03 76.09   58.95   77.88   105.69
22:08:13 76.05   59.04   77.73   110.06
22:09:23 76.02   58.83   77.68   109.94
22:10:34 75.99   58.36   77.57   108.95
22:11:44 75.99   58.84   77.48   107.83
22:12:55 76.02   59.08   77.67   109.91
22:14:05 75.99   58.81   77.78   110.93
22:15:15 75.95   58.76   77.59   111.55
22:16:26 75.96   58.84   77.51   111.48
22:17:36 75.92   58.58   77.57   110.81
22:18:46 75.90   58.56   77.73   110.11
22:19:57 75.88   58.82   77.61   109.29
22:21:07 75.88   58.91   77.68   108.48
22:22:18 75.87   58.79   77.66   107.66
22:23:28 75.84   58.20   77.64   106.78
22:24:38 75.83   58.69   77.42   105.97
22:25:49 75.83   58.52   77.37   105.18
22:26:59 75.80   58.57   77.61   104.37
22:28:10 75.76   58.35   77.56   103.60
22:29:20 75.77   58.35   77.56   102.82
22:30:30 75.77   58.46   77.59   102.04
22:31:41 75.75   58.12   77.48   101.34
22:32:51 75.74   58.38   77.46   100.64
22:34:01 75.74   58.25   77.74   99.94
22:35:12 75.70   58.29   77.67   99.26
22:36:22 75.68   58.38   77.48   98.70
22:37:33 75.67   58.26   77.53   98.10
22:38:43 75.66   58.26   77.58   98.03
22:39:53 75.64   58.07   77.63   98.43
22:41:04 75.61   57.90   77.73   102.56
22:42:14 75.63   57.78   77.79   107.16
22:43:24 75.61   57.76   77.84   106.58
22:44:35 75.64   58.37   77.69   105.50
22:45:45 75.64   58.38   77.78   104.32
22:46:56 75.56   58.37   77.74   103.19
22:48:06 75.55   58.19   77.70   102.22
22:49:16 75.54   58.03   77.55   101.28
22:50:27 75.53   57.94   77.61   100.40
22:51:37 75.54   58.11   77.69   99.62
22:52:48 75.52   57.91   77.68   98.89
22:53:58 75.47   57.80   77.71   98.19
22:55:08 75.44   57.76   77.67   97.42
22:56:19 75.44   57.75   77.70   96.72
22:57:29 75.45   57.81   77.66   96.13
22:58:39 75.43   57.96   77.63   95.57
22:59:50 75.44   57.81   77.66   94.98
23:01:00 75.43   57.99   77.68   94.50
23:02:11 75.42   58.14   77.57   93.97
23:03:21 75.41   58.04   77.46   93.48
23:04:31 75.42   57.91   77.52   92.96
23:05:42 75.42   57.76   77.57   92.52
23:06:52 75.42   57.68   77.67   92.09
23:08:03 75.40   57.83   77.51   91.69
23:09:13 75.37   57.80   77.66   91.30
23:10:23 75.32   57.89   77.57   90.99
23:11:34 75.35   57.71   77.75   90.55
23:12:44 75.34   57.88   77.68   90.21
23:13:54 75.35   57.67   77.67   89.86
23:15:05 75.31   57.55   77.71   89.55
23:16:15 75.31   57.44   77.77   89.26
23:17:26 75.31   57.58   77.62   88.91
23:18:36 75.31   57.61   77.60   88.64
23:19:46 75.28   57.51   77.61   88.40
23:20:57 75.29   57.64   77.75   88.16
23:22:07 75.21   57.40   77.67   87.88
23:23:18 75.20   57.29   77.48   87.66
23:24:28 75.22   57.44   77.55   87.47
23:25:38 75.19   57.30   77.55   87.25
23:26:49 75.19   57.24   77.69   87.01
23:27:59 75.14   57.21   77.56   86.76
23:29:09 75.16   57.23   77.44   86.51
23:30:20 75.15   57.51   77.37   86.28
23:31:30 75.09   57.37   77.53   86.15
23:32:41 75.11   57.38   77.45   85.92
23:33:51 75.08   57.17   77.41   85.71
23:35:01 75.09   57.19   77.35   85.57
23:36:12 75.08   57.16   77.42   85.48
23:37:22 75.03   56.93   77.53   85.30
23:38:32 75.07   56.93   77.63   85.05
23:39:43 75.00   56.96   77.91   84.86
23:40:53 75.03   57.13   77.60   84.69
23:42:04 75.03   57.10   77.44   84.54
23:43:14 75.01   56.97   77.39   84.42
23:44:24 75.02   56.93   77.49   84.30
23:45:35 74.99   56.81   77.56   84.16
23:46:45 74.97   56.90   77.56   84.06
23:47:56 75.00   56.85   77.63   83.88
23:49:06 74.97   56.49   77.65   83.67
23:50:16 74.96   56.63   77.43   83.63
23:51:27 74.97   56.97   77.42   83.58
23:52:37 74.97   56.83   77.33   83.43
23:53:47 74.92   56.58   77.40   83.25
23:54:58 74.94   56.53   77.47   83.06
23:56:08 74.94   56.76   77.43   82.93
23:57:19 74.92   56.59   77.31   82.77
23:58:29 74.88   56.65   77.21   82.63
23:59:39 74.88   56.54   77.29   82.51
