00:00:34 73.36   54.74   73.71   82.89
00:01:44 73.33   54.84   73.64   82.78
00:02:55 73.31   54.85   73.68   82.71
00:04:05 73.30   54.80   73.69   82.58
00:05:15 73.25   54.65   73.68   82.48
00:06:26 73.26   54.75   73.65   82.33
00:07:36 73.23   54.73   73.64   82.24
00:08:47 73.23   54.66   73.60   82.13
00:09:57 73.25   54.75   73.70   82.05
00:11:07 73.22   54.67   73.64   81.95
00:12:18 73.21   54.67   73.63   81.87
00:13:28 73.18   54.40   73.57   81.74
00:14:39 73.19   54.47   73.64   81.72
00:15:49 73.19   54.33   73.57   81.52
00:16:59 73.16   54.46   73.59   81.40
00:18:10 73.16   54.39   73.51   81.39
00:19:20 73.12   54.30   73.45   81.38
00:20:31 73.14   54.71   73.57   81.28
00:21:41 73.11   54.12   73.54   81.20
00:22:51 73.10   54.31   73.59   81.06
00:24:02 73.08   54.23   73.46   80.97
00:25:12 73.06   53.92   73.37   80.94
00:26:23 73.08   54.18   73.48   80.89
00:27:33 73.10   54.24   73.47   80.75
00:28:43 73.07   53.84   73.42   80.71
00:29:54 73.06   53.93   73.42   80.71
00:31:04 73.06   54.08   73.38   80.62
00:32:15 72.98   54.11   73.42   80.43
00:33:25 73.02   53.95   73.39   80.37
00:34:35 73.04   54.41   73.32   80.27
00:35:46 72.97   54.06   73.29   80.26
00:36:56 72.94   53.77   73.32   80.23
00:38:07 72.94   54.18   73.38   80.10
00:39:17 72.91   53.84   73.39   79.94
00:40:27 72.89   53.74   73.28   79.98
00:41:38 72.85   53.63   73.28   80.04
00:42:48 72.84   54.05   73.29   79.99
00:43:59 72.89   53.85   73.24   79.93
00:45:09 72.86   54.20   73.27   79.92
00:46:19 72.85   53.89   73.30   79.87
00:47:30 72.78   53.74   73.27   79.73
00:48:40 72.84   54.15   73.29   79.70
00:49:51 72.80   53.85   73.28   79.62
00:51:01 72.76   53.87   73.28   79.55
00:52:11 72.75   54.03   73.21   79.55
00:53:22 72.76   53.83   73.17   79.55
00:54:32 72.78   54.03   73.20   79.53
00:55:43 72.73   53.93   73.20   79.49
00:56:53 72.72   53.72   73.23   79.47
00:58:03 72.71   53.99   73.19   79.57
00:59:14 72.66   53.83   73.28   79.40
01:00:24 72.71   53.65   73.19   79.36
01:01:35 72.72   53.90   73.15   79.28
01:02:45 72.67   54.02   73.11   79.31
01:03:55 72.67   54.19   73.11   79.21
01:05:06 72.63   53.94   73.12   79.24
01:06:16 72.63   53.91   73.05   79.21
01:07:27 72.66   53.79   73.02   79.12
01:08:37 72.62   53.55   73.04   79.13
01:09:47 72.56   53.54   73.12   79.14
01:10:58 72.57   53.53   73.08   79.14
01:12:08 72.54   53.41   73.07   79.13
01:13:19 72.53   53.54   73.03   79.13
01:14:29 72.56   53.86   73.01   79.03
01:15:39 72.49   53.45   72.92   79.03
01:16:50 72.51   53.53   72.95   78.99
01:18:00 72.49   53.48   73.05   78.91
01:19:11 72.51   53.53   72.98   78.89
01:20:21 72.48   53.41   72.99   78.89
01:21:31 72.52   53.38   73.02   78.80
01:22:42 72.51   53.59   72.87   78.79
01:23:52 72.42   53.34   73.01   78.68
01:25:03 72.48   53.38   73.02   78.54
01:26:13 72.47   53.40   72.91   78.46
01:27:23 72.41   53.35   72.91   78.52
01:28:34 72.41   53.35   72.84   78.58
01:29:44 72.42   53.17   72.88   78.58
01:30:55 72.39   53.44   72.94   78.50
01:32:05 72.39   53.09   72.82   78.46
01:33:15 72.40   53.14   72.89   78.45
01:34:26 72.39   53.16   72.79   78.46
01:35:36 72.39   53.36   72.79   78.37
01:36:47 72.35   53.19   72.88   78.24
01:37:57 72.33   53.16   72.84   78.23
01:39:07 72.30   53.07   72.85   78.25
01:40:18 72.28   52.95   72.85   78.32
01:41:28 72.28   53.20   72.83   78.28
01:42:39 72.30   52.81   72.80   78.26
01:43:49 72.28   52.50   72.80   78.09
01:44:59 72.26   52.66   72.77   78.05
01:46:10 72.25   52.74   72.67   78.13
01:47:20 72.24   52.61   72.72   78.13
01:48:31 72.20   53.07   72.73   78.14
01:49:41 72.26   52.81   72.75   78.11
01:50:51 72.17   52.88   72.65   78.05
01:52:02 72.14   52.64   72.77   77.93
01:53:12 72.16   52.44   72.63   77.89
01:54:23 72.16   52.17   72.77   77.83
01:55:33 72.17   52.68   72.74   77.75
01:56:43 72.08   52.69   72.72   77.89
01:57:54 72.13   52.59   72.69   77.83
01:59:04 72.13   52.45   72.71   77.68
02:00:15 72.12   52.59   72.60   77.71
02:01:25 72.04   52.89   72.56   77.67
02:02:35 72.08   52.50   72.53   77.67
02:03:46 72.03   52.54   72.53   77.75
02:04:56 72.03   52.36   72.62   77.82
02:06:07 72.02   52.26   72.61   77.79
02:07:17 71.99   52.48   72.50   77.69
02:08:27 72.04   52.64   72.53   77.79
02:09:38 71.99   52.72   72.54   77.79
02:10:48 71.96   52.44   72.51   77.76
02:11:59 71.99   52.36   72.48   77.69
02:13:09 71.97   52.47   72.44   77.67
02:14:19 71.95   52.26   72.56   77.67
02:15:30 71.94   55.77   72.42   77.71
02:16:40 72.03   63.47   72.35   77.83
02:17:51 72.19   64.57   72.45   77.79
02:19:01 72.28   65.44   72.46   77.88
02:20:11 72.35   66.01   72.53   77.88
02:21:22 72.42   66.93   72.70   77.91
02:22:32 72.43   66.82   72.72   77.98
02:23:43 72.51   59.71   72.74   77.98
02:24:53 72.44   56.19   72.74   77.82
02:26:03 72.34   55.32   72.82   77.74
02:27:14 72.29   54.83   72.67   77.79
02:28:24 72.22   54.41   72.49   77.73
02:29:35 72.17   54.08   72.56   77.67
02:30:45 72.15   53.95   72.59   77.73
02:31:55 72.15   54.19   72.68   77.79
02:33:06 72.09   53.73   72.66   77.84
02:34:16 72.08   54.17   72.67   77.81
02:35:27 71.99   56.18   72.62   77.82
02:36:37 72.10   64.08   72.56   77.82
02:37:47 72.28   65.68   72.49   77.87
02:38:58 72.35   66.97   72.48   77.79
02:40:08 72.37   67.53   72.60   77.80
02:41:19 72.45   68.85   72.73   77.82
02:42:29 72.54   70.33   72.73   77.86
02:43:39 72.67   71.42   72.81   77.91
02:44:50 72.85   71.81   72.86   77.95
02:46:00 72.94   61.66   72.92   78.01
02:47:11 72.84   56.55   72.93   78.01
02:48:21 72.68   55.52   72.89   78.11
02:49:31 72.51   55.03   72.93   78.10
02:50:42 72.44   54.83   72.91   78.01
02:51:52 72.38   54.33   72.77   78.02
02:53:03 72.33   54.39   72.80   78.01
02:54:13 72.31   58.98   72.77   78.02
02:55:23 72.38   65.13   72.84   78.05
02:56:34 72.51   66.56   72.83   78.05
02:57:44 72.62   67.99   72.71   78.04
02:58:55 72.57   69.64   72.68   78.15
03:00:05 72.69   71.61   72.82   78.24
03:01:15 72.81   73.09   72.84   78.24
03:02:26 72.98   73.84   72.92   78.29
03:03:36 73.06   74.19   73.01   78.25
03:04:47 73.22   74.49   73.00   78.30
03:05:57 73.29   74.72   72.98   78.46
03:07:07 73.35   74.87   73.02   78.45
03:08:18 73.39   75.03   72.96   78.45
03:09:28 73.48   75.14   73.00   78.46
03:10:39 73.50   75.23   73.16   78.56
03:11:49 73.56   66.14   73.15   78.58
03:12:59 73.47   57.37   73.19   78.50
03:14:10 73.28   55.98   73.24   78.46
03:15:20 73.10   55.47   73.28   78.49
03:16:31 72.91   55.37   73.24   78.51
03:17:41 72.78   55.40   73.08   78.41
03:18:51 72.78   63.20   73.19   78.36
03:20:02 72.83   66.30   73.21   78.35
03:21:12 72.84   67.84   73.20   78.35
03:22:23 72.93   69.98   73.14   78.45
03:23:33 73.01   72.68   73.20   78.53
03:24:43 73.06   74.18   73.19   78.63
03:25:54 73.12   74.77   73.24   78.76
03:27:04 73.24   75.05   73.35   78.82
03:28:15 73.32   75.21   73.41   78.86
03:29:25 73.38   75.33   73.37   78.93
03:30:35 73.45   75.42   73.36   79.00
03:31:46 73.54   75.50   73.44   78.95
03:32:56 73.61   75.58   73.44   79.03
03:34:07 73.63   75.67   73.45   79.02
03:35:17 73.68   75.76   73.43   79.05
03:36:27 73.74   75.77   73.43   79.03
03:37:38 73.79   75.86   73.42   79.02
03:38:48 73.84   75.88   73.33   78.97
03:39:59 73.85   75.92   73.55   79.03
03:41:09 73.86   75.99   73.42   79.16
03:42:19 73.89   75.99   73.49   79.32
03:43:30 73.94   76.02   73.54   79.44
03:44:40 73.94   76.09   73.55   79.47
03:45:51 73.96   76.10   73.63   79.44
03:47:01 73.96   76.10   73.48   79.46
03:48:11 73.97   76.15   73.57   79.50
03:49:22 74.00   76.19   73.63   79.59
03:50:32 74.06   76.21   73.61   79.62
03:51:43 74.07   76.22   73.65   79.62
03:52:53 74.07   76.25   73.62   79.74
03:54:03 74.10   76.31   73.77   79.75
03:55:14 74.10   76.33   73.74   79.77
03:56:24 74.11   76.33   73.84   79.80
03:57:35 74.19   76.36   73.79   79.71
03:58:45 74.19   76.40   73.88   79.73
03:59:55 74.19   76.43   73.84   79.75
04:01:06 74.24   76.43   73.92   79.80
04:02:16 74.22   76.44   73.89   79.89
04:03:27 74.24   76.44   73.82   79.92
04:04:37 74.28   76.46   73.95   80.01
04:05:47 74.29   76.45   73.95   80.13
04:06:58 74.29   76.45   73.98   80.26
04:08:08 74.30   76.52   74.01   80.30
04:09:19 74.30   76.55   73.96   80.26
04:10:29 74.33   76.55   74.09   80.26
04:11:39 74.39   76.55   74.17   80.30
04:12:50 74.38   76.55   74.23   80.35
04:14:00 74.38   76.60   74.20   80.38
04:15:11 74.37   76.65   74.33   80.41
04:16:21 74.41   76.66   74.17   80.51
04:17:31 74.41   76.66   74.26   80.54
04:18:42 74.42   76.66   74.36   80.44
04:19:52 74.43   76.70   74.34   80.38
04:21:03 74.47   76.74   74.43   80.49
04:22:13 74.48   76.77   74.36   80.45
04:23:23 74.53   76.77   74.43   80.49
04:24:34 74.53   76.78   74.29   80.49
04:25:44 74.53   76.78   74.36   80.60
04:26:55 74.53   76.80   74.30   80.64
04:28:05 74.56   76.84   74.42   80.81
04:29:16 74.64   76.89   74.32   80.81
04:30:26 74.64   76.89   74.39   80.72
04:31:36 74.64   76.90   74.40   80.88
04:32:47 74.64   76.93   74.38   80.91
04:33:57 74.65   76.98   74.51   80.88
04:35:08 74.64   76.99   74.49   80.84
04:36:18 74.65   77.00   74.44   80.83
04:37:28 74.69   77.00   74.41   80.85
04:38:39 74.71   77.01   74.45   80.94
04:39:49 74.70   77.01   74.46   80.98
04:40:59 74.74   77.04   74.49   80.95
04:42:10 74.73   77.11   74.51   80.94
04:43:20 74.75   77.10   74.62   81.02
04:44:31 74.75   77.11   74.62   80.95
04:45:41 74.76   77.11   74.67   81.06
04:46:52 74.76   77.11   74.59   81.15
04:48:02 74.78   77.13   74.65   81.16
04:49:12 74.79   77.14   74.63   81.06
04:50:23 74.79   77.21   74.65   81.18
04:51:33 74.80   77.20   74.77   81.25
04:52:44 74.81   77.11   74.68   81.16
04:53:54 74.83   77.11   74.80   81.18
04:55:04 74.81   77.14   74.88   81.31
04:56:15 74.86   77.22   74.90   81.36
04:57:25 74.86   77.22   74.85   81.29
04:58:36 74.87   77.22   74.87   81.28
04:59:46 74.86   77.22   74.91   81.28
05:00:56 74.87   77.22   74.90   81.33
05:02:07 74.87   77.24   74.88   81.48
05:03:17 74.88   77.26   74.91   81.41
05:04:28 74.88   77.30   74.94   81.39
05:05:38 74.88   77.33   74.96   81.41
05:06:48 74.93   77.34   74.99   81.50
05:07:59 74.93   77.39   75.11   81.50
05:09:09 74.97   77.35   75.19   81.49
05:10:20 74.94   77.34   75.16   81.50
05:11:30 74.97   77.34   75.25   81.50
05:12:40 74.95   77.34   75.23   81.66
05:13:51 74.97   77.34   75.28   81.74
05:15:01 75.00   77.35   75.27   81.72
05:16:12 75.00   77.42   75.16   81.70
05:17:22 74.98   77.44   75.25   81.68
05:18:33 74.98   77.45   75.19   81.75
05:19:43 75.00   77.46   75.22   84.38
05:20:54 75.07   77.48   75.31   101.39
05:22:04 75.08   77.56   75.29   106.46
05:23:15 75.06   77.60   75.23   107.57
05:24:25 75.08   77.66   75.33   107.89
05:25:35 75.09   77.68   75.37   108.17
05:26:46 75.16   77.74   75.30   108.76
05:27:56 75.21   77.79   75.40   109.05
05:29:07 75.25   77.85   75.39   110.01
05:30:17 75.28   77.89   75.39   110.64
05:31:28 75.33   77.93   75.44   111.11
05:32:38 75.32   77.99   75.48   111.45
05:33:49 75.42   78.01   75.48   110.97
05:34:59 75.43   78.06   75.49   110.24
05:36:09 75.48   78.13   75.57   109.38
05:37:20 75.48   78.13   75.64   108.69
05:38:30 75.51   78.14   75.58   112.33
05:39:41 75.54   78.20   75.48   113.38
05:40:51 75.56   69.18   75.58   112.72
05:42:01 75.52   61.36   75.64   111.59
05:43:12 75.32   60.07   75.68   110.37
05:44:22 75.13   59.80   75.63   109.26
05:45:33 74.93   59.44   75.70   110.83
05:46:43 74.80   59.63   75.59   112.43
05:47:53 74.69   65.65   75.54   111.58
05:49:04 74.72   68.62   75.49   110.38
05:50:14 74.76   70.72   75.53   112.06
05:51:25 74.88   72.11   75.55   112.16
05:52:35 74.87   73.53   75.56   110.92
05:53:45 74.93   75.27   75.46   109.60
05:54:56 75.01   76.71   75.48   108.45
05:56:06 75.09   77.40   75.51   107.47
05:57:17 75.17   77.67   75.58   106.45
05:58:27 75.26   77.83   75.56   105.53
05:59:37 75.30   77.91   75.44   104.58
06:00:48 75.31   78.00   75.48   103.84
06:01:58 75.40   78.01   75.36   103.00
06:03:09 75.50   78.10   75.53   105.19
06:04:19 75.62   78.13   75.58   110.32
06:05:29 75.55   78.17   75.65   109.81
06:06:40 75.58   78.23   75.83   108.46
06:07:50 75.59   78.24   75.74   107.23
06:09:01 75.65   78.24   75.72   106.01
06:10:11 75.63   78.24   75.80   104.79
06:11:21 75.64   78.24   75.81   103.77
06:12:32 75.65   78.30   75.92   102.83
06:13:42 75.67   78.32   75.77   102.03
06:14:52 75.72   78.33   75.70   101.27
06:16:03 75.75   78.35   75.91   100.61
06:17:13 75.75   78.35   75.89   99.88
06:18:24 75.76   78.35   75.96   99.33
06:19:34 75.76   78.35   75.99   98.85
06:20:44 75.75   78.36   75.91   98.34
06:21:55 75.76   78.35   75.99   97.85
06:23:05 75.76   78.35   75.93   97.45
06:24:16 75.75   78.35   75.89   97.03
06:25:26 75.76   78.36   76.03   96.60
06:26:36 75.79   78.40   75.88   96.24
06:27:47 75.76   78.40   76.06   95.85
06:28:57 75.77   78.41   75.92   95.42
06:30:08 75.80   78.45   76.08   95.01
06:31:18 75.80   78.45   76.10   94.72
06:32:28 75.80   78.46   75.98   94.34
06:33:39 75.76   78.46   76.01   93.99
06:34:49 75.77   78.46   76.02   93.65
06:36:00 75.79   78.46   75.93   93.34
06:37:10 75.82   78.46   75.96   92.99
06:38:20 75.88   78.46   75.94   92.73
06:39:31 75.88   78.51   75.96   92.47
06:40:41 75.84   78.58   76.00   92.25
06:41:52 75.84   78.58   75.90   91.95
06:43:02 75.87   78.58   76.05   91.72
06:44:12 75.85   78.58   75.93   91.46
06:45:23 75.88   78.58   76.02   91.18
06:46:33 75.88   78.58   76.22   90.99
06:47:44 75.87   78.58   76.30   90.77
06:48:54 75.86   78.58   76.24   90.53
06:50:04 75.88   78.58   76.22   90.38
06:51:15 75.88   78.58   76.18   90.24
06:52:25 75.91   78.59   76.18   90.06
06:53:36 75.89   78.58   76.11   89.92
06:54:46 75.88   78.59   76.16   98.42
06:55:56 75.88   78.61   76.17   109.74
06:57:07 75.89   78.64   76.12   111.59
06:58:17 75.91   78.65   76.24   111.72
06:59:27 75.94   78.65   76.26   111.53
07:00:38 75.99   78.68   76.27   111.68
07:01:48 76.00   78.69   76.29   112.15
07:02:59 76.04   78.70   76.35   112.53
07:04:09 76.09   78.77   76.33   112.85
07:05:19 76.10   78.81   76.36   113.07
07:06:30 76.14   73.83   76.36   113.28
07:07:40 76.16   62.60   76.34   112.96
07:08:51 76.03   61.21   76.30   112.25
07:10:01 75.83   60.56   76.13   112.56
07:11:11 75.67   60.44   76.31   113.58
07:12:22 75.57   60.58   76.28   113.76
07:13:32 75.45   65.80   76.33   115.09
07:14:43 75.52   69.26   76.25   115.44
07:15:53 75.54   71.43   76.16   114.80
07:17:03 75.58   72.75   76.14   113.88
07:18:14 75.68   74.12   76.17   112.94
07:19:24 75.77   75.88   76.19   114.88
07:20:35 75.84   77.46   76.29   115.03
07:21:45 75.90   78.25   76.32   114.00
07:22:55 75.98   78.60   76.19   112.84
07:24:06 76.03   78.77   76.24   111.81
07:25:16 76.11   78.82   76.28   110.85
07:26:27 76.16   78.91   76.22   109.97
07:27:37 76.22   78.91   76.15   109.14
07:28:47 76.25   78.98   76.33   108.35
07:29:58 76.32   79.03   76.25   107.64
07:31:08 76.34   79.04   76.33   106.95
07:32:19 76.42   78.41   76.31   106.18
07:33:29 76.41   66.29   76.39   105.48
07:34:39 76.24   62.20   76.41   104.69
07:35:50 76.06   61.17   76.50   104.05
07:37:00 75.91   60.95   76.44   103.38
07:38:11 75.76   60.77   76.48   102.74
07:39:21 75.66   60.73   76.31   102.14
07:40:31 75.51   61.15   76.29   101.50
07:41:42 75.51   67.45   76.25   100.94
07:42:52 75.55   69.92   76.18   100.38
07:44:03 75.60   71.93   76.21   99.86
07:45:13 75.65   72.62   76.24   99.33
07:46:23 75.72   73.25   76.16   98.77
07:47:34 75.79   74.26   76.09   98.38
07:48:44 75.86   75.61   76.12   97.95
07:49:54 75.91   76.95   76.18   97.63
07:51:05 75.99   78.01   76.22   97.22
07:52:15 76.00   78.38   76.21   96.83
07:53:26 76.13   67.49   76.11   96.46
07:54:36 76.05   62.39   76.09   96.08
07:55:46 75.89   61.33   76.18   95.67
07:56:57 75.73   60.99   76.30   95.28
07:58:07 75.59   60.75   76.22   94.87
07:59:17 75.54   60.66   76.09   94.48
08:00:28 75.40   60.48   76.24   94.11
08:01:38 75.31   60.01   76.13   93.74
08:02:49 75.28   59.63   76.01   93.41
08:03:59 75.20   63.01   76.06   93.04
08:05:09 75.25   68.43   76.10   92.76
08:06:20 75.39   70.63   76.00   92.56
08:07:30 75.47   71.81   76.05   92.30
08:08:41 75.46   72.34   76.14   91.97
08:09:51 75.54   72.64   76.05   91.79
08:11:01 75.61   73.17   75.95   91.51
08:12:12 75.71   72.33   76.04   97.53
08:13:22 75.73   64.37   76.03   110.40
08:14:32 75.63   61.27   76.15   110.83
08:15:43 75.61   60.56   76.00   108.94
08:16:53 75.45   60.37   76.03   110.63
08:18:04 75.34   60.01   76.06   112.56
08:19:14 75.19   59.43   76.12   111.79
08:20:24 75.11   59.35   75.93   112.07
08:21:35 75.05   59.27   75.96   111.53
08:22:45 75.00   59.47   75.93   110.43
08:23:56 74.94   59.76   75.86   109.28
08:25:06 74.91   59.47   75.79   108.06
08:26:16 74.96   59.54   75.79   106.96
08:27:27 74.86   60.03   75.86   105.83
08:28:37 74.84   65.53   75.77   104.73
08:29:47 74.96   68.60   75.89   103.79
08:30:58 75.08   70.69   75.87   103.02
08:32:08 75.16   71.54   75.79   102.25
08:33:19 75.20   71.95   75.71   101.49
08:34:29 75.21   71.93   75.80   100.68
08:35:39 75.27   65.68   75.80   99.94
08:36:50 75.22   61.64   75.77   99.39
08:38:00 75.16   60.51   75.75   98.73
08:39:11 75.00   60.32   75.49   98.05
08:40:21 74.93   60.06   75.60   97.46
08:41:31 74.85   59.84   75.71   96.86
08:42:42 74.80   59.52   75.72   96.27
08:43:52 74.73   59.20   75.77   95.71
08:45:02 74.67   59.35   75.64   95.21
08:46:13 74.64   59.35   75.55   94.72
08:47:23 74.61   59.31   75.67   94.19
08:48:34 74.57   59.07   75.62   93.77
08:49:44 74.54   58.92   75.58   93.28
08:50:54 74.52   58.75   75.55   92.83
08:52:05 74.44   58.82   75.55   92.51
08:53:15 74.41   58.69   75.53   92.17
08:54:25 74.41   58.62   75.49   91.83
08:55:36 74.40   58.57   75.42   91.41
08:56:46 74.28   58.44   75.42   91.06
08:57:57 74.29   58.05   75.54   90.75
08:59:07 74.24   57.91   75.45   90.46
09:00:17 74.24   58.07   75.33   90.13
09:01:28 74.20   57.80   75.28   89.83
09:02:38 74.14   61.13   75.22   89.48
09:03:49 74.24   67.03   75.25   89.24
09:04:59 74.40   68.65   75.32   89.13
09:06:09 74.51   70.08   75.31   88.93
09:07:20 74.56   70.62   75.32   88.63
09:08:30 74.61   71.07   75.25   88.43
09:09:40 74.69   71.53   75.16   88.30
09:10:51 74.75   72.11   75.22   88.18
09:12:01 74.85   72.88   75.32   87.99
09:13:12 74.95   73.87   75.36   87.79
09:14:22 75.00   74.74   75.46   87.64
09:15:32 75.09   75.48   75.49   87.47
09:16:43 75.17   75.98   75.43   87.28
09:17:53 75.21   76.34   75.49   87.16
09:19:04 75.28   76.58   75.37   87.09
09:20:14 75.35   76.83   75.44   86.91
09:21:24 75.40   77.04   75.38   86.73
09:22:35 75.42   77.17   75.56   86.61
09:23:45 75.44   72.92   75.65   86.56
09:24:55 75.47   61.54   75.68   86.50
09:26:06 75.28   58.92   75.47   86.41
09:27:16 75.13   58.39   75.55   86.21
09:28:27 74.97   58.59   75.41   85.98
09:29:37 74.82   58.81   75.46   85.79
09:30:47 74.75   60.23   75.43   85.60
09:31:58 74.73   67.13   75.49   85.47
09:33:08 74.76   69.09   75.53   85.26
09:34:18 74.84   70.73   75.55   85.21
09:35:29 74.87   71.45   75.60   85.13
09:36:39 74.93   72.52   75.60   85.12
09:37:50 75.04   74.33   75.55   85.10
09:39:00 75.14   75.91   75.61   84.95
09:40:10 75.24   76.70   75.59   84.88
09:41:21 75.32   77.05   75.53   84.93
09:42:31 75.39   77.21   75.54   84.88
09:43:42 75.44   77.34   75.63   84.86
09:44:52 75.53   77.49   75.60   84.76
09:46:02 75.55   77.58   75.62   84.76
09:47:13 75.63   77.65   75.64   84.76
09:48:23 75.65   77.69   75.81   84.66
09:49:33 75.68   77.76   75.81   84.71
09:50:44 75.73   77.83   75.71   84.75
09:51:54 75.76   75.30   75.75   84.64
09:53:05 75.76   62.65   75.67   84.54
09:54:15 75.62   59.39   75.81   84.45
09:55:25 75.45   59.20   75.83   84.24
09:56:36 75.24   59.10   75.82   84.16
09:57:46 75.05   59.02   75.63   83.97
09:58:57 74.96   64.62   75.59   83.88
10:00:07 75.01   68.49   75.63   83.85
10:01:17 75.02   70.19   75.73   83.86
10:02:28 75.08   71.30   75.68   83.82
10:03:38 75.11   72.84   75.76   83.75
10:04:48 75.14   75.08   75.79   83.76
10:05:59 75.26   76.57   75.72   83.76
10:07:09 75.32   77.17   75.62   83.86
10:08:20 75.40   77.41   75.73   83.89
10:09:30 75.51   77.56   75.68   83.90
10:10:40 75.58   77.66   75.76   83.87
10:11:51 75.65   77.72   75.81   83.88
10:13:01 75.65   77.79   75.89   83.94
10:14:11 75.71   77.80   75.89   83.86
10:15:22 75.76   77.88   75.79   83.86
10:16:32 75.76   77.91   75.76   83.81
10:17:43 75.79   77.91   75.80   83.73
10:18:53 75.85   77.97   75.75   83.78
10:20:03 75.86   78.01   75.85   83.85
10:21:14 75.90   78.04   75.84   83.86
10:22:24 75.95   78.07   75.83   83.83
10:23:35 75.96   78.12   75.82   83.86
10:24:45 75.96   78.13   75.99   83.86
10:25:55 75.99   78.13   75.92   83.84
10:27:06 75.99   78.18   76.03   83.74
10:28:16 76.00   78.23   75.98   83.73
10:29:26 75.99   78.24   75.95   83.78
10:30:37 76.09   78.25   75.98   83.96
10:31:47 76.09   78.29   76.04   83.90
10:32:58 76.09   78.34   76.09   83.86
10:34:08 76.10   78.35   76.11   83.82
10:35:18 76.12   78.35   76.00   83.82
10:36:29 76.17   78.36   76.07   83.92
10:37:39 76.21   78.40   76.16   83.97
10:38:49 76.21   78.44   76.21   83.98
10:40:00 76.21   78.46   76.22   83.97
10:41:10 76.22   78.46   76.24   83.97
10:42:21 76.26   78.47   76.34   83.90
10:43:31 76.26   78.49   76.32   83.86
10:44:41 76.31   78.54   76.33   83.79
10:45:52 76.31   78.56   76.29   83.92
10:47:02 76.33   78.58   76.32   83.93
10:48:13 76.33   78.58   76.35   84.02
10:49:23 76.34   78.58   76.43   84.09
10:50:33 76.38   78.62   76.43   84.00
10:51:44 76.44   78.64   76.41   83.97
10:52:54 76.41   78.69   76.43   84.05
10:54:04 76.44   78.69   76.49   84.02
10:55:15 76.44   78.69   76.55   84.09
10:56:25 76.44   78.70   76.59   84.07
10:57:36 76.44   78.70   76.56   83.98
10:58:46 76.50   78.74   76.59   84.06
10:59:56 76.53   78.79   76.74   84.07
11:01:07 76.54   78.80   76.74   84.00
11:02:17 76.54   78.80   76.60   84.08
11:03:27 76.55   78.80   76.59   84.09
11:04:38 76.55   78.80   76.66   84.11
11:05:48 76.55   78.80   76.65   84.09
11:06:59 76.55   78.83   76.74   84.10
11:08:09 76.55   78.84   76.73   84.12
11:09:19 76.56   78.89   76.72   84.11
11:10:30 76.59   78.83   76.78   84.13
11:11:40 76.64   78.87   76.78   84.19
11:12:51 76.63   78.91   76.75   84.09
11:14:01 76.66   78.91   76.81   84.06
11:15:11 76.66   78.92   76.89   84.09
11:16:22 76.67   78.93   76.80   84.01
11:17:32 76.67   78.97   76.88   84.01
11:18:42 76.67   79.01   76.87   84.08
11:19:53 76.67   79.03   76.83   84.07
11:21:03 76.70   79.03   76.88   84.09
11:22:14 76.69   79.04   76.87   84.09
11:23:24 76.70   79.08   76.91   84.04
11:24:34 76.73   79.12   76.89   83.99
11:25:45 76.78   79.14   76.85   84.14
11:26:55 76.75   79.14   76.83   84.18
11:28:05 76.77   79.14   76.89   84.09
11:29:16 76.78   79.16   76.96   84.13
11:30:26 76.78   79.23   76.92   84.22
11:31:37 76.81   79.24   76.99   84.21
11:32:47 76.83   79.25   76.98   84.20
11:33:57 76.84   79.26   76.88   84.24
11:35:08 76.87   79.27   76.98   84.31
11:36:18 76.88   79.32   76.92   84.31
11:37:29 76.89   79.36   77.01   84.24
11:38:39 76.89   79.36   77.15   84.26
11:39:49 76.89   79.36   77.11   84.20
11:41:00 76.89   79.36   77.15   84.19
11:42:10 76.89   77.97   77.14   84.19
11:43:20 76.89   64.84   77.03   84.28
11:44:31 76.80   61.23   77.16   84.27
11:45:41 76.62   60.62   77.21   84.19
11:46:52 76.45   60.70   77.06   84.19
11:48:02 76.31   60.70   77.05   84.09
11:49:12 76.20   66.69   77.08   83.96
11:50:23 76.21   69.92   76.94   83.86
11:51:33 76.21   72.01   77.03   83.96
11:52:44 76.22   73.42   77.02   83.96
11:53:54 76.34   74.80   77.12   83.98
11:55:04 76.40   76.79   77.04   83.97
11:56:15 76.46   78.16   77.10   84.07
11:57:25 76.55   78.72   77.04   84.08
11:58:35 76.65   78.96   76.93   84.01
11:59:46 76.66   79.04   76.96   84.04
12:00:56 76.74   79.13   76.99   84.09
12:02:07 76.78   79.19   76.98   84.09
12:03:17 76.84   79.26   77.02   84.09
12:04:27 76.87   79.34   77.05   84.09
12:05:38 76.89   79.38   76.99   84.11
12:06:48 76.94   79.38   77.12   84.14
12:07:58 77.00   79.36   77.07   84.11
12:09:09 77.00   79.37   77.14   84.09
12:10:19 77.00   79.40   77.11   84.09
12:11:30 77.01   79.46   77.11   84.13
12:12:40 77.08   79.43   77.12   84.20
12:13:50 77.10   70.66   77.13   84.28
12:15:01 76.97   62.06   77.11   84.22
12:16:11 76.83   60.97   77.11   84.20
12:17:22 76.65   60.92   77.12   84.13
12:18:32 76.48   60.99   77.03   84.17
12:19:42 76.35   61.01   77.12   84.00
12:20:53 76.24   62.02   77.09   83.90
12:22:03 76.20   68.80   77.08   83.79
12:23:13 76.27   70.66   77.04   83.78
12:24:24 76.32   72.30   77.17   83.85
12:25:34 76.31   73.09   77.08   83.80
12:26:45 76.35   74.31   77.12   83.69
12:27:55 76.44   75.91   77.03   83.72
12:29:05 76.53   77.65   76.99   83.93
12:30:16 76.61   78.59   77.07   83.98
12:31:26 76.67   78.99   77.14   83.91
12:32:37 76.75   79.17   77.20   83.87
12:33:47 76.79   79.31   77.18   83.86
12:34:57 76.87   79.38   77.23   83.86
12:36:08 76.89   78.41   77.24   83.88
12:37:18 76.97   66.25   77.08   83.96
12:38:28 76.85   62.59   77.06   83.93
12:39:39 76.68   61.90   77.01   83.80
12:40:49 76.53   61.38   77.09   83.74
12:42:00 76.44   61.26   77.14   83.73
12:43:10 76.27   61.15   77.10   83.75
12:44:20 76.19   60.94   77.20   83.69
12:45:31 76.13   62.17   77.25   83.56
12:46:41 76.09   68.98   77.11   83.50
12:47:51 76.20   70.85   77.04   83.69
12:49:02 76.22   72.43   77.17   83.69
12:50:12 76.25   72.98   77.15   83.58
12:51:23 76.33   73.68   77.20   83.54
12:52:33 76.38   74.97   77.11   83.53
12:53:43 76.44   76.53   77.12   83.53
12:54:54 76.52   77.87   77.21   83.53
12:56:04 76.59   78.76   77.23   83.63
12:57:15 76.71   78.44   77.15   83.75
12:58:25 76.77   66.53   77.12   83.86
12:59:35 76.67   62.43   77.05   83.86
13:00:46 76.56   61.64   76.95   83.74
13:01:56 76.39   61.30   76.97   83.63
13:03:06 76.26   60.90   77.08   83.52
13:04:17 76.22   60.96   77.09   83.48
13:05:27 76.15   60.49   77.11   83.36
13:06:38 76.06   60.45   77.03   83.39
13:07:48 75.99   62.70   77.08   83.34
13:08:58 75.99   69.17   77.12   83.29
13:10:09 76.07   71.10   77.05   83.26
13:11:19 76.14   72.52   77.08   83.30
13:12:29 76.17   73.00   77.02   83.30
13:13:40 76.29   73.43   76.99   83.30
13:14:50 76.35   74.28   76.96   83.30
13:16:01 76.44   75.69   76.97   83.45
13:17:11 76.55   73.88   77.07   83.58
13:18:21 76.54   64.28   77.02   83.53
13:19:32 76.43   61.81   76.99   83.48
13:20:42 76.33   61.36   77.04   83.39
13:21:53 76.18   61.21   77.07   83.33
13:23:03 76.10   61.11   77.06   83.27
13:24:13 76.02   60.56   76.98   83.13
13:25:24 75.91   59.94   76.92   83.08
13:26:34 75.90   59.99   76.83   83.02
13:27:44 75.84   59.19   76.84   82.99
13:28:55 75.82   59.37   76.84   82.96
13:30:05 75.77   63.68   76.92   82.92
13:31:16 75.85   69.02   76.85   82.96
13:32:26 75.98   70.78   76.86   83.00
13:33:36 76.03   72.03   76.87   82.99
13:34:47 76.02   72.50   76.83   83.02
13:35:57 76.14   72.84   76.76   83.04
13:37:08 76.20   73.33   76.77   82.97
13:38:18 76.22   72.28   76.88   82.96
13:39:28 76.22   64.38   76.85   82.97
13:40:39 76.21   61.71   76.87   82.96
13:41:49 76.09   61.10   76.90   82.86
13:42:59 75.99   61.09   76.93   82.83
13:44:10 75.89   60.69   76.84   82.81
13:45:20 75.88   60.63   76.82   82.77
13:46:31 75.84   59.65   76.89   82.68
13:47:41 75.76   59.28   76.86   82.61
13:48:51 75.75   59.21   76.75   82.59
13:50:02 75.68   58.71   76.69   82.55
13:51:12 75.65   58.72   76.67   82.65
13:52:22 75.63   61.05   76.66   82.63
13:53:33 75.64   68.09   76.64   82.71
13:54:43 75.81   69.85   76.66   82.74
13:55:54 75.89   71.38   76.76   82.71
13:57:04 75.90   72.05   76.77   82.73
13:58:14 75.95   72.62   76.66   82.74
13:59:25 76.00   72.15   76.63   82.69
14:00:35 76.05   65.14   76.72   82.71
14:01:46 76.05   61.90   76.80   82.74
14:02:56 75.94   61.38   76.75   82.80
14:04:06 75.86   61.09   76.74   82.79
14:05:17 75.81   60.60   76.73   82.74
14:06:27 75.77   59.79   76.59   82.68
14:07:37 75.70   59.66   76.62   82.55
14:08:48 75.65   58.54   76.62   82.42
14:09:58 75.65   58.84   76.63   82.40
14:11:09 75.59   58.75   76.67   82.38
14:12:19 75.56   58.39   76.61   82.39
14:13:29 75.54   58.39   76.67   82.35
14:14:40 75.53   58.35   76.63   82.32
14:15:50 75.50   57.85   76.52   82.35
14:17:00 75.49   57.49   76.57   82.29
14:18:11 75.42   58.85   76.54   82.22
14:19:21 75.45   66.62   76.52   82.24
14:20:32 75.57   68.48   76.48   82.29
14:21:42 75.67   69.88   76.49   82.28
14:22:52 75.76   70.66   76.51   82.24
14:24:03 75.81   71.23   76.48   82.18
14:25:13 75.88   69.05   76.55   82.25
14:26:24 75.93   62.92   76.57   82.32
14:27:34 75.81   61.15   76.61   82.29
14:28:44 75.74   60.77   76.62   82.22
14:29:55 75.66   59.96   76.49   82.27
14:31:05 75.62   59.66   76.28   82.23
14:32:15 75.54   59.41   76.25   82.07
14:33:26 75.54   58.67   76.56   82.07
14:34:36 75.52   57.99   76.54   82.11
14:35:47 75.46   57.74   76.49   82.07
14:36:57 75.41   57.28   76.42   82.06
14:38:07 75.41   57.37   76.41   82.01
14:39:18 75.32   57.04   76.46   82.02
14:40:28 75.32   57.39   76.30   81.95
14:41:38 75.30   57.94   76.34   81.89
14:42:49 75.30   57.34   76.41   81.84
14:43:59 75.24   56.90   76.30   81.85
14:45:10 75.24   56.96   76.35   81.87
14:46:20 75.24   56.70   76.33   81.84
14:47:30 75.21   56.41   76.37   81.84
14:48:41 75.19   56.59   76.32   81.84
14:49:51 75.20   62.20   76.20   81.79
14:51:02 75.29   67.19   76.17   81.71
14:52:12 75.39   68.07   76.16   81.61
14:53:22 75.42   68.91   76.21   81.69
14:54:33 75.51   69.69   76.21   81.76
14:55:43 75.57   68.40   76.21   81.84
14:56:53 75.59   62.85   76.21   81.82
14:58:04 75.53   60.68   76.27   81.72
14:59:14 75.46   60.07   76.27   81.65
15:00:25 75.41   59.11   76.21   81.61
15:01:35 75.35   58.49   76.02   81.61
15:02:45 75.32   57.52   76.17   81.62
15:03:56 75.26   57.61   76.11   81.58
15:05:06 75.23   57.47   76.12   81.61
15:06:17 75.19   56.81   76.19   81.69
15:07:27 75.19   56.69   76.20   81.60
15:08:37 75.18   56.71   76.21   81.61
15:09:48 75.10   56.49   76.17   81.56
15:10:58 75.12   56.49   76.06   81.50
15:12:08 75.09   56.33   76.10   81.53
15:13:19 75.08   56.36   76.08   81.59
15:14:29 75.09   56.28   76.08   81.50
15:15:40 75.06   56.17   76.02   81.43
15:16:50 75.05   56.20   76.07   81.38
15:18:00 75.06   56.10   76.08   81.30
15:19:11 75.03   60.45   76.08   81.27
15:20:21 75.13   66.64   76.00   81.18
15:21:32 75.29   67.58   75.88   81.16
15:22:42 75.31   68.26   75.89   81.34
15:23:52 75.39   69.03   75.88   81.40
15:25:03 75.42   69.72   75.88   81.42
15:26:13 75.53   66.08   76.02   81.39
15:27:23 75.53   61.46   76.15   81.40
15:28:34 75.43   60.16   76.10   81.38
15:29:44 75.38   59.39   76.00   81.24
15:30:55 75.30   58.55   76.02   81.28
15:32:05 75.21   58.69   75.81   81.22
15:33:15 75.21   58.13   75.99   81.22
15:34:26 75.18   57.66   75.96   81.17
15:35:36 75.10   57.44   76.02   81.24
15:36:47 75.10   57.00   76.00   81.16
15:37:57 75.08   56.57   75.93   81.09
15:39:07 75.09   56.32   75.89   81.04
15:40:18 75.03   56.59   75.94   80.97
15:41:28 75.05   56.23   75.88   81.03
15:42:38 74.97   56.02   75.79   81.05
15:43:49 74.97   55.90   75.77   81.05
15:44:59 74.95   55.99   75.84   81.04
15:46:10 74.96   56.04   75.81   81.05
15:47:20 74.94   56.87   75.73   81.09
15:48:30 74.96   65.24   75.67   81.06
15:49:41 75.13   67.11   75.68   81.07
15:50:51 75.20   67.92   75.67   81.25
15:52:01 75.21   68.61   75.73   81.24
15:53:12 75.30   69.34   75.76   81.16
15:54:22 75.36   68.61   75.81   81.14
15:55:33 75.42   62.81   75.89   81.09
15:56:43 75.35   60.16   75.89   81.00
15:57:53 75.24   59.43   75.98   80.95
15:59:04 75.21   58.35   75.93   80.95
16:00:14 75.16   57.93   75.67   80.94
16:01:25 75.09   57.25   75.68   80.98
16:02:35 75.08   56.88   75.78   81.03
16:03:45 75.05   56.67   75.82   81.04
16:04:56 74.97   56.74   75.81   81.00
16:06:06 74.97   56.49   75.85   81.05
16:07:16 74.96   56.21   75.80   80.95
16:08:27 74.92   56.18   75.71   80.81
16:09:37 74.88   56.10   75.75   80.83
16:10:48 74.88   55.93   75.62   80.83
16:11:58 74.86   58.12   75.71   80.79
16:13:08 74.90   66.02   75.71   80.85
16:14:19 75.08   67.44   75.68   81.02
16:15:29 75.14   68.30   75.64   81.09
16:16:40 75.18   69.13   75.68   81.02
16:17:50 75.22   69.92   75.65   80.98
16:19:00 75.31   70.50   75.76   81.04
16:20:11 75.40   65.59   75.78   81.11
16:21:21 75.37   61.04   75.76   81.12
16:22:31 75.26   59.93   75.77   81.03
16:23:42 75.20   59.64   75.84   81.01
16:24:52 75.11   58.77   75.78   81.09
16:26:03 75.09   58.29   75.49   81.16
16:27:13 75.06   57.74   75.65   81.11
16:28:23 74.99   57.95   75.74   80.94
16:29:34 74.98   57.41   75.76   80.95
16:30:44 74.92   56.52   75.76   80.98
16:31:54 74.91   56.44   75.79   80.92
16:33:05 74.90   56.08   75.71   80.91
16:34:15 74.89   61.29   75.66   80.89
16:35:26 75.02   67.15   75.61   80.76
16:36:36 75.11   68.59   75.55   80.73
16:37:46 75.17   69.80   75.60   80.76
16:38:57 75.23   70.31   75.65   80.86
16:40:07 75.31   70.81   75.67   80.86
16:41:18 75.35   71.36   75.71   80.81
16:42:28 75.46   69.28   75.79   80.86
16:43:38 75.46   62.67   75.75   80.80
16:44:49 75.42   60.43   75.77   80.67
16:45:59 75.34   59.87   75.72   80.65
16:47:09 75.23   59.60   75.75   80.71
16:48:20 75.18   58.83   75.66   80.72
16:49:30 75.11   58.87   75.51   80.83
16:50:41 75.07   58.40   75.59   80.86
16:51:51 74.99   58.34   75.76   80.84
16:53:01 74.93   57.95   75.79   80.88
16:54:12 74.92   58.03   75.72   80.84
16:55:22 74.93   66.19   75.69   80.84
16:56:33 75.05   68.54   75.66   80.88
16:57:43 75.09   70.21   75.57   80.88
16:58:53 75.19   70.86   75.61   80.90
17:00:04 75.25   71.40   75.66   80.94
17:01:14 75.31   72.06   75.64   80.94
17:02:24 75.42   72.88   75.67   80.94
17:03:35 75.51   73.71   75.74   80.95
17:04:45 75.59   66.72   75.77   81.05
17:05:56 75.54   61.30   75.77   81.05
17:07:06 75.42   60.18   75.64   81.03
17:08:16 75.32   59.71   75.80   80.98
17:09:27 75.21   59.49   75.79   80.99
17:10:37 75.14   59.28   75.54   80.94
17:11:47 75.08   58.94   75.54   80.84
17:12:58 75.07   58.17   75.65   80.83
17:14:08 75.00   58.65   75.60   80.79
17:15:19 75.00   66.37   75.57   80.79
17:16:29 75.15   68.84   75.62   80.72
17:17:39 75.26   70.77   75.58   80.71
17:18:50 75.23   71.49   75.64   80.71
17:20:00 75.31   72.04   75.70   80.81
17:21:11 75.41   72.92   75.66   80.97
17:22:21 75.49   74.07   75.64   81.05
17:23:31 75.59   75.08   75.77   81.01
17:24:42 75.72   75.91   75.91   80.94
17:25:52 75.80   72.24   75.95   81.00
17:27:02 75.82   62.34   75.97   80.94
17:28:13 75.70   60.26   75.85   80.94
17:29:23 75.55   59.86   75.94   80.86
17:30:34 75.43   59.59   76.01   80.93
17:31:44 75.31   59.50   75.93   80.89
17:32:54 75.24   59.37   75.67   80.81
17:34:05 75.18   59.14   75.77   80.80
17:35:15 75.13   60.24   75.71   80.83
17:36:26 75.18   67.72   75.75   80.85
17:37:36 75.32   69.64   75.76   80.87
17:38:46 75.47   71.27   75.76   82.00
17:39:57 75.53   71.78   75.89   99.07
17:41:07 75.61   72.30   75.88   103.60
17:42:17 75.71   73.57   75.90   102.21
17:43:28 75.78   75.25   75.88   100.43
17:44:38 75.91   76.40   75.86   98.82
17:45:49 76.03   77.15   75.85   97.42
17:46:59 76.13   77.55   75.91   96.28
17:48:09 76.22   77.33   75.89   95.29
17:49:20 76.29   65.70   75.89   94.56
17:50:30 76.18   61.01   75.95   93.75
17:51:41 75.98   60.21   75.98   92.98
17:52:51 75.85   60.07   76.07   100.83
17:54:01 75.76   59.80   75.96   107.13
17:55:12 75.63   59.45   76.05   107.65
17:56:22 75.54   59.31   76.00   106.46
17:57:32 75.53   59.61   75.64   104.74
17:58:43 75.42   63.11   75.71   103.16
17:59:53 75.50   68.68   75.96   101.69
18:01:04 75.58   70.44   75.92   100.35
18:02:14 75.67   71.75   75.99   99.35
18:03:24 75.73   72.25   75.94   98.39
18:04:35 75.84   72.81   75.96   97.51
18:05:45 75.94   73.89   75.99   96.71
18:06:55 76.04   75.54   76.00   95.96
18:08:06 76.14   76.95   76.06   95.26
18:09:16 76.22   77.51   76.05   94.60
18:10:27 76.27   66.70   76.09   94.13
18:11:37 76.21   61.18   76.14   93.54
18:12:47 76.02   59.92   76.16   93.01
18:13:58 75.92   59.93   76.15   92.50
18:15:08 75.83   59.98   76.17   92.05
18:16:19 75.68   60.17   76.23   91.62
18:17:29 75.58   60.00   76.11   91.21
18:18:39 75.52   59.73   75.82   90.81
18:19:50 75.43   62.43   75.72   90.48
18:21:00 75.49   68.70   75.89   90.21
18:22:10 75.54   70.40   75.95   89.92
18:23:21 75.63   71.76   76.03   89.66
18:24:31 75.66   72.27   76.02   89.37
18:25:42 75.71   72.74   76.05   89.05
18:26:52 75.79   73.58   76.08   88.78
18:28:02 75.93   74.80   76.03   88.47
18:29:13 75.99   74.73   76.04   88.32
18:30:23 76.08   63.67   76.11   88.12
18:31:34 75.97   60.02   76.16   87.84
18:32:44 75.84   59.51   76.11   87.63
18:33:54 75.72   59.90   76.16   87.33
18:35:05 75.63   60.12   76.15   87.04
18:36:15 75.53   60.10   76.17   86.92
18:37:25 75.47   59.53   76.02   86.75
18:38:36 75.42   59.63   75.66   86.53
18:39:46 75.43   61.32   75.87   86.35
18:40:57 75.43   68.37   75.98   86.17
18:42:07 75.52   70.06   76.00   86.02
18:43:17 75.56   71.61   75.99   85.96
18:44:28 75.62   72.15   75.98   85.77
18:45:38 75.72   72.65   75.99   85.61
18:46:49 75.79   73.17   75.98   85.52
18:47:59 75.88   74.19   75.99   85.38
18:49:09 75.94   70.41   75.96   85.27
18:50:20 75.96   61.58   76.08   85.09
18:51:30 75.85   60.06   76.08   84.86
18:52:40 75.76   60.16   76.11   84.81
18:53:51 75.65   60.26   76.12   84.76
18:55:01 75.59   60.24   76.08   84.65
18:56:12 75.50   60.14   76.01   84.42
18:57:22 75.52   60.00   75.73   84.23
18:58:32 75.42   59.71   75.55   84.16
18:59:43 75.35   59.56   75.78   84.09
19:00:53 75.32   60.95   75.87   83.94
19:02:03 75.37   68.12   75.93   83.80
19:03:14 75.45   69.90   75.89   83.78
19:04:24 75.53   71.54   75.90   83.86
19:05:35 75.61   72.04   75.89   83.81
19:06:45 75.65   72.40   75.89   83.77
19:07:55 75.77   72.71   75.90   83.66
19:09:06 75.85   72.62   75.86   83.62
19:10:16 75.88   65.09   76.00   83.53
19:11:27 75.78   61.37   76.01   83.50
19:12:37 75.70   60.64   75.92   83.38
19:13:47 75.64   60.48   75.93   83.33
19:14:58 75.54   60.40   76.01   83.14
19:16:08 75.46   60.09   75.95   83.02
19:17:18 75.39   59.87   75.86   82.93
19:18:29 75.36   59.42   75.55   82.86
19:19:39 75.32   58.34   75.62   82.84
19:20:50 75.29   58.60   75.75   82.79
19:22:00 75.23   58.73   75.73   82.73
19:23:10 75.20   62.89   75.85   82.59
19:24:21 75.30   68.31   75.76   82.51
19:25:31 75.41   69.85   75.72   82.51
19:26:42 75.42   71.10   75.79   82.47
19:27:52 75.47   71.66   75.76   82.40
19:29:02 75.57   72.02   75.82   82.46
19:30:13 75.64   72.07   75.79   82.52
19:31:23 75.72   65.04   75.86   82.52
19:32:33 75.64   61.17   75.86   82.56
19:33:44 75.65   60.34   75.93   82.54
19:34:54 75.54   60.27   75.98   82.47
19:36:05 75.44   60.20   75.90   82.34
19:37:15 75.39   59.78   75.91   82.20
19:38:25 75.33   59.56   75.71   82.09
19:39:36 75.30   58.94   75.40   82.10
19:40:46 75.30   58.36   75.63   82.08
19:41:57 75.28   58.12   75.73   82.06
19:43:07 75.23   57.86   75.76   82.07
19:44:17 75.22   58.03   75.76   82.03
19:45:28 75.21   57.91   75.75   83.39
19:46:38 75.30   58.33   75.75   99.65
19:47:48 75.28   58.36   75.65   104.71
19:48:59 75.20   65.40   75.54   106.13
19:50:09 75.32   68.30   75.39   106.04
19:51:20 75.41   69.91   75.54   105.36
19:52:30 75.49   70.72   75.55   104.47
19:53:40 75.54   71.18   75.68   103.52
19:54:51 75.60   71.13   75.70   102.53
19:56:01 75.66   64.61   75.66   101.64
19:57:11 75.58   61.21   75.57   100.70
19:58:22 75.54   60.61   75.67   99.73
19:59:32 75.44   60.32   75.72   98.86
20:00:43 75.41   60.14   75.75   98.13
20:01:53 75.36   59.71   75.58   97.41
20:03:03 75.37   59.16   75.34   96.72
20:04:14 75.28   59.15   75.44   96.07
20:05:24 75.21   58.67   75.55   95.48
20:06:35 75.26   58.53   75.50   95.33
20:07:45 75.19   57.99   75.56   103.03
20:08:55 75.31   58.20   75.66   105.00
20:10:06 75.33   58.50   75.58   103.90
20:11:16 75.21   58.26   75.49   102.59
20:12:26 75.18   58.12   75.46   101.23
20:13:37 75.13   57.99   75.42   104.71
20:14:47 75.14   58.09   75.46   106.00
20:15:58 75.09   57.87   75.42   105.00
20:17:08 75.05   57.67   75.40   103.48
20:18:18 75.00   57.94   75.30   102.12
20:19:29 74.97   58.08   75.32   100.92
20:20:39 74.97   57.80   75.26   99.83
20:21:50 74.95   57.68   75.20   98.86
20:23:00 74.94   57.41   75.28   97.96
20:24:10 74.88   57.47   75.26   97.21
20:25:21 74.87   57.15   75.34   96.45
20:26:31 74.86   57.23   75.32   95.66
20:27:41 74.85   57.42   75.32   94.99
20:28:52 74.82   57.28   75.28   94.44
20:30:02 74.80   56.90   75.25   93.83
20:31:13 74.76   56.99   75.16   93.25
20:32:23 74.75   57.53   75.16   92.84
20:33:33 74.75   57.26   75.22   92.33
20:34:44 74.75   57.05   75.23   91.84
20:35:54 74.73   56.90   75.15   91.35
20:37:04 74.68   56.76   75.10   90.87
20:38:15 74.71   56.44   75.04   90.51
20:39:25 74.72   56.96   75.03   90.08
20:40:36 74.64   56.98   75.10   89.70
20:41:46 74.64   56.59   75.09   89.35
20:42:56 74.65   56.43   75.11   89.01
20:44:07 74.62   56.35   75.01   88.73
20:45:17 74.63   56.26   74.99   88.38
20:46:28 74.55   56.64   74.94   88.10
20:47:38 74.55   56.85   74.94   87.72
20:48:48 74.62   56.70   74.95   87.48
20:49:59 74.53   56.60   74.84   87.21
20:51:09 74.54   56.23   74.94   87.01
20:52:19 74.58   56.35   74.87   86.80
20:53:30 74.61   56.36   74.91   86.56
20:54:40 74.54   56.63   74.87   86.27
20:55:51 74.52   56.67   74.82   85.99
20:57:01 74.49   56.74   74.85   85.71
20:58:11 74.42   56.60   74.80   85.48
20:59:22 74.41   56.53   74.77   85.34
21:00:32 74.42   56.65   74.78   85.11
21:01:42 74.40   56.68   74.67   84.88
21:02:53 74.39   56.56   74.68   84.67
21:04:03 74.32   56.37   74.56   84.60
21:05:14 74.33   56.22   74.59   84.46
21:06:24 74.30   56.03   74.63   84.24
21:07:34 74.36   56.36   74.63   83.92
21:08:45 74.45   56.22   74.55   83.72
21:09:55 74.42   56.32   74.56   83.57
21:11:06 74.41   56.60   74.65   83.42
21:12:16 74.38   56.29   74.62   83.39
21:13:26 74.31   56.09   74.56   83.22
21:14:37 74.30   55.86   74.59   83.03
21:15:47 74.23   56.02   74.64   82.94
21:16:57 74.24   56.19   74.58   82.75
21:18:08 74.20   55.86   74.54   82.60
21:19:18 74.19   55.50   74.60   82.52
21:20:29 74.19   56.16   74.60   82.57
21:21:39 74.19   55.87   74.54   82.38
21:22:49 74.14   56.05   74.54   82.28
21:24:00 74.13   56.00   74.43   82.19
21:25:10 74.14   55.79   74.49   82.12
21:26:21 74.10   55.91   74.42   82.06
21:27:31 74.13   55.78   74.51   82.01
21:28:41 74.07   56.05   74.49   81.87
21:29:52 74.08   55.84   74.48   81.61
21:31:02 74.08   55.64   74.33   81.48
21:32:12 74.08   55.63   74.29   81.44
21:33:23 74.07   55.71   74.39   81.36
21:34:33 74.05   55.96   74.35   83.96
21:35:44 74.06   55.90   74.26   99.38
21:36:54 74.08   56.06   74.32   102.48
21:38:04 74.06   55.94   74.37   101.95
21:39:15 74.01   56.20   74.34   101.01
21:40:25 74.00   55.91   74.32   99.92
21:41:36 73.96   55.61   74.18   98.81
21:42:46 73.95   55.47   74.28   97.92
21:43:56 73.96   55.46   74.27   97.08
21:45:07 73.95   55.37   74.30   96.23
21:46:17 73.92   55.51   74.23   95.44
21:47:27 73.86   55.37   74.18   94.71
21:48:38 73.86   55.20   74.08   94.01
21:49:48 73.85   54.85   74.05   93.44
21:50:59 73.86   55.06   74.13   92.89
21:52:09 73.85   54.99   74.17   92.39
21:53:19 73.86   54.84   74.06   91.84
21:54:30 74.05   54.97   73.96   91.29
21:55:40 73.97   54.89   74.06   92.72
21:56:51 73.87   54.75   74.11   102.62
21:58:01 73.84   55.09   74.08   105.19
21:59:11 73.84   54.89   74.10   105.82
22:00:22 73.77   55.02   74.10   105.38
22:01:32 73.74   54.85   74.02   104.53
22:02:42 73.77   54.71   73.97   103.55
22:03:53 73.75   54.89   74.04   102.55
22:05:03 73.74   54.69   74.09   101.64
22:06:14 73.74   54.81   74.09   100.78
22:07:24 73.72   54.80   74.11   99.99
22:08:34 73.69   54.82   74.10   99.17
22:09:45 73.63   54.55   74.08   98.36
22:10:55 73.68   54.63   74.05   97.53
22:12:05 73.67   54.56   74.06   96.84
22:13:16 73.64   54.44   74.06   96.12
22:14:26 73.63   54.53   74.01   95.43
22:15:37 73.60   54.48   73.89   94.89
22:16:47 73.60   54.76   73.91   94.30
22:17:57 73.60   54.52   73.99   93.71
22:19:08 73.53   54.81   73.90   93.26
22:20:18 73.59   54.69   73.87   92.71
22:21:29 73.55   54.43   73.91   92.26
22:22:39 73.55   54.46   73.88   91.85
22:23:49 73.52   54.22   73.91   91.39
22:25:00 73.51   54.45   73.92   90.94
22:26:10 73.51   54.40   73.85   90.53
22:27:20 73.46   54.21   73.84   90.09
22:28:31 73.44   54.22   73.82   89.73
22:29:41 73.41   54.32   73.75   89.33
22:30:52 73.39   54.26   73.70   88.91
22:32:02 73.40   54.08   73.66   88.54
22:33:12 73.34   54.29   73.63   88.27
22:34:23 73.30   54.47   73.66   87.93
22:35:33 73.30   54.03   73.65   87.67
22:36:44 73.28   54.05   73.67   87.39
22:37:54 73.29   54.12   73.63   87.12
22:39:04 73.29   54.10   73.66   86.78
22:40:15 73.28   54.85   73.58   86.39
22:41:25 73.28   54.20   73.64   86.17
22:42:35 73.26   53.93   73.66   85.92
22:43:46 73.23   54.03   73.61   85.66
22:44:56 73.18   53.96   73.54   85.38
22:46:07 73.19   53.87   73.65   85.24
22:47:17 73.19   53.90   73.63   85.09
22:48:27 73.17   54.08   73.59   84.83
22:49:38 73.17   53.86   73.52   84.58
22:50:48 73.17   53.93   73.62   84.29
22:51:58 73.17   53.86   73.64   84.08
22:53:09 73.16   54.03   73.57   83.89
22:54:19 73.15   53.99   73.57   83.81
22:55:30 73.05   53.76   73.58   83.56
22:56:40 73.06   53.88   73.51   83.42
22:57:50 73.06   53.93   73.51   83.33
22:59:01 73.06   53.71   73.52   83.19
23:00:11 73.01   53.78   73.37   83.00
23:01:22 72.98   53.75   73.44   82.78
23:02:32 72.94   53.63   73.45   82.57
23:03:42 72.93   53.77   73.41   82.43
23:04:53 72.91   53.67   73.40   82.29
23:06:03 72.92   54.08   73.42   82.29
23:07:13 72.95   53.68   73.41   82.19
23:08:24 72.87   53.70   73.38   82.03
23:09:34 72.84   53.72   73.44   81.84
23:10:45 72.84   53.79   73.48   81.70
23:11:55 72.83   53.65   73.44   81.52
23:13:05 72.84   53.34   73.41   81.39
23:14:16 72.81   53.59   73.36   81.31
23:15:26 72.83   53.46   73.31   81.30
23:16:37 72.81   53.68   73.24   81.11
23:17:47 72.76   53.71   73.24   80.89
23:18:57 72.83   53.52   73.28   80.86
23:20:08 72.78   53.40   73.24   80.84
23:21:18 72.74   53.56   73.38   80.79
23:22:28 72.72   53.39   73.41   80.57
23:23:39 72.75   53.54   73.37   80.35
23:24:49 72.72   53.31   73.35   80.25
23:26:00 72.67   53.32   73.25   80.25
23:27:10 72.65   53.47   73.26   80.15
23:28:20 72.68   53.04   73.13   80.09
23:29:31 72.61   53.44   73.18   80.01
23:30:41 72.62   53.16   73.29   79.90
23:31:51 72.60   53.18   73.29   79.84
23:33:02 72.55   53.49   73.24   79.73
23:34:12 72.58   53.45   73.05   79.69
23:35:23 72.55   53.14   73.14   79.63
23:36:33 72.51   53.13   73.18   79.57
23:37:43 72.53   53.33   73.16   79.47
23:38:54 72.49   53.13   73.07   79.47
23:40:04 72.49   53.14   73.11   79.37
23:41:15 72.49   53.14   73.07   79.26
23:42:25 72.45   52.94   73.16   79.25
23:43:35 72.48   53.21   73.07   79.35
23:44:46 72.50   52.96   73.05   79.35
23:45:56 72.44   52.98   73.01   79.24
23:47:06 72.45   52.82   72.94   79.07
23:48:17 72.42   53.07   72.93   79.03
23:49:27 72.40   53.09   72.93   78.93
23:50:38 72.39   53.10   73.00   78.82
23:51:48 72.37   52.80   72.93   78.88
23:52:58 72.38   52.77   72.93   78.77
23:54:09 72.34   52.98   72.90   78.69
23:55:19 72.37   52.81   72.94   78.64
23:56:29 72.36   52.77   72.85   78.57
23:57:40 72.33   52.56   72.83   78.50
23:58:50 72.29   52.51   72.87   78.55
