20:29:45 77.22   58.78   78.35   88.03
20:31:42 77.34   59.23   78.35   87.80
20:34:57 77.34   59.00   78.35   87.13
20:36:00 77.34   59.34   78.46   87.01
20:37:04 77.34   59.34   78.35   86.90
20:38:07 77.22   59.11   78.35   86.68
20:39:10 77.34   59.56   78.46   86.56
20:40:14 77.45   59.45   78.46   86.45
20:41:17 77.34   59.23   78.46   100.06
20:42:20 77.34   59.56   78.46   105.24
20:43:24 77.34   59.56   78.58   104.34
20:44:27 77.34   59.34   78.46   102.65
20:45:30 77.34   59.79   78.46   101.19
20:46:34 77.22   59.34   78.46   99.73
20:47:37 77.22   59.79   78.46   98.60
20:48:40 77.34   59.67   78.46   97.81
20:49:44 77.34   59.56   78.58   96.80
20:50:47 77.22   59.90   78.35   96.01
20:51:50 77.22   59.90   78.35   95.22
20:52:54 77.22   59.11   78.46   94.78
20:53:57 77.22   59.79   78.58   94.21
20:55:00 77.22   59.67   78.46   93.76
20:56:04 77.34   60.01   78.35   93.31
20:57:07 77.34   60.01   78.35   92.97
20:58:10 77.56   59.67   78.35   92.53
20:59:14 77.45   60.13   78.46   99.50
21:00:17 77.45   60.24   78.13   102.76
21:01:20 77.45   59.90   78.35   101.86
21:02:24 77.34   60.13   78.58   100.63
21:03:27 77.22   60.24   78.58   99.50
21:04:30 77.22   60.46   78.58   98.26
21:05:34 77.22   59.90   78.58   97.14
21:06:37 77.22   59.67   78.58   96.35
21:07:40 77.22   60.35   78.58   95.68
21:08:44 77.34   60.35   78.46   94.89
21:09:47 77.22   59.90   78.58   94.21
21:10:51 77.34   59.90   78.46   93.88
21:11:54 77.45   60.13   78.58   93.20
21:12:57 77.34   60.35   78.58   92.64
21:14:01 77.34   59.67   78.58   92.41
21:15:04 77.34   60.46   78.58   99.61
21:16:07 77.45   60.35   78.69   101.64
21:17:11 77.34   60.35   78.69   100.63
21:18:14 77.34   59.90   78.58   99.28
21:19:17 77.22   60.13   78.58   98.04
21:20:21 77.22   59.79   78.58   97.03
21:21:24 77.11   60.13   78.58   96.24
21:22:27 77.22   60.13   78.58   95.34
21:23:31 77.11   60.35   78.69   94.66
21:24:34 77.11   59.79   78.58   94.21
21:25:37 77.22   60.01   78.58   93.76
21:26:41 77.11   59.79   78.69   93.31
21:27:44 77.11   60.13   78.58   92.64
21:28:47 77.11   59.79   78.58   92.19
21:29:51 77.11   59.45   78.69   91.85
21:30:54 77.11   59.90   78.46   91.40
21:31:57 77.11   59.45   78.58   91.06
21:33:01 77.11   59.34   78.58   90.61
21:34:04 77.00   59.90   78.58   90.39
21:35:07 77.11   59.79   78.58   89.94
21:36:11 77.11   59.34   78.58   89.60
21:37:14 77.00   59.90   78.58   89.38
21:38:17 77.00   59.45   78.58   89.04
21:39:21 77.00   59.67   78.58   88.81
21:40:24 77.00   59.45   78.58   88.59
21:41:27 77.00   59.67   78.69   88.36
21:42:31 77.00   59.34   78.69   88.14
21:43:34 76.89   59.79   78.58   88.03
21:44:38 76.89   59.67   78.69   87.80
21:45:41 77.00   60.01   78.69   87.69
21:46:44 77.00   59.23   78.58   87.46
21:47:48 77.00   59.67   78.58   87.24
21:48:51 77.11   59.67   78.58   87.13
21:49:54 77.11   59.45   78.58   86.90
21:50:58 77.11   59.79   78.46   86.56
21:52:01 77.11   59.56   78.46   86.34
21:53:04 77.00   59.67   78.46   86.34
21:54:08 77.00   59.23   78.35   86.11
21:55:11 77.00   59.56   78.35   86.00
21:56:14 77.11   59.67   78.24   85.78
21:57:18 77.00   59.11   78.13   85.66
21:58:21 77.00   59.45   78.13   85.55
21:59:24 77.00   59.56   78.24   85.44
22:00:28 77.00   59.45   78.13   85.33
22:01:31 76.89   59.45   78.13   99.73
22:02:34 77.00   59.56   78.24   104.11
22:03:38 77.00   59.79   78.13   103.78
22:04:41 77.00   59.56   78.01   102.65
22:05:44 76.89   59.56   78.01   101.53
22:06:48 76.89   59.11   78.01   100.29
22:07:51 76.89   59.79   78.01   99.39
22:08:54 76.78   59.67   78.01   98.38
22:09:58 76.89   59.90   77.79   97.48
22:11:01 76.89   59.23   77.90   96.69
22:12:04 76.89   59.11   77.90   96.13
22:13:08 76.78   58.78   78.01   95.45
22:14:11 76.89   59.45   78.01   94.78
22:15:15 76.89   59.00   77.79   94.21
22:16:18 76.89   59.23   77.90   93.76
22:17:21 76.89   59.23   77.79   93.20
22:18:25 76.78   59.11   77.79   92.75
22:19:28 76.89   59.11   77.90   92.30
22:20:31 76.78   59.56   77.68   91.74
22:21:35 76.66   58.89   77.68   91.29
22:22:38 76.78   59.00   77.79   90.95
22:23:41 76.78   59.00   77.68   90.72
22:24:45 76.66   59.00   77.68   90.28
22:25:48 76.66   58.78   77.68   89.94
22:26:51 76.66   59.11   77.56   89.60
22:27:55 76.66   58.33   77.56   89.26
22:28:58 76.66   59.11   77.68   89.04
22:30:01 76.66   59.00   77.56   88.81
22:31:05 76.66   58.78   77.56   88.47
22:32:08 76.66   59.34   77.56   88.25
22:33:11 76.66   59.34   77.45   88.14
22:34:15 76.66   58.44   77.56   87.80
22:35:18 76.66   59.00   77.56   87.46
22:36:21 76.66   58.89   77.56   87.24
22:37:25 76.55   59.11   77.34   87.01
22:38:28 76.55   58.78   77.34   86.79
22:39:31 76.55   58.89   77.34   86.68
22:40:35 76.55   58.66   77.45   86.56
22:41:38 76.44   58.89   77.34   86.45
22:42:41 76.55   58.78   77.45   86.22
22:43:45 76.55   58.66   77.34   86.00
22:44:48 76.55   58.44   77.34   85.89
22:45:51 76.55   58.66   77.34   85.66
22:46:55 76.44   59.23   77.45   85.66
22:47:58 76.44   59.11   77.22   85.44
22:49:02 76.44   58.55   77.11   85.33
22:50:05 76.44   59.11   77.22   85.21
22:51:08 76.44   58.66   77.11   85.10
22:52:12 76.33   58.55   77.22   84.88
22:53:15 76.33   59.23   77.11   84.65
22:54:18 76.44   59.00   77.00   84.54
22:55:22 76.33   58.55   77.11   84.43
22:56:25 76.44   58.66   77.00   84.20
22:57:28 76.44   58.89   77.11   84.09
22:58:32 76.44   58.44   77.11   83.97
22:59:35 76.33   58.33   77.11   83.75
23:00:38 76.33   58.66   77.00   83.64
23:01:42 76.33   58.44   77.00   83.64
23:02:45 76.33   58.55   77.00   83.53
23:03:48 76.33   58.10   76.89   83.53
23:04:52 76.33   58.78   76.89   83.53
23:05:55 76.33   58.33   76.89   83.53
23:06:58 76.33   58.44   76.89   83.30
23:08:02 76.33   58.21   77.00   83.19
23:09:05 76.33   58.44   76.55   83.08
23:10:08 76.21   58.78   76.89   82.96
23:11:12 76.21   58.55   77.00   82.85
23:12:15 76.44   57.99   76.89   82.85
23:13:18 76.33   58.33   77.00   82.74
23:14:22 76.21   58.66   76.89   98.71
23:15:25 76.21   58.66   76.78   106.03
23:16:28 76.21   57.99   76.78   108.50
23:17:32 76.10   57.65   76.89   108.95
23:18:35 76.10   58.66   76.78   108.95
23:19:38 76.10   58.21   76.66   108.28
23:20:42 76.10   57.88   76.78   107.38
23:21:45 75.99   57.88   76.78   106.48
23:22:49 75.99   57.99   76.78   105.58
23:23:52 75.99   58.44   76.66   104.56
23:24:55 75.99   57.99   76.66   103.78
23:25:59 75.99   58.21   76.55   102.88
23:27:02 75.88   58.10   76.66   102.09
23:28:05 75.88   57.76   76.66   101.19
23:29:09 75.88   57.88   76.55   100.51
23:30:12 75.88   57.76   76.55   99.84
23:31:15 75.88   58.10   76.55   99.16
23:32:19 75.99   58.21   76.55   98.49
23:33:22 75.88   57.65   76.44   97.92
23:34:25 75.76   57.76   76.55   97.36
23:35:29 75.76   58.55   76.55   96.91
23:36:32 75.76   57.76   76.66   96.35
23:37:35 75.76   57.99   76.66   95.79
23:38:39 75.76   58.10   76.55   95.34
23:39:42 75.76   57.20   76.44   94.78
23:40:45 75.65   57.42   76.44   94.33
23:41:49 75.76   57.54   76.55   93.99
23:42:52 75.54   57.20   76.33   93.54
23:43:55 75.65   57.31   76.33   93.09
23:44:59 75.65   57.42   76.55   92.75
23:46:02 75.54   57.99   76.44   92.41
23:47:05 75.65   57.88   76.33   92.08
23:48:09 75.54   57.09   76.33   91.74
23:49:12 75.54   57.42   76.33   91.29
23:50:15 75.54   57.65   76.21   90.95
23:51:19 75.65   57.20   76.33   90.72
23:52:22 75.54   57.09   76.33   90.39
23:53:25 75.54   57.09   76.33   90.05
23:54:29 75.65   57.65   76.33   89.83
23:55:32 75.54   57.20   76.44   89.49
23:56:36 75.54   57.99   76.33   89.26
23:57:39 75.54   57.54   76.21   88.93
23:58:42 75.54   57.54   76.33   88.70
23:59:46 75.54   56.86   76.21   88.47
