18:46:55 74.41   55.29   74.86   87.46
18:47:59 74.30   55.51   74.75   87.24
18:49:02 74.41   55.63   74.75   87.01
18:50:05 74.30   55.40   74.86   86.79
18:51:09 74.41   55.40   74.97   86.56
18:52:12 74.30   55.29   74.86   86.34
18:53:15 74.41   55.29   74.75   86.22
18:54:19 74.30   55.29   74.86   86.00
18:55:22 74.30   55.06   74.97   85.78
18:56:25 74.30   55.17   74.86   85.66
18:57:29 74.30   55.40   74.86   85.44
18:58:32 74.41   55.29   74.97   85.21
18:59:35 74.41   55.29   74.75   85.10
19:00:39 74.41   55.40   74.75   84.88
19:01:42 74.41   55.06   74.64   89.83
19:02:45 74.41   54.84   74.75   92.19
19:03:49 74.41   55.17   74.86   91.63
19:04:52 74.30   55.29   74.75   90.95
19:05:55 74.30   55.29   74.75   90.16
19:06:59 74.19   55.17   74.75   89.60
19:08:02 74.30   55.17   74.86   89.04
19:09:05 74.19   55.06   74.75   88.70
19:10:09 74.30   54.84   74.75   88.25
19:11:12 74.30   55.06   74.75   87.80
19:12:15 74.30   55.06   74.64   87.35
19:13:19 74.30   55.06   74.64   87.13
19:14:22 74.30   54.84   74.64   86.90
19:15:25 74.19   55.06   74.53   86.68
19:16:29 74.19   54.95   74.64   86.45
19:17:32 74.19   54.95   74.64   86.11
19:18:35 74.19   54.84   74.64   85.78
19:19:39 74.19   54.84   74.53   85.44
19:20:42 74.30   54.84   74.64   85.33
19:21:46 74.19   54.73   74.53   85.21
19:22:49 74.19   54.95   74.53   85.10
19:23:52 74.19   54.73   74.64   84.88
19:24:56 74.08   54.95   74.53   84.54
19:25:59 74.19   55.06   74.64   84.43
19:27:02 74.19   54.84   74.64   84.20
19:28:06 74.08   54.95   74.64   84.09
19:29:09 74.19   54.73   74.53   83.86
19:30:12 74.19   54.84   74.41   83.75
19:31:16 74.19   54.61   74.53   83.53
19:32:19 74.19   54.95   74.53   83.41
19:33:22 74.19   54.73   74.53   83.30
19:34:26 74.08   54.73   74.64   83.30
19:35:29 74.08   54.73   74.53   83.30
19:36:32 74.19   54.73   74.41   83.19
19:37:36 74.08   54.84   74.53   83.08
19:38:39 74.08   54.84   74.30   82.74
19:39:42 74.08   54.84   74.41   82.63
19:40:46 74.08   54.61   74.64   82.51
19:41:49 74.08   54.61   74.64   82.51
19:42:52 74.08   54.61   74.53   82.40
19:43:56 74.08   54.61   74.53   82.18
19:44:59 74.08   54.61   74.53   82.06
19:46:02 74.08   54.73   74.53   82.06
19:47:06 74.08   54.61   74.53   81.95
19:48:09 74.08   54.50   74.41   81.95
19:49:12 74.08   54.50   74.53   81.95
19:50:16 74.08   54.73   74.53   81.84
19:51:19 74.08   54.61   74.64   81.84
19:52:23 74.08   54.39   74.53   81.84
19:53:26 74.08   54.50   74.53   81.72
19:54:29 74.08   54.61   74.53   81.72
19:55:33 74.08   54.61   74.53   81.50
19:56:36 74.08   54.50   74.41   81.50
19:57:39 74.08   54.50   74.53   81.39
19:58:43 74.08   54.61   74.53   81.28
19:59:46 74.19   54.73   74.53   81.28
20:00:49 74.08   54.73   74.41   81.16
20:01:53 74.08   54.50   74.53   81.05
20:02:56 74.08   54.61   74.53   81.05
20:03:59 74.08   54.61   74.41   80.94
20:05:03 74.08   54.39   74.41   80.94
20:06:06 74.19   54.73   74.41   81.05
20:07:09 74.08   54.61   74.41   80.83
20:08:13 74.08   54.50   74.30   80.83
20:09:16 74.08   54.61   74.30   80.83
20:10:19 74.08   54.73   74.19   80.83
20:11:23 73.96   54.61   74.41   80.60
20:12:26 73.96   54.50   74.53   80.60
20:13:29 73.96   54.50   74.41   80.49
20:14:33 73.96   54.50   74.41   80.49
20:15:36 73.96   54.61   74.53   80.49
20:16:39 74.08   54.50   74.41   80.38
20:17:43 73.96   54.61   74.41   80.38
20:18:46 73.96   54.39   74.30   80.38
20:19:49 73.96   54.61   74.41   80.38
20:20:53 73.85   54.61   74.41   80.26
20:21:56 73.96   54.50   74.41   80.38
20:23:00 73.96   54.73   74.19   80.26
20:24:03 73.96   54.73   74.30   80.15
20:34:15 74.08   54.84   74.64   80.15
20:37:18 74.19   54.84   74.53   80.04
