00:00:38 74.59   57.36   76.79   91.29
00:01:48 74.63   57.40   76.87   90.88
00:02:59 74.59   57.27   76.80   90.60
00:04:09 74.56   57.32   76.78   90.31
00:05:20 74.54   57.37   76.84   89.96
00:06:30 74.59   57.26   76.88   89.63
00:07:40 74.54   57.28   77.03   89.36
00:08:51 74.51   57.35   77.01   89.08
00:10:01 74.52   57.35   77.01   88.87
00:11:11 74.52   57.32   76.90   88.58
00:12:22 74.48   57.30   76.85   88.33
00:13:32 74.47   57.21   76.91   88.03
00:14:43 74.50   57.42   76.90   87.82
00:15:53 74.43   57.39   77.13   87.58
00:17:03 74.45   57.27   77.02   87.28
00:18:14 74.46   57.30   76.85   89.80
00:19:24 74.43   57.25   77.01   105.19
00:20:34 74.43   57.10   76.98   109.30
00:21:45 74.41   57.29   76.94   110.64
00:22:55 74.44   57.24   76.98   110.33
00:24:06 74.43   57.19   76.85   109.15
00:25:16 74.42   57.41   76.74   107.47
00:26:26 74.42   57.16   76.87   105.74
00:27:37 74.41   57.30   76.96   104.32
00:28:47 74.41   57.33   76.84   102.97
00:29:58 74.40   57.32   76.83   101.70
00:31:08 74.42   57.05   76.81   100.65
00:32:18 74.41   57.16   76.79   99.77
00:33:29 74.41   57.23   76.76   98.82
00:34:39 74.40   57.05   76.86   98.05
00:35:49 74.40   56.88   76.78   97.28
00:37:00 74.34   57.00   76.82   96.56
00:38:10 74.33   57.14   76.75   95.92
00:39:21 74.31   56.82   76.83   95.28
00:40:31 74.30   56.78   76.92   94.52
00:41:41 74.29   56.94   76.77   93.85
00:42:52 74.28   56.90   76.81   93.40
00:44:02 74.27   56.89   76.73   93.02
00:45:13 74.27   56.98   76.71   92.64
00:46:23 74.29   56.81   76.67   92.12
00:47:33 74.29   56.86   76.58   91.69
00:48:44 74.26   56.76   76.57   91.28
00:49:54 74.25   56.91   76.57   90.84
00:51:04 74.23   56.83   76.54   90.48
00:52:15 74.24   56.88   76.65   90.19
00:53:25 74.20   56.86   76.59   89.83
00:54:36 74.19   57.08   76.74   89.54
00:55:46 74.24   56.92   76.70   89.25
00:56:56 74.18   56.72   76.71   88.93
00:58:07 74.19   57.01   76.76   88.63
00:59:17 74.19   56.87   77.03   88.24
01:00:28 74.19   56.87   76.92   87.95
01:01:38 74.19   56.69   76.70   87.69
01:02:48 74.19   56.96   76.63   87.42
01:03:59 74.18   56.69   76.71   87.17
01:05:09 74.15   56.77   76.60   86.95
01:06:19 74.16   56.74   76.54   86.69
01:07:30 74.13   56.76   76.48   86.44
01:08:40 74.10   56.88   76.90   86.20
01:09:51 74.08   56.75   77.03   86.01
01:11:01 74.11   56.55   76.81   85.79
01:12:11 74.11   56.62   76.70   85.53
01:13:22 74.06   56.64   76.71   85.29
01:14:32 74.05   56.70   76.69   85.15
01:15:42 74.02   56.59   76.62   84.96
01:16:53 73.99   56.62   76.58   84.80
01:18:03 74.00   56.77   76.79   84.63
01:19:14 73.97   56.55   76.61   84.45
01:20:24 74.00   56.51   76.44   84.26
01:21:34 73.98   56.49   76.47   84.10
01:22:45 73.98   56.68   76.27   83.92
01:23:55 73.97   56.55   76.49   83.86
01:25:05 73.96   56.53   76.56   83.72
01:26:16 73.96   56.41   76.63   83.62
01:27:26 73.96   56.45   76.75   83.50
01:28:37 73.96   56.69   76.59   83.36
01:29:47 73.90   56.39   76.61   83.17
01:30:57 73.89   56.41   76.54   82.99
01:32:08 73.88   56.48   76.30   82.96
01:33:18 73.88   56.53   76.34   82.77
01:34:29 73.86   56.42   76.41   82.63
01:35:39 73.86   56.33   76.42   82.55
01:36:49 73.89   56.32   76.43   82.53
01:38:00 73.84   56.28   76.42   82.50
01:39:10 73.86   56.42   76.33   82.41
01:40:20 73.87   56.07   76.68   82.21
01:41:31 73.85   56.42   76.41   82.06
01:42:41 73.83   56.45   76.42   82.00
01:43:52 73.85   56.29   76.24   81.88
01:45:02 73.86   56.24   76.37   81.97
01:46:12 73.82   55.98   76.30   81.85
01:47:23 73.78   56.07   76.34   81.78
01:48:33 73.77   56.32   76.34   81.72
01:49:44 73.75   56.22   76.45   81.72
01:50:54 73.70   56.27   76.55   81.65
01:52:04 73.71   56.13   76.66   81.61
01:53:15 73.73   56.15   76.48   81.51
01:54:25 73.73   55.98   76.32   81.34
01:55:35 73.69   56.03   76.39   81.29
01:56:46 73.65   56.01   76.52   81.25
01:57:56 73.64   56.10   76.38   81.19
01:59:07 73.69   56.17   76.29   81.05
02:00:17 73.63   56.15   76.44   81.05
02:01:27 73.63   56.00   76.43   80.97
02:02:38 73.63   55.83   76.36   80.84
02:03:48 73.62   55.83   76.38   80.75
02:04:58 73.61   55.96   76.35   80.68
02:06:09 73.62   55.80   76.39   80.62
02:07:19 73.60   56.07   76.45   80.59
02:08:30 73.65   55.99   76.16   80.44
02:09:40 73.71   55.93   75.99   80.36
02:10:50 73.68   55.93   76.07   80.41
02:12:01 73.63   55.97   76.19   80.44
02:13:11 73.60   55.77   76.38   80.31
02:14:22 73.57   56.01   76.44   80.26
02:15:32 73.62   55.69   76.14   80.26
02:16:42 73.57   55.71   76.19   80.16
02:17:53 73.53   55.71   76.02   80.10
02:19:03 73.53   55.75   76.20   80.04
02:20:13 73.51   55.85   76.24   80.00
02:21:24 73.51   55.66   76.17   79.95
02:22:34 73.48   55.62   76.13   79.95
02:23:45 73.50   55.65   76.43   79.87
02:24:55 73.51   55.79   76.18   79.92
02:26:05 73.49   55.58   76.08   79.89
02:27:16 73.42   55.78   75.95   79.82
02:28:26 73.39   55.70   75.95   79.82
02:29:37 73.41   55.69   75.94   79.75
02:30:47 73.39   55.82   75.96   79.63
02:31:57 73.40   55.70   76.24   79.59
02:33:08 73.35   55.66   76.22   79.59
02:34:18 73.34   55.43   76.16   79.59
02:35:28 73.34   55.39   76.03   79.58
02:36:39 73.37   55.34   75.91   79.59
02:37:49 73.31   55.48   75.98   79.59
02:39:00 73.32   55.43   76.09   79.47
02:40:10 73.29   55.30   76.30   79.45
02:41:20 73.29   55.33   76.08   79.36
02:42:31 73.32   55.36   75.86   79.36
02:43:41 73.28   55.48   76.04   79.30
02:44:52 73.28   55.40   75.93   79.22
02:46:02 73.29   55.15   76.03   79.24
02:47:12 73.21   55.25   76.06   79.23
02:48:23 73.26   55.15   75.99   79.22
02:49:33 73.26   55.21   76.18   79.28
02:50:43 73.28   55.20   76.13   79.27
02:51:54 73.21   55.09   75.81   79.24
02:53:04 73.24   55.36   75.71   79.17
02:54:15 73.23   55.15   75.79   79.09
02:55:25 73.24   55.18   75.71   79.08
02:56:35 73.20   55.33   75.71   79.13
02:57:46 73.20   55.34   75.79   79.12
02:58:56 73.16   55.33   75.62   79.06
03:00:06 73.18   55.24   75.55   78.96
03:01:17 73.19   55.12   75.84   78.91
03:02:27 73.17   55.47   75.72   78.93
03:03:38 73.17   55.10   75.62   78.88
03:04:48 73.18   55.23   75.83   78.99
03:05:58 73.27   55.20   75.82   79.00
03:07:09 73.20   55.23   75.67   78.90
03:08:19 73.21   55.16   75.71   78.74
03:09:30 73.20   55.07   75.83   78.75
03:10:40 73.19   55.10   75.77   78.70
03:11:50 73.15   54.98   75.80   78.69
03:13:01 73.07   54.98   75.80   78.69
03:14:11 73.06   55.17   75.84   78.68
03:15:21 73.09   55.04   76.05   78.64
03:16:32 73.05   54.85   75.73   78.69
03:17:42 73.07   54.97   75.67   78.69
03:18:53 73.05   54.78   75.61   78.70
03:20:03 73.05   54.88   75.57   78.69
03:21:13 73.00   54.83   75.58   78.72
03:22:24 72.99   55.01   75.56   78.74
03:23:34 73.01   54.52   75.53   78.69
03:24:44 73.05   54.57   75.51   78.70
03:25:55 72.95   54.98   75.58   78.69
03:27:05 72.96   55.01   75.56   78.68
03:28:16 72.95   54.68   75.59   78.68
03:29:26 72.93   54.84   75.46   78.70
03:30:36 72.96   54.76   75.42   78.65
03:31:47 72.95   54.60   75.58   78.72
03:32:57 72.94   54.52   75.57   78.80
03:34:08 72.95   54.61   75.41   78.67
03:35:18 72.94   54.51   75.59   78.65
03:36:28 72.89   54.71   75.72   78.75
03:37:39 72.89   54.56   75.73   78.73
03:38:49 72.90   54.70   75.52   78.67
03:39:59 72.89   54.63   75.62   78.60
03:41:10 72.89   54.56   75.51   78.55
03:42:20 72.83   54.51   75.50   78.51
03:43:31 72.86   54.49   75.55   78.58
03:44:41 72.86   54.35   75.62   78.55
03:45:51 72.81   54.11   75.45   78.58
03:47:02 72.83   54.22   75.48   78.50
03:48:12 72.79   54.12   75.50   78.47
03:49:22 72.81   54.12   75.57   78.43
03:50:33 72.82   54.26   75.58   78.35
03:51:43 72.76   54.24   75.57   78.35
03:52:54 72.74   54.16   75.33   78.38
03:54:04 72.74   54.09   75.41   78.36
03:55:14 72.72   54.17   75.48   78.19
03:56:25 72.71   54.06   75.48   78.25
03:57:35 72.70   54.04   75.35   78.36
03:58:46 72.69   53.93   75.51   78.36
03:59:56 72.65   53.99   75.43   78.31
04:01:06 72.69   53.96   75.33   78.25
04:02:17 72.67   54.04   75.57   78.24
04:03:27 72.64   53.99   75.44   78.24
04:04:37 72.69   54.02   75.30   78.15
04:05:48 72.62   53.93   75.44   78.25
04:06:58 72.65   54.07   75.27   78.39
04:08:09 72.61   53.79   75.30   78.33
04:09:19 72.65   53.90   75.44   78.30
04:10:29 72.62   54.07   75.60   78.26
04:11:40 72.62   54.12   75.22   78.28
04:12:50 72.62   53.83   75.30   78.24
04:14:01 72.61   54.08   75.45   78.30
04:15:11 72.61   53.93   75.36   78.25
04:16:21 72.59   53.83   75.14   78.35
04:17:32 72.57   54.01   75.41   78.29
04:18:42 72.54   54.14   75.27   78.19
04:19:52 72.61   61.97   75.35   78.24
04:21:03 72.75   65.10   75.18   78.21
04:22:13 72.84   66.05   75.22   78.20
04:23:24 72.92   67.03   75.35   78.20
04:24:34 72.98   67.70   75.19   78.28
04:25:44 73.06   66.76   75.33   78.41
04:26:55 73.09   59.83   75.51   78.46
04:28:05 73.05   56.78   75.55   78.35
04:29:15 72.94   56.00   75.59   78.28
04:30:26 72.91   55.91   75.98   78.23
04:31:36 72.86   55.61   75.65   78.23
04:32:47 72.81   55.65   75.17   78.18
04:33:57 72.77   55.54   75.27   78.24
04:35:07 72.70   55.47   75.47   78.24
04:36:18 72.70   55.25   75.36   78.32
04:37:28 72.70   55.29   75.28   78.35
04:38:39 72.66   55.00   75.26   78.21
04:39:49 72.67   54.96   75.12   78.07
04:40:59 72.66   59.28   75.16   78.02
04:42:10 72.81   65.39   75.11   78.10
04:43:20 72.91   66.97   75.14   78.18
04:44:30 72.97   68.12   75.19   78.24
04:45:41 73.04   68.66   75.39   78.29
04:46:51 73.14   69.44   75.30   78.38
04:48:02 73.20   70.39   75.48   78.36
04:49:12 73.31   70.13   75.46   78.37
04:50:22 73.35   61.93   75.39   78.46
04:51:33 73.27   58.27   75.51   78.46
04:52:43 73.16   57.43   75.36   78.39
04:53:53 73.05   56.92   75.54   78.45
04:55:04 73.00   56.64   75.68   78.46
04:56:14 72.95   56.48   75.45   78.46
04:57:25 72.93   56.09   75.28   78.37
04:58:35 72.85   56.14   75.32   78.38
04:59:45 72.83   56.43   75.41   78.34
05:00:56 72.84   64.11   75.44   78.32
05:02:06 72.97   66.65   75.43   78.25
05:03:17 73.06   68.47   75.53   78.25
05:04:27 73.07   69.29   75.64   78.32
05:05:37 73.15   70.19   75.47   78.33
05:06:48 73.21   71.60   75.41   78.42
05:07:58 73.30   72.76   75.38   78.39
05:09:08 73.39   73.64   75.49   78.40
05:10:19 73.52   74.36   75.44   78.36
05:11:29 73.63   74.45   75.34   78.46
05:12:40 73.69   63.81   75.18   78.68
05:13:50 73.60   59.12   75.36   78.70
05:15:00 73.46   58.02   75.59   78.63
05:16:11 73.35   57.51   75.68   78.63
05:17:21 73.22   57.18   75.84   78.65
05:18:31 73.14   57.01   75.93   78.59
05:19:42 73.06   57.53   75.57   78.68
05:20:52 73.14   64.96   75.55   78.56
05:22:03 73.22   67.16   75.50   78.53
05:23:13 73.27   68.78   75.45   78.59
05:24:23 73.29   70.13   75.53   78.71
05:25:34 73.34   72.11   75.63   78.83
05:26:44 73.49   73.97   75.67   78.82
05:27:55 73.57   74.98   75.77   78.85
05:29:05 73.69   75.39   75.67   78.92
05:30:15 73.79   75.63   75.58   78.86
05:31:26 73.90   75.75   75.68   78.83
05:32:36 73.96   75.88   75.62   78.81
05:33:46 74.06   75.90   75.58   78.94
05:34:57 74.08   75.98   75.53   79.00
05:36:07 74.10   76.06   75.61   79.09
05:37:18 74.16   76.10   75.75   79.15
05:38:28 74.19   76.12   75.81   79.21
05:39:38 74.21   76.17   75.80   79.16
05:40:49 74.23   76.21   75.77   79.20
05:41:59 74.25   66.65   75.80   79.36
05:43:10 74.17   58.81   75.93   79.41
05:44:20 74.04   57.48   75.92   79.37
05:45:30 73.88   57.13   76.07   79.41
05:46:41 73.73   57.06   76.06   79.43
05:47:51 73.60   59.50   76.41   79.44
05:49:01 73.62   66.68   76.32   79.47
05:50:12 73.66   68.03   76.12   79.42
05:51:22 73.71   69.69   76.15   79.40
05:52:33 73.72   72.02   76.14   79.53
05:53:43 73.74   74.31   76.08   79.49
05:54:53 73.83   75.45   76.09   79.58
05:56:04 73.96   75.86   76.01   79.66
05:57:14 74.06   76.05   75.98   79.70
05:58:24 74.14   76.17   75.94   79.77
05:59:35 74.19   76.27   75.89   79.71
06:00:45 74.29   76.34   75.80   79.70
06:01:56 74.32   76.42   75.89   79.80
06:03:06 74.41   76.45   75.93   79.85
06:04:16 74.44   76.55   76.12   79.86
06:05:27 74.47   76.56   75.98   79.92
06:06:37 74.52   76.66   76.21   79.92
06:07:48 74.53   76.66   76.22   79.93
06:08:58 74.58   76.74   76.37   80.03
06:10:08 74.62   76.78   76.50   80.04
06:11:19 74.64   76.78   76.60   79.98
06:12:29 74.69   76.78   76.59   79.92
06:13:39 74.69   76.87   76.68   80.01
06:14:50 74.74   76.89   76.60   80.09
06:16:00 74.76   76.89   76.63   80.22
06:17:11 74.77   76.90   76.66   80.27
06:18:21 74.79   76.97   76.65   80.36
06:19:31 74.82   77.00   76.52   80.38
06:20:42 74.86   77.03   76.48   80.36
06:21:52 74.86   77.10   76.55   80.38
06:23:02 74.90   77.11   76.61   80.37
06:24:13 74.95   77.11   76.49   80.44
06:25:23 74.97   77.11   76.59   80.49
06:26:34 74.97   77.11   76.62   80.49
06:27:44 74.97   77.13   76.70   80.49
06:28:54 75.08   77.20   76.68   80.56
06:30:05 75.06   77.22   76.73   80.62
06:31:15 75.08   77.22   76.62   80.61
06:32:26 75.08   77.22   76.76   80.65
06:33:36 75.09   77.24   76.62   80.67
06:34:46 75.08   77.23   76.59   80.71
06:35:57 75.08   77.24   76.79   80.71
06:37:07 75.09   77.27   76.84   80.75
06:38:17 75.13   77.33   76.80   80.71
06:39:28 75.13   77.33   76.76   80.80
06:40:38 75.14   77.33   76.84   80.83
06:41:49 75.18   77.34   76.90   80.84
06:42:59 75.18   77.34   76.89   80.97
06:44:09 75.21   77.35   76.85   81.06
06:45:20 75.21   77.39   76.85   81.15
06:46:30 75.20   77.43   77.01   81.16
06:47:41 75.21   77.45   76.90   81.17
06:48:51 75.22   77.45   77.01   81.16
06:50:01 75.28   77.45   76.94   81.24
06:51:12 75.26   77.46   76.98   81.29
06:52:22 75.30   77.45   76.90   81.43
06:53:32 75.28   77.46   76.95   81.49
06:54:43 75.31   77.52   77.02   81.50
06:55:53 75.31   77.55   77.07   81.43
06:57:04 75.36   77.56   76.99   81.39
06:58:14 75.42   77.56   77.07   81.39
06:59:24 75.43   77.60   77.11   81.37
07:00:35 75.44   77.63   77.20   81.28
07:01:45 75.46   77.66   77.16   81.39
07:02:55 75.51   77.67   77.10   81.44
07:04:06 75.53   77.67   77.11   81.57
07:05:16 75.54   77.70   77.21   81.59
07:06:27 75.53   77.74   77.20   81.63
07:07:37 75.54   77.78   77.15   81.72
07:08:47 75.55   77.79   77.08   81.72
07:09:58 75.59   77.79   77.21   81.63
07:11:08 75.62   77.80   77.21   81.71
07:12:19 75.63   77.88   77.20   81.71
07:13:29 75.65   77.90   77.26   81.71
07:14:39 75.65   77.90   77.26   81.79
07:15:50 75.65   77.91   77.33   81.69
07:17:00 75.66   77.90   77.34   81.72
07:18:10 75.68   77.98   77.24   81.72
07:19:21 75.74   78.00   77.29   81.74
07:20:31 75.76   78.01   77.33   81.72
07:21:42 75.76   78.01   77.35   81.72
07:22:52 75.79   78.02   77.40   81.80
07:24:02 75.82   78.11   77.38   81.84
07:25:13 75.85   78.13   77.56   81.79
07:26:23 75.88   78.13   77.45   81.78
07:27:34 75.88   78.13   77.42   81.84
07:28:44 75.88   78.18   77.41   81.90
07:29:54 75.89   78.23   77.42   81.95
07:31:05 75.91   78.24   77.44   81.86
07:32:15 75.96   78.24   77.48   81.94
07:33:25 75.95   78.24   77.55   81.98
07:34:36 75.97   78.30   77.58   86.43
07:35:46 75.99   78.32   77.58   101.68
07:36:57 75.99   78.34   77.62   104.19
07:38:07 75.99   78.35   77.60   103.75
07:39:17 76.01   78.36   77.57   102.78
07:40:28 76.04   78.43   77.67   101.75
07:41:38 76.00   78.46   77.70   100.86
07:42:48 76.03   78.47   77.72   99.94
07:43:59 76.09   78.47   77.69   99.07
07:45:09 76.08   78.46   77.68   98.29
07:46:20 76.09   78.46   77.70   97.58
07:47:30 76.10   78.46   77.78   96.95
07:48:40 76.11   78.46   77.78   96.39
07:49:51 76.11   78.46   77.82   95.85
07:51:01 76.11   78.50   77.79   95.31
07:52:12 76.12   78.56   77.88   94.88
07:53:22 76.13   78.58   77.87   94.45
07:54:32 76.19   78.58   77.93   94.00
07:55:43 76.20   78.58   77.90   93.58
07:56:53 76.21   78.62   77.92   93.17
07:58:03 76.22   78.69   77.97   92.83
07:59:14 76.24   78.79   77.91   92.52
08:00:24 76.25   78.81   78.02   92.22
08:01:35 76.24   78.83   78.01   91.84
08:02:45 76.29   78.88   77.98   91.56
08:03:55 76.33   78.91   77.99   91.30
08:05:06 76.33   78.91   77.98   91.07
08:06:16 76.33   78.91   78.00   90.83
08:07:27 76.33   78.95   78.06   90.55
08:08:37 76.39   79.00   78.12   90.30
08:09:47 76.38   79.03   78.11   90.07
08:10:58 76.43   79.03   78.16   89.82
08:12:08 76.44   79.03   78.16   89.64
08:13:18 76.44   79.03   78.18   89.45
08:14:29 76.44   79.07   78.20   89.20
08:15:39 76.45   79.13   78.25   89.01
08:16:50 76.48   79.13   78.28   88.85
08:18:00 76.51   79.13   78.28   88.64
08:19:10 76.53   79.14   78.31   88.53
08:20:21 76.54   79.14   78.35   88.39
08:21:31 76.55   79.14   78.38   88.27
08:22:41 76.55   79.16   78.41   88.07
08:23:52 76.55   79.21   78.34   87.85
08:25:02 76.56   79.23   78.40   87.68
08:26:13 76.61   79.24   78.40   87.52
08:27:23 76.65   79.25   78.35   87.41
08:28:33 76.66   79.25   78.51   87.30
08:29:44 76.66   79.28   78.45   87.15
08:30:54 76.66   79.35   78.47   87.04
08:32:05 76.66   79.36   78.46   87.01
08:33:15 76.69   79.36   78.59   87.01
08:34:25 76.75   79.37   78.56   86.92
08:35:36 76.77   79.40   78.54   86.80
08:36:46 76.78   79.46   78.59   86.63
08:37:56 76.78   79.47   78.58   86.46
08:39:07 76.78   79.47   78.59   86.34
08:40:17 76.84   79.47   78.58   86.28
08:41:28 76.89   79.55   78.60   86.73
08:42:38 76.99   79.59   78.66   87.82
08:43:48 77.00   79.63   78.74   87.97
08:44:59 77.00   79.70   78.72   87.90
08:46:09 77.02   79.70   78.72   87.82
08:47:19 77.04   79.70   78.71   87.84
08:48:30 77.11   79.76   78.69   87.77
08:49:40 77.11   79.77   78.75   87.67
08:50:51 77.11   79.80   78.79   87.48
08:52:01 77.11   79.80   78.82   87.31
08:53:11 77.11   79.81   78.86   87.15
08:54:22 77.12   79.81   78.83   87.13
08:55:32 77.12   79.81   78.99   87.12
08:56:43 77.15   79.81   78.92   87.00
08:57:53 77.19   79.81   78.93   86.85
08:59:03 77.20   76.98   78.84   86.71
09:00:14 77.20   65.81   78.92   86.59
09:01:24 77.03   63.29   78.92   86.39
09:02:34 76.89   62.63   78.84   86.30
09:03:45 76.73   62.34   78.83   98.58
09:04:55 76.61   62.02   79.06   105.70
09:06:06 76.44   66.94   79.11   107.04
09:07:16 76.49   70.52   79.13   107.28
09:08:26 76.53   72.57   78.96   107.66
09:09:37 76.57   73.97   78.87   108.40
09:10:47 76.71   75.32   78.91   109.01
09:11:58 76.78   77.07   78.86   109.38
09:13:08 76.88   78.64   78.86   109.69
09:14:18 76.97   79.36   78.80   110.02
09:15:29 77.07   79.64   78.89   110.21
09:16:39 77.13   79.77   78.87   110.38
09:17:49 77.22   79.83   78.95   110.52
09:19:00 77.24   79.92   79.02   110.26
09:20:10 77.32   79.97   78.93   109.67
09:21:21 77.34   80.04   78.96   110.71
09:22:31 77.39   80.06   78.99   112.00
09:23:41 77.45   70.38   79.00   112.26
09:24:52 77.43   64.25   78.94   111.81
09:26:02 77.33   63.37   78.92   111.01
09:27:13 77.21   62.91   79.05   111.93
09:28:23 77.07   62.76   79.00   112.98
09:29:33 76.95   62.81   79.21   112.50
09:30:44 76.89   62.70   79.23   111.56
09:31:54 76.80   62.52   79.07   110.52
09:33:04 76.74   64.97   79.04   109.50
09:34:15 76.72   70.65   79.11   108.48
09:35:25 76.78   72.36   79.03   107.58
09:36:36 76.80   73.65   79.09   106.70
09:37:46 76.89   73.98   79.01   105.92
09:38:56 76.90   74.32   79.03   105.18
09:40:07 76.99   74.85   79.01   104.49
09:41:17 77.10   75.73   79.01   103.79
09:42:28 77.11   76.95   78.92   103.17
09:43:38 77.15   70.27   78.92   102.55
09:44:48 77.08   64.36   78.91   101.97
09:45:59 76.97   63.27   78.92   101.39
09:47:09 76.90   62.95   78.96   100.82
09:48:19 76.75   62.61   79.08   100.28
09:49:30 76.66   62.66   79.43   99.81
09:50:40 76.66   62.57   79.38   101.90
09:51:51 76.57   62.25   79.27   111.00
09:53:01 76.54   61.85   79.18   113.16
09:54:11 76.53   61.68   79.17   113.48
09:55:22 76.49   61.51   79.05   113.13
09:56:32 76.49   61.51   79.14   112.86
09:57:42 76.60   68.51   78.96   112.29
09:58:53 76.69   70.85   79.24   111.53
10:00:03 76.78   72.41   79.04   110.83
10:01:14 76.84   72.83   78.87   110.08
10:02:24 76.90   72.94   78.91   109.29
10:03:34 77.00   72.45   78.91   108.52
10:04:45 77.01   65.27   78.91   107.80
10:05:55 76.94   62.24   78.82   107.05
10:07:06 76.89   62.39   78.88   106.33
10:08:16 76.81   62.63   78.93   105.60
10:09:26 76.78   62.61   79.05   104.88
10:10:37 76.77   62.23   79.21   104.16
10:11:47 76.67   61.79   79.10   103.45
10:12:57 76.66   61.83   79.14   102.80
10:14:08 76.65   62.09   79.02   102.14
10:15:18 76.57   61.60   79.10   101.45
10:16:29 76.58   61.69   79.03   100.80
10:17:39 76.60   61.54   79.15   102.16
10:18:49 76.64   61.40   79.22   108.65
10:20:00 76.57   61.71   79.16   109.35
10:21:10 76.57   61.87   79.24   109.43
10:22:21 76.58   61.82   79.23   109.46
10:23:31 76.63   61.74   78.99   109.05
10:24:41 76.63   61.85   79.02   108.46
10:25:52 76.57   61.77   78.83   107.73
10:27:02 76.62   61.66   78.87   106.96
10:28:12 76.61   61.89   78.77   106.16
10:29:23 76.62   61.67   78.67   105.42
10:30:33 76.65   61.77   78.78   104.72
10:31:44 76.58   61.60   78.90   103.97
10:32:54 76.56   61.36   78.84   103.25
10:34:04 76.58   61.43   78.77   102.61
10:35:15 76.57   61.15   79.01   102.00
10:36:25 76.55   61.21   78.76   101.46
10:37:35 76.56   61.27   78.73   100.87
10:38:46 76.54   61.10   78.59   100.28
10:39:56 76.46   61.03   78.91   99.67
10:41:07 76.45   61.11   78.72   99.16
10:42:17 76.44   61.27   78.72   98.65
10:43:27 76.43   61.18   78.72   98.13
10:44:38 76.44   61.06   78.77   97.68
10:45:48 76.38   61.11   78.69   97.31
10:46:59 76.35   61.06   78.71   96.91
10:48:09 76.34   60.92   78.63   96.49
10:49:19 76.41   61.26   78.52   96.10
10:50:30 76.43   61.39   78.65   95.77
10:51:40 76.42   61.19   78.66   95.42
10:52:50 76.40   61.25   78.64   95.07
10:54:01 76.36   60.89   78.52   94.78
10:55:11 76.34   60.63   78.61   94.50
10:56:22 76.33   60.64   78.55   94.22
10:57:32 76.33   60.68   78.49   101.61
10:58:42 76.36   60.91   78.61   110.36
10:59:53 76.37   60.62   78.59   110.49
11:01:03 76.33   60.50   78.49   110.06
11:02:14 76.44   60.11   78.64   109.76
11:03:24 76.44   60.39   78.60   109.13
11:04:34 76.43   60.30   78.63   108.46
11:05:45 76.54   60.45   78.61   107.77
11:06:55 76.62   60.41   78.79   107.06
11:08:05 76.63   60.07   78.77   106.40
11:09:16 76.59   60.10   78.68   105.70
11:10:26 76.55   60.01   78.73   104.93
11:11:37 76.54   59.84   79.01   104.20
11:12:47 76.54   60.16   78.94   103.49
11:13:57 76.49   59.94   78.84   102.82
11:15:08 76.52   59.76   78.73   102.17
11:16:18 76.55   59.66   78.60   101.56
11:17:28 76.55   59.84   78.64   101.01
11:18:39 76.55   59.38   78.60   100.54
11:19:49 76.54   59.52   78.74   100.05
11:21:00 76.55   59.80   78.80   99.53
11:22:10 76.55   59.56   78.59   98.98
11:23:20 76.57   58.93   78.79   98.39
11:24:31 76.55   59.30   78.84   97.84
11:25:41 76.49   59.37   78.67   97.37
11:26:51 76.50   59.30   78.55   97.04
11:28:02 76.44   59.32   78.89   96.75
11:29:12 76.44   59.21   78.72   96.38
11:30:23 76.44   59.15   78.55   95.93
11:31:33 76.43   58.80   78.73   95.57
11:32:43 76.40   59.51   78.65   95.22
11:33:54 76.35   58.80   78.56   94.90
11:35:04 76.34   58.65   78.43   94.59
11:36:15 76.35   58.57   78.63   94.19
11:37:25 76.42   58.89   78.56   93.89
11:38:35 76.33   58.63   78.45   93.51
11:39:46 76.32   58.49   78.52   93.19
11:40:56 76.33   58.93   78.52   92.92
11:42:06 76.33   58.76   78.81   100.87
11:43:17 76.35   58.51   78.87   108.11
11:44:27 76.33   58.96   78.61   107.22
11:45:38 76.34   58.85   78.55   105.57
11:46:48 76.34   58.63   78.36   103.82
11:47:58 76.33   58.59   78.21   102.54
11:49:09 76.30   58.78   78.27   101.31
11:50:19 76.30   58.82   78.37   100.18
11:51:30 76.30   58.64   78.22   99.27
11:52:40 76.24   58.66   78.27   98.46
11:53:50 76.36   58.99   78.26   97.73
11:55:01 76.38   59.28   78.23   97.05
11:56:11 76.43   59.10   78.16   96.47
11:57:21 76.54   59.45   78.32   95.94
11:58:32 76.57   59.75   78.34   95.31
11:59:42 76.56   59.64   78.13   94.71
12:00:53 76.53   59.48   78.19   94.21
12:02:03 76.52   59.46   78.13   93.74
12:03:13 76.43   59.20   78.34   93.35
12:04:24 76.38   59.37   78.32   92.89
12:05:34 76.35   59.45   78.54   92.49
12:06:44 76.34   59.47   78.44   92.10
12:07:55 76.37   59.47   78.29   91.74
12:09:05 76.56   59.57   78.23   91.34
12:10:16 76.61   59.82   78.27   91.16
12:11:26 76.62   60.02   78.23   104.58
12:12:36 76.57   60.20   78.31   109.55
12:13:47 76.51   59.99   78.41   109.44
12:14:57 76.45   59.49   78.26   109.04
12:16:08 76.53   60.03   78.10   108.51
12:17:18 76.45   60.05   78.15   107.89
12:18:28 76.33   59.51   78.14   110.02
12:19:39 76.34   59.62   78.14   110.26
12:20:49 76.33   59.95   78.34   111.10
12:21:59 76.34   59.67   78.30   112.24
12:23:10 76.41   59.70   78.32   111.70
12:24:20 76.37   59.66   78.18   110.82
12:25:31 76.40   59.60   78.31   109.82
12:26:41 76.44   59.55   78.10   108.83
12:27:51 76.44   59.61   78.19   107.85
12:29:02 76.38   59.91   78.40   106.88
12:30:12 76.42   59.76   78.45   111.14
12:31:23 76.43   59.76   78.54   114.23
12:32:33 76.38   59.77   78.19   113.30
12:33:43 76.33   60.00   78.09   111.85
12:34:54 76.33   59.80   78.15   110.52
12:36:04 76.34   59.88   78.45   109.16
12:37:14 76.31   59.77   78.47   107.95
12:38:25 76.33   59.90   78.48   106.89
12:39:35 76.33   59.83   78.40   105.88
12:40:46 76.29   59.80   78.29   104.92
12:41:56 76.24   59.97   77.97   103.93
12:43:06 76.27   59.90   78.13   103.17
12:44:17 76.24   59.71   77.98   102.45
12:45:27 76.24   59.91   78.04   101.72
12:46:37 76.25   60.20   78.13   101.01
12:47:48 76.22   59.85   78.26   100.33
12:48:58 76.22   60.10   78.12   99.61
12:50:09 76.25   60.08   78.06   99.09
12:51:19 76.30   60.14   78.16   98.45
12:52:29 76.36   60.24   78.20   97.86
12:53:40 76.41   60.24   78.42   97.34
12:54:50 76.35   60.01   78.03   96.89
12:56:01 76.33   60.27   78.30   96.46
12:57:11 76.33   60.00   78.65   95.93
12:58:21 76.33   60.19   78.64   95.50
12:59:32 76.35   60.14   78.39   95.14
13:00:42 76.34   60.01   77.94   94.70
13:01:52 76.34   59.98   77.43   94.29
13:03:03 76.35   59.81   77.07   93.89
13:04:13 76.34   59.86   76.56   93.50
13:05:24 76.33   59.66   76.38   93.06
13:10:40 76.35   59.77   76.55   91.42
13:11:51 76.43   59.50   76.58   91.14
13:13:01 76.42   59.61   76.65   90.79
13:14:11 76.41   59.02   76.47   90.56
13:15:22 76.44   59.55   76.48   90.21
13:16:32 76.47   59.75   76.47   89.91
13:17:43 76.43   59.52   76.65   96.66
13:18:53 76.42   59.27   76.61   109.42
13:20:03 76.51   59.26   76.55   111.81
13:21:14 76.53   59.19   76.56   112.39
13:22:24 76.53   59.19   76.42   112.08
13:23:35 76.53   59.57   76.56   110.57
13:24:45 76.53   59.31   76.54   108.98
13:25:55 76.52   58.83   76.60   107.26
13:27:06 76.49   58.83   76.52   105.81
13:28:16 76.54   59.30   76.54   104.55
13:29:26 76.56   59.07   76.49   103.27
13:30:37 76.57   59.21   76.55   102.17
13:31:47 76.66   58.86   76.64   101.20
13:32:58 76.80   59.47   76.76   100.32
13:34:08 76.72   59.33   76.76   99.49
13:35:18 76.66   59.03   76.90   98.86
13:36:29 76.88   59.10   76.79   98.10
13:37:39 76.99   59.88   76.88   101.09
13:38:49 76.93   60.15   76.92   109.34
13:40:00 76.79   59.58   77.00   110.14
13:41:10 76.77   59.84   76.86   110.08
13:42:21 76.69   59.01   76.90   109.94
13:43:31 76.84   59.65   76.85   109.38
13:44:41 76.78   59.30   76.75   108.65
13:45:52 76.79   59.82   76.79   107.93
13:47:02 76.89   59.56   76.92   107.23
13:48:13 76.89   59.62   76.87   108.38
13:49:23 76.96   59.90   76.90   111.03
13:50:33 76.80   59.95   77.01   110.58
13:51:44 76.78   59.84   77.12   109.69
13:52:54 76.79   59.49   77.01   108.65
13:54:04 76.76   59.78   77.01   107.70
13:55:15 76.78   59.22   77.01   106.79
13:56:25 76.74   58.96   76.94   105.92
13:57:36 76.73   59.15   76.90   105.18
13:58:46 76.73   59.03   76.89   104.47
13:59:56 76.74   59.21   76.89   103.80
14:01:07 76.78   59.11   76.85   103.13
14:02:17 76.76   59.29   76.76   102.49
14:03:28 76.68   59.30   76.70   101.82
14:04:38 76.67   58.66   76.76   101.15
14:05:48 76.76   58.72   76.56   100.51
14:06:59 76.77   58.85   76.67   100.00
14:08:09 76.68   58.52   76.51   99.57
14:09:19 76.69   58.32   76.68   98.99
14:10:30 76.66   58.57   76.77   98.52
14:11:40 76.67   58.72   76.70   98.13
14:12:51 76.65   58.38   76.68   97.77
14:14:01 76.66   58.74   76.66   97.49
14:15:11 76.61   58.46   76.44   97.00
14:16:22 76.59   58.49   76.39   96.52
14:17:32 76.55   58.62   76.45   96.14
14:18:42 76.48   58.51   76.58   95.65
14:19:53 76.46   58.16   76.58   95.29
14:21:03 76.44   58.16   76.66   94.92
14:22:14 76.44   57.97   76.53   94.57
14:23:24 76.44   58.25   76.52   94.27
14:24:34 76.44   58.13   76.44   93.89
14:25:45 76.44   58.20   76.52   93.60
14:26:55 76.43   58.57   76.53   93.32
14:28:06 76.44   57.98   76.51   92.99
14:29:16 76.48   58.30   76.48   92.68
14:30:26 76.53   58.17   76.55   92.38
14:31:37 76.54   58.12   76.71   92.09
14:32:47 76.47   58.12   76.74   91.78
14:33:57 76.54   58.08   76.68   91.50
14:35:08 76.52   58.25   76.69   91.27
14:36:18 76.52   58.12   76.77   90.95
14:37:29 76.47   58.08   76.74   92.72
14:38:39 76.50   58.21   76.76   101.88
14:39:49 76.50   58.19   76.88   105.86
14:41:00 76.56   57.89   76.80   112.78
14:42:10 76.61   57.98   76.56   112.08
14:43:20 76.63   58.37   76.68   109.99
14:44:31 76.61   58.08   76.79   108.00
14:45:41 76.65   58.16   76.71   106.17
14:46:52 76.66   58.48   76.82   104.82
14:48:02 76.64   58.17   76.80   103.38
14:49:12 76.65   57.96   76.89   102.26
14:50:23 76.66   58.12   76.93   104.75
14:51:33 76.77   58.48   76.98   108.84
14:52:44 77.00   58.64   76.91   109.68
14:53:54 77.10   58.52   76.90   112.34
14:55:04 77.17   58.97   76.91   111.98
14:56:15 77.15   58.98   76.96   112.17
14:57:25 77.11   58.76   76.96   113.30
14:58:35 77.08   59.03   77.04   112.77
14:59:46 76.97   58.43   76.99   111.83
15:00:56 76.89   58.34   76.87   110.94
15:02:07 76.88   58.60   76.89   110.01
15:03:17 76.78   58.54   76.92   109.01
15:04:27 76.77   58.72   76.96   108.07
15:05:38 76.69   58.29   76.95   107.22
15:06:48 76.67   58.40   76.83   106.29
15:07:59 76.66   58.21   76.77   105.44
15:09:09 76.67   58.39   76.87   104.60
15:10:19 76.66   58.26   76.81   103.80
15:11:30 76.64   58.58   76.79   103.13
15:12:40 76.63   58.14   76.81   102.44
15:13:50 76.63   58.13   76.78   101.68
15:15:01 76.63   58.41   76.65   101.01
15:16:11 76.65   58.28   76.54   100.30
15:17:22 76.66   58.23   76.55   99.70
15:18:32 76.66   58.20   76.47   99.13
15:19:42 76.64   58.04   76.64   98.58
15:20:53 76.63   58.40   76.69   98.01
15:22:03 76.67   58.33   76.60   97.48
15:23:13 76.63   58.02   76.58   97.04
15:24:24 76.57   57.95   76.61   96.46
15:25:34 76.59   58.04   76.61   95.99
15:26:45 76.59   58.02   76.71   95.56
15:27:55 76.60   57.82   76.68   95.16
15:29:05 76.57   57.91   76.64   94.76
15:30:16 76.57   58.14   76.63   94.35
15:31:26 76.56   57.89   76.50   93.99
15:32:36 76.57   57.98   76.54   93.59
15:33:47 76.54   57.73   76.59   93.27
15:34:57 76.53   58.07   76.59   92.94
15:36:08 76.55   58.00   76.62   92.51
15:37:18 76.55   57.94   76.63   92.16
15:38:28 76.56   57.94   76.49   91.84
15:39:39 76.55   58.11   76.45   91.52
15:40:49 76.56   57.97   76.51   91.25
15:42:00 76.56   57.84   76.53   90.94
15:43:10 76.55   58.13   76.59   90.61
15:44:20 76.57   58.09   76.60   90.29
15:45:31 76.56   57.95   76.50   89.95
15:46:41 76.56   57.89   76.43   89.64
15:47:51 76.55   57.94   76.38   89.39
15:49:02 76.56   58.03   76.41   89.16
15:50:12 76.55   57.96   76.43   88.98
15:51:23 76.54   58.06   76.44   88.75
15:52:33 76.55   57.97   76.39   88.54
15:53:43 76.55   57.90   76.43   88.38
15:54:54 76.57   57.91   76.46   88.17
15:56:04 76.55   58.31   76.46   87.95
15:57:14 76.59   57.81   76.44   87.78
15:58:25 76.59   58.16   76.34   87.60
15:59:35 76.56   57.80   76.31   87.39
16:00:46 76.55   57.82   76.35   87.14
16:01:56 76.55   58.14   76.36   86.92
16:03:06 76.56   57.98   76.32   86.69
16:04:17 76.57   57.77   76.29   86.56
16:05:27 76.54   57.99   76.32   86.52
16:06:37 76.53   57.80   76.25   86.34
16:07:48 76.55   58.03   76.29   86.23
16:08:58 76.54   58.07   76.42   86.18
16:10:09 76.54   57.82   76.42   85.94
16:11:19 76.52   58.00   76.32   85.77
16:12:29 76.54   58.20   76.33   85.59
16:13:40 76.51   58.23   76.27   85.54
16:14:50 76.50   58.07   76.39   85.50
16:16:01 76.52   58.20   76.36   85.33
16:17:11 76.55   58.09   76.29   85.16
16:18:21 76.55   58.26   76.29   85.09
16:19:32 76.52   58.00   76.24   84.95
16:20:42 76.55   57.84   76.29   84.77
16:21:52 76.55   57.95   76.09   84.74
16:23:03 76.52   57.85   76.01   84.66
16:24:13 76.54   58.17   76.09   84.64
16:25:24 76.55   58.08   76.06   84.46
16:26:34 76.54   57.97   76.23   84.18
16:27:44 76.68   58.03   76.13   84.04
16:28:55 76.65   58.25   76.11   85.09
16:30:05 76.66   58.12   76.21   101.27
16:31:15 76.69   58.03   76.17   105.10
16:32:26 76.79   58.07   76.26   103.74
16:33:36 76.78   58.38   76.19   103.52
16:34:47 76.74   58.05   76.10   105.43
16:35:57 76.75   58.01   76.22   104.37
16:37:07 76.78   58.46   76.28   102.75
16:38:18 76.76   58.16   76.33   101.40
16:39:28 76.77   58.31   76.21   100.48
16:40:39 76.76   58.21   76.29   99.48
16:41:49 76.76   58.50   76.25   98.51
16:42:59 76.76   58.20   76.25   97.68
16:44:10 76.76   58.21   76.21   96.80
16:45:20 76.78   58.57   76.22   95.85
16:46:30 76.75   58.26   76.22   95.16
16:47:41 76.78   58.31   76.10   94.60
16:48:51 76.79   58.34   76.16   93.98
16:50:02 76.78   58.38   76.16   93.33
16:51:12 76.79   58.67   76.12   92.89
16:52:22 76.82   58.45   76.17   93.38
16:53:33 76.83   58.58   76.27   100.35
16:54:43 76.84   58.40   76.14   101.20
16:55:53 76.88   58.74   76.11   99.96
16:57:04 76.87   58.80   76.12   98.80
16:58:14 76.86   58.94   76.12   97.69
16:59:25 76.90   58.80   76.13   96.73
17:00:35 77.01   59.42   76.15   95.91
17:01:45 77.11   59.68   76.24   95.16
17:02:56 77.01   59.34   76.14   94.66
17:04:06 77.01   59.70   76.12   98.79
17:05:17 77.04   59.30   76.14   99.80
17:06:27 77.06   59.87   76.10   99.16
17:07:37 77.04   59.70   76.13   101.50
17:08:48 77.03   59.89   76.07   101.07
17:09:58 77.06   60.31   76.14   99.85
17:11:08 77.07   60.38   76.08   98.62
17:12:19 77.06   60.72   76.13   97.64
17:13:29 77.15   60.72   76.08   96.75
17:14:40 77.29   60.57   76.10   95.85
17:15:50 77.23   60.68   76.10   95.12
17:17:00 77.19   60.73   76.21   94.48
17:18:11 77.23   60.81   76.18   93.80
17:19:21 77.19   60.53   76.15   93.18
17:20:32 77.22   60.94   76.20   92.65
17:21:42 77.15   60.79   76.21   92.11
17:22:52 77.19   60.25   76.18   91.67
17:24:03 77.20   60.74   75.91   91.33
17:25:13 77.21   60.73   76.07   90.94
17:26:23 77.21   60.87   76.11   90.56
17:27:34 77.15   61.08   76.07   90.24
17:28:44 77.22   61.05   76.16   89.86
17:29:55 77.24   60.94   75.96   89.79
17:31:05 77.25   60.87   76.11   99.06
17:32:15 77.22   60.81   76.09   102.37
17:33:26 77.22   60.55   76.14   104.61
17:34:36 77.22   60.89   76.08   108.54
17:35:47 77.24   61.04   76.11   108.65
17:36:57 77.34   60.72   76.03   107.30
17:38:07 77.32   60.95   76.05   105.68
17:39:18 77.23   61.19   76.13   104.08
17:40:28 77.24   60.95   76.23   102.70
17:41:38 77.22   60.64   76.30   101.37
17:42:49 77.23   60.84   76.33   100.20
17:43:59 77.28   60.94   76.23   99.29
17:45:10 77.31   60.90   76.26   98.36
17:46:20 77.31   61.06   76.26   97.50
17:47:30 77.32   60.78   76.30   96.70
17:48:41 77.32   61.04   76.27   96.03
17:49:51 77.33   61.22   76.29   95.27
17:51:01 77.31   61.08   76.31   94.73
17:52:12 77.32   60.73   76.53   94.33
17:53:22 77.32   61.09   76.46   93.86
17:54:33 77.30   60.97   76.55   93.36
17:55:43 77.29   60.97   76.60   92.77
17:56:53 77.31   60.86   76.59   92.40
17:58:04 77.28   61.14   76.65   92.01
17:59:14 77.30   61.00   76.63   91.51
18:00:25 77.26   60.59   76.46   91.08
18:01:35 77.26   60.95   76.40   90.81
18:02:45 77.26   60.80   76.50   90.49
18:03:56 77.26   60.42   76.50   90.20
18:05:06 77.23   60.73   76.49   89.90
18:06:16 77.35   60.35   76.62   89.49
18:07:27 77.44   60.60   76.60   89.14
18:08:37 77.40   60.70   76.72   88.84
18:09:48 77.43   60.51   76.89   88.58
18:10:58 77.38   60.95   76.93   88.36
18:12:08 77.38   60.75   76.84   88.02
18:13:19 77.43   60.63   76.89   87.84
18:14:29 77.36   60.71   76.99   87.63
18:15:39 77.38   60.92   77.06   87.48
18:16:50 77.38   60.96   77.23   87.23
18:18:00 77.37   60.83   77.27   87.01
18:19:11 77.38   60.83   77.30   86.78
18:20:21 77.43   60.90   77.46   86.63
18:21:31 77.43   60.98   77.52   86.44
18:22:42 77.42   61.01   77.23   86.24
18:23:52 77.44   60.92   77.31   86.09
18:25:03 77.40   61.12   77.57   85.96
18:26:13 77.42   61.06   77.53   85.89
18:27:23 77.38   60.88   77.41   85.79
18:28:34 77.43   61.03   77.57   85.66
18:29:44 77.43   60.98   77.61   85.52
18:30:55 77.45   60.90   77.50   85.39
18:32:05 77.42   60.81   77.50   85.20
18:33:15 77.42   61.06   77.57   85.10
18:34:26 77.49   61.12   77.57   84.93
18:35:36 77.61   61.09   77.65   84.79
18:36:46 77.56   61.13   77.74   84.68
18:37:57 77.47   61.07   77.69   84.55
18:39:07 77.56   61.06   77.56   84.37
18:40:18 77.54   61.08   77.66   84.19
18:41:28 77.49   61.05   77.70   84.09
18:42:38 77.54   61.06   77.81   84.00
18:43:49 77.51   61.04   77.84   83.89
18:44:59 77.53   60.94   77.82   83.95
18:46:09 77.47   60.87   77.83   83.91
18:47:20 77.44   60.86   77.76   83.75
18:48:30 77.45   60.96   77.74   83.71
18:49:41 77.48   60.86   77.91   83.64
18:50:51 77.45   60.83   77.92   83.64
18:52:01 77.52   60.80   77.90   83.53
18:53:12 77.45   60.87   77.89   83.45
18:54:22 77.51   60.80   77.95   83.41
18:55:32 77.48   60.72   77.87   83.24
18:56:43 77.50   60.39   77.75   83.10
18:57:53 77.48   60.20   77.81   83.02
18:59:04 77.49   60.46   77.95   82.96
19:00:14 77.50   60.66   77.85   82.96
19:01:24 77.49   60.30   77.82   82.92
19:02:35 77.50   59.65   77.97   82.86
19:03:45 77.46   59.55   77.93   82.79
19:04:55 77.42   59.83   77.98   82.72
19:06:06 77.45   60.00   77.88   82.59
19:07:16 77.44   60.21   77.95   82.51
19:08:27 77.43   60.35   77.74   82.48
19:09:37 77.42   60.51   77.73   82.51
19:10:47 77.35   60.52   77.72   82.40
19:11:58 77.35   60.58   77.76   82.40
19:13:08 77.34   60.56   77.84   82.29
19:14:18 77.32   60.91   77.82   82.25
19:15:29 77.27   60.92   78.00   82.17
19:16:39 77.25   60.99   78.01   82.07
19:17:50 77.23   61.07   77.91   82.06
19:19:00 77.30   61.10   77.88   82.10
19:20:10 77.30   60.94   77.92   82.06
19:21:20 77.27   60.85   77.86   82.08
19:22:31 77.27   61.00   77.88   82.03
19:23:41 77.29   60.87   77.86   81.87
19:24:52 77.22   60.83   77.82   81.78
19:26:02 77.22   60.93   77.86   81.76
19:27:12 77.26   60.94   77.75   81.69
19:28:23 77.23   60.93   77.78   81.61
19:29:33 77.23   60.88   77.81   81.52
19:30:43 77.27   60.99   77.78   81.60
19:31:54 77.29   61.06   77.87   81.62
19:33:04 77.24   60.97   77.82   81.57
19:34:14 77.22   60.91   77.84   81.58
19:35:25 77.22   61.08   77.89   81.61
19:36:35 77.22   60.92   77.90   81.54
19:37:45 77.21   61.00   77.95   81.45
19:38:56 77.22   61.12   77.94   81.38
19:40:06 77.24   61.06   77.93   81.30
19:41:16 77.19   61.06   77.91   81.28
19:42:27 77.14   60.99   77.91   81.24
19:43:37 77.25   61.06   77.74   81.16
19:44:47 77.17   61.03   77.71   81.21
19:45:58 77.10   60.89   77.76   81.19
19:47:08 77.08   60.99   77.76   81.19
19:48:19 77.06   60.96   77.82   81.17
19:49:29 77.05   60.91   77.99   81.15
19:50:39 77.07   60.86   78.01   81.01
19:51:50 77.11   60.81   77.98   80.94
19:53:00 77.11   60.91   77.80   80.94
19:54:10 77.09   60.91   77.84   80.94
19:55:21 77.10   60.84   77.69   80.94
19:56:31 77.10   60.90   77.77   81.11
19:57:41 77.00   60.87   77.74   81.11
19:58:52 77.02   60.86   77.79   80.97
20:00:02 76.94   60.89   77.76   80.83
20:01:13 76.92   60.84   77.79   80.71
20:02:23 76.89   60.83   77.87   80.72
20:03:33 76.95   60.81   77.96   80.76
20:04:44 77.00   60.78   77.88   80.87
20:05:54 77.06   60.86   77.75   80.83
20:07:04 77.06   60.92   77.61   80.81
20:08:15 77.04   60.84   77.76   80.72
20:09:25 76.98   60.84   77.68   80.81
20:10:36 76.89   60.84   77.79   80.72
20:11:46 76.96   60.82   77.74   80.73
20:12:56 76.90   60.86   77.79   80.81
20:14:07 76.87   60.74   77.78   80.77
20:15:17 76.98   60.78   77.76   80.79
20:16:27 77.00   60.88   77.69   80.74
20:17:38 76.96   60.85   77.78   80.83
20:18:48 76.91   60.76   77.79   80.82
20:19:59 76.84   60.84   77.64   80.73
20:21:09 76.84   60.84   77.75   80.71
20:22:19 76.83   60.80   77.79   80.71
20:23:30 76.79   60.68   77.89   80.81
20:24:40 76.76   60.68   77.87   80.81
20:25:51 76.79   60.58   77.78   80.72
20:27:01 76.79   60.63   77.82   80.67
20:28:11 76.76   60.71   77.91   80.66
20:29:22 76.74   60.70   77.85   80.70
20:30:32 76.76   60.69   77.80   80.63
20:31:42 76.74   60.65   77.79   80.66
20:32:53 76.78   60.52   77.78   80.58
20:34:03 76.76   60.52   77.81   80.49
20:35:14 76.77   60.56   77.80   80.55
20:36:24 76.75   60.63   77.69   80.55
20:37:34 76.80   60.61   77.71   80.56
20:38:45 76.79   60.65   77.79   80.51
20:39:55 76.85   60.70   77.78   80.48
20:41:06 76.88   60.84   77.76   80.47
20:42:16 76.83   60.87   77.79   80.38
20:43:26 76.80   60.66   77.67   80.38
20:44:37 76.78   60.61   77.62   80.41
20:45:47 76.74   60.59   77.71   80.54
20:46:57 76.69   60.51   77.78   80.44
20:48:08 76.69   60.52   77.84   80.38
20:49:18 76.67   60.58   77.72   80.34
20:50:29 76.66   60.47   77.76   80.29
20:51:39 76.69   60.50   77.75   80.38
20:52:49 76.66   60.56   77.61   80.38
20:54:00 76.67   60.58   77.60   80.43
20:55:10 76.67   60.61   77.63   80.36
20:56:20 76.65   60.59   77.72   80.20
20:57:31 76.67   60.56   77.71   80.25
20:58:41 76.66   60.55   77.66   80.26
20:59:52 76.66   60.55   77.70   80.23
21:01:02 76.61   60.49   77.71   80.18
21:02:12 76.63   60.47   77.74   80.29
21:03:23 76.61   60.50   77.70   80.38
21:04:33 76.61   60.52   77.73   80.28
21:05:44 76.62   60.55   77.78   80.26
21:06:54 76.56   60.51   77.79   80.17
21:08:04 76.62   60.40   77.66   80.18
21:09:15 76.57   60.42   77.65   80.13
21:10:25 76.52   60.47   77.59   80.26
21:11:35 76.54   60.43   77.58   80.33
21:12:46 76.55   60.43   77.69   80.36
21:13:56 76.52   60.42   77.69   80.38
21:15:07 76.53   60.43   77.67   80.28
21:16:17 76.48   60.49   77.69   80.30
21:17:27 76.49   60.42   77.65   80.29
21:18:38 76.56   60.39   77.55   86.98
21:19:48 76.53   60.40   77.69   97.82
21:20:58 76.47   60.42   77.59   97.65
21:22:09 76.53   60.38   77.63   95.92
21:23:19 76.55   60.34   77.65   94.36
21:24:30 76.48   60.43   77.67   93.05
21:25:40 76.53   60.33   77.66   91.96
21:26:50 76.49   60.36   77.57   91.08
21:28:01 76.46   60.36   77.55   90.37
21:29:11 76.49   60.34   77.42   89.71
21:30:21 76.44   60.44   77.38   89.19
21:31:32 76.44   60.40   77.41   88.79
21:32:42 76.48   60.37   77.45   88.38
21:33:53 76.44   60.39   77.47   87.95
21:35:03 76.46   60.32   77.42   87.56
21:36:13 76.44   60.35   77.36   87.23
21:37:24 76.43   60.32   77.35   86.92
21:38:34 76.43   60.25   77.35   86.67
21:39:45 76.44   60.24   77.45   86.48
21:40:55 76.43   60.18   77.41   86.24
21:42:05 76.43   60.29   77.30   85.98
21:43:16 76.40   60.23   77.34   85.66
21:44:26 76.41   60.34   77.29   85.39
21:45:36 76.42   60.32   77.26   85.27
21:46:47 76.41   60.27   77.30   85.03
21:47:57 76.42   60.27   77.30   84.90
21:49:08 76.36   60.29   77.32   84.66
21:50:18 76.38   60.20   77.17   84.44
21:51:28 76.35   60.23   77.18   84.32
21:52:39 76.40   60.23   77.04   84.09
21:53:49 76.34   60.19   77.12   83.92
21:54:59 76.33   60.16   77.24   83.70
21:56:10 76.34   60.29   77.20   83.58
21:57:20 76.31   59.98   77.13   83.50
21:58:31 76.32   60.05   77.13   83.37
21:59:41 76.32   60.13   77.08   83.25
22:00:51 76.29   60.29   77.10   83.08
22:02:02 76.22   60.12   77.11   82.92
22:03:12 76.27   60.13   77.05   82.90
22:04:23 76.26   60.06   77.11   82.88
22:05:33 76.24   60.11   77.07   82.85
22:06:43 76.27   60.12   77.08   82.80
22:07:54 76.23   60.11   76.99   82.57
22:09:04 76.21   60.03   76.89   82.43
22:10:14 76.22   60.08   76.82   82.39
22:11:25 76.22   60.06   76.91   82.21
22:12:35 76.22   60.07   76.90   82.09
22:13:46 76.22   60.10   76.89   82.07
22:14:56 76.21   60.06   76.81   82.13
22:16:06 76.21   59.96   76.78   81.94
22:17:17 76.19   60.03   76.84   81.80
22:18:27 76.20   60.15   76.96   84.04
22:19:38 76.23   60.14   76.90   100.08
22:20:48 76.26   60.07   76.76   104.74
22:21:58 76.39   60.15   76.78   105.53
22:23:09 76.37   60.29   76.66   105.92
22:24:19 76.36   60.23   76.51   106.19
22:25:29 76.24   60.23   76.62   105.77
22:26:40 76.18   60.11   76.61   105.75
22:27:50 76.12   60.16   76.49   106.09
22:29:01 76.07   60.10   76.56   106.07
22:30:11 75.99   60.05   76.38   106.01
22:31:21 75.99   59.99   76.41   106.27
22:32:32 75.99   59.89   76.46   105.95
22:33:42 76.02   59.94   76.56   105.46
22:34:53 76.01   59.92   76.43   104.86
22:36:03 76.04   59.96   76.37   104.24
22:37:13 76.06   59.90   76.38   103.60
22:38:24 76.03   60.01   76.35   102.94
22:39:34 76.10   60.00   76.35   102.25
22:40:44 76.08   60.05   76.34   101.56
22:41:55 76.04   59.98   76.26   100.72
22:43:05 75.99   59.93   76.24   99.92
22:44:16 75.98   59.87   76.26   99.25
22:45:26 75.98   59.95   76.25   98.54
22:46:36 75.95   59.84   76.29   97.96
22:47:47 75.88   59.76   76.31   97.35
22:48:57 75.88   59.61   76.25   96.78
22:50:07 75.85   59.78   76.33   96.29
22:51:18 75.76   59.79   76.32   95.86
22:52:28 75.80   59.78   76.30   95.34
22:53:39 75.77   59.86   76.25   94.86
22:54:49 75.75   59.65   76.21   94.46
22:55:59 75.76   59.73   76.18   93.99
22:57:10 75.74   59.55   76.20   93.55
22:58:20 75.68   59.61   76.20   93.19
22:59:31 75.64   59.60   76.21   92.80
23:00:41 75.65   59.59   76.09   92.38
23:01:51 75.63   59.48   75.98   91.98
23:03:02 75.63   59.56   76.02   91.61
23:04:12 75.59   59.52   76.02   91.29
23:05:22 75.63   59.50   75.99   90.90
23:06:33 75.62   59.57   76.06   90.52
23:07:43 75.58   59.47   76.03   90.25
23:08:54 75.61   59.45   75.99   90.02
23:10:04 75.64   59.39   75.91   89.67
23:11:14 75.66   59.39   75.96   89.29
23:12:25 75.66   59.48   75.88   89.12
23:13:35 75.65   59.49   75.94   100.23
23:14:46 75.60   59.44   75.87   107.51
23:15:56 75.58   59.43   75.92   107.86
23:17:06 75.54   59.32   75.84   106.99
23:18:17 75.53   59.32   75.86   105.86
23:19:27 75.51   59.38   75.84   104.75
23:20:37 75.52   59.51   75.77   103.73
23:21:48 75.53   59.31   75.71   103.34
23:22:58 75.48   59.31   75.70   107.98
23:24:09 75.46   59.48   75.71   109.38
23:25:19 75.48   59.32   75.76   109.92
23:26:29 75.44   59.28   75.71   109.53
23:27:40 75.43   59.25   75.66   108.61
23:28:50 75.40   59.20   75.65   107.61
23:30:01 75.37   59.26   75.67   106.66
23:31:11 75.42   59.18   75.75   105.64
23:32:21 75.39   59.26   75.67   104.74
23:33:32 75.35   59.16   75.70   103.79
23:34:42 75.31   59.26   75.66   102.91
23:35:52 75.31   59.26   75.65   102.06
23:37:03 75.31   59.27   75.65   101.31
23:38:13 75.30   59.30   75.64   100.51
23:39:24 75.31   59.21   75.65   99.74
23:40:34 75.28   59.20   75.54   99.08
23:41:44 75.29   59.10   75.63   98.43
23:42:55 75.27   59.07   75.55   97.81
23:44:05 75.23   59.02   75.57   97.18
23:45:15 75.21   59.03   75.53   96.55
23:46:26 75.22   59.04   75.52   95.89
23:47:36 75.20   58.99   75.45   95.33
23:48:47 75.19   58.94   75.60   94.85
23:49:57 75.21   59.07   75.56   94.43
23:51:07 75.19   58.93   75.53   93.97
23:52:18 75.20   58.93   75.48   93.50
23:53:28 75.17   59.08   75.51   93.09
23:54:39 75.21   58.92   75.50   92.66
23:55:49 75.15   58.95   75.55   92.22
23:56:59 75.16   58.99   75.49   91.86
23:58:10 75.10   58.83   75.46   91.50
23:59:20 75.09   58.93   75.50   91.23
