00:00:27 69.69   83.30   70.70   80.83
00:01:30 69.58   83.53   70.70   80.83
00:02:34 69.58   83.41   70.70   80.71
00:03:37 69.58   83.41   70.70   80.71
00:04:40 69.58   83.19   70.70   80.83
00:05:44 69.58   83.08   70.70   80.83
00:06:47 69.58   83.08   70.70   80.83
00:07:50 69.58   83.19   70.81   80.71
00:08:54 69.58   83.53   70.70   80.71
00:09:57 69.58   83.19   70.70   80.71
00:11:00 69.58   82.96   70.70   80.71
00:12:04 69.58   83.41   70.70   80.60
00:13:07 69.58   83.08   70.70   80.71
00:14:11 69.58   83.41   70.70   80.71
00:15:14 69.58   83.53   70.70   80.60
00:16:17 69.58   83.08   70.59   80.60
00:17:21 69.58   82.96   70.59   80.71
00:18:24 69.58   83.08   70.59   80.60
00:19:27 69.58   83.19   70.70   80.60
00:20:31 69.58   83.08   70.59   80.49
00:21:34 69.58   82.96   70.59   80.49
00:22:37 69.58   83.19   70.59   80.49
00:23:41 69.58   82.96   70.59   80.49
00:24:44 69.58   82.74   70.59   80.49
00:25:47 69.58   82.96   70.59   80.49
00:26:51 69.58   82.96   70.59   80.49
00:27:54 69.46   83.08   70.59   80.49
00:28:57 69.46   82.85   70.59   80.49
00:30:01 69.58   82.51   70.59   80.49
00:31:04 69.58   83.08   70.59   80.49
00:32:07 69.58   83.08   70.59   80.49
00:33:11 69.58   82.85   70.59   80.49
00:34:14 69.46   82.85   70.47   80.49
00:35:17 69.58   82.96   70.47   80.38
00:36:21 69.58   83.19   70.59   80.38
00:37:24 69.58   83.19   70.59   80.38
00:38:27 69.46   82.96   70.47   80.49
00:39:31 69.58   82.74   70.59   80.38
00:40:34 69.46   82.85   70.59   80.38
00:41:38 69.46   82.96   70.59   80.38
00:42:41 69.46   82.74   70.59   80.38
00:43:44 69.46   82.96   70.47   80.26
00:44:48 69.46   83.08   70.36   80.26
00:45:51 69.46   82.96   70.36   80.15
00:46:54 69.46   82.96   70.36   80.15
00:47:58 69.46   82.85   70.47   80.26
00:49:01 69.46   82.74   70.36   80.15
00:50:04 69.46   82.96   70.47   80.15
00:51:08 69.46   82.96   70.36   80.26
00:52:11 69.46   82.74   70.36   80.15
00:53:14 69.46   82.74   70.36   80.15
00:54:18 69.46   82.63   70.36   80.15
00:55:21 69.46   82.74   70.36   80.15
00:56:24 69.46   83.08   70.36   80.15
00:57:28 69.46   82.96   70.36   80.15
00:58:31 69.46   82.96   70.36   80.04
00:59:34 69.46   82.96   70.36   80.15
01:00:38 69.46   82.74   70.36   80.15
01:01:41 69.46   82.96   70.36   80.04
01:02:44 69.46   83.08   70.36   80.04
01:03:48 69.46   83.08   70.36   80.04
01:04:51 69.46   82.74   70.36   80.04
01:05:54 69.46   82.63   70.36   79.93
01:06:58 69.46   82.74   70.36   79.93
01:08:01 69.46   82.51   70.36   79.93
01:09:04 69.46   82.85   70.36   79.93
01:10:08 69.46   82.85   70.36   79.93
01:11:11 69.46   82.74   70.36   79.93
01:12:14 69.46   82.74   70.25   79.93
01:13:18 69.46   82.74   70.25   79.93
01:14:21 69.46   82.40   70.36   79.93
01:15:24 69.46   82.74   70.36   79.93
01:16:28 69.46   82.40   70.25   79.93
01:17:31 69.46   82.63   70.25   79.93
01:18:35 69.46   82.74   70.25   79.93
01:19:38 69.46   82.63   70.25   79.81
01:20:41 69.46   82.51   70.25   79.93
01:21:45 69.35   82.29   70.25   79.93
01:22:48 69.46   82.51   70.25   79.93
01:23:51 69.46   82.18   70.25   79.93
01:24:55 69.46   82.29   70.25   79.81
01:25:58 69.35   82.63   70.14   79.70
01:27:01 69.35   82.63   70.25   79.81
01:28:05 69.46   82.51   70.25   79.81
01:29:08 69.46   82.29   70.25   79.81
01:30:11 69.46   82.18   70.25   79.81
01:31:15 69.35   82.29   70.25   79.81
01:32:18 69.35   82.29   70.14   79.81
01:33:21 69.35   82.40   70.14   79.81
01:34:25 69.35   82.40   70.14   79.81
01:35:28 69.35   82.74   70.14   79.81
01:36:31 69.35   82.29   70.14   79.81
01:37:35 69.35   82.29   70.14   79.81
01:38:38 69.35   82.18   70.14   79.70
01:39:41 69.35   82.40   70.14   79.70
01:40:45 69.35   82.18   70.14   79.70
01:41:48 69.35   82.06   70.14   79.70
01:42:51 69.35   82.06   70.14   79.70
01:43:55 69.35   82.18   70.14   79.70
01:44:58 69.35   82.18   70.14   79.70
01:46:01 69.35   82.18   70.03   79.70
01:47:05 69.35   82.29   70.14   79.70
01:48:08 69.35   82.29   70.14   79.70
01:49:11 69.35   82.18   70.14   79.70
01:50:15 69.35   82.18   70.03   79.70
01:51:18 69.35   81.95   70.03   79.70
01:52:21 69.35   82.06   70.03   79.59
01:53:25 69.35   82.06   70.03   79.70
01:54:28 69.35   82.06   70.03   79.59
01:55:31 69.35   81.95   70.03   79.59
01:56:35 69.35   81.95   70.03   79.59
01:57:38 69.35   82.29   69.91   79.70
01:58:41 69.35   82.06   70.03   79.70
01:59:45 69.35   82.18   70.03   79.59
02:00:48 69.35   82.18   70.03   79.59
02:01:52 69.35   82.18   69.91   79.59
02:02:55 69.35   82.29   70.03   79.59
02:03:58 69.35   82.18   70.03   79.59
02:05:02 69.35   82.29   70.03   79.59
02:06:05 69.35   82.18   70.03   79.59
02:07:08 69.35   82.18   70.03   79.59
02:08:12 69.24   82.06   69.91   79.59
02:09:15 69.24   81.95   70.03   79.59
02:10:18 69.24   82.06   69.91   79.59
02:11:22 69.24   81.95   69.91   79.59
02:12:25 69.24   82.06   69.91   79.47
02:13:28 69.24   82.06   69.91   79.59
02:14:32 69.24   81.84   69.91   79.59
02:15:35 69.24   82.18   69.91   79.59
02:16:38 69.24   82.18   69.91   79.59
02:17:42 69.24   82.18   70.03   79.47
02:18:45 69.24   81.95   69.91   79.59
02:19:48 69.35   81.95   69.91   79.47
02:20:52 69.24   81.72   69.91   79.47
02:21:55 69.24   81.95   69.91   79.47
02:22:58 69.24   82.18   69.91   79.47
02:24:02 69.35   82.29   69.80   79.36
02:25:05 69.24   81.95   69.91   79.36
02:26:08 69.24   81.84   69.91   79.36
02:27:12 69.24   82.06   69.80   79.36
02:28:15 69.24   83.08   69.80   79.36
02:29:18 69.58   108.39   69.91   79.36
02:30:22 70.03   140.56   70.14   79.81
02:31:24 70.36   139.32   70.36   80.49
02:32:28 70.70   114.13   70.47   81.05
02:33:31 70.70   110.64   70.25   81.16
02:34:34 70.47   109.06   70.14   80.94
02:35:38 70.25   107.71   70.14   80.83
02:36:41 70.14   107.71   70.14   80.71
02:37:44 70.03   107.26   70.14   80.71
02:38:48 69.91   106.03   70.03   80.60
02:39:51 69.91   105.01   70.03   80.60
02:40:54 69.80   103.10   70.03   80.49
02:41:58 69.80   101.86   69.91   80.49
02:43:01 69.80   100.29   69.91   80.49
02:44:05 69.69   99.28   70.03   80.49
02:45:08 69.69   97.59   69.91   80.49
02:46:11 69.69   96.80   69.91   80.38
02:47:15 69.69   95.34   69.91   80.26
02:48:18 69.69   94.33   69.91   80.38
02:49:21 69.69   93.31   69.91   80.38
02:50:25 69.69   92.64   69.80   80.38
02:51:28 69.58   91.96   69.80   80.38
02:52:31 69.58   98.15   69.80   80.38
02:53:35 70.25   134.71   70.25   80.60
02:54:38 70.59   146.19   70.36   81.28
02:55:41 70.93   124.59   70.47   81.84
02:56:44 71.04   111.31   70.47   82.06
02:57:47 70.70   111.09   70.25   81.95
02:58:51 70.47   110.53   70.25   81.84
02:59:54 70.25   110.75   70.25   81.61
03:00:57 70.25   108.84   70.25   81.50
03:02:01 70.14   107.60   70.14   81.50
03:03:04 70.03   105.80   70.14   81.50
03:04:07 70.03   104.79   70.14   81.39
03:05:11 70.03   103.21   70.14   81.39
03:06:14 69.91   101.53   70.14   81.39
03:07:17 69.91   100.51   70.14   81.39
03:08:21 69.91   99.28   70.03   81.28
03:09:24 69.80   97.48   70.03   81.28
03:10:27 69.80   96.69   70.03   81.28
03:11:31 69.91   95.68   70.03   81.28
03:12:34 69.91   94.78   70.14   81.28
03:13:37 69.80   93.65   70.03   81.28
03:14:41 69.80   93.43   70.03   81.16
03:15:44 69.69   91.96   70.03   81.16
03:16:47 69.69   91.74   70.03   81.16
03:17:51 69.69   90.84   69.91   81.16
03:18:54 69.69   90.39   69.91   81.05
03:19:57 69.69   89.49   69.91   81.05
03:21:01 69.69   89.26   69.91   80.94
03:22:04 69.58   89.04   69.91   80.94
03:23:07 69.80   107.94   69.91   80.94
03:24:11 70.25   138.99   70.25   81.28
03:25:14 70.59   142.48   70.36   82.06
03:26:17 70.93   117.95   70.47   82.63
03:27:20 71.04   111.20   70.47   82.74
03:28:23 70.70   110.86   70.25   82.51
03:29:27 70.47   111.09   70.25   82.40
03:30:30 70.36   110.53   70.25   82.29
03:31:34 70.14   107.94   70.25   82.18
03:32:37 70.14   107.26   70.25   82.06
03:33:40 70.03   105.35   70.25   82.06
03:34:44 70.03   104.56   70.14   81.95
03:35:47 69.91   103.33   70.14   81.84
03:36:50 69.91   101.30   70.14   81.84
03:37:54 69.91   100.40   70.14   81.84
03:38:57 69.91   98.49   70.03   81.84
03:40:00 69.80   97.48   70.14   81.84
03:41:04 69.80   96.35   70.03   81.84
03:42:07 69.80   95.45   70.03   81.72
03:43:10 69.69   94.33   70.03   81.72
03:44:14 69.69   94.10   70.03   81.72
03:45:17 69.69   92.86   70.03   81.72
03:46:20 69.69   92.19   69.91   81.61
03:47:24 69.69   91.06   69.91   81.61
03:48:27 69.69   90.84   70.03   81.50
03:49:30 69.69   90.28   70.03   81.50
03:50:34 69.58   89.26   70.03   81.50
03:51:37 69.58   88.81   69.91   81.39
03:52:40 69.58   88.81   69.91   81.39
03:53:44 69.58   88.25   69.91   81.39
03:54:47 69.58   87.69   69.80   81.50
03:55:50 69.58   87.13   69.91   81.50
03:56:54 69.58   86.68   69.80   81.50
03:57:57 69.46   86.45   69.91   81.39
03:59:00 69.46   86.45   69.80   81.39
04:00:04 69.46   86.00   69.80   81.28
04:01:07 69.46   86.00   69.80   81.28
04:02:10 69.46   85.89   69.80   81.16
04:03:14 69.46   86.45   69.80   81.16
04:04:17 69.80   111.43   69.91   81.16
04:05:20 70.25   141.24   70.14   81.61
04:06:23 70.59   139.66   70.36   82.40
04:07:26 70.93   114.35   70.47   82.74
04:08:30 70.81   110.75   70.36   82.85
04:09:33 70.59   110.30   70.25   82.74
04:10:37 70.36   109.63   70.14   82.51
04:11:40 70.14   109.29   70.14   82.40
04:12:43 70.03   108.05   70.14   82.40
04:13:47 70.03   106.70   70.14   82.29
04:14:50 69.91   105.13   70.14   82.18
04:15:53 69.91   103.78   70.03   82.18
04:16:57 69.80   102.20   70.03   82.06
04:18:00 69.80   101.30   70.03   82.06
04:19:03 69.80   99.84   70.03   81.95
04:20:07 69.80   98.94   69.91   81.95
04:21:10 69.69   97.59   69.91   81.95
04:22:13 69.69   96.69   69.91   81.95
04:23:17 69.69   95.34   70.03   81.95
04:24:20 69.69   94.33   70.03   81.84
04:25:23 69.69   93.31   69.91   81.84
04:26:27 69.69   92.41   69.91   81.84
04:27:30 69.69   91.85   69.91   81.84
04:28:33 69.69   91.63   69.80   81.72
04:29:37 69.58   90.95   69.91   81.72
04:30:40 69.58   90.50   69.91   81.61
04:31:43 69.58   89.60   69.80   81.61
04:32:47 69.58   88.59   69.91   81.61
04:33:50 69.58   88.59   69.80   81.61
04:34:53 69.58   88.03   69.80   81.50
04:35:57 69.58   88.03   69.80   81.39
04:37:00 69.46   87.24   69.80   81.50
04:38:03 69.46   87.01   69.80   81.50
04:39:07 69.46   86.45   69.69   81.39
04:40:10 69.46   86.56   69.80   81.39
04:41:13 69.46   91.18   69.80   81.39
04:42:17 70.03   130.55   70.03   81.61
04:43:20 70.36   147.31   70.14   82.18
04:44:23 70.70   135.39   70.36   82.85
04:45:26 71.04   112.44   70.47   83.19
04:46:29 70.93   111.43   70.25   83.19
04:47:33 70.59   109.40   70.25   82.96
04:48:36 70.36   111.31   70.14   82.85
04:49:39 70.25   110.08   70.14   82.74
04:50:43 70.14   108.28   70.14   82.63
04:51:46 70.03   107.26   70.14   82.51
04:52:49 69.91   105.13   70.14   82.40
04:53:53 69.91   103.66   70.14   82.40
04:54:56 69.80   102.88   70.03   82.29
04:55:59 69.80   101.75   70.03   82.29
04:57:03 69.80   100.06   70.03   82.29
04:58:06 69.80   98.83   69.91   82.18
04:59:10 69.69   97.48   69.91   82.18
05:00:13 69.69   96.01   69.91   82.18
05:01:16 69.69   94.89   69.91   82.06
05:02:20 69.69   94.44   69.91   81.95
05:03:23 69.69   93.31   69.91   82.06
05:04:26 69.69   92.64   69.91   81.95
05:05:30 69.69   91.74   69.80   81.95
05:06:33 69.58   91.18   69.80   81.95
05:07:36 69.58   90.61   69.80   81.84
05:08:40 69.58   89.94   69.80   81.84
05:09:43 69.58   89.49   69.80   81.84
05:10:46 69.58   89.15   69.80   81.84
05:11:50 69.58   88.70   69.69   81.72
05:12:53 69.58   88.14   69.80   81.72
05:13:56 69.46   87.91   69.80   81.61
05:15:00 69.46   87.35   69.80   81.61
05:16:03 69.46   86.79   69.80   81.50
05:17:06 69.46   86.79   69.80   81.50
05:18:10 69.46   86.34   69.69   81.50
05:19:13 69.46   87.01   69.69   81.50
05:20:16 69.69   112.21   69.80   81.61
05:21:20 70.14   141.24   70.03   81.95
05:22:22 70.47   139.89   70.25   82.74
05:23:26 70.81   114.69   70.36   83.19
05:24:29 70.81   110.98   70.25   83.19
05:25:32 70.47   109.51   70.14   83.08
05:26:36 70.36   107.71   70.14   82.96
05:27:39 70.14   105.91   70.14   82.74
05:28:42 70.03   107.60   70.03   82.63
05:29:46 69.91   107.26   70.03   82.51
05:30:49 69.91   105.46   70.03   82.40
05:31:52 69.80   103.66   69.91   82.29
05:32:56 69.80   102.65   69.91   82.29
05:33:59 69.80   101.08   69.91   82.29
05:35:03 69.80   99.28   69.91   82.29
05:36:06 69.69   98.49   69.80   82.18
05:37:09 69.69   97.48   69.91   82.06
05:38:13 69.69   96.91   69.80   82.18
05:39:16 70.14   120.88   69.91   82.18
05:40:19 70.47   142.14   70.25   82.63
05:41:22 70.81   152.26   70.36   83.30
05:42:25 71.15   158.56   70.47   84.09
05:43:28 71.60   146.07   70.59   84.76
05:44:31 71.94   150.13   70.59   85.33
05:45:33 72.28   146.86   70.70   85.78
05:46:37 72.50   120.76   70.81   85.89
05:47:40 72.39   114.24   70.81   85.66
05:48:43 71.71   114.91   70.81   85.21
05:49:47 71.38   113.00   70.70   84.88
05:50:50 70.93   113.68   70.70   84.65
05:51:53 70.81   113.56   70.70   84.43
05:52:57 70.59   112.44   70.59   84.31
05:54:00 71.26   128.30   70.81   84.31
05:55:03 71.60   143.26   70.93   84.88
05:56:06 71.94   153.16   70.93   85.55
05:57:09 72.28   156.54   71.15   86.22
05:58:12 72.50   131.00   71.15   86.56
05:59:15 72.72   113.34   71.15   86.56
06:00:19 72.16   114.01   71.04   86.22
06:01:22 71.60   113.79   71.04   85.89
06:02:25 71.26   111.76   71.04   85.66
06:03:29 71.04   113.90   71.04   85.55
06:04:32 70.81   112.78   71.04   85.44
06:05:35 70.70   110.98   71.04   85.33
06:06:39 70.70   116.15   70.93   85.21
06:07:42 71.49   136.40   71.15   85.44
06:08:45 71.94   148.78   71.26   86.00
06:09:48 72.16   155.07   71.38   86.68
06:10:51 72.50   131.90   71.38   87.24
06:11:54 72.72   113.34   71.38   87.35
06:12:58 72.28   113.79   71.26   87.01
06:14:01 71.71   114.13   71.26   86.68
06:15:04 71.38   115.25   71.26   86.45
06:16:08 71.04   114.13   71.26   86.22
06:17:11 70.93   112.89   71.26   86.00
06:18:14 70.81   111.31   71.26   86.00
06:19:18 70.59   109.40   71.26   85.89
06:20:21 70.59   107.94   71.15   85.78
06:21:24 70.47   107.71   71.15   85.66
06:22:28 71.38   131.11   71.38   85.78
06:23:31 71.83   146.07   71.38   86.34
06:24:34 72.05   146.30   71.49   87.01
06:25:37 72.50   120.99   71.60   87.35
06:26:40 72.39   112.78   71.49   87.35
06:27:43 71.83   113.11   71.38   87.01
06:28:47 71.38   112.21   71.49   86.79
06:29:50 71.15   109.40   71.38   86.56
06:30:53 70.93   107.71   71.49   86.34
06:31:57 70.81   109.74   71.49   86.22
06:33:00 70.70   109.63   71.38   86.11
06:34:03 70.59   107.60   71.38   86.11
06:35:07 70.47   106.25   71.26   86.00
06:36:10 70.47   104.79   71.26   85.89
06:37:13 70.36   103.66   71.26   85.78
06:38:17 70.36   102.31   71.26   85.78
06:39:20 70.25   101.19   71.15   85.66
06:40:24 70.25   100.06   71.15   85.66
06:41:27 70.14   98.71   71.15   85.55
06:42:30 70.25   99.39   71.15   85.55
06:43:34 70.93   126.05   71.26   85.66
06:44:37 71.49   144.95   71.38   86.11
06:45:40 71.83   143.15   71.49   86.79
06:46:43 72.16   118.06   71.60   87.13
06:47:46 72.16   112.21   71.49   87.01
06:48:49 71.71   111.88   71.49   86.90
06:49:53 71.26   110.30   71.49   86.68
06:50:56 71.04   111.99   71.49   86.45
06:51:59 70.81   111.20   71.49   86.34
06:53:03 70.70   109.96   71.49   86.22
06:54:06 70.59   108.61   71.38   86.11
06:55:10 70.59   106.93   71.38   86.00
06:56:13 70.47   105.35   71.38   85.89
06:57:16 70.36   104.11   71.38   85.89
06:58:20 70.36   102.65   71.26   85.78
06:59:23 70.25   101.30   71.26   85.66
07:00:26 70.25   99.95   71.26   85.55
07:01:30 70.25   99.28   71.26   85.55
07:02:33 70.14   97.70   71.15   85.44
07:03:36 70.14   97.03   71.15   85.33
07:04:40 70.14   96.58   71.15   85.33
07:05:43 70.14   95.11   71.04   85.21
07:06:46 70.03   94.33   71.04   85.10
07:07:50 70.03   93.76   71.04   85.10
07:08:53 70.03   93.43   71.04   85.10
07:09:56 70.03   92.41   70.93   84.99
07:11:00 70.03   92.19   70.93   84.88
07:12:03 70.03   91.63   70.81   84.88
07:13:06 70.03   91.51   70.93   84.76
07:14:10 69.91   90.72   70.93   84.76
07:15:13 69.91   90.28   70.93   84.76
07:16:16 69.91   89.83   70.81   84.65
07:17:20 69.91   89.60   70.81   84.54
07:18:23 69.91   89.26   70.70   84.54
07:19:26 69.91   89.04   70.81   84.43
07:20:30 69.91   88.47   70.81   84.31
07:21:33 69.80   88.25   70.81   84.31
07:22:36 69.80   88.03   70.70   84.20
07:23:40 69.80   87.91   70.81   84.20
07:24:43 69.80   87.80   70.70   84.09
07:25:46 69.80   87.58   70.70   84.09
07:26:50 69.80   87.69   70.70   84.09
07:27:53 69.80   87.58   70.70   83.97
07:28:57 69.69   87.35   70.59   83.97
07:30:00 69.69   86.90   70.59   83.86
07:31:03 69.69   86.45   70.59   83.86
07:32:07 69.69   86.56   70.59   83.75
07:33:10 69.69   86.68   70.59   83.64
07:34:13 69.69   86.22   70.59   83.64
07:35:17 69.69   86.34   70.47   83.64
07:36:20 69.69   86.34   70.59   83.64
07:37:23 69.69   86.22   70.47   83.53
07:38:27 69.69   85.89   70.47   83.41
07:39:30 69.69   86.00   70.47   83.41
07:40:33 69.58   85.66   70.59   83.41
07:41:37 69.58   85.55   70.47   83.30
07:42:40 69.58   85.33   70.59   83.30
07:43:43 69.58   85.33   70.47   83.19
07:44:47 69.58   85.21   70.47   83.19
07:45:50 69.69   85.21   70.47   83.08
07:46:53 69.58   85.55   70.36   83.08
07:47:57 69.58   85.44   70.47   83.08
07:49:00 69.58   85.33   70.36   83.08
07:50:03 69.58   84.88   70.36   83.08
07:51:07 69.58   84.99   70.36   82.96
07:52:10 69.58   85.10   70.36   82.85
07:53:13 69.58   84.88   70.36   82.85
07:54:17 69.58   84.76   70.36   82.85
07:55:20 69.58   84.76   70.36   82.85
07:56:23 69.58   84.76   70.36   82.74
07:57:27 69.46   84.65   70.36   82.74
07:58:30 69.58   84.31   70.36   82.74
07:59:33 69.58   84.20   70.36   82.63
08:00:37 69.58   84.54   70.36   82.63
08:01:40 69.58   84.31   70.36   82.63
08:02:44 69.46   84.31   70.36   82.51
08:03:47 69.58   84.43   70.36   82.51
08:04:50 69.46   84.43   70.36   82.51
08:05:54 69.58   90.72   70.36   82.51
08:06:57 70.36   133.81   70.59   82.74
08:08:00 70.81   146.30   70.81   83.41
08:09:03 71.15   124.36   70.93   83.97
08:10:06 71.26   111.09   70.81   84.09
08:11:10 70.93   110.64   70.70   84.09
08:12:13 70.70   108.61   70.70   83.86
08:13:16 70.47   106.59   70.70   83.75
08:14:20 70.36   105.46   70.70   83.53
08:15:23 70.25   106.81   70.70   83.41
08:16:26 70.14   105.80   70.59   83.41
08:17:30 70.14   104.68   70.59   83.30
08:18:33 70.03   103.44   70.47   83.30
08:19:36 70.03   102.20   70.47   83.19
08:20:40 70.03   100.85   70.47   83.08
08:21:43 69.91   99.61   70.47   83.08
08:22:46 69.91   98.38   70.47   83.08
08:23:50 69.91   97.48   70.47   82.96
08:24:53 69.91   96.35   70.47   82.96
08:25:56 69.80   95.56   70.47   82.96
08:27:00 69.80   94.55   70.47   82.85
08:28:03 69.80   93.76   70.36   82.85
08:29:06 69.80   92.86   70.36   82.85
08:30:10 69.69   91.96   70.36   82.74
08:31:13 69.80   91.63   70.36   82.74
08:32:16 69.80   90.84   70.36   82.63
08:33:20 69.69   98.60   70.36   82.63
08:34:23 70.70   136.29   70.81   82.85
08:35:26 70.93   148.89   70.81   83.53
08:36:29 71.38   128.53   70.93   84.20
08:37:32 71.60   111.76   70.93   84.54
08:38:36 71.26   111.88   70.81   84.31
08:39:39 70.93   110.86   70.81   84.09
08:40:42 70.59   107.49   70.81   83.86
08:41:46 70.47   108.73   70.81   83.75
08:42:49 70.36   108.73   70.81   83.75
08:43:52 70.25   108.05   70.70   83.64
08:44:56 70.25   106.59   70.70   83.53
08:45:59 70.14   104.79   70.70   83.53
08:47:02 70.14   103.21   70.70   83.53
08:48:06 70.03   101.41   70.70   83.41
08:49:09 70.03   100.51   70.70   83.41
08:50:13 70.03   99.28   70.70   83.41
08:51:16 69.91   98.26   70.70   83.30
08:52:19 69.91   96.91   70.59   83.30
08:53:23 69.91   95.90   70.59   83.30
08:54:26 69.91   94.78   70.59   83.19
08:55:29 69.91   94.33   70.59   83.19
08:56:33 69.91   92.97   70.59   83.08
08:57:36 69.80   95.45   70.59   83.08
08:58:39 70.70   129.88   70.81   83.30
08:59:42 71.04   146.86   71.04   83.86
09:00:45 71.49   131.45   71.04   84.54
09:01:49 71.71   111.88   71.15   84.76
09:02:52 71.38   111.20   71.04   84.65
09:03:55 71.04   110.53   71.04   84.43
09:04:59 70.81   111.76   70.93   84.31
09:06:02 70.59   110.19   70.93   84.09
09:07:05 70.47   109.06   70.93   84.09
09:08:09 70.36   107.71   70.93   83.86
09:09:12 70.25   106.14   70.93   83.86
09:10:15 70.25   104.34   70.81   83.75
09:11:19 70.14   102.99   70.81   83.75
09:12:22 70.14   101.86   70.81   83.64
09:13:25 70.14   100.51   70.81   83.64
09:14:29 70.03   99.61   70.81   83.64
09:15:32 70.03   98.83   70.81   83.53
09:16:35 70.03   97.59   70.81   83.53
09:17:39 69.91   96.24   70.81   83.41
09:18:42 70.03   95.11   70.81   83.41
09:19:45 69.91   94.33   70.81   83.41
09:20:49 69.91   93.76   70.81   83.19
09:21:52 69.91   93.09   70.70   83.19
09:22:55 69.91   92.41   70.70   83.19
09:23:59 69.91   91.85   70.70   83.19
09:25:02 69.80   91.06   70.70   83.19
09:26:06 69.80   90.84   70.70   83.08
09:27:09 69.91   90.39   70.70   83.08
09:28:12 69.80   90.16   70.70   82.96
09:29:16 69.80   89.83   70.59   82.96
09:30:19 69.80   88.81   70.70   82.96
09:31:22 69.69   88.59   70.70   82.96
09:32:26 69.80   88.59   70.70   82.85
09:33:29 69.80   88.25   70.70   82.85
09:34:32 69.69   87.58   70.70   82.85
09:35:36 69.69   87.24   70.70   82.85
09:36:39 69.69   87.13   70.70   82.74
09:37:42 69.69   86.79   70.70   82.74
09:38:46 69.69   86.79   70.70   82.74
09:39:49 69.69   91.96   70.70   82.74
09:40:52 70.70   133.03   70.93   82.96
09:41:55 71.04   147.09   71.04   83.53
09:42:58 71.38   125.94   71.15   84.20
09:44:02 71.60   111.54   71.15   84.43
09:45:05 71.26   111.20   71.04   84.31
09:46:08 70.93   109.74   71.04   84.20
09:47:12 70.70   109.29   71.04   83.97
09:48:15 70.59   109.74   71.04   83.75
09:49:18 70.47   108.28   71.04   83.75
09:50:22 70.36   107.60   70.93   83.64
09:51:25 70.25   105.46   70.93   83.53
09:52:28 70.25   104.11   71.04   83.41
09:53:32 70.14   102.88   71.04   83.41
09:54:35 70.14   101.19   70.93   83.41
09:55:38 70.14   100.85   70.93   83.30
09:56:42 70.14   99.16   70.93   83.30
09:57:45 70.03   98.04   70.93   83.19
09:58:48 70.03   97.25   70.81   83.19
09:59:52 70.03   96.35   70.81   83.19
10:00:55 70.03   95.34   70.81   83.19
10:01:58 70.03   94.44   70.81   83.19
10:03:02 69.91   93.54   70.81   83.08
10:04:05 69.91   92.97   70.81   83.08
10:05:09 69.91   92.41   70.81   83.08
10:06:12 69.91   91.63   70.81   83.08
10:07:15 69.91   90.95   70.93   82.96
10:08:19 69.91   90.72   70.81   82.96
10:09:22 69.80   89.71   70.93   82.85
10:10:25 69.80   89.26   70.93   82.85
10:11:29 69.80   89.15   70.81   82.85
10:12:32 69.80   88.93   70.81   82.74
10:13:35 69.80   88.70   70.81   82.74
10:14:39 69.80   88.25   70.81   82.74
10:15:42 69.80   87.91   70.81   82.63
10:16:45 69.69   87.46   70.81   82.63
10:17:49 69.69   87.35   70.81   82.63
10:18:52 69.69   87.13   70.81   82.63
10:19:55 69.69   86.79   70.81   82.63
10:20:59 69.69   86.90   70.81   82.63
10:22:02 69.69   86.56   70.81   82.63
10:23:05 69.69   86.45   70.70   82.63
10:24:09 69.69   86.11   70.70   82.51
10:25:12 69.69   86.45   70.81   82.51
10:26:15 69.69   86.11   70.70   82.40
10:27:19 69.69   86.00   70.81   82.40
10:28:22 69.69   85.89   70.81   82.40
10:29:25 69.69   85.78   70.81   82.29
10:30:29 69.58   85.66   70.81   82.18
10:31:32 69.69   85.55   70.81   82.18
10:32:35 69.69   85.21   70.81   82.18
10:33:39 69.58   84.99   70.81   82.18
10:34:42 69.58   84.99   70.70   82.18
10:35:46 69.69   84.99   70.93   82.18
10:36:49 69.69   84.99   70.81   82.18
10:37:52 69.69   85.21   70.93   82.06
10:38:56 69.69   84.99   71.04   81.95
10:39:59 69.69   85.55   70.81   81.95
10:41:02 70.03   106.03   70.93   82.06
10:42:05 70.93   140.68   71.15   82.29
10:43:08 71.38   152.60   71.26   82.96
10:44:11 71.83   157.32   71.38   83.86
10:45:14 72.16   145.18   71.38   84.54
10:46:17 72.50   152.04   71.49   84.99
10:47:20 72.84   159.46   71.60   85.55
10:48:23 73.29   138.76   71.60   85.78
10:49:26 73.51   114.69   71.71   85.89
10:50:29 72.84   114.80   71.49   85.55
10:51:33 72.28   114.91   71.49   85.21
10:52:36 71.83   112.66   71.49   84.88
10:53:39 71.49   114.35   71.49   84.65
10:54:43 71.26   113.90   71.38   84.43
10:55:46 71.04   113.68   71.38   84.31
10:56:49 72.16   131.45   71.60   84.43
10:57:52 72.61   146.30   71.83   84.99
10:58:55 72.95   156.20   71.83   85.66
10:59:58 73.18   146.41   72.05   86.34
11:01:01 73.51   119.64   72.05   86.56
11:02:05 73.40   113.90   72.05   86.34
11:03:08 72.61   114.35   71.94   86.11
11:04:11 72.05   114.01   71.94   85.78
11:05:15 71.71   114.58   71.94   85.66
11:06:18 71.49   114.13   71.94   85.44
11:07:21 71.26   112.66   71.94   85.21
11:08:25 71.15   111.09   71.71   85.10
11:09:28 71.38   118.40   71.83   85.10
11:10:31 72.61   138.43   72.05   85.55
11:11:34 73.06   151.36   72.28   86.11
11:12:37 73.40   149.00   72.39   86.79
11:13:40 73.74   122.56   72.50   87.13
11:14:44 73.63   114.01   72.50   87.13
11:15:47 72.95   114.69   72.39   86.79
11:16:50 72.50   112.55   72.39   86.45
11:17:54 72.05   112.10   72.28   86.34
11:18:57 71.83   113.34   72.28   86.11
11:20:00 71.60   112.44   72.39   86.00
11:21:04 71.49   110.75   72.39   85.89
11:22:07 71.38   109.06   72.28   85.89
11:23:10 71.26   107.94   72.28   85.66
11:24:14 71.15   106.59   72.28   85.66
11:25:17 71.04   105.24   72.28   85.66
11:26:20 70.93   103.78   72.16   85.55
11:27:24 70.93   102.76   72.16   85.44
11:28:27 70.93   101.41   72.16   85.44
11:29:30 70.93   100.63   72.16   85.33
11:30:34 70.93   99.05   72.16   85.33
11:31:37 70.81   98.26   72.16   85.21
11:32:40 70.81   97.48   72.28   85.10
11:33:44 70.70   96.80   72.39   85.10
11:34:47 70.70   95.68   72.28   84.99
11:35:51 70.59   95.00   72.28   94.55
11:36:54 70.59   94.44   72.16   97.03
11:37:57 70.47   93.76   72.16   96.69
11:39:01 70.47   93.20   72.28   95.79
11:40:04 70.47   92.86   72.28   95.00
11:41:07 70.36   92.86   72.28   94.21
11:42:11 70.36   92.41   72.28   93.54
11:43:14 70.25   91.74   72.28   92.97
11:44:17 70.25   91.63   72.16   92.53
11:45:21 70.25   91.06   72.16   91.96
11:46:24 70.25   90.72   72.28   91.63
11:47:27 70.25   90.50   72.16   91.29
11:48:31 70.25   90.39   72.16   90.95
11:49:34 70.25   89.94   72.16   90.61
11:50:37 70.25   89.71   72.16   90.39
11:51:41 70.14   89.83   72.16   90.16
11:52:44 70.25   89.38   72.16   89.83
11:53:47 70.14   89.38   72.05   89.71
11:54:51 70.14   89.15   72.16   96.80
11:55:54 70.14   88.81   72.05   97.25
11:56:57 70.14   88.81   72.05   96.69
11:58:01 70.14   88.70   72.05   95.90
11:59:04 70.14   88.36   72.05   95.11
12:00:07 70.14   88.25   72.05   94.44
12:01:11 70.14   88.14   71.94   93.88
12:02:14 70.14   88.47   72.05   93.20
12:03:17 70.14   88.03   72.05   92.75
12:04:21 70.14   88.14   72.05   92.41
12:05:24 70.14   87.80   72.05   91.96
12:06:27 70.14   87.69   72.28   91.51
12:07:31 70.03   87.46   72.16   91.18
12:08:34 70.14   87.69   72.28   90.84
12:09:37 70.03   87.46   72.16   95.56
12:10:41 70.14   87.35   72.16   99.39
12:11:44 70.14   87.35   72.16   100.51
12:12:47 70.14   87.13   72.16   101.19
12:13:51 70.14   87.46   72.28   101.19
12:14:54 70.14   87.24   72.28   100.96
12:15:58 70.14   87.46   72.28   100.63
12:17:01 70.14   87.35   72.28   100.18
12:18:04 70.14   87.35   72.39   99.73
12:19:08 70.25   87.24   72.39   99.28
12:20:11 70.25   87.35   72.39   98.83
12:21:14 70.25   87.35   72.39   98.26
12:22:18 70.25   87.13   72.50   97.81
12:23:21 70.25   87.13   72.61   97.36
12:24:24 70.25   87.13   72.61   97.03
12:25:28 70.25   87.13   72.61   96.69
12:26:31 70.36   87.24   72.61   96.24
12:27:34 70.36   87.13   72.72   96.01
12:28:38 70.36   87.13   72.61   95.68
12:29:41 70.36   87.13   72.61   95.45
12:30:44 70.36   87.13   72.61   95.11
12:31:48 70.36   87.01   72.61   94.89
12:32:51 70.47   86.90   72.72   94.44
12:33:54 70.36   86.90   72.72   94.10
12:34:58 70.36   86.90   72.72   93.76
12:36:01 70.36   86.68   72.61   93.54
12:37:04 70.36   86.56   72.61   93.31
12:38:08 70.36   86.79   72.72   92.97
12:39:11 70.36   86.56   72.72   92.86
12:40:14 70.25   86.34   72.72   92.64
12:41:18 70.25   86.34   72.72   92.41
12:42:21 70.25   86.34   72.72   92.19
12:43:24 70.25   86.22   72.84   91.85
12:44:28 70.25   86.45   72.84   91.74
12:45:31 70.25   86.22   72.84   91.51
12:46:35 70.25   86.45   72.95   91.40
12:47:38 70.25   86.45   72.95   99.05
12:48:41 70.14   86.22   72.95   105.35
12:49:45 70.14   86.34   72.95   106.59
12:50:48 70.14   86.68   72.95   106.93
12:51:51 70.14   86.56   72.95   106.93
12:52:55 70.14   86.79   72.95   106.70
12:53:58 70.25   86.90   73.06   106.03
12:55:01 70.14   86.68   72.95   105.58
12:56:05 70.14   86.68   72.95   105.01
12:57:08 70.25   86.79   72.95   104.45
12:58:11 70.25   86.79   72.95   103.89
12:59:15 70.36   86.79   73.06   103.21
13:00:18 70.25   86.79   73.06   102.65
13:01:21 70.25   86.90   73.06   102.09
13:02:25 70.25   86.90   73.18   101.53
13:03:28 70.36   86.68   73.06   100.96
13:04:31 70.36   86.56   73.18   100.51
13:05:35 70.36   86.68   73.18   100.06
13:06:38 70.36   86.79   73.18   99.61
13:07:41 70.36   87.01   73.18   99.28
13:08:45 70.36   86.79   73.29   98.94
13:09:48 70.36   86.90   73.29   98.49
13:10:51 70.47   86.90   73.29   98.26
13:11:55 70.47   86.79   73.40   97.92
13:12:58 70.47   86.79   73.29   97.59
13:14:01 70.47   86.90   73.29   97.36
13:15:05 70.47   86.56   73.29   97.14
13:16:08 70.47   86.79   73.29   97.03
13:17:11 70.47   86.79   73.29   96.80
13:18:15 70.47   86.79   73.29   96.58
13:19:18 70.59   86.79   73.29   96.35
13:20:22 70.59   86.68   73.29   96.01
13:21:25 70.59   86.79   73.06   95.68
13:22:28 70.59   86.45   73.06   95.56
13:23:32 70.59   86.34   73.18   95.34
13:24:35 70.59   86.56   73.18   95.11
13:25:38 70.59   86.34   73.29   94.89
13:26:42 70.47   86.45   73.18   94.66
13:27:45 70.47   86.45   73.18   94.33
13:28:48 70.47   86.56   73.29   94.21
13:29:52 70.47   86.56   73.29   93.99
13:30:55 70.36   86.22   73.29   93.76
13:31:58 70.36   86.11   73.40   93.76
13:33:02 70.36   86.34   73.29   97.14
13:34:05 70.36   86.22   73.29   97.48
13:35:08 70.36   86.34   73.29   97.25
13:36:12 70.36   86.45   73.29   96.91
13:37:15 70.36   86.45   73.29   96.58
13:38:18 70.36   86.68   73.29   96.24
13:39:22 70.36   86.34   73.06   95.90
13:40:25 70.36   86.34   73.06   107.71
13:41:28 70.36   86.34   73.29   112.33
13:42:32 70.25   86.45   73.29   111.20
13:43:35 70.25   86.68   73.29   109.63
13:44:38 70.25   86.56   73.29   108.05
13:45:42 70.25   86.22   73.29   106.59
13:46:45 70.25   86.45   73.29   105.35
13:47:48 70.25   86.56   73.29   104.34
13:48:52 70.25   86.45   73.40   103.33
13:49:55 70.25   86.45   73.29   102.54
13:50:59 70.25   86.34   73.40   101.75
13:52:02 70.25   86.22   73.40   101.08
13:53:05 70.25   86.56   73.40   100.40
13:54:09 70.25   86.68   73.40   99.95
13:55:12 70.25   86.34   73.51   99.39
13:56:15 70.25   86.22   73.40   98.83
13:57:19 70.25   86.22   73.40   98.38
13:58:22 70.25   86.56   73.51   97.81
13:59:25 70.25   86.45   73.40   97.48
14:00:29 70.25   86.45   73.40   97.03
14:01:32 70.25   86.45   73.40   96.58
14:02:35 70.25   86.22   73.40   96.24
14:03:39 70.25   86.45   73.29   95.90
14:04:42 70.25   86.22   73.40   95.56
14:05:45 70.25   86.34   73.40   95.11
14:06:49 70.25   86.34   73.40   94.78
14:07:52 70.25   86.34   73.51   94.44
14:08:55 70.25   86.34   73.51   94.10
14:09:59 70.25   86.34   73.51   93.88
14:11:02 70.25   86.45   73.51   93.54
14:12:05 70.25   86.45   73.51   93.31
14:13:09 70.25   86.56   73.63   92.97
14:14:12 70.25   86.22   73.51   92.75
14:15:15 70.25   86.22   73.51   92.41
14:16:19 70.25   86.22   73.51   92.30
14:17:22 70.25   86.11   73.51   92.08
14:18:25 70.25   86.00   73.63   91.85
14:19:29 70.25   86.22   73.63   91.51
14:20:32 70.25   86.11   73.51   91.29
14:21:35 70.25   86.00   73.51   91.18
14:22:39 70.25   86.11   73.51   90.84
14:23:42 70.25   86.45   73.63   90.72
14:24:46 70.25   86.11   73.51   90.50
14:25:49 70.25   86.11   73.51   90.28
14:26:52 70.25   86.22   73.51   90.05
14:27:56 70.25   86.22   73.63   89.94
14:28:59 70.25   86.22   73.63   89.71
14:30:02 70.25   86.11   73.51   89.60
14:31:06 70.25   86.45   73.63   89.49
14:32:09 70.25   86.11   73.63   89.38
14:33:12 70.25   86.34   73.63   89.15
14:34:16 70.25   86.22   73.63   88.93
14:35:19 70.25   86.00   73.63   88.93
14:36:22 70.25   85.89   73.63   88.81
14:37:26 70.25   86.11   73.63   88.59
14:38:29 70.25   86.00   73.63   88.36
14:39:32 70.25   86.11   73.74   88.25
14:40:36 70.25   86.11   73.74   88.25
14:41:39 70.25   86.00   73.74   88.03
14:42:42 70.25   86.00   73.63   87.91
14:43:46 70.25   85.89   73.63   87.91
14:44:49 70.25   86.00   73.63   87.80
14:45:52 70.25   86.22   73.63   87.58
14:46:56 70.25   86.11   73.74   87.46
14:47:59 70.25   86.11   73.63   87.46
14:49:02 70.25   86.22   73.74   87.24
14:50:06 70.25   86.22   73.63   87.24
14:51:09 70.25   86.22   73.74   87.13
14:52:12 70.25   86.11   73.63   87.01
14:53:16 70.25   86.00   73.74   86.90
14:54:19 70.25   85.89   73.85   86.90
14:55:23 70.25   86.45   73.85   86.79
14:56:26 70.25   86.11   73.85   86.68
14:57:29 70.25   86.11   73.85   86.79
14:58:33 70.25   86.22   73.85   86.56
14:59:36 70.25   86.00   73.85   86.45
15:00:39 70.25   85.89   73.96   86.34
15:01:43 70.25   85.89   73.96   86.34
15:02:46 70.25   86.00   73.96   86.22
15:03:49 70.25   86.22   73.96   86.22
15:04:53 70.25   86.11   73.96   86.11
15:05:56 70.25   86.00   73.85   86.11
15:06:59 70.25   85.89   73.96   86.00
15:08:03 70.25   86.00   73.96   85.89
15:09:06 70.25   85.78   73.96   85.78
15:10:09 70.25   86.11   73.96   85.78
15:11:13 70.25   86.00   73.96   85.66
15:12:16 70.25   85.89   73.96   85.55
15:13:19 70.25   86.00   73.96   85.44
15:14:23 70.25   85.78   74.08   85.55
15:15:26 70.25   85.89   73.96   85.55
15:16:29 70.36   85.89   74.08   85.44
15:17:33 70.25   86.00   73.96   85.55
15:18:36 70.25   86.11   73.96   85.33
15:19:39 70.25   86.00   73.96   85.33
15:20:43 70.25   85.78   73.96   85.21
15:21:46 70.25   85.66   74.08   85.21
15:22:49 70.36   85.66   73.96   85.33
15:23:53 70.25   85.89   73.96   85.21
15:24:56 70.25   85.66   73.96   85.21
15:25:59 70.25   85.78   73.96   85.10
15:27:03 70.25   85.89   74.08   85.10
15:28:06 70.36   85.89   73.96   84.99
15:29:10 70.25   86.00   73.96   84.88
15:30:13 70.36   86.00   73.96   84.88
15:31:16 70.36   85.78   73.96   84.88
15:32:20 70.36   85.78   73.96   84.76
15:33:23 70.36   85.89   73.96   84.88
15:34:26 70.36   85.78   73.96   84.76
15:35:30 70.36   86.11   74.08   84.76
15:36:33 70.25   85.89   73.96   84.76
15:37:36 70.25   85.89   74.08   84.76
15:38:40 70.36   85.78   74.08   84.65
15:39:43 70.36   85.66   73.96   84.54
15:40:46 70.36   86.22   74.08   84.43
15:41:50 70.36   85.89   73.96   84.43
15:42:53 70.36   85.78   74.08   84.43
15:43:56 70.36   86.00   74.08   84.43
15:45:00 70.36   86.00   74.08   84.43
15:46:03 70.36   86.11   73.96   84.54
15:47:06 70.36   85.78   74.08   84.54
15:48:10 70.36   86.00   74.08   84.54
15:49:13 70.36   86.11   74.08   84.54
15:50:16 70.36   85.89   73.96   84.54
15:51:20 70.36   86.11   74.08   84.31
15:52:23 70.36   85.78   74.08   84.31
15:53:26 70.36   85.78   73.96   84.20
15:54:30 70.36   86.22   73.96   84.20
15:55:33 70.36   85.78   73.96   84.20
15:56:36 70.36   85.78   74.08   84.20
15:57:40 70.36   85.89   74.08   84.20
15:58:43 70.36   85.89   74.08   84.31
15:59:46 70.36   85.66   74.08   84.20
16:00:50 70.36   85.55   73.96   84.09
16:01:53 70.36   85.78   74.08   84.09
16:02:57 70.36   85.78   74.08   83.97
16:04:00 70.36   85.55   73.96   83.97
16:05:03 70.36   85.78   73.85   84.09
16:06:07 70.36   85.78   73.85   84.20
16:07:10 70.36   85.89   73.85   84.20
16:08:13 70.36   85.78   73.74   84.09
16:09:17 70.36   86.00   73.85   91.85
16:10:20 70.36   86.00   73.85   99.95
16:11:23 70.36   85.89   73.85   99.73
16:12:27 70.36   86.11   73.85   98.38
16:13:30 70.36   85.66   73.85   96.80
16:14:33 70.36   86.00   73.85   95.79
16:15:37 70.36   86.00   73.85   95.00
16:16:40 70.36   85.78   73.85   94.10
16:17:43 70.36   85.66   73.85   93.43
16:18:47 70.36   85.78   73.85   103.89
16:19:50 70.36   86.00   73.85   104.00
16:20:53 70.36   85.78   73.96   102.65
16:21:57 70.36   85.78   73.85   101.30
16:23:00 70.36   85.89   73.85   100.06
16:24:03 70.36   85.78   73.85   99.05
16:25:07 70.36   85.89   73.85   97.81
16:26:10 70.36   85.66   73.85   105.80
16:27:13 70.36   85.78   73.85   108.16
16:28:17 70.36   85.66   73.85   108.39
16:29:20 70.36   85.89   73.96   108.39
16:30:23 70.36   86.11   73.85   108.39
16:31:27 70.36   86.00   73.85   107.94
16:32:30 70.36   86.00   73.96   109.63
16:33:33 70.36   86.22   73.96   109.96
16:34:37 70.36   86.34   73.96   109.63
16:35:40 70.36   86.22   73.96   110.98
16:36:43 70.36   86.34   73.96   111.20
16:37:47 70.47   86.45   73.96   111.99
16:38:50 70.47   86.56   74.08   112.33
16:39:53 70.47   86.68   74.08   112.21
16:40:57 70.47   86.56   73.96   113.00
16:42:00 70.47   86.56   73.96   113.68
16:43:04 70.59   86.68   73.96   113.11
16:44:07 70.59   86.79   73.96   112.21
16:45:10 70.59   86.79   73.96   110.98
16:46:14 70.59   86.68   73.96   109.96
16:47:17 70.59   86.45   73.96   109.06
16:48:20 70.59   86.56   73.96   108.16
16:49:24 70.59   86.56   73.96   110.53
16:50:27 70.59   86.45   73.85   112.89
16:51:30 70.59   86.45   73.96   112.33
16:52:34 70.59   86.45   74.08   111.43
16:53:37 70.59   86.45   74.08   110.41
16:54:40 70.59   86.22   74.08   109.63
