00:00:28 69.58   96.24   69.46   81.84
00:01:32 69.58   95.22   69.46   81.84
00:02:35 69.58   94.78   69.35   81.84
00:03:39 69.58   94.10   69.46   81.72
00:04:42 69.58   92.75   69.35   81.72
00:05:45 69.46   92.08   69.35   81.72
00:06:49 69.46   91.29   69.35   81.72
00:07:52 69.46   90.28   69.35   81.72
00:08:55 69.46   89.71   69.35   81.61
00:09:59 69.46   89.49   69.35   81.61
00:11:02 69.46   88.93   69.24   81.61
00:12:05 69.46   90.61   69.35   81.50
00:13:09 69.91   123.80   69.46   81.61
00:14:12 70.14   144.73   69.69   82.06
00:15:15 70.47   141.24   69.80   82.85
00:16:18 70.81   115.70   69.91   83.30
00:17:21 70.81   111.88   69.80   83.30
00:18:24 70.47   111.31   69.69   83.30
00:19:28 70.25   108.50   69.69   83.19
00:20:31 70.14   110.08   69.58   82.96
00:21:34 69.91   109.18   69.58   82.74
00:22:38 69.91   108.16   69.58   82.74
00:23:41 69.80   105.91   69.58   82.74
00:24:45 69.80   104.56   69.58   82.74
00:25:48 69.69   102.88   69.58   82.63
00:26:51 69.69   101.53   69.46   82.63
00:27:55 69.69   100.06   69.58   82.63
00:28:58 69.69   99.28   69.46   82.63
00:30:01 69.58   97.59   69.46   82.63
00:31:05 69.58   96.24   69.46   82.51
00:32:08 69.58   95.11   69.46   82.40
00:33:11 69.58   94.21   69.46   82.40
00:34:15 69.58   93.31   69.35   82.29
00:35:18 69.46   92.41   69.35   82.18
00:36:21 69.58   91.74   69.46   82.18
00:37:25 69.46   91.18   69.35   82.18
00:38:28 69.46   89.83   69.35   82.18
00:39:31 69.46   92.08   69.35   82.29
00:40:35 69.91   125.15   69.46   82.29
00:41:38 70.25   144.84   69.69   82.74
00:42:41 70.59   140.68   69.91   83.64
00:43:44 70.93   115.03   69.91   83.97
00:44:47 70.81   111.65   69.80   84.09
00:45:51 70.47   110.86   69.80   83.86
00:46:54 70.25   109.18   69.69   83.64
00:47:57 70.14   105.80   69.69   83.41
00:49:01 69.91   108.50   69.58   83.30
00:50:04 69.91   107.15   69.58   83.30
00:51:07 69.80   105.46   69.58   83.19
00:52:11 69.80   104.45   69.58   83.19
00:53:14 69.80   102.65   69.58   83.08
00:54:17 69.69   101.30   69.46   83.08
00:55:21 69.69   99.50   69.46   82.96
00:56:24 69.69   98.26   69.46   82.96
00:57:27 69.58   97.03   69.46   82.96
00:58:31 69.58   95.90   69.46   82.85
00:59:34 69.58   95.22   69.46   82.85
01:00:37 69.58   94.21   69.46   82.74
01:01:41 69.46   93.54   69.46   82.74
01:02:44 69.46   92.75   69.35   82.74
01:03:47 69.46   91.85   69.35   82.74
01:04:51 69.46   91.18   69.35   82.74
01:05:54 69.46   97.14   69.35   82.63
01:06:57 70.14   135.16   69.58   82.74
01:08:00 70.36   148.32   69.80   83.53
01:09:03 70.70   128.86   69.91   84.20
01:10:07 70.93   111.65   69.91   84.43
01:11:10 70.70   111.65   69.91   84.31
01:12:13 70.36   110.08   69.69   84.09
01:13:17 70.14   109.29   69.69   83.97
01:14:20 70.03   109.63   69.69   83.86
01:15:23 69.91   108.05   69.58   83.75
01:16:27 69.91   107.04   69.58   83.64
01:17:30 69.80   105.01   69.58   83.64
01:18:33 69.80   104.00   69.58   83.53
01:19:37 69.80   102.20   69.46   83.41
01:20:40 69.69   100.63   69.58   83.41
01:21:43 69.69   99.61   69.46   83.41
01:22:47 69.69   98.60   69.46   83.30
01:23:50 69.58   97.14   69.46   83.30
01:24:53 69.58   96.01   69.58   83.30
01:25:57 69.58   95.00   69.46   83.19
01:27:00 69.58   93.99   69.46   83.08
01:28:03 69.58   93.54   69.46   83.08
01:29:07 69.58   92.53   69.46   83.08
01:30:10 69.46   91.51   69.46   83.08
01:31:14 69.46   90.84   69.46   83.08
01:32:17 69.46   90.39   69.46   83.08
01:33:20 69.46   89.71   69.46   83.08
01:34:24 69.46   90.72   69.46   82.96
01:35:27 69.80   121.33   69.46   82.96
01:36:30 70.25   143.49   69.80   83.30
01:37:33 70.47   136.40   69.91   83.97
01:38:36 70.81   112.89   70.03   84.43
01:39:40 70.59   111.20   69.80   84.43
01:40:43 70.36   110.41   69.80   84.31
01:41:46 70.14   109.51   69.69   84.09
01:42:50 70.03   109.85   69.69   83.97
01:43:53 69.91   108.50   69.69   83.86
01:44:56 69.80   106.70   69.58   83.75
01:46:00 69.80   105.80   69.58   83.75
01:47:03 69.69   104.11   69.58   83.64
01:48:06 69.69   102.76   69.58   83.64
01:49:10 69.69   101.64   69.46   83.64
01:50:13 69.69   99.50   69.46   83.53
01:51:16 69.58   98.60   69.46   83.53
01:52:20 69.58   97.48   69.46   83.41
01:53:23 69.58   96.24   69.46   83.30
01:54:26 69.46   95.00   69.46   83.30
01:55:30 69.46   94.10   69.35   83.30
01:56:33 69.46   92.75   69.46   83.30
01:57:36 69.46   92.19   69.46   83.19
01:58:40 69.46   91.40   69.46   83.08
01:59:43 69.35   91.06   69.35   83.08
02:00:46 69.46   90.50   69.35   83.08
02:01:50 69.46   89.71   69.35   82.96
02:02:53 69.35   89.04   69.24   82.96
02:03:56 69.35   88.70   69.24   82.96
02:05:00 69.35   88.47   69.24   82.96
02:06:03 69.35   88.03   69.24   82.96
02:07:06 69.35   88.03   69.24   82.85
02:08:10 69.46   106.70   69.24   82.85
02:09:13 70.03   138.76   69.58   83.08
02:10:16 70.25   146.30   69.69   83.86
02:11:19 70.59   122.45   69.91   84.43
02:12:22 70.70   111.76   69.91   84.65
02:13:26 70.36   111.88   69.69   84.43
02:14:29 70.14   111.54   69.69   84.20
02:15:32 70.03   110.86   69.58   83.97
02:16:36 69.91   109.63   69.58   83.75
02:17:39 69.80   107.71   69.58   83.64
02:18:42 69.80   105.69   69.46   83.53
02:19:46 69.69   105.01   69.46   83.53
02:20:49 69.69   103.44   69.46   83.41
02:21:52 69.58   102.20   69.35   83.41
02:22:56 69.58   100.63   69.35   83.53
02:23:59 69.58   99.28   69.46   83.41
02:25:03 69.46   97.81   69.35   83.41
02:26:06 69.46   96.24   69.35   83.30
02:27:09 69.46   95.68   69.46   83.30
02:28:13 69.46   94.55   69.35   83.30
02:29:16 69.46   94.10   69.35   83.30
02:30:19 69.46   92.86   69.24   83.19
02:31:23 69.35   91.85   69.35   83.19
02:32:26 69.35   91.29   69.35   83.08
02:33:29 69.35   90.72   69.24   83.08
02:34:33 69.35   90.28   69.24   83.08
02:35:36 69.24   89.38   69.24   83.08
02:36:39 69.35   92.75   69.24   83.08
02:37:43 69.80   128.41   69.46   83.08
02:38:46 70.14   146.30   69.58   83.53
02:39:48 70.47   134.94   69.80   84.31
02:40:52 70.81   112.66   69.80   84.54
02:41:55 70.59   111.54   69.69   84.43
02:42:59 70.25   109.85   69.58   84.31
02:44:02 70.03   111.43   69.69   84.20
02:45:05 69.91   110.19   69.58   84.09
02:46:09 69.80   108.73   69.58   83.86
02:47:12 69.69   107.71   69.46   83.86
02:48:15 69.69   105.80   69.46   83.75
02:49:19 69.69   103.89   69.46   83.86
02:50:22 69.58   103.21   69.35   83.86
02:51:25 69.58   100.96   69.35   83.75
02:52:29 69.46   99.84   69.35   83.64
02:53:32 69.46   98.49   69.46   83.64
02:54:35 69.46   97.48   69.35   83.41
02:55:39 69.46   96.13   69.24   83.41
02:56:42 69.35   95.00   69.24   83.30
02:57:45 69.35   94.10   69.35   83.30
02:58:49 69.35   93.09   69.24   83.19
02:59:52 69.35   92.64   69.24   83.19
03:00:55 69.35   91.63   69.24   83.19
03:01:59 69.35   90.95   69.24   83.19
03:03:02 69.35   90.50   69.24   83.08
03:04:05 69.46   106.48   69.24   83.19
03:05:09 70.03   137.98   69.58   83.41
03:06:11 70.25   149.34   69.69   84.20
03:07:14 70.59   128.98   69.80   84.76
03:08:18 70.93   111.99   69.80   85.10
03:09:21 70.59   111.88   69.69   84.88
03:10:24 70.36   109.51   69.58   84.76
03:11:28 70.14   108.50   69.58   84.54
03:12:31 70.03   108.61   69.69   84.31
03:13:34 69.91   108.95   69.58   84.31
03:14:38 69.80   107.60   69.46   84.20
03:15:41 69.80   105.58   69.46   84.09
03:16:45 69.69   104.23   69.46   84.09
03:17:48 69.69   102.65   69.35   83.97
03:18:51 69.58   101.64   69.35   83.86
03:19:55 69.58   99.73   69.35   83.75
03:20:58 69.58   98.60   69.35   83.75
03:22:01 69.46   97.59   69.24   83.75
03:23:05 69.46   96.46   69.24   83.64
03:24:08 69.46   95.11   69.24   83.53
03:25:11 69.46   94.33   69.24   83.53
03:26:15 69.35   93.43   69.24   83.41
03:27:18 69.46   104.23   69.24   83.53
03:28:21 70.03   136.51   69.58   83.75
03:29:24 70.36   146.86   69.69   84.54
03:30:27 70.70   124.70   69.80   84.99
03:31:31 70.81   111.76   69.69   85.21
03:32:34 70.47   111.31   69.69   84.99
03:33:37 70.25   109.51   69.69   84.76
03:34:41 70.03   111.09   69.58   84.65
03:35:44 69.91   109.74   69.58   84.43
03:36:47 69.80   108.28   69.58   84.31
03:37:51 69.69   106.70   69.46   84.20
03:38:54 69.69   105.69   69.46   84.09
03:39:57 69.69   104.34   69.46   84.09
03:41:01 69.58   102.65   69.46   83.97
03:42:04 69.58   101.53   69.46   83.86
03:43:07 69.58   99.61   69.46   83.86
03:44:11 69.46   98.38   69.46   83.75
03:45:14 69.46   96.91   69.35   83.75
03:46:17 69.46   95.79   69.35   83.75
03:47:21 69.46   95.00   69.35   83.75
03:48:24 69.35   93.76   69.35   83.75
03:49:27 69.35   92.97   69.24   83.64
03:50:31 69.35   92.19   69.24   83.64
03:51:34 69.35   91.85   69.24   83.53
03:52:37 69.35   91.18   69.24   83.41
03:53:41 69.35   94.44   69.24   83.41
03:54:44 69.91   130.10   69.46   83.64
03:55:47 70.14   146.75   69.58   84.09
03:56:50 70.47   134.26   69.69   84.76
03:57:53 70.81   112.66   69.91   85.10
03:58:57 70.59   111.54   69.69   85.10
04:00:00 70.25   110.19   69.69   84.88
04:01:03 70.03   108.16   69.69   84.76
04:02:07 69.91   109.96   69.58   84.54
04:03:10 69.80   109.06   69.58   84.43
04:04:13 69.69   107.15   69.46   84.31
04:05:17 69.69   105.91   69.46   84.20
04:06:20 69.58   104.00   69.46   84.09
04:07:23 69.58   102.09   69.46   84.09
04:08:27 69.58   101.08   69.46   83.97
04:09:30 69.46   99.28   69.46   83.97
04:10:33 69.46   98.38   69.46   83.97
04:11:37 69.46   97.14   69.46   83.86
04:12:40 69.46   96.58   69.35   83.75
04:13:43 69.35   95.11   69.35   83.75
04:14:47 69.35   94.33   69.24   83.75
04:15:50 69.35   93.31   69.24   83.64
04:16:53 69.35   92.75   69.24   83.53
04:17:57 69.35   92.08   69.24   83.53
04:19:00 69.35   91.29   69.24   83.53
04:20:03 69.24   90.50   69.24   83.41
04:21:07 69.24   90.05   69.24   83.41
04:22:10 69.24   89.38   69.24   83.41
04:23:13 69.24   89.26   69.13   83.19
04:24:17 69.24   89.60   69.24   83.19
04:25:20 69.58   115.70   69.24   83.30
04:26:23 69.91   141.69   69.58   83.64
04:27:26 70.25   143.26   69.69   84.43
04:28:29 70.59   117.95   69.80   84.88
04:29:33 70.59   111.20   69.69   84.88
04:30:36 70.25   110.64   69.58   84.65
04:31:39 70.03   108.73   69.58   84.54
04:32:43 69.91   106.36   69.46   84.43
04:33:46 69.69   105.69   69.46   84.20
04:34:49 69.69   104.68   69.46   84.20
04:35:53 69.69   105.46   69.35   84.09
04:36:56 69.58   104.23   69.35   84.09
04:37:59 69.46   103.33   69.24   83.97
04:39:03 69.46   101.64   69.35   83.97
04:40:06 69.46   100.18   69.24   83.86
04:41:10 69.46   98.49   69.24   83.75
04:42:13 69.35   97.48   69.13   83.75
04:43:16 69.35   96.58   69.24   83.64
04:44:20 69.35   95.90   69.24   83.64
04:45:23 69.35   94.78   69.24   83.53
04:46:26 69.35   94.10   69.24   83.41
04:47:30 69.35   92.64   69.13   83.53
04:48:33 69.24   93.09   69.24   83.53
04:49:36 69.69   119.98   69.24   83.53
04:50:39 70.03   142.48   69.46   83.97
04:51:42 70.36   140.68   69.69   84.65
04:52:46 70.70   115.59   69.69   84.99
04:53:49 70.59   111.43   69.58   84.99
04:54:52 70.25   110.98   69.69   84.76
04:55:56 70.03   111.99   69.58   84.65
04:56:59 69.91   110.98   69.58   84.43
04:58:02 69.69   109.29   69.58   84.43
04:59:06 69.69   107.38   69.46   84.20
05:00:09 69.58   106.48   69.46   84.09
05:01:12 69.46   104.56   69.46   84.09
05:02:16 69.46   103.10   69.35   84.09
05:03:19 69.46   100.96   69.35   84.09
05:04:22 69.46   99.50   69.35   83.97
05:05:26 69.35   98.60   69.35   83.97
05:06:29 69.35   97.48   69.24   83.86
05:07:32 69.35   96.46   69.24   83.86
05:08:36 69.24   95.56   69.35   83.86
05:09:39 69.24   94.44   69.24   83.75
05:10:42 69.24   93.31   69.24   83.75
05:11:46 69.24   92.86   69.24   83.64
05:12:49 69.24   92.08   69.13   83.64
05:13:52 69.24   91.74   69.24   83.53
05:14:56 69.24   99.16   69.24   83.53
05:15:59 69.91   135.28   69.46   83.75
05:17:02 70.14   143.60   69.58   84.31
05:18:05 70.47   120.20   69.69   84.76
05:19:08 70.59   111.20   69.69   84.99
05:20:12 70.25   110.75   69.58   84.88
05:21:15 69.91   110.19   69.58   84.65
05:22:18 69.80   109.85   69.46   84.54
05:23:22 69.69   109.06   69.46   84.43
05:24:25 69.58   106.93   69.35   84.31
05:25:28 69.46   105.69   69.35   84.20
05:26:32 69.46   104.23   69.35   84.09
05:27:35 69.46   102.76   69.24   84.09
05:28:39 69.35   101.19   69.24   83.97
05:29:42 69.35   99.50   69.13   83.86
05:30:45 69.35   97.92   69.24   83.75
05:31:49 69.35   97.25   69.13   83.75
05:32:52 69.24   96.35   69.13   83.64
05:33:55 69.24   95.56   69.13   83.64
05:34:59 69.24   94.55   69.01   83.64
05:36:02 69.24   93.54   69.13   83.53
05:37:05 69.13   93.20   69.01   83.53
05:38:09 69.46   111.76   69.01   83.53
05:39:12 69.91   139.10   69.46   83.86
05:40:15 70.14   150.46   69.58   84.65
05:41:18 70.47   156.76   69.58   85.33
05:42:20 70.93   152.49   69.80   86.00
05:43:23 71.26   146.75   69.80   86.45
05:44:26 71.60   154.29   69.91   86.90
05:45:29 71.94   158.90   69.91   87.35
05:46:32 72.16   135.05   70.03   87.69
05:47:35 72.28   114.80   70.14   87.46
05:48:39 71.71   115.59   70.03   87.13
05:49:42 71.15   115.14   70.03   86.68
05:50:45 70.70   115.25   70.03   86.34
05:51:49 70.47   115.03   69.91   86.11
05:52:52 70.93   127.06   70.03   86.00
05:53:55 71.26   141.80   70.14   86.45
05:54:58 71.60   152.04   70.25   87.13
05:56:01 71.83   158.56   70.25   87.80
05:57:04 72.16   142.70   70.36   88.25
05:58:07 72.39   116.15   70.47   88.36
05:59:11 71.94   115.14   70.47   88.03
06:00:14 71.38   115.70   70.36   87.58
06:01:17 70.93   114.01   70.36   87.46
06:02:21 70.59   114.91   70.25   87.24
06:03:24 70.47   114.91   70.25   86.90
06:04:27 71.15   130.78   70.36   87.01
06:05:30 71.49   144.50   70.36   87.46
06:06:33 71.83   153.73   70.59   88.03
06:07:36 72.16   151.03   70.59   88.70
06:08:39 72.39   123.35   70.70   89.04
06:09:43 72.28   114.13   70.70   88.81
06:10:46 71.60   114.91   70.70   88.47
06:11:49 71.15   114.01   70.70   88.14
06:12:53 70.81   113.79   70.59   87.91
06:13:56 70.59   114.24   70.59   87.80
06:14:59 70.36   112.66   70.47   87.58
06:16:03 70.25   113.68   70.59   87.46
06:17:06 71.26   134.26   70.70   87.58
06:18:09 71.60   147.31   70.70   88.14
06:19:12 71.94   155.19   70.81   88.81
06:20:15 72.28   135.39   70.81   89.26
06:21:18 72.50   114.01   70.81   89.26
06:22:22 71.94   114.24   70.81   89.04
06:23:25 71.38   114.58   70.93   88.70
06:24:28 70.93   111.88   70.93   88.47
06:25:32 70.70   114.58   70.81   88.25
06:26:35 70.47   113.45   70.70   88.14
06:27:38 70.36   111.88   70.81   88.03
06:28:42 70.25   109.74   70.81   87.80
06:29:45 70.14   109.51   70.70   87.69
06:30:48 71.04   128.75   70.93   87.80
06:31:51 71.38   144.16   70.81   88.25
06:32:54 71.83   151.36   70.93   88.93
06:33:57 72.16   127.96   70.93   89.26
06:35:01 72.28   112.78   70.93   89.26
06:36:04 71.71   113.56   70.81   89.04
06:37:07 71.15   112.10   70.93   88.81
06:38:11 70.81   114.13   70.93   88.47
06:39:14 70.59   113.68   70.93   88.36
06:40:17 70.47   112.21   70.81   88.25
06:41:21 70.25   110.30   70.81   88.14
06:42:24 70.14   108.73   70.81   87.91
06:43:27 70.14   107.15   70.70   87.80
06:44:31 70.03   105.01   70.81   87.69
06:45:34 69.91   103.66   70.70   87.69
06:46:37 69.91   102.43   70.81   87.58
06:47:41 69.91   101.41   70.81   87.46
06:48:44 69.80   100.51   70.70   87.35
06:49:47 70.25   115.81   70.70   87.35
06:50:51 70.93   140.45   70.81   87.69
06:51:54 71.38   149.45   70.81   88.25
06:52:57 71.71   126.84   70.81   88.70
06:54:00 71.94   112.55   70.93   88.81
06:55:03 71.26   112.44   70.70   88.70
06:56:07 70.93   111.99   70.70   88.47
06:57:10 70.59   111.88   70.70   88.25
06:58:13 70.36   111.99   70.81   88.14
06:59:17 70.25   110.64   70.93   87.91
07:00:20 70.14   109.51   70.81   87.80
07:01:23 70.03   107.83   70.70   87.80
07:02:27 70.03   106.36   70.70   87.69
07:03:30 69.91   104.90   70.70   87.46
07:04:33 69.91   103.44   70.59   87.46
07:05:37 69.80   102.31   70.59   87.35
07:06:40 69.80   100.96   70.59   87.24
07:07:43 69.80   99.73   70.59   87.13
07:08:47 69.69   98.26   70.59   87.01
07:09:50 69.69   97.81   70.59   86.90
07:10:53 69.69   96.46   70.47   86.79
07:11:57 69.69   95.79   70.47   86.68
07:13:00 69.58   95.00   70.47   86.56
07:14:04 69.58   93.99   70.36   86.56
07:15:07 69.58   93.31   70.36   86.45
07:16:10 69.58   92.97   70.36   86.45
07:17:14 69.46   92.41   70.25   86.45
07:18:17 69.58   91.40   70.25   86.22
07:19:20 69.46   91.18   70.25   86.22
07:20:24 69.46   90.84   70.25   86.11
07:21:27 69.46   90.50   70.14   86.00
07:22:30 69.46   90.16   70.14   85.89
07:23:34 69.46   89.71   70.03   85.78
07:24:37 69.46   89.38   70.03   85.66
07:25:40 69.46   88.93   70.03   85.66
07:26:44 69.46   88.47   70.03   85.66
07:27:47 69.46   88.14   70.03   85.66
07:28:50 69.35   88.03   69.91   85.55
07:29:54 69.35   87.91   69.91   85.55
07:30:57 69.35   87.46   69.91   85.44
07:32:00 69.35   87.35   69.91   85.33
07:33:04 69.35   87.58   69.91   85.21
07:34:07 69.24   87.24   69.80   85.10
07:35:10 69.24   87.13   69.80   85.10
07:36:14 69.24   86.68   69.80   85.10
07:37:17 69.24   86.68   69.69   84.99
07:38:20 69.24   87.35   69.69   84.88
07:39:24 69.69   116.60   69.91   84.99
07:40:27 70.36   143.71   70.14   85.33
07:41:30 70.70   136.29   70.25   86.00
07:42:33 71.04   112.66   70.36   86.34
07:43:36 70.81   110.98   70.25   86.34
07:44:40 70.36   110.30   70.14   86.22
07:45:43 70.14   108.16   70.25   86.00
07:46:46 70.03   106.70   70.03   85.89
07:47:50 69.80   107.83   70.03   85.78
07:48:53 69.80   107.60   70.03   85.66
07:49:57 69.69   106.03   69.91   85.55
07:51:00 69.69   104.45   69.91   85.44
07:52:03 69.58   103.10   69.91   85.44
07:53:07 69.58   101.08   69.91   85.21
07:54:10 69.58   100.29   69.91   85.21
07:55:13 69.46   98.94   69.80   85.21
07:56:17 69.46   98.04   69.80   85.10
07:57:20 69.46   96.80   69.80   84.99
07:58:23 69.46   95.45   69.80   84.99
07:59:27 69.46   94.78   69.80   84.88
08:00:30 69.35   93.88   69.80   84.76
08:01:33 69.35   93.20   69.80   84.76
08:02:37 69.35   95.22   69.69   84.76
08:03:40 70.14   130.10   70.03   84.88
08:04:43 70.47   147.43   70.14   85.44
08:05:46 70.93   140.00   70.25   86.11
08:06:49 71.26   114.24   70.47   86.45
08:07:52 71.04   111.65   70.25   86.45
08:08:56 70.59   111.65   70.25   86.22
08:09:59 70.36   109.63   70.25   86.00
08:11:03 70.14   110.41   70.14   85.78
08:12:06 69.91   109.40   70.03   85.66
08:13:09 69.80   108.73   70.14   85.55
08:14:13 69.80   107.49   70.14   85.55
08:15:16 69.69   105.46   70.03   85.44
08:16:19 69.69   104.23   70.03   85.44
08:17:23 69.69   103.10   69.91   85.33
08:18:26 69.58   101.08   69.91   85.21
08:19:29 69.58   99.61   69.91   85.10
08:20:33 69.46   98.38   69.91   84.99
08:21:36 69.46   97.59   69.91   84.88
08:22:39 69.46   96.58   69.80   84.88
08:23:43 69.46   95.56   69.80   84.88
08:24:46 69.35   94.55   69.91   84.76
08:25:49 69.35   93.54   69.80   84.76
08:26:53 69.35   92.97   69.80   84.76
08:27:56 69.35   102.31   69.80   84.76
08:28:59 70.36   136.63   70.14   84.88
08:30:02 70.70   149.34   70.25   85.55
08:31:05 71.04   129.20   70.36   86.22
08:32:09 71.38   111.99   70.36   86.34
08:33:12 70.81   111.65   70.36   86.22
08:34:15 70.47   110.86   70.14   86.00
08:35:19 70.25   109.06   70.25   85.78
08:36:22 70.03   107.26   70.14   85.55
08:37:25 69.91   108.50   70.25   85.44
08:38:29 69.91   107.60   70.14   85.44
08:39:32 69.80   106.14   70.03   85.33
08:40:35 69.69   104.79   70.03   85.33
08:41:39 69.69   102.99   70.03   85.33
08:42:42 69.58   101.75   69.91   85.10
08:43:45 69.58   100.18   69.91   85.10
08:44:49 69.58   98.94   69.91   84.99
08:45:52 69.58   98.26   69.91   84.88
08:46:55 69.46   97.36   69.91   84.88
08:47:59 69.46   96.46   69.91   84.76
08:49:02 69.46   95.34   69.91   84.76
08:50:05 69.46   96.01   69.80   84.65
08:51:09 70.25   125.94   70.03   84.76
08:52:12 70.70   145.40   70.25   85.33
08:53:15 71.04   142.03   70.36   86.00
08:54:18 71.38   116.26   70.47   86.34
08:55:21 71.26   111.88   70.36   86.34
08:56:25 70.81   111.76   70.36   86.22
08:57:28 70.47   109.51   70.36   86.00
08:58:31 70.25   111.20   70.14   85.78
08:59:35 70.03   109.96   70.25   85.66
09:00:38 69.91   108.61   70.36   85.55
09:01:41 69.91   107.15   70.14   85.55
09:02:45 69.80   105.35   70.14   85.44
09:03:48 69.69   103.89   70.14   85.44
09:04:51 69.69   102.76   70.14   85.33
09:05:55 69.69   101.53   70.03   85.21
09:06:58 69.58   100.18   70.03   85.10
09:08:01 69.58   99.16   70.14   85.10
09:09:05 69.58   98.04   70.03   84.99
09:10:08 69.46   96.69   70.03   84.99
09:11:11 69.58   95.56   69.91   84.88
09:12:15 69.46   94.78   70.03   84.76
09:13:18 69.46   94.33   69.91   84.76
09:14:21 69.46   94.66   70.03   84.76
09:15:25 70.14   123.24   70.14   84.76
09:16:28 70.70   144.73   70.36   85.21
09:17:31 71.04   143.49   70.47   85.89
09:18:34 71.49   117.50   70.59   86.34
09:19:37 71.38   111.99   70.47   86.34
09:20:41 70.81   111.54   70.36   86.22
09:21:44 70.47   110.86   70.36   86.00
09:22:47 70.25   111.65   70.25   85.78
09:23:51 70.14   110.30   70.36   85.66
09:24:54 70.03   109.18   70.36   85.55
09:25:57 69.91   107.15   70.36   85.44
09:27:01 69.91   105.80   70.25   85.44
09:28:04 69.80   104.56   70.25   85.33
09:29:07 69.80   103.21   70.25   85.33
09:30:11 69.69   101.30   70.25   85.21
09:31:14 69.69   100.51   70.14   85.21
09:32:18 69.69   99.16   70.14   85.10
09:33:21 69.58   98.04   70.03   84.99
09:34:24 69.58   97.14   70.03   84.99
09:35:28 69.58   96.13   70.03   84.99
09:36:31 69.58   95.34   70.03   84.88
09:37:34 69.58   94.21   70.03   84.76
09:38:38 69.46   93.43   70.03   84.65
09:39:41 69.46   92.64   70.03   84.65
09:40:44 69.46   92.41   70.14   84.65
09:41:48 69.46   91.85   70.03   84.54
09:42:51 69.46   90.95   69.91   84.54
09:43:54 69.46   90.50   70.03   84.43
09:44:58 69.46   89.94   70.03   84.43
09:46:01 69.46   95.45   70.03   84.43
09:47:04 70.36   134.60   70.36   84.54
09:48:07 70.93   150.01   70.47   85.21
09:49:10 71.26   134.26   70.59   85.89
09:50:13 71.60   112.66   70.70   86.22
09:51:17 71.26   111.99   70.47   86.22
09:52:20 70.81   111.65   70.36   86.00
09:53:24 70.47   108.61   70.47   85.66
09:54:27 70.36   108.50   70.36   85.55
09:55:30 70.14   109.40   70.47   85.44
09:56:34 70.14   108.16   70.36   85.33
09:57:37 69.91   106.48   70.36   85.21
09:58:40 69.91   105.24   70.36   85.21
09:59:44 69.80   104.00   70.36   85.10
10:00:47 69.80   102.54   70.36   84.99
10:01:50 69.80   101.41   70.25   84.99
10:02:54 69.80   100.18   70.36   84.88
10:03:57 69.69   98.71   70.25   84.88
10:05:00 69.69   97.81   70.25   84.88
10:06:04 69.69   96.58   70.14   84.76
10:07:07 69.58   95.90   70.25   84.65
10:08:10 69.58   94.78   70.25   84.54
10:09:14 69.58   93.99   70.25   84.54
10:10:17 69.58   93.31   70.14   84.54
10:11:20 69.58   92.86   70.14   84.43
10:12:24 69.46   92.30   70.14   84.31
10:13:27 69.58   91.29   70.25   84.43
10:14:30 69.58   90.84   70.14   84.31
10:15:34 69.46   90.16   70.14   84.31
10:16:37 69.46   89.94   70.14   84.20
10:17:40 69.46   89.83   70.14   84.20
10:18:44 69.46   89.15   70.14   84.09
10:19:47 69.46   89.04   70.14   84.09
10:20:50 69.46   88.70   70.14   84.09
10:21:54 69.46   88.47   70.14   84.09
10:22:57 69.46   88.14   70.14   83.97
10:24:01 69.35   87.91   70.14   83.86
10:25:04 69.35   87.46   70.03   83.86
10:26:07 69.35   87.24   70.03   83.75
10:27:11 69.35   86.68   70.14   83.75
10:28:14 69.35   86.34   70.03   83.64
10:29:17 69.35   86.34   70.03   83.75
10:30:21 69.35   86.34   70.03   83.64
10:31:24 69.35   86.22   70.03   83.75
10:32:27 69.35   88.25   70.03   83.64
10:33:31 70.03   120.65   70.14   83.64
10:34:34 70.70   145.29   70.36   84.20
10:35:37 71.15   133.93   70.59   84.88
10:36:40 71.49   111.65   70.70   85.21
10:37:43 71.15   110.41   70.59   85.10
10:38:47 70.70   109.18   70.59   84.88
10:39:50 70.47   106.93   70.47   84.65
10:40:53 70.25   108.05   70.47   84.54
10:41:57 70.14   107.71   70.47   84.43
10:43:00 70.03   107.60   70.47   84.43
10:44:03 70.03   105.58   70.36   84.43
10:45:07 69.91   104.11   70.47   84.43
10:46:10 69.91   102.99   70.36   84.31
10:47:13 69.80   101.53   70.36   84.31
10:48:17 69.80   100.40   70.36   84.31
10:49:20 69.80   98.83   70.36   84.20
10:50:23 69.69   97.59   70.36   84.20
10:51:27 69.69   96.91   70.25   83.97
10:52:30 69.69   96.13   70.25   83.97
10:53:33 69.69   95.34   70.25   83.97
10:54:37 69.69   94.21   70.25   83.97
10:55:40 69.58   93.31   70.25   83.86
10:56:43 69.58   92.41   70.25   83.86
10:57:47 69.58   91.96   70.25   83.75
10:58:50 69.58   91.51   70.25   83.64
10:59:53 69.58   90.72   70.25   83.75
11:00:57 69.46   90.61   70.25   83.75
11:02:00 69.58   89.38   70.25   83.75
11:03:04 69.46   89.49   70.25   83.53
11:04:07 69.46   89.15   70.25   83.53
11:05:10 69.46   89.04   70.25   83.53
11:06:14 69.46   88.47   70.14   83.41
11:07:17 69.46   88.14   70.25   83.53
11:08:20 69.46   88.03   70.25   83.41
11:09:24 69.46   87.69   70.25   83.41
11:10:27 69.46   87.35   70.25   83.30
11:11:30 69.46   87.13   70.25   83.30
11:12:34 69.46   87.01   70.25   83.30
11:13:37 69.46   87.13   70.25   83.19
11:14:40 69.35   86.56   70.25   83.19
11:15:44 69.46   86.68   70.25   83.19
11:16:47 69.46   86.45   70.25   83.08
11:17:50 69.35   86.11   70.25   82.96
11:18:54 69.35   85.66   70.25   82.96
11:19:57 69.35   85.89   70.25   82.96
11:21:00 69.35   85.78   70.25   82.96
11:22:04 69.35   85.66   70.25   82.85
11:23:07 69.35   85.55   70.25   82.85
11:24:10 69.35   85.66   70.25   82.74
11:25:14 69.35   85.21   70.25   82.74
11:26:17 69.35   85.10   70.25   82.74
11:27:20 69.35   84.99   70.25   82.74
11:28:24 69.35   85.44   70.25   82.63
11:29:27 69.35   85.21   70.25   82.74
11:30:30 69.35   85.10   70.25   82.74
11:31:34 69.35   84.88   70.25   82.63
11:32:37 69.35   84.54   70.25   82.51
11:33:40 69.35   84.88   70.25   82.51
11:34:44 69.35   84.54   70.25   82.51
11:35:47 69.35   84.54   70.25   82.51
11:36:50 69.35   84.65   70.25   82.51
11:37:54 69.35   84.54   70.25   82.51
11:38:57 69.35   84.31   70.14   82.51
11:40:00 69.35   84.31   70.25   82.51
11:41:04 69.35   84.43   70.25   82.40
11:42:07 69.35   84.54   70.25   82.29
11:43:10 69.35   84.43   70.14   82.29
11:44:14 69.35   84.20   70.14   82.29
11:45:17 69.35   84.20   70.14   82.18
11:46:21 69.35   84.20   70.25   82.18
11:47:24 69.35   84.09   70.25   82.18
11:48:27 69.35   84.20   70.25   82.18
11:49:31 69.35   84.20   70.14   82.18
11:50:34 69.35   83.97   70.14   82.06
11:51:37 69.35   83.97   70.25   82.06
11:52:41 69.35   83.86   70.25   81.95
11:53:44 69.35   83.97   70.14   81.95
11:54:47 69.35   88.59   70.14   82.06
11:55:51 70.47   131.34   70.36   82.18
11:56:54 70.93   148.21   70.47   82.96
11:57:57 71.38   128.53   70.59   83.53
11:59:00 71.60   111.20   70.59   83.86
12:00:03 71.26   111.09   70.59   83.75
12:01:07 70.81   108.95   70.59   83.53
12:02:10 70.59   108.16   70.47   83.41
12:03:13 70.36   109.18   70.47   83.30
12:04:17 70.25   108.39   70.47   83.30
12:05:20 70.14   106.48   70.47   83.19
12:06:23 70.03   104.68   70.47   83.08
12:07:27 70.03   103.55   70.47   83.08
12:08:30 69.91   101.98   70.59   83.08
12:09:33 69.91   100.51   70.47   83.08
12:10:37 69.80   99.73   70.47   82.96
12:11:40 69.80   98.15   70.59   82.96
12:12:43 69.80   97.25   70.47   82.85
12:13:47 69.80   95.68   70.47   82.85
12:14:50 69.69   94.78   70.47   82.85
12:15:53 69.69   94.44   70.47   82.85
12:16:57 69.69   93.54   70.47   82.74
12:18:00 69.69   92.97   70.47   82.74
12:19:03 69.69   92.30   70.36   82.74
12:20:07 69.58   91.74   70.47   82.74
12:21:10 69.58   91.06   70.47   82.74
12:22:13 69.58   90.50   70.47   82.63
12:23:17 69.58   89.71   70.36   82.63
12:24:20 69.58   89.60   70.47   82.74
12:25:23 69.58   89.15   70.47   82.63
12:26:27 69.58   88.81   70.47   82.74
12:27:30 69.58   88.47   70.47   82.63
12:28:34 69.46   88.14   70.36   82.51
12:29:37 69.46   87.58   70.36   82.51
12:30:40 69.46   87.91   70.47   82.51
12:31:44 69.46   87.35   70.47   82.51
12:32:47 69.46   87.01   70.47   82.40
12:33:50 69.46   86.79   70.47   82.40
12:34:54 69.46   86.68   70.36   82.40
12:35:57 69.46   86.56   70.36   82.29
12:37:00 69.46   86.34   70.47   82.40
12:38:04 69.46   85.89   70.36   82.40
12:39:07 69.46   86.00   70.36   82.29
12:40:10 69.46   86.11   70.36   82.29
12:41:14 69.46   85.55   70.36   82.29
12:42:17 69.46   85.33   70.36   82.18
12:43:20 69.46   85.44   70.47   82.18
12:44:24 69.46   85.55   70.36   82.18
12:45:27 69.35   85.33   70.36   82.06
12:46:30 69.46   85.21   70.36   82.06
12:47:34 69.46   85.10   70.36   82.06
12:48:37 69.35   84.76   70.36   82.06
12:49:40 69.46   84.76   70.36   81.95
12:50:44 69.35   84.88   70.36   81.95
12:51:47 69.35   84.76   70.36   81.95
12:52:50 69.35   84.76   70.36   81.95
12:53:54 69.35   84.76   70.36   81.95
12:54:57 69.46   84.43   70.36   82.06
12:56:00 69.46   84.76   70.36   81.95
12:57:04 69.46   84.76   70.36   81.95
12:58:07 69.35   84.31   70.36   81.95
12:59:10 69.35   84.43   70.36   81.84
13:00:14 69.35   84.31   70.36   81.84
13:01:17 69.35   84.43   70.36   81.84
13:02:20 69.35   84.54   70.36   81.72
13:03:24 69.46   84.43   70.36   81.72
13:04:27 69.35   84.31   70.36   81.84
13:05:31 69.35   84.31   70.36   81.84
13:06:34 69.35   84.31   70.36   81.84
13:07:37 69.46   84.31   70.36   81.72
13:08:41 69.46   84.31   70.47   81.72
13:09:44 69.46   84.31   70.36   81.61
13:10:47 69.35   84.31   70.36   81.61
13:11:51 69.35   84.43   70.25   81.61
13:12:54 69.35   84.20   70.36   81.50
13:13:57 69.46   84.20   70.36   81.61
13:15:01 69.35   84.20   70.25   81.61
13:16:04 69.35   83.97   70.36   81.61
13:17:07 69.35   83.97   70.47   81.61
13:18:11 69.35   84.20   70.36   81.61
13:19:14 69.46   84.09   70.36   81.61
13:20:17 69.35   84.09   70.36   81.50
13:21:21 69.35   83.97   70.36   81.50
13:22:24 69.35   83.86   70.25   81.50
13:23:27 69.35   84.20   70.36   81.39
13:24:31 69.35   83.97   70.36   81.39
13:25:34 69.46   83.75   70.25   81.28
13:26:37 69.35   83.53   70.25   81.39
13:27:41 69.35   83.75   70.25   81.28
13:28:44 69.35   83.64   70.25   81.28
13:29:47 69.35   83.86   70.36   81.39
13:30:51 69.35   83.86   70.25   81.39
13:31:54 69.35   84.09   70.25   81.39
13:32:57 69.35   83.97   70.25   81.28
13:34:01 69.35   83.86   70.36   81.16
13:35:04 69.35   83.86   70.25   81.05
13:36:07 69.35   83.75   70.36   81.05
13:37:11 69.35   83.86   70.36   81.05
13:38:14 69.35   83.64   70.36   81.28
13:39:17 69.35   83.41   70.36   81.16
13:40:21 69.35   83.64   70.36   81.05
13:41:24 69.35   83.53   70.36   81.05
13:42:27 69.35   83.75   70.36   81.16
13:43:31 69.35   83.53   70.47   81.05
13:44:34 69.35   83.64   70.47   81.05
13:45:37 69.35   83.75   70.36   81.05
13:46:41 69.35   83.86   70.36   81.05
13:47:44 69.35   83.86   70.36   81.16
13:48:47 69.35   83.97   70.36   81.05
13:49:51 69.35   83.75   70.36   81.05
13:50:54 69.35   83.75   70.36   81.05
13:51:58 69.35   84.09   70.36   80.94
13:53:01 69.35   83.75   70.36   80.94
13:54:04 69.35   83.75   70.36   81.05
13:55:08 69.35   83.86   70.36   81.05
13:56:11 69.35   83.75   70.47   81.05
13:57:14 69.35   83.64   70.36   81.05
13:58:18 69.35   83.86   70.36   81.05
13:59:21 69.35   83.86   70.36   81.05
14:00:24 69.35   83.75   70.36   81.05
14:01:28 69.46   83.75   70.36   81.05
14:02:31 69.35   83.75   70.36   81.05
14:03:34 69.35   83.75   70.36   81.05
14:04:38 69.35   83.53   70.36   80.94
14:05:41 69.35   83.75   70.36   80.94
14:06:44 69.35   83.75   70.36   80.94
14:07:48 69.35   83.64   70.36   80.83
14:08:51 69.35   83.86   70.36   80.83
14:09:54 69.35   83.86   70.36   80.83
14:10:58 69.35   83.75   70.47   80.83
14:12:01 69.35   84.09   70.36   80.83
14:13:04 69.35   84.09   70.36   80.83
14:14:08 69.35   83.86   70.36   80.71
14:15:11 69.35   83.64   70.47   80.71
14:16:14 69.35   83.75   70.47   80.71
14:17:18 69.35   83.86   70.47   80.71
14:18:21 69.35   83.97   70.47   80.83
14:19:24 69.35   83.86   70.47   80.83
14:20:28 69.35   83.75   70.47   80.83
14:21:31 69.35   83.86   70.47   80.83
14:22:34 69.35   83.97   70.47   80.83
14:23:38 69.35   83.97   70.59   80.83
14:24:41 69.35   83.64   70.47   80.71
14:25:44 69.35   83.86   70.59   80.71
14:26:48 69.35   83.64   70.47   80.71
14:27:51 69.35   83.75   70.59   80.83
14:28:54 69.35   83.75   70.47   80.83
14:29:58 69.35   83.86   70.59   80.71
14:31:01 69.35   83.64   70.59   80.71
14:32:04 69.35   83.64   70.59   80.71
14:33:08 69.35   83.75   70.59   80.71
14:34:11 69.35   83.53   70.47   80.83
14:35:14 69.35   83.86   70.59   80.83
14:36:18 69.35   83.75   70.47   80.83
14:37:21 69.35   83.64   70.47   80.71
14:38:24 69.35   83.86   70.59   80.71
14:39:28 69.35   83.64   70.47   80.60
14:40:31 69.35   83.53   70.47   80.71
14:41:34 69.35   83.75   70.59   80.71
14:42:38 69.35   83.86   70.59   80.71
14:43:41 69.35   83.75   70.59   80.60
14:44:45 69.35   83.75   70.47   80.60
14:45:48 69.35   84.09   70.59   80.60
14:46:51 69.35   83.64   70.59   80.49
14:47:55 69.35   83.75   70.47   80.49
14:48:58 69.35   83.86   70.59   80.60
14:50:01 69.35   83.53   70.47   80.60
14:51:05 69.35   83.86   70.59   80.60
14:52:08 69.35   83.75   70.47   80.60
14:53:11 69.35   83.53   70.59   80.60
14:54:15 69.35   83.53   70.47   80.49
14:55:18 69.35   83.53   70.59   80.60
14:56:21 69.35   83.64   70.70   80.49
14:57:25 69.35   83.41   70.59   80.49
14:58:28 69.35   83.53   70.70   80.49
14:59:31 69.35   83.86   70.47   80.60
15:00:35 69.35   83.75   70.59   80.60
15:01:38 69.35   83.75   70.59   80.60
15:02:41 69.35   83.75   70.59   80.60
15:03:45 69.35   83.41   70.70   80.60
15:04:48 69.35   83.64   70.59   80.60
15:05:51 69.35   83.75   70.59   80.49
15:06:55 69.35   83.41   70.59   80.49
15:07:58 69.35   83.64   70.59   80.60
15:09:01 69.35   83.64   70.59   80.49
15:10:05 69.35   83.75   70.59   80.49
15:11:08 69.35   83.64   70.47   80.49
15:12:11 69.35   83.64   70.47   80.49
15:13:15 69.35   84.43   70.59   80.49
15:14:18 70.03   109.06   70.59   80.60
15:15:21 71.15   142.14   70.70   80.94
15:16:24 71.71   154.74   70.81   81.84
15:17:27 72.28   144.84   70.93   82.74
15:18:30 72.61   149.45   70.93   83.30
15:19:33 73.06   135.73   71.15   83.86
15:20:36 73.29   113.79   71.26   83.97
15:21:39 72.72   112.78   71.26   83.75
15:22:43 72.05   112.55   71.15   83.41
15:23:46 71.60   111.09   71.15   83.19
15:24:49 71.26   113.00   71.15   82.96
15:25:53 71.04   111.43   71.15   82.96
15:26:56 70.81   110.98   71.04   82.85
15:28:00 70.70   108.95   71.04   82.85
15:29:03 70.59   107.71   71.04   82.63
15:30:06 71.83   127.85   71.15   82.74
15:31:09 72.39   144.84   71.26   83.19
15:32:12 72.84   155.53   71.49   83.97
15:33:15 73.29   141.24   71.49   84.65
15:34:18 73.51   115.25   71.60   84.99
15:35:22 73.06   113.23   71.60   84.76
15:36:25 72.39   113.11   71.49   84.43
15:37:28 71.83   111.20   71.49   84.20
15:38:32 71.49   111.43   71.49   84.09
15:39:35 71.26   110.98   71.49   83.97
15:40:38 71.04   110.41   71.49   83.86
15:41:42 70.93   108.73   71.49   83.75
15:42:45 70.81   107.38   71.38   83.75
15:43:48 70.70   105.69   71.38   83.75
15:44:52 70.70   107.60   71.38   83.75
15:45:55 72.28   135.16   71.71   83.97
15:46:58 72.72   149.56   71.71   84.54
15:48:01 73.06   144.61   71.71   85.33
15:49:04 73.40   118.74   71.83   85.66
15:50:07 73.18   112.78   71.94   85.55
15:51:11 72.50   113.00   71.83   85.44
15:52:14 72.05   111.20   71.83   85.21
15:53:17 71.71   109.96   71.83   84.99
15:54:21 71.38   111.99   71.83   84.88
15:55:24 71.15   110.41   71.71   84.76
15:56:27 71.04   109.29   71.71   84.76
15:57:31 70.93   107.49   71.71   84.65
15:58:34 70.81   105.80   71.71   84.65
15:59:37 70.81   104.45   71.71   84.54
16:00:41 70.70   103.10   71.71   84.65
16:01:44 70.59   101.98   71.71   84.54
16:02:48 70.59   100.96   71.71   84.54
16:03:51 70.47   100.06   71.60   84.54
16:04:54 70.47   99.05   71.71   84.54
16:05:58 70.47   98.04   71.71   84.43
16:07:01 70.47   100.29   71.60   84.43
16:08:04 71.94   132.46   71.83   84.54
16:09:07 72.61   149.23   71.94   85.10
16:10:10 72.95   139.44   72.05   85.89
16:11:13 73.40   114.69   72.16   86.22
16:12:17 73.06   112.33   72.05   86.22
16:13:20 72.28   111.65   72.05   85.89
16:14:23 71.94   109.63   72.05   85.66
16:15:27 71.60   112.10   72.05   85.66
16:16:30 71.38   111.54   71.94   85.55
16:17:33 71.26   110.30   71.94   85.44
16:18:37 71.15   108.61   71.94   85.33
16:19:40 70.93   106.81   71.94   85.21
16:20:43 70.81   105.35   71.94   85.21
16:21:47 70.81   104.34   71.94   85.10
16:22:50 70.70   102.76   71.83   84.99
16:23:53 70.70   101.75   71.83   84.99
16:24:57 70.70   100.74   71.94   84.99
16:26:00 70.59   99.16   71.83   84.99
16:27:04 70.59   98.49   71.83   84.88
16:28:07 70.59   97.25   71.83   84.76
16:29:10 70.47   96.58   71.83   84.76
16:30:14 70.47   95.79   71.83   84.65
16:31:17 70.47   95.11   71.83   84.65
16:32:20 70.36   94.55   71.83   84.65
16:33:24 70.36   94.10   71.83   84.65
16:34:27 70.36   93.31   71.83   84.54
16:35:30 70.36   92.86   71.83   84.54
16:36:34 70.25   92.30   71.83   84.43
16:37:37 70.25   91.85   71.83   84.31
16:38:40 70.25   91.51   71.83   84.31
16:39:44 70.14   90.95   71.71   84.31
16:40:47 70.14   90.50   71.83   84.31
16:41:50 70.14   90.16   71.71   84.31
16:42:54 70.14   89.94   71.71   84.31
16:43:57 70.14   89.71   71.71   84.31
16:45:00 70.14   89.15   71.71   84.20
16:46:04 70.14   88.81   71.83   84.20
16:47:07 70.03   88.81   71.71   84.20
16:48:10 70.03   88.81   71.71   84.20
16:49:14 70.03   88.59   71.71   84.09
16:50:17 70.03   88.70   71.71   84.09
16:51:20 70.03   88.03   71.71   83.97
16:52:24 70.03   88.03   71.71   83.97
16:53:27 70.03   87.80   71.71   83.97
16:54:30 70.03   87.69   71.71   83.97
16:55:34 70.03   87.46   71.71   83.97
16:56:37 69.91   87.24   71.71   83.86
16:57:41 69.91   86.90   71.71   83.75
16:58:44 70.03   87.46   71.71   83.75
16:59:47 70.03   87.13   71.71   83.64
17:00:51 70.03   87.13   71.60   83.64
17:01:54 70.03   86.68   71.60   83.64
17:02:57 70.03   86.79   71.71   83.64
17:04:01 70.03   86.90   71.60   83.64
17:05:04 69.91   86.79   71.60   83.64
17:06:07 70.03   86.79   71.60   83.64
17:07:11 70.03   86.79   71.60   83.53
17:08:14 69.91   86.56   71.60   83.41
17:09:17 69.91   86.22   71.49   83.41
17:10:21 69.91   86.00   71.49   83.30
17:11:24 69.91   86.22   71.49   83.41
17:12:27 69.91   85.78   71.60   83.30
17:13:31 69.91   86.34   71.49   83.30
17:14:34 69.91   86.11   71.49   83.19
17:15:37 69.91   86.11   71.49   83.30
17:16:41 69.91   85.89   71.49   83.30
17:17:44 69.91   86.11   71.49   83.19
17:18:47 69.91   86.00   71.49   83.19
17:19:51 69.91   86.11   71.49   83.19
17:20:54 69.91   85.78   71.49   83.19
17:21:57 69.91   85.66   71.49   83.19
17:23:01 69.91   85.89   71.49   83.19
17:24:04 69.91   85.78   71.49   83.19
17:25:07 69.91   85.89   71.49   83.08
17:26:11 69.91   86.00   71.38   83.08
17:27:14 69.91   85.55   71.49   82.96
17:28:18 69.91   85.78   71.49   82.96
17:29:21 69.91   85.55   71.49   82.96
17:30:24 69.91   85.33   71.49   82.85
17:31:28 69.91   85.44   71.49   82.85
17:32:31 69.91   85.21   71.38   82.74
17:33:34 69.91   85.33   71.38   82.74
17:34:38 69.80   85.44   71.49   82.85
17:35:41 69.91   85.21   71.38   82.74
17:36:44 69.91   85.33   71.38   82.74
17:37:48 69.91   85.21   71.38   82.74
17:38:51 69.91   85.10   71.38   82.63
17:39:54 69.91   85.10   71.38   82.63
17:40:58 69.91   85.10   71.38   82.63
17:42:01 69.91   85.21   71.38   82.63
17:43:04 69.80   85.33   71.38   82.51
17:44:08 69.80   85.33   71.38   82.63
17:45:11 69.91   85.10   71.38   82.63
17:46:14 69.80   84.88   71.38   82.51
17:47:18 69.80   84.76   71.38   82.51
17:48:21 69.80   84.99   71.38   82.40
17:49:24 69.91   85.10   71.26   82.51
17:50:28 69.80   85.21   71.38   82.51
17:51:31 69.80   84.99   71.26   82.51
17:52:34 69.80   84.88   71.26   82.40
17:53:38 69.80   84.88   71.38   82.40
17:54:41 69.80   84.88   71.26   82.29
17:55:44 69.80   84.99   71.38   82.29
17:56:48 69.80   84.99   71.38   82.29
17:57:51 69.80   85.21   71.38   82.29
17:58:54 69.80   84.88   71.38   82.18
17:59:58 69.80   84.99   71.38   82.18
18:01:01 69.80   84.65   71.26   82.18
18:02:05 69.80   84.88   71.38   82.18
18:03:08 69.80   84.76   71.26   82.18
18:04:11 69.80   84.99   71.26   82.18
18:05:15 69.80   84.76   71.26   82.18
18:06:18 69.80   84.88   71.26   82.18
18:07:21 69.80   84.88   71.26   82.06
18:08:25 69.80   84.65   71.26   82.06
18:09:28 69.80   84.88   71.26   82.06
18:10:31 69.80   84.88   71.26   82.06
18:11:35 69.80   84.65   71.38   82.06
18:12:38 69.80   84.65   71.26   82.06
18:13:41 69.80   84.20   71.26   81.95
18:14:45 69.80   84.31   71.26   82.06
18:15:48 69.80   84.20   71.26   81.95
18:16:51 69.80   90.50   71.26   81.95
18:17:55 71.15   132.01   71.38   82.06
18:18:58 71.71   149.56   71.49   82.74
18:20:01 72.28   132.01   71.71   83.53
18:21:04 72.39   111.88   71.60   83.86
18:22:07 72.05   111.43   71.60   83.86
18:23:11 71.60   110.30   71.49   83.64
18:24:14 71.26   109.96   71.49   83.53
18:25:17 71.04   109.74   71.49   83.41
18:26:21 70.93   108.73   71.49   83.30
18:27:24 70.81   107.04   71.49   83.19
18:28:27 70.70   105.80   71.49   83.08
18:29:31 70.59   103.78   71.49   83.08
18:30:34 70.59   102.31   71.49   83.08
18:31:37 70.47   101.08   71.49   83.08
18:32:41 70.47   100.51   71.49   83.08
18:33:44 70.36   99.39   71.49   83.08
18:34:47 70.36   98.38   71.38   82.96
18:35:51 70.36   97.36   71.38   82.96
18:36:54 70.36   96.24   71.38   82.85
18:37:57 70.25   95.34   71.38   82.85
18:39:01 70.25   94.10   71.38   82.85
18:40:04 70.25   93.43   71.38   82.96
18:41:07 70.25   92.64   71.26   82.96
18:42:11 70.14   92.08   71.38   82.96
18:43:14 70.14   91.96   71.26   82.96
18:44:17 70.14   91.06   71.38   82.85
18:45:21 70.14   90.72   71.38   82.74
18:46:24 70.03   90.50   71.38   82.74
18:47:27 70.03   90.05   71.26   82.74
18:48:31 70.03   89.26   71.26   82.63
18:49:34 69.91   89.26   71.38   82.63
18:50:38 69.91   92.08   71.26   82.63
18:51:41 71.15   128.19   71.38   82.74
18:52:44 71.83   147.43   71.60   83.30
18:53:47 72.28   137.30   71.71   84.09
18:54:50 72.72   113.23   71.83   84.43
18:55:53 72.39   111.31   71.71   84.43
18:56:57 71.83   110.41   71.71   84.20
18:58:00 71.49   107.83   71.60   84.09
18:59:03 71.26   107.71   71.60   83.97
19:00:07 71.04   108.61   71.60   83.75
19:01:10 70.93   107.94   71.60   83.75
19:02:13 70.81   106.03   71.60   83.75
19:03:17 70.70   104.79   71.60   83.75
19:04:20 70.70   103.78   71.60   83.64
19:05:23 70.59   102.54   71.60   83.64
19:06:27 70.59   101.30   71.60   83.64
19:07:30 70.47   99.84   71.49   83.64
19:08:34 70.47   98.83   71.49   83.53
19:09:37 70.47   97.70   71.60   83.53
19:10:40 70.36   96.46   71.60   83.53
19:11:44 70.36   95.68   71.49   83.41
19:12:47 70.36   95.34   71.49   83.41
19:13:50 70.36   94.21   71.49   83.41
19:14:54 70.36   93.88   71.49   83.41
19:15:57 70.25   92.97   71.49   83.30
19:17:00 70.25   92.41   71.49   83.30
19:18:04 70.25   91.74   71.49   83.30
19:19:07 70.14   90.84   71.49   83.30
19:20:10 70.14   90.50   71.49   83.30
19:21:14 70.14   90.39   71.49   83.19
19:22:17 70.03   89.71   71.49   83.19
19:23:20 70.03   89.49   71.38   83.08
19:24:24 70.03   88.81   71.38   83.08
19:25:27 70.03   88.70   71.38   83.08
19:26:30 70.03   88.47   71.38   83.08
19:27:34 70.03   88.36   71.38   83.08
19:28:37 70.03   88.03   71.38   83.08
19:29:40 69.91   87.46   71.38   82.96
19:30:44 69.91   87.69   71.38   83.08
19:31:47 70.03   92.64   71.38   82.96
19:32:50 71.26   132.46   71.60   83.19
19:33:53 71.83   147.99   71.71   83.86
19:34:56 72.28   128.30   71.83   84.43
19:36:00 72.50   111.54   71.71   84.65
19:37:03 72.05   111.09   71.71   84.54
19:38:06 71.60   110.08   71.71   84.31
19:39:10 71.38   109.63   71.71   84.20
19:40:13 71.15   110.30   71.60   84.09
19:41:16 71.04   108.84   71.60   83.86
19:42:20 70.93   107.60   71.60   83.75
19:43:23 70.81   106.14   71.60   83.75
19:44:26 70.70   104.45   71.60   83.75
19:45:30 70.59   103.55   71.60   83.75
19:46:33 70.59   102.20   71.60   83.75
19:47:37 70.47   100.40   71.60   83.75
19:48:40 70.47   99.28   71.60   83.75
19:49:43 70.36   98.04   71.60   83.64
19:50:47 70.36   97.36   71.49   83.64
19:51:50 70.36   95.79   71.60   83.64
19:52:53 70.36   95.56   71.49   83.53
19:53:57 70.36   94.66   71.49   83.41
19:55:00 70.25   94.10   71.49   83.53
19:56:03 70.25   93.20   71.49   83.41
19:57:07 70.25   92.41   71.49   83.41
19:58:10 70.25   91.85   71.49   83.41
19:59:13 70.25   91.29   71.49   83.41
20:00:17 70.14   91.06   71.38   83.41
20:01:20 70.14   90.50   71.38   83.41
20:02:23 70.14   89.94   71.49   83.41
20:03:27 70.14   89.60   71.49   83.41
20:04:30 70.14   89.49   71.49   83.30
20:05:33 70.14   89.38   71.49   83.30
20:06:37 70.03   88.70   71.38   83.30
20:07:40 70.03   88.59   71.38   83.19
20:08:43 70.03   88.03   71.38   83.19
20:09:47 69.91   87.91   71.38   83.19
20:10:50 70.03   87.80   71.38   83.08
20:11:53 69.91   87.91   71.38   83.08
20:12:57 69.91   87.01   71.38   83.08
20:14:00 69.91   87.01   71.38   82.96
20:15:03 69.91   86.68   71.38   82.96
20:16:07 69.91   86.68   71.38   82.96
20:17:10 69.91   87.13   71.26   82.96
20:18:13 70.47   108.16   71.38   83.08
20:19:17 71.49   141.13   71.60   83.41
20:20:20 72.05   142.70   71.71   84.20
20:21:23 72.39   117.84   71.83   84.65
20:22:26 72.28   111.20   71.71   84.76
20:23:30 71.83   110.08   71.60   84.54
20:24:33 71.38   108.39   71.60   84.31
20:25:36 71.15   108.95   71.60   84.31
20:26:40 71.04   109.18   71.60   84.09
20:27:43 70.93   107.94   71.60   84.09
20:28:46 70.81   106.59   71.60   83.97
20:29:50 70.70   105.13   71.60   83.97
20:30:53 70.70   103.78   71.60   83.86
20:31:56 70.59   102.76   71.60   83.86
20:33:00 70.59   101.64   71.60   83.86
20:34:03 70.47   100.06   71.60   83.75
20:35:06 70.47   98.49   71.49   83.75
20:36:10 70.36   97.81   71.49   83.75
20:37:13 70.36   96.69   71.49   83.64
20:38:16 70.36   95.68   71.49   83.64
20:39:20 70.36   95.11   71.49   83.53
20:40:23 70.36   93.99   71.49   83.41
20:41:26 70.25   93.09   71.49   83.41
20:42:30 70.25   92.19   71.49   83.41
20:43:33 70.25   91.74   71.49   83.41
20:44:36 70.25   91.63   71.38   83.41
20:45:40 70.14   90.95   71.38   83.30
20:46:43 70.14   90.50   71.38   83.30
20:47:46 70.14   89.60   71.38   83.30
20:48:50 70.14   89.83   71.38   83.30
20:49:53 70.03   89.15   71.38   83.19
20:50:56 70.03   88.93   71.38   83.19
20:52:00 70.03   88.47   71.38   83.19
20:53:03 70.03   88.25   71.38   83.19
20:54:06 70.03   88.25   71.38   83.19
20:55:10 70.47   107.15   71.38   83.19
20:56:13 71.49   140.56   71.60   83.41
20:57:16 71.94   143.82   71.71   84.20
20:58:19 72.39   119.19   71.83   84.65
20:59:22 72.39   111.54   71.71   84.76
21:00:26 71.83   110.86   71.60   84.65
21:01:29 71.49   108.39   71.71   84.54
21:02:32 71.15   107.38   71.60   84.31
21:03:36 71.04   107.04   71.60   84.20
21:04:39 70.81   107.71   71.60   84.20
21:05:43 70.81   106.59   71.60   84.09
21:06:46 70.70   105.01   71.60   83.97
21:07:49 70.59   104.23   71.60   83.97
21:08:53 70.59   102.88   71.60   83.97
21:09:56 70.59   101.08   71.60   83.86
21:10:59 70.47   100.18   71.60   83.97
21:12:03 70.47   99.28   71.60   83.86
21:13:06 70.36   98.15   71.49   83.75
21:14:09 70.36   97.14   71.49   83.75
21:15:13 70.36   95.90   71.49   83.64
21:16:16 70.36   95.11   71.49   83.64
21:17:19 70.36   94.55   71.49   83.64
21:18:23 70.25   93.54   71.38   83.64
21:19:26 70.25   92.86   71.49   83.53
21:20:29 70.25   92.41   71.38   83.53
21:21:33 70.25   91.40   71.38   83.53
21:22:36 70.14   91.40   71.38   83.41
21:23:39 70.14   90.72   71.38   83.41
21:24:43 70.14   90.28   71.38   83.41
21:25:46 70.14   90.05   71.38   83.30
21:26:49 70.14   89.94   71.38   83.30
21:27:53 70.03   89.26   71.26   83.30
21:28:56 70.03   88.81   71.26   83.19
21:29:59 70.03   88.36   71.26   83.30
21:31:03 70.03   88.36   71.26   83.19
21:32:06 70.36   104.00   71.38   83.30
21:33:09 71.49   139.32   71.60   83.53
21:34:12 71.94   144.95   71.71   84.31
21:35:15 72.39   120.76   71.83   84.88
21:36:19 72.39   111.54   71.71   84.99
21:37:22 71.83   111.65   71.60   84.76
21:38:25 71.49   108.73   71.60   84.65
21:39:29 71.15   106.25   71.60   84.43
21:40:32 71.04   105.80   71.60   84.31
21:41:35 70.93   106.81   71.60   84.20
21:42:39 70.81   106.25   71.60   84.09
21:43:42 70.70   105.01   71.49   84.09
21:44:46 70.59   103.89   71.49   84.09
21:45:49 70.59   102.31   71.49   84.09
21:46:52 70.59   100.74   71.49   84.09
21:47:56 70.47   99.95   71.49   83.97
21:48:59 70.36   99.50   71.49   83.86
21:50:02 70.36   98.26   71.49   83.86
21:51:06 70.36   97.03   71.49   83.86
21:52:09 70.36   95.90   71.49   83.75
21:53:12 70.25   95.45   71.38   83.75
21:54:16 70.25   94.44   71.38   83.75
21:55:19 70.25   93.76   71.38   83.75
21:56:22 70.25   92.86   71.38   83.64
21:57:26 70.25   92.19   71.38   83.64
21:58:29 70.25   91.85   71.38   83.53
21:59:32 70.14   91.40   71.38   83.53
22:00:36 70.14   90.84   71.26   83.53
22:01:39 70.25   90.50   71.38   83.53
22:02:42 70.14   90.05   71.38   83.41
22:03:46 70.14   89.49   71.38   83.30
22:04:49 70.14   94.55   71.26   83.41
22:05:52 71.38   133.81   71.60   83.41
22:06:55 71.83   147.99   71.71   84.20
22:07:58 72.28   127.29   71.71   84.88
22:09:02 72.39   111.54   71.71   85.21
22:10:05 72.05   111.43   71.71   84.99
22:11:08 71.60   109.40   71.60   84.88
22:12:12 71.26   110.19   71.60   84.65
22:13:15 71.04   109.85   71.60   84.65
22:14:18 70.93   108.50   71.49   84.54
22:15:22 70.81   108.16   71.60   84.31
22:16:25 70.70   106.25   71.60   84.31
22:17:28 70.59   104.00   71.49   84.20
22:18:32 70.59   102.99   71.49   84.09
22:19:35 70.47   101.64   71.49   84.09
22:20:38 70.47   100.40   71.49   83.97
22:21:42 70.47   98.83   71.49   83.97
22:22:45 70.36   98.49   71.49   84.09
22:23:49 70.36   96.91   71.49   83.97
22:24:52 70.36   96.35   71.49   83.97
22:25:55 70.25   95.34   71.38   83.86
22:26:59 70.36   94.55   71.38   83.75
22:28:02 70.25   93.54   71.38   83.86
22:29:05 70.25   92.86   71.38   83.75
22:30:09 70.25   92.53   71.38   83.64
22:31:12 70.25   92.08   71.38   83.64
22:32:15 70.25   91.51   71.26   83.64
22:33:19 70.25   90.72   71.26   83.64
22:34:22 70.14   90.50   71.38   83.64
22:35:25 70.14   89.71   71.26   83.53
22:36:29 70.14   89.26   71.26   83.53
22:37:32 70.03   89.26   71.26   83.41
22:38:35 70.03   89.04   71.26   83.41
22:39:39 70.03   88.81   71.26   83.41
22:40:42 70.03   88.03   71.26   83.41
22:41:45 70.03   88.03   71.15   83.41
22:42:49 70.03   87.91   71.15   83.30
22:43:52 69.91   87.80   71.26   83.30
22:44:55 70.03   87.46   71.26   83.30
22:45:59 69.91   87.01   71.15   83.30
22:47:02 69.91   86.90   71.15   83.30
22:48:05 69.91   86.79   71.15   83.19
22:49:09 69.91   86.79   71.15   83.19
22:50:12 69.91   86.45   71.15   83.08
22:51:15 69.91   86.34   71.15   83.08
22:52:19 69.91   86.45   71.15   83.08
22:53:22 69.91   86.22   71.15   82.96
22:54:25 69.91   86.00   71.15   82.96
22:55:29 69.91   86.11   71.04   82.96
22:56:32 69.91   86.00   71.04   82.96
22:57:35 69.91   85.55   71.04   82.96
22:58:39 69.80   85.55   71.04   82.85
22:59:42 69.91   85.44   71.04   82.85
23:00:46 69.80   85.21   71.04   82.85
23:01:49 69.80   85.55   71.04   82.85
23:02:52 69.80   85.21   71.04   82.74
23:03:56 69.80   84.88   70.93   82.63
23:04:59 69.80   84.99   70.93   82.74
23:06:02 69.80   84.88   70.93   82.74
23:07:06 69.80   84.76   70.93   82.63
23:08:09 69.80   84.76   70.93   82.63
23:09:12 69.80   84.76   71.04   82.63
23:10:16 69.80   84.65   70.93   82.51
23:11:19 69.80   84.76   70.93   82.51
23:12:22 69.80   84.54   70.93   82.51
23:13:26 69.80   84.43   70.93   82.51
23:14:29 69.80   84.54   70.93   82.51
23:15:32 69.80   84.65   70.93   82.40
23:16:36 69.80   84.54   70.81   82.40
23:17:39 69.69   84.43   70.81   82.29
23:18:42 69.80   84.43   70.81   82.29
23:19:46 69.69   84.31   70.93   82.40
23:20:49 69.69   84.31   70.81   82.29
23:21:52 69.69   84.20   70.81   82.29
23:22:56 69.69   83.86   70.81   82.18
23:23:59 69.69   84.09   70.81   82.18
23:25:02 69.69   84.20   70.81   82.18
23:26:06 69.69   83.97   70.81   82.18
23:27:09 69.69   84.31   70.81   82.06
23:28:12 69.69   84.31   70.70   81.95
23:29:16 69.69   83.97   70.81   81.95
23:30:19 69.69   83.86   70.70   81.95
23:31:22 69.69   84.09   70.70   81.95
23:32:26 69.69   84.20   70.70   81.84
23:33:29 69.69   84.09   70.70   81.84
23:34:33 69.69   84.31   70.70   81.95
23:35:36 69.69   84.20   70.70   81.84
23:36:39 69.69   84.31   70.70   81.84
23:37:43 69.69   84.43   70.70   81.84
23:38:46 69.69   84.20   70.70   81.84
23:39:49 69.69   83.86   70.70   81.84
23:40:53 69.69   83.97   70.70   81.84
23:41:56 69.69   83.86   70.59   81.84
23:42:59 69.58   83.97   70.70   81.72
23:44:03 69.69   83.97   70.59   81.61
23:45:06 69.69   83.97   70.59   81.61
23:46:09 69.69   83.86   70.59   81.61
23:47:13 69.58   83.75   70.59   81.61
23:48:16 69.58   83.86   70.59   81.61
23:49:19 69.58   83.97   70.70   81.61
23:50:23 69.58   83.75   70.59   81.50
23:51:26 69.58   83.75   70.59   81.50
23:52:29 69.58   83.75   70.59   81.39
23:53:33 69.58   83.64   70.59   81.50
23:54:36 69.58   83.53   70.47   81.39
23:55:39 69.58   83.64   70.59   81.39
23:56:43 69.58   83.53   70.59   81.50
23:57:46 69.58   83.64   70.47   81.39
23:58:49 69.58   83.41   70.47   81.50
23:59:53 69.58   83.64   70.59   81.39
