00:00:40 71.83   74.08   72.28   90.16
00:01:43 71.83   74.08   72.28   89.94
00:02:46 71.83   74.19   72.16   89.71
00:03:50 71.83   74.08   72.28   89.60
00:04:53 71.83   74.30   72.28   89.49
00:05:56 71.83   74.30   72.28   89.26
00:07:00 71.83   74.30   72.28   89.15
00:08:03 71.83   74.41   72.28   89.04
00:09:06 71.83   74.41   72.28   88.81
00:10:10 71.83   74.53   72.28   88.59
00:11:13 71.83   74.53   72.28   88.36
00:12:16 71.83   74.53   72.28   88.25
00:13:20 71.83   74.64   72.28   88.03
00:14:23 71.83   74.75   72.28   87.91
00:15:26 71.83   74.86   72.28   87.80
00:16:30 71.83   74.97   72.28   87.58
00:17:33 71.83   74.97   72.28   87.35
00:18:36 71.83   74.97   72.28   87.13
00:19:40 71.83   75.09   72.28   87.13
00:20:43 71.83   75.09   72.28   87.01
00:21:46 71.83   75.20   72.28   86.90
00:22:50 71.83   75.20   72.28   86.79
00:23:53 71.83   75.31   72.28   86.56
00:24:56 71.83   75.31   72.28   86.45
00:26:00 71.83   75.43   72.28   86.45
00:27:03 71.83   75.31   72.39   86.34
00:28:06 71.83   75.43   72.28   86.22
00:29:10 71.83   75.54   72.39   86.11
00:30:13 71.83   75.43   72.39   86.00
00:31:17 71.83   75.54   72.39   86.00
00:32:20 71.83   75.76   72.39   85.89
00:33:23 71.83   75.76   72.39   85.78
00:34:27 71.83   75.76   72.28   85.66
00:35:30 71.83   75.99   72.39   85.66
00:36:33 71.83   75.88   72.28   85.55
00:37:37 71.83   75.99   72.39   85.44
00:38:40 71.83   75.99   72.28   85.21
00:39:43 71.83   75.99   72.28   85.21
00:40:47 71.83   76.10   72.28   85.21
00:41:50 71.83   76.10   72.28   85.10
00:42:53 71.83   76.21   72.39   84.88
00:43:57 71.83   76.21   72.39   84.76
00:45:00 71.83   76.33   72.39   84.76
00:46:03 71.83   76.33   72.28   84.65
00:47:07 71.83   76.44   72.39   84.54
00:48:10 71.83   76.44   72.39   84.54
00:49:13 71.83   76.44   72.39   84.65
00:50:17 71.83   76.44   72.39   84.65
00:51:20 71.83   76.55   72.39   84.43
00:52:23 71.83   76.55   72.39   84.43
00:53:27 71.83   76.89   72.28   84.43
00:54:30 71.83   76.78   72.28   84.31
00:55:33 71.83   76.78   72.39   84.31
00:56:37 71.83   76.89   72.28   84.31
00:57:40 71.83   76.78   72.28   84.31
00:58:43 71.83   77.00   72.39   84.20
00:59:47 71.83   77.11   72.39   84.09
01:00:50 71.83   77.00   72.28   84.09
01:01:53 71.83   76.89   72.28   83.97
01:02:57 71.83   77.11   72.39   83.97
01:04:00 71.83   77.11   72.39   83.97
01:05:03 71.83   77.34   72.39   83.86
01:06:07 71.83   77.34   72.28   83.97
01:07:10 71.83   77.11   72.28   83.86
01:08:14 71.83   77.34   72.39   83.86
01:09:17 71.83   77.45   72.39   83.86
01:10:20 71.83   77.34   72.39   83.86
01:11:24 71.83   77.45   72.28   83.86
01:12:27 71.83   77.68   72.28   83.75
01:13:30 71.83   77.68   72.39   83.75
01:14:34 71.83   77.68   72.39   83.64
01:15:37 71.83   77.79   72.39   83.64
01:16:40 71.83   77.79   72.39   83.64
01:17:44 71.83   77.90   72.39   83.64
01:18:47 71.83   77.90   72.39   83.53
01:19:50 71.83   78.01   72.39   83.53
01:20:54 71.83   78.24   72.39   83.41
01:21:57 71.83   78.13   72.39   83.53
01:23:00 71.83   78.46   72.39   83.41
01:24:04 71.83   78.24   72.39   83.30
01:25:07 71.83   78.46   72.39   83.30
01:26:10 71.83   78.58   72.39   83.19
01:27:14 71.83   78.69   72.39   83.08
01:28:17 71.83   78.80   72.39   83.08
01:29:20 71.83   78.80   72.39   83.30
01:30:24 71.83   79.03   72.39   83.30
01:31:27 71.71   78.91   72.39   83.41
01:32:30 71.83   79.03   72.39   83.30
01:33:34 71.83   79.14   72.39   83.19
01:34:37 71.83   79.14   72.39   83.30
01:35:40 71.83   79.14   72.39   83.30
01:36:44 71.83   79.25   72.28   83.30
01:37:47 71.83   79.36   72.39   83.19
01:38:50 71.83   79.36   72.39   83.08
01:39:54 71.71   79.59   72.28   83.19
01:40:57 71.83   79.70   72.39   83.19
01:42:00 71.83   79.70   72.28   83.19
01:43:04 71.71   79.59   72.28   83.19
01:44:07 71.83   79.70   72.39   83.19
01:45:11 71.83   79.70   72.39   83.30
01:46:14 71.83   79.70   72.39   83.19
01:47:17 71.83   79.93   72.39   83.19
01:48:21 71.71   79.81   72.39   83.08
01:49:24 71.83   79.70   72.39   82.96
01:50:27 71.71   79.81   72.39   82.96
01:51:31 71.83   80.04   72.39   82.96
01:52:34 71.71   79.93   72.28   82.96
01:53:37 71.71   80.04   72.39   82.96
01:54:41 71.71   80.04   72.39   83.08
01:55:44 71.83   80.15   72.39   83.08
01:56:47 71.71   80.15   72.28   83.08
01:57:51 71.83   80.38   72.39   82.96
01:58:54 71.83   80.38   72.39   82.96
01:59:57 71.71   80.26   72.39   82.85
02:01:01 71.71   80.38   72.28   82.74
02:02:04 71.71   80.38   72.39   82.74
02:03:07 71.83   80.49   72.39   82.63
02:04:11 71.71   80.83   72.39   82.85
02:05:14 71.83   80.60   72.39   82.85
02:06:17 71.71   80.60   72.39   82.85
02:07:21 71.71   80.49   72.39   82.85
02:08:24 71.83   80.83   72.39   82.85
02:09:27 71.83   80.94   72.39   82.85
02:10:31 71.83   80.94   72.39   82.85
02:11:34 71.71   81.05   72.39   82.85
02:12:37 71.71   80.94   72.39   82.96
02:13:41 71.83   81.05   72.39   82.85
02:14:44 71.71   80.83   72.28   82.85
02:15:47 71.83   80.71   72.28   82.85
02:16:51 71.83   80.83   72.28   82.85
02:17:54 71.83   81.16   72.39   82.85
02:18:57 71.71   81.05   72.39   82.96
02:20:01 71.71   81.16   72.28   82.85
02:21:04 71.71   81.16   72.28   82.85
02:22:08 71.71   81.16   72.28   82.74
02:23:11 71.71   81.39   72.39   82.85
02:24:14 71.71   81.39   72.39   82.85
02:25:18 71.71   81.28   72.28   82.85
02:26:21 71.71   81.05   72.28   82.85
02:27:24 71.71   81.16   72.28   82.85
02:28:28 71.71   81.28   72.28   82.85
02:29:31 71.71   81.05   72.39   82.85
02:30:34 71.71   81.50   72.39   82.74
02:31:38 71.71   81.28   72.39   82.74
02:32:41 71.71   81.28   72.28   82.85
02:33:44 71.71   81.39   72.39   82.96
02:34:48 71.71   81.28   72.39   82.96
02:35:51 71.71   81.39   72.39   82.85
02:36:54 71.71   81.50   72.39   82.74
02:37:58 71.71   81.39   72.39   82.85
02:39:01 71.71   81.05   72.28   82.74
02:40:04 71.71   81.28   72.39   82.74
02:41:08 71.71   81.50   72.28   82.63
02:42:11 71.71   81.39   72.39   82.63
02:43:14 71.71   81.39   72.39   82.63
02:44:18 71.71   81.50   72.39   82.51
02:45:21 71.71   81.28   72.39   82.63
02:46:24 71.71   81.39   72.28   82.63
02:47:28 71.71   81.39   72.39   82.63
02:48:31 71.71   81.50   72.28   82.63
02:49:34 71.71   81.50   72.39   82.63
02:50:38 71.71   81.50   72.28   82.63
02:51:41 71.71   81.39   72.28   82.63
02:52:44 71.71   81.50   72.28   82.63
02:53:48 71.71   81.84   72.28   82.74
02:54:51 71.71   81.72   72.39   82.74
02:55:54 71.71   81.61   72.28   82.63
02:56:58 71.71   81.50   72.28   82.74
02:58:01 71.71   81.72   72.28   82.63
02:59:05 71.71   81.39   72.28   82.74
03:00:08 71.71   81.50   72.28   82.74
03:01:11 71.71   81.50   72.28   82.63
03:02:14 71.71   81.50   72.28   82.63
03:03:18 71.71   81.50   72.28   82.74
03:04:21 71.71   81.39   72.28   82.63
03:05:25 71.71   81.28   72.28   82.63
03:06:28 71.71   81.72   72.28   82.74
03:07:31 71.71   82.06   72.28   82.63
03:08:34 71.71   81.39   72.28   82.63
03:09:38 71.71   81.61   72.28   82.63
03:10:41 71.71   81.50   72.28   82.63
03:11:44 71.71   81.61   72.28   82.63
03:12:48 71.71   81.61   72.28   82.63
03:13:51 71.71   81.72   72.28   82.51
03:14:54 71.71   81.95   72.28   82.51
03:15:58 71.71   81.95   72.28   82.51
03:17:01 71.71   81.95   72.28   82.51
03:18:05 71.71   81.72   72.28   82.63
03:19:08 71.71   81.72   72.39   82.63
03:20:11 71.71   81.84   72.28   82.63
03:21:15 71.60   81.72   72.28   82.63
03:22:18 71.71   81.84   72.28   82.74
03:23:21 71.71   81.72   72.28   82.63
03:24:25 71.71   81.84   72.28   82.63
03:25:28 71.71   81.95   72.28   82.51
03:26:31 71.71   81.84   72.28   82.51
03:27:35 71.71   82.06   72.39   82.63
03:28:38 71.60   81.95   72.28   82.40
03:29:41 71.71   81.95   72.28   82.51
03:30:45 71.71   81.84   72.28   82.51
03:31:48 71.60   81.72   72.28   82.51
03:32:51 71.71   81.84   72.28   82.40
03:33:55 71.71   82.06   72.28   82.51
03:34:58 71.71   81.84   72.28   82.63
03:36:01 71.60   81.84   72.28   82.51
03:37:05 71.71   81.95   72.28   82.51
03:38:08 71.71   81.95   72.28   82.51
03:39:11 71.60   81.95   72.28   82.63
03:40:15 71.60   81.84   72.28   82.74
03:41:18 71.71   81.95   72.28   82.74
03:42:21 71.60   81.84   72.28   82.63
03:43:25 71.60   81.84   72.28   82.63
03:44:28 71.71   81.72   72.28   82.63
03:45:31 71.60   81.72   72.28   82.63
03:46:35 71.60   81.61   72.16   82.51
03:47:38 71.60   81.72   72.28   82.51
03:48:41 71.60   82.06   72.28   82.63
03:49:45 71.60   82.06   72.28   82.51
03:50:48 71.60   81.84   72.28   82.40
03:51:51 71.71   81.72   72.28   82.40
03:52:55 71.60   81.95   72.28   82.51
03:53:58 71.60   81.72   72.28   82.51
03:55:01 71.60   81.95   72.28   82.51
03:56:05 71.60   81.72   72.28   82.51
03:57:08 71.60   81.50   72.28   82.51
03:58:12 71.60   81.61   72.28   82.51
03:59:15 71.60   81.72   72.28   82.40
04:00:18 71.60   81.95   72.16   82.40
04:01:22 71.60   81.95   72.28   82.40
04:02:25 71.60   81.84   72.16   82.40
04:03:28 71.60   81.72   72.16   82.40
04:04:32 71.60   81.61   72.16   82.40
04:05:35 71.60   81.84   72.16   82.40
04:06:38 71.60   81.72   72.16   82.40
04:07:42 71.60   81.72   72.28   82.51
04:08:45 71.60   81.72   72.28   82.51
04:09:48 71.60   81.84   72.16   82.51
04:10:52 71.60   82.06   72.16   82.63
04:11:55 71.60   81.95   72.16   82.63
04:12:58 71.60   81.95   72.16   82.51
04:14:02 71.60   81.95   72.16   82.63
04:15:05 71.60   81.72   72.16   82.63
04:16:08 71.60   81.61   72.16   82.51
04:17:12 71.60   81.72   72.16   82.51
04:18:15 71.60   81.84   72.16   82.51
04:19:18 71.60   81.95   72.16   82.29
04:20:22 71.60   81.84   72.16   82.29
04:21:25 71.60   81.84   72.28   82.29
04:22:28 71.60   81.61   72.16   82.29
04:23:32 71.60   81.84   72.16   82.29
04:24:35 71.60   81.95   72.16   82.29
04:25:38 71.60   81.72   72.16   82.29
04:26:42 71.60   81.84   72.16   82.29
04:27:45 71.60   81.72   72.16   82.29
04:28:48 71.60   81.72   72.16   82.29
04:29:52 71.60   81.84   72.16   82.40
04:30:55 71.60   81.95   72.16   82.29
04:31:58 71.60   81.95   72.16   82.29
04:33:02 71.49   82.06   72.16   82.18
04:34:05 71.60   81.84   72.16   82.18
04:35:08 71.49   81.84   72.16   82.18
04:36:12 71.60   81.72   72.16   82.29
04:37:15 71.60   81.61   72.16   82.18
04:38:19 71.49   81.72   72.16   82.18
04:39:22 71.49   81.72   72.05   82.29
04:40:25 71.60   81.72   72.16   82.29
04:41:29 71.60   81.84   72.05   82.29
04:42:32 71.60   81.72   72.16   82.18
04:43:35 71.49   81.84   72.16   82.18
04:44:39 71.49   81.72   72.05   82.06
04:45:42 71.60   81.61   72.16   82.06
04:46:45 71.49   81.84   72.05   82.06
04:47:49 71.49   81.84   72.05   82.06
04:48:52 71.49   81.61   72.05   81.95
04:49:55 71.49   81.95   72.05   82.06
04:50:59 71.60   81.84   72.05   88.25
04:52:02 71.49   81.84   72.05   103.55
04:53:05 71.49   81.84   72.05   106.93
04:54:09 71.49   81.95   72.05   107.94
04:55:12 71.49   82.06   72.05   108.39
04:56:15 71.60   81.84   72.05   108.61
04:57:19 71.49   82.18   72.05   108.73
04:58:22 71.60   82.40   72.05   108.95
04:59:25 71.60   82.18   72.05   109.85
05:00:29 71.60   82.06   72.05   110.30
05:01:32 71.60   82.06   72.05   110.64
05:02:35 71.60   82.40   72.05   110.98
05:03:39 71.60   82.29   72.05   110.64
05:04:42 71.60   82.29   72.05   109.96
05:05:45 71.71   82.29   72.16   109.18
05:06:49 71.71   82.06   72.05   108.39
05:07:52 71.71   82.06   72.05   107.49
05:08:55 71.71   82.06   72.05   106.70
05:09:59 71.71   82.18   72.05   105.91
05:11:02 71.71   82.18   72.05   105.24
05:12:05 71.71   82.29   72.05   104.56
05:13:09 71.71   82.51   72.05   105.69
05:14:12 71.71   82.40   72.05   105.91
05:15:15 71.83   82.29   72.05   105.46
05:16:19 71.71   82.18   72.05   104.79
05:17:22 71.71   82.40   72.05   104.11
05:18:25 71.71   82.18   72.05   103.55
05:19:29 71.71   82.06   72.16   102.88
05:20:32 71.71   81.95   72.05   102.43
05:21:36 71.71   81.95   72.16   101.75
05:22:39 71.71   82.18   72.05   101.41
05:23:42 71.71   82.06   72.05   100.85
05:24:46 71.71   81.84   72.05   100.40
05:25:49 71.71   87.01   72.05   99.95
05:26:52 72.05   129.31   72.39   99.61
05:27:55 72.28   146.98   72.50   101.64
05:28:58 72.61   155.53   72.61   107.83
05:30:01 72.95   145.96   72.72   108.28
05:31:04 73.29   146.86   72.72   107.71
05:32:07 73.63   154.51   72.84   109.96
05:33:10 73.85   143.71   72.95   114.46
05:34:13 74.08   118.51   73.06   114.24
05:35:16 73.96   113.45   72.95   112.89
05:36:19 73.51   112.78   73.06   111.20
05:37:23 73.18   110.86   72.95   109.74
05:38:26 72.95   112.21   72.84   108.50
05:39:29 72.84   111.20   72.84   107.26
05:40:33 72.72   109.63   72.72   106.25
05:41:36 73.06   120.54   72.84   105.35
05:42:39 73.40   137.30   73.18   105.01
05:43:42 73.63   148.10   73.18   104.90
05:44:45 73.85   152.71   73.29   104.90
05:45:48 74.08   131.00   73.40   104.68
05:46:51 74.30   113.45   73.40   104.23
05:47:55 73.85   112.78   73.29   103.66
05:48:58 73.51   111.09   73.40   102.76
05:50:01 73.18   112.21   73.29   102.09
05:51:05 73.06   111.65   73.29   101.53
05:52:08 72.95   110.41   73.18   100.85
05:53:11 72.84   108.16   73.29   100.40
05:54:15 72.72   106.59   73.29   99.95
05:55:18 72.61   105.80   73.29   99.50
05:56:21 73.18   123.91   73.40   99.16
05:57:25 73.51   141.01   73.51   99.28
05:58:27 73.85   151.70   73.63   99.50
05:59:30 74.08   138.54   73.63   99.73
06:00:34 74.30   114.46   73.74   99.61
06:01:37 74.08   112.55   73.74   99.39
06:02:40 73.63   111.54   73.74   98.83
06:03:44 73.40   110.19   73.51   98.38
06:04:47 73.18   111.65   73.51   97.81
06:05:50 72.95   110.53   73.51   97.48
06:06:54 72.84   109.40   73.51   99.28
06:07:57 72.84   107.83   73.40   100.51
06:09:00 72.72   106.25   73.40   100.40
06:10:04 72.72   104.34   73.29   99.95
06:11:07 72.61   103.21   73.40   99.50
06:12:10 72.61   101.53   73.40   99.05
06:13:14 72.50   100.29   73.40   98.60
06:14:17 72.50   99.16   73.29   98.15
06:15:20 72.50   97.92   73.40   97.81
06:16:24 72.39   97.48   73.40   97.36
06:17:27 72.39   96.46   73.40   97.03
06:18:30 72.39   95.22   73.40   96.80
06:19:34 72.39   94.66   73.40   96.46
06:20:37 72.39   94.10   73.29   96.13
06:21:40 72.28   93.54   73.18   95.79
06:22:44 72.28   92.75   73.29   95.45
06:23:47 72.28   92.30   73.29   95.11
06:24:50 72.28   91.85   73.29   94.89
06:25:54 72.28   91.51   73.29   94.55
06:26:57 72.16   91.18   73.18   94.21
06:28:00 72.16   90.61   73.29   93.99
06:29:04 72.16   90.28   73.18   96.46
06:30:07 72.16   89.71   73.18   96.35
06:31:10 72.16   89.38   73.29   109.63
06:32:14 72.16   89.26   73.18   111.54
06:33:17 72.16   89.15   73.18   110.41
06:34:21 72.05   88.70   73.18   109.06
06:35:24 72.16   88.81   73.29   107.60
06:36:27 72.05   88.36   73.29   106.36
06:37:31 72.05   88.25   73.29   105.13
06:38:34 72.05   87.91   73.18   109.96
06:39:37 72.05   87.91   73.18   112.21
06:40:41 72.05   87.91   73.18   111.54
06:41:44 72.05   87.58   73.29   110.19
06:42:47 72.05   87.58   73.18   108.95
06:43:51 72.05   87.58   73.18   107.71
06:44:54 72.05   87.46   73.18   106.59
06:45:57 72.05   87.46   73.18   105.58
06:47:01 72.05   87.01   73.18   104.56
06:48:04 71.94   87.01   73.06   103.78
06:49:07 71.94   87.01   73.18   102.99
06:50:11 71.94   86.79   73.29   102.09
06:51:14 71.94   86.79   73.18   101.53
06:52:17 71.94   86.79   73.06   100.96
06:53:21 71.94   86.68   73.06   100.29
06:54:24 71.94   86.22   73.06   99.84
06:55:27 71.94   86.34   73.06   99.16
06:56:31 71.94   86.34   73.06   98.71
06:57:34 71.83   86.56   73.18   98.26
06:58:37 71.83   86.22   73.18   97.81
06:59:41 71.83   86.22   73.06   97.36
07:00:44 71.83   86.22   73.06   97.03
07:01:47 71.94   85.89   73.06   96.58
07:02:51 71.83   86.22   72.95   96.13
07:03:54 71.83   86.11   73.06   95.79
07:04:57 71.83   85.78   73.06   95.45
07:06:01 71.83   85.66   73.06   95.11
07:07:04 71.83   85.44   73.06   94.78
07:08:07 71.83   86.00   73.06   94.44
07:09:11 71.83   85.78   73.06   94.10
07:10:14 71.83   85.78   73.06   93.76
07:11:17 71.83   85.78   73.06   93.54
07:12:21 71.83   85.55   73.06   93.20
07:13:24 71.83   85.55   73.06   93.09
07:14:28 71.83   85.44   72.95   92.97
07:15:31 71.83   85.21   73.06   92.75
07:16:34 71.83   85.66   73.06   92.41
07:17:38 71.83   85.66   72.95   92.19
07:18:41 71.83   85.55   72.95   91.96
07:19:44 71.83   85.55   73.06   91.74
07:20:48 71.83   85.66   73.06   91.51
07:21:51 71.83   85.55   72.95   91.29
07:22:54 71.83   85.33   72.95   91.06
07:23:58 71.83   85.55   72.95   91.06
07:25:01 71.83   85.66   72.95   90.84
07:26:04 71.71   85.55   72.95   90.50
07:27:08 71.71   85.55   72.95   90.28
07:28:11 71.71   85.55   72.95   99.95
07:29:14 71.71   85.44   72.95   108.84
07:30:18 71.71   85.55   72.84   110.41
07:31:21 71.71   85.44   72.95   110.75
07:32:24 71.83   85.21   72.95   111.20
07:33:28 71.71   85.21   72.95   111.43
07:34:31 71.83   85.55   72.84   111.54
07:35:34 71.83   85.33   72.84   111.43
07:36:38 71.83   85.55   72.95   110.98
07:37:41 71.83   85.66   72.84   110.41
07:38:44 71.83   85.78   72.95   110.53
07:39:48 71.83   85.78   72.84   111.65
07:40:51 71.94   85.44   72.95   112.21
07:41:54 71.94   85.66   72.84   111.88
07:42:58 71.94   85.44   72.84   111.20
07:44:01 71.94   85.33   72.84   110.53
07:45:04 71.94   85.55   72.84   111.54
07:46:08 71.94   85.55   72.84   111.43
07:47:11 71.94   85.66   72.84   110.86
07:48:14 71.94   85.55   72.84   110.08
07:49:18 71.94   85.55   72.84   109.29
07:50:21 72.05   85.55   72.84   108.61
07:51:24 71.94   85.44   72.84   108.05
07:52:28 71.94   85.44   72.84   107.38
07:53:31 71.94   85.33   72.84   106.70
07:54:34 71.94   85.55   72.84   106.14
07:55:38 72.05   85.66   72.84   105.58
07:56:41 72.05   85.55   72.84   105.01
07:57:45 72.05   85.44   72.84   104.45
07:58:48 72.05   85.33   72.84   103.78
07:59:51 72.05   85.21   72.84   103.21
08:00:55 72.05   85.55   72.84   102.65
08:01:58 71.94   85.55   72.84   102.09
08:03:01 71.94   85.44   72.84   101.64
08:04:05 71.94   85.21   72.84   101.30
08:05:08 71.94   85.55   72.84   100.85
08:06:11 71.94   85.44   72.84   100.29
08:07:15 71.94   85.10   72.84   99.95
08:08:18 71.83   85.33   72.84   112.66
08:09:21 71.83   85.21   72.84   115.48
08:10:25 71.83   85.33   72.95   114.58
08:11:28 71.83   85.33   72.84   113.11
08:12:31 71.83   85.21   72.84   114.24
08:13:35 71.71   85.21   72.84   113.56
08:14:38 71.83   85.10   72.84   112.55
08:15:41 71.83   84.99   72.84   111.43
08:16:45 71.83   85.33   72.84   110.41
08:17:48 71.71   85.33   72.84   109.51
08:18:51 71.83   85.10   72.72   108.61
08:19:55 71.71   84.99   72.72   107.71
08:20:58 71.71   84.99   72.72   106.81
08:22:01 71.71   84.76   72.61   106.03
08:23:05 71.71   85.21   72.61   105.24
08:24:08 71.71   84.88   72.50   104.56
08:25:11 71.71   85.10   72.61   103.78
08:26:15 71.71   85.21   72.50   103.21
08:27:18 71.71   85.10   72.61   102.65
08:28:21 71.71   84.99   72.61   102.09
08:29:25 71.71   85.10   72.61   101.41
08:30:28 71.71   84.99   72.50   100.85
08:31:32 71.71   84.88   72.50   100.29
08:32:35 71.71   84.76   72.50   99.84
08:33:38 71.71   84.99   72.50   99.39
08:34:42 71.71   84.99   72.50   98.94
08:35:45 71.71   85.10   72.50   98.49
08:36:48 71.71   84.76   72.39   98.04
08:37:52 71.71   84.99   72.39   97.59
08:38:55 71.60   84.76   72.39   97.14
08:39:58 71.60   85.10   72.39   96.69
08:41:02 71.60   85.10   72.39   96.35
08:42:05 71.60   84.65   72.28   96.01
08:43:08 71.60   84.99   72.28   95.68
08:44:12 71.60   84.65   72.28   95.34
08:45:15 71.60   84.65   72.28   94.89
08:46:18 71.60   84.65   72.28   94.66
08:47:22 71.60   84.54   72.28   94.33
08:48:25 71.60   84.54   72.28   93.99
08:49:28 71.60   84.88   72.28   93.76
08:50:32 71.60   84.76   72.28   93.43
08:51:35 71.60   84.99   72.16   93.09
08:52:38 71.60   84.54   72.28   92.86
08:53:42 71.60   84.54   72.16   92.53
08:54:45 71.60   84.43   72.16   92.30
08:55:48 71.60   84.43   72.16   92.08
08:56:52 71.60   84.54   72.16   91.85
08:57:55 71.60   84.65   72.05   91.63
08:58:58 71.60   84.88   72.05   91.40
09:00:02 71.60   84.31   72.05   91.29
09:01:05 71.60   84.43   72.05   91.06
09:02:08 71.60   84.88   72.16   90.84
09:03:12 71.60   84.65   72.16   90.61
09:04:15 71.49   84.76   72.16   90.39
09:05:18 71.49   84.43   72.05   90.28
09:06:22 71.49   84.43   71.94   90.05
09:07:25 71.60   84.43   72.05   89.94
09:08:28 71.60   84.54   72.05   89.71
09:09:32 71.60   84.76   72.05   89.49
09:10:35 71.49   84.76   71.94   89.38
09:11:39 71.49   84.54   71.94   89.15
09:12:42 71.49   84.76   72.05   89.04
09:13:45 71.60   84.65   71.94   88.81
09:14:49 71.49   84.31   71.94   88.81
09:15:52 71.49   84.09   71.94   88.70
09:16:55 71.49   84.20   71.94   88.59
09:17:59 71.49   84.31   71.94   88.47
09:19:02 71.49   84.65   71.83   88.36
09:20:05 71.49   84.43   71.94   88.14
09:21:09 71.49   84.20   71.94   88.03
09:22:12 71.49   84.54   71.83   87.80
09:23:15 71.49   84.65   71.83   87.69
09:24:19 71.49   84.54   71.83   87.69
09:25:22 71.49   84.20   71.83   87.69
09:26:25 71.49   84.31   71.71   87.46
09:27:29 71.49   84.43   71.83   87.46
09:28:32 71.49   84.54   71.83   87.24
09:29:35 71.49   84.65   71.83   87.13
09:30:39 71.49   84.54   71.83   87.01
09:31:42 71.49   84.43   71.83   86.90
09:32:45 71.49   83.97   71.83   86.79
09:33:49 71.49   84.31   71.71   86.79
09:34:52 71.49   84.31   71.71   86.79
09:35:55 71.49   84.09   71.83   86.56
09:36:59 71.49   84.43   71.71   86.45
09:38:02 71.49   84.43   71.71   86.34
09:39:05 71.49   84.54   71.71   86.22
09:40:09 71.49   84.43   71.71   86.22
09:41:12 71.49   83.97   71.71   86.11
09:42:15 71.38   84.20   71.71   86.11
09:43:19 71.49   83.86   71.83   86.00
09:44:22 71.49   83.86   71.71   86.00
09:45:25 71.38   84.31   71.71   85.89
09:46:29 71.38   84.43   71.71   85.78
09:47:32 71.49   84.31   71.71   85.78
09:48:36 71.38   84.20   71.71   85.66
09:49:39 71.38   84.09   71.60   85.66
09:50:42 71.49   84.20   71.71   85.44
09:51:46 71.38   84.31   71.71   85.33
09:52:49 71.38   84.43   71.71   85.33
09:53:52 71.38   84.20   71.71   85.33
09:54:56 71.38   84.20   71.71   85.21
09:55:59 71.38   84.31   71.71   85.10
09:57:02 71.38   84.09   71.71   85.21
09:58:06 71.38   84.09   71.60   85.10
09:59:09 71.38   83.97   71.60   85.10
10:00:12 71.38   84.09   71.60   84.99
10:01:16 71.38   83.86   71.60   84.88
10:02:19 71.38   83.97   71.60   84.88
10:03:22 71.38   84.09   71.60   84.65
10:04:26 71.38   84.43   71.60   84.76
10:05:29 71.38   84.09   71.60   84.76
10:06:32 71.38   83.86   71.60   84.76
10:07:36 71.38   83.75   71.60   84.76
10:08:39 71.38   83.86   71.60   84.54
10:09:42 71.38   84.09   71.60   84.54
10:10:46 71.38   83.97   71.60   84.54
10:11:49 71.38   84.20   71.60   84.54
10:12:52 71.38   83.86   71.60   84.43
10:13:56 71.38   84.09   71.60   84.31
10:14:59 71.38   83.97   71.60   84.31
10:16:02 71.38   83.97   71.49   84.20
10:17:06 71.38   83.97   71.60   84.09
10:18:09 71.38   83.75   71.60   84.09
10:19:12 71.38   83.86   71.60   84.09
10:20:16 71.26   83.86   71.49   84.09
10:21:19 71.38   83.53   71.49   84.20
10:22:22 71.38   84.09   71.49   84.09
10:23:26 71.38   83.75   71.49   83.97
10:24:29 71.38   83.86   71.49   83.86
10:25:32 71.38   83.86   71.60   83.97
10:26:36 71.38   83.86   71.49   83.97
10:27:39 71.26   83.86   71.49   83.97
10:28:43 71.38   83.75   71.38   83.97
10:29:46 71.26   83.86   71.49   83.86
10:30:49 71.26   83.86   71.49   83.86
10:31:53 71.26   83.75   71.38   83.86
10:32:56 71.26   83.75   71.38   83.86
10:33:59 71.26   83.75   71.49   83.86
10:35:03 71.26   83.75   71.49   83.86
10:36:06 71.26   83.86   71.38   83.86
10:37:09 71.26   83.86   71.38   83.86
10:38:13 71.26   83.75   71.38   83.86
10:39:16 71.26   83.53   71.38   83.75
10:40:19 71.26   83.86   71.38   83.86
10:41:23 71.26   83.97   71.38   83.86
10:42:26 71.26   83.75   71.38   83.86
10:43:29 71.26   83.64   71.38   83.75
10:44:33 71.26   83.86   71.38   83.75
10:45:36 71.26   83.53   71.38   83.75
10:46:39 71.26   83.64   71.38   83.75
10:47:43 71.26   83.53   71.38   83.75
10:48:46 71.26   83.64   71.38   83.64
10:49:49 71.26   83.86   71.38   83.53
10:50:53 71.26   84.09   71.38   83.64
10:51:56 71.26   83.86   71.38   83.53
10:52:59 71.26   83.64   71.38   83.53
10:54:03 71.26   83.53   71.38   83.41
10:55:06 71.26   83.53   71.26   83.41
10:56:09 71.26   83.64   71.38   83.41
10:57:13 71.26   83.97   71.38   83.53
10:58:16 71.26   83.75   71.38   83.53
10:59:19 71.26   83.64   71.26   83.41
11:00:23 71.26   83.86   71.26   83.41
11:01:26 71.26   83.53   71.26   83.30
11:02:29 71.26   83.53   71.26   83.19
11:03:33 71.26   83.19   71.38   83.19
11:04:36 71.26   83.30   71.26   83.30
11:05:39 71.26   83.30   71.26   83.19
11:06:43 71.26   83.64   71.26   83.19
11:07:46 71.26   83.41   71.38   83.19
11:08:49 71.26   83.41   71.38   83.08
11:09:53 71.15   83.41   71.26   83.19
11:10:56 71.26   83.53   71.26   83.08
11:11:59 71.15   83.64   71.26   83.08
11:13:03 71.26   83.75   71.26   83.08
11:14:06 71.26   83.75   71.26   82.96
11:15:10 71.15   83.64   71.26   82.96
11:16:13 71.15   83.53   71.26   82.96
11:17:16 71.15   83.41   71.26   83.08
11:18:20 71.15   83.86   71.26   83.08
11:19:23 71.15   83.19   71.38   83.08
11:20:26 71.26   83.75   71.26   83.08
11:21:30 71.15   83.53   71.26   83.08
11:22:33 71.15   83.75   71.26   82.96
11:23:36 71.15   83.75   71.26   83.08
11:24:40 71.15   83.75   71.15   83.08
11:25:43 71.15   83.75   71.26   83.08
11:26:46 71.15   83.86   71.26   83.08
11:27:50 71.15   83.75   71.26   83.19
11:28:53 71.15   83.30   71.26   83.08
11:29:56 71.15   83.41   71.26   82.96
11:31:00 71.15   83.41   71.26   82.85
11:32:03 71.15   83.19   71.26   82.96
11:33:06 71.15   83.19   71.26   82.85
11:34:10 71.15   83.53   71.26   82.85
11:35:13 71.15   83.30   71.15   82.74
11:36:16 71.15   83.64   71.26   82.74
11:37:20 71.15   83.64   71.15   82.74
11:38:23 71.15   83.64   71.15   82.74
11:39:26 71.04   83.30   71.15   82.74
11:40:30 71.15   83.53   71.15   82.74
11:41:33 71.15   83.08   71.26   82.63
11:42:36 71.15   83.19   71.26   82.74
11:43:40 71.15   83.19   71.15   82.74
11:44:43 71.15   83.64   71.15   82.85
11:45:46 71.15   83.41   71.15   82.74
11:46:50 71.15   83.41   71.15   82.74
11:47:53 71.15   83.41   71.15   82.74
11:48:56 71.15   83.41   71.15   82.85
11:50:00 71.15   83.41   71.15   82.85
11:51:03 71.15   83.41   71.15   82.85
11:52:06 71.15   83.19   71.04   82.74
11:53:10 71.15   83.53   71.15   82.74
11:54:13 71.15   83.19   71.04   82.74
11:55:16 71.04   83.30   71.15   82.85
11:56:20 71.15   83.30   71.04   82.85
11:57:23 71.04   83.19   71.15   82.85
11:58:26 71.15   83.19   71.04   82.74
11:59:30 71.15   83.53   71.04   82.74
12:00:33 71.04   83.30   71.15   82.63
12:01:36 71.15   83.41   71.15   82.63
12:02:40 71.04   83.64   71.04   82.51
12:03:43 71.04   83.53   71.04   82.51
12:04:46 71.04   83.30   71.15   82.40
12:05:50 71.04   83.41   71.04   82.51
12:06:53 71.04   83.41   71.04   82.51
12:07:56 71.15   83.08   71.04   82.40
12:09:00 71.15   82.96   71.04   82.51
12:10:03 71.04   83.30   71.15   82.40
12:11:06 71.04   83.08   71.04   82.40
12:12:10 71.04   83.41   71.04   82.40
12:13:13 71.04   82.96   71.04   82.51
12:14:17 71.04   83.30   71.15   82.40
12:15:20 71.04   83.53   71.04   82.51
12:16:23 71.04   83.30   71.04   82.40
12:17:27 71.04   83.41   71.04   82.40
12:18:30 71.04   83.30   71.04   82.40
12:19:33 71.04   83.19   71.04   82.29
12:20:37 71.04   83.41   71.04   82.29
12:21:40 71.04   83.30   71.04   82.29
12:22:43 71.04   83.64   71.04   82.18
12:23:47 71.04   83.19   71.15   82.18
12:24:50 71.04   83.08   71.04   82.18
12:25:53 71.04   83.53   71.04   82.06
12:26:57 71.04   83.41   71.04   82.29
12:28:00 71.04   83.19   71.04   82.18
12:29:03 71.04   83.41   71.04   82.18
12:30:07 71.04   83.08   71.04   82.18
12:31:10 71.04   83.41   70.93   82.29
12:32:13 71.04   83.30   71.04   82.29
12:33:17 71.04   83.41   71.04   82.18
12:34:20 71.04   83.19   70.93   82.29
12:35:23 71.04   83.53   71.04   82.40
12:36:27 71.04   83.30   71.04   82.29
12:37:30 71.04   83.30   71.04   82.29
12:38:33 71.04   83.30   70.93   82.29
12:39:37 71.04   83.30   71.04   82.29
12:40:40 71.04   83.19   71.04   82.06
12:41:43 71.04   83.30   71.04   82.18
12:42:47 71.04   82.96   70.93   82.18
12:43:50 71.04   82.85   71.04   82.18
12:44:53 71.04   83.19   71.04   82.29
12:45:57 71.04   83.19   71.04   82.29
12:47:00 71.04   83.08   71.04   82.29
12:48:04 70.93   83.19   71.04   82.18
12:49:07 71.04   83.08   71.04   82.29
12:50:10 71.04   83.08   70.93   82.18
12:51:14 70.93   82.96   70.93   82.18
12:52:17 71.04   82.96   70.93   82.18
12:53:20 71.04   82.96   71.04   82.18
12:54:24 71.04   83.19   70.93   82.29
12:55:27 71.04   83.19   70.93   82.29
12:56:30 71.04   83.30   70.93   82.29
12:57:34 71.04   82.85   70.93   82.18
12:58:37 71.04   82.96   70.93   82.18
12:59:40 70.93   83.08   70.93   82.18
13:00:44 70.93   83.08   70.93   82.06
13:01:47 71.04   82.96   70.93   82.06
13:02:50 70.93   83.08   70.93   82.06
13:03:54 71.04   82.96   70.93   82.18
13:04:57 71.04   83.08   70.93   82.18
13:06:00 70.93   82.74   70.93   82.06
13:07:04 70.93   82.74   70.93   82.18
13:08:07 70.93   83.08   70.93   82.06
13:09:10 70.93   82.96   70.81   82.06
13:10:14 70.93   83.08   70.93   81.95
13:11:17 70.93   82.96   70.93   81.95
13:12:20 70.93   82.96   70.93   81.84
13:13:24 70.93   83.08   70.93   81.95
13:14:27 70.93   82.85   70.93   82.06
13:15:30 70.93   82.85   70.93   82.06
13:16:34 70.93   83.30   70.93   81.95
13:17:37 70.93   83.30   70.93   81.95
13:18:40 70.93   83.19   70.93   81.84
13:19:44 70.93   83.19   70.81   81.84
13:20:47 70.93   83.19   70.81   81.84
13:21:50 70.93   82.85   70.81   81.95
13:22:54 70.93   82.96   70.81   81.84
13:23:57 70.93   83.19   70.81   81.84
13:25:01 70.93   83.19   70.81   81.84
13:26:04 70.93   83.19   70.81   81.95
13:27:07 70.93   82.85   70.81   81.95
13:28:11 70.93   82.85   70.93   81.95
13:29:14 70.93   83.19   70.81   81.84
13:30:17 70.93   82.74   70.93   81.84
13:31:21 70.93   82.96   70.93   81.84
13:32:24 70.93   83.08   70.93   81.84
13:33:27 70.93   82.96   70.81   81.72
13:34:31 70.93   83.30   70.93   81.84
13:35:34 70.93   83.41   70.81   81.84
13:36:37 70.93   83.19   70.81   81.84
13:37:41 70.93   82.96   70.81   81.84
13:38:44 70.93   83.08   70.70   81.84
13:39:47 70.93   83.30   70.81   81.84
13:40:51 70.93   82.96   70.81   81.84
13:41:54 70.93   82.96   70.81   81.72
13:42:57 70.93   83.08   70.81   81.84
13:44:01 70.81   82.85   70.81   81.95
13:45:04 70.93   82.96   70.81   81.84
13:46:07 70.93   82.96   70.81   81.84
13:47:11 70.93   82.85   70.81   81.72
13:48:14 70.93   82.85   70.81   81.72
13:49:17 70.93   83.19   70.81   81.61
13:50:21 70.81   83.08   70.81   81.61
13:51:24 70.93   82.74   70.81   81.72
13:52:27 70.81   82.85   70.81   81.72
13:53:31 70.93   82.96   70.81   81.84
13:54:34 70.93   82.96   70.81   81.72
13:55:37 70.81   82.74   70.81   81.72
13:56:41 70.81   82.96   70.81   81.61
13:57:44 70.81   83.08   70.81   81.61
13:58:47 70.81   82.96   70.81   81.50
13:59:51 70.81   82.74   70.81   81.72
14:00:54 70.81   83.08   70.81   81.84
14:01:58 70.93   82.74   70.70   81.84
14:03:01 70.81   82.85   70.81   81.72
14:04:04 70.81   82.85   70.81   81.72
14:05:08 70.81   82.96   70.70   81.61
14:06:11 70.81   82.85   70.81   81.61
14:07:14 70.81   82.74   70.81   81.61
14:08:18 70.81   82.96   70.81   81.61
14:09:21 70.81   83.08   70.70   81.61
14:10:24 70.81   83.08   70.70   81.61
14:11:28 70.81   82.74   70.70   81.50
14:12:31 70.81   82.85   70.70   81.50
14:13:34 70.81   82.74   70.70   81.50
14:14:38 70.81   82.51   70.81   81.39
14:15:41 70.81   82.63   70.70   81.50
14:16:44 70.81   82.40   70.81   81.50
14:17:48 70.81   83.08   70.70   81.61
14:18:51 70.81   82.63   70.70   81.61
14:19:54 70.81   82.51   70.70   81.61
14:20:58 70.81   82.63   70.81   81.61
14:22:01 70.81   82.74   70.70   81.61
14:23:04 70.81   82.74   70.81   81.50
14:24:08 70.81   82.85   70.70   81.50
14:25:11 70.81   82.85   70.70   81.61
14:26:14 70.81   82.85   70.70   81.61
14:27:18 70.81   82.63   70.70   81.61
14:28:21 70.81   82.63   70.70   81.61
14:29:24 70.81   83.08   70.70   81.72
14:30:28 70.81   82.74   70.70   81.72
14:31:31 70.81   82.85   70.59   81.72
14:32:34 70.81   82.40   70.70   81.61
14:33:38 70.81   82.51   70.59   81.61
14:34:41 70.81   82.74   70.70   81.50
14:35:45 70.81   82.74   70.70   81.39
14:36:48 70.81   82.96   70.59   81.50
14:37:51 70.81   82.74   70.70   81.50
14:38:55 70.81   82.85   70.70   81.50
14:39:58 70.81   82.74   70.70   81.50
14:41:01 70.81   82.74   70.59   81.50
14:42:05 70.81   82.63   70.59   81.39
14:43:08 70.81   82.63   70.59   81.39
14:44:11 70.81   82.85   70.70   81.28
14:45:15 70.81   82.85   70.70   81.39
14:46:18 70.81   82.85   70.70   81.39
14:47:21 70.81   82.74   70.70   81.39
14:48:25 70.81   82.51   70.70   81.39
14:49:28 70.81   82.51   70.70   81.50
14:50:31 70.81   82.85   70.59   81.50
14:51:35 70.81   82.63   70.70   81.50
14:52:38 70.81   82.85   70.70   81.50
14:53:41 70.81   82.51   70.70   81.50
14:54:45 70.81   82.85   70.70   81.50
14:55:48 70.81   82.85   70.59   81.61
14:56:51 70.81   82.85   70.59   81.50
14:57:55 70.81   82.74   70.59   81.39
14:58:58 70.81   82.74   70.70   81.39
15:00:01 70.70   82.63   70.59   81.50
15:01:05 70.70   82.85   70.70   81.50
15:02:08 70.70   82.74   70.70   81.50
15:03:11 70.70   82.51   70.59   81.39
15:04:15 70.81   82.63   70.70   81.28
15:05:18 70.70   82.74   70.59   81.28
15:06:21 70.70   82.74   70.70   81.28
15:07:25 70.70   82.51   70.59   81.16
15:08:28 70.81   82.85   70.59   81.16
15:09:32 70.70   82.63   70.59   81.16
15:10:35 70.70   82.51   70.59   81.28
15:11:38 70.70   85.89   70.59   81.28
15:12:42 71.04   125.71   70.81   81.28
15:13:44 71.38   146.75   71.04   81.95
15:14:47 71.71   155.98   71.04   82.85
15:15:50 72.05   149.68   71.15   83.64
15:16:53 72.39   147.65   71.26   84.09
15:17:56 72.72   151.81   71.49   84.76
15:18:59 73.06   127.85   71.60   85.10
15:20:02 73.18   113.79   71.60   84.99
15:21:06 72.72   114.01   71.49   84.65
15:22:09 72.28   113.00   71.49   84.43
15:23:12 72.05   110.19   71.38   84.31
15:24:16 71.94   108.61   71.38   84.09
15:25:19 71.83   111.09   71.49   83.97
15:26:22 71.71   109.96   71.38   83.86
15:27:26 71.60   110.75   71.38   83.86
15:28:29 72.16   132.69   71.60   83.97
15:29:32 72.39   146.64   71.60   84.65
15:30:35 72.72   155.75   71.71   85.44
15:31:38 72.95   138.43   71.83   86.11
15:32:41 73.18   114.35   71.94   86.22
15:33:44 72.95   113.45   71.83   86.00
15:34:48 72.50   113.11   71.71   85.66
15:35:51 72.28   110.98   71.83   85.44
15:36:54 72.16   113.34   71.83   85.21
15:37:58 71.94   112.66   71.71   85.21
15:39:01 71.83   110.75   71.83   85.21
15:40:04 71.83   109.29   71.83   85.10
15:41:08 71.71   107.60   71.83   85.10
15:42:11 71.71   111.31   71.71   84.99
15:43:14 72.39   135.05   71.94   84.99
15:44:17 72.61   148.66   71.94   85.66
15:45:20 72.95   151.70   72.05   86.45
15:46:23 73.29   126.05   72.16   86.90
15:47:27 73.29   113.11   72.16   86.90
15:48:30 72.95   113.56   72.05   86.79
15:49:33 72.61   112.44   72.05   86.45
15:50:37 72.39   113.90   72.05   86.34
15:51:40 72.16   112.78   72.16   86.11
15:52:43 72.05   111.76   72.05   86.00
15:53:47 71.94   109.74   72.05   86.00
15:54:50 71.94   108.95   72.05   85.89
15:55:53 71.83   106.70   72.16   86.00
15:56:57 71.83   105.80   72.05   85.89
15:58:00 71.71   103.78   71.94   86.00
15:59:03 71.71   102.09   71.94   85.89
16:00:07 71.60   101.30   72.05   85.78
16:01:10 71.60   100.40   71.94   85.78
16:02:13 71.60   98.83   71.94   85.66
16:03:17 71.60   99.28   71.94   85.55
16:04:20 72.16   125.38   72.05   85.66
16:05:23 72.50   144.61   72.16   86.11
16:06:26 72.84   144.73   72.28   86.79
16:07:29 73.06   119.64   72.39   87.24
16:08:33 73.06   112.66   72.28   87.24
16:09:36 72.72   111.99   72.16   87.13
16:10:39 72.39   111.31   72.16   87.01
16:11:43 72.28   112.44   72.16   86.79
16:12:46 72.16   111.88   72.16   86.68
16:13:49 71.94   110.53   72.16   86.56
16:14:53 71.94   109.06   72.28   86.56
16:15:56 71.83   107.49   72.28   86.45
16:16:59 71.71   105.46   72.28   86.45
16:18:03 71.71   104.68   72.28   86.34
16:19:06 71.71   102.65   72.28   86.34
16:20:09 71.71   101.64   72.16   86.22
16:21:13 71.71   100.96   72.16   86.34
16:22:16 71.60   100.51   72.16   86.22
16:23:19 71.60   98.94   72.05   86.11
16:24:23 71.60   97.70   72.05   86.11
16:25:26 71.60   96.46   72.05   86.00
16:26:29 71.49   96.01   72.05   86.00
16:27:33 71.49   95.56   72.05   86.00
16:28:36 71.49   94.44   72.05   86.00
16:29:39 71.49   93.65   72.05   85.89
16:30:43 71.49   93.54   71.94   85.89
16:31:46 71.38   92.64   72.05   85.89
16:32:49 71.49   92.30   71.94   85.78
16:33:53 71.49   91.74   72.05   85.78
16:34:56 71.38   91.51   71.94   85.66
16:35:59 71.38   91.29   71.94   85.55
16:37:03 71.38   90.50   71.94   85.55
16:38:06 71.38   90.50   71.94   85.44
16:39:09 71.38   89.83   71.83   85.55
16:40:13 71.38   89.49   71.83   85.44
16:41:16 71.38   89.04   71.83   97.59
16:42:19 71.38   89.15   71.94   105.13
16:43:23 71.38   88.70   71.94   105.13
16:44:26 71.38   88.70   71.94   103.66
16:45:30 71.26   88.14   71.83   102.54
16:46:33 71.26   88.36   71.83   101.19
16:47:36 71.26   87.80   71.94   105.80
16:48:40 71.26   87.69   71.83   108.39
16:49:43 71.26   87.91   71.71   108.73
16:50:46 71.26   87.35   71.71   109.06
16:51:50 71.26   87.35   71.71   109.51
16:52:53 71.26   87.01   71.60   109.74
16:53:56 71.26   87.35   71.71   109.85
16:55:00 71.26   87.13   71.71   110.08
16:56:03 71.26   86.90   71.71   109.96
16:57:06 71.26   86.68   71.71   110.08
16:58:10 71.26   86.79   71.71   110.08
16:59:13 71.26   86.79   71.60   109.51
17:00:16 71.26   86.79   71.71   108.95
17:01:20 71.26   86.68   71.60   109.40
17:02:23 71.38   86.56   71.71   110.53
17:03:26 71.38   86.68   71.71   110.19
17:04:30 71.38   86.68   71.60   109.63
17:05:33 71.38   86.45   71.60   109.06
17:06:36 71.26   86.34   71.60   108.39
17:07:40 71.38   86.56   71.60   111.54
17:08:43 71.38   86.45   71.60   113.45
17:09:46 71.38   86.45   71.60   113.56
17:10:50 71.38   86.56   71.60   113.23
17:11:53 71.38   86.34   71.49   113.45
17:12:56 71.38   86.22   71.60   113.34
17:14:00 71.38   86.34   71.71   113.56
17:15:03 71.38   86.22   71.60   112.89
17:16:06 71.38   86.22   71.60   112.10
17:17:10 71.38   86.11   71.60   111.09
17:18:13 71.38   86.00   71.60   110.19
17:19:17 71.38   86.22   71.60   109.40
17:20:20 71.38   86.22   71.60   108.61
17:21:23 71.38   86.22   71.60   107.83
17:22:27 71.38   86.34   71.60   107.04
17:23:30 71.38   86.34   71.71   106.25
17:24:33 71.49   86.11   71.71   107.15
17:25:37 71.38   86.00   71.71   114.58
17:26:40 71.38   86.22   71.71   114.46
17:27:43 71.38   86.22   71.71   113.23
17:28:47 71.38   86.00   71.71   111.88
17:29:50 71.38   85.89   71.71   110.64
17:30:53 71.38   85.66   71.71   109.51
17:31:57 71.26   85.78   71.71   108.50
17:33:00 71.26   85.66   71.71   107.60
17:34:03 71.26   85.55   71.71   106.70
17:35:07 71.26   85.44   71.71   105.91
17:36:10 71.26   85.55   71.71   105.13
17:37:13 71.26   85.89   71.71   104.45
17:38:17 71.26   86.00   71.71   104.11
17:39:20 71.26   85.78   71.71   111.20
17:40:23 71.26   85.55   71.71   110.98
17:41:27 71.26   85.89   71.71   109.63
17:42:30 71.15   85.66   71.71   108.39
17:43:33 71.15   85.66   71.71   107.26
17:44:37 71.15   85.78   71.71   106.25
17:45:40 71.15   85.78   71.71   105.35
17:46:43 71.15   85.55   71.71   104.34
17:47:47 71.26   85.66   71.71   103.55
17:48:50 71.26   85.66   71.71   102.76
17:49:53 71.26   85.55   71.71   102.09
17:50:57 71.26   85.33   71.60   101.41
17:52:00 71.26   85.33   71.49   100.74
17:53:03 71.26   85.33   71.38   100.06
17:54:07 71.38   85.44   71.38   99.61
17:55:10 71.38   85.44   71.38   99.16
17:56:13 71.38   84.88   71.38   98.60
17:57:17 71.38   85.21   71.38   98.15
17:58:20 71.26   85.10   71.38   97.70
17:59:23 71.26   84.99   71.38   97.36
18:00:27 71.15   84.99   71.38   97.03
18:01:30 71.15   85.10   71.38   96.58
18:02:34 71.15   85.33   71.49   106.14
18:03:37 71.15   85.10   71.49   112.33
18:04:40 71.15   84.99   71.49   113.11
18:05:44 71.04   84.99   71.60   112.21
18:06:47 71.04   85.10   71.60   110.75
18:07:50 71.04   84.99   71.60   109.40
18:08:54 71.04   84.76   71.60   108.73
18:09:57 71.04   84.88   71.60   109.85
18:11:00 71.04   85.21   71.60   108.95
18:12:04 71.15   85.10   71.60   107.71
18:13:07 71.04   85.10   71.60   106.48
18:14:10 71.15   84.88   71.60   105.35
18:15:14 71.15   85.33   71.60   104.45
18:16:17 71.15   85.10   71.60   103.44
18:17:20 71.15   84.99   71.60   102.65
18:18:24 71.15   84.99   71.60   106.48
18:19:27 71.15   85.10   71.49   111.65
18:20:30 71.15   84.76   71.60   112.33
18:21:34 71.26   85.10   71.60   111.88
18:22:37 71.26   84.76   71.60   111.31
18:23:40 71.26   84.65   71.49   110.86
18:24:44 71.38   84.54   71.60   111.20
18:25:47 71.38   84.65   71.49   110.41
18:26:50 71.38   84.99   71.49   109.40
18:27:54 71.38   85.10   71.49   108.39
18:28:57 71.38   85.10   71.49   107.49
18:30:00 71.38   84.99   71.49   106.59
18:31:04 71.26   85.10   71.49   105.69
18:32:07 71.26   85.10   71.49   104.79
18:33:10 71.26   85.10   71.60   103.78
18:34:14 71.26   84.99   71.60   102.88
18:35:17 71.26   85.21   71.60   102.20
18:36:20 71.26   85.33   71.60   101.41
18:37:24 71.26   85.10   71.71   100.74
18:38:27 71.26   84.99   71.71   100.06
18:39:31 71.26   84.88   71.60   99.61
18:40:34 71.15   84.65   71.71   99.05
18:41:37 71.15   84.99   71.71   98.49
18:42:41 71.26   84.99   71.60   98.04
18:43:44 71.15   84.99   71.60   97.59
18:44:47 71.15   85.10   71.60   97.14
18:45:51 71.15   84.99   71.60   96.80
18:46:54 71.15   84.99   71.71   96.46
18:47:57 71.15   84.88   71.60   96.01
18:49:01 71.15   84.76   71.60   95.68
18:50:04 71.15   84.76   71.60   95.34
18:51:07 71.15   84.54   71.71   94.89
18:52:11 71.15   84.65   71.71   94.55
18:53:14 71.15   84.88   71.60   94.21
18:54:17 71.15   84.99   71.60   93.99
18:55:21 71.15   84.76   71.60   93.65
18:56:24 71.15   84.54   71.60   93.31
18:57:27 71.15   84.76   71.60   93.09
18:58:31 71.15   84.65   71.60   92.75
18:59:34 71.15   84.65   71.60   92.53
19:00:37 71.15   84.76   71.60   92.30
19:01:41 71.15   84.76   71.60   92.08
19:02:44 71.15   85.21   71.60   91.96
19:03:47 71.04   84.76   71.60   91.63
19:04:51 71.15   84.99   71.60   91.40
19:05:54 71.15   85.10   71.60   91.29
19:06:57 71.15   85.10   71.60   91.06
19:08:01 71.15   84.88   71.60   90.72
19:09:04 71.04   84.65   71.60   90.61
19:10:07 71.04   84.99   71.71   90.39
19:11:11 71.15   84.99   71.60   90.28
19:12:14 71.04   85.10   71.60   104.79
19:13:17 71.04   84.99   71.60   110.41
19:14:21 71.04   84.99   71.60   111.31
19:15:24 71.15   84.88   71.60   111.43
19:16:27 71.04   84.99   71.60   111.76
19:17:31 71.15   84.88   71.60   111.99
19:18:34 71.15   84.65   71.60   111.99
19:19:37 71.15   84.88   71.60   111.88
19:20:41 71.15   84.76   71.60   111.54
19:21:44 71.15   84.99   71.60   111.31
19:22:47 71.15   84.65   71.60   111.09
19:23:51 71.26   84.99   71.60   110.86
19:24:54 71.26   85.10   71.60   110.53
19:25:57 71.26   85.10   71.60   110.19
19:27:01 71.26   85.21   71.60   109.51
19:28:04 71.26   85.10   71.60   110.08
19:29:08 71.26   85.33   71.60   110.08
19:30:11 71.26   84.88   71.60   110.64
19:31:14 71.26   84.99   71.60   111.09
19:32:18 71.26   85.10   71.60   110.64
19:33:21 71.38   84.99   71.60   110.08
19:34:24 71.26   85.10   71.60   109.40
19:35:28 71.26   85.21   71.60   108.84
19:36:31 71.26   85.33   71.60   108.05
19:37:34 71.38   85.21   71.60   107.38
19:38:38 71.38   84.99   71.60   106.70
19:39:41 71.38   85.10   71.60   106.14
19:40:44 71.38   84.88   71.60   105.58
19:41:48 71.38   85.10   71.60   105.01
19:42:51 71.38   85.10   71.60   104.45
19:43:54 71.38   85.10   71.60   103.89
19:44:58 71.38   85.21   71.60   103.44
19:46:01 71.38   85.10   71.60   102.88
19:47:04 71.38   85.10   71.60   102.43
19:48:08 71.38   84.99   71.60   102.20
19:49:11 71.38   85.21   71.60   101.75
19:50:14 71.38   85.21   71.60   101.19
19:51:18 71.49   85.21   71.60   100.85
19:52:21 71.38   85.21   71.60   100.51
19:53:24 71.38   84.99   71.71   100.29
19:54:28 71.38   84.99   71.71   99.95
19:55:31 71.38   84.99   71.71   99.39
19:56:34 71.38   84.88   71.71   98.83
19:57:38 71.38   85.10   71.71   98.49
19:58:41 71.38   84.99   71.71   98.15
19:59:44 71.38   84.99   71.71   97.81
20:00:48 71.38   84.88   71.71   97.36
20:01:51 71.38   85.10   71.71   97.14
20:02:54 71.26   85.10   71.71   96.80
20:03:58 71.26   84.88   71.71   96.58
20:05:01 71.26   84.88   71.83   96.35
20:06:05 71.26   84.65   71.83   96.01
20:07:08 71.26   84.65   71.83   95.79
20:08:11 71.26   84.76   71.94   95.45
20:09:14 71.26   84.76   71.94   95.22
20:10:18 71.26   84.88   71.94   95.00
20:11:21 71.26   84.88   71.94   94.78
20:12:24 71.26   84.99   71.94   94.44
20:13:28 71.26   84.88   71.94   94.21
20:14:31 71.26   84.88   72.05   93.88
20:15:34 71.26   84.99   72.05   93.54
20:16:38 71.26   85.10   72.05   93.31
20:17:41 71.26   85.21   72.05   93.20
20:18:44 71.26   85.21   72.05   92.97
20:19:48 71.26   84.88   72.05   92.75
20:20:51 71.26   85.10   72.16   92.53
20:21:54 71.26   84.99   72.16   92.30
20:22:58 71.26   84.88   72.16   92.08
20:24:01 71.26   84.99   72.16   91.85
20:25:04 71.26   84.88   72.16   91.74
20:26:08 71.26   84.99   72.16   91.51
20:27:11 71.26   85.33   72.16   91.29
20:28:14 71.26   85.21   72.28   91.18
20:29:18 71.26   85.10   72.28   91.18
20:30:21 71.26   85.10   72.28   90.95
20:31:24 71.26   85.33   72.28   90.72
20:32:28 71.26   85.33   72.28   90.50
20:33:31 71.26   85.44   72.28   90.39
20:34:34 71.26   85.10   72.39   90.16
20:35:38 71.26   84.99   72.28   90.05
20:36:41 71.26   85.21   72.28   89.94
20:37:44 71.26   85.33   72.28   89.71
20:38:48 71.26   85.33   72.28   89.71
20:39:51 71.26   85.33   72.39   89.49
20:40:54 71.26   85.21   72.28   89.38
20:41:58 71.26   85.33   72.39   89.26
20:43:01 71.26   85.33   72.39   89.15
20:44:04 71.26   85.10   72.50   89.04
20:45:08 71.26   85.10   72.50   88.93
20:46:11 71.38   85.10   72.50   88.70
20:47:14 71.26   85.21   72.72   88.59
20:48:18 71.38   85.10   72.61   88.36
20:49:21 71.26   85.21   72.61   88.36
20:50:24 71.38   84.99   72.50   88.25
20:51:28 71.38   85.10   72.61   88.03
20:52:31 71.38   84.88   72.61   87.91
20:53:34 71.38   85.21   72.61   87.80
20:54:38 71.26   85.10   72.72   87.80
20:55:41 71.38   84.88   72.72   87.69
20:56:44 71.26   84.88   72.72   87.58
20:57:48 71.26   84.99   72.61   87.46
20:58:51 71.26   85.21   72.61   87.35
20:59:54 71.38   85.33   72.61   87.35
21:00:58 71.38   85.33   72.61   87.24
21:02:01 71.38   85.21   72.61   87.13
21:03:04 71.38   85.10   72.61   87.13
21:04:08 71.38   85.21   72.61   87.01
21:05:11 71.38   85.44   72.61   86.90
21:06:14 71.38   85.21   72.61   86.79
21:07:18 71.38   84.88   72.61   86.68
21:08:21 71.38   85.10   72.72   86.68
21:09:24 71.38   85.21   72.72   86.56
21:10:28 71.38   85.21   72.72   86.56
21:11:31 71.38   84.88   72.72   86.56
21:12:34 71.38   84.99   72.61   86.45
21:13:38 71.38   85.10   72.61   86.34
21:14:41 71.38   85.21   72.61   86.22
21:15:44 71.38   85.21   72.61   86.22
21:16:48 71.38   84.99   72.72   86.11
21:17:51 71.38   85.21   72.61   86.00
21:18:54 71.38   84.99   72.61   86.00
21:19:58 71.38   84.76   72.72   86.00
21:21:01 71.38   85.21   72.72   85.89
21:22:04 71.38   85.10   72.61   85.89
21:23:08 71.38   85.10   72.61   85.78
21:24:11 71.38   85.10   72.72   85.89
21:25:15 71.26   85.21   72.72   85.89
21:26:18 71.38   85.21   72.61   85.78
21:27:21 71.38   85.10   72.72   85.66
21:28:25 71.38   85.33   72.72   85.66
21:29:28 71.26   85.10   72.72   85.55
21:30:31 71.26   85.33   72.72   85.55
21:31:35 71.26   84.99   72.72   85.55
21:32:38 71.26   84.99   72.72   85.55
21:33:41 71.38   85.21   72.72   85.44
21:34:45 71.38   84.99   72.72   85.33
21:35:48 71.38   85.21   72.72   85.33
21:36:51 71.38   84.99   72.72   85.33
21:37:55 71.38   85.21   72.72   85.10
21:38:58 71.38   85.33   72.72   85.10
21:40:01 71.38   84.99   72.72   84.99
21:41:05 71.38   84.99   72.72   85.10
21:42:08 71.26   85.10   72.72   84.99
21:43:11 71.38   85.21   72.84   85.10
21:44:15 71.38   85.33   72.84   85.10
21:45:18 71.38   85.55   72.72   85.10
21:46:21 71.38   85.21   72.84   84.99
21:47:25 71.38   84.99   72.84   84.99
21:48:28 71.38   85.21   72.84   84.99
21:49:31 71.38   85.10   72.84   84.99
21:50:35 71.26   84.88   72.72   84.99
21:51:38 71.38   84.76   72.84   84.76
21:52:41 71.38   85.21   72.84   84.65
21:53:45 71.38   85.10   72.84   84.76
21:54:48 71.38   85.33   72.84   84.76
21:55:51 71.26   85.10   72.84   84.76
21:56:55 71.26   85.33   72.84   84.76
21:57:58 71.38   85.21   72.84   84.65
21:59:01 71.38   85.21   72.84   84.65
22:00:05 71.38   85.33   72.84   84.54
22:01:08 71.38   85.33   72.84   84.54
22:02:11 71.38   85.44   72.84   84.54
22:03:15 71.38   85.21   72.84   84.43
22:04:18 71.38   85.33   72.84   84.43
22:05:22 71.38   85.44   72.84   84.31
22:06:25 71.38   84.99   72.84   84.43
22:07:28 71.38   85.10   72.84   84.43
22:08:32 71.38   85.33   72.84   84.43
22:09:35 71.38   85.33   72.84   84.43
22:10:38 71.38   85.21   72.84   84.43
22:11:42 71.38   85.10   72.95   84.43
22:12:45 71.38   85.21   72.95   84.43
22:13:48 71.38   84.88   72.95   84.31
22:14:52 71.38   85.21   72.95   84.31
22:15:55 71.38   84.99   72.95   84.31
22:16:58 71.38   85.33   72.95   84.43
22:18:02 71.38   85.21   72.95   84.31
22:19:05 71.38   85.33   72.95   84.31
22:20:08 71.38   85.33   72.95   84.31
22:21:12 71.38   85.33   72.95   84.43
22:22:15 71.38   85.55   72.95   84.31
22:23:18 71.38   85.33   72.95   84.31
22:24:22 71.38   85.44   72.95   84.09
22:25:25 71.38   85.33   72.95   84.09
22:26:28 71.38   85.21   72.95   83.97
22:27:32 71.38   85.21   72.95   84.09
22:28:35 71.38   85.44   72.95   84.20
22:29:38 71.38   85.55   72.95   102.88
22:30:42 71.38   85.66   72.95   108.16
22:31:45 71.49   85.44   72.95   110.41
22:32:48 71.49   85.55   73.06   112.21
22:33:52 71.38   85.21   73.06   112.21
22:34:55 71.38   85.33   72.95   111.09
22:35:58 71.38   85.44   72.84   111.20
22:37:02 71.38   85.33   72.95   111.76
22:38:05 71.38   85.55   72.95   111.43
22:39:08 71.38   85.55   72.95   110.75
22:40:12 71.38   85.21   72.95   110.30
22:41:15 71.38   85.44   72.95   109.74
22:42:18 71.38   85.33   72.95   109.18
22:43:22 71.38   85.33   72.95   110.08
22:44:25 71.38   85.44   72.95   109.96
22:45:28 71.38   85.33   72.95   109.51
22:46:32 71.38   85.55   72.84   109.06
22:47:35 71.49   85.55   72.84   108.50
22:48:38 71.49   85.66   72.95   107.94
22:49:42 71.49   85.78   72.84   107.26
22:50:45 71.49   85.78   72.95   106.59
22:51:48 71.49   85.89   72.84   105.91
22:52:52 71.49   85.55   72.95   105.35
22:53:55 71.49   85.66   72.84   104.68
22:54:58 71.49   85.55   72.84   104.00
22:56:02 71.49   85.55   72.84   103.33
22:57:05 71.60   85.44   72.84   102.65
22:58:09 71.60   85.44   72.84   102.09
22:59:12 71.60   85.55   72.84   101.53
23:00:15 71.60   85.21   72.84   100.96
23:01:19 71.60   85.55   72.84   100.51
23:02:22 71.60   85.44   72.84   100.06
23:03:25 71.60   85.44   72.84   99.61
23:04:29 71.60   85.66   72.84   99.16
23:05:32 71.60   85.10   72.84   98.60
23:06:35 71.49   85.10   72.84   98.26
23:07:39 71.60   85.21   72.84   97.81
23:08:42 71.60   85.10   72.84   97.48
23:09:45 71.60   85.21   72.84   97.03
23:10:49 71.60   85.44   72.84   96.69
23:11:52 71.49   85.21   72.84   96.35
23:12:55 71.60   85.21   72.84   96.01
23:13:59 71.49   85.66   72.84   95.68
23:15:02 71.49   85.33   72.84   95.34
23:16:05 71.49   84.88   72.84   95.00
23:17:09 71.49   85.21   72.84   94.66
23:18:12 71.49   85.21   72.84   94.33
23:19:15 71.49   85.33   72.84   94.10
23:20:19 71.49   85.33   72.84   93.76
23:21:22 71.49   85.33   72.84   93.54
23:22:25 71.49   85.33   72.84   93.20
23:23:29 71.49   85.21   72.84   92.97
23:24:32 71.49   85.10   72.84   92.75
23:25:35 71.49   85.10   72.84   92.41
23:26:39 71.49   84.99   72.84   92.19
23:27:42 71.49   85.10   72.84   91.96
23:28:45 71.49   85.44   72.84   91.63
23:29:49 71.49   85.33   72.84   91.40
23:30:52 71.49   85.66   72.84   91.29
23:31:55 71.49   85.33   72.84   91.18
23:32:59 71.49   85.10   72.84   90.95
23:34:02 71.49   85.21   72.84   104.11
23:35:06 71.49   85.33   72.84   109.51
23:36:09 71.49   85.55   72.84   111.65
23:37:12 71.49   85.10   72.84   112.10
23:38:16 71.49   85.55   72.84   111.54
23:39:19 71.49   85.44   72.84   110.41
23:40:22 71.49   85.33   72.84   109.18
23:41:26 71.49   85.21   72.84   107.83
23:42:29 71.49   85.78   72.84   106.81
23:43:32 71.49   85.66   72.84   105.58
23:44:36 71.49   85.55   72.84   104.56
23:45:39 71.49   85.66   72.84   103.66
23:46:42 71.49   85.66   72.84   102.76
23:47:46 71.49   85.66   72.84   102.09
23:48:49 71.49   85.44   72.84   101.30
23:49:52 71.49   85.33   72.84   100.63
23:50:56 71.49   85.55   72.84   99.95
23:51:59 71.60   85.55   72.84   99.39
23:53:02 71.49   85.55   72.84   98.83
23:54:06 71.49   85.78   72.84   98.26
23:55:09 71.49   85.66   72.84   97.70
23:56:12 71.49   85.44   72.84   97.25
23:57:16 71.49   85.21   72.84   96.80
23:58:19 71.49   85.21   72.84   96.46
23:59:22 71.49   85.10   72.84   96.01
