00:00:28 73.96   77.11   73.96   91.18
00:01:31 73.96   77.22   73.96   91.06
00:02:34 73.96   77.11   73.96   90.84
00:03:38 73.96   77.22   73.96   90.61
00:04:41 73.85   77.11   73.96   90.50
00:05:44 73.96   77.11   73.96   90.28
00:06:48 73.85   77.11   73.96   90.05
00:07:51 73.85   77.11   73.96   89.94
00:08:54 73.85   77.11   73.96   89.83
00:09:58 73.85   77.11   73.96   89.71
00:11:01 73.85   77.11   73.96   89.49
00:12:05 73.85   77.11   73.85   89.38
00:13:08 73.85   77.11   73.96   89.15
00:14:11 73.85   77.11   73.96   89.04
00:15:15 73.85   77.11   73.96   88.93
00:16:18 73.85   77.00   73.96   88.81
00:17:21 73.85   77.11   73.96   88.59
00:18:25 73.85   77.00   73.96   88.59
00:19:28 73.85   77.00   73.96   88.36
00:20:31 73.85   77.00   73.96   88.25
00:21:35 73.85   77.00   73.96   88.14
00:22:38 73.85   77.00   73.85   87.91
00:23:41 73.85   77.00   73.96   87.80
00:24:45 73.74   77.00   73.85   87.69
00:25:48 73.74   77.00   73.96   87.58
00:26:51 73.74   77.00   73.96   87.46
00:27:55 73.74   77.00   73.96   87.35
00:28:58 73.74   77.00   73.85   87.35
00:30:01 73.74   76.89   73.96   87.24
00:31:05 73.74   76.89   73.96   87.13
00:32:08 73.74   76.89   73.96   87.13
00:33:11 73.74   76.89   73.85   87.01
00:34:15 73.74   77.00   73.85   86.90
00:35:18 73.74   76.89   73.85   86.79
00:36:21 73.74   76.89   73.85   86.68
00:37:25 73.63   76.89   73.85   86.56
00:38:28 73.63   76.89   73.85   86.45
00:39:31 73.63   76.89   73.74   86.45
00:40:35 73.63   76.89   73.85   86.34
00:41:38 73.74   76.89   73.74   86.34
00:42:41 73.63   76.89   73.74   86.22
00:43:45 73.63   76.89   73.74   86.11
00:44:48 73.63   76.89   73.74   86.11
00:45:52 73.63   76.89   73.85   86.00
00:46:55 73.63   76.89   73.74   85.89
00:47:58 73.63   76.89   73.85   85.89
00:49:02 73.63   76.89   73.74   85.78
00:50:05 73.63   76.89   73.74   85.78
00:51:08 73.63   76.89   73.74   85.78
00:52:12 73.63   76.89   73.74   85.66
00:53:15 73.63   76.89   73.85   85.66
00:54:18 73.63   76.89   73.74   85.55
00:55:22 73.63   76.89   73.74   85.55
00:56:25 73.63   76.89   73.74   85.44
00:57:28 73.63   76.89   73.74   85.33
00:58:32 73.63   76.89   73.74   85.33
00:59:35 73.63   76.89   73.74   85.33
01:00:38 73.63   76.89   73.85   85.33
01:01:42 73.63   76.89   73.74   85.21
01:02:45 73.63   76.78   73.74   85.21
01:03:48 73.63   76.78   73.63   85.21
01:04:52 73.63   76.78   73.74   85.21
01:05:55 73.63   76.78   73.63   85.10
01:06:58 73.63   76.78   73.74   85.21
01:08:02 73.63   76.78   73.74   85.33
01:09:05 73.63   76.78   73.63   85.10
01:10:08 73.51   76.78   73.74   84.99
01:11:12 73.51   76.78   73.74   84.99
01:12:15 73.63   76.78   73.63   84.99
01:13:18 73.51   76.78   73.74   84.99
01:14:22 73.51   76.78   73.63   84.88
01:15:25 73.51   76.78   73.63   84.88
01:16:29 73.51   76.66   73.63   84.88
01:17:32 73.51   76.66   73.63   84.88
01:18:35 73.51   76.66   73.63   84.76
01:19:39 73.51   76.66   73.63   84.65
01:20:42 73.40   76.66   73.74   84.54
01:21:45 73.40   76.66   73.74   84.54
01:22:49 73.51   76.66   73.63   84.54
01:23:52 73.40   76.66   73.63   84.54
01:24:55 73.40   76.66   73.63   84.54
01:25:59 73.51   76.66   73.63   84.54
01:27:02 73.40   76.66   73.63   84.43
01:28:05 73.40   76.66   73.63   84.43
01:29:09 73.40   76.66   73.63   84.43
01:30:12 73.40   76.66   73.63   84.31
01:31:15 73.40   76.66   73.51   84.31
01:32:19 73.40   76.55   73.51   84.43
01:33:22 73.40   76.55   73.51   84.31
01:34:25 73.40   76.55   73.51   84.20
01:35:29 73.40   76.55   73.63   84.20
01:36:32 73.40   76.66   73.63   84.20
01:37:35 73.40   76.55   73.51   84.20
01:38:39 73.40   76.55   73.51   84.09
01:39:42 73.40   76.55   73.51   84.09
01:40:45 73.40   76.55   73.51   84.09
01:41:49 73.40   76.55   73.51   84.20
01:42:52 73.40   76.55   73.51   84.20
01:43:55 73.40   76.55   73.51   84.09
01:44:59 73.40   76.55   73.51   84.09
01:46:02 73.40   76.55   73.51   83.97
01:47:05 73.40   76.55   73.51   84.09
01:48:09 73.40   76.55   73.51   83.97
01:49:12 73.29   76.55   73.51   84.09
01:50:15 73.29   76.55   73.51   83.97
01:51:19 73.29   76.55   73.51   83.97
01:52:22 73.29   76.55   73.51   83.86
01:53:25 73.29   76.55   73.63   83.86
01:54:29 73.29   76.55   73.51   83.86
01:55:32 73.29   76.44   73.51   83.86
01:56:36 73.29   76.44   73.51   83.75
01:57:39 73.29   76.44   73.51   83.86
01:58:42 73.29   76.44   73.51   83.86
01:59:46 73.29   76.44   73.51   83.86
02:00:49 73.29   76.44   73.51   83.86
02:01:52 73.29   76.44   73.51   83.86
02:02:56 73.29   76.44   73.40   83.86
02:03:59 73.29   76.44   73.40   83.86
02:05:02 73.29   76.44   73.51   83.86
02:06:06 73.29   76.44   73.40   83.97
02:07:09 73.29   76.44   73.51   83.97
02:08:12 73.29   76.44   73.40   83.97
02:09:16 73.29   76.44   73.51   83.97
02:10:19 73.29   76.44   73.40   83.75
02:11:22 73.29   76.44   73.51   83.75
02:12:26 73.29   76.44   73.40   83.75
02:13:29 73.29   76.44   73.40   83.64
02:14:32 73.29   76.44   73.40   83.64
02:15:36 73.29   76.44   73.40   83.75
02:16:39 73.29   76.44   73.40   83.64
02:17:42 73.29   76.44   73.40   83.64
02:18:46 73.29   76.44   73.40   83.64
02:19:49 73.29   76.44   73.40   83.75
02:20:52 73.29   76.44   73.40   83.75
02:21:56 73.18   76.44   73.40   83.75
02:22:59 73.29   76.44   73.40   83.64
02:24:02 73.29   76.44   73.40   83.64
02:25:06 73.29   76.44   73.40   83.64
02:26:09 73.29   76.44   73.40   83.64
02:27:12 73.29   76.33   73.40   83.64
02:28:16 73.18   76.44   73.40   83.64
02:29:19 73.18   76.44   73.40   83.64
02:30:23 73.18   76.44   73.29   83.53
02:31:26 73.18   76.44   73.29   83.64
02:32:29 73.18   76.44   73.40   83.53
02:33:33 73.18   76.33   73.29   83.64
02:34:36 73.18   76.33   73.40   83.64
02:35:39 73.18   76.33   73.29   83.53
02:36:43 73.18   76.33   73.40   83.53
02:37:46 73.18   76.33   73.40   83.53
02:38:49 73.18   76.33   73.29   83.53
02:39:53 73.18   76.33   73.40   83.41
02:40:56 73.18   76.33   73.29   83.41
02:41:59 73.18   76.33   73.29   83.41
02:43:03 73.18   76.33   73.29   83.41
02:44:06 73.06   76.33   73.29   83.41
02:45:09 73.06   76.33   73.29   83.30
02:46:13 73.06   76.33   73.29   83.30
02:47:16 73.06   76.21   73.29   83.19
02:48:19 73.18   76.33   73.29   83.19
02:49:23 73.06   76.33   73.29   83.30
02:50:26 73.06   76.33   73.29   83.30
02:51:29 73.06   76.33   73.40   83.30
02:52:33 73.18   76.21   73.29   83.30
02:53:36 73.06   76.21   73.29   83.19
02:54:39 73.06   76.33   73.29   83.19
02:55:43 73.06   76.21   73.29   83.19
02:56:46 73.06   76.21   73.29   83.19
02:57:49 73.06   76.21   73.29   83.19
02:58:53 73.06   76.21   73.29   83.19
02:59:56 73.06   76.21   73.29   83.19
03:00:59 73.06   76.21   73.18   83.19
03:02:03 73.06   76.21   73.29   83.19
03:03:06 73.06   76.21   73.29   83.08
03:04:09 73.06   76.21   73.29   83.08
03:05:13 73.06   76.21   73.18   83.19
03:06:16 73.06   76.21   73.18   83.08
03:07:19 73.06   76.21   73.18   83.08
03:08:23 73.06   76.21   73.18   83.19
03:09:26 73.06   76.21   73.18   83.19
03:10:29 73.06   76.21   73.29   83.19
03:11:33 73.06   76.21   73.29   83.08
03:12:36 73.06   76.21   73.18   83.08
03:13:39 73.06   76.21   73.18   83.19
03:14:43 72.95   76.21   73.29   83.08
03:15:46 72.95   76.21   73.18   83.19
03:16:50 73.06   76.10   73.29   83.19
03:17:53 72.95   76.10   73.18   83.19
03:18:56 72.95   76.21   73.29   83.19
03:20:00 72.95   76.21   73.29   83.19
03:21:03 72.95   76.10   73.18   83.19
03:22:06 72.95   76.10   73.29   83.19
03:23:10 72.95   76.10   73.18   83.19
03:24:13 72.95   76.10   73.18   83.19
03:25:16 72.95   76.10   73.18   83.08
03:26:20 72.95   76.10   73.18   83.08
03:27:23 72.95   76.10   73.18   83.08
03:28:26 72.95   76.10   73.18   83.08
03:29:30 72.95   76.10   73.18   83.08
03:30:33 72.95   76.10   73.18   82.96
03:31:36 72.95   76.10   73.18   82.96
03:32:40 72.95   76.10   73.18   82.96
03:33:43 73.06   76.10   73.29   83.08
03:34:46 72.95   76.10   73.18   83.08
03:35:50 72.95   76.10   73.18   82.96
03:36:53 72.95   76.10   73.18   82.96
03:37:56 72.95   76.10   73.18   83.08
03:39:00 72.95   76.10   73.18   82.96
03:40:03 72.95   76.10   73.29   82.96
03:41:06 72.95   76.10   73.18   82.85
03:42:10 72.95   76.10   73.18   82.96
03:43:13 72.95   76.10   73.18   82.96
03:44:16 72.95   76.10   73.18   82.96
03:45:20 72.95   76.10   73.29   82.96
03:46:23 72.95   76.10   73.18   82.85
03:47:26 72.84   76.10   73.18   82.85
03:48:30 72.95   76.10   73.18   82.85
03:49:33 72.95   76.10   73.18   82.85
03:50:36 72.95   76.10   73.18   82.85
03:51:40 72.95   76.10   73.06   82.96
03:52:43 72.84   75.99   73.18   82.96
03:53:46 72.84   75.99   73.18   82.85
03:54:50 72.95   76.10   73.06   82.85
03:55:53 72.84   75.99   73.18   82.96
03:56:56 72.95   75.99   73.18   82.96
03:58:00 72.95   75.99   73.18   82.85
03:59:03 72.95   75.99   73.06   82.96
04:00:07 72.84   75.99   73.06   82.96
04:01:10 72.84   75.99   73.18   82.96
04:02:13 72.84   75.99   73.06   82.85
04:03:17 72.84   75.99   73.06   82.85
04:04:20 72.84   75.99   73.06   82.74
04:05:23 72.84   75.99   73.18   82.85
04:06:27 72.84   75.99   73.18   82.85
04:07:30 72.84   75.99   73.06   82.74
04:08:33 72.84   75.99   73.18   82.74
04:09:37 72.84   75.99   73.18   82.74
04:10:40 72.84   75.99   73.06   82.74
04:11:43 72.84   75.99   73.06   82.74
04:12:47 72.84   75.99   73.06   82.85
04:13:50 72.84   75.99   73.06   82.85
04:14:53 72.84   75.99   73.06   82.85
04:15:57 72.84   75.99   73.06   82.85
04:17:00 72.84   75.99   72.95   82.85
04:18:03 72.84   75.99   73.06   82.85
04:19:07 72.84   75.99   73.06   82.85
04:20:10 72.84   75.99   73.06   82.74
04:21:13 72.84   75.99   73.06   82.85
04:22:17 72.84   75.88   73.18   82.85
04:23:20 72.72   75.99   73.06   82.74
04:24:23 72.84   75.88   73.06   82.85
04:25:27 72.84   75.88   73.06   82.74
04:26:30 72.84   75.88   73.06   82.63
04:27:33 72.84   75.88   73.06   82.74
04:28:37 72.84   75.88   73.06   82.74
04:29:40 72.72   75.88   73.06   82.85
04:30:44 72.72   75.88   73.06   82.74
04:31:47 72.84   75.88   73.06   82.74
04:32:50 72.72   75.88   73.06   82.74
04:33:54 72.72   75.88   73.06   82.74
04:34:57 72.72   75.88   73.18   82.74
04:36:00 72.72   75.88   73.06   82.74
04:37:04 72.72   75.88   73.06   82.74
04:38:07 72.72   75.88   73.06   82.74
04:39:10 72.72   75.88   73.06   82.74
04:40:14 72.72   75.88   73.18   82.74
04:41:17 72.72   75.88   72.95   82.74
04:42:20 72.72   75.88   72.95   82.85
04:43:24 72.72   75.88   72.95   82.85
04:44:27 72.72   75.88   72.95   82.74
04:45:30 72.72   75.88   73.06   82.74
04:46:34 72.72   75.88   72.95   82.74
04:47:37 72.72   75.76   72.95   82.63
04:48:40 72.72   75.88   72.95   82.63
04:49:44 72.72   75.88   73.06   97.59
04:50:47 72.72   75.76   72.95   104.23
04:51:50 72.72   75.76   72.95   105.80
04:52:54 72.72   75.76   72.95   106.36
04:53:57 72.72   75.76   72.95   106.70
04:55:00 72.72   75.76   72.95   107.26
04:56:04 72.84   75.76   73.06   107.71
04:57:07 72.84   75.76   73.06   107.49
04:58:10 72.72   75.88   73.06   108.16
04:59:14 72.84   75.88   73.18   108.84
05:00:17 72.84   75.88   72.95   109.51
05:01:20 72.84   75.99   73.06   109.74
05:02:24 72.84   75.88   73.06   109.85
05:03:27 72.84   75.88   73.18   109.51
05:04:30 72.84   75.88   73.06   108.84
05:05:34 72.84   75.88   72.95   108.16
05:06:37 72.95   75.99   72.95   107.38
05:07:40 72.95   75.99   73.06   106.59
05:08:44 72.95   75.99   73.06   105.80
05:09:47 72.95   75.88   73.18   105.13
05:10:51 72.95   75.99   73.06   105.46
05:11:54 72.95   75.88   72.95   105.46
05:12:57 72.95   75.99   72.95   104.90
05:14:01 72.95   75.99   72.95   104.34
05:15:04 72.95   75.99   73.06   106.36
05:16:07 72.95   75.99   73.06   106.70
05:17:11 72.95   75.99   72.95   109.96
05:18:14 72.95   75.99   72.95   111.76
05:19:17 72.95   75.99   72.95   110.75
05:20:21 72.95   75.88   72.95   109.51
05:21:24 72.84   75.88   72.95   108.39
05:22:27 72.84   75.88   73.18   107.15
05:23:31 72.84   75.99   73.06   106.14
05:24:34 72.84   75.99   72.95   105.35
05:25:37 72.84   75.88   72.95   104.45
05:26:41 72.84   75.88   72.95   103.78
05:27:44 72.84   75.88   72.95   103.10
05:28:47 72.84   75.88   72.95   102.54
05:29:51 72.84   75.88   72.95   103.21
05:30:54 72.84   75.88   72.95   110.86
05:31:57 72.84   75.88   73.06   111.88
05:33:01 72.84   75.88   72.95   110.86
05:34:04 72.84   75.88   72.95   109.51
05:35:07 72.84   75.99   72.95   108.16
05:36:11 72.84   75.99   72.95   107.04
05:37:14 72.84   75.88   72.95   106.03
05:38:17 72.84   75.88   73.06   104.90
05:39:21 72.84   75.88   72.95   104.11
05:40:24 72.84   75.88   72.84   103.21
05:41:27 72.72   75.88   72.84   102.54
05:42:31 72.84   75.88   72.95   101.75
05:43:34 72.84   75.88   72.95   101.08
05:44:37 72.72   75.88   72.95   100.51
05:45:41 72.72   75.88   73.06   100.06
05:46:44 72.84   75.88   72.95   99.50
05:47:47 72.84   75.88   73.06   98.83
05:48:51 72.84   75.88   73.06   98.38
05:49:54 72.72   75.88   72.95   97.92
05:50:57 72.72   75.88   72.95   97.48
05:52:01 72.72   75.88   73.06   97.03
05:53:04 72.72   75.88   72.95   96.58
05:54:08 72.84   75.88   72.84   96.01
05:55:11 72.84   75.88   73.06   95.56
05:56:14 72.84   75.88   73.06   95.34
05:57:18 72.84   75.88   72.95   94.89
05:58:21 72.84   75.88   72.95   94.55
05:59:24 72.84   75.88   72.95   94.21
06:00:28 72.95   75.88   72.95   93.76
06:01:31 72.84   75.88   72.95   93.54
06:02:34 72.84   75.88   72.95   93.31
06:03:38 72.84   75.99   72.95   92.97
06:04:41 72.84   75.88   72.95   92.64
06:05:44 72.84   75.99   72.95   92.53
06:06:48 72.84   75.99   72.84   91.96
06:07:51 72.84   75.88   72.84   91.85
06:08:54 72.84   75.99   72.95   91.74
06:09:58 72.95   75.99   72.84   91.40
06:11:01 72.84   75.88   72.95   91.29
06:12:04 72.84   75.99   72.84   90.95
06:13:08 72.84   75.88   72.95   90.84
06:14:11 72.84   75.88   72.95   90.61
06:15:14 72.84   75.88   72.84   90.39
06:16:18 72.84   75.88   72.95   90.16
06:17:21 72.84   75.88   72.95   89.94
06:18:24 72.84   75.88   72.95   89.83
06:19:28 72.84   75.88   72.95   89.60
06:20:31 72.84   75.88   73.06   89.49
06:21:34 72.84   75.88   72.95   89.38
06:22:38 72.95   75.88   72.95   89.15
06:23:41 72.84   75.88   72.84   88.81
06:24:44 72.95   75.99   72.84   88.70
06:25:48 72.84   75.88   72.95   88.47
06:26:51 72.84   75.88   72.95   88.47
06:27:54 72.84   75.88   72.95   88.25
06:28:58 72.84   75.88   72.95   88.14
06:30:01 72.84   75.99   73.06   88.03
06:31:04 72.84   75.88   72.95   87.91
06:32:08 72.95   75.88   72.95   87.80
06:33:11 72.95   75.99   72.95   87.69
06:34:15 72.95   75.99   72.95   87.58
06:35:18 72.95   75.99   73.06   87.35
06:36:21 72.95   75.99   72.95   87.24
06:37:25 72.95   75.99   72.95   87.24
06:38:28 72.95   75.99   73.06   87.01
06:39:31 72.95   75.99   72.84   87.01
06:40:35 73.06   75.99   72.95   86.90
06:41:38 73.06   76.10   72.95   86.90
06:42:41 72.95   76.10   72.95   86.79
06:43:45 73.06   76.10   73.06   86.56
06:44:48 73.06   76.10   73.06   86.45
06:45:51 73.06   76.10   73.18   86.34
06:46:55 72.95   75.99   73.18   86.34
06:47:58 72.95   75.99   73.06   86.34
06:49:01 72.95   75.99   72.95   86.22
06:50:05 72.95   75.99   73.06   86.00
06:51:08 72.95   75.99   72.95   85.89
06:52:11 72.95   75.99   73.06   85.89
06:53:15 72.95   75.99   73.06   85.89
06:54:18 72.95   75.99   73.18   85.78
06:55:21 72.95   75.99   73.06   85.78
06:56:25 72.95   75.99   73.06   85.66
06:57:28 72.95   75.99   73.06   85.66
06:58:31 72.95   75.99   73.06   85.66
06:59:35 72.95   75.99   73.18   85.55
07:00:38 72.95   75.99   73.06   85.44
07:01:41 72.95   75.99   73.18   85.33
07:02:45 72.95   75.99   73.06   85.21
07:03:48 72.95   75.99   73.06   85.10
07:04:51 72.95   75.99   73.06   85.21
07:05:55 72.95   75.99   73.06   85.21
07:06:58 72.95   75.99   73.06   85.21
07:08:01 72.95   75.99   73.18   85.21
07:09:05 72.95   75.99   73.06   85.10
07:10:08 72.95   75.99   73.18   84.99
07:11:11 72.95   75.99   73.18   84.88
07:12:15 72.84   75.99   73.18   84.76
07:13:18 72.95   75.99   73.18   84.76
07:14:21 72.95   75.99   73.06   84.76
07:15:25 72.95   75.99   73.18   84.76
07:16:28 72.95   75.99   73.18   84.88
07:17:31 72.95   75.99   73.18   103.89
07:18:35 72.95   75.99   73.18   108.73
07:19:38 72.95   75.99   73.18   109.63
07:20:41 72.95   75.99   73.06   109.96
07:21:45 72.95   75.99   73.18   110.19
07:22:48 72.95   75.99   73.18   110.53
07:23:52 72.95   75.99   73.18   110.75
07:24:55 72.95   76.10   73.18   110.86
07:25:58 73.06   76.10   73.18   110.86
07:27:02 73.06   76.10   73.29   110.75
07:28:05 73.06   76.10   73.18   110.41
07:29:08 73.06   76.10   73.18   110.19
07:30:12 73.06   76.10   73.18   109.96
07:31:15 73.06   76.10   73.29   109.74
07:32:18 73.18   76.10   73.40   108.95
07:33:22 73.18   76.10   73.29   108.39
07:34:25 73.18   76.10   73.29   109.06
07:35:28 73.18   76.10   73.29   110.41
07:36:32 73.18   76.21   73.29   110.19
07:37:35 73.18   76.10   73.40   111.20
07:38:38 73.18   76.21   73.29   111.88
07:39:42 73.18   76.21   73.29   111.65
07:40:45 73.29   76.21   73.29   111.09
07:41:48 73.29   76.21   73.29   110.98
07:42:52 73.29   76.21   73.29   110.75
07:43:55 73.18   76.21   73.18   110.19
07:44:58 73.29   76.21   73.29   109.40
07:46:02 73.29   76.21   73.18   108.61
07:47:05 73.18   76.21   73.29   107.94
07:48:08 73.18   76.33   73.29   107.15
07:49:12 73.29   76.21   73.51   106.48
07:50:15 73.29   76.33   73.63   105.80
07:51:18 73.29   76.33   73.51   105.24
07:52:22 73.29   76.33   73.40   104.56
07:53:25 73.29   76.33   73.51   104.00
07:54:29 73.40   76.33   73.40   103.89
07:55:32 73.40   76.33   73.40   105.58
07:56:35 73.40   76.33   73.40   114.91
07:57:39 73.40   76.33   73.40   116.04
07:58:42 73.40   76.44   73.29   115.36
07:59:45 73.40   76.44   73.29   114.80
08:00:49 73.40   76.44   73.40   115.36
08:01:52 73.40   76.44   73.51   114.24
08:02:55 73.51   76.44   73.40   112.78
08:03:59 73.40   76.44   73.40   111.31
08:05:02 73.40   76.44   73.51   110.08
08:06:05 73.40   76.44   73.51   109.18
08:07:09 73.40   76.44   73.40   108.05
08:08:12 73.40   76.44   73.51   107.26
08:09:15 73.40   76.55   73.63   106.48
08:10:19 73.40   76.55   73.74   105.69
08:11:22 73.40   76.44   73.74   105.01
08:12:25 73.40   76.44   73.74   104.23
08:13:29 73.40   76.44   73.51   103.66
08:14:32 73.40   76.44   73.63   103.10
08:15:35 73.40   76.44   73.85   102.31
08:16:39 73.40   76.44   73.74   101.75
08:17:42 73.40   76.44   73.63   101.30
08:18:45 73.40   76.44   73.74   101.19
08:19:49 73.40   76.44   73.63   100.63
08:20:52 73.40   76.44   73.74   100.06
08:21:55 73.40   76.44   73.63   99.50
08:22:59 73.40   76.44   73.51   99.05
08:24:02 73.40   76.44   73.51   98.60
08:25:06 73.40   76.55   73.63   98.04
08:26:09 73.51   76.55   73.51   97.70
08:27:12 73.51   76.55   73.51   97.25
08:28:16 73.51   76.55   73.51   96.80
08:29:19 73.51   76.66   73.63   96.46
08:30:22 73.51   76.66   73.63   96.01
08:31:26 73.51   76.66   73.51   95.56
08:32:29 73.51   76.66   73.51   95.22
08:33:32 73.51   76.55   73.63   95.00
08:34:36 73.51   76.66   73.74   94.66
08:35:39 73.51   76.66   73.74   94.44
08:36:42 73.51   76.66   73.63   93.99
08:37:46 73.51   76.66   73.74   93.76
08:38:49 73.51   76.66   73.96   93.43
08:39:52 73.51   76.55   73.96   93.20
08:40:56 73.51   76.66   73.85   92.86
08:41:59 73.51   76.55   73.74   92.53
08:43:02 73.51   76.55   73.74   92.19
08:44:06 73.51   76.55   73.74   92.08
08:45:09 73.51   76.55   73.96   91.96
08:46:12 73.51   76.55   73.96   91.74
08:47:16 73.40   76.55   73.85   91.40
08:48:19 73.40   76.55   73.74   91.29
08:49:22 73.40   76.55   73.85   91.06
08:50:26 73.40   76.55   73.74   90.84
08:51:29 73.40   76.55   73.74   90.72
08:52:32 73.40   76.55   73.63   90.61
08:53:36 73.40   76.44   73.74   90.39
08:54:39 73.40   76.55   73.85   90.16
08:55:42 73.40   76.55   73.96   89.94
08:56:46 73.40   76.44   73.74   89.94
08:57:49 73.40   76.44   73.85   89.60
08:58:52 73.40   76.55   73.85   89.38
08:59:56 73.40   76.55   73.74   89.38
09:00:59 73.40   76.44   73.74   89.15
09:02:02 73.40   76.44   73.74   89.04
09:03:06 73.40   76.44   73.96   88.93
09:04:09 73.40   76.44   73.85   88.59
09:05:13 73.40   76.44   73.74   88.59
09:06:16 73.40   76.44   73.74   88.36
09:07:19 73.40   76.44   73.85   88.25
09:08:23 73.40   76.44   73.85   88.03
09:09:26 73.40   76.44   73.96   88.03
09:10:29 73.40   76.44   73.85   87.80
09:11:33 73.40   76.44   73.96   87.80
09:12:36 73.40   76.44   73.85   87.80
09:13:39 73.40   76.44   73.63   87.69
09:14:43 73.40   76.44   73.74   87.58
09:15:46 73.40   76.44   73.85   87.58
09:16:49 73.40   76.44   73.85   87.35
09:17:53 73.40   76.44   74.08   87.35
09:18:56 73.40   76.44   73.96   87.24
09:19:59 73.40   76.44   73.85   87.01
09:21:03 73.40   76.44   73.85   86.90
09:22:06 73.40   76.44   73.74   86.79
09:23:09 73.40   76.44   73.85   86.79
09:24:13 73.40   76.44   73.85   86.68
09:25:16 73.29   76.44   73.85   86.56
09:26:19 73.29   76.44   73.85   86.56
09:27:23 73.29   76.44   73.96   86.45
09:28:26 73.29   76.44   74.08   86.34
09:29:29 73.29   76.44   73.74   86.22
09:30:33 73.40   76.44   73.74   86.22
09:31:36 73.29   76.44   73.85   86.11
09:32:39 73.29   76.44   73.85   86.00
09:33:43 73.29   76.44   73.96   86.00
09:34:46 73.29   76.44   73.96   86.00
09:35:49 73.29   76.44   73.96   86.00
09:36:53 73.29   76.44   73.96   85.89
09:37:56 73.29   76.44   73.96   85.78
09:39:00 73.40   76.44   73.85   85.66
09:40:03 73.29   76.44   73.96   85.78
09:41:06 73.29   76.44   73.85   85.78
09:42:10 73.29   76.44   73.74   85.55
09:43:13 73.40   76.44   73.85   85.55
09:44:16 73.40   76.44   73.85   85.55
09:45:20 73.40   76.44   73.96   85.44
09:46:23 73.40   76.44   73.96   85.44
09:47:26 73.40   76.44   73.85   85.44
09:48:30 73.40   76.44   73.96   85.33
09:49:33 73.40   76.44   74.08   85.21
09:50:36 73.40   76.44   73.96   85.21
09:51:40 73.40   76.44   73.96   85.10
09:52:43 73.40   76.44   73.96   85.10
09:53:46 73.40   76.44   74.08   84.99
09:54:50 73.40   76.44   73.96   84.99
09:55:53 73.40   76.44   74.08   84.88
09:56:56 73.40   76.44   74.08   84.99
09:58:00 73.40   76.44   73.96   84.88
09:59:03 73.40   76.55   74.08   84.99
10:00:06 73.40   76.44   73.85   84.88
10:01:10 73.40   76.44   73.96   84.88
10:02:13 73.40   76.44   73.96   84.76
10:03:16 73.40   76.55   73.96   84.65
10:04:20 73.40   76.44   73.96   84.65
10:05:23 73.40   76.44   73.96   84.65
10:06:26 73.40   76.44   73.96   84.54
10:07:30 73.40   76.55   73.96   84.43
10:08:33 73.40   76.44   74.08   84.43
10:09:36 73.40   76.44   73.96   84.43
10:10:40 73.40   76.44   74.08   84.43
10:11:43 73.29   76.44   73.96   84.43
10:12:47 73.40   76.44   73.96   84.31
10:13:50 73.40   76.55   73.85   84.31
10:14:53 73.40   76.44   74.08   84.43
10:15:57 73.40   76.44   74.08   84.31
10:17:00 73.40   76.44   74.08   84.20
10:18:03 73.40   76.55   74.19   84.31
10:19:07 73.40   76.44   73.96   84.31
10:20:10 73.40   76.55   74.19   84.20
10:21:13 73.51   76.55   74.08   84.09
10:22:17 73.40   76.44   74.19   84.20
10:23:20 73.40   76.55   74.19   84.09
10:24:23 73.40   76.55   74.19   84.20
10:25:27 73.40   76.55   74.19   84.20
10:26:30 73.40   76.55   74.19   84.09
10:27:33 73.40   76.55   74.41   84.09
10:28:37 73.40   76.55   74.30   84.09
10:29:40 73.40   76.55   74.19   83.97
10:30:43 73.40   76.55   74.30   83.97
10:31:47 73.40   76.55   74.08   83.86
10:32:50 73.51   76.55   74.08   83.86
10:33:53 73.40   76.55   74.08   83.86
10:34:57 73.40   76.55   74.19   83.97
10:36:00 73.51   76.55   74.19   83.97
10:37:03 73.51   76.55   74.19   83.97
10:38:07 73.40   76.55   74.30   84.09
10:39:10 73.51   76.55   74.30   84.09
10:40:13 73.51   76.66   74.30   83.97
10:41:17 73.51   76.55   74.19   83.97
10:42:20 73.51   76.55   74.19   83.86
10:43:23 73.51   76.55   74.08   83.86
10:44:27 73.51   76.55   74.19   83.86
10:45:30 73.51   76.55   74.19   83.86
10:46:33 73.51   76.55   74.30   83.75
10:47:37 73.51   76.55   74.19   83.75
10:48:40 73.51   76.66   74.30   83.75
10:49:43 73.51   76.55   74.30   83.75
10:50:47 73.40   76.55   74.30   83.75
10:51:50 73.51   76.55   74.19   83.86
10:52:53 73.51   76.66   74.30   83.75
10:53:57 73.51   76.55   74.30   83.75
10:55:00 73.51   76.66   74.30   83.75
10:56:03 73.51   76.66   74.30   83.86
10:57:07 73.51   76.66   74.30   83.86
10:58:10 73.51   76.55   74.53   83.86
10:59:14 73.51   76.66   74.41   83.86
11:00:17 73.51   76.66   74.41   83.86
11:01:20 73.51   76.66   74.30   83.86
11:02:24 73.51   76.66   74.19   83.86
11:03:27 73.51   76.66   74.41   83.75
11:04:30 73.51   76.66   74.41   83.75
11:05:34 73.51   76.66   74.53   83.97
11:06:37 73.51   76.66   74.41   83.75
11:07:40 73.51   76.66   74.53   83.75
11:08:44 73.51   76.66   74.53   83.75
11:09:47 73.51   76.66   74.53   83.75
11:10:50 73.51   76.66   74.53   83.64
11:11:54 73.51   76.66   74.53   83.53
11:12:57 73.51   76.78   74.53   83.53
11:14:00 73.63   76.66   74.30   83.64
11:15:04 73.63   76.66   74.41   83.64
11:16:07 73.51   76.66   74.53   83.75
11:17:10 73.51   76.78   74.53   83.75
11:18:14 73.63   76.78   74.53   83.64
11:19:17 73.63   76.78   74.41   83.64
11:20:20 73.63   76.78   74.53   83.64
11:21:24 73.63   76.66   74.41   83.64
11:22:27 73.51   76.78   74.53   83.53
11:23:30 73.63   76.78   74.64   83.53
11:24:34 73.63   76.78   74.41   83.53
11:25:37 73.63   76.78   74.53   83.53
11:26:40 73.63   76.78   74.53   83.53
11:27:44 73.63   76.78   74.53   83.53
11:28:47 73.63   76.78   74.53   83.41
11:29:50 73.63   76.78   74.64   83.41
11:30:54 73.63   76.78   74.64   83.41
11:31:57 73.63   76.78   74.53   83.53
11:33:01 73.63   76.78   74.41   83.53
11:34:04 73.63   76.78   74.53   83.53
11:35:07 73.63   76.78   74.53   83.53
11:36:11 73.63   76.78   74.41   83.53
11:37:14 73.63   76.78   74.41   83.41
11:38:17 73.63   76.78   74.41   83.41
11:39:21 73.63   76.78   74.53   83.19
11:40:24 73.63   76.78   74.53   83.30
11:41:27 73.63   76.78   74.64   83.41
11:42:31 73.63   76.78   74.64   83.41
11:43:34 73.63   76.78   74.75   83.30
11:44:37 73.63   76.78   74.64   83.30
11:45:41 73.63   76.78   74.53   83.41
11:46:44 73.63   76.78   74.53   83.41
11:47:47 73.63   76.78   74.64   83.30
11:48:51 73.63   76.78   74.53   83.41
11:49:54 73.63   76.78   74.64   83.53
11:50:57 73.63   76.78   74.64   83.53
11:52:01 73.74   76.78   74.75   83.53
11:53:04 73.63   76.78   74.75   83.53
11:54:07 73.74   76.78   74.53   83.41
11:55:11 73.63   76.78   74.41   83.53
11:56:14 73.63   76.89   74.64   83.53
11:57:17 73.63   76.89   74.75   83.41
11:58:21 73.74   76.89   74.75   83.41
11:59:24 73.74   76.89   74.75   83.41
12:00:27 73.74   76.89   74.64   83.30
12:01:31 73.74   76.89   74.64   83.30
12:02:34 73.74   76.89   74.75   83.30
12:03:37 73.74   76.89   74.75   83.30
12:04:41 73.74   76.89   74.75   83.19
12:05:44 73.74   76.89   74.64   83.30
12:06:48 73.74   76.89   74.64   83.19
12:07:51 73.74   76.89   74.53   83.41
12:08:54 73.74   76.89   74.75   83.41
12:09:58 73.74   76.89   74.75   83.41
12:11:01 73.74   76.89   74.86   83.41
12:12:04 73.74   76.89   74.75   83.41
12:13:08 73.74   76.89   74.75   83.41
12:14:11 73.74   76.89   74.86   83.30
12:15:14 73.74   76.89   74.86   83.30
12:16:18 73.74   76.89   74.75   83.30
12:17:21 73.74   76.89   74.86   83.30
12:18:24 73.74   77.00   74.75   83.19
12:19:28 73.74   76.89   74.75   83.08
12:20:31 73.85   76.89   74.86   83.19
12:21:34 73.74   77.00   74.86   83.19
12:22:38 73.74   76.89   74.75   83.30
12:23:41 73.85   76.89   74.75   83.19
12:24:44 73.85   77.00   74.86   83.19
12:25:48 73.74   77.00   74.86   83.19
12:26:51 73.85   77.00   74.75   83.30
12:27:54 73.85   77.00   74.86   83.30
12:28:58 73.85   77.00   74.86   83.41
12:30:01 73.85   77.00   74.86   83.30
12:31:04 73.85   77.00   74.75   83.30
12:32:08 73.85   77.00   74.86   83.30
12:33:11 73.96   77.00   74.86   83.30
12:34:14 73.85   77.00   74.86   83.41
12:35:18 73.85   77.00   74.86   83.53
12:36:21 73.85   77.00   74.86   83.41
12:37:24 73.85   77.11   74.97   83.41
12:38:28 73.96   77.11   74.86   83.41
12:39:31 73.96   77.11   74.86   83.53
12:40:34 73.96   77.11   74.97   83.53
12:41:38 73.96   77.11   74.86   83.53
12:42:41 73.96   77.11   74.97   83.41
12:43:45 73.85   77.11   75.09   83.41
12:44:48 73.96   77.11   75.09   83.41
12:45:51 73.96   77.11   74.97   83.41
12:46:55 73.96   77.11   74.97   83.30
12:47:58 73.96   77.11   74.97   83.30
12:49:01 73.96   77.11   75.09   83.30
12:50:05 73.96   77.11   74.97   83.19
12:51:08 73.96   77.11   74.97   83.19
12:52:11 73.96   77.11   75.09   83.19
12:53:15 73.96   77.11   75.09   83.19
12:54:18 73.96   77.11   74.97   83.30
12:55:21 73.96   77.11   74.97   83.30
12:56:25 73.96   77.11   75.09   83.30
12:57:28 73.96   77.22   75.09   83.30
12:58:31 73.96   77.11   75.09   83.30
12:59:35 73.96   77.11   75.09   83.30
13:00:38 73.96   77.11   74.97   83.30
13:01:41 73.96   77.11   75.09   83.41
13:02:45 73.96   77.11   75.09   83.41
13:03:48 73.96   77.22   74.86   83.41
13:04:51 73.96   77.22   74.97   83.41
13:05:55 73.96   77.22   74.86   83.41
13:06:58 73.96   77.22   75.09   83.53
13:08:01 73.96   77.22   75.09   83.41
13:09:05 73.96   77.22   75.20   83.41
13:10:08 73.96   77.22   75.09   83.30
13:11:11 74.08   77.22   75.09   83.30
13:12:15 74.08   77.22   75.09   83.30
13:13:18 74.08   77.22   75.09   83.30
13:14:21 73.96   77.22   75.20   83.30
13:15:25 73.96   77.22   75.20   83.30
13:16:28 74.08   77.22   75.20   83.30
13:17:32 74.08   77.34   75.20   83.30
13:18:35 74.08   77.22   75.20   83.30
13:19:38 74.08   77.22   74.97   83.30
13:20:42 74.08   77.34   75.20   83.30
13:21:45 74.08   77.34   75.20   83.41
13:22:48 74.08   77.34   75.09   83.30
13:23:52 74.08   77.34   74.97   83.19
13:24:55 74.08   77.34   75.20   83.30
13:25:58 74.08   77.34   75.09   83.30
13:27:02 74.08   77.34   75.20   83.30
13:28:05 74.19   77.34   75.20   83.30
13:29:08 74.19   77.34   75.20   83.19
13:30:12 74.08   77.34   75.31   83.19
13:31:15 74.19   77.34   75.31   83.30
13:32:18 74.19   77.45   75.31   83.41
13:33:22 74.19   77.34   75.31   83.41
13:34:25 74.19   77.34   75.20   83.53
13:35:28 74.19   77.45   75.31   83.53
13:36:32 74.19   77.45   75.43   83.41
13:37:35 74.19   77.45   75.31   83.41
13:38:38 74.19   77.45   75.43   83.41
13:39:42 74.19   77.45   75.43   83.41
13:40:45 74.19   77.45   75.31   83.41
13:41:48 74.30   77.45   75.31   83.30
13:42:52 74.30   77.45   75.31   83.30
13:43:55 74.19   77.56   75.31   83.41
13:44:58 74.30   77.45   75.43   83.30
13:46:02 74.30   77.56   75.31   83.30
13:47:05 74.30   77.56   75.20   83.41
13:48:08 74.30   77.56   75.31   83.41
13:49:12 74.30   77.56   75.31   83.53
13:50:15 74.30   77.56   75.43   83.64
13:51:19 74.30   77.56   75.43   83.53
13:52:22 74.41   77.56   75.31   83.53
13:53:25 74.41   77.56   75.43   83.53
13:54:29 74.41   77.56   75.43   83.41
13:55:32 74.41   77.56   75.43   83.53
13:56:35 74.41   77.68   75.54   83.53
13:57:39 74.41   77.68   75.43   83.53
13:58:42 74.41   77.68   75.43   83.53
13:59:45 74.41   77.68   75.54   83.53
14:00:49 74.41   77.68   75.43   83.64
14:01:52 74.53   77.68   75.31   83.64
14:02:55 74.53   77.68   75.54   83.64
14:03:59 74.53   77.79   75.54   83.64
14:05:02 74.53   77.68   75.43   83.64
14:06:05 74.53   77.79   75.54   83.53
14:07:09 74.53   77.79   75.54   83.53
14:08:12 74.53   77.79   75.54   83.53
14:09:15 74.53   77.79   75.54   83.53
14:10:19 74.53   77.79   75.43   83.53
14:11:22 74.53   77.79   75.31   83.41
14:12:25 74.53   77.79   75.54   83.41
14:13:29 74.53   77.79   75.54   83.53
14:14:32 74.53   77.79   75.54   83.53
14:15:35 74.53   77.79   75.54   83.53
14:16:39 74.53   77.79   75.31   83.53
14:17:42 74.53   77.79   75.43   83.53
14:18:45 74.53   77.79   75.54   83.53
14:19:49 74.53   77.79   75.65   83.53
14:20:52 74.53   77.79   75.54   83.53
14:21:56 74.64   77.79   75.54   83.41
14:22:59 74.64   77.90   75.54   83.53
14:24:02 74.64   77.90   75.54   83.64
14:25:06 74.64   77.90   75.43   83.53
14:26:09 74.64   77.90   75.54   83.53
14:27:12 74.64   77.90   75.54   83.53
14:28:16 74.64   77.90   75.54   83.64
14:29:19 74.64   77.90   75.65   83.64
14:30:22 74.64   77.90   75.54   83.64
14:31:26 74.64   77.90   75.54   83.75
14:32:29 74.64   77.90   75.65   83.64
14:33:32 74.64   77.90   75.65   83.64
14:34:36 74.64   78.01   75.54   83.53
14:35:39 74.75   78.01   75.65   83.41
14:36:42 74.75   77.90   75.65   83.41
14:37:46 74.75   78.01   75.54   83.41
14:38:49 74.75   78.01   75.43   83.53
14:39:52 74.75   78.01   75.65   83.53
14:40:56 74.75   78.01   75.65   83.64
14:41:59 74.75   78.01   75.76   83.64
14:43:02 74.75   78.01   75.65   83.64
14:44:06 74.75   78.01   75.65   83.64
14:45:09 74.75   78.01   75.65   83.64
14:46:12 74.75   78.01   75.76   83.64
14:47:16 74.75   78.01   75.76   83.64
14:48:19 74.86   78.01   75.65   83.64
14:49:22 74.75   78.01   75.65   83.64
14:50:26 74.75   78.01   75.88   83.64
14:51:29 74.86   78.01   75.76   83.53
14:52:32 74.86   78.01   75.76   83.41
14:53:36 74.86   78.01   75.76   83.41
14:54:39 74.75   78.13   75.88   83.53
14:55:42 74.86   78.13   75.76   83.53
14:56:46 74.86   78.13   75.76   83.53
14:57:49 74.86   78.01   75.65   83.53
14:58:53 74.86   78.01   75.65   83.53
14:59:56 74.75   78.01   75.76   83.53
15:00:59 74.86   78.01   75.88   83.53
15:02:03 74.86   78.13   75.88   83.53
15:03:06 74.86   78.13   75.88   83.53
15:04:09 74.86   78.01   75.88   83.53
15:05:13 74.86   78.13   75.65   83.53
15:06:16 74.86   78.13   75.88   83.41
15:07:19 74.86   78.13   75.54   83.53
15:08:23 74.86   78.13   75.65   83.41
15:09:26 74.86   78.13   75.65   83.41
15:10:29 74.86   78.13   75.65   83.41
15:11:33 74.97   78.24   75.76   83.53
15:12:36 74.86   78.24   75.65   83.53
15:13:39 74.86   78.24   75.65   83.53
15:14:43 74.97   78.24   75.65   83.53
15:15:46 74.86   78.13   75.54   83.64
15:16:49 74.97   78.24   75.65   83.64
15:17:53 74.97   78.24   75.76   83.53
15:18:56 74.97   78.24   75.65   83.53
15:19:59 74.97   78.24   75.65   83.53
15:21:03 74.97   78.24   75.65   83.53
15:22:06 74.97   78.24   75.65   83.53
15:23:09 74.97   78.24   75.65   83.53
15:24:13 74.97   78.24   75.65   83.53
15:25:16 74.97   78.24   75.65   83.41
15:26:19 74.97   78.24   75.65   83.41
15:27:23 74.97   78.35   75.65   83.41
15:28:26 74.97   78.24   75.76   83.41
15:29:29 75.09   78.35   75.65   83.53
15:30:33 75.09   78.35   75.65   83.53
15:31:36 75.09   78.35   75.65   83.53
15:32:40 75.09   78.35   75.65   83.53
15:33:43 75.09   78.35   75.65   83.64
15:34:46 75.09   78.35   75.88   83.64
15:35:50 75.09   78.35   75.76   83.64
15:36:53 75.09   78.35   75.76   97.59
15:37:56 75.09   78.35   75.76   104.79
15:39:00 75.20   78.35   75.65   105.01
15:40:03 75.20   78.35   75.76   103.44
15:41:06 75.09   78.35   75.76   101.98
15:42:10 75.09   78.35   75.76   100.85
15:43:13 75.09   78.35   75.88   99.61
15:44:16 75.09   78.46   75.76   98.49
15:45:20 75.20   78.46   75.76   97.59
15:46:23 75.09   78.46   75.88   96.91
15:47:26 75.20   78.46   75.99   96.13
15:48:30 75.20   78.46   75.88   95.68
15:49:33 75.20   78.46   75.88   95.11
15:50:36 75.20   78.46   75.88   94.66
15:51:40 75.20   78.46   76.10   94.21
15:52:43 75.20   78.46   75.88   93.76
15:53:46 75.20   78.46   76.10   93.31
15:54:50 75.20   78.46   75.88   92.86
15:55:53 75.20   78.58   75.99   92.53
15:56:56 75.20   78.58   75.88   92.19
15:58:00 75.20   78.58   75.88   91.85
15:59:03 75.31   78.58   75.76   91.63
16:00:06 75.20   78.46   75.88   91.40
16:01:10 75.31   78.58   75.88   91.06
16:02:13 75.31   78.46   75.99   90.84
16:03:16 75.20   78.58   75.88   90.50
16:04:20 75.20   78.58   75.88   90.39
16:05:23 75.20   78.58   75.99   90.16
16:06:26 75.20   78.58   75.88   89.94
16:07:30 75.20   78.58   75.99   89.83
16:08:33 75.20   78.58   76.10   89.49
16:09:37 75.31   78.58   75.99   89.38
16:10:40 75.31   78.58   76.10   89.26
16:11:43 75.31   78.58   75.99   89.04
16:12:47 75.31   78.58   76.10   88.93
16:13:50 75.31   78.58   75.99   88.81
16:14:53 75.20   78.58   75.99   88.70
16:15:57 75.31   78.58   76.10   88.59
16:17:00 75.20   78.58   76.21   88.36
16:18:03 75.20   78.58   76.10   88.14
16:19:07 75.31   78.58   76.10   88.03
16:20:10 75.31   78.58   76.10   87.91
16:21:13 75.31   78.58   76.21   87.91
16:22:17 75.31   78.58   76.10   87.69
16:23:20 75.31   78.58   76.10   87.58
16:24:23 75.31   78.58   76.10   87.46
16:25:27 75.31   78.58   76.10   87.35
16:26:30 75.31   78.58   76.21   87.24
16:27:33 75.31   78.58   76.10   87.24
16:28:37 75.31   78.58   76.21   87.13
16:29:40 75.31   78.58   76.21   87.01
16:30:43 75.31   78.58   76.10   86.90
16:31:47 75.43   78.69   76.21   86.90
16:32:50 75.43   78.69   76.33   86.79
16:33:53 75.31   78.69   76.21   86.68
16:34:57 75.43   78.69   76.21   86.68
16:36:00 75.43   78.69   76.21   86.56
16:37:03 75.43   78.69   76.33   86.45
16:38:07 75.43   78.69   76.21   86.34
16:39:10 75.43   78.69   76.21   86.11
16:40:13 75.43   78.69   76.21   86.11
16:41:17 75.43   78.69   76.21   86.11
16:42:20 75.43   78.69   76.21   86.11
16:43:24 75.43   78.69   76.21   86.00
16:44:27 75.43   78.69   76.21   86.00
16:45:30 75.43   78.69   76.33   86.00
16:46:34 75.43   78.69   76.33   86.00
16:47:37 75.54   78.69   76.33   86.00
16:48:40 75.54   78.69   76.33   86.00
16:49:44 75.54   78.69   76.21   85.89
16:50:47 75.43   78.69   76.33   85.78
16:51:50 75.43   78.69   76.33   85.66
16:52:54 75.43   78.69   76.33   85.55
16:53:57 75.54   78.69   76.44   85.55
16:55:00 75.54   78.69   76.21   85.66
16:56:04 75.54   78.69   76.33   85.55
16:57:07 75.54   78.69   76.33   85.44
16:58:10 75.43   78.69   76.10   85.44
16:59:14 75.43   78.80   76.21   85.33
17:00:17 75.54   78.69   76.33   85.33
17:01:20 75.54   78.80   76.33   85.33
17:02:24 75.43   78.80   76.44   85.33
17:03:27 75.54   78.80   76.44   85.33
17:04:30 75.54   78.80   76.44   85.33
17:05:34 75.65   78.80   76.44   99.50
17:06:37 75.65   78.80   76.33   103.10
17:07:40 75.65   78.80   76.21   103.10
17:08:44 75.65   78.80   76.33   102.31
17:09:47 75.65   78.80   76.33   101.41
17:10:50 75.65   78.80   76.44   104.23
17:11:54 75.65   78.91   76.33   106.48
17:12:57 75.76   78.91   76.33   106.14
17:14:00 75.65   78.91   76.44   107.04
17:15:04 75.76   78.91   76.55   107.38
17:16:07 75.76   78.91   76.55   107.04
17:17:11 75.76   78.91   76.55   106.48
17:18:14 75.76   78.91   76.55   105.91
17:19:17 75.76   78.91   76.44   105.35
17:20:21 75.76   78.91   76.33   104.79
17:21:24 75.76   78.91   76.55   104.23
17:22:27 75.76   78.91   76.55   103.66
17:23:31 75.76   78.91   76.55   103.10
17:24:34 75.76   79.03   76.55   102.54
17:25:37 75.76   78.91   76.55   101.98
17:26:41 75.76   79.03   76.55   101.53
17:27:44 75.76   79.03   76.44   100.96
17:28:47 75.76   78.91   76.44   100.51
17:29:51 75.76   78.91   76.55   99.95
17:30:54 75.76   79.03   76.44   99.50
17:31:57 75.76   79.03   76.44   98.94
17:33:01 75.76   79.03   76.33   98.49
17:34:04 75.76   79.03   76.44   98.04
17:35:07 75.76   79.03   76.21   97.70
17:36:11 75.76   79.03   76.21   97.25
17:37:14 75.76   79.03   76.33   96.80
17:38:17 75.76   79.03   76.33   96.46
17:39:21 75.76   79.03   76.33   96.13
17:40:24 75.76   79.03   76.33   95.79
17:41:27 75.65   78.91   76.44   95.45
17:42:31 75.65   78.91   76.55   95.11
17:43:34 75.65   78.91   76.55   94.78
17:44:37 75.65   78.91   76.44   94.55
17:45:41 75.76   78.91   76.44   94.21
17:46:44 75.76   79.03   76.44   93.88
17:47:47 75.76   79.03   76.44   93.54
17:48:51 75.76   79.03   76.44   93.31
17:49:54 75.88   79.03   76.44   93.09
17:50:57 75.88   79.14   76.44   92.86
17:52:01 75.88   79.14   76.55   92.64
17:53:04 75.88   79.14   76.44   92.30
17:54:08 75.88   79.14   76.44   92.08
17:55:11 75.99   79.14   76.55   91.96
17:56:14 75.88   79.14   76.44   91.74
17:57:18 75.99   79.14   76.55   91.51
17:58:21 75.99   79.25   76.55   91.29
17:59:24 75.99   79.25   76.66   91.06
18:00:28 76.10   79.25   76.55   100.85
18:01:31 75.99   79.25   76.55   105.46
18:02:34 76.10   79.25   76.55   105.80
18:03:38 75.99   79.25   76.55   104.79
18:04:41 76.10   79.25   76.66   103.78
18:05:44 76.10   79.25   76.78   102.65
18:06:48 76.10   79.25   76.66   101.75
18:07:51 76.10   79.25   76.78   100.85
18:08:54 76.10   79.36   76.66   100.06
18:09:58 76.21   79.36   76.66   99.39
18:11:01 76.10   79.36   76.66   98.83
18:12:04 76.21   79.36   76.89   98.15
18:13:08 76.21   79.36   76.78   97.59
18:14:11 76.10   79.36   76.78   104.23
18:15:14 76.10   79.36   76.89   104.79
18:16:18 76.10   79.36   76.78   104.11
18:17:21 76.10   79.36   76.78   103.10
18:18:24 75.99   79.25   76.78   101.98
18:19:28 75.99   79.25   76.89   101.41
18:20:31 76.10   79.36   76.89   100.85
18:21:34 76.21   79.36   76.78   100.18
18:22:38 76.21   79.36   76.89   99.39
18:23:41 76.21   79.47   77.00   98.71
18:24:44 76.21   79.47   77.00   98.15
18:25:48 76.33   79.47   77.00   97.59
18:26:51 76.33   79.47   77.00   97.03
18:27:55 76.21   79.47   77.00   96.58
18:28:58 76.33   79.59   77.00   96.13
18:30:01 76.33   79.59   77.00   98.26
18:31:05 76.33   79.59   76.89   104.45
18:32:08 76.33   79.47   76.89   106.48
18:33:11 76.33   79.59   76.89   106.25
18:34:15 76.33   79.59   76.78   105.35
18:35:18 76.33   79.59   76.78   104.34
18:36:21 76.44   79.59   76.78   103.44
18:37:25 76.44   79.59   76.89   102.43
18:38:28 76.33   79.59   76.89   101.64
18:39:31 76.33   79.59   77.00   100.85
18:40:35 76.33   79.59   77.00   100.06
18:41:38 76.33   79.59   77.00   99.39
18:42:41 76.44   79.59   77.00   98.71
18:43:45 76.44   79.59   77.00   98.26
18:44:48 76.44   79.59   77.00   97.70
18:45:51 76.44   79.59   77.00   97.25
18:46:55 76.33   79.59   77.00   96.80
18:47:58 76.44   79.59   77.00   96.35
18:49:01 76.44   79.70   77.11   95.90
18:50:05 76.44   79.70   77.22   95.56
18:51:08 76.44   79.59   77.22   95.22
18:52:11 76.44   79.70   77.22   94.78
18:53:15 76.44   79.70   77.34   94.44
18:54:18 76.44   79.70   77.22   94.10
18:55:21 76.44   79.70   77.34   93.76
18:56:25 76.44   79.70   77.22   93.43
18:57:28 76.44   79.70   77.34   93.20
18:58:31 76.44   79.70   77.34   92.86
18:59:35 76.44   79.70   77.34   92.64
19:00:38 76.44   79.70   77.34   92.41
19:01:41 76.44   79.70   77.34   92.08
19:02:45 76.44   79.70   77.45   91.85
19:03:48 76.44   79.70   77.34   91.74
19:04:52 76.44   79.81   77.45   91.40
19:05:55 76.44   79.81   77.45   91.29
19:06:58 76.44   79.81   77.45   91.06
19:08:02 76.55   79.81   77.56   90.84
19:09:05 76.44   79.81   77.56   90.72
19:10:08 76.55   79.81   77.56   90.50
19:11:12 76.44   79.81   77.56   90.39
19:12:15 76.44   79.70   77.56   90.16
19:13:18 76.55   79.81   77.68   90.05
19:14:22 76.44   79.70   77.56   89.83
19:15:25 76.44   79.81   77.56   89.60
19:16:28 76.55   79.81   77.56   89.60
19:17:32 76.55   79.81   77.56   89.49
19:18:35 76.44   79.81   77.56   89.26
19:19:38 76.44   79.81   77.68   89.04
19:20:42 76.55   79.81   77.68   88.93
19:21:45 76.55   79.81   77.56   88.70
19:22:48 76.55   79.81   77.45   88.59
19:23:52 76.55   79.81   77.79   88.47
19:24:55 76.44   79.81   77.68   88.36
19:25:58 76.44   79.70   77.79   88.14
19:27:02 76.44   79.81   77.68   88.03
19:28:05 76.55   79.81   77.79   88.03
19:29:08 76.44   79.81   77.79   87.91
19:30:12 76.55   79.81   77.79   87.91
19:31:15 76.44   79.81   77.79   87.80
19:32:18 76.55   79.81   77.79   87.80
19:33:22 76.55   79.81   77.56   87.69
19:34:25 76.55   79.81   77.68   87.58
19:35:28 76.55   79.81   77.79   87.46
19:36:32 76.55   79.81   77.68   87.35
19:37:35 76.55   79.81   77.79   87.35
19:38:38 76.55   79.81   77.79   87.24
19:39:42 76.55   79.81   77.79   87.13
19:40:45 76.55   79.81   77.68   87.01
19:41:48 76.55   79.81   77.79   86.90
19:42:52 76.55   79.81   77.79   86.90
19:43:55 76.55   79.81   77.79   86.90
19:44:59 76.55   79.81   77.79   86.79
19:46:02 76.55   79.81   77.68   86.68
19:47:05 76.66   79.93   77.68   86.56
19:48:09 76.66   79.81   77.68   86.56
19:49:12 76.66   79.93   77.68   86.45
19:50:15 76.55   79.93   77.68   86.34
19:51:19 76.55   79.93   77.56   86.34
19:52:22 76.66   79.93   77.56   86.34
19:53:25 76.66   79.93   77.68   86.22
19:54:29 76.66   79.93   77.68   86.22
19:55:32 76.66   79.93   77.79   86.22
19:56:35 76.66   79.93   77.79   86.11
19:57:39 76.66   79.93   77.79   86.00
19:58:42 76.66   79.93   77.79   85.89
19:59:45 76.66   79.93   77.68   85.78
20:00:49 76.66   80.04   77.68   85.78
20:01:52 76.66   79.93   77.68   85.78
20:02:55 76.66   79.93   77.79   85.66
20:03:59 76.66   80.04   77.68   85.66
20:05:02 76.66   80.04   77.68   85.66
20:06:05 76.66   80.04   77.79   85.66
20:07:09 76.66   80.04   77.79   85.55
20:08:12 76.66   80.04   77.68   85.55
20:09:15 76.78   80.04   77.79   85.55
20:10:19 76.78   80.04   77.68   85.44
20:11:22 76.78   80.04   77.79   85.44
20:12:25 76.78   80.04   77.90   85.44
20:13:29 76.78   80.04   77.68   85.44
20:14:32 76.78   80.04   77.79   85.55
20:15:35 76.78   80.04   77.68   85.55
20:16:39 76.78   80.04   77.79   85.55
20:17:42 76.78   80.04   77.90   85.55
20:18:45 76.78   80.04   77.79   85.55
20:19:49 76.78   80.04   77.79   85.55
20:20:52 76.78   80.04   77.79   85.55
20:21:56 76.78   80.04   77.79   85.44
20:22:59 76.66   80.04   77.90   85.44
20:24:02 76.66   80.04   77.90   85.33
20:25:06 76.78   80.04   77.90   85.33
20:26:09 76.78   80.04   77.90   85.33
20:27:12 76.78   80.04   77.90   85.33
20:28:16 76.78   80.04   78.01   85.21
20:29:19 76.78   80.04   77.90   85.33
20:30:22 76.78   80.04   77.90   85.21
20:31:26 76.78   80.04   78.01   85.10
20:32:29 76.78   80.04   77.90   99.05
20:33:32 76.78   80.04   77.79   100.29
20:34:36 76.78   80.04   77.68   99.39
20:35:39 76.78   80.04   77.79   98.26
20:36:42 76.78   80.04   77.79   97.25
20:37:46 76.78   80.15   77.79   96.24
20:38:49 76.78   80.15   77.79   95.56
