20:16:39 74.53   77.68   74.75   84.76
20:17:43 74.53   77.68   74.97   84.76
20:18:46 74.53   77.79   74.86   84.76
20:19:49 74.53   77.79   74.75   84.65
20:20:53 74.53   77.79   74.75   84.65
20:21:56 74.53   77.68   74.86   84.54
20:22:59 74.53   77.79   74.75   84.43
20:24:03 74.53   77.79   74.86   84.54
20:25:06 74.53   77.79   74.64   84.54
20:26:09 74.53   77.68   74.86   84.54
20:27:13 74.53   77.79   74.64   84.54
20:28:16 74.53   77.79   74.86   84.54
20:29:19 74.53   77.68   74.64   84.43
20:30:23 74.53   77.68   74.86   84.54
20:31:26 74.53   77.68   74.97   84.54
20:32:29 74.53   77.68   74.97   84.54
20:33:33 74.53   77.79   74.97   84.54
20:34:36 74.53   77.79   75.09   84.54
20:35:39 74.53   77.79   75.09   84.54
20:36:43 74.64   77.79   74.97   84.43
20:37:46 74.64   77.79   74.86   84.31
20:38:49 74.64   77.79   74.97   84.31
20:39:53 74.64   77.79   74.97   84.31
20:40:56 74.64   77.79   74.97   84.43
20:41:59 74.53   77.79   74.97   84.31
20:43:03 74.64   77.79   74.97   84.31
20:44:06 74.64   77.79   75.09   84.31
20:45:09 74.53   77.68   74.97   84.31
20:46:13 74.53   77.79   74.97   84.31
20:47:16 74.53   77.79   74.97   84.20
20:48:20 74.53   77.79   75.09   84.20
20:49:23 74.53   77.79   74.97   84.09
20:50:26 74.53   77.79   74.97   84.09
20:51:30 74.64   77.79   74.75   84.09
20:52:33 74.53   77.79   74.97   84.09
20:53:36 74.53   77.79   74.97   84.09
20:54:40 74.64   77.79   74.97   84.09
20:55:43 74.53   77.79   74.97   84.20
20:56:46 74.64   77.79   74.86   84.20
20:57:50 74.53   77.79   74.75   84.20
20:58:53 74.53   77.79   74.75   84.09
20:59:56 74.53   77.79   74.97   84.09
21:01:00 74.53   77.79   74.75   84.09
21:02:03 74.53   77.79   74.86   84.09
21:03:06 74.53   77.79   74.75   83.97
21:04:10 74.53   77.79   74.75   83.86
21:05:13 74.53   77.79   74.86   83.97
21:06:16 74.53   77.79   74.86   83.86
21:07:20 74.53   77.79   74.75   83.86
21:08:23 74.53   77.79   74.86   84.09
21:09:26 74.53   77.79   74.75   84.09
21:10:30 74.53   77.79   74.86   84.09
21:11:33 74.53   77.79   74.75   84.09
21:12:36 74.53   77.79   74.86   84.09
21:13:40 74.53   77.79   74.86   84.09
21:14:43 74.53   77.79   74.75   100.29
21:15:46 74.53   77.68   74.75   106.59
21:16:50 74.53   77.79   74.75   108.16
21:17:53 74.53   77.79   74.75   108.95
21:18:56 74.53   77.79   74.75   109.63
21:20:00 74.64   77.79   74.75   109.96
21:21:03 74.64   77.79   74.86   109.96
21:22:07 74.64   77.79   74.75   109.96
21:23:10 74.53   77.79   74.75   109.85
21:24:13 74.53   77.79   74.86   109.74
21:25:17 74.64   77.79   74.86   109.51
21:26:20 74.64   77.79   74.86   109.29
21:27:23 74.64   77.79   74.75   108.95
21:28:27 74.64   77.79   74.75   108.61
21:29:30 74.64   77.79   74.75   108.16
21:30:33 74.64   77.79   74.75   107.49
21:31:37 74.86   78.13   74.75   106.93
21:32:40 74.97   78.24   74.75   106.36
21:33:43 74.97   78.24   74.86   105.69
21:34:47 74.97   78.24   74.97   105.01
21:35:50 74.97   78.13   74.97   104.34
21:36:53 74.97   78.13   74.64   103.78
21:37:57 74.97   78.13   74.53   103.33
21:39:00 74.97   78.13   74.64   102.76
21:40:03 74.86   78.13   74.53   102.20
21:41:07 74.86   78.13   74.64   101.64
21:42:10 74.97   78.13   74.75   101.19
21:43:13 74.97   78.13   74.75   100.74
21:44:17 74.97   78.13   74.75   100.40
21:45:20 74.86   78.13   74.75   100.06
21:46:23 74.86   78.13   74.75   99.61
21:47:27 74.86   78.13   74.86   99.28
21:48:30 74.97   78.13   74.86   108.61
21:49:33 74.97   78.13   74.86   111.54
21:50:37 74.97   78.13   74.97   111.09
21:51:40 74.97   78.13   74.86   110.08
21:52:43 74.86   78.13   74.97   108.95
21:53:47 74.97   78.13   74.75   110.08
21:54:50 74.97   78.13   74.97   116.26
21:55:53 74.86   78.13   74.75   116.60
21:56:57 74.97   78.13   74.64   118.40
21:58:00 74.97   78.13   74.64   117.95
21:59:03 74.97   78.13   74.86   117.05
22:00:07 74.86   78.13   74.75   115.81
22:01:10 74.86   78.01   74.86   114.69
22:02:13 74.97   78.13   74.97   113.56
22:03:17 74.86   78.13   74.97   112.55
22:04:20 74.86   78.01   74.97   111.65
22:05:23 74.86   78.01   75.09   110.86
22:06:27 74.75   78.01   75.09   109.85
22:07:30 74.86   78.01   75.09   109.06
22:08:33 74.86   78.01   74.86   108.28
22:09:37 74.86   78.01   74.86   107.60
22:10:40 74.75   78.01   74.86   106.93
22:11:43 74.75   78.01   74.86   106.25
22:12:47 74.75   78.01   74.75   105.58
22:13:50 74.86   78.01   74.75   104.79
22:14:53 74.86   78.01   74.75   104.23
22:15:57 74.75   78.01   74.75   103.55
22:17:00 74.75   78.01   74.75   102.99
22:18:03 74.75   78.01   74.75   102.43
22:19:07 74.75   78.01   74.75   101.86
22:20:10 74.75   78.01   74.75   101.41
22:21:13 74.75   78.01   74.75   100.74
22:22:17 74.75   78.01   74.75   100.29
22:23:20 74.75   78.01   74.64   99.84
22:24:23 74.75   78.01   74.64   99.50
22:25:27 74.75   78.01   74.75   99.05
22:26:30 74.75   78.01   74.75   98.60
22:27:33 74.75   78.01   74.75   98.15
22:28:37 74.75   78.01   74.75   97.70
22:29:40 74.86   78.01   74.64   97.36
22:30:43 74.75   78.01   74.86   97.03
22:31:47 74.75   78.01   74.64   96.69
22:32:50 74.75   77.90   74.75   96.35
22:33:53 74.64   78.01   74.75   95.90
22:34:57 74.75   77.90   74.64   95.56
22:36:00 74.75   77.90   74.75   95.11
22:37:03 74.75   77.90   74.75   94.89
22:38:07 74.75   77.90   74.64   94.55
22:39:10 74.75   77.90   74.64   94.21
22:40:14 74.75   77.90   74.64   93.88
22:41:17 74.75   77.90   74.53   93.65
22:42:20 74.75   77.90   74.53   93.43
22:43:24 74.75   77.90   74.53   93.09
22:44:27 74.64   77.90   74.53   92.86
22:45:30 74.64   77.90   74.41   106.70
22:46:34 74.64   77.90   74.53   111.99
22:47:37 74.64   77.90   74.41   113.00
22:48:40 74.64   77.79   74.41   112.66
22:49:44 74.64   77.79   74.53   112.10
22:50:47 74.53   77.79   74.41   111.09
22:51:50 74.53   77.79   74.41   110.19
22:52:54 74.53   77.79   74.41   109.18
22:53:57 74.53   77.79   74.41   108.28
22:55:00 74.53   77.79   74.41   107.49
22:56:04 74.53   77.68   74.41   106.59
22:57:07 74.53   77.79   74.41   105.69
22:58:10 74.53   77.68   74.41   105.01
22:59:14 74.53   77.68   74.41   104.34
23:00:17 74.41   77.68   74.30   103.78
23:01:20 74.53   77.68   74.41   103.10
23:02:24 74.53   77.68   74.30   102.31
23:03:27 74.53   77.68   74.30   101.75
23:04:30 74.53   77.68   74.30   101.08
23:05:34 74.41   77.68   74.30   100.51
23:06:37 74.41   77.68   74.30   100.06
23:07:40 74.41   77.68   74.30   99.61
23:08:44 74.53   77.68   74.30   99.16
23:09:47 74.41   77.68   74.41   98.60
23:10:51 74.41   77.68   74.30   102.99
23:11:54 74.41   77.68   74.30   109.85
23:12:57 74.41   77.56   74.30   110.98
23:14:01 74.30   77.56   74.30   111.65
23:15:04 74.30   77.56   74.30   111.54
23:16:07 74.30   77.56   74.19   110.98
23:17:11 74.30   77.56   74.19   110.08
23:18:14 74.30   77.56   74.19   109.18
23:19:17 74.30   77.56   74.19   108.39
23:20:21 74.30   77.45   74.19   107.49
23:21:24 74.30   77.45   74.19   106.59
23:22:27 74.30   77.45   74.19   105.80
23:23:31 74.30   77.45   74.19   105.01
23:24:34 74.19   77.45   74.19   104.34
23:25:37 74.30   77.45   74.19   103.66
23:26:41 74.19   77.45   74.19   102.99
23:27:44 74.19   77.45   74.08   102.43
23:28:47 74.19   77.45   74.19   101.86
23:29:51 74.19   77.45   74.08   101.19
23:30:54 74.19   77.45   74.08   100.63
23:31:57 74.19   77.45   74.19   100.06
23:33:01 74.19   77.45   74.19   99.61
23:34:04 74.19   77.45   74.19   99.05
23:35:07 74.19   77.45   74.19   98.49
23:36:11 74.19   77.34   74.08   98.15
23:37:14 74.19   77.45   74.08   97.81
23:38:17 74.19   77.34   74.08   97.36
23:39:21 74.19   77.45   74.19   97.03
23:40:24 74.19   77.45   74.08   96.69
23:41:28 74.19   77.45   74.08   96.24
23:42:31 74.19   77.34   74.08   95.90
23:43:34 74.19   77.34   74.08   95.56
23:44:38 74.08   77.34   74.08   95.22
23:45:41 74.08   77.45   74.08   94.78
23:46:44 74.08   77.34   74.08   94.44
23:47:48 74.08   77.34   74.08   94.21
23:48:51 74.08   77.34   74.08   93.99
23:49:54 74.08   77.34   74.08   93.65
23:50:58 74.08   77.34   74.08   93.43
23:52:01 74.08   77.22   73.96   93.20
23:53:04 73.96   77.22   74.08   92.86
23:54:08 73.96   77.22   74.08   92.64
23:55:11 73.96   77.22   74.08   92.41
23:56:14 73.96   77.22   74.08   92.08
23:57:18 73.96   77.22   74.08   91.85
23:58:21 73.96   77.22   73.96   91.51
23:59:24 73.96   77.22   73.96   91.40
