00:00:57 71.15   74.08   72.05   95.11
00:02:00 71.04   74.08   72.05   94.78
00:03:03 71.04   74.08   72.05   94.44
00:04:07 71.04   74.08   72.05   94.10
00:05:10 71.04   73.96   71.94   93.76
00:06:13 71.04   73.96   71.94   93.43
00:07:17 71.04   73.96   72.05   93.09
00:08:20 70.93   73.96   71.94   92.86
00:09:23 70.93   73.96   72.05   92.53
00:10:27 70.93   73.96   72.05   92.19
00:11:30 70.93   73.96   71.94   91.96
00:12:33 70.93   73.96   71.94   91.74
00:13:37 70.93   73.96   72.05   91.51
00:14:40 70.93   73.96   71.94   91.29
00:15:43 70.93   73.85   71.83   90.95
00:16:47 70.81   73.85   71.83   90.72
00:17:50 70.81   73.85   71.83   90.50
00:18:53 70.81   73.85   71.83   90.28
00:19:57 70.81   73.85   71.83   90.05
00:21:00 70.81   73.85   71.83   89.83
00:22:03 70.81   73.85   71.83   89.60
00:23:07 70.81   73.85   71.83   89.49
00:24:10 70.81   73.85   71.71   89.38
00:25:13 70.81   73.85   71.71   89.15
00:26:17 70.81   73.85   71.71   89.04
00:27:20 70.81   73.74   71.71   88.81
00:28:24 70.81   73.74   71.71   88.70
00:29:27 70.81   73.74   71.71   88.59
00:30:30 70.70   73.74   71.60   88.36
00:31:34 70.70   73.74   71.60   88.36
00:32:37 70.70   73.74   71.71   88.03
00:33:40 70.70   73.63   71.49   87.91
00:34:44 70.70   73.63   71.60   87.69
00:35:47 70.70   73.74   71.71   87.46
00:36:50 70.70   73.63   71.60   87.46
00:37:54 70.59   73.63   71.71   87.24
00:38:57 70.59   73.63   71.71   87.01
00:40:00 70.59   73.63   71.71   86.90
00:41:04 70.59   73.63   71.71   86.79
00:42:07 70.59   73.51   71.60   86.68
00:43:10 70.59   73.63   71.71   86.56
00:44:14 70.59   73.51   71.60   86.45
00:45:17 70.59   73.51   71.60   86.45
00:46:20 70.59   73.51   71.60   86.34
00:47:24 70.47   73.51   71.71   86.22
00:48:27 70.47   73.51   71.71   86.11
00:49:30 70.47   73.51   71.49   86.11
00:50:34 70.47   73.40   71.49   86.00
00:51:37 70.47   73.51   71.60   85.89
00:52:40 70.47   73.40   71.49   85.78
00:53:44 70.36   73.40   71.49   85.55
00:54:47 70.47   73.40   71.49   85.44
00:55:50 70.36   73.40   71.49   85.44
00:56:54 70.36   73.40   71.49   85.33
00:57:57 70.36   73.40   71.49   85.21
00:59:01 70.36   73.29   71.49   85.10
01:00:04 70.36   73.29   71.49   85.10
01:01:07 70.36   73.29   71.49   84.99
01:02:11 70.36   73.29   71.49   84.76
01:03:14 70.25   73.29   71.38   84.76
01:04:17 70.36   73.29   71.49   84.65
01:05:21 70.25   73.29   71.38   84.65
01:06:24 70.25   73.29   71.38   84.65
01:07:27 70.36   73.29   71.38   84.65
01:08:31 70.25   73.29   71.38   84.54
01:09:34 70.25   73.29   71.38   84.43
01:10:37 70.25   73.29   71.38   84.31
01:11:41 70.25   73.18   71.26   84.31
01:12:44 70.25   73.18   71.26   84.31
01:13:47 70.14   73.18   71.26   84.20
01:14:51 70.25   73.18   71.38   84.09
01:15:54 70.14   73.18   71.26   84.09
01:16:57 70.14   73.18   71.26   84.20
01:18:01 70.14   73.18   71.26   84.20
01:19:04 70.14   73.06   71.04   84.09
01:20:07 70.14   73.06   71.26   84.09
01:21:11 70.14   73.06   71.15   83.97
01:22:14 70.14   73.06   71.26   83.86
01:23:17 70.03   73.06   71.15   83.86
01:24:21 70.03   73.06   71.26   83.75
01:25:24 70.03   73.06   71.04   83.75
01:26:27 70.03   73.06   71.15   83.64
01:27:31 70.03   73.06   71.04   83.53
01:28:34 70.03   73.06   71.15   83.53
01:29:37 70.03   72.95   71.15   83.53
01:30:41 70.03   72.95   71.04   83.53
01:31:44 69.91   72.95   71.15   83.41
01:32:47 70.03   72.95   71.04   83.41
01:33:51 70.03   72.95   71.15   83.41
01:34:54 70.03   72.95   71.04   83.41
01:35:58 69.91   72.95   71.15   83.30
01:37:01 69.91   72.95   71.15   83.19
01:38:04 69.91   72.95   71.04   83.30
01:39:08 69.91   72.95   70.93   83.19
01:40:11 69.91   72.95   71.04   83.19
01:41:14 69.91   72.95   70.93   83.08
01:42:18 69.91   72.84   71.04   82.96
01:43:21 69.91   72.84   71.04   82.96
01:44:24 69.91   72.84   71.04   82.96
01:45:28 69.91   72.84   71.04   82.96
01:46:31 69.80   72.84   70.81   82.96
01:47:34 69.80   72.84   70.81   82.85
01:48:38 69.80   72.84   70.81   82.74
01:49:41 69.80   95.11   70.81   82.74
01:50:44 69.91   122.23   70.81   82.96
01:51:47 70.03   140.00   71.04   83.53
01:52:50 70.25   129.09   71.04   84.20
01:53:54 70.59   106.93   71.04   84.43
01:54:57 70.70   92.41   71.15   84.54
01:56:00 70.81   84.65   71.15   84.43
01:57:04 70.81   80.49   71.26   84.20
01:58:07 70.81   78.01   71.26   84.09
01:59:10 70.70   76.55   71.26   83.86
02:00:14 70.59   75.54   71.26   83.75
02:01:17 70.59   74.97   71.26   83.75
02:02:20 70.47   74.53   71.38   83.75
02:03:24 70.36   74.30   71.38   83.64
02:04:27 70.36   73.96   71.38   83.64
02:05:30 70.25   73.85   71.38   83.53
02:06:34 70.25   73.63   71.38   83.41
02:07:37 70.14   73.51   71.38   83.30
02:08:40 70.14   73.40   71.38   83.19
02:09:44 70.14   73.29   71.26   83.30
02:10:47 70.03   73.29   71.26   83.41
02:11:51 70.03   73.18   71.26   83.19
02:12:54 70.03   75.43   71.26   83.19
02:13:57 70.03   103.10   71.15   83.30
02:15:01 70.03   127.74   71.15   83.64
02:16:04 70.25   143.26   71.26   84.31
02:17:06 70.47   130.10   71.26   84.99
02:18:10 70.81   107.15   71.38   85.21
02:19:13 70.93   92.75   71.26   85.21
02:20:16 71.04   84.88   71.38   85.10
02:21:20 71.04   80.83   71.38   84.88
02:22:23 71.04   78.35   71.49   84.76
02:23:27 70.93   76.78   71.49   84.54
02:24:30 70.81   75.88   71.49   84.31
02:25:33 70.70   75.20   71.49   84.31
02:26:37 70.59   74.75   71.49   84.20
02:27:40 70.59   74.41   71.49   84.20
02:28:43 70.47   74.19   71.49   84.20
02:29:47 70.36   73.96   71.49   84.20
02:30:50 70.36   73.85   71.49   83.86
02:31:53 70.25   92.19   71.49   83.86
02:32:57 70.25   120.09   71.49   83.97
02:34:00 70.36   138.43   71.49   84.54
02:35:03 70.59   128.86   71.49   85.21
02:36:06 70.81   106.81   71.49   85.55
02:37:09 71.04   92.64   71.49   85.66
02:38:13 71.15   84.88   71.60   85.33
02:39:16 71.04   80.71   71.60   85.33
02:40:19 71.04   78.24   71.60   85.10
02:41:23 70.93   76.78   71.60   84.99
02:42:26 70.81   75.88   71.60   84.88
02:43:29 70.70   75.20   71.60   84.65
02:44:33 70.70   74.75   71.60   84.65
02:45:36 70.59   74.41   71.71   84.65
02:46:40 70.47   74.19   71.60   84.54
02:47:43 70.36   73.96   71.60   84.43
02:48:46 70.36   82.29   71.60   84.54
02:49:50 70.36   111.31   71.60   84.54
02:50:53 70.36   133.14   71.60   84.99
02:51:56 70.59   136.40   71.60   85.66
02:52:59 70.81   113.90   71.71   86.00
02:54:02 71.04   96.80   71.71   86.00
02:55:06 71.15   87.13   71.71   86.00
02:56:09 71.15   81.95   71.71   85.89
02:57:12 71.15   79.14   71.71   85.78
02:58:16 71.15   77.34   71.71   85.78
02:59:19 70.93   76.33   71.71   85.55
03:00:22 70.81   75.54   71.71   85.44
03:01:26 70.81   75.09   71.71   85.21
03:02:29 70.70   74.64   71.71   84.99
03:03:32 70.59   74.41   71.83   84.99
03:04:36 70.59   74.19   71.71   84.88
03:05:39 70.47   74.08   71.71   84.76
03:06:42 70.47   84.99   71.71   84.76
03:07:46 70.47   113.90   71.71   84.88
03:08:49 70.59   134.94   71.71   85.21
03:09:52 70.81   134.71   71.71   85.89
03:10:55 70.93   111.65   71.83   86.34
03:11:58 71.15   95.56   71.71   86.45
03:13:02 71.26   86.68   71.83   86.34
03:14:05 71.26   81.61   71.83   86.22
03:15:08 71.15   79.03   71.83   86.11
03:16:12 71.04   77.34   71.83   86.11
03:17:15 71.04   76.21   71.83   85.89
03:18:18 70.93   75.54   71.83   85.78
03:19:22 70.81   75.09   71.83   85.66
03:20:25 70.70   74.64   71.83   85.55
03:21:29 70.59   74.41   71.83   85.33
03:22:32 70.47   74.19   71.83   85.21
03:23:35 70.47   73.96   71.83   85.21
03:24:39 70.36   73.85   71.83   85.21
03:25:42 70.36   73.74   71.83   85.10
03:26:45 70.36   94.10   71.83   84.99
03:27:49 70.36   121.33   71.71   85.21
03:28:52 70.47   139.32   71.83   85.66
03:29:55 70.70   130.89   71.83   86.34
03:30:58 70.93   108.16   71.83   86.56
03:32:01 71.04   93.43   71.83   86.68
03:33:05 71.15   85.44   71.83   86.56
03:34:08 71.15   81.05   71.83   86.34
03:35:11 71.15   78.46   71.83   86.22
03:36:15 71.04   77.11   71.94   86.11
03:37:18 70.93   76.10   71.83   85.89
03:38:21 70.81   75.43   71.83   85.78
03:39:25 70.70   74.97   71.83   85.78
03:40:28 70.70   74.53   71.83   85.66
03:41:31 70.59   74.30   71.94   85.55
03:42:35 70.47   74.19   71.94   85.44
03:43:38 70.47   73.96   71.83   85.44
03:44:41 70.36   73.85   71.83   85.21
03:45:45 70.36   73.74   71.83   85.21
03:46:48 70.36   73.63   71.83   85.10
03:47:52 70.25   75.09   71.83   84.99
03:48:55 70.25   102.20   71.60   85.10
03:49:58 70.25   127.06   71.71   85.33
03:51:01 70.47   142.25   71.71   85.89
03:52:04 70.70   125.60   71.83   86.56
03:53:08 71.04   104.34   71.83   86.79
03:54:11 71.15   91.18   71.83   86.56
03:55:14 71.15   84.31   71.83   86.45
03:56:18 71.15   80.38   71.83   86.34
03:57:21 71.15   78.13   71.83   86.11
03:58:24 71.04   76.78   71.83   86.00
03:59:28 70.93   75.88   71.83   85.89
04:00:31 70.81   75.20   71.94   85.78
04:01:34 70.70   74.86   71.83   85.55
04:02:38 70.59   74.53   71.83   85.44
04:03:41 70.59   74.19   71.83   85.44
04:04:44 70.47   74.08   71.83   85.33
04:05:48 70.47   73.85   71.83   102.31
04:06:51 70.36   73.74   71.83   108.16
04:07:54 70.36   73.63   71.83   109.63
04:08:58 70.25   73.85   71.83   109.85
04:10:01 70.25   98.04   71.71   109.85
04:11:04 70.36   123.69   71.71   110.30
04:12:07 70.47   137.53   71.71   110.41
04:13:11 70.70   118.85   71.71   111.88
04:14:14 70.93   99.73   71.71   112.78
04:15:17 71.04   88.70   71.71   113.34
04:16:21 71.04   82.74   71.83   113.45
04:17:24 71.04   79.47   71.83   113.45
04:18:27 71.04   77.56   71.83   112.89
04:19:31 71.04   76.44   71.83   112.10
04:20:34 70.93   75.65   71.83   111.31
04:21:37 70.93   75.31   71.83   110.41
04:22:41 70.81   99.39   71.83   109.51
04:23:44 70.93   125.26   71.83   108.95
04:24:47 71.04   142.81   71.83   108.73
04:25:50 71.26   153.16   71.71   108.61
04:26:53 71.49   159.69   71.83   108.50
04:27:56 71.83   147.54   71.83   108.28
04:28:59 72.16   144.73   71.83   107.94
04:30:02 72.39   121.89   71.94   107.38
04:31:05 72.50   102.65   71.94   109.63
04:32:09 72.50   91.40   71.94   112.89
04:33:12 72.50   84.99   71.94   112.33
04:34:15 72.28   81.39   71.94   111.20
04:35:19 72.16   84.76   71.94   110.08
04:36:22 72.05   113.34   71.60   109.29
04:37:25 72.05   135.73   71.94   108.73
04:38:28 72.05   149.68   72.05   108.50
04:39:31 72.16   153.39   72.05   108.28
04:40:34 72.39   128.19   72.05   108.16
04:41:37 72.61   106.03   72.16   107.49
04:42:41 72.61   93.09   72.05   106.93
04:43:44 72.61   86.22   72.16   106.14
04:44:47 72.50   82.18   72.16   112.44
04:45:51 72.39   79.81   72.16   113.90
04:46:54 72.28   82.18   72.16   112.78
04:47:57 72.05   110.19   72.16   111.65
04:49:01 72.05   133.93   72.28   110.86
04:50:04 72.05   148.78   72.16   110.41
04:51:07 72.28   146.41   72.28   110.08
04:52:10 72.50   120.54   72.28   109.51
04:53:13 72.61   101.53   72.28   108.84
04:54:16 72.61   90.72   72.28   107.94
04:55:20 72.50   84.65   72.28   107.04
04:56:23 72.50   81.39   72.28   106.25
04:57:26 72.39   79.36   72.28   105.46
04:58:30 72.16   78.01   72.28   104.56
04:59:33 72.05   77.11   72.28   103.89
05:00:37 71.94   76.55   72.28   103.21
05:01:40 71.71   77.34   72.28   102.65
05:02:43 71.60   103.89   72.28   102.20
05:03:47 71.60   129.54   72.28   101.98
05:04:50 71.71   145.96   72.28   102.09
05:05:52 71.94   136.63   72.28   102.31
05:06:56 72.05   112.66   72.16   102.20
05:07:59 72.28   96.58   72.28   101.86
05:09:02 72.39   87.69   72.28   101.41
05:10:06 72.28   82.85   72.28   100.85
05:11:09 72.16   80.15   72.16   100.40
05:12:12 72.16   78.46   72.28   99.73
05:13:16 71.94   77.34   72.28   99.16
05:14:19 71.83   76.66   72.28   98.71
05:15:23 71.71   76.10   72.28   98.26
05:16:26 71.60   75.65   72.28   97.92
05:17:29 71.49   75.31   72.28   97.48
05:18:33 71.38   75.09   72.16   97.03
05:19:36 71.26   74.86   72.16   96.80
05:20:39 71.26   82.51   72.16   96.46
05:21:43 71.26   111.99   72.16   96.24
05:22:46 71.26   134.71   71.94   96.35
05:23:49 71.49   144.95   71.94   96.80
05:24:52 71.71   123.35   72.05   96.91
05:25:55 71.94   102.88   72.05   97.03
05:26:59 72.05   91.06   72.16   96.69
05:28:02 72.16   84.43   71.94   96.46
05:29:05 72.05   80.94   72.05   96.01
05:30:09 71.94   78.91   72.05   95.68
05:31:12 71.83   77.56   72.16   95.22
05:32:15 71.71   76.78   71.94   94.89
05:33:19 71.71   76.10   72.05   94.55
05:34:22 71.49   75.65   72.05   94.21
05:35:25 71.49   75.31   71.94   93.99
05:36:29 71.38   75.09   71.83   93.76
05:37:32 71.26   74.86   71.83   93.54
05:38:35 71.15   74.75   71.71   93.20
05:39:39 71.15   74.53   71.71   92.97
05:40:42 71.04   74.41   71.71   92.75
05:41:45 71.04   74.30   71.49   92.53
05:42:49 71.04   74.30   71.38   92.30
05:43:52 70.93   74.19   71.49   92.08
05:44:55 70.93   74.08   71.15   91.74
05:45:59 70.93   74.08   71.26   91.63
05:47:02 70.81   73.96   71.04   91.40
05:48:05 70.81   73.96   71.15   91.18
05:49:09 70.81   73.85   71.15   90.95
05:50:12 70.70   82.96   70.93   90.84
05:51:15 70.81   112.55   71.26   90.95
05:52:19 70.93   134.71   71.38   91.18
05:53:22 71.04   135.05   71.26   91.63
05:54:25 71.26   112.33   71.38   91.85
05:55:28 71.49   95.90   71.38   91.85
05:56:32 71.60   86.90   71.60   91.74
05:57:35 71.60   82.06   71.49   91.51
05:58:38 71.60   79.25   71.38   91.29
05:59:42 71.49   77.56   71.49   91.06
06:00:45 71.38   76.55   71.49   90.72
06:01:48 71.26   75.88   71.60   90.50
06:02:52 71.26   75.43   71.38   90.28
06:03:55 71.04   74.97   71.26   90.05
06:04:58 71.04   74.75   71.26   89.83
06:06:02 70.93   74.53   71.15   89.71
06:07:05 70.81   74.30   71.15   89.49
06:08:08 70.81   74.19   71.04   89.49
06:09:12 70.70   74.08   71.04   89.38
06:10:15 70.70   73.96   70.81   89.26
06:11:18 70.59   73.85   70.70   89.04
06:12:22 70.59   73.85   70.70   88.81
06:13:25 70.59   73.74   70.70   88.70
06:14:29 70.59   73.74   70.59   88.59
06:15:32 70.59   73.63   70.47   88.59
06:16:35 70.47   73.63   70.47   88.47
06:17:39 70.36   73.51   70.47   88.36
06:18:42 70.36   73.40   70.36   88.25
06:19:45 70.36   73.40   70.36   88.14
06:20:49 70.36   73.40   70.36   88.03
06:21:52 70.36   73.40   70.36   87.91
06:22:55 70.36   73.40   70.25   87.91
06:23:59 70.36   73.40   70.25   87.80
06:25:02 70.36   78.13   70.25   87.69
06:26:05 70.25   107.83   70.25   87.80
06:27:09 70.36   131.68   70.59   88.03
06:28:12 70.59   133.03   70.70   88.59
06:29:15 70.93   111.09   70.59   88.81
06:30:18 71.15   95.00   70.59   88.93
06:31:22 71.15   86.22   70.81   88.81
06:32:25 71.15   81.39   70.81   88.70
06:33:28 71.15   78.80   70.93   88.36
06:34:32 71.15   77.11   71.04   88.14
06:35:35 71.04   76.21   70.70   88.03
06:36:38 71.04   75.54   70.70   87.91
06:37:42 70.93   74.97   70.93   87.91
06:38:45 70.81   74.64   70.70   87.69
06:39:48 70.70   74.41   70.59   87.58
06:40:52 70.70   74.19   70.47   87.46
06:41:55 70.59   73.96   70.47   87.35
06:42:58 70.47   73.85   70.36   87.24
06:44:02 70.59   73.74   70.36   87.24
06:45:05 70.59   73.74   70.81   87.13
06:46:08 70.47   73.63   70.93   87.01
06:47:12 70.36   73.63   70.93   86.90
06:48:15 70.36   73.51   70.70   86.90
06:49:18 70.36   73.51   70.70   86.79
06:50:22 70.25   73.40   70.59   86.79
06:51:25 70.25   73.29   70.25   86.68
06:52:28 70.25   73.29   70.25   86.56
06:53:32 70.14   73.18   70.25   86.56
06:54:35 70.14   73.18   70.25   86.34
06:55:39 70.14   73.18   70.14   93.76
06:56:42 70.14   73.18   70.36   107.94
06:57:45 70.03   73.06   70.25   110.53
06:58:49 70.03   73.06   70.36   110.98
06:59:52 70.03   74.86   70.14   111.31
07:00:55 70.03   102.31   70.03   111.76
07:01:59 70.14   127.63   70.36   112.33
07:03:02 70.47   137.53   70.70   112.89
07:04:05 70.70   116.38   70.59   113.23
07:05:08 70.93   98.15   70.59   113.11
07:06:12 71.04   87.58   70.81   112.89
07:07:15 71.04   82.18   70.81   112.44
07:08:18 71.04   79.03   70.93   111.99
07:09:22 71.04   77.22   70.93   111.54
07:10:25 70.93   76.10   70.93   110.86
07:11:28 70.81   75.43   70.93   110.19
07:12:32 70.70   74.86   70.70   109.51
07:13:35 70.59   74.53   70.81   108.84
07:14:38 70.59   74.30   70.93   110.98
07:15:42 70.59   73.96   70.47   111.65
07:16:45 70.47   73.85   70.25   111.88
07:17:48 70.47   73.74   70.36   112.44
07:18:52 70.36   73.63   70.25   112.21
07:19:55 70.36   73.51   70.14   111.65
07:20:58 70.25   73.51   70.14   110.75
07:22:02 70.25   73.40   70.03   109.96
07:23:05 70.25   73.40   70.03   113.11
07:24:08 70.25   73.29   70.03   113.68
07:25:12 70.25   73.29   70.03   113.11
07:26:15 70.25   73.29   69.91   114.24
07:27:18 70.25   84.88   69.80   115.03
07:28:22 70.36   114.35   70.03   114.69
07:29:25 70.59   135.61   70.36   116.49
07:30:28 70.81   130.10   70.36   116.94
07:31:31 71.15   108.16   70.36   116.94
07:32:35 71.38   93.31   70.47   116.38
07:33:38 71.38   85.33   70.70   115.36
07:34:41 71.38   80.94   70.70   114.46
07:35:45 71.38   78.58   70.70   113.45
07:36:48 71.26   77.11   70.59   112.66
07:37:51 71.15   76.10   70.70   111.65
07:38:55 71.04   75.54   70.70   110.75
07:39:58 71.04   75.09   70.47   109.85
07:41:02 70.93   74.75   70.47   109.06
07:42:05 70.81   74.53   70.47   108.16
07:43:08 70.70   74.30   70.47   107.49
07:44:12 70.70   74.08   70.47   106.81
07:45:15 70.59   73.96   70.25   106.14
07:46:18 70.59   73.85   70.25   105.58
07:47:22 70.47   73.74   70.36   104.90
07:48:25 70.47   73.74   70.14   104.34
07:49:28 70.47   73.63   70.14   103.66
07:50:32 70.36   73.63   70.03   103.10
07:51:35 70.36   73.51   70.03   102.54
07:52:38 70.36   73.51   70.03   101.98
07:53:42 70.25   73.40   70.03   101.53
07:54:45 70.25   73.40   69.91   101.08
07:55:48 70.25   92.19   70.14   100.63
07:56:52 70.25   120.43   70.14   100.51
07:57:55 70.47   139.78   70.14   100.63
07:58:58 70.70   127.29   70.36   100.74
08:00:01 71.04   105.46   70.14   100.63
08:01:05 71.15   91.85   70.47   100.40
08:02:08 71.15   84.65   70.47   99.84
08:03:11 71.15   80.49   70.47   99.28
08:04:15 71.15   78.13   70.70   98.71
08:05:18 71.04   76.78   70.59   98.26
08:06:21 70.93   75.88   70.81   97.70
08:07:25 70.81   75.31   70.70   97.36
08:08:28 70.70   74.86   70.59   96.91
08:09:31 70.59   74.53   70.36   96.46
08:10:35 70.70   74.30   70.59   111.43
08:11:38 70.59   74.08   70.36   113.00
08:12:41 70.47   73.96   70.14   111.88
08:13:45 70.47   73.85   70.03   110.30
08:14:48 70.36   73.74   70.14   108.95
08:15:51 70.36   73.63   70.03   107.60
08:16:55 70.36   73.63   70.03   106.36
08:17:58 70.36   73.51   70.25   105.13
08:19:01 70.25   73.51   70.36   104.11
08:20:05 70.36   73.51   70.59   103.21
08:21:08 70.25   73.51   70.70   102.31
08:22:11 70.25   73.40   70.59   101.64
08:23:15 70.25   73.40   70.70   100.96
08:24:18 70.25   85.21   70.59   100.29
08:25:21 70.25   114.91   70.70   99.95
08:26:25 70.36   136.40   70.81   99.61
08:27:28 70.70   142.25   70.81   99.95
08:28:31 71.04   118.85   70.93   99.95
08:29:34 71.15   99.84   71.04   99.73
08:30:37 71.26   88.93   71.04   99.28
08:31:41 71.26   83.08   71.04   98.60
08:32:44 71.26   79.70   71.04   98.15
08:33:47 71.15   77.79   71.15   97.59
08:34:51 71.04   76.66   71.15   97.03
08:35:54 71.04   75.88   71.26   96.58
08:36:58 70.93   75.31   71.26   96.13
08:38:01 70.81   74.97   71.26   95.68
08:39:04 70.70   74.64   71.26   95.34
08:40:08 70.70   74.41   71.26   94.89
08:41:11 70.59   74.19   71.15   94.55
08:42:14 70.59   74.08   71.15   94.10
08:43:18 70.47   85.44   71.15   93.88
08:44:21 70.47   114.80   71.26   93.76
08:45:24 70.59   136.74   71.26   93.99
08:46:27 70.81   144.61   71.26   94.33
08:47:30 71.04   121.78   71.26   94.44
08:48:33 71.38   101.53   71.26   94.44
08:49:37 71.38   90.05   71.26   94.21
08:50:40 71.49   83.75   71.38   93.88
08:51:44 71.49   80.26   71.38   93.54
08:52:47 71.38   78.24   71.49   93.09
08:53:50 71.26   77.00   71.49   92.75
08:54:54 71.15   76.10   71.49   92.41
08:55:57 71.04   75.54   71.38   92.19
08:57:00 70.93   75.09   71.49   91.85
08:58:04 70.93   74.75   71.49   91.63
08:59:07 70.81   95.34   71.49   91.40
09:00:10 70.81   123.13   71.49   91.51
09:01:13 70.93   141.69   71.49   91.74
09:02:16 71.26   129.09   71.49   92.08
09:03:20 71.49   106.93   71.49   92.30
09:04:23 71.60   93.20   71.49   92.19
09:05:26 71.60   85.44   71.60   91.96
09:06:30 71.60   81.28   71.60   91.63
09:07:33 71.49   78.91   71.60   91.40
09:08:36 71.49   77.45   71.60   91.18
09:09:40 71.38   76.55   71.71   90.84
09:10:43 71.26   75.76   71.71   90.50
09:11:46 71.15   75.43   71.71   90.28
09:12:50 71.04   74.97   71.71   90.05
09:13:53 70.93   74.75   71.71   89.83
09:14:57 70.81   83.41   71.71   89.71
09:16:00 70.81   113.00   71.71   89.71
09:17:03 70.93   135.16   71.71   89.94
09:18:06 71.04   133.14   71.71   90.39
09:19:09 71.38   110.64   71.71   90.61
09:20:13 71.49   95.00   71.71   90.72
09:21:16 71.49   86.34   71.71   90.39
09:22:19 71.60   81.84   71.83   90.16
09:23:23 71.49   79.14   71.83   89.83
09:24:26 71.49   77.68   71.83   89.71
09:25:30 71.38   76.66   71.94   89.26
09:26:33 71.26   75.99   71.83   89.04
09:27:36 71.15   75.43   71.83   88.93
09:28:40 71.15   75.09   71.83   88.81
09:29:43 71.04   74.86   71.83   88.59
09:30:46 70.93   76.21   71.83   88.36
09:31:50 70.93   103.78   71.83   88.25
09:32:53 70.93   129.20   71.83   88.47
09:33:56 71.15   144.95   71.94   88.93
09:34:59 71.38   130.10   71.83   89.60
09:36:02 71.60   107.26   71.94   89.71
09:37:06 71.71   93.31   71.94   89.71
09:38:09 71.83   85.66   71.94   89.71
09:39:12 71.83   81.50   72.05   89.49
09:40:16 71.71   79.14   72.05   89.26
09:41:19 71.71   77.68   72.05   89.04
09:42:22 71.49   76.78   72.05   88.81
09:43:26 71.49   76.10   72.16   88.70
09:44:29 71.38   75.65   72.05   88.47
09:45:32 71.26   75.31   72.05   88.36
09:46:36 71.15   75.09   72.05   88.25
09:47:39 71.15   74.86   72.05   88.03
09:48:42 71.04   74.86   72.05   87.91
09:49:46 71.04   99.73   72.05   87.80
09:50:49 71.04   126.28   72.05   87.91
09:51:52 71.15   142.81   72.05   88.36
09:52:55 71.38   127.06   72.16   88.81
09:53:58 71.60   105.46   72.05   89.04
09:55:02 71.71   92.30   72.16   88.93
09:56:05 71.83   85.10   72.16   88.81
09:57:09 71.83   81.16   72.16   88.47
09:58:12 71.83   78.91   72.16   88.36
09:59:15 71.71   77.56   72.16   88.14
10:00:19 71.60   76.78   72.16   88.03
10:01:22 71.49   76.10   72.16   87.91
10:02:25 71.49   75.65   72.16   87.80
10:03:29 71.38   75.31   72.16   87.58
10:04:32 71.26   75.09   72.16   87.46
10:05:35 71.15   74.86   72.28   87.35
10:06:39 71.15   74.75   72.28   87.24
10:07:42 71.04   74.53   72.16   87.24
10:08:45 71.04   74.53   72.16   87.13
10:09:49 71.04   74.41   72.16   86.90
10:10:52 70.93   76.21   72.16   86.90
10:11:55 70.93   103.66   72.16   87.01
10:12:59 71.04   129.43   72.16   87.13
10:14:02 71.15   144.50   72.16   87.80
10:15:05 71.49   127.18   72.16   88.14
10:16:08 71.71   105.46   72.16   88.36
10:17:11 71.83   92.30   72.28   88.36
10:18:15 71.94   85.10   72.28   88.14
10:19:18 71.94   81.28   72.28   87.91
10:20:21 71.94   79.03   72.28   87.80
10:21:25 71.83   77.68   72.28   87.58
10:22:28 71.71   76.78   72.28   87.46
10:23:31 71.60   76.21   72.39   87.24
10:24:35 71.49   75.76   72.39   87.13
10:25:38 71.38   75.43   72.39   87.01
10:26:41 71.38   75.20   72.39   86.90
10:27:45 71.26   74.97   72.39   86.79
10:28:48 71.26   74.75   72.28   86.79
10:29:51 71.15   74.64   72.39   86.68
10:30:55 71.04   74.53   72.39   86.56
10:31:58 71.04   74.41   72.28   86.45
10:33:02 71.04   74.41   72.28   86.45
10:34:05 70.93   74.30   72.28   86.34
10:35:08 70.93   74.30   72.28   86.22
10:36:12 70.93   74.19   72.28   86.22
10:37:15 70.81   74.19   72.28   86.11
10:38:18 70.81   74.08   72.28   86.11
10:39:22 70.81   87.35   72.16   86.11
10:40:25 70.81   116.71   72.16   86.11
10:41:28 71.04   137.86   72.16   86.68
10:42:31 71.26   137.30   72.28   87.35
10:43:34 71.49   113.56   72.28   87.58
10:44:38 71.60   97.03   72.28   87.58
10:45:41 71.71   87.69   72.28   87.35
10:46:44 71.83   82.63   72.28   87.24
10:47:48 71.83   79.70   72.39   87.01
10:48:51 71.71   78.01   72.39   87.01
10:49:54 71.71   77.00   72.39   86.79
10:50:58 71.60   76.33   72.39   86.68
10:52:01 71.49   75.88   72.39   86.56
10:53:04 71.49   75.43   72.39   86.56
10:54:08 71.38   75.20   72.39   86.45
10:55:11 71.26   74.97   72.50   86.22
10:56:14 71.26   74.86   72.39   86.22
10:57:18 71.15   74.75   72.39   86.22
10:58:21 71.15   74.64   72.39   86.11
10:59:24 71.04   74.53   72.39   86.11
11:00:28 71.04   74.41   72.39   86.00
11:01:31 71.04   74.41   72.39   86.00
11:02:35 71.04   74.30   72.28   85.89
11:03:38 70.93   74.30   72.28   85.66
11:04:41 70.93   74.41   72.28   85.55
11:05:45 70.93   98.60   72.28   85.55
11:06:48 70.93   125.60   72.28   85.78
11:07:51 71.15   140.11   72.28   86.34
11:08:54 71.38   121.10   72.28   86.79
11:09:57 71.60   101.53   72.28   86.90
11:11:01 71.71   90.05   72.39   86.90
11:12:04 71.83   83.86   72.39   86.68
11:13:07 71.83   80.49   72.39   86.56
11:14:11 71.71   78.58   72.50   86.56
11:15:14 71.71   77.34   72.50   86.45
11:16:18 71.71   76.55   72.50   86.22
11:17:21 71.60   75.99   72.50   86.11
11:18:24 71.49   75.54   72.50   85.89
11:19:28 71.38   75.31   72.39   85.89
11:20:31 71.38   75.09   72.50   85.89
11:21:34 71.26   74.97   72.50   85.89
11:22:38 71.15   74.75   72.50   85.78
11:23:41 71.26   74.75   72.39   85.66
11:24:44 71.15   74.64   72.39   85.55
11:25:48 71.15   74.53   72.39   85.55
11:26:51 71.15   74.53   72.39   85.44
11:27:54 71.04   74.41   72.39   85.44
11:28:58 71.04   74.30   72.39   85.21
11:30:01 71.04   74.30   72.39   85.21
11:31:04 71.04   74.30   72.39   85.21
11:32:08 71.04   74.30   72.28   85.21
11:33:11 70.93   74.19   72.28   85.21
11:34:14 70.93   74.19   72.16   85.10
11:35:18 70.93   86.11   72.16   85.10
11:36:21 71.04   115.36   72.16   85.33
11:37:24 71.04   137.19   72.28   85.66
11:38:27 71.38   141.01   72.28   86.34
11:39:30 71.60   117.50   72.28   86.68
11:40:34 71.71   99.28   72.28   86.79
11:41:37 71.94   88.70   72.39   86.68
11:42:40 71.94   83.30   72.39   86.45
11:43:44 71.94   80.26   72.39   86.34
11:44:47 71.94   78.58   72.50   86.22
11:45:50 71.83   77.34   72.50   86.22
11:46:54 71.71   76.55   72.50   86.00
11:47:57 71.71   76.10   72.50   85.89
11:49:01 71.60   75.76   72.50   85.78
11:50:04 71.49   75.43   72.50   85.66
11:51:07 71.49   75.20   72.50   85.55
11:52:11 71.38   74.97   72.50   85.44
11:53:14 71.38   74.86   72.50   85.44
11:54:17 71.26   74.75   72.50   85.33
11:55:21 71.26   74.64   72.28   85.21
11:56:24 71.15   74.64   72.50   85.21
11:57:27 71.15   74.53   72.39   85.10
11:58:31 71.15   74.41   72.39   84.99
11:59:34 71.04   74.41   72.39   84.88
12:00:37 71.04   74.30   72.39   84.88
12:01:41 71.04   74.30   72.16   84.88
12:02:44 71.04   74.30   72.28   84.88
12:03:47 71.04   75.09   72.16   84.99
12:04:51 70.93   101.64   72.16   85.10
12:05:54 71.04   127.96   72.28   85.21
12:06:57 71.26   141.46   72.28   85.78
12:08:00 71.49   121.55   72.39   86.34
12:09:04 71.71   101.86   72.39   86.45
12:10:07 71.94   90.39   72.39   86.34
12:11:10 72.05   84.09   72.50   86.22
12:12:14 71.94   80.60   72.50   86.11
12:13:17 72.05   78.69   72.50   86.00
12:14:20 71.94   77.56   72.50   85.89
12:15:24 71.83   76.78   72.50   85.78
12:16:27 71.71   76.21   72.61   85.66
12:17:30 71.71   75.76   72.50   85.55
12:18:34 71.60   75.43   72.50   85.55
12:19:37 71.49   75.20   72.61   85.44
12:20:40 71.38   75.09   72.61   85.33
12:21:44 71.38   74.97   72.50   85.21
12:22:47 71.38   74.86   72.50   85.21
12:23:50 71.26   74.75   72.61   85.21
12:24:54 71.26   74.64   72.50   85.10
12:25:57 71.26   74.64   72.50   85.10
12:27:00 71.15   74.53   72.39   84.99
12:28:04 71.15   74.53   72.50   84.99
12:29:07 71.15   74.41   72.50   84.99
12:30:10 71.04   74.41   72.50   84.88
12:31:14 71.04   74.30   72.28   84.88
12:32:17 71.04   74.30   72.28   84.76
12:33:20 71.04   74.30   72.28   84.76
12:34:24 71.04   74.19   72.39   84.76
12:35:27 71.04   74.30   72.16   84.76
12:36:30 70.93   74.19   72.16   84.65
12:37:34 71.04   74.19   72.16   84.65
12:38:37 70.93   74.19   72.16   84.54
12:39:40 70.93   96.91   72.05   84.54
12:40:44 71.04   124.48   72.28   84.76
12:41:47 71.15   142.93   72.16   85.33
12:42:50 71.49   133.48   72.28   85.89
12:43:53 71.71   109.85   72.39   86.22
12:44:56 71.94   94.89   72.39   86.22
12:46:00 72.05   86.68   72.50   86.11
12:47:03 72.16   82.29   72.50   86.00
12:48:06 72.16   79.70   72.50   85.78
12:49:10 72.05   78.24   72.50   85.55
12:50:13 71.94   77.22   72.61   85.44
12:51:17 71.83   76.55   72.61   85.44
12:52:20 71.83   76.10   72.61   85.44
12:53:23 71.71   75.76   72.61   85.33
12:54:27 71.60   75.43   72.61   85.21
12:55:30 71.49   75.31   72.61   85.10
12:56:33 71.49   75.09   72.61   85.10
12:57:37 71.49   74.97   72.50   85.10
12:58:40 71.38   74.86   72.50   84.88
12:59:43 71.38   74.75   72.50   84.88
13:00:47 71.26   74.75   72.39   84.88
13:01:50 71.26   74.64   72.39   84.76
13:02:53 71.26   74.53   72.28   84.65
13:03:57 71.26   74.53   72.39   84.65
13:05:00 71.15   74.53   72.39   84.65
13:06:03 71.15   74.41   72.39   84.54
13:07:07 71.15   74.41   72.39   84.54
13:08:10 71.15   74.41   72.39   84.54
13:09:13 71.04   74.41   72.28   84.54
13:10:17 71.04   74.30   72.39   84.43
13:11:20 71.04   74.30   72.16   84.43
13:12:23 71.04   74.30   72.16   84.43
13:13:27 71.04   74.30   72.28   84.31
13:14:30 71.04   74.30   72.16   84.20
13:15:33 71.04   93.09   72.16   84.20
13:16:37 71.04   121.44   72.28   84.43
13:17:40 71.26   139.44   72.28   84.99
13:18:43 71.49   124.81   72.39   85.55
13:19:46 71.71   104.11   72.39   85.78
13:20:50 71.83   91.51   72.50   85.89
13:21:53 71.94   84.76   72.50   85.78
13:22:56 71.94   81.05   72.50   85.66
13:24:00 71.94   78.91   72.50   85.44
13:25:03 71.94   77.68   72.61   85.33
13:26:06 71.83   76.89   72.61   85.10
13:27:10 71.71   76.33   72.61   85.10
13:28:13 71.71   75.88   72.61   84.99
13:29:16 71.60   75.65   72.61   84.88
13:30:20 71.49   75.31   72.61   84.88
13:31:23 71.49   75.20   72.50   84.76
13:32:26 71.49   75.09   72.50   84.65
13:33:30 71.49   74.97   72.50   84.65
13:34:33 71.38   74.86   72.50   84.65
13:35:37 71.38   74.75   72.50   84.54
13:36:40 71.26   74.75   72.28   84.54
13:37:43 71.26   74.64   72.39   84.54
13:38:47 71.26   74.64   72.28   84.43
13:39:50 71.26   74.53   72.39   84.43
13:40:53 71.26   74.53   72.39   84.31
13:41:57 71.15   74.53   72.28   84.20
13:43:00 71.26   74.41   72.28   84.09
13:44:03 71.15   74.53   72.28   84.09
13:45:07 71.15   74.41   72.28   84.09
13:46:10 71.15   74.41   72.16   83.97
13:47:13 71.15   74.41   72.16   83.97
13:48:17 71.15   74.41   72.05   83.97
13:49:20 71.15   74.41   72.05   83.97
13:50:23 71.15   74.30   72.16   83.86
13:51:27 71.15   90.16   72.05   83.75
13:52:30 71.15   118.51   72.16   83.97
13:53:33 71.38   138.43   72.16   84.43
13:54:36 71.60   127.40   72.28   85.10
13:55:40 71.83   106.14   72.39   85.44
13:56:43 72.05   92.86   72.39   85.44
13:57:46 72.16   85.55   72.50   85.33
13:58:50 72.16   81.61   72.50   85.21
13:59:53 72.16   79.36   72.61   85.10
14:00:56 72.16   78.01   72.50   84.99
14:02:00 72.16   77.11   72.61   84.99
14:03:03 72.05   76.55   72.61   84.88
14:04:06 71.94   76.21   72.61   84.76
14:05:10 71.94   75.88   72.61   84.76
14:06:13 71.83   75.65   72.61   84.54
14:07:16 71.71   75.43   72.39   84.43
14:08:20 71.71   75.31   72.39   84.31
14:09:23 71.60   75.20   72.28   84.31
14:10:26 71.60   75.09   72.39   84.31
14:11:30 71.60   74.97   72.39   84.20
14:12:33 71.60   74.97   72.39   84.20
14:13:36 71.49   74.86   72.16   84.20
14:14:40 71.49   74.86   72.16   84.20
14:15:43 71.49   74.86   72.05   84.20
14:16:46 71.49   74.75   72.05   84.20
14:17:50 71.49   74.75   72.05   84.09
14:18:53 71.49   74.75   72.05   84.09
14:19:56 71.49   74.75   72.05   84.09
14:21:00 71.38   74.64   71.94   83.97
14:22:03 71.38   74.64   71.94   84.09
14:23:07 71.38   74.64   71.83   83.97
14:24:10 71.38   74.64   71.94   83.97
14:25:13 71.38   74.64   71.83   83.97
14:26:17 71.38   74.64   71.94   83.97
14:27:20 71.38   74.64   71.83   83.97
14:28:23 71.38   74.53   71.83   83.86
14:29:27 71.38   74.64   71.83   83.75
14:30:30 71.38   74.53   71.83   83.75
14:31:33 71.38   74.53   71.83   83.75
14:32:37 71.38   74.53   71.83   83.75
14:33:40 71.38   74.53   71.83   83.64
14:34:43 71.26   74.53   71.71   83.75
14:35:47 71.26   74.53   71.83   83.75
14:36:50 71.26   74.53   71.83   83.64
14:37:53 71.26   74.53   71.83   83.64
14:38:57 71.26   74.53   71.83   83.53
14:40:00 71.26   74.53   71.83   83.53
14:41:03 71.26   74.41   71.94   83.53
14:42:07 71.26   74.41   71.71   83.41
14:43:10 71.26   74.41   71.83   83.41
14:44:13 71.38   74.41   71.71   83.30
14:45:17 71.26   74.41   71.94   83.30
14:46:20 71.26   74.41   71.83   83.30
14:47:23 71.26   74.41   71.60   83.30
14:48:27 71.26   74.41   71.71   83.30
14:49:30 71.26   74.41   71.71   83.19
14:50:33 71.26   74.41   71.83   83.30
14:51:37 71.26   74.41   71.71   83.19
14:52:40 71.26   74.41   71.83   83.08
14:53:43 71.26   74.41   71.71   83.08
14:54:47 71.26   74.41   71.71   83.08
14:55:50 71.26   74.41   71.71   83.08
14:56:54 71.26   74.41   71.60   99.39
14:57:57 71.26   74.41   71.71   104.79
14:59:00 71.26   74.41   71.71   106.14
15:00:04 71.26   74.41   71.71   106.59
15:01:07 71.38   74.41   71.83   106.36
15:02:10 71.26   74.41   71.71   105.91
15:03:14 71.38   74.53   71.71   105.24
15:04:17 71.38   74.41   71.60   104.45
15:05:20 71.38   74.53   71.71   103.78
15:06:24 71.38   74.53   71.71   103.10
15:07:27 71.38   74.53   71.60   102.31
15:08:30 71.38   91.85   71.60   101.64
15:09:34 71.49   119.98   71.83   101.30
15:10:37 71.60   139.55   72.05   101.19
15:11:40 71.94   151.25   71.94   101.08
15:12:43 72.16   158.45   72.16   101.30
15:13:45 72.50   156.43   72.28   101.53
15:14:48 72.95   147.99   72.28   101.53
15:15:51 73.18   154.96   72.39   101.64
15:16:54 73.51   137.07   72.39   101.53
15:17:58 73.74   112.89   72.50   101.19
15:19:01 73.74   97.59   72.61   100.63
15:20:04 73.74   89.15   72.72   99.95
15:21:08 73.51   84.43   72.84   99.28
15:22:11 73.40   81.61   72.84   98.71
15:23:14 73.18   79.93   72.84   98.26
15:24:18 73.06   94.78   72.95   98.04
15:25:21 72.95   122.79   72.95   97.81
15:26:24 73.06   142.03   73.06   97.92
15:27:27 73.06   153.39   72.95   98.15
15:28:30 73.29   137.64   73.06   98.38
15:29:33 73.51   112.89   73.06   98.38
15:30:37 73.51   97.48   73.06   98.04
15:31:40 73.51   89.04   73.06   97.70
15:32:43 73.51   84.31   73.18   97.36
15:33:47 73.51   81.61   73.29   97.03
15:34:50 73.40   79.93   73.29   96.58
15:35:53 73.18   95.00   73.29   96.24
15:36:57 73.06   122.90   73.29   96.01
15:38:00 73.18   141.91   73.29   96.24
15:39:03 73.29   151.14   73.40   96.69
15:40:06 73.51   129.54   73.40   96.91
15:41:09 73.63   107.71   73.51   96.80
15:42:12 73.85   94.66   73.51   96.58
15:43:16 73.85   87.58   73.51   96.24
15:44:19 73.85   83.64   73.51   95.90
15:45:22 73.63   81.28   73.51   95.56
15:46:26 73.63   79.81   73.63   95.22
15:47:29 73.40   78.80   73.63   94.78
15:48:32 73.29   78.13   73.63   94.33
15:49:36 73.18   77.68   73.63   94.10
15:50:39 73.18   98.94   73.63   93.99
15:51:42 73.18   125.83   73.51   93.88
15:52:45 73.18   143.49   73.63   94.21
15:53:48 73.40   131.23   73.63   94.55
15:54:52 73.63   109.18   73.74   94.66
15:55:55 73.74   95.34   73.74   94.55
15:56:59 73.74   87.80   73.74   94.33
15:58:02 73.74   83.64   73.74   93.99
15:59:05 73.74   81.28   73.74   93.65
16:00:09 73.63   79.93   73.74   93.43
16:01:12 73.63   78.91   73.74   93.09
16:02:15 73.51   78.24   73.85   92.75
16:03:19 73.40   77.79   73.85   92.64
16:04:22 73.29   77.56   73.85   92.41
16:05:25 73.18   77.22   73.85   92.19
16:06:29 73.18   77.00   73.51   92.08
16:07:32 73.18   76.89   73.85   91.85
16:08:35 73.06   76.78   73.74   91.63
16:09:39 73.06   76.66   73.74   91.51
16:10:42 72.95   76.55   73.74   91.29
16:11:45 72.95   76.55   73.74   91.29
16:12:49 72.95   76.44   73.74   91.06
16:13:52 72.84   76.44   73.63   90.84
16:14:55 72.95   76.33   73.74   90.72
16:15:59 72.84   76.33   73.63   90.61
16:17:02 72.84   76.21   73.51   90.39
16:18:05 72.84   76.21   73.51   90.28
16:19:09 72.84   76.10   73.40   90.16
16:20:12 72.72   76.10   73.51   90.16
16:21:15 72.72   76.10   73.40   90.05
16:22:19 72.72   75.99   73.40   89.83
16:23:22 72.61   75.99   73.29   89.71
16:24:25 72.61   75.99   73.40   89.49
16:25:29 72.61   75.99   73.29   89.49
16:26:32 72.61   75.88   73.40   89.26
16:27:35 72.61   75.88   73.29   89.26
16:28:39 72.61   75.88   73.51   89.15
16:29:42 72.61   75.88   73.40   89.04
16:30:45 72.61   75.88   73.51   88.93
16:31:49 72.50   75.88   73.40   98.38
16:32:52 72.50   75.76   73.29   107.26
16:33:56 72.39   75.76   73.29   107.94
16:34:59 72.39   75.76   73.18   107.26
16:36:02 72.50   75.76   73.18   106.36
16:37:06 72.50   75.76   72.95   105.24
16:38:09 72.50   75.76   73.29   104.23
16:39:12 72.50   75.76   73.18   103.33
16:40:16 72.50   75.76   72.84   102.43
16:41:19 72.50   75.76   72.84   101.53
16:42:22 72.50   75.76   72.72   100.85
16:43:26 72.50   75.76   72.72   100.06
16:44:29 72.39   75.65   72.72   99.28
16:45:32 72.39   75.76   72.84   98.71
16:46:36 72.39   75.76   72.84   98.04
16:47:39 72.39   75.76   72.72   97.59
16:48:42 72.39   75.65   72.84   97.14
16:49:46 72.39   75.65   72.95   96.69
16:50:49 72.50   75.76   73.06   96.24
16:51:52 72.39   75.76   73.29   95.79
16:52:56 72.39   75.76   73.18   95.45
16:53:59 72.28   75.65   73.29   95.00
16:55:02 72.28   75.65   73.40   94.66
16:56:06 72.28   75.65   73.63   94.21
16:57:09 72.28   75.65   73.85   93.88
16:58:12 72.28   75.65   73.74   93.65
16:59:16 72.28   75.54   73.85   93.20
17:00:19 72.16   75.65   74.08   92.86
17:01:22 72.16   75.65   74.08   92.53
17:02:26 72.28   75.54   73.85   92.19
17:03:29 72.28   75.54   73.63   91.96
17:04:32 72.28   75.54   73.40   91.74
17:05:36 72.16   75.54   73.18   91.40
17:06:39 72.16   75.54   73.06   91.18
17:07:42 72.16   75.54   73.06   90.95
17:08:46 72.16   75.54   73.06   90.72
17:09:49 72.16   75.54   73.06   90.50
17:10:53 72.16   75.54   73.06   90.28
17:11:56 72.16   75.54   72.95   90.05
17:12:59 72.28   75.54   72.95   89.83
17:14:03 72.28   75.54   73.06   89.60
17:15:06 72.28   75.65   73.06   89.49
17:16:09 72.28   75.54   73.06   89.38
17:17:13 72.16   75.54   73.06   89.15
17:18:16 72.16   75.54   73.06   89.04
17:19:19 72.16   75.54   73.06   88.81
17:20:23 72.28   75.54   73.29   88.59
17:21:26 72.28   75.54   73.18   88.36
17:22:29 72.16   75.43   73.29   88.25
17:23:33 72.16   75.54   73.18   88.03
17:24:36 72.16   75.43   73.06   88.03
17:25:39 72.16   75.43   73.18   87.80
17:26:43 72.16   75.43   73.18   87.69
17:27:46 72.05   75.43   73.06   87.58
17:28:49 72.16   75.43   73.18   87.35
17:29:53 72.16   75.31   73.18   87.24
17:30:56 72.16   75.31   73.18   87.13
17:31:59 72.16   75.31   73.18   87.01
17:33:03 72.16   75.43   73.06   86.90
17:34:06 72.16   75.43   73.18   86.79
17:35:09 72.16   75.43   73.40   86.56
17:36:13 72.16   75.31   73.18   86.45
17:37:16 72.05   75.31   73.40   86.34
17:38:19 72.16   75.31   73.40   86.34
17:39:23 72.16   75.31   73.18   86.22
17:40:26 72.16   75.31   73.29   86.11
17:41:30 72.16   75.31   73.18   86.00
17:42:33 72.16   75.31   73.29   85.89
17:43:36 72.16   75.31   73.18   85.89
17:44:40 72.05   75.20   73.18   85.78
17:45:43 72.05   75.20   73.18   85.66
17:46:46 72.05   75.20   73.06   85.66
17:47:50 72.05   75.20   73.06   85.55
17:48:53 72.05   75.20   72.95   85.55
17:49:56 72.05   75.09   72.95   85.33
17:51:00 71.94   75.09   72.95   85.21
17:52:03 72.05   75.20   73.06   85.21
17:53:06 71.94   75.09   72.95   85.10
17:54:10 71.94   75.09   72.84   84.99
17:55:13 71.94   74.97   72.84   84.99
17:56:16 71.94   75.09   72.95   84.88
17:57:20 71.83   74.97   72.61   84.76
17:58:23 71.83   74.97   72.50   84.65
17:59:26 71.83   74.86   72.61   84.76
18:00:30 71.83   74.86   72.61   84.65
18:01:33 71.83   74.86   72.61   84.54
18:02:36 71.83   74.86   72.50   84.54
18:03:40 71.83   74.86   72.39   84.54
18:04:43 71.83   74.86   72.39   84.54
18:05:46 71.71   74.86   72.28   84.54
18:06:50 71.71   74.86   72.39   84.54
18:07:53 71.71   74.86   72.39   84.43
18:08:56 71.71   74.86   72.16   84.43
18:10:00 71.71   74.86   72.28   84.31
18:11:03 71.71   74.86   72.28   84.09
18:12:06 71.71   74.75   72.16   83.97
18:13:10 71.71   74.75   72.05   84.09
18:14:13 71.71   74.75   71.94   83.97
18:15:16 71.60   74.75   72.05   84.09
18:16:20 71.71   74.75   72.05   83.97
18:17:23 71.71   74.75   71.94   83.97
18:18:27 71.71   74.75   71.94   83.97
18:19:30 71.71   74.75   71.94   94.78
18:20:33 71.71   74.75   71.94   106.36
18:21:37 71.60   74.75   71.94   108.61
18:22:40 71.60   74.75   71.94   109.06
18:23:43 71.60   74.64   71.94   109.40
18:24:47 71.60   74.64   71.83   109.85
18:25:50 71.60   74.64   71.83   110.19
18:26:53 71.71   74.75   71.83   110.08
18:27:57 71.60   74.75   71.83   109.63
18:29:00 71.60   74.75   71.71   108.95
18:30:03 71.71   74.75   71.71   110.08
18:31:07 71.71   74.75   71.71   110.64
18:32:10 71.71   74.75   71.60   110.08
18:33:13 71.71   74.75   71.71   109.51
18:34:17 71.71   74.75   71.71   112.21
18:35:20 71.71   74.64   71.71   112.10
18:36:23 71.71   74.64   71.60   111.54
18:37:27 71.71   74.75   71.71   110.86
18:38:30 71.83   91.96   71.60   109.96
18:39:33 71.94   120.31   71.71   109.51
18:40:37 72.16   136.74   71.71   109.18
18:41:40 72.39   119.64   71.71   108.95
18:42:43 72.72   101.19   71.83   108.61
18:43:46 72.84   90.16   71.71   107.94
18:44:50 72.84   84.20   71.71   107.26
18:45:53 72.84   81.05   71.83   106.36
18:46:56 72.84   79.14   71.83   105.69
18:48:00 72.72   78.01   71.94   104.90
18:49:03 72.61   77.22   71.94   104.23
18:50:06 72.61   76.78   72.05   107.94
18:51:10 72.50   76.33   72.05   113.90
18:52:13 72.39   76.10   71.94   113.68
18:53:17 72.28   75.88   71.94   112.44
18:54:20 72.16   75.65   72.05   111.09
18:55:23 72.16   75.54   71.94   109.85
18:56:27 72.05   75.31   71.94   108.73
18:57:30 72.05   75.31   71.94   107.71
18:58:33 71.94   75.20   71.83   106.81
18:59:37 71.94   75.09   71.94   105.80
19:00:40 71.94   75.09   71.94   104.90
19:01:43 71.83   75.09   71.83   104.11
19:02:47 71.83   74.97   71.83   103.44
19:03:50 71.83   74.97   71.83   102.76
19:04:53 71.94   74.97   71.71   102.20
19:05:57 71.83   95.45   71.60   101.75
19:07:00 71.94   123.35   71.71   101.41
19:08:03 72.05   141.46   71.83   101.41
19:09:06 72.28   152.60   71.71   101.53
19:10:09 72.61   159.35   71.71   101.75
19:11:12 73.06   150.46   71.71   101.98
19:12:15 73.40   122.45   71.83   101.75
19:13:18 73.51   102.99   71.71   101.30
19:14:22 73.63   92.08   71.83   100.74
19:15:25 73.63   85.89   71.83   100.18
19:16:28 73.51   82.51   71.83   99.61
19:17:32 73.40   80.38   71.94   99.16
19:18:35 73.18   79.03   72.05   98.49
19:19:38 73.06   78.13   72.05   97.92
19:20:42 72.84   77.45   72.16   97.59
19:21:45 72.72   77.00   72.16   97.14
19:22:48 72.61   95.34   72.16   96.80
19:23:52 72.61   123.01   72.16   96.58
19:24:55 72.72   141.57   72.05   96.69
19:25:58 72.95   141.35   72.05   96.91
19:27:01 73.18   117.50   72.05   97.03
19:28:04 73.40   99.95   72.05   96.91
19:29:08 73.51   90.05   72.05   96.58
19:30:11 73.51   84.54   72.05   96.13
19:31:14 73.40   81.61   72.05   95.68
19:32:18 73.29   79.81   72.16   95.34
19:33:21 73.18   78.69   72.16   95.00
19:34:24 73.06   77.90   72.28   94.66
19:35:28 72.84   77.34   72.28   94.33
19:36:31 72.84   77.00   72.39   93.99
19:37:34 72.72   92.19   72.39   93.88
19:38:38 72.72   120.43   72.39   93.76
19:39:41 72.84   140.00   72.28   93.99
19:40:44 73.06   139.66   72.28   94.33
19:41:47 73.18   116.38   72.16   94.55
19:42:50 73.40   99.28   72.16   94.44
19:43:54 73.63   89.71   72.28   94.10
19:44:57 73.51   84.54   72.28   93.76
19:46:00 73.51   81.61   72.28   93.43
19:47:04 73.40   79.81   72.39   93.20
19:48:07 73.29   78.69   72.39   92.86
19:49:10 73.29   77.90   72.39   92.64
19:50:14 73.06   77.45   72.50   92.41
19:51:17 72.95   77.00   72.50   94.66
19:52:21 72.84   76.78   72.50   110.41
19:53:24 72.72   76.44   72.50   112.89
19:54:27 72.61   76.33   72.50   112.78
19:55:31 72.72   76.33   72.50   111.99
19:56:34 72.61   99.95   72.39   111.09
19:57:37 72.72   126.39   72.39   110.41
19:58:40 72.84   141.91   72.39   110.08
19:59:43 72.95   124.81   72.39   109.85
20:00:47 73.29   104.34   72.28   109.18
20:01:50 73.40   92.41   72.28   108.50
20:02:53 73.51   85.89   72.28   107.71
20:03:57 73.51   82.40   72.39   106.81
20:05:00 73.40   80.26   72.39   105.91
20:06:03 73.29   79.03   72.39   105.01
20:07:07 73.18   78.13   72.39   104.23
20:08:10 73.18   77.56   72.50   103.55
20:09:14 73.06   77.11   72.50   102.88
20:10:17 72.95   76.78   72.61   102.31
20:11:20 72.84   76.55   72.61   101.86
20:12:24 72.72   76.33   72.50   101.19
20:13:27 72.61   76.21   72.50   100.74
20:14:30 72.61   76.10   72.50   100.18
20:15:34 72.61   75.99   72.50   99.84
20:16:37 72.61   75.88   72.50   99.39
20:17:40 72.50   75.76   72.50   98.94
20:18:44 72.50   75.76   72.50   98.60
20:19:47 72.50   75.65   72.39   98.15
20:20:50 72.39   75.65   72.39   97.81
20:21:54 72.50   75.65   72.39   97.48
20:22:57 72.39   75.54   72.39   97.03
20:24:00 72.39   75.54   72.28   96.80
20:25:04 72.39   75.54   72.39   96.35
20:26:07 72.28   75.43   72.28   96.01
20:27:10 72.28   75.43   72.28   95.68
20:28:14 72.28   75.43   72.28   95.45
20:29:17 72.28   75.31   72.28   95.00
20:30:20 72.28   75.31   72.16   94.78
20:31:24 72.16   75.31   72.16   94.55
20:32:27 72.28   75.31   72.16   94.33
20:33:30 72.28   75.31   72.16   93.99
20:34:34 72.16   75.20   72.16   93.76
20:35:37 72.16   75.20   72.16   93.43
20:36:40 72.16   75.20   72.16   93.20
20:37:44 72.05   75.20   72.16   92.97
20:38:47 72.05   75.20   72.16   92.75
20:39:51 72.16   75.09   72.05   92.53
20:40:54 72.05   75.09   72.05   92.19
20:41:57 72.05   75.09   72.05   91.85
20:43:01 72.05   75.09   72.05   91.63
20:44:04 72.05   75.09   72.16   91.40
20:45:07 72.05   75.09   71.94   91.29
20:46:11 71.94   74.97   71.94   91.06
20:47:14 72.05   74.97   71.94   90.95
20:48:17 71.94   74.97   72.05   90.61
20:49:21 71.94   74.97   71.94   90.39
20:50:24 71.94   74.97   71.94   90.28
20:51:27 71.94   74.97   71.94   90.05
20:52:31 71.94   74.97   71.83   89.94
20:53:34 71.94   74.97   71.83   89.71
20:54:37 71.94   74.97   71.83   89.60
20:55:41 71.94   74.97   71.83   89.38
20:56:44 71.94   74.86   71.71   89.15
20:57:47 71.94   74.86   71.71   89.04
20:58:51 71.94   74.86   71.83   88.93
20:59:54 71.83   74.86   71.71   88.81
21:00:57 71.83   74.86   71.71   88.59
21:02:01 71.83   74.86   71.60   88.36
21:03:04 71.83   74.86   71.60   88.36
21:04:07 71.83   74.86   71.71   88.25
21:05:11 71.83   74.86   71.60   88.14
21:06:14 71.83   74.86   71.71   88.03
21:07:17 71.83   74.86   71.60   87.80
21:08:21 71.83   74.86   71.60   87.69
21:09:24 71.83   74.86   71.60   87.58
21:10:27 71.83   74.75   71.49   87.35
21:11:31 71.71   74.75   71.49   87.35
21:12:34 71.71   74.75   71.49   87.24
21:13:38 71.71   95.90   71.49   87.35
21:14:41 71.83   124.14   71.60   87.46
21:15:44 72.05   140.34   71.60   87.91
21:16:47 72.39   122.45   71.60   88.25
21:17:50 72.61   102.88   71.60   88.47
21:18:54 72.72   91.18   71.60   88.47
21:19:57 72.84   84.88   71.60   88.25
21:21:00 72.84   81.39   71.71   88.14
21:22:04 72.84   79.36   71.71   87.91
21:23:07 72.72   78.13   71.71   87.69
21:24:10 72.61   77.34   71.83   87.46
21:25:14 72.50   76.78   71.83   87.35
21:26:17 72.39   76.33   71.83   87.13
21:27:20 72.28   75.99   71.94   87.13
21:28:24 72.28   75.88   71.83   87.01
21:29:27 72.16   75.76   71.83   87.01
21:30:31 72.05   75.54   71.94   86.90
21:31:34 72.05   75.43   71.71   86.79
21:32:37 72.05   75.31   71.83   86.56
21:33:41 71.94   75.31   71.71   86.45
21:34:44 71.94   75.20   71.71   86.34
21:35:47 71.94   75.09   71.83   86.45
21:36:51 71.94   75.09   71.71   86.45
21:37:54 71.83   74.97   71.71   86.22
21:38:57 71.83   74.97   71.71   86.11
21:40:01 71.83   74.97   71.71   86.00
21:41:04 71.83   74.86   71.60   85.89
21:42:07 71.71   74.86   71.60   85.89
21:43:11 71.71   83.64   71.60   85.89
21:44:14 71.71   113.23   71.60   85.89
21:45:17 71.94   135.95   71.49   86.22
21:46:20 72.16   136.96   71.49   87.01
21:47:23 72.39   114.01   71.60   87.24
21:48:27 72.72   97.59   71.60   87.46
21:49:30 72.84   88.36   71.60   87.35
21:50:34 72.95   83.41   71.60   87.24
21:51:37 72.84   80.60   71.71   86.90
21:52:40 72.84   78.91   71.71   86.68
21:53:44 72.72   77.90   71.71   86.56
21:54:47 72.61   77.22   71.71   86.45
21:55:50 72.50   76.78   71.83   86.34
21:56:54 72.39   76.33   71.71   86.22
21:57:57 72.39   76.10   71.83   86.22
21:59:00 72.28   75.88   71.83   86.11
22:00:04 72.28   75.76   71.83   86.00
22:01:07 72.16   75.54   71.83   86.00
22:02:10 72.16   75.43   71.83   86.00
22:03:14 72.05   75.43   71.71   85.89
22:04:17 71.94   75.31   71.71   85.89
22:05:20 71.94   75.20   71.71   85.78
22:06:24 72.05   75.20   71.71   85.55
22:07:27 72.05   75.20   71.60   85.44
22:08:30 71.94   75.09   71.71   85.33
22:09:34 71.94   74.97   71.71   85.44
22:10:37 71.94   74.97   71.60   85.44
22:11:40 71.83   97.59   71.60   85.55
22:12:44 71.94   124.93   71.71   85.78
22:13:47 72.16   138.20   71.71   86.22
22:14:50 72.39   118.63   71.60   86.68
22:15:53 72.61   100.29   71.60   86.90
22:16:57 72.72   89.71   71.49   86.79
22:18:00 72.95   84.09   71.60   86.68
22:19:03 72.84   81.05   71.60   86.45
22:20:07 72.84   79.25   71.60   86.34
22:21:10 72.72   78.01   71.60   86.34
22:22:13 72.61   77.34   71.71   86.22
22:23:17 72.61   76.78   71.83   86.00
22:24:20 72.50   76.44   71.71   85.89
22:25:23 72.39   76.10   71.83   85.78
22:26:27 72.28   75.88   71.83   85.66
22:27:30 72.28   75.76   71.83   85.55
22:28:34 72.16   75.65   71.71   85.44
22:29:37 72.16   75.43   71.83   85.44
22:30:40 72.05   75.43   71.71   85.44
22:31:44 72.05   75.31   71.71   85.33
22:32:47 71.94   75.20   71.71   85.21
22:33:50 71.94   75.20   71.60   85.21
22:34:54 71.94   75.09   71.60   85.21
22:35:57 71.94   75.09   71.60   85.21
22:37:00 71.83   74.97   71.49   85.10
22:38:04 71.83   74.97   71.60   85.10
22:39:07 71.83   74.97   71.49   85.10
22:40:10 71.83   74.86   71.49   85.21
22:41:14 71.71   74.86   71.49   85.10
22:42:17 71.71   74.86   71.49   84.99
22:43:20 71.71   74.75   71.38   84.99
22:44:24 71.71   74.75   71.38   84.99
22:45:27 71.71   74.75   71.38   84.88
22:46:30 71.71   74.75   71.38   84.88
22:47:34 71.71   74.75   71.38   84.76
22:48:37 71.71   74.75   71.26   84.65
22:49:40 71.60   74.64   71.26   84.65
22:50:44 71.60   74.64   71.15   84.65
22:51:47 71.60   74.64   71.04   84.54
22:52:50 71.60   74.64   71.04   84.43
22:53:54 71.60   74.64   71.15   84.43
22:54:57 71.60   74.53   71.04   84.31
22:56:00 71.60   74.53   70.93   84.31
22:57:04 71.60   74.53   70.93   84.31
22:58:07 71.60   74.53   70.81   84.20
22:59:10 71.49   74.53   70.81   84.20
23:00:14 71.49   74.53   70.81   84.20
23:01:17 71.49   74.53   70.81   84.09
23:02:21 71.49   74.53   70.81   84.09
23:03:24 71.49   74.41   70.81   84.09
23:04:27 71.49   74.41   70.70   84.09
23:05:31 71.49   74.41   70.70   83.97
23:06:34 71.49   74.41   70.70   83.97
23:07:37 71.49   74.41   70.59   83.97
23:08:41 71.49   74.41   70.59   83.97
23:09:44 71.49   74.41   70.70   84.09
23:10:47 71.49   74.41   70.59   83.97
23:11:51 71.49   74.41   70.59   83.97
23:12:54 71.49   74.41   70.59   83.86
23:13:57 71.49   74.41   70.59   83.86
23:15:01 71.49   74.41   70.59   95.56
23:16:04 71.49   74.41   70.47   106.81
23:17:07 71.49   74.41   70.47   108.95
23:18:11 71.38   74.41   70.47   108.50
23:19:14 71.38   74.41   70.36   106.93
23:20:17 71.38   74.30   70.36   105.24
23:21:21 71.38   74.30   70.47   103.89
23:22:24 71.26   74.30   70.47   102.65
23:23:27 71.26   74.30   70.47   101.41
23:24:31 71.26   74.19   70.36   100.40
23:25:34 71.26   74.30   70.47   99.50
23:26:37 71.26   74.30   70.47   106.70
23:27:41 71.26   74.19   70.59   109.29
23:28:44 71.26   74.19   70.59   109.40
23:29:47 71.26   74.19   70.47   108.50
23:30:51 71.26   74.19   70.59   107.38
23:31:54 71.26   74.30   70.59   106.25
23:32:58 71.26   74.30   70.47   105.01
23:34:01 71.26   74.30   70.59   103.89
23:35:04 71.38   74.30   70.47   102.99
23:36:08 71.38   74.30   70.47   101.98
23:37:11 71.38   74.30   70.47   100.96
23:38:14 71.38   74.30   70.47   100.18
23:39:18 71.26   74.30   70.47   99.39
23:40:21 71.26   74.30   70.47   98.60
23:41:24 71.26   74.30   70.47   97.92
23:42:28 71.26   74.30   70.36   97.25
23:43:31 71.26   74.30   70.36   96.69
23:44:34 71.26   74.19   70.36   96.24
23:45:38 71.26   74.19   70.36   95.79
23:46:41 71.15   74.19   70.36   95.34
23:47:44 71.15   74.19   70.25   94.89
23:48:48 71.15   74.19   70.36   94.33
23:49:51 71.15   74.08   70.25   93.99
23:50:54 71.15   74.08   70.36   93.65
23:51:58 71.15   74.08   70.36   93.31
23:53:01 71.15   74.08   70.25   92.86
23:54:04 71.15   74.08   70.25   92.53
23:55:08 71.15   74.08   70.25   92.30
23:56:11 71.15   74.08   70.25   91.85
23:57:14 71.04   74.08   70.25   91.51
23:58:18 71.04   74.08   70.25   91.29
23:59:21 71.04   74.08   70.14   91.06
