00:01:01 70.59   82.85   70.70   86.34
00:02:05 70.59   82.96   70.59   86.22
00:03:08 70.59   82.96   70.70   86.00
00:04:11 70.59   83.08   70.70   86.00
00:05:15 70.59   82.85   70.59   85.89
00:06:18 70.59   83.08   70.70   85.66
00:07:21 70.59   82.85   70.70   85.66
00:08:25 70.59   82.74   70.59   85.55
00:09:28 70.59   82.74   70.59   85.44
00:10:31 70.59   82.96   70.59   85.44
00:11:35 70.59   82.74   70.59   85.33
00:12:38 70.59   83.08   70.59   85.21
00:13:41 70.47   82.63   70.59   84.99
00:14:45 70.59   82.96   70.59   84.99
00:15:48 70.59   82.96   70.59   84.99
00:16:52 70.59   82.74   70.59   84.88
00:17:55 70.59   83.08   70.47   84.88
00:18:58 70.47   82.74   70.47   84.76
00:20:02 70.47   82.85   70.47   84.65
00:21:05 70.47   83.19   70.47   84.54
00:22:08 70.47   82.63   70.36   84.54
00:23:12 70.47   82.63   70.36   84.43
00:24:15 70.47   82.74   70.36   84.20
00:25:18 70.47   82.74   70.36   84.20
00:26:22 70.47   82.40   70.36   84.20
00:27:25 70.47   82.63   70.36   84.09
00:28:28 70.47   82.74   70.36   83.97
00:29:32 70.47   82.74   70.36   83.97
00:30:35 70.47   82.74   70.36   83.97
00:31:38 70.47   82.74   70.36   83.75
00:32:42 70.47   82.63   70.36   83.75
00:33:45 70.47   82.63   70.36   83.64
00:34:48 70.36   82.85   70.36   83.53
00:35:52 70.36   82.85   70.25   83.53
00:36:55 70.47   82.63   70.25   83.53
00:37:58 70.36   82.63   70.25   83.41
00:39:02 70.47   82.85   70.25   83.30
00:40:05 70.36   82.51   70.25   83.30
00:41:08 70.36   82.63   70.25   83.19
00:42:12 70.36   82.40   70.25   83.19
00:43:15 70.36   82.51   70.25   83.08
00:44:18 70.36   82.96   70.25   83.08
00:45:22 70.36   82.74   70.14   83.08
00:46:25 70.36   82.29   70.14   83.08
00:47:29 70.36   82.40   70.14   82.96
00:48:32 70.36   82.29   70.14   82.96
00:49:35 70.36   82.40   70.14   82.85
00:50:39 70.36   82.51   70.14   82.74
00:51:42 70.36   82.51   70.14   82.74
00:52:45 70.36   82.85   70.14   82.74
00:53:49 70.25   82.63   70.14   82.74
00:54:52 70.25   82.40   70.14   82.74
00:55:55 70.25   82.40   70.14   82.63
00:56:59 70.25   81.95   70.14   82.63
00:58:02 70.25   82.40   70.03   82.40
00:59:05 70.25   82.63   70.03   82.40
01:00:09 70.25   82.51   70.03   82.40
01:01:12 70.25   82.18   70.03   82.29
01:02:15 70.25   81.95   70.03   82.29
01:03:19 70.25   82.06   70.03   82.40
01:04:22 70.25   82.18   69.91   82.40
01:05:25 70.25   82.06   69.91   82.40
01:06:29 70.25   82.18   69.91   82.40
01:07:32 70.25   82.40   69.91   82.18
01:08:35 70.25   81.84   69.91   82.06
01:09:39 70.25   82.18   70.03   82.18
01:10:42 70.25   82.29   69.91   82.06
01:11:45 70.14   82.06   69.91   82.06
01:12:49 70.25   82.18   69.91   82.06
01:13:52 70.25   82.06   69.91   82.18
01:14:55 70.14   82.18   69.91   82.18
01:15:59 70.25   82.06   69.91   82.18
01:17:02 70.14   82.06   69.80   82.18
01:18:05 70.14   81.95   69.91   81.95
01:19:09 70.14   82.29   69.80   81.95
01:20:12 70.25   81.95   69.80   81.84
01:21:16 70.14   81.84   69.91   81.72
01:22:19 70.14   81.84   69.91   81.84
01:23:22 70.14   81.95   69.80   81.72
01:24:26 70.14   82.06   69.80   81.72
01:25:29 70.14   81.84   69.80   81.61
01:26:32 70.14   81.61   69.80   81.61
01:27:36 70.14   81.72   69.80   81.72
01:28:39 70.14   81.61   69.69   81.72
01:29:42 70.14   81.72   69.69   81.61
01:30:46 70.14   81.95   69.69   81.61
01:31:49 70.14   81.84   69.69   81.50
01:32:52 70.14   81.84   69.69   81.28
01:33:56 70.03   81.72   69.69   81.39
01:34:59 70.14   81.72   69.69   81.39
01:36:02 70.14   81.61   69.69   81.39
01:37:06 70.14   81.72   69.69   81.50
01:38:09 70.03   81.50   69.69   81.39
01:39:12 70.03   81.61   69.58   81.39
01:40:16 70.03   81.61   69.58   81.39
01:41:19 70.03   81.84   69.58   81.39
01:42:22 70.03   82.06   69.58   81.39
01:43:26 70.03   82.06   69.58   81.39
01:44:29 70.03   81.95   69.58   81.39
01:45:32 70.03   81.84   69.58   81.39
01:46:36 70.03   81.84   69.58   81.28
01:47:39 70.03   81.84   69.58   81.16
01:48:42 70.03   81.84   69.58   81.05
01:49:46 70.03   81.95   69.58   81.05
01:50:49 69.91   81.95   69.58   81.05
01:51:53 70.03   81.72   69.58   81.16
01:52:56 70.03   81.84   69.58   81.16
01:53:59 69.91   81.72   69.46   81.05
01:55:03 69.91   81.61   69.46   81.05
01:56:06 69.91   81.84   69.46   81.05
01:57:09 69.91   81.61   69.46   81.05
01:58:13 69.91   81.84   69.46   80.94
01:59:16 69.91   81.61   69.46   80.94
02:00:19 69.91   81.50   69.46   80.94
02:01:23 69.91   81.84   69.46   80.94
02:02:26 69.91   81.61   69.35   80.94
02:03:29 69.91   81.61   69.35   80.94
02:04:33 69.91   81.39   69.35   80.94
02:05:36 69.91   81.39   69.35   80.94
02:06:39 69.91   81.28   69.35   80.94
02:07:43 69.91   81.28   69.35   80.94
02:08:46 69.91   81.39   69.24   80.94
02:09:49 69.91   81.61   69.35   80.83
02:10:53 69.91   81.50   69.35   80.71
02:11:56 69.91   81.28   69.24   80.83
02:12:59 69.91   81.28   69.24   80.71
02:14:03 69.91   81.28   69.24   80.71
02:15:06 69.91   81.39   69.24   80.83
02:16:09 69.91   81.28   69.24   80.83
02:17:13 69.91   81.39   69.24   80.83
02:18:16 69.80   81.28   69.24   80.60
02:19:19 69.80   81.28   69.13   80.49
02:20:23 69.80   81.28   69.13   80.49
02:21:26 69.80   81.16   69.24   80.60
02:22:29 69.80   81.39   69.24   80.60
02:23:33 69.80   80.94   69.13   80.60
02:24:36 69.80   81.05   69.13   80.60
02:25:40 69.80   81.39   69.13   80.49
02:26:43 69.80   81.16   69.13   80.49
02:27:46 69.80   81.05   69.13   80.49
02:28:50 69.80   81.16   69.13   80.49
02:29:53 69.80   81.05   69.13   80.49
02:30:56 69.80   81.05   69.13   80.38
02:32:00 69.80   81.16   69.13   80.49
02:33:03 69.80   81.16   69.13   80.49
02:34:06 69.80   81.16   69.01   80.38
02:35:10 69.80   81.16   69.01   80.49
02:36:13 69.80   81.16   69.01   80.49
02:37:16 69.80   80.94   69.01   80.49
02:38:20 69.80   80.60   69.01   80.60
02:39:23 69.69   80.94   69.01   80.60
02:40:26 69.69   81.05   69.01   80.49
02:41:30 69.69   80.71   69.01   80.49
02:42:33 69.69   80.83   69.01   80.49
02:43:36 69.69   81.05   69.01   80.49
02:44:40 69.69   81.16   69.01   80.60
02:45:43 69.69   81.16   69.01   80.49
02:46:46 69.69   81.28   68.90   80.49
02:47:50 69.69   81.16   68.90   80.49
02:48:53 69.69   80.94   68.90   80.38
02:49:56 69.69   81.05   68.90   80.38
02:51:00 69.69   80.83   68.90   80.38
02:52:03 69.69   80.71   68.90   80.38
02:53:06 69.69   80.83   68.90   80.26
02:54:10 69.69   80.94   68.90   80.26
02:55:13 69.69   81.72   68.90   80.26
02:56:17 69.80   102.88   68.90   80.38
02:57:20 70.36   138.99   69.13   80.49
02:58:23 70.70   145.63   69.35   81.28
02:59:26 70.93   120.88   69.46   81.84
03:00:29 71.04   110.41   69.46   82.18
03:01:32 70.70   109.63   69.35   82.06
03:02:36 70.47   110.19   69.35   81.84
03:03:39 70.36   109.74   69.24   81.72
03:04:42 70.25   107.83   69.24   81.61
03:05:46 70.14   106.03   69.24   81.61
03:06:49 70.14   104.00   69.13   81.50
03:07:52 70.14   102.99   69.13   81.61
03:08:56 70.14   101.41   69.13   81.50
03:09:59 70.03   99.39   69.13   81.39
03:11:02 70.03   98.38   69.01   81.39
03:12:06 70.03   96.35   69.01   81.39
03:13:09 69.91   95.22   69.01   81.39
03:14:12 69.91   94.10   69.13   81.28
03:15:16 69.91   93.20   69.01   81.28
03:16:19 69.91   92.53   69.01   81.39
03:17:22 69.91   91.96   69.13   81.39
03:18:26 69.91   90.95   69.01   81.28
03:19:29 69.91   92.19   69.01   81.28
03:20:32 70.25   124.14   69.13   81.39
03:21:35 70.70   144.50   69.35   81.84
03:22:38 70.93   144.73   69.58   82.63
03:23:41 71.26   119.19   69.58   83.19
03:24:45 71.15   111.99   69.58   83.19
03:25:48 70.81   111.43   69.35   83.08
03:26:51 70.59   111.31   69.35   82.96
03:27:55 70.36   110.41   69.35   82.85
03:28:58 70.25   108.50   69.46   82.63
03:30:02 70.25   107.38   69.35   82.51
03:31:05 70.14   106.03   69.24   82.40
03:32:08 70.03   103.78   69.24   82.40
03:33:12 70.03   102.20   69.24   82.40
03:34:15 70.03   100.74   69.13   82.40
03:35:18 69.91   99.50   69.13   82.29
03:36:22 69.91   97.70   69.13   82.29
03:37:25 69.91   96.58   69.13   82.29
03:38:28 69.91   95.45   69.13   82.18
03:39:32 69.91   94.55   69.13   82.06
03:40:35 69.80   96.24   69.01   82.06
03:41:38 70.36   129.09   69.35   82.18
03:42:41 70.70   146.19   69.46   82.74
03:43:44 71.04   140.23   69.58   83.53
03:44:47 71.38   114.80   69.69   83.97
03:45:51 71.15   111.99   69.58   83.97
03:46:54 70.81   110.98   69.46   83.75
03:47:57 70.59   108.50   69.46   83.64
03:49:01 70.36   108.73   69.46   83.53
03:50:04 70.25   108.16   69.46   83.41
03:51:07 70.25   107.04   69.35   83.30
03:52:11 70.14   105.69   69.35   83.30
03:53:14 70.14   104.34   69.35   83.19
03:54:17 70.03   102.54   69.24   83.30
03:55:21 70.03   100.40   69.24   83.19
03:56:24 69.91   99.61   69.24   83.19
03:57:27 69.91   98.04   69.24   83.19
03:58:31 69.91   97.03   69.13   82.96
03:59:34 69.80   96.01   69.24   82.85
04:00:38 69.80   94.66   69.13   82.74
04:01:41 69.80   93.31   69.13   82.63
04:02:44 69.80   97.14   69.13   82.74
04:03:48 70.47   132.35   69.58   82.85
04:04:50 70.81   147.54   69.58   83.41
04:05:53 71.15   133.93   69.69   84.09
04:06:57 71.38   112.89   69.80   84.43
04:08:00 71.04   111.99   69.58   84.43
04:09:03 70.70   110.53   69.46   84.20
04:10:07 70.47   110.41   69.58   84.09
04:11:10 70.36   110.08   69.58   83.86
04:12:13 70.25   108.73   69.46   83.75
04:13:17 70.25   107.26   69.46   83.64
04:14:20 70.14   104.45   69.35   83.64
04:15:23 70.03   103.21   69.35   83.75
04:16:27 70.03   101.75   69.35   83.75
04:17:30 69.91   100.63   69.24   83.53
04:18:33 69.91   99.39   69.24   83.53
04:19:37 69.91   97.59   69.24   83.53
04:20:40 69.80   96.80   69.24   83.53
04:21:43 69.80   95.79   69.24   83.41
04:22:47 69.80   94.44   69.24   83.41
04:23:50 69.80   93.54   69.13   83.30
04:24:53 69.80   92.53   69.13   83.30
04:25:57 69.80   91.96   69.24   83.19
04:27:00 69.80   95.34   69.13   83.19
04:28:04 70.36   130.44   69.46   83.19
04:29:06 70.70   147.09   69.58   83.75
04:30:09 71.04   138.31   69.69   84.54
04:31:13 71.38   113.68   69.80   84.88
04:32:16 71.04   111.88   69.69   84.88
04:33:19 70.70   111.31   69.46   84.76
04:34:23 70.47   108.84   69.58   84.43
04:35:26 70.25   109.85   69.46   84.31
04:36:29 70.25   108.84   69.46   84.20
04:37:33 70.14   107.38   69.46   84.20
04:38:36 70.03   105.80   69.35   84.09
04:39:39 70.03   104.11   69.35   84.09
04:40:43 69.91   102.31   69.35   83.97
04:41:46 69.91   100.51   69.35   83.97
04:42:49 69.91   99.28   69.35   83.97
04:43:53 69.91   98.60   69.35   83.86
04:44:56 69.80   97.36   69.24   83.75
04:45:59 69.80   96.01   69.24   83.64
04:47:03 69.80   94.89   69.24   83.64
04:48:06 69.80   93.65   69.24   83.53
04:49:09 69.80   93.31   69.24   83.41
04:50:13 69.69   92.41   69.13   83.30
04:51:16 69.80   91.74   69.13   83.19
04:52:20 69.69   90.95   69.13   83.30
04:53:23 69.69   91.51   69.13   83.30
04:54:26 70.14   120.54   69.24   83.30
04:55:29 70.59   143.60   69.46   83.64
04:56:32 70.93   137.53   69.69   84.54
04:57:35 71.15   113.23   69.80   84.99
04:58:39 70.93   111.31   69.58   84.99
04:59:42 70.59   110.08   69.46   84.76
05:00:45 70.36   110.30   69.46   84.54
05:01:49 70.25   108.84   69.58   84.43
05:02:52 70.14   107.94   69.46   84.31
05:03:55 70.03   107.04   69.35   84.31
05:04:59 69.91   105.46   69.35   84.20
05:06:02 69.91   103.78   69.35   84.09
05:07:06 69.91   101.98   69.24   83.97
05:08:09 69.91   100.29   69.24   83.86
05:09:12 69.80   99.16   69.24   83.86
05:10:16 69.80   97.81   69.24   83.75
05:11:19 69.80   97.03   69.13   83.86
05:12:22 69.69   97.03   69.24   83.86
05:13:26 70.25   124.59   69.35   83.86
05:14:29 70.70   144.05   69.58   84.31
05:15:31 70.93   153.39   69.69   85.10
05:16:34 71.26   159.01   69.69   85.89
05:17:37 71.60   145.51   69.80   86.45
05:18:40 71.94   150.80   69.91   86.90
05:19:43 72.16   158.34   70.03   87.35
05:20:46 72.39   154.51   70.14   87.69
05:21:49 72.61   147.76   70.25   87.91
05:22:52 72.84   155.30   70.36   88.14
05:23:55 72.95   161.60   70.36   88.59
05:24:58 73.18   148.21   70.47   88.93
05:26:00 73.29   151.81   70.59   89.04
05:27:03 73.40   158.00   70.70   89.38
05:28:06 73.51   135.84   70.70   89.60
05:29:10 73.63   114.46   70.70   89.38
05:30:13 72.95   115.59   70.70   88.93
05:31:16 72.16   116.26   70.70   88.59
05:32:20 72.39   129.88   70.93   88.36
05:33:23 72.72   145.63   70.81   88.59
05:34:26 72.95   155.53   70.93   89.15
05:35:28 73.18   158.79   70.93   89.71
05:36:31 73.40   146.86   71.04   90.05
05:37:34 73.51   147.88   71.15   90.39
05:38:37 73.74   124.36   71.15   90.50
05:39:41 73.51   114.69   71.26   90.28
05:40:44 72.72   115.59   71.26   89.83
05:41:47 72.05   115.25   71.26   89.49
05:42:51 72.50   127.40   71.26   89.26
05:43:54 72.95   143.82   71.26   89.60
05:44:57 73.06   154.40   71.38   90.16
05:46:00 73.29   160.93   71.38   90.84
05:47:02 73.51   147.65   71.49   91.29
05:48:06 73.74   122.45   71.49   91.29
05:49:09 73.40   115.25   71.60   91.06
05:50:12 72.61   116.26   71.49   90.61
05:51:16 72.05   115.59   71.49   90.39
05:52:19 71.71   116.04   71.38   90.05
05:53:22 72.28   128.53   71.49   89.94
05:54:25 72.84   143.60   71.49   90.16
05:55:28 73.06   153.95   71.60   90.72
05:56:31 73.40   160.36   71.60   91.29
05:57:34 73.63   140.79   71.71   91.85
05:58:37 73.85   115.93   71.71   91.85
05:59:41 73.18   115.59   71.83   91.51
06:00:44 72.50   116.15   71.83   91.18
06:01:47 72.05   115.48   71.83   90.84
06:02:51 71.71   112.89   71.83   90.72
06:03:54 71.60   118.51   71.71   90.50
06:04:57 72.72   136.74   71.71   90.95
06:06:00 73.06   149.56   71.83   105.35
06:07:03 73.29   157.55   71.83   108.61
06:08:06 73.63   139.21   71.94   109.85
06:09:09 73.85   114.91   71.94   110.19
06:10:13 73.29   114.46   71.94   110.30
06:11:16 72.50   115.14   71.94   110.19
06:12:19 72.05   114.24   71.83   109.74
06:13:23 71.71   115.03   71.83   110.41
06:14:26 71.49   114.13   71.71   110.86
06:15:29 71.38   112.66   71.83   111.31
06:16:33 71.26   111.43   71.71   111.43
06:17:36 72.28   127.51   71.83   111.54
06:18:39 72.95   143.49   71.83   111.54
06:19:42 73.29   153.73   71.83   111.65
06:20:45 73.51   142.70   71.83   111.54
06:21:48 73.74   116.71   71.94   111.20
06:22:52 73.40   114.13   72.05   110.53
06:23:55 72.72   114.91   71.94   110.75
06:24:58 72.16   114.35   71.94   111.31
06:26:02 71.94   114.91   71.94   110.64
06:27:05 71.60   113.79   71.94   109.96
06:28:08 71.49   112.55   71.83   109.18
06:29:12 71.38   110.98   71.83   108.39
06:30:15 71.26   109.40   71.83   107.71
06:31:18 71.15   107.60   71.83   107.04
06:32:22 71.04   106.36   71.83   106.48
06:33:25 71.04   104.45   71.83   106.03
06:34:28 70.93   103.33   71.83   105.35
06:35:32 70.93   102.20   71.83   104.90
06:36:35 70.81   100.96   71.60   110.86
06:37:39 70.81   100.06   71.71   113.00
06:38:42 70.81   99.50   71.60   112.44
06:39:45 70.70   98.04   71.60   111.43
06:40:49 70.93   108.84   71.60   110.41
06:41:52 72.16   139.21   71.71   109.96
06:42:55 72.50   149.34   71.71   109.74
06:43:58 72.95   127.06   71.71   109.40
06:45:01 73.06   112.21   71.83   108.84
06:46:04 72.39   112.44   71.71   111.65
06:47:08 71.94   111.88   71.71   113.56
06:48:11 71.60   110.19   71.71   113.00
06:49:14 71.38   109.18   71.83   112.55
06:50:18 71.15   109.96   71.71   112.33
06:51:21 71.04   109.06   71.60   112.44
06:52:24 70.93   107.26   71.60   112.44
06:53:28 70.93   106.59   71.60   112.10
06:54:31 70.81   104.79   71.60   111.88
06:55:35 70.81   103.55   71.60   111.65
06:56:38 70.70   102.20   71.49   111.31
06:57:41 70.70   100.74   71.49   111.09
06:58:45 70.59   99.84   71.38   110.64
06:59:48 70.70   98.94   71.38   110.08
07:00:51 70.59   97.81   71.38   110.41
07:01:55 70.59   96.80   71.38   110.86
07:02:58 70.59   96.01   71.38   110.41
07:04:01 70.47   95.45   71.15   110.86
07:05:05 70.47   94.44   71.26   111.76
07:06:08 70.47   94.10   71.15   111.43
07:07:11 70.47   93.54   71.15   112.33
07:08:15 70.47   93.31   71.04   112.44
07:09:18 70.47   92.41   70.93   113.11
07:10:21 70.47   92.08   70.93   112.66
07:11:25 70.47   91.51   70.93   111.99
07:12:28 70.47   91.18   70.93   111.31
07:13:31 70.47   90.72   70.93   110.53
07:14:35 70.36   90.61   70.93   109.85
07:15:38 70.47   90.39   70.93   109.18
07:16:41 70.47   89.83   70.81   108.39
07:17:45 70.36   89.60   70.81   107.83
07:18:48 70.36   89.26   70.81   107.15
07:19:51 70.36   89.49   70.70   106.48
07:20:55 70.36   89.26   70.70   106.14
07:21:58 70.36   89.04   70.81   105.58
07:23:01 70.36   88.70   70.70   105.01
07:24:05 70.36   88.36   70.70   104.56
07:25:08 70.36   88.25   70.70   104.11
07:26:12 70.36   87.91   70.70   103.66
07:27:15 70.36   88.14   70.59   103.21
07:28:18 70.36   87.91   70.59   102.88
07:29:22 70.36   87.58   70.59   113.45
07:30:25 70.25   87.35   70.59   117.28
07:31:28 70.25   87.24   70.59   117.95
07:32:32 70.25   87.35   70.36   117.61
07:33:35 70.25   87.13   70.36   116.71
07:34:38 70.25   86.79   70.47   115.81
07:35:42 70.25   86.56   70.36   114.80
07:36:45 70.25   86.79   70.36   113.79
07:37:48 70.14   86.68   70.25   112.89
07:38:52 70.14   86.68   70.36   111.88
07:39:55 70.14   86.56   70.25   110.98
07:40:58 70.14   86.45   70.25   110.08
07:42:02 70.14   86.22   70.14   109.29
07:43:05 70.03   86.22   70.25   108.50
07:44:08 70.03   86.11   70.25   107.83
07:45:12 70.03   86.11   70.25   107.15
07:46:15 70.03   86.11   70.14   106.36
07:47:18 70.03   86.00   70.14   105.69
07:48:22 70.03   86.11   70.14   105.13
07:49:25 70.03   86.00   70.14   104.56
07:50:28 69.91   85.78   70.14   104.00
07:51:32 69.91   85.66   70.03   103.44
07:52:35 69.91   85.78   70.03   113.23
07:53:38 69.91   85.55   70.03   114.58
07:54:42 69.91   85.66   69.91   114.35
07:55:45 69.91   85.33   69.91   113.68
07:56:49 69.91   85.21   70.14   112.66
07:57:52 69.91   85.33   70.03   111.76
07:58:55 69.91   85.33   70.25   110.86
07:59:59 69.91   85.10   70.36   110.08
08:01:02 69.91   85.33   70.25   109.18
08:02:05 69.80   85.10   70.47   108.39
08:03:09 69.91   85.10   70.36   108.39
08:04:12 69.91   85.33   70.36   108.73
08:05:15 69.91   85.10   70.36   108.28
08:06:19 69.91   85.10   70.36   107.60
08:07:22 69.91   84.99   70.47   106.93
08:08:25 69.91   84.99   70.59   106.14
08:09:29 69.91   84.99   70.59   105.58
08:10:32 69.91   85.10   70.36   104.90
08:11:35 69.91   84.99   70.25   104.23
08:12:39 69.80   84.88   70.14   103.55
08:13:42 69.91   84.65   70.14   102.99
08:14:45 69.91   84.76   70.14   102.43
08:15:49 69.91   84.65   70.14   101.86
08:16:52 69.80   84.76   70.47   101.41
08:17:55 69.91   84.43   70.36   100.85
08:18:59 69.91   84.65   70.25   100.29
08:20:02 69.91   84.54   70.25   99.73
08:21:05 69.91   84.65   70.14   99.28
08:22:09 69.91   84.76   70.25   98.83
08:23:12 69.80   84.76   70.14   98.38
08:24:15 69.91   84.54   70.25   97.92
08:25:19 69.80   84.20   70.03   97.48
08:26:22 69.80   84.54   70.03   108.05
08:27:26 69.80   84.31   70.03   109.18
08:28:29 69.80   84.09   70.03   108.28
08:29:32 69.80   84.09   70.03   107.26
08:30:36 69.80   84.20   69.91   106.03
08:31:39 69.80   84.20   69.91   104.79
08:32:42 69.80   84.43   69.80   103.89
08:33:46 69.80   84.43   69.91   102.88
08:34:49 69.80   84.31   69.80   101.98
08:35:52 69.80   84.09   69.80   106.70
08:36:56 69.69   84.20   69.58   107.26
08:37:59 69.69   83.97   69.80   106.48
08:39:02 69.69   83.97   69.69   105.58
08:40:06 69.69   83.75   69.69   104.56
08:41:09 69.58   83.75   69.58   103.66
08:42:12 69.58   83.53   69.69   102.88
08:43:16 69.58   83.75   69.69   102.09
08:44:19 69.58   83.86   69.69   101.30
08:45:22 69.58   83.75   69.69   100.51
08:46:26 69.58   83.75   69.69   99.95
08:47:29 69.58   83.97   69.58   99.28
08:48:32 69.58   83.97   69.69   98.71
08:49:36 69.58   83.75   69.69   98.26
08:50:39 69.58   83.75   69.58   97.59
08:51:42 69.58   83.64   69.58   97.14
08:52:46 69.58   83.41   69.58   96.58
08:53:49 69.58   83.53   69.58   96.13
08:54:52 69.58   83.41   69.58   95.68
08:55:56 69.58   83.41   69.58   95.34
08:56:59 69.58   83.64   69.58   94.89
08:58:03 69.58   83.41   69.58   94.44
08:59:06 69.58   83.41   69.46   94.10
09:00:09 69.69   98.38   69.46   93.88
09:01:12 70.81   138.43   69.91   93.76
09:02:15 71.26   147.99   70.03   94.10
09:03:18 71.60   124.48   70.14   94.33
09:04:22 71.71   111.88   70.25   94.44
09:05:25 71.15   111.09   70.14   94.21
09:06:28 70.81   109.40   70.03   93.76
09:07:32 70.59   108.05   70.03   93.31
09:08:35 70.47   109.06   70.03   92.97
09:09:38 70.25   107.60   69.91   92.53
09:10:42 70.25   106.14   69.91   92.30
09:11:45 70.14   104.34   69.80   91.96
09:12:49 70.14   102.76   69.80   91.74
09:13:52 70.03   101.64   69.80   91.51
09:14:55 70.03   99.95   69.80   91.29
09:15:59 70.03   98.83   69.80   91.06
09:17:02 69.91   97.70   69.80   90.72
09:18:05 69.91   96.24   69.80   90.61
09:19:09 69.91   95.11   69.69   90.39
09:20:12 69.91   94.10   69.69   90.05
09:21:15 69.91   93.20   69.69   89.83
09:22:19 69.91   92.53   69.69   89.71
09:23:22 69.80   91.63   69.58   89.38
09:24:25 69.80   90.95   69.69   89.26
09:25:29 69.80   90.61   69.69   89.15
09:26:32 69.80   90.16   69.69   88.93
09:27:35 69.69   89.49   69.58   88.70
09:28:39 69.69   88.93   69.58   88.47
09:29:42 69.69   88.59   69.58   88.36
09:30:45 69.69   88.14   69.58   88.14
09:31:49 69.69   87.80   69.58   88.03
09:32:52 69.69   87.91   69.58   87.91
09:33:55 69.69   87.58   69.58   87.69
09:34:59 69.69   87.24   69.58   87.69
09:36:02 69.69   86.90   69.58   87.46
09:37:05 69.69   86.45   69.46   87.35
09:38:09 69.69   86.34   69.58   87.24
09:39:12 69.69   86.45   69.46   87.13
09:40:15 69.69   85.89   69.46   87.01
09:41:19 69.58   85.55   69.46   86.79
09:42:22 69.58   85.33   69.46   86.68
09:43:25 69.58   85.21   69.46   86.45
09:44:29 69.58   85.44   69.46   86.45
09:45:32 69.58   85.10   69.46   86.34
09:46:36 69.58   84.99   69.46   86.34
09:47:39 69.58   84.31   69.35   86.11
09:48:42 69.58   84.43   69.35   86.00
09:49:46 69.58   84.43   69.46   85.89
09:50:49 69.58   84.31   69.35   85.78
09:51:52 69.58   84.54   69.35   85.66
09:52:56 69.58   84.20   69.35   85.55
09:53:59 69.58   84.43   69.35   85.44
09:55:02 69.58   83.86   69.35   85.44
09:56:06 69.58   83.86   69.35   85.44
09:57:09 69.46   83.86   69.35   85.33
09:58:12 69.58   83.97   69.35   85.21
09:59:16 69.58   83.75   69.35   85.10
10:00:19 69.58   83.64   69.24   85.10
10:01:22 69.58   83.86   69.35   84.99
10:02:26 69.46   83.53   69.35   84.76
10:03:29 69.46   83.64   69.24   84.65
10:04:32 69.58   83.64   69.35   84.65
10:05:36 69.46   83.64   69.24   84.54
10:06:39 69.46   83.08   69.24   84.31
10:07:42 69.46   83.19   69.24   84.31
10:08:46 69.46   82.96   69.24   84.20
10:09:49 69.46   83.19   69.24   84.20
10:10:52 69.46   83.41   69.24   84.09
10:11:56 69.46   83.08   69.24   84.09
10:12:59 69.46   82.96   69.24   83.97
10:14:02 69.46   83.08   69.13   83.97
10:15:06 69.46   82.85   69.24   83.86
10:16:09 69.46   83.19   69.24   83.86
10:17:12 69.46   82.96   69.13   83.86
10:18:16 69.46   82.96   69.24   83.75
10:19:19 69.46   83.08   69.24   83.75
10:20:22 69.46   83.08   69.24   83.64
10:21:26 69.46   82.85   69.24   83.53
10:22:29 69.46   82.74   69.13   83.53
10:23:33 69.46   82.74   69.13   83.41
10:24:36 69.46   83.08   69.13   83.30
10:25:39 69.46   82.85   69.13   83.30
10:26:43 69.46   83.08   69.24   83.30
10:27:46 69.46   82.85   69.13   83.19
10:28:49 69.46   82.63   69.13   83.08
10:29:53 69.46   82.96   69.24   82.96
10:30:56 69.46   83.08   69.13   82.96
10:31:59 69.46   82.85   69.13   82.96
10:33:03 69.46   82.74   69.13   82.85
10:34:06 69.46   82.74   69.13   82.96
10:35:09 69.46   82.74   69.13   82.85
10:36:13 69.46   82.63   69.13   82.74
10:37:16 69.46   82.74   69.13   82.74
10:38:19 69.46   82.74   69.13   82.74
10:39:23 69.46   82.51   69.13   82.74
10:40:26 69.46   82.40   69.13   82.74
10:41:29 69.35   82.40   69.13   82.74
10:42:33 69.35   82.63   69.13   82.63
10:43:36 69.35   82.29   69.13   82.74
10:44:39 69.35   82.51   69.13   82.63
10:45:43 69.46   82.51   69.13   82.63
10:46:46 69.35   82.40   69.01   82.51
10:47:49 69.35   82.06   69.13   82.40
10:48:53 69.35   82.74   69.13   82.40
10:49:56 69.35   82.51   69.01   82.40
10:50:59 69.35   82.40   69.01   82.29
10:52:03 69.35   82.40   69.01   82.29
10:53:06 69.46   82.63   69.13   82.29
10:54:09 69.46   82.40   69.13   82.18
10:55:13 69.35   82.40   69.13   82.18
10:56:16 69.35   82.63   69.01   82.06
10:57:19 69.35   82.63   69.01   82.18
10:58:23 69.35   82.40   69.01   82.06
10:59:26 69.35   82.51   69.01   82.06
11:00:30 69.35   82.74   69.01   82.06
11:01:33 69.35   82.51   69.01   82.18
11:02:36 69.35   82.06   69.01   81.95
11:03:40 69.35   82.40   69.01   81.95
11:04:43 69.35   82.29   69.01   81.95
11:05:46 69.35   82.40   69.13   81.84
11:06:50 69.35   82.40   69.01   81.84
11:07:53 69.35   82.51   69.01   81.84
11:08:56 69.35   82.29   69.13   81.72
11:10:00 69.35   82.29   69.01   81.84
11:11:03 69.35   82.06   69.01   81.84
11:12:06 69.35   82.18   69.13   81.84
11:13:10 69.35   82.29   69.13   81.61
11:14:13 69.35   82.29   69.01   81.61
11:15:16 69.35   82.29   69.01   81.61
11:16:20 69.35   82.18   69.01   81.61
11:17:23 69.35   82.18   69.13   81.61
11:18:26 69.35   82.40   69.13   81.61
11:19:30 69.35   82.29   69.01   81.61
11:20:33 69.35   82.18   69.13   81.61
11:21:36 69.35   81.95   69.13   81.50
11:22:40 69.35   82.29   69.01   81.50
11:23:43 69.35   82.18   69.01   81.50
11:24:46 69.35   82.06   69.01   81.50
11:25:50 69.35   82.06   69.01   81.50
11:26:53 69.35   82.06   69.01   81.61
11:27:56 69.35   81.95   69.01   81.50
11:29:00 69.35   82.18   69.01   81.39
11:30:03 69.35   82.40   69.13   81.28
11:31:06 69.35   82.06   69.01   81.39
11:32:10 69.35   82.18   69.13   81.39
11:33:13 69.35   81.95   69.01   81.39
11:34:16 69.35   81.72   69.13   81.50
11:35:20 69.35   81.95   69.13   81.39
11:36:23 69.35   82.18   69.01   81.39
11:37:26 69.35   81.95   69.01   81.39
11:38:30 69.35   82.06   69.01   81.39
11:39:33 69.35   81.95   69.01   81.28
11:40:36 69.35   82.29   69.01   81.28
11:41:40 69.35   82.06   69.01   81.28
11:42:43 69.35   81.95   69.13   81.28
11:43:46 69.35   82.18   69.13   81.28
11:44:50 69.35   82.06   69.13   81.16
11:45:53 69.24   82.29   69.01   81.28
11:46:57 69.35   82.51   69.01   81.28
11:48:00 69.35   82.29   69.13   81.28
11:49:03 69.24   82.29   69.13   81.28
11:50:07 69.35   81.95   69.13   81.16
11:51:10 69.35   81.95   69.01   81.05
11:52:13 69.35   81.84   69.13   81.05
11:53:17 69.35   82.06   69.01   80.94
11:54:20 69.24   81.95   69.13   80.94
11:55:23 69.35   81.95   69.13   80.94
11:56:27 69.35   82.06   69.13   80.94
11:57:30 69.35   81.61   69.13   80.94
11:58:33 69.24   82.29   69.01   81.05
11:59:37 69.35   82.29   69.01   81.05
12:00:40 69.35   82.29   69.13   81.05
12:01:43 69.35   82.06   69.13   81.16
12:02:47 69.35   81.95   69.13   81.05
12:03:50 69.24   81.72   69.01   81.05
12:04:53 69.24   81.84   69.13   81.05
12:05:57 69.35   81.72   69.01   80.94
12:07:00 69.24   81.84   69.01   80.83
12:08:03 69.24   81.95   69.13   80.83
12:09:07 69.24   81.95   69.13   80.83
12:10:10 69.24   81.84   69.13   80.83
12:11:13 69.24   81.84   69.01   80.83
12:12:17 69.35   81.72   69.01   80.83
12:13:20 69.35   81.61   69.01   80.94
12:14:23 69.24   81.72   69.01   80.94
12:15:27 69.24   81.84   69.13   80.83
12:16:30 69.35   81.84   69.01   80.94
12:17:33 69.35   82.06   69.13   80.83
12:18:37 69.24   81.84   69.13   80.83
12:19:40 69.35   81.95   69.01   80.71
12:20:43 69.35   81.61   69.13   80.83
12:21:47 69.24   81.61   69.01   80.83
12:22:50 69.24   81.84   69.01   80.83
12:23:54 69.24   82.06   69.13   80.71
12:24:57 69.24   81.84   69.01   80.71
12:26:00 69.24   81.95   69.13   80.71
12:27:04 69.24   81.84   69.01   80.71
12:28:07 69.24   81.72   69.01   80.71
12:29:10 69.24   81.72   69.13   80.83
12:30:14 69.24   81.72   69.13   80.83
12:31:17 69.24   81.84   69.01   80.83
12:32:20 69.24   81.84   69.01   80.94
12:33:24 69.24   81.84   69.13   80.83
12:34:27 69.24   82.06   69.13   80.71
12:35:30 69.24   81.84   69.13   80.71
12:36:34 69.24   81.72   69.01   80.71
12:37:37 69.24   81.72   69.01   80.71
12:38:40 69.24   81.95   69.01   80.71
12:39:44 69.35   81.84   69.01   80.71
12:40:47 69.24   81.61   69.01   80.71
12:41:50 69.24   81.72   69.13   80.60
12:42:54 69.35   81.95   69.13   80.49
12:43:57 69.24   81.72   69.01   80.49
12:45:00 69.24   81.84   69.01   80.60
12:46:04 69.24   81.95   69.13   80.49
12:47:07 69.24   82.18   69.01   80.49
12:48:10 69.24   81.84   69.13   80.60
12:49:14 69.24   81.84   69.01   80.60
12:50:17 69.24   81.84   69.01   80.49
12:51:20 69.24   81.72   69.13   80.38
12:52:24 69.24   81.50   69.13   80.38
12:53:27 69.24   81.95   69.13   80.38
12:54:30 69.24   82.06   69.01   80.38
12:55:34 69.24   81.95   69.13   80.38
12:56:37 69.24   81.95   69.01   80.26
12:57:41 69.24   82.06   69.01   80.26
12:58:44 69.24   81.61   69.01   80.38
12:59:47 69.24   81.95   69.01   80.26
13:00:51 69.24   81.61   69.01   80.26
13:01:54 69.24   81.72   69.13   80.26
13:02:57 69.24   81.84   69.13   80.26
13:04:01 69.24   81.84   69.13   80.38
13:05:04 69.24   81.95   69.01   80.38
13:06:07 69.24   81.72   69.01   80.38
13:07:11 69.24   81.61   69.01   80.26
13:08:14 69.24   81.72   69.01   80.26
13:09:17 69.24   81.61   69.01   80.26
13:10:21 69.24   81.84   69.01   80.15
13:11:24 69.24   81.84   69.01   80.26
13:12:27 69.35   81.72   69.01   80.26
13:13:31 69.24   81.95   69.01   80.26
13:14:34 69.24   81.95   69.01   80.38
13:15:37 69.24   81.84   68.90   80.38
13:16:41 69.24   82.06   69.01   80.26
13:17:44 69.24   81.84   69.01   80.38
13:18:47 69.24   81.61   69.01   80.38
13:19:51 69.24   81.84   69.01   80.26
13:20:54 69.24   81.72   69.01   80.26
13:21:57 69.24   81.72   69.01   80.15
13:23:01 69.24   81.72   69.13   80.15
13:24:04 69.24   81.39   69.13   80.15
13:25:07 69.24   81.50   69.13   80.26
13:26:11 69.24   81.28   69.13   80.26
13:27:14 69.24   81.61   69.01   80.26
13:28:17 69.24   81.50   69.01   80.26
13:29:21 69.24   81.50   69.13   80.15
13:30:24 69.24   81.61   69.13   80.26
13:31:28 69.24   81.72   69.01   80.15
13:32:31 69.24   81.50   69.01   80.26
13:33:34 69.24   81.61   69.01   80.26
13:34:38 69.24   81.72   69.01   80.15
13:35:41 69.24   81.84   69.13   80.15
13:36:44 69.24   81.95   69.13   80.15
13:37:48 69.24   81.72   69.01   80.38
13:38:51 69.24   81.61   69.01   80.26
13:39:54 69.24   81.72   69.13   80.26
13:40:58 69.24   81.50   69.13   80.26
13:42:01 69.24   81.61   69.13   80.26
13:43:04 69.24   81.72   69.13   80.26
13:44:08 69.24   81.84   69.13   80.26
13:45:11 69.24   81.72   69.13   80.26
13:46:14 69.24   81.72   69.13   80.15
13:47:18 69.24   81.84   69.01   80.26
13:48:21 69.24   81.72   69.24   80.26
13:49:24 69.24   81.61   69.13   80.26
13:50:28 69.24   81.95   69.13   80.26
13:51:31 69.24   82.06   69.13   80.15
13:52:34 69.24   81.95   69.13   80.15
13:53:38 69.24   81.61   69.01   80.04
13:54:41 69.24   81.50   69.01   80.04
13:55:44 69.24   81.50   69.13   80.04
13:56:48 69.24   81.39   69.13   80.15
13:57:51 69.24   81.72   69.13   80.04
13:58:54 69.24   81.84   69.13   80.04
13:59:58 69.24   81.61   69.13   80.04
14:01:01 69.24   81.61   69.13   79.93
14:02:04 69.24   81.72   69.13   79.93
14:03:08 69.24   81.72   69.24   80.04
14:04:11 69.24   81.84   69.24   80.04
14:05:15 69.24   81.84   69.13   80.04
14:06:18 69.24   81.95   69.13   80.15
14:07:21 69.24   82.06   69.01   80.04
14:08:25 69.24   81.95   69.13   80.04
14:09:28 69.24   81.84   69.13   80.04
14:10:31 69.24   81.72   69.01   80.15
14:11:35 69.35   81.72   69.13   80.15
14:12:38 69.24   81.72   69.13   80.04
14:13:41 69.24   81.72   69.24   80.04
14:14:45 69.24   81.84   69.13   80.04
14:15:48 69.24   81.95   69.24   80.04
14:16:51 69.24   81.84   69.13   80.15
14:17:55 69.24   82.06   69.24   80.04
14:18:58 69.24   81.84   69.13   80.04
14:20:01 69.24   81.95   69.13   80.15
14:21:05 69.24   82.06   69.13   80.04
14:22:08 69.24   81.95   69.24   80.04
14:23:11 69.24   81.84   69.24   79.93
14:24:15 69.24   81.61   69.13   80.04
14:25:18 69.35   81.72   69.13   79.93
14:26:21 69.24   81.84   69.13   79.81
14:27:25 69.24   81.72   69.13   79.81
14:28:28 69.24   81.72   69.24   79.81
14:29:31 69.24   81.61   69.13   79.81
14:30:35 69.24   81.84   69.13   79.70
14:31:38 69.24   81.72   69.13   79.81
14:32:41 69.24   81.95   69.13   79.81
14:33:45 69.35   81.95   69.13   79.81
14:34:48 69.24   81.95   69.13   79.93
14:35:52 69.24   81.84   69.13   79.81
14:36:55 69.24   81.95   69.13   79.81
14:37:58 69.35   81.72   69.24   79.81
14:39:02 69.24   82.06   69.13   79.93
14:40:05 69.24   81.84   69.24   80.04
14:41:08 69.24   81.84   69.13   80.04
14:42:12 69.24   81.84   69.24   80.04
14:43:15 69.24   81.95   69.24   80.04
14:44:18 69.24   81.72   69.13   80.04
14:45:22 69.24   81.84   69.24   80.04
14:46:25 69.24   81.84   69.13   80.04
14:47:28 69.24   81.95   69.24   80.04
14:48:32 69.24   81.72   69.24   79.93
14:49:35 69.24   81.50   69.24   79.93
14:50:38 69.24   81.61   69.13   79.81
14:51:42 69.24   82.06   69.24   79.81
14:52:45 69.24   81.84   69.24   79.81
14:53:48 69.24   81.95   69.24   79.93
14:54:52 69.24   81.95   69.24   79.81
14:55:55 69.24   81.72   69.24   79.81
14:56:58 69.35   81.84   69.24   79.93
14:58:02 69.35   81.84   69.24   79.93
14:59:05 69.24   81.95   69.24   79.93
15:00:08 69.24   81.84   69.13   79.93
15:01:12 69.24   81.95   69.24   79.81
15:02:15 69.24   82.06   69.24   79.93
15:03:18 69.24   81.72   69.24   79.93
15:04:22 69.24   81.61   69.24   79.81
15:05:25 69.35   81.84   69.35   79.81
15:06:28 69.24   81.72   69.24   79.93
15:07:32 69.24   81.72   69.24   79.81
15:08:35 69.24   81.72   69.24   79.81
15:09:39 69.24   81.61   69.24   79.81
15:10:42 69.24   86.11   69.24   79.81
15:11:45 70.14   126.05   69.35   79.93
15:12:48 70.70   146.75   69.46   80.49
15:13:51 71.15   155.75   69.58   81.50
15:14:54 71.60   146.07   69.69   82.40
15:15:57 72.05   148.66   69.69   82.85
15:17:00 72.39   152.82   69.80   83.30
15:18:03 72.72   128.19   69.91   83.64
15:19:06 72.72   113.56   70.03   83.64
15:20:09 72.05   113.79   69.91   83.30
15:21:13 71.49   113.90   69.91   82.96
15:22:16 71.04   114.80   69.91   82.85
15:23:19 70.81   113.23   69.91   82.74
15:24:23 70.59   111.99   69.91   82.63
15:25:26 70.47   109.06   69.91   82.51
15:26:30 71.15   123.01   69.91   82.40
15:27:33 71.94   140.56   70.14   82.96
15:28:36 72.28   151.70   70.25   83.64
15:29:38 72.61   157.78   70.25   84.43
15:30:41 72.95   134.94   70.36   84.99
15:31:45 73.18   114.01   70.47   84.99
15:32:48 72.50   114.13   70.47   84.76
15:33:51 71.83   113.79   70.47   84.54
15:34:55 71.49   112.10   70.36   84.43
15:35:58 71.15   113.23   70.36   84.09
15:37:01 70.93   112.10   70.36   84.09
15:38:05 70.81   110.53   70.36   83.97
15:39:08 70.59   108.39   70.36   83.86
15:40:11 70.59   108.95   70.25   83.86
15:41:15 71.71   131.68   70.47   83.97
15:42:18 72.16   146.30   70.59   84.54
15:43:21 72.61   151.03   70.70   85.33
15:44:24 72.95   126.05   70.81   85.78
15:45:27 73.06   112.66   70.81   85.89
15:46:30 72.28   113.23   70.81   85.66
15:47:34 71.83   112.10   70.70   85.33
15:48:37 71.38   111.99   70.81   85.10
15:49:40 71.15   111.99   70.70   84.88
15:50:44 71.04   110.75   70.70   84.88
15:51:47 70.81   109.51   70.70   84.76
15:52:50 70.70   107.26   70.70   84.76
15:53:54 70.59   105.80   70.70   84.65
15:54:57 70.59   104.11   70.70   84.65
15:56:01 70.47   103.66   70.70   84.54
15:57:04 70.47   101.86   70.70   84.54
15:58:07 70.36   100.63   70.70   84.54
15:59:11 70.36   99.28   70.59   84.54
16:00:14 70.36   98.60   70.59   84.54
16:01:17 71.15   122.00   70.59   84.54
16:02:20 71.83   143.26   70.81   84.88
16:03:23 72.28   146.19   70.81   85.55
16:04:26 72.61   121.44   71.04   86.11
16:05:30 72.61   112.44   71.04   86.22
16:06:33 72.05   112.21   71.04   86.11
16:07:36 71.60   110.41   70.93   85.78
16:08:40 71.26   111.43   70.93   85.66
16:09:43 71.04   110.86   70.93   85.66
16:10:46 70.93   110.30   70.93   85.44
16:11:50 70.81   107.94   70.93   85.44
16:12:53 70.70   106.36   70.93   85.44
16:13:57 70.59   105.35   70.93   85.33
16:15:00 70.59   103.89   70.81   85.21
16:16:03 70.47   102.65   70.93   85.21
16:17:07 70.47   101.75   70.93   85.10
16:18:10 70.47   100.29   70.81   85.10
16:19:13 70.47   98.94   70.81   85.10
16:20:17 70.36   98.15   70.81   84.99
16:21:20 70.36   96.91   70.81   84.99
16:22:23 70.36   96.13   70.81   84.99
16:23:27 70.25   95.00   70.81   84.88
16:24:30 70.25   94.33   70.81   84.88
16:25:33 70.25   93.54   70.81   84.76
16:26:37 70.25   92.97   70.81   84.76
16:27:40 70.25   92.64   70.81   84.65
16:28:43 70.14   91.96   70.81   84.65
16:29:47 70.14   91.40   70.81   84.65
16:30:50 70.14   90.72   70.81   84.65
16:31:53 70.14   90.50   70.81   84.65
16:32:57 70.14   90.28   70.70   84.54
16:34:00 70.14   89.49   70.70   84.43
16:35:03 70.14   89.26   70.70   84.31
16:36:07 70.14   88.93   70.70   84.31
16:37:10 70.14   88.59   70.70   84.31
16:38:13 70.03   88.14   70.70   84.31
16:39:17 70.03   88.47   70.70   84.31
16:40:20 70.03   88.03   70.70   84.31
16:41:23 70.03   87.58   70.70   84.20
16:42:27 70.03   87.01   70.70   84.20
16:43:30 70.03   87.01   70.59   84.20
16:44:33 70.03   86.90   70.70   84.20
16:45:37 70.03   86.68   70.70   84.09
16:46:40 70.03   86.56   70.70   84.09
16:47:44 70.03   86.56   70.70   84.09
16:48:47 70.03   86.56   70.59   83.97
16:49:50 70.03   86.45   70.59   84.09
16:50:54 70.03   86.45   70.70   83.97
16:51:57 70.03   86.11   70.70   83.97
16:53:00 69.91   86.22   70.70   83.86
16:54:04 69.91   86.11   70.59   83.75
16:55:07 69.91   86.00   70.59   83.86
16:56:10 69.91   86.00   70.59   83.86
16:57:14 69.91   85.66   70.59   83.75
16:58:17 69.91   85.55   70.59   83.75
16:59:20 69.91   85.55   70.59   83.64
17:00:24 69.91   85.21   70.59   83.53
17:01:27 69.91   85.21   70.59   83.53
17:02:30 69.91   85.10   70.59   83.41
17:03:34 69.91   85.33   70.59   83.53
17:04:37 69.91   85.33   70.59   83.41
17:05:40 69.91   85.10   70.47   83.30
17:06:44 69.91   84.99   70.59   83.30
17:07:47 69.80   84.88   70.59   83.19
17:08:50 69.91   84.65   70.59   83.19
17:09:54 69.80   84.54   70.47   83.08
17:10:57 69.80   84.88   70.47   82.96
17:12:00 69.80   84.65   70.47   83.08
17:13:04 69.80   84.88   70.47   82.96
17:14:07 69.91   84.54   70.47   82.96
17:15:10 69.80   84.76   70.47   83.08
17:16:14 69.91   84.76   70.47   82.96
17:17:17 69.91   84.54   70.47   82.96
17:18:21 69.80   84.43   70.47   82.85
17:19:24 69.80   84.31   70.47   82.85
17:20:27 69.80   84.20   70.47   82.85
17:21:31 69.80   84.54   70.47   82.74
17:22:34 69.80   84.31   70.47   82.63
17:23:37 69.80   83.97   70.47   82.74
17:24:41 69.80   83.64   70.47   82.74
17:25:44 69.80   83.75   70.47   82.51
17:26:47 69.80   83.97   70.47   82.63
17:27:51 69.80   84.31   70.36   82.51
17:28:54 69.80   84.09   70.36   82.63
17:29:57 69.80   83.97   70.36   82.63
17:31:01 69.80   84.43   70.47   82.51
17:32:04 69.80   83.97   70.36   82.51
17:33:07 69.80   83.86   70.36   82.40
17:34:11 69.80   83.64   70.36   82.40
17:35:14 69.69   83.86   70.36   82.51
17:36:17 69.80   83.53   70.36   82.51
17:37:21 69.80   83.30   70.36   82.40
17:38:24 69.69   83.53   70.36   82.40
17:39:27 69.69   83.64   70.36   82.29
17:40:31 69.80   83.86   70.36   82.29
17:41:34 69.69   83.75   70.36   82.29
17:42:37 69.80   83.86   70.36   82.29
17:43:41 69.80   83.75   70.36   82.29
17:44:44 69.69   83.53   70.25   82.18
17:45:47 69.69   83.64   70.36   82.18
17:46:51 69.80   83.64   70.36   82.18
17:47:54 69.69   83.86   70.25   82.18
17:48:57 69.69   83.75   70.36   82.29
17:50:01 69.80   83.86   70.36   82.18
17:51:04 69.69   83.75   70.36   82.18
17:52:08 69.69   83.75   70.36   82.18
17:53:11 69.69   83.64   70.25   82.06
17:54:14 69.69   83.53   70.25   82.06
17:55:18 69.69   83.53   70.25   82.06
17:56:21 69.69   84.76   70.25   82.06
17:57:24 70.25   112.33   70.36   82.06
17:58:27 70.93   142.59   70.47   82.51
17:59:30 71.38   138.65   70.59   83.30
18:00:34 71.60   113.68   70.70   83.86
18:01:37 71.49   111.09   70.59   83.86
18:02:40 71.15   110.41   70.59   83.64
18:03:44 70.81   111.43   70.59   83.53
18:04:47 70.70   109.85   70.47   83.53
18:05:50 70.47   108.50   70.47   83.30
18:06:54 70.47   106.59   70.47   83.19
18:07:57 70.36   105.13   70.47   83.19
18:09:00 70.36   103.78   70.47   83.19
18:10:04 70.25   102.65   70.47   83.19
18:11:07 70.25   101.86   70.47   83.08
18:12:10 70.25   99.95   70.47   83.08
18:13:14 70.14   98.83   70.47   82.96
18:14:17 70.14   97.48   70.36   82.96
18:15:20 70.14   96.80   70.47   82.96
18:16:24 70.14   95.56   70.47   82.96
18:17:27 70.14   95.00   70.36   83.08
18:18:30 70.14   94.10   70.36   82.96
18:19:34 70.03   93.31   70.36   82.96
18:20:37 70.03   92.19   70.36   82.85
18:21:40 70.03   91.63   70.36   82.74
18:22:44 70.03   90.84   70.36   82.74
18:23:47 70.03   90.28   70.25   82.63
18:24:50 69.91   89.60   70.25   82.51
18:25:54 69.91   89.15   70.25   82.51
18:26:57 69.91   88.59   70.25   82.51
18:28:01 69.91   88.59   70.25   82.63
18:29:04 70.03   102.43   70.25   82.63
18:30:07 70.93   137.86   70.59   82.85
18:31:10 71.26   144.95   70.70   83.53
18:32:13 71.60   120.99   70.81   84.20
18:33:16 71.71   111.65   70.70   84.43
18:34:20 71.38   110.86   70.70   84.31
18:35:23 71.04   108.61   70.70   84.09
18:36:26 70.81   106.70   70.70   83.97
18:37:30 70.70   108.50   70.70   83.86
18:38:33 70.59   107.71   70.59   83.86
18:39:37 70.47   106.93   70.59   83.75
18:40:40 70.36   104.79   70.59   83.75
18:41:43 70.36   103.55   70.59   83.53
18:42:47 70.25   102.09   70.59   83.53
18:43:50 70.25   100.85   70.59   83.53
18:44:53 70.25   99.16   70.47   83.53
18:45:57 70.25   98.49   70.47   83.53
18:47:00 70.14   97.14   70.47   83.53
18:48:03 70.14   95.90   70.47   83.53
18:49:07 70.14   95.34   70.47   83.41
18:50:10 70.14   93.88   70.47   83.41
18:51:13 70.03   93.88   70.47   83.30
18:52:17 70.03   92.97   70.36   83.30
18:53:20 70.03   91.96   70.47   83.19
18:54:23 70.03   91.74   70.47   83.19
18:55:27 70.03   90.84   70.47   83.19
18:56:30 70.14   102.09   70.36   83.19
18:57:33 71.04   136.96   70.70   83.30
18:58:36 71.38   147.31   70.81   84.09
18:59:39 71.71   125.04   70.93   84.76
19:00:43 71.94   111.99   70.93   85.10
19:01:46 71.49   111.76   70.81   84.88
19:02:49 71.15   109.74   70.93   84.65
19:03:53 70.93   110.64   70.70   84.54
19:04:56 70.70   109.74   70.70   84.31
19:05:59 70.59   108.61   70.70   84.20
19:07:03 70.59   106.93   70.70   84.09
19:08:06 70.47   106.03   70.59   84.09
19:09:09 70.36   104.00   70.70   84.09
19:10:13 70.36   102.20   70.70   83.97
19:11:16 70.36   101.64   70.70   83.97
19:12:19 70.36   100.06   70.59   83.97
19:13:23 70.25   99.28   70.59   83.86
19:14:26 70.25   97.59   70.59   83.75
19:15:29 70.14   96.91   70.47   83.75
19:16:33 70.14   95.45   70.59   83.75
19:17:36 70.14   94.66   70.59   83.86
19:18:39 70.14   93.65   70.59   83.75
19:19:43 70.14   93.20   70.59   83.75
19:20:46 70.14   92.41   70.59   83.86
19:21:49 70.14   91.74   70.59   83.64
19:22:53 70.03   91.18   70.47   83.53
19:23:56 70.03   90.39   70.47   83.53
19:25:00 70.03   89.83   70.47   83.53
19:26:03 70.03   89.60   70.47   83.53
19:27:06 70.03   89.26   70.47   83.41
19:28:10 70.03   88.70   70.47   83.30
19:29:13 70.03   88.47   70.36   83.30
19:30:16 69.91   88.36   70.36   83.41
19:31:20 69.91   87.80   70.36   83.30
19:32:23 69.91   87.46   70.36   83.41
19:33:26 69.91   87.46   70.36   83.41
19:34:30 69.91   87.01   70.36   83.30
19:35:33 69.91   87.01   70.36   83.19
19:36:36 69.91   86.56   70.36   83.19
19:37:40 69.91   89.38   70.36   83.08
19:38:43 70.70   127.85   70.47   83.19
19:39:46 71.15   146.98   70.70   83.75
19:40:49 71.49   131.00   70.93   84.31
19:41:52 71.71   112.10   70.93   84.65
19:42:56 71.38   111.43   70.81   84.65
19:43:59 71.04   110.19   70.81   84.54
19:45:02 70.81   107.15   70.70   84.43
19:46:06 70.70   108.95   70.70   84.43
19:47:09 70.59   108.39   70.59   84.20
19:48:12 70.47   107.15   70.59   84.09
19:49:16 70.36   106.14   70.59   84.09
19:50:19 70.36   104.56   70.59   83.97
19:51:22 70.25   102.54   70.59   83.86
19:52:26 70.25   101.19   70.59   83.86
19:53:29 70.25   99.73   70.59   83.86
19:54:32 70.25   98.38   70.59   83.75
19:55:36 70.14   97.48   70.59   83.86
19:56:39 70.14   96.24   70.47   83.75
19:57:42 70.14   95.68   70.59   83.64
19:58:46 70.14   94.66   70.47   83.64
19:59:49 70.14   93.76   70.47   83.64
20:00:52 70.03   92.75   70.47   83.64
20:01:56 70.03   92.08   70.47   83.64
20:02:59 70.03   91.29   70.47   83.53
20:04:03 70.03   90.84   70.47   83.53
20:05:06 70.03   90.28   70.36   83.53
20:06:09 70.03   89.94   70.47   83.53
20:07:13 69.91   89.26   70.36   83.41
20:08:16 70.03   89.49   70.36   83.41
20:09:19 70.47   115.48   70.47   83.41
20:10:22 71.04   142.36   70.70   83.86
20:11:25 71.38   137.75   70.81   84.54
20:12:29 71.71   113.56   70.93   84.99
20:13:32 71.60   111.31   70.81   84.99
20:14:35 71.15   109.96   70.70   84.88
20:15:39 70.93   109.40   70.70   84.65
20:16:42 70.70   109.51   70.70   84.54
20:17:45 70.59   108.61   70.70   84.31
20:18:49 70.47   107.49   70.70   84.20
20:19:52 70.47   105.58   70.70   84.20
20:20:55 70.36   104.00   70.59   84.20
20:21:59 70.36   102.43   70.59   84.20
20:23:02 70.25   101.64   70.59   84.09
20:24:05 70.25   100.51   70.59   84.09
20:25:09 70.14   99.05   70.59   83.97
20:26:12 70.25   97.81   70.59   83.97
20:27:15 70.14   96.69   70.59   83.97
20:28:19 70.14   96.01   70.59   83.97
20:29:22 70.14   95.00   70.59   83.97
20:30:25 70.14   94.33   70.47   83.86
20:31:29 70.03   93.20   70.47   83.75
20:32:32 70.14   92.30   70.47   83.75
20:33:35 70.03   91.74   70.47   83.75
20:34:39 70.03   90.95   70.47   83.64
20:35:42 70.03   90.61   70.47   83.64
20:36:46 70.03   90.39   70.47   83.64
20:37:49 70.03   89.83   70.47   83.53
20:38:52 70.03   89.26   70.47   83.53
20:39:56 69.91   88.70   70.47   83.53
20:40:59 69.91   88.59   70.36   83.53
20:42:02 69.91   88.14   70.36   83.53
20:43:06 69.91   87.58   70.36   83.53
20:44:09 69.91   87.46   70.36   83.53
20:45:12 69.91   87.24   70.36   83.30
20:46:16 69.91   92.97   70.36   83.30
20:47:19 70.70   132.80   70.59   83.53
20:48:22 71.15   147.20   70.81   84.09
20:49:25 71.49   126.39   70.93   84.76
20:50:28 71.71   111.54   70.93   84.99
20:51:32 71.26   111.09   70.81   84.99
20:52:35 71.04   108.73   70.81   84.76
20:53:38 70.81   110.19   70.70   84.65
20:54:42 70.59   108.95   70.70   84.43
20:55:45 70.47   108.05   70.59   84.43
20:56:48 70.47   107.26   70.59   84.31
20:57:52 70.36   105.46   70.59   84.20
20:58:55 70.25   103.89   70.59   84.09
20:59:58 70.25   102.20   70.59   84.09
21:01:02 70.25   101.41   70.59   84.09
21:02:05 70.25   100.06   70.59   83.97
21:03:08 70.14   98.26   70.47   83.97
21:04:12 70.14   97.48   70.47   83.86
21:05:15 70.14   95.79   70.47   83.86
21:06:18 70.03   95.56   70.47   83.97
21:07:22 70.03   94.78   70.47   83.86
21:08:25 70.03   93.54   70.47   83.75
21:09:28 70.03   92.53   70.47   83.75
21:10:32 70.03   92.19   70.36   83.75
21:11:35 70.03   91.51   70.36   83.64
21:12:38 70.03   90.72   70.36   83.64
21:13:42 70.03   90.28   70.36   83.64
21:14:45 69.91   90.05   70.36   83.53
21:15:49 69.91   89.38   70.25   83.64
21:16:52 69.91   89.38   70.25   83.64
21:17:55 69.91   88.70   70.36   83.64
21:18:59 69.91   88.25   70.25   83.41
21:20:02 69.91   87.69   70.25   83.41
21:21:05 70.03   102.43   70.25   83.53
21:22:08 70.81   138.20   70.59   83.75
21:23:11 71.15   147.99   70.81   84.43
21:24:14 71.60   125.04   70.93   84.99
21:25:18 71.71   111.99   70.81   85.21
21:26:21 71.38   111.65   70.70   84.99
21:27:24 71.04   109.63   70.81   84.88
21:28:28 70.81   106.48   70.59   84.76
21:29:31 70.70   109.18   70.70   84.65
21:30:34 70.47   108.73   70.59   84.54
21:31:38 70.47   107.26   70.59   84.43
21:32:41 70.36   105.46   70.70   84.43
21:33:45 70.36   103.66   70.59   84.31
21:34:48 70.25   102.54   70.59   84.31
21:35:51 70.25   101.53   70.47   84.20
21:36:55 70.14   100.29   70.47   84.20
21:37:58 70.14   98.94   70.47   84.20
21:39:01 70.14   98.04   70.47   84.09
21:40:05 70.14   96.80   70.47   83.97
21:41:08 70.03   95.45   70.36   83.97
21:42:11 70.03   95.00   70.47   83.97
21:43:15 70.03   93.99   70.47   83.86
21:44:18 70.03   92.97   70.36   83.75
21:45:21 70.03   92.41   70.36   83.75
21:46:25 70.03   91.96   70.36   83.64
21:47:28 70.03   91.29   70.36   83.64
21:48:31 69.91   90.72   70.36   83.64
21:49:35 69.91   90.50   70.25   83.64
21:50:38 69.91   89.71   70.25   83.64
21:51:41 69.91   89.04   70.25   83.53
21:52:45 69.91   88.59   70.25   83.53
21:53:48 69.91   88.59   70.25   83.41
21:54:51 69.91   88.03   70.25   83.53
21:55:55 69.80   87.58   70.25   83.41
21:56:58 69.80   87.46   70.25   83.41
21:58:01 69.80   87.01   70.25   83.19
21:59:05 69.80   86.79   70.25   83.19
22:00:08 69.80   86.56   70.25   83.19
22:01:11 69.80   86.45   70.14   83.19
22:02:15 69.80   86.00   70.14   83.08
22:03:18 69.80   86.00   70.14   83.08
22:04:21 69.80   85.78   70.14   82.96
22:05:25 69.80   85.44   70.14   83.08
22:06:28 69.69   85.78   70.14   82.96
22:07:32 69.80   85.44   70.14   82.85
22:08:35 69.69   85.55   70.14   82.85
22:09:38 69.69   85.21   70.14   82.85
22:10:42 69.69   84.99   70.03   82.85
22:11:45 69.69   85.10   70.14   82.85
22:12:48 69.69   84.99   70.03   82.85
22:13:52 69.69   84.76   70.03   82.74
22:14:55 69.69   84.65   70.03   82.74
22:15:58 69.69   84.54   70.03   82.74
22:17:02 69.69   84.65   70.03   82.63
22:18:05 69.69   84.43   70.03   82.63
22:19:08 69.69   84.43   70.03   82.51
22:20:12 69.69   84.43   70.03   82.40
22:21:15 69.69   84.31   70.03   82.51
22:22:18 69.69   84.09   70.03   82.51
22:23:22 69.69   83.86   70.03   82.51
22:24:25 69.69   83.97   70.03   82.40
22:25:28 69.58   83.75   69.91   82.40
22:26:32 69.58   83.86   69.91   82.29
22:27:35 69.58   83.86   69.91   82.18
22:28:38 69.69   83.86   69.91   82.40
22:29:42 69.69   83.75   69.91   82.29
22:30:45 69.69   83.64   69.91   82.29
22:31:48 69.58   83.41   69.91   82.29
22:32:52 69.58   83.64   69.91   82.18
22:33:55 69.58   83.30   69.80   82.18
22:34:58 69.58   83.41   69.80   82.06
22:36:02 69.58   83.19   69.91   82.06
22:37:05 69.58   83.30   69.91   82.06
22:38:09 69.58   83.30   69.80   82.06
22:39:12 69.58   83.75   69.80   82.29
22:40:15 69.58   83.30   69.80   82.18
22:41:19 69.58   83.53   69.80   82.18
22:42:22 69.58   83.53   69.80   82.06
22:43:25 69.58   83.41   69.80   81.95
22:44:29 69.58   83.30   69.80   81.95
22:45:32 69.58   83.08   69.80   81.84
22:46:35 69.46   83.30   69.69   81.95
22:47:39 69.58   83.30   69.80   81.95
22:48:42 69.58   83.19   69.80   81.84
22:49:45 69.46   83.08   69.69   81.84
22:50:49 69.58   82.96   69.69   81.95
22:51:52 69.46   82.96   69.69   81.84
22:52:55 69.46   82.96   69.69   81.84
22:53:59 69.46   82.96   69.69   81.72
22:55:02 69.46   83.19   69.69   81.72
22:56:05 69.46   82.74   69.69   81.61
22:57:09 69.46   83.19   69.69   81.61
22:58:12 69.46   82.85   69.69   81.50
22:59:15 69.46   82.96   69.58   81.50
23:00:19 69.46   82.96   69.69   81.61
23:01:22 69.46   83.08   69.69   81.50
23:02:25 69.46   82.96   69.58   81.61
23:03:29 69.46   82.74   69.58   81.61
23:04:32 69.46   82.74   69.58   81.50
23:05:35 69.46   82.40   69.58   81.50
23:06:39 69.46   82.63   69.58   81.39
23:07:42 69.46   82.74   69.58   81.39
23:08:45 69.46   82.85   69.58   81.39
23:09:49 69.46   82.74   69.69   81.39
23:10:52 69.46   82.74   69.58   81.39
23:11:56 69.46   82.74   69.46   81.28
23:12:59 69.46   82.74   69.46   81.28
23:14:02 69.46   82.74   69.46   81.16
23:15:06 69.46   82.63   69.46   81.05
23:16:09 69.35   82.63   69.46   81.16
23:17:12 69.35   82.51   69.46   81.16
23:18:16 69.35   82.40   69.46   81.16
23:19:19 69.35   82.51   69.46   81.16
23:20:22 69.35   82.63   69.46   81.16
23:21:26 69.35   82.51   69.46   81.28
23:22:29 69.35   82.40   69.46   81.28
23:23:32 69.35   82.51   69.46   81.28
23:24:36 69.35   82.29   69.46   81.16
23:25:39 69.35   82.29   69.46   81.05
23:26:42 69.35   82.06   69.35   81.05
23:27:46 69.35   82.40   69.35   81.05
23:28:49 69.35   82.18   69.46   81.05
23:29:52 69.35   82.40   69.35   81.16
23:30:56 69.35   82.40   69.35   81.16
23:31:59 69.35   82.18   69.35   81.05
23:33:02 69.35   82.51   69.35   81.05
23:34:06 69.35   82.40   69.35   80.94
23:35:09 69.35   81.84   69.35   80.94
23:36:12 69.35   81.84   69.24   80.94
23:37:16 69.35   82.06   69.35   80.94
23:38:19 69.35   82.29   69.35   80.94
23:39:22 69.35   81.84   69.35   80.94
23:40:26 69.35   81.84   69.24   80.94
23:41:29 69.35   82.06   69.24   80.94
23:42:32 69.35   81.95   69.24   80.83
23:43:36 69.35   84.65   69.24   80.94
23:44:39 69.69   122.23   69.35   81.05
23:45:42 70.03   145.18   69.58   81.50
23:46:45 70.36   131.79   69.91   82.29
23:47:48 70.59   111.20   69.91   82.63
23:48:52 70.47   109.85   69.69   82.63
23:49:55 70.25   108.05   69.69   82.40
23:50:58 70.14   108.50   69.58   82.29
23:52:02 69.91   107.94   69.58   82.29
23:53:05 69.91   106.36   69.58   82.18
23:54:08 69.80   105.46   69.46   82.06
23:55:12 69.80   104.00   69.46   81.95
23:56:15 69.69   102.31   69.46   82.06
23:57:18 69.69   100.74   69.46   82.06
23:58:22 69.69   98.94   69.46   82.06
23:59:25 69.69   97.92   69.46   81.95
