00:00:56 69.58   83.53   70.59   81.39
00:01:59 69.58   83.53   70.47   81.39
00:03:03 69.58   83.30   70.47   81.39
00:04:06 69.58   83.41   70.47   81.39
00:05:10 69.58   83.41   70.47   81.28
00:06:13 69.58   83.30   70.47   81.28
00:07:16 69.58   83.41   70.47   81.28
00:08:20 69.58   83.30   70.36   81.28
00:09:23 69.58   83.19   70.47   81.28
00:10:26 69.58   83.41   70.47   81.28
00:11:30 69.58   83.41   70.47   81.28
00:12:33 69.58   83.08   70.36   81.16
00:13:36 69.58   82.85   70.36   81.16
00:14:40 69.58   82.85   70.36   81.05
00:15:43 69.58   83.08   70.47   81.16
00:16:46 69.46   83.19   70.36   81.16
00:17:50 69.46   83.30   70.36   81.05
00:18:53 69.46   82.85   70.36   80.94
00:19:56 69.46   82.85   70.25   80.94
00:21:00 69.46   82.85   70.36   81.05
00:22:03 69.58   83.08   70.36   81.05
00:23:06 69.46   83.08   70.36   81.05
00:24:10 69.46   82.96   70.25   80.94
00:25:13 69.46   83.19   70.25   80.94
00:26:16 69.46   82.96   70.25   80.94
00:27:20 69.46   83.30   70.25   80.94
00:28:23 69.46   82.96   70.25   80.94
00:29:26 69.46   83.08   70.14   80.94
00:30:30 69.46   82.85   70.25   80.83
00:31:33 69.46   82.85   70.25   80.83
00:32:36 69.46   82.74   70.14   80.83
00:33:40 69.46   82.85   70.14   80.83
00:34:43 69.46   82.85   70.14   80.71
00:35:47 69.46   82.96   70.14   80.71
00:36:50 69.46   83.08   70.14   80.71
00:37:53 69.46   82.96   70.14   80.71
00:38:57 69.46   82.85   70.14   80.71
00:40:00 69.46   82.85   70.14   80.71
00:41:03 69.46   82.85   70.14   80.71
00:42:07 69.46   82.85   70.14   80.71
00:43:10 69.46   82.63   70.14   80.71
00:44:13 69.46   82.96   70.14   80.71
00:45:17 69.46   82.85   70.03   80.71
00:46:20 69.46   82.74   70.14   80.71
00:47:23 69.46   82.74   70.14   80.60
00:48:27 69.46   82.74   70.03   80.60
00:49:30 69.46   82.74   70.03   80.60
00:50:33 69.46   82.74   70.03   80.71
00:51:37 69.46   82.96   70.03   80.71
00:52:40 69.35   82.51   70.03   80.71
00:53:43 69.35   82.40   70.03   80.49
00:54:47 69.35   82.63   70.03   80.49
00:55:50 69.35   82.51   70.03   80.38
00:56:53 69.35   82.63   70.03   80.38
00:57:57 69.35   82.40   69.91   80.49
00:59:00 69.46   82.40   69.91   80.38
01:00:03 69.35   82.29   69.91   80.38
01:01:07 69.35   82.51   69.91   80.38
01:02:10 69.35   82.63   69.91   80.38
01:03:13 69.35   82.51   69.91   80.38
01:04:17 69.35   82.63   69.91   80.38
01:05:20 69.35   82.63   69.91   80.26
01:06:23 69.35   82.51   69.91   80.38
01:07:27 69.35   82.63   69.91   80.38
01:08:30 69.35   82.51   69.80   80.26
01:09:33 69.35   82.40   69.80   80.38
01:10:37 69.35   82.40   69.80   80.38
01:11:40 69.35   82.06   69.80   80.38
01:12:43 69.35   82.40   69.80   80.26
01:13:47 69.35   82.40   69.80   80.26
01:14:50 69.35   82.51   69.91   80.26
01:15:54 69.35   82.29   69.91   80.26
01:16:57 69.35   82.51   69.80   80.26
01:18:00 69.35   82.51   69.80   80.26
01:19:04 69.35   82.29   69.80   80.15
01:20:07 69.35   82.18   69.80   80.04
01:21:10 69.35   82.18   69.80   80.04
01:22:14 69.35   82.18   69.80   80.04
01:23:17 69.35   82.06   69.69   80.04
01:24:20 69.24   82.06   69.69   80.15
01:25:24 69.35   82.18   69.69   80.04
01:26:27 69.24   82.18   69.69   80.04
01:27:30 69.24   82.18   69.69   80.04
01:28:34 69.24   82.18   69.69   79.93
01:29:37 69.24   82.29   69.69   80.04
01:30:40 69.24   82.18   69.80   79.93
01:31:44 69.24   81.95   69.69   80.04
01:32:47 69.24   81.95   69.58   79.93
01:33:50 69.24   81.95   69.58   79.93
01:34:54 69.24   82.06   69.69   80.04
01:35:57 69.24   82.06   69.69   80.04
01:37:00 69.24   81.95   69.69   80.15
01:38:04 69.24   82.29   69.69   80.04
01:39:07 69.24   82.18   69.69   80.04
01:40:10 69.24   82.29   69.58   80.15
01:41:14 69.24   81.95   69.58   80.04
01:42:17 69.24   82.18   69.58   80.15
01:43:20 69.24   82.06   69.58   80.04
01:44:24 69.24   82.06   69.58   80.04
01:45:27 69.24   82.18   69.58   79.93
01:46:30 69.24   82.18   69.58   80.04
01:47:34 69.24   81.95   69.58   80.04
01:48:37 69.24   82.06   69.46   80.04
01:49:41 69.24   82.18   69.58   80.04
01:50:44 69.24   82.06   69.58   79.93
01:51:47 69.24   81.84   69.58   79.81
01:52:51 69.24   81.61   69.58   79.81
01:53:54 69.24   81.61   69.46   79.70
01:54:57 69.24   81.84   69.46   79.70
01:56:01 69.24   81.72   69.46   79.70
01:57:04 69.24   81.84   69.46   79.70
01:58:07 69.24   81.72   69.46   79.70
01:59:11 69.24   81.72   69.46   79.70
02:00:14 69.24   81.95   69.46   79.70
02:01:17 69.24   81.84   69.46   79.70
02:02:21 69.24   81.95   69.46   79.70
02:03:24 69.13   81.50   69.35   79.70
02:04:27 69.24   82.06   69.46   79.59
02:05:31 69.13   81.72   69.35   79.59
02:06:34 69.24   81.72   69.35   79.59
02:07:37 69.13   81.84   69.35   79.70
02:08:41 69.13   81.95   69.35   79.70
02:09:44 69.13   81.84   69.35   79.70
02:10:47 69.13   81.61   69.35   79.70
02:11:51 69.13   81.72   69.35   79.70
02:12:54 69.13   81.61   69.35   79.70
02:13:57 69.13   81.50   69.35   79.70
02:15:01 69.13   81.72   69.35   79.59
02:16:04 69.13   92.64   69.35   79.59
02:17:07 69.80   135.73   69.58   79.81
02:18:10 70.14   143.94   69.69   80.60
02:19:13 70.47   119.86   69.91   81.28
02:20:17 70.59   110.53   69.80   81.39
02:21:20 70.25   109.96   69.69   81.28
02:22:23 70.14   107.15   69.69   81.16
02:23:27 69.91   105.24   69.69   81.05
02:24:30 69.91   107.49   69.69   80.94
02:25:33 69.80   106.70   69.69   80.94
02:26:37 69.69   104.90   69.58   80.83
02:27:40 69.58   103.55   69.58   80.71
02:28:43 69.58   101.41   69.58   80.60
02:29:47 69.58   100.06   69.58   80.60
02:30:50 69.58   98.94   69.58   80.60
02:31:54 69.46   97.59   69.58   80.60
02:32:57 69.46   95.79   69.46   80.60
02:34:00 69.46   94.66   69.58   80.60
02:35:04 69.46   93.54   69.46   80.71
02:36:07 69.46   93.43   69.46   80.71
02:37:10 69.46   92.30   69.35   80.71
02:38:14 69.46   91.51   69.46   80.60
02:39:17 69.35   90.61   69.46   80.60
02:40:20 69.35   90.16   69.46   80.60
02:41:24 69.35   89.38   69.46   80.49
02:42:27 69.35   88.59   69.35   80.49
02:43:30 69.35   88.36   69.35   80.49
02:44:34 69.35   88.03   69.35   80.49
02:45:37 69.46   105.91   69.35   80.49
02:46:40 70.03   138.09   69.69   80.83
02:47:43 70.36   144.95   69.91   81.61
02:48:46 70.70   120.65   70.03   82.18
02:49:50 70.70   111.31   69.91   82.40
02:50:53 70.47   110.86   69.91   82.18
02:51:56 70.25   108.05   69.80   82.06
02:53:00 70.03   109.29   69.69   81.95
02:54:03 69.91   108.16   69.69   81.72
02:55:06 69.80   107.15   69.80   81.61
02:56:10 69.80   105.69   69.69   81.61
02:57:13 69.80   103.89   69.69   81.61
02:58:16 69.69   102.43   69.69   81.50
02:59:20 69.58   100.63   69.58   81.39
03:00:23 69.58   99.50   69.58   81.39
03:01:26 69.58   98.15   69.58   81.39
03:02:30 69.58   97.14   69.58   81.39
03:03:33 69.58   96.01   69.58   81.39
03:04:36 69.58   95.00   69.58   81.28
03:05:40 69.58   93.99   69.58   81.28
03:06:43 69.46   92.64   69.46   81.28
03:07:46 69.46   92.19   69.58   81.28
03:08:50 69.46   91.51   69.46   81.28
03:09:53 69.46   91.06   69.46   81.28
03:10:56 69.46   90.28   69.46   81.28
03:12:00 69.46   89.94   69.46   81.16
03:13:03 69.46   89.26   69.46   81.05
03:14:06 69.46   92.19   69.46   81.05
03:15:10 69.91   127.40   69.58   81.16
03:16:13 70.25   145.85   69.80   81.72
03:17:16 70.59   133.14   69.91   82.51
03:18:19 70.93   112.21   70.03   82.85
03:19:22 70.70   111.20   69.91   82.85
03:20:26 70.36   109.40   69.91   82.74
03:21:29 70.14   109.85   69.80   82.51
03:22:32 70.03   109.18   69.80   82.51
03:23:36 69.91   108.61   69.80   82.40
03:24:39 69.80   106.70   69.69   82.29
03:25:42 69.80   104.56   69.69   82.18
03:26:46 69.69   102.88   69.69   82.18
03:27:49 69.69   101.30   69.69   82.06
03:28:52 69.58   100.40   69.58   81.95
03:29:56 69.58   99.28   69.58   81.95
03:30:59 69.58   97.92   69.58   81.95
03:32:02 69.58   96.80   69.58   81.95
03:33:06 69.46   95.45   69.58   81.95
03:34:09 69.46   94.33   69.58   81.84
03:35:12 69.46   93.88   69.58   81.84
03:36:16 69.46   92.53   69.46   81.84
03:37:19 69.46   91.85   69.58   81.84
03:38:22 69.35   91.06   69.46   81.84
03:39:26 69.35   90.95   69.46   81.84
03:40:29 69.35   90.39   69.46   81.84
03:41:33 69.35   100.06   69.46   81.84
03:42:36 70.03   136.06   69.80   82.06
03:43:39 70.36   147.76   69.91   82.63
03:44:42 70.70   126.95   70.03   83.30
03:45:45 70.93   111.54   70.03   83.41
03:46:48 70.70   111.43   69.91   83.30
03:47:52 70.36   108.84   69.91   83.08
03:48:55 70.14   110.86   69.91   82.96
03:49:58 70.03   109.85   69.80   82.85
03:51:02 69.91   108.28   69.80   82.74
03:52:05 69.80   106.59   69.80   82.74
03:53:09 69.69   104.68   69.69   82.63
03:54:12 69.69   103.55   69.80   82.51
03:55:15 69.69   101.98   69.69   82.40
03:56:19 69.58   101.08   69.69   82.40
03:57:22 69.58   99.73   69.69   82.40
03:58:25 69.58   98.38   69.58   82.40
03:59:29 69.58   97.36   69.69   82.29
04:00:32 69.58   96.13   69.58   82.29
04:01:35 69.46   94.89   69.58   82.18
04:02:39 69.46   93.88   69.58   82.29
04:03:42 69.46   93.31   69.58   82.18
04:04:45 69.46   92.08   69.58   82.18
04:05:49 69.35   91.63   69.58   82.18
04:06:52 69.35   90.61   69.58   82.18
04:07:55 69.35   90.50   69.58   82.06
04:08:59 69.35   89.71   69.46   82.06
04:10:02 69.35   89.26   69.46   82.06
04:11:05 69.35   88.47   69.46   81.95
04:12:09 69.35   88.14   69.46   81.84
04:13:12 69.35   87.80   69.46   81.84
04:14:15 69.24   87.46   69.46   81.84
04:15:19 69.24   87.01   69.46   81.84
04:16:22 69.24   86.90   69.46   81.84
04:17:25 69.24   86.79   69.46   81.84
04:18:29 69.24   86.56   69.35   81.72
04:19:32 69.24   88.59   69.35   81.72
04:20:35 69.80   123.69   69.58   81.84
04:21:38 70.14   144.84   69.69   82.29
04:22:41 70.47   129.76   69.91   83.08
04:23:45 70.70   111.31   69.91   83.41
04:24:48 70.47   110.53   69.80   83.30
04:25:51 70.25   110.86   69.80   83.08
04:26:55 70.03   110.19   69.69   82.96
04:27:58 69.91   108.61   69.69   82.85
04:29:02 69.80   108.28   69.69   82.74
04:30:05 69.80   105.80   69.69   82.63
04:31:08 69.69   104.45   69.58   82.51
04:32:12 69.58   102.54   69.58   82.51
04:33:15 69.58   101.41   69.58   82.51
04:34:18 69.58   100.63   69.58   82.40
04:35:22 69.46   99.39   69.46   82.29
04:36:25 69.46   97.70   69.46   82.29
04:37:28 69.46   96.58   69.58   82.29
04:38:32 69.46   95.56   69.46   82.18
04:39:35 69.46   94.44   69.46   82.18
04:40:38 69.35   93.88   69.46   82.06
04:41:42 69.35   93.09   69.46   82.06
04:42:45 69.35   92.08   69.46   82.06
04:43:48 69.35   91.63   69.46   82.06
04:44:52 69.35   90.50   69.46   82.06
04:45:55 69.35   90.05   69.46   82.06
04:46:58 69.35   89.60   69.35   81.95
04:48:02 69.35   89.38   69.35   81.95
04:49:05 69.24   90.28   69.35   81.95
04:50:08 69.69   121.55   69.46   81.95
04:51:11 70.14   143.82   69.69   82.40
04:52:14 70.47   137.98   69.91   83.30
04:53:18 70.81   113.11   70.03   83.64
04:54:21 70.70   111.09   69.91   83.64
04:55:24 70.36   109.85   69.91   83.53
04:56:28 70.03   107.83   69.80   83.30
04:57:31 69.91   105.46   69.69   83.08
04:58:34 69.80   107.26   69.69   82.96
04:59:38 69.80   106.70   69.69   82.96
05:00:41 69.69   105.80   69.58   82.85
05:01:44 69.69   104.23   69.58   82.74
05:02:48 69.58   102.88   69.58   82.63
05:03:51 69.58   100.85   69.58   82.51
05:04:54 69.58   100.06   69.58   82.51
05:05:58 69.46   98.94   69.58   82.51
05:07:01 69.46   97.70   69.58   82.51
05:08:05 69.46   96.46   69.46   82.51
05:09:08 69.46   95.34   69.46   82.40
05:10:11 69.35   93.76   69.46   82.29
05:11:15 69.35   92.75   69.46   82.29
05:12:18 69.35   92.30   69.46   82.29
05:13:21 69.35   91.51   69.35   82.29
05:14:25 69.35   90.95   69.35   82.29
05:15:28 69.35   92.64   69.46   82.29
05:16:31 69.80   124.36   69.58   82.40
05:17:34 70.25   144.73   69.80   82.96
05:18:37 70.47   139.10   69.91   83.64
05:19:40 70.81   113.90   70.03   83.97
05:20:44 70.81   111.31   69.91   84.09
05:21:47 70.47   110.41   69.80   83.86
05:22:51 70.14   107.94   69.80   83.53
05:23:54 70.03   105.35   69.80   83.41
05:24:57 69.80   108.16   69.69   83.19
05:26:01 69.80   107.15   69.80   83.08
05:27:04 69.69   106.48   69.69   82.96
05:28:07 69.69   104.79   69.69   82.96
05:29:11 69.58   102.88   69.69   82.96
05:30:14 69.58   101.64   69.58   82.96
05:31:17 69.58   99.84   69.58   82.96
05:32:21 69.46   98.60   69.58   82.96
05:33:24 69.46   97.59   69.58   82.85
05:34:27 69.46   96.35   69.58   82.85
05:35:31 69.46   95.34   69.58   82.74
05:36:34 69.35   94.21   69.46   82.74
05:37:37 69.35   93.65   69.58   82.74
05:38:41 69.35   96.58   69.58   82.63
05:39:44 70.03   131.34   69.80   82.85
05:40:47 70.36   146.98   69.91   83.41
05:41:50 70.70   154.85   70.03   84.20
05:42:53 71.15   159.69   70.03   84.99
05:43:56 71.60   145.63   70.14   85.55
05:44:59 71.83   150.80   70.36   86.00
05:46:01 72.28   143.82   70.36   86.34
05:47:05 72.39   117.61   70.47   86.45
05:48:08 72.16   114.13   70.47   86.11
05:49:11 71.49   114.69   70.47   85.66
05:50:15 71.04   112.55   70.36   85.33
05:51:18 70.70   112.44   70.36   85.10
05:52:21 70.47   112.78   70.25   84.99
05:53:25 70.70   120.76   70.25   84.76
05:54:28 71.26   137.98   70.47   85.10
05:55:31 71.60   149.56   70.59   85.78
05:56:34 71.94   157.10   70.70   86.45
05:57:37 72.28   142.36   70.70   87.01
05:58:40 72.50   115.70   70.81   87.13
05:59:43 72.16   114.80   70.70   86.90
06:00:47 71.49   115.03   70.70   86.56
06:01:50 71.04   115.48   70.59   86.22
06:02:53 70.81   115.25   70.59   86.00
06:03:57 70.59   114.13   70.59   85.89
06:05:00 70.36   113.34   70.47   85.78
06:06:03 71.38   133.03   70.70   85.89
06:07:06 71.71   146.41   70.93   86.34
06:08:09 71.94   155.30   70.93   87.01
06:09:12 72.39   141.24   71.04   87.58
06:10:15 72.61   115.25   71.04   87.69
06:11:19 72.28   114.46   71.04   87.46
06:12:22 71.60   114.69   70.93   87.13
06:13:26 71.15   115.25   70.93   86.90
06:14:29 70.93   115.14   70.81   86.68
06:15:32 70.70   113.56   70.93   86.56
06:16:36 70.47   111.88   70.81   86.45
06:17:39 70.36   110.30   70.70   86.34
06:18:42 70.47   116.94   70.70   86.22
06:19:46 71.38   136.74   70.93   86.45
06:20:48 71.71   148.55   71.04   87.01
06:21:51 72.16   144.95   71.04   87.69
06:22:55 72.50   120.20   71.15   88.03
06:23:58 72.05   118.96   71.04   87.91
06:25:01 71.49   118.51   70.93   87.58
06:26:05 71.04   115.70   71.04   87.35
06:27:08 70.81   113.56   71.04   87.13
06:28:11 70.59   115.70   71.04   86.90
06:29:15 70.47   114.80   70.93   86.79
06:30:18 70.36   111.99   70.81   86.79
06:31:21 70.25   110.64   70.81   86.68
06:32:25 70.14   108.39   70.81   86.56
06:33:28 70.14   106.93   70.81   86.45
06:34:31 70.03   105.69   70.81   86.34
06:35:35 70.81   124.48   70.93   86.34
06:36:38 71.26   142.14   71.04   86.79
06:37:41 71.71   149.00   71.15   87.46
06:38:44 72.05   125.49   71.26   87.91
06:39:47 72.16   111.65   71.15   88.03
06:40:51 71.71   112.21   71.04   87.69
06:41:54 71.26   111.20   71.15   87.46
06:42:57 70.93   112.33   71.15   87.24
06:44:01 70.70   111.43   71.04   87.13
06:45:04 70.47   110.30   70.93   86.90
06:46:07 70.36   109.29   70.93   86.79
06:47:11 70.25   107.83   71.04   86.68
06:48:14 70.14   105.91   70.81   86.56
06:49:17 70.14   104.79   70.93   86.56
06:50:21 70.03   102.88   70.93   86.45
06:51:24 70.03   101.41   70.93   86.34
06:52:27 70.03   100.74   70.81   86.22
06:53:31 69.91   99.28   70.81   86.22
06:54:34 69.91   98.49   70.70   86.11
06:55:37 69.91   97.59   70.70   86.00
06:56:41 69.80   96.58   70.70   85.89
06:57:44 69.80   95.34   70.70   85.78
06:58:47 69.80   94.66   70.59   85.78
06:59:51 69.80   94.33   70.59   85.78
07:00:54 69.80   93.54   70.59   85.66
07:01:57 69.69   92.64   70.47   85.55
07:03:01 69.69   92.19   70.47   85.55
07:04:04 69.69   91.74   70.47   85.44
07:05:07 69.69   91.40   70.36   85.33
07:06:11 69.69   90.72   70.47   85.33
07:07:14 69.69   90.50   70.36   85.33
07:08:18 69.58   90.28   70.36   85.21
07:09:21 69.58   89.71   70.36   85.10
07:10:24 69.58   89.26   70.36   85.10
07:11:28 69.58   89.04   70.36   84.99
07:12:31 69.58   88.47   70.36   84.99
07:13:34 69.58   88.14   70.25   84.88
07:14:38 69.58   88.14   70.25   84.76
07:15:41 69.46   87.69   70.25   84.76
07:16:44 69.46   92.08   70.25   84.65
07:17:48 70.36   130.78   70.47   84.88
07:18:51 70.81   143.26   70.59   85.33
07:19:54 71.15   120.65   70.81   85.89
07:20:57 71.26   111.09   70.70   86.11
07:22:00 70.81   110.53   70.59   86.00
07:23:04 70.59   110.64   70.59   85.78
07:24:07 70.36   110.75   70.59   85.55
07:25:10 70.14   109.18   70.47   85.44
07:26:14 70.03   107.83   70.47   85.33
07:27:17 70.03   106.25   70.47   85.21
07:28:21 69.91   104.68   70.36   85.10
07:29:24 69.91   103.78   70.36   84.99
07:30:27 69.80   101.98   70.36   84.99
07:31:31 69.80   100.96   70.25   84.88
07:32:34 69.69   99.84   70.25   84.88
07:33:37 69.69   98.04   70.25   84.88
07:34:41 69.69   96.69   70.25   84.76
07:35:44 69.69   96.69   70.25   84.76
07:36:47 69.69   95.56   70.25   84.65
07:37:51 69.58   94.44   70.25   84.54
07:38:54 69.58   94.21   70.25   84.54
07:39:57 69.58   93.31   70.25   84.43
07:41:01 69.58   92.53   70.14   84.31
07:42:04 69.46   91.74   70.14   84.20
07:43:07 69.58   90.95   70.14   84.09
07:44:11 69.46   90.61   70.03   84.09
07:45:14 69.58   90.50   70.03   84.09
07:46:17 69.46   90.05   70.03   84.09
07:47:21 69.46   89.38   70.03   84.09
07:48:24 69.46   89.15   70.03   83.97
07:49:27 69.46   88.70   70.03   83.86
07:50:31 69.46   88.47   70.03   83.75
07:51:34 69.46   88.03   70.03   83.75
07:52:37 69.35   87.46   70.03   83.64
07:53:41 69.35   87.58   69.91   83.64
07:54:44 69.35   87.35   69.91   83.64
07:55:47 69.35   87.13   69.91   83.53
07:56:51 69.35   86.90   70.03   83.53
07:57:54 69.35   86.45   69.91   83.53
07:58:57 69.35   86.34   69.91   83.41
08:00:01 69.35   86.00   69.80   83.41
08:01:04 69.46   99.95   69.91   83.41
08:02:07 70.36   138.54   70.25   83.64
08:03:10 70.70   140.90   70.47   84.43
08:04:14 71.04   115.81   70.47   84.88
08:05:17 70.93   111.20   70.36   84.99
08:06:20 70.59   110.53   70.25   84.88
08:07:24 70.36   111.31   70.25   84.76
08:08:27 70.14   109.63   70.14   84.54
08:09:30 70.03   108.61   70.25   84.54
08:10:34 69.91   106.59   70.25   84.31
08:11:37 69.80   105.91   70.14   84.20
08:12:40 69.80   104.11   70.03   84.20
08:13:44 69.69   102.65   70.03   84.09
08:14:47 69.69   101.64   70.03   84.09
08:15:50 69.69   99.95   70.03   83.97
08:16:54 69.58   98.71   69.91   83.97
08:17:57 69.58   98.15   69.91   83.86
08:19:00 69.58   97.03   69.91   83.86
08:20:04 69.46   95.45   69.91   83.75
08:21:07 69.46   94.89   69.91   83.75
08:22:10 69.46   94.55   69.91   83.64
08:23:14 69.46   93.31   69.91   83.53
08:24:17 69.46   92.41   69.91   83.53
08:25:20 69.46   93.20   69.91   83.41
08:26:24 70.14   122.00   70.03   83.64
08:27:27 70.59   144.50   70.25   83.97
08:28:30 70.93   143.82   70.36   84.65
08:29:33 71.26   117.73   70.47   85.10
08:30:36 71.26   112.10   70.36   85.10
08:31:40 70.81   111.65   70.36   84.99
08:32:43 70.47   113.11   70.36   84.76
08:33:46 70.25   111.76   70.25   84.65
08:34:50 70.14   109.96   70.25   84.43
08:35:53 70.03   109.06   70.14   84.43
08:36:56 69.91   107.49   70.25   84.31
08:38:00 69.80   105.91   70.14   84.20
08:39:03 69.80   104.68   70.14   84.20
08:40:06 69.69   102.88   70.14   84.09
08:41:10 69.69   101.19   70.14   83.97
08:42:13 69.69   100.06   70.03   83.97
08:43:16 69.69   98.94   70.03   83.97
08:44:20 69.58   98.26   70.03   83.97
08:45:23 69.58   96.58   70.03   83.86
08:46:26 69.58   95.56   70.03   83.86
08:47:30 69.58   94.44   69.91   83.75
08:48:33 69.46   93.31   70.03   83.75
08:49:37 69.46   92.53   69.91   83.64
08:50:40 69.46   91.96   69.91   83.64
08:51:43 69.46   99.39   69.91   83.64
08:52:47 70.47   136.29   70.25   83.75
08:53:49 70.81   150.57   70.36   84.43
08:54:52 71.15   138.20   70.47   85.21
08:55:56 71.60   113.79   70.47   85.44
08:56:59 71.26   112.55   70.36   85.44
08:58:02 70.93   111.99   70.36   85.21
08:59:06 70.59   110.75   70.47   84.99
09:00:09 70.36   111.88   70.36   84.76
09:01:12 70.14   110.86   70.36   84.65
09:02:16 70.03   109.06   70.36   84.54
09:03:19 70.03   107.38   70.25   84.54
09:04:22 69.91   105.91   70.36   84.43
09:05:26 69.80   104.00   70.36   84.31
09:06:29 69.80   102.54   70.25   84.20
09:07:32 69.69   101.19   70.14   84.20
09:08:36 69.69   99.95   70.25   84.09
09:09:39 69.69   99.39   70.14   84.09
09:10:42 69.69   97.59   70.14   84.09
09:11:46 69.69   96.69   70.14   84.09
09:12:49 69.58   95.22   70.14   83.97
09:13:52 69.58   94.89   70.14   83.97
09:14:56 69.58   94.33   70.14   83.97
09:15:59 69.58   93.31   70.03   83.86
09:17:02 69.46   92.30   70.03   83.75
09:18:06 69.46   91.63   70.03   83.64
09:19:09 69.46   91.96   69.91   83.64
09:20:13 69.91   114.80   70.14   83.75
09:21:16 70.59   141.91   70.36   84.09
09:22:19 70.93   147.09   70.47   84.88
09:23:22 71.38   122.23   70.59   85.33
09:24:25 71.38   112.10   70.59   85.44
09:25:28 70.93   111.54   70.36   85.33
09:26:32 70.59   111.31   70.47   85.10
09:27:35 70.36   111.88   70.36   84.88
09:28:38 70.14   110.08   70.36   84.76
09:29:42 70.14   109.18   70.47   84.65
09:30:45 70.03   107.49   70.25   84.54
09:31:49 69.91   105.69   70.36   84.43
09:32:52 69.80   105.13   70.36   84.43
09:33:55 69.80   103.21   70.25   84.43
09:34:59 69.80   101.53   70.14   84.31
09:36:02 69.69   100.18   70.25   84.31
09:37:05 69.69   98.83   70.25   84.09
09:38:09 69.69   98.26   70.14   84.09
09:39:12 69.69   96.69   70.14   84.09
09:40:15 69.58   95.68   70.14   83.97
09:41:19 69.58   94.78   70.14   83.97
09:42:22 69.58   94.10   70.14   83.97
09:43:25 69.58   94.66   70.14   83.86
09:44:29 70.36   125.60   70.36   83.86
09:45:32 70.81   145.74   70.47   84.54
09:46:35 71.26   141.91   70.59   85.21
09:47:38 71.60   115.70   70.70   85.66
09:48:41 71.49   112.10   70.59   85.66
09:49:45 71.04   111.09   70.59   85.44
09:50:48 70.59   109.40   70.47   85.33
09:51:51 70.36   110.41   70.47   85.10
09:52:55 70.25   110.53   70.59   84.88
09:53:58 70.14   109.18   70.59   84.65
09:55:01 70.03   107.26   70.47   84.65
09:56:05 70.03   105.46   70.47   84.54
09:57:08 69.91   104.68   70.36   84.54
09:58:11 69.91   102.88   70.36   84.43
09:59:15 69.80   101.86   70.36   84.43
10:00:18 69.80   100.74   70.36   84.31
10:01:21 69.80   99.16   70.25   84.31
10:02:25 69.80   97.81   70.25   84.20
10:03:28 69.69   96.80   70.25   84.20
10:04:31 69.69   96.13   70.25   84.09
10:05:35 69.69   95.56   70.36   84.09
10:06:38 69.69   94.33   70.36   83.97
10:07:41 69.69   93.76   70.25   83.97
10:08:45 69.58   92.86   70.25   83.86
10:09:48 69.58   92.19   70.14   83.86
10:10:51 69.58   92.08   70.25   83.75
10:11:55 69.58   91.06   70.25   83.75
10:12:58 69.58   90.84   70.25   83.75
10:14:01 69.58   90.16   70.25   83.64
10:15:05 69.58   89.71   70.25   83.53
10:16:08 69.58   89.26   70.25   83.53
10:17:11 69.46   88.81   70.25   83.53
10:18:15 69.46   89.38   70.14   83.53
10:19:18 70.03   115.93   70.25   83.53
10:20:21 70.81   143.26   70.59   83.97
10:21:24 71.15   133.25   70.70   84.65
10:22:28 71.49   111.54   70.81   84.99
10:23:31 71.15   110.41   70.70   84.99
10:24:34 70.81   108.61   70.70   84.88
10:25:38 70.59   107.94   70.59   84.76
10:26:41 70.36   109.51   70.59   84.54
10:27:44 70.25   108.50   70.59   84.43
10:28:48 70.14   107.38   70.59   84.31
10:29:51 70.03   105.24   70.47   84.20
10:30:54 70.03   104.34   70.59   84.20
10:31:58 69.91   102.20   70.47   84.09
10:33:01 69.91   100.96   70.47   84.09
10:34:04 69.91   100.18   70.47   83.97
10:35:08 69.80   99.16   70.47   83.86
10:36:11 69.80   98.04   70.36   83.75
10:37:14 69.69   97.25   70.36   83.75
10:38:18 69.69   96.13   70.36   83.75
10:39:21 69.69   95.00   70.36   83.75
10:40:24 69.69   94.21   70.36   83.75
10:41:28 69.69   93.65   70.36   83.64
10:42:31 69.69   92.75   70.36   83.64
10:43:34 69.69   92.08   70.36   83.53
10:44:38 69.58   91.40   70.36   83.53
10:45:41 69.58   91.18   70.36   83.53
10:46:45 69.58   90.84   70.36   83.41
10:47:48 69.58   90.39   70.25   83.41
10:48:51 69.58   89.94   70.36   83.30
10:49:55 69.58   89.71   70.36   83.30
10:50:58 69.58   88.59   70.36   83.30
10:52:01 69.58   88.36   70.36   83.19
10:53:05 69.46   88.03   70.36   83.19
10:54:08 69.46   88.03   70.25   83.08
10:55:11 69.46   87.58   70.36   82.96
10:56:15 69.46   87.35   70.25   82.96
10:57:18 69.46   87.35   70.25   83.08
10:58:21 69.46   87.01   70.36   82.96
10:59:25 69.46   87.01   70.36   82.85
11:00:28 69.46   86.56   70.36   82.85
11:01:31 69.46   86.68   70.25   82.85
11:02:35 69.46   86.34   70.25   82.85
11:03:38 69.46   86.34   70.36   82.74
11:04:41 69.46   89.83   70.25   82.85
11:05:45 70.47   129.54   70.47   82.96
11:06:48 70.93   144.84   70.70   83.64
11:07:51 71.38   122.56   70.81   84.20
11:08:54 71.49   110.08   70.81   84.43
11:09:57 71.04   109.96   70.70   84.31
11:11:01 70.70   109.74   70.81   84.09
11:12:04 70.47   109.40   70.70   83.97
11:13:08 70.36   108.73   70.70   83.86
11:14:11 70.25   107.49   70.70   83.86
11:15:14 70.14   106.25   70.70   83.75
11:16:18 70.03   104.23   70.70   83.64
11:17:21 70.03   103.10   70.70   83.64
11:18:24 69.91   101.98   70.70   83.53
11:19:28 69.91   100.85   70.59   83.53
11:20:31 69.91   99.05   70.70   83.53
11:21:34 69.91   98.26   70.59   83.53
11:22:38 69.80   97.59   70.59   83.41
11:23:41 69.80   96.35   70.59   83.41
11:24:44 69.80   95.45   70.59   83.30
11:25:48 69.80   94.66   70.59   83.30
11:26:51 69.80   93.65   70.59   83.19
11:27:54 69.69   92.86   70.59   83.19
11:28:58 69.69   92.41   70.59   83.19
11:30:01 69.69   91.63   70.59   83.08
11:31:04 69.69   90.84   70.59   83.08
11:32:08 69.69   90.05   70.59   83.08
11:33:11 69.69   89.94   70.59   83.08
11:34:14 69.69   89.83   70.47   83.08
11:35:18 69.58   89.04   70.59   83.08
11:36:21 69.58   89.15   70.47   82.96
11:37:24 69.58   88.70   70.47   82.96
11:38:28 69.58   88.47   70.47   82.85
11:39:31 69.58   88.14   70.59   82.74
11:40:34 69.58   87.69   70.59   82.74
11:41:38 69.58   87.24   70.47   82.74
11:42:41 69.46   87.13   70.47   82.74
11:43:45 69.46   87.01   70.59   82.63
11:44:48 69.46   87.13   70.59   82.63
11:45:51 69.46   86.68   70.47   82.63
11:46:55 69.46   86.68   70.47   82.51
11:47:58 69.46   86.34   70.59   82.51
11:49:01 69.46   86.00   70.59   82.51
11:50:05 69.46   86.22   70.59   82.40
11:51:08 69.46   86.34   70.59   82.51
11:52:11 69.46   86.00   70.59   82.40
11:53:15 69.46   86.11   70.59   82.40
11:54:18 69.46   85.66   70.47   82.40
11:55:21 69.46   85.44   70.59   82.40
11:56:25 69.46   85.44   70.59   82.29
11:57:28 69.46   85.21   70.47   82.29
11:58:31 69.46   85.33   70.59   82.29
11:59:35 69.46   84.99   70.47   82.29
12:00:38 69.46   84.99   70.47   82.18
12:01:41 69.46   84.76   70.47   82.29
12:02:45 69.46   84.65   70.47   82.18
12:03:48 69.46   84.65   70.59   82.06
12:04:51 69.46   84.88   70.59   82.06
12:05:55 69.46   84.76   70.59   82.06
12:06:58 69.46   84.76   70.59   81.95
12:08:01 69.46   84.54   70.59   81.95
12:09:05 69.46   84.88   70.59   81.95
12:10:08 69.46   84.43   70.59   81.84
12:11:11 69.46   84.76   70.59   81.95
12:12:15 69.35   84.54   70.59   81.95
12:13:18 69.46   84.65   70.59   81.84
12:14:21 69.46   84.54   70.59   81.84
12:15:25 69.46   84.54   70.59   81.84
12:16:28 69.46   84.54   70.59   81.72
12:17:32 69.35   84.54   70.59   81.72
12:18:35 69.46   84.65   70.59   81.72
12:19:38 69.46   84.20   70.59   81.72
12:20:42 69.46   84.31   70.59   81.61
12:21:45 69.46   84.54   70.59   81.61
12:22:48 69.46   84.09   70.59   81.72
12:23:52 69.35   84.09   70.59   81.72
12:24:55 69.35   84.20   70.59   81.61
12:25:58 69.35   84.43   70.59   81.61
12:27:02 69.35   84.43   70.59   81.50
12:28:05 69.35   83.97   70.59   81.39
12:29:08 69.35   84.20   70.59   81.39
12:30:12 69.46   84.09   70.59   81.50
12:31:15 69.35   83.86   70.59   81.50
12:32:18 69.35   83.64   70.47   81.39
12:33:22 69.46   84.09   70.47   81.39
12:34:25 69.35   83.97   70.59   81.39
12:35:28 69.46   83.97   70.59   81.28
12:36:32 69.46   83.75   70.59   81.28
12:37:35 69.46   83.97   70.47   81.39
12:38:38 69.46   83.97   70.47   81.39
12:39:42 69.46   84.09   70.59   81.28
12:40:45 69.46   83.86   70.59   81.28
12:41:48 69.46   83.97   70.59   81.28
12:42:52 69.46   84.09   70.59   81.28
12:43:55 69.46   83.75   70.59   81.28
12:44:58 69.46   83.75   70.59   81.28
12:46:02 69.46   83.97   70.59   81.16
12:47:05 69.46   83.86   70.59   81.16
12:48:08 69.46   83.75   70.59   81.16
12:49:12 69.35   83.64   70.59   81.05
12:50:15 69.46   83.64   70.59   81.05
12:51:18 69.46   83.75   70.59   80.94
12:52:22 69.46   83.64   70.59   80.94
12:53:25 69.46   85.21   70.59   80.94
12:54:29 70.14   118.63   70.59   81.16
12:55:32 70.93   145.29   70.81   81.61
12:56:35 71.26   134.60   71.04   82.40
12:57:38 71.60   112.21   71.04   82.74
12:58:41 71.38   110.64   70.93   82.74
12:59:45 71.04   109.40   70.93   82.63
13:00:48 70.81   108.95   70.93   82.51
13:01:51 70.59   109.63   70.93   82.51
13:02:55 70.47   108.50   70.93   82.40
13:03:58 70.36   107.49   70.93   82.29
13:05:01 70.25   105.46   70.93   82.18
13:06:05 70.25   103.55   70.93   82.06
13:07:08 70.14   102.43   70.81   82.06
13:08:11 70.14   101.19   70.93   82.06
13:09:15 70.14   100.40   70.93   82.18
13:10:18 70.03   99.05   70.93   82.06
13:11:21 70.03   97.36   70.81   81.95
13:12:25 69.91   96.01   70.81   82.06
13:13:28 69.91   95.00   70.81   82.06
13:14:31 69.91   94.89   70.81   81.95
13:15:35 69.91   93.99   70.93   82.06
13:16:38 69.91   93.43   70.81   81.95
13:17:41 69.80   92.64   70.81   81.95
13:18:45 69.80   92.08   70.81   81.95
13:19:48 69.80   91.40   70.81   81.95
13:20:51 69.80   90.61   70.81   81.84
13:21:55 69.69   90.05   70.81   81.84
13:22:58 69.69   89.60   70.81   81.84
13:24:01 69.69   89.26   70.81   81.84
13:25:05 69.69   88.81   70.70   81.84
13:26:08 69.69   88.47   70.70   81.72
13:27:12 69.58   88.03   70.70   81.72
13:28:15 69.58   87.69   70.81   81.72
13:29:18 69.58   87.58   70.70   81.72
13:30:22 69.58   87.46   70.70   81.72
13:31:25 69.58   87.35   70.70   81.61
13:32:28 69.58   86.90   70.81   81.61
13:33:32 69.58   87.01   70.81   81.61
13:34:35 69.58   86.45   70.81   81.50
13:35:38 69.58   86.56   70.81   81.61
13:36:42 69.58   86.45   70.70   81.61
13:37:45 69.58   85.89   70.81   81.61
13:38:48 69.58   85.89   70.70   81.61
13:39:52 69.58   85.66   70.70   81.61
13:40:55 69.58   85.21   70.70   81.61
13:41:58 69.58   85.10   70.81   81.50
13:43:02 69.46   85.33   70.81   81.50
13:44:05 69.80   99.73   70.70   81.50
13:45:08 70.93   139.10   71.15   81.72
13:46:11 71.38   138.43   71.15   82.51
13:47:14 71.71   113.90   71.15   82.96
13:48:18 71.60   110.08   71.15   83.19
13:49:21 71.15   109.06   71.04   82.96
13:50:24 70.93   107.49   71.04   82.85
13:51:28 70.70   108.61   71.15   82.74
13:52:31 70.59   108.39   71.04   82.63
13:53:35 70.47   106.81   71.04   82.63
13:54:38 70.36   106.14   71.15   82.51
13:55:41 70.25   103.55   71.15   82.51
13:56:45 70.25   102.54   71.04   82.40
13:57:48 70.14   101.41   71.04   82.40
13:58:51 70.14   100.40   71.04   82.40
13:59:55 70.14   98.71   71.04   82.40
14:00:58 70.03   97.70   71.04   82.29
14:02:01 70.03   96.69   71.04   82.29
14:03:05 70.03   95.79   71.04   82.18
14:04:08 70.03   94.89   71.04   82.18
14:05:11 70.03   93.88   71.04   82.18
14:06:15 70.03   92.86   71.04   82.18
14:07:18 69.91   92.08   71.04   82.18
14:08:21 69.91   91.63   71.04   82.18
14:09:25 69.91   91.06   71.04   82.06
14:10:28 69.91   90.50   70.93   82.06
14:11:31 69.91   90.28   70.93   82.06
14:12:35 69.80   89.71   71.04   82.06
14:13:38 69.80   89.26   70.93   82.06
14:14:41 69.80   88.81   71.04   82.06
14:15:45 69.80   88.70   71.04   82.06
14:16:48 69.69   88.36   70.93   81.95
14:17:51 69.69   87.91   70.93   81.95
14:18:55 69.69   87.69   71.04   81.95
14:19:58 69.69   87.58   70.93   81.84
14:21:01 69.69   87.46   70.93   81.84
14:22:05 69.69   87.13   70.93   81.84
14:23:08 69.69   86.90   70.93   81.84
14:24:11 69.58   86.56   70.93   81.72
14:25:15 69.69   86.56   71.04   81.72
14:26:18 69.58   86.56   71.04   81.72
14:27:22 69.58   86.34   70.93   81.72
14:28:25 69.58   85.78   70.93   81.61
14:29:28 69.58   85.89   70.93   81.61
14:30:32 69.58   85.55   70.93   81.72
14:31:35 69.58   85.78   70.93   81.61
14:32:38 69.69   85.55   70.93   81.61
14:33:42 69.58   85.44   70.93   81.50
14:34:45 69.69   85.21   70.93   81.61
14:35:48 69.58   85.10   70.93   81.61
14:36:52 69.69   84.99   70.93   81.61
14:37:55 69.69   85.21   70.93   81.61
14:38:58 69.58   85.10   70.93   81.61
14:40:02 69.58   84.88   70.93   81.50
14:41:05 69.58   84.88   70.93   81.39
14:42:08 69.58   84.54   70.93   81.39
14:43:12 69.58   84.43   70.93   81.39
14:44:15 69.58   84.65   70.93   81.39
14:45:18 69.58   84.31   70.81   81.39
14:46:22 69.58   84.54   70.81   81.28
14:47:25 69.58   84.20   70.93   81.28
14:48:28 69.58   84.65   70.93   81.28
14:49:32 69.58   84.43   70.81   81.28
14:50:35 69.58   84.31   70.93   81.28
14:51:38 69.58   84.31   70.93   81.16
14:52:42 69.58   84.43   70.93   81.16
14:53:45 69.58   84.20   70.93   81.28
14:54:49 69.58   83.97   70.93   81.28
14:55:52 69.58   83.86   70.93   81.28
14:56:55 69.58   83.86   70.93   81.16
14:57:59 69.58   84.09   70.93   81.16
14:59:02 69.58   84.09   70.93   81.16
15:00:05 69.58   84.20   70.93   81.16
15:01:09 69.58   84.20   70.93   81.05
15:02:12 69.58   84.31   70.93   81.05
15:03:15 69.58   84.09   70.93   81.05
15:04:19 69.58   83.97   70.93   81.05
15:05:22 69.58   83.75   70.93   81.05
15:06:25 69.58   84.20   70.93   81.05
15:07:29 69.58   86.45   70.93   81.05
15:08:32 70.36   120.99   71.04   81.16
15:09:35 71.04   146.07   71.15   81.72
15:10:38 71.49   136.06   71.38   82.51
15:11:41 71.83   112.55   71.49   82.96
15:12:45 71.60   110.86   71.26   82.96
15:13:48 71.26   109.29   71.26   82.85
15:14:51 70.93   109.74   71.38   82.74
15:15:55 70.81   109.85   71.26   82.63
15:16:58 70.59   108.73   71.26   82.51
15:18:01 70.59   106.59   71.26   82.40
15:19:05 70.47   105.58   71.26   82.29
15:20:08 70.36   104.00   71.26   82.29
15:21:11 70.36   102.88   71.26   82.29
15:22:15 70.25   101.86   71.26   82.29
15:23:18 70.25   100.63   71.15   82.18
15:24:21 70.25   98.94   71.26   82.18
15:25:25 70.14   97.92   71.15   82.18
15:26:28 70.14   97.36   71.15   82.18
15:27:31 70.14   96.01   71.15   82.18
15:28:35 70.14   95.68   71.15   82.06
15:29:38 70.03   94.10   71.15   82.18
15:30:41 70.03   93.43   71.15   82.06
15:31:45 70.03   93.09   71.15   82.06
15:32:48 70.03   92.08   71.15   82.06
15:33:51 69.91   91.29   71.15   82.06
15:34:55 69.91   90.61   71.15   81.95
15:35:58 69.91   90.05   71.15   81.95
15:37:01 69.91   90.16   71.15   81.95
15:38:05 69.80   89.60   71.15   81.95
15:39:08 69.80   89.26   71.15   81.95
15:40:11 69.80   88.81   71.15   81.84
15:41:15 69.80   88.36   71.04   81.84
15:42:18 69.80   88.14   71.15   81.84
15:43:22 69.80   87.91   71.15   81.84
15:44:25 69.80   87.69   71.04   81.84
15:45:28 69.69   87.46   71.15   81.72
15:46:32 69.69   87.24   71.15   81.61
15:47:35 69.69   87.01   71.04   81.72
15:48:38 69.69   86.68   71.04   81.72
15:49:42 69.69   86.45   71.15   81.61
15:50:45 69.69   86.00   71.04   81.61
15:51:48 69.69   85.89   71.04   81.61
15:52:52 69.69   86.11   71.04   81.61
15:53:55 69.69   85.78   71.15   81.50
15:54:58 69.69   85.44   71.04   81.50
15:56:02 69.69   85.33   71.04   81.50
15:57:05 69.69   85.33   71.04   81.50
15:58:08 69.69   85.33   71.04   81.50
15:59:12 69.69   85.21   71.04   81.39
16:00:15 69.69   85.21   71.04   81.39
16:01:18 69.69   85.33   71.04   81.39
16:02:22 69.69   85.21   71.04   81.50
16:03:25 69.69   85.10   71.04   81.50
16:04:28 69.69   85.21   71.04   81.39
16:05:32 69.69   84.76   71.04   81.39
16:06:35 69.69   84.99   71.04   81.39
16:07:38 69.69   84.65   71.04   81.28
16:08:42 69.69   84.54   71.04   81.28
16:09:45 69.69   88.81   71.04   81.39
16:10:48 70.70   130.44   71.26   81.50
16:11:51 71.38   144.16   71.49   82.06
16:12:55 71.71   121.44   71.60   82.85
16:13:58 71.83   110.53   71.49   83.08
16:15:01 71.38   109.51   71.38   82.85
16:16:05 71.04   110.75   71.38   82.74
16:17:08 70.93   110.08   71.38   82.74
16:18:11 70.70   108.50   71.38   82.51
16:19:15 70.59   107.15   71.38   82.40
16:20:18 70.47   106.14   71.38   82.40
16:21:21 70.47   104.34   71.38   82.29
16:22:25 70.36   103.10   71.38   82.18
16:23:28 70.36   102.09   71.26   82.18
16:24:31 70.25   100.63   71.26   82.18
16:25:35 70.25   99.61   71.26   82.18
16:26:38 70.14   98.83   71.26   82.18
16:27:41 70.14   97.25   71.26   82.18
16:28:45 70.14   96.13   71.26   82.29
16:29:48 70.14   95.00   71.26   82.18
16:30:51 70.14   94.33   71.15   82.06
16:31:55 70.14   93.99   71.26   82.06
16:32:58 70.14   93.09   71.26   81.95
16:34:01 70.14   92.53   71.15   81.95
16:35:05 70.03   91.74   71.15   81.95
16:36:08 70.03   91.18   71.15   81.95
16:37:11 69.91   90.61   71.15   81.84
16:38:15 69.91   89.94   71.26   81.84
16:39:18 69.91   89.83   71.15   81.95
16:40:21 69.80   89.26   71.15   81.84
16:41:25 69.80   89.26   71.15   81.95
16:42:28 69.80   88.70   71.15   81.84
16:43:31 69.80   88.14   71.15   81.84
16:44:35 69.80   88.03   71.15   81.84
16:45:38 69.80   87.35   71.15   81.72
16:46:42 69.80   87.91   71.15   81.72
16:47:45 69.80   87.24   71.15   81.72
16:48:48 69.69   86.90   71.04   81.72
16:49:52 69.69   86.79   71.15   81.72
16:50:55 69.69   86.56   71.15   81.61
16:51:58 69.69   86.34   71.15   81.61
16:53:02 69.69   85.89   71.15   81.61
16:54:05 69.69   86.00   71.15   81.61
16:55:08 69.69   85.66   71.15   81.61
16:56:12 69.69   85.66   71.04   81.61
16:57:15 69.69   85.66   71.04   81.61
16:58:18 69.69   85.55   71.04   81.61
16:59:22 69.69   85.33   71.04   81.61
17:00:25 69.69   85.21   71.04   81.61
17:01:28 69.69   85.33   71.04   81.61
17:02:32 69.69   85.55   71.15   81.50
17:03:35 69.69   85.10   71.04   81.39
17:04:38 69.69   85.44   71.04   81.39
17:05:42 69.69   85.21   71.04   81.39
17:06:45 69.69   84.76   71.04   81.39
17:07:48 69.69   84.65   71.04   81.39
17:08:52 69.69   84.76   71.04   81.28
17:09:55 69.69   84.88   71.04   81.39
17:10:58 69.69   84.65   71.04   81.39
17:12:02 69.69   84.31   71.04   81.39
17:13:05 69.69   84.54   71.04   81.28
17:14:08 69.69   84.31   71.04   81.28
17:15:12 69.69   84.54   71.04   81.28
17:16:15 69.69   84.43   71.04   81.28
17:17:18 69.69   84.43   71.04   81.28
17:18:22 69.69   84.65   71.04   81.28
17:19:25 69.69   84.43   70.93   81.16
17:20:29 69.69   84.65   71.04   81.16
17:21:32 69.58   84.54   71.04   81.16
17:22:35 69.58   84.20   71.04   81.05
17:23:39 69.69   87.69   71.04   81.16
17:24:42 70.59   127.29   71.15   81.28
17:25:45 71.15   147.88   71.38   81.95
17:26:48 71.49   131.90   71.49   82.63
17:27:51 71.83   111.65   71.49   82.96
17:28:55 71.60   110.41   71.49   82.96
17:29:58 71.26   108.73   71.38   82.74
17:31:01 71.04   106.93   71.49   82.63
17:32:05 70.81   108.16   71.38   82.51
17:33:08 70.70   108.73   71.38   82.40
17:34:11 70.59   107.26   71.26   82.40
17:35:15 70.47   105.13   71.26   82.40
17:36:18 70.47   103.89   71.26   82.40
17:37:21 70.36   102.31   71.26   82.29
17:38:25 70.25   101.53   71.26   82.29
17:39:28 70.36   100.40   71.15   82.29
17:40:31 70.25   99.05   71.15   82.29
17:41:35 70.25   101.08   71.15   82.29
17:42:38 71.15   131.90   71.49   82.40
17:43:41 71.60   147.31   71.60   83.08
17:44:44 72.05   155.86   71.71   83.97
17:45:47 72.39   153.39   71.71   84.65
17:46:50 72.84   147.09   71.83   85.21
17:47:53 73.18   153.61   71.94   85.66
17:48:56 73.51   132.24   71.94   86.00
17:49:59 73.74   113.90   72.05   85.89
17:51:02 73.06   115.36   71.94   85.55
17:52:06 72.39   115.03   72.05   85.21
17:53:09 71.94   111.54   72.05   84.88
17:54:12 71.60   112.66   71.94   84.76
17:55:16 71.38   113.11   71.94   84.54
17:56:19 71.26   111.99   71.94   84.43
17:57:22 71.94   126.05   72.05   84.43
17:58:25 72.61   142.36   72.05   84.99
17:59:28 72.84   152.94   72.16   85.66
18:00:31 73.29   150.24   72.28   86.34
18:01:34 73.63   123.35   72.39   86.68
18:02:38 73.51   113.45   72.39   86.56
18:03:41 72.84   114.24   72.28   86.22
18:04:44 72.28   112.66   72.28   85.89
18:05:48 71.94   113.00   72.28   85.66
18:06:51 71.60   113.56   72.28   85.55
18:07:54 71.38   112.44   72.16   85.44
18:08:58 71.26   110.75   72.28   85.33
18:10:01 71.15   109.29   72.28   85.21
18:11:04 71.26   113.90   72.16   85.21
18:12:08 72.50   136.29   72.39   85.44
18:13:11 72.84   149.11   72.50   86.00
18:14:14 73.18   153.16   72.61   86.90
18:15:17 73.51   127.96   72.61   87.35
18:16:20 73.74   112.78   72.61   87.35
18:17:23 73.06   113.68   72.50   87.13
18:18:27 72.39   113.00   72.61   86.68
18:19:30 72.05   110.98   72.50   86.45
18:20:33 71.83   110.75   72.50   86.34
18:21:37 71.60   111.99   72.50   86.22
18:22:40 71.38   110.75   72.50   86.11
18:23:43 71.26   109.18   72.50   86.11
18:24:47 71.15   107.71   72.39   86.00
18:25:50 71.15   105.80   72.39   85.78
18:26:53 71.04   105.13   72.39   85.78
18:27:57 70.93   104.00   72.39   85.78
18:29:00 70.93   102.76   72.28   85.78
18:30:03 70.81   101.19   72.39   85.66
18:31:07 70.81   100.63   72.39   85.55
18:32:10 71.60   120.65   72.39   85.66
18:33:13 72.39   142.70   72.61   86.11
18:34:16 72.84   149.79   72.72   86.79
18:35:19 73.29   126.16   72.84   87.24
18:36:23 73.40   112.44   72.84   87.35
18:37:26 72.84   112.78   72.72   87.13
18:38:29 72.28   111.54   72.72   86.90
18:39:33 71.94   112.55   72.84   86.79
18:40:36 71.71   112.66   72.72   86.56
18:41:39 71.49   111.20   72.61   86.45
18:42:43 71.38   110.19   72.61   86.34
18:43:46 71.26   108.84   72.61   86.34
18:44:49 71.15   106.70   72.61   86.22
18:45:53 71.04   105.35   72.61   86.11
18:46:56 71.04   104.00   72.50   86.11
18:47:59 70.93   102.54   72.50   86.00
18:49:03 70.93   101.41   72.50   85.89
18:50:06 70.81   100.51   72.50   85.89
18:51:09 70.81   99.95   72.50   85.78
18:52:13 70.81   98.38   72.39   85.66
18:53:16 70.81   97.81   72.39   85.66
18:54:19 70.70   97.03   72.39   85.66
18:55:23 70.70   96.35   72.39   85.55
18:56:26 70.59   95.79   72.39   85.55
18:57:30 70.59   95.00   72.39   85.55
18:58:33 70.59   94.33   72.39   85.44
18:59:36 70.59   93.54   72.39   85.33
19:00:40 70.47   93.20   72.39   85.33
19:01:43 70.47   92.53   72.39   85.33
19:02:46 70.47   92.30   72.28   85.21
19:03:50 70.36   91.85   72.28   85.21
19:04:53 70.36   91.40   72.28   84.99
19:05:56 70.36   90.72   72.28   84.88
19:07:00 70.36   90.72   72.28   84.88
19:08:03 70.36   90.72   72.28   84.88
19:09:06 70.25   90.39   72.28   84.88
19:10:10 70.36   89.71   72.28   84.76
19:11:13 70.25   89.71   72.28   84.76
19:12:16 70.25   89.60   72.28   84.76
19:13:20 70.25   89.38   72.28   84.65
19:14:23 70.25   89.26   72.16   84.65
19:15:26 70.25   88.81   72.16   84.54
19:16:30 70.14   88.93   72.16   84.54
19:17:33 70.14   88.36   72.16   84.43
19:18:36 70.14   88.14   72.16   84.54
19:19:40 70.14   87.58   72.16   84.43
19:20:43 70.14   87.91   72.05   84.43
19:21:46 70.14   87.80   72.05   84.31
19:22:50 70.14   87.69   72.05   84.20
19:23:53 70.14   87.46   72.05   84.20
19:24:56 70.14   87.35   72.05   84.20
19:26:00 70.14   87.24   72.05   84.20
19:27:03 70.14   87.35   72.05   84.09
19:28:06 70.03   87.13   72.05   83.97
19:29:10 70.14   86.79   72.05   84.09
19:30:13 70.14   86.90   72.05   84.09
19:31:17 70.14   87.13   72.05   83.97
19:32:20 70.14   86.68   72.05   83.97
19:33:23 70.03   86.56   72.05   83.86
19:34:27 70.14   86.68   72.05   83.97
19:35:30 70.03   86.45   71.94   83.86
19:36:33 70.03   86.11   71.94   83.86
19:37:37 70.03   86.45   71.94   83.75
19:38:40 70.03   86.45   71.94   83.75
19:39:43 70.03   86.11   71.94   83.75
19:40:47 70.03   86.22   71.94   83.53
19:41:50 70.03   85.89   71.94   83.64
19:42:53 70.03   86.00   71.94   83.53
19:43:57 70.03   85.89   71.94   83.53
19:45:00 70.03   85.89   71.94   83.53
19:46:03 70.03   86.00   71.94   83.41
19:47:07 70.03   85.89   71.94   83.41
19:48:10 70.03   85.89   71.94   83.41
19:49:13 70.03   85.66   71.94   83.30
19:50:17 70.03   85.78   71.94   83.30
19:51:20 70.03   86.00   71.94   83.30
19:52:23 70.03   86.11   71.94   83.30
19:53:27 70.03   85.89   71.83   83.19
19:54:30 70.03   85.78   71.83   83.19
19:55:33 70.03   85.89   71.83   83.08
19:56:37 70.03   85.44   71.83   83.08
19:57:40 70.03   85.44   71.83   83.08
19:58:43 70.03   85.44   71.83   82.96
19:59:47 70.03   85.78   71.83   82.96
20:00:50 69.91   85.89   71.83   82.96
20:01:54 70.03   85.66   71.83   82.96
20:02:57 70.03   85.66   71.83   82.96
20:04:00 70.03   85.44   71.83   82.96
20:05:04 69.91   85.55   71.71   82.85
20:06:07 69.91   85.33   71.71   82.85
20:07:10 70.03   85.21   71.71   82.85
20:08:14 69.91   85.33   71.83   82.85
20:09:17 70.03   85.21   71.71   82.85
20:10:20 69.91   85.10   71.71   82.85
20:11:24 70.03   85.21   71.71   82.74
20:12:27 69.91   85.21   71.71   82.74
20:13:30 69.91   85.33   71.71   82.74
20:14:34 69.91   85.21   71.71   82.74
20:15:37 69.91   84.88   71.71   82.63
20:16:40 70.03   84.99   71.71   82.63
20:17:44 69.91   84.76   71.71   82.51
20:18:47 69.91   85.10   71.71   82.51
20:19:50 69.91   85.21   71.71   82.63
20:20:54 69.91   84.76   71.60   82.51
20:21:57 69.91   84.99   71.71   82.51
20:23:00 69.91   85.21   71.71   82.51
20:24:04 69.91   84.88   71.60   82.51
20:25:07 69.91   84.76   71.60   82.51
20:26:10 69.91   84.76   71.60   82.51
20:27:14 70.36   106.93   71.60   82.51
20:28:17 71.49   140.79   71.83   82.85
20:29:20 71.94   142.25   72.05   83.64
20:30:23 72.28   117.39   72.16   84.09
20:31:26 72.16   111.43   72.05   84.20
20:32:30 71.83   109.96   71.94   83.97
20:33:33 71.49   110.75   72.05   83.86
20:34:36 71.26   110.19   71.94   83.75
20:35:40 71.04   109.29   71.94   83.64
20:36:43 70.93   107.83   71.83   83.53
20:37:47 70.81   106.59   71.83   83.53
20:38:50 70.70   105.69   71.83   83.41
20:39:53 70.70   103.89   71.83   83.41
20:40:57 70.70   102.88   71.83   83.30
20:42:00 70.59   100.85   71.83   83.30
20:43:03 70.47   99.61   71.71   83.30
20:44:07 70.47   98.83   71.83   83.30
20:45:10 70.47   97.81   71.71   83.19
20:46:13 70.47   97.03   71.71   83.19
20:47:17 70.47   95.79   71.71   83.19
20:48:20 70.36   95.11   71.71   83.19
20:49:23 70.36   94.55   71.71   83.19
20:50:27 70.36   93.88   71.60   83.08
20:51:30 70.36   92.97   71.71   83.08
20:52:33 70.25   92.41   71.60   83.08
20:53:37 70.25   91.40   71.71   83.08
20:54:40 70.25   91.29   71.60   83.08
20:55:43 70.14   90.50   71.60   82.96
20:56:47 70.14   90.05   71.71   82.96
20:57:50 70.14   90.05   71.71   82.85
20:58:53 70.14   89.04   71.60   82.96
20:59:57 70.14   98.04   71.60   82.96
21:01:00 71.49   136.74   71.94   83.19
21:02:03 71.94   149.34   72.05   83.86
21:03:06 72.28   128.53   72.16   84.43
21:04:09 72.50   111.76   72.16   84.65
21:05:13 72.16   111.65   72.05   84.54
21:06:16 71.71   110.41   71.94   84.31
21:07:19 71.38   111.76   72.05   84.20
21:08:23 71.26   110.75   71.94   84.09
21:09:26 71.04   109.18   71.94   83.97
21:10:29 70.93   107.94   71.83   83.97
21:11:33 70.81   106.48   71.83   83.86
21:12:36 70.81   104.56   71.83   83.86
21:13:39 70.70   103.66   71.83   83.86
21:14:43 70.70   101.86   71.83   83.86
21:15:46 70.59   100.85   71.83   83.86
21:16:49 70.59   99.84   71.71   83.75
21:17:53 70.59   98.15   71.71   83.64
21:18:56 70.47   97.25   71.71   83.64
21:19:59 70.47   96.46   71.71   83.53
21:21:03 70.47   96.01   71.71   83.53
21:22:06 70.47   95.11   71.71   83.41
21:23:09 70.36   93.99   71.71   83.53
21:24:13 70.36   93.09   71.71   83.41
21:25:16 70.36   92.86   71.71   83.41
21:26:20 70.36   92.30   71.60   83.41
21:27:23 70.25   91.63   71.60   83.30
21:28:26 70.25   91.29   71.60   83.30
21:29:30 70.25   90.61   71.71   83.41
21:30:33 70.25   90.16   71.60   83.30
21:31:36 70.14   89.71   71.60   83.30
21:32:40 70.14   89.60   71.60   83.19
21:33:43 70.14   89.26   71.60   83.19
21:34:46 70.14   89.04   71.60   83.08
21:35:50 70.14   93.88   71.60   83.19
21:36:53 71.38   133.81   71.94   83.41
21:37:56 71.94   146.41   71.94   83.97
21:38:59 72.28   124.03   72.16   84.65
21:40:02 72.50   111.43   72.16   84.88
21:41:06 71.94   111.09   71.94   84.76
21:42:09 71.60   108.73   71.94   84.54
21:43:12 71.38   106.70   71.94   84.43
21:44:16 71.15   107.60   71.94   84.31
21:45:19 70.93   108.39   71.94   84.20
21:46:22 70.81   107.26   71.83   84.09
21:47:26 70.81   106.25   71.83   84.09
21:48:29 70.70   104.45   71.83   83.97
21:49:32 70.70   103.10   71.83   83.97
21:50:36 70.59   101.41   71.83   83.86
21:51:39 70.59   100.40   71.71   83.86
21:52:42 70.59   99.28   71.71   83.75
21:53:46 70.47   98.15   71.71   83.75
21:54:49 70.47   97.25   71.71   83.75
21:55:52 70.47   96.24   71.60   83.75
21:56:56 70.36   95.79   71.71   83.64
21:57:59 70.47   94.78   71.60   83.53
21:59:03 70.36   94.33   71.60   83.64
22:00:06 70.36   93.54   71.60   83.64
22:01:09 70.36   92.75   71.60   83.53
22:02:13 70.25   92.08   71.60   83.53
22:03:16 70.25   91.18   71.60   83.53
22:04:19 70.25   90.72   71.49   83.53
22:05:23 70.25   90.05   71.49   83.41
22:06:26 70.14   89.71   71.49   83.30
22:07:29 70.14   89.60   71.49   83.30
22:08:33 70.14   89.71   71.60   83.19
22:09:36 70.14   89.38   71.60   83.19
22:10:39 70.14   88.47   71.49   83.19
22:11:43 70.03   88.25   71.49   83.19
22:12:46 70.03   87.91   71.49   83.19
22:13:49 70.03   87.69   71.60   83.08
22:14:53 70.03   87.80   71.60   83.08
22:15:56 70.03   87.69   71.49   83.08
22:16:59 70.03   87.35   71.49   82.96
22:18:03 70.03   87.13   71.49   82.96
22:19:06 70.03   87.01   71.49   82.96
22:20:09 70.03   86.79   71.49   82.85
22:21:13 69.91   86.45   71.49   82.85
22:22:16 69.91   86.45   71.38   82.85
22:23:19 69.91   86.11   71.38   82.85
22:24:23 69.91   86.11   71.49   82.74
22:25:26 69.91   86.22   71.38   82.74
22:26:29 69.91   85.78   71.38   82.74
22:27:33 69.91   85.89   71.38   82.74
22:28:36 69.91   86.11   71.38   82.74
22:29:40 69.91   85.89   71.38   82.74
22:30:43 69.91   85.44   71.38   82.63
22:31:46 69.80   85.55   71.38   82.63
22:32:50 69.91   85.66   71.38   82.51
22:33:53 69.91   85.44   71.38   82.51
22:34:56 69.91   85.44   71.38   82.51
22:36:00 69.91   85.10   71.38   82.40
22:37:03 69.80   85.33   71.38   82.40
22:38:06 69.80   85.10   71.26   82.40
22:39:10 69.91   84.88   71.38   82.40
22:40:13 69.80   85.10   71.26   82.40
22:41:16 69.80   84.65   71.38   82.40
22:42:20 69.80   84.99   71.26   82.40
22:43:23 69.80   84.65   71.26   82.51
22:44:26 69.80   84.99   71.26   82.29
22:45:30 69.80   84.99   71.26   82.29
22:46:33 69.80   84.99   71.26   82.29
22:47:36 69.80   84.76   71.26   82.29
22:48:40 69.80   84.88   71.26   82.18
22:49:43 69.80   84.88   71.26   82.06
22:50:46 69.80   84.88   71.26   82.06
22:51:50 69.80   84.65   71.15   82.06
22:52:53 69.80   84.88   71.15   82.06
22:53:56 69.80   84.54   71.15   82.06
22:55:00 69.80   84.43   71.15   81.95
22:56:03 69.80   84.54   71.15   81.95
22:57:06 69.80   84.43   71.15   81.95
22:58:10 69.80   84.31   71.15   81.95
22:59:13 69.80   84.09   71.15   81.84
23:00:16 69.80   84.31   71.15   81.84
23:01:20 69.80   83.97   71.15   81.95
23:02:23 69.80   83.97   71.15   81.95
23:03:26 69.80   84.09   71.15   81.95
23:04:30 69.80   84.09   71.15   81.84
23:05:33 69.80   84.54   71.15   81.84
23:06:36 69.80   84.43   71.15   81.84
23:07:40 69.80   84.31   71.04   81.84
23:08:43 69.69   84.65   71.04   81.84
23:09:47 69.69   84.43   71.04   81.72
23:10:50 69.69   84.09   71.04   81.72
23:11:53 69.80   84.09   71.04   81.72
23:12:57 69.69   84.31   71.04   81.72
23:14:00 69.69   83.86   71.04   81.61
23:15:03 69.69   83.97   71.04   81.61
23:16:07 69.69   83.86   71.04   81.61
23:17:10 69.69   83.75   71.04   81.50
23:18:13 69.69   83.97   71.04   81.50
23:19:17 69.69   84.31   71.04   81.50
23:20:20 69.69   83.97   71.04   81.39
23:21:23 69.69   83.75   71.04   81.50
23:22:27 69.69   84.09   71.04   81.50
23:23:30 69.69   84.20   70.93   81.50
23:24:33 69.69   83.75   70.93   81.39
23:25:37 69.69   83.97   70.93   81.39
23:26:40 69.69   83.64   70.93   81.39
23:27:43 69.69   83.86   70.93   81.39
23:28:47 69.69   83.75   70.93   81.39
23:29:50 69.69   83.97   70.93   81.39
23:30:53 69.69   83.97   70.93   81.39
23:31:57 69.69   83.97   70.93   81.28
23:33:00 69.69   83.86   70.93   81.16
23:34:03 69.69   83.75   70.93   81.16
23:35:07 69.69   83.41   70.93   81.16
23:36:10 69.69   83.41   70.93   81.16
23:37:13 69.69   83.53   70.93   81.16
23:38:17 69.69   83.53   70.93   81.16
23:39:20 69.69   83.53   70.93   81.16
23:40:24 69.69   83.86   70.93   81.16
23:41:27 69.69   83.64   70.81   81.16
23:42:30 69.69   83.86   70.93   81.16
23:43:34 69.69   83.97   70.81   81.16
23:44:37 69.69   83.75   70.81   81.05
23:45:40 69.69   83.41   70.93   81.05
23:46:44 69.69   83.86   70.81   81.16
23:47:47 69.69   83.64   70.81   81.05
23:48:50 69.69   83.75   70.81   81.05
23:49:54 69.69   83.53   70.81   81.05
23:50:57 69.58   83.75   70.81   81.05
23:52:00 69.58   83.64   70.81   81.05
23:53:04 69.58   83.64   70.81   81.05
23:54:07 69.58   83.64   70.81   80.94
23:55:10 69.58   83.75   70.81   80.94
23:56:14 69.69   83.41   70.81   80.94
23:57:17 69.69   83.30   70.81   80.94
23:58:20 69.58   83.30   70.81   80.94
23:59:24 69.58   83.41   70.70   80.94
