18:37:37 75.20   78.35   74.19   92.53
18:38:40 75.20   78.35   74.19   92.30
18:39:43 75.20   78.35   74.19   91.96
18:40:47 75.20   78.35   74.19   91.74
18:41:50 75.20   78.35   74.19   91.51
18:42:53 75.20   78.35   74.30   91.18
18:43:57 75.31   78.35   74.30   90.95
18:45:00 75.20   78.35   74.19   90.72
18:46:03 75.20   78.35   74.30   90.50
18:47:07 75.20   78.35   74.30   90.28
18:48:10 75.20   78.35   74.30   90.05
18:49:13 75.20   78.35   74.30   89.83
18:50:17 75.20   78.35   74.30   89.60
18:51:20 75.20   78.35   74.41   89.49
18:52:24 75.20   78.35   74.41   89.26
18:53:27 75.20   78.35   74.41   89.04
18:54:30 75.20   78.35   74.53   88.81
18:55:34 75.20   78.24   74.41   88.59
18:56:37 75.09   78.24   74.53   88.47
18:57:40 75.20   78.24   74.53   88.25
18:58:44 75.09   78.24   74.41   88.14
18:59:47 75.20   78.24   74.41   87.91
19:00:50 75.09   78.24   74.41   87.80
19:01:54 75.09   78.24   74.53   87.69
19:02:57 75.09   78.24   74.41   87.58
19:04:00 75.09   78.24   74.41   87.35
19:05:04 75.09   78.24   74.41   87.24
19:06:07 75.09   78.13   74.41   87.24
19:07:10 75.09   78.13   74.41   87.13
19:08:14 75.09   78.24   74.41   87.01
19:09:17 75.09   78.24   74.41   87.01
19:10:20 75.09   78.13   74.41   86.79
19:11:24 75.09   78.13   74.41   86.68
19:12:27 75.09   78.13   74.41   86.56
19:13:30 75.09   78.13   74.41   86.45
19:14:34 75.09   78.13   74.41   86.45
19:15:37 75.09   78.13   74.41   86.34
19:16:40 75.09   78.13   74.41   86.22
19:17:44 74.97   78.13   74.41   86.22
19:18:47 74.97   78.13   74.41   86.11
19:19:50 74.97   78.13   74.41   85.89
19:20:54 74.97   78.13   74.41   85.89
19:21:57 74.97   78.01   74.41   85.89
19:23:00 74.97   78.13   74.41   85.78
19:24:04 74.97   78.13   74.41   85.66
19:25:07 74.97   78.01   74.53   85.66
19:26:10 74.97   78.01   74.41   85.55
19:27:14 74.97   78.13   74.41   85.55
19:28:17 74.97   78.01   74.41   85.44
19:29:20 74.97   78.01   74.53   85.44
19:30:24 74.97   78.01   74.53   85.33
19:31:27 74.97   78.01   74.53   85.21
19:32:31 74.97   78.13   74.41   85.10
19:33:34 74.97   78.01   74.53   84.99
19:34:37 74.97   78.01   74.53   84.99
19:35:41 74.97   78.13   74.53   84.99
19:36:44 74.97   78.01   74.53   84.88
19:37:47 74.97   78.13   74.41   84.88
19:38:51 74.97   78.01   74.53   84.76
19:39:54 74.97   78.01   74.53   84.76
19:40:57 74.97   78.01   74.53   84.76
19:42:01 74.97   78.01   74.53   84.76
19:43:04 74.97   78.01   74.41   84.65
19:44:07 74.86   78.01   74.41   84.65
19:45:11 74.97   78.01   74.53   84.54
19:46:14 74.86   78.01   74.53   84.43
19:47:17 74.97   78.01   74.41   84.43
19:48:21 74.86   78.01   74.53   84.43
19:49:24 74.86   78.01   74.53   84.31
19:50:27 74.86   78.01   74.53   84.20
19:51:31 74.86   78.01   74.53   84.20
19:52:34 74.86   78.01   74.53   84.20
19:53:37 74.97   78.01   74.53   84.20
19:54:41 74.97   78.01   74.53   84.31
19:55:44 74.97   78.01   74.41   86.34
19:56:47 74.97   78.01   74.53   102.20
19:57:51 74.97   78.01   74.53   105.46
19:58:54 74.97   78.13   74.53   106.81
19:59:57 74.97   78.13   74.53   107.60
20:01:01 74.97   78.13   74.53   108.05
20:02:04 75.09   78.13   74.53   108.28
20:03:07 75.09   78.13   74.53   108.50
20:04:11 75.09   78.13   74.64   108.39
20:05:14 75.09   78.24   74.53   108.50
20:06:17 75.20   78.24   74.53   108.16
20:07:21 75.20   78.24   74.53   108.05
20:08:24 75.20   78.24   74.53   107.94
20:09:28 75.20   78.24   74.53   107.71
20:10:31 75.20   78.24   74.53   107.38
20:11:34 75.20   78.24   74.53   107.15
20:12:38 75.20   78.24   74.53   106.59
20:13:41 75.20   78.24   74.53   106.14
20:14:44 75.20   78.24   74.53   105.69
20:15:48 75.20   78.24   74.64   105.13
20:16:51 75.20   78.24   74.53   104.45
20:17:54 75.20   78.24   74.64   103.55
20:18:58 75.20   78.24   74.53   102.76
20:20:01 75.20   78.24   74.64   102.20
20:21:04 75.43   78.46   74.53   101.75
20:22:08 75.54   78.58   74.64   101.30
20:23:11 75.54   78.58   74.53   100.74
20:24:14 75.43   78.58   74.64   100.29
20:25:18 75.43   78.58   74.53   99.84
20:26:21 75.43   78.58   74.64   99.39
20:27:24 75.43   78.46   74.53   98.94
20:28:28 75.31   78.46   74.64   99.84
20:29:31 75.31   78.46   74.53   103.89
20:30:34 75.31   78.46   74.64   103.78
20:31:38 75.31   78.46   74.64   103.10
20:32:41 75.31   78.46   74.64   102.31
20:33:44 75.31   78.46   74.64   101.64
20:34:48 75.31   78.46   74.64   101.08
20:35:51 75.31   78.46   74.64   100.40
20:36:54 75.31   78.46   74.64   99.95
20:37:58 75.31   78.46   74.64   99.50
20:39:01 75.31   78.46   74.64   99.05
20:40:04 75.31   78.46   74.64   98.71
20:41:08 75.31   78.46   74.64   98.38
20:42:11 75.43   78.46   74.64   97.92
20:43:15 75.31   78.46   74.75   97.70
20:44:18 75.31   78.46   74.75   97.36
20:45:21 75.43   78.58   74.75   97.03
20:46:25 75.43   78.58   74.75   96.69
20:47:28 75.43   78.58   74.75   96.46
20:48:31 75.43   78.58   74.64   96.24
20:49:35 75.43   78.46   74.75   96.01
20:50:38 75.43   78.46   74.64   95.56
20:51:41 75.43   78.58   74.75   95.34
20:52:45 75.43   78.46   74.75   95.11
20:53:48 75.43   78.46   74.75   99.16
20:54:51 75.43   78.46   74.64   106.93
20:55:55 75.31   78.46   74.75   107.15
20:56:58 75.31   78.46   74.75   105.91
20:58:01 75.31   78.46   74.75   104.79
20:59:05 75.31   78.46   74.64   103.66
21:00:08 75.31   78.46   74.75   102.65
21:01:11 75.31   78.46   74.64   101.75
21:02:15 75.31   78.46   74.64   100.96
21:03:18 75.31   78.46   74.75   103.89
21:04:21 75.31   77.34   74.75   108.73
21:05:25 75.31   68.22   74.75   108.50
21:06:28 75.31   63.61   74.41   107.26
21:07:31 75.09   60.69   74.30   105.91
21:08:35 74.97   58.55   74.08   104.68
21:09:38 74.75   55.63   73.96   103.44
21:10:41 74.53   53.94   73.85   105.46
21:11:45 74.30   53.04   73.85   106.81
21:12:48 74.19   52.81   73.74   106.81
21:13:51 74.08   52.59   73.63   106.93
21:14:55 73.96   52.25   73.40   107.38
21:15:58 73.96   52.25   73.29   107.60
21:17:01 73.96   51.91   73.18   107.94
21:18:05 73.85   51.69   73.18   107.83
21:19:08 73.85   51.69   73.06   107.94
21:20:11 73.85   51.13   72.95   107.83
21:21:15 73.74   51.24   72.95   107.60
21:22:18 73.74   50.90   72.72   107.38
21:23:22 73.74   51.01   72.72   106.93
21:24:25 73.63   50.56   72.84   106.25
21:25:28 73.96   53.04   72.61   105.69
21:26:32 73.96   52.92   72.61   105.01
21:27:35 73.85   52.48   72.72   104.34
21:28:38 73.85   52.36   72.61   103.66
21:29:42 73.74   51.80   72.50   103.10
21:30:45 73.74   52.03   72.39   102.43
21:31:48 73.74   51.13   72.39   101.64
21:32:52 73.63   51.24   72.28   101.19
21:33:55 73.63   51.46   72.28   100.51
21:34:58 73.51   50.79   72.16   99.95
21:36:02 73.51   51.01   72.05   99.39
21:37:05 73.40   50.56   72.28   98.83
21:38:08 73.40   50.79   72.16   98.38
21:39:12 73.29   50.79   71.94   97.92
21:40:15 73.29   50.23   71.94   97.48
21:41:18 73.29   50.79   72.05   97.03
21:42:22 73.29   50.56   71.94   96.58
21:43:25 73.18   50.79   71.94   96.24
21:44:28 73.18   50.34   71.83   95.68
21:45:32 73.18   50.45   71.83   95.34
21:46:35 73.18   50.34   71.83   94.89
21:47:38 73.06   50.34   71.83   94.55
21:48:42 72.95   50.00   71.83   93.99
21:49:45 72.95   50.11   71.83   93.54
21:50:48 72.84   50.11   71.60   93.20
21:51:52 72.84   49.44   71.49   92.86
21:52:55 72.72   50.11   71.49   92.53
21:53:58 72.61   49.55   71.49   92.19
21:55:02 72.61   49.55   71.49   92.19
21:56:05 72.61   49.44   71.38   108.73
21:57:08 72.50   48.88   71.38   110.08
21:58:12 72.61   49.66   71.26   109.06
21:59:15 72.61   49.66   71.26   107.60
22:00:18 72.50   49.55   71.26   106.14
22:01:22 72.39   49.66   71.26   104.79
22:02:25 72.39   48.88   71.26   103.44
22:03:29 72.28   49.33   71.04   102.20
22:04:32 72.28   49.10   71.15   101.19
22:05:35 72.16   48.54   71.04   100.18
22:06:39 72.16   49.10   70.93   99.39
22:07:42 72.16   48.65   71.04   98.49
22:08:45 72.05   48.88   70.93   97.59
22:09:49 72.05   48.76   70.93   96.91
22:10:52 72.05   48.42   70.93   96.24
22:11:55 71.94   48.65   70.81   95.68
22:12:59 71.94   48.65   70.70   95.11
22:14:02 71.83   48.54   70.81   94.55
22:15:05 71.94   48.54   70.81   102.31
22:16:09 71.83   48.31   70.70   110.75
22:17:12 71.83   48.31   70.59   112.78
22:18:15 71.83   48.54   70.47   113.11
22:19:19 71.83   48.99   70.59   112.66
22:20:22 71.71   54.39   70.47   111.65
22:21:25 71.71   57.88   70.59   110.30
22:22:29 71.71   60.13   70.70   108.84
22:23:32 71.71   61.70   70.81   107.49
22:24:35 71.71   62.94   70.81   106.14
22:25:39 71.71   64.06   70.93   104.90
22:26:42 71.71   65.08   70.93   103.89
22:27:45 71.71   65.97   71.04   102.76
22:28:49 71.60   66.76   71.04   108.39
22:29:52 71.71   67.44   71.15   110.19
22:30:55 71.60   67.89   71.15   109.96
22:31:59 71.71   68.34   71.26   109.51
22:33:02 71.71   68.56   71.26   109.40
22:34:05 71.71   68.22   71.38   110.53
22:35:09 71.71   68.45   71.38   110.19
22:36:12 71.83   68.56   71.38   109.63
22:37:15 71.83   68.79   71.38   109.06
22:38:19 71.83   69.01   71.49   108.39
22:39:22 71.83   69.35   71.49   107.71
22:40:26 71.83   69.80   71.60   106.93
22:41:29 71.83   70.03   71.60   106.14
22:42:32 71.94   70.25   71.60   105.35
22:43:36 71.94   70.47   71.71   104.56
22:44:39 71.94   70.70   71.60   103.89
22:45:42 71.94   70.93   71.60   103.21
22:46:46 71.94   71.15   71.71   102.54
22:47:49 71.94   71.26   71.71   101.98
22:48:52 71.94   71.38   71.71   101.41
22:49:56 71.94   71.49   71.71   100.85
22:50:59 71.94   71.60   71.71   100.18
22:52:02 71.94   71.71   71.71   99.73
22:53:06 71.94   71.83   71.71   99.16
22:54:09 71.94   71.94   71.71   98.71
22:55:12 71.94   71.94   71.71   98.26
22:56:16 71.94   72.05   71.71   97.70
22:57:19 71.94   72.05   71.83   97.25
22:58:22 71.94   72.16   71.83   96.80
22:59:26 71.83   72.16   71.83   96.35
23:00:29 71.83   72.16   71.83   96.01
23:01:32 71.83   72.28   71.83   95.56
23:02:36 71.83   72.28   71.83   95.11
23:03:39 71.83   72.39   71.83   94.78
23:04:42 71.83   72.28   71.83   94.44
23:05:46 71.83   72.39   71.83   94.10
23:06:49 71.83   72.39   71.83   93.76
23:07:52 71.83   72.39   71.83   93.54
23:08:56 71.83   72.39   71.94   93.09
23:09:59 71.83   72.39   71.94   92.86
23:11:02 71.94   72.39   71.94   92.53
23:12:06 71.94   72.39   71.94   92.19
23:13:09 71.94   72.50   71.94   91.96
23:14:13 71.83   72.50   71.94   91.63
23:15:16 71.83   72.50   71.94   91.40
23:16:19 71.83   72.61   71.94   91.06
23:17:23 71.94   72.61   71.94   99.61
23:18:26 71.83   72.72   71.94   108.95
23:19:29 71.94   72.72   71.94   111.20
23:20:33 71.94   72.72   71.94   112.10
23:21:36 71.83   72.95   72.05   111.76
23:22:39 71.83   72.95   72.05   110.64
23:23:43 71.83   73.06   72.05   109.29
23:24:46 71.94   73.06   72.05   108.05
23:25:49 71.94   73.06   72.05   106.93
23:26:53 71.83   72.95   72.05   105.69
23:27:56 71.94   73.06   72.05   104.68
23:28:59 71.83   73.06   72.05   103.66
23:30:03 71.94   73.18   72.05   102.65
23:31:06 71.94   73.18   72.05   101.86
23:32:09 71.94   73.18   72.05   101.08
23:33:13 71.94   73.18   72.05   100.29
23:34:16 71.83   73.29   72.05   99.73
23:35:19 71.83   73.29   72.05   99.05
23:36:23 71.83   73.40   72.16   98.49
23:37:26 71.83   73.40   72.05   97.92
23:38:29 71.83   73.40   72.05   97.36
23:39:33 71.83   73.63   72.05   96.80
23:40:36 71.83   73.51   72.05   96.46
23:41:39 71.83   73.51   72.16   96.01
23:42:43 71.83   73.51   72.16   95.45
23:43:46 71.83   73.51   72.16   95.11
23:44:49 71.83   73.63   72.16   94.66
23:45:53 71.83   73.63   72.16   94.21
23:46:56 71.94   73.63   72.16   93.88
23:47:59 71.83   73.63   72.16   93.54
23:49:03 71.83   73.74   72.16   93.20
23:50:06 71.83   73.85   72.16   92.86
23:51:10 71.83   73.85   72.28   92.53
23:52:13 71.83   73.85   72.16   92.19
23:53:16 71.83   73.85   72.16   91.96
23:54:20 71.83   73.85   72.16   91.74
23:55:23 71.94   73.96   72.16   91.40
23:56:26 71.83   73.96   72.16   91.18
23:57:30 71.83   74.08   72.16   90.95
23:58:33 71.83   73.96   72.16   90.61
23:59:36 71.83   74.08   72.28   90.28
