00:00:44 75.43   78.46   78.13   90.05
00:01:48 75.43   78.46   77.90   89.83
00:02:51 75.43   78.46   78.01   89.71
00:03:55 75.31   78.46   78.01   89.49
00:04:58 75.43   78.46   77.90   89.38
00:06:01 75.31   78.46   77.90   89.26
00:07:05 75.31   78.46   78.13   89.15
00:08:08 75.31   78.46   77.90   89.04
00:09:11 75.31   78.46   78.24   88.93
00:10:15 75.31   78.35   77.79   88.70
00:11:18 75.31   78.46   78.01   88.47
00:12:21 75.31   78.35   78.13   88.36
00:13:25 75.31   78.35   78.01   88.36
00:14:28 75.20   78.35   78.01   88.25
00:15:31 75.20   78.35   78.01   88.25
00:16:35 75.31   78.35   78.01   88.25
00:17:38 75.20   78.35   78.13   88.14
00:18:41 75.20   78.35   78.13   88.03
00:19:45 75.20   78.35   77.90   87.91
00:20:48 75.20   78.35   78.01   87.80
00:21:51 75.20   78.35   78.01   87.80
00:22:55 75.20   78.35   77.90   87.58
00:23:58 75.20   78.35   77.90   87.46
00:25:01 75.20   78.35   78.13   87.46
00:26:05 75.20   78.24   78.01   87.35
00:27:08 75.20   78.35   77.90   87.35
00:28:11 75.20   78.35   77.79   87.24
00:29:15 75.20   78.24   78.13   87.13
00:30:18 75.20   78.24   78.01   87.01
00:31:21 75.20   78.24   77.90   86.90
00:32:25 75.20   78.24   77.90   86.90
00:33:28 75.20   78.24   78.01   86.90
00:34:31 75.20   78.24   77.68   86.79
00:35:35 75.20   78.24   77.79   86.68
00:36:38 75.20   78.24   77.90   86.68
00:37:41 75.09   78.24   77.90   86.56
00:38:45 75.09   78.24   77.90   86.56
00:39:48 75.20   78.24   78.01   86.56
00:40:51 75.20   78.24   77.90   86.45
00:41:55 75.09   78.24   77.90   86.22
00:42:58 75.09   78.24   77.79   86.22
00:44:02 75.09   78.24   77.79   86.22
00:45:05 75.09   78.24   77.79   86.22
00:46:08 75.09   78.24   77.90   86.22
00:47:12 75.09   78.24   77.79   86.22
00:48:15 75.09   78.13   77.79   86.11
00:49:18 75.09   78.24   77.79   86.00
00:50:22 75.09   78.13   77.68   85.89
00:51:25 75.09   78.13   77.68   85.78
00:52:28 75.09   78.13   77.68   85.89
00:53:32 75.09   78.13   77.79   85.78
00:54:35 75.09   78.13   77.68   85.66
00:55:38 75.09   78.13   77.56   85.66
00:56:42 74.97   78.13   77.56   85.66
00:57:45 75.09   78.13   77.79   85.66
00:58:48 75.09   78.13   77.68   85.66
00:59:52 74.97   78.13   77.56   85.55
01:00:55 75.09   78.13   77.68   85.55
01:01:58 74.97   78.13   77.68   85.55
01:03:02 74.97   78.13   77.56   85.44
01:04:05 74.97   78.01   77.68   85.44
01:05:08 74.97   78.13   77.68   85.44
01:06:12 74.97   78.01   77.79   85.33
01:07:15 74.97   78.01   77.68   85.33
01:08:18 74.97   78.01   77.68   85.21
01:09:22 74.97   78.01   77.68   85.21
01:10:25 74.97   78.01   77.68   85.21
01:11:28 74.97   78.01   77.68   85.21
01:12:32 74.97   78.01   77.68   85.21
01:13:35 74.97   78.01   77.68   85.10
01:14:39 74.97   78.01   77.56   85.10
01:15:42 74.97   78.01   77.68   85.10
01:16:45 74.97   78.01   77.68   85.10
01:17:49 74.86   78.01   77.68   84.99
01:18:52 74.97   78.01   77.56   84.99
01:19:55 74.86   78.01   77.56   84.88
01:20:59 74.86   78.01   77.68   84.88
01:22:02 74.86   78.01   77.68   84.88
01:23:05 74.86   78.01   77.56   84.88
01:24:09 74.86   78.01   77.56   84.88
01:25:12 74.86   78.01   77.56   84.88
01:26:15 74.86   78.01   77.56   84.88
01:27:19 74.86   77.90   77.56   84.99
01:28:22 74.86   77.90   77.56   84.88
01:29:25 74.86   77.90   77.56   84.76
01:30:29 74.86   77.90   77.68   84.76
01:31:32 74.86   77.90   77.56   84.76
01:32:35 74.86   77.90   77.45   84.65
01:33:39 74.75   77.90   77.56   84.65
01:34:42 74.75   77.90   77.45   84.65
01:35:45 74.75   77.90   77.45   84.65
01:36:49 74.75   77.90   77.56   84.76
01:37:52 74.75   77.90   77.56   84.65
01:38:55 74.75   77.90   77.34   84.65
01:39:59 74.75   77.79   77.34   84.65
01:41:02 74.75   77.79   77.45   84.54
01:42:05 74.75   77.79   77.45   84.54
01:43:09 74.75   77.79   77.45   84.54
01:44:12 74.75   77.79   77.34   84.54
01:45:15 74.75   77.79   77.45   84.65
01:46:19 74.75   77.79   77.45   84.54
01:47:22 74.75   77.79   77.56   84.54
01:48:26 74.75   77.79   77.45   84.54
01:49:29 74.75   77.79   77.34   84.43
01:50:32 74.64   77.79   77.79   84.54
01:51:36 74.64   77.79   77.45   84.54
01:52:39 74.64   77.79   77.45   84.54
01:53:42 74.75   77.79   77.45   84.43
01:54:46 74.64   77.79   77.34   84.43
01:55:49 74.64   77.79   77.45   84.43
01:56:52 74.75   77.79   77.34   84.43
01:57:56 74.64   77.79   77.34   84.43
01:58:59 74.64   77.79   77.45   84.54
02:00:02 74.64   77.79   77.22   84.43
02:01:06 74.64   77.79   77.34   84.43
02:02:09 74.64   77.79   77.22   84.43
02:03:12 74.64   77.79   77.34   84.31
02:04:16 74.64   77.68   77.45   84.43
02:05:19 74.64   77.68   77.45   84.43
02:06:22 74.64   77.79   77.22   84.31
02:07:26 74.64   77.68   77.22   84.31
02:08:29 74.64   77.68   77.22   84.31
02:09:32 74.64   77.68   77.56   84.31
02:10:36 74.64   77.68   77.22   84.31
02:11:39 74.64   77.79   77.22   84.31
02:12:42 74.64   77.68   77.34   84.31
02:13:46 74.64   77.68   77.34   84.31
02:14:49 74.64   77.68   77.34   84.31
02:15:52 74.64   77.68   77.34   84.31
02:16:56 74.64   77.68   77.11   84.20
02:17:59 74.64   77.68   77.22   84.20
02:19:03 74.53   77.68   77.22   84.31
02:20:06 74.53   77.68   77.22   84.43
02:21:09 74.53   77.68   77.34   84.31
02:22:13 74.53   77.56   77.11   84.31
02:23:16 74.53   77.56   77.34   84.20
02:24:19 74.53   77.56   77.22   84.31
02:25:23 74.53   77.68   77.22   84.20
02:26:26 74.53   77.68   77.22   84.20
02:27:29 74.53   77.56   77.22   84.31
02:28:33 74.53   77.56   77.22   84.20
02:29:36 74.53   77.56   77.22   84.20
02:30:39 74.53   77.56   77.22   84.20
02:31:43 74.53   77.56   77.22   84.20
02:32:46 74.53   77.56   77.11   84.09
02:33:49 74.53   77.56   77.11   84.09
02:34:53 74.53   77.56   77.11   84.09
02:35:56 74.53   77.56   77.11   84.09
02:36:59 74.53   77.56   77.22   84.20
02:38:03 74.53   77.56   77.22   84.09
02:39:06 74.41   77.56   77.11   84.09
02:40:09 74.41   77.45   77.22   84.09
02:41:13 74.41   77.45   77.22   84.09
02:42:16 74.41   77.45   77.11   84.09
02:43:19 74.41   77.45   77.22   84.20
02:44:23 74.41   77.56   77.22   84.09
02:45:26 74.41   77.45   77.11   84.09
02:46:29 74.41   77.45   77.11   83.97
02:47:33 74.41   77.45   77.00   83.97
02:48:36 74.41   77.45   77.00   83.97
02:49:39 74.41   77.45   77.11   83.97
02:50:43 74.41   77.45   77.11   83.97
02:51:46 74.41   77.45   77.00   83.97
02:52:50 74.41   77.45   77.11   83.86
02:53:53 74.41   77.45   77.11   83.75
02:54:56 74.41   77.45   77.00   83.75
02:56:00 74.41   77.45   77.00   83.75
02:57:03 74.41   77.45   77.00   83.75
02:58:06 74.41   77.45   77.00   83.75
02:59:10 74.41   77.45   77.11   83.86
03:00:13 74.41   77.45   77.22   83.75
03:01:16 74.41   77.45   77.00   83.86
03:02:20 74.41   77.45   77.11   83.75
03:03:23 74.41   77.45   77.00   83.75
03:04:26 74.30   77.45   77.00   83.86
03:05:30 74.41   77.45   77.00   83.86
03:06:33 74.30   77.45   77.00   83.97
03:07:36 74.30   77.34   77.11   83.86
03:08:40 74.30   77.45   77.00   83.86
03:09:43 74.30   77.34   77.00   83.86
03:10:46 74.30   77.34   77.00   83.75
03:11:50 74.30   77.34   77.00   83.75
03:12:53 74.30   77.34   76.89   83.86
03:13:56 74.30   77.34   77.00   83.75
03:15:00 74.30   77.34   77.11   83.75
03:16:03 74.30   77.34   76.89   83.75
03:17:06 74.30   77.34   77.00   83.75
03:18:10 74.30   77.34   76.89   83.75
03:19:13 74.30   77.34   76.78   83.75
03:20:16 74.30   77.34   77.00   83.86
03:21:20 74.19   77.34   76.89   83.75
03:22:23 74.19   77.22   77.00   83.75
03:23:26 74.19   77.34   76.89   83.75
03:24:30 74.19   77.34   77.00   83.75
03:25:33 74.30   77.22   77.00   83.64
03:26:36 74.30   77.22   76.89   83.64
03:27:40 74.19   77.22   76.89   83.64
03:28:43 74.19   77.22   77.00   83.64
03:29:46 74.19   77.22   77.00   83.64
03:30:50 74.19   77.22   77.00   83.53
