00:00:49 71.49   52.36   73.63   90.50
00:01:52 71.26   51.46   73.74   90.16
00:02:56 71.26   51.35   73.74   89.71
00:03:59 71.04   51.01   73.85   89.38
00:05:02 71.04   53.04   73.74   88.93
00:06:06 70.93   62.26   73.74   88.59
00:07:09 71.04   63.95   73.51   88.25
00:08:12 71.15   66.20   73.63   87.91
00:09:16 71.26   67.78   73.63   87.69
00:10:19 71.26   68.90   73.63   87.46
00:11:22 71.38   70.14   73.51   87.24
00:12:26 71.49   71.38   73.51   87.13
00:13:29 71.49   72.28   73.40   86.68
00:14:32 71.60   72.61   73.51   86.68
00:15:36 71.71   72.95   73.51   86.45
00:16:39 71.71   73.18   73.51   86.45
00:17:42 71.71   73.29   73.63   86.34
00:18:46 71.83   73.40   73.63   86.11
00:19:49 71.83   73.51   73.51   86.00
00:20:52 71.83   73.51   73.63   85.78
00:21:56 71.94   73.63   73.51   85.78
00:22:59 71.94   73.63   73.51   85.66
00:24:02 71.94   73.74   73.74   85.33
00:25:06 71.94   73.74   73.74   85.21
00:26:09 71.94   73.85   73.63   85.21
00:27:13 71.94   73.96   73.63   85.10
00:28:16 71.94   73.96   73.74   84.88
00:29:19 71.94   74.08   73.63   84.76
00:30:23 71.94   73.96   73.63   84.65
00:31:26 72.05   74.08   73.51   84.54
00:32:29 72.05   74.08   73.63   84.43
00:33:33 72.05   74.08   73.63   84.31
00:34:36 72.05   74.19   73.74   84.31
00:35:39 72.05   74.30   73.74   84.20
00:36:43 72.16   74.30   73.85   83.97
00:37:46 72.05   74.19   73.74   83.97
00:38:49 72.16   74.19   73.74   83.86
00:39:53 72.16   74.30   73.74   83.75
00:40:56 72.16   74.41   73.85   83.75
00:41:59 72.16   74.41   73.85   83.64
00:43:03 72.16   74.41   73.85   83.53
00:44:06 72.16   74.41   73.96   83.53
00:45:09 72.16   74.53   73.85   83.53
00:46:13 72.16   74.53   73.96   83.53
00:47:16 72.16   74.53   73.85   83.41
00:48:19 72.16   74.53   73.85   83.30
00:49:23 72.16   74.53   73.74   83.30
00:50:26 72.16   74.53   73.96   83.19
00:51:29 72.16   74.64   73.96   83.19
00:52:33 72.16   74.64   73.74   83.19
00:53:36 72.16   74.64   73.85   83.08
00:54:39 72.16   74.64   73.96   82.96
00:55:43 72.16   74.64   74.08   82.96
00:56:46 72.16   74.41   73.85   82.96
00:57:49 72.16   74.30   73.96   82.74
00:58:53 72.16   74.41   73.85   82.74
00:59:56 72.16   74.41   73.96   82.74
01:01:00 72.28   74.53   73.85   82.74
01:02:03 72.16   74.41   73.96   82.74
01:03:06 72.16   74.53   73.96   82.63
01:04:10 72.16   74.64   74.08   82.63
01:05:13 72.16   74.53   73.96   82.74
01:06:16 72.16   74.53   73.96   82.63
01:07:20 72.28   74.53   73.85   82.63
01:08:23 72.28   74.64   73.96   82.63
01:09:26 72.16   74.53   73.85   82.51
01:10:30 72.16   74.53   73.96   82.63
01:11:33 72.16   74.53   73.74   82.63
01:12:36 72.16   74.53   73.96   82.51
01:13:40 72.16   74.53   73.96   82.40
01:14:43 72.16   74.53   73.85   82.29
01:15:46 72.16   74.53   73.85   82.29
01:16:50 72.16   74.64   73.96   82.29
01:17:53 72.16   74.53   73.96   82.18
01:18:56 72.16   74.53   73.96   82.18
01:20:00 72.16   74.64   73.96   82.29
01:21:03 72.16   74.64   73.96   82.29
01:22:06 72.16   74.64   73.85   82.18
01:23:10 72.16   74.75   73.96   82.18
01:24:13 72.28   74.75   73.96   82.18
01:25:16 72.28   74.86   74.08   82.29
01:26:20 72.16   74.86   74.08   82.29
01:27:23 72.28   74.86   73.96   82.29
01:28:26 72.28   74.97   73.96   82.29
01:29:30 72.28   74.97   73.85   82.29
01:30:33 72.16   74.97   73.96   82.29
01:31:37 72.16   74.97   73.96   82.18
01:32:40 72.16   75.09   74.08   82.06
01:33:43 72.16   75.09   74.08   82.06
01:34:47 72.16   75.09   73.96   82.06
01:35:50 72.16   75.09   73.96   82.06
01:36:53 72.16   75.09   73.96   82.06
01:37:57 72.16   75.09   74.08   82.06
01:39:00 72.16   75.09   74.08   82.06
01:40:03 72.16   75.09   73.96   81.95
01:41:07 72.16   75.09   73.96   82.06
01:42:10 72.16   75.09   73.96   81.95
01:43:13 72.16   75.09   73.96   81.95
01:44:17 72.28   75.09   73.96   82.06
01:45:20 72.28   75.09   74.08   82.06
01:46:23 72.16   75.09   73.96   81.95
01:47:27 72.28   75.09   73.96   82.06
01:48:30 72.16   75.09   74.08   82.06
01:49:33 72.28   75.09   73.96   81.95
01:50:37 72.16   75.09   74.08   82.06
01:51:40 72.28   75.09   74.19   81.95
01:52:43 72.16   75.09   74.19   81.95
01:53:47 72.28   75.09   74.08   81.95
01:54:50 72.16   75.09   74.19   81.95
01:55:53 72.16   75.09   74.08   81.95
01:56:57 72.16   75.09   74.30   81.95
01:58:00 72.16   75.09   74.30   82.06
01:59:03 72.16   75.09   74.08   82.06
02:00:07 72.16   75.09   74.08   82.06
02:01:10 72.28   75.09   74.08   82.18
02:02:13 72.16   75.09   74.30   82.06
02:03:17 72.16   75.09   74.08   81.95
02:04:20 72.16   75.09   74.08   81.84
02:05:24 72.16   75.09   74.30   81.95
02:06:27 72.16   75.09   74.30   81.95
02:07:30 72.16   75.09   74.30   81.84
02:08:34 72.16   75.09   74.08   81.95
02:09:37 72.16   75.09   74.19   81.95
02:10:40 72.16   75.09   74.19   82.06
02:11:44 72.16   75.09   74.19   81.95
02:12:47 72.16   75.09   74.30   82.06
02:13:50 72.16   75.09   74.19   81.95
02:14:54 72.16   74.97   74.30   82.06
02:15:57 72.16   75.09   74.30   82.18
02:17:00 72.16   75.09   74.19   82.06
02:18:04 72.16   75.09   74.30   82.06
02:19:07 72.16   75.09   74.08   81.95
02:20:10 72.16   75.09   74.08   81.95
02:21:14 72.16   75.09   74.08   81.84
02:22:17 72.16   75.09   74.19   81.84
02:23:20 72.16   75.09   74.08   81.84
02:24:24 72.16   75.09   74.30   81.84
02:25:27 72.16   75.09   74.30   81.84
02:26:30 72.16   75.09   74.19   81.84
02:27:34 72.16   75.09   74.19   81.95
02:28:37 72.16   75.09   74.19   81.95
02:29:40 72.16   75.09   74.19   81.95
02:30:44 72.16   75.09   74.19   81.95
02:31:47 72.16   75.09   74.30   81.95
02:32:50 72.16   75.09   74.30   81.95
02:33:54 72.16   75.09   74.19   81.95
02:34:57 72.16   75.09   74.19   81.95
02:36:00 72.16   75.09   74.19   81.95
02:37:04 72.16   75.09   74.30   81.95
02:38:07 72.16   75.09   74.30   81.84
02:39:10 72.16   75.09   74.30   81.95
02:40:14 72.16   75.09   74.19   81.84
02:41:17 72.16   75.09   74.19   81.84
02:42:21 72.16   75.09   74.08   81.95
02:43:24 72.16   75.09   73.96   81.95
02:44:27 72.16   75.09   74.53   81.95
02:45:31 72.16   75.09   74.30   81.84
02:46:34 72.16   75.09   74.19   81.95
02:47:37 72.16   75.09   74.08   81.95
02:48:41 72.16   75.09   74.30   81.84
02:49:44 72.16   75.09   74.19   81.84
02:50:47 72.16   75.09   74.41   81.95
02:51:51 72.16   75.09   74.19   81.95
02:52:54 72.16   74.97   74.41   81.84
02:53:57 72.05   75.09   74.41   81.84
02:55:01 72.16   75.09   74.19   81.84
02:56:04 72.16   75.09   74.30   81.84
02:57:07 72.16   75.09   74.30   81.84
02:58:11 72.16   74.97   74.30   81.84
02:59:14 72.16   75.09   74.19   81.95
03:00:17 72.05   75.09   74.41   81.95
03:01:21 72.05   75.09   74.41   82.06
03:02:24 72.05   75.09   74.30   81.95
03:03:27 72.05   75.09   74.30   81.95
03:04:31 72.05   75.09   74.19   81.95
03:05:34 72.16   75.09   74.30   81.84
03:06:37 72.05   75.09   74.19   81.84
03:07:41 72.05   75.09   74.30   81.72
03:08:44 72.16   75.09   74.30   81.84
03:09:47 72.16   75.09   74.30   81.84
03:10:51 72.05   75.09   74.30   81.72
03:11:54 72.05   75.09   74.08   81.61
03:12:57 72.05   75.09   74.30   81.61
03:14:01 72.05   75.09   74.30   81.84
03:15:04 72.16   75.09   74.30   81.84
03:16:07 72.16   75.09   74.30   81.95
03:17:11 72.05   75.09   74.30   81.95
03:18:14 72.05   74.97   74.30   81.95
03:19:17 72.05   75.09   74.30   82.06
03:20:21 72.05   74.97   74.08   81.95
03:21:24 72.05   75.09   74.19   81.95
03:22:27 72.05   75.09   74.19   82.06
03:23:31 72.05   75.09   74.30   81.95
03:24:34 72.05   74.97   74.19   82.06
03:25:37 72.05   74.97   74.30   81.95
03:26:41 72.05   74.97   74.19   81.95
03:27:44 72.05   74.97   74.30   81.95
03:28:48 72.05   75.09   74.30   81.95
03:29:51 72.05   74.97   74.30   81.95
03:30:54 71.94   74.97   74.19   81.95
03:31:58 72.05   74.97   74.41   82.06
03:33:01 72.05   74.97   74.19   81.95
03:34:04 72.05   74.97   74.30   81.95
03:35:08 72.05   74.97   74.41   81.84
03:36:11 72.05   74.97   74.30   81.84
03:37:14 72.05   74.97   74.19   81.84
03:38:18 72.05   74.97   74.19   81.84
03:39:21 72.05   74.97   74.30   81.84
03:40:24 72.05   74.97   74.41   81.72
03:41:28 72.05   74.97   74.41   81.72
03:42:31 72.05   74.97   74.41   81.72
03:43:34 72.05   74.97   74.19   81.72
03:44:38 72.05   74.97   74.30   81.72
03:45:41 72.05   74.97   74.30   81.72
03:46:44 72.05   74.97   74.30   81.72
03:47:48 72.05   74.97   74.19   81.61
03:48:51 72.05   74.97   74.19   81.61
03:49:54 72.05   74.97   74.19   81.61
03:50:58 72.05   74.97   74.30   81.72
03:52:01 71.94   74.86   74.19   81.72
03:53:04 71.94   74.97   74.30   81.61
03:54:08 71.94   74.97   74.30   81.61
03:55:11 71.94   74.97   74.41   81.61
03:56:14 71.94   74.97   74.30   81.61
03:57:18 71.94   74.86   74.41   81.72
03:58:21 71.94   74.86   74.30   81.84
03:59:24 71.94   74.86   74.53   81.84
04:00:28 71.94   74.86   74.08   81.84
04:01:31 71.94   74.86   74.19   81.84
04:02:35 71.94   74.86   74.30   81.72
04:03:38 71.94   74.86   74.30   81.72
04:04:41 71.94   74.86   74.30   81.61
04:05:45 71.94   74.86   74.30   81.61
04:06:48 71.94   74.86   74.30   81.61
04:07:51 71.94   74.86   74.19   81.61
04:08:55 71.94   74.86   74.19   81.61
04:09:58 71.94   74.86   74.30   81.72
04:11:01 71.94   74.86   74.19   81.72
04:12:05 71.94   74.86   74.19   81.72
04:13:08 71.94   74.86   74.19   81.84
04:14:11 71.94   74.86   74.41   81.84
04:15:15 71.94   74.86   74.30   81.84
04:16:18 71.94   74.86   74.30   81.84
04:17:21 71.94   74.86   74.19   81.84
04:18:25 71.94   74.86   74.19   81.95
04:19:28 71.83   74.86   74.19   81.95
04:20:31 71.94   74.86   74.30   81.84
04:21:35 71.94   74.86   74.19   81.72
04:22:38 71.94   74.86   74.30   81.72
04:23:41 71.94   74.86   74.19   81.72
04:24:45 71.94   74.86   74.19   81.84
04:25:48 71.94   74.86   74.30   81.84
04:26:51 71.94   74.86   74.41   81.72
04:27:55 71.94   74.86   74.30   81.72
04:28:58 71.94   74.86   74.19   81.72
04:30:01 71.94   74.75   74.30   81.72
04:31:05 71.94   74.75   74.41   81.84
04:32:08 71.94   74.86   74.41   81.84
04:33:11 71.94   74.75   74.30   81.84
04:34:15 71.94   74.86   74.19   81.84
04:35:18 71.94   74.86   74.30   81.84
04:36:22 71.94   74.75   74.19   81.84
04:37:25 71.83   74.75   74.30   81.72
04:38:28 71.83   74.86   74.41   81.72
04:39:32 71.94   74.75   74.30   81.72
04:40:35 71.94   74.75   74.19   81.84
04:41:38 71.83   74.75   74.30   81.95
04:42:42 71.94   74.75   74.30   81.84
04:43:45 71.83   74.75   74.19   81.84
04:44:48 71.83   74.75   74.30   81.72
04:45:52 71.83   74.86   74.30   81.72
04:46:55 71.94   74.75   74.30   81.61
04:47:58 71.83   74.75   74.19   81.72
04:49:02 71.83   74.75   74.19   81.84
04:50:05 71.94   74.86   74.30   81.72
04:51:08 71.94   74.86   74.30   81.72
04:52:12 71.94   74.75   74.41   81.84
04:53:15 71.83   74.75   74.41   81.72
04:54:18 71.83   74.75   74.19   81.72
04:55:22 71.83   74.75   74.30   81.72
04:56:25 71.83   74.75   74.30   81.61
04:57:28 71.83   74.75   74.08   81.61
04:58:32 71.83   74.75   74.19   81.61
04:59:35 71.83   74.75   74.30   81.61
05:00:38 71.83   74.75   74.30   81.61
05:01:42 71.94   74.86   74.19   81.50
05:02:45 71.94   74.75   74.41   81.50
05:03:48 71.83   74.75   74.19   81.50
05:04:52 71.83   74.75   74.19   81.61
05:05:55 71.83   74.75   74.41   90.39
05:06:58 71.83   74.75   74.41   104.34
05:08:02 71.83   74.75   74.30   107.49
05:09:05 71.83   74.75   74.30   108.39
05:10:08 71.83   74.75   74.08   108.84
05:11:12 71.83   74.75   74.19   109.18
05:12:15 71.83   74.75   74.19   109.63
05:13:18 71.83   74.75   74.19   109.51
05:14:22 71.83   74.75   74.19   109.51
05:15:25 71.94   74.75   74.30   110.86
05:16:29 71.94   74.75   74.30   111.43
05:17:32 71.94   74.86   74.19   111.76
05:18:35 71.94   74.86   74.08   112.21
05:19:39 71.94   74.75   74.19   112.44
05:20:42 71.94   74.75   74.19   111.99
05:21:45 71.94   74.86   74.30   111.31
05:22:49 71.94   74.86   74.30   110.41
05:23:52 72.05   74.86   74.19   109.51
05:24:55 72.05   91.74   74.08   108.61
05:25:59 72.16   119.19   74.19   108.05
05:27:02 72.28   138.31   74.19   107.71
05:28:05 72.61   150.24   74.19   107.60
05:29:07 72.95   157.89   74.30   107.49
05:30:10 73.40   155.07   74.30   107.26
05:31:13 73.74   148.66   74.19   107.26
05:32:16 74.08   155.30   74.30   112.33
05:33:19 74.41   161.49   74.41   112.78
05:34:22 74.75   150.35   74.19   112.44
05:35:25 74.97   123.24   74.53   111.76
05:36:28 75.09   104.00   74.64   110.75
05:37:32 75.09   93.20   74.64   109.63
05:38:35 74.86   87.24   74.75   108.61
05:39:38 74.64   83.64   74.64   107.71
05:40:42 74.53   81.50   74.86   106.81
05:41:45 74.30   80.15   74.86   106.14
05:42:48 74.19   100.29   74.97   105.46
05:43:52 74.08   125.94   74.86   105.01
05:44:55 74.08   143.38   74.97   105.01
05:45:58 74.30   146.98   74.97   105.13
05:47:01 74.53   123.35   75.09   105.01
05:48:04 74.64   104.23   75.09   107.83
05:49:08 74.75   93.09   75.09   114.91
05:50:11 74.75   86.90   75.31   115.25
05:51:14 74.64   83.41   75.20   114.01
05:52:18 74.53   81.39   75.20   112.55
05:53:21 74.41   80.04   75.20   111.31
05:54:24 74.19   79.25   75.31   110.08
05:55:28 74.08   78.58   75.54   108.73
05:56:31 73.96   78.13   75.43   107.71
05:57:34 73.85   85.33   75.31   106.81
05:58:38 73.74   113.45   75.31   106.25
05:59:41 73.85   135.28   75.43   105.91
06:00:44 73.96   147.65   75.43   106.03
06:01:47 74.30   129.20   75.31   105.91
06:02:50 74.53   108.39   75.43   105.58
06:03:54 74.75   95.11   75.54   105.01
06:04:57 74.75   88.03   75.54   104.23
06:06:00 74.75   84.09   75.54   103.55
06:07:04 74.64   81.72   75.54   102.76
06:08:07 74.53   80.38   75.54   102.20
06:09:10 74.53   79.47   75.65   101.64
06:10:14 74.30   78.80   75.76   101.08
06:11:17 74.30   78.35   75.54   100.51
06:12:20 74.19   78.01   75.76   100.06
06:13:24 74.08   77.68   75.76   99.61
06:14:27 73.96   77.56   75.65   99.28
06:15:30 73.85   77.34   75.76   98.83
06:16:34 73.85   77.22   75.88   98.49
06:17:37 73.74   77.11   75.65   98.04
06:18:40 73.74   77.00   75.88   97.70
06:19:44 73.74   77.00   75.88   97.36
06:20:47 73.63   76.89   75.76   97.03
06:21:50 73.63   76.78   75.76   96.69
06:22:54 73.63   76.78   75.88   96.35
06:23:57 73.63   76.78   75.88   96.01
06:25:01 73.63   76.66   75.76   95.79
06:26:04 73.63   76.66   75.76   95.45
06:27:07 73.51   76.66   75.76   95.11
06:28:11 73.51   76.66   75.88   94.89
06:29:14 73.51   76.66   75.76   94.66
06:30:17 73.51   76.55   75.88   94.44
06:31:21 73.51   76.66   75.88   94.10
06:32:24 73.51   76.66   75.88   93.76
06:33:27 73.51   76.66   75.88   93.54
06:34:31 73.51   76.55   75.76   93.31
06:35:34 73.51   76.55   75.76   93.09
06:36:37 73.51   76.55   75.88   92.86
06:37:41 73.51   76.55   75.88   92.75
06:38:44 73.51   76.55   75.88   92.41
06:39:47 73.51   76.55   75.99   92.30
06:40:51 73.51   76.55   75.88   92.08
06:41:54 73.51   76.55   76.10   91.85
06:42:57 73.51   76.55   75.99   91.63
06:44:01 73.51   76.55   76.10   91.51
06:45:04 73.51   76.55   75.99   91.40
06:46:07 73.51   76.55   75.76   91.18
06:47:11 73.40   76.55   75.76   91.06
06:48:14 73.40   76.55   75.88   90.84
06:49:17 73.40   76.55   75.88   90.61
06:50:21 73.40   76.55   75.76   90.39
06:51:24 73.40   76.44   75.76   90.39
06:52:27 73.40   76.44   75.88   90.16
06:53:31 73.40   76.44   75.99   90.05
06:54:34 73.40   76.44   75.99   89.94
06:55:37 73.40   76.44   75.88   89.71
06:56:41 73.40   76.44   75.76   89.49
06:57:44 73.40   76.44   75.65   89.49
06:58:47 73.40   76.44   75.76   89.38
06:59:51 73.40   76.44   75.76   89.38
07:00:54 73.40   76.44   75.99   89.15
07:01:58 73.40   76.44   76.10   89.04
07:03:01 73.40   76.44   75.88   88.93
07:04:04 73.40   76.33   75.65   88.70
07:05:08 73.40   76.33   75.76   88.47
07:06:11 73.29   76.44   75.88   88.36
07:07:14 73.40   76.33   75.76   88.36
07:08:18 73.40   76.33   75.76   88.14
07:09:21 73.40   76.44   75.88   88.14
07:10:24 73.40   76.33   75.88   88.03
07:11:28 73.40   76.33   75.76   87.80
07:12:31 73.40   76.33   75.88   87.91
07:13:34 73.40   76.33   75.76   87.80
07:14:38 73.40   76.33   75.65   87.91
07:15:41 73.29   76.33   75.76   87.80
07:16:44 73.29   76.33   75.65   87.69
07:17:48 73.29   76.33   75.76   87.58
07:18:51 73.29   76.33   75.76   87.58
07:19:54 73.29   76.33   75.76   87.46
07:20:58 73.29   76.33   75.65   87.46
07:22:01 73.29   76.33   75.65   87.46
07:23:04 73.29   76.33   75.76   87.35
07:24:08 73.29   76.33   75.99   87.24
07:25:11 73.29   76.21   75.88   87.13
07:26:14 73.29   76.21   75.88   87.01
07:27:18 73.29   76.33   75.76   86.90
07:28:21 73.29   76.21   75.76   86.90
07:29:24 73.29   76.21   75.65   86.79
07:30:28 73.29   76.21   75.65   95.00
07:31:31 73.29   76.21   75.65   108.39
07:32:35 73.29   76.21   75.76   110.86
07:33:38 73.29   76.21   75.65   111.31
07:34:41 73.29   76.21   75.43   111.43
07:35:45 73.29   76.21   75.65   111.76
07:36:48 73.29   76.21   75.76   111.99
07:37:51 73.29   76.21   75.76   112.10
07:38:55 73.29   76.33   75.65   112.10
07:39:58 73.29   76.33   75.65   112.10
07:41:01 73.29   76.33   75.54   111.99
07:42:05 73.40   76.33   75.76   111.88
07:43:08 73.40   76.33   75.65   111.76
07:44:11 73.40   76.33   75.76   111.43
07:45:15 73.40   76.33   75.54   110.86
07:46:18 73.40   76.33   75.65   110.75
07:47:21 73.40   76.44   75.65   111.99
07:48:25 73.40   76.44   75.54   112.33
07:49:28 73.40   76.44   75.76   111.99
07:50:31 73.51   76.44   75.65   113.23
07:51:35 73.51   76.44   75.65   113.45
07:52:38 73.51   76.44   75.54   113.00
07:53:41 73.51   76.44   75.65   112.21
07:54:45 73.63   76.55   75.54   111.54
07:55:48 73.63   76.44   75.88   111.76
07:56:51 73.63   76.55   75.65   111.31
07:57:55 73.63   76.55   75.65   110.64
07:58:58 73.63   76.55   75.65   109.96
08:00:01 73.63   76.55   75.54   109.29
08:01:05 73.63   76.55   75.54   108.61
08:02:08 73.63   76.55   75.76   107.94
08:03:12 73.63   76.55   75.54   107.49
08:04:15 73.74   76.55   75.76   106.81
08:05:18 73.63   76.55   75.76   106.14
08:06:22 73.74   76.66   75.65   105.46
08:07:25 73.74   76.66   75.65   104.90
08:08:28 73.74   76.66   75.65   104.45
08:09:32 73.74   76.66   75.65   103.78
08:10:35 73.74   76.66   75.76   103.21
08:11:38 73.74   76.66   75.76   102.65
08:12:42 73.74   76.66   75.76   102.20
08:13:45 73.74   76.66   75.76   101.64
08:14:48 73.74   76.66   75.65   101.30
08:15:52 73.74   76.78   75.65   100.85
08:16:55 73.74   76.66   75.76   100.40
08:17:58 73.74   76.66   75.76   99.95
08:19:02 73.74   76.78   75.65   99.61
08:20:05 73.74   76.78   75.54   99.16
08:21:08 73.74   76.78   75.76   98.83
08:22:12 73.74   76.66   75.76   98.38
08:23:15 73.74   76.78   75.76   98.04
08:24:18 73.74   76.78   75.88   97.70
08:25:22 73.74   76.66   75.76   97.25
08:26:25 73.74   76.66   75.65   96.91
08:27:28 73.74   76.66   75.76   96.58
08:28:32 73.63   76.66   75.76   96.35
08:29:35 73.63   76.66   75.65   96.01
08:30:38 73.63   76.66   75.76   95.68
08:31:42 73.74   76.66   75.76   95.34
08:32:45 73.63   76.66   75.76   95.11
08:33:49 73.63   76.55   75.76   94.89
08:34:52 73.63   76.66   75.76   94.55
08:35:55 73.63   76.66   75.99   94.21
08:36:59 73.63   76.55   75.76   93.99
08:38:02 73.63   76.55   75.88   93.76
08:39:05 73.63   76.55   75.88   93.54
08:40:09 73.63   76.55   75.76   93.31
08:41:12 73.51   76.55   75.76   92.97
08:42:15 73.63   76.55   75.76   92.75
08:43:19 73.63   76.55   75.76   92.41
08:44:22 73.51   76.55   75.88   92.19
08:45:25 73.51   76.55   75.65   91.96
08:46:29 73.51   76.55   75.99   91.74
08:47:32 73.51   76.55   75.88   91.63
08:48:35 73.51   76.55   75.76   91.40
08:49:39 73.51   76.55   75.65   91.18
08:50:42 73.51   76.55   75.76   90.84
08:51:45 73.51   76.55   75.65   90.61
08:52:49 73.63   76.55   75.65   90.50
08:53:52 73.51   76.55   75.76   95.90
08:54:55 73.63   76.55   75.65   103.55
08:55:59 73.63   76.55   75.54   106.81
08:57:02 73.63   76.66   75.88   112.33
08:58:05 73.63   76.66   75.88   112.33
08:59:09 73.63   76.55   75.65   111.31
09:00:12 73.63   76.66   75.65   110.08
09:01:15 73.63   76.55   75.88   108.84
09:02:19 73.63   76.66   75.76   107.60
09:03:22 73.51   76.55   75.76   106.36
09:04:25 73.63   76.55   75.88   105.35
09:05:29 73.63   76.55   75.65   104.34
09:06:32 73.51   76.55   75.88   103.55
09:07:35 73.63   76.55   75.88   102.76
09:08:39 73.63   76.55   75.76   101.98
09:09:42 73.51   76.55   75.65   101.30
09:10:45 73.51   76.55   75.76   100.63
09:11:49 73.51   76.55   75.65   99.95
09:12:52 73.51   76.55   75.76   99.39
09:13:55 73.63   76.55   75.88   98.94
09:14:59 73.51   76.55   75.88   98.49
09:16:02 73.51   76.55   75.65   97.92
09:17:06 73.63   76.55   75.99   97.36
09:18:09 73.51   76.55   75.88   96.80
09:19:12 73.51   76.55   75.99   96.35
09:20:16 73.51   76.55   75.88   96.01
09:21:19 73.51   76.55   75.88   95.56
09:22:22 73.51   76.55   75.88   95.11
09:23:26 73.51   76.55   75.76   94.78
09:24:29 73.51   76.55   75.88   94.44
09:25:32 73.51   76.44   75.99   93.99
09:26:36 73.51   76.55   75.88   93.76
09:27:39 73.51   76.55   75.88   93.31
09:28:42 73.51   76.55   75.88   93.09
09:29:46 73.51   76.55   75.88   92.86
09:30:49 73.51   76.55   75.76   92.64
09:31:52 73.51   76.55   75.76   92.41
09:32:56 73.51   76.44   75.99   91.96
09:33:59 73.51   76.55   75.88   91.85
09:35:02 73.51   76.55   75.88   91.74
09:36:06 73.51   76.55   75.88   91.40
09:37:09 73.51   76.55   75.88   91.29
09:38:12 73.51   76.55   75.99   91.06
09:39:16 73.51   76.55   75.99   90.72
09:40:19 73.63   76.55   75.88   107.49
09:41:22 73.63   76.55   75.88   111.54
09:42:26 73.63   76.55   75.76   111.09
09:43:29 73.51   76.55   75.88   109.40
09:44:32 73.51   76.44   75.99   107.83
09:45:36 73.51   76.55   75.88   106.36
09:46:39 73.51   76.55   75.99   105.01
09:47:42 73.51   76.55   75.99   103.89
09:48:46 73.51   76.44   75.88   102.76
09:49:49 73.51   76.44   75.99   101.86
09:50:52 73.51   76.44   75.99   100.96
09:51:56 73.51   76.44   75.99   100.18
09:52:59 73.51   76.44   75.99   99.61
09:54:02 73.51   76.44   75.99   98.94
09:55:06 73.51   76.55   75.99   98.38
09:56:09 73.51   76.44   76.10   97.59
09:57:13 73.51   76.55   75.88   97.14
09:58:16 73.51   76.44   76.10   96.58
09:59:19 73.51   76.44   75.76   96.13
10:00:23 73.51   76.44   75.88   95.79
10:01:26 73.51   76.44   75.99   95.34
10:02:29 73.51   76.44   75.99   95.11
10:03:33 73.51   76.44   75.99   94.66
10:04:36 73.51   76.44   75.99   94.21
10:05:39 73.51   76.44   76.10   93.99
10:06:43 73.40   76.44   75.99   93.65
10:07:46 73.51   76.44   75.88   93.20
10:08:49 73.51   76.44   76.10   92.86
10:09:53 73.51   76.44   76.10   92.64
10:10:56 73.51   76.44   76.10   92.30
10:11:59 73.51   76.44   76.10   92.08
10:13:03 73.51   76.44   76.10   91.85
10:14:06 73.40   76.44   75.99   91.51
10:15:09 73.51   76.44   75.99   91.29
10:16:13 73.40   76.44   76.10   91.06
10:17:16 73.51   76.44   75.99   90.84
10:18:19 73.40   76.44   75.99   90.61
10:19:23 73.40   76.44   75.99   90.61
10:20:26 73.40   76.44   75.99   90.39
10:21:29 73.40   76.44   75.99   90.16
10:22:33 73.40   76.44   75.99   90.05
10:23:36 73.40   76.44   75.99   89.83
10:24:39 73.51   76.44   75.99   89.60
10:25:43 73.51   76.44   76.10   89.38
10:26:46 73.51   76.44   76.10   89.15
10:27:50 73.40   76.44   76.21   89.04
10:28:53 73.51   76.44   75.99   88.93
10:29:56 73.40   76.44   75.88   88.81
10:31:00 73.40   76.44   76.10   88.47
10:32:03 73.40   76.44   75.99   88.36
10:33:06 73.40   76.44   75.99   88.25
10:34:10 73.40   76.44   76.10   88.14
10:35:13 73.40   76.44   76.10   87.91
10:36:16 73.51   76.44   76.10   87.69
10:37:20 73.40   76.44   75.99   87.69
10:38:23 73.40   76.44   75.88   87.58
10:39:26 73.40   76.44   75.88   87.46
10:40:30 73.40   76.44   75.99   87.46
10:41:33 73.40   76.44   75.99   87.24
10:42:36 73.40   76.44   76.10   87.13
10:43:40 73.40   76.44   75.99   87.01
10:44:43 73.40   76.44   76.10   87.01
10:45:46 73.40   76.44   75.99   86.90
10:46:50 73.40   76.44   75.99   86.79
10:47:53 73.40   76.33   76.10   86.68
10:48:56 73.40   76.44   76.10   86.56
10:50:00 73.40   76.44   76.10   86.45
10:51:03 73.51   76.44   76.10   86.34
10:52:06 73.40   76.44   76.21   86.34
10:53:10 73.51   76.44   76.10   86.34
10:54:13 73.40   76.44   75.99   86.11
10:55:16 73.40   76.44   75.99   86.34
10:56:20 73.51   76.44   75.99   86.11
10:57:23 73.51   76.44   75.99   86.11
10:58:27 73.40   76.44   75.99   86.00
10:59:30 73.40   76.44   75.99   85.89
11:00:33 73.51   76.44   76.10   85.78
11:01:37 73.51   76.44   76.10   85.78
11:02:40 73.51   76.44   76.10   85.78
11:03:43 73.51   76.44   76.21   85.66
11:04:47 73.40   76.44   76.21   85.55
11:05:50 73.40   76.44   76.21   85.55
11:06:53 73.40   76.44   75.99   85.44
11:07:57 73.51   76.44   76.10   85.44
11:09:00 73.40   76.44   76.10   85.44
11:10:03 73.51   76.44   76.10   85.33
11:11:07 73.40   76.44   76.10   85.44
11:12:10 73.51   76.44   76.10   85.21
11:13:13 73.40   76.44   76.10   85.21
11:14:17 73.51   76.44   75.99   85.10
11:15:20 73.40   76.44   75.99   84.99
11:16:23 73.51   76.44   76.21   84.88
11:17:27 73.51   76.44   76.10   84.88
11:18:30 73.51   76.44   76.10   84.76
11:19:33 73.51   76.44   76.10   84.76
11:20:37 73.40   76.44   76.10   84.76
11:21:40 73.40   76.44   76.10   84.65
11:22:43 73.40   76.44   76.21   84.65
11:23:47 73.40   76.44   76.33   84.65
11:24:50 73.40   76.44   76.21   84.65
11:25:53 73.51   76.44   76.10   84.54
11:26:57 73.51   76.44   76.10   84.54
11:28:00 73.40   76.44   76.10   84.54
11:29:04 73.40   76.44   76.21   84.54
11:30:07 73.51   76.44   76.10   84.54
11:31:10 73.51   76.44   76.21   84.54
11:32:14 73.51   76.44   76.10   84.43
11:33:17 73.51   76.44   76.10   84.54
11:34:20 73.51   76.44   76.21   84.43
11:35:24 73.51   76.55   76.21   84.43
11:36:27 73.51   76.44   76.10   84.43
11:37:30 73.51   76.44   76.21   84.43
11:38:34 73.51   76.44   76.21   84.31
11:39:37 73.51   76.55   76.10   84.31
11:40:40 73.51   76.55   76.21   84.20
11:41:44 73.51   76.55   76.33   84.20
11:42:47 73.51   76.55   76.33   84.20
11:43:50 73.51   76.55   76.10   84.09
11:44:54 73.51   76.55   76.21   84.20
11:45:57 73.63   76.55   76.33   84.09
11:47:00 73.51   76.55   76.33   84.09
11:48:04 73.51   76.55   76.21   84.09
11:49:07 73.51   76.55   76.10   84.09
11:50:10 73.51   76.55   76.21   84.09
11:51:14 73.51   76.55   76.10   83.97
11:52:17 73.51   76.55   76.21   83.97
11:53:20 73.51   76.55   76.21   83.97
11:54:24 73.51   76.55   76.33   83.97
11:55:27 73.51   76.55   76.21   83.97
11:56:30 73.51   76.55   76.33   83.97
11:57:34 73.51   76.55   76.21   83.97
11:58:37 73.51   76.55   76.33   83.86
11:59:40 73.51   76.55   76.33   83.97
12:00:44 73.51   76.55   76.21   83.86
12:01:47 73.51   76.55   76.33   83.86
12:02:50 73.51   76.55   76.33   83.86
12:03:54 73.51   76.55   76.21   100.85
12:04:57 73.51   76.55   76.33   104.11
12:06:00 73.51   76.55   76.21   102.99
12:07:04 73.51   76.44   76.33   101.53
12:08:07 73.51   76.44   76.21   99.95
12:09:11 73.51   76.44   76.21   98.49
12:10:14 73.40   76.44   76.21   97.36
12:11:17 73.40   76.44   76.21   96.58
12:12:21 73.40   76.44   76.21   95.68
12:13:24 73.40   76.44   76.10   94.89
12:14:27 73.40   76.44   76.21   94.33
12:15:31 73.40   76.44   76.21   93.76
12:16:34 73.40   76.33   76.33   93.31
12:17:37 73.40   76.33   76.21   92.97
12:18:41 73.40   76.33   76.21   92.53
12:19:44 73.40   76.33   76.21   92.08
12:20:47 73.40   76.33   76.10   91.74
12:21:51 73.40   76.33   76.10   91.63
12:22:54 73.40   76.33   76.21   91.29
12:23:57 73.29   76.33   76.10   90.95
12:25:01 73.29   76.33   76.10   90.72
12:26:04 73.29   76.21   76.10   90.28
12:27:07 73.29   76.33   76.10   90.05
12:28:11 73.40   76.33   75.99   89.71
12:29:14 73.29   76.33   75.99   89.49
12:30:17 73.29   76.21   75.99   89.15
12:31:21 73.29   76.21   75.99   89.04
12:32:24 73.29   76.21   75.99   88.81
12:33:27 73.29   76.33   75.99   88.70
12:34:31 73.29   76.21   75.88   88.47
12:35:34 73.29   76.21   75.99   88.36
12:36:37 73.29   76.21   76.21   88.14
12:37:41 73.29   76.21   76.10   88.03
12:38:44 73.29   76.21   76.10   87.80
12:39:48 73.29   76.33   75.99   87.69
12:40:51 73.29   76.21   75.99   87.58
12:41:54 73.29   76.21   75.99   87.46
12:42:58 73.29   76.21   75.99   87.35
12:44:01 73.29   76.21   75.88   87.35
12:45:04 73.29   76.21   75.99   87.13
12:46:08 73.29   76.21   76.10   87.01
12:47:11 73.29   76.21   75.88   86.79
12:48:14 73.29   76.21   75.99   86.68
12:49:18 73.18   76.21   75.88   86.68
12:50:21 73.29   76.21   75.99   86.56
12:51:24 73.29   76.21   75.99   86.45
12:52:28 73.29   76.21   75.99   86.22
12:53:31 73.29   76.10   75.99   86.11
12:54:34 73.29   76.21   75.99   86.11
12:55:38 73.29   76.21   75.99   86.00
12:56:41 73.18   76.10   75.99   85.89
12:57:44 73.18   76.10   75.99   85.89
12:58:48 73.18   76.10   75.99   85.66
12:59:51 73.18   76.10   76.10   85.55
13:00:54 73.18   76.10   75.88   85.55
13:01:58 73.18   76.10   75.99   85.44
13:03:01 73.18   76.10   75.99   85.44
13:04:04 73.18   76.10   75.99   85.33
13:05:08 73.18   76.21   75.88   85.21
13:06:11 73.18   76.10   75.99   85.10
13:07:14 73.18   76.10   75.88   85.10
13:08:18 73.18   76.21   75.99   84.99
13:09:21 73.18   76.10   75.99   84.99
13:10:24 73.18   76.10   76.10   84.99
13:11:28 73.18   76.10   75.99   84.99
13:12:31 73.18   76.21   76.10   84.88
13:13:35 73.18   76.10   76.10   84.88
13:14:38 73.18   76.10   75.99   84.76
13:15:41 73.18   76.10   75.76   84.76
13:16:45 73.18   76.10   75.76   84.76
13:17:48 73.18   76.10   75.88   84.65
13:18:51 73.18   76.10   75.99   84.65
13:19:55 73.18   76.10   75.99   84.54
13:20:58 73.18   76.10   75.99   84.54
13:22:01 73.18   76.10   76.10   84.54
13:23:05 73.18   76.10   76.10   84.43
13:24:08 73.18   76.10   75.99   84.31
13:25:11 73.18   76.10   75.88   84.31
13:26:15 73.18   76.10   75.88   84.20
13:27:18 73.18   76.10   75.99   84.20
13:28:21 73.18   76.10   75.99   84.31
13:29:25 73.18   76.10   76.10   84.20
13:30:28 73.18   76.10   75.88   84.20
13:31:31 73.06   76.10   75.88   84.20
13:32:35 73.06   76.10   75.99   84.20
13:33:38 73.18   76.10   75.99   84.09
13:34:41 73.18   75.99   75.88   84.09
13:35:45 73.06   76.10   76.10   84.09
13:36:48 73.06   76.10   75.99   83.97
13:37:51 73.06   76.10   75.76   83.86
13:38:55 73.06   76.10   75.88   83.75
13:39:58 73.06   76.10   75.88   83.86
13:41:01 73.06   76.10   75.88   83.86
13:42:05 73.06   76.10   75.88   83.86
13:43:08 73.06   76.10   75.88   83.75
13:44:12 73.06   76.10   75.99   83.75
13:45:15 73.06   76.10   76.10   83.75
13:46:18 73.06   76.10   75.88   83.64
13:47:22 73.06   76.10   76.10   83.75
13:48:25 73.06   76.10   75.88   83.86
13:49:28 73.06   76.10   75.88   83.75
13:50:32 73.06   76.10   75.99   83.75
13:51:35 73.06   76.10   75.99   83.64
13:52:38 73.06   75.99   75.88   83.53
13:53:42 73.06   76.10   75.88   83.53
13:54:45 73.06   76.10   75.88   83.53
13:55:48 73.18   76.10   75.88   83.41
13:56:52 73.06   76.10   75.88   83.30
13:57:55 73.06   76.10   75.88   83.30
13:58:58 73.18   76.10   75.88   83.41
14:00:02 73.18   76.10   75.88   83.30
14:01:05 73.18   76.10   75.88   83.30
14:02:08 73.18   76.10   75.88   83.30
14:03:12 73.18   76.10   75.88   83.30
14:04:15 73.18   76.10   75.76   83.19
14:05:18 73.18   76.10   75.88   83.30
14:06:22 73.18   76.10   75.99   83.30
14:07:25 73.18   76.10   76.10   83.30
14:08:28 73.18   76.10   76.10   83.30
14:09:32 73.18   76.10   75.88   83.30
14:10:35 73.18   76.10   75.99   83.30
14:11:38 73.18   76.10   75.88   83.30
14:12:42 73.18   76.10   75.88   83.19
14:13:45 73.18   76.10   75.88   83.08
14:14:49 73.18   76.10   75.76   83.19
14:15:52 73.18   76.10   75.88   83.19
14:16:55 73.18   76.10   75.88   83.19
14:17:59 73.18   76.10   75.88   83.19
14:19:02 73.06   76.10   75.76   83.19
14:20:05 73.18   76.10   75.88   83.08
14:21:09 73.18   76.10   75.88   83.19
14:22:12 73.18   76.10   75.76   83.08
14:23:15 73.18   76.10   75.88   83.08
14:24:19 73.18   76.10   75.76   83.08
14:25:22 73.18   76.10   75.76   83.08
14:26:25 73.18   76.10   75.88   83.08
14:27:29 73.18   76.10   75.99   83.08
14:28:32 73.18   76.10   75.76   83.08
14:29:35 73.06   76.10   75.99   83.08
14:30:39 73.18   76.10   75.88   83.08
14:31:42 73.18   76.10   75.88   83.08
14:32:45 73.18   76.10   75.88   83.08
14:33:49 73.18   76.10   75.88   83.19
14:34:52 73.18   76.10   75.88   83.08
14:35:55 73.18   76.10   75.99   83.08
14:36:59 73.18   76.10   75.76   82.96
14:38:02 73.18   76.10   75.99   82.96
14:39:05 73.06   76.10   76.33   82.96
14:40:09 73.18   76.10   75.99   82.85
14:41:12 73.29   76.10   75.76   82.96
14:42:15 73.18   76.10   75.99   86.34
14:43:19 73.29   76.10   75.99   94.33
14:44:22 73.29   76.21   76.21   94.44
14:45:25 73.29   76.21   76.10   93.43
14:46:29 73.29   76.21   75.99   92.30
14:47:32 73.29   76.21   76.10   91.63
14:48:36 73.29   76.21   76.10   90.84
14:49:39 73.40   76.33   76.10   90.39
14:50:42 73.29   76.33   75.88   89.94
14:51:46 73.29   76.33   76.10   89.49
14:52:49 73.29   76.33   76.10   89.15
14:53:52 73.29   76.21   75.99   88.93
14:54:56 73.29   76.33   75.99   88.59
14:55:59 73.29   76.33   76.10   88.25
14:57:02 73.29   76.33   76.21   88.03
14:58:06 73.29   76.33   76.10   87.91
14:59:09 73.29   76.33   76.10   87.58
15:00:12 73.29   76.33   76.33   87.35
15:01:16 73.29   76.33   76.21   87.24
15:02:19 73.29   76.33   76.21   87.01
15:03:22 73.29   76.33   76.10   86.90
15:04:26 73.29   76.33   76.33   86.79
15:05:29 73.29   76.33   76.21   86.56
15:06:32 73.29   76.33   75.99   86.45
15:07:36 73.29   76.33   76.10   86.34
15:08:39 73.29   76.33   76.10   86.11
15:09:42 73.29   76.33   76.10   86.11
15:10:46 73.29   76.33   76.21   86.00
15:11:49 73.29   76.33   76.33   85.89
15:12:52 73.29   76.21   76.33   85.78
15:13:56 73.29   76.33   76.33   85.78
15:14:59 73.29   76.33   76.33   85.55
15:16:02 73.29   76.21   76.21   85.55
15:17:06 73.29   76.33   76.21   85.44
15:18:09 73.29   76.33   76.33   85.21
15:19:13 73.29   76.33   76.33   85.21
15:20:16 73.40   76.33   76.33   85.10
15:21:19 73.40   76.33   76.33   85.10
15:22:23 73.40   76.33   76.44   84.88
15:23:26 73.40   76.33   76.33   84.76
15:24:29 73.40   76.44   76.33   84.76
15:25:33 73.40   76.44   76.33   84.65
15:26:36 73.40   76.44   76.33   84.65
15:27:39 73.40   76.44   76.21   84.54
15:28:43 73.51   76.44   76.55   84.54
15:29:46 73.51   76.44   76.55   84.43
15:30:49 73.63   76.55   76.21   84.31
15:31:53 73.51   76.55   76.21   84.31
15:32:56 73.63   76.55   76.21   84.09
15:33:59 73.63   76.55   76.44   84.09
15:35:03 73.63   76.55   76.33   84.09
15:36:06 73.63   76.66   76.44   84.09
15:37:09 73.63   76.66   76.44   84.09
15:38:13 73.74   76.66   76.33   83.97
15:39:16 73.74   76.66   76.55   83.86
15:40:19 73.74   76.66   76.55   83.86
15:41:23 73.74   76.66   76.55   83.86
15:42:26 73.74   76.66   76.44   83.75
15:43:29 73.74   76.78   76.44   83.64
15:44:33 73.74   76.78   76.55   83.75
15:45:36 73.74   76.78   76.55   83.64
15:46:39 73.74   76.78   76.44   83.64
15:47:43 73.74   76.78   76.55   83.53
15:48:46 73.85   76.78   76.44   83.53
15:49:49 73.85   76.78   76.55   83.53
15:50:53 73.85   76.78   76.55   83.53
15:51:56 73.85   76.78   76.55   83.53
15:52:59 73.85   76.89   76.66   83.53
15:54:03 73.85   76.89   76.78   83.30
15:55:06 73.85   76.89   76.66   83.30
15:56:10 73.85   76.89   76.66   83.30
15:57:13 73.85   76.89   76.55   83.30
15:58:16 73.85   76.89   76.55   83.30
15:59:20 73.85   76.89   76.66   83.30
16:00:23 73.85   76.89   76.78   83.41
16:01:26 73.85   76.89   76.66   83.41
16:02:30 73.85   76.89   76.44   83.41
16:03:33 73.85   76.89   76.66   83.41
16:04:36 73.85   76.89   76.66   83.41
16:05:40 73.85   76.89   76.66   83.19
16:06:43 73.85   76.89   76.66   83.19
16:07:46 73.85   76.89   76.66   83.19
16:08:50 73.85   76.89   76.55   83.19
16:09:53 73.96   76.89   76.66   83.19
16:10:56 73.96   77.00   76.78   83.19
16:12:00 73.96   77.00   76.66   83.19
16:13:03 73.96   76.89   76.66   83.19
16:14:06 73.96   77.00   76.55   83.19
16:15:10 73.96   76.89   76.78   83.19
16:16:13 73.96   77.00   76.66   83.19
16:17:16 73.96   77.00   76.66   83.19
16:18:20 73.96   77.00   76.78   83.19
16:19:23 73.96   77.00   76.78   83.19
16:20:26 73.96   77.00   76.66   83.08
16:21:30 73.96   77.00   76.89   83.08
16:22:33 73.96   77.00   76.89   83.08
16:23:36 73.96   77.00   76.89   83.30
16:24:40 73.96   77.00   76.89   83.19
16:25:43 73.96   77.00   76.89   83.19
16:26:46 73.96   77.00   76.78   83.30
16:27:50 73.96   77.00   76.78   83.30
16:28:53 73.96   77.00   76.89   83.19
16:29:57 73.96   77.00   76.89   83.19
16:31:00 73.96   77.00   76.78   83.08
16:32:03 73.96   77.00   76.78   83.08
16:33:07 73.96   77.11   76.89   83.08
16:34:10 74.08   77.00   76.78   83.08
16:35:13 74.08   77.11   76.89   83.08
16:36:17 74.08   77.11   76.89   82.96
16:37:20 74.08   77.00   76.78   83.08
16:38:23 73.96   77.00   76.89   83.08
16:39:27 74.08   77.00   76.89   82.96
16:40:30 74.08   77.00   76.89   83.08
16:41:33 74.08   77.00   76.89   83.08
16:42:37 73.96   77.00   76.89   82.96
16:43:40 73.96   77.00   76.89   82.96
16:44:43 73.96   77.00   77.00   82.96
16:45:47 73.96   77.11   77.00   82.96
16:46:50 74.08   77.00   76.89   82.96
16:47:53 74.08   77.11   77.00   82.96
16:48:57 74.08   77.00   77.00   82.96
16:50:00 73.96   77.11   77.11   82.96
16:51:03 74.08   77.11   77.00   83.08
16:52:07 74.08   77.00   77.00   83.08
16:53:10 73.96   77.11   77.00   83.08
16:54:13 74.08   77.11   77.00   83.08
16:55:17 74.08   77.11   77.00   83.08
16:56:20 74.08   77.00   77.00   82.96
16:57:23 74.08   77.11   77.00   82.96
16:58:27 74.08   77.11   77.00   82.96
16:59:30 74.08   77.11   77.00   82.96
17:00:33 74.08   77.11   77.00   82.96
17:01:37 74.08   77.11   77.11   82.96
17:02:40 74.08   77.11   77.00   82.96
17:03:44 74.08   77.11   77.00   82.85
17:04:47 74.08   77.11   77.00   82.96
17:05:50 74.08   77.11   77.11   82.96
17:06:54 74.08   77.11   77.00   82.96
17:07:57 74.08   77.11   77.11   83.08
17:09:00 74.19   77.11   77.11   83.08
17:10:04 74.19   77.11   77.11   82.96
17:11:07 74.19   77.11   77.11   82.96
17:12:10 74.19   77.11   77.00   82.96
17:13:14 74.19   77.11   77.22   82.96
17:14:17 74.19   77.11   77.11   82.85
17:15:20 74.19   77.22   77.22   82.85
17:16:24 74.19   77.22   77.22   82.85
17:17:27 74.08   77.11   77.22   82.85
17:18:30 74.19   77.22   77.22   82.96
17:19:34 74.19   77.22   77.22   82.96
17:20:37 74.19   77.22   77.22   82.96
17:21:40 74.19   77.11   77.22   82.85
17:22:44 74.19   77.11   77.22   82.96
17:23:47 74.19   77.11   77.34   82.96
17:24:50 74.19   77.22   77.22   82.96
17:25:54 74.19   77.11   77.22   83.08
17:26:57 74.08   77.11   77.22   83.08
17:28:00 74.19   77.22   77.22   82.96
17:29:04 74.08   77.22   77.34   82.96
17:30:07 74.19   77.22   77.22   82.96
17:31:11 74.08   77.22   77.34   82.96
17:32:14 74.19   77.22   77.22   82.96
17:33:17 74.19   77.22   77.34   82.96
17:34:21 74.19   77.22   77.11   82.96
17:35:24 74.19   77.22   77.22   82.96
17:36:27 74.19   77.22   77.34   82.96
17:37:31 74.19   77.22   77.22   82.96
17:38:34 74.19   77.22   77.22   83.08
17:39:37 74.19   77.22   77.22   83.08
17:40:41 74.19   77.22   77.22   83.08
17:41:44 74.19   77.22   77.34   82.96
17:42:47 74.19   77.22   77.11   82.96
17:43:51 74.19   77.22   77.22   82.96
17:44:54 74.19   77.22   77.22   83.08
17:45:57 74.19   77.22   77.34   83.08
17:47:01 74.19   77.22   77.11   83.08
17:48:04 74.19   77.22   77.34   82.96
17:49:07 74.19   77.22   77.22   82.85
17:50:11 74.19   77.22   77.22   82.85
17:51:14 74.19   77.22   77.11   82.74
17:52:17 74.19   77.22   77.22   82.85
17:53:21 74.19   77.22   77.22   82.74
17:54:24 74.19   77.22   77.34   82.74
17:55:27 74.19   77.22   77.56   82.74
17:56:31 74.19   77.22   77.34   82.74
17:57:34 74.19   77.22   77.22   82.74
17:58:37 74.19   77.22   77.22   82.74
17:59:41 74.19   77.22   77.34   82.63
18:00:44 74.19   77.22   77.45   82.74
18:01:48 74.19   77.22   77.34   82.74
18:02:51 74.19   77.22   77.34   82.63
18:03:54 74.19   77.22   77.22   82.63
18:04:58 74.19   77.34   77.34   82.63
18:06:01 74.19   77.22   77.34   82.63
18:07:04 74.19   77.22   77.34   82.63
18:08:08 74.19   77.22   77.22   82.63
18:09:11 74.19   77.22   77.22   82.63
18:10:14 74.19   77.22   77.22   82.74
18:11:18 74.19   77.22   77.22   82.63
18:12:21 74.19   77.22   77.34   82.74
18:13:24 74.19   77.22   77.22   82.74
18:14:28 74.19   77.22   77.22   82.85
18:15:31 74.19   77.22   77.22   82.85
18:16:34 74.19   77.22   77.22   82.85
18:17:38 74.19   77.34   77.34   82.74
18:18:41 74.19   77.34   77.22   82.74
18:19:44 74.19   77.34   77.34   82.85
18:20:48 74.19   77.34   77.34   82.85
18:21:51 74.19   77.34   77.34   82.74
18:22:54 74.30   77.34   77.34   82.74
18:23:58 74.19   77.34   77.34   82.85
18:25:01 74.30   77.34   77.34   82.85
18:26:04 74.19   77.34   77.34   82.85
18:27:08 74.30   77.34   77.22   82.85
18:28:11 74.30   77.34   77.22   82.74
18:29:14 74.30   77.34   77.22   82.63
18:30:18 74.30   77.34   77.34   82.74
18:31:21 74.30   77.34   77.45   82.85
18:32:24 74.30   77.34   77.34   82.85
18:33:28 74.30   77.34   77.45   82.74
18:34:31 74.41   77.34   77.22   82.74
18:35:35 74.41   77.34   77.22   82.74
18:36:38 74.41   77.34   77.22   82.74
18:37:41 74.41   77.45   77.22   82.74
18:38:45 74.41   77.45   77.22   82.85
18:39:48 74.41   77.45   77.11   82.85
18:40:51 74.53   77.45   77.22   82.85
18:41:55 74.53   77.45   77.45   82.85
18:42:58 74.53   77.45   77.34   82.85
18:44:01 74.64   77.56   77.34   82.85
18:45:05 74.53   77.56   77.34   82.74
18:46:08 74.64   77.56   77.34   82.85
18:47:11 74.64   77.56   77.22   82.85
18:48:15 74.64   77.68   77.34   82.85
18:49:18 74.64   77.68   77.34   82.85
18:50:21 74.64   77.68   77.34   95.22
18:51:25 74.64   77.68   77.22   101.53
18:52:28 74.75   77.68   77.22   101.08
18:53:31 74.75   77.68   77.45   99.84
18:54:35 74.75   77.79   77.34   98.60
18:55:38 74.75   77.79   77.22   97.25
18:56:41 74.75   77.79   77.34   96.13
18:57:45 74.75   77.79   77.22   95.22
18:58:48 74.86   77.79   77.45   94.44
18:59:51 74.75   77.79   77.68   93.88
19:00:55 74.86   77.79   77.45   93.31
19:01:58 74.86   77.90   77.22   92.86
19:03:01 74.86   77.90   77.34   92.30
19:04:05 74.86   77.90   77.45   91.74
19:05:08 74.86   77.90   77.22   91.51
19:06:12 74.97   78.01   77.34   91.18
19:07:15 74.97   78.01   77.34   90.84
19:08:18 74.97   78.01   77.34   90.50
19:09:22 74.97   78.01   77.34   90.16
19:10:25 74.97   78.01   77.22   89.83
19:11:28 75.09   78.01   77.34   89.60
19:12:32 75.09   78.13   77.34   89.49
19:13:35 75.09   78.13   77.45   89.26
19:14:38 75.09   78.13   77.34   89.15
19:15:42 75.09   78.13   77.34   88.93
19:16:45 75.09   78.13   77.45   88.81
19:17:48 75.20   78.13   77.45   88.59
19:18:52 75.20   78.13   77.45   88.47
19:19:55 75.20   78.13   77.34   88.25
19:20:58 75.20   78.13   77.45   90.50
19:22:02 75.31   78.24   77.45   91.06
19:23:05 75.20   78.24   77.45   90.95
19:24:08 75.31   78.24   77.45   90.50
19:25:12 75.31   78.24   77.56   97.03
19:26:15 75.31   78.35   77.45   101.19
19:27:18 75.43   78.35   77.45   101.08
19:28:22 75.43   78.35   77.34   100.06
19:29:25 75.43   78.35   77.56   99.16
19:30:28 75.43   78.35   77.45   98.15
19:31:32 75.43   78.46   77.45   97.48
19:32:35 75.54   78.46   77.45   96.69
19:33:38 75.54   78.46   77.22   95.90
19:34:42 75.54   78.46   77.45   95.22
19:35:45 75.54   78.46   77.45   94.66
19:36:48 75.65   78.58   77.45   94.21
19:37:52 75.65   78.58   77.34   94.78
19:38:55 75.65   78.58   77.34   95.79
19:39:59 75.65   78.58   77.34   95.34
19:41:02 75.65   78.58   77.45   95.00
19:42:05 75.65   78.69   77.34   94.55
19:43:09 75.65   78.69   77.34   94.10
19:44:12 75.65   78.69   77.56   98.60
19:45:15 75.76   78.69   77.34   104.90
19:46:19 75.76   78.69   77.45   105.35
19:47:22 75.76   78.69   77.45   104.45
19:48:25 75.76   78.80   77.56   103.21
19:49:29 75.76   78.80   77.45   101.98
19:50:32 75.88   78.80   77.45   100.85
19:51:35 75.88   78.80   77.34   99.95
19:52:39 75.88   78.80   77.45   98.94
19:53:42 75.88   78.91   77.45   98.26
19:54:45 75.88   78.80   77.45   97.48
19:55:49 75.88   78.91   77.45   96.80
19:56:52 75.88   78.91   77.34   96.35
19:57:55 75.99   78.91   77.45   95.79
19:58:59 75.99   78.91   77.34   95.22
20:00:02 75.88   78.91   77.34   94.66
20:01:05 75.99   78.91   77.34   99.05
20:02:09 75.99   78.91   77.45   99.61
20:03:12 75.99   78.91   77.45   98.94
20:04:15 75.99   78.91   77.45   105.35
20:05:19 75.99   78.91   77.56   106.48
20:06:22 75.99   78.91   77.45   106.81
20:07:25 75.99   79.03   77.45   106.14
20:08:29 75.99   78.91   77.56   106.03
20:09:32 75.99   79.03   77.56   105.58
20:10:36 75.99   79.03   77.68   104.90
20:11:39 76.10   79.03   77.56   104.11
20:12:42 76.10   79.03   77.45   103.33
20:13:46 75.99   79.14   77.68   102.54
20:14:49 75.99   79.14   77.79   101.75
20:15:52 75.99   79.14   77.90   100.96
20:16:56 76.10   79.03   77.56   100.29
20:17:59 75.99   79.14   77.68   99.61
20:19:02 76.10   79.14   77.56   98.94
20:20:06 76.10   79.14   77.79   98.26
20:21:09 76.10   79.14   77.79   97.81
20:22:12 76.10   79.14   77.79   97.25
20:23:16 76.10   79.14   78.01   96.80
20:24:19 76.10   79.14   78.13   96.24
20:25:22 76.10   79.14   77.79   95.79
20:26:26 75.99   79.14   77.90   95.45
20:27:29 76.10   79.14   77.90   95.00
20:28:32 76.10   79.14   77.90   94.55
20:29:36 76.10   79.14   78.01   94.21
20:30:39 76.10   79.14   78.01   93.88
20:31:42 76.10   79.14   78.01   93.54
20:32:46 76.10   79.14   78.13   93.09
20:33:49 76.10   79.14   78.13   92.86
20:34:52 76.10   79.14   78.01   92.53
20:35:56 76.10   79.14   78.01   92.30
20:36:59 76.10   79.14   77.68   91.96
20:38:02 76.10   79.14   77.90   91.63
20:39:06 76.10   79.14   77.90   91.51
20:40:09 76.10   79.14   77.90   91.29
20:41:12 76.10   79.14   77.79   90.95
20:42:16 76.10   79.14   77.68   90.72
20:43:19 76.10   79.14   77.68   90.61
20:44:22 76.10   79.14   77.79   90.39
20:45:26 76.10   79.14   77.68   90.16
20:46:29 76.10   79.14   77.79   90.05
20:47:32 76.10   79.14   77.68   89.71
20:48:36 76.10   79.14   77.90   89.60
20:49:39 76.10   79.14   77.79   89.38
20:50:42 76.10   79.14   77.90   89.15
20:51:46 75.99   79.14   78.01   89.15
20:52:49 76.10   79.14   78.01   88.93
20:53:53 76.10   79.14   77.90   88.81
20:54:56 76.10   79.14   78.01   88.70
20:55:59 76.10   79.14   78.01   88.70
20:57:03 76.10   79.14   78.01   88.47
20:58:06 76.10   79.14   78.01   88.36
20:59:09 76.10   79.14   78.24   88.25
21:00:13 76.10   79.14   78.01   88.14
21:01:16 76.10   79.14   78.13   88.03
21:02:19 76.10   79.25   78.24   87.91
21:03:23 76.10   79.14   78.13   87.80
21:04:26 76.10   79.14   78.24   87.80
21:05:29 76.10   79.14   78.35   87.69
21:06:33 76.10   79.14   78.13   87.46
21:07:36 76.10   79.14   78.35   87.46
21:08:39 76.10   79.14   78.24   87.24
21:09:43 76.10   79.14   78.13   87.13
21:10:46 76.10   79.14   78.13   87.01
21:11:49 76.10   79.14   78.35   87.01
21:12:53 76.10   79.14   78.13   87.01
21:13:56 76.10   79.14   78.24   86.90
21:14:59 76.10   79.14   78.24   86.79
21:16:03 76.10   79.14   78.46   86.68
21:17:06 76.10   79.14   78.35   86.68
21:18:09 76.10   79.25   78.35   86.56
21:19:13 76.10   79.25   78.35   86.45
21:20:16 76.21   79.25   78.46   86.56
21:21:19 76.10   79.25   78.35   86.45
21:22:23 76.10   79.25   78.35   86.45
21:23:26 76.10   79.25   78.35   86.45
21:24:29 76.10   79.25   78.35   86.22
21:25:33 76.21   79.25   78.69   86.34
21:26:36 76.10   79.25   78.35   86.22
21:27:40 76.10   79.25   78.46   86.00
21:28:43 76.10   79.25   78.58   85.89
21:29:46 76.21   79.36   78.80   85.78
21:30:50 76.21   79.36   78.69   85.89
21:31:53 76.21   79.25   78.46   85.89
21:32:56 76.21   79.25   78.58   85.89
21:34:00 76.21   79.25   78.58   85.78
21:35:03 76.21   79.25   78.69   99.95
21:36:06 76.10   79.25   78.58   104.90
21:37:10 76.10   79.25   78.69   106.25
21:38:13 76.21   79.25   78.69   107.15
21:39:16 76.10   79.25   78.69   107.83
21:40:20 76.21   79.25   78.69   108.39
21:41:23 76.21   79.25   78.69   108.73
21:42:26 76.21   79.36   78.69   108.95
21:43:30 76.21   79.36   78.58   109.18
21:44:33 76.21   79.25   78.69   109.06
21:45:36 76.33   79.36   78.69   108.50
21:46:40 76.44   79.47   78.69   107.94
21:47:43 76.44   79.47   78.58   107.26
21:48:46 76.44   79.47   78.58   106.48
21:49:50 76.44   79.47   78.80   105.80
21:50:53 76.44   79.47   78.80   105.13
21:51:56 76.44   79.47   78.69   104.56
21:53:00 76.44   79.47   78.69   103.89
21:54:03 76.44   79.47   78.80   103.33
21:55:06 76.44   79.47   78.69   102.76
21:56:10 76.44   79.47   78.69   102.31
21:57:13 76.44   79.47   78.80   101.86
21:58:17 76.44   79.47   78.69   101.30
21:59:20 76.44   79.47   78.69   100.85
22:00:23 76.44   79.47   78.58   100.29
22:01:27 76.44   79.47   78.58   99.73
22:02:30 76.44   79.47   78.69   99.39
22:03:33 76.44   79.47   78.69   98.94
22:04:37 76.44   79.47   78.69   98.60
22:05:40 76.44   79.47   78.80   98.26
22:06:43 76.44   79.47   78.80   97.81
22:07:47 76.44   79.47   78.69   97.48
22:08:50 76.33   79.47   78.80   97.14
22:09:53 76.33   79.47   78.80   96.91
22:10:57 76.33   79.47   78.80   96.58
22:12:00 76.33   79.36   78.80   96.24
22:13:03 76.33   79.36   78.69   96.01
22:14:07 76.33   79.36   78.80   95.79
22:15:10 76.33   79.36   78.80   95.45
22:16:13 76.33   79.36   78.80   95.22
22:17:17 76.33   79.36   78.69   95.11
22:18:20 76.21   79.36   78.69   94.78
22:19:23 76.21   79.36   78.91   94.33
22:20:27 76.21   79.36   78.91   94.21
22:21:30 76.21   79.36   78.69   93.99
22:22:33 76.21   79.36   78.69   93.76
22:23:37 76.33   79.36   78.80   93.65
22:24:40 76.33   79.36   78.69   93.31
22:25:43 76.33   79.36   78.69   93.09
22:26:47 76.21   79.36   78.80   92.75
22:27:50 76.33   79.36   78.91   92.53
22:28:54 76.33   79.36   78.91   92.30
22:29:57 76.33   79.36   78.80   92.08
22:31:00 76.33   79.36   78.80   91.96
22:32:04 76.33   79.36   78.80   91.85
22:33:07 76.21   79.36   78.80   91.74
22:34:10 76.33   79.36   78.69   91.63
22:35:14 76.21   79.36   78.69   91.40
22:36:17 76.21   79.36   78.69   91.18
22:37:20 76.21   79.36   78.58   91.06
22:38:24 76.33   79.36   78.69   90.95
22:39:27 76.33   79.36   78.80   90.84
22:40:30 76.21   79.36   78.69   90.61
22:41:34 76.21   79.36   78.69   102.20
22:42:37 76.21   79.36   78.80   109.40
22:43:40 76.21   79.25   78.69   110.08
22:44:44 76.21   79.25   78.58   109.40
22:45:47 76.21   79.25   78.69   108.39
22:46:50 76.21   79.25   78.58   107.38
22:47:54 76.21   79.25   78.58   106.25
22:48:57 76.21   79.25   78.69   105.46
22:50:00 76.33   79.25   78.69   106.48
22:51:04 76.21   79.36   78.58   111.20
22:52:07 76.21   79.36   78.46   111.31
22:53:10 76.33   79.36   78.80   110.30
22:54:14 76.21   79.36   78.58   109.18
22:55:17 76.21   79.25   78.46   109.51
22:56:20 76.21   79.25   78.58   111.88
22:57:24 76.21   79.25   78.46   112.33
22:58:27 76.10   79.25   78.69   111.88
22:59:31 76.10   79.25   78.58   111.88
23:00:34 76.10   79.25   78.69   111.99
23:01:37 76.10   79.25   78.46   111.43
23:02:41 76.10   79.14   78.46   110.75
23:03:44 76.10   79.14   78.69   110.08
23:04:47 75.99   79.14   78.58   109.40
23:05:51 75.99   79.14   78.46   108.73
23:06:54 75.99   79.14   78.58   108.05
23:07:57 75.99   79.03   78.58   107.49
23:09:01 75.99   79.14   78.58   106.81
23:10:04 75.99   79.03   78.46   106.03
23:11:07 75.88   79.03   78.58   105.35
23:12:11 75.99   79.03   78.46   104.79
23:13:14 75.88   79.03   78.35   104.23
23:14:17 75.99   79.03   78.46   103.55
23:15:21 75.88   79.03   78.35   102.99
23:16:24 75.88   79.03   78.35   102.43
23:17:27 75.88   78.91   78.35   101.86
23:18:31 75.88   79.03   78.35   101.30
23:19:34 75.88   78.91   78.46   100.85
23:20:37 75.76   78.91   78.58   100.40
23:21:41 75.76   78.80   78.46   99.95
23:22:44 75.76   78.91   78.46   99.50
23:23:47 75.76   78.91   78.58   99.16
23:24:51 75.76   78.80   78.46   98.71
23:25:54 75.76   78.80   78.35   98.26
23:26:57 75.65   78.80   78.35   97.81
23:28:01 75.65   78.80   78.24   97.48
23:29:04 75.65   78.80   78.35   97.14
23:30:07 75.65   78.80   78.35   96.80
23:31:11 75.65   78.80   78.35   96.46
23:32:14 75.65   78.69   78.35   96.13
23:33:18 75.65   78.69   78.24   95.79
23:34:21 75.65   78.80   78.24   95.45
23:35:24 75.65   78.69   78.24   95.11
23:36:28 75.65   78.69   78.35   94.78
23:37:31 75.54   78.69   78.24   94.55
23:38:34 75.54   78.69   78.24   94.33
23:39:38 75.54   78.69   78.35   93.99
23:40:41 75.54   78.69   78.35   93.76
23:41:44 75.54   78.69   78.35   93.54
23:42:48 75.54   78.58   78.24   93.20
23:43:51 75.43   78.69   78.24   92.97
23:44:54 75.54   78.69   78.24   92.75
23:45:58 75.54   78.58   78.13   92.53
23:47:01 75.54   78.58   78.24   92.19
23:48:04 75.54   78.58   78.13   92.08
23:49:08 75.43   78.58   78.13   91.85
23:50:11 75.43   78.58   78.13   91.51
23:51:14 75.43   78.58   78.13   91.40
23:52:18 75.43   78.58   78.24   91.18
23:53:21 75.43   78.58   78.13   91.06
23:54:24 75.43   78.58   78.01   90.95
23:55:28 75.43   78.58   78.01   90.72
23:56:31 75.43   78.58   78.13   90.50
23:57:34 75.43   78.58   78.13   90.39
23:58:38 75.43   78.58   78.01   90.28
23:59:41 75.43   78.58   78.13   90.05
