13:11:40 74.75   151.03   76.10   112.66
13:12:44 75.20   151.03   76.10   113.00
13:13:47 75.54   158.00   76.33   113.00
13:14:50 76.10   162.84   76.44   112.78
13:15:57 76.55   140.90   76.55   112.55
13:16:57 76.66   117.61   76.66   111.99
13:17:58 76.78   102.54   77.00   111.20
13:17:52 76.66   93.65   76.55   110.41
13:18:52 76.44   88.36   76.78   109.51
13:19:52 76.33   85.21   76.89   108.73
13:20:52 76.21   83.19   77.11   107.94
13:21:52 75.99   81.84   77.34   107.26
13:22:53 75.76   95.11   77.45   106.59
13:23:53 75.76   121.10   77.45   106.03
13:24:53 75.76   139.55   77.11   105.80
13:26:00 75.88   149.56   77.00   112.66
13:27:03 75.99   129.31   77.22   115.03
13:28:03 76.21   109.85   77.11   114.91
13:29:07 76.33   96.91   76.89   115.36
13:30:07 76.44   90.05   77.11   116.26
13:31:10 76.33   86.11   77.11   115.81
13:32:14 33.35   724.04   263.17   2567.44
13:33:17 76.10   82.06   77.34   116.94
13:34:17 75.99   81.16   77.56   117.16
13:35:20 75.88   80.49   77.34   116.94
13:36:24 75.65   79.93   77.22   116.26
13:37:27 75.54   79.59   77.45   115.36
13:38:31 75.43   79.14   77.45   114.58
13:39:34 75.31   95.22   77.34   113.79
13:40:38 75.20   122.68   77.45   113.34
13:41:41 75.31   141.24   77.34   113.00
13:42:44 75.54   136.96   77.11   113.00
13:43:44 75.76   116.38   77.22   112.66
13:44:44 75.99   101.19   77.22   112.10
13:45:44 76.10   92.30   77.34   111.65
13:46:45 75.99   87.24   77.22   111.20
13:47:45 76.10   84.31   77.34   110.53
13:48:46 75.99   82.51   77.45   109.85
13:49:46 75.88   81.50   77.34   109.06
13:50:50 75.88   80.60   77.45   108.39
13:51:57 75.88   80.04   77.34   107.71
13:52:57 75.88   79.81   77.45   107.83
13:53:58 75.76   79.59   77.56   107.71
13:55:01 75.76   79.36   77.56   107.38
13:56:01 75.65   79.14   77.68   110.41
13:57:01 75.54   79.03   77.56   110.41
13:58:05 75.43   78.80   77.56   109.74
13:59:08 75.43   78.69   77.56   108.73
14:00:12 75.31   78.58   77.68   107.94
14:01:15 75.20   78.46   77.68   107.15
14:02:15 75.20   78.46   77.79   106.59
14:03:15 75.09   78.35   77.34   105.80
14:04:15 75.31   78.46   77.56   105.13
14:05:15 75.43   78.58   77.56   109.51
14:06:16 75.31   78.58   77.45   111.54
14:07:16 75.31   78.58   77.34   110.98
14:08:19 75.20   78.46   77.34   110.53
14:09:23 75.20   78.35   77.34   110.19
14:10:23 75.09   78.35   77.34   109.63
14:11:24 75.09   78.24   77.45   108.95
14:12:24 75.09   78.13   77.45   108.50
14:13:24 75.09   78.13   77.56   107.94
14:14:25 75.09   78.13   77.56   107.49
14:15:25 75.09   78.13   77.68   107.04
14:16:26 75.09   78.13   77.68   106.48
14:17:26 75.09   78.13   77.68   105.91
14:18:26 75.09   78.13   77.68   105.35
14:19:27 75.09   78.13   77.68   104.90
14:20:30 75.09   78.13   77.56   104.34
14:21:31 75.09   78.13   77.45   103.89
14:22:31 75.09   78.01   77.56   103.44
14:23:32 75.09   78.01   77.68   102.99
14:24:32 75.09   78.01   77.56   102.54
14:25:32 75.09   78.13   77.56   102.20
14:26:36 75.09   78.01   77.68   101.86
14:27:36 75.09   78.01   77.45   101.53
14:28:37 75.09   78.01   77.45   101.19
14:29:37 75.09   78.01   77.56   100.96
14:30:38 75.09   78.01   77.56   100.74
14:31:38 75.09   78.01   77.56   100.40
14:32:42 75.09   78.01   77.56   100.06
14:33:42 75.09   78.01   77.56   99.73
14:34:50 75.09   78.13   77.68   99.39
14:35:50 75.09   78.01   77.56   98.94
14:36:50 75.09   78.01   77.56   98.71
14:37:51 75.09   78.01   77.68   98.38
14:38:51 75.09   78.01   77.79   98.26
14:39:52 75.09   78.01   77.90   98.04
14:40:52 75.09   78.01   77.90   97.81
14:41:56 75.09   78.01   77.90   97.59
14:42:57 74.97   78.01   77.79   97.25
14:43:57 74.97   78.01   77.90   97.03
14:44:57 74.97   78.01   78.01   96.80
14:45:58 74.97   78.01   78.01   96.58
14:46:58 74.97   78.01   77.79   96.35
14:47:58 74.97   78.01   78.01   96.35
14:49:02 74.97   78.01   78.01   96.01
14:50:03 74.97   78.01   77.90   95.68
14:51:03 74.86   78.01   77.90   95.45
14:52:03 74.86   77.90   78.13   95.11
14:53:07 74.86   77.90   78.13   94.89
14:54:07 74.86   77.90   78.01   94.66
14:55:12 74.86   77.90   78.01   94.44
14:56:15 74.86   77.90   77.90   94.33
14:57:19 74.86   77.90   77.68   94.10
14:58:19 74.86   77.90   77.68   93.99
14:59:19 74.86   77.90   77.90   93.76
15:00:19 74.86   78.01   77.79   103.55
15:01:20 74.86   77.90   77.90   107.83
15:02:20 74.86   77.90   78.01   107.26
15:03:20 74.86   77.90   77.90   105.91
15:04:20 74.86   77.90   77.90   104.79
15:05:20 75.09   78.13   77.90   103.78
15:06:20 75.20   78.24   77.90   102.88
15:07:28 75.20   78.35   77.79   101.86
15:08:28 75.20   78.35   77.79   110.75
15:09:29 75.20   78.35   77.90   113.90
15:10:29 75.09   78.24   77.79   113.79
15:11:29 74.97   78.13   77.79   113.11
15:12:30 74.97   78.13   77.79   114.69
15:13:30 74.97   78.01   77.79   115.48
15:14:30 74.86   78.01   77.79   115.36
15:15:31 74.86   78.01   77.79   114.80
15:16:31 74.86   78.01   78.13   114.01
15:17:31 74.86   77.90   77.90   113.23
