21:43:52 73.29   54.39   76.21   98.83
21:44:55 73.18   54.05   76.10   98.26
21:45:58 73.18   54.05   75.99   97.59
21:47:02 73.18   53.94   75.99   97.14
21:48:05 73.06   53.83   76.10   96.46
21:49:08 73.06   53.83   75.99   96.13
21:50:12 72.95   53.60   75.76   95.56
21:51:15 72.95   53.60   75.88   95.11
21:52:18 73.06   53.71   75.88   94.55
21:53:22 72.95   53.60   75.65   94.10
21:54:25 72.84   53.49   75.76   93.54
21:55:28 72.72   53.49   75.65   93.09
21:56:32 72.61   53.26   75.76   92.64
21:57:35 72.72   53.15   75.65   92.19
21:58:38 72.61   53.04   75.65   91.85
21:59:42 72.61   53.04   75.65   91.51
22:00:45 72.50   53.04   75.54   91.18
22:01:48 72.50   53.04   75.76   90.72
22:02:52 72.61   53.04   75.20   90.39
22:03:55 72.50   52.92   75.20   90.05
22:04:58 72.50   52.81   75.31   89.60
22:06:02 72.39   52.92   75.65   89.38
22:07:05 72.39   52.81   75.88   88.81
22:08:08 72.28   52.70   75.76   88.47
22:09:12 72.28   52.70   75.43   88.36
22:10:15 72.28   52.59   75.43   88.14
22:11:18 72.16   52.59   75.65   87.80
22:12:22 72.16   52.48   75.43   87.46
22:13:25 72.16   52.48   75.31   87.24
22:14:29 72.28   52.36   75.20   87.01
22:15:32 72.28   52.36   75.31   86.68
22:16:35 72.28   52.36   75.43   86.56
22:17:39 72.16   52.14   75.20   86.34
22:18:42 72.16   52.14   75.20   86.11
22:19:45 72.05   52.14   75.09   86.00
22:20:49 72.05   51.91   75.09   85.66
22:21:52 72.05   61.92   75.09   85.44
22:22:55 72.16   64.06   75.09   85.10
22:23:59 72.28   64.96   74.86   84.99
22:25:02 72.39   65.64   75.20   84.88
22:26:05 72.50   66.31   75.20   84.76
22:27:09 72.50   66.99   75.20   84.54
22:28:12 72.61   60.01   75.09   84.54
22:29:15 72.61   55.40   75.09   84.43
22:30:19 72.50   53.94   74.97   91.18
22:31:22 72.39   52.92   75.09   108.50
22:32:25 72.39   52.92   74.86   111.88
22:33:29 72.28   52.81   74.86   111.43
22:34:32 72.16   52.48   74.75   109.85
22:35:35 72.05   52.25   74.64   108.05
22:36:39 71.94   52.03   74.64   106.36
22:37:42 71.94   52.03   74.75   104.56
22:38:45 71.83   51.80   74.75   103.21
22:39:49 71.83   51.69   74.53   101.98
22:40:52 71.83   51.80   74.75   100.74
22:41:55 71.94   51.80   74.53   107.49
22:42:59 71.83   51.46   74.53   111.65
22:44:02 71.71   51.35   74.53   111.88
22:45:06 71.71   51.46   74.64   110.53
22:46:09 71.60   54.28   74.53   108.95
22:47:12 71.71   62.71   74.53   107.26
22:48:16 71.83   64.18   74.53   105.91
22:49:19 71.94   64.96   74.64   104.56
22:50:22 72.05   65.86   74.64   109.74
22:51:26 72.05   66.31   74.53   111.31
22:52:29 72.16   67.21   74.64   111.43
22:53:32 72.28   68.00   74.53   110.86
22:54:36 72.28   66.76   74.64   110.19
22:55:39 72.28   60.01   74.64   109.29
22:56:42 72.28   54.95   74.64   108.39
22:57:46 72.16   53.60   74.75   107.49
22:58:49 72.05   52.81   74.64   106.59
22:59:52 71.94   52.70   74.53   105.69
23:00:56 71.94   52.48   74.53   104.90
23:01:59 71.83   52.14   74.53   104.00
23:03:02 71.71   52.14   74.53   103.21
23:04:06 71.71   54.39   74.41   102.43
23:05:09 71.71   63.28   74.41   101.64
23:06:12 71.83   64.74   74.53   100.85
23:07:16 71.83   65.75   74.41   100.18
23:08:19 71.94   67.10   74.41   99.61
23:09:22 72.05   68.11   74.53   98.94
23:10:26 72.05   68.90   74.41   98.26
23:11:29 72.16   69.69   74.53   97.70
23:12:32 72.28   70.36   74.41   97.25
23:13:36 72.39   71.04   74.64   96.58
23:14:39 72.50   71.71   74.64   96.13
23:15:43 72.50   72.28   74.53   95.68
23:16:46 72.50   60.80   74.41   95.11
23:17:49 72.39   56.53   74.64   97.25
23:18:53 72.28   54.05   74.64   106.93
23:19:56 72.16   53.26   74.53   107.71
23:20:59 72.05   53.15   74.64   107.04
23:22:03 71.94   52.81   74.53   105.91
23:23:06 71.83   52.48   74.30   104.90
23:24:09 71.71   62.15   74.30   103.89
23:25:13 71.83   64.74   74.41   102.99
23:26:16 71.83   65.86   74.41   102.09
23:27:19 71.94   67.55   74.53   101.30
23:28:23 71.94   68.79   74.64   100.40
23:29:26 72.05   69.80   74.53   99.73
23:30:29 72.16   70.59   74.53   98.94
23:31:33 72.16   71.49   74.53   101.64
23:32:36 72.28   72.50   74.64   108.73
23:33:39 72.39   73.18   74.53   110.41
23:34:43 72.39   73.63   74.53   111.43
23:35:46 72.50   73.74   74.41   111.31
23:36:49 72.72   74.08   74.53   110.64
23:37:53 72.84   74.30   74.53   111.99
23:38:56 72.84   74.30   74.64   112.66
23:39:59 72.84   74.53   74.64   112.44
23:41:03 72.95   74.53   74.64   111.76
23:42:06 72.95   74.64   74.75   110.98
23:43:09 73.06   74.64   74.86   110.30
23:44:13 73.06   74.86   74.75   109.51
23:45:16 73.06   74.86   74.75   108.73
23:46:20 73.06   74.86   74.64   107.94
23:47:23 73.18   74.97   74.75   107.15
23:48:26 73.18   74.97   74.64   106.36
23:49:30 73.18   75.09   74.75   105.58
23:50:33 73.18   75.09   74.86   104.90
23:51:36 73.18   75.20   74.86   104.23
23:52:40 73.18   75.20   74.86   103.55
23:53:43 73.18   75.31   74.86   102.99
23:54:46 73.18   75.31   74.86   102.43
23:55:50 73.18   75.31   74.75   101.98
23:56:53 73.18   75.31   74.97   101.41
23:57:56 73.18   75.31   74.86   100.85
23:59:00 73.18   75.31   74.86   100.40
