00:00:51 71.46   66.18   75.60   86.91
00:02:02 71.53   68.01   75.64   86.66
00:03:13 71.63   69.87   75.57   86.51
00:04:24 71.72   71.59   75.44   86.20
00:05:35 71.80   72.61   75.40   85.98
00:06:46 71.86   73.14   75.67   85.81
00:07:57 71.94   73.43   75.77   85.71
00:09:08 72.03   73.75   75.76   85.59
00:10:19 72.10   73.92   75.80   85.43
00:11:30 72.17   74.08   75.76   85.41
00:12:41 72.25   74.22   75.63   85.33
00:13:52 72.28   74.34   75.63   85.26
00:15:03 72.31   74.41   75.69   85.22
00:16:14 72.38   74.48   75.92   85.17
00:17:25 72.39   74.58   75.84   85.03
00:18:36 72.40   74.64   75.84   84.88
00:19:47 72.49   74.72   75.66   84.88
00:20:58 72.50   74.76   75.69   84.82
00:22:09 72.50   74.82   75.96   84.59
00:23:20 72.52   74.85   75.73   84.42
00:24:31 72.58   74.86   75.90   84.42
00:25:42 72.61   74.95   75.76   84.34
00:26:53 72.61   74.94   75.72   84.25
00:28:04 72.63   74.97   75.80   84.20
00:29:15 72.66   74.97   75.79   84.18
00:30:26 72.67   75.01   75.93   84.14
00:31:37 72.72   75.01   76.06   83.97
00:32:48 72.72   75.04   75.96   83.86
00:33:59 72.72   75.01   75.89   83.68
00:35:10 72.72   75.14   76.03   83.64
00:36:21 72.72   75.19   75.85   83.54
00:37:32 72.74   75.20   76.13   83.53
00:38:43 72.79   75.21   75.99   83.46
00:39:54 72.84   75.23   76.10   83.31
00:41:05 72.84   75.28   76.22   83.26
00:42:16 72.84   75.24   76.31   83.27
00:43:27 72.85   75.30   76.01   83.19
00:44:38 72.84   75.21   75.95   83.13
00:45:49 72.89   75.23   76.05   83.18
00:47:00 72.87   75.27   76.38   83.17
00:48:11 72.92   75.25   76.19   83.18
00:49:22 72.94   75.21   76.15   83.10
00:50:33 72.93   75.23   76.41   83.03
00:51:44 72.95   75.28   76.22   82.97
00:52:55 72.95   75.31   76.26   82.88
00:54:06 72.96   75.31   76.47   82.85
00:55:17 72.98   75.31   76.75   82.85
00:56:28 73.01   75.31   76.45   82.88
00:57:39 73.05   75.35   76.18   82.86
00:58:50 73.06   75.40   76.29   82.83
01:00:01 73.06   75.41   76.22   82.86
01:01:12 73.06   75.42   76.59   82.88
01:02:23 73.07   75.44   76.47   82.93
01:03:34 73.10   75.45   76.35   82.83
01:04:45 73.11   75.46   76.50   82.70
01:05:56 73.14   75.49   76.72   82.73
01:07:07 73.15   75.54   76.54   82.77
01:08:18 73.15   75.54   76.45   82.83
01:09:29 73.12   75.54   76.79   82.73
01:10:40 73.14   75.54   76.61   82.71
01:11:51 73.17   75.54   76.80   82.64
01:13:02 73.17   75.54   76.75   82.59
01:14:13 73.17   75.54   76.81   82.52
01:14:21 73.17   75.58   76.60   82.55
01:15:32 73.18   75.63   76.87   82.63
01:16:43 73.18   75.62   76.89   82.55
01:17:54 73.18   75.64   77.01   82.54
01:19:05 73.17   75.65   76.98   82.51
01:20:16 73.20   75.65   76.97   82.59
01:21:27 73.25   75.65   76.57   82.56
01:22:38 73.28   75.66   77.02   82.50
01:23:49 73.29   75.65   76.80   82.41
01:25:00 73.28   75.68   76.71   82.40
01:26:11 73.29   75.73   76.89   82.46
01:27:22 73.28   75.73   76.96   82.55
01:28:33 73.29   75.76   76.87   82.54
01:29:44 73.29   75.75   76.74   82.49
01:30:55 73.29   75.71   76.91   82.52
01:32:06 73.29   75.75   77.12   82.60
01:33:17 73.29   75.74   77.25   82.50
01:34:29 73.32   75.76   77.13   82.44
01:35:39 73.38   75.76   77.24   82.40
01:36:50 73.37   75.82   77.21   82.42
01:38:02 73.39   75.87   76.95   82.45
01:39:12 73.41   75.88   77.01   82.45
01:40:23 73.41   75.88   77.13   82.46
01:41:35 73.46   75.88   77.14   82.40
01:42:45 73.47   75.89   77.01   82.46
01:43:56 73.47   75.90   77.24   82.49
01:45:08 73.43   75.92   77.17   82.47
01:46:18 73.45   75.95   76.99   82.39
01:47:29 73.42   75.87   77.32   82.40
01:48:41 73.43   75.88   77.32   82.38
01:49:51 73.45   75.88   77.02   82.39
01:51:02 73.46   75.88   77.02   82.29
01:52:14 73.51   75.89   77.37   82.29
01:53:24 73.51   75.89   77.43   82.39
01:54:35 73.51   75.89   77.20   82.40
01:55:47 73.50   75.96   77.34   82.38
01:56:57 73.48   75.99   77.52   82.29
01:58:08 73.50   75.98   77.21   82.36
01:59:20 73.50   75.98   77.28   82.40
02:00:30 73.51   75.98   77.41   82.41
02:01:41 73.51   75.94   77.06   82.50
02:02:53 73.51   75.80   77.14   82.56
02:04:03 73.51   75.88   77.29   82.66
02:05:14 73.51   75.97   77.46   82.48
02:06:26 73.51   75.99   77.32   82.52
02:07:36 73.55   76.03   77.39   82.66
02:08:47 73.61   76.08   77.41   82.62
02:09:58 73.62   76.10   77.33   82.52
02:11:09 73.63   76.06   77.21   82.52
02:12:20 73.62   76.05   77.27   82.51
02:13:31 73.63   76.06   77.47   82.55
02:14:42 73.64   76.06   77.34   82.71
02:15:53 73.63   76.10   77.44   82.68
02:17:04 73.63   76.10   77.43   82.62
02:18:15 73.63   76.10   77.23   82.55
02:19:26 73.64   76.10   77.26   82.63
02:20:37 73.63   76.11   77.17   82.60
02:21:48 73.63   76.13   77.20   82.57
02:22:59 73.64   76.13   77.48   82.51
02:24:10 73.63   76.12   77.41   82.41
02:25:21 73.68   76.10   77.27   82.51
02:26:32 73.65   76.10   77.46   82.51
02:27:43 73.68   76.10   77.39   82.54
02:28:54 73.73   76.10   77.42   82.54
02:30:05 73.70   76.11   77.21   82.49
02:31:16 73.69   76.12   77.22   82.34
02:32:27 73.71   76.17   77.22   82.34
02:33:38 73.73   76.21   77.29   82.37
02:34:49 73.74   76.25   77.24   82.34
02:36:00 73.74   76.33   77.46   82.30
02:37:11 73.74   76.38   77.42   82.29
02:38:22 73.74   76.39   77.51   82.36
02:39:33 73.74   76.45   77.24   82.48
02:40:44 73.74   76.49   77.32   82.53
02:41:55 73.74   76.55   77.27   82.62
02:43:06 73.74   76.55   77.43   82.60
02:44:17 73.74   76.58   77.41   82.70
02:45:28 73.75   76.60   77.44   82.70
02:46:39 73.77   76.66   77.79   82.63
02:47:50 73.77   76.66   77.78   82.63
02:49:01 73.83   76.66   77.70   82.63
02:50:12 73.78   76.67   77.51   82.70
02:51:23 73.84   76.66   77.32   82.62
02:52:34 73.84   76.67   77.52   82.54
02:53:45 73.84   76.70   77.48   82.55
02:54:56 73.85   76.75   77.48   82.63
02:56:07 73.85   76.78   77.74   82.63
02:57:18 73.87   76.78   77.57   82.63
02:58:29 73.89   76.78   77.55   82.63
02:59:40 73.86   76.78   77.56   82.63
03:00:51 73.86   76.82   77.55   82.61
03:02:02 73.92   76.85   77.62   82.63
03:03:13 73.95   76.89   77.34   82.71
03:04:23 73.95   76.88   77.56   82.73
03:05:34 73.96   76.89   77.61   82.65
03:06:45 73.96   76.89   77.66   82.69
03:07:56 73.96   76.89   77.80   82.63
03:09:07 73.96   76.89   77.57   82.68
03:10:18 73.96   76.89   77.43   82.66
03:11:29 73.96   76.90   77.46   82.66
03:12:40 73.96   76.94   77.52   82.63
03:12:49 74.00   76.96   77.44   82.73
03:14:01 74.04   76.98   77.61   82.77
03:15:12 73.99   76.96   77.53   82.74
03:16:22 73.99   76.99   77.42   82.74
03:17:34 74.01   77.00   77.57   82.74
03:18:45 74.06   77.00   77.46   82.66
03:19:55 74.06   77.00   77.57   82.70
03:21:07 74.08   77.00   77.78   82.69
03:22:18 74.08   77.00   77.57   82.74
03:23:28 74.08   77.04   77.53   82.74
03:24:40 74.08   77.04   77.50   82.74
03:25:51 74.08   77.03   77.70   82.76
03:27:01 74.08   77.09   77.57   82.84
03:28:13 74.09   77.11   77.65   82.93
03:29:24 74.09   77.11   77.74   82.96
03:30:34 74.08   77.11   77.79   82.90
03:31:46 74.08   77.11   77.57   82.87
03:32:57 74.08   77.11   77.45   82.93
03:34:07 74.08   77.11   77.59   83.00
03:35:19 74.08   77.11   77.66   83.10
03:36:30 74.08   77.11   77.77   83.19
03:37:40 74.08   77.11   77.59   83.24
03:38:52 74.10   77.11   77.64   83.12
03:40:03 74.09   77.11   77.75   83.08
03:41:14 74.09   77.11   77.87   83.08
03:42:25 74.09   77.11   77.84   83.07
03:43:36 74.14   77.11   77.80   83.01
03:44:47 74.13   77.11   77.84   83.00
03:45:58 74.17   77.12   77.84   83.05
03:47:09 74.14   77.11   77.78   83.08
03:48:20 74.10   77.11   77.67   83.08
03:49:31 74.14   77.12   77.65   83.05
03:50:42 74.14   77.12   77.74   83.04
03:51:53 74.14   77.14   77.72   83.06
03:53:04 74.15   77.13   78.05   83.08
03:54:15 74.17   77.15   78.01   83.13
03:55:26 74.19   77.17   77.76   83.19
03:56:37 74.19   77.14   77.84   83.11
03:57:48 74.19   77.19   77.92   83.11
03:58:59 74.19   77.16   77.86   83.10
04:00:10 74.19   77.20   78.02   83.17
04:01:21 74.20   77.22   77.96   83.09
04:02:32 74.20   77.22   77.95   83.11
04:03:43 74.19   77.22   77.93   83.19
04:04:54 74.25   77.22   77.84   83.17
04:06:05 74.25   77.22   77.92   83.18
04:07:16 74.28   77.24   78.05   83.10
04:08:27 74.27   77.23   78.12   83.14
04:09:38 74.28   71.31   78.04   83.17
04:10:49 74.19   62.39   77.95   83.04
04:12:00 74.02   58.29   77.61   82.93
04:13:11 73.81   56.82   77.66   82.75
04:14:22 73.64   56.31   77.72   82.63
04:15:33 73.45   59.80   77.81   82.59
04:16:44 73.40   66.58   77.65   82.47
04:17:55 73.48   68.16   77.84   82.54
04:19:06 73.51   70.08   78.06   82.61
04:20:17 73.57   71.45   77.77   82.64
04:21:28 73.60   72.43   77.83   82.65
04:22:39 73.65   73.25   77.84   82.67
04:23:50 73.68   74.16   77.91   82.73
04:25:01 73.73   75.12   77.97   82.63
04:26:12 73.74   76.02   77.95   82.65
04:27:23 73.79   76.47   77.78   82.71
04:28:34 73.84   76.63   77.57   82.77
04:29:45 73.88   76.76   77.72   82.74
04:30:56 73.96   76.81   77.79   82.74
04:32:07 73.96   76.88   78.03   82.74
04:33:18 74.01   76.94   77.83   82.74
04:34:29 74.06   76.99   77.93   82.64
04:35:40 74.08   77.00   77.83   82.70
04:36:51 74.08   77.00   77.95   82.63
04:38:02 74.10   77.02   77.91   82.74
04:39:13 74.13   77.03   77.92   82.82
04:40:24 74.13   77.08   78.25   82.86
04:41:35 74.14   77.06   78.02   82.85
04:42:46 74.18   77.10   77.97   82.85
04:43:57 74.18   77.11   77.84   82.86
04:45:08 74.19   77.11   77.78   82.84
04:46:19 74.19   74.91   77.97   82.83
04:47:30 74.19   61.88   77.91   82.83
04:48:41 74.07   58.37   77.75   82.78
04:49:52 73.89   57.21   77.71   82.74
04:51:03 73.73   56.78   77.81   82.73
04:52:14 73.53   56.46   77.95   82.66
04:53:25 73.39   57.15   77.72   82.55
04:54:36 73.29   65.26   77.95   82.46
04:55:47 73.35   67.38   78.00   82.46
04:56:58 73.42   68.28   77.83   82.41
04:58:09 73.49   69.38   77.60   82.41
04:59:20 73.51   70.66   77.57   82.45
05:00:31 73.54   71.84   77.61   82.42
05:01:42 73.57   72.92   77.83   82.43
05:02:53 73.63   74.11   78.08   82.37
05:04:04 73.68   75.26   78.14   82.29
05:05:15 73.73   76.12   78.10   94.55
05:06:27 73.75   76.51   77.91   107.01
05:07:37 73.84   76.66   77.83   109.62
05:08:48 73.85   76.76   77.79   110.26
05:10:00 73.91   76.78   77.83   110.34
05:11:11 73.96   76.85   78.00   110.57
05:12:21 73.99   76.89   77.87   110.59
05:12:30 74.08   76.97   77.95   111.72
05:13:40 74.09   77.00   78.02   112.45
05:14:51 74.15   77.04   78.00   113.05
05:16:03 74.19   77.11   78.11   113.42
05:17:14 74.19   77.11   78.10   112.94
05:18:24 74.27   67.27   78.06   112.11
05:19:36 74.25   59.92   77.78   111.05
05:20:47 74.18   58.09   77.80   110.10
05:21:57 74.02   57.41   77.80   109.18
05:23:09 73.86   57.12   78.04   108.13
05:24:20 73.70   56.85   77.98   106.99
05:25:31 73.59   60.13   78.18   106.72
05:26:42 73.52   66.73   78.22   112.68
05:27:53 73.60   68.05   78.29   113.82
05:29:04 73.68   68.98   78.18   113.38
05:30:15 73.77   70.15   77.83   112.63
05:31:26 73.85   71.39   77.61   111.80
05:32:37 73.86   72.39   77.69   110.96
05:33:48 73.86   73.51   77.65   110.17
05:34:59 73.92   74.49   77.77   109.39
05:36:10 73.96   75.46   78.16   108.52
05:37:21 73.97   76.26   78.19   107.74
05:38:32 74.10   76.70   78.06   107.07
05:39:43 74.19   76.93   78.10   106.33
05:40:53 74.20   73.82   78.06   105.58
05:42:05 74.27   61.75   78.00   104.80
05:43:16 74.12   58.43   77.74   110.06
05:44:26 73.96   57.62   77.72   113.25
05:45:38 73.88   57.23   77.65   112.52
05:46:49 73.74   56.94   77.55   111.19
05:48:00 73.61   56.64   77.20   109.75
05:49:11 73.54   56.25   77.52   108.52
05:50:22 73.48   55.74   77.51   107.36
05:51:33 73.39   59.21   77.53   106.23
05:52:44 73.37   65.83   77.65   105.28
05:53:55 73.47   67.31   77.85   104.52
05:55:06 73.54   67.94   77.92   103.72
05:56:17 73.64   68.35   77.67   102.84
05:57:28 73.74   68.80   77.68   101.95
05:58:39 73.78   69.43   77.76   101.15
05:59:50 73.85   70.14   77.64   100.48
06:01:01 73.86   70.35   77.79   99.94
06:02:12 73.86   62.21   77.84   99.32
06:03:23 73.80   57.84   77.62   98.70
06:04:34 73.66   56.92   77.58   98.19
06:05:45 73.57   56.75   77.67   97.51
06:06:56 73.47   56.64   77.30   96.90
06:08:07 73.40   56.41   77.30   96.40
06:09:18 73.29   55.96   77.37   95.88
06:10:29 73.24   55.59   77.42   95.37
06:11:40 73.17   55.31   77.58   94.88
06:12:51 73.14   55.20   77.59   94.40
06:14:02 73.07   55.35   77.75   93.95
06:15:13 73.07   62.23   77.91   93.46
06:16:24 73.17   65.66   77.56   93.16
06:17:35 73.32   67.08   77.39   92.94
06:18:46 73.41   67.83   77.54   92.58
06:19:57 73.52   68.39   77.60   92.25
06:21:08 73.61   68.89   77.57   91.91
06:22:19 73.68   68.24   77.79   91.60
06:23:30 73.71   62.03   77.57   91.28
06:24:41 73.60   58.72   77.58   90.93
06:25:52 73.50   57.44   77.17   90.60
06:27:03 73.39   56.99   77.48   90.21
06:28:14 73.28   56.68   77.26   89.93
06:29:25 73.21   56.20   77.16   89.66
06:30:36 73.16   55.66   77.19   89.39
06:31:47 73.09   55.51   77.16   100.54
06:32:58 73.06   55.19   77.25   110.28
06:34:09 73.03   55.16   77.30   111.61
06:35:20 72.97   55.12   77.32   111.76
06:36:31 72.95   54.95   77.58   112.00
06:37:42 72.97   54.90   77.50   112.36
06:38:52 72.98   54.71   77.24   112.54
06:40:04 73.05   54.78   77.12   112.66
06:41:15 73.11   54.69   77.17   112.65
06:42:26 73.15   54.56   77.30   112.02
06:43:37 73.15   54.46   77.32   112.29
06:44:48 73.17   54.63   77.38   113.26
06:45:59 73.09   55.20   77.12   112.79
06:47:10 73.07   64.09   77.32   114.04
06:48:21 73.24   65.35   77.16   114.84
06:49:31 73.38   66.41   77.23   114.61
06:50:43 73.51   67.11   77.31   114.16
06:51:54 73.57   67.49   77.44   113.60
06:53:04 73.64   62.39   77.57   112.76
06:54:16 73.61   58.20   77.24   111.81
06:55:27 73.55   57.07   76.96   110.70
06:56:37 73.44   56.66   76.93   110.75
06:57:49 73.35   56.35   76.63   110.04
06:59:00 73.27   56.01   76.59   109.16
07:00:11 73.15   55.52   76.78   108.22
07:01:22 73.06   55.41   76.90   107.34
07:02:33 72.96   54.89   76.97   106.44
07:03:44 72.94   54.72   76.83   105.59
07:04:55 72.93   54.63   76.85   104.80
07:06:06 72.84   54.44   76.84   103.93
07:07:17 72.83   54.30   76.85   103.14
07:08:28 72.78   54.07   76.91   102.35
07:09:39 72.72   54.08   76.99   101.58
07:10:50 72.73   53.84   77.10   100.86
07:10:58 72.70   53.97   76.75   100.26
07:12:09 72.68   53.84   76.71   99.55
07:13:20 72.63   53.59   76.99   98.79
07:14:31 72.61   53.57   76.90   98.22
07:15:42 72.61   53.40   76.86   97.68
07:16:53 72.57   53.31   76.91   97.12
07:18:04 72.57   53.22   76.97   96.59
07:19:15 72.52   53.20   77.07   96.09
07:20:26 72.61   53.13   76.74   96.06
07:21:37 72.53   53.07   76.66   107.64
07:22:48 72.50   53.09   76.62   110.84
07:23:59 72.54   52.93   76.62   109.38
07:25:10 72.57   53.01   76.52   107.39
07:26:21 72.57   53.02   76.37   105.73
07:27:32 72.44   52.92   76.54   104.19
07:28:43 72.40   52.80   76.94   102.85
07:29:54 72.38   52.63   76.73   101.66
07:31:05 72.33   52.59   76.84   100.58
07:32:16 72.37   52.64   76.68   99.68
07:33:27 72.30   52.63   76.59   98.87
07:34:38 72.20   52.63   76.61   98.10
07:35:49 72.19   52.53   76.63   97.36
07:37:00 72.16   52.45   76.56   96.72
07:38:11 72.12   52.36   76.62   96.06
07:39:22 72.09   52.35   76.39   95.50
07:40:33 72.04   52.26   76.30   94.88
07:41:44 72.04   52.18   76.49   94.38
07:42:55 71.99   52.20   76.35   93.95
07:44:06 71.95   52.12   76.23   93.45
07:45:17 71.93   52.04   76.40   92.99
07:46:28 71.86   51.98   76.61   92.41
07:47:39 71.86   51.90   76.63   91.90
07:48:50 71.82   51.93   76.80   91.45
07:50:01 71.79   51.87   76.49   91.03
07:51:12 71.75   51.86   76.43   90.79
07:52:23 71.71   51.73   76.58   90.38
07:53:34 71.71   51.69   76.43   89.99
07:54:45 71.71   51.69   76.49   89.61
07:55:56 71.70   51.75   76.37   89.29
07:57:07 71.60   51.68   76.38   88.98
07:58:18 71.58   51.66   76.58   88.56
07:59:29 71.58   51.58   76.45   88.19
08:00:40 71.54   51.58   76.30   87.89
08:01:51 71.49   51.58   76.20   87.70
08:03:02 71.49   51.58   76.31   87.50
08:04:13 71.48   51.58   76.23   87.14
08:05:24 71.40   51.50   76.16   86.92
08:06:35 71.42   51.47   76.15   86.71
08:07:46 71.39   51.36   76.29   86.38
08:08:57 71.36   51.37   76.08   86.12
08:10:08 71.34   51.32   76.00   85.90
08:11:19 71.30   51.31   76.12   85.85
08:12:30 71.26   51.27   76.16   85.63
08:13:41 71.25   51.22   76.29   85.37
08:14:52 71.25   51.15   76.25   85.13
08:16:03 71.26   52.72   75.92   85.05
08:17:14 71.22   62.19   76.09   84.82
08:18:25 71.43   62.99   75.94   84.57
08:19:36 71.62   63.75   75.79   84.41
08:20:47 71.73   64.12   75.56   84.25
08:21:58 71.83   64.58   76.11   84.10
08:23:09 71.88   60.69   75.95   84.01
08:24:20 71.84   55.34   75.72   83.93
08:25:31 71.74   53.82   75.24   83.80
08:26:42 71.60   53.14   75.67   83.59
08:27:53 71.45   52.53   75.85   83.46
08:29:04 71.36   52.16   75.90   83.28
08:30:15 71.27   51.87   75.95   83.13
08:31:26 71.26   51.65   76.05   83.02
08:32:37 71.18   51.61   75.95   82.89
08:33:48 71.16   51.51   75.91   82.78
08:34:59 71.11   51.40   75.66   82.62
08:36:10 71.10   51.37   75.69   82.51
08:37:20 71.07   57.71   75.40   82.34
08:38:32 71.14   62.54   75.55   82.17
08:39:43 71.31   63.46   75.94   82.17
08:40:54 71.46   64.08   75.63   82.15
08:42:05 71.55   64.47   76.04   82.16
08:43:16 71.62   64.87   76.05   82.10
08:44:26 71.70   65.46   75.98   82.07
08:45:38 71.73   66.17   75.81   82.02
08:46:49 71.81   60.85   75.67   81.94
08:48:00 71.73   55.71   75.71   81.86
08:49:11 71.61   54.31   75.50   81.87
08:50:22 71.45   53.93   75.31   81.85
08:51:33 71.36   53.46   75.77   81.73
08:52:44 71.22   52.78   75.67   81.55
08:53:55 71.16   52.26   75.57   81.57
08:55:06 71.12   52.05   75.94   81.42
08:56:17 71.10   57.72   75.89   81.37
08:57:28 71.12   62.88   75.77   81.42
08:58:39 71.31   64.02   75.86   81.38
08:59:50 71.45   64.96   75.98   81.33
09:01:01 71.55   65.60   75.70   81.25
09:02:12 71.61   66.21   75.77   81.10
09:03:23 71.70   67.10   75.85   81.12
09:04:34 71.75   67.83   75.77   81.16
09:05:45 71.82   68.67   75.50   81.16
09:06:56 71.83   69.85   75.35   81.26
09:08:07 71.92   71.02   75.32   81.22
09:09:18 71.97   71.93   75.41   81.17
09:10:29 72.02   72.65   75.71   81.16
09:10:37 72.07   73.13   75.59   81.16
09:11:48 72.13   73.46   75.57   81.17
09:12:59 72.16   73.71   75.68   81.17
09:14:10 72.19   73.93   75.66   81.22
09:15:21 72.22   74.06   75.73   81.19
09:16:32 72.28   74.24   75.84   81.18
09:17:43 72.29   74.38   75.74   81.18
09:18:54 72.34   74.38   75.91   81.19
09:20:05 72.38   74.50   75.63   81.08
09:21:16 72.39   74.55   75.89   81.01
09:22:27 72.43   74.61   76.04   80.92
09:23:38 72.46   74.63   76.08   80.85
09:24:49 72.48   74.66   76.07   80.94
09:26:00 72.50   74.75   76.04   81.00
09:27:11 72.50   74.79   75.92   81.05
09:28:22 72.52   74.86   76.12   81.05
09:29:33 72.54   74.88   76.19   81.07
09:30:44 72.59   74.89   76.23   81.14
09:31:55 72.59   74.96   76.15   81.13
09:33:06 72.61   74.96   76.16   81.07
09:34:17 72.61   75.04   75.97   81.13
09:35:28 72.63   74.99   76.10   81.16
09:36:39 72.67   74.99   76.10   81.17
09:37:50 72.72   74.99   76.03   81.17
09:39:01 72.76   74.99   76.11   81.06
09:40:12 72.77   75.01   76.21   81.17
09:41:23 72.79   75.08   76.30   81.34
09:42:34 72.81   75.09   76.59   81.36
09:43:45 72.84   75.09   76.47   81.42
09:44:56 72.84   75.11   76.50   81.49
09:46:07 72.85   75.09   76.46   81.51
09:47:18 72.84   75.12   76.38   81.49
09:48:29 72.86   75.13   76.41   81.50
09:49:40 72.88   75.19   76.52   81.53
09:50:51 72.91   75.19   76.41   81.62
09:52:02 72.88   75.20   76.47   81.61
09:53:13 72.93   75.21   76.34   81.62
09:54:24 72.94   75.27   76.41   81.72
09:55:35 72.95   75.30   76.29   81.69
09:56:46 72.95   75.28   76.09   81.60
09:57:57 72.95   75.31   76.55   81.61
09:59:08 72.96   75.31   76.57   81.61
10:00:19 72.95   75.31   76.55   81.55
10:01:30 72.95   75.31   76.53   81.50
10:02:41 73.00   75.32   76.38   81.53
10:03:52 73.00   75.32   76.54   81.54
10:05:03 73.01   75.37   76.62   81.68
10:06:14 73.05   75.36   76.51   81.72
10:07:25 73.06   75.41   76.68   81.67
10:08:36 73.06   75.42   76.86   81.67
10:09:47 73.06   75.42   76.84   81.61
10:10:58 73.06   75.42   76.74   81.51
10:12:10 73.06   75.42   76.69   81.50
10:13:20 73.06   75.45   76.57   81.51
10:14:31 73.06   75.47   76.82   81.59
10:15:43 73.13   75.52   76.85   81.61
10:16:53 73.14   75.53   76.97   81.58
10:18:04 73.16   75.54   76.76   81.62
10:19:16 73.17   75.54   76.76   81.72
10:20:26 73.18   75.54   76.89   81.72
10:21:37 73.21   75.55   76.83   81.74
10:22:49 73.20   75.61   76.81   81.83
10:23:59 73.22   75.63   76.98   81.84
10:25:10 73.26   75.65   76.74   81.94
10:26:22 73.24   75.65   76.96   81.91
10:27:32 73.29   75.65   76.93   81.84
10:28:43 73.29   75.65   76.82   81.87
10:29:55 73.29   75.65   76.89   81.96
10:31:05 73.29   75.67   76.84   81.96
10:32:16 73.29   75.68   76.81   81.86
10:33:28 73.29   75.71   76.79   81.84
10:34:38 73.28   75.75   76.92   81.74
10:35:49 73.29   75.75   76.80   81.79
10:37:01 73.29   75.75   77.04   81.83
10:38:12 73.29   75.76   77.08   81.84
10:39:22 73.29   75.76   76.98   81.88
10:40:34 73.30   75.76   76.93   81.95
10:41:45 73.29   75.76   76.96   82.03
10:42:55 73.29   75.76   76.87   82.12
10:44:07 73.29   75.77   76.98   82.03
10:45:17 73.30   75.77   76.91   82.06
10:46:28 73.33   75.78   76.93   82.06
10:47:40 73.32   75.81   76.90   82.00
10:48:50 73.34   75.82   76.93   81.94
10:50:01 73.38   75.81   76.99   81.97
10:51:13 73.37   75.85   76.98   82.03
10:52:23 73.35   75.87   76.79   82.19
10:53:34 73.39   75.87   77.04   82.23
10:54:45 73.40   75.88   77.16   82.21
10:55:56 73.40   75.88   77.35   82.29
10:57:07 73.40   75.88   77.08   82.29
10:58:18 73.40   75.88   77.16   82.21
10:59:29 73.40   75.89   77.16   82.15
11:00:40 73.40   75.89   77.27   82.06
11:01:51 73.42   75.91   77.20   82.05
11:03:02 73.50   75.91   77.24   82.06
11:04:13 73.51   75.95   77.28   82.07
11:05:24 73.51   75.99   76.96   82.08
11:06:36 73.51   75.99   77.01   82.07
11:07:46 73.51   75.99   77.06   82.06
11:08:57 73.51   75.99   77.19   82.06
11:09:06 73.53   75.99   77.09   82.07
11:10:16 73.51   76.01   77.16   82.12
11:11:27 73.51   76.04   77.33   82.11
11:12:39 73.51   76.07   77.17   82.28
11:13:49 73.54   76.10   77.26   82.29
11:15:00 73.52   76.09   77.35   82.29
11:16:12 73.55   76.10   77.27   82.26
11:17:23 73.54   76.09   77.37   82.26
11:18:33 73.57   76.10   77.35   82.29
11:19:45 73.57   76.10   77.09   82.29
11:20:56 73.61   76.11   77.20   82.28
11:22:06 73.61   76.17   77.38   82.26
11:23:18 73.63   76.21   77.31   82.29
11:24:29 73.61   76.20   77.21   82.25
11:25:39 73.63   76.11   77.44   82.23
11:26:51 73.63   76.10   77.54   82.35
11:28:02 73.63   76.10   77.61   82.30
11:29:12 73.63   76.14   77.45   82.16
11:30:24 73.63   76.13   77.33   82.15
11:31:35 73.66   76.17   77.52   82.21
11:32:46 73.66   76.13   77.42   82.35
11:33:57 73.73   76.10   77.31   82.35
11:35:08 73.74   76.10   77.22   82.29
11:36:19 73.74   76.16   77.21   82.32
11:37:30 73.74   76.17   77.12   82.36
11:38:41 73.74   76.21   77.29   82.29
11:39:52 73.75   76.21   77.43   82.41
11:41:03 73.77   76.21   77.57   82.51
11:42:14 73.78   76.22   77.39   82.46
11:43:25 73.78   76.24   77.30   82.41
11:44:36 73.82   76.25   77.47   82.50
11:45:47 73.84   76.25   77.55   82.52
11:46:58 73.83   76.29   77.55   82.52
11:48:09 73.83   76.33   77.52   82.56
11:49:20 73.83   76.33   77.41   82.55
11:50:31 73.83   76.33   77.34   82.50
11:51:42 73.80   76.33   77.29   82.42
11:52:53 73.80   76.33   77.19   82.46
11:54:04 73.82   76.40   77.22   82.41
11:55:15 73.84   76.41   77.47   82.45
11:56:26 73.82   76.43   77.38   82.51
11:57:37 73.85   76.49   77.42   82.51
11:58:48 73.84   76.54   77.55   82.43
11:59:59 73.85   76.60   77.50   82.44
12:01:10 73.85   76.64   77.51   82.45
12:02:21 73.85   76.66   77.50   82.59
12:03:32 73.85   76.66   77.57   82.63
12:04:43 73.85   76.67   77.55   82.61
12:05:54 73.85   76.72   77.74   82.61
12:07:05 73.85   76.73   77.65   82.65
12:08:16 73.86   76.73   77.75   82.74
12:09:27 73.85   76.76   77.61   82.65
12:10:38 73.85   76.77   77.80   82.62
12:11:49 73.85   76.76   77.73   82.54
12:13:00 73.86   76.78   77.76   82.50
12:14:11 73.89   76.77   77.80   82.51
12:15:22 73.92   76.78   77.84   82.63
12:16:33 73.93   76.79   77.79   82.71
12:17:44 73.92   76.78   78.01   82.74
12:18:55 73.95   76.82   77.76   82.74
12:20:06 73.96   76.85   77.89   82.65
12:21:17 73.96   76.87   78.02   82.63
12:22:29 73.96   76.88   77.87   82.65
12:23:39 73.96   76.89   77.65   82.70
12:24:50 73.96   76.89   77.55   82.73
12:26:02 73.97   76.89   77.73   82.77
12:27:12 73.99   76.89   77.95   82.85
12:28:23 74.00   76.89   77.83   82.86
12:29:35 73.98   76.89   77.78   82.86
12:30:45 73.99   76.89   77.69   82.96
12:31:56 73.97   76.89   77.83   82.93
12:33:08 74.01   76.89   77.91   82.88
12:34:18 74.00   76.94   77.97   82.83
12:35:29 73.97   76.93   77.84   82.63
12:36:41 73.99   76.97   77.90   82.65
12:37:51 74.04   76.98   77.82   82.71
12:39:02 74.02   76.99   77.72   82.82
12:40:14 74.06   76.99   77.71   82.85
12:41:24 74.04   77.00   77.93   82.83
12:42:35 74.02   77.00   77.96   82.79
12:43:47 74.06   77.00   78.27   82.80
12:44:57 74.08   76.99   78.31   82.83
12:46:08 74.07   77.00   78.00   82.81
12:47:20 74.08   77.00   77.91   82.81
12:48:30 74.08   77.00   78.13   82.77
12:49:41 74.08   77.01   78.10   82.73
12:50:52 74.09   77.01   78.05   82.74
12:52:03 74.11   77.01   78.03   82.78
12:53:14 74.17   77.07   78.32   82.86
12:54:25 74.19   77.05   78.11   82.94
12:55:36 74.19   77.07   78.12   82.96
12:56:47 74.18   77.11   78.16   82.92
12:57:58 74.19   77.11   78.04   82.85
12:59:09 74.19   77.11   78.32   82.85
13:00:20 74.20   77.11   78.17   82.85
13:01:31 74.20   77.11   78.24   82.89
13:02:42 74.21   77.11   78.10   82.96
13:03:53 74.19   77.12   77.97   82.96
13:05:04 74.22   77.11   78.10   82.88
13:06:15 74.20   77.12   78.10   82.86
13:07:26 74.20   77.11   77.98   82.85
13:07:33 74.19   77.12   78.05   82.82
13:08:44 74.29   77.13   77.84   82.81
13:09:55 74.24   77.16   77.86   82.82
13:11:06 74.22   77.13   77.89   82.74
13:12:17 74.24   77.15   78.04   82.78
13:13:28 74.25   77.19   78.07   82.98
13:14:39 74.28   77.21   78.21   83.00
13:15:50 74.30   77.20   78.18   82.95
13:17:01 74.29   77.20   78.07   82.93
13:18:12 74.28   77.22   78.02   82.99
13:19:23 74.30   77.22   78.07   82.95
13:20:34 74.29   77.22   78.04   82.86
13:21:45 74.30   77.22   77.87   82.86
13:22:56 74.30   77.22   78.03   82.94
13:24:07 74.30   77.23   78.07   82.92
13:25:19 74.30   77.23   78.04   82.85
13:26:29 74.30   77.24   78.02   82.87
13:27:40 74.30   77.23   78.18   82.96
13:28:52 74.30   77.24   78.07   82.96
13:30:02 74.30   77.24   77.96   82.97
13:31:13 74.30   77.24   78.07   82.97
13:32:25 74.31   77.28   78.24   82.95
13:33:35 74.31   77.32   78.58   82.93
13:34:46 74.39   77.34   78.47   82.96
13:35:58 74.38   77.33   78.41   82.95
13:37:08 74.36   77.32   78.18   82.96
13:38:19 74.39   77.34   78.36   82.96
13:39:31 74.41   77.34   78.26   82.94
13:40:41 74.41   77.34   78.18   83.00
13:41:52 74.41   77.34   78.45   83.07
13:43:04 74.41   77.34   78.44   83.08
13:44:15 74.41   77.35   78.34   83.10
13:45:25 74.41   77.36   78.38   83.10
13:46:37 74.41   77.39   78.36   83.11
13:47:48 74.40   77.36   78.35   83.11
13:48:58 74.41   77.38   78.35   83.07
13:50:10 74.41   77.37   78.44   83.01
13:51:21 74.41   77.43   78.22   83.07
13:52:31 74.41   77.43   78.50   83.08
13:53:43 74.41   77.43   78.46   83.03
13:54:54 74.41   77.45   78.26   83.09
13:56:04 74.41   77.44   78.23   83.06
13:57:16 74.41   77.45   78.23   83.09
13:58:27 74.41   77.45   78.45   83.07
13:59:38 74.41   77.45   78.47   83.13
14:00:49 74.43   77.45   78.33   83.19
14:02:00 74.46   77.45   78.46   83.19
14:03:11 74.47   77.45   78.40   83.19
14:04:22 74.42   77.45   78.30   83.19
14:05:33 74.43   77.45   78.38   83.19
14:06:44 74.48   77.45   78.41   83.25
14:07:55 74.53   77.45   78.51   83.29
14:09:06 74.53   77.46   78.46   83.40
14:10:17 74.53   77.45   78.45   83.33
14:11:28 74.53   77.45   78.59   83.24
14:12:39 74.53   77.47   78.51   83.27
14:13:50 74.53   77.50   78.33   83.30
14:15:01 74.53   77.51   78.30   83.30
14:16:12 74.53   77.52   78.29   83.23
14:17:23 74.53   77.52   78.56   83.19
14:18:34 74.53   77.55   78.38   83.17
14:19:45 74.53   77.56   78.47   83.29
14:20:56 74.53   77.56   78.41   83.31
14:22:07 74.53   77.56   78.70   83.35
14:23:18 74.54   77.56   78.41   83.20
14:24:29 74.53   77.56   78.66   83.13
14:25:40 74.53   77.55   78.53   83.19
14:26:51 74.53   77.56   78.38   83.19
14:28:02 74.53   77.56   78.50   83.22
14:29:13 74.53   77.56   78.37   83.31
14:30:24 74.53   77.56   78.46   83.30
14:31:35 74.54   77.56   78.47   83.31
14:32:46 74.58   77.56   78.40   83.40
14:33:57 74.57   77.56   78.51   83.53
14:35:08 74.61   77.56   78.61   83.53
14:36:19 74.58   77.57   78.37   83.43
14:37:30 74.62   77.56   78.47   83.39
14:38:41 74.61   77.58   78.57   83.40
14:39:52 74.63   77.56   78.50   83.41
14:41:03 74.59   77.58   78.62   83.41
14:42:14 74.64   77.59   78.64   83.41
14:43:25 74.65   77.60   78.73   83.37
14:44:36 74.71   77.66   78.61   83.40
14:45:47 74.67   77.67   78.50   83.41
14:46:58 74.68   77.67   78.48   83.33
14:48:09 74.67   77.67   78.54   83.34
14:49:20 74.74   77.69   78.58   83.42
14:50:31 74.75   77.68   78.51   83.31
14:51:42 74.81   77.73   78.63   83.23
14:52:53 74.79   77.79   78.58   83.19
14:54:04 74.86   77.79   78.63   83.18
14:55:15 74.86   77.79   78.73   83.18
14:56:26 74.86   77.84   78.75   83.22
14:57:37 74.86   77.87   78.83   83.30
14:58:48 74.95   77.89   78.73   83.31
14:59:59 74.97   77.90   78.70   83.30
15:01:10 74.97   77.90   79.00   83.29
15:02:21 74.97   77.92   79.13   83.31
15:03:32 74.97   77.97   78.95   83.27
15:04:43 74.99   77.98   78.99   83.28
15:05:54 75.00   78.01   79.03   83.32
15:07:05 75.03   78.01   78.97   83.31
15:07:13 75.09   78.01   79.06   83.30
15:08:24 75.09   78.02   79.28   83.31
15:09:35 75.09   78.04   79.15   83.37
15:10:46 75.09   78.07   79.30   83.25
15:11:57 75.12   78.10   79.30   83.25
15:13:08 75.09   78.11   79.18   83.30
15:14:19 75.09   78.13   79.38   83.28
15:15:30 75.14   78.13   79.21   83.40
15:16:41 75.19   78.13   79.23   83.41
15:17:52 75.19   78.16   79.25   83.42
15:19:03 75.20   78.18   79.23   83.42
15:20:14 75.20   78.23   79.41   83.41
15:21:25 75.20   78.21   79.25   83.41
15:22:36 75.22   78.23   79.42   83.43
15:23:47 75.21   78.23   79.66   83.52
15:24:58 75.23   78.24   79.53   83.53
15:26:09 75.25   78.24   79.61   83.54
15:27:20 75.23   78.24   79.69   83.57
15:28:31 75.26   78.24   79.75   83.53
15:29:42 75.27   77.37   79.81   83.62
15:30:53 75.27   67.34   79.96   83.67
15:32:04 75.14   62.61   80.09   83.59
15:33:15 75.02   60.00   79.93   83.42
15:34:26 74.90   58.52   79.71   83.30
15:35:37 74.71   59.65   79.54   83.22
15:36:48 74.63   67.47   79.39   83.08
15:37:59 74.65   69.64   79.57   83.12
15:39:10 74.73   71.91   79.63   83.07
15:40:21 74.75   73.12   79.36   83.07
15:41:32 74.77   73.95   79.47   83.18
15:42:43 74.76   74.63   79.59   83.20
15:43:54 74.86   75.35   79.71   83.13
15:45:05 74.88   76.13   79.59   83.08
15:46:16 74.94   77.06   79.66   83.07
15:47:27 75.00   77.61   79.62   83.05
15:48:38 75.07   77.85   79.59   83.11
15:49:49 75.10   77.96   79.57   83.14
15:51:00 75.16   78.05   79.54   83.11
15:52:11 75.21   78.13   79.66   83.15
15:53:22 75.20   78.13   79.89   83.19
15:54:33 75.28   78.19   79.81   83.29
15:55:44 75.31   78.23   79.83   83.40
15:56:55 75.30   77.82   79.89   83.41
15:58:09 75.34   65.73   80.13   83.35
15:59:21 75.26   60.72   80.02   83.29
16:00:32 75.14   59.08   80.17   83.13
16:01:42 74.96   58.59   80.00   83.10
16:02:53 74.81   58.12   79.87   83.08
16:04:05 74.66   57.93   79.87   82.99
16:05:15 74.54   63.38   79.64   83.00
16:06:27 74.59   68.04   79.51   83.02
16:07:38 74.66   69.18   79.67   82.96
16:08:48 74.75   70.02   79.70   82.97
16:09:59 74.76   71.15   79.48   82.96
16:11:11 74.85   72.30   79.58   82.96
16:12:21 74.87   73.28   79.81   88.35
16:13:33 74.92   74.27   80.12   98.62
16:14:44 74.97   75.13   79.75   98.85
16:15:55 74.99   76.16   79.83   97.45
16:17:06 75.07   77.06   79.85   96.04
16:18:17 75.10   77.57   79.62   95.00
16:19:28 75.12   77.84   79.77   94.18
16:20:39 75.19   70.77   79.83   93.43
16:21:50 75.17   61.80   79.91   92.74
16:23:01 75.02   59.52   79.53   92.05
16:24:12 74.91   58.75   79.26   91.46
16:25:23 74.76   58.43   79.66   90.91
16:26:34 74.62   58.06   79.76   90.31
16:27:44 74.49   57.63   79.77   89.88
16:28:56 74.42   61.63   79.85   89.57
16:30:07 74.42   67.50   79.72   89.23
16:31:17 74.51   68.77   79.59   88.85
16:32:29 74.59   69.45   79.75   88.59
16:33:40 74.64   70.40   79.62   88.40
16:34:51 74.73   71.40   79.45   88.29
16:36:02 74.75   72.41   79.46   88.05
16:37:13 74.78   73.31   79.53   87.77
16:38:24 74.86   74.11   79.54   87.49
16:39:35 74.87   75.04   79.48   87.33
16:40:46 74.91   70.01   79.66   87.18
16:41:57 74.91   61.84   79.67   86.96
16:43:08 74.81   59.43   79.31   86.85
16:44:19 74.69   58.67   79.53   86.61
16:45:30 74.53   58.23   79.83   86.39
16:46:41 74.41   57.92   79.57   86.17
16:47:52 74.34   57.52   79.60   85.93
16:49:03 74.25   56.93   79.53   85.79
16:50:14 74.17   57.34   79.58   85.59
16:51:25 74.11   65.62   79.51   85.37
16:52:36 74.23   67.64   79.64   85.21
16:53:47 74.33   68.64   79.29   85.15
16:54:58 74.42   69.15   79.27   85.02
16:56:09 74.44   69.67   79.47   84.95
16:57:20 74.51   70.32   79.57   84.76
16:58:31 74.53   71.05   79.37   84.66
16:59:42 74.64   71.76   79.53   84.65
17:00:53 74.64   72.41   79.38   84.63
17:02:04 74.65   67.22   79.55   84.51
17:03:15 74.65   60.06   79.57   84.42
17:04:26 74.55   58.35   79.64   84.32
17:05:37 74.47   57.92   79.26   84.26
17:05:45 74.33   57.66   79.46   84.10
17:06:56 74.22   57.57   79.44   83.90
17:08:07 74.14   57.02   79.37   83.81
17:09:18 74.08   56.78   79.21   83.68
17:10:29 74.01   56.61   79.41   83.52
17:11:40 73.96   58.69   79.48   83.41
17:12:51 73.99   66.13   79.39   83.41
17:14:02 74.15   67.61   79.32   83.34
17:15:13 74.20   68.57   79.38   83.20
17:16:24 74.29   69.15   79.44   83.19
17:17:35 74.36   69.73   79.31   83.16
17:18:46 74.41   70.54   79.21   83.05
17:19:57 74.48   70.68   79.06   83.08
17:21:07 74.53   63.48   79.29   83.08
17:22:19 74.45   59.89   79.21   83.00
17:23:30 74.33   58.55   78.79   82.78
17:24:41 74.23   58.09   78.94   82.74
17:25:52 74.11   57.59   79.48   82.70
17:27:03 74.05   57.19   79.41   82.69
17:28:14 73.96   56.52   79.36   82.57
17:29:25 73.94   56.34   79.42   82.47
17:30:36 73.84   56.04   79.33   82.33
17:31:47 73.85   55.75   79.27   82.32
17:32:58 73.82   60.24   79.03   82.35
17:34:09 73.83   65.91   79.09   82.26
17:35:20 73.95   67.22   79.34   82.19
17:36:31 74.08   68.18   79.17   82.17
17:37:42 74.18   68.80   79.13   82.12
17:38:53 74.19   69.34   79.01   82.13
17:40:04 74.23   70.01   79.08   82.06
17:41:15 74.29   64.58   79.21   81.97
17:42:26 74.24   59.48   79.03   81.95
17:43:37 74.19   58.07   78.49   81.95
17:44:48 74.15   57.69   78.36   82.02
17:45:59 74.02   57.40   78.44   81.93
17:47:10 74.02   57.03   78.68   81.84
17:48:21 73.90   56.71   79.11   81.84
17:49:32 73.87   56.31   78.96   81.83
17:50:43 73.86   55.98   79.05   81.70
17:51:54 73.80   55.89   78.70   81.56
17:53:05 73.80   55.83   79.17   81.50
17:54:16 73.85   60.85   79.36   81.46
17:55:27 73.94   65.94   79.09   81.47
17:56:38 74.01   67.40   78.96   81.48
17:57:49 74.08   68.20   78.83   81.57
17:59:00 74.17   68.79   79.45   81.56
18:00:11 74.28   69.33   79.23   81.56
18:01:21 74.31   69.98   79.38   81.62
18:02:33 74.40   66.27   79.32   88.55
18:03:44 74.33   61.02   79.09   95.00
18:04:54 74.29   58.52   79.17   95.35
18:06:06 74.18   57.93   79.54   94.09
18:07:16 74.11   57.58   79.51   92.83
18:08:27 74.00   57.14   79.55   91.95
18:09:39 73.91   56.65   80.04   91.12
18:10:50 73.84   56.30   79.81   90.60
18:12:00 73.77   55.90   79.76   89.88
18:13:12 73.78   56.06   79.83   89.22
18:14:22 73.89   56.07   79.63   88.74
18:15:33 73.77   55.72   79.18   88.27
18:16:45 73.71   55.73   79.78   87.81
18:17:56 73.64   55.64   79.62   87.43
18:19:06 73.65   55.44   79.32   87.07
18:20:17 73.55   55.47   78.86   86.89
18:21:28 73.53   61.87   78.73   86.55
18:22:39 73.66   65.61   78.88   86.25
18:23:50 73.83   66.94   78.90   86.03
18:25:01 73.95   67.71   79.29   85.83
18:26:12 74.07   68.33   79.34   86.60
18:27:23 74.12   68.91   78.39   100.08
18:28:34 74.18   65.56   78.61   104.41
18:29:45 74.19   59.86   79.18   104.02
18:30:57 74.04   57.93   78.99   102.50
18:32:08 73.95   57.49   79.07   100.82
18:33:18 73.85   57.10   79.26   99.36
18:34:30 73.79   56.66   79.34   98.00
18:35:41 73.74   56.42   79.44   96.85
18:36:51 73.68   56.09   79.33   96.74
18:38:03 73.66   56.04   79.30   99.51
18:39:14 73.63   55.91   79.28   98.97
18:40:24 73.55   55.46   79.46   97.82
18:41:36 73.47   55.12   79.37   96.72
18:42:47 73.56   55.11   79.28   95.76
18:43:57 73.51   55.30   79.19   96.52
18:45:09 73.47   55.17   79.20   103.93
18:46:20 73.39   55.02   79.16   104.58
18:47:30 73.49   54.99   79.00   103.09
18:48:42 73.52   54.90   78.81   103.47
18:49:53 73.52   54.96   78.96   105.95
18:51:04 73.56   54.75   79.05   105.07
18:52:15 73.69   54.67   78.84   103.45
18:53:26 73.65   54.97   78.79   101.90
18:54:37 73.61   54.85   79.01   100.45
18:55:48 73.55   54.87   79.10   99.19
18:56:59 73.50   54.62   78.86   98.08
18:58:10 73.60   54.51   78.87   97.05
18:59:21 73.60   55.06   78.69   96.18
19:00:32 73.56   55.23   78.64   95.35
19:01:43 73.72   55.10   78.61   94.67
19:02:54 73.68   55.16   78.72   93.95
19:04:05 73.70   55.19   78.90   93.25
19:05:16 73.85   55.28   78.83   92.67
19:05:24 73.79   55.71   78.50   92.12
19:06:35 73.66   55.80   78.41   91.57
19:07:46 73.67   55.50   78.45   91.09
19:08:57 73.57   55.29   78.59   90.65
19:10:08 73.51   55.36   78.61   90.17
19:11:19 73.50   55.06   78.55   89.78
19:12:30 73.41   54.88   78.53   89.38
19:13:41 73.39   54.59   78.37   89.08
19:14:52 73.35   54.51   78.44   99.80
19:16:03 73.35   54.27   78.61   105.41
19:17:14 73.40   54.26   78.67   106.23
19:18:25 73.35   54.26   78.67   105.24
19:19:36 73.30   54.16   78.40   103.92
19:20:47 73.32   54.04   78.50   102.35
19:21:58 73.29   53.96   78.43   100.92
19:23:09 73.32   53.90   78.35   101.71
19:24:20 73.28   53.77   78.46   105.30
19:25:31 73.29   53.75   78.42   105.33
19:26:42 73.22   53.68   78.29   104.57
19:27:53 73.19   53.54   78.27   103.72
19:29:04 73.12   53.48   78.44   102.89
19:30:15 73.09   53.41   78.28   102.01
19:31:26 73.06   53.36   78.15   101.17
19:32:37 73.07   53.33   78.05   100.31
19:33:48 73.07   53.39   77.50   99.53
19:34:59 73.06   53.38   77.24   98.76
19:36:10 73.03   53.35   77.43   97.99
19:37:21 73.06   53.33   77.47   97.22
19:38:31 73.05   53.26   77.45   96.50
19:39:42 73.05   53.27   77.29   95.84
19:40:54 73.05   53.16   77.89   95.28
19:42:04 73.01   53.13   77.57   94.67
19:43:15 73.02   53.16   77.50   94.02
19:44:27 73.02   53.10   77.46   93.44
19:45:38 73.02   53.00   77.51   92.95
19:46:48 72.93   52.92   77.66   92.43
19:48:00 72.95   52.87   77.38   91.93
19:49:11 72.92   52.88   77.20   91.46
19:50:21 72.84   52.87   77.51   90.94
19:51:33 72.84   52.80   77.67   90.47
19:52:44 72.79   52.70   77.47   90.10
19:53:54 72.83   52.68   77.30   89.71
19:55:06 72.78   52.63   77.33   89.39
19:56:17 72.75   52.68   77.75   88.99
19:57:27 72.71   52.68   77.98   88.59
19:58:38 72.73   52.70   77.62   88.26
19:59:49 72.74   52.69   77.20   87.92
20:00:59 72.74   52.64   77.31   87.64
20:02:10 72.72   52.64   77.82   87.29
20:03:21 72.72   52.59   77.36   86.98
20:04:31 72.83   52.60   77.24   86.69
20:05:42 72.84   52.55   77.08   86.42
20:06:53 72.82   52.52   76.98   86.19
20:08:03 72.82   52.55   77.38   85.87
20:09:14 72.82   52.54   77.36   85.61
20:10:26 72.85   52.48   77.52   85.31
20:11:36 72.88   52.51   77.50   85.04
20:12:48 72.80   52.48   77.22   84.77
20:13:59 72.73   52.46   77.15   84.53
20:15:10 72.66   52.46   77.20   89.40
20:16:20 72.72   52.42   77.25   102.57
20:17:32 72.72   52.45   77.15   105.63
20:18:42 72.66   52.36   77.34   106.43
20:19:53 72.62   52.41   77.11   106.92
20:21:05 72.61   52.49   77.04   107.01
20:22:16 72.61   52.53   77.21   106.81
20:23:26 72.61   52.56   77.33   106.40
20:24:38 72.69   52.84   77.15   106.09
20:25:49 72.86   54.45   77.03   105.61
20:27:00 72.89   54.46   77.20   104.94
20:28:11 72.92   54.08   77.12   104.22
20:29:22 72.92   53.80   77.29   103.44
20:30:33 72.88   53.58   77.19   102.60
20:31:44 72.84   53.44   77.10   101.82
20:32:55 72.84   53.27   77.13   101.05
20:34:06 72.84   53.17   77.28   100.29
20:35:17 72.85   53.18   77.29   99.59
20:36:27 72.85   53.12   77.11   98.90
20:37:38 72.84   53.05   77.12   98.25
20:38:48 72.85   52.98   77.19   97.56
20:39:59 72.84   52.99   76.98   96.98
20:41:10 72.84   52.91   77.17   96.43
20:42:20 72.87   52.81   77.21   95.89
20:43:31 72.84   52.80   77.04   95.44
20:44:42 72.84   52.89   77.10   95.03
20:45:53 72.84   52.89   77.12   97.64
20:47:04 72.83   52.91   77.13   108.47
20:48:14 72.84   52.91   77.02   110.32
20:49:25 72.86   52.92   76.81   109.65
20:50:36 72.89   52.92   77.15   108.44
20:51:47 72.94   52.92   76.85   107.24
20:52:57 72.97   52.92   76.85   106.01
20:54:08 72.82   52.91   76.92   104.89
20:55:19 72.72   52.84   76.82   103.89
20:56:29 72.66   52.81   76.92   102.91
20:57:40 72.65   52.76   76.80   102.00
20:58:51 72.69   52.78   76.89   101.20
21:00:01 72.60   52.69   76.82   100.48
21:01:12 72.52   52.69   76.88   99.82
21:02:23 72.60   52.74   76.90   99.12
21:03:34 72.50   52.68   76.99   98.45
21:04:44 72.52   52.60   76.70   97.76
21:05:55 72.49   52.58   76.85   97.14
21:07:06 72.41   52.53   76.75   96.59
21:08:17 72.39   52.47   76.87   96.04
21:09:27 72.42   52.44   76.84   95.42
21:10:38 72.40   52.46   76.83   94.90
21:11:49 72.39   52.42   76.65   94.42
21:13:00 72.39   52.43   76.83   93.86
21:14:10 72.37   52.36   76.81   93.39
21:15:21 72.37   52.37   76.79   92.88
21:16:32 72.30   52.36   76.98   92.33
21:17:43 72.28   52.32   76.98   91.93
21:18:54 72.29   52.32   77.15   91.51
21:20:05 72.32   52.31   77.12   91.10
21:21:16 72.38   52.31   76.97   90.71
21:22:27 72.39   52.31   76.79   90.31
21:23:38 72.37   52.27   76.66   89.92
21:24:49 72.29   52.25   76.64   89.53
21:26:00 72.28   52.23   76.65   89.14
21:27:11 72.27   52.16   76.88   88.77
21:28:22 72.24   52.17   76.98   88.48
21:29:33 72.28   52.14   76.61   88.23
21:30:44 72.18   52.04   76.52   87.96
21:31:55 72.16   52.04   76.42   87.69
21:33:06 72.09   52.05   76.38   87.30
21:34:17 72.06   52.02   76.63   86.93
21:35:28 72.06   51.92   76.76   86.65
21:36:39 72.06   51.93   76.56   86.43
21:37:50 72.08   51.95   76.54   86.22
21:39:01 72.05   51.90   76.35   85.97
21:40:12 72.06   51.90   76.35   85.79
21:41:23 72.06   51.91   76.41   85.54
21:42:34 72.06   51.90   76.35   85.21
21:43:45 72.13   51.90   76.23   85.05
21:44:56 72.07   51.80   76.43   84.87
21:46:07 72.05   51.79   76.47   84.75
21:47:18 71.98   51.76   76.61   84.53
21:48:29 71.95   51.71   76.65   84.24
21:49:40 71.97   51.73   76.44   84.06
21:50:51 71.93   51.67   76.41   83.97
21:52:02 71.93   51.74   76.57   83.78
21:53:13 71.90   51.66   76.45   83.59
21:54:24 71.89   51.60   76.34   83.38
21:55:35 71.84   51.68   76.49   83.23
21:56:46 71.84   51.56   76.45   83.10
21:57:57 71.83   51.56   76.19   82.90
21:59:08 71.83   51.53   76.39   82.64
22:00:19 71.80   51.50   76.50   82.48
22:01:30 71.82   51.51   76.40   82.41
22:02:41 71.72   51.47   76.20   82.38
22:03:52 71.75   51.50   76.58   82.33
22:03:42 71.73   51.50   76.45   82.16
22:04:53 71.72   51.46   76.43   81.95
22:06:04 71.75   51.42   76.59   81.83
22:07:15 71.76   51.39   76.45   81.66
22:08:26 71.71   51.37   76.40   81.52
22:09:37 71.71   51.41   76.35   81.46
22:10:49 71.71   51.36   76.25   81.33
22:11:59 71.67   51.32   76.27   81.18
22:13:10 71.63   51.44   76.27   81.16
22:14:22 71.64   51.35   76.31   81.16
22:15:32 71.60   51.36   76.25   81.11
22:16:43 71.60   51.28   76.12   81.00
22:17:55 71.72   51.32   76.65   80.81
22:19:05 71.84   51.38   76.34   80.68
22:20:16 71.76   51.42   76.40   80.50
22:21:28 71.61   51.34   76.41   80.49
22:22:38 71.58   51.29   76.25   82.04
22:23:49 71.53   51.24   76.14   99.53
22:25:01 71.52   51.23   76.17   105.36
22:26:11 71.49   51.26   76.13   106.63
22:27:23 71.48   51.24   76.19   106.27
22:28:34 71.44   51.25   76.01   105.37
22:29:44 71.44   51.29   76.33   104.29
22:30:55 71.45   51.25   76.11   103.22
22:32:07 71.39   51.18   75.94   102.17
22:33:17 71.38   51.14   76.35   101.08
22:34:28 71.39   51.09   76.08   100.06
22:35:40 71.36   51.10   75.93   99.16
22:36:51 71.35   51.05   76.11   98.35
22:38:01 71.29   51.02   75.90   97.53
22:39:13 71.26   51.03   75.81   96.67
22:40:24 71.26   51.03   76.03   95.89
22:41:35 71.25   50.96   76.01   95.17
22:42:46 71.20   50.96   75.90   94.53
22:43:57 71.21   50.90   75.81   93.91
22:45:08 71.19   50.92   75.72   93.30
22:46:19 71.18   56.46   75.97   92.78
22:47:30 71.25   62.28   75.99   92.24
22:48:41 71.43   63.15   75.53   91.74
22:49:52 71.59   63.66   75.73   91.30
22:51:03 71.73   64.15   75.76   90.89
22:52:14 71.81   64.33   75.79   90.46
22:53:25 71.84   58.57   76.16   90.08
22:54:36 71.81   54.19   76.06   89.63
22:55:47 71.67   53.10   76.00   89.21
22:56:58 71.57   52.49   75.96   88.74
22:58:09 71.44   52.02   75.89   88.36
22:59:20 71.39   51.77   75.83   87.99
23:00:31 71.34   51.55   75.84   87.68
23:01:42 71.26   51.39   76.13   87.30
23:02:53 71.26   51.28   75.95   87.00
23:04:04 71.31   51.16   75.91   86.66
23:05:15 71.28   51.18   75.71   96.22
23:06:26 71.16   52.63   75.78   103.13
23:07:37 71.17   62.10   75.82   105.62
23:08:48 71.34   62.86   75.35   105.56
23:09:59 71.48   63.67   75.49   104.69
23:11:10 71.59   64.12   75.52   103.68
23:12:21 71.71   64.61   75.63   102.63
23:13:32 71.75   65.28   75.80   101.60
23:14:43 71.83   66.12   75.64   100.76
23:15:54 71.88   65.97   75.77   99.86
23:17:05 71.93   58.67   75.69   98.98
23:18:16 71.83   54.87   75.63   98.20
23:19:27 71.66   53.97   75.79   97.43
23:20:38 71.49   53.31   75.78   96.77
23:21:49 71.40   52.78   75.71   96.07
23:23:00 71.31   52.39   75.84   95.39
23:24:11 71.20   52.16   75.86   94.71
23:25:22 71.15   57.23   75.85   94.05
23:26:33 71.21   62.91   75.64   93.50
23:27:44 71.35   64.11   75.52   92.99
23:28:55 71.44   65.08   75.52   92.51
23:30:06 71.55   65.76   75.35   92.05
23:31:17 71.61   66.63   75.76   91.62
23:32:28 71.70   67.79   75.92   91.19
23:33:39 71.74   69.04   75.96   90.79
23:34:50 71.83   70.23   75.84   90.37
23:36:01 71.91   71.30   75.76   89.97
23:37:12 71.97   72.20   75.74   89.60
23:38:23 72.05   72.92   75.85   89.20
23:39:34 72.07   73.36   75.90   88.97
23:40:45 72.14   73.63   75.80   88.76
23:41:56 72.20   73.83   75.89   88.48
23:43:07 72.22   74.08   75.85   88.22
23:44:18 72.28   74.25   75.80   87.95
23:45:29 72.35   74.36   76.03   87.72
23:46:40 72.39   74.46   75.80   87.48
23:47:51 72.39   74.57   75.79   87.23
23:49:02 72.48   74.64   75.86   86.96
23:50:13 72.51   74.64   76.02   86.74
23:51:24 72.56   74.73   76.29   86.57
23:52:35 72.61   74.84   76.13   86.37
23:53:46 72.61   74.88   75.97   86.25
23:54:57 72.63   74.97   76.20   86.08
23:56:08 72.71   74.99   76.37   85.92
23:57:19 72.72   75.08   76.32   85.76
23:58:30 72.72   75.09   76.11   85.52
23:59:41 72.72   75.13   76.22   85.26
