00:00:51 71.34   51.92   75.42   103.96
00:02:01 71.26   51.57   75.76   103.12
00:03:12 71.16   51.22   75.64   104.69
00:04:23 71.08   50.93   75.50   105.30
00:05:33 71.05   50.72   75.72   104.71
00:06:44 71.03   50.59   75.64   103.92
00:07:54 70.94   55.44   75.52   103.05
00:09:05 71.02   61.81   75.36   102.21
00:10:16 71.29   63.00   75.24   101.33
00:11:26 71.40   63.88   75.33   100.57
00:12:37 71.48   64.59   75.70   99.79
00:13:47 71.59   65.26   75.55   99.03
00:14:58 71.61   66.18   75.41   98.28
00:16:09 71.73   67.12   75.22   97.55
00:17:19 71.81   68.40   75.44   96.88
00:18:30 71.89   65.65   75.50   96.27
00:19:40 71.86   57.52   75.64   95.63
00:20:51 71.74   54.55   75.68   95.01
00:22:01 71.55   53.89   75.50   94.38
00:23:12 71.41   53.45   75.48   93.77
00:24:22 71.29   52.89   75.60   93.20
00:25:33 71.20   53.87   75.67   92.66
00:26:43 71.15   62.35   75.81   92.07
00:27:54 71.34   64.50   75.64   91.56
00:29:05 71.49   65.52   75.63   91.19
00:30:15 71.57   66.86   75.46   90.78
00:31:26 71.67   68.62   75.69   90.32
00:32:36 71.73   70.05   75.48   89.96
00:33:47 71.84   71.18   75.71   89.67
00:34:57 71.94   71.98   75.62   89.37
00:36:08 71.98   72.64   75.93   89.06
00:37:19 72.04   73.02   76.12   88.72
00:38:29 72.15   73.30   75.89   88.30
00:39:40 72.17   73.53   76.25   87.86
00:40:51 72.26   73.72   76.28   87.58
00:42:01 72.29   73.84   76.11   87.40
00:43:12 72.35   73.91   76.13   87.18
00:44:22 72.39   74.05   76.18   86.84
00:45:33 72.40   74.18   76.12   86.62
00:46:44 72.42   74.22   76.15   86.50
00:47:54 72.49   74.31   76.39   86.28
00:49:05 72.53   74.40   76.57   86.15
00:50:15 72.55   74.45   76.37   85.98
00:51:26 72.61   74.53   76.50   85.76
00:52:36 72.61   74.60   76.36   85.56
00:53:47 72.61   74.64   76.45   85.38
00:54:58 72.62   74.68   76.70   85.21
00:56:08 72.62   74.74   76.70   84.96
00:57:19 72.68   74.78   76.68   84.76
00:58:29 72.68   74.85   76.40   84.55
00:59:40 72.72   74.86   76.27   84.44
01:00:51 72.72   74.87   76.44   84.38
01:02:01 72.76   74.94   76.32   84.22
01:03:12 72.80   74.98   76.41   83.99
01:04:22 72.83   75.03   76.67   83.80
01:05:33 72.83   75.13   76.53   83.74
01:06:44 72.84   75.09   76.54   83.68
01:07:54 72.84   75.09   76.65   83.64
01:09:05 72.89   75.10   76.80   83.58
01:10:15 72.96   75.18   77.14   83.49
01:11:26 72.95   75.20   76.82   83.41
01:12:36 72.96   75.20   76.64   83.36
01:13:47 72.97   75.20   76.87   83.30
01:14:58 73.01   75.21   76.83   83.22
01:16:08 73.04   75.23   76.70   83.04
01:17:19 73.05   75.30   76.76   82.96
01:18:30 73.06   75.31   77.01   82.87
01:19:40 73.06   75.41   77.07   82.81
01:20:51 73.07   75.48   77.12   82.64
01:22:01 73.06   75.59   76.94   82.63
01:23:12 73.07   75.68   76.70   82.61
01:24:23 73.08   75.78   76.95   82.59
01:25:33 73.07   75.87   77.04   82.58
01:26:44 73.08   75.95   76.75   82.51
01:27:54 73.08   75.98   76.84   82.48
01:29:05 73.16   75.99   76.79   82.35
01:30:15 73.17   76.08   76.81   82.29
01:31:26 73.17   76.09   77.02   82.22
01:32:36 73.17   76.10   76.97   82.17
01:33:47 73.17   76.14   77.07   82.14
01:34:58 73.23   76.19   77.07   82.11
01:36:08 73.24   76.21   77.13   82.02
01:37:19 73.29   76.21   77.17   81.91
01:38:29 73.28   76.22   77.25   82.02
01:39:40 73.29   76.26   77.26   81.95
01:40:50 73.29   76.31   77.26   81.94
01:42:01 73.29   76.33   77.42   81.85
01:43:12 73.29   76.33   77.35   81.84
01:44:22 73.29   76.33   77.32   81.79
01:45:33 73.29   76.33   77.24   81.83
01:46:44 73.29   76.34   77.15   81.84
01:47:54 73.29   76.36   77.25   81.74
01:49:05 73.30   76.38   77.24   81.80
01:50:15 73.29   76.40   77.61   81.84
01:51:26 73.38   76.43   77.83   81.80
01:52:37 73.37   76.43   77.97   81.68
01:53:47 73.37   76.44   77.82   81.61
01:54:58 73.35   76.44   77.70   81.69
01:56:08 73.38   76.47   77.82   81.56
01:57:19 73.40   76.47   77.70   81.47
01:58:30 73.40   76.48   77.88   81.48
01:59:40 73.40   76.52   77.95   81.50
02:00:51 73.40   76.51   78.18   81.50
02:02:01 73.39   76.52   77.91   81.48
02:03:12 73.41   76.52   77.83   81.50
02:04:23 73.40   76.55   77.95   81.47
02:05:33 73.42   76.55   78.11   81.53
02:06:44 73.47   76.55   78.11   81.57
02:07:54 73.46   76.56   78.14   81.50
02:09:05 73.48   76.55   78.14   81.51
02:10:15 73.49   76.57   78.06   81.57
02:11:26 73.47   76.57   78.00   81.58
02:12:37 73.51   76.62   77.84   81.52
02:13:47 73.52   76.47   77.80   81.53
02:14:58 73.51   76.43   78.28   81.59
02:16:08 73.52   76.46   78.35   81.60
02:17:19 73.52   76.54   78.41   81.58
02:18:30 73.52   76.55   78.14   81.51
02:19:40 73.52   76.58   78.29   81.51
02:20:51 73.56   76.65   78.19   81.50
02:22:02 73.60   76.64   78.33   81.49
02:23:12 73.63   76.66   78.39   81.52
02:24:23 73.62   76.67   77.97   81.43
02:25:34 73.63   76.67   78.37   81.45
02:26:44 73.63   76.68   78.49   81.48
02:27:55 73.63   76.66   78.03   81.48
02:29:05 73.63   76.67   78.18   81.41
02:30:16 73.64   76.68   78.35   81.46
02:31:26 73.63   76.68   78.45   81.39
02:32:37 73.65   76.68   78.67   81.41
02:33:47 73.63   76.75   78.42   81.49
02:34:58 73.63   76.75   78.67   81.40
02:36:08 73.66   76.76   78.69   81.47
02:37:19 73.68   76.77   78.63   81.48
02:38:30 73.71   76.78   78.73   81.49
02:39:40 73.66   76.78   78.63   81.49
02:40:51 73.66   76.78   78.61   81.61
02:42:01 73.72   76.78   78.91   81.61
02:43:12 73.70   76.78   78.77   81.61
02:44:22 73.73   76.78   78.67   81.61
02:45:33 73.73   76.80   78.80   81.61
02:46:44 73.74   76.84   78.87   81.62
02:47:54 73.78   76.83   78.86   81.62
02:49:05 73.78   76.87   78.79   81.61
02:50:16 73.83   76.89   78.63   81.51
02:51:26 73.86   76.89   78.78   81.47
02:52:37 73.85   76.89   78.72   81.39
02:53:48 73.85   76.93   78.78   81.46
02:54:58 73.85   76.97   78.60   81.54
02:56:09 73.85   76.99   78.37   81.58
02:57:19 73.86   76.97   78.72   81.61
02:58:30 73.85   76.99   78.74   81.62
02:59:41 73.87   77.00   78.69   81.61
03:00:51 73.90   77.00   78.76   81.61
03:02:02 73.96   77.00   78.82   81.57
03:03:12 73.97   77.01   78.85   81.51
03:04:23 73.96   77.01   78.92   81.53
03:05:33 73.96   77.05   78.77   81.61
03:06:44 73.96   77.10   78.84   81.52
03:07:54 73.98   77.08   78.82   81.50
03:09:05 73.97   77.11   78.70   81.50
03:10:15 73.99   77.11   78.87   81.56
03:11:26 74.00   77.11   79.05   81.61
03:12:37 74.03   77.11   79.01   81.61
03:13:47 74.02   77.11   78.81   81.56
03:14:58 73.96   77.11   78.90   81.51
03:16:08 74.00   77.11   78.81   81.50
03:17:19 73.99   77.11   78.84   81.46
03:18:29 74.01   77.11   78.86   81.51
03:19:40 73.98   77.11   78.86   81.58
03:20:51 74.00   77.11   79.20   81.50
03:22:01 74.05   77.11   79.11   81.51
03:23:12 74.04   77.11   78.88   81.52
03:24:23 74.02   77.12   79.06   81.50
03:25:33 74.01   77.11   79.03   81.56
03:26:44 74.03   77.12   79.18   81.65
03:27:55 74.08   77.12   79.13   81.71
03:29:05 74.06   77.13   79.21   81.79
03:30:16 74.07   77.14   79.26   81.81
03:31:26 74.06   77.16   79.15   81.81
03:32:37 74.08   77.19   79.04   81.86
03:33:47 74.08   77.22   79.07   81.95
03:34:58 74.06   77.21   79.08   81.83
03:36:08 74.08   77.22   79.06   81.72
03:37:19 74.08   77.22   79.15   81.76
03:38:30 74.10   77.22   79.17   81.84
03:39:40 74.09   77.22   79.40   81.74
03:40:51 74.12   77.22   79.62   81.78
03:42:01 74.17   77.22   79.36   81.84
03:43:12 74.18   77.22   79.28   81.79
03:44:22 74.17   77.24   79.48   81.82
03:45:33 74.19   77.24   79.60   81.85
03:46:44 74.19   77.30   79.42   81.93
03:47:54 74.19   77.30   79.41   81.88
03:49:05 74.17   77.30   79.43   81.92
03:50:15 74.19   77.34   79.42   81.92
03:51:26 74.19   77.34   79.40   81.85
03:52:37 74.19   77.34   79.51   81.87
03:53:47 74.19   77.34   79.38   82.00
03:54:58 74.19   77.34   79.44   82.05
03:56:09 74.19   77.34   79.55   82.06
03:57:19 74.19   77.34   79.48   82.09
03:58:30 74.19   77.34   78.97   82.14
03:59:40 74.19   77.34   79.23   82.06
04:00:51 74.19   77.34   79.36   82.06
04:02:02 74.19   77.34   79.40   82.06
04:03:12 74.20   77.34   79.40   82.05
04:04:23 74.22   77.34   79.41   82.06
04:05:33 74.25   77.34   79.53   82.11
04:06:44 74.23   77.34   79.71   82.09
04:07:54 74.20   77.37   79.72   82.17
04:09:05 74.29   77.38   79.64   82.28
04:10:16 74.28   77.44   79.53   82.21
04:11:26 74.28   77.43   79.47   82.20
04:12:37 74.29   77.43   79.57   82.31
04:13:47 74.33   77.45   79.59   82.29
04:14:58 74.31   77.45   79.70   82.28
04:16:08 74.30   77.45   79.50   82.28
04:17:19 74.30   77.45   79.60   82.17
04:18:30 74.31   77.45   79.68   82.17
04:19:40 74.34   77.46   79.72   82.18
04:20:51 74.40   77.46   79.76   82.17
04:22:01 74.36   77.46   79.51   82.18
04:23:12 74.37   77.48   79.58   82.21
04:24:23 74.41   77.47   79.79   82.21
04:25:33 74.38   77.49   79.67   82.17
04:26:44 74.40   77.52   79.79   82.17
04:27:55 74.41   77.56   79.69   82.19
04:29:05 74.41   77.55   79.51   82.20
04:30:16 74.42   77.56   79.59   82.29
04:31:26 74.42   77.56   79.71   82.30
04:32:37 74.41   77.56   79.75   82.25
04:33:47 74.41   77.56   79.55   82.17
04:34:58 74.42   77.56   79.78   82.17
04:36:08 74.42   77.56   79.74   82.19
04:37:19 74.43   77.56   79.67   82.24
04:38:30 74.44   77.56   79.80   82.25
04:39:40 74.45   77.56   79.66   82.29
04:40:51 74.45   77.56   79.72   82.32
04:42:01 74.46   77.56   79.94   82.39
04:43:12 74.51   77.56   79.73   82.35
04:44:22 74.51   77.56   79.71   82.33
04:45:33 74.47   77.57   79.91   82.38
04:46:43 74.46   77.57   79.65   82.29
04:47:54 74.51   77.58   79.67   82.29
04:49:05 74.52   77.57   79.81   82.30
04:50:15 74.53   77.59   79.80   82.29
04:51:26 74.53   77.60   79.98   82.29
04:52:36 74.52   77.61   79.92   82.29
04:53:47 74.53   77.65   79.85   82.43
04:54:58 74.53   77.65   79.83   82.51
04:56:08 74.53   77.64   80.04   82.45
04:57:19 74.53   77.67   79.89   82.42
04:58:30 74.54   77.67   79.92   82.40
04:59:40 74.53   74.14   79.86   82.39
05:00:51 74.51   63.24   79.96   82.47
05:02:01 74.35   60.90   79.56   82.35
05:03:12 74.14   58.53   79.09   82.29
05:04:22 73.97   57.17   79.12   82.20
05:05:33 73.78   58.17   79.21   82.06
05:06:44 73.65   66.35   79.37   82.03
05:07:54 73.74   68.71   79.31   82.05
05:09:05 73.76   70.99   79.19   82.04
05:10:15 73.84   72.09   79.27   82.06
05:11:26 73.89   72.87   79.09   81.97
05:12:36 73.97   73.65   79.12   82.03
05:13:47 73.99   74.49   79.26   82.10
05:14:57 74.06   75.70   79.17   82.15
05:16:08 74.08   76.54   79.06   82.15
05:17:19 74.13   76.90   78.99   82.27
05:18:29 74.19   77.04   78.88   82.21
05:19:40 74.19   77.18   79.08   82.24
05:20:50 74.23   77.22   79.16   82.19
05:22:01 74.24   77.24   79.33   82.18
05:23:12 74.30   77.32   79.47   82.21
05:24:22 74.30   77.32   79.66   82.16
05:25:33 74.30   77.34   79.66   82.01
05:26:44 74.30   77.38   79.76   82.05
05:27:54 74.33   77.43   79.68   82.06
05:29:05 74.35   77.44   79.66   82.11
05:30:15 74.38   77.45   79.66   82.21
05:31:26 74.41   77.45   79.87   82.25
05:32:37 74.41   77.45   79.78   82.29
05:33:47 74.42   77.45   79.89   82.34
05:34:58 74.42   69.79   79.91   82.34
05:36:08 74.38   60.96   79.95   82.33
05:37:19 74.25   58.25   79.63   82.24
05:38:29 74.05   57.26   79.30   82.06
05:39:40 73.86   56.79   79.29   81.89
05:40:50 73.67   56.86   79.40   81.84
05:40:59 73.60   64.78   79.36   81.83
05:42:10 73.64   67.72   79.29   81.81
05:43:20 73.70   69.06   79.27   81.64
05:44:31 73.79   70.64   79.21   81.65
05:45:41 73.78   71.81   79.28   81.70
05:46:52 73.85   72.77   79.21   81.65
05:48:03 73.91   73.82   79.51   81.71
05:49:13 73.99   75.12   79.38   81.62
05:50:24 74.08   76.22   79.13   81.67
05:51:34 74.06   76.73   79.15   81.80
05:52:45 74.11   76.96   79.18   81.86
05:53:56 74.17   77.10   79.07   81.90
05:55:06 74.19   77.13   79.26   81.96
05:56:17 74.19   77.20   79.51   82.02
05:57:28 74.21   77.22   79.43   81.97
05:58:38 74.28   77.25   79.67   81.95
05:59:49 74.28   77.26   79.57   82.01
06:00:59 74.30   77.33   79.56   82.06
06:02:10 74.31   77.34   79.43   82.07
06:03:21 74.34   77.34   79.43   82.15
06:04:31 74.34   77.34   79.40   82.20
06:05:42 74.36   77.35   79.69   82.20
06:06:52 74.40   77.41   79.66   82.20
06:08:03 74.41   77.41   79.88   82.17
06:09:13 74.41   77.42   80.00   82.23
06:10:24 74.41   77.42   79.87   82.20
06:11:35 74.41   77.44   79.62   82.25
06:12:45 74.41   77.43   79.61   82.17
06:13:56 74.41   77.45   79.90   82.26
06:15:06 74.45   77.45   79.90   82.23
06:16:17 74.45   77.45   79.63   82.28
06:17:28 74.49   77.45   79.77   82.27
06:18:38 74.52   77.46   79.77   82.29
06:19:49 74.52   77.46   79.76   82.29
06:20:59 74.52   77.45   79.91   82.29
06:22:10 74.52   77.47   79.73   82.29
06:23:21 74.53   77.47   79.94   82.21
06:24:31 74.53   77.50   79.86   82.15
06:25:42 74.53   77.52   79.71   82.19
06:26:53 74.58   77.51   79.83   82.27
06:28:03 74.59   77.52   79.77   82.26
06:29:14 74.56   77.54   79.67   82.30
06:30:24 74.62   77.55   79.83   82.29
06:31:35 74.62   77.56   80.08   82.29
06:32:46 74.64   77.56   80.04   82.29
06:33:56 74.63   77.60   79.66   82.33
06:35:07 74.63   77.64   79.81   82.52
06:36:17 74.63   77.66   79.90   95.60
06:37:28 74.64   77.67   80.10   102.27
06:38:38 74.64   77.67   80.11   102.64
06:39:49 74.65   77.67   80.00   101.95
06:41:00 74.65   77.67   79.92   101.08
06:42:10 74.71   77.67   79.87   100.10
06:43:21 74.74   77.67   80.12   99.24
06:44:31 74.76   77.67   80.18   98.46
06:45:42 74.80   77.67   80.10   97.73
06:46:53 74.75   77.68   80.12   97.05
06:48:03 74.78   77.72   80.12   96.43
06:49:14 74.83   77.76   79.62   95.86
06:50:24 74.86   77.76   80.01   95.28
06:51:35 74.82   77.76   80.19   94.72
06:52:46 74.82   77.73   80.11   94.30
06:53:56 74.86   77.79   80.04   93.84
06:55:07 74.86   77.78   80.22   93.38
06:56:18 74.86   77.78   80.02   92.99
06:57:28 74.86   77.79   80.11   92.66
06:58:39 74.87   77.79   80.14   92.31
06:59:49 74.91   77.81   80.12   91.98
07:01:00 74.95   77.79   80.14   91.64
07:02:10 74.97   77.82   80.07   91.29
07:03:21 74.96   77.88   79.85   90.97
07:04:32 74.97   77.89   79.95   90.72
07:05:42 74.97   77.90   79.99   90.52
07:06:53 74.97   77.90   80.17   90.26
07:08:03 75.00   77.90   80.17   89.99
07:09:14 75.01   77.90   79.99   90.10
07:10:25 75.05   77.90   80.16   99.18
07:11:35 75.08   77.90   80.05   102.33
07:12:46 75.09   77.90   80.15   102.04
07:13:56 75.09   77.90   80.09   101.27
07:15:07 75.08   77.91   80.09   100.41
07:16:18 75.10   77.90   79.99   99.65
07:17:28 75.09   77.93   80.10   98.87
07:18:39 75.09   77.92   80.05   98.12
07:19:49 75.09   77.92   80.25   97.42
07:21:00 75.10   77.92   80.19   96.81
07:22:10 75.12   77.96   80.08   96.22
07:23:21 75.12   78.01   80.12   95.65
07:24:32 75.10   78.02   80.05   95.10
07:25:42 75.12   78.01   80.05   94.64
07:26:53 75.15   78.01   80.15   94.19
07:28:03 75.19   78.01   80.11   93.77
07:29:14 75.19   78.01   80.03   93.35
07:30:25 75.20   78.01   80.22   92.92
07:31:35 75.20   78.01   80.45   92.55
07:32:46 75.21   77.98   80.14   92.22
07:33:56 75.25   77.95   80.25   91.84
07:35:07 75.23   78.01   80.39   91.47
07:36:17 75.31   78.04   80.26   91.19
07:37:28 75.31   78.05   80.41   90.92
07:38:38 75.32   78.09   80.31   90.65
07:39:49 75.33   78.12   79.90   90.43
07:40:59 75.33   78.20   80.03   90.21
07:42:10 75.40   78.24   79.89   90.84
07:43:21 75.36   78.25   80.29   92.94
07:44:31 75.42   78.26   80.24   93.03
07:45:42 75.42   78.27   80.14   92.64
07:46:53 75.41   78.31   80.03   92.19
07:48:03 75.42   78.34   80.01   91.86
07:49:14 75.42   78.36   80.40   91.54
07:50:24 75.45   78.35   80.27   91.16
07:51:35 75.44   78.43   80.37   90.87
07:52:46 75.44   78.45   80.43   90.57
07:53:56 75.49   78.46   80.56   90.36
07:55:07 75.50   78.46   80.29   90.07
07:56:18 75.52   78.47   80.12   89.82
07:57:28 75.54   78.46   80.02   89.57
07:58:39 75.54   78.46   80.07   89.35
07:59:49 75.54   78.48   80.36   89.17
08:01:00 75.54   78.49   80.39   88.95
08:02:10 75.54   78.50   80.40   88.77
08:03:21 75.57   78.52   80.60   88.55
08:04:32 75.59   78.49   80.52   88.40
08:05:42 75.58   78.54   80.38   88.21
08:06:53 75.60   78.55   80.36   88.06
08:08:03 75.59   78.50   80.25   87.86
08:09:14 75.64   78.57   80.37   87.70
08:10:24 75.64   78.58   80.59   87.56
08:11:35 75.64   78.58   80.44   87.37
08:12:46 75.64   78.58   80.41   87.20
08:13:56 75.65   78.58   80.27   87.06
08:15:07 75.65   78.58   80.27   86.98
08:16:17 75.65   78.58   80.47   86.85
08:17:28 75.66   78.60   80.47   86.70
08:18:39 75.65   78.60   80.13   86.56
08:19:49 75.66   78.65   80.29   86.46
08:21:00 75.69   78.64   80.40   86.43
08:22:10 75.73   78.68   80.61   86.29
08:23:21 75.72   78.69   80.42   86.12
08:24:32 75.75   78.69   80.42   86.04
08:25:42 75.76   78.69   80.30   86.03
08:26:53 75.76   78.69   80.40   85.90
08:28:03 75.76   78.70   80.25   85.89
08:29:14 75.76   78.70   80.26   85.84
08:30:24 75.76   78.75   80.51   85.77
08:31:35 75.77   78.80   80.16   85.70
08:32:46 75.84   78.80   80.61   85.60
08:33:56 75.86   78.80   80.63   85.55
08:35:07 75.88   78.80   80.63   85.52
08:36:17 75.88   78.81   80.61   85.44
08:37:28 75.88   78.84   80.48   85.35
08:38:38 75.88   78.85   80.29   85.30
08:39:49 75.88   78.87   80.25   85.20
08:40:59 75.88   78.88   80.35   85.14
08:42:10 75.91   78.91   80.30   85.08
08:43:21 75.93   78.91   80.38   84.99
08:44:31 75.90   78.91   80.36   84.96
08:45:42 75.91   78.91   80.33   84.98
08:46:52 75.93   78.91   80.37   84.98
08:48:03 75.90   78.91   80.15   84.98
08:49:14 75.91   78.91   80.41   84.99
08:50:24 75.95   78.91   80.35   84.93
08:51:35 75.99   78.92   80.48   84.77
08:52:46 75.98   78.96   80.76   84.67
08:53:56 75.99   78.99   80.65   84.65
08:55:07 75.99   79.00   80.72   84.59
08:56:17 75.99   79.01   80.44   84.58
08:57:28 75.99   79.03   80.51   84.59
08:58:39 75.99   79.03   80.68   84.57
08:59:49 76.00   79.03   80.52   84.54
09:01:00 76.06   79.03   80.22   84.47
09:02:10 76.06   79.03   80.29   84.43
09:03:21 76.08   79.03   80.40   84.39
09:04:31 76.10   79.03   80.21   84.36
09:05:42 76.10   79.10   80.55   84.37
09:06:53 76.10   79.10   80.41   84.30
09:08:03 76.10   79.13   80.68   84.37
09:09:14 76.12   79.14   80.72   96.55
09:10:24 76.10   79.14   80.50   103.58
09:11:35 76.16   79.14   80.54   105.04
09:12:45 76.21   79.10   80.39   105.64
09:13:56 76.21   68.58   80.79   106.25
09:15:07 76.18   62.71   80.90   106.76
09:16:17 76.05   60.93   80.58   107.09
09:17:28 75.93   59.11   80.45   107.19
09:18:38 75.79   58.50   80.64   107.32
09:19:49 75.64   59.94   80.58   107.39
09:21:00 75.55   67.98   80.50   107.44
09:22:10 75.61   69.97   80.53   108.00
09:23:21 75.70   72.01   80.26   108.37
09:24:31 75.75   73.42   80.32   108.58
09:25:42 75.82   74.24   80.57   108.59
09:26:53 75.89   75.15   80.65   108.74
09:28:03 75.99   75.89   80.57   108.87
09:29:14 75.99   76.98   80.47   108.40
09:30:24 76.04   78.05   80.25   107.84
09:31:35 76.16   78.70   80.09   107.26
09:32:45 76.22   78.96   80.26   106.66
09:33:56 76.28   79.10   80.52   106.01
09:35:06 76.33   79.20   80.42   107.47
09:36:17 76.40   79.25   80.01   109.64
09:37:28 76.44   79.33   80.07   109.24
09:38:38 76.49   79.36   80.04   108.80
09:39:49 76.55   79.20   80.30   112.18
09:40:59 76.55   67.96   80.36   112.43
09:42:10 76.44   62.71   80.50   111.18
09:43:21 76.29   60.54   80.29   109.84
09:44:31 76.11   59.66   80.34   108.58
09:45:42 75.95   59.31   80.33   107.49
09:46:53 75.81   58.99   80.38   106.50
09:48:03 75.71   58.51   80.45   105.53
09:49:14 75.60   64.47   80.58   107.61
09:50:24 75.67   69.04   80.55   110.76
09:51:35 75.76   70.11   80.53   110.02
09:52:46 75.76   71.07   80.46   108.84
09:53:56 75.79   72.13   80.56   107.72
09:55:07 75.86   73.22   80.71   106.60
09:56:17 75.90   74.06   80.64   105.45
09:57:28 75.98   74.74   80.80   104.48
09:58:38 75.99   75.32   80.76   103.58
09:59:49 76.04   69.18   80.69   102.76
10:01:00 76.04   62.55   80.62   102.04
10:02:10 75.93   60.20   80.30   101.29
10:03:21 75.77   59.42   80.35   100.64
10:04:31 75.62   59.16   80.49   100.00
10:05:42 75.51   58.78   80.59   99.38
10:06:52 75.41   58.45   80.62   98.81
10:08:03 75.32   58.12   80.52   98.23
10:09:13 75.23   57.89   80.30   97.65
10:10:24 75.17   58.01   80.29   97.13
10:11:35 75.17   66.04   80.16   96.60
10:12:45 75.27   68.65   80.16   96.15
10:13:56 75.42   69.58   80.29   95.66
10:15:06 75.53   70.16   80.45   95.25
10:16:17 75.60   70.95   80.35   94.95
10:17:28 75.70   71.71   80.27   94.63
10:18:38 75.73   72.70   80.38   94.29
10:19:49 75.74   68.18   80.42   93.86
10:21:00 75.68   62.05   80.32   93.54
10:22:10 75.60   59.75   80.15   93.19
10:23:21 75.47   59.12   80.08   92.78
10:24:31 75.34   58.72   80.18   92.38
10:25:42 75.22   58.36   80.23   92.01
10:26:52 75.19   57.99   80.14   91.69
10:28:03 75.12   57.74   80.13   91.33
10:29:13 75.05   57.55   80.19   90.99
10:30:24 74.97   57.32   80.33   90.71
10:31:35 74.95   57.35   80.08   90.46
10:32:45 74.91   56.76   80.01   90.16
10:33:56 74.91   57.04   80.00   95.14
10:35:06 74.99   57.03   80.12   105.63
10:36:17 74.92   57.49   79.95   105.88
10:37:27 74.86   65.76   79.71   104.35
10:38:38 74.97   67.57   79.72   102.89
10:39:49 75.16   68.57   79.87   101.36
10:40:59 75.26   69.23   79.79   100.10
10:42:10 75.31   69.81   80.05   99.12
10:43:21 75.39   67.94   79.91   98.16
10:44:31 75.37   61.73   80.21   97.31
10:45:42 75.29   59.24   79.85   96.54
10:46:53 75.17   58.71   79.70   95.95
10:48:03 75.06   58.24   79.69   95.37
10:49:14 74.95   57.56   79.80   94.79
10:50:24 74.87   57.40   80.02   94.35
10:51:35 74.80   56.90   79.88   93.90
10:52:45 74.78   56.83   79.86   93.35
10:53:56 74.74   56.57   80.04   92.86
10:55:07 74.69   56.13   79.89   92.43
10:56:17 74.64   56.17   79.71   92.04
10:57:28 74.63   55.97   79.69   91.61
10:58:38 74.62   55.70   79.67   91.29
10:59:49 74.60   55.61   79.78   90.93
11:00:59 74.60   55.53   79.83   90.57
11:02:10 74.56   55.35   79.68   90.29
11:03:21 74.55   55.35   79.63   90.02
11:04:31 74.52   55.15   79.70   89.76
11:05:42 74.51   55.10   79.60   89.49
11:06:52 74.46   55.12   79.54   89.11
11:08:03 74.51   55.06   79.55   88.76
11:09:13 74.46   54.97   79.54   88.48
11:10:24 74.41   54.89   79.56   88.17
11:11:35 74.39   54.80   79.28   87.94
11:12:45 74.38   54.79   79.49   87.75
11:13:56 74.41   54.89   79.47   87.61
11:15:07 74.44   54.72   79.45   87.37
11:16:17 74.36   54.58   79.41   87.16
11:17:28 74.30   54.58   79.38   86.96
11:18:38 74.30   54.48   79.38   86.75
11:19:49 74.29   54.43   79.31   86.61
11:20:59 74.29   54.42   79.55   86.37
11:22:10 74.27   54.39   79.46   86.07
11:23:21 74.27   54.38   79.64   92.82
11:24:31 74.34   54.46   79.42   104.57
11:25:42 74.29   54.46   79.13   105.60
11:26:52 74.21   54.49   79.20   104.13
11:28:03 74.19   54.61   79.32   102.44
11:29:13 74.19   54.60   79.41   100.86
11:30:24 74.32   54.51   79.27   99.47
11:31:34 74.31   54.62   78.91   98.18
11:32:45 74.17   54.62   79.11   97.14
11:33:56 74.05   54.57   79.20   96.28
11:35:06 74.01   54.47   79.19   95.49
11:36:17 73.96   54.39   79.27   94.67
11:37:28 73.96   54.39   79.28   94.03
11:38:38 74.03   54.26   79.40   99.56
11:39:49 74.15   54.27   79.38   105.42
11:39:55 74.32   54.28   79.36   104.88
11:41:06 74.25   54.17   79.26   103.31
11:42:17 74.19   54.16   79.08   101.73
11:43:27 74.14   54.13   79.15   100.37
11:44:38 74.08   54.20   79.11   102.43
11:45:49 74.06   54.13   79.23   106.86
11:46:59 74.00   54.20   79.28   107.56
11:48:10 73.98   54.12   79.22   107.67
11:49:20 74.05   54.13   79.22   108.10
11:50:31 74.04   54.16   79.18   108.58
11:51:41 74.08   54.10   78.95   108.92
11:52:52 74.08   54.17   79.04   109.06
11:54:02 74.11   54.27   79.13   109.17
11:55:13 74.16   54.36   79.14   109.25
11:56:23 74.15   54.33   78.95   109.20
11:57:34 74.19   54.26   79.12   109.06
11:58:44 74.18   54.27   79.00   108.84
11:59:55 74.19   54.26   78.72   108.63
12:01:06 74.28   54.24   78.91   108.04
12:02:16 74.27   54.31   79.02   107.31
12:03:27 74.23   54.31   79.02   106.46
12:04:38 74.23   54.38   79.18   105.67
12:05:48 74.50   56.36   79.11   104.86
12:06:59 74.52   56.87   78.90   104.10
12:08:10 74.56   56.67   79.00   103.35
12:09:20 74.52   56.17   78.84   102.64
12:10:31 74.53   55.86   79.00   101.99
12:11:41 74.50   55.63   78.81   101.31
12:12:52 74.49   55.42   78.82   100.68
12:14:03 74.56   55.28   78.76   100.06
12:15:13 74.72   55.22   78.75   99.39
12:16:24 74.50   55.07   78.84   98.74
12:17:34 74.40   54.84   78.96   98.18
12:18:45 74.32   54.70   78.81   97.58
12:19:55 74.26   54.60   78.91   105.46
12:21:06 74.30   54.67   78.87   109.21
12:22:16 74.34   54.82   78.58   108.56
12:23:27 74.30   54.72   78.55   108.15
12:24:38 74.24   54.61   78.65   107.73
12:25:48 74.27   54.51   78.60   107.15
12:26:59 74.19   54.52   78.81   106.49
12:28:09 74.22   54.50   78.84   105.69
12:29:20 74.23   54.50   78.72   104.88
12:30:31 74.27   54.46   78.76   104.06
12:31:41 74.30   54.35   78.61   103.27
12:32:52 74.29   54.33   78.63   102.49
12:34:02 74.30   54.33   78.54   101.69
12:35:13 74.27   54.32   78.66   100.95
12:36:24 74.22   54.27   78.60   100.27
12:37:35 74.29   54.25   78.66   99.62
12:38:45 74.30   54.32   78.59   99.04
12:39:56 74.25   54.20   78.79   98.43
12:41:07 74.20   54.15   78.59   97.78
12:42:17 74.19   54.12   78.75   97.19
12:43:28 74.19   54.06   78.95   96.61
12:44:38 74.19   54.02   78.69   96.14
12:45:49 74.19   53.98   78.68   95.80
12:47:00 74.13   54.06   78.76   95.45
12:48:10 74.08   54.05   78.51   95.02
12:49:21 74.08   54.11   78.42   94.66
12:50:31 74.04   54.04   78.45   94.27
12:51:42 73.98   54.03   78.36   93.89
12:52:52 73.96   53.95   78.50   93.49
12:54:03 73.94   54.01   78.44   93.06
12:55:13 73.88   54.01   78.55   92.74
12:56:24 73.86   53.94   78.37   92.29
12:57:35 73.88   53.95   78.39   91.89
12:58:46 73.85   53.99   78.15   91.56
12:59:57 73.90   53.93   78.07   91.27
13:01:07 73.92   53.90   78.34   90.99
13:02:18 73.89   53.91   78.19   90.70
13:03:29 73.85   53.94   78.34   90.30
13:04:40 73.85   53.93   78.51   89.98
13:05:51 73.85   53.95   78.66   89.79
13:07:02 73.94   53.96   78.45   89.47
13:08:12 73.88   53.90   78.34   89.25
13:09:23 73.80   53.81   78.29   88.96
13:10:34 73.78   53.82   78.65   88.71
13:11:45 73.80   53.80   78.47   88.42
13:12:55 73.77   53.77   78.39   88.10
13:14:06 73.74   53.81   78.26   87.85
13:15:17 73.74   53.72   78.32   87.64
13:16:28 73.74   53.71   78.29   87.35
13:17:38 73.73   53.62   78.26   87.13
13:18:49 73.66   53.58   78.56   86.98
13:20:00 73.63   53.58   78.63   86.82
13:21:11 73.64   53.52   78.59   86.59
13:22:22 73.68   53.49   78.49   86.42
13:23:32 73.75   53.59   78.54   86.23
13:24:44 73.73   53.53   78.54   85.98
13:25:54 73.64   53.49   78.51   85.66
13:27:05 73.63   53.48   78.60   85.45
13:28:16 73.63   53.42   78.54   85.21
13:29:27 73.65   53.48   78.60   85.12
13:30:38 73.66   53.54   78.55   85.00
13:31:49 73.63   53.54   78.71   84.86
13:33:00 73.63   53.54   78.65   84.67
13:34:11 73.69   53.57   78.60   84.54
13:35:22 73.73   53.54   78.59   84.45
13:36:32 73.71   53.52   78.55   84.31
13:37:43 73.68   53.55   78.11   84.14
13:38:54 73.64   53.47   78.37   83.97
13:40:05 73.64   53.61   78.29   83.83
13:41:16 73.62   53.60   78.50   83.68
13:42:27 73.63   53.52   78.25   83.71
13:43:38 73.61   53.49   78.50   83.71
13:44:49 73.61   53.49   78.69   83.53
13:45:59 73.59   53.49   78.43   83.48
13:47:10 73.55   56.50   78.43   83.41
13:48:21 73.63   64.29   78.52   83.29
13:49:32 73.79   65.07   78.52   83.13
13:50:43 73.95   65.63   78.42   82.96
13:51:54 74.03   66.11   78.40   82.93
13:53:05 74.14   66.77   78.58   82.86
13:54:16 74.22   66.90   78.51   82.86
13:55:26 74.25   60.14   78.74   82.85
13:56:37 74.20   56.48   78.72   82.74
13:57:48 74.10   55.71   78.59   82.68
13:58:59 74.00   55.41   78.69   82.59
14:00:10 73.96   55.12   78.58   82.51
14:01:21 73.86   54.82   78.50   82.46
14:02:32 73.83   54.52   78.74   82.33
14:03:43 73.73   54.27   78.72   82.29
14:04:53 73.70   54.12   78.56   82.29
14:06:04 73.69   54.00   78.52   82.23
14:07:16 73.61   53.93   78.43   82.17
14:08:26 73.61   53.71   78.32   82.14
14:09:37 73.56   59.52   78.37   82.06
14:10:48 73.74   64.57   78.07   82.07
14:11:59 73.93   65.54   78.16   81.98
14:13:10 74.04   66.19   78.28   81.88
14:14:21 74.13   66.80   78.43   81.94
14:15:32 74.19   67.56   78.73   81.84
14:16:43 74.27   68.29   78.34   81.80
14:17:54 74.32   67.16   78.31   81.98
14:19:05 74.36   59.93   78.60   81.96
14:20:15 74.29   57.06   78.59   81.95
14:21:26 74.11   56.49   78.49   81.88
14:22:37 74.00   55.78   78.51   81.72
14:23:48 73.89   55.38   78.68   81.59
14:24:59 73.83   55.03   78.68   81.46
14:26:10 73.77   54.80   78.67   81.43
14:27:21 73.74   56.80   78.73   81.42
14:28:32 73.72   65.00   78.65   81.46
14:29:43 73.90   66.08   78.60   81.55
14:30:54 74.03   67.22   78.65   81.61
14:32:05 74.13   68.00   78.61   81.51
14:33:15 74.19   68.74   78.69   81.55
14:34:26 74.28   69.86   78.78   81.61
14:35:37 74.33   70.77   78.58   81.54
14:36:48 74.41   71.79   78.53   81.50
14:37:59 74.53   72.93   78.48   81.48
14:39:10 74.62   73.93   78.70   81.45
14:40:21 74.76   72.71   78.43   81.44
14:41:32 74.80   61.16   78.62   81.50
14:42:43 74.67   57.80   78.60   81.50
14:43:54 74.51   57.22   78.51   81.50
14:45:05 74.37   56.97   78.60   81.48
14:46:16 74.20   56.35   78.81   81.46
14:47:27 74.11   56.30   78.83   81.42
14:48:38 74.08   64.84   78.86   81.39
14:49:49 74.14   67.30   78.75   81.39
14:51:00 74.29   68.42   78.64   81.39
14:52:10 74.40   69.33   78.73   81.39
14:53:21 74.42   70.92   78.88   81.47
14:54:32 74.51   71.94   78.75   81.48
14:55:43 74.58   73.77   78.70   81.44
14:56:54 74.65   75.13   78.57   81.40
14:58:05 74.78   75.82   78.61   81.48
14:59:15 74.86   76.22   78.83   81.61
15:00:26 74.95   76.54   79.04   81.72
15:01:37 75.07   76.69   78.96   81.67
15:02:49 75.08   76.79   79.35   81.61
15:03:59 75.09   76.89   78.93   83.97
15:05:10 75.20   77.01   79.38   100.60
15:06:21 75.21   77.11   79.34   103.15
15:07:32 75.30   77.21   79.45   101.59
15:08:43 75.33   77.33   79.58   99.75
15:09:54 75.41   77.46   79.79   98.11
15:11:05 75.42   67.53   79.72   104.23
15:12:16 75.35   59.83   79.58   108.71
15:13:27 75.22   58.26   79.79   108.70
15:14:38 75.04   57.70   79.78   108.60
15:15:49 74.88   57.46   79.54   108.39
15:17:00 74.82   61.68   79.63   107.87
15:18:11 74.79   67.75   79.26   107.25
15:19:22 74.96   68.88   79.29   106.70
15:20:33 75.03   69.95   79.38   106.01
15:21:44 75.10   71.35   79.25   105.32
15:22:55 75.19   73.19   79.18   104.62
15:24:05 75.27   75.21   79.27   103.90
15:25:16 75.39   76.58   79.25   103.20
15:26:27 75.50   77.26   79.18   102.60
15:27:38 75.62   77.53   79.11   102.05
15:28:49 75.71   77.71   79.10   101.62
15:30:00 75.80   77.82   79.62   101.10
15:31:11 75.86   77.89   79.59   100.61
15:32:22 75.88   77.99   79.63   100.18
15:33:33 75.91   78.01   79.53   99.74
15:34:43 75.99   78.10   79.49   99.33
15:35:54 75.99   78.13   79.64   98.93
15:37:06 75.99   78.15   79.77   98.47
15:38:16 76.07   78.24   79.36   98.05
15:38:03 76.08   78.24   79.31   97.74
15:39:14 76.10   78.24   79.63   97.28
15:40:25 76.10   78.29   79.53   96.93
15:41:36 76.10   78.34   79.32   96.65
15:42:47 76.10   78.35   79.38   96.37
15:43:58 76.10   78.35   79.67   96.08
15:45:09 76.13   78.35   79.66   95.88
15:46:20 76.14   78.37   79.65   95.65
15:47:30 76.19   78.41   79.52   95.39
15:48:41 76.20   78.42   79.68   94.99
15:49:52 76.15   67.41   79.89   94.72
15:51:03 76.05   60.58   80.00   94.26
15:52:14 75.91   59.07   79.64   93.84
15:53:25 75.71   58.47   79.78   93.51
15:54:36 75.57   58.56   79.89   93.18
15:55:47 75.51   58.89   79.83   92.92
15:56:58 75.54   66.80   79.89   92.64
15:58:09 75.66   69.33   79.95   95.02
15:59:20 75.70   70.35   79.65   108.62
16:00:30 75.75   71.70   79.72   113.30
16:01:41 75.78   72.81   79.61   113.67
16:02:52 75.76   73.57   79.23   112.98
16:04:03 75.78   74.72   79.26   112.04
16:05:14 75.78   76.17   79.70   111.11
16:06:25 75.90   77.28   79.50   110.14
16:07:36 75.99   77.88   79.75   109.28
16:08:47 76.05   78.15   79.92   108.57
16:09:58 76.10   78.27   79.82   107.73
16:11:09 76.15   78.36   79.69   106.87
16:12:20 76.19   78.46   79.66   106.09
16:13:30 76.21   78.46   79.44   105.28
16:14:42 76.22   78.53   79.56   104.53
16:15:52 76.31   78.58   79.91   103.77
16:17:03 76.33   78.59   80.13   103.12
16:18:14 76.33   78.63   80.35   102.48
16:19:25 76.33   78.68   80.26   101.86
16:20:36 76.35   78.69   80.22   101.25
16:21:47 76.41   76.62   80.25   100.69
16:22:58 76.36   63.94   80.33   100.09
16:24:09 76.21   60.30   80.10   99.42
16:25:20 76.04   59.30   80.23   98.80
16:26:30 75.84   59.02   80.26   98.23
16:27:41 75.64   58.78   80.29   97.73
16:28:52 75.50   62.50   80.30   97.15
16:30:03 75.44   68.79   80.17   96.68
16:31:14 75.53   70.13   79.94   96.21
16:32:25 75.57   71.52   80.01   95.68
16:33:36 75.62   72.66   80.17   95.21
16:34:47 75.67   73.61   80.01   94.92
16:35:58 75.70   74.42   80.23   94.48
16:37:08 75.76   75.51   80.16   94.10
16:38:20 75.76   76.73   79.98   93.84
16:39:31 75.88   77.66   80.39   93.59
16:40:41 75.94   78.11   80.21   93.29
16:41:52 75.99   78.32   79.96   92.99
16:43:03 76.00   78.40   79.92   92.73
16:44:14 76.10   78.47   79.92   92.41
16:45:25 76.10   78.55   79.87   92.10
16:46:36 76.17   78.58   79.97   91.82
16:47:47 76.21   78.64   79.94   91.63
16:48:58 76.21   78.68   79.84   91.35
16:50:09 76.22   78.69   79.86   91.16
16:51:20 76.27   78.70   80.12   90.91
16:52:31 76.30   75.01   80.02   90.75
16:53:42 76.24   63.29   80.35   90.53
16:54:53 76.09   60.82   80.44   90.22
16:56:04 75.93   59.92   80.01   89.96
16:57:15 75.77   59.22   80.20   89.61
16:58:26 75.60   58.87   80.22   89.37
16:59:37 75.48   62.57   80.26   89.16
17:00:48 75.45   68.95   80.29   88.96
17:01:58 75.56   70.31   80.14   88.76
17:03:09 75.64   71.88   79.87   88.58
17:04:20 75.65   73.09   79.91   88.40
17:05:31 75.73   73.79   80.21   88.31
17:06:42 75.76   74.01   80.22   88.18
17:07:53 75.85   75.09   80.22   88.03
17:09:04 75.88   76.36   80.26   87.84
17:10:15 75.96   77.50   80.20   87.66
17:11:26 76.00   78.19   80.33   87.62
17:12:37 76.09   78.51   80.22   87.60
17:13:48 76.13   78.66   80.08   87.43
17:14:59 76.21   78.77   80.13   87.33
17:16:09 76.22   78.89   80.00   87.23
17:17:20 76.27   78.96   79.78   87.14
17:18:31 76.33   79.08   79.78   87.01
17:19:42 76.36   78.77   79.89   87.00
17:20:53 76.35   66.91   79.91   86.84
17:22:04 76.25   61.79   80.21   86.75
17:23:15 76.09   59.93   79.77   86.60
17:24:26 75.90   59.29   79.91   86.44
17:25:37 75.71   59.10   80.13   86.27
17:26:47 75.57   59.11   80.25   86.10
17:27:59 75.49   66.94   80.32   85.98
17:29:10 75.53   69.54   80.23   85.89
17:30:20 75.60   70.63   80.22   85.88
17:31:31 75.65   72.00   80.22   85.78
17:32:42 75.70   73.19   80.08   85.67
17:33:53 75.76   74.06   80.33   85.70
17:35:04 75.79   75.08   80.23   85.66
17:36:15 75.86   76.05   80.33   85.52
17:37:26 75.88   77.35   80.41   85.34
17:38:37 75.93   78.28   80.30   85.30
17:39:48 75.99   78.70   80.21   85.24
17:40:59 76.00   78.90   80.07   85.25
17:42:10 76.09   79.01   80.03   85.35
17:43:20 76.10   79.09   79.82   85.33
17:44:31 76.15   79.14   79.88   85.29
17:45:42 76.21   70.23   79.99   85.17
17:46:53 76.18   62.68   80.07   85.08
17:48:04 76.05   60.28   79.87   84.99
17:49:15 75.88   59.48   79.90   84.99
17:50:26 75.69   59.05   80.12   84.93
17:51:37 75.56   58.74   80.21   84.76
17:52:48 75.44   58.57   80.31   84.74
17:53:59 75.34   65.99   80.26   84.62
17:55:10 75.45   69.21   80.01   84.54
17:56:20 75.54   70.25   79.96   84.47
17:57:31 75.61   71.40   79.95   84.46
17:58:42 75.67   72.65   80.14   84.41
17:59:53 75.68   73.65   80.00   84.31
18:01:04 75.73   74.38   80.17   84.19
18:02:15 75.76   75.06   80.21   84.20
18:03:26 75.77   75.86   80.14   84.20
18:04:37 75.86   77.06   80.02   84.20
18:05:48 75.91   78.00   80.24   84.11
18:06:59 75.99   78.59   80.08   84.06
18:08:10 76.03   78.83   80.03   83.97
18:09:21 76.10   68.53   80.00   83.97
18:10:32 76.03   62.38   80.05   83.98
18:11:43 75.94   60.09   80.03   83.95
18:12:54 75.79   59.31   79.68   83.86
18:14:05 75.58   58.96   80.03   83.70
18:15:16 75.48   58.71   80.07   83.64
18:16:27 75.32   63.87   80.08   83.64
18:17:37 75.38   69.02   80.09   83.63
18:18:48 75.51   70.19   80.06   83.54
18:19:59 75.54   71.43   80.07   83.59
18:21:10 75.62   72.71   79.99   83.64
18:22:21 75.68   73.67   79.92   83.64
18:23:32 75.72   74.47   80.16   83.64
18:24:43 75.76   75.09   80.35   83.64
18:25:54 75.80   76.26   80.25   83.65
18:27:05 75.87   77.57   80.39   83.64
18:28:16 75.91   78.38   80.20   83.65
18:29:26 75.98   78.73   80.21   83.74
18:30:37 76.00   75.82   79.99   83.76
18:31:48 76.06   64.07   79.93   83.74
18:32:59 75.94   60.64   80.01   83.64
18:34:09 75.77   59.60   79.82   83.47
18:35:20 75.60   59.14   79.84   83.34
18:36:32 75.46   58.91   80.26   83.28
18:37:43 75.35   58.86   80.54   83.19
18:37:32 75.30   66.59   80.34   83.15
18:38:43 75.35   69.36   80.07   83.08
18:39:54 75.44   70.38   80.00   83.09
18:41:05 75.52   71.53   80.18   83.19
18:42:16 75.55   72.79   79.86   83.25
18:43:27 75.64   73.75   79.94   83.29
18:44:38 75.66   74.66   80.17   83.25
18:45:49 75.68   75.48   80.25   83.21
18:47:00 75.75   76.59   80.17   83.23
18:48:11 75.83   77.69   80.35   83.19
18:49:21 75.95   78.46   79.95   83.19
18:50:32 76.07   78.87   80.02   83.19
18:51:43 76.13   75.62   80.06   95.66
18:52:54 76.22   64.18   80.01   101.34
18:54:05 76.14   61.11   79.81   100.25
18:55:16 75.96   59.89   80.06   98.51
18:56:27 75.83   59.36   79.58   97.04
18:57:38 75.67   59.07   79.55   98.36
18:58:49 75.57   58.82   79.70   106.63
19:00:00 75.46   58.43   79.71   108.08
19:01:11 75.43   65.02   79.85   107.67
19:02:22 75.58   69.11   79.67   106.88
19:03:33 75.70   70.29   79.80   106.02
19:04:44 75.76   71.28   79.94   105.14
19:05:55 75.88   72.24   79.80   104.26
19:07:06 75.95   73.17   79.68   103.47
19:08:16 76.00   73.94   79.71   102.77
19:09:27 76.09   74.57   80.18   102.05
19:10:38 76.15   75.18   80.23   101.33
19:11:49 76.22   76.24   80.00   100.54
19:13:00 76.21   69.30   80.12   99.79
19:14:11 76.14   62.17   79.95   99.21
19:15:22 75.95   59.97   79.50   98.64
19:16:33 75.82   59.55   79.95   98.04
19:17:44 75.74   59.43   80.05   97.46
19:18:55 75.66   59.21   80.13   96.92
19:20:06 75.57   58.97   80.27   96.39
19:21:17 75.53   58.71   80.19   95.88
19:22:28 75.45   58.55   79.92   95.38
19:23:39 75.39   64.65   79.91   94.95
19:24:50 75.57   68.95   79.96   94.54
19:26:01 75.71   70.09   79.85   94.17
19:27:12 75.76   70.82   79.67   93.79
19:28:23 75.85   71.57   79.86   93.36
19:29:33 75.88   72.29   80.12   93.03
19:30:44 76.03   73.20   80.26   92.71
19:31:55 76.00   73.93   79.98   92.39
19:33:06 76.05   67.78   80.17   92.12
19:34:17 76.03   63.20   80.14   91.90
19:35:28 75.89   60.84   80.05   91.63
19:36:39 75.73   59.81   79.68   91.27
19:37:50 75.63   59.34   80.09   90.97
19:39:00 75.57   59.02   80.23   90.70
19:40:11 75.47   58.63   80.30   90.31
19:41:23 75.43   58.47   80.05   90.04
19:42:33 75.37   58.36   80.21   89.75
19:43:44 75.32   58.36   79.99   89.50
19:44:55 75.31   58.27   79.90   89.26
19:46:06 75.31   58.20   79.90   89.07
19:47:17 75.46   61.57   80.10   100.66
19:48:28 75.46   68.10   80.21   106.51
19:49:39 75.64   69.45   80.22   107.57
19:50:50 75.81   70.19   80.38   108.04
19:52:01 75.91   70.78   80.27   108.65
19:53:12 76.04   71.53   80.32   109.17
19:54:23 76.16   72.24   80.30   109.64
19:55:34 76.21   68.03   80.27   109.90
19:56:45 76.21   63.38   80.39   110.20
19:57:55 76.16   60.77   80.40   110.42
19:59:06 76.04   59.81   80.41   110.38
20:00:17 76.04   59.72   80.20   109.72
20:01:28 76.11   60.71   80.17   108.94
20:02:39 76.08   60.01   80.28   108.10
20:03:50 76.09   59.52   80.35   107.23
20:05:01 75.95   59.37   80.43   106.38
20:06:11 75.90   59.15   80.51   105.47
20:07:23 75.96   59.00   80.18   104.62
20:08:33 75.88   58.98   79.70   103.81
20:09:44 75.84   58.87   80.09   102.97
20:10:55 75.82   58.72   80.17   102.04
20:12:06 75.75   58.62   80.14   101.20
20:13:17 75.70   58.58   80.04   100.54
20:14:28 75.67   58.44   80.03   99.92
20:15:39 75.57   58.33   79.80   99.30
20:16:50 75.57   58.22   79.95   98.71
20:18:01 75.53   60.23   80.03   98.18
20:19:12 75.55   67.71   79.91   97.69
20:20:22 75.67   69.22   80.40   97.23
20:21:33 75.81   69.93   80.31   96.64
20:22:44 75.88   70.49   80.61   96.10
20:23:55 75.92   70.56   80.62   95.74
20:25:06 75.95   64.60   80.81   95.35
20:26:17 75.91   61.19   80.54   94.92
20:27:28 75.79   59.87   80.38   94.55
20:28:39 75.69   59.25   80.44   94.21
20:29:50 75.59   58.93   80.49   93.85
20:31:01 75.54   58.70   80.36   93.49
20:32:12 75.48   58.43   80.36   93.10
20:33:23 75.42   58.30   80.38   92.72
20:34:34 75.32   58.15   80.40   92.41
20:35:45 75.31   58.08   80.13   92.06
20:36:55 75.20   57.99   79.92   91.70
20:38:06 75.19   57.89   79.90   91.27
20:39:17 75.20   57.76   79.90   91.01
20:40:28 75.17   57.64   79.97   90.71
20:41:39 75.09   57.63   79.69   90.43
20:42:50 75.08   57.55   79.82   90.13
20:44:01 75.05   57.61   79.88   89.86
20:45:12 75.08   57.57   80.26   89.50
20:46:23 75.09   57.54   79.93   89.18
20:47:34 75.07   57.47   79.86   89.04
20:48:44 75.04   57.37   79.91   88.77
20:49:55 74.97   57.40   80.08   88.53
20:51:06 74.91   57.18   79.56   88.19
20:52:17 74.90   57.08   79.41   87.99
20:53:28 74.87   57.03   79.80   87.79
20:54:39 74.86   57.06   79.90   87.53
20:55:50 74.94   56.98   79.92   87.30
20:57:01 74.94   56.87   79.88   87.03
20:58:11 74.85   56.84   79.81   86.85
20:59:22 74.78   56.82   79.86   86.69
21:00:34 74.76   56.79   79.73   86.55
21:01:44 74.75   56.78   79.64   88.96
21:02:55 74.72   56.71   79.27   104.76
21:04:06 74.76   56.60   79.09   108.37
21:05:17 74.74   56.54   79.19   107.88
21:06:28 74.72   56.36   79.13   106.87
21:07:39 74.63   56.36   78.97   105.65
21:08:50 74.58   56.17   78.74   104.47
21:10:01 74.53   56.18   78.65   103.34
21:11:12 74.51   56.06   78.61   102.31
21:12:22 74.53   55.91   78.51   101.40
21:13:34 74.43   55.79   78.39   100.51
21:14:45 74.41   55.85   78.38   99.55
21:15:55 74.41   55.68   78.38   98.69
21:17:06 74.37   55.65   78.38   97.95
21:18:17 74.44   55.80   78.45   97.27
21:19:28 74.43   55.50   78.41   96.55
21:20:39 74.34   55.50   78.21   96.00
21:21:50 74.28   55.63   78.42   95.45
21:23:01 74.27   55.54   78.45   94.86
21:24:12 74.19   55.37   78.30   94.30
21:25:22 74.19   55.39   78.32   93.82
21:26:33 74.19   55.24   78.07   93.35
21:27:44 74.18   55.21   78.12   92.78
21:28:56 74.20   55.17   78.06   92.28
21:30:06 74.28   55.12   77.95   91.91
21:31:17 74.27   55.08   77.87   91.51
21:32:28 74.14   54.96   78.02   91.11
21:33:39 74.09   55.03   78.10   90.67
21:34:50 74.06   54.91   78.14   90.29
21:36:01 74.07   54.89   78.08   89.89
21:35:50 74.04   54.90   78.09   89.50
21:37:01 73.96   54.79   78.01   89.15
21:38:12 73.88   54.68   78.12   88.95
21:39:23 73.86   54.51   78.01   88.69
21:40:34 73.86   54.72   77.92   88.34
21:41:45 73.83   54.44   77.83   88.09
21:42:56 73.76   54.44   78.16   87.79
21:44:07 73.77   54.38   78.04   87.45
21:45:18 73.79   54.45   77.86   87.02
21:46:29 73.79   54.26   77.75   86.80
21:47:39 73.77   54.46   77.51   86.59
21:48:50 73.79   54.51   77.59   86.32
21:50:01 73.75   54.39   77.59   86.03
21:51:12 73.76   54.43   77.62   85.80
21:52:23 73.74   54.31   77.41   85.61
21:53:34 73.74   54.34   77.47   85.50
21:54:45 73.73   54.05   77.33   85.26
21:55:56 73.70   54.00   77.80   85.03
21:57:07 73.64   54.24   77.64   84.88
21:58:18 73.66   53.99   77.56   84.78
21:59:28 73.63   54.13   77.16   84.59
22:00:39 73.57   54.08   77.05   84.38
22:01:50 73.51   53.88   77.10   84.13
22:03:01 73.52   53.82   77.26   83.97
22:04:12 73.46   53.75   77.28   83.81
22:05:23 73.41   53.73   77.13   83.67
22:06:34 73.39   53.83   77.17   96.72
22:07:45 73.45   53.63   77.09   104.31
22:08:56 73.41   53.71   76.94   104.29
22:10:06 73.29   53.58   76.97   103.15
22:11:17 73.28   53.64   76.94   101.86
22:12:28 73.29   53.49   77.13   100.65
22:13:39 73.24   53.46   77.29   99.59
22:14:50 73.17   53.30   77.02   98.48
22:16:01 73.12   53.34   77.17   97.47
22:17:12 73.06   53.25   77.20   96.51
22:18:23 73.06   53.20   76.85   95.64
22:19:34 73.02   53.22   77.01   94.86
22:20:45 72.96   53.01   77.01   94.17
22:21:56 72.96   52.94   76.97   93.49
22:23:07 72.95   52.97   76.99   92.89
22:24:18 72.91   52.87   77.05   92.33
22:25:29 72.85   52.83   76.80   91.79
22:26:40 72.84   52.88   76.92   91.30
22:27:50 72.83   52.69   76.80   90.75
22:29:01 72.83   52.75   76.89   90.19
22:30:12 72.88   52.78   76.65   89.81
22:31:23 72.91   52.74   76.46   89.31
22:32:34 72.84   52.70   76.54   88.93
22:33:45 72.78   52.54   76.58   88.46
22:34:56 72.74   52.59   76.34   88.09
22:36:07 72.72   52.50   76.38   87.74
22:37:18 72.70   52.49   76.27   87.36
22:38:28 72.71   52.44   76.63   87.02
22:39:39 72.69   52.45   76.41   86.69
22:40:51 72.63   52.42   76.54   86.34
22:42:01 72.75   52.43   76.20   86.06
22:43:12 72.79   52.54   76.40   85.77
22:44:23 72.77   52.49   76.00   85.44
22:45:34 72.70   52.33   76.07   85.24
22:46:45 72.78   52.43   76.18   90.26
22:47:56 72.61   52.33   76.19   104.25
22:49:07 72.51   52.20   76.03   107.38
22:50:18 72.44   52.17   75.88   107.80
22:51:29 72.42   52.19   76.04   108.26
22:52:40 72.43   52.04   75.92   107.61
22:53:50 72.39   52.17   75.89   106.62
22:55:01 72.39   52.10   75.91   105.53
22:56:12 72.39   52.14   75.97   104.46
22:57:23 72.34   51.94   75.90   103.41
22:58:34 72.34   52.06   75.98   102.39
22:59:45 72.30   52.08   75.96   101.44
23:00:56 72.27   52.01   75.88   100.47
23:02:07 72.25   52.02   75.76   99.60
23:03:18 72.19   52.11   75.59   98.77
23:04:29 72.17   51.92   75.62   97.94
23:05:40 72.16   51.86   75.77   97.20
23:06:51 72.16   51.88   75.83   96.49
23:08:01 72.15   51.73   75.62   95.86
23:09:12 72.08   51.82   75.69   95.20
23:10:23 72.05   51.72   75.80   94.49
23:11:34 72.05   51.68   75.65   93.94
23:12:45 72.02   51.64   75.66   93.44
23:13:56 72.01   51.64   75.50   92.89
23:15:07 71.96   51.58   75.42   92.37
23:16:18 71.94   51.73   75.56   91.87
23:17:29 71.94   51.57   75.71   91.36
23:18:40 71.89   51.51   75.62   90.92
23:19:51 71.84   51.34   75.70   90.40
23:21:02 71.83   51.31   75.59   89.86
23:22:13 71.83   51.35   75.49   89.38
23:23:23 71.79   51.48   75.46   88.91
23:24:34 71.75   51.42   75.60   88.54
23:25:45 71.71   51.30   75.58   88.19
23:26:56 71.71   51.22   75.44   87.90
23:28:07 71.71   51.30   75.36   87.57
23:29:18 71.67   52.77   75.67   87.19
23:30:29 71.70   61.89   75.44   86.89
23:31:39 71.92   63.25   75.61   86.64
23:32:50 72.09   64.08   75.63   86.41
23:34:01 72.21   64.65   75.87   86.20
23:35:12 72.33   65.31   75.84   85.99
23:36:23 72.39   66.10   75.71   85.72
23:37:34 72.45   62.07   75.58   85.49
23:38:45 72.44   56.27   75.67   85.29
23:39:56 72.27   54.28   75.48   85.07
23:41:07 72.13   53.81   75.35   84.78
23:42:17 72.03   53.53   75.33   84.53
23:43:29 71.93   53.21   75.48   84.37
23:44:40 71.84   52.93   75.39   84.20
23:45:51 71.77   52.58   75.51   83.96
23:47:02 71.71   52.24   75.59   83.72
23:48:12 71.71   57.86   75.44   83.54
23:49:23 71.76   63.69   75.43   83.47
23:50:34 72.01   65.05   75.50   83.22
23:51:45 72.13   65.67   75.42   83.05
23:52:56 72.24   66.15   75.58   82.91
23:54:07 72.31   66.99   75.53   82.75
23:55:18 72.39   68.01   75.66   82.60
23:56:29 72.46   68.84   75.38   82.50
23:57:40 72.56   69.90   75.26   82.51
23:58:51 72.62   70.85   75.44   82.43
