00:00:02 72.72   71.22   75.52   82.34
00:01:13 72.72   60.62   75.41   82.30
00:02:23 72.61   55.41   75.12   82.22
00:03:34 72.41   54.21   75.44   82.03
00:04:45 72.23   53.84   75.21   81.92
00:05:56 72.09   53.62   75.47   81.79
00:07:07 71.98   56.47   75.54   81.60
00:08:18 71.95   64.33   75.50   81.46
00:09:29 72.12   65.87   75.53   81.39
00:10:40 72.25   66.75   75.55   81.31
00:11:50 72.30   68.32   75.52   81.26
00:13:01 72.39   69.59   75.38   81.18
00:14:13 72.47   71.30   75.30   81.08
00:15:24 72.52   72.76   75.37   81.00
00:16:35 72.61   73.51   75.56   81.00
00:17:45 72.67   73.95   75.52   80.91
00:18:56 72.73   74.25   75.75   80.85
00:20:07 72.81   74.46   75.77   80.94
00:21:18 72.87   74.64   75.86   80.90
00:22:29 72.93   74.79   75.61   80.94
00:23:40 72.97   74.92   75.66   80.94
00:24:51 73.06   74.99   75.53   80.95
00:26:02 73.06   75.09   75.64   80.92
00:27:13 73.07   75.18   75.88   80.94
00:28:24 73.11   75.24   75.73   81.07
00:29:35 73.12   75.31   75.53   81.06
00:30:46 73.17   75.33   75.66   81.05
00:31:57 73.17   75.41   75.80   81.05
00:33:08 73.17   75.42   75.79   81.05
00:34:19 73.21   75.50   75.96   81.09
00:34:09 73.28   75.54   75.59   81.07
00:35:19 73.29   75.54   75.40   81.14
00:36:30 73.29   75.55   75.63   81.05
00:37:42 73.29   75.64   75.74   81.06
00:38:53 73.30   75.64   75.56   80.97
00:40:03 73.38   75.66   75.86   80.94
00:41:14 73.40   75.70   75.64   80.94
00:42:25 73.40   75.76   75.70   81.01
00:43:36 73.41   75.79   75.72   80.94
00:44:47 73.46   75.84   75.91   80.88
00:45:58 73.51   75.88   75.93   80.83
00:47:09 73.51   75.90   75.91   80.74
00:48:20 73.51   75.90   76.02   80.80
00:49:31 73.52   75.98   75.79   80.83
00:50:41 73.55   75.99   75.92   80.86
00:51:53 73.56   76.05   75.97   80.94
00:53:03 73.56   76.10   75.98   80.94
00:54:14 73.63   76.10   75.85   80.95
00:55:25 73.63   76.12   75.93   81.07
00:56:36 73.62   76.13   76.07   81.07
00:57:47 73.63   76.13   76.18   81.15
00:58:58 73.63   76.10   76.24   81.15
01:00:09 73.63   76.13   76.27   81.13
01:01:19 73.63   76.18   76.24   81.16
01:02:30 73.64   76.22   76.00   81.18
01:03:41 73.64   76.25   76.17   81.19
01:04:52 73.67   76.18   76.22   81.20
01:06:03 73.72   76.10   76.09   81.26
01:07:14 73.71   76.10   76.28   81.15
01:08:25 73.70   76.11   76.36   81.07
01:09:36 73.74   76.15   76.42   81.06
01:10:47 73.73   76.16   76.33   81.21
01:11:57 73.74   76.20   76.29   81.24
01:13:08 73.74   76.21   76.40   81.16
01:14:19 73.74   76.21   76.35   81.16
01:15:30 73.74   76.21   76.44   81.17
01:16:41 73.74   76.20   76.48   81.22
01:17:52 73.74   76.21   76.48   81.25
01:19:03 73.74   76.21   76.59   81.28
01:20:14 73.74   76.21   76.62   81.17
01:21:25 73.74   76.22   76.53   81.15
01:22:36 73.83   76.22   76.66   81.16
01:23:47 73.79   76.26   76.62   81.18
01:24:58 73.83   76.30   76.54   81.25
01:26:09 73.84   76.33   76.38   81.12
01:27:19 73.84   76.33   76.68   81.07
01:28:30 73.85   76.34   76.72   81.05
01:29:41 73.85   76.41   76.68   81.06
01:30:52 73.85   76.43   76.72   81.11
01:32:03 73.85   76.47   76.76   81.12
01:33:14 73.86   76.54   76.87   81.07
01:34:25 73.85   76.61   76.73   81.12
01:35:36 73.85   76.67   76.75   81.09
01:36:47 73.85   76.64   76.77   81.11
01:37:58 73.86   76.59   76.72   81.17
01:39:09 73.89   76.66   76.80   81.18
01:40:19 73.92   76.66   76.69   81.16
01:41:31 73.90   76.76   76.65   81.17
01:42:42 73.90   76.78   76.84   81.21
01:43:53 73.94   76.78   76.72   81.28
01:45:04 73.93   76.79   76.70   81.30
01:46:15 73.96   76.83   76.85   81.39
01:47:26 73.96   76.85   77.03   81.34
01:48:36 73.96   76.88   76.85   81.38
01:49:47 73.96   76.87   76.73   81.39
01:50:58 73.96   76.85   76.78   81.38
01:52:09 73.96   76.89   76.85   81.41
01:53:20 73.96   76.93   76.79   81.49
01:54:30 73.96   76.89   76.85   81.50
01:55:42 73.96   76.92   76.94   81.46
01:56:53 74.01   76.95   76.81   81.47
01:58:03 74.00   76.96   76.86   81.51
01:59:14 74.00   76.98   76.94   81.51
02:00:26 73.98   76.98   76.74   81.53
02:01:36 74.00   76.97   76.99   81.53
02:02:47 73.98   76.99   76.77   81.60
02:03:58 74.06   76.99   76.81   81.50
02:05:09 74.02   77.00   76.93   81.53
02:06:20 74.07   77.00   76.89   81.57
02:07:31 74.08   77.00   76.96   81.64
02:08:41 74.08   77.00   76.95   81.60
02:09:53 74.08   77.01   76.97   81.55
02:11:03 74.08   77.00   76.97   81.61
02:12:14 74.08   77.03   76.98   81.69
02:13:25 74.08   77.02   76.96   81.63
02:14:36 74.09   77.03   77.10   81.51
02:15:47 74.08   77.09   77.11   81.67
02:16:58 74.13   77.11   77.02   81.73
02:18:09 74.17   77.11   76.98   81.78
02:19:20 74.11   77.11   76.98   81.81
02:20:31 74.14   77.11   76.99   81.79
02:21:42 74.14   77.11   76.94   81.88
02:22:53 74.17   77.11   76.96   81.87
02:24:04 74.18   77.11   76.93   81.89
02:25:15 74.19   77.12   76.93   81.93
02:26:25 74.19   77.12   77.04   81.95
02:27:36 74.19   77.13   76.88   81.87
02:28:48 74.18   77.13   76.92   81.84
02:29:58 74.19   77.12   77.01   81.84
02:31:09 74.19   77.17   76.99   81.85
02:32:20 74.19   77.15   77.06   81.84
02:33:31 74.19   77.15   77.05   81.83
02:34:42 74.19   77.17   77.07   81.91
02:35:53 74.19   77.19   77.11   81.89
02:37:04 74.19   77.18   77.24   81.95
02:38:15 74.19   77.21   76.94   81.92
02:39:25 74.19   77.21   77.04   81.95
02:40:36 74.19   77.20   77.12   81.98
02:41:47 74.19   77.21   77.18   82.04
02:42:58 74.19   77.21   77.10   82.07
02:44:09 74.20   77.22   77.12   82.07
02:45:20 74.19   77.22   77.07   81.98
02:46:31 74.19   77.22   77.17   81.97
02:47:42 74.19   77.22   77.00   81.88
02:48:53 74.19   77.22   77.06   81.94
02:50:04 74.20   77.22   77.11   81.96
02:51:15 74.27   77.22   77.13   82.01
02:52:26 74.24   77.22   77.23   81.95
02:53:36 74.24   77.22   77.12   82.01
02:54:47 74.29   77.22   77.24   81.98
02:55:58 74.28   77.22   77.27   82.04
02:57:09 74.26   77.22   77.34   82.00
02:58:20 74.24   77.22   77.42   81.98
02:59:31 74.27   77.22   77.28   82.06
03:00:42 74.28   77.22   77.28   82.06
03:01:53 74.28   77.23   77.34   82.04
03:03:03 74.28   77.23   77.25   82.06
03:04:14 74.29   77.27   77.23   82.07
03:05:25 74.30   77.32   77.43   82.06
03:06:35 74.30   77.30   77.56   82.06
03:07:46 74.30   77.29   77.67   82.06
03:08:57 74.30   77.30   77.66   82.08
03:10:08 74.30   77.33   77.70   82.09
03:11:19 74.30   77.33   77.64   82.02
03:12:29 74.31   77.33   77.54   82.10
03:13:41 74.31   77.32   77.73   82.07
03:14:52 74.31   77.33   77.48   82.06
03:16:03 74.31   77.31   77.59   82.17
03:17:13 74.30   77.31   77.33   82.26
03:18:24 74.31   77.32   77.65   82.29
03:19:35 74.35   77.33   77.53   82.29
03:20:46 74.31   77.32   77.60   82.29
03:21:57 74.30   77.33   77.61   82.29
03:23:08 74.30   77.33   77.62   82.31
03:24:19 74.30   77.32   77.59   82.29
03:25:30 74.33   77.33   77.44   82.21
03:26:41 74.33   77.33   77.58   82.09
03:27:51 74.35   77.34   77.43   82.06
03:29:02 74.33   77.34   77.28   82.10
03:30:13 74.31   77.34   77.50   82.22
03:31:24 74.38   77.34   77.52   82.24
03:32:35 74.33   77.34   77.60   82.18
03:33:46 74.35   77.34   77.54   82.16
03:33:38 74.35   77.34   77.61   82.34
03:34:48 74.41   77.34   77.54   82.30
03:35:59 74.39   77.34   77.44   82.34
03:37:10 74.36   77.34   77.77   82.29
03:38:21 74.41   77.34   77.74   82.30
03:39:32 74.41   77.34   77.70   82.31
03:40:43 74.40   77.34   77.76   82.29
03:41:53 74.41   77.34   77.76   82.30
03:43:04 74.41   77.34   77.79   82.30
03:44:15 74.41   77.34   77.69   82.30
03:45:26 74.41   77.34   77.76   82.29
03:46:37 74.41   77.35   77.73   82.21
03:47:48 74.41   77.34   77.75   82.28
03:48:59 74.42   77.34   77.74   82.28
03:50:10 74.41   77.35   77.61   82.29
03:51:21 74.41   77.40   77.88   82.39
03:52:32 74.41   77.37   77.82   82.48
03:53:43 74.41   77.39   77.93   82.51
03:54:53 74.42   77.42   77.78   82.51
03:56:04 74.41   77.43   77.68   82.51
03:57:15 74.43   77.42   77.65   82.51
03:58:26 74.42   77.42   77.50   82.57
03:59:37 74.42   77.44   77.65   82.52
04:00:48 74.45   77.45   77.54   82.48
04:01:59 74.46   77.45   77.40   82.49
04:03:10 74.45   77.44   77.55   82.52
04:04:21 74.45   77.45   77.70   82.51
04:05:31 74.46   77.43   77.87   82.54
04:06:43 74.47   77.45   77.70   82.55
04:07:53 74.48   77.44   77.58   82.59
04:09:04 74.48   77.45   77.54   82.52
04:10:15 74.46   77.44   77.71   82.53
04:11:26 74.52   77.45   77.65   82.63
04:12:37 74.50   77.45   77.70   82.63
04:13:48 74.50   77.45   77.72   82.63
04:14:59 74.50   77.45   77.66   82.65
04:16:10 74.53   77.45   77.69   82.71
04:17:21 74.52   77.44   77.81   82.63
04:18:32 74.52   77.44   77.77   82.62
04:19:43 74.52   77.45   77.61   82.63
04:20:54 74.53   77.45   77.83   82.63
04:22:05 74.53   77.45   77.85   82.63
04:23:15 74.53   77.45   77.91   82.62
04:24:26 74.50   77.45   77.78   82.63
04:25:37 74.51   77.46   77.86   82.73
04:26:48 74.52   77.46   77.73   82.63
04:27:59 74.52   77.45   77.92   82.68
04:29:10 74.53   77.44   77.95   82.68
04:30:21 74.52   77.46   77.93   82.62
04:31:32 74.53   77.46   77.71   82.63
04:32:43 74.53   77.46   77.85   82.65
04:33:53 74.53   77.45   77.75   82.74
04:35:04 74.53   77.45   77.91   82.70
04:36:15 74.53   77.45   78.06   82.63
04:37:26 74.52   77.45   78.02   82.63
04:38:37 74.53   77.47   77.89   82.68
04:39:48 74.53   77.46   77.74   82.74
04:40:59 74.53   77.45   77.89   82.64
04:42:10 74.53   77.47   77.75   82.63
04:43:21 74.53   77.47   77.86   82.63
04:44:32 74.52   77.46   77.84   82.63
04:45:43 74.53   77.48   77.86   82.63
04:46:54 74.53   77.46   77.90   82.53
04:48:05 74.53   77.46   77.88   82.51
04:49:15 74.53   77.47   77.98   82.52
04:50:26 74.53   77.47   77.96   82.60
04:51:38 74.53   77.49   77.84   82.56
04:52:48 74.53   77.52   77.78   82.56
04:53:59 74.53   77.50   78.13   82.59
04:55:10 74.53   77.51   78.08   82.61
04:56:21 74.53   77.51   77.80   82.61
04:57:32 74.53   77.51   77.87   82.55
04:58:43 74.54   77.52   77.86   82.63
04:59:54 74.53   77.55   77.67   82.71
05:01:05 74.53   77.52   77.66   82.74
05:02:15 74.53   77.51   77.96   82.74
05:03:26 74.53   77.51   78.01   82.73
05:04:37 74.54   77.50   77.93   87.63
05:05:48 74.53   77.54   77.60   102.18
05:06:59 74.54   77.55   77.84   105.85
05:08:10 74.54   77.56   77.99   106.78
05:09:20 74.55   77.56   77.93   107.04
05:10:31 74.54   77.55   77.97   107.12
05:11:42 74.60   77.56   77.90   106.92
05:12:53 74.64   77.56   77.98   107.96
05:14:04 74.64   77.58   77.91   108.91
05:15:15 74.65   77.63   77.82   109.63
05:16:26 74.68   77.64   77.98   110.12
05:17:37 74.73   77.67   78.10   109.82
05:18:48 74.75   77.67   78.04   109.17
05:19:59 74.75   77.70   78.10   108.38
05:21:10 74.76   77.76   77.99   107.48
05:22:21 74.85   77.79   78.11   106.67
05:23:31 74.79   77.79   78.20   105.85
05:24:42 74.78   77.80   78.01   104.94
05:25:53 74.78   77.80   78.03   104.06
05:27:04 74.81   77.80   78.06   103.30
05:28:15 74.82   77.79   78.05   102.54
05:29:26 74.81   77.81   78.11   101.85
05:30:37 74.85   77.84   78.19   107.16
05:31:48 74.86   77.88   78.33   108.99
05:32:58 74.87   77.87   78.31   108.22
05:34:09 74.83   77.88   78.68   109.50
05:35:21 74.86   77.84   78.87   111.75
05:36:32 74.86   77.85   78.69   112.31
05:37:42 74.88   77.86   78.67   112.61
05:38:53 74.92   77.88   78.76   112.05
05:40:04 74.96   77.89   78.75   111.13
05:41:15 74.99   77.90   78.65   109.98
05:42:26 75.03   77.92   78.86   108.79
05:43:37 75.05   77.97   78.55   107.74
05:44:48 75.09   78.01   78.77   106.75
05:45:59 75.09   78.01   78.85   105.83
05:47:10 75.09   78.01   78.71   106.59
05:48:21 75.09   78.01   78.88   110.13
05:49:31 75.14   78.01   78.83   109.95
05:50:42 75.20   78.04   78.90   108.85
05:51:53 75.19   78.10   78.51   107.69
05:53:04 75.20   78.10   78.91   106.50
05:54:15 75.19   78.11   78.61   105.55
05:55:26 75.14   78.08   78.76   104.52
05:56:37 75.16   78.05   78.47   103.58
05:57:48 75.15   78.04   78.46   102.85
05:58:59 75.13   78.02   78.38   102.14
06:00:09 75.13   78.04   78.45   101.41
06:01:20 75.13   77.75   78.50   100.67
06:02:31 75.16   68.40   78.30   99.96
06:03:43 75.06   63.17   78.20   99.20
06:04:53 74.90   61.05   78.12   98.47
06:06:04 74.69   59.37   78.04   97.85
06:07:15 74.51   57.88   77.97   97.26
06:08:26 74.39   57.61   78.00   96.70
06:09:37 74.31   65.78   77.98   96.23
06:10:47 74.39   68.96   77.85   95.80
06:11:58 74.42   71.31   77.71   95.35
06:13:10 74.50   72.47   77.68   94.84
06:14:20 74.54   73.11   77.73   94.36
06:15:31 74.60   73.74   77.73   93.93
06:16:42 74.64   74.23   77.68   93.62
06:17:53 74.65   74.59   77.77   93.22
06:19:05 74.74   75.06   77.88   92.85
06:20:15 74.76   75.90   77.67   92.51
06:21:26 74.82   76.76   77.73   92.25
06:22:37 74.86   77.23   77.80   91.99
06:23:48 74.88   77.44   77.80   91.85
06:24:59 74.98   77.57   77.92   91.62
06:26:10 75.07   77.71   78.12   91.39
06:27:20 75.09   77.71   78.00   91.08
06:28:32 75.14   66.54   77.90   90.85
06:29:43 75.06   60.95   77.89   90.59
06:30:54 74.91   59.10   77.71   90.22
06:32:05 74.72   57.72   77.89   89.87
06:31:54 74.61   57.23   77.70   89.63
06:33:05 74.45   56.87   77.67   89.35
06:34:16 74.39   56.58   77.71   89.07
06:35:27 74.27   63.47   77.75   88.82
06:36:38 74.30   67.69   77.53   88.71
06:37:49 74.42   68.99   77.65   88.58
06:39:00 74.47   70.26   77.50   88.35
06:40:11 74.53   71.49   77.66   88.07
06:41:21 74.55   72.36   77.90   87.86
06:42:32 74.64   73.11   77.51   87.73
06:43:43 74.64   73.66   77.55   87.54
06:44:54 74.64   74.27   77.64   87.30
06:46:05 74.67   75.01   77.67   87.17
06:47:16 74.73   75.35   77.62   87.05
06:48:27 74.75   64.37   77.83   87.26
06:49:37 74.65   59.77   77.71   101.08
06:50:49 74.49   58.28   77.75   107.62
06:52:00 74.36   57.31   77.62   108.63
06:53:10 74.26   56.92   77.59   109.10
06:54:21 74.17   56.66   77.78   109.72
06:55:32 74.08   56.39   78.14   110.09
06:56:43 74.06   56.31   77.70   110.30
06:57:54 73.99   63.99   77.64   110.38
06:59:05 74.11   67.43   77.67   110.15
07:00:16 74.24   68.68   77.75   110.00
07:01:27 74.38   69.64   77.89   111.05
07:02:38 74.42   70.56   77.83   111.05
07:03:48 74.49   71.53   77.61   111.78
07:04:59 74.55   72.20   77.60   111.27
07:06:10 74.62   72.51   77.54   110.38
07:07:21 74.66   73.09   77.68   109.42
07:08:32 74.73   67.96   77.73   108.49
07:09:43 74.71   60.24   77.50   107.67
07:10:54 74.59   57.83   77.59   107.22
07:12:05 74.46   57.18   77.65   109.10
07:13:16 74.33   57.16   77.62   113.76
07:14:27 74.19   56.94   77.56   113.48
07:15:38 74.09   56.72   77.37   112.24
07:16:49 74.01   56.53   77.52   111.71
07:18:00 73.96   56.46   77.74   110.86
07:19:11 73.90   64.38   77.75   109.86
07:20:22 73.98   67.51   77.86   108.83
07:21:33 74.13   68.58   77.79   107.85
07:22:43 74.19   69.47   77.75   106.87
07:23:54 74.32   70.15   77.84   105.97
07:25:05 74.41   70.87   77.89   105.09
07:26:16 74.41   71.21   77.63   104.33
07:27:27 74.41   71.34   77.30   103.59
07:28:38 74.42   63.58   77.58   102.75
07:29:49 74.33   59.57   77.37   102.01
07:31:00 74.19   58.09   77.00   101.28
07:32:11 74.06   61.00   77.29   100.55
07:33:22 74.00   68.06   77.42   99.94
07:34:32 74.13   69.96   77.44   99.35
07:35:44 74.19   71.65   77.46   98.77
07:36:55 74.23   72.09   77.49   98.27
07:38:05 74.29   72.60   77.41   97.68
07:39:16 74.38   73.36   77.60   97.17
07:40:27 74.43   74.10   77.64   96.68
07:41:38 74.57   74.81   77.56   96.22
07:42:49 74.61   75.45   77.58   95.79
07:44:00 74.66   75.99   77.69   95.42
07:45:11 74.74   76.39   77.55   95.12
07:46:22 74.74   76.66   77.57   94.75
07:47:33 74.75   76.84   77.64   94.29
07:48:43 74.80   76.96   77.72   93.92
07:49:55 74.96   77.09   77.73   93.60
07:51:06 75.16   77.33   77.84   93.28
07:52:17 75.27   77.52   77.85   93.10
07:53:27 75.32   77.65   77.73   92.81
07:54:39 75.45   77.75   77.77   92.46
07:55:50 75.42   77.79   78.09   92.18
07:57:00 75.40   77.79   77.77   91.92
07:58:11 75.39   77.77   77.84   91.68
07:59:22 75.31   77.70   77.93   91.39
08:00:33 75.31   77.75   77.93   91.19
08:01:44 75.31   77.79   77.86   91.00
08:02:55 75.31   77.74   77.88   90.75
08:04:06 75.31   77.71   78.06   90.53
08:05:17 75.31   77.70   78.05   90.30
08:06:28 75.26   77.70   78.09   90.21
08:07:38 75.25   77.68   77.85   89.97
08:08:50 75.26   77.69   77.95   89.69
08:10:00 75.21   77.72   78.09   89.61
08:11:11 75.22   77.74   78.06   89.41
08:12:22 75.20   77.69   77.91   89.21
08:13:33 75.20   77.70   78.04   89.06
08:14:44 75.20   77.75   78.11   88.96
08:15:55 75.20   77.74   78.14   88.87
08:17:06 75.20   77.77   78.06   88.79
08:18:17 75.20   77.75   78.25   88.59
08:19:28 75.19   77.79   78.16   88.40
08:20:38 75.19   77.78   78.19   88.26
08:21:49 75.20   77.78   78.01   88.17
08:23:00 75.19   77.76   78.00   88.05
08:24:11 75.20   77.78   78.23   87.94
08:25:22 75.20   77.78   78.20   87.72
08:26:33 75.20   77.78   78.11   87.65
08:27:44 75.20   77.78   78.19   87.51
08:28:55 75.20   77.79   78.50   87.46
08:30:06 75.20   77.79   78.10   87.37
08:31:17 75.20   77.79   78.09   87.27
08:32:28 75.20   77.79   78.29   87.23
08:33:38 75.20   77.79   78.35   87.12
08:34:49 75.20   77.79   78.32   87.00
08:36:00 75.20   77.79   78.27   86.88
08:37:11 75.20   77.79   78.15   86.78
08:38:22 75.20   77.80   78.32   86.79
08:39:33 75.20   77.84   78.40   86.80
08:40:44 75.20   77.86   78.29   86.79
08:41:55 75.21   77.85   78.35   86.69
08:43:06 75.20   77.83   78.14   86.51
08:44:17 75.20   77.79   78.15   86.37
08:45:28 75.19   77.84   78.26   86.30
08:46:39 75.18   77.86   78.30   86.31
08:47:50 75.17   77.89   78.41   86.21
08:49:01 75.16   77.89   78.42   86.20
08:50:12 75.19   77.88   78.20   86.22
08:51:23 75.13   77.89   78.25   86.13
08:52:34 75.17   77.88   78.41   86.11
08:53:44 75.18   77.87   78.60   85.99
08:54:55 75.17   77.87   78.47   85.93
08:56:06 75.16   77.80   78.37   86.00
08:57:17 75.19   77.80   78.30   86.00
08:58:28 75.20   77.78   78.39   85.92
08:59:39 75.18   77.78   78.31   85.88
09:00:50 75.18   77.78   78.56   85.79
09:02:01 75.19   77.77   78.56   85.68
09:03:12 75.20   77.79   78.38   85.64
09:04:22 75.20   77.79   78.43   85.65
09:05:33 75.20   77.79   78.34   85.65
09:06:44 75.20   77.79   78.45   85.62
09:07:55 75.22   77.77   78.58   85.50
09:09:06 75.23   77.56   78.52   85.49
09:10:17 75.24   77.56   78.50   85.44
09:11:28 75.24   77.61   78.44   85.48
09:12:39 75.22   77.67   78.47   85.34
09:13:50 75.28   77.67   78.67   85.37
09:15:01 75.28   77.69   78.63   85.33
09:16:12 75.31   77.79   78.36   85.33
09:17:23 75.31   77.82   78.38   85.32
09:18:33 75.31   77.90   78.38   85.28
09:19:44 75.31   77.91   78.58   85.33
09:20:55 75.31   77.92   78.48   85.27
09:22:06 75.28   77.95   78.60   85.22
09:23:17 75.27   77.96   78.56   85.21
09:24:28 75.25   77.98   78.64   85.15
09:25:39 75.23   78.00   78.59   85.17
09:26:50 75.27   78.00   78.65   85.13
09:28:01 75.24   77.98   78.60   85.17
09:29:12 75.27   78.01   78.56   85.10
09:30:22 75.30   78.01   78.69   85.01
09:30:13 75.31   78.01   78.65   84.99
09:31:24 75.31   78.01   78.33   85.01
09:32:35 75.31   78.01   78.55   84.98
09:33:46 75.31   78.02   78.59   84.93
09:34:57 75.31   78.02   78.41   84.89
09:36:08 75.31   78.09   78.47   84.96
09:37:19 75.31   78.13   78.88   84.93
09:38:30 75.31   78.13   78.81   84.99
09:39:41 75.31   78.13   78.84   84.99
09:40:52 75.31   78.13   78.78   84.99
09:42:02 75.32   78.13   78.55   84.88
09:43:13 75.32   78.14   78.77   84.87
09:44:24 75.38   78.14   78.95   84.85
09:45:35 75.40   78.19   79.05   84.84
09:46:46 75.42   78.22   78.46   84.80
09:47:57 75.42   78.24   78.56   84.86
09:49:08 75.42   78.24   78.60   84.79
09:50:19 75.42   78.24   78.66   84.78
09:51:30 75.44   78.24   78.67   84.88
09:52:41 75.42   78.24   78.65   84.88
09:53:52 75.42   78.24   78.67   84.88
09:55:02 75.44   78.24   78.65   84.80
09:56:13 75.45   78.24   78.70   84.72
09:57:24 75.48   78.24   78.84   84.76
09:58:35 75.48   78.25   78.95   84.77
09:59:46 75.53   78.28   78.79   84.84
10:00:57 75.54   78.32   78.78   84.85
10:02:08 75.54   78.31   78.82   84.77
10:03:18 75.54   78.32   78.96   84.67
10:04:29 75.54   78.29   78.81   84.65
10:05:40 75.54   78.34   78.85   84.75
10:06:51 75.54   78.33   78.69   84.76
10:08:02 75.54   78.35   78.75   84.77
10:09:13 75.54   78.35   79.02   84.81
10:10:24 75.54   78.35   78.97   84.77
10:11:35 75.54   78.35   78.92   84.67
10:12:46 75.53   78.35   78.87   84.66
10:13:57 75.53   78.35   78.99   84.77
10:15:07 75.53   78.35   78.90   84.81
10:16:18 75.54   78.35   78.91   84.79
10:17:30 75.53   78.35   78.91   84.73
10:18:41 75.54   78.35   78.96   84.75
10:19:51 75.54   78.35   79.05   84.86
10:21:02 75.54   78.35   79.08   84.76
10:22:13 75.54   78.35   79.18   84.76
10:23:24 75.54   78.35   79.21   84.71
10:24:35 75.54   78.35   78.88   84.68
10:25:45 75.54   78.36   78.88   84.68
10:26:56 75.54   78.35   79.01   84.55
10:28:08 75.54   78.36   79.03   84.54
10:29:18 75.55   78.38   78.92   84.63
10:30:29 75.58   78.40   78.94   84.65
10:31:40 75.60   78.43   79.06   84.66
10:32:51 75.64   78.45   79.04   84.62
10:34:02 75.64   78.46   78.92   84.55
10:35:13 75.65   78.46   79.12   84.57
10:36:24 75.65   78.46   79.08   84.64
10:37:35 75.65   78.46   78.99   84.75
10:38:46 75.65   78.46   78.96   84.76
10:39:57 75.66   78.46   79.18   84.82
10:41:08 75.67   78.46   79.19   84.90
10:42:19 75.67   78.47   79.15   84.82
10:43:30 75.68   78.46   79.19   84.75
10:44:41 75.70   78.51   79.15   84.76
10:45:52 75.75   78.55   79.07   84.75
10:47:03 75.76   78.56   79.10   84.76
10:48:14 75.75   78.58   79.01   84.71
10:49:25 75.76   78.56   79.09   84.65
10:50:36 75.76   78.58   79.11   84.67
10:51:46 75.76   78.58   79.08   84.68
10:52:57 75.76   78.58   79.30   84.65
10:54:08 75.77   78.58   79.10   84.65
10:55:19 75.76   78.58   79.03   84.69
10:56:30 75.76   78.58   79.23   84.70
10:57:41 75.76   78.58   79.53   84.67
10:58:52 75.76   78.59   79.18   84.63
11:00:03 75.77   78.58   79.17   84.67
11:01:14 75.83   78.58   79.30   84.77
11:02:25 75.88   78.58   79.26   84.70
11:03:36 75.87   78.63   79.19   84.66
11:04:46 75.85   78.62   79.27   84.65
11:05:57 75.85   78.59   79.44   84.72
11:07:08 75.87   78.65   79.17   84.76
11:08:19 75.88   78.67   79.20   84.67
11:09:30 75.86   78.67   79.26   84.66
11:10:41 75.85   78.67   79.27   84.77
11:11:52 75.88   78.67   79.25   84.67
11:13:03 75.88   78.67   79.26   84.65
11:14:14 75.88   78.69   79.39   84.66
11:15:25 75.88   78.69   79.27   84.69
11:16:35 75.88   78.69   79.27   84.72
11:17:47 75.88   78.68   79.29   84.78
11:18:58 75.88   70.59   79.30   84.78
11:20:08 75.82   63.25   79.26   84.68
11:21:19 75.64   61.36   79.16   84.52
11:22:30 75.49   59.22   79.10   84.42
11:23:41 75.32   58.50   79.11   84.39
11:24:52 75.15   62.34   79.03   84.23
11:26:03 75.09   68.64   79.28   84.19
11:27:14 75.17   70.31   79.18   84.09
11:28:25 75.20   72.19   79.21   84.14
11:29:36 75.20   73.22   79.12   84.22
11:30:47 75.28   73.80   79.23   84.16
11:31:58 75.31   74.49   79.28   84.09
11:33:09 75.31   75.35   79.21   84.03
11:34:20 75.39   76.29   79.36   84.04
11:35:30 75.44   77.37   79.33   84.08
11:36:41 75.53   77.89   79.18   84.15
11:37:52 75.54   78.09   79.15   84.26
11:39:03 75.62   78.20   79.06   84.28
11:40:14 75.65   78.31   78.90   84.26
11:41:25 75.67   78.35   79.00   84.25
11:42:36 75.75   78.42   79.14   84.31
11:43:46 75.76   78.46   79.13   84.36
11:44:57 75.76   78.46   79.28   84.40
11:46:08 75.77   78.47   79.16   84.48
11:47:19 75.76   78.49   79.29   84.42
11:48:30 75.78   78.51   79.34   84.42
11:49:40 75.81   78.55   79.40   84.43
11:50:52 75.80   72.62   79.26   84.42
11:52:03 75.80   62.66   79.32   84.39
11:53:13 75.64   60.36   79.19   84.26
11:54:24 75.46   59.15   78.93   84.13
11:55:35 75.31   58.76   79.05   84.02
11:56:46 75.15   58.52   79.15   83.97
11:57:57 75.06   65.90   79.33   83.83
11:59:08 75.03   69.06   79.25   83.81
12:00:18 75.09   70.16   79.22   83.86
12:01:29 75.09   71.58   79.05   83.87
12:02:40 75.10   72.73   79.04   83.88
12:03:51 75.17   73.65   79.04   83.87
12:05:02 75.20   74.47   79.09   83.88
12:06:13 75.25   75.49   79.08   83.83
12:07:24 75.31   76.75   79.00   83.78
12:08:35 75.33   77.60   79.01   83.85
12:09:46 75.41   77.93   78.96   83.86
12:10:56 75.45   78.12   78.99   83.86
12:12:07 75.53   78.21   78.90   83.85
12:13:19 75.57   78.24   79.10   83.86
12:14:30 75.64   78.33   79.06   83.87
12:15:40 75.65   78.35   78.94   83.96
12:16:51 75.68   78.41   79.09   84.04
12:18:02 75.75   78.46   79.15   83.99
12:19:13 75.76   78.40   78.93   83.97
12:20:24 75.76   67.43   79.11   83.96
12:21:35 75.72   60.88   79.14   83.97
12:22:46 75.57   59.37   79.24   83.97
12:23:57 75.41   58.81   79.03   83.94
12:25:07 75.23   58.48   79.15   83.86
12:26:19 75.10   58.26   79.20   83.69
12:27:30 74.99   63.92   79.17   83.68
12:28:40 74.97   68.47   78.93   83.68
12:29:51 75.03   69.54   79.10   83.60
12:29:42 75.09   70.37   79.00   83.47
12:30:53 75.13   71.52   78.96   83.41
12:32:04 75.18   72.74   78.95   83.45
12:33:15 75.21   73.72   78.86   83.54
12:34:26 75.23   74.73   78.90   83.53
12:35:37 75.28   75.92   78.93   83.57
12:36:48 75.31   77.05   78.79   83.64
12:37:59 75.40   77.77   78.93   83.64
12:39:10 75.45   78.05   79.08   83.64
12:40:20 75.51   78.14   78.84   83.69
12:41:31 75.54   78.23   78.87   83.69
12:42:42 75.58   78.27   78.79   83.68
12:43:53 75.64   74.51   79.00   83.75
12:45:04 75.64   62.88   79.03   83.75
12:46:15 75.52   59.98   78.97   83.74
12:47:26 75.36   59.21   78.92   83.64
12:48:37 75.22   58.78   78.86   83.54
12:49:48 75.07   58.43   78.98   83.47
12:50:58 74.94   59.29   78.70   83.45
12:52:10 74.86   67.21   78.73   83.41
12:53:21 74.94   69.01   78.94   83.41
12:54:31 74.99   69.83   78.96   83.41
12:55:42 75.03   70.87   78.85   83.41
12:56:53 75.09   72.08   78.65   83.41
12:58:04 75.12   73.15   78.77   83.45
12:59:15 75.20   74.16   79.08   83.51
13:00:26 75.20   75.07   78.72   83.46
13:01:37 75.26   76.26   78.71   83.33
13:02:48 75.32   77.30   78.78   83.38
13:03:58 75.39   77.86   78.81   83.40
13:05:10 75.47   78.08   78.84   83.46
13:06:21 75.54   78.20   78.69   83.54
13:07:31 75.62   78.25   78.60   83.48
13:08:42 75.65   69.25   78.70   83.50
13:09:53 75.60   61.18   78.70   83.53
13:11:04 75.48   59.56   78.63   83.53
13:12:15 75.27   59.06   78.68   83.44
13:13:26 75.13   58.77   78.89   83.39
13:14:37 75.00   58.28   78.57   83.30
13:15:47 74.90   58.16   78.45   83.20
13:16:58 74.83   65.02   78.27   83.13
13:18:09 74.83   68.43   78.25   83.09
13:19:20 74.92   69.43   78.40   83.06
13:20:31 74.97   70.18   78.54   83.00
13:21:42 75.02   71.19   78.52   83.10
13:22:53 75.07   72.30   78.50   83.16
13:24:03 75.09   73.24   78.31   83.08
13:25:15 75.17   74.23   78.58   83.04
13:26:26 75.20   75.15   78.54   82.96
13:27:37 75.28   76.23   78.35   82.99
13:28:48 75.33   77.17   78.42   83.08
13:29:59 75.40   77.72   78.44   83.16
13:31:10 75.45   77.97   78.60   83.19
13:32:21 75.54   78.13   78.72   83.19
13:33:32 75.57   71.77   78.92   83.22
13:34:43 75.57   61.79   78.66   83.30
13:35:54 75.44   59.68   78.59   83.25
13:37:04 75.26   59.20   78.55   83.12
13:38:15 75.12   58.77   78.64   82.99
13:39:26 75.00   58.47   78.79   82.85
13:40:37 74.89   58.05   78.40   82.73
13:41:48 74.81   64.29   78.31   82.64
13:42:59 74.84   68.28   78.54   82.68
13:44:10 74.88   69.34   78.60   82.72
13:45:21 74.95   70.08   78.47   82.75
13:46:32 74.99   71.03   78.23   82.88
13:47:43 75.07   72.12   78.24   82.96
13:48:54 75.09   73.17   78.14   82.99
13:50:05 75.10   74.10   78.56   83.04
13:51:15 75.18   74.99   78.42   82.93
13:52:26 75.22   76.08   78.36   82.93
13:53:37 75.30   77.09   78.37   82.96
13:54:48 75.32   77.70   78.41   82.96
13:55:59 75.40   77.98   78.55   83.04
13:57:10 75.42   70.15   78.65   83.13
13:58:21 75.42   61.05   78.43   83.06
13:59:32 75.29   59.53   78.44   82.92
14:00:43 75.15   59.07   78.44   82.84
14:01:54 75.00   58.66   78.42   82.74
14:03:05 74.88   58.36   78.34   82.72
14:04:16 74.75   57.73   78.32   82.63
14:05:27 74.72   65.21   78.17   82.60
14:06:37 74.74   68.25   78.33   82.76
14:07:48 74.83   69.30   78.39   82.77
14:08:59 74.86   69.97   78.18   82.74
14:10:10 74.94   70.85   78.13   82.72
14:11:21 74.97   71.93   78.27   82.75
14:12:32 75.04   72.95   78.38   82.78
14:13:43 75.09   73.96   78.32   82.85
14:14:54 75.17   74.96   78.13   82.89
14:16:05 75.20   76.18   78.29   82.85
14:17:16 75.27   77.16   78.39   82.85
14:18:27 75.31   77.70   78.21   82.77
14:19:37 75.39   74.01   78.40   82.75
14:20:48 75.41   62.09   78.19   82.80
14:21:59 75.30   59.69   78.33   82.76
14:23:10 75.14   58.97   78.50   82.76
14:24:21 75.02   58.57   78.35   82.74
14:25:32 74.87   58.38   78.54   82.61
14:26:43 74.77   58.26   78.20   82.53
14:27:54 74.67   66.04   78.24   82.59
14:29:05 74.75   68.48   78.55   82.64
14:30:16 74.85   69.47   78.07   82.71
14:31:27 74.88   70.11   78.08   82.71
14:32:38 74.95   71.08   78.00   82.57
14:33:49 74.99   72.36   78.06   82.55
14:35:00 75.07   73.44   78.20   82.51
14:36:10 75.09   74.42   78.20   82.52
14:37:21 75.18   75.57   78.24   82.63
14:38:32 75.23   76.77   78.11   82.71
14:39:43 75.31   77.55   78.69   82.77
14:40:54 75.42   77.93   78.56   82.74
14:42:04 75.49   78.09   78.48   82.75
14:43:15 75.55   78.08   78.34   82.77
14:44:26 75.61   67.06   78.65   82.73
14:45:37 75.53   60.51   78.60   82.73
14:46:48 75.38   59.43   78.34   82.69
14:47:59 75.23   58.79   78.26   82.71
14:49:09 75.05   58.53   78.29   82.59
14:50:20 74.91   58.33   78.07   82.54
14:51:32 74.85   57.82   78.34   82.57
14:52:42 74.75   63.95   78.16   82.52
14:53:53 74.81   68.03   78.11   82.52
14:55:04 74.90   69.22   78.42   82.56
14:56:15 75.02   69.85   78.51   82.60
14:57:26 75.09   70.56   78.41   82.57
14:58:37 75.16   71.62   78.30   82.57
14:59:48 75.22   72.76   78.49   82.59
15:00:59 75.25   73.68   78.30   82.56
15:02:10 75.30   74.63   78.55   82.63
15:03:21 75.39   75.71   78.41   82.72
15:04:31 75.42   75.54   78.40   82.74
15:05:43 75.53   64.07   78.36   82.83
15:06:54 75.44   60.12   78.32   82.82
15:08:04 75.31   59.05   78.29   82.68
15:09:15 75.20   58.81   78.41   82.51
15:10:26 75.22   58.56   78.42   82.44
15:11:37 75.07   58.09   78.32   82.40
15:12:48 74.94   57.72   78.23   82.32
15:13:59 74.86   58.27   78.23   82.25
15:15:10 74.83   66.62   77.87   82.27
15:16:21 74.91   68.22   78.45   82.21
15:17:32 75.02   69.26   78.74   82.16
15:18:42 75.10   69.90   78.46   82.12
15:19:53 75.20   70.50   78.35   82.06
15:21:04 75.25   71.47   78.14   82.06
15:22:15 75.31   72.68   78.46   82.06
15:23:26 75.36   73.59   78.39   82.06
15:24:37 75.42   70.51   78.39   82.11
15:25:48 75.41   62.27   78.45   90.89
15:26:59 75.34   59.77   78.24   94.81
15:28:10 75.18   59.06   78.11   93.86
15:28:00 75.05   58.64   78.13   92.67
15:29:11 75.00   58.39   78.31   91.49
15:30:21 74.92   57.88   78.32   90.53
15:31:32 74.93   57.74   78.40   89.80
15:32:43 74.82   57.31   78.42   89.18
15:33:54 74.79   62.69   78.41   88.74
15:35:05 74.79   67.21   78.60   88.33
15:36:16 74.94   68.68   78.63   88.00
15:37:27 75.03   69.43   78.40   87.70
15:38:38 75.10   70.03   78.54   87.44
15:39:49 75.19   70.73   78.38   87.07
15:41:00 75.20   71.66   78.27   86.85
15:42:11 75.26   72.38   78.38   86.64
15:43:21 75.31   65.18   78.30   86.53
15:44:32 75.30   60.40   78.22   86.34
15:45:43 75.19   59.13   78.19   86.06
15:46:54 75.09   58.75   78.17   85.77
15:48:05 74.99   58.33   78.10   85.49
15:49:16 74.87   57.98   77.98   85.29
15:50:27 74.84   57.59   78.11   85.14
15:51:38 74.77   57.31   78.24   85.05
15:52:49 74.73   57.04   78.63   84.84
15:54:00 74.74   56.92   78.61   84.70
15:55:11 74.75   56.60   78.41   84.58
15:56:22 74.64   61.48   78.29   84.42
15:57:33 74.67   66.73   78.50   84.18
15:58:43 74.94   68.08   78.54   84.17
15:59:54 75.05   68.91   78.34   84.15
16:01:05 75.08   69.54   78.38   84.01
16:02:16 75.16   70.01   78.65   83.97
16:03:27 75.25   70.54   78.34   83.88
16:04:38 75.31   68.20   78.14   83.87
16:05:49 75.31   61.49   78.09   83.83
16:07:00 75.22   59.20   78.04   83.75
16:08:11 75.09   58.69   78.07   83.67
16:09:21 74.97   58.32   78.11   83.55
16:10:33 74.86   57.95   78.03   83.47
16:11:43 74.77   57.58   78.08   83.30
16:12:54 74.71   57.12   78.00   83.30
16:14:05 74.64   56.86   78.17   83.19
16:15:16 74.63   56.62   78.07   83.00
16:16:27 74.56   56.23   78.33   82.93
16:17:38 74.52   56.32   78.42   82.84
16:18:49 74.49   55.95   78.52   82.75
16:20:00 74.46   56.05   78.56   82.74
16:21:11 74.57   55.99   78.29   82.74
16:22:22 74.53   62.14   78.05   82.66
16:23:33 74.59   66.17   78.16   85.56
16:24:44 74.77   67.28   78.20   98.77
16:25:54 74.88   68.11   78.00   100.16
16:27:05 75.02   68.82   78.14   98.64
16:28:16 75.09   69.50   78.38   96.90
16:29:27 75.11   70.06   78.50   95.51
16:30:38 75.14   64.64   78.66   94.47
16:31:49 75.09   59.92   78.14   93.41
16:33:00 74.99   58.61   78.02   92.50
16:34:11 74.86   58.25   78.13   91.82
16:35:22 74.75   58.00   78.34   91.19
16:36:33 74.67   57.56   78.22   90.72
16:37:44 74.63   57.07   78.09   90.21
16:38:54 74.54   56.97   78.03   89.83
16:40:06 74.53   56.59   78.02   89.43
16:41:16 74.47   56.32   78.02   89.03
16:42:27 74.42   55.88   78.16   88.61
16:43:38 74.41   55.88   78.03   88.19
16:44:49 74.39   55.69   78.01   87.80
16:46:00 74.33   55.50   77.90   87.44
16:47:10 74.30   55.55   78.15   87.24
16:48:22 74.28   55.93   77.92   87.04
16:49:32 74.30   64.86   77.84   86.78
16:50:43 74.46   66.16   78.05   86.53
16:51:54 74.62   67.26   78.50   86.29
16:53:05 74.76   68.02   78.38   86.21
16:54:16 74.85   68.75   78.52   86.11
16:55:27 74.91   69.37   78.86   86.01
16:56:38 74.97   64.57   78.63   85.82
16:57:49 74.91   59.81   77.97   85.63
16:59:00 74.83   58.46   77.97   85.50
17:00:10 74.73   57.98   78.08   85.22
17:01:21 74.63   57.71   78.07   84.98
17:02:32 74.51   57.26   78.02   84.79
17:03:43 74.42   57.16   78.04   84.65
17:04:54 74.41   56.81   77.93   84.50
17:06:05 74.37   56.47   77.99   84.44
17:07:16 74.30   56.32   77.91   84.26
17:08:27 74.29   56.14   77.80   83.96
17:09:38 74.23   56.09   78.02   83.73
17:10:49 74.19   55.70   78.03   83.60
17:12:00 74.17   55.52   77.93   83.50
17:13:11 74.12   55.67   77.81   83.43
17:14:22 74.10   56.51   78.23   83.28
17:15:33 74.15   65.36   78.29   83.20
17:16:44 74.31   66.51   78.05   83.12
17:17:55 74.49   67.59   78.19   82.96
17:19:06 74.60   68.25   77.92   82.96
17:20:17 74.68   68.88   77.96   82.96
17:21:28 74.76   69.01   78.46   82.96
17:22:39 74.79   63.32   78.24   82.95
17:23:50 74.74   59.26   77.92   82.89
17:25:01 74.60   58.13   78.11   82.79
17:26:12 74.49   57.75   77.88   82.74
17:27:23 74.40   57.43   77.78   82.67
17:28:34 74.37   57.10   77.93   82.57
17:29:45 74.34   56.83   77.93   86.61
17:30:56 74.31   56.60   78.23   101.70
17:32:06 74.31   56.27   78.51   104.72
17:33:17 74.32   55.93   78.45   104.30
17:34:29 74.26   55.95   78.16   103.31
17:35:39 74.30   55.92   78.69   102.27
17:36:50 74.20   57.32   78.69   101.22
17:38:02 74.20   65.71   78.43   100.15
17:39:13 74.35   66.98   78.11   99.22
17:40:23 74.47   68.02   78.33   98.40
17:41:34 74.59   68.73   78.13   97.58
17:42:45 74.64   69.33   77.80   96.89
17:43:56 74.71   69.81   78.15   96.28
17:45:07 74.79   65.52   78.30   95.65
17:46:18 74.74   60.03   78.05   95.12
17:47:29 74.63   58.31   78.13   94.57
17:48:39 74.49   57.84   78.13   94.85
17:49:51 74.39   57.49   78.15   103.61
17:51:01 74.31   57.08   78.02   106.79
17:52:12 74.29   56.86   77.97   107.18
17:53:23 74.20   56.61   77.92   106.68
17:54:34 74.18   56.24   78.00   105.88
17:55:45 74.13   56.15   77.96   104.99
17:56:56 74.14   56.01   78.02   105.11
17:58:07 74.11   55.95   78.09   106.68
17:59:18 74.11   62.23   77.87   107.14
18:00:29 74.34   66.41   77.96   106.71
18:01:39 74.54   67.84   77.93   106.18
18:02:50 74.76   68.66   78.13   105.60
18:04:01 75.01   69.39   78.11   104.93
18:05:12 75.24   70.02   78.41   104.21
18:06:23 75.46   67.86   78.02   107.76
18:07:34 75.54   62.44   78.45   109.01
18:08:45 75.42   59.65   78.11   108.07
18:09:56 75.31   59.02   78.14   106.81
18:11:07 75.30   58.83   78.24   105.64
18:12:18 75.23   58.65   78.01   104.59
18:13:29 75.19   58.46   77.92   103.57
18:14:40 75.14   58.43   78.11   102.58
18:15:51 75.09   58.40   77.96   102.69
18:17:02 75.09   58.43   77.84   102.37
18:18:13 75.10   58.54   78.27   105.88
18:19:24 75.09   58.52   77.87   109.60
18:20:35 75.09   58.49   77.88   110.73
18:21:45 75.18   58.56   77.78   110.22
18:22:56 75.31   58.68   77.84   108.94
18:24:07 75.38   58.73   77.79   107.59
18:25:18 75.39   58.78   77.90   106.19
18:26:29 75.29   58.73   77.70   105.02
18:26:17 75.30   58.67   77.91   103.88
18:27:28 75.32   58.52   77.83   102.85
18:28:39 75.31   58.41   77.74   101.92
18:29:50 75.25   58.29   77.70   101.00
18:31:01 75.20   58.18   77.88   100.12
18:32:12 75.20   58.04   78.01   99.25
18:33:22 75.26   57.95   78.09   98.45
18:34:33 75.25   57.94   78.23   97.72
18:35:45 75.19   57.70   78.08   97.10
18:36:55 75.18   57.65   77.89   96.47
18:38:06 75.18   57.55   77.88   95.87
18:39:17 75.14   57.51   77.95   95.26
18:40:28 75.13   57.64   77.95   94.72
18:41:39 75.10   57.63   78.11   94.25
18:42:50 75.09   57.53   78.02   93.72
18:44:01 75.09   57.56   77.98   93.25
18:45:12 75.09   57.53   77.74   92.82
18:46:23 75.08   57.55   78.02   92.42
18:47:34 75.08   57.50   77.80   91.92
18:48:44 75.03   57.44   77.97   91.49
18:49:55 75.08   57.41   78.05   97.50
18:51:06 75.03   57.41   77.74   103.59
18:52:17 74.99   57.36   77.91   102.85
18:53:28 74.97   57.28   77.99   101.32
18:54:39 74.97   57.23   78.08   99.85
18:55:50 74.94   57.21   78.03   98.59
18:57:01 74.92   57.11   78.12   97.52
18:58:12 74.86   57.09   77.87   96.53
18:59:23 74.86   57.03   77.77   95.69
19:00:34 74.81   57.01   77.83   95.05
19:01:45 74.87   56.97   77.78   94.38
19:02:56 74.97   56.95   77.65   93.78
19:04:07 74.86   56.80   77.74   101.62
19:05:18 74.90   56.81   77.68   106.54
19:06:28 74.82   56.74   77.56   108.75
19:07:39 74.76   56.72   77.78   109.59
19:08:50 74.75   56.57   77.62   109.84
19:10:01 74.72   56.52   77.48   109.72
19:11:12 74.73   56.53   77.44   109.07
19:12:23 74.81   56.52   77.10   107.92
19:13:34 74.90   56.57   76.75   106.54
19:14:45 75.00   56.62   77.16   105.69
19:15:56 74.88   56.67   77.31   106.47
19:17:07 74.86   56.58   77.39   105.51
19:18:18 74.81   56.62   77.44   104.26
19:19:29 74.92   56.72   77.22   103.03
19:20:40 74.88   56.66   77.30   103.14
19:21:50 74.86   56.58   77.29   103.66
19:23:01 74.76   56.49   77.35   102.76
19:24:12 74.74   56.43   77.03   101.72
19:25:23 74.72   56.25   77.29   100.58
19:26:34 74.65   56.19   77.42   99.58
19:27:45 74.64   56.08   77.08   98.68
19:28:56 74.57   56.04   77.10   97.80
19:30:07 74.54   55.98   77.02   97.06
19:31:18 74.53   55.88   77.48   96.33
19:32:29 74.53   55.79   77.64   95.65
19:33:40 74.45   55.65   77.50   94.87
19:34:51 74.43   55.55   77.20   94.21
19:36:02 74.41   55.65   77.03   93.70
19:37:13 74.41   55.48   77.00   93.21
19:38:24 74.38   55.32   76.90   92.71
19:39:35 74.37   55.29   76.91   92.18
19:40:45 74.30   55.23   77.27   91.61
19:41:56 74.22   55.14   77.29   91.05
19:43:07 74.20   55.11   77.22   90.66
19:44:18 74.19   55.11   77.55   90.22
19:45:29 74.19   54.88   77.22   89.82
19:46:40 74.19   54.89   77.14   89.42
19:47:51 74.22   54.90   77.24   89.34
19:49:02 74.17   54.81   77.04   100.67
19:50:13 74.14   54.82   77.08   105.32
19:51:23 74.09   54.73   77.20   105.71
19:52:34 74.14   54.66   76.98   104.63
19:53:45 74.18   54.74   76.85   103.06
19:54:56 74.25   54.92   76.83   101.44
19:56:07 74.41   54.96   77.04   100.15
19:57:18 74.41   54.89   76.90   98.93
19:58:29 74.41   55.01   76.86   97.81
19:59:40 74.41   55.14   77.02   96.92
20:00:51 74.44   55.20   77.13   96.09
20:02:02 74.50   55.23   77.01   98.18
20:03:13 74.47   55.14   76.95   98.89
20:04:23 74.37   55.10   77.04   98.05
20:05:34 74.24   55.10   77.05   99.27
20:06:45 74.22   55.00   76.72   103.25
20:07:56 74.27   54.97   77.03   103.88
20:09:07 74.31   54.88   76.97   106.94
20:10:18 74.27   54.87   77.26   107.77
20:11:29 74.31   54.58   76.76   107.32
20:12:40 74.25   54.59   76.88   107.39
20:13:51 74.30   54.67   76.87   109.24
20:15:02 74.33   54.61   76.61   109.82
20:16:13 74.30   54.44   76.53   110.17
20:17:24 74.24   54.62   76.53   110.36
20:18:35 74.19   54.61   76.38   110.20
20:19:45 74.31   54.96   76.32   110.13
20:20:56 74.41   56.15   76.20   111.19
20:22:08 74.41   56.24   76.39   111.15
20:23:18 74.40   55.90   76.77   110.55
20:24:29 74.31   55.63   76.67   109.76
20:25:40 74.32   55.46   76.72   108.90
20:26:51 74.31   55.23   76.52   107.98
20:28:02 74.36   55.20   76.65   107.11
20:29:13 74.36   55.11   76.51   106.21
20:30:24 74.33   55.07   76.37   105.31
20:31:35 74.31   55.02   76.64   104.44
20:32:46 74.27   54.81   76.54   103.56
20:33:56 74.19   54.81   76.47   102.69
20:35:07 74.15   54.73   76.35   101.88
20:36:18 74.19   54.58   76.48   101.13
20:37:29 74.18   54.34   76.54   100.45
20:38:40 74.09   54.39   76.26   99.76
20:39:51 74.08   54.37   76.34   99.06
20:41:02 74.08   54.33   76.52   98.52
20:42:13 74.06   54.23   76.25   97.99
20:43:23 74.08   54.27   76.34   97.63
20:44:34 74.09   54.07   76.20   97.48
20:45:45 74.08   54.10   76.19   97.06
20:46:56 74.19   54.11   76.30   96.51
20:48:07 74.23   54.24   76.15   95.95
20:49:18 74.20   54.26   76.27   95.51
20:50:29 74.02   53.85   76.26   94.99
20:51:40 73.95   53.97   76.56   94.49
20:52:51 73.89   53.93   76.66   94.07
20:54:02 73.88   53.87   76.58   93.50
20:55:13 74.01   53.83   76.35   93.03
20:56:24 74.01   53.85   76.14   92.60
20:57:35 73.93   53.90   76.31   92.13
20:58:46 73.83   53.69   76.34   91.76
20:59:56 73.77   53.66   76.09   91.41
21:01:07 73.78   53.48   76.16   90.96
21:02:18 73.75   53.63   75.99   90.57
21:03:29 73.77   53.52   76.19   90.21
21:04:40 73.74   53.34   76.08   89.85
21:05:51 73.74   53.35   76.13   89.52
21:07:02 73.75   53.41   75.99   89.17
21:08:13 73.89   53.33   76.03   88.81
21:09:24 73.74   53.34   76.29   88.51
21:10:35 73.74   53.22   76.13   88.24
21:11:46 73.74   53.16   76.16   92.94
21:12:57 73.74   53.16   76.30   108.06
21:14:08 73.71   52.96   76.13   111.77
21:15:18 73.74   53.11   76.13   112.80
21:16:30 73.69   53.00   76.07   112.20
21:17:40 73.61   52.95   76.18   110.72
21:18:51 73.54   52.94   76.29   108.92
21:20:02 73.51   52.86   76.19   107.29
21:21:13 73.50   52.83   75.99   105.70
21:22:24 73.45   52.88   75.89   104.28
21:23:35 73.40   52.74   76.04   103.00
21:24:46 73.42   52.73   75.89   101.86
21:24:35 73.41   52.62   76.01   100.79
21:25:46 73.40   52.62   75.94   99.74
21:26:57 73.40   52.53   75.92   98.73
21:28:08 73.39   52.62   75.94   97.89
21:29:19 73.30   52.55   76.10   97.08
21:30:30 73.31   52.46   75.69   96.33
21:31:41 73.33   52.55   75.73   95.76
21:32:52 73.35   52.54   75.74   95.10
21:34:03 73.40   52.48   76.17   94.48
21:35:14 73.41   52.48   75.69   93.89
21:36:24 73.49   52.52   75.70   93.30
21:37:36 73.39   52.49   75.84   92.76
21:38:47 73.38   52.45   75.97   92.28
21:39:58 73.31   52.42   76.02   91.86
21:41:08 73.29   52.31   76.07   91.40
21:42:19 73.29   52.35   75.99   90.91
21:43:30 73.28   52.26   75.92   90.42
21:44:41 73.24   52.15   76.12   89.90
21:45:52 73.28   52.20   75.78   89.50
21:47:03 73.19   52.22   75.69   89.08
21:48:14 73.20   52.05   75.57   88.76
21:49:25 73.19   52.02   75.42   88.49
21:50:36 73.20   52.10   75.39   88.17
21:51:46 73.25   51.98   75.32   87.86
21:52:57 73.33   52.06   75.54   87.47
21:54:08 73.25   52.08   75.60   87.14
21:55:19 73.17   51.94   75.42   86.89
21:56:30 73.12   51.95   75.49   86.59
21:57:41 73.10   51.88   75.26   86.26
21:58:52 73.10   51.88   75.05   86.02
22:00:03 73.14   51.88   75.28   85.81
22:01:14 73.05   51.73   75.24   85.59
22:02:25 73.04   51.81   75.23   85.35
22:03:36 72.96   51.81   75.10   85.26
22:04:47 72.92   51.69   75.25   85.02
22:05:58 72.85   51.69   75.25   84.75
22:07:09 72.84   51.64   75.01   84.51
22:08:20 72.83   51.66   75.26   84.28
22:09:31 72.84   51.65   75.09   84.16
22:10:42 72.95   51.70   75.10   83.97
22:11:53 72.93   51.80   74.91   83.71
22:13:03 72.85   51.64   74.99   93.25
22:14:15 72.84   51.66   74.92   104.96
22:15:26 72.93   51.74   74.90   105.86
22:16:37 72.98   51.76   75.00   104.97
22:17:48 72.85   51.61   75.08   103.75
22:18:58 72.74   51.57   74.74   102.55
22:20:09 72.69   51.51   74.95   101.38
22:21:20 72.61   51.47   74.83   100.30
22:22:31 72.62   51.42   74.73   99.29
22:23:42 72.62   51.45   74.76   98.42
22:24:53 72.77   51.43   74.65   97.59
22:26:04 72.71   51.37   74.62   96.77
22:27:15 72.61   51.32   74.82   101.92
22:28:26 72.57   51.33   74.77   107.83
22:29:36 72.51   51.34   74.85   109.21
22:30:48 72.67   51.36   74.65   109.36
22:31:58 72.61   51.45   74.71   108.63
22:33:09 72.58   51.32   74.72   107.56
22:34:20 72.51   51.35   74.59   106.38
22:35:31 72.50   51.29   74.45   105.30
22:36:42 72.49   51.35   74.52   104.21
22:37:53 72.48   51.31   74.46   103.24
22:39:04 72.43   51.36   74.56   102.27
22:40:15 72.39   51.23   74.51   101.29
22:41:26 72.39   51.19   74.77   100.43
22:42:37 72.38   51.24   74.64   99.53
22:43:47 72.39   51.23   74.50   98.63
22:44:58 72.31   51.13   74.86   97.90
22:46:09 72.28   51.20   74.58   97.18
22:47:20 72.28   51.13   74.47   96.48
22:48:31 72.27   51.13   74.19   95.77
22:49:42 72.24   51.06   74.15   95.12
22:50:53 72.17   51.05   74.14   94.47
22:52:04 72.16   51.11   74.17   93.89
22:53:15 72.16   51.02   74.20   93.33
22:54:26 72.16   50.98   74.42   92.80
22:55:37 72.09   50.98   74.38   92.26
22:56:48 72.08   50.92   74.47   91.80
22:57:58 72.05   50.84   74.08   91.29
22:59:09 72.04   50.76   74.08   90.81
23:00:20 72.04   50.78   74.04   90.37
23:01:32 72.01   50.77   74.28   89.93
23:02:42 72.05   50.77   74.23   89.55
23:03:53 72.02   50.73   74.27   89.16
23:05:04 71.94   50.68   74.27   88.80
23:06:15 71.96   50.64   74.01   88.45
23:07:26 72.00   50.62   74.01   88.08
23:08:37 71.94   50.56   74.00   87.64
23:09:48 71.94   50.57   74.11   87.71
23:10:59 71.93   50.56   73.86   100.85
23:12:10 71.85   50.53   74.17   106.36
23:13:21 71.83   50.46   74.13   107.87
23:14:32 71.83   50.46   74.15   107.60
23:15:42 71.82   50.49   73.91   106.74
23:16:53 71.81   50.42   74.01   105.59
23:18:04 71.72   50.40   73.97   104.51
23:19:15 71.74   50.36   73.96   103.43
23:20:26 71.70   50.34   73.96   102.28
23:21:37 71.63   50.34   73.88   101.26
23:22:48 71.61   50.28   73.87   100.32
23:23:59 71.60   50.26   73.93   99.48
23:25:10 71.60   50.23   73.79   98.56
23:26:21 71.55   50.23   73.64   97.79
23:27:32 71.49   50.18   73.78   96.97
23:28:42 71.49   50.16   73.87   96.20
23:29:53 71.50   50.17   74.15   95.53
23:31:05 71.49   50.11   74.05   94.76
23:32:15 71.48   50.15   73.95   94.09
23:33:26 71.49   50.08   73.98   93.48
23:34:37 71.44   50.08   73.77   92.88
23:35:48 71.41   50.07   73.82   92.33
23:36:59 71.39   50.02   74.00   91.84
23:38:10 71.38   50.08   73.59   91.30
23:39:21 71.38   50.06   73.72   90.87
23:40:32 71.34   52.11   74.01   90.46
23:41:43 71.39   61.24   74.19   89.94
23:42:54 71.55   62.37   74.22   89.53
23:44:05 71.71   63.09   74.04   89.22
23:45:15 71.82   63.61   74.28   88.92
23:46:26 71.90   64.30   74.23   88.54
23:47:37 72.00   65.22   74.11   88.13
23:48:48 72.05   62.44   74.26   87.69
23:49:59 72.03   55.17   74.39   87.41
23:51:10 71.88   52.98   74.29   87.09
23:52:21 71.75   52.45   74.51   86.77
23:53:32 71.63   52.11   74.28   86.44
23:54:43 71.52   51.80   74.24   86.16
23:55:54 71.45   51.49   74.25   85.87
23:57:05 71.39   51.11   74.04   85.54
23:58:16 71.30   50.94   74.20   85.31
23:59:26 71.26   56.13   73.96   85.09
