21:55:25 72.76   51.30   77.03   82.26
21:56:35 72.78   51.27   77.08   82.25
21:57:45 72.74   51.24   76.89   82.26
21:58:56 72.74   51.18   76.93   82.09
22:00:06 72.80   51.13   77.52   81.88
22:01:16 72.67   51.10   76.96   81.79
22:02:27 72.69   51.05   76.99   81.63
22:03:37 72.73   51.20   77.03   81.52
22:04:48 72.70   51.07   77.07   81.48
22:05:58 72.63   51.13   77.16   81.38
22:07:08 72.60   51.01   76.98   81.29
22:08:19 72.57   50.97   76.97   81.25
22:09:29 72.58   50.97   76.87   81.16
22:10:39 72.55   50.94   76.93   81.15
22:11:50 72.61   55.45   76.81   80.97
22:13:00 72.62   62.68   76.49   80.96
22:14:11 72.80   63.74   76.59   80.98
22:15:21 72.95   64.31   76.40   81.02
22:16:31 73.05   64.96   76.64   81.05
22:17:42 73.16   65.78   76.58   81.04
22:18:52 73.22   62.76   76.81   81.09
22:20:03 73.19   56.76   76.95   81.04
22:21:13 73.06   54.40   77.07   80.95
22:22:23 72.92   53.73   77.04   80.89
22:23:34 72.89   53.56   76.87   80.75
22:24:44 72.81   52.64   77.13   80.69
22:25:54 72.73   52.22   76.99   80.62
22:27:05 72.72   51.93   76.71   80.71
22:28:15 72.61   51.75   76.80   80.57
22:29:26 72.60   51.64   77.08   81.13
22:30:36 72.70   51.46   76.90   100.86
22:31:46 72.60   55.38   76.82   109.13
22:32:57 72.62   62.93   76.87   110.50
22:34:07 72.80   64.03   76.83   110.64
22:35:18 72.94   64.95   76.76   110.75
22:36:28 73.01   65.79   76.70   111.05
22:37:38 73.08   66.55   76.80   111.24
22:38:49 73.20   67.59   76.84   111.29
22:39:59 73.29   68.72   76.83   111.40
22:41:09 73.39   68.61   76.67   111.52
22:42:20 73.45   59.83   76.72   111.64
22:43:30 73.34   55.98   76.56   111.42
22:44:41 73.44   56.89   76.81   110.72
22:45:51 73.30   56.71   76.78   109.77
22:47:01 73.19   56.11   76.86   108.70
22:48:12 73.09   55.22   76.65   107.72
22:49:22 73.01   54.72   76.77   106.69
22:50:32 72.95   60.42   76.81   105.64
22:51:43 73.05   65.31   77.04   104.73
22:52:53 73.21   66.67   76.77   110.38
22:54:04 73.29   67.28   76.80   113.70
22:55:14 73.48   68.02   76.87   113.21
22:56:24 73.51   69.14   76.60   112.06
22:57:35 73.49   70.16   76.67   110.76
22:58:45 73.52   71.17   76.73   109.46
22:59:56 73.63   71.74   76.76   108.24
23:01:06 73.66   62.68   76.94   107.18
23:02:16 73.51   57.16   76.98   106.19
23:03:27 73.32   55.69   76.63   110.94
23:04:37 73.14   55.07   76.77   114.88
23:05:47 73.00   54.84   77.04   115.00
23:06:58 72.86   54.12   77.11   114.18
23:08:08 72.74   53.73   76.83   113.04
23:09:19 72.61   53.38   76.69   111.86
23:10:29 72.55   52.91   76.88   110.55
23:11:39 72.51   52.71   77.01   109.34
23:12:50 72.48   52.51   76.66   108.30
23:14:00 72.38   52.40   76.65   107.26
23:15:11 72.33   52.18   76.69   106.26
23:16:21 72.31   52.08   76.48   105.27
23:17:31 72.28   52.12   76.41   104.23
23:18:42 72.24   51.86   76.50   103.30
23:19:52 72.17   51.98   76.51   102.41
23:21:02 72.15   51.79   76.36   101.59
23:22:13 72.09   51.59   76.29   100.84
23:23:23 72.06   52.55   76.38   100.09
23:24:34 72.08   62.35   76.32   99.36
23:25:44 72.23   63.54   76.22   98.64
23:26:54 72.38   64.48   76.20   97.90
23:28:05 72.48   65.07   76.23   97.29
23:29:15 72.54   65.65   76.23   96.67
23:30:25 72.61   66.45   76.41   96.11
23:31:36 72.65   66.55   76.38   95.65
23:32:46 72.64   60.05   76.50   95.13
23:33:57 72.58   56.06   76.43   94.63
23:35:07 72.40   54.81   76.62   94.14
23:36:17 72.26   54.36   76.74   93.62
23:37:28 72.16   53.93   76.51   93.13
23:38:38 72.11   53.17   76.49   92.78
23:39:49 72.02   52.79   76.57   92.28
23:40:59 71.97   52.47   76.40   91.81
23:42:09 71.90   52.33   76.31   91.44
23:43:20 71.87   61.02   76.33   91.10
23:44:30 71.97   64.08   76.30   90.72
23:45:40 72.19   65.61   76.51   90.34
23:46:51 72.29   66.36   76.40   90.06
23:48:01 72.38   67.07   76.28   89.72
23:49:12 72.39   68.15   76.41   89.33
23:50:22 72.47   69.22   76.50   89.05
23:51:32 72.54   70.06   76.52   88.86
23:52:43 72.61   70.75   76.35   88.57
23:53:53 72.69   70.57   76.56   88.24
23:55:04 72.71   60.69   76.51   87.99
23:56:14 72.58   56.07   76.41   87.73
23:57:24 72.42   54.63   76.30   87.51
23:58:35 72.25   54.31   76.57   87.26
23:59:45 72.12   53.77   76.39   87.00
