00:00:55 71.99   53.30   76.31   86.75
00:02:06 71.94   53.57   76.56   86.51
00:03:16 71.93   62.55   76.44   86.21
00:04:27 72.06   64.92   76.11   86.02
00:05:37 72.22   66.21   76.13   85.81
00:06:47 72.28   67.13   76.20   85.55
00:07:58 72.34   68.63   76.11   85.37
00:09:08 72.40   69.83   76.42   85.19
00:10:18 72.49   71.01   76.43   85.01
00:11:29 72.50   72.03   76.41   84.77
00:12:39 72.61   72.82   76.50   84.54
00:13:50 72.66   73.58   76.32   84.42
00:15:00 72.78   74.06   76.25   84.32
00:16:10 72.81   74.53   76.52   84.27
00:17:21 72.84   74.74   76.48   84.22
00:18:31 72.93   74.91   76.42   84.31
00:19:42 72.95   75.08   76.88   84.30
00:20:52 73.01   75.15   76.58   84.25
00:22:02 73.06   75.27   76.67   84.21
00:23:13 73.06   75.31   76.63   84.10
00:24:23 73.07   75.42   76.53   83.99
00:25:33 73.16   72.82   76.83   84.00
00:26:44 73.10   59.54   76.57   83.89
00:27:54 72.96   55.92   76.10   83.66
00:29:05 72.74   55.20   76.25   83.49
00:30:15 72.48   54.66   76.55   83.33
00:31:25 72.30   54.27   76.31   83.21
00:32:36 72.18   62.09   76.43   83.18
00:33:46 72.29   65.69   76.61   83.08
00:34:56 72.39   66.85   76.75   82.96
00:36:07 72.46   68.22   76.37   82.79
00:37:17 72.51   69.66   76.27   82.71
00:38:28 72.53   71.48   76.45   82.63
00:39:38 72.61   73.32   76.70   82.53
00:40:48 72.66   74.45   76.60   82.45
00:41:59 72.74   74.96   76.57   82.34
00:43:09 72.84   75.22   76.58   82.18
00:44:20 72.91   75.34   76.56   82.28
00:45:30 72.95   75.37   76.63   82.43
00:46:40 72.98   75.47   76.84   82.54
00:47:51 73.05   75.57   76.74   82.39
00:49:01 73.06   75.59   76.70   82.39
00:50:11 73.11   75.65   76.69   82.49
00:51:22 73.17   75.67   76.63   82.48
00:52:32 73.17   75.73   76.67   82.48
00:53:43 73.21   75.76   76.68   82.48
00:54:53 73.24   75.80   76.70   82.42
00:56:03 73.29   75.80   76.68   82.40
00:57:14 73.29   75.86   76.75   82.38
00:58:24 73.32   75.88   76.57   82.41
00:59:34 73.34   75.96   76.77   82.29
01:00:45 73.33   75.97   76.85   82.29
01:01:55 73.35   75.98   76.83   82.29
01:03:06 73.39   75.99   77.01   82.29
01:04:16 73.40   76.02   76.88   82.27
01:05:26 73.39   76.01   76.96   82.21
01:06:37 73.40   76.01   76.93   82.10
01:07:47 73.40   76.04   76.70   82.06
01:08:58 73.40   76.08   76.88   82.06
01:10:08 73.42   76.09   77.04   82.11
01:11:18 73.41   76.10   76.93   82.17
01:12:29 73.41   76.10   76.98   82.20
01:13:39 73.47   76.10   76.98   82.27
01:14:49 73.50   76.04   76.89   82.28
01:16:00 73.46   75.99   77.07   82.34
01:17:10 73.46   75.99   76.93   82.26
01:18:21 73.42   75.99   77.05   82.17
01:19:31 73.42   75.99   76.92   82.22
01:20:41 73.51   76.00   77.06   82.36
01:21:52 73.51   75.84   77.11   82.30
01:23:02 73.51   75.81   76.93   82.28
01:24:13 73.51   75.88   77.16   82.17
01:25:23 73.51   75.95   76.97   82.25
01:26:33 73.51   75.99   77.09   82.29
01:27:44 73.52   75.99   77.06   82.26
01:28:54 73.56   75.99   76.96   82.29
01:30:04 73.54   76.02   77.07   82.29
01:31:15 73.60   76.04   77.20   82.29
01:32:25 73.63   76.03   77.04   82.29
01:33:36 73.63   76.02   76.80   82.18
01:34:46 73.66   76.07   76.95   82.17
01:35:56 73.70   76.10   77.03   82.11
01:37:07 73.71   76.10   77.01   82.09
01:38:17 73.73   76.10   77.20   82.15
01:39:28 73.74   76.08   77.11   82.15
01:40:38 73.73   76.10   77.10   82.16
01:41:48 73.73   76.11   77.14   82.09
01:42:59 73.74   76.13   76.96   82.22
01:44:09 73.74   76.20   77.16   82.29
01:45:19 73.74   76.21   76.99   82.17
01:46:30 73.74   76.21   77.02   82.06
01:47:40 73.78   76.21   77.20   82.05
01:48:51 73.77   76.22   77.32   82.12
01:50:01 73.77   76.25   77.31   82.17
01:51:11 73.75   76.27   77.32   82.14
01:52:22 73.77   76.27   77.35   82.19
01:53:32 73.77   76.29   77.21   82.19
01:54:42 73.74   76.22   77.20   82.17
01:55:53 73.81   76.21   77.06   82.25
01:57:03 73.78   76.21   77.10   82.28
01:58:14 73.81   76.21   77.21   82.15
01:59:24 73.80   76.22   77.29   82.14
02:00:34 73.80   76.31   77.34   82.17
02:01:45 73.84   76.33   77.40   82.17
02:02:55 73.82   76.33   77.21   82.14
02:04:06 73.84   76.34   77.04   82.17
02:05:16 73.83   76.36   77.24   82.19
02:06:26 73.81   76.33   77.23   82.18
02:07:37 73.81   76.33   77.20   82.21
02:08:47 73.84   76.36   77.25   82.26
02:09:57 73.84   76.35   77.30   82.28
02:11:08 73.85   76.35   77.37   82.21
02:12:18 73.85   76.35   77.47   82.29
02:13:29 73.84   76.39   77.24   82.29
02:14:39 73.85   76.36   77.33   82.26
02:15:49 73.85   76.43   77.35   82.29
02:17:00 73.86   76.39   77.34   82.29
02:18:10 73.84   76.42   77.41   82.21
02:19:21 73.84   76.44   77.45   82.20
02:20:31 73.85   76.44   77.42   82.19
02:21:41 73.86   76.43   77.55   82.18
02:22:52 73.86   76.44   77.62   82.12
02:24:02 73.86   76.43   77.57   82.22
02:25:12 73.85   76.44   77.55   82.28
02:26:23 73.93   76.44   77.44   82.25
02:27:33 73.87   76.44   77.61   82.18
02:28:44 73.87   76.45   77.58   82.24
02:29:54 73.86   76.49   77.61   82.19
02:31:04 73.93   76.52   77.47   82.24
02:32:15 73.96   76.55   77.62   82.28
02:33:25 73.96   76.55   77.66   82.35
02:34:35 73.96   76.55   77.57   82.38
02:35:46 73.96   76.55   77.57   82.38
02:36:56 73.97   76.56   77.65   82.39
02:38:07 73.96   76.56   77.64   82.29
02:39:17 73.96   76.58   77.61   82.29
02:40:27 73.97   76.58   77.35   82.28
02:41:38 73.97   76.60   77.52   82.28
02:42:48 73.96   76.66   77.53   82.23
02:43:59 73.97   76.65   77.65   82.24
02:45:09 73.98   76.66   77.53   82.30
02:46:19 73.96   76.66   77.77   82.39
02:47:30 74.02   76.66   77.80   82.36
02:48:40 73.97   76.66   77.60   82.31
02:49:50 73.96   76.67   77.52   82.29
02:51:01 73.95   76.66   77.49   82.29
02:52:11 73.96   76.66   77.56   82.40
02:53:22 73.96   76.66   77.87   82.48
02:54:32 73.96   76.66   77.68   82.43
02:55:42 73.96   76.67   77.86   82.51
02:56:53 73.96   76.67   78.02   82.57
02:58:03 73.97   76.66   77.89   82.54
02:59:13 74.02   76.65   77.78   82.60
03:00:24 74.05   76.66   77.70   82.53
03:01:34 74.07   76.66   77.90   82.51
03:02:45 74.08   76.66   77.76   82.52
03:03:55 74.13   76.68   77.78   82.45
03:05:05 74.15   76.71   77.87   82.43
03:06:16 74.13   76.76   77.83   82.51
03:07:26 74.09   76.78   77.61   82.62
03:08:36 74.15   76.78   77.83   82.66
03:09:47 74.18   76.78   77.75   82.63
03:10:57 74.19   76.78   77.82   82.67
03:12:08 74.18   76.78   77.77   82.74
03:13:18 74.18   76.78   77.76   82.75
03:14:28 74.19   76.78   77.53   82.74
03:15:39 74.19   76.78   77.68   82.74
03:16:49 74.19   76.82   77.59   82.68
03:17:59 74.19   76.84   77.67   82.63
03:19:10 74.20   76.88   77.86   82.63
03:20:20 74.19   76.91   77.84   82.68
03:21:31 74.19   77.00   78.01   82.65
03:22:41 74.19   77.04   78.01   82.66
03:23:51 74.19   77.11   77.86   82.82
03:25:02 74.19   77.15   77.99   82.74
03:26:12 74.19   77.21   77.96   82.72
03:27:23 74.19   77.22   77.96   82.63
03:28:33 74.19   77.22   78.05   82.67
03:29:43 74.19   77.22   77.86   82.62
03:30:54 74.19   77.22   77.81   82.62
03:32:04 74.19   77.22   77.84   82.62
03:33:14 74.19   77.22   77.85   82.63
03:34:25 74.19   77.22   77.77   82.61
03:35:35 74.19   77.22   77.84   82.61
03:36:46 74.19   77.22   77.70   82.63
03:37:56 74.19   77.23   77.69   82.73
03:39:06 74.19   77.23   77.92   82.67
03:40:17 74.19   77.24   77.81   82.64
03:41:27 74.19   77.26   77.85   82.60
03:42:38 74.19   77.24   77.89   82.62
03:43:48 74.20   77.29   77.98   82.64
03:44:58 74.20   77.31   77.98   82.72
03:46:09 74.24   77.29   77.92   82.72
03:47:19 74.22   77.33   77.89   82.76
03:48:29 74.24   77.31   77.94   82.84
03:49:40 74.22   77.32   77.93   82.74
03:50:50 74.23   77.30   77.84   82.74
03:52:01 74.19   77.33   77.79   82.78
03:53:11 74.23   77.34   77.73   82.78
03:54:21 74.27   77.34   77.69   82.74
03:55:32 74.26   77.33   77.85   82.74
03:56:42 74.28   77.33   78.04   82.79
03:57:53 74.28   77.34   77.85   82.84
03:59:03 74.30   77.34   77.92   82.77
04:00:13 74.28   77.34   77.90   82.74
04:01:24 74.25   77.34   78.04   82.74
04:02:34 74.27   77.34   77.75   82.84
04:03:44 74.29   77.34   78.02   82.83
04:04:55 74.31   77.34   78.01   82.82
04:06:05 74.30   77.34   77.98   82.75
04:07:16 74.32   77.34   77.93   82.78
04:08:26 74.30   77.34   77.82   82.85
04:09:36 74.31   77.35   78.14   82.88
04:10:47 74.30   77.38   78.04   82.96
04:11:57 74.31   77.38   77.89   82.95
04:13:08 74.30   77.35   77.97   82.85
04:14:18 74.31   77.37   77.97   82.85
04:15:28 74.30   77.35   77.88   82.93
04:16:39 74.30   77.39   78.14   82.86
04:17:49 74.30   77.37   78.29   82.85
04:18:59 74.30   77.38   77.95   82.84
04:20:10 74.31   77.36   78.05   82.82
04:21:20 74.30   77.41   78.07   82.86
04:22:31 74.32   77.39   78.09   82.86
04:23:41 74.31   77.37   78.02   82.85
04:24:51 74.31   73.68   77.98   82.81
04:26:02 74.27   61.98   78.11   82.69
04:27:12 74.11   59.96   77.92   82.61
04:28:22 73.88   57.66   77.84   82.54
04:29:33 73.69   56.40   77.76   82.56
04:30:43 73.56   60.63   77.69   82.41
04:31:54 73.48   67.09   77.79   82.38
04:33:04 73.52   69.29   77.93   82.39
04:34:14 73.63   71.32   77.62   82.30
04:35:25 73.64   72.30   77.40   82.29
04:36:35 73.68   73.15   77.44   82.28
04:37:46 73.73   74.05   77.57   82.26
04:38:56 73.74   75.16   77.65   82.18
04:40:06 73.81   76.17   77.78   82.19
04:41:17 73.84   76.58   77.76   82.24
04:42:27 73.91   76.75   77.71   82.11
04:43:37 73.96   76.84   77.72   82.19
04:44:48 73.99   76.93   77.83   82.27
04:45:58 74.04   77.00   77.63   82.29
04:47:09 74.08   77.00   77.61   82.26
04:48:19 74.08   77.00   77.74   82.32
04:49:29 74.09   77.03   77.75   82.41
04:50:40 74.14   77.04   77.97   82.42
04:51:50 74.15   77.03   77.83   82.42
04:53:01 74.19   77.06   77.92   82.47
04:54:11 74.19   77.06   78.06   82.52
04:55:21 74.19   77.08   78.12   82.51
04:56:32 74.19   77.10   78.00   82.47
04:57:42 74.19   77.11   78.04   82.51
04:58:52 74.20   77.11   77.99   82.57
05:00:03 74.23   77.11   77.91   82.61
05:01:13 74.23   77.11   78.05   82.59
05:02:24 74.23   77.11   78.19   82.68
05:03:34 74.25   77.11   78.07   82.63
05:04:44 74.28   77.11   77.96   95.46
05:05:55 74.27   77.11   78.11   106.67
05:07:05 74.28   77.11   78.07   108.93
05:08:16 74.28   77.11   77.97   109.45
05:09:26 74.30   77.12   78.04   109.46
05:10:36 74.30   73.73   78.13   109.48
05:11:47 74.29   60.80   77.97   109.17
05:12:57 74.17   58.41   78.08   109.95
05:14:07 73.98   57.21   77.60   111.04
05:15:18 73.80   56.32   77.84   111.71
05:16:28 73.62   56.15   77.62   112.08
05:17:39 73.52   63.51   77.67   112.09
05:18:49 73.52   67.36   77.86   111.51
05:19:59 73.69   68.84   77.74   110.72
05:21:10 73.81   70.63   77.64   109.83
05:22:20 73.85   71.93   77.59   108.86
05:23:30 73.85   72.99   77.77   107.93
05:24:41 73.92   74.00   77.63   106.90
05:25:51 73.96   75.36   77.87   105.92
05:27:02 74.00   76.41   78.06   105.06
05:28:12 74.05   76.85   78.01   104.30
05:29:22 74.09   77.01   77.66   109.33
05:30:33 74.16   77.10   77.59   110.86
05:31:43 74.19   77.16   77.52   110.00
05:32:54 74.23   77.22   77.55   108.84
05:34:04 74.30   77.22   77.77   107.76
05:35:14 74.31   77.23   77.77   106.73
05:36:25 74.36   77.25   77.89   105.74
05:37:35 74.40   77.32   77.78   104.89
05:38:45 74.41   77.33   77.55   104.07
05:39:56 74.41   77.34   77.62   103.26
05:41:06 74.51   77.34   77.62   102.59
05:42:17 74.51   76.75   77.81   102.91
05:43:27 74.55   63.89   77.92   109.87
05:44:37 74.44   59.14   77.91   110.63
05:45:48 74.26   57.30   77.77   109.34
05:46:58 74.00   61.40   77.38   107.79
05:48:09 73.96   67.71   77.43   106.36
05:49:19 74.01   69.88   77.34   105.21
05:50:29 74.06   72.06   77.44   104.08
05:51:40 74.08   73.81   77.33   103.10
05:52:50 74.08   75.63   77.46   102.26
05:54:00 74.15   76.62   77.75   104.62
05:55:11 74.22   77.00   77.53   106.76
05:56:21 74.30   77.16   77.55   106.00
05:57:32 74.30   77.24   77.69   104.88
05:58:42 74.36   77.30   77.56   107.48
05:59:52 74.42   77.34   77.70   111.40
06:01:03 74.41   77.35   77.67   110.72
06:02:13 74.42   77.35   77.62   109.23
06:03:24 74.46   77.34   77.64   107.80
06:04:34 74.51   77.37   77.73   106.46
06:05:44 74.51   77.35   77.62   105.23
06:06:55 74.53   77.34   77.65   104.13
06:08:05 74.53   77.38   77.81   103.02
06:09:15 74.59   77.40   77.86   102.16
06:10:26 74.62   77.44   77.81   101.42
06:11:36 74.63   77.44   77.67   100.62
06:12:47 74.63   77.44   77.62   99.96
06:13:57 74.64   77.45   77.67   99.35
06:15:07 74.64   77.45   77.84   98.80
06:16:18 74.68   77.45   77.66   98.18
06:17:28 74.68   77.47   77.85   97.58
06:18:39 74.70   77.50   77.78   97.11
06:19:49 74.74   77.55   77.86   96.67
06:20:59 74.75   77.53   77.92   96.22
06:22:10 74.77   77.55   77.97   95.78
06:23:20 74.80   77.56   77.85   95.32
06:24:30 74.76   77.57   77.82   95.02
06:25:41 74.77   77.57   77.68   94.68
06:26:51 74.81   77.57   77.78   94.35
06:28:02 74.81   77.57   77.93   93.98
06:29:12 74.86   77.57   77.82   93.57
06:30:22 74.86   77.57   77.79   93.24
06:31:33 74.86   77.56   77.62   92.91
06:32:43 74.86   77.58   77.85   92.64
06:33:53 74.95   77.65   77.79   92.36
06:35:04 74.92   77.66   77.87   92.09
06:36:14 74.91   77.67   78.11   91.78
06:37:25 74.94   77.67   78.04   91.51
06:38:35 74.91   77.67   78.01   91.30
06:39:45 74.94   77.67   77.93   91.05
06:40:56 74.96   77.67   77.86   90.80
06:42:06 74.97   77.70   77.84   90.55
06:43:17 74.97   77.76   77.89   90.27
06:44:27 74.97   77.74   77.76   90.06
06:45:37 74.98   77.79   77.90   89.89
06:46:48 74.99   77.79   77.82   89.85
06:47:58 74.99   77.79   78.07   89.66
06:49:08 75.04   77.78   77.99   89.44
06:50:19 75.08   77.79   78.01   89.29
06:51:29 75.09   77.87   78.01   89.21
06:52:40 75.09   77.89   77.86   88.99
06:53:50 75.09   77.90   77.78   88.89
06:55:00 75.09   77.90   78.01   88.74
06:56:11 75.09   77.90   78.05   88.60
06:57:21 75.09   77.91   78.01   88.49
06:58:32 75.09   77.98   77.94   88.37
06:59:42 75.09   78.00   77.85   88.22
07:00:52 75.09   77.96   77.96   88.06
07:02:03 75.09   77.97   77.92   87.91
07:03:13 75.09   77.98   78.19   87.79
07:04:23 75.09   77.94   78.22   87.74
07:05:34 75.09   77.94   78.10   87.66
07:06:44 75.09   74.67   78.32   87.57
07:07:55 75.05   61.32   78.07   96.10
07:09:05 74.86   60.18   78.14   108.67
07:10:15 74.67   58.70   77.84   110.77
07:11:26 74.46   57.31   77.72   110.87
07:12:36 74.32   56.80   77.75   110.91
07:13:46 74.22   63.17   77.59   111.30
07:14:57 74.21   68.01   77.52   111.72
07:16:07 74.32   69.96   77.68   112.05
07:17:18 74.41   71.75   77.46   112.29
07:18:28 74.46   72.65   77.39   111.99
07:19:38 74.53   73.39   77.68   112.20
07:20:49 74.55   74.32   77.67   112.71
07:21:59 74.63   75.34   77.59   112.23
07:23:10 74.68   76.31   77.61   111.45
07:24:20 74.75   77.12   77.64   110.54
07:25:30 74.85   77.43   77.89   109.76
07:26:41 74.86   77.61   77.84   108.86
07:27:51 74.92   77.69   77.87   110.98
07:29:01 74.97   77.78   78.01   114.59
07:30:12 75.00   77.79   77.83   114.28
07:31:22 75.09   77.88   77.84   113.24
07:32:33 75.09   77.90   77.87   112.07
07:33:43 75.09   77.90   77.97   111.52
07:34:53 75.09   77.92   77.84   110.75
07:36:04 75.10   68.24   77.86   111.81
07:37:14 75.09   61.20   77.87   112.97
07:38:25 74.92   58.74   77.80   113.29
07:39:35 74.75   57.86   77.42   113.88
07:40:45 74.54   57.25   77.41   112.87
07:41:56 74.38   56.88   77.67   111.47
07:43:06 74.24   59.68   77.47   110.25
07:44:16 74.20   67.07   77.44   109.09
07:45:27 74.30   68.60   77.42   108.07
07:46:37 74.34   69.99   77.45   107.04
07:47:48 74.41   71.39   77.42   106.13
07:48:58 74.41   72.34   77.56   105.25
07:50:08 74.50   73.28   77.73   104.43
07:51:19 74.53   74.08   77.78   103.57
07:52:29 74.58   74.83   77.78   102.76
07:53:40 74.63   75.73   77.97   102.08
07:54:50 74.71   76.70   77.86   101.54
07:56:00 74.78   77.21   77.89   101.01
07:57:11 74.86   71.13   77.76   100.45
07:58:21 74.82   61.76   77.46   99.91
07:59:31 74.68   59.06   77.46   99.25
08:00:42 74.56   57.86   77.47   98.67
08:01:52 74.41   57.21   77.28   101.59
08:03:03 74.31   56.86   77.18   111.40
08:04:13 74.25   56.42   77.23   111.97
08:05:23 74.04   57.39   77.13   110.30
08:06:34 73.96   65.56   77.06   108.55
08:07:44 74.13   67.81   77.30   107.00
08:08:55 74.19   68.91   77.66   105.72
08:10:05 74.19   69.92   77.56   104.47
08:11:15 74.19   70.93   77.74   103.40
08:12:26 74.23   71.91   77.52   102.45
08:13:36 74.29   72.73   77.64   101.58
08:14:46 74.30   73.52   77.50   100.77
08:15:57 74.30   74.17   77.54   100.05
08:17:07 74.32   74.77   77.65   99.33
08:18:18 74.41   69.36   77.61   98.73
08:19:28 74.33   61.22   77.64   98.17
08:20:38 74.18   59.47   77.15   97.62
08:21:49 74.02   58.16   77.34   96.99
08:22:59 73.87   57.35   77.29   96.38
08:24:09 73.77   56.60   76.99   95.80
08:25:20 73.62   57.58   76.97   95.25
08:26:30 73.57   65.71   77.03   94.81
08:27:41 73.70   67.87   77.11   94.47
08:28:51 73.74   69.27   77.12   94.07
08:30:01 73.82   70.71   77.18   93.60
08:31:12 73.89   71.70   77.19   93.27
08:32:22 73.96   72.43   77.30   92.94
08:33:33 73.97   72.82   77.33   92.56
08:34:43 74.03   73.12   77.29   92.26
08:35:53 74.07   74.05   77.39   91.86
08:37:04 74.12   75.10   77.62   91.46
08:38:14 74.18   75.89   77.75   91.28
08:39:24 74.19   76.40   77.73   91.11
08:40:35 74.25   71.38   77.64   90.90
08:41:45 74.22   60.62   77.37   90.63
08:42:56 74.05   58.23   77.30   90.24
08:44:06 73.89   57.49   77.33   89.88
08:45:16 73.69   56.79   77.28   89.61
08:46:27 73.54   56.38   77.11   89.27
08:47:37 73.41   57.19   76.94   88.96
08:48:48 73.34   65.37   76.79   88.74
08:49:58 73.48   67.59   77.16   88.64
08:51:08 73.54   68.78   77.29   88.44
08:52:19 73.61   70.17   77.12   88.21
08:53:29 73.63   71.17   77.20   88.04
08:54:39 73.64   71.91   77.18   87.79
08:55:50 73.69   72.17   77.36   87.59
08:57:00 73.74   72.67   77.53   87.39
08:58:11 73.75   73.82   77.37   87.28
08:59:21 73.82   75.09   77.42   87.21
09:00:31 73.85   75.93   77.41   87.09
09:01:42 73.95   76.35   77.39   87.00
09:02:52 73.96   76.53   77.53   86.96
09:04:02 74.05   76.66   77.47   86.83
09:05:13 74.07   76.73   77.55   86.70
09:06:23 74.08   76.78   77.55   86.54
09:07:34 74.11   76.83   77.41   86.39
09:08:44 74.13   76.88   77.59   86.33
09:09:54 74.16   76.89   77.37   86.24
09:11:05 74.19   76.89   77.49   86.26
09:12:15 74.19   76.90   77.47   86.19
09:13:26 74.19   76.96   77.23   86.11
09:14:36 74.20   76.95   77.32   86.11
09:15:46 74.19   77.00   77.30   86.07
09:16:57 74.29   77.00   77.49   86.00
09:18:07 74.29   77.01   77.47   85.91
09:19:17 74.30   77.00   77.46   85.81
09:20:28 74.30   77.00   77.37   85.76
09:21:38 74.30   77.03   77.65   85.66
09:22:49 74.33   77.04   77.56   85.54
09:23:59 74.33   77.05   77.45   85.50
09:25:09 74.33   77.11   77.26   85.51
09:26:20 74.35   77.10   77.25   85.43
09:27:30 74.35   77.10   77.44   85.24
09:28:41 74.36   77.11   77.47   85.20
09:29:51 74.37   77.11   77.62   85.20
09:31:01 74.33   77.11   77.44   85.08
09:32:12 74.36   77.13   77.42   84.99
09:33:22 74.36   77.13   77.55   84.99
09:34:32 74.38   77.13   77.33   84.91
09:35:43 74.38   77.11   77.65   84.90
09:36:53 74.34   77.11   77.44   84.77
09:38:04 74.40   77.11   77.52   84.84
09:39:14 74.41   77.11   77.49   84.72
09:40:24 74.41   77.12   77.38   84.65
09:41:35 74.41   77.19   77.70   84.71
09:42:45 74.42   77.22   77.58   84.76
09:43:55 74.42   77.24   77.71   84.68
09:45:06 74.43   77.27   77.51   84.65
09:46:16 74.46   77.31   77.53   84.67
09:47:27 74.46   77.11   77.51   84.64
09:48:37 74.49   77.04   77.70   84.55
09:49:47 74.49   77.11   77.54   84.43
09:50:58 74.43   77.11   77.65   84.35
09:52:08 74.41   77.13   77.73   84.31
09:53:19 74.43   77.17   77.62   84.31
09:54:29 74.42   77.21   77.67   84.31
09:55:39 74.45   77.20   77.72   84.28
09:56:50 74.45   77.22   77.54   84.21
09:58:00 74.46   77.24   77.58   84.28
09:59:10 74.43   77.32   77.53   84.28
10:00:21 74.43   77.34   77.67   84.24
10:01:31 74.44   77.34   77.72   84.33
10:02:42 74.48   77.35   77.79   84.41
10:03:52 74.45   77.34   77.77   84.42
10:05:02 74.46   77.34   77.61   84.33
10:06:13 74.50   77.34   77.73   84.22
10:07:23 74.51   77.35   77.71   84.25
10:08:34 74.49   77.34   77.71   84.21
10:09:44 74.51   77.34   77.74   84.20
10:10:54 74.50   77.34   77.82   84.16
10:12:05 74.52   77.34   77.83   84.24
10:13:15 74.51   77.35   77.91   84.09
10:14:25 74.53   77.35   77.96   84.05
10:15:36 74.53   77.34   77.75   83.98
10:16:46 74.51   77.34   77.74   83.97
10:17:57 74.51   77.34   77.62   83.94
10:19:07 74.52   77.34   77.69   83.99
10:20:17 74.53   77.34   77.72   84.09
10:21:28 74.50   77.34   77.75   84.09
10:22:38 74.51   77.34   77.78   84.09
10:23:49 74.52   77.36   77.92   84.09
10:24:59 74.52   77.38   77.86   84.07
10:26:09 74.53   77.41   77.76   83.97
10:27:20 74.53   77.36   77.79   83.97
10:28:30 74.53   77.40   77.76   83.97
10:29:40 74.53   77.41   77.77   83.97
10:30:51 74.53   77.41   77.86   83.96
10:32:01 74.53   77.44   77.96   83.86
10:33:12 74.53   77.45   77.86   83.87
10:34:22 74.53   77.45   77.64   83.95
10:35:32 74.53   77.45   77.84   83.96
10:36:43 74.53   77.44   77.73   83.83
10:37:53 74.55   77.45   77.74   83.77
10:39:04 74.55   77.45   77.83   83.83
10:40:14 74.59   77.45   77.86   83.86
10:41:24 74.58   77.47   78.02   83.88
10:42:35 74.62   77.47   78.07   83.86
10:43:45 74.55   77.46   78.05   83.85
10:44:55 74.57   77.46   77.88   83.86
10:46:06 74.59   77.46   77.76   83.86
10:47:16 74.58   77.45   77.82   83.86
10:48:27 74.55   77.45   77.89   83.86
10:49:37 74.53   77.46   77.82   83.89
10:50:47 74.53   77.45   77.92   83.92
10:51:58 74.56   77.46   77.88   83.92
10:53:08 74.54   77.46   77.96   83.90
10:54:18 74.53   77.46   77.86   83.86
10:55:29 74.53   77.45   78.02   83.86
10:56:39 74.53   77.46   77.92   83.89
10:57:50 74.53   77.45   78.04   83.88
10:59:00 74.53   77.45   77.98   83.86
11:00:10 74.53   77.45   77.88   83.76
11:01:21 74.53   77.45   77.79   83.71
11:02:31 74.53   77.46   77.68   83.69
11:03:42 74.53   77.46   77.96   83.75
11:04:52 74.53   77.45   77.92   83.74
11:06:02 74.53   77.45   77.91   83.74
11:07:13 74.53   77.45   77.93   83.75
11:08:23 74.54   77.46   77.72   83.77
11:09:33 74.54   77.46   77.62   83.86
11:10:44 74.54   77.47   77.82   83.86
11:11:54 74.53   77.46   77.84   83.86
11:13:05 74.53   77.45   77.79   83.94
11:14:15 74.54   77.46   77.90   83.92
11:15:25 74.53   77.46   77.89   83.94
11:16:36 74.53   77.46   78.09   83.86
11:17:46 74.55   77.47   78.08   83.86
11:18:56 74.56   77.47   77.79   83.75
11:20:07 74.54   77.51   77.82   83.67
11:21:17 74.55   77.51   78.02   83.64
11:22:28 74.60   77.48   77.97   83.72
11:23:38 74.62   77.52   77.98   83.73
11:24:48 74.59   77.52   78.06   83.82
11:25:59 74.60   77.51   77.91   83.85
11:27:09 74.64   77.54   77.98   83.86
11:28:20 74.64   77.56   78.09   83.86
11:29:30 74.63   77.56   77.89   83.86
11:30:40 74.64   77.56   78.04   83.86
11:31:51 74.64   77.56   77.97   83.79
11:33:01 74.64   77.56   78.05   83.75
11:34:11 74.64   77.56   78.10   83.82
11:35:22 74.64   77.56   77.98   83.78
11:36:32 74.64   77.56   77.92   83.82
11:37:43 74.64   77.56   77.93   83.86
11:38:53 74.64   77.56   78.14   83.86
11:40:03 74.64   77.56   78.02   83.87
11:41:14 74.64   77.56   78.24   83.91
11:42:24 74.63   77.56   78.04   83.80
11:43:35 74.63   77.56   78.02   83.75
11:44:45 74.64   77.56   78.12   83.75
11:45:55 74.64   77.56   78.11   83.69
11:47:06 74.64   77.56   78.05   83.65
11:48:16 74.64   77.56   77.84   83.67
11:49:26 74.64   77.56   78.04   83.64
11:50:37 74.64   77.56   78.15   83.75
11:51:47 74.64   77.56   78.02   83.86
11:52:58 74.65   77.56   78.24   83.86
11:54:08 74.64   77.57   78.14   83.86
11:55:18 74.65   77.57   78.11   83.76
11:56:29 74.67   77.56   78.09   83.64
11:57:39 74.65   77.58   78.15   83.65
11:58:49 74.67   77.59   78.13   83.64
12:00:00 74.73   77.60   78.13   83.64
12:01:10 74.73   77.62   78.17   83.68
12:02:21 74.69   77.58   78.22   83.79
12:03:31 74.68   77.60   78.08   83.84
12:04:41 74.64   77.57   78.03   83.81
12:05:52 74.64   77.60   78.13   83.83
12:07:02 74.64   77.61   78.10   83.86
12:08:13 74.64   77.58   78.09   83.85
12:09:23 74.65   77.57   78.06   83.75
12:10:33 74.64   77.58   78.07   83.71
12:11:44 74.64   77.59   78.04   83.67
12:12:54 74.64   77.60   77.94   83.75
12:14:04 74.65   77.57   78.08   83.74
12:15:15 74.64   77.59   78.16   83.73
12:16:25 74.64   77.58   78.04   83.75
12:17:36 74.65   77.59   78.02   83.73
12:18:46 74.64   77.59   78.06   83.64
12:19:56 74.64   77.60   78.22   83.64
12:21:07 74.64   77.57   78.11   83.71
12:22:17 74.64   77.58   78.02   83.75
12:23:27 74.64   77.57   78.14   83.75
12:24:38 74.64   77.56   78.27   83.75
12:25:48 74.64   77.60   78.09   83.77
12:26:59 74.64   77.57   78.09   83.87
12:28:09 74.64   77.60   78.06   83.87
12:29:19 74.64   77.57   78.07   83.97
12:30:30 74.64   77.60   78.20   83.92
12:31:40 74.64   77.60   78.30   83.86
12:32:51 74.64   77.58   78.14   83.92
12:34:01 74.64   77.58   78.35   83.96
12:35:11 74.64   77.58   78.18   83.82
12:36:22 74.64   77.56   78.09   83.75
12:37:32 74.64   77.56   78.02   83.71
12:38:42 74.64   77.57   78.18   83.68
12:39:53 74.64   77.58   78.34   83.64
12:41:03 74.64   77.58   78.24   83.68
12:42:14 74.64   77.60   78.11   83.66
12:43:24 74.64   77.58   78.11   83.68
12:44:34 74.64   77.62   78.03   83.75
12:45:45 74.65   77.58   78.07   83.77
12:46:55 74.64   77.61   78.01   83.86
12:48:05 74.64   77.61   78.01   83.75
12:49:16 74.64   77.62   78.03   83.65
12:50:26 74.65   77.63   78.07   83.74
12:51:37 74.67   77.63   78.32   83.75
12:52:47 74.68   77.61   78.40   83.75
12:53:57 74.66   77.61   78.31   83.72
12:55:08 74.72   77.64   78.34   83.71
12:56:18 74.73   77.65   78.13   83.64
12:57:29 74.74   77.66   78.02   83.64
12:58:39 74.67   77.66   78.15   83.64
12:59:49 74.71   77.66   78.37   83.65
13:01:00 74.69   77.64   78.28   83.70
13:02:10 74.71   77.67   78.23   83.78
13:03:20 74.73   77.66   78.54   83.76
13:04:31 74.74   77.67   78.15   83.71
13:05:41 74.74   77.67   78.26   83.75
13:06:52 74.75   77.67   78.21   83.67
13:08:02 74.74   77.67   78.41   83.64
13:09:12 74.72   77.67   78.20   83.68
13:10:23 74.73   77.66   78.29   83.75
13:11:33 74.72   77.65   78.21   83.78
13:12:43 74.70   77.64   78.24   83.83
13:13:54 74.71   77.65   78.28   83.84
13:15:04 74.69   77.65   78.22   83.86
13:16:15 74.72   77.60   78.32   83.74
13:17:25 74.72   77.62   78.22   83.68
13:18:35 74.71   77.64   78.30   83.70
13:19:46 74.68   77.64   78.33   83.74
13:20:56 74.65   77.59   78.37   83.75
13:22:06 74.64   77.63   78.30   83.87
13:23:17 74.66   77.62   78.41   83.83
13:24:27 74.64   77.58   78.10   83.76
13:25:38 74.66   77.59   78.22   83.73
13:26:48 74.66   77.60   78.13   83.64
13:27:58 74.68   77.62   78.15   83.73
13:29:09 74.70   77.62   78.24   83.75
13:30:19 74.68   77.61   78.18   83.75
13:31:29 74.71   77.63   78.41   83.75
13:32:40 74.73   77.64   78.44   83.77
13:33:50 74.75   77.64   78.23   83.85
13:35:01 74.75   77.66   78.32   83.76
13:36:11 74.75   77.67   78.52   83.65
13:37:21 74.73   77.67   78.58   83.62
13:38:32 74.75   77.67   78.31   83.59
13:39:42 74.74   77.67   78.11   83.64
13:40:53 74.75   77.66   78.20   83.64
13:42:03 74.73   77.67   78.30   83.64
13:43:13 74.74   77.67   78.35   83.64
13:44:24 74.74   77.67   78.32   83.62
13:45:34 74.75   77.67   78.34   83.72
13:46:44 74.74   77.67   78.31   83.75
13:47:55 74.73   77.67   78.48   83.72
13:49:05 74.72   77.66   78.36   83.64
13:50:16 74.71   77.67   78.65   83.70
13:51:26 74.73   77.66   78.47   83.75
13:52:36 74.67   77.67   78.42   83.75
13:53:47 74.64   77.62   78.18   83.85
13:54:57 74.73   77.65   78.29   83.76
13:56:07 74.72   77.67   78.14   83.64
13:57:18 74.73   77.67   78.42   83.71
13:58:28 74.75   77.67   78.46   83.73
13:59:39 74.73   77.67   78.33   83.65
14:00:49 74.72   77.67   78.50   83.62
14:01:59 74.74   77.67   78.56   83.66
14:03:10 74.75   77.67   78.51   83.79
14:04:20 74.75   77.67   78.50   83.83
14:05:30 74.74   77.67   78.44   83.87
14:06:41 74.74   77.67   78.51   83.88
14:07:51 74.75   77.67   78.34   83.92
14:09:02 74.74   77.67   78.56   83.89
14:10:12 74.74   77.67   78.56   83.97
14:11:22 74.75   77.67   78.38   83.97
14:12:33 74.75   77.67   78.39   83.91
14:13:43 74.75   77.67   78.38   83.81
14:14:53 74.75   77.67   78.42   83.75
14:16:04 74.75   77.67   78.40   83.75
14:17:14 74.75   77.67   78.42   83.81
14:18:25 74.75   77.67   78.38   83.75
14:19:35 74.75   77.67   78.59   83.72
14:20:45 74.75   77.67   78.46   83.62
14:21:56 74.75   77.67   78.52   83.55
14:23:06 74.75   77.67   78.52   83.53
14:24:16 74.75   77.67   78.54   83.62
14:25:27 74.74   77.67   78.34   83.75
14:26:37 74.75   77.67   78.31   90.24
14:27:48 74.76   77.67   78.38   104.60
14:28:58 74.75   77.67   78.39   106.77
14:30:08 74.75   77.67   78.43   106.22
14:31:19 74.79   77.71   78.60   105.23
14:32:29 74.86   77.77   78.79   104.12
14:33:39 74.88   77.79   78.69   103.04
14:34:50 74.93   77.81   78.83   102.08
14:36:00 74.96   77.88   78.89   101.17
14:37:11 74.97   77.89   78.55   100.23
14:38:21 74.97   77.90   78.74   99.33
14:39:31 74.99   77.90   78.58   98.62
14:40:42 75.03   77.91   78.53   97.99
14:41:52 75.08   77.92   78.49   97.35
14:43:03 75.09   77.98   78.59   96.83
14:44:13 75.08   78.00   78.77   96.27
14:45:23 75.10   78.01   78.65   95.78
14:46:34 75.12   78.01   78.84   95.31
14:47:44 75.13   78.01   78.92   94.90
14:48:54 75.17   78.02   78.90   94.51
14:50:05 75.20   78.02   78.73   94.12
14:51:15 75.21   78.07   78.77   93.75
14:52:26 75.23   78.12   78.74   93.46
14:53:36 75.24   78.13   78.70   93.12
14:54:46 75.26   78.13   78.81   92.74
14:55:57 75.31   78.13   78.90   92.46
14:57:07 75.31   78.13   78.75   92.14
14:58:18 75.31   78.13   78.79   91.75
14:59:28 75.31   78.15   79.04   91.40
15:00:38 75.31   78.17   78.81   91.19
15:01:49 75.32   78.21   78.83   90.94
15:02:59 75.32   78.21   79.04   90.70
15:04:09 75.32   78.22   79.00   90.49
15:05:20 75.32   78.23   78.93   90.24
15:06:30 75.35   78.23   78.97   90.07
15:07:41 75.36   78.23   78.94   89.75
15:08:51 75.39   78.24   79.13   89.58
15:10:01 75.42   78.24   79.01   89.51
15:11:12 75.42   78.25   78.94   89.35
15:12:22 75.42   78.26   79.08   89.13
15:13:32 75.43   78.26   79.13   88.98
15:14:43 75.44   78.28   79.04   88.82
15:15:53 75.42   78.28   79.06   88.72
15:17:04 75.44   78.32   79.28   88.69
15:18:14 75.42   78.34   79.20   88.51
15:19:24 75.45   78.35   79.04   88.34
15:20:35 75.45   78.34   79.04   88.25
15:21:45 75.50   78.35   79.16   88.16
15:22:56 75.47   78.35   79.19   88.08
15:24:06 75.48   78.34   79.01   88.00
15:25:16 75.51   78.35   78.92   87.88
15:26:27 75.54   78.35   78.93   87.73
15:27:37 75.54   78.37   79.03   87.64
15:28:47 75.54   78.37   79.18   87.56
15:29:58 75.54   78.42   79.22   87.46
15:31:08 75.58   78.43   78.99   87.30
15:32:19 75.64   78.46   79.09   87.16
15:33:29 75.63   78.46   79.23   87.03
15:34:39 75.57   78.46   79.35   87.01
15:35:50 75.63   78.46   79.43   86.95
15:37:00 75.64   78.46   79.06   86.90
15:38:10 75.64   78.46   79.11   86.82
15:39:21 75.64   78.46   79.05   86.85
15:40:31 75.65   78.46   79.06   86.65
15:41:42 75.65   78.47   79.22   86.50
15:42:52 75.65   78.49   79.32   86.48
15:44:02 75.65   78.47   79.35   86.47
15:45:13 75.66   78.50   79.36   86.39
15:46:23 75.66   78.50   79.40   86.34
15:47:34 75.69   78.54   79.34   86.27
15:48:44 75.71   78.58   79.49   86.22
15:49:54 75.75   78.58   79.46   86.22
15:51:05 75.76   78.58   79.43   86.20
15:52:15 75.76   78.58   79.50   86.16
15:53:25 75.76   78.58   79.58   86.10
15:54:36 75.76   78.59   79.45   86.11
15:55:46 75.77   78.58   79.32   86.10
15:56:57 75.78   78.63   79.46   86.08
15:58:07 75.80   78.61   79.42   86.03
15:59:17 75.82   78.64   79.40   85.89
16:00:28 75.85   78.69   79.51   85.90
16:01:38 75.82   78.69   79.34   85.90
16:02:49 75.82   78.69   79.35   85.82
16:03:59 75.87   78.69   79.50   85.74
16:05:09 75.87   78.65   79.51   85.78
16:06:20 75.86   71.01   79.67   85.75
16:07:30 75.72   64.25   79.55   85.61
16:08:40 75.54   61.95   79.18   85.40
16:09:51 75.32   59.79   79.09   85.26
16:11:01 75.12   58.02   78.79   85.09
16:12:12 75.00   61.08   79.09   85.01
16:13:22 74.95   68.28   79.13   84.94
16:14:32 75.05   70.66   79.56   84.89
16:15:43 75.09   72.54   79.31   84.87
16:16:53 75.09   73.38   78.95   84.82
16:18:03 75.09   74.10   79.06   84.77
16:19:14 75.13   74.66   79.14   84.79
16:20:24 75.19   75.26   78.97   84.67
16:21:35 75.20   76.00   79.10   84.60
16:22:45 75.25   76.72   79.02   84.51
16:23:55 75.31   77.45   79.12   84.54
16:25:06 75.31   77.80   79.21   84.54
16:26:16 75.43   77.96   79.43   86.37
16:27:27 75.53   78.10   79.28   101.53
16:28:37 75.53   78.13   79.31   105.10
16:29:47 75.54   78.23   79.04   104.78
16:30:58 75.54   78.24   79.21   106.68
16:32:08 75.56   78.24   79.33   106.32
16:33:18 75.65   78.27   79.19   105.37
16:34:29 75.65   78.33   79.40   104.39
16:35:39 75.69   78.33   79.37   103.33
16:36:50 75.76   72.28   79.38   102.41
16:38:00 75.71   62.23   79.37   101.37
16:39:10 75.52   60.19   79.18   100.29
16:40:21 75.32   58.47   79.09   99.38
16:41:31 75.10   57.52   78.99   98.57
16:42:42 74.91   57.05   79.00   97.87
16:43:52 74.78   62.94   78.97   97.15
16:45:02 74.79   68.11   78.87   96.43
16:46:13 74.87   69.55   78.79   95.92
16:47:23 74.92   71.34   78.87   95.47
16:48:33 74.97   72.47   78.75   94.92
16:49:44 75.00   73.35   78.90   94.39
16:50:54 75.07   74.29   78.71   93.85
16:52:05 75.09   75.26   78.76   93.40
16:53:15 75.12   76.28   78.78   93.03
16:54:25 75.18   77.26   78.75   92.60
16:55:36 75.23   77.78   78.83   92.33
16:56:46 75.30   78.00   78.84   92.13
16:57:56 75.31   78.12   78.84   91.91
16:59:07 75.33   78.13   78.82   91.61
17:00:17 75.41   78.15   78.94   91.30
17:01:28 75.42   73.86   78.94   91.06
17:02:38 75.39   62.38   78.91   90.79
17:03:48 75.29   58.93   78.78   90.45
17:04:59 75.09   57.60   79.09   90.11
17:06:09 74.90   57.18   79.03   89.74
17:07:20 74.72   56.89   78.90   89.37
17:08:30 74.59   56.72   78.72   89.09
17:09:40 74.53   64.33   78.67   88.82
17:10:51 74.54   67.84   78.84   88.60
17:12:01 74.68   68.99   78.99   88.41
17:13:11 74.74   70.29   78.88   88.18
17:14:22 74.74   71.57   78.81   87.97
17:15:32 74.77   72.60   78.80   87.79
17:16:43 74.86   73.60   78.69   87.47
17:17:53 74.86   74.70   78.50   87.30
17:19:03 74.89   75.58   78.70   87.23
17:20:14 74.97   76.60   78.93   87.10
17:21:24 74.99   77.34   78.96   86.96
17:22:35 75.07   77.71   78.79   86.86
17:23:45 75.12   77.86   78.73   86.79
17:24:55 75.19   77.93   79.06   86.78
17:26:06 75.27   78.00   78.97   86.70
17:27:16 75.31   78.01   78.87   86.64
17:28:26 75.31   74.66   78.83   86.58
17:29:37 75.31   62.61   79.03   86.41
17:30:47 75.18   59.84   78.98   86.16
17:31:58 75.01   58.41   78.67   85.98
17:33:08 74.82   57.50   78.96   85.80
17:34:18 74.66   57.01   78.97   85.63
17:35:29 74.48   57.39   78.82   85.39
17:36:39 74.41   65.43   78.57   85.26
17:37:49 74.46   68.21   78.84   85.17
17:39:00 74.60   69.64   79.03   85.05
17:40:10 74.64   71.16   78.83   84.95
17:41:21 74.64   72.21   78.59   84.93
17:42:31 74.68   73.09   78.70   84.81
17:43:41 74.75   73.98   79.01   84.59
17:44:52 74.79   74.82   78.77   84.50
17:46:02 74.86   75.80   78.45   84.53
17:47:13 74.90   76.76   78.67   84.54
17:48:23 74.97   77.34   78.87   84.54
17:49:33 75.06   77.64   78.59   84.53
17:50:44 75.11   77.79   78.45   84.52
17:51:54 75.20   75.10   78.75   84.53
17:53:04 75.20   63.04   78.97   84.53
17:54:15 75.06   59.80   78.66   84.41
17:55:25 74.87   58.42   78.74   84.32
17:56:36 74.68   57.56   78.81   84.24
17:57:46 74.50   56.99   78.72   84.01
17:58:56 74.36   56.65   78.55   83.82
18:00:07 74.25   59.57   78.68   83.78
18:01:17 74.22   66.85   78.54   83.58
18:02:28 74.37   68.39   78.73   83.53
18:03:38 74.44   69.74   78.68   83.53
18:04:48 74.49   71.12   78.53   83.51
18:05:59 74.54   72.13   78.74   83.56
18:07:09 74.60   72.98   78.78   83.51
18:08:19 74.64   73.86   78.72   83.38
18:09:30 74.64   74.79   78.38   83.37
18:10:40 74.73   75.51   78.34   83.31
18:11:51 74.77   76.34   78.59   83.22
18:13:01 74.86   76.99   78.59   83.13
18:14:11 74.87   77.37   78.58   83.17
18:15:22 74.93   77.55   78.59   83.24
18:16:32 75.01   77.66   78.59   83.26
18:17:42 75.05   71.54   78.51   83.24
18:18:53 75.00   61.63   78.68   83.15
18:20:03 74.86   59.50   78.46   83.00
18:21:14 74.71   58.01   78.48   82.86
18:22:24 74.52   57.26   78.75   82.74
18:23:34 74.42   56.60   78.50   82.69
18:24:45 74.30   60.87   78.37   82.63
18:25:55 74.29   67.33   78.46   82.62
18:27:06 74.36   68.79   78.43   82.56
18:28:16 74.51   70.51   78.49   82.52
18:29:26 74.55   71.81   78.34   82.53
18:30:37 74.58   72.70   78.34   82.52
18:31:47 74.60   73.62   78.60   82.51
18:32:57 74.64   74.42   78.63   82.55
18:34:08 74.67   75.31   78.49   82.51
18:35:18 74.75   76.47   78.53   82.51
18:36:29 74.77   77.07   78.28   82.58
18:37:39 74.86   77.39   78.51   82.69
18:38:49 74.93   77.58   78.64   82.80
18:40:00 74.97   77.67   78.56   82.85
18:41:10 75.03   77.71   78.63   82.81
18:42:20 75.09   77.79   78.56   82.84
18:43:31 75.09   77.79   78.72   82.71
18:44:41 75.15   77.80   78.60   82.63
18:45:52 75.19   76.11   78.65   82.64
18:47:02 75.16   63.68   78.59   82.63
18:48:12 75.04   59.95   78.61   82.63
18:49:23 74.85   58.68   78.52   82.63
18:50:33 74.65   57.52   78.90   82.55
18:51:44 74.46   56.95   78.69   82.42
18:52:54 74.27   56.48   78.51   82.36
18:54:04 74.17   61.89   78.55   82.33
18:55:15 74.19   67.38   78.36   82.22
18:56:25 74.30   68.77   78.55   82.23
18:57:35 74.41   70.29   78.39   82.17
18:58:46 74.42   71.59   78.29   82.23
18:59:56 74.50   72.52   78.19   82.26
19:01:07 74.52   73.38   78.21   82.22
19:02:17 74.55   74.29   78.25   82.28
19:03:27 74.57   75.04   78.30   82.19
19:04:38 74.64   76.00   78.53   82.17
19:05:48 74.72   76.76   78.48   82.16
19:06:58 74.75   77.25   78.44   82.23
19:08:09 74.81   77.47   78.38   82.26
19:09:19 74.86   77.57   78.30   82.18
19:10:30 74.92   77.65   78.29   82.18
19:11:40 74.97   77.67   78.23   82.17
19:12:50 74.99   77.70   78.61   82.23
19:14:01 75.08   77.77   78.55   82.29
19:15:11 75.09   77.79   78.45   82.36
19:16:22 75.10   76.70   78.43   82.29
19:17:32 75.09   63.81   78.41   82.31
19:18:42 75.01   60.11   78.46   82.29
19:19:53 74.80   58.48   78.54   82.27
19:21:03 74.64   57.66   78.62   82.22
19:22:13 74.43   56.98   78.63   82.20
19:23:24 74.30   56.92   78.55   82.17
19:24:34 74.20   64.92   78.44   82.15
19:25:45 74.27   67.98   78.45   82.09
19:26:55 74.39   69.46   78.46   82.06
19:28:05 74.42   71.04   78.58   82.05
19:29:16 74.50   72.11   78.33   82.15
19:30:26 74.53   73.01   78.50   82.08
19:31:36 74.57   73.93   78.52   82.05
19:32:47 74.63   74.89   78.55   82.07
19:33:57 74.78   75.84   78.50   82.15
19:35:08 74.78   76.71   78.55   82.17
19:36:18 74.91   77.28   78.58   82.15
19:37:28 74.97   77.55   78.36   82.11
19:38:39 74.97   77.62   78.36   82.17
19:39:49 75.04   77.69   78.49   82.15
19:41:00 75.09   77.76   78.54   82.15
19:42:10 75.09   77.79   78.37   82.23
19:43:20 75.11   77.79   78.44   82.28
19:44:31 75.12   77.81   78.46   82.19
19:45:41 75.18   77.87   78.41   82.17
19:46:51 75.30   77.90   78.52   82.20
19:48:02 75.34   77.98   78.62   82.27
19:49:12 75.31   78.01   78.69   82.29
19:50:23 75.34   78.01   78.87   82.38
19:51:33 75.32   77.19   78.89   82.42
19:52:43 75.34   63.85   78.91   82.35
19:53:54 75.18   59.65   78.75   82.20
19:55:04 75.07   58.20   78.67   89.18
19:56:15 74.86   57.36   78.51   100.18
19:57:25 74.65   56.92   78.61   100.04
19:58:35 74.43   60.34   78.69   98.35
19:59:46 74.41   67.21   78.70   96.91
20:00:56 74.52   68.73   78.65   95.55
20:02:06 74.56   70.20   78.72   94.47
20:03:17 74.63   71.57   78.60   93.57
20:04:27 74.71   72.62   78.43   94.67
20:05:38 74.72   73.77   78.36   104.01
20:06:48 74.75   74.92   78.51   106.71
20:07:58 74.81   75.99   78.45   107.23
20:09:09 74.89   76.92   78.36   107.54
20:10:19 74.99   77.45   78.37   108.17
20:11:29 75.09   77.71   78.34   108.78
20:12:40 75.16   77.80   78.58   109.12
20:13:50 75.23   77.91   78.54   109.40
20:15:01 75.32   78.01   78.54   109.64
20:16:11 75.41   78.07   78.50   109.73
20:17:21 75.42   78.14   78.43   109.82
20:18:32 75.44   78.15   78.61   109.75
20:19:42 75.52   78.22   78.60   109.68
20:20:53 75.54   78.24   78.73   109.48
20:22:03 75.67   78.32   78.65   108.92
20:23:13 75.98   78.63   78.90   108.25
20:24:24 75.93   72.27   78.83   107.51
20:25:34 75.86   63.92   78.83   106.75
20:26:44 75.72   62.50   78.60   105.95
20:27:55 75.50   60.91   78.33   105.14
20:29:05 75.33   59.89   78.45   104.38
20:30:16 75.25   60.65   78.51   103.64
20:31:26 75.15   68.44   78.59   102.90
20:32:36 75.19   70.60   78.55   102.26
20:33:47 75.21   72.52   78.71   101.70
20:34:57 75.28   73.33   78.67   101.19
20:36:08 75.31   73.93   78.67   100.65
20:37:18 75.31   74.48   78.52   100.00
20:38:28 75.35   74.98   78.36   99.37
20:39:39 75.42   75.63   78.45   98.86
20:40:49 75.44   76.45   78.59   98.36
20:41:59 75.50   77.31   78.67   98.00
20:43:10 75.53   77.93   78.77   97.71
20:44:20 75.54   78.19   78.81   97.36
20:45:31 75.57   78.31   78.84   96.96
20:46:41 75.62   78.38   78.72   96.61
20:47:51 75.65   78.45   78.80   96.36
20:49:02 75.65   78.44   78.97   96.01
20:50:12 75.66   68.19   78.72   95.62
20:51:22 75.59   62.21   78.68   95.28
20:52:33 75.44   60.29   78.56   94.85
20:53:43 75.27   59.16   78.51   94.46
20:54:54 75.12   58.18   78.74   94.08
20:56:04 74.96   57.76   78.75   93.68
20:57:14 74.80   58.80   78.82   93.31
20:58:25 74.76   66.82   78.76   93.03
20:59:35 74.86   69.01   78.52   92.73
21:00:46 74.94   70.35   78.33   92.42
21:01:56 74.98   71.71   78.40   92.15
21:03:06 75.03   72.69   78.34   91.82
21:04:17 75.09   73.41   78.37   91.66
21:05:27 75.13   74.08   78.44   91.49
21:06:37 75.19   74.74   78.60   91.18
21:07:48 75.20   75.46   78.34   90.87
21:08:58 75.26   76.29   78.51   90.62
21:10:09 75.31   77.04   78.54   90.42
21:11:19 75.32   75.67   78.63   90.30
21:12:29 75.37   64.69   78.56   90.10
21:13:40 75.26   62.00   78.27   89.83
21:14:50 75.10   60.79   78.26   89.53
21:16:00 74.91   59.08   78.34   89.28
21:17:11 74.80   58.41   78.66   89.05
21:18:21 74.66   57.67   78.33   88.80
21:19:32 74.54   57.26   78.37   88.66
21:20:42 74.47   63.67   78.02   88.45
21:21:52 74.55   68.19   78.20   88.26
21:23:03 74.68   69.61   78.23   88.07
21:24:13 74.77   70.99   78.22   87.95
21:25:24 74.83   71.05   78.32   87.74
21:26:34 74.86   64.35   78.10   87.43
21:27:44 74.79   60.01   78.18   87.21
21:28:55 74.67   57.99   77.79   87.09
21:30:05 74.53   57.23   78.04   86.95
21:31:15 74.40   56.84   77.87   86.82
21:32:26 74.31   56.79   77.96   86.61
21:33:36 74.25   56.67   77.88   86.52
21:34:47 74.19   56.49   77.87   86.31
21:35:57 74.08   56.34   77.84   86.07
21:37:07 74.08   56.09   77.99   85.97
21:38:18 74.02   55.95   77.90   85.86
21:39:28 73.96   55.88   77.56   85.62
21:40:38 73.93   55.89   77.87   85.38
21:41:49 73.90   55.85   78.09   85.27
21:42:59 73.85   55.82   77.64   85.11
21:44:10 73.82   55.69   77.60   84.98
21:45:20 73.78   55.66   77.55   84.89
21:46:30 73.75   55.60   77.61   84.71
21:47:41 73.73   55.56   77.41   84.55
21:48:51 73.68   55.44   77.87   84.33
21:50:02 73.76   55.39   77.69   84.23
21:51:12 73.74   55.39   77.48   84.17
21:52:22 73.65   55.10   77.61   84.04
21:53:33 73.56   55.21   77.46   83.88
21:54:43 73.55   55.07   77.26   83.76
21:55:53 73.62   55.03   77.12   83.75
21:57:04 73.61   55.02   77.16   83.65
21:58:14 73.52   54.84   77.54   83.53
21:59:25 73.40   54.55   77.56   83.34
22:00:35 73.34   54.58   77.44   83.24
22:01:45 73.35   54.61   77.12   83.19
22:02:56 73.29   54.48   77.31   83.09
22:04:06 73.30   54.43   77.24   82.84
22:05:17 73.17   54.19   77.33   82.71
22:06:27 73.17   54.09   77.41   82.53
22:07:37 73.15   54.23   77.15   82.51
22:08:48 73.11   54.19   77.19   82.42
22:09:58 73.11   54.08   77.43   82.37
22:11:08 73.08   54.11   77.43   82.29
22:12:19 73.07   53.84   77.03   82.29
22:13:29 73.06   53.81   77.01   82.20
22:14:40 73.06   53.94   77.25   82.10
22:15:50 73.05   53.79   77.13   81.99
22:17:00 73.07   53.77   77.16   86.87
22:18:11 73.08   53.84   77.17   103.56
22:19:21 73.15   53.83   76.96   106.65
22:20:31 73.04   53.71   76.92   107.60
22:21:42 72.96   53.84   76.82   109.38
22:22:52 72.89   53.86   76.92   109.87
22:24:03 72.87   53.61   76.55   109.47
22:25:13 72.93   53.62   76.70   108.60
22:26:23 72.82   53.66   76.71   107.58
22:27:34 72.76   53.23   76.85   106.50
22:28:44 72.72   53.32   76.93   105.41
22:29:55 72.63   53.29   76.99   104.31
22:31:05 72.57   52.84   77.02   103.28
22:32:15 72.50   53.14   76.84   102.33
22:33:26 72.48   53.04   76.72   101.44
22:34:36 72.43   53.13   76.65   100.54
22:35:46 72.39   52.63   76.76   99.68
22:36:57 72.39   52.80   76.68   98.95
22:38:07 72.33   52.70   76.62   98.14
22:39:18 72.28   52.58   76.47   97.41
22:40:28 72.28   52.46   76.49   96.76
22:41:38 72.24   52.39   76.68   96.09
22:42:49 72.20   52.20   76.56   95.49
22:43:59 72.16   52.30   76.61   94.88
22:45:10 72.12   52.37   76.70   94.34
22:46:20 72.08   52.27   76.64   93.77
22:47:30 72.07   51.91   76.37   93.19
22:48:41 72.05   52.01   76.49   92.66
22:49:51 72.02   52.15   76.50   92.14
22:51:01 71.98   51.90   76.35   91.65
22:52:12 71.94   51.91   76.39   91.14
22:53:22 71.94   51.64   76.08   90.71
22:54:33 71.94   51.78   76.36   90.26
22:55:43 71.94   51.55   76.21   89.94
22:56:53 71.89   51.65   76.22   89.59
22:58:04 71.90   51.33   76.37   89.20
22:59:14 71.86   51.47   76.11   88.78
23:00:24 71.83   51.25   76.03   88.41
23:01:35 71.83   51.15   76.27   88.02
23:02:45 71.73   51.37   76.08   87.80
23:03:56 71.71   51.09   76.39   87.44
23:05:06 71.70   51.04   76.22   87.02
23:06:16 71.68   50.98   76.07   86.68
23:07:27 71.64   51.07   76.13   86.44
23:08:37 71.61   51.02   76.14   86.18
23:09:48 71.58   50.88   76.20   85.89
23:10:58 71.49   50.69   75.94   85.62
23:12:08 71.49   50.72   76.02   85.39
23:13:19 71.49   50.68   76.21   85.13
23:14:29 71.49   50.60   75.81   84.88
23:15:39 71.49   50.77   75.98   84.66
23:16:50 71.49   50.40   76.00   84.48
23:18:00 71.44   50.49   76.01   84.17
23:19:11 71.39   50.28   76.12   83.88
23:20:21 71.38   50.41   75.90   83.80
23:21:31 71.38   50.38   75.72   83.57
23:22:42 71.46   50.20   75.80   83.31
23:23:52 71.44   50.04   75.88   83.15
23:25:03 71.38   50.02   75.54   88.13
23:26:13 71.34   50.22   75.65   101.78
23:27:23 71.26   50.24   75.66   105.29
23:28:34 71.23   50.09   75.68   105.06
23:29:44 71.20   50.14   75.65   104.08
23:30:54 71.16   50.01   75.68   102.94
23:32:05 71.13   49.84   75.46   101.77
23:33:15 71.08   49.94   75.41   100.70
23:34:26 71.06   50.02   75.28   99.74
23:35:36 71.04   49.94   75.45   98.70
23:36:46 70.99   49.78   75.43   97.84
23:37:57 70.94   49.79   75.43   96.97
23:39:07 70.91   49.79   75.45   96.15
23:40:17 70.92   49.84   75.50   95.40
23:41:28 70.85   49.65   75.46   94.63
23:42:38 70.82   49.67   75.57   93.98
23:43:49 70.81   49.59   75.25   93.34
23:44:59 70.81   49.63   75.27   92.72
23:46:09 70.74   49.56   75.29   92.15
23:47:20 70.70   49.56   75.34   91.61
23:48:30 70.68   49.58   75.30   91.09
23:49:41 70.63   49.62   75.20   90.59
23:50:51 70.59   49.37   75.17   90.06
23:52:01 70.59   49.57   75.19   89.53
23:53:12 70.54   49.31   75.33   89.06
23:54:22 70.54   49.42   75.15   88.61
23:55:32 70.54   49.29   75.08   88.26
23:56:43 70.48   49.18   75.17   87.86
23:57:53 70.50   49.15   75.09   87.49
23:59:04 70.47   49.13   75.10   87.15
