00:00:52 72.73   75.12   76.16   85.11
00:02:03 72.72   75.09   76.11   84.99
00:02:10 72.80   75.17   76.33   84.86
00:03:21 72.78   75.20   76.20   84.69
00:04:32 72.82   75.22   76.33   84.58
00:05:43 72.81   75.21   76.30   84.51
00:06:55 72.83   75.21   76.37   84.37
00:08:05 72.83   75.22   76.40   84.25
00:09:16 72.84   75.28   76.34   84.19
00:10:28 72.84   75.31   76.51   84.06
00:11:38 72.84   75.31   76.70   83.93
00:12:49 72.88   75.31   76.43   83.80
00:14:01 72.92   75.32   76.43   83.76
00:15:12 72.95   75.39   76.44   83.73
00:16:22 72.95   75.41   76.61   83.59
00:17:34 72.95   75.42   76.71   83.39
00:18:45 72.98   75.42   76.54   83.28
00:19:55 73.00   75.43   76.60   83.22
00:21:07 73.04   75.43   76.45   83.28
00:22:18 73.06   75.50   76.31   83.30
00:23:28 73.06   75.54   76.84   83.20
00:24:40 73.06   75.54   76.77   83.13
00:25:51 73.06   75.54   76.68   83.01
00:27:01 73.07   75.54   76.74   82.96
00:28:13 73.07   75.54   76.85   82.86
00:29:24 73.06   75.54   76.85   82.86
00:30:34 73.06   75.55   76.97   82.80
00:31:46 73.07   75.55   76.88   82.75
00:32:57 73.09   75.62   76.73   82.68
00:34:07 73.11   75.64   76.71   82.62
00:35:19 73.07   75.64   76.56   82.64
00:36:30 73.10   75.65   76.94   82.63
00:37:40 73.12   75.65   76.91   82.57
00:38:52 73.12   75.65   76.71   82.49
00:40:03 73.13   75.65   76.78   82.42
00:41:13 73.17   75.65   76.81   82.34
00:42:25 73.17   75.66   76.73   82.28
00:43:36 73.17   75.65   76.84   82.29
00:44:46 73.17   75.65   76.89   82.20
00:45:57 73.20   75.66   76.96   82.12
00:47:09 73.17   75.68   76.89   82.11
00:48:19 73.18   75.73   76.78   82.16
00:49:30 73.18   75.73   76.95   82.09
00:50:42 73.20   75.76   77.10   82.06
00:51:52 73.23   75.76   77.09   82.06
00:53:04 73.21   75.76   77.14   82.14
00:54:15 73.22   75.76   77.10   82.10
00:55:25 73.29   75.76   77.06   82.00
00:56:37 73.29   75.76   77.04   81.96
00:57:48 73.29   75.77   76.88   81.96
00:58:58 73.32   75.82   76.95   82.03
01:00:10 73.36   75.86   77.04   82.06
01:01:21 73.37   75.87   77.05   81.95
01:02:31 73.39   75.87   77.02   81.90
01:03:43 73.39   75.88   76.88   81.84
01:04:54 73.40   75.88   76.98   81.84
01:06:04 73.40   75.88   76.97   81.84
01:07:16 73.37   75.88   77.21   81.86
01:08:27 73.40   75.90   77.31   81.91
01:09:38 73.40   75.89   77.25   81.85
01:10:49 73.40   75.93   77.29   81.89
01:12:00 73.40   75.94   76.97   81.81
01:13:11 73.40   75.96   76.92   81.81
01:14:22 73.40   75.98   77.12   81.77
01:15:33 73.40   75.99   77.14   81.85
01:16:44 73.41   75.99   77.39   81.84
01:17:55 73.43   75.99   77.37   81.90
01:19:06 73.44   75.99   77.22   81.88
01:20:17 73.50   76.00   77.37   81.84
01:21:28 73.50   76.04   77.35   81.82
01:22:39 73.51   76.09   77.33   81.83
01:23:50 73.51   76.10   77.20   81.74
01:25:01 73.51   76.10   77.22   81.72
01:26:12 73.51   76.10   77.26   81.65
01:27:23 73.53   76.16   77.38   81.72
01:28:34 73.57   76.18   77.17   81.82
01:29:45 73.61   76.21   77.33   81.81
01:30:56 73.61   76.13   77.35   81.82
01:32:07 73.63   76.10   77.40   81.72
01:33:18 73.63   76.15   77.47   81.72
01:34:29 73.62   76.20   77.44   81.72
01:35:39 73.62   76.21   77.61   81.70
01:36:51 73.63   76.21   77.47   81.67
01:38:02 73.63   76.21   77.47   81.63
01:39:13 73.63   76.21   77.60   81.72
01:40:24 73.63   76.21   77.69   81.74
01:41:35 73.64   76.22   77.55   81.63
01:42:46 73.63   76.27   77.42   81.61
01:43:57 73.66   76.32   77.42   81.61
01:45:08 73.66   76.31   77.35   81.61
01:46:19 73.65   76.30   77.26   81.62
01:47:30 73.66   76.31   77.41   81.61
01:48:41 73.73   76.33   77.65   81.67
01:49:52 73.69   76.33   77.89   81.72
01:51:03 73.73   76.33   77.78   81.76
01:52:14 73.74   76.35   77.62   81.83
01:53:25 73.74   76.39   77.55   81.79
01:54:36 73.74   76.43   77.63   81.82
01:55:47 73.74   76.44   77.66   81.84
01:56:58 73.74   76.44   77.69   81.79
01:58:09 73.74   76.50   77.88   81.84
01:59:20 73.74   76.56   77.91   81.85
02:00:31 73.74   76.58   77.76   81.88
02:01:42 73.75   76.66   77.71   81.84
02:01:50 73.75   76.67   77.87   81.87
02:03:01 73.83   76.76   77.61   81.93
02:04:12 73.78   76.78   77.75   81.83
02:05:23 73.82   76.78   77.66   81.84
02:06:34 73.85   76.78   77.76   81.84
02:07:45 73.84   76.74   77.75   81.91
02:08:56 73.85   76.73   77.69   81.84
02:10:07 73.85   76.76   77.65   81.84
02:11:18 73.85   76.77   77.70   81.83
02:12:29 73.85   76.78   77.77   81.87
02:13:40 73.86   76.80   77.68   81.88
02:14:51 73.85   76.84   77.47   81.95
02:16:02 73.86   76.89   77.85   81.94
02:17:13 73.85   76.89   77.95   81.95
02:18:24 73.86   76.89   77.80   81.95
02:19:35 73.87   76.89   77.75   81.95
02:20:46 73.86   76.89   77.75   81.97
02:21:57 73.86   76.89   77.66   81.95
02:23:08 73.87   76.90   77.62   81.91
02:24:19 73.92   76.90   77.80   81.85
02:25:30 73.93   76.90   77.95   81.84
02:26:41 73.96   76.96   77.78   81.85
02:27:52 73.96   76.99   77.70   81.93
02:29:03 73.96   76.97   77.70   82.06
02:30:14 73.97   76.99   77.74   82.10
02:31:25 73.96   77.00   77.86   82.10
02:32:36 73.97   77.00   78.15   82.11
02:33:47 73.99   77.00   77.67   82.04
02:34:58 73.97   77.00   77.83   82.05
02:36:09 74.00   77.00   77.98   82.13
02:37:20 73.96   77.01   78.11   82.16
02:38:31 74.00   77.05   77.86   82.17
02:39:42 73.99   77.02   77.80   82.15
02:40:53 73.96   77.02   77.78   82.05
02:42:04 73.96   77.02   77.85   81.97
02:43:15 73.99   77.03   78.01   82.06
02:44:26 74.04   77.06   77.97   82.01
02:45:37 74.03   77.08   77.90   82.06
02:46:48 74.04   77.07   77.84   82.08
02:47:59 74.05   77.08   77.87   82.06
02:49:11 74.08   77.11   77.99   82.07
02:50:21 74.05   77.10   77.93   82.17
02:51:32 74.08   77.11   77.95   82.15
02:52:44 74.07   77.11   78.06   82.12
02:53:54 74.08   77.11   77.98   82.16
02:55:05 74.08   77.11   78.01   82.17
02:56:17 74.08   77.12   77.91   82.15
02:57:27 74.08   77.11   77.96   82.11
02:58:39 74.08   77.12   77.99   82.17
02:59:50 74.08   77.11   78.10   82.17
03:01:00 74.11   77.13   77.95   82.19
03:02:11 74.08   77.12   77.82   82.17
03:03:22 74.10   77.16   77.86   82.15
03:04:33 74.16   77.21   77.95   82.17
03:05:44 74.19   77.22   77.97   82.17
03:06:54 74.19   77.22   77.79   82.08
03:08:05 74.19   77.22   78.05   82.07
03:09:16 74.19   77.22   78.10   82.10
03:10:27 74.19   77.24   78.07   82.25
03:11:38 74.19   77.23   77.93   82.28
03:12:49 74.22   77.24   77.78   82.21
03:14:00 74.24   77.27   77.99   82.17
03:15:11 74.24   77.25   78.22   82.17
03:16:22 74.19   77.25   78.21   82.17
03:17:33 74.20   77.26   78.04   82.17
03:18:44 74.19   77.29   78.13   82.18
03:19:55 74.20   77.28   77.99   82.17
03:21:06 74.22   77.26   78.02   82.12
03:22:17 74.22   77.28   78.20   82.10
03:23:28 74.28   77.28   78.24   82.17
03:24:39 74.30   77.33   78.07   82.18
03:25:50 74.30   77.33   78.04   82.28
03:27:01 74.30   77.33   77.94   82.36
03:28:12 74.30   77.34   78.02   82.30
03:29:23 74.30   77.34   78.05   82.39
03:30:34 74.30   77.34   78.17   82.40
03:31:45 74.34   77.34   78.19   82.38
03:32:56 74.36   77.34   78.32   82.48
03:34:07 74.37   77.38   78.17   82.45
03:35:18 74.38   77.35   78.25   82.38
03:36:29 74.38   77.40   78.18   82.40
03:37:40 74.39   77.40   78.34   82.43
03:38:51 74.40   77.41   78.33   82.51
03:40:02 74.40   77.42   78.24   82.51
03:41:14 74.41   77.42   78.28   82.51
03:42:24 74.40   77.44   78.41   82.47
03:43:35 74.41   77.45   78.18   82.50
03:44:47 74.40   77.45   78.19   82.51
03:45:57 74.36   77.45   78.31   82.51
03:47:08 74.40   77.32   78.13   82.52
03:48:20 74.38   67.86   78.08   82.55
03:49:30 74.28   62.01   78.14   82.42
03:50:41 74.13   59.35   78.24   82.33
03:51:53 73.93   57.78   78.19   82.28
03:53:03 73.76   57.28   78.33   82.28
03:54:14 73.59   61.53   78.22   82.19
03:55:26 73.51   67.44   78.20   82.16
03:56:37 73.56   68.91   78.19   82.06
03:57:47 73.65   70.85   78.23   82.04
03:58:59 73.68   72.01   78.29   82.06
04:00:10 73.74   72.75   78.25   81.99
04:00:18 73.74   73.51   78.37   81.93
04:01:30 73.74   74.32   78.12   81.93
04:02:41 73.79   75.18   77.97   81.86
04:03:51 73.81   76.08   78.31   81.89
04:05:03 73.88   76.62   78.25   81.94
04:06:14 73.95   76.82   78.09   82.04
04:07:24 73.96   76.94   78.19   82.08
04:08:36 74.02   77.00   78.15   82.13
04:09:47 74.06   77.03   78.13   82.21
04:10:58 74.08   77.11   77.98   82.20
04:12:09 74.11   77.12   78.00   82.17
04:13:20 74.18   77.21   77.98   82.17
04:14:31 74.19   77.22   77.98   82.17
04:15:42 74.19   77.22   78.14   82.17
04:16:53 74.20   77.25   78.15   82.19
04:18:04 74.22   77.25   77.85   82.22
04:19:15 74.24   77.27   77.91   82.19
04:20:26 74.28   77.30   78.03   82.26
04:21:37 74.25   77.28   78.07   82.26
04:22:48 74.30   66.31   78.15   82.17
04:23:59 74.23   59.93   78.19   82.10
04:25:10 74.08   58.38   77.87   82.17
04:26:21 73.91   57.55   77.83   82.16
04:27:32 73.70   57.30   78.01   82.03
04:28:43 73.56   60.57   78.04   81.87
04:29:54 73.51   67.09   78.05   81.84
04:31:05 73.57   68.42   78.30   81.95
04:32:16 73.63   69.49   78.28   81.96
04:33:27 73.66   70.85   78.18   81.95
04:34:38 73.70   72.02   78.03   81.98
04:35:49 73.74   73.14   77.97   82.04
04:37:00 73.74   74.20   78.01   81.95
04:38:11 73.80   75.39   78.05   81.94
04:39:22 73.85   76.23   78.00   81.88
04:40:33 73.85   76.67   77.89   81.92
04:41:44 73.91   76.87   77.86   81.94
04:42:55 73.96   76.96   78.00   81.95
04:44:06 73.97   77.00   78.13   81.96
04:45:17 74.05   77.01   78.05   82.04
04:46:28 74.08   77.08   78.13   82.05
04:47:39 74.11   77.11   78.10   82.11
04:48:50 74.16   77.12   78.18   82.17
04:50:01 74.18   74.47   78.06   82.11
04:51:12 74.19   62.36   78.05   82.07
04:52:23 74.08   58.92   77.89   82.01
04:53:34 73.88   57.82   77.82   82.00
04:54:45 73.73   57.41   78.03   82.01
04:55:56 73.54   57.03   78.10   81.92
04:57:07 73.41   57.93   78.14   81.84
04:58:18 73.37   65.89   78.18   81.77
04:59:29 73.39   67.75   78.30   81.74
05:00:40 73.43   68.62   78.08   81.72
05:01:51 73.52   69.55   78.01   81.75
05:03:02 73.56   70.73   77.91   81.72
05:04:13 73.63   71.89   77.87   83.74
05:05:24 73.63   72.89   77.87   99.20
05:06:35 73.70   73.92   77.87   104.30
05:07:46 73.74   74.95   77.65   105.54
05:08:57 73.79   75.91   77.91   105.94
05:10:08 73.85   76.53   77.91   106.13
05:11:19 73.93   76.80   78.05   106.18
05:12:30 74.00   76.97   78.09   107.55
05:13:41 74.08   77.04   78.08   108.30
05:14:52 74.11   77.12   78.05   108.86
05:16:03 74.19   77.21   78.20   109.48
05:17:14 74.25   77.22   78.14   109.52
05:18:26 74.30   73.09   78.25   109.02
05:19:36 74.29   62.14   78.14   108.21
05:20:47 74.20   59.21   77.97   107.29
05:21:59 74.11   58.23   77.85   106.40
05:23:09 73.95   57.76   77.94   105.42
05:24:20 73.87   57.40   78.05   104.37
05:25:32 73.70   57.46   77.95   103.36
05:26:42 73.56   65.41   78.01   102.48
05:27:53 73.57   67.83   78.03   102.05
05:29:05 73.68   68.73   77.70   108.39
05:30:16 73.75   69.66   77.80   110.26
05:31:26 73.85   70.77   78.08   109.97
05:32:38 73.88   71.85   77.98   109.29
05:33:49 73.97   72.79   77.97   108.50
05:34:59 73.97   73.68   77.64   107.74
05:36:11 74.00   74.60   77.66   106.99
05:37:22 74.08   75.56   77.95   106.23
05:38:33 74.08   76.43   77.98   105.52
05:39:44 74.13   76.66   78.13   104.96
05:40:55 74.19   65.89   78.22   104.33
05:42:06 74.20   59.95   77.93   103.60
05:43:17 74.04   58.47   77.74   102.84
05:44:28 73.92   57.88   77.86   104.79
05:45:39 73.80   57.59   77.89   108.93
05:46:50 73.71   57.35   77.53   108.74
05:48:01 73.64   56.97   77.65   107.54
05:49:12 73.56   56.68   77.65   106.33
05:50:23 73.51   59.74   77.65   105.20
05:51:34 73.51   66.41   77.69   104.10
05:52:45 73.61   67.76   77.74   103.28
05:53:56 73.70   68.32   77.72   102.50
05:55:07 73.78   68.74   77.78   101.70
05:56:18 73.88   69.22   77.55   103.26
05:57:29 73.96   69.82   77.51   108.01
05:58:40 73.96   70.48   77.51   107.85
05:58:46 73.99   68.21   77.85   106.58
05:59:57 74.01   60.39   77.77   105.27
06:01:08 73.89   58.16   77.59   103.98
06:02:19 73.83   65.35   77.31   102.85
06:03:30 73.79   68.59   77.54   101.92
06:04:41 73.85   70.32   77.30   101.13
06:05:52 73.92   71.61   77.55   100.33
06:07:03 73.96   72.55   77.46   99.54
06:08:14 74.01   73.48   77.50   98.75
06:09:25 74.08   74.50   77.55   98.02
06:10:36 74.15   75.35   77.52   97.43
06:11:47 74.19   76.01   77.80   96.97
06:12:58 74.25   76.47   77.82   96.54
06:14:09 74.31   76.71   77.79   96.07
06:15:20 74.40   76.84   77.58   95.61
06:16:31 74.41   76.93   77.52   95.19
06:17:42 74.43   77.01   77.59   94.83
06:18:54 74.49   77.02   77.80   94.34
06:20:04 74.53   77.11   78.01   93.98
06:21:15 74.60   77.12   77.89   93.63
06:22:27 74.54   77.13   77.94   93.27
06:23:37 74.59   77.15   78.05   92.93
06:24:48 74.64   77.22   78.10   92.65
06:26:00 74.66   77.32   77.95   92.37
06:27:11 74.71   77.33   77.98   92.08
06:28:21 74.73   77.34   77.92   91.77
06:29:33 74.76   77.39   77.68   91.43
06:30:44 74.78   77.45   77.78   91.19
06:31:54 74.76   77.45   78.05   90.96
06:33:06 74.85   77.45   77.90   90.71
06:34:17 74.86   77.50   77.97   90.51
06:35:27 74.87   77.56   78.02   90.23
06:36:39 74.90   77.60   78.03   90.00
06:37:50 74.97   77.67   78.15   89.75
06:39:01 74.97   77.67   78.01   89.57
06:40:12 74.97   77.67   78.20   89.40
06:41:23 74.98   77.67   78.15   89.18
06:42:34 75.06   77.69   78.16   89.00
06:43:45 75.09   77.75   78.43   89.09
06:44:56 75.09   75.35   78.32   89.04
06:46:07 75.13   62.60   78.00   88.97
06:47:18 74.96   59.72   78.07   88.74
06:48:29 74.81   58.85   77.99   88.52
06:49:39 74.60   58.42   77.90   88.23
06:50:51 74.43   58.15   77.91   87.96
06:52:02 74.32   64.93   78.09   87.72
06:53:13 74.31   68.50   78.09   87.52
06:54:24 74.41   69.48   78.19   87.31
06:55:35 74.42   70.71   78.24   87.16
06:56:46 74.47   71.84   78.43   87.13
06:57:57 74.53   72.63   78.46   86.98
06:59:08 74.56   73.34   78.19   86.82
07:00:19 74.64   74.26   78.15   86.68
07:01:30 74.64   75.48   78.09   86.57
07:02:41 74.68   76.54   78.13   86.40
07:03:52 74.75   77.17   78.25   86.33
07:05:03 74.77   77.44   78.20   86.23
07:06:14 74.86   77.56   78.07   86.16
07:07:25 74.89   77.64   78.24   86.13
07:08:36 74.96   77.67   78.36   86.06
07:09:47 74.97   77.71   78.25   85.94
07:10:58 74.99   77.79   78.18   85.85
07:12:09 75.08   77.79   78.29   85.74
07:13:20 75.08   77.87   78.15   85.65
07:14:31 75.09   72.30   78.09   85.56
07:15:42 75.09   62.50   78.28   85.38
07:16:53 74.95   59.76   78.37   85.22
07:18:04 74.80   58.77   78.31   85.17
07:19:15 74.62   58.36   78.48   85.10
07:20:26 74.49   58.03   78.43   85.01
07:21:37 74.37   60.24   78.21   84.88
07:22:48 74.33   67.49   78.50   84.79
07:23:59 74.42   68.96   78.75   84.71
07:25:10 74.49   69.78   78.72   84.63
07:26:21 74.53   70.77   78.78   84.49
07:27:32 74.55   71.90   78.63   84.45
07:28:43 74.64   72.87   78.42   84.44
07:29:54 74.65   73.75   78.64   84.44
07:31:05 74.72   74.58   78.49   84.31
07:32:16 74.74   75.62   78.39   84.33
07:33:27 74.77   76.48   78.66   84.25
07:34:38 74.86   77.21   78.65   84.19
07:35:49 74.92   77.66   78.70   84.09
07:37:00 74.99   77.86   78.47   84.06
07:38:11 75.08   77.98   78.30   84.00
07:39:22 75.09   70.90   78.31   83.91
07:40:33 75.06   62.34   78.57   83.77
07:41:44 74.92   60.07   78.40   83.70
07:42:55 74.79   59.03   78.41   83.73
07:44:06 74.63   58.62   78.52   83.64
07:45:17 74.51   58.31   78.55   83.54
07:46:29 74.38   57.99   78.34   83.49
07:47:39 74.30   63.07   78.42   83.43
07:48:50 74.32   67.95   78.51   83.29
07:50:02 74.45   69.16   78.79   83.20
07:51:12 74.52   70.01   78.75   83.24
07:52:23 74.58   70.89   78.68   83.27
07:53:35 74.64   71.88   78.40   83.23
07:54:45 74.68   72.79   78.50   83.19
07:55:56 74.76   73.51   78.63   83.20
07:57:08 74.78   74.28   78.52   83.29
07:58:18 74.86   75.00   78.70   83.33
07:58:25 74.88   75.25   78.49   83.29
07:59:37 74.95   65.19   78.77   83.24
08:00:47 74.85   60.29   78.68   83.12
08:01:58 74.72   59.01   78.32   83.08
08:03:10 74.59   58.54   78.34   83.02
08:04:20 74.47   58.24   78.52   82.97
08:05:31 74.40   57.89   78.33   82.91
08:06:43 74.27   57.55   78.37   82.80
08:07:53 74.19   57.23   78.28   82.69
08:09:04 74.18   64.46   78.22   82.59
08:10:16 74.21   67.66   78.29   82.51
08:11:27 74.36   68.88   78.59   83.46
08:12:37 74.44   69.51   78.58   84.90
08:13:49 74.53   70.15   78.47   85.17
08:15:00 74.55   70.89   78.36   85.28
08:16:10 74.63   71.90   78.29   85.24
08:17:22 74.64   72.73   78.29   85.12
08:18:33 74.68   69.91   78.51   84.99
08:19:44 74.69   62.61   78.40   84.78
08:20:55 74.57   59.51   78.37   84.55
08:22:06 74.46   58.66   78.15   84.39
08:23:17 74.35   58.25   77.95   84.25
08:24:28 74.24   57.91   77.88   84.08
08:25:39 74.25   57.55   77.95   84.00
08:26:50 74.19   57.27   78.00   83.97
08:28:01 74.09   57.03   78.07   83.95
08:29:12 74.02   57.81   77.97   83.78
08:30:23 74.00   65.90   77.73   83.67
08:31:34 74.14   67.83   77.88   83.57
08:32:45 74.31   68.75   78.21   83.54
08:33:56 74.40   69.16   78.56   83.49
08:35:07 74.41   69.61   78.37   83.43
08:36:18 74.51   70.22   78.24   83.42
08:37:29 74.53   69.72   78.25   83.37
08:38:40 74.53   62.80   78.32   83.23
08:39:51 74.46   59.36   78.06   83.19
08:41:02 74.38   58.47   77.94   83.08
08:42:13 74.28   58.11   77.94   82.92
08:43:24 74.17   57.81   77.96   82.79
08:44:35 74.08   57.39   77.88   82.65
08:45:46 74.04   57.09   77.74   82.72
08:46:57 73.95   56.78   77.78   82.60
08:48:08 73.87   56.66   77.70   82.47
08:49:19 73.84   56.55   77.59   82.42
08:50:30 73.77   56.44   77.67   82.40
08:51:41 73.74   57.39   77.77   82.34
08:52:52 73.79   65.63   77.77   82.21
08:54:03 73.90   67.30   78.00   82.16
08:55:14 74.00   68.18   77.98   82.19
08:56:25 74.13   68.79   77.99   82.17
08:57:36 74.19   69.28   77.87   82.17
08:58:47 74.28   69.81   77.91   82.17
08:59:58 74.30   69.23   77.88   82.15
09:01:09 74.30   62.56   78.02   82.10
09:02:20 74.24   62.40   77.80   81.90
09:03:31 74.19   68.95   77.61   81.83
09:04:42 74.22   70.53   77.95   81.82
09:05:54 74.32   71.94   78.13   81.84
09:07:04 74.40   73.07   78.09   81.83
09:08:15 74.41   73.81   78.11   81.87
09:09:26 74.52   74.43   78.15   81.93
09:10:37 74.59   75.00   78.34   81.91
09:11:48 74.64   75.39   78.37   81.84
09:12:59 74.66   75.73   78.46   81.93
09:14:10 74.75   76.20   78.52   81.79
09:15:21 74.82   76.52   78.64   81.76
09:16:32 74.86   76.73   78.58   81.78
09:17:43 74.93   76.85   78.44   81.84
09:18:54 74.97   77.01   78.55   81.85
09:20:05 74.99   77.11   78.47   81.97
09:21:16 75.02   77.12   78.56   81.98
09:22:27 75.09   77.21   78.35   81.96
09:23:38 75.09   77.26   78.61   82.01
09:24:50 75.11   77.33   78.63   82.02
09:26:00 75.15   77.38   78.85   82.06
09:27:11 75.20   77.43   78.67   82.07
09:28:23 75.20   77.45   78.63   82.10
09:29:33 75.20   77.52   78.65   82.08
09:30:44 75.23   77.56   78.73   82.14
09:31:56 75.30   77.56   78.60   82.19
09:33:06 75.30   77.61   78.76   82.20
09:34:17 75.31   77.66   78.67   82.21
09:35:29 75.32   77.68   78.79   82.23
09:36:39 75.35   77.69   78.84   82.23
09:37:51 75.36   77.72   78.68   82.17
09:39:02 75.41   77.78   78.75   82.17
09:40:13 75.42   77.79   78.74   82.24
09:41:24 75.42   77.80   79.05   82.29
09:42:35 75.42   77.81   78.79   82.32
09:43:46 75.43   77.89   78.85   82.45
09:44:56 75.50   77.90   78.73   82.58
09:46:08 75.53   77.91   78.78   82.52
09:47:19 75.54   77.97   78.84   82.53
09:48:30 75.54   75.70   78.74   82.62
09:49:41 75.54   63.25   78.62   82.55
09:50:52 75.39   60.43   78.60   82.51
09:52:03 75.22   59.25   78.83   82.43
09:53:14 75.07   58.93   78.73   82.34
09:54:25 74.92   59.92   78.71   82.29
09:55:36 74.83   67.74   78.61   82.21
09:56:47 74.87   69.57   78.70   82.07
09:56:54 74.90   70.92   79.09   82.14
09:58:05 74.97   72.27   79.03   82.07
09:59:16 74.99   73.17   78.92   82.09
10:00:27 75.07   73.71   78.92   82.09
10:01:38 75.09   74.29   79.06   82.20
10:02:49 75.17   75.54   79.10   82.30
10:04:00 75.21   76.64   78.96   82.32
10:05:11 75.26   77.31   79.01   82.32
10:06:22 75.31   77.61   78.82   82.33
10:07:33 75.34   77.70   79.03   82.38
10:08:44 75.41   77.79   79.04   82.36
10:09:55 75.44   77.89   78.87   82.38
10:11:06 75.52   77.90   78.91   82.38
10:12:17 75.54   77.96   78.83   82.40
10:13:28 75.54   77.99   78.89   82.42
10:14:39 75.55   78.01   79.04   82.42
10:15:50 75.62   78.03   78.92   82.40
10:17:01 75.63   78.03   78.84   82.47
10:18:12 75.65   78.09   78.96   82.46
10:19:23 75.66   78.13   78.81   82.47
10:20:34 75.66   78.12   78.82   82.53
10:21:45 75.72   78.13   78.92   82.59
10:22:56 75.72   78.15   79.04   82.63
10:24:07 75.76   78.19   78.95   82.60
10:25:18 75.76   78.21   79.08   82.52
10:26:29 75.76   78.23   79.21   82.51
10:27:40 75.77   78.24   79.43   82.52
10:28:51 75.82   78.24   79.18   82.60
10:30:02 75.84   78.24   79.19   82.63
10:31:13 75.86   78.26   79.22   82.52
10:32:24 75.88   78.33   79.24   82.51
10:33:35 75.91   78.31   79.27   82.53
10:34:46 75.97   78.35   79.26   82.63
10:35:57 75.98   78.35   79.51   82.67
10:37:08 75.99   78.36   79.35   82.75
10:38:19 75.99   78.37   79.29   82.83
10:39:30 76.00   78.41   79.30   82.84
10:40:41 76.00   78.45   79.33   82.84
10:41:52 75.99   78.43   79.30   82.86
10:43:03 76.00   74.79   79.07   82.79
10:44:14 75.99   62.90   79.54   82.82
10:45:25 75.85   60.33   79.53   82.77
10:46:36 75.69   59.38   79.27   82.78
10:47:47 75.58   59.12   79.33   82.74
10:48:58 75.40   58.93   79.23   82.59
10:50:09 75.27   64.66   79.14   82.51
10:51:20 75.25   69.09   79.21   82.53
10:52:31 75.31   70.22   79.54   82.56
10:53:42 75.33   71.41   79.63   82.60
10:54:53 75.41   72.57   79.66   82.59
10:56:04 75.43   73.51   79.69   82.66
10:57:15 75.51   74.23   79.53   82.63
10:58:26 75.54   75.08   79.52   82.63
10:59:37 75.60   75.93   79.37   82.69
11:00:48 75.62   76.85   79.31   82.74
11:01:59 75.71   77.58   79.33   82.75
11:03:10 75.80   78.01   79.16   82.84
11:04:21 75.87   78.16   79.23   97.36
11:05:32 75.88   78.25   79.28   105.86
11:06:43 75.88   78.34   79.63   107.65
11:07:54 75.95   78.35   79.68   108.11
11:09:05 75.98   78.42   79.52   108.68
11:10:16 75.99   78.46   79.51   109.33
11:11:27 76.09   78.48   79.64   109.83
11:12:38 76.12   78.58   79.73   110.03
11:13:49 76.16   78.58   79.78   110.19
11:15:00 76.20   77.82   79.62   110.29
11:16:11 76.21   65.72   79.74   110.12
11:17:22 76.14   61.58   79.87   109.49
11:18:33 76.00   60.27   79.53   108.87
11:19:44 75.88   59.79   79.86   110.38
11:20:55 75.74   59.43   79.58   110.94
11:22:06 75.60   60.31   79.61   110.38
11:23:18 75.54   68.05   79.70   109.54
11:24:28 75.60   70.00   79.87   108.60
11:25:39 75.75   71.01   79.78   107.68
11:26:51 75.77   72.18   79.87   106.79
11:28:01 75.83   73.25   79.55   105.95
11:29:12 75.89   74.08   79.64   105.19
11:30:24 75.98   74.84   79.78   104.46
11:31:34 75.99   75.52   79.51   103.82
11:32:45 76.01   76.45   79.72   103.25
11:33:57 76.08   77.36   79.69   102.52
11:35:07 76.12   78.10   79.56   101.90
11:36:18 76.20   78.53   79.59   101.35
11:37:30 76.22   78.69   79.43   100.74
11:38:41 76.27   77.20   79.60   100.26
11:39:52 76.29   65.52   79.69   99.73
11:41:03 76.14   62.29   79.69   99.19
11:42:14 75.98   60.95   79.36   98.61
11:43:25 75.82   60.40   79.61   98.08
11:44:36 75.68   59.90   79.50   97.60
11:45:47 75.58   59.38   79.66   97.14
11:46:58 75.46   59.40   79.77   96.75
11:48:09 75.37   67.16   79.92   96.37
11:49:20 75.41   69.65   79.77   95.96
11:50:31 75.52   70.56   79.73   95.70
11:51:42 75.57   71.42   79.61   95.40
11:52:53 75.64   72.30   79.61   95.02
11:54:04 75.65   73.16   79.64   94.66
11:55:15 75.70   73.91   79.49   94.29
11:56:26 75.76   74.54   79.53   93.99
11:56:34 75.77   75.29   79.51   93.61
11:57:45 75.77   75.97   79.47   93.25
11:58:56 75.85   75.82   79.52   92.99
12:00:07 75.88   66.17   79.58   92.74
12:01:17 75.85   62.77   79.90   92.50
12:02:28 75.71   60.89   79.57   92.25
12:03:39 75.58   60.16   79.87   92.00
12:04:50 75.47   59.73   79.56   91.74
12:06:01 75.40   59.40   79.53   91.46
12:07:12 75.31   59.04   79.78   91.14
12:08:23 75.22   58.96   79.68   90.87
12:09:35 75.18   66.26   79.60   90.61
12:10:45 75.23   69.13   79.73   90.33
12:11:56 75.36   70.13   79.78   90.09
12:13:08 75.48   70.68   79.67   89.94
12:14:18 75.53   71.20   79.86   89.76
12:15:29 75.55   71.73   79.80   89.60
12:16:41 75.62   72.45   79.61   89.45
12:17:52 75.66   73.25   79.62   89.25
12:19:02 75.70   73.87   79.58   89.00
12:20:14 75.75   67.43   79.58   88.80
12:21:25 75.64   62.86   79.63   88.54
12:22:35 75.54   61.11   79.22   88.29
12:23:47 75.50   60.23   79.29   88.18
12:24:58 75.35   59.72   79.31   88.01
12:26:09 75.26   59.31   79.37   87.85
12:27:20 75.20   58.91   79.49   87.67
12:28:31 75.11   58.66   79.50   87.58
12:29:42 75.09   58.58   79.56   87.47
12:30:53 75.03   64.43   79.46   87.36
12:32:04 75.10   68.62   79.52   87.24
12:33:15 75.21   69.74   79.67   87.13
12:34:26 75.30   70.36   79.64   87.01
12:35:37 75.34   70.98   79.60   86.91
12:36:48 75.41   71.67   79.72   86.85
12:37:59 75.45   72.35   79.81   86.74
12:39:10 75.54   73.17   79.63   86.52
12:40:21 75.54   67.13   79.53   86.43
12:41:32 75.51   62.65   79.37   86.33
12:42:43 75.42   60.27   79.15   86.12
12:43:54 75.32   59.61   79.18   86.00
12:45:05 75.22   59.12   79.20   85.90
12:46:16 75.17   58.88   79.24   85.87
12:47:27 75.09   58.57   79.33   85.71
12:48:38 75.00   58.26   79.51   85.50
12:49:49 74.97   58.27   79.46   85.43
12:51:00 74.89   58.21   79.42   85.44
12:52:11 74.86   62.38   79.42   85.33
12:53:22 74.94   68.04   79.37   85.26
12:54:33 75.07   69.23   79.35   85.18
12:55:44 75.19   69.89   79.47   85.13
12:56:55 75.27   70.40   79.38   85.17
12:58:06 75.31   71.03   79.37   85.18
12:59:17 75.33   71.72   79.42   85.05
13:00:28 75.42   68.73   79.55   85.03
13:01:39 75.40   63.13   79.43   84.99
13:02:50 75.31   60.42   78.90   84.94
13:04:01 75.20   59.52   78.85   84.75
13:05:12 75.10   59.12   78.90   84.53
13:06:23 74.92   58.74   78.88   84.39
13:07:34 74.80   58.31   79.01   84.31
13:08:45 74.77   58.12   79.09   84.26
13:09:56 74.75   57.96   79.28   84.19
13:11:07 74.73   58.03   79.22   84.14
13:12:18 74.70   57.75   79.17   84.06
13:13:29 74.64   57.66   79.15   83.98
13:14:40 74.64   58.15   79.18   83.95
13:15:51 74.64   66.31   79.06   83.86
13:17:02 74.74   68.22   79.14   83.75
13:18:13 74.88   69.11   79.17   83.76
13:19:24 74.97   69.70   79.06   83.69
13:20:35 75.05   70.20   78.75   83.72
13:21:46 75.10   70.75   78.86   83.74
13:22:57 75.19   69.14   78.96   83.71
13:24:08 75.20   62.62   78.96   83.64
13:25:19 75.09   59.88   78.69   83.64
13:26:30 74.99   59.13   78.50   83.49
13:27:41 74.90   58.80   78.68   83.41
13:28:52 74.80   58.52   78.81   83.42
13:30:04 74.75   58.18   78.97   83.40
13:31:14 74.74   57.88   79.27   83.22
13:32:25 74.64   57.73   78.87   91.29
13:33:37 74.65   57.57   78.82   105.00
13:34:47 74.65   57.57   78.87   105.25
13:35:58 74.56   57.28   78.94   103.35
13:37:10 74.53   57.19   78.70   101.44
13:38:21 74.54   58.87   78.75   99.68
13:39:31 74.53   66.64   78.71   98.20
13:40:43 74.66   68.12   78.72   97.02
13:41:54 74.82   68.90   78.58   96.05
13:43:04 74.90   69.47   78.82   95.31
13:44:16 74.97   69.92   78.67   94.70
13:45:27 75.00   70.22   78.74   94.09
13:46:37 75.06   64.09   78.77   93.65
13:47:49 74.97   60.13   78.84   93.09
13:49:00 74.87   58.89   78.43   92.53
13:50:10 74.80   58.49   78.51   92.05
13:51:22 74.66   58.17   78.38   91.45
13:52:33 74.62   57.89   78.45   91.05
13:53:43 74.54   57.49   78.34   90.66
13:54:55 74.51   57.30   78.70   90.23
13:55:02 74.41   57.25   78.65   89.88
13:56:12 74.39   57.17   78.70   89.61
13:57:24 74.31   56.92   78.51   89.27
13:58:35 74.30   56.90   78.63   89.02
13:59:46 74.30   56.49   78.46   88.77
14:00:57 74.29   59.34   78.20   88.44
14:02:08 74.32   66.39   78.45   88.20
14:03:18 74.46   67.74   78.56   87.94
14:04:30 74.64   68.56   78.43   87.72
14:05:41 74.73   69.23   78.25   87.54
14:06:52 74.77   69.77   78.36   87.31
14:08:03 74.86   70.29   78.47   87.06
14:09:14 74.92   65.76   78.52   86.93
14:10:25 74.87   60.48   78.12   86.73
14:11:36 74.81   58.85   78.18   86.47
14:12:47 74.67   58.34   78.14   86.26
14:13:58 74.59   57.96   78.18   86.11
14:15:09 74.51   57.64   78.37   85.97
14:16:20 74.42   57.37   78.33   85.78
14:17:31 74.32   57.00   78.35   85.66
14:18:42 74.31   56.91   78.44   85.47
14:19:53 74.30   56.69   78.27   85.25
14:21:04 74.27   56.64   78.06   85.10
14:22:15 74.28   56.42   77.98   85.00
14:23:26 74.19   56.82   78.24   84.79
14:24:37 74.19   65.40   78.23   84.59
14:25:48 74.27   67.05   78.16   84.53
14:26:59 74.45   68.16   78.32   84.37
14:28:10 74.53   68.85   78.36   84.31
14:29:21 74.64   69.43   78.14   84.30
14:30:32 74.69   69.98   78.19   84.22
14:31:43 74.75   70.22   78.14   84.11
14:32:54 74.78   63.62   78.28   84.09
14:34:05 74.71   59.50   78.08   84.05
14:35:16 74.63   58.47   78.00   83.97
14:36:27 74.55   58.12   77.97   83.82
14:37:38 74.46   57.72   78.17   83.64
14:38:49 74.40   57.35   78.16   83.54
14:40:00 74.46   57.04   78.19   83.40
14:41:11 74.40   56.78   78.09   83.24
14:42:22 74.30   56.65   77.87   83.14
14:43:33 74.25   56.51   78.06   83.12
14:44:44 74.20   56.25   77.79   83.23
14:45:55 74.17   61.98   77.89   83.16
14:47:06 74.22   66.45   77.80   82.99
14:48:17 74.40   67.86   78.18   82.92
14:49:28 74.51   68.59   78.14   82.79
14:50:39 74.59   69.12   78.44   82.74
14:51:50 74.64   69.59   78.66   82.64
14:53:01 74.71   69.12   78.34   82.52
14:54:12 74.75   62.30   78.44   82.60
14:55:23 74.67   59.04   78.46   82.61
14:56:34 74.61   58.36   78.36   82.52
14:57:45 74.51   58.00   78.32   82.52
14:58:56 74.37   57.61   78.48   82.51
15:00:07 74.30   57.17   78.61   82.36
15:01:18 74.25   56.88   78.51   82.28
15:02:29 74.19   56.74   78.34   82.17
15:03:40 74.20   56.39   78.51   82.08
15:04:51 74.19   56.41   78.48   81.99
15:06:02 74.14   56.26   78.53   81.91
15:07:14 74.09   56.05   78.39   81.81
15:08:24 74.07   55.96   78.43   81.84
15:09:35 74.07   55.69   78.28   81.78
15:10:47 74.06   55.66   78.21   81.72
15:11:57 73.98   55.54   78.26   81.76
15:13:08 73.98   55.53   78.07   81.84
15:14:20 73.96   55.49   78.02   81.72
15:15:30 73.96   55.30   78.01   81.62
15:16:41 73.96   55.23   78.10   81.56
15:17:53 73.96   55.08   78.30   81.40
15:19:04 73.91   55.02   78.22   81.40
15:20:14 73.93   54.93   78.07   81.40
15:21:26 73.88   54.89   78.25   81.39
15:22:37 73.92   54.92   78.11   81.42
15:23:47 73.89   54.97   78.34   81.43
15:24:59 73.86   54.78   78.36   81.39
15:26:10 73.84   54.83   78.41   81.38
15:27:20 73.84   54.75   78.41   81.28
15:28:32 73.85   54.72   78.19   81.19
15:29:43 73.84   54.71   78.30   81.16
15:30:54 73.77   54.63   78.08   81.07
15:32:05 73.75   54.65   78.07   81.00
15:33:16 73.76   54.74   78.14   81.04
15:34:27 73.75   54.70   78.23   80.93
15:35:38 73.71   54.70   78.08   80.83
15:36:49 73.74   54.54   77.98   80.84
15:38:00 73.74   54.63   78.01   80.81
15:39:11 73.81   54.58   77.97   80.75
15:40:22 73.84   54.65   78.00   80.63
15:41:33 73.86   54.73   77.95   80.56
15:42:44 73.70   54.66   77.95   80.56
15:43:55 73.68   54.52   77.88   80.49
15:45:06 73.61   54.51   78.00   80.49
15:46:17 73.61   54.41   77.85   80.48
15:47:28 73.51   54.47   77.87   80.49
15:48:39 73.51   54.37   77.77   80.52
15:49:50 73.51   54.27   77.89   80.49
15:51:01 73.50   54.17   78.09   80.43
15:52:12 73.46   54.05   77.95   80.35
15:53:23 73.49   54.03   78.01   80.36
15:53:30 73.42   54.04   78.04   80.38
15:54:41 73.40   54.04   77.87   80.31
15:55:52 73.40   53.98   77.86   80.26
15:57:03 73.37   53.97   77.87   80.16
15:58:14 73.38   53.88   77.84   80.16
15:59:25 73.33   53.84   77.78   80.11
16:00:36 73.32   53.83   77.82   80.04
16:01:47 73.30   53.81   77.90   80.04
16:02:58 73.29   53.75   77.92   80.14
16:04:09 73.32   53.82   77.81   80.11
16:05:20 73.29   53.76   77.97   80.03
16:06:31 73.29   53.72   77.92   80.01
16:07:42 73.30   53.62   77.80   79.95
16:08:53 73.33   53.49   77.93   79.87
16:10:04 73.40   53.62   77.69   79.86
16:11:15 73.40   53.61   77.60   79.89
16:12:26 73.30   53.59   77.71   79.87
16:13:37 73.29   53.48   77.81   79.88
16:14:48 73.27   53.34   77.69   79.92
16:15:59 73.27   53.26   77.60   79.81
16:17:10 73.22   53.22   77.70   79.69
16:18:21 73.21   53.10   77.67   79.68
16:19:32 73.17   53.05   77.74   79.71
16:20:43 73.14   53.03   77.41   79.78
16:21:54 73.19   53.10   77.57   79.66
16:23:05 73.17   52.88   77.48   79.59
16:24:16 73.10   52.92   77.50   79.55
16:25:27 73.12   52.91   77.40   86.39
16:26:38 73.17   53.00   77.83   92.05
16:27:49 73.16   53.03   77.87   91.44
16:29:00 73.10   52.92   77.64   90.27
16:30:11 73.06   52.85   77.65   89.11
16:31:22 73.03   52.66   77.59   88.28
16:32:33 73.06   52.74   77.64   87.56
16:33:44 73.01   52.92   77.47   86.99
16:34:55 73.04   52.80   77.16   86.52
16:36:06 73.06   52.81   77.29   86.08
16:37:17 73.01   52.80   77.58   85.60
16:38:28 72.97   52.83   77.38   85.20
16:39:40 72.97   52.81   77.37   84.83
16:40:50 72.95   52.73   77.34   84.55
16:42:01 72.95   52.81   77.46   84.33
16:43:12 73.00   52.75   77.44   83.95
16:44:23 72.94   52.75   77.46   83.75
16:45:34 72.95   52.77   77.66   83.67
16:46:45 72.98   52.81   77.43   83.46
16:47:56 72.96   52.60   77.53   83.28
16:49:07 72.95   52.68   77.51   83.05
16:50:18 72.96   52.79   77.37   82.78
16:51:29 72.95   52.60   77.39   82.69
16:52:40 72.95   52.97   77.30   82.51
16:53:51 72.92   52.85   77.16   82.28
16:55:02 72.95   52.86   77.37   82.07
16:56:13 72.87   52.77   77.38   81.91
16:57:24 72.85   52.78   77.35   81.75
16:58:35 72.84   52.81   77.33   81.57
16:59:46 72.84   52.65   77.28   81.43
17:00:57 72.81   52.51   77.34   81.39
17:02:08 72.80   52.53   77.13   81.34
17:03:19 72.82   52.45   77.20   81.21
17:04:30 72.75   52.34   77.34   81.08
17:05:41 72.72   52.49   77.38   80.90
17:06:52 72.69   52.56   77.15   80.93
17:08:03 72.72   52.48   77.22   80.90
17:09:14 72.66   52.50   77.27   80.76
17:10:25 72.66   52.45   77.28   80.67
17:11:36 72.61   52.40   76.99   80.59
17:12:47 72.61   52.44   77.12   80.45
17:13:58 72.61   52.41   77.33   80.34
17:15:10 72.60   52.36   77.22   80.28
17:16:20 72.54   52.36   77.16   80.15
17:17:31 72.54   52.31   77.15   80.08
17:18:43 72.59   52.35   77.04   86.57
17:19:53 72.61   52.44   77.13   98.93
17:21:04 72.61   52.27   77.07   98.90
17:22:16 72.61   52.35   77.16   97.22
17:23:27 72.63   52.39   77.05   95.46
17:24:37 72.61   52.40   77.06   94.01
17:25:49 72.51   52.36   77.25   92.68
17:27:00 72.50   52.24   77.06   91.66
17:28:10 72.45   52.24   77.02   90.79
17:29:22 72.50   52.27   77.07   90.16
17:30:33 72.47   52.25   77.11   89.45
17:31:43 72.40   52.10   77.21   88.86
17:32:55 72.44   52.26   77.03   88.28
17:34:06 72.47   60.36   76.93   87.89
17:35:16 72.69   63.18   77.30   87.46
17:36:28 72.83   64.36   77.14   87.17
17:37:39 73.00   64.95   76.95   86.79
17:38:49 73.16   65.42   77.12   86.49
17:40:01 73.21   65.90   76.93   86.25
17:41:12 73.29   61.48   77.01   86.05
17:42:23 73.27   56.81   76.98   85.66
17:43:34 73.14   55.37   76.88   85.28
17:44:45 73.02   54.93   76.97   84.99
17:45:56 72.88   54.48   76.67   84.79
17:47:07 72.84   54.09   77.07   84.59
17:48:18 72.79   53.68   77.10   84.38
17:49:29 72.81   53.42   77.24   84.10
17:50:40 72.80   53.25   77.11   83.87
17:51:51 72.73   53.12   77.10   83.69
17:53:02 72.66   52.86   77.33   83.46
17:53:10 72.65   52.72   77.23   83.24
17:54:21 72.61   52.64   77.42   83.05
17:55:32 72.59   52.84   77.31   82.87
17:56:43 72.71   61.86   77.31   92.54
17:57:54 72.79   63.69   77.12   101.23
17:59:05 72.97   64.82   77.15   100.73
18:00:16 73.23   65.37   77.10   98.94
18:01:27 73.29   65.91   77.20   97.13
18:02:38 73.34   66.54   77.19   95.64
18:03:49 73.43   67.09   77.15   94.38
18:05:00 73.49   62.26   77.20   93.41
18:06:11 73.43   57.53   77.22   92.50
18:07:22 73.32   56.08   77.44   91.65
18:08:33 73.17   55.63   76.91   90.89
18:09:44 73.08   55.15   77.13   90.21
18:10:55 73.21   54.74   77.32   89.70
18:12:06 73.10   54.31   77.19   89.19
18:13:17 72.96   53.67   76.98   88.81
18:14:28 72.87   53.52   77.13   88.40
18:15:39 72.84   53.25   77.52   88.05
18:16:50 72.83   59.91   77.32   87.99
18:18:01 72.89   63.94   77.19   89.72
18:19:12 73.07   65.31   77.10   89.99
18:20:23 73.23   66.24   77.17   89.72
18:21:34 73.33   66.87   77.22   89.37
18:22:45 73.47   67.44   77.26   88.99
18:23:56 73.54   68.15   77.56   88.64
18:25:07 73.62   69.03   77.15   88.32
18:26:18 73.64   63.43   77.44   87.98
18:27:29 73.65   58.21   77.52   87.63
18:28:40 73.52   56.84   77.17   87.25
18:29:51 73.40   56.35   77.12   86.89
18:31:02 73.27   55.72   77.01   86.60
18:32:13 73.15   55.34   77.11   86.27
18:33:24 73.06   54.83   77.15   85.94
18:34:35 73.03   54.42   77.49   85.65
18:35:46 72.97   60.91   77.58   85.39
18:36:57 73.02   64.71   77.44   85.17
18:38:08 73.26   66.38   77.25   84.96
18:39:19 73.36   67.27   77.30   84.85
18:40:30 73.46   67.89   77.37   84.75
18:41:41 73.54   68.72   77.39   84.46
18:42:52 73.61   69.86   77.47   84.28
18:44:03 73.66   70.71   77.58   84.13
18:45:14 73.76   71.58   77.56   83.94
18:46:25 73.84   72.50   77.60   83.83
18:47:36 73.88   70.85   77.65   83.76
18:48:47 73.92   61.22   77.70   83.58
18:49:58 73.81   58.00   77.56   83.45
18:51:09 73.73   57.26   77.31   83.42
18:52:20 73.66   56.72   77.20   87.02
18:53:31 73.57   56.42   77.21   90.59
18:54:42 73.52   56.11   77.16   90.33
18:55:54 73.41   56.08   77.41   89.55
18:57:04 73.37   64.01   77.64   88.79
18:58:15 73.43   66.67   77.52   92.49
18:59:26 73.63   67.76   77.67   100.71
19:00:37 73.70   68.46   77.77   104.65
19:01:48 73.81   69.34   77.75   103.59
19:02:59 73.92   70.51   77.72   101.76
19:04:10 73.95   71.53   77.74   100.06
19:05:21 73.99   72.67   78.10   98.55
19:06:32 74.08   73.75   78.00   97.29
19:07:43 74.18   74.85   77.87   96.15
19:08:54 74.25   75.45   78.02   95.15
19:10:05 74.35   75.36   78.10   94.25
19:11:16 74.41   64.41   78.02   93.67
19:12:27 74.32   59.05   78.41   93.09
19:13:38 74.18   57.84   78.27   92.50
19:14:49 74.03   57.38   77.80   91.81
19:16:00 73.87   56.96   78.17   91.25
19:17:11 73.74   56.64   78.41   90.71
19:18:22 73.65   57.80   78.18   90.25
19:19:33 73.63   65.69   78.21   89.81
19:20:44 73.78   67.53   78.17   89.40
19:21:55 73.91   68.40   78.27   89.03
19:23:06 73.96   69.17   78.12   88.63
19:24:17 74.06   70.23   78.43   88.32
19:25:28 74.13   71.16   78.36   88.04
19:26:39 74.19   72.17   78.31   87.82
19:27:50 74.26   73.34   78.34   87.54
19:29:01 74.33   74.48   78.62   87.20
19:30:12 74.40   75.30   78.48   87.02
19:31:23 74.46   75.73   78.69   86.80
19:32:34 74.53   75.95   78.76   86.67
19:33:45 74.60   70.58   78.36   86.52
19:34:56 74.58   59.95   78.49   86.35
19:36:07 74.43   57.95   78.97   86.06
19:37:18 74.32   57.41   78.85   85.80
19:38:30 74.14   57.11   78.88   85.61
19:39:40 74.02   56.90   78.87   85.47
19:40:51 73.88   56.50   78.74   85.19
19:42:03 73.84   61.40   78.67   84.92
19:43:13 73.85   66.60   78.62   84.70
19:44:24 73.99   67.93   78.36   84.58
19:45:36 74.11   68.43   78.36   84.45
19:46:46 74.19   68.98   78.54   84.25
19:47:57 74.20   69.64   78.78   84.12
19:49:09 74.30   70.39   79.02   84.06
19:50:19 74.38   71.49   79.08   83.95
19:51:30 74.42   73.08   79.05   83.86
19:51:37 74.51   74.49   79.12   83.74
19:52:48 74.63   75.48   79.07   83.65
19:53:59 74.75   76.04   79.08   83.64
19:55:10 74.88   67.32   78.78   83.54
19:56:21 74.80   59.24   79.03   83.44
19:57:32 74.69   57.68   79.13   83.31
19:58:43 74.52   57.26   79.11   83.15
19:59:54 74.34   57.21   79.10   83.11
20:01:05 74.23   57.26   79.13   83.06
20:02:17 74.11   57.00   79.13   82.95
20:03:27 74.02   61.85   79.07   82.80
20:04:38 74.11   67.21   79.13   82.63
20:05:50 74.31   68.48   78.96   82.74
20:07:00 74.37   69.15   78.70   93.41
20:08:11 74.39   69.97   78.91   96.81
20:09:22 74.51   70.91   79.09   95.90
20:10:33 74.61   71.68   79.19   94.67
20:11:44 74.69   72.22   79.26   93.47
20:12:54 74.75   73.05   79.37   92.54
20:14:05 74.76   74.38   79.20   91.70
20:15:16 74.86   71.31   79.24   90.98
20:16:27 74.83   60.83   79.32   90.29
20:17:38 74.74   58.21   79.35   89.75
20:18:49 74.63   57.75   79.40   89.30
20:20:00 74.49   57.60   79.42   88.87
20:21:11 74.37   57.49   79.37   88.37
20:22:22 74.24   57.17   79.20   87.96
20:23:33 74.16   56.88   79.29   87.68
20:24:44 74.11   62.16   79.45   87.35
20:25:55 74.17   67.02   79.54   87.02
20:27:06 74.33   68.38   79.42   86.67
20:28:17 74.42   69.04   79.42   86.42
20:29:28 74.54   69.73   79.38   86.20
20:30:39 74.62   70.66   79.41   86.03
20:31:50 74.65   71.72   79.38   85.81
20:33:01 74.71   72.43   79.44   85.63
20:34:12 74.79   73.07   79.46   85.45
20:35:23 74.86   72.88   79.67   85.26
20:36:34 74.87   63.13   79.51   85.16
20:37:45 74.79   59.12   79.55   84.95
20:38:55 74.64   58.23   79.59   84.74
20:40:06 74.50   57.91   79.66   84.49
20:41:17 74.40   57.73   79.59   84.32
20:42:29 74.30   57.38   79.53   84.09
20:43:39 74.19   57.08   79.37   83.95
20:44:50 74.12   56.82   79.18   83.79
20:46:01 74.09   57.00   78.99   83.62
20:47:12 74.06   65.42   79.20   83.51
20:48:23 74.15   67.59   79.27   83.38
20:49:34 74.34   68.62   79.44   83.29
20:50:45 74.42   69.15   79.29   83.19
20:51:56 74.49   69.57   79.49   83.06
20:53:07 74.55   70.26   79.54   82.96
20:54:18 74.63   70.95   79.67   82.90
20:55:29 74.64   71.32   79.53   82.95
20:56:40 74.73   71.30   79.61   82.79
20:57:51 74.75   62.87   79.54   82.69
20:59:02 74.64   58.81   79.61   82.58
21:00:13 74.57   57.90   79.78   82.51
21:01:24 74.43   57.75   79.84   82.35
21:02:35 74.32   57.76   79.60   82.20
21:03:46 74.24   57.51   79.48   82.19
21:04:57 74.19   57.09   79.22   82.11
21:06:08 74.16   56.86   79.05   82.07
21:07:19 74.05   56.70   78.88   82.01
21:08:30 73.97   62.61   78.82   81.88
21:09:40 74.10   66.96   78.59   81.84
21:10:52 74.29   68.29   78.64   81.83
21:12:03 74.33   68.93   78.63   81.67
21:13:13 74.43   69.39   78.72   81.57
21:14:25 74.51   69.82   78.84   81.52
21:15:36 74.53   70.35   78.79   81.66
21:16:46 74.62   70.10   78.67   81.72
21:17:57 74.62   62.47   78.78   81.71
21:19:08 74.52   59.07   78.93   81.56
21:20:19 74.41   58.27   78.50   81.37
21:21:30 74.25   57.91   78.32   81.19
21:22:41 74.19   57.60   78.36   81.16
21:23:52 74.08   57.34   78.19   81.15
21:25:03 74.00   56.87   78.32   80.98
21:26:14 73.93   56.58   78.37   81.02
21:27:25 73.85   56.56   78.47   81.05
21:28:36 73.83   56.49   78.34   81.04
21:29:47 73.74   56.33   78.37   81.03
21:30:58 73.74   56.24   78.18   80.99
21:32:09 73.71   56.18   78.15   81.02
21:33:20 73.66   56.01   78.08   80.94
21:34:31 73.63   55.71   78.06   80.82
21:35:42 73.62   55.70   78.00   80.74
21:36:53 73.61   55.74   77.97   80.70
21:38:04 73.64   55.67   77.90   80.61
21:39:15 73.66   55.62   77.71   80.56
21:40:26 73.59   55.30   77.43   80.47
21:41:37 73.55   55.20   77.83   80.42
21:42:48 73.51   55.16   77.76   80.48
21:43:59 73.51   55.10   77.70   80.41
21:45:10 73.51   55.04   77.36   80.39
21:46:21 73.42   54.86   77.60   80.28
21:47:32 73.42   54.87   77.68   80.26
21:48:43 73.40   54.71   77.68   80.20
21:49:53 73.42   54.65   77.46   80.16
21:51:04 73.51   54.71   77.84   80.15
21:52:16 73.41   54.62   77.65   80.15
21:53:26 73.39   54.57   77.44   80.15
21:54:37 73.42   54.66   77.26   80.05
21:55:49 73.50   54.70   76.97   80.04
21:57:00 73.42   54.64   77.27   80.00
21:58:10 73.32   54.64   77.62   79.84
21:59:21 73.29   54.25   77.61   79.72
22:00:32 73.29   54.39   77.58   79.67
22:01:43 73.19   54.33   77.29   79.59
22:02:54 73.18   54.02   77.13   79.57
22:04:05 73.17   54.25   77.19   79.53
22:05:16 73.13   54.26   77.09   93.19
22:06:27 73.11   54.45   77.13   100.84
22:07:38 73.10   54.33   77.07   103.76
22:08:49 73.07   54.28   76.94   104.28
22:10:00 73.06   54.24   77.26   103.46
22:11:11 73.03   54.04   77.15   102.45
22:12:22 73.05   53.82   76.96   101.40
22:13:33 73.01   54.00   77.10   100.32
22:14:44 72.95   53.68   76.78   99.39
22:15:55 72.94   53.75   76.70   98.51
22:17:06 72.88   53.63   76.79   97.64
22:18:17 72.92   53.52   76.94   96.84
22:19:27 72.89   53.52   76.76   96.06
22:20:39 72.85   53.35   77.02   95.32
22:21:50 72.84   53.20   76.95   94.63
22:23:00 72.84   53.31   76.83   94.01
22:24:12 72.83   53.18   76.67   93.37
22:25:23 72.83   53.00   76.42   92.79
22:26:33 72.89   52.94   76.67   92.26
22:27:44 72.85   52.82   76.63   91.69
22:28:56 72.85   52.87   76.48   91.17
22:30:06 72.76   52.81   76.63   90.65
22:31:17 72.72   52.79   76.50   90.20
22:32:29 72.75   52.68   76.58   89.83
22:33:39 72.73   52.59   76.49   89.32
22:34:50 72.72   52.58   76.58   88.95
22:36:01 72.72   52.50   76.45   88.55
22:37:13 72.72   52.36   76.36   88.14
22:38:23 72.80   52.34   76.71   87.78
22:39:34 72.75   52.26   76.58   87.42
22:40:45 72.71   52.18   76.62   87.10
22:41:56 72.67   52.14   76.44   86.82
22:43:07 72.61   52.06   76.66   86.53
22:44:18 72.61   52.04   76.36   86.28
22:45:29 72.57   52.04   76.33   85.91
22:46:40 72.63   52.05   76.33   85.59
22:47:51 72.61   52.03   76.36   85.34
22:49:02 72.58   52.08   76.29   85.04
22:50:13 72.55   52.00   76.45   84.75
22:49:56 72.51   51.84   76.45   84.53
22:51:07 72.51   52.04   76.36   84.32
22:52:18 72.51   51.95   76.18   84.06
22:53:29 72.50   51.90   76.27   83.91
22:54:40 72.46   51.95   76.33   83.71
22:55:51 72.44   51.88   76.27   83.44
22:57:02 72.48   51.92   76.13   83.23
22:58:13 72.38   51.78   76.00   89.42
22:59:23 72.31   51.81   76.16   100.91
23:00:35 72.28   51.78   76.20   104.05
23:01:46 72.22   51.79   76.27   104.61
23:02:56 72.19   51.91   76.39   104.12
23:04:07 72.18   51.79   76.21   103.20
23:05:19 72.16   51.76   75.94   102.19
23:06:29 72.16   51.77   76.02   101.26
23:07:40 72.16   51.75   75.90   100.28
23:08:51 72.16   51.86   75.81   99.31
23:10:02 72.13   51.74   76.02   98.37
23:11:13 72.09   51.73   76.16   97.53
23:12:24 72.05   51.70   76.04   96.68
23:13:35 72.05   51.71   76.18   95.92
23:14:46 72.00   51.67   75.96   95.21
23:15:57 72.03   51.76   75.99   94.56
23:17:08 71.97   51.68   75.99   93.97
23:18:19 71.97   51.64   75.91   93.34
23:19:30 71.94   51.55   75.84   92.77
23:20:41 71.94   51.54   75.76   92.16
23:21:52 71.95   51.47   75.79   91.61
23:23:03 71.94   51.47   76.17   91.12
23:24:14 71.89   51.51   75.99   94.04
23:25:25 71.85   51.45   76.09   102.32
23:26:36 71.81   51.49   75.97   103.56
23:27:47 71.75   51.44   75.82   103.07
23:28:58 71.72   51.45   76.08   102.13
23:30:09 71.70   51.36   75.81   101.08
23:31:20 71.69   51.38   75.69   100.12
23:32:31 71.61   51.34   75.80   99.28
23:33:42 71.64   51.33   75.72   98.36
23:34:53 71.60   51.20   75.68   97.49
23:36:04 71.57   51.36   75.59   96.70
23:37:15 71.55   51.23   75.53   95.91
23:38:26 71.49   51.26   75.59   95.12
23:39:37 71.49   51.18   75.65   94.43
23:40:48 71.49   51.10   75.71   93.83
23:41:59 71.49   51.06   75.57   93.15
23:43:10 71.44   51.03   75.64   92.59
23:44:21 71.39   51.02   75.54   91.97
23:45:31 71.44   51.04   75.54   91.49
23:46:42 71.41   51.11   75.48   91.02
23:47:54 71.38   51.02   75.64   90.55
23:49:04 71.36   51.00   75.45   90.03
23:50:15 71.34   50.93   75.32   89.54
23:51:26 71.29   50.84   75.15   89.08
23:52:37 71.26   50.89   75.42   88.63
23:53:48 71.22   50.85   75.17   88.31
23:54:59 71.21   50.79   74.97   87.94
23:56:11 71.16   50.81   75.11   87.51
23:57:21 71.14   50.79   75.10   87.23
23:58:32 71.17   50.76   75.16   86.84
23:59:43 71.13   50.72   75.33   86.47
