00:00:14 70.44   49.21   75.10   86.75
00:01:24 70.40   49.09   74.97   86.35
00:02:35 70.36   49.02   74.91   85.93
00:03:45 70.36   49.05   74.92   85.59
00:04:56 70.36   49.03   74.85   85.29
00:06:06 70.33   48.98   74.92   84.96
00:07:16 70.28   48.86   74.94   84.78
00:08:27 70.22   48.99   75.01   84.50
00:09:37 70.24   48.90   74.89   84.27
00:10:47 70.20   48.88   74.70   83.99
00:11:58 70.22   54.85   74.59   83.63
00:13:08 70.26   60.85   74.56   83.47
00:14:19 70.49   61.93   74.75   83.34
00:15:29 70.62   62.54   74.82   83.12
00:16:39 70.78   63.17   74.65   82.88
00:17:50 70.86   63.91   74.71   82.74
00:19:00 70.92   64.88   74.77   82.66
00:20:11 70.99   65.67   74.93   82.57
00:21:21 71.04   58.00   74.87   82.45
00:22:31 70.96   53.22   74.53   82.26
00:23:42 70.79   52.00   74.36   82.08
00:24:52 70.64   51.54   74.44   81.89
00:26:02 70.51   51.10   74.68   81.66
00:27:13 70.42   50.73   74.64   81.51
00:28:23 70.34   50.52   74.67   81.45
00:29:34 70.25   52.49   74.56   81.29
00:30:44 70.30   61.17   74.63   81.05
00:31:54 70.49   62.87   74.88   80.94
00:33:05 70.66   63.85   74.70   80.92
00:34:15 70.79   64.57   74.69   80.89
00:35:25 70.82   65.66   74.38   80.77
00:36:36 70.91   66.91   74.82   80.66
00:37:46 70.97   68.41   74.64   80.62
00:38:57 71.05   69.68   74.42   80.52
00:40:07 71.16   70.84   74.43   80.44
00:41:17 71.20   71.70   74.48   80.37
00:42:28 71.25   72.33   74.56   80.31
00:43:38 71.31   72.71   74.88   80.21
00:44:48 71.40   72.97   74.80   80.23
00:45:59 71.47   73.25   74.74   80.25
00:47:09 71.49   73.36   74.73   80.17
00:48:20 71.54   73.49   74.73   80.15
00:49:30 71.61   73.63   74.86   80.09
00:50:40 71.60   73.71   74.91   79.99
00:51:51 71.68   73.80   75.01   80.04
00:53:01 71.70   73.97   74.86   80.08
00:54:12 71.71   73.97   75.01   80.04
00:55:22 71.71   74.01   74.76   80.08
00:56:32 71.74   74.09   74.75   80.04
00:57:43 71.81   74.06   74.89   79.92
00:58:53 71.84   74.06   74.68   79.90
01:00:03 71.84   74.13   74.82   79.92
01:01:14 71.84   74.18   74.73   79.92
01:02:24 71.84   74.16   74.69   80.01
01:03:35 71.88   74.19   75.01   80.04
01:04:45 71.90   74.21   74.99   80.07
01:05:55 71.93   74.29   74.75   80.13
01:07:06 71.94   74.31   74.85   80.08
01:08:16 71.96   74.31   74.71   80.01
01:09:26 71.97   74.36   74.75   79.95
01:10:37 72.02   74.41   74.84   79.96
01:11:47 72.05   74.45   74.68   80.04
01:12:58 72.05   74.51   74.88   79.94
01:14:08 72.05   74.53   74.76   80.03
01:15:18 72.07   74.48   74.81   80.04
01:16:29 72.09   74.52   75.03   80.04
01:17:39 72.07   74.53   74.95   80.15
01:18:50 72.08   74.60   74.83   80.15
01:20:00 72.08   74.63   74.82   80.14
01:21:10 72.08   74.64   75.04   80.04
01:22:21 72.15   74.58   74.97   80.14
01:23:31 72.13   74.54   75.01   80.12
01:24:41 72.16   74.55   75.00   80.12
01:25:52 72.16   74.58   75.00   80.12
01:27:02 72.16   74.62   75.03   80.06
01:28:13 72.15   74.64   75.07   80.14
01:29:23 72.16   74.64   75.23   80.14
01:30:33 72.16   74.64   74.69   80.14
01:31:44 72.16   74.64   74.95   80.07
01:32:54 72.17   74.64   75.21   80.04
01:34:04 72.21   74.74   75.30   80.11
01:35:15 72.21   74.77   75.37   80.14
01:36:25 72.18   74.74   75.19   80.13
01:37:36 72.23   74.74   75.07   80.04
01:38:46 72.21   74.76   74.92   80.14
01:39:56 72.20   74.79   75.08   80.15
01:41:07 72.28   74.78   75.31   80.22
01:42:17 72.27   74.76   75.30   80.26
01:43:28 72.28   74.79   75.30   80.27
01:44:38 72.29   74.82   75.23   80.26
01:45:48 72.30   74.86   75.27   80.09
01:46:59 72.29   74.88   75.30   80.06
01:48:09 72.37   74.94   75.36   80.11
01:49:19 72.38   74.73   75.36   80.09
01:50:30 72.37   74.75   75.70   80.10
01:51:40 72.39   74.84   75.37   80.04
01:52:51 72.39   74.86   75.43   80.13
01:54:01 72.39   74.89   75.34   80.15
01:55:11 72.39   74.93   75.46   80.15
01:56:22 72.39   74.91   75.49   80.16
01:57:32 72.39   74.92   75.37   80.06
01:58:42 72.39   74.91   75.42   80.16
01:59:53 72.39   74.92   75.56   80.25
02:01:03 72.39   74.93   75.42   80.26
02:02:14 72.39   74.97   75.46   80.23
02:03:24 72.39   74.97   75.50   80.20
02:04:34 72.40   74.97   75.57   80.25
02:05:45 72.39   74.97   75.62   80.25
02:06:55 72.39   74.97   75.66   80.35
02:08:06 72.40   75.00   75.71   80.44
02:09:16 72.39   75.06   75.56   80.52
02:10:26 72.39   75.02   75.64   80.52
02:11:37 72.40   75.01   75.60   80.42
02:12:47 72.40   75.05   75.37   80.40
02:13:57 72.46   75.07   75.53   80.48
02:15:08 72.47   75.05   75.72   80.48
02:16:18 72.47   75.06   75.68   80.38
02:17:29 72.48   75.08   75.64   80.41
02:18:39 72.45   75.09   75.72   80.45
02:19:49 72.44   75.09   75.96   80.41
02:21:00 72.49   75.09   75.88   80.43
02:22:10 72.50   75.09   75.76   80.41
02:23:20 72.50   75.09   75.85   80.48
02:24:31 72.49   75.09   75.67   80.54
02:25:41 72.50   75.09   75.71   80.61
02:26:52 72.50   75.09   75.77   80.60
02:28:02 72.50   75.11   75.84   80.57
02:29:12 72.50   75.10   75.83   80.54
02:30:23 72.53   75.10   75.72   80.49
02:31:33 72.56   75.16   75.86   80.48
02:32:44 72.56   75.18   75.90   80.49
02:33:54 72.60   75.18   75.83   80.49
02:35:04 72.60   75.12   75.89   80.58
02:36:15 72.61   75.09   75.99   80.60
02:37:25 72.60   75.09   75.91   80.60
02:38:35 72.57   75.10   75.85   80.60
02:39:46 72.61   75.09   75.86   80.67
02:40:56 72.61   75.10   75.80   80.69
02:42:07 72.60   75.12   75.71   80.71
02:43:17 72.61   75.15   75.75   80.72
02:44:27 72.61   75.18   75.87   80.76
02:45:38 72.60   75.19   76.02   80.71
02:46:48 72.60   75.19   75.92   80.71
02:47:59 72.61   75.20   76.11   80.71
02:49:09 72.61   75.21   76.01   80.73
02:50:19 72.61   75.22   76.04   80.83
02:51:30 72.62   75.26   76.01   80.84
02:52:40 72.66   75.25   76.28   80.82
02:53:50 72.65   75.30   76.05   80.86
02:55:01 72.64   75.31   76.00   80.85
02:56:11 72.66   75.31   75.85   80.83
02:57:22 72.71   75.31   76.10   80.83
02:58:32 72.72   75.31   76.22   80.90
02:59:42 72.72   75.32   76.10   80.84
03:00:53 72.72   75.33   76.08   80.94
03:02:03 72.72   75.32   76.11   80.89
03:03:13 72.72   75.33   75.86   80.94
03:04:24 72.76   75.38   76.03   81.10
03:05:34 72.84   75.42   76.20   81.09
03:06:45 72.80   75.42   76.23   80.98
03:07:55 72.84   75.42   76.23   80.97
03:09:05 72.84   75.42   76.40   81.11
03:10:16 72.84   75.46   76.35   81.15
03:11:26 72.84   75.50   76.34   81.16
03:12:36 72.84   75.49   76.43   81.16
03:13:47 72.84   75.59   76.33   81.18
03:14:57 72.84   75.64   76.45   81.16
03:16:08 72.83   75.65   76.48   81.16
03:17:18 72.84   75.68   76.42   81.09
03:18:28 72.84   75.76   76.36   81.07
03:19:39 72.84   75.77   76.19   81.13
03:20:49 72.84   75.76   76.14   81.16
03:22:00 72.84   75.77   76.11   81.13
03:23:10 72.84   75.79   76.15   81.07
19:08:10 74.02   54.69   77.80   98.73
19:09:21 73.97   54.59   77.96   98.09
19:10:31 73.96   54.46   77.70   97.53
19:11:41 73.96   54.46   77.71   97.00
19:12:52 73.91   54.29   77.85   96.47
19:14:02 73.88   54.20   77.67   95.91
19:15:13 73.95   54.14   77.89   95.34
19:16:23 73.88   54.14   77.55   94.85
19:17:33 73.84   54.10   77.75   94.28
19:18:44 73.78   53.95   77.68   93.74
19:19:55 73.74   53.86   77.52   93.32
19:21:06 73.70   53.90   77.62   92.88
19:22:17 73.64   53.77   77.62   92.39
19:23:28 73.63   53.78   77.55   92.03
19:24:39 73.60   53.71   77.61   91.66
19:25:50 73.60   53.65   77.75   91.21
19:27:01 73.53   53.54   77.64   90.83
19:28:12 73.52   53.51   77.54   90.48
19:29:23 73.51   53.37   77.36   90.12
19:30:34 73.48   53.31   77.46   89.71
19:31:45 73.44   53.27   77.47   89.43
19:32:56 73.43   53.30   77.36   89.09
19:34:07 73.42   53.26   77.31   88.76
19:35:18 73.40   53.18   77.13   88.53
19:36:28 73.39   53.14   77.28   88.31
19:37:40 73.33   53.11   77.31   88.04
19:38:51 73.33   53.08   77.34   87.77
19:40:01 73.29   53.09   77.39   87.61
19:41:13 73.29   53.02   77.33   87.38
19:42:24 73.28   52.92   76.98   87.16
19:43:34 73.27   53.02   77.15   87.05
19:44:46 73.20   52.90   77.22   86.74
19:45:57 73.20   52.93   77.35   86.46
19:47:07 73.25   52.91   77.07   86.16
19:48:19 73.22   52.87   76.90   85.80
19:49:30 73.19   52.81   77.07   85.59
19:50:41 73.17   52.78   77.34   85.37
19:51:52 73.14   52.72   77.09   85.21
19:53:03 73.16   52.71   77.12   85.13
19:54:14 73.16   52.70   77.17   84.97
19:55:25 73.20   52.67   77.08   84.83
19:56:36 73.25   52.62   77.06   84.60
19:57:47 73.16   52.67   77.06   84.34
19:58:58 73.08   52.59   77.14   87.14
20:00:09 73.12   52.48   76.94   104.10
20:01:20 73.16   52.50   76.90   107.54
20:02:31 73.17   52.57   76.80   106.35
20:03:42 73.12   52.51   77.01   104.14
20:04:53 73.06   52.48   77.06   102.19
20:06:04 73.03   52.48   76.61   100.62
20:07:15 72.98   52.44   76.70   99.19
20:08:26 72.93   52.39   76.89   98.06
20:09:37 72.88   52.37   76.92   97.03
20:10:48 72.88   52.36   76.89   96.00
20:11:59 72.87   52.27   76.85   95.17
20:13:10 72.84   52.27   76.95   94.44
20:14:21 72.84   52.27   76.94   93.77
20:15:32 72.85   52.24   76.91   93.17
20:16:43 72.97   52.40   76.89   92.59
20:16:24 72.95   52.39   77.02   92.06
20:17:35 72.97   52.37   76.81   91.56
20:18:46 72.91   52.31   76.69   91.09
20:19:57 72.86   52.22   77.19   90.61
20:21:08 72.83   52.26   76.81   90.16
20:22:19 72.83   52.24   76.86   89.79
20:23:30 72.83   52.25   77.32   89.37
20:24:41 72.90   52.24   77.44   91.39
20:25:52 72.85   52.22   76.78   105.48
20:27:03 72.84   52.13   77.07   109.33
20:28:14 72.77   52.10   76.88   109.86
20:29:25 72.74   52.12   76.77   109.93
20:30:36 72.89   52.18   76.42   110.34
20:31:47 72.95   52.23   76.54   110.79
20:32:58 72.99   52.27   76.36   111.03
20:34:09 73.07   52.32   76.47   111.03
20:35:20 73.12   52.96   76.50   110.46
20:36:31 73.17   54.61   76.55   109.74
20:37:42 73.17   54.44   76.52   108.98
20:38:53 73.11   53.89   76.61   108.23
20:40:04 73.07   53.43   76.80   107.44
20:41:15 73.06   53.19   76.71   106.66
20:42:26 73.06   53.14   76.82   105.85
20:43:37 73.06   52.97   76.84   105.02
20:44:48 73.06   52.84   76.81   104.25
20:45:59 73.06   52.81   76.71   103.44
20:47:10 73.07   52.80   76.59   102.50
20:48:21 73.05   52.71   76.67   101.69
20:49:32 72.96   52.65   76.47   100.97
20:50:43 72.94   52.58   76.31   100.27
20:51:54 72.90   52.49   76.17   99.64
20:53:04 72.87   52.46   76.26   99.00
20:54:15 72.94   52.37   76.25   98.45
20:55:26 72.84   52.38   76.32   97.78
20:56:37 72.81   52.35   76.43   97.24
20:57:48 72.73   52.26   76.40   96.76
20:58:58 72.69   52.22   76.21   96.24
21:00:09 72.63   52.22   76.29   95.70
21:01:20 72.63   52.14   76.21   95.19
21:02:31 72.62   52.10   76.22   94.68
21:03:42 72.62   52.07   76.33   94.19
21:04:52 72.60   52.14   76.47   93.75
21:06:03 72.60   52.00   76.12   93.36
21:07:14 72.57   52.02   76.26   92.95
21:08:25 72.56   51.95   76.31   92.49
21:09:35 72.54   51.94   76.50   92.10
21:10:46 72.62   51.95   76.47   91.70
21:11:57 72.65   52.02   76.17   91.29
21:13:08 72.56   51.93   76.05   90.88
21:14:19 72.49   51.91   76.12   90.47
21:15:30 72.44   51.84   76.17   90.09
21:16:40 72.39   51.78   76.52   89.83
21:17:51 72.43   51.82   76.65   89.54
21:19:02 72.55   51.82   76.44   89.18
21:20:13 72.49   51.79   76.51   88.84
21:21:24 72.46   51.78   76.11   88.46
21:22:35 72.52   51.75   76.14   88.18
21:23:45 72.67   51.80   76.41   87.90
21:24:57 72.68   51.80   76.54   87.67
21:26:07 72.58   51.73   76.66   87.51
21:27:18 72.49   51.64   76.36   87.34
21:28:29 72.47   51.70   76.58   87.13
21:29:40 72.38   51.68   76.20   86.82
21:30:51 72.32   51.64   76.75   86.50
21:32:02 72.28   51.68   76.75   86.21
21:33:13 72.26   51.64   77.04   86.00
21:34:24 72.28   51.56   76.45   85.79
21:35:34 72.22   51.50   76.06   85.58
21:36:45 72.20   51.52   75.99   85.37
21:37:57 72.16   51.47   76.05   85.18
21:39:07 72.16   51.43   76.24   85.00
21:40:18 72.13   51.41   76.34   84.81
21:41:30 72.16   51.35   76.49   84.55
21:42:41 72.21   51.35   76.56   84.26
21:43:51 72.16   51.34   76.43   84.08
21:45:03 72.12   51.24   76.31   83.94
21:46:14 72.08   51.24   76.26   83.95
21:47:24 72.11   51.21   76.51   83.85
21:48:36 72.07   51.16   76.38   83.63
21:49:47 72.05   51.21   76.25   83.40
21:50:57 72.01   51.23   75.96   83.28
21:52:09 71.99   51.15   76.20   83.24
21:53:20 71.97   51.13   76.13   83.04
21:54:30 71.94   51.12   76.31   82.84
21:55:42 71.94   51.11   76.16   82.77
21:56:53 71.94   51.12   76.19   82.63
21:58:03 71.92   51.12   75.99   82.55
21:59:15 71.93   51.09   76.05   82.46
22:00:26 71.88   51.01   75.84   82.25
22:01:36 71.89   51.06   75.98   82.14
22:02:48 71.83   51.01   75.86   82.06
22:03:59 71.83   51.00   75.99   81.92
22:05:09 71.83   50.97   75.86   81.77
22:06:21 71.83   50.99   75.81   81.60
22:07:32 71.77   50.97   75.80   81.56
22:08:42 71.80   51.01   75.91   81.43
22:09:54 71.82   50.96   76.08   81.30
22:11:05 71.81   50.90   76.33   81.26
22:12:16 71.83   50.90   76.21   91.58
22:13:27 71.92   50.91   76.08   108.01
22:14:38 71.92   50.86   76.27   110.76
22:15:49 71.78   50.85   76.29   109.68
22:17:00 71.72   50.82   76.24   107.44
22:18:11 71.66   50.79   76.15   105.67
22:19:22 71.61   50.66   76.12   109.98
22:20:33 71.57   50.70   75.94   111.08
22:21:44 71.56   50.61   75.82   110.97
22:22:55 71.54   50.60   75.96   110.38
22:24:06 71.52   50.58   75.91   111.48
22:25:17 71.49   50.59   75.61   111.71
22:26:28 71.51   50.52   75.72   110.98
22:27:39 71.59   50.51   75.49   110.03
22:28:50 71.59   50.47   75.73   109.07
22:30:01 71.49   50.55   75.71   108.84
22:31:12 71.49   50.55   75.43   110.40
22:32:23 71.48   50.50   75.51   110.36
22:33:34 71.45   50.48   75.61   109.69
22:34:45 71.41   50.48   75.49   108.85
22:35:56 71.38   50.47   75.92   107.93
22:37:07 71.38   50.44   75.89   106.95
22:38:18 71.38   50.37   75.85   106.08
22:39:29 71.37   50.42   76.02   105.24
22:40:40 71.37   50.36   75.99   104.70
22:41:51 71.43   50.44   75.91   108.06
22:43:02 71.47   50.50   75.79   108.60
22:44:13 71.40   50.45   75.94   107.80
22:45:24 71.38   50.42   75.75   106.81
22:46:35 71.29   50.29   75.73   105.83
22:47:46 71.26   50.35   75.76   104.82
22:48:56 71.20   50.17   75.87   103.88
22:50:08 71.17   49.95   75.79   102.89
22:51:19 71.15   49.98   75.52   102.04
22:52:30 71.12   49.94   75.68   101.15
22:53:41 71.07   49.90   75.60   100.29
22:54:52 71.04   49.81   75.61   99.48
22:56:02 71.03   49.71   75.68   98.66
22:57:14 71.03   49.90   75.44   97.87
22:58:25 71.02   49.95   75.47   97.13
22:59:35 70.97   49.97   75.85   96.46
23:00:47 70.94   50.01   75.48   95.79
23:01:58 70.93   49.99   75.50   95.22
23:03:08 70.92   50.06   75.57   94.56
23:04:20 70.90   50.06   75.28   93.93
23:05:31 70.83   49.98   75.57   93.34
23:06:42 70.81   50.08   75.30   92.79
23:07:53 70.81   50.07   75.33   92.23
23:09:04 70.81   50.01   75.45   91.72
23:10:14 70.81   49.98   75.26   91.29
23:11:26 70.77   49.90   75.35   90.84
23:12:37 70.77   49.88   75.59   90.47
23:13:48 70.75   49.88   75.51   90.02
23:14:59 70.74   49.88   75.53   97.06
23:16:10 70.72   49.83   75.51   106.49
23:15:52 70.77   49.79   75.22   109.14
23:17:04 70.82   56.69   75.40   110.06
23:18:15 70.94   61.58   75.36   109.44
23:19:25 71.15   62.67   75.37   108.09
23:20:37 71.34   63.27   75.47   106.60
23:21:48 71.48   63.94   75.30   105.21
23:22:59 71.59   64.72   75.08   103.87
23:24:10 71.69   64.28   75.00   102.77
23:25:21 71.72   56.99   75.06   101.59
23:26:32 71.65   53.41   74.82   100.42
23:27:43 71.49   52.50   74.82   99.49
23:28:54 71.32   51.79   74.63   98.54
23:30:05 71.20   51.45   75.12   97.69
23:31:16 71.09   51.20   75.32   96.81
23:32:27 71.02   50.98   75.03   96.20
23:33:38 70.93   50.76   75.00   95.60
23:34:49 70.92   50.57   75.40   94.95
23:36:00 70.91   52.76   75.42   94.38
23:37:11 70.94   61.81   75.41   93.67
23:38:22 71.11   62.66   75.45   93.26
23:39:33 71.25   63.56   75.54   92.74
23:40:44 71.37   64.24   75.61   92.17
23:41:55 71.44   65.05   75.37   91.72
23:43:06 71.50   65.91   75.45   91.27
23:44:17 71.60   67.01   75.31   90.93
23:45:28 71.67   68.26   75.21   90.62
23:46:39 71.77   69.60   74.85   90.37
23:47:50 71.89   70.82   75.07   90.19
23:49:01 71.94   67.45   74.97   89.93
23:50:12 71.92   57.06   74.91   89.67
23:51:23 71.77   54.37   74.91   89.27
23:52:34 71.63   53.64   74.94   88.98
23:53:45 71.44   53.24   74.96   88.58
23:54:56 71.31   52.60   75.22   88.22
23:56:07 71.18   52.74   75.39   87.89
23:57:18 71.14   61.94   75.33   87.53
23:58:29 71.21   64.07   75.56   87.33
23:59:40 71.36   65.30   75.45   87.11
