00:00:54 71.10   50.74   75.12   86.19
00:02:05 71.14   50.62   75.27   85.85
00:03:16 71.04   50.58   75.40   85.58
00:04:27 70.98   50.61   75.30   85.30
00:05:38 70.94   50.59   75.39   85.03
00:06:49 70.92   50.78   75.32   84.74
00:08:00 70.94   60.10   75.19   84.46
00:09:11 71.08   62.02   75.27   84.22
00:10:22 71.24   63.03   75.12   84.05
00:11:33 71.42   63.48   75.12   83.92
00:12:44 71.52   63.93   75.48   83.74
00:13:55 71.61   64.55   75.35   83.54
00:15:06 71.71   62.96   75.33   83.32
00:16:17 71.71   57.09   75.48   83.16
00:17:28 71.63   54.14   75.42   82.88
00:18:39 71.46   53.41   75.46   82.61
00:19:50 71.36   53.06   74.99   82.51
00:21:01 71.23   52.62   75.17   82.38
00:22:12 71.16   52.23   75.40   82.28
00:23:23 71.12   51.69   75.46   82.13
00:24:34 71.06   51.23   75.48   81.89
00:25:45 71.02   50.92   75.44   81.72
00:26:55 70.99   50.91   75.21   81.55
00:28:06 70.96   60.02   75.32   81.37
00:29:18 71.04   62.03   75.28   81.18
00:30:29 71.23   63.29   75.10   81.16
00:31:39 71.39   64.02   75.32   81.10
00:32:50 71.47   64.61   75.38   81.05
00:34:02 71.52   65.15   75.49   80.99
00:35:12 71.62   65.69   75.42   80.94
00:36:23 71.68   66.50   75.32   80.79
00:37:35 71.72   67.47   75.40   80.63
00:38:45 71.79   64.33   75.50   80.54
00:39:56 71.81   57.66   75.37   80.44
00:41:07 71.65   54.69   75.70   80.35
00:42:18 71.45   53.94   75.47   80.22
00:43:29 71.32   53.58   75.11   80.14
00:44:40 71.21   53.16   75.23   80.04
00:45:51 71.14   52.72   75.57   79.88
00:47:02 71.04   58.94   75.51   79.80
00:48:13 71.11   63.10   75.17   79.83
00:49:24 71.30   64.66   75.48   79.87
00:49:35 71.41   65.42   75.30   79.90
00:50:46 71.50   66.03   75.19   79.89
00:51:56 71.59   66.97   75.28   79.87
00:53:08 71.70   68.24   75.64   79.66
00:54:19 71.73   69.48   75.70   79.58
00:55:30 71.82   70.55   75.57   79.55
00:56:41 71.91   71.47   75.43   79.57
00:57:52 71.95   72.21   75.42   79.60
00:59:03 72.04   72.71   75.58   79.57
01:00:13 72.09   73.09   75.56   79.59
01:01:24 72.15   73.38   75.54   79.52
01:02:35 72.17   73.60   75.84   79.53
01:03:46 72.21   73.74   75.98   79.56
01:04:57 72.28   73.98   75.98   79.47
01:06:08 72.29   74.12   75.81   79.50
01:07:19 72.38   74.19   76.12   79.66
01:08:30 72.39   74.28   76.03   79.70
01:09:42 72.39   74.31   75.62   79.66
01:10:52 72.42   74.24   75.53   79.63
01:12:03 72.47   74.23   75.66   79.66
01:13:14 72.50   74.36   75.70   79.64
01:14:25 72.51   74.47   75.93   79.61
01:15:36 72.59   74.49   75.74   79.60
01:16:47 72.60   74.63   75.72   79.66
01:17:58 72.61   74.76   75.94   79.72
01:19:09 72.61   74.86   75.99   79.81
01:20:20 72.62   74.86   75.94   79.81
01:21:31 72.67   74.87   75.82   79.76
01:22:42 72.71   74.91   75.80   79.69
01:23:53 72.72   74.92   75.75   79.60
01:25:04 72.73   74.93   75.78   79.58
01:26:15 72.78   74.97   75.99   79.58
01:27:26 72.82   74.97   75.90   79.62
01:28:36 72.84   75.05   75.94   79.68
01:29:47 72.84   75.08   76.09   79.67
01:30:59 72.84   75.08   76.25   79.70
01:32:10 72.84   74.98   76.23   79.81
01:33:20 72.85   74.93   76.38   79.82
01:34:32 72.93   74.86   76.18   79.81
01:35:43 72.94   74.86   76.23   79.81
01:36:53 72.96   74.95   76.25   79.94
01:38:04 72.95   74.95   76.21   79.92
01:39:16 72.96   74.90   76.20   79.93
01:40:26 72.95   74.90   76.34   79.98
01:41:37 72.95   74.90   76.18   79.95
01:42:48 72.97   74.88   76.24   79.97
01:43:59 72.96   74.86   76.51   79.93
01:45:10 72.96   74.88   76.48   79.92
01:46:21 72.95   74.86   76.42   79.83
01:47:32 72.98   74.92   76.54   79.81
01:48:43 73.02   74.97   76.46   79.90
01:49:54 73.00   75.00   76.55   79.96
01:51:05 73.05   75.03   76.61   79.99
01:52:16 73.06   75.07   76.64   80.05
01:53:27 73.06   75.09   76.40   80.06
01:54:38 73.06   75.07   76.60   80.06
01:55:49 73.06   75.09   76.59   80.14
01:57:00 73.06   75.08   76.65   80.04
01:58:11 73.06   75.09   76.46   80.09
01:59:22 73.08   75.11   76.61   80.05
02:00:33 73.06   75.10   76.45   80.11
02:01:44 73.12   75.14   76.87   80.03
02:02:55 73.12   75.20   76.99   79.93
02:04:06 73.08   75.13   77.02   79.93
02:05:17 73.12   75.12   76.95   79.99
02:06:28 73.17   75.18   76.93   80.04
02:07:39 73.17   75.20   76.93   80.11
02:08:50 73.17   75.19   77.11   80.19
02:10:01 73.18   75.20   76.75   80.26
02:11:12 73.21   75.22   76.90   80.25
02:12:23 73.21   75.21   76.73   80.29
02:13:34 73.21   75.25   76.67   80.36
02:14:45 73.25   75.31   76.79   80.38
02:15:56 73.26   75.31   76.83   80.38
02:17:07 73.28   75.31   76.79   80.38
02:18:18 73.29   75.36   76.80   80.44
02:19:29 73.29   75.41   76.80   80.49
02:20:40 73.29   75.42   76.99   80.48
02:21:51 73.29   75.42   76.72   80.48
02:23:02 73.28   75.42   76.94   80.49
02:24:12 73.29   75.49   77.02   80.39
02:25:24 73.29   75.53   76.94   80.45
02:26:35 73.28   75.54   76.92   80.50
02:27:45 73.30   75.54   76.81   80.40
02:28:57 73.33   75.57   76.97   80.31
02:30:07 73.30   75.64   76.85   80.40
02:31:18 73.37   75.65   76.79   80.48
02:32:29 73.34   75.68   76.88   80.56
02:33:41 73.30   75.70   77.10   80.57
02:34:51 73.35   75.66   77.00   80.52
02:36:02 73.36   75.65   77.04   80.60
02:37:13 73.40   75.67   77.04   80.61
02:38:24 73.41   75.70   76.94   80.63
02:39:35 73.40   75.74   77.12   80.59
02:40:46 73.44   75.76   76.91   80.61
02:41:57 73.43   75.76   76.96   80.60
02:43:08 73.45   75.77   76.97   80.56
02:44:19 73.48   75.76   77.15   80.60
02:45:30 73.45   75.76   77.21   80.62
02:46:41 73.50   75.82   77.03   80.75
02:47:52 73.52   75.84   77.06   80.83
02:48:03 73.51   75.86   77.25   80.84
02:49:14 73.51   75.94   77.30   80.86
02:50:25 73.54   76.02   76.96   80.92
02:51:36 73.53   76.09   77.03   80.84
02:52:47 73.59   76.21   76.99   80.83
02:53:58 73.60   76.29   77.20   80.83
02:55:09 73.62   76.40   77.35   80.83
02:56:20 73.61   76.44   77.30   80.89
02:57:31 73.62   76.50   77.30   80.95
02:58:42 73.63   76.54   77.13   81.04
02:59:53 73.63   76.55   77.07   81.00
03:01:04 73.63   76.56   76.98   80.95
03:02:14 73.63   76.59   77.03   80.94
03:03:25 73.63   76.58   76.95   80.93
03:04:36 73.69   76.62   77.19   80.91
03:05:47 73.70   76.64   77.19   80.89
03:06:58 73.66   76.65   77.30   80.83
03:08:09 73.72   76.66   77.19   80.80
03:09:19 73.72   76.66   77.34   80.83
03:10:31 73.73   76.66   77.18   80.94
03:11:42 73.72   76.66   77.28   81.05
03:12:52 73.74   76.67   77.34   81.06
03:14:03 73.74   76.67   77.24   81.07
03:15:15 73.70   76.68   77.22   81.05
03:16:25 73.70   76.69   77.28   81.01
03:17:36 73.73   76.74   77.28   81.05
03:18:47 73.74   76.70   77.16   81.10
03:19:58 73.74   76.66   77.46   81.16
03:21:09 73.74   76.66   77.48   81.15
03:22:20 73.74   76.66   77.61   81.16
03:23:31 73.74   76.66   77.45   81.16
03:24:42 73.75   76.69   77.68   81.16
03:25:53 73.75   76.78   77.59   81.16
03:27:04 73.75   76.77   77.64   81.13
03:28:15 73.82   76.75   77.53   81.15
03:29:26 73.84   76.75   77.54   81.16
03:30:37 73.84   76.78   77.73   81.16
03:31:48 73.83   76.78   77.57   81.08
03:32:59 73.83   76.78   77.53   81.15
03:34:10 73.82   76.78   77.52   81.07
03:35:21 73.83   76.78   77.57   81.04
03:36:32 73.83   76.78   77.55   81.10
03:37:43 73.82   76.78   77.32   81.25
03:38:54 73.84   76.79   77.53   81.27
03:40:05 73.84   76.80   77.29   81.24
03:41:16 73.85   76.79   77.55   81.22
03:42:26 73.84   76.80   77.48   81.29
03:43:38 73.84   76.85   77.36   81.30
03:44:49 73.84   76.87   77.38   81.34
03:45:59 73.84   76.82   77.33   81.39
03:47:10 73.85   76.80   77.45   81.38
03:48:21 73.85   76.87   77.64   81.46
03:49:32 73.85   76.89   77.60   81.38
03:50:43 73.88   76.89   77.64   81.30
03:51:54 73.85   76.89   77.56   81.36
03:53:05 73.87   76.89   77.83   81.30
03:54:16 73.90   76.91   77.52   81.34
03:55:27 73.92   76.91   77.69   81.29
03:56:38 73.93   76.92   77.44   81.28
03:57:49 73.95   76.98   77.71   81.37
03:59:00 73.96   76.99   77.56   81.38
04:00:11 73.96   76.96   77.51   81.39
04:01:22 73.97   76.98   77.78   81.37
04:02:33 73.97   77.00   77.66   81.39
04:03:44 73.97   77.00   77.63   81.39
04:04:55 73.97   77.00   77.56   81.34
04:06:06 73.96   77.00   77.61   81.29
04:07:17 73.96   76.99   77.62   81.38
04:08:28 73.96   77.00   77.51   81.39
04:09:39 73.97   77.00   77.47   81.40
04:10:50 73.97   77.00   77.57   81.35
04:12:01 73.96   77.00   77.73   81.36
04:13:12 73.96   77.00   77.65   81.39
04:14:23 73.96   77.00   77.58   81.38
04:15:34 73.96   77.00   77.62   81.37
04:16:45 73.97   77.00   77.80   81.39
04:17:56 73.97   77.00   77.77   81.39
04:19:07 73.97   77.01   77.71   81.39
04:20:18 73.97   77.00   77.82   81.42
04:21:29 73.97   77.02   77.75   81.49
04:22:40 74.04   77.03   77.67   81.50
04:23:51 74.00   77.04   77.74   81.57
04:25:02 74.04   77.10   77.82   81.55
04:26:13 74.06   77.04   77.81   81.58
04:27:24 74.01   77.06   77.75   81.61
04:28:35 74.04   77.10   77.74   81.57
04:29:45 74.07   77.10   77.64   81.57
04:30:57 74.08   77.11   77.89   81.54
04:32:08 74.08   77.11   77.85   81.62
04:33:18 74.07   77.11   77.53   81.62
04:34:29 74.08   77.11   77.69   81.61
04:35:41 74.08   77.11   78.02   81.63
04:36:51 74.08   77.11   77.88   81.72
04:38:02 74.11   77.12   78.09   81.77
04:39:13 74.15   77.18   77.82   81.83
04:40:24 74.14   77.17   77.95   81.81
04:41:35 74.19   77.22   77.71   81.72
04:42:46 74.18   77.22   77.75   81.73
04:43:57 74.18   77.22   77.88   81.72
04:45:08 74.19   77.22   77.89   81.71
04:46:19 74.18   77.22   78.00   81.72
04:47:30 74.19   77.22   78.05   81.72
04:48:41 74.19   77.22   77.92   81.72
04:49:52 74.19   77.22   77.97   81.72
04:51:03 74.19   77.22   77.86   81.72
04:52:14 74.19   77.22   77.74   81.76
04:53:25 74.19   77.22   77.88   81.84
04:54:36 74.19   77.22   77.74   81.84
04:55:47 74.19   77.22   77.64   81.80
04:56:58 74.19   77.23   78.11   81.74
04:58:09 74.19   77.22   77.98   81.82
04:59:20 74.19   77.22   77.97   81.83
05:00:31 74.22   77.23   78.18   81.78
05:01:42 74.24   77.26   77.96   81.84
05:02:53 74.23   77.29   77.79   81.84
05:04:04 74.30   77.30   78.01   81.78
05:05:15 74.30   77.34   78.18   81.79
05:06:26 74.30   77.34   78.04   81.84
05:07:37 74.29   77.33   78.07   81.84
05:08:48 74.30   77.33   77.86   81.91
05:09:59 74.32   77.34   78.00   81.92
05:11:10 74.31   77.34   78.07   81.95
05:12:21 74.32   77.33   78.18   81.88
05:13:31 74.31   77.34   78.02   81.84
05:14:43 74.33   77.34   78.19   81.84
05:15:54 74.31   77.34   78.07   81.84
05:17:04 74.31   77.34   78.11   81.82
05:18:15 74.31   77.34   78.15   81.84
05:19:26 74.33   77.34   78.11   81.88
05:20:37 74.31   77.34   78.19   81.95
05:21:48 74.33   77.34   78.28   81.97
05:23:00 74.30   77.36   78.14   81.95
05:24:10 74.31   77.36   78.11   81.95
05:25:21 74.32   77.35   78.07   81.84
05:26:32 74.32   77.34   78.24   81.84
05:27:43 74.33   77.35   78.08   81.93
05:28:54 74.32   77.35   77.97   81.95
05:30:05 74.34   77.39   77.77   81.91
05:31:16 74.36   77.34   77.80   81.94
05:32:27 74.32   70.42   78.02   81.96
05:33:38 74.26   62.60   78.10   81.92
05:34:48 74.13   60.37   78.30   81.78
05:36:00 73.89   58.15   78.06   81.64
05:37:11 73.71   57.25   78.08   81.51
05:38:22 73.56   62.66   77.95   81.56
05:39:33 73.51   67.91   77.91   81.61
05:40:44 73.60   69.78   78.18   81.61
05:41:55 73.63   71.56   78.23   81.56
05:43:05 73.65   72.33   77.93   81.50
05:44:17 73.70   72.96   78.09   81.51
05:45:28 73.74   73.52   78.23   81.42
05:46:38 73.74   74.29   78.05   81.43
05:46:21 73.81   75.33   78.20   81.46
05:47:33 73.85   76.22   78.25   81.40
05:48:43 73.88   76.65   78.32   81.40
05:49:54 73.95   76.81   78.31   81.50
05:51:06 73.97   76.89   78.09   81.49
05:52:16 74.04   76.92   78.05   81.49
05:53:27 74.08   77.00   78.11   81.52
05:54:38 74.09   77.02   78.13   81.51
05:55:49 74.12   77.08   78.16   81.51
05:57:00 74.14   77.11   78.13   81.57
05:58:11 74.18   77.11   78.37   81.61
05:59:22 74.16   77.11   78.36   81.61
06:00:33 74.17   77.11   78.23   81.61
06:01:44 74.19   77.12   78.35   81.60
06:02:55 74.19   77.17   78.38   81.61
06:04:06 74.19   77.19   78.15   81.70
06:05:17 74.19   77.19   78.18   81.72
06:06:28 74.19   77.18   78.25   81.76
06:07:39 74.22   77.22   78.50   81.74
06:08:50 74.25   77.22   78.43   81.75
06:10:01 74.27   77.22   78.17   81.72
06:11:12 74.29   77.22   78.11   81.81
06:12:23 74.30   77.22   78.31   81.82
06:13:34 74.30   77.23   78.50   81.73
06:14:45 74.34   77.22   78.37   81.71
06:15:56 74.33   77.23   78.30   81.75
06:17:07 74.37   77.22   78.20   81.84
06:18:18 74.40   77.22   78.15   81.80
06:19:29 74.40   77.24   78.28   81.83
06:20:40 74.41   77.25   78.38   81.84
06:21:50 74.41   77.26   78.26   81.87
06:23:02 74.41   77.25   78.43   81.97
06:24:13 74.41   77.22   78.15   82.03
06:25:23 74.41   77.26   78.30   82.34
06:26:34 74.41   77.30   78.26   95.59
06:27:46 74.41   77.33   78.27   100.98
06:28:57 74.43   77.34   78.25   101.20
06:30:07 74.43   77.38   78.28   100.41
06:31:19 74.45   77.41   78.37   99.57
06:32:30 74.51   77.38   78.32   98.73
06:33:40 74.53   77.39   78.42   98.80
06:34:51 74.53   77.45   78.42   100.89
06:36:03 74.54   77.45   78.24   100.56
06:37:13 74.54   77.45   78.19   99.80
06:38:24 74.59   77.47   78.41   99.08
06:39:35 74.61   77.47   78.27   98.36
06:40:46 74.64   77.46   78.20   97.71
06:41:57 74.64   77.41   78.25   97.04
06:43:08 74.64   77.42   78.32   96.47
06:44:19 74.64   77.42   78.46   96.01
06:45:30 74.64   77.44   78.45   95.57
06:46:41 74.64   77.45   78.30   95.08
06:47:52 74.64   77.46   78.58   94.64
06:49:03 74.66   77.46   78.38   94.18
06:50:14 74.69   77.47   78.47   93.77
06:51:25 74.74   77.53   78.52   93.39
06:52:36 74.75   77.55   78.46   92.99
06:53:47 74.76   77.56   78.24   92.58
06:54:58 74.75   77.56   77.98   92.22
06:56:09 74.76   77.56   78.37   91.86
06:57:20 74.81   77.57   78.26   91.52
06:58:31 74.79   77.57   78.27   91.21
06:59:41 74.79   77.59   78.46   92.76
07:00:53 74.85   77.65   78.43   100.55
07:02:04 74.86   77.65   78.54   101.78
07:03:14 74.86   77.67   78.43   100.81
07:04:25 74.90   77.66   78.36   99.73
07:05:37 74.88   77.67   78.32   98.71
07:06:47 74.87   77.67   78.48   97.77
07:07:58 74.88   77.67   78.46   96.95
07:09:10 74.88   77.66   78.18   96.24
07:10:20 74.86   77.67   78.32   95.56
07:11:31 74.88   77.67   78.52   94.92
07:12:42 74.87   77.71   78.50   94.43
07:13:53 74.93   77.68   78.35   93.94
07:15:04 74.98   77.75   78.29   93.52
07:16:15 74.99   77.80   78.19   93.15
07:17:26 75.05   77.85   78.24   92.72
07:18:37 75.09   77.88   78.54   92.34
07:19:48 75.09   77.89   78.47   92.02
07:20:59 75.13   77.90   78.38   91.74
07:22:10 75.17   77.90   78.35   91.38
07:23:21 75.17   77.95   78.46   91.00
07:24:32 75.18   77.98   78.73   90.69
07:25:43 75.20   78.01   78.46   90.44
07:26:54 75.20   78.01   78.68   90.13
07:28:05 75.21   78.06   78.55   89.85
07:29:16 75.21   78.09   78.72   89.63
07:30:27 75.21   78.11   78.70   89.35
07:31:38 75.21   73.12   78.52   89.11
07:32:49 75.18   61.92   78.55   88.86
07:34:00 75.04   60.64   78.65   88.59
07:35:11 74.84   58.95   78.58   88.31
07:36:21 74.65   57.95   78.40   88.02
07:37:33 74.49   58.13   78.56   87.72
07:38:44 74.39   66.25   78.52   87.48
07:39:54 74.44   68.85   78.53   87.23
07:41:05 74.45   70.47   78.61   87.05
07:42:17 74.53   71.96   78.64   86.83
07:43:27 74.54   72.79   78.63   86.77
07:44:38 74.62   73.47   78.73   86.60
07:45:49 74.64   74.11   78.60   86.37
07:47:00 74.67   74.90   78.78   86.20
07:48:11 74.74   75.88   78.73   86.05
07:49:22 74.75   76.84   78.58   85.89
07:50:33 74.81   77.37   78.39   85.68
07:51:44 74.86   77.59   78.54   85.55
07:52:55 74.92   77.67   78.36   85.55
07:54:06 74.97   77.77   78.31   85.54
07:55:17 74.99   77.81   78.37   85.43
07:56:28 75.07   77.87   78.44   85.35
07:57:38 75.09   77.90   78.57   85.20
07:58:49 75.11   70.25   78.68   85.06
08:00:01 75.05   61.89   78.69   84.86
08:01:11 74.93   59.63   78.74   84.70
08:02:22 74.79   58.93   78.55   84.51
08:03:33 74.63   66.76   78.77   84.40
08:04:45 74.63   69.58   78.49   84.29
08:05:55 74.64   71.68   78.65   84.22
08:07:06 74.71   72.93   78.84   84.25
08:08:17 74.74   73.88   78.67   84.21
08:09:28 74.75   75.35   78.70   84.16
08:10:39 74.81   76.75   78.85   83.97
08:11:50 74.85   77.39   78.86   83.86
08:13:01 74.87   77.62   78.82   83.85
08:14:12 74.96   77.71   78.70   83.88
08:15:23 75.00   77.79   78.67   83.81
08:16:34 75.09   77.86   78.54   83.68
08:17:45 75.15   77.90   78.53   83.57
08:18:56 75.18   77.91   78.73   84.05
08:20:07 75.20   77.95   78.77   85.11
08:21:18 75.21   78.01   78.74   85.21
08:22:29 75.29   78.01   78.75   85.09
08:23:40 75.31   78.02   78.89   85.08
08:24:51 75.32   78.09   78.71   85.08
08:26:02 75.39   78.11   78.66   85.03
08:27:13 75.42   78.13   78.81   84.95
08:28:24 75.42   78.14   78.71   84.83
08:29:35 75.42   78.15   78.78   84.76
08:30:46 75.45   78.19   78.81   84.72
08:31:56 75.50   78.21   79.03   84.62
08:33:07 75.54   78.23   78.87   84.54
08:34:18 75.54   78.24   78.80   84.50
08:35:29 75.54   78.24   78.77   84.34
08:36:40 75.54   78.27   78.79   84.27
08:37:51 75.56   78.31   78.75   84.22
08:39:02 75.64   78.34   78.96   84.20
08:40:13 75.63   78.35   79.01   84.20
08:41:24 75.59   78.35   78.99   84.16
08:42:35 75.61   78.35   79.01   84.07
08:43:46 75.64   78.35   79.01   83.96
08:44:57 75.65   78.35   79.06   83.87
08:46:08 75.65   78.35   79.20   83.87
08:45:50 75.65   78.36   79.17   87.56
08:47:01 75.64   78.38   79.12   100.03
08:48:12 75.65   78.37   79.07   103.31
08:49:23 75.66   78.38   79.02   104.16
08:50:34 75.65   78.39   79.15   104.29
08:51:45 75.65   78.38   79.15   104.79
08:52:56 75.69   78.42   79.28   105.74
08:54:07 75.74   78.46   79.45   106.31
08:55:18 75.76   78.47   79.15   106.80
08:56:28 75.79   78.52   79.08   106.51
08:57:39 75.88   78.57   79.18   106.01
08:58:50 75.88   78.59   79.11   107.32
09:00:01 75.89   78.66   79.28   107.97
09:01:12 75.99   78.69   79.24   109.09
09:02:24 75.99   78.77   79.40   109.57
09:03:34 76.00   78.80   79.16   109.73
09:04:45 76.00   78.80   79.60   109.83
09:05:56 76.03   78.81   79.61   110.14
09:07:07 76.00   78.82   79.52   110.33
09:08:18 76.08   78.84   79.63   110.36
09:09:29 76.10   78.89   79.74   110.00
09:10:40 76.10   78.91   79.74   110.76
09:11:51 76.13   78.91   79.66   110.77
09:13:02 76.17   78.92   79.81   111.34
09:14:13 76.21   70.48   79.62   111.57
09:15:24 76.21   62.54   79.85   112.88
09:16:35 76.11   61.59   79.73   113.51
09:17:46 75.94   60.02   79.61   113.12
09:18:57 75.81   59.43   79.52   112.34
09:20:08 75.65   59.34   79.67   111.35
09:21:19 75.53   66.95   79.76   110.26
09:22:30 75.53   69.83   79.45   109.25
09:23:41 75.55   70.93   79.72   108.30
09:24:52 75.61   72.26   79.71   107.45
09:26:02 75.63   73.28   79.47   107.67
09:27:14 75.64   73.97   79.57   112.06
09:28:25 75.65   74.64   79.62   112.62
09:29:35 75.66   75.30   79.75   111.98
09:30:47 75.66   75.87   79.66   110.99
09:31:58 75.68   76.86   79.76   109.91
09:33:08 75.76   77.77   79.78   108.93
09:34:19 75.76   78.27   79.71   108.03
09:35:31 75.82   78.47   79.63   107.16
09:36:41 75.90   78.58   79.54   106.31
09:37:52 75.98   78.67   79.67   105.42
09:39:03 75.98   76.85   79.53   104.62
09:40:14 75.99   64.91   79.54   103.83
09:41:25 75.91   61.74   79.77   103.05
09:42:36 75.79   60.07   79.66   102.34
09:43:47 75.65   59.53   79.76   101.66
09:44:58 75.54   59.15   79.54   100.91
09:46:09 75.40   58.89   79.76   100.29
09:47:20 75.26   59.74   79.54   99.64
09:48:31 75.23   67.63   79.66   99.05
09:49:42 75.34   69.52   79.54   98.57
09:50:53 75.44   70.37   79.71   98.09
09:52:04 75.50   71.21   79.62   98.08
09:53:15 75.57   72.11   79.61   106.59
09:54:26 75.65   72.97   79.46   109.50
09:55:37 75.71   73.74   79.68   109.66
09:56:48 75.79   74.49   79.58   109.67
09:57:59 75.88   75.15   79.57   109.31
09:59:10 75.94   75.16   79.78   108.79
10:00:21 75.99   65.47   79.95   108.15
10:01:32 75.98   61.78   79.84   107.39
10:02:43 75.89   60.23   79.51   106.61
10:03:54 75.77   59.66   79.63   105.88
10:05:05 75.66   59.36   79.32   105.17
10:06:16 75.56   59.08   79.38   104.40
10:07:27 75.54   58.69   79.77   103.71
10:08:38 75.47   58.45   79.68   103.05
10:09:49 75.42   58.61   79.50   102.41
10:11:00 75.37   66.41   79.40   104.41
10:12:11 75.55   68.98   79.61   111.87
10:13:22 75.67   69.99   79.46   113.58
10:14:33 75.79   70.60   79.63   116.44
10:15:43 75.80   71.40   79.64   116.88
10:16:54 75.85   72.18   79.59   116.29
10:18:05 75.88   72.27   79.53   115.08
10:19:16 75.87   65.19   79.38   114.03
10:20:27 75.82   61.09   79.24   112.81
10:21:38 75.72   59.69   79.22   111.49
10:22:49 75.57   59.24   79.38   110.22
10:23:59 75.49   58.84   79.18   109.05
10:25:10 75.36   58.63   79.31   108.26
10:26:21 75.40   58.56   79.07   111.60
10:27:32 75.41   58.48   79.31   112.58
10:28:42 75.25   58.35   79.18   111.53
10:29:54 75.21   58.24   78.80   110.22
10:31:04 75.29   58.06   79.09   109.65
10:32:15 75.29   57.92   79.17   109.14
10:33:26 75.30   61.22   79.23   108.38
10:34:36 75.43   67.70   79.29   107.76
10:35:47 75.57   69.09   79.53   107.66
10:36:58 75.65   69.79   79.19   107.31
10:38:09 75.68   70.30   79.17   106.80
10:39:20 75.82   70.84   79.35   106.20
10:40:30 75.88   69.57   79.11   105.62
10:41:41 75.90   63.45   79.20   104.98
10:42:52 75.86   60.36   79.44   104.29
10:44:02 75.81   59.59   79.67   103.66
10:45:13 75.71   59.23   79.81   103.07
10:46:24 75.65   58.89   80.00   102.50
10:47:34 75.63   58.68   79.98   102.00
10:48:45 75.54   58.34   79.58   101.50
10:49:56 75.53   58.14   80.04   101.01
10:51:07 75.45   58.17   79.98   100.52
10:52:17 75.44   57.90   79.77   100.03
10:53:28 75.42   57.72   79.66   99.55
10:54:39 75.35   57.65   79.76   98.88
10:55:50 75.23   57.48   79.48   98.32
10:57:00 75.17   57.68   79.38   97.89
10:58:11 75.09   57.35   79.15   97.49
10:59:22 75.14   57.23   79.21   97.11
11:00:33 75.08   57.22   79.03   96.62
11:01:44 75.01   57.12   78.90   96.33
11:02:55 74.99   56.92   78.97   95.93
11:04:06 74.95   56.95   79.57   95.51
11:05:16 74.97   56.80   79.77   95.23
11:06:27 74.94   56.66   79.36   94.94
11:07:38 74.86   56.45   79.14   94.57
11:08:49 74.79   56.55   79.29   94.17
11:10:00 74.73   56.52   79.14   93.83
11:11:11 74.72   56.50   79.32   93.48
11:12:22 74.71   56.30   79.14   93.16
11:13:33 74.64   56.23   78.79   92.78
11:14:43 74.64   56.25   78.68   92.50
11:15:54 74.64   56.13   78.58   92.15
11:17:05 74.62   56.08   78.47   91.74
11:18:16 74.64   55.96   78.71   91.41
11:19:27 74.64   56.10   78.95   91.14
11:20:38 74.63   56.11   78.79   90.91
11:21:49 74.59   56.25   78.95   90.60
11:23:00 74.64   56.23   78.91   90.35
11:24:11 74.61   56.22   79.23   90.18
11:25:21 74.67   56.10   78.90   89.99
11:26:32 74.66   55.98   78.97   89.60
11:27:43 74.63   55.80   78.95   89.39
11:28:53 74.49   55.85   78.74   89.12
11:30:04 74.48   55.63   78.65   88.94
11:31:14 74.49   55.53   78.47   88.72
11:32:25 74.41   55.40   78.86   88.48
11:33:35 74.41   55.15   78.96   88.27
11:34:46 74.31   55.28   78.86   88.22
11:35:57 74.30   55.17   78.43   87.97
11:37:07 74.30   55.11   78.28   87.78
11:38:18 74.27   54.96   78.47   87.52
11:39:28 74.26   55.00   78.40   87.30
11:40:39 74.30   54.75   78.45   87.10
11:41:50 74.23   54.75   78.64   86.87
11:43:00 74.20   54.70   78.46   86.69
11:44:11 74.19   54.66   78.78   86.53
11:44:08 74.12   54.42   78.47   86.36
11:45:18 74.10   54.49   78.71   86.19
11:46:29 74.08   54.21   78.52   86.01
11:47:39 74.08   54.13   78.43   85.80
11:48:50 74.06   54.09   78.47   85.66
11:50:01 74.16   54.01   78.74   85.47
11:51:11 74.23   53.93   78.83   85.34
11:52:22 74.13   54.04   78.56   85.21
11:53:32 74.08   54.10   78.67   85.17
11:54:43 74.04   53.84   78.72   85.03
11:55:53 74.07   53.75   78.59   84.92
11:57:04 74.08   53.96   78.56   84.75
11:58:14 74.05   53.92   78.33   84.63
11:59:25 73.96   53.75   78.45   84.50
12:00:36 73.96   53.70   78.30   84.38
12:01:46 73.90   53.72   78.68   84.25
12:02:57 73.85   53.70   78.48   84.18
12:04:08 73.86   53.75   78.23   84.09
12:05:18 73.89   53.66   78.31   84.03
12:06:29 73.85   53.57   78.50   83.90
12:07:39 73.85   53.55   78.70   83.71
12:08:50 73.86   53.58   78.18   83.51
12:10:01 73.92   53.72   78.24   83.32
12:11:11 73.95   53.61   78.16   83.30
12:12:22 74.01   53.87   78.03   83.22
12:13:33 74.08   54.06   77.96   83.19
12:14:43 74.03   54.05   77.91   83.19
12:15:54 74.00   54.04   77.92   83.09
12:17:04 74.03   54.00   78.21   83.01
12:18:15 73.91   53.89   78.16   95.66
12:19:25 73.90   54.12   77.89   106.34
12:20:36 73.79   53.81   78.11   107.27
12:21:47 73.74   53.75   78.29   107.54
12:22:57 73.81   53.75   77.98   107.37
12:24:08 73.84   53.95   78.02   106.82
12:25:18 73.90   53.91   77.76   106.05
12:26:29 74.05   53.99   77.79   105.11
12:27:39 73.96   53.96   77.88   104.19
12:28:50 73.94   53.99   77.98   103.33
12:30:00 73.96   54.07   77.88   102.50
12:31:11 73.98   54.24   77.79   101.64
12:32:22 73.95   54.08   77.92   100.81
12:33:32 73.97   54.16   77.81   100.11
12:34:43 74.00   54.07   77.71   99.40
12:35:54 73.92   54.07   77.62   98.78
12:37:04 74.01   54.12   78.05   98.18
12:38:15 74.00   54.11   77.85   97.54
12:39:25 73.95   53.99   77.98   96.91
12:40:36 73.99   54.38   77.71   96.24
12:41:47 74.10   54.50   77.79   95.67
12:42:57 73.95   54.38   77.74   102.82
12:44:08 73.78   54.01   78.02   105.16
12:45:19 73.74   53.95   78.17   105.87
12:46:29 73.71   54.04   77.95   109.16
12:47:40 73.73   54.20   77.82   108.77
12:48:50 73.89   54.76   77.54   108.52
12:50:01 73.96   54.84   77.62   109.33
12:51:11 73.96   54.51   77.53   108.21
12:52:22 74.02   54.41   77.48   106.86
12:53:32 74.08   54.50   77.71   105.56
12:54:43 74.27   54.37   77.54   104.47
12:55:54 74.42   54.40   77.60   103.29
12:57:04 74.32   54.32   77.84   102.25
12:58:15 74.17   54.22   77.70   101.28
12:59:25 74.16   54.41   77.81   100.43
13:00:36 74.02   54.36   77.84   99.54
13:01:46 73.88   54.17   77.71   98.70
13:02:57 73.82   54.24   77.60   97.99
13:04:08 73.74   54.12   77.38   97.27
13:05:18 73.73   53.94   77.78   96.49
13:06:29 73.65   53.89   77.98   95.82
13:07:40 73.63   53.83   77.70   95.22
13:08:50 73.63   54.06   77.49   94.62
13:10:01 73.62   53.84   77.82   94.10
13:11:11 73.57   53.94   77.77   93.65
13:12:22 73.54   53.84   77.74   93.11
13:13:33 73.47   53.68   77.64   92.55
13:14:43 73.47   53.67   77.61   92.08
13:15:54 73.42   53.73   77.64   91.68
13:17:04 73.41   53.50   77.63   91.20
13:18:15 73.35   53.54   77.90   90.84
13:19:25 73.38   53.58   78.07   90.48
13:20:36 73.41   53.55   77.92   90.03
13:21:47 73.44   53.64   77.70   89.64
13:22:57 73.50   53.62   77.72   89.49
13:24:08 73.52   53.67   77.71   89.20
13:25:18 73.47   53.59   77.77   88.87
13:26:29 73.49   53.59   77.81   88.58
13:27:39 73.48   53.54   77.77   88.27
13:28:50 73.40   53.45   77.62   87.90
13:30:00 73.32   53.58   77.82   87.56
13:31:11 73.28   53.40   77.79   87.35
13:32:22 73.25   53.54   77.61   87.12
13:33:32 73.20   53.45   77.79   86.87
13:34:43 73.19   53.16   77.50   86.56
13:35:53 73.17   53.40   77.45   86.27
13:37:04 73.17   53.22   77.49   86.12
13:38:14 73.19   53.38   77.16   85.91
13:39:25 73.18   53.23   77.48   85.70
13:40:36 73.09   53.14   77.41   85.48
13:41:46 73.06   52.95   77.39   85.40
13:42:57 73.11   53.05   77.36   85.21
13:44:08 73.17   53.09   77.21   85.05
13:45:18 73.20   53.08   77.41   84.77
13:46:29 73.16   53.03   77.59   84.57
13:47:39 73.25   53.09   77.59   84.41
13:48:50 73.12   53.10   77.55   84.24
13:50:01 73.07   53.04   77.43   84.11
13:51:11 73.07   52.92   77.13   83.96
13:52:22 73.02   53.05   77.25   83.83
13:53:32 72.99   53.11   77.21   83.66
13:54:43 73.02   52.99   77.13   83.51
13:55:53 73.01   52.94   77.05   83.33
13:57:04 72.96   52.98   77.11   83.25
13:58:14 72.95   52.89   77.16   83.05
13:59:25 72.96   53.05   76.99   82.91
14:00:35 72.94   52.92   77.06   82.75
14:01:46 72.93   52.96   77.10   82.60
14:02:57 72.94   55.31   77.10   82.51
14:04:07 73.01   63.44   77.19   82.51
14:05:18 73.21   64.32   77.41   82.42
14:06:29 73.42   65.00   77.24   82.38
14:07:39 73.56   65.44   77.28   82.29
14:08:50 73.64   65.98   77.48   82.29
14:10:00 73.71   64.21   77.67   82.20
14:11:11 73.74   58.47   77.67   82.27
14:12:22 73.63   56.14   77.43   82.24
14:13:32 73.51   55.57   77.69   82.12
14:14:43 73.43   55.25   77.93   81.87
14:15:54 73.31   54.69   77.74   81.72
14:17:04 73.26   54.18   77.81   81.73
14:18:15 73.24   53.75   78.07   81.70
14:19:25 73.32   53.57   77.78   81.55
14:20:36 73.24   53.20   77.75   81.50
14:21:47 73.16   53.18   77.60   81.47
14:22:57 73.15   53.19   77.79   81.30
14:24:08 73.07   52.81   77.86   81.19
14:25:18 73.06   58.16   77.73   81.16
14:26:29 73.14   63.96   78.03   81.16
14:27:39 73.34   64.81   78.00   81.17
14:28:50 73.52   65.50   77.79   81.19
14:30:00 73.61   65.95   77.85   81.08
14:31:11 73.73   66.45   78.09   81.09
14:32:22 73.78   67.10   78.54   81.05
14:33:32 73.91   67.78   78.37   81.02
14:34:43 73.95   62.75   78.44   80.97
14:35:53 73.95   57.91   78.54   80.94
14:37:04 73.83   56.71   78.48   81.02
14:38:14 73.69   56.17   78.67   80.97
14:39:25 73.60   55.69   78.50   80.85
14:40:36 73.55   55.17   78.49   80.77
14:41:46 73.50   54.83   78.51   80.71
14:42:57 73.42   54.52   78.44   80.57
14:44:07 73.40   57.35   78.50   80.52
14:45:18 73.47   64.76   78.30   80.41
14:46:29 73.61   65.46   78.24   80.49
14:47:39 73.75   66.53   78.05   80.59
14:48:50 73.87   67.21   78.57   80.60
14:50:00 73.96   67.78   78.73   80.63
14:51:11 74.06   68.38   78.86   80.56
14:52:22 74.10   69.23   78.74   80.49
14:53:32 74.18   70.11   78.69   80.44
14:54:43 74.25   71.14   78.77   80.53
14:55:53 74.32   70.99   78.73   80.67
14:57:04 74.34   61.91   78.90   80.71
14:58:14 74.25   58.42   79.00   80.63
14:59:25 74.15   57.45   78.96   80.56
15:00:36 73.99   57.03   78.97   80.61
15:01:46 73.92   56.62   78.92   80.60
15:02:57 73.83   56.23   78.95   80.55
15:04:07 73.74   59.55   78.91   80.46
15:05:18 73.79   65.78   78.88   80.53
15:06:29 73.92   67.29   78.78   80.52
15:07:39 74.05   68.14   78.85   80.61
15:08:50 74.15   68.78   78.90   80.70
15:10:00 74.20   69.97   79.09   80.71
15:11:11 74.29   71.32   79.04   80.71
15:12:22 74.36   72.62   79.09   80.66
15:13:32 74.42   73.77   79.05   80.60
15:14:43 74.53   74.56   79.14   80.54
15:15:53 74.64   75.04   79.18   80.49
15:17:04 74.74   75.42   79.22   80.53
15:18:15 74.80   75.66   79.08   80.60
15:19:25 74.87   75.97   79.18   80.60
15:20:36 74.97   76.15   79.27   80.60
15:21:47 75.03   76.28   79.22   80.71
15:22:57 75.07   75.50   79.38   80.71
15:24:08 75.09   63.15   79.31   80.79
15:25:18 75.00   58.66   79.43   80.93
15:26:29 74.82   57.87   79.49   80.94
15:27:39 74.66   57.45   79.67   82.98
15:28:50 74.49   56.96   79.69   101.64
15:30:00 74.35   59.61   79.59   107.76
15:31:11 74.33   66.62   79.39   108.83
15:32:22 74.46   68.11   79.32   108.99
15:33:32 74.60   68.80   79.40   109.24
15:34:43 74.73   69.55   79.31   109.79
15:35:53 74.82   70.80   79.20   110.32
15:37:04 74.89   72.29   78.99   110.61
15:38:14 74.98   74.15   79.12   110.97
15:39:25 75.08   75.60   79.26   111.28
15:40:36 75.16   76.39   79.34   111.42
15:41:46 75.28   76.76   79.40   111.64
15:42:57 75.38   77.00   79.40   111.89
15:44:07 75.46   77.17   79.32   112.02
15:45:18 75.54   77.30   79.54   112.23
15:46:28 75.62   77.44   79.26   112.44
15:47:39 75.67   77.55   79.19   112.34
15:48:50 75.74   77.68   79.50   112.56
15:50:00 75.96   77.90   79.72   112.38
15:51:11 76.02   78.16   79.73   111.66
15:52:21 76.07   78.24   79.44   110.78
15:53:32 76.10   78.29   79.63   109.84
15:54:43 76.11   78.35   79.66   109.02
15:55:53 76.18   78.42   79.61   108.08
15:57:04 76.21   78.47   79.78   107.12
15:58:14 76.21   78.54   79.64   106.22
15:59:25 76.22   78.52   79.62   105.42
16:00:35 76.27   78.53   79.68   104.68
16:01:46 76.29   78.57   79.75   103.97
16:02:57 76.32   78.58   79.89   103.26
16:04:07 76.33   78.58   80.04   102.57
16:05:18 76.33   78.61   80.05   101.96
16:06:28 76.33   78.65   80.05   101.47
16:07:39 76.33   78.68   80.05   100.87
16:08:50 76.33   78.69   80.03   100.39
16:10:00 76.38   78.13   80.24   99.83
16:11:11 76.38   65.93   80.16   99.30
16:12:21 76.29   61.25   80.08   98.76
16:13:32 76.13   60.34   80.14   98.16
16:14:43 75.97   59.91   80.05   97.71
16:15:53 75.83   59.87   80.18   97.28
16:17:04 75.76   65.22   80.17   96.82
16:18:14 75.66   69.81   80.09   96.38
16:19:25 75.75   70.73   80.08   96.07
16:20:35 75.80   71.90   80.16   95.70
16:21:46 75.88   72.89   80.01   95.36
16:22:57 75.88   73.78   79.96   94.94
16:24:07 75.92   74.69   80.08   94.53
16:25:18 75.99   75.82   80.14   94.12
16:26:28 76.04   77.14   79.94   93.73
16:27:39 76.10   78.13   79.72   93.46
16:28:49 76.17   78.58   79.84   93.25
16:30:00 76.23   78.90   80.26   92.99
16:31:11 76.33   79.10   80.26   92.73
16:32:21 76.35   79.18   79.87   92.50
16:33:32 76.44   79.31   80.17   92.28
16:34:42 76.45   79.40   79.92   92.02
16:35:53 76.52   79.47   80.15   91.79
16:37:03 76.55   79.53   80.11   91.62
16:38:14 76.56   79.59   80.10   91.39
16:39:25 76.65   79.59   79.96   91.24
16:40:35 76.66   79.64   80.24   91.10
16:41:46 76.68   79.68   80.32   90.88
16:42:56 76.67   70.66   79.88   90.64
16:44:07 76.62   62.55   80.23   90.42
16:45:18 76.47   61.08   80.31   90.17
16:46:28 76.31   60.60   80.16   89.90
16:47:39 76.13   60.27   80.34   89.68
16:48:49 76.02   59.92   80.48   89.50
16:50:00 75.88   63.37   80.38   89.21
16:51:11 75.83   69.41   80.41   89.05
16:52:21 75.91   70.57   80.18   88.86
16:53:32 75.98   71.34   80.18   88.78
16:54:42 75.99   72.30   80.30   88.64
16:55:53 76.10   73.41   80.44   88.51
16:57:03 76.14   74.42   80.39   88.37
16:58:14 76.18   75.41   80.24   88.17
16:59:24 76.21   76.26   80.23   88.03
17:00:35 76.27   77.36   80.13   87.87
17:01:46 76.33   78.43   80.07   87.71
17:02:56 76.42   79.05   80.07   87.61
17:04:07 76.48   79.32   79.98   87.52
17:05:17 76.55   79.45   80.12   87.47
17:06:28 76.56   79.51   79.98   87.47
17:07:38 76.62   79.59   79.92   87.46
17:08:49 76.66   79.54   79.97   87.32
17:09:59 76.66   69.06   79.84   87.19
17:11:10 76.63   62.62   80.10   87.07
17:12:21 76.47   61.15   79.96   86.95
17:13:31 76.31   60.61   79.53   86.80
17:14:42 76.13   60.16   79.85   86.67
17:15:53 76.00   59.83   80.27   86.52
17:17:03 75.88   59.28   80.39   86.35
17:18:14 75.82   59.19   80.34   86.11
17:19:24 75.72   58.85   80.27   85.98
17:20:35 75.65   58.55   80.41   85.94
17:21:46 75.72   58.50   80.35   85.83
17:22:56 75.66   58.16   80.05   85.71
17:24:07 75.62   58.35   79.87   85.61
17:25:17 75.52   57.95   79.65   85.60
17:26:28 75.43   57.88   79.55   85.41
17:27:38 75.44   57.89   79.87   85.29
17:28:49 75.37   57.71   80.05   85.07
17:29:59 75.32   57.62   80.05   84.93
17:31:10 75.30   57.45   79.88   84.81
17:32:21 75.27   57.72   79.85   84.71
17:33:31 75.20   57.68   79.91   84.71
17:34:42 75.18   57.53   79.87   84.66
17:35:52 75.14   57.13   80.04   84.50
17:37:03 75.12   57.23   80.02   84.34
17:38:14 75.09   57.21   79.68   84.24
17:39:24 75.09   57.08   79.62   84.20
17:40:35 75.09   56.85   79.38   84.09
17:41:45 75.04   56.72   79.43   84.04
17:42:56 75.04   56.69   79.50   83.92
17:43:05 75.00   56.75   79.55   83.97
17:44:15 75.00   56.66   79.49   83.92
17:45:26 74.98   56.52   79.68   83.81
17:46:36 74.95   56.41   79.68   83.75
17:47:47 74.90   56.38   79.56   83.75
17:48:57 74.86   56.15   79.60   83.70
17:50:08 74.86   56.22   79.73   83.64
17:51:18 74.86   56.29   79.59   83.53
17:52:29 74.86   56.12   79.80   83.41
17:53:40 74.79   55.98   79.55   83.36
17:54:50 74.73   56.04   79.69   83.28
17:56:01 74.74   56.08   79.69   83.11
17:57:11 74.69   56.07   79.63   83.08
17:58:22 74.67   55.93   79.33   83.00
17:59:32 74.68   55.95   79.22   82.82
18:00:43 74.64   55.74   79.37   82.70
18:01:53 74.64   55.96   79.33   82.56
18:03:04 74.61   55.80   79.30   82.55
18:04:15 74.62   55.79   79.39   82.52
18:05:25 74.61   55.70   79.34   82.43
18:06:36 74.53   55.73   79.43   82.40
18:07:47 74.53   55.75   79.44   82.39
18:08:57 74.53   55.61   79.22   82.34
18:10:08 74.50   55.57   79.29   82.28
18:11:19 74.44   55.69   79.32   82.27
18:12:29 74.43   55.63   79.24   82.18
18:13:40 74.42   55.53   79.27   82.08
18:14:50 74.41   55.56   79.35   82.00
18:16:01 74.41   55.52   79.11   81.90
18:17:11 74.40   55.51   79.18   81.97
18:18:22 74.36   55.42   79.18   81.87
18:19:33 74.33   55.56   79.08   81.87
18:20:43 74.31   55.54   79.13   81.91
18:21:54 74.32   55.35   79.15   81.78
18:23:04 74.32   55.33   79.31   81.79
18:24:15 74.33   55.21   79.08   81.72
18:25:25 74.30   55.28   79.03   81.62
18:26:36 74.29   55.10   78.92   81.50
18:27:46 74.30   55.03   79.17   81.52
18:28:57 74.29   55.09   79.10   81.50
18:30:08 74.26   55.05   79.46   81.48
18:31:18 74.26   54.93   78.80   81.39
18:32:29 74.20   54.84   78.51   81.28
18:33:39 74.19   54.74   78.55   81.17
18:34:50 74.19   54.71   78.72   81.19
18:36:01 74.15   54.67   78.72   81.17
18:37:11 74.14   54.62   78.72   81.18
18:38:22 74.13   54.52   78.74   81.14
18:39:32 74.09   54.44   78.54   81.17
18:40:43 74.08   54.47   78.45   81.28
18:41:54 74.09   54.39   78.60   81.23
18:43:04 74.06   54.40   78.48   81.14
18:44:15 74.01   54.30   78.60   81.05
18:45:25 74.01   54.24   78.44   80.99
18:46:36 73.99   54.34   78.57   80.91
18:47:47 73.99   54.21   78.61   80.83
18:48:57 73.97   54.17   78.29   80.78
18:50:08 73.96   54.12   78.29   80.72
18:51:18 73.96   54.06   78.38   80.71
18:52:29 73.94   54.10   78.34   80.67
18:53:40 73.95   54.05   78.38   80.70
18:54:50 73.89   54.06   78.47   80.71
18:56:01 73.91   53.94   78.41   80.70
18:57:11 73.89   53.90   78.64   80.58
18:58:22 73.85   53.86   78.39   80.44
18:59:32 73.84   53.81   78.17   80.36
19:00:43 73.87   53.81   78.15   80.46
19:01:54 73.85   53.81   78.27   80.49
19:03:04 73.82   53.83   78.32   80.49
19:04:15 73.83   53.71   77.99   80.49
19:05:25 73.80   53.65   78.10   80.44
19:06:36 73.80   53.62   78.18   80.42
19:07:46 73.74   53.64   78.32   80.36
19:08:57 73.75   53.54   78.61   80.25
19:10:08 73.74   53.50   78.44   80.15
19:11:19 73.74   53.43   78.21   80.05
19:12:29 73.74   53.40   78.34   80.04
19:13:40 73.73   53.39   78.39   80.04
19:14:50 73.68   53.35   78.34   80.04
19:16:01 73.64   53.31   78.36   80.03
19:17:12 73.63   53.25   78.18   79.96
19:18:22 73.63   53.17   77.76   80.04
19:19:33 73.63   53.17   77.70   80.02
19:20:43 73.63   53.14   78.10   80.00
19:21:54 73.64   53.15   78.13   80.03
19:23:05 73.62   53.10   78.10   79.99
19:24:15 73.62   53.09   78.04   79.86
19:25:26 73.59   53.02   78.11   79.78
19:26:36 73.61   52.99   77.89   79.72
19:27:47 73.58   52.99   78.06   79.74
19:28:57 73.51   52.86   78.17   79.81
19:30:08 73.55   52.81   78.05   80.26
19:31:19 73.63   52.78   78.08   80.63
19:32:29 73.56   52.79   77.82   80.64
19:33:40 73.51   52.70   77.79   80.60
19:34:50 73.42   52.68   77.78   80.60
19:36:01 73.35   52.59   77.83   80.60
19:37:12 73.37   52.56   77.88   80.43
19:38:22 73.36   52.54   77.59   80.31
19:39:33 73.34   52.48   77.51   80.20
19:40:43 73.33   52.46   77.75   80.28
19:41:54 73.29   52.44   77.69   80.28
19:43:05 73.29   52.40   77.58   80.26
19:44:15 73.26   52.37   77.52   80.24
19:45:26 73.21   52.31   77.50   80.21
19:46:36 73.26   52.26   77.51   80.27
19:47:47 73.21   52.26   77.42   80.16
19:48:58 73.17   52.18   77.56   80.07
19:50:08 73.17   52.18   77.57   80.10
19:51:19 73.18   52.13   77.51   80.04
19:52:29 73.16   52.15   77.47   79.94
19:53:40 73.16   52.08   77.55   79.85
19:54:50 73.16   52.02   77.42   79.80
19:56:01 73.09   52.08   77.49   79.81
19:57:12 73.08   52.10   77.35   79.68
19:58:22 73.17   52.02   77.50   79.59
19:59:33 73.16   51.97   77.31   79.68
20:00:43 73.11   52.04   77.22   79.61
20:01:54 73.09   52.10   77.28   79.64
20:03:04 73.09   51.96   77.23   94.45
20:04:15 73.16   51.97   77.49   100.34
20:05:26 73.17   51.97   77.06   98.77
20:06:36 73.15   52.00   77.26   96.77
20:07:47 73.06   51.88   77.10   95.02
20:08:57 73.06   51.90   77.16   93.69
20:10:08 73.00   51.81   77.22   92.53
20:11:19 72.97   51.81   77.21   91.68
20:12:29 72.93   51.76   77.21   90.98
20:13:40 72.88   51.74   77.20   90.16
20:14:51 72.93   51.79   77.17   89.50
20:16:01 72.88   51.70   77.22   88.87
20:17:12 72.89   51.69   76.99   88.34
20:18:22 72.84   51.68   77.26   87.91
20:19:33 72.84   51.63   77.05   87.44
20:20:43 72.84   51.58   77.38   87.07
20:21:54 72.84   51.60   77.44   86.67
20:23:05 72.81   51.58   77.22   86.30
20:24:15 72.80   51.58   77.34   86.00
20:25:26 72.76   51.63   77.40   85.68
20:26:36 72.74   51.65   77.35   85.33
20:27:47 72.76   51.53   77.24   85.08
20:28:57 72.72   51.49   77.12   84.87
20:30:08 72.74   51.50   77.10   84.59
20:31:18 72.80   51.40   77.11   84.29
20:32:29 72.98   51.58   77.23   83.99
20:33:40 73.00   51.58   76.91   83.75
20:34:50 72.93   51.61   77.06   83.59
20:36:01 72.91   51.57   77.28   83.38
20:37:11 72.81   51.46   77.11   83.23
20:38:22 72.73   51.45   77.07   83.08
20:39:33 72.78   51.44   77.29   82.80
20:40:43 72.71   51.45   77.26   82.60
20:41:54 72.72   51.44   77.56   82.52
20:43:05 72.71   51.39   77.09   82.39
20:44:15 72.70   51.39   76.91   82.23
20:45:26 72.72   51.40   76.75   82.03
20:46:36 72.73   51.36   76.84   81.88
20:47:47 72.71   51.41   76.94   81.71
20:48:58 72.72   51.36   76.99   81.51
20:50:08 72.67   51.29   77.11   81.34
20:51:19 72.61   51.35   77.04   81.17
20:52:29 72.66   51.26   76.95   81.08
20:53:40 72.62   51.24   76.92   81.04
20:54:51 72.61   51.21   76.89   80.90
20:56:01 72.61   51.31   76.70   80.78
20:57:12 72.60   51.39   76.69   80.72
20:58:22 72.61   51.24   76.86   80.63
20:59:33 72.58   51.24   76.70   80.58
21:00:43 72.58   51.18   77.00   80.44
21:01:54 72.57   52.10   77.08   80.33
21:03:04 72.61   61.63   76.96   80.25
21:04:15 72.76   63.31   77.07   80.20
21:05:26 73.01   64.16   76.89   80.12
21:06:36 73.12   64.66   76.66   80.04
21:07:47 73.19   65.31   76.58   79.95
21:08:57 73.30   65.37   76.51   79.95
21:10:08 73.38   60.17   76.78   79.89
21:11:19 73.35   56.10   76.76   79.80
21:12:29 73.17   54.70   76.71   79.87
21:13:40 73.00   54.16   76.68   79.77
21:14:50 72.91   53.83   76.71   79.64
21:16:01 72.84   53.53   76.67   79.54
21:17:12 72.81   52.92   76.80   79.45
21:18:22 72.70   52.43   76.85   79.46
21:19:33 72.62   52.15   77.04   79.41
21:20:44 72.61   52.00   76.95   79.45
21:21:54 72.61   51.97   76.74   79.41
21:23:05 72.60   51.89   76.81   81.29
21:24:15 72.60   51.81   76.88   82.62
21:25:26 72.51   51.70   76.67   82.67
21:26:37 72.51   51.97   76.76   82.59
21:27:47 72.54   61.35   76.72   82.45
21:28:58 72.74   63.27   76.85   82.41
21:30:08 72.87   64.42   76.89   82.28
21:31:19 73.02   65.11   77.00   82.14
21:32:29 73.13   65.84   76.92   81.93
21:33:40 73.22   66.62   76.98   81.84
21:34:51 73.29   67.52   76.61   81.69
21:36:01 73.34   66.75   76.63   81.49
21:37:12 73.40   59.68   76.68   81.33
21:38:22 73.28   56.11   76.45   81.22
21:39:33 73.20   55.28   76.57   81.07
21:40:43 73.02   54.94   76.56   80.98
21:41:54 72.93   54.71   76.44   80.85
21:43:05 72.84   54.31   76.45   80.70
21:44:15 72.80   53.97   76.41   80.60
21:45:26 72.76   53.69   76.60   80.43
21:46:36 72.70   53.41   76.74   80.26
21:47:47 72.61   53.25   76.93   80.20
21:48:58 72.71   53.16   76.85   80.15
21:50:08 72.67   52.99   77.01   80.07
21:51:19 72.53   52.98   76.89   79.97
21:52:29 72.50   52.79   76.71   79.73
21:53:40 72.46   52.69   76.96   79.70
21:54:51 72.40   52.68   76.89   79.76
21:56:01 72.38   52.63   76.98   79.79
21:57:12 72.35   52.63   76.92   79.68
21:58:23 72.49   52.65   76.75   79.60
21:59:33 72.47   52.59   76.67   79.57
22:00:44 72.39   52.43   76.71   79.59
22:01:54 72.37   52.45   76.93   79.58
22:03:05 72.36   52.51   76.65   79.49
22:04:15 72.31   52.42   76.95   79.31
22:05:26 72.33   52.41   76.85   79.26
22:06:36 72.37   52.40   76.58   79.18
22:07:47 72.37   52.29   76.50   79.13
22:08:58 72.37   52.25   76.50   79.03
22:10:08 72.31   52.26   76.84   79.03
22:11:19 72.30   52.15   76.88   79.02
22:12:29 72.38   52.13   76.74   78.96
22:13:40 72.31   52.06   76.52   78.82
22:14:51 72.31   52.06   76.16   78.69
22:16:01 72.31   52.03   76.36   78.69
22:17:12 72.36   52.00   76.71   78.69
22:18:22 72.38   51.99   76.55   78.62
22:19:33 72.45   51.92   76.64   78.67
22:20:44 72.42   52.04   76.43   78.69
22:21:54 72.35   51.87   76.42   78.60
22:23:05 72.30   51.79   76.60   78.58
22:24:16 72.29   51.88   76.50   78.58
22:25:26 72.27   51.67   76.74   78.47
22:26:37 72.35   51.74   76.33   78.30
22:27:48 72.39   51.75   76.34   78.29
22:28:58 72.33   51.65   76.19   78.35
22:30:09 72.29   51.58   75.94   78.29
22:31:19 72.29   51.55   76.02   78.29
22:32:30 72.28   51.48   75.98   78.18
22:33:41 72.28   51.48   76.03   78.10
22:34:51 72.24   51.46   76.11   78.03
22:36:02 72.20   51.47   76.49   78.01
22:37:12 72.21   51.46   76.09   78.03
22:38:23 72.16   51.42   75.89   77.93
22:39:33 72.16   51.41   75.88   77.88
22:40:44 72.16   51.43   76.00   77.79
22:41:54 72.11   51.44   76.20   77.79
22:43:05 72.13   51.45   75.93   77.86
22:44:16 72.11   51.39   75.86   77.81
22:45:26 72.11   51.31   75.85   77.79
22:46:37 72.08   51.27   75.92   77.84
22:47:47 72.06   51.33   75.87   77.91
22:48:58 72.04   51.25   75.81   77.89
22:50:08 71.99   51.23   75.59   77.87
22:51:19 72.00   51.22   75.79   77.75
22:52:30 71.95   51.20   75.70   77.69
22:53:40 71.91   51.17   75.61   77.77
22:54:51 71.90   51.05   75.57   77.76
22:56:02 71.89   51.13   75.69   77.85
22:57:12 71.84   51.02   75.63   77.85
22:58:23 71.83   51.04   75.89   77.79
22:59:34 71.83   51.01   75.73   77.69
23:00:44 71.79   50.96   75.88   77.60
23:01:55 71.72   50.90   75.91   78.78
23:03:05 71.76   50.93   75.89   92.96
23:04:16 71.72   50.91   75.77   95.60
23:05:27 71.72   50.90   75.68   94.53
23:06:37 71.71   50.93   75.81   93.05
23:07:48 71.80   50.89   75.56   91.57
23:08:58 71.96   50.96   75.88   90.38
23:10:09 71.92   50.88   75.83   89.28
23:11:20 71.83   50.88   75.80   88.41
23:12:30 71.96   50.89   75.38   87.64
23:13:41 71.89   50.80   75.60   86.94
23:14:51 71.68   50.74   75.58   86.44
23:16:02 71.59   50.69   75.35   85.90
23:17:12 71.49   50.58   75.53   85.50
23:18:23 71.46   50.57   75.57   85.13
23:19:34 71.41   50.53   75.75   84.78
23:20:44 71.38   50.45   75.34   84.53
23:21:55 71.38   50.45   75.34   84.17
23:23:05 71.38   50.43   75.54   83.80
23:24:16 71.37   50.46   75.53   83.41
23:25:27 71.37   50.36   75.62   83.14
23:26:37 71.32   50.31   75.38   82.87
23:27:48 71.29   50.24   75.41   82.61
23:28:58 71.27   50.25   75.49   82.25
23:30:09 71.26   50.20   75.63   82.07
23:31:20 71.23   50.09   75.58   81.93
23:32:30 71.20   50.11   75.40   81.74
23:33:41 71.18   50.10   75.30   81.47
23:34:51 71.20   50.06   75.32   81.25
23:36:02 71.16   50.00   75.54   80.95
23:37:13 71.15   49.98   75.65   80.68
23:38:23 71.15   50.00   75.28   80.53
23:39:34 71.16   49.99   75.33   80.43
23:40:45 71.10   49.93   75.28   80.29
23:41:55 71.04   49.89   75.28   80.20
23:42:02 71.04   49.85   75.16   80.00
23:43:12 71.04   49.90   75.09   79.85
23:44:23 71.04   49.81   75.04   79.76
23:45:33 71.04   49.77   75.03   79.63
23:46:44 71.01   49.76   75.25   79.56
23:47:55 71.02   49.71   75.25   79.44
23:49:05 71.07   56.83   75.35   92.11
23:50:16 71.36   61.52   75.34   101.68
23:51:26 71.48   62.55   75.18   101.08
23:52:37 71.61   63.09   74.91   99.34
23:53:47 71.71   63.62   75.09   103.58
23:54:58 71.76   63.56   75.34   105.81
23:56:08 71.77   58.12   75.35   106.38
23:57:19 71.70   53.88   75.48   106.25
23:58:30 71.50   52.84   75.32   105.60
23:59:40 71.35   52.36   75.40   104.79
