00:01:02 71.17   62.69   74.48   81.96
00:02:13 71.29   63.27   74.88   81.84
00:03:23 71.39   63.98   74.81   81.80
00:04:33 71.49   64.87   75.04   81.60
00:05:44 71.58   62.75   74.90   81.49
00:06:54 71.60   55.41   74.93   81.45
00:08:05 71.51   52.89   74.74   81.22
00:09:15 71.33   52.35   74.71   81.13
00:10:25 71.21   51.92   74.69   81.07
00:11:36 71.08   51.40   74.46   81.03
00:12:46 71.04   51.08   74.94   80.97
00:13:56 71.00   50.86   75.00   80.89
00:15:07 70.90   50.67   74.76   80.72
00:16:17 70.83   57.37   74.70   80.57
00:17:28 70.95   62.00   74.75   80.39
00:18:38 71.12   63.33   74.81   80.25
00:19:48 71.27   64.22   74.78   80.17
00:20:59 71.37   64.95   74.97   80.11
00:22:09 71.48   65.83   74.87   80.04
00:23:19 71.55   66.85   74.82   79.92
00:24:30 71.63   67.90   75.06   79.92
00:25:40 71.70   69.10   74.74   79.99
00:26:51 71.77   70.33   74.87   80.00
00:28:01 71.88   71.41   74.92   79.98
00:29:11 71.94   64.86   75.17   79.92
00:30:22 71.89   55.79   75.05   79.90
00:31:32 71.75   53.77   74.73   79.72
00:32:43 71.55   53.40   74.99   79.59
00:33:53 71.41   53.08   75.01   79.59
00:35:03 71.31   53.87   74.82   79.58
00:36:14 71.24   62.41   75.09   79.50
00:37:24 71.31   64.77   74.93   79.57
00:38:34 71.44   65.90   75.16   79.49
00:39:45 71.55   67.54   75.23   79.33
00:40:55 71.67   69.14   75.12   79.28
00:42:06 71.71   71.12   74.96   79.33
00:43:16 71.83   72.43   74.91   79.32
00:44:26 71.91   73.11   74.91   79.37
00:45:37 72.02   73.47   74.98   79.33
00:46:47 72.07   73.70   75.02   79.42
00:47:57 72.12   73.91   74.95   79.43
00:49:08 72.18   74.01   75.20   79.36
00:50:18 72.26   74.14   75.19   79.37
00:51:29 72.28   74.28   74.97   79.36
00:52:39 72.33   74.37   75.24   79.36
00:53:49 72.39   74.47   75.13   79.36
00:55:00 72.39   74.55   75.01   79.43
00:56:10 72.40   74.64   75.00   79.47
00:57:21 72.48   74.69   75.18   79.55
00:58:31 72.50   74.75   75.22   79.70
00:59:41 72.51   74.85   75.25   79.63
01:00:52 72.51   74.86   74.98   79.73
01:02:02 72.58   74.95   75.14   79.73
01:03:12 72.61   74.97   75.05   79.59
01:04:23 72.61   75.03   75.22   79.61
01:05:33 72.62   75.05   75.21   79.75
01:06:44 72.61   75.09   75.22   79.66
01:07:54 72.63   75.14   75.14   79.67
01:09:04 72.66   75.11   75.18   79.71
01:10:15 72.71   75.09   75.44   79.81
01:11:25 72.72   75.09   75.52   79.78
01:12:35 72.73   75.10   75.22   79.87
01:13:46 72.74   75.19   75.53   79.97
01:14:56 72.75   75.20   75.59   80.03
01:16:07 72.75   75.20   75.59   80.04
01:17:17 72.83   75.21   75.56   80.03
01:18:27 72.84   75.23   75.58   80.13
01:19:38 72.84   75.28   75.77   80.16
01:20:48 72.84   75.30   75.67   80.15
01:21:59 72.85   75.31   75.62   80.21
01:23:09 72.93   75.31   75.55   80.21
01:24:19 72.95   75.31   75.68   80.15
01:25:30 72.95   75.35   75.62   80.16
01:26:40 72.95   75.41   75.83   80.22
01:27:50 72.96   75.42   75.84   80.26
01:29:01 72.98   75.47   75.63   80.27
01:30:11 72.99   75.53   75.73   80.26
01:31:22 72.97   75.50   75.91   80.23
01:32:32 73.01   75.54   75.98   80.16
01:33:42 73.02   75.65   75.85   80.21
01:34:53 73.06   75.75   75.93   80.31
01:36:03 73.06   75.76   76.05   80.43
01:37:13 73.06   75.82   76.07   80.46
01:38:24 73.06   75.88   76.00   80.38
01:39:34 73.06   75.91   76.00   80.33
01:40:45 73.06   75.96   76.04   80.26
01:41:55 73.06   75.98   76.21   80.27
01:43:05 73.09   75.99   76.14   80.34
01:44:16 73.14   76.04   76.14   80.27
01:45:26 73.17   76.04   76.28   80.42
01:46:37 73.17   76.08   76.25   80.48
01:47:47 73.17   76.07   76.21   80.49
01:48:57 73.17   76.04   76.13   80.55
01:50:08 73.19   76.10   76.03   80.59
01:51:18 73.21   76.10   76.18   80.52
01:52:28 73.26   76.10   76.34   80.41
01:53:39 73.29   76.11   76.20   80.44
01:54:49 73.29   76.10   76.22   80.49
01:56:00 73.29   76.13   76.34   80.51
01:57:10 73.29   76.17   76.40   80.53
01:58:20 73.29   76.21   76.07   80.56
01:59:31 73.29   76.21   76.17   80.60
02:00:41 73.30   76.21   76.35   80.59
02:01:52 73.30   76.21   76.18   80.50
02:03:02 73.31   76.23   76.14   80.48
02:04:12 73.29   76.25   76.16   80.58
02:05:23 73.30   76.21   76.16   80.61
02:06:33 73.32   76.21   76.15   80.61
02:07:43 73.30   76.21   76.37   80.62
02:08:54 73.30   76.22   76.27   80.62
02:10:04 73.32   76.21   76.34   80.70
02:11:15 73.29   76.21   76.36   80.65
02:12:25 73.38   76.22   76.27   80.71
02:13:35 73.36   76.22   76.48   80.78
02:14:46 73.34   76.24   76.35   80.83
02:15:56 73.33   76.26   76.48   80.83
02:17:06 73.39   76.32   76.29   80.83
02:18:17 73.39   76.33   76.31   80.85
02:19:27 73.39   76.33   76.65   80.84
02:20:38 73.40   76.33   76.74   80.83
02:21:48 73.38   76.33   76.55   80.85
02:22:58 73.40   76.38   76.57   80.91
02:24:09 73.40   76.38   76.62   80.83
02:25:19 73.40   76.41   76.68   80.84
02:26:30 73.40   76.42   76.72   80.89
02:27:40 73.40   76.30   76.61   80.85
02:28:50 73.43   76.28   76.49   80.83
02:30:01 73.46   76.33   76.57   80.83
02:31:11 73.49   76.33   76.58   80.79
02:32:21 73.50   76.33   76.85   80.83
02:33:32 73.51   76.42   76.64   80.91
02:34:42 73.51   76.44   76.76   80.94
02:35:53 73.51   76.44   76.62   80.94
02:37:03 73.51   76.44   76.46   80.83
02:38:13 73.52   76.44   76.54   80.86
02:39:24 73.53   76.44   76.80   80.95
02:40:34 73.51   76.47   76.97   80.96
02:41:45 73.53   76.51   76.87   80.93
02:42:55 73.54   76.55   76.79   81.00
02:44:05 73.57   76.54   76.65   80.94
02:45:16 73.56   76.55   76.68   81.08
02:46:26 73.56   76.54   76.83   81.16
02:47:36 73.53   76.55   76.93   81.16
02:48:47 73.62   76.57   76.79   81.19
02:49:57 73.56   76.57   76.68   81.16
02:51:08 73.62   76.61   76.84   81.16
02:52:18 73.58   76.60   76.93   81.26
02:53:28 73.60   76.61   76.84   81.28
02:54:39 73.61   76.64   77.00   81.28
02:55:49 73.61   76.65   76.95   81.34
02:56:59 73.63   76.66   76.99   81.38
02:58:10 73.63   76.66   76.93   81.35
02:59:20 73.65   76.66   77.03   81.24
03:00:31 73.63   76.66   77.04   81.32
03:01:41 73.65   76.66   77.15   81.39
03:02:51 73.69   76.66   76.90   81.39
03:04:02 73.71   76.67   77.01   81.38
03:05:12 73.73   76.72   76.99   81.35
03:06:22 73.72   76.75   77.05   81.40
03:07:33 73.74   76.76   77.06   81.35
03:08:43 73.74   76.78   76.99   81.30
03:09:53 73.74   76.78   76.94   81.39
03:11:04 73.75   76.78   76.97   81.42
03:12:14 73.78   76.78   76.95   81.50
03:13:25 73.78   76.80   77.05   81.50
03:14:35 73.74   76.79   77.15   81.50
03:15:45 73.79   76.83   77.23   81.49
03:16:56 73.78   76.87   76.94   81.40
03:18:06 73.77   76.85   77.09   81.49
03:19:16 73.80   76.84   76.96   81.61
03:20:27 73.81   76.87   76.71   81.60
03:21:37 73.77   76.87   76.97   81.55
03:22:48 73.78   76.89   77.04   81.59
03:23:58 73.81   76.89   77.15   81.56
03:25:08 73.81   76.89   77.03   81.60
03:26:19 73.83   76.89   77.01   81.61
03:27:29 73.85   76.89   77.24   81.54
03:28:40 73.84   76.89   77.21   81.50
